Mplus VERSION 7 (Mac)
MUTHEN & MUTHEN
10/27/2017   3:51 PM

INPUT INSTRUCTIONS


  title: PxVx Bivariate LCM-SR-Uncons - Nat Linear BFA_NW with Linear BFA_MT;
  data: file = /Users/johnflournoy/code/lnt_pxvx/Data/LT_227.txt;


  variable:
  names =
  subjid
  Sample
  aGENDER
  aAGE
  aethnic1
  aethnic2
  aedu_mom
  aedu_dad
  aEDUCATN
  bEDUCATN
  cEDUCATN
  aEMPLOYD
  bEMPLOYD
  cEMPLOYD
  dEMPLOYD
  aINCOME
  bINCOME
  cINCOME
  dINCOME
  aS_SCALE
  bS_SCALE
  cS_SCALE
  dS_SCALE
  aD_SCALE
  bD_SCALE
  cD_SCALE
  dD_SCALE
  aS_COMP
  bS_COMP
  cS_COMP
  dS_COMP
  aD_COMP
  bD_COMP
  cD_COMP
  dD_COMP
  aBFI_A
  aBFI_A6
  aBFI_C
  aBFI_E
  aBFI_HP
  aBFI_N
  aBFI_O
  bBFI_A
  bBFI_A6
  bBFI_C
  bBFI_E
  bBFI_HP
  bBFI_N
  bBFI_O
  cBFI_A
  cBFI_A6
  cBFI_C
  cBFI_E
  cBFI_HP
  cBFI_N
  cBFI_O
  dBFI_A
  dBFI_A6
  dBFI_C
  dBFI_E
  dBFI_HP
  dBFI_N
  dBFI_O
  aBFA_AC
  aBFA_AP
  aBFA_CI
  aBFA_CO
  aBFA_EA
  aBFA_EE
  aBFA_N9
  aBFA_NV
  aBFA_NW
  aBFA_OI
  aBFA_OO
  aBFA_PS
  aBFA_MT
  bBFA_AC
  bBFA_AP
  bBFA_CI
  bBFA_CO
  bBFA_EA
  bBFA_EE
  bBFA_N9
  bBFA_NV
  bBFA_NW
  bBFA_OI
  bBFA_OO
  bBFA_MT
  bBFA_PS
  cBFA_AC
  cBFA_AP
  cBFA_CI
  cBFA_CO
  cBFA_EA
  cBFA_EE
  cBFA_N9
  cBFA_NV
  cBFA_NW
  cBFA_OI
  cBFA_OO
  cBFA_MT
  cBFA_PS
  dBFA_AC
  dBFA_AP
  dBFA_CI
  dBFA_CO
  dBFA_EA
  dBFA_EE
  dBFA_N9
  dBFA_NV
  dBFA_NW
  dBFA_OI
  dBFA_OO
  dBFA_MT
  dBFA_PS
  aUSI
  bUSI
  cUSI
  dUSI
  aHRZ_IND
  bHRZ_IND
  cHRZ_IND
  dHRZ_IND
  aVRT_IND
  bVRT_IND
  cVRT_IND
  dVRT_IND
  aHRZ_COL
  bHRZ_COL
  cHRZ_COL
  dHRZ_COL
  aVRT_COL
  bVRT_COL
  cVRT_COL
  dVRT_COL
  aCOLLCTV
  bCOLLCTV
  cCOLLCTV
  dCOLLCTV
  aMVS
  bMVS
  cMVS
  dMVS
  aST
  bST
  cST
  dST
  aSD
  bSD
  cSD
  dSD
  aMVS_mc
  bMVS_mc
  cMVS_mc
  dMVS_mc
  aST_mc
  bST_mc
  cST_mc
  dST_mc
  aSD_mc
  bSD_mc
  cSD_mc
  dSD_mc
  bMEANING
  cMEANING
  dMEANING
  bMEAN_L
  cMEAN_L
  dMEAN_L
  bMEANNGc
  cMEANNGc
  dMEANNGc
  bMEANGlc
  cMEANGlc
  dMEANGlc
  bCLASSIC
  cCLASSIC
  dCLASSIC
  bCLASSCc
  cCLASSCc
  dCLASSCc
  bAGR_VAL
  cAGR_VAL
  dAGR_VAL
  bOPN_VAL
  cOPN_VAL
  dOPN_VAL
  bAGR_VLc
  cAGR_VLc
  dAGR_VLc
  bOPNVALc
  cOPNVALc
  dOPNVALc
  aMV_pomp
  bMV_pomp
  cMV_pomp
  dMV_pomp
  aST_pomp
  bST_pomp
  cST_pomp
  dST_pomp
  aSD_pomp
  bSD_pomp
  cSD_pomp
  dSD_pomp
  agoal_ec
  bgoal_ec
  cgoal_ec
  dgoal_ec
  aAspfinc
  bAspfinc
  cAspfinc
  dAspfinc
  abfi_hp8
  bbfi_hp8
  cbfi_hp8
  dbfi_hp8
  aP_S_BFI
  aP_D_BFI
  aECgoalc
  bECgoalC
  cECgoalC
  dECgoalC
  aaspfin
  baspfin
  caspfin
  daspfin
  aMVI_POMP
  bMVI_POMP
  cMVI_POMP
  dMVI_POMP;


  USEVARIABLES =
  aBFA_NW
  bBFA_NW
  cBFA_NW
  dBFA_NW
  aBFA_MT
  bBFA_MT
  cBFA_MT
  dBFA_MT
  a1
  a2
  a3
  a4
  ;

  missing = all (-9999);

  USEOBSERVATIONS are Sample == 1; ! National Sample

  tscores = a1 a2 a3 a4;

  DEFINE:
  a1 = aAGE + 0 - 36;
  a2 = aAGE + 1 - 36;
  a3 = aAGE + 2 - 36;
  a4 = aAGE + 3 - 36;

  ANALYSIS:
  TYPE=RANDOM;
  PROCESSORS = 4;
  model=nocovariances; ! supresses default estimation of certain covs in model;

  MODEL:

  i_BFA_NW s_BFA_NW | aBFA_NW bBFA_NW cBFA_NW dBFA_NW AT a1 a2 a3 a4;
  i_BFA_MT s_BFA_MT | aBFA_MT bBFA_MT cBFA_MT dBFA_MT AT a1 a2 a3 a4;

  ! freeing factor covs because of "nocovariances"
  s_BFA_NW WITH i_BFA_NW s_BFA_MT i_BFA_MT;
  i_BFA_NW WITH s_BFA_MT i_BFA_MT;
  s_BFA_MT WITH i_BFA_MT;

  p1 BY aBFA_NW@1; ! Residual "factors";
  p2 BY bBFA_NW@1;
  p3 BY cBFA_NW@1;
  p4 BY dBFA_NW@1;

  v1 BY aBFA_MT@1; ! Residual "factors";
  v2 BY bBFA_MT@1;
  v3 BY cBFA_MT@1;
  v4 BY dBFA_MT@1;

  !residual variances on observed/manifest vars set to 0
  aBFA_NW@0;
  bBFA_NW@0;
  cBFA_NW@0;
  dBFA_NW@0;

  !residual variances on observed/manifest vars set to 0
  aBFA_MT@0;
  bBFA_MT@0;
  cBFA_MT@0;
  dBFA_MT@0;

  ! means of observed/manifest vars set to 0
  [aBFA_NW@0];
  [bBFA_NW@0];
  [cBFA_NW@0];
  [dBFA_NW@0];

  ! means of observed/manifest vars set to 0
  [aBFA_MT@0];
  [bBFA_MT@0];
  [cBFA_MT@0];
  [dBFA_MT@0];

  [p1@0]; ! means of residual "factors" set to 0
  [p2@0];
  [p3@0];
  [p4@0];

  [v1@0]; ! means of residual "factors" set to 0
  [v2@0];
  [v3@0];
  [v4@0];

  p4 on p3;
  p3 on p2;
  p2 on p1;

  v4 on v3;
  v3 on v2;
  v2 on v1;

  p4 on v3;
  p3 on v2;
  p2 on v1;

  v4 on p3;
  v3 on p2;
  v2 on p1;

  p1 with v1;

  p2 with v2;
  p3 with v3;
  p4 with v4;

  p2 p3 p4; ! estimate variances of residual "factors"
  v2 v3 v4; ! estimate variances of residual "factors"

  OUTPUT: SAMPSTAT PATTERNS;



*** WARNING
  Variable name contains more than 8 characters.
  Only the first 8 characters will be printed in the output.
  Variable: AMVI_POMP
*** WARNING
  Variable name contains more than 8 characters.
  Only the first 8 characters will be printed in the output.
  Variable: BMVI_POMP
*** WARNING
  Variable name contains more than 8 characters.
  Only the first 8 characters will be printed in the output.
  Variable: CMVI_POMP
*** WARNING
  Variable name contains more than 8 characters.
  Only the first 8 characters will be printed in the output.
  Variable: DMVI_POMP
*** WARNING
  Data set contains cases with missing on time scores but non-missing on the
  corresponding dependent variables.  These cases were not included in the analysis.
  Number of such cases:  16
   5 WARNING(S) FOUND IN THE INPUT INSTRUCTIONS



PxVx Bivariate LCM-SR-Uncons - Nat Linear BFA_NW with Linear BFA_MT;

SUMMARY OF ANALYSIS

Number of groups                                                 1
Number of observations                                         863

Number of dependent variables                                    8
Number of independent variables                                  0
Number of continuous latent variables                           12

Observed dependent variables

  Continuous
   ABFA_NW     BBFA_NW     CBFA_NW     DBFA_NW     ABFA_MT     BBFA_MT
   CBFA_MT     DBFA_MT

Continuous latent variables
   P1          P2          P3          P4          V1          V2
   V3          V4          I_BFA_NW    S_BFA_NW    I_BFA_MT    S_BFA_MT

Variables with special functions

  Time scores
   A1          A2          A3          A4


Estimator                                                      MLR
Information matrix                                        OBSERVED
Maximum number of iterations                                   100
Convergence criterion                                    0.100D-05
Maximum number of EM iterations                                500
Convergence criteria for the EM algorithm
  Loglikelihood change                                   0.100D-02
  Relative loglikelihood change                          0.100D-05
  Derivative                                             0.100D-03
Minimum variance                                         0.100D-03
Maximum number of steepest descent iterations                   20
Maximum number of iterations for H1                           2000
Convergence criterion for H1                             0.100D-03
Optimization algorithm                                         EMA

Input data file(s)
  /Users/johnflournoy/code/lnt_pxvx/Data/LT_227.txt
Input data format  FREE


SUMMARY OF DATA

     Number of missing data patterns            10


SUMMARY OF MISSING DATA PATTERNS


     MISSING DATA PATTERNS (x = not missing)

           1  2  3  4  5  6  7  8  9 10
 ABFA_NW   x  x  x  x  x  x  x  x
 BBFA_NW   x     x  x        x     x
 CBFA_NW   x           x     x  x  x  x
 DBFA_NW   x     x     x  x        x  x
 ABFA_MT   x  x  x  x  x  x  x  x
 BBFA_MT   x     x  x        x     x
 CBFA_MT   x           x     x  x  x  x
 DBFA_MT   x     x     x  x        x  x


     MISSING DATA PATTERN FREQUENCIES

    Pattern   Frequency     Pattern   Frequency     Pattern   Frequency
          1         491           5          22           9           5
          2         170           6          25          10           1
          3          27           7          47
          4          52           8          23


COVARIANCE COVERAGE OF DATA

Minimum covariance coverage value   0.100


     PROPORTION OF DATA PRESENT


           Covariance Coverage
              ABFA_NW       BBFA_NW       CBFA_NW       DBFA_NW       ABFA_MT
              ________      ________      ________      ________      ________
 ABFA_NW        0.993
 BBFA_NW        0.715         0.721
 CBFA_NW        0.676         0.629         0.683
 DBFA_NW        0.655         0.606         0.601         0.662
 ABFA_MT        0.993         0.715         0.676         0.655         0.993
 BBFA_MT        0.715         0.721         0.629         0.606         0.715
 CBFA_MT        0.676         0.629         0.683         0.601         0.676
 DBFA_MT        0.655         0.606         0.601         0.662         0.655


           Covariance Coverage
              BBFA_MT       CBFA_MT       DBFA_MT
              ________      ________      ________
 BBFA_MT        0.721
 CBFA_MT        0.629         0.683
 DBFA_MT        0.606         0.601         0.662


SAMPLE STATISTICS


     ESTIMATED SAMPLE STATISTICS


           Means
              ABFA_NW       BBFA_NW       CBFA_NW       DBFA_NW       ABFA_MT
              ________      ________      ________      ________      ________
 1             45.961        46.056        46.237        45.853        48.529


           Means
              BBFA_MT       CBFA_MT       DBFA_MT
              ________      ________      ________
 1             48.245        47.849        47.652


           Covariances
              ABFA_NW       BBFA_NW       CBFA_NW       DBFA_NW       ABFA_MT
              ________      ________      ________      ________      ________
 ABFA_NW      431.898
 BBFA_NW      346.872       412.563
 CBFA_NW      335.385       350.502       432.609
 DBFA_NW      346.754       357.255       378.891       446.040
 ABFA_MT       99.661        85.188        85.276        91.937       237.632
 BBFA_MT       94.831       107.338        98.513       105.708       187.820
 CBFA_MT       87.050        89.263       101.499       105.336       184.709
 DBFA_MT       86.415        89.003        92.501       112.794       182.319


           Covariances
              BBFA_MT       CBFA_MT       DBFA_MT
              ________      ________      ________
 BBFA_MT      235.282
 CBFA_MT      195.126       241.917
 DBFA_MT      192.648       204.456       252.649


           Correlations
              ABFA_NW       BBFA_NW       CBFA_NW       DBFA_NW       ABFA_MT
              ________      ________      ________      ________      ________
 ABFA_NW        1.000
 BBFA_NW        0.822         1.000
 CBFA_NW        0.776         0.830         1.000
 DBFA_NW        0.790         0.833         0.863         1.000
 ABFA_MT        0.311         0.272         0.266         0.282         1.000
 BBFA_MT        0.297         0.345         0.309         0.326         0.794
 CBFA_MT        0.269         0.283         0.314         0.321         0.770
 DBFA_MT        0.262         0.276         0.280         0.336         0.744


           Correlations
              BBFA_MT       CBFA_MT       DBFA_MT
              ________      ________      ________
 BBFA_MT        1.000
 CBFA_MT        0.818         1.000
 DBFA_MT        0.790         0.827         1.000


     MAXIMUM LOG-LIKELIHOOD VALUE FOR THE UNRESTRICTED (H1) MODEL IS -20458.423


THE MODEL ESTIMATION TERMINATED NORMALLY



MODEL FIT INFORMATION

Number of Free Parameters                       38

Loglikelihood

          H0 Value                      -20442.792
          H0 Scaling Correction Factor      1.1794
            for MLR

Information Criteria

          Akaike (AIC)                   40961.584
          Bayesian (BIC)                 41142.480
          Sample-Size Adjusted BIC       41021.802
            (n* = (n + 2) / 24)



MODEL RESULTS

                                                    Two-Tailed
                    Estimate       S.E.  Est./S.E.    P-Value

 P1       BY
    ABFA_NW            1.000      0.000    999.000    999.000

 P2       BY
    BBFA_NW            1.000      0.000    999.000    999.000

 P3       BY
    CBFA_NW            1.000      0.000    999.000    999.000

 P4       BY
    DBFA_NW            1.000      0.000    999.000    999.000

 V1       BY
    ABFA_MT            1.000      0.000    999.000    999.000

 V2       BY
    BBFA_MT            1.000      0.000    999.000    999.000

 V3       BY
    CBFA_MT            1.000      0.000    999.000    999.000

 V4       BY
    DBFA_MT            1.000      0.000    999.000    999.000

 P4         ON
    P3                 0.338      0.075      4.507      0.000
    V3                 0.115      0.086      1.337      0.181

 P3         ON
    P2                 0.119      0.132      0.903      0.366
    V2                 0.071      0.146      0.484      0.629

 P2         ON
    P1                 0.011      0.094      0.117      0.907
    V1                -0.089      0.127     -0.700      0.484

 V4         ON
    V3                 0.353      0.083      4.256      0.000
    P3                 0.015      0.053      0.286      0.775

 V3         ON
    V2                 0.136      0.128      1.056      0.291
    P2                -0.025      0.098     -0.261      0.794

 V2         ON
    V1                -0.046      0.111     -0.411      0.681
    P1                -0.009      0.069     -0.136      0.892

 S_BFA_NW WITH
    I_BFA_NW          -1.225      0.912     -1.343      0.179
    S_BFA_MT           0.052      0.099      0.529      0.597
    I_BFA_MT           0.440      1.919      0.229      0.819

 I_BFA_NW WITH
    S_BFA_MT          -1.241      2.028     -0.612      0.541
    I_BFA_MT          77.833     13.334      5.837      0.000

 S_BFA_MT WITH
    I_BFA_MT          -0.979      0.556     -1.760      0.078

 P1       WITH
    V1                11.657      6.832      1.706      0.088

 P2       WITH
    V2                 9.308      7.490      1.243      0.214

 P3       WITH
    V3                14.528      6.161      2.358      0.018

 P4       WITH
    V4                15.484      3.924      3.946      0.000

 Means
    P1                 0.000      0.000    999.000    999.000
    V1                 0.000      0.000    999.000    999.000
    I_BFA_NW          46.253      0.666     69.446      0.000
    S_BFA_NW          -0.280      0.060     -4.645      0.000
    I_BFA_MT          48.447      0.494     98.120      0.000
    S_BFA_MT          -0.243      0.043     -5.597      0.000

 Intercepts
    ABFA_NW            0.000      0.000    999.000    999.000
    BBFA_NW            0.000      0.000    999.000    999.000
    CBFA_NW            0.000      0.000    999.000    999.000
    DBFA_NW            0.000      0.000    999.000    999.000
    ABFA_MT            0.000      0.000    999.000    999.000
    BBFA_MT            0.000      0.000    999.000    999.000
    CBFA_MT            0.000      0.000    999.000    999.000
    DBFA_MT            0.000      0.000    999.000    999.000
    P2                 0.000      0.000    999.000    999.000
    P3                 0.000      0.000    999.000    999.000
    P4                 0.000      0.000    999.000    999.000
    V2                 0.000      0.000    999.000    999.000
    V3                 0.000      0.000    999.000    999.000
    V4                 0.000      0.000    999.000    999.000

 Variances
    P1                90.995     11.262      8.080      0.000
    V1                52.278      6.982      7.488      0.000
    I_BFA_NW         316.165     22.600     13.990      0.000
    S_BFA_NW           0.190      0.164      1.156      0.248
    I_BFA_MT         176.493     13.490     13.083      0.000
    S_BFA_MT           0.064      0.092      0.695      0.487

 Residual Variances
    ABFA_NW            0.000      0.000    999.000    999.000
    BBFA_NW            0.000      0.000    999.000    999.000
    CBFA_NW            0.000      0.000    999.000    999.000
    DBFA_NW            0.000      0.000    999.000    999.000
    ABFA_MT            0.000      0.000    999.000    999.000
    BBFA_MT            0.000      0.000    999.000    999.000
    CBFA_MT            0.000      0.000    999.000    999.000
    DBFA_MT            0.000      0.000    999.000    999.000
    P2                59.346     10.852      5.469      0.000
    P3                98.652     11.739      8.404      0.000
    P4                78.453      6.027     13.016      0.000
    V2                39.904      8.598      4.641      0.000
    V3                56.314      5.959      9.450      0.000
    V4                62.255      5.830     10.678      0.000


QUALITY OF NUMERICAL RESULTS

     Condition Number for the Information Matrix              0.446E-04
       (ratio of smallest to largest eigenvalue)


     Beginning Time:  15:51:01
        Ending Time:  15:51:14
       Elapsed Time:  00:00:13



MUTHEN & MUTHEN
3463 Stoner Ave.
Los Angeles, CA  90066

Tel: (310) 391-9971
Fax: (310) 391-8971
Web: www.StatModel.com
Support: Support@StatModel.com

Copyright (c) 1998-2012 Muthen & Muthen
