Mplus VERSION 6.12
MUTHEN & MUTHEN
03/21/2016  12:57 PM

INPUT INSTRUCTIONS


  title: PxVx Univariate - Nat MeanOnly BFA_OI with Lin VRT_IND;
  data: file = E:\Projects\lnt_pxvx\Data\LT_227.txt;


  variable:
  names =
  subjid
  Sample
  aGENDER
  aAGE
  aethnic1
  aethnic2
  aedu_mom
  aedu_dad
  aEDUCATN
  bEDUCATN
  cEDUCATN
  aEMPLOYD
  bEMPLOYD
  cEMPLOYD
  dEMPLOYD
  aINCOME
  bINCOME
  cINCOME
  dINCOME
  aS_SCALE
  bS_SCALE
  cS_SCALE
  dS_SCALE
  aD_SCALE
  bD_SCALE
  cD_SCALE
  dD_SCALE
  aS_COMP
  bS_COMP
  cS_COMP
  dS_COMP
  aD_COMP
  bD_COMP
  cD_COMP
  dD_COMP
  aBFI_A
  aBFI_A6
  aBFI_C
  aBFI_E
  aBFI_HP
  aBFI_N
  aBFI_O
  bBFI_A
  bBFI_A6
  bBFI_C
  bBFI_E
  bBFI_HP
  bBFI_N
  bBFI_O
  cBFI_A
  cBFI_A6
  cBFI_C
  cBFI_E
  cBFI_HP
  cBFI_N
  cBFI_O
  dBFI_A
  dBFI_A6
  dBFI_C
  dBFI_E
  dBFI_HP
  dBFI_N
  dBFI_O
  aBFA_AC
  aBFA_AP
  aBFA_CI
  aBFA_CO
  aBFA_EA
  aBFA_EE
  aBFA_N9
  aBFA_NV
  aBFA_NW
  aBFA_OI
  aBFA_OO
  aBFA_PS
  aBFA_MT
  bBFA_AC
  bBFA_AP
  bBFA_CI
  bBFA_CO
  bBFA_EA
  bBFA_EE
  bBFA_N9
  bBFA_NV
  bBFA_NW
  bBFA_OI
  bBFA_OO
  bBFA_MT
  bBFA_PS
  cBFA_AC
  cBFA_AP
  cBFA_CI
  cBFA_CO
  cBFA_EA
  cBFA_EE
  cBFA_N9
  cBFA_NV
  cBFA_NW
  cBFA_OI
  cBFA_OO
  cBFA_MT
  cBFA_PS
  dBFA_AC
  dBFA_AP
  dBFA_CI
  dBFA_CO
  dBFA_EA
  dBFA_EE
  dBFA_N9
  dBFA_NV
  dBFA_NW
  dBFA_OI
  dBFA_OO
  dBFA_MT
  dBFA_PS
  aUSI
  bUSI
  cUSI
  dUSI
  aHRZ_IND
  bHRZ_IND
  cHRZ_IND
  dHRZ_IND
  aVRT_IND
  bVRT_IND
  cVRT_IND
  dVRT_IND
  aHRZ_COL
  bHRZ_COL
  cHRZ_COL
  dHRZ_COL
  aVRT_COL
  bVRT_COL
  cVRT_COL
  dVRT_COL
  aCOLLCTV
  bCOLLCTV
  cCOLLCTV
  dCOLLCTV
  aMVS
  bMVS
  cMVS
  dMVS
  aST
  bST
  cST
  dST
  aSD
  bSD
  cSD
  dSD
  aMVS_mc
  bMVS_mc
  cMVS_mc
  dMVS_mc
  aST_mc
  bST_mc
  cST_mc
  dST_mc
  aSD_mc
  bSD_mc
  cSD_mc
  dSD_mc
  bMEANING
  cMEANING
  dMEANING
  bMEAN_L
  cMEAN_L
  dMEAN_L
  bMEANNGc
  cMEANNGc
  dMEANNGc
  bMEANGlc
  cMEANGlc
  dMEANGlc
  bCLASSIC
  cCLASSIC
  dCLASSIC
  bCLASSCc
  cCLASSCc
  dCLASSCc
  bAGR_VAL
  cAGR_VAL
  dAGR_VAL
  bOPN_VAL
  cOPN_VAL
  dOPN_VAL
  bAGR_VLc
  cAGR_VLc
  dAGR_VLc
  bOPNVALc
  cOPNVALc
  dOPNVALc
  aMV_pomp
  bMV_pomp
  cMV_pomp
  dMV_pomp
  aST_pomp
  bST_pomp
  cST_pomp
  dST_pomp
  aSD_pomp
  bSD_pomp
  cSD_pomp
  dSD_pomp
  agoal_ec
  bgoal_ec
  cgoal_ec
  dgoal_ec
  aAspfinc
  bAspfinc
  cAspfinc
  dAspfinc
  abfi_hp8
  bbfi_hp8
  cbfi_hp8
  dbfi_hp8
  aP_S_BFI
  aP_D_BFI
  aECgoalc
  bECgoalC
  cECgoalC
  dECgoalC
  aaspfin
  baspfin
  caspfin
  daspfin
  aMVI_POMP
  bMVI_POMP
  cMVI_POMP
  dMVI_POMP;


  USEVARIABLES =
  aBFA_OI
  bBFA_OI
  cBFA_OI
  dBFA_OI
  aVRT_IND
  bVRT_IND
  cVRT_IND
  dVRT_IND
  bage_c
  cage_c
  dage_c
  ;

  missing = all (-9999);

  USEOBSERVATIONS are Sample == 1; ! National Sample

  tscores = bage_c cage_c dage_c;

  DEFINE:
  bage_c = aAGE + 1 - 36;
  cage_c = aAGE + 2 - 36;
  dage_c = aAGE + 3 - 36;

  ANALYSIS:
  TYPE=RANDOM;
  PROCESSORS = 8;

  MODEL:

  i_BFA_OI s_BFA_OI | bBFA_OI cBFA_OI dBFA_OI AT bage_c cage_c dage_c;
  i_VRT_IND s_VRT_IND | bVRT_IND cVRT_IND dVRT_IND AT bage_c cage_c dage_c;


  !After Bollen and Curran initial observation is not part of LGM

  dBFA_OI on cBFA_OI (a); ! Autoregressive paths constrained to equality
  cBFA_OI on bBFA_OI (a);
  bBFA_OI on aBFA_OI (a);

  dVRT_IND on cVRT_IND (b); ! Autoregressive paths constrained to equality
  cVRT_IND on bVRT_IND (b);
  bVRT_IND on aVRT_IND (b);

  bBFA_OI cBFA_OI dBFA_OI (c); !Equality constraint on residuals
  bVRT_IND cVRT_IND dVRT_IND (d); !Equality constraint on residuals

  dVRT_IND on cBFA_OI (x); ! Cross-lagged paths constrained to equality
  cVRT_IND on bBFA_OI (x);
  bVRT_IND on aBFA_OI (x);

  dBFA_OI on cVRT_IND (y); ! Cross-lagged paths constrained to equality
  cBFA_OI on bVRT_IND (y);
  bBFA_OI on aVRT_IND (y);

  dVRT_IND with dBFA_OI (w); ! within-wave correlations constrained to equality
  cVRT_IND with cBFA_OI (w);
  bVRT_IND with bBFA_OI (w);

  aBFA_OI aVRT_IND i_BFA_OI i_VRT_IND
  s_VRT_IND
  with
  s_VRT_IND
  aBFA_OI aVRT_IND i_BFA_OI i_VRT_IND;

  s_BFA_OI@0;


  OUTPUT: SAMPSTAT PATTERNS;



*** WARNING
  Variable name contains more than 8 characters.
  Only the first 8 characters will be printed in the output.
  Variable: AMVI_POMP
*** WARNING
  Variable name contains more than 8 characters.
  Only the first 8 characters will be printed in the output.
  Variable: BMVI_POMP
*** WARNING
  Variable name contains more than 8 characters.
  Only the first 8 characters will be printed in the output.
  Variable: CMVI_POMP
*** WARNING
  Variable name contains more than 8 characters.
  Only the first 8 characters will be printed in the output.
  Variable: DMVI_POMP
*** WARNING
  Variable name contains more than 8 characters.
  Only the first 8 characters will be printed in the output.
  Variable: I_VRT_IND
*** WARNING
  Variable name contains more than 8 characters.
  Only the first 8 characters will be printed in the output.
  Variable: S_VRT_IND
*** WARNING in MODEL command
  All continuous latent variable covariances involving S_BFA_OI have been fixed to 0
  because the variance of S_BFA_OI is fixed at 0.
*** WARNING
  Data set contains cases with missing on time scores but non-missing on the
  corresponding dependent variables.  These cases were not included in the analysis.
  Number of such cases:  16
   8 WARNING(S) FOUND IN THE INPUT INSTRUCTIONS



PxVx Univariate - Nat MeanOnly BFA_OI with Lin VRT_IND;

SUMMARY OF ANALYSIS

Number of groups                                                 1
Number of observations                                         863

Number of dependent variables                                    6
Number of independent variables                                  2
Number of continuous latent variables                            4

Observed dependent variables

  Continuous
   BBFA_OI     CBFA_OI     DBFA_OI     BVRT_IND    CVRT_IND    DVRT_IND

Observed independent variables
   ABFA_OI     AVRT_IND

Continuous latent variables
   I_BFA_OI    S_BFA_OI    I_VRT_IN    S_VRT_IN

Variables with special functions

  Time scores
   BAGE_C      CAGE_C      DAGE_C


Estimator                                                      MLR
Information matrix                                        OBSERVED
Maximum number of iterations                                   100
Convergence criterion                                    0.100D-05
Maximum number of EM iterations                                500
Convergence criteria for the EM algorithm
  Loglikelihood change                                   0.100D-02
  Relative loglikelihood change                          0.100D-05
  Derivative                                             0.100D-03
Minimum variance                                         0.100D-03
Maximum number of steepest descent iterations                   20
Maximum number of iterations for H1                           2000
Convergence criterion for H1                             0.100D-03
Optimization algorithm                                         EMA

Input data file(s)
  E:\Projects\lnt_pxvx\Data\LT_227.txt
Input data format  FREE


SUMMARY OF DATA

     Number of missing data patterns            20


SUMMARY OF MISSING DATA PATTERNS


     MISSING DATA PATTERNS (x = not missing)

           1  2  3  4  5  6  7  8  9 10 11 12 13 14 15 16 17 18 19 20
 BBFA_OI   x     x  x     x     x     x  x  x  x  x     x     x
 CBFA_OI   x           x  x     x  x     x  x  x  x        x  x     x
 DBFA_OI   x     x     x  x  x              x  x  x     x        x  x
 BVRT_IND  x     x  x     x     x        x     x  x           x
 CVRT_IND  x           x        x  x        x  x  x           x     x
 DVRT_IND  x     x     x  x  x              x  x  x     x     x     x
 ABFA_OI   x  x  x  x  x  x  x  x  x  x  x  x        x  x  x  x  x
 AVRT_IND  x  x  x  x  x  x  x  x  x  x  x  x  x        x  x  x  x


     MISSING DATA PATTERN FREQUENCIES

    Pattern   Frequency     Pattern   Frequency     Pattern   Frequency
          1         487           8          45          15           1
          2         169           9          22          16           1
          3          26          10           4          17           1
          4          48          11           1          18           1
          5          21          12           3          19           1
          6           2          13           2          20           1
          7          24          14           3


COVARIANCE COVERAGE OF DATA

Minimum covariance coverage value   0.100


     PROPORTION OF DATA PRESENT


           Covariance Coverage
              BBFA_OI       CBFA_OI       DBFA_OI       BVRT_IND      CVRT_IND
              ________      ________      ________      ________      ________
 BBFA_OI        0.722
 CBFA_OI        0.630         0.683
 DBFA_OI        0.607         0.601         0.662
 BVRT_IND       0.713         0.627         0.603         0.713
 CVRT_IND       0.627         0.678         0.599         0.623         0.678
 DVRT_IND       0.608         0.603         0.660         0.604         0.600
 ABFA_OI        0.716         0.676         0.655         0.707         0.671
 AVRT_IND       0.718         0.678         0.657         0.709         0.673


           Covariance Coverage
              DVRT_IND      ABFA_OI       AVRT_IND
              ________      ________      ________
 DVRT_IND       0.662
 ABFA_OI        0.655         0.993
 AVRT_IND       0.657         0.992         0.994


SAMPLE STATISTICS


     ESTIMATED SAMPLE STATISTICS


           Means
              BBFA_OI       CBFA_OI       DBFA_OI       BVRT_IND      CVRT_IND
              ________      ________      ________      ________      ________
 1             75.101        74.605        74.852        47.234        46.369


           Means
              DVRT_IND      ABFA_OI       AVRT_IND
              ________      ________      ________
 1             46.295        75.474        47.166


           Covariances
              BBFA_OI       CBFA_OI       DBFA_OI       BVRT_IND      CVRT_IND
              ________      ________      ________      ________      ________
 BBFA_OI      239.713
 CBFA_OI      207.899       267.392
 DBFA_OI      198.039       218.999       260.348
 BVRT_IND     -33.681       -31.648       -17.437       355.406
 CVRT_IND     -23.703       -19.523       -17.405       262.908       383.621
 DVRT_IND      -8.360         1.542        -2.478       261.140       280.055
 ABFA_OI      202.398       205.671       202.450       -34.759       -16.704
 AVRT_IND     -19.240        -4.967        -7.571       246.218       244.684


           Covariances
              DVRT_IND      ABFA_OI       AVRT_IND
              ________      ________      ________
 DVRT_IND     376.749
 ABFA_OI       -0.676       255.804
 AVRT_IND     241.423        -9.444       371.706


           Correlations
              BBFA_OI       CBFA_OI       DBFA_OI       BVRT_IND      CVRT_IND
              ________      ________      ________      ________      ________
 BBFA_OI        1.000
 CBFA_OI        0.821         1.000
 DBFA_OI        0.793         0.830         1.000
 BVRT_IND      -0.115        -0.103        -0.057         1.000
 CVRT_IND      -0.078        -0.061        -0.055         0.712         1.000
 DVRT_IND      -0.028         0.005        -0.008         0.714         0.737
 ABFA_OI        0.817         0.786         0.784        -0.115        -0.053
 AVRT_IND      -0.064        -0.016        -0.024         0.677         0.648


           Correlations
              DVRT_IND      ABFA_OI       AVRT_IND
              ________      ________      ________
 DVRT_IND       1.000
 ABFA_OI       -0.002         1.000
 AVRT_IND       0.645        -0.031         1.000


     MAXIMUM LOG-LIKELIHOOD VALUE FOR THE UNRESTRICTED (H1) MODEL IS -20775.679


THE MODEL ESTIMATION TERMINATED NORMALLY



MODEL FIT INFORMATION

Number of Free Parameters                       28

Loglikelihood

          H0 Value                      -20773.273
          H0 Scaling Correction Factor       1.238
            for MLR

Information Criteria

          Akaike (AIC)                   41602.546
          Bayesian (BIC)                 41735.838
          Sample-Size Adjusted BIC       41646.917
            (n* = (n + 2) / 24)



MODEL RESULTS

                                                    Two-Tailed
                    Estimate       S.E.  Est./S.E.    P-Value

 DBFA_OI    ON
    CBFA_OI            0.186      0.049      3.776      0.000
    CVRT_IND          -0.071      0.030     -2.367      0.018

 CBFA_OI    ON
    BBFA_OI            0.186      0.049      3.776      0.000
    BVRT_IND          -0.071      0.030     -2.367      0.018

 BBFA_OI    ON
    ABFA_OI            0.186      0.049      3.776      0.000
    AVRT_IND          -0.071      0.030     -2.367      0.018

 DVRT_IND   ON
    CVRT_IND           0.090      0.068      1.317      0.188
    CBFA_OI           -0.096      0.050     -1.925      0.054

 CVRT_IND   ON
    BVRT_IND           0.090      0.068      1.317      0.188
    BBFA_OI           -0.096      0.050     -1.925      0.054

 BVRT_IND   ON
    AVRT_IND           0.090      0.068      1.317      0.188
    ABFA_OI           -0.096      0.050     -1.925      0.054

 I_VRT_IN WITH
    I_BFA_OI          24.440     15.775      1.549      0.121

 S_VRT_IN WITH
    I_BFA_OI          -0.467      0.512     -0.912      0.362
    I_VRT_IND         -1.521      0.593     -2.563      0.010

 ABFA_OI  WITH
    I_BFA_OI         160.679     14.207     11.309      0.000
    I_VRT_IND          6.880     14.941      0.460      0.645
    S_VRT_IND         -0.935      0.682     -1.371      0.170

 AVRT_IND WITH
    I_BFA_OI          10.675     12.470      0.856      0.392
    I_VRT_IND        212.156     23.114      9.179      0.000
    S_VRT_IND          0.148      0.825      0.179      0.858

 DVRT_IND WITH
    DBFA_OI           -6.413      2.930     -2.188      0.029

 CVRT_IND WITH
    CBFA_OI           -6.413      2.930     -2.188      0.029

 BVRT_IND WITH
    BBFA_OI           -6.413      2.930     -2.188      0.029

 AVRT_IND WITH
    ABFA_OI           -9.348     10.740     -0.870      0.384

 Means
    ABFA_OI           75.476      0.545    138.442      0.000
    AVRT_IND          47.177      0.657     71.756      0.000
    I_BFA_OI          64.307      3.969     16.204      0.000
    S_BFA_OI          -0.044      0.027     -1.642      0.101
    I_VRT_IND         49.924      4.826     10.346      0.000
    S_VRT_IND         -0.162      0.044     -3.671      0.000

 Intercepts
    BBFA_OI            0.000      0.000    999.000    999.000
    CBFA_OI            0.000      0.000    999.000    999.000
    DBFA_OI            0.000      0.000    999.000    999.000
    BVRT_IND           0.000      0.000    999.000    999.000
    CVRT_IND           0.000      0.000    999.000    999.000
    DVRT_IND           0.000      0.000    999.000    999.000

 Variances
    ABFA_OI          255.777     12.408     20.615      0.000
    AVRT_IND         372.309     16.530     22.523      0.000
    I_BFA_OI         132.181     18.444      7.166      0.000
    S_BFA_OI           0.000      0.000    999.000    999.000
    I_VRT_IND        202.380     37.055      5.462      0.000
    S_VRT_IND          0.086      0.070      1.222      0.222

 Residual Variances
    BBFA_OI           52.975      3.768     14.059      0.000
    CBFA_OI           52.975      3.768     14.059      0.000
    DBFA_OI           52.975      3.768     14.059      0.000
    BVRT_IND         110.476      7.351     15.029      0.000
    CVRT_IND         110.476      7.351     15.029      0.000
    DVRT_IND         110.476      7.351     15.029      0.000


QUALITY OF NUMERICAL RESULTS

     Condition Number for the Information Matrix              0.344E-06
       (ratio of smallest to largest eigenvalue)


     Beginning Time:  12:57:07
        Ending Time:  12:57:10
       Elapsed Time:  00:00:03



MUTHEN & MUTHEN
3463 Stoner Ave.
Los Angeles, CA  90066

Tel: (310) 391-9971
Fax: (310) 391-8971
Web: www.StatModel.com
Support: Support@StatModel.com

Copyright (c) 1998-2011 Muthen & Muthen
