Mplus VERSION 7 (Mac)
MUTHEN & MUTHEN
10/27/2017  10:24 AM

INPUT INSTRUCTIONS


  title: PxVx Bivariate LCM-SR-Uncons - Col Linear D_SCALE with Linear MVI_POMP;
  data: file = /Users/johnflournoy/code/lnt_pxvx/Data/LT_227.txt;



  variable:
  names =
  subjid
  Sample
  aGENDER
  aAGE
  aethnic1
  aethnic2
  aedu_mom
  aedu_dad
  aEDUCATN
  bEDUCATN
  cEDUCATN
  aEMPLOYD
  bEMPLOYD
  cEMPLOYD
  dEMPLOYD
  aINCOME
  bINCOME
  cINCOME
  dINCOME
  aS_SCALE
  bS_SCALE
  cS_SCALE
  dS_SCALE
  aD_SCALE
  bD_SCALE
  cD_SCALE
  dD_SCALE
  aS_COMP
  bS_COMP
  cS_COMP
  dS_COMP
  aD_COMP
  bD_COMP
  cD_COMP
  dD_COMP
  aBFI_A
  aBFI_A6
  aBFI_C
  aBFI_E
  aBFI_HP
  aBFI_N
  aBFI_O
  bBFI_A
  bBFI_A6
  bBFI_C
  bBFI_E
  bBFI_HP
  bBFI_N
  bBFI_O
  cBFI_A
  cBFI_A6
  cBFI_C
  cBFI_E
  cBFI_HP
  cBFI_N
  cBFI_O
  dBFI_A
  dBFI_A6
  dBFI_C
  dBFI_E
  dBFI_HP
  dBFI_N
  dBFI_O
  aBFA_AC
  aBFA_AP
  aBFA_CI
  aBFA_CO
  aBFA_EA
  aBFA_EE
  aBFA_N9
  aBFA_NV
  aBFA_NW
  aBFA_OI
  aBFA_OO
  aBFA_PS
  aBFA_MT
  bBFA_AC
  bBFA_AP
  bBFA_CI
  bBFA_CO
  bBFA_EA
  bBFA_EE
  bBFA_N9
  bBFA_NV
  bBFA_NW
  bBFA_OI
  bBFA_OO
  bBFA_MT
  bBFA_PS
  cBFA_AC
  cBFA_AP
  cBFA_CI
  cBFA_CO
  cBFA_EA
  cBFA_EE
  cBFA_N9
  cBFA_NV
  cBFA_NW
  cBFA_OI
  cBFA_OO
  cBFA_MT
  cBFA_PS
  dBFA_AC
  dBFA_AP
  dBFA_CI
  dBFA_CO
  dBFA_EA
  dBFA_EE
  dBFA_N9
  dBFA_NV
  dBFA_NW
  dBFA_OI
  dBFA_OO
  dBFA_MT
  dBFA_PS
  aUSI
  bUSI
  cUSI
  dUSI
  aHRZ_IND
  bHRZ_IND
  cHRZ_IND
  dHRZ_IND
  aVRT_IND
  bVRT_IND
  cVRT_IND
  dVRT_IND
  aHRZ_COL
  bHRZ_COL
  cHRZ_COL
  dHRZ_COL
  aVRT_COL
  bVRT_COL
  cVRT_COL
  dVRT_COL
  aCOLLCTV
  bCOLLCTV
  cCOLLCTV
  dCOLLCTV
  aMVS
  bMVS
  cMVS
  dMVS
  aST
  bST
  cST
  dST
  aSD
  bSD
  cSD
  dSD
  aMVS_mc
  bMVS_mc
  cMVS_mc
  dMVS_mc
  aST_mc
  bST_mc
  cST_mc
  dST_mc
  aSD_mc
  bSD_mc
  cSD_mc
  dSD_mc
  bMEANING
  cMEANING
  dMEANING
  bMEAN_L
  cMEAN_L
  dMEAN_L
  bMEANNGc
  cMEANNGc
  dMEANNGc
  bMEANGlc
  cMEANGlc
  dMEANGlc
  bCLASSIC
  cCLASSIC
  dCLASSIC
  bCLASSCc
  cCLASSCc
  dCLASSCc
  bAGR_VAL
  cAGR_VAL
  dAGR_VAL
  bOPN_VAL
  cOPN_VAL
  dOPN_VAL
  bAGR_VLc
  cAGR_VLc
  dAGR_VLc
  bOPNVALc
  cOPNVALc
  dOPNVALc
  aMV_pomp
  bMV_pomp
  cMV_pomp
  dMV_pomp
  aST_pomp
  bST_pomp
  cST_pomp
  dST_pomp
  aSD_pomp
  bSD_pomp
  cSD_pomp
  dSD_pomp
  agoal_ec
  bgoal_ec
  cgoal_ec
  dgoal_ec
  aAspfinc
  bAspfinc
  cAspfinc
  dAspfinc
  abfi_hp8
  bbfi_hp8
  cbfi_hp8
  dbfi_hp8
  aP_S_BFI
  aP_D_BFI
  aECgoalc
  bECgoalC
  cECgoalC
  dECgoalC
  aaspfin
  baspfin
  caspfin
  daspfin
  aMVI_POMP
  bMVI_POMP
  cMVI_POMP
  dMVI_POMP;

  USEVARIABLES =
  aD_SCALE
  bD_SCALE
  cD_SCALE
  dD_SCALE
  aMVI_POMP
  bMVI_POMP
  cMVI_POMP
  dMVI_POMP
  a1
  a2
  a3
  a4
  ;

  missing = all (-9999);

  USEOBSERVATIONS are Sample == 2; ! College Sample

  tscores = a1 a2 a3 a4;

  DEFINE:
  a1 = aAGE + 0 - 20.5;
  a2 = aAGE + 1 - 20.5;
  a3 = aAGE + 2 - 20.5;
  a4 = aAGE + 3 - 20.5;

  ANALYSIS:
  TYPE=RANDOM;
  PROCESSORS = 4;
  model=nocovariances; ! supresses default estimation of certain covs in model;

  MODEL:

  i_D_SCALE s_D_SCALE | aD_SCALE bD_SCALE cD_SCALE dD_SCALE AT a1 a2 a3 a4;
  i_MVI_POMP s_MVI_POMP | aMVI_POMP bMVI_POMP cMVI_POMP dMVI_POMP AT a1 a2 a3 a4;

  ! freeing factor covs because of "nocovariances"
  s_D_SCALE WITH i_D_SCALE s_MVI_POMP i_MVI_POMP;
  i_D_SCALE WITH s_MVI_POMP i_MVI_POMP;
  s_MVI_POMP WITH i_MVI_POMP;

  p1 BY aD_SCALE@1; ! Residual "factors";
  p2 BY bD_SCALE@1;
  p3 BY cD_SCALE@1;
  p4 BY dD_SCALE@1;

  v1 BY aMVI_POMP@1; ! Residual "factors";
  v2 BY bMVI_POMP@1;
  v3 BY cMVI_POMP@1;
  v4 BY dMVI_POMP@1;

  !residual variances on observed/manifest vars set to 0
  aD_SCALE@0;
  bD_SCALE@0;
  cD_SCALE@0;
  dD_SCALE@0;

  !residual variances on observed/manifest vars set to 0
  aMVI_POMP@0;
  bMVI_POMP@0;
  cMVI_POMP@0;
  dMVI_POMP@0;

  ! means of observed/manifest vars set to 0
  [aD_SCALE@0];
  [bD_SCALE@0];
  [cD_SCALE@0];
  [dD_SCALE@0];

  ! means of observed/manifest vars set to 0
  [aMVI_POMP@0];
  [bMVI_POMP@0];
  [cMVI_POMP@0];
  [dMVI_POMP@0];

  [p1@0]; ! means of residual "factors" set to 0
  [p2@0];
  [p3@0];
  [p4@0];

  [v1@0]; ! means of residual "factors" set to 0
  [v2@0];
  [v3@0];
  [v4@0];

  p4 on p3;
  p3 on p2;
  p2 on p1;

  v4 on v3;
  v3 on v2;
  v2 on v1;

  p4 on v3;
  p3 on v2;
  p2 on v1;

  v4 on p3;
  v3 on p2;
  v2 on p1;

  p1 with v1;
  p2 with v2;
  p3 with v3;
  p4 with v4;

  p2 p3 p4; ! estimate variances of residual "factors"
  v2 v3 v4; ! estimate variances of residual "factors"

  OUTPUT: SAMPSTAT PATTERNS;



*** WARNING
  Variable name contains more than 8 characters.
  Only the first 8 characters will be printed in the output.
  Variable: AMVI_POMP
*** WARNING
  Variable name contains more than 8 characters.
  Only the first 8 characters will be printed in the output.
  Variable: BMVI_POMP
*** WARNING
  Variable name contains more than 8 characters.
  Only the first 8 characters will be printed in the output.
  Variable: CMVI_POMP
*** WARNING
  Variable name contains more than 8 characters.
  Only the first 8 characters will be printed in the output.
  Variable: DMVI_POMP
*** WARNING
  Variable name contains more than 8 characters.
  Only the first 8 characters will be printed in the output.
  Variable: I_D_SCALE
*** WARNING
  Variable name contains more than 8 characters.
  Only the first 8 characters will be printed in the output.
  Variable: S_D_SCALE
*** WARNING
  Variable name contains more than 8 characters.
  Only the first 8 characters will be printed in the output.
  Variable: I_MVI_POMP
*** WARNING
  Variable name contains more than 8 characters.
  Only the first 8 characters will be printed in the output.
  Variable: S_MVI_POMP
*** WARNING
  Data set contains cases with missing on all variables.
  These cases were not included in the analysis.
  Number of cases with missing on all variables:  1
*** WARNING
  Data set contains cases with missing on time scores but non-missing on the
  corresponding dependent variables.  These cases were not included in the analysis.
  Number of such cases:  3
  10 WARNING(S) FOUND IN THE INPUT INSTRUCTIONS



PxVx Bivariate LCM-SR-Uncons - Col Linear D_SCALE with Linear MVI_POMP;

SUMMARY OF ANALYSIS

Number of groups                                                 1
Number of observations                                         276

Number of dependent variables                                    8
Number of independent variables                                  0
Number of continuous latent variables                           12

Observed dependent variables

  Continuous
   AD_SCALE    BD_SCALE    CD_SCALE    DD_SCALE    AMVI_POMP   BMVI_POMP
   CMVI_POMP   DMVI_POMP

Continuous latent variables
   P1          P2          P3          P4          V1          V2
   V3          V4          I_D_SCAL    S_D_SCAL    I_MVI_PO    S_MVI_PO

Variables with special functions

  Time scores
   A1          A2          A3          A4


Estimator                                                      MLR
Information matrix                                        OBSERVED
Maximum number of iterations                                   100
Convergence criterion                                    0.100D-05
Maximum number of EM iterations                                500
Convergence criteria for the EM algorithm
  Loglikelihood change                                   0.100D-02
  Relative loglikelihood change                          0.100D-05
  Derivative                                             0.100D-03
Minimum variance                                         0.100D-03
Maximum number of steepest descent iterations                   20
Maximum number of iterations for H1                           2000
Convergence criterion for H1                             0.100D-03
Optimization algorithm                                         EMA

Input data file(s)
  /Users/johnflournoy/code/lnt_pxvx/Data/LT_227.txt
Input data format  FREE


SUMMARY OF DATA

     Number of missing data patterns            13


SUMMARY OF MISSING DATA PATTERNS


     MISSING DATA PATTERNS (x = not missing)

           1  2  3  4  5  6  7  8  9 10 11 12 13
 AD_SCALE  x  x  x  x  x  x  x  x  x  x  x  x  x
 BD_SCALE  x  x     x        x  x     x  x     x
 CD_SCALE  x  x  x                 x  x     x  x
 DD_SCALE  x     x        x  x  x  x  x  x     x
 AMVI_POM  x  x  x  x  x  x  x  x  x  x  x  x  x
 BMVI_POM  x  x     x           x     x  x
 CMVI_POM  x  x  x                 x  x     x  x
 DMVI_POM  x              x  x  x  x           x


     MISSING DATA PATTERN FREQUENCIES

    Pattern   Frequency     Pattern   Frequency     Pattern   Frequency
          1         138           6          11          11           1
          2          10           7           1          12           4
          3           1           8          16          13           1
          4          28           9          10
          5          53          10           2


COVARIANCE COVERAGE OF DATA

Minimum covariance coverage value   0.100


     PROPORTION OF DATA PRESENT


           Covariance Coverage
              AD_SCALE      BD_SCALE      CD_SCALE      DD_SCALE      AMVI_POM
              ________      ________      ________      ________      ________
 AD_SCALE       1.000
 BD_SCALE       0.714         0.714
 CD_SCALE       0.601         0.547         0.601
 DD_SCALE       0.656         0.576         0.551         0.656
 AMVI_POM       1.000         0.714         0.601         0.656         1.000
 BMVI_POM       0.707         0.707         0.543         0.569         0.707
 CMVI_POM       0.601         0.547         0.601         0.551         0.601
 DMVI_POM       0.641         0.565         0.540         0.641         0.641


           Covariance Coverage
              BMVI_POM      CMVI_POM      DMVI_POM
              ________      ________      ________
 BMVI_POM       0.707
 CMVI_POM       0.543         0.601
 DMVI_POM       0.558         0.540         0.641


SAMPLE STATISTICS


     ESTIMATED SAMPLE STATISTICS


           Means
              AD_SCALE      BD_SCALE      CD_SCALE      DD_SCALE      AMVI_POM
              ________      ________      ________      ________      ________
 1             64.245        62.341        63.731        64.289        60.804


           Means
              BMVI_POM      CMVI_POM      DMVI_POM
              ________      ________      ________
 1             61.249        61.394        61.404


           Covariances
              AD_SCALE      BD_SCALE      CD_SCALE      DD_SCALE      AMVI_POM
              ________      ________      ________      ________      ________
 AD_SCALE     217.888
 BD_SCALE     156.075       213.714
 CD_SCALE     125.437       145.555       170.245
 DD_SCALE     136.790       159.247       146.397       208.923
 AMVI_POM       2.218         0.702        -7.659       -16.773        82.735
 BMVI_POM      -8.865         0.339       -10.455       -15.013        70.012
 CMVI_POM      -3.819         0.364        -1.132        -6.838        56.978
 DMVI_POM      -7.124        -0.877        -1.023        -9.261        54.821


           Covariances
              BMVI_POM      CMVI_POM      DMVI_POM
              ________      ________      ________
 BMVI_POM      92.024
 CMVI_POM      63.992        71.471
 DMVI_POM      57.526        52.492        65.251


           Correlations
              AD_SCALE      BD_SCALE      CD_SCALE      DD_SCALE      AMVI_POM
              ________      ________      ________      ________      ________
 AD_SCALE       1.000
 BD_SCALE       0.723         1.000
 CD_SCALE       0.651         0.763         1.000
 DD_SCALE       0.641         0.754         0.776         1.000
 AMVI_POM       0.017         0.005        -0.065        -0.128         1.000
 BMVI_POM      -0.063         0.002        -0.084        -0.108         0.802
 CMVI_POM      -0.031         0.003        -0.010        -0.056         0.741
 DMVI_POM      -0.060        -0.007        -0.010        -0.079         0.746


           Correlations
              BMVI_POM      CMVI_POM      DMVI_POM
              ________      ________      ________
 BMVI_POM       1.000
 CMVI_POM       0.789         1.000
 DMVI_POM       0.742         0.769         1.000


     MAXIMUM LOG-LIKELIHOOD VALUE FOR THE UNRESTRICTED (H1) MODEL IS -5739.297

     WARNING: THE MODEL ESTIMATION HAS REACHED A SADDLE POINT OR A POINT WHERE THE
     OBSERVED AND THE EXPECTED INFORMATION MATRICES DO NOT MATCH.
     AN ADJUSTMENT TO THE ESTIMATION OF THE INFORMATION MATRIX HAS BEEN MADE.
     THE CONDITION NUMBER IS      -0.114D-04.
     THE PROBLEM MAY ALSO BE RESOLVED BY DECREASING THE VALUE OF THE
     MCONVERGENCE OR LOGCRITERION OPTIONS OR BY CHANGING THE STARTING VALUES
     OR BY USING THE MLF ESTIMATOR.


THE MODEL ESTIMATION TERMINATED NORMALLY



MODEL FIT INFORMATION

Number of Free Parameters                       38

Loglikelihood

          H0 Value                       -5755.334
          H0 Scaling Correction Factor      1.1598
            for MLR

Information Criteria

          Akaike (AIC)                   11586.669
          Bayesian (BIC)                 11724.244
          Sample-Size Adjusted BIC       11603.752
            (n* = (n + 2) / 24)



MODEL RESULTS

                                                    Two-Tailed
                    Estimate       S.E.  Est./S.E.    P-Value

 P1       BY
    AD_SCALE           1.000      0.000    999.000    999.000

 P2       BY
    BD_SCALE           1.000      0.000    999.000    999.000

 P3       BY
    CD_SCALE           1.000      0.000    999.000    999.000

 P4       BY
    DD_SCALE           1.000      0.000    999.000    999.000

 V1       BY
    AMVI_POMP          1.000      0.000    999.000    999.000

 V2       BY
    BMVI_POMP          1.000      0.000    999.000    999.000

 V3       BY
    CMVI_POMP          1.000      0.000    999.000    999.000

 V4       BY
    DMVI_POMP          1.000      0.000    999.000    999.000

 P4         ON
    P3                -0.339      0.667     -0.509      0.611
    V3                 0.185      0.923      0.201      0.841

 P3         ON
    P2                 0.131      0.119      1.106      0.269
    V2                -0.038      0.190     -0.202      0.840

 P2         ON
    P1                -1.470      0.505     -2.913      0.004
    V1                 1.322      2.015      0.656      0.512

 V4         ON
    V3                -0.256      1.120     -0.229      0.819
    P3                 0.113      0.338      0.334      0.738

 V3         ON
    V2                 0.227      0.171      1.330      0.184
    P2                -0.024      0.086     -0.285      0.776

 V2         ON
    V1                -2.658      2.479     -1.072      0.284
    P1                -0.308      0.577     -0.534      0.593

 S_D_SCAL WITH
    I_D_SCALE        -25.388      4.531     -5.603      0.000
    S_MVI_POMP         1.856      2.961      0.627      0.531
    I_MVI_POMP        -5.941      2.974     -1.998      0.046

 I_D_SCAL WITH
    S_MVI_POMP        -1.905      2.586     -0.737      0.461
    I_MVI_POMP         3.956      8.681      0.456      0.649

 S_MVI_PO WITH
    I_MVI_POMP        -9.564      1.599     -5.983      0.000

 P1       WITH
    V1                 0.580      3.316      0.175      0.861

 P2       WITH
    V2                -2.375      3.510     -0.677      0.499

 P3       WITH
    V3                 3.704      9.494      0.390      0.696

 P4       WITH
    V4                 0.030     26.678      0.001      0.999

 Means
    P1                 0.000      0.000    999.000    999.000
    V1                 0.000      0.000    999.000    999.000
    I_D_SCALE         63.640      0.896     71.021      0.000
    S_D_SCALE          0.142      0.274      0.518      0.604
    I_MVI_POMP        60.854      0.568    107.133      0.000
    S_MVI_POMP         0.196      0.148      1.326      0.185

 Intercepts
    AD_SCALE           0.000      0.000    999.000    999.000
    BD_SCALE           0.000      0.000    999.000    999.000
    CD_SCALE           0.000      0.000    999.000    999.000
    DD_SCALE           0.000      0.000    999.000    999.000
    AMVI_POMP          0.000      0.000    999.000    999.000
    BMVI_POMP          0.000      0.000    999.000    999.000
    CMVI_POMP          0.000      0.000    999.000    999.000
    DMVI_POMP          0.000      0.000    999.000    999.000
    P2                 0.000      0.000    999.000    999.000
    P3                 0.000      0.000    999.000    999.000
    P4                 0.000      0.000    999.000    999.000
    V2                 0.000      0.000    999.000    999.000
    V3                 0.000      0.000    999.000    999.000
    V4                 0.000      0.000    999.000    999.000

 Variances
    P1                16.540      8.006      2.066      0.039
    V1                 1.443      2.141      0.674      0.501
    I_D_SCALE        206.856     16.670     12.409      0.000
    S_D_SCALE         14.773      5.953      2.482      0.013
    I_MVI_POMP        83.925      6.203     13.530      0.000
    S_MVI_POMP         4.013      3.391      1.183      0.237

 Residual Variances
    AD_SCALE           0.000      0.000    999.000    999.000
    BD_SCALE           0.000      0.000    999.000    999.000
    CD_SCALE           0.000      0.000    999.000    999.000
    DD_SCALE           0.000      0.000    999.000    999.000
    AMVI_POMP          0.000      0.000    999.000    999.000
    BMVI_POMP          0.000      0.000    999.000    999.000
    CMVI_POMP          0.000      0.000    999.000    999.000
    DMVI_POMP          0.000      0.000    999.000    999.000
    P2                 7.121      4.497      1.583      0.113
    P3                42.815     17.104      2.503      0.012
    P4                 2.168     50.512      0.043      0.966
    V2                 8.785      3.199      2.746      0.006
    V3                17.272     11.662      1.481      0.139
    V4                 0.749     33.565      0.022      0.982


QUALITY OF NUMERICAL RESULTS

     Condition Number for the Information Matrix             -0.114E-04
       (ratio of smallest to largest eigenvalue)


     Beginning Time:  10:24:02
        Ending Time:  10:24:16
       Elapsed Time:  00:00:14



MUTHEN & MUTHEN
3463 Stoner Ave.
Los Angeles, CA  90066

Tel: (310) 391-9971
Fax: (310) 391-8971
Web: www.StatModel.com
Support: Support@StatModel.com

Copyright (c) 1998-2012 Muthen & Muthen
