Mplus VERSION 7 (Mac)
MUTHEN & MUTHEN
06/13/2017   5:52 PM

INPUT INSTRUCTIONS


  title: PxVx Univariate - Col BFA_EA;
  data: file = /Users/johnflournoy/Documents/lnt_pxvx/Data/LT_227.txt;

  variable:
  names =
  subjid
  Sample
  aGENDER
  aAGE
  aethnic1
  aethnic2
  aedu_mom
  aedu_dad
  aEDUCATN
  bEDUCATN
  cEDUCATN
  aEMPLOYD
  bEMPLOYD
  cEMPLOYD
  dEMPLOYD
  aINCOME
  bINCOME
  cINCOME
  dINCOME
  aS_SCALE
  bS_SCALE
  cS_SCALE
  dS_SCALE
  aD_SCALE
  bD_SCALE
  cD_SCALE
  dD_SCALE
  aS_COMP
  bS_COMP
  cS_COMP
  dS_COMP
  aD_COMP
  bD_COMP
  cD_COMP
  dD_COMP
  aBFI_A
  aBFI_A6
  aBFI_C
  aBFI_E
  aBFI_HP
  aBFI_N
  aBFI_O
  bBFI_A
  bBFI_A6
  bBFI_C
  bBFI_E
  bBFI_HP
  bBFI_N
  bBFI_O
  cBFI_A
  cBFI_A6
  cBFI_C
  cBFI_E
  cBFI_HP
  cBFI_N
  cBFI_O
  dBFI_A
  dBFI_A6
  dBFI_C
  dBFI_E
  dBFI_HP
  dBFI_N
  dBFI_O
  aBFA_AC
  aBFA_AP
  aBFA_CI
  aBFA_CO
  aBFA_EA
  aBFA_EE
  aBFA_N9
  aBFA_NV
  aBFA_NW
  aBFA_OI
  aBFA_OO
  aBFA_PS
  aBFA_MT
  bBFA_AC
  bBFA_AP
  bBFA_CI
  bBFA_CO
  bBFA_EA
  bBFA_EE
  bBFA_N9
  bBFA_NV
  bBFA_NW
  bBFA_OI
  bBFA_OO
  bBFA_MT
  bBFA_PS
  cBFA_AC
  cBFA_AP
  cBFA_CI
  cBFA_CO
  cBFA_EA
  cBFA_EE
  cBFA_N9
  cBFA_NV
  cBFA_NW
  cBFA_OI
  cBFA_OO
  cBFA_MT
  cBFA_PS
  dBFA_AC
  dBFA_AP
  dBFA_CI
  dBFA_CO
  dBFA_EA
  dBFA_EE
  dBFA_N9
  dBFA_NV
  dBFA_NW
  dBFA_OI
  dBFA_OO
  dBFA_MT
  dBFA_PS
  aUSI
  bUSI
  cUSI
  dUSI
  aHRZ_IND
  bHRZ_IND
  cHRZ_IND
  dHRZ_IND
  aVRT_IND
  bVRT_IND
  cVRT_IND
  dVRT_IND
  aHRZ_COL
  bHRZ_COL
  cHRZ_COL
  dHRZ_COL
  aVRT_COL
  bVRT_COL
  cVRT_COL
  dVRT_COL
  aCOLLCTV
  bCOLLCTV
  cCOLLCTV
  dCOLLCTV
  aMVS
  bMVS
  cMVS
  dMVS
  aST
  bST
  cST
  dST
  aSD
  bSD
  cSD
  dSD
  aMVS_mc
  bMVS_mc
  cMVS_mc
  dMVS_mc
  aST_mc
  bST_mc
  cST_mc
  dST_mc
  aSD_mc
  bSD_mc
  cSD_mc
  dSD_mc
  bMEANING
  cMEANING
  dMEANING
  bMEAN_L
  cMEAN_L
  dMEAN_L
  bMEANNGc
  cMEANNGc
  dMEANNGc
  bMEANGlc
  cMEANGlc
  dMEANGlc
  bCLASSIC
  cCLASSIC
  dCLASSIC
  bCLASSCc
  cCLASSCc
  dCLASSCc
  bAGR_VAL
  cAGR_VAL
  dAGR_VAL
  bOPN_VAL
  cOPN_VAL
  dOPN_VAL
  bAGR_VLc
  cAGR_VLc
  dAGR_VLc
  bOPNVALc
  cOPNVALc
  dOPNVALc
  aMV_pomp
  bMV_pomp
  cMV_pomp
  dMV_pomp
  aST_pomp
  bST_pomp
  cST_pomp
  dST_pomp
  aSD_pomp
  bSD_pomp
  cSD_pomp
  dSD_pomp
  agoal_ec
  bgoal_ec
  cgoal_ec
  dgoal_ec
  aAspfinc
  bAspfinc
  cAspfinc
  dAspfinc
  abfi_hp8
  bbfi_hp8
  cbfi_hp8
  dbfi_hp8
  aP_S_BFI
  aP_D_BFI
  aECgoalc
  bECgoalC
  cECgoalC
  dECgoalC
  aaspfin
  baspfin
  caspfin
  daspfin
  aMVI_POMP
  bMVI_POMP
  cMVI_POMP
  dMVI_POMP;

  USEVARIABLES =
  aBFA_EA
  bBFA_EA
  cBFA_EA
  dBFA_EA
  aage_c
  bage_c
  cage_c
  dage_c
  ;

  missing = all (-9999);


  USEOBSERVATIONS are Sample == 2; ! College Sample



  tscores = aage_c bage_c cage_c dage_c;

  DEFINE:
  aage_c = aAGE + 0 - 36;
  bage_c = aAGE + 1 - 36;
  cage_c = aAGE + 2 - 36;
  dage_c = aAGE + 3 - 36;


  ANALYSIS:
  TYPE=RANDOM;
  PROCESSORS = 4;

  MODEL:

  i_BFA_EA s_BFA_EA |  aBFA_EA bBFA_EA cBFA_EA dBFA_EA AT aage_c bage_c cage_c dage_c;

  !residual variances on observed scores set to 0s
  aBFA_EA (r);
  bBFA_EA (r);
  cBFA_EA (r);
  dBFA_EA (r);


  OUTPUT: SAMPSTAT PATTERNS;



*** WARNING
  Variable name contains more than 8 characters.
  Only the first 8 characters will be printed in the output.
  Variable: AMVI_POMP
*** WARNING
  Variable name contains more than 8 characters.
  Only the first 8 characters will be printed in the output.
  Variable: BMVI_POMP
*** WARNING
  Variable name contains more than 8 characters.
  Only the first 8 characters will be printed in the output.
  Variable: CMVI_POMP
*** WARNING
  Variable name contains more than 8 characters.
  Only the first 8 characters will be printed in the output.
  Variable: DMVI_POMP
*** WARNING
  Data set contains cases with missing on all variables.
  These cases were not included in the analysis.
  Number of cases with missing on all variables:  2
*** WARNING
  Data set contains cases with missing on time scores but non-missing on the
  corresponding dependent variables.  These cases were not included in the analysis.
  Number of such cases:  3
   6 WARNING(S) FOUND IN THE INPUT INSTRUCTIONS



PxVx Univariate - Col BFA_EA;

SUMMARY OF ANALYSIS

Number of groups                                                 1
Number of observations                                         275

Number of dependent variables                                    4
Number of independent variables                                  0
Number of continuous latent variables                            2

Observed dependent variables

  Continuous
   ABFA_EA     BBFA_EA     CBFA_EA     DBFA_EA

Continuous latent variables
   I_BFA_EA    S_BFA_EA

Variables with special functions

  Time scores
   AAGE_C      BAGE_C      CAGE_C      DAGE_C


Estimator                                                      MLR
Information matrix                                        OBSERVED
Maximum number of iterations                                   100
Convergence criterion                                    0.100D-05
Maximum number of EM iterations                                500
Convergence criteria for the EM algorithm
  Loglikelihood change                                   0.100D-02
  Relative loglikelihood change                          0.100D-05
  Derivative                                             0.100D-03
Minimum variance                                         0.100D-03
Maximum number of steepest descent iterations                   20
Maximum number of iterations for H1                           2000
Convergence criterion for H1                             0.100D-03
Optimization algorithm                                         EMA

Input data file(s)
  /Users/johnflournoy/Documents/lnt_pxvx/Data/LT_227.txt
Input data format  FREE


SUMMARY OF DATA

     Number of missing data patterns             8


SUMMARY OF MISSING DATA PATTERNS


     MISSING DATA PATTERNS (x = not missing)

           1  2  3  4  5  6  7  8
 ABFA_EA   x  x  x  x  x  x  x  x
 BBFA_EA   x  x     x        x
 CBFA_EA   x  x  x              x
 DBFA_EA   x              x  x  x


     MISSING DATA PATTERN FREQUENCIES

    Pattern   Frequency     Pattern   Frequency     Pattern   Frequency
          1         138           4          29           7          17
          2          12           5          52           8          11
          3           5           6          11


COVARIANCE COVERAGE OF DATA

Minimum covariance coverage value   0.100


     PROPORTION OF DATA PRESENT


           Covariance Coverage
              ABFA_EA       BBFA_EA       CBFA_EA       DBFA_EA
              ________      ________      ________      ________
 ABFA_EA        1.000
 BBFA_EA        0.713         0.713
 CBFA_EA        0.604         0.545         0.604
 DBFA_EA        0.644         0.564         0.542         0.644


SAMPLE STATISTICS


     ESTIMATED SAMPLE STATISTICS


           Means
              ABFA_EA       BBFA_EA       CBFA_EA       DBFA_EA
              ________      ________      ________      ________
 1             62.984        60.892        60.532        61.070


           Covariances
              ABFA_EA       BBFA_EA       CBFA_EA       DBFA_EA
              ________      ________      ________      ________
 ABFA_EA      311.180
 BBFA_EA      259.111       339.808
 CBFA_EA      241.096       264.138       300.966
 DBFA_EA      226.040       240.851       254.345       289.598


           Correlations
              ABFA_EA       BBFA_EA       CBFA_EA       DBFA_EA
              ________      ________      ________      ________
 ABFA_EA        1.000
 BBFA_EA        0.797         1.000
 CBFA_EA        0.788         0.826         1.000
 DBFA_EA        0.753         0.768         0.862         1.000


     MAXIMUM LOG-LIKELIHOOD VALUE FOR THE UNRESTRICTED (H1) MODEL IS -3167.073


THE MODEL ESTIMATION TERMINATED NORMALLY



MODEL FIT INFORMATION

Number of Free Parameters                        6

Loglikelihood

          H0 Value                       -3178.745
          H0 Scaling Correction Factor      1.3513
            for MLR

Information Criteria

          Akaike (AIC)                    6369.489
          Bayesian (BIC)                  6391.190
          Sample-Size Adjusted BIC        6372.165
            (n* = (n + 2) / 24)



MODEL RESULTS

                                                    Two-Tailed
                    Estimate       S.E.  Est./S.E.    P-Value

 S_BFA_EA WITH
    I_BFA_EA          70.276     30.061      2.338      0.019

 Means
    I_BFA_EA          52.783      4.170     12.659      0.000
    S_BFA_EA          -0.625      0.287     -2.180      0.029

 Intercepts
    ABFA_EA            0.000      0.000    999.000    999.000
    BBFA_EA            0.000      0.000    999.000    999.000
    CBFA_EA            0.000      0.000    999.000    999.000
    DBFA_EA            0.000      0.000    999.000    999.000

 Variances
    I_BFA_EA        1171.314    435.915      2.687      0.007
    S_BFA_EA           5.323      2.125      2.505      0.012

 Residual Variances
    ABFA_EA           55.265      5.801      9.527      0.000
    BBFA_EA           55.265      5.801      9.527      0.000
    CBFA_EA           55.265      5.801      9.527      0.000
    DBFA_EA           55.265      5.801      9.527      0.000


QUALITY OF NUMERICAL RESULTS

     Condition Number for the Information Matrix              0.206E-03
       (ratio of smallest to largest eigenvalue)


     Beginning Time:  17:52:49
        Ending Time:  17:52:49
       Elapsed Time:  00:00:00



MUTHEN & MUTHEN
3463 Stoner Ave.
Los Angeles, CA  90066

Tel: (310) 391-9971
Fax: (310) 391-8971
Web: www.StatModel.com
Support: Support@StatModel.com

Copyright (c) 1998-2012 Muthen & Muthen
