Mplus VERSION 8 (Linux)
MUTHEN & MUTHEN
07/08/2018  12:45 PM

INPUT INSTRUCTIONS


  title: PxVx Bivariate LCM-SR - decadegroup - Linear bfi_a6 with Linear usi_d;
  data: file = /home/jflournoy/code_new/lnt_pxvx/Data/lnt_nat_recalc.tsv;

  variable:
  names =
  subjid
  aage
  aaspfin
  aaspfin_d
  abfa_mt
  abfa_mt_d
  abfas_ac
  abfas_ap
  abfas_ci
  abfas_co
  abfas_ea
  abfas_ee
  abfas_nv
  abfas_nv9
  abfas_nw
  abfas_oi
  abfas_oo
  abfi_a
  abfi_a6
  abfi_c
  abfi_d_scale
  abfi_e
  abfi_hp8
  abfi_n
  abfi_o
  abfi_s_scale
  ahrz_col
  ahrz_col_d
  ahrz_ind
  ahrz_ind_d
  amvi
  ausi
  ausi_d
  avrt_col
  avrt_col_d
  avrt_ind
  avrt_ind_d
  bage
  baspfin
  baspfin_d
  bbfa_mt
  bbfa_mt_d
  bbfas_ac
  bbfas_ap
  bbfas_ci
  bbfas_co
  bbfas_ea
  bbfas_ee
  bbfas_nv
  bbfas_nv9
  bbfas_nw
  bbfas_oi
  bbfas_oo
  bbfi_a
  bbfi_a6
  bbfi_c
  bbfi_d_scale
  bbfi_e
  bbfi_hp8
  bbfi_n
  bbfi_o
  bbfi_s_scale
  bhrz_col
  bhrz_col_d
  bhrz_ind
  bhrz_ind_d
  bmvi
  busi
  busi_d
  bvrt_col
  bvrt_col_d
  bvrt_ind
  bvrt_ind_d
  cage
  caspfin
  caspfin_d
  cbfa_mt
  cbfa_mt_d
  cbfas_ac
  cbfas_ap
  cbfas_ci
  cbfas_co
  cbfas_ea
  cbfas_ee
  cbfas_nv
  cbfas_nv9
  cbfas_nw
  cbfas_oi
  cbfas_oo
  cbfi_a
  cbfi_a6
  cbfi_c
  cbfi_d_scale
  cbfi_e
  cbfi_hp8
  cbfi_n
  cbfi_o
  cbfi_s_scale
  chrz_col
  chrz_col_d
  chrz_ind
  chrz_ind_d
  cmvi
  cusi
  cusi_d
  cvrt_col
  cvrt_col_d
  cvrt_ind
  cvrt_ind_d
  dage
  daspfin
  daspfin_d
  dbfa_mt
  dbfa_mt_d
  dbfas_ac
  dbfas_ap
  dbfas_ci
  dbfas_co
  dbfas_ea
  dbfas_ee
  dbfas_nv
  dbfas_nv9
  dbfas_nw
  dbfas_oi
  dbfas_oo
  dbfi_a
  dbfi_a6
  dbfi_c
  dbfi_d_scale
  dbfi_e
  dbfi_hp8
  dbfi_n
  dbfi_o
  dbfi_s_scale
  dhrz_col
  dhrz_col_d
  dhrz_ind
  dhrz_ind_d
  dmvi
  dusi
  dusi_d
  dvrt_col
  dvrt_col_d
  dvrt_ind
  dvrt_ind_d;

  USEVARIABLES =
  abfi_a6
  bbfi_a6
  cbfi_a6
  dbfi_a6
  ausi_d
  busi_d
  cusi_d
  dusi_d
  a1
  a2
  a3
  a4
  aagegrp
  ;

  missing = all (-9999);

  tscores = a1 a2 a3 a4;

  grouping = aagegrp (0=d2, 1=d3, 2=d4, 3=d5);

  DEFINE:

  aagegrp = aage;

  cut aagegrp (29 39 49);

  a1 = aage + 0 - 36;
  a2 = aage + 1 - 36;
  a3 = aage + 2 - 36;
  a4 = aage + 3 - 36;

  ANALYSIS:
  TYPE=RANDOM;
  PROCESSORS = 6;
  model=nocovariances; ! supresses default estimation of certain covs in model;

  MODEL:

  i_bfi_a6 s_bfi_a6 | abfi_a6 bbfi_a6 cbfi_a6 dbfi_a6 AT a1 a2 a3 a4;
  i_usi_d s_usi_d | ausi_d busi_d cusi_d dusi_d AT a1 a2 a3 a4;

  ! freeing factor covs because of "nocovariances"
  s_bfi_a6 WITH i_bfi_a6 s_usi_d i_usi_d;
  i_bfi_a6 WITH s_usi_d i_usi_d;
  s_usi_d WITH i_usi_d;

  p1 BY abfi_a6@1; ! Residual "factors";
  p2 BY bbfi_a6@1;
  p3 BY cbfi_a6@1;
  p4 BY dbfi_a6@1;

  v1 BY ausi_d@1; ! Residual "factors";
  v2 BY busi_d@1;
  v3 BY cusi_d@1;
  v4 BY dusi_d@1;

  !residual variances on observed/manifest vars set to 0
  abfi_a6@0;
  bbfi_a6@0;
  cbfi_a6@0;
  dbfi_a6@0;

  !residual variances on observed/manifest vars set to 0
  ausi_d@0;
  busi_d@0;
  cusi_d@0;
  dusi_d@0;

  ! means of observed/manifest vars set to 0
  [abfi_a6@0];
  [bbfi_a6@0];
  [cbfi_a6@0];
  [dbfi_a6@0];

  ! means of observed/manifest vars set to 0
  [ausi_d@0];
  [busi_d@0];
  [cusi_d@0];
  [dusi_d@0];

  [p1@0]; ! means of residual "factors" set to 0
  [p2@0];
  [p3@0];
  [p4@0];

  [v1@0]; ! means of residual "factors" set to 0
  [v2@0];
  [v3@0];
  [v4@0];

  p4 on p3 (a); ! Autoregressive paths constrained to equality
  p3 on p2 (a);
  p2 on p1 (a);

  v4 on v3 (b); ! Autoregressive paths constrained to equality
  v3 on v2 (b);
  v2 on v1 (b);

  p4 on v3 (c); ! Cross-lagged paths constrained to equality
  p3 on v2 (c);
  p2 on v1 (c);

  v4 on p3 (d); ! Cross-lagged paths constrained to equality
  v3 on p2 (d);
  v2 on p1 (d);

  p1 with v1; !(this one is not like the others)

  p2 with v2 (e); ! Within-wave correlations constrained to equality
  p3 with v3 (e);
  p4 with v4 (e);

  p2 p3 p4 (f); ! estimate variances of residual "factors"
  v2 v3 v4 (g); ! estimate variances of residual "factors"

  MODEL d2:

  p4 on p3 (a2); ! Autoregressive paths constrained to equality
  p3 on p2 (a2);
  p2 on p1 (a2);

  v4 on v3 (b2); ! Autoregressive paths constrained to equality
  v3 on v2 (b2);
  v2 on v1 (b2);

  p4 on v3 (c2); ! Cross-lagged paths constrained to equality
  p3 on v2 (c2);
  p2 on v1 (c2);

  v4 on p3 (d2); ! Cross-lagged paths constrained to equality
  v3 on p2 (d2);
  v2 on p1 (d2);

  p1 with v1; !(this one is not like the others)

  p2 with v2 (e2); ! Within-wave correlations constrained to equality
  p3 with v3 (e2);
  p4 with v4 (e2);

  p2 p3 p4 (f2); ! estimate variances of residual "factors"
  v2 v3 v4 (g2); ! estimate variances of residual "factors"

  MODEL d3:

  p4 on p3 (a3); ! Autoregressive paths constrained to equality
  p3 on p2 (a3);
  p2 on p1 (a3);

  v4 on v3 (b3); ! Autoregressive paths constrained to equality
  v3 on v2 (b3);
  v2 on v1 (b3);

  p4 on v3 (c3); ! Cross-lagged paths constrained to equality
  p3 on v2 (c3);
  p2 on v1 (c3);

  v4 on p3 (d3); ! Cross-lagged paths constrained to equality
  v3 on p2 (d3);
  v2 on p1 (d3);

  p1 with v1; !(this one is not like the others)

  p2 with v2 (e3); ! Within-wave correlations constrained to equality
  p3 with v3 (e3);
  p4 with v4 (e3);

  p2 p3 p4 (f3); ! estimate variances of residual "factors"
  v2 v3 v4 (g3); ! estimate variances of residual "factors"

  MODEL d4:

  p4 on p3 (a4); ! Autoregressive paths constrained to equality
  p3 on p2 (a4);
  p2 on p1 (a4);

  v4 on v3 (b4); ! Autoregressive paths constrained to equality
  v3 on v2 (b4);
  v2 on v1 (b4);

  p4 on v3 (c4); ! Cross-lagged paths constrained to equality
  p3 on v2 (c4);
  p2 on v1 (c4);

  v4 on p3 (d4); ! Cross-lagged paths constrained to equality
  v3 on p2 (d4);
  v2 on p1 (d4);

  p1 with v1; !(this one is not like the others)

  p2 with v2 (e4); ! Within-wave correlations constrained to equality
  p3 with v3 (e4);
  p4 with v4 (e4);

  p2 p3 p4 (f4); ! estimate variances of residual "factors"
  v2 v3 v4 (g4); ! estimate variances of residual "factors"

  MODEL d5:

  p4 on p3 (a5); ! Autoregressive paths constrained to equality
  p3 on p2 (a5);
  p2 on p1 (a5);

  v4 on v3 (b5); ! Autoregressive paths constrained to equality
  v3 on v2 (b5);
  v2 on v1 (b5);

  p4 on v3 (c5); ! Cross-lagged paths constrained to equality
  p3 on v2 (c5);
  p2 on v1 (c5);

  v4 on p3 (d5); ! Cross-lagged paths constrained to equality
  v3 on p2 (d5);
  v2 on p1 (d5);

  p1 with v1; !(this one is not like the others)

  p2 with v2 (e5); ! Within-wave correlations constrained to equality
  p3 with v3 (e5);
  p4 with v4 (e5);

  p2 p3 p4 (f5); ! estimate variances of residual "factors"
  v2 v3 v4 (g5); ! estimate variances of residual "factors"

  OUTPUT: SAMPSTAT PATTERNS;



*** WARNING
  Data set contains unknown or missing values for GROUPING,
  PATTERN, COHORT, CLUSTER and/or STRATIFICATION variables.
  Number of cases with unknown or missing values:  5
   1 WARNING(S) FOUND IN THE INPUT INSTRUCTIONS



PxVx Bivariate LCM-SR - decadegroup - Linear bfi_a6 with Linear usi_d;

SUMMARY OF ANALYSIS

Number of groups                                                 4
Number of observations
   Group D2                                                    301
   Group D3                                                    233
   Group D4                                                    198
   Group D5                                                    132
   Total sample size                                           864

Number of dependent variables                                    8
Number of independent variables                                  0
Number of continuous latent variables                           12

Observed dependent variables

  Continuous
   ABFI_A6     BBFI_A6     CBFI_A6     DBFI_A6     AUSI_D      BUSI_D
   CUSI_D      DUSI_D

Continuous latent variables
   P1          P2          P3          P4          V1          V2
   V3          V4          I_BFI_A6    S_BFI_A6    I_USI_D     S_USI_D

Variables with special functions

  Grouping variable     AAGEGRP

  Time scores
   A1          A2          A3          A4


Estimator                                                      MLR
Information matrix                                        OBSERVED
Maximum number of iterations                                   100
Convergence criterion                                    0.100D-05
Maximum number of EM iterations                                500
Convergence criteria for the EM algorithm
  Loglikelihood change                                   0.100D-02
  Relative loglikelihood change                          0.100D-05
  Derivative                                             0.100D-03
Minimum variance                                         0.100D-03
Maximum number of steepest descent iterations                   20
Maximum number of iterations for H1                           2000
Convergence criterion for H1                             0.100D-03
Optimization algorithm                                         EMA

Input data file(s)
  /home/jflournoy/code_new/lnt_pxvx/Data/lnt_nat_recalc.tsv
Input data format  FREE


SUMMARY OF DATA

   Group D2
     Number of missing data patterns            14

   Group D3
     Number of missing data patterns            11

   Group D4
     Number of missing data patterns            15

   Group D5
     Number of missing data patterns            10


SUMMARY OF MISSING DATA PATTERNS


     MISSING DATA PATTERNS (x = not missing) FOR D2

           1  2  3  4  5  6  7  8  9 10 11 12 13 14
 ABFI_A6   x  x  x  x  x  x  x  x  x  x  x  x  x  x
 BBFI_A6   x     x  x  x  x           x  x  x     x
 CBFI_A6   x        x     x     x  x  x  x  x  x
 DBFI_A6   x     x  x        x     x     x     x
 AUSI_D    x  x  x  x  x  x  x  x  x  x  x  x  x  x
 BUSI_D    x     x  x  x  x           x     x
 CUSI_D    x              x     x  x     x  x  x
 DUSI_D    x     x  x        x     x     x  x


     MISSING DATA PATTERN FREQUENCIES FOR D2

    Pattern   Frequency     Pattern   Frequency     Pattern   Frequency
          1         187           6          13          11           2
          2          57           7          11          12           1
          3           6           8           4          13           1
          4           1           9           5          14           1
          5          11          10           1


     MISSING DATA PATTERNS (x = not missing) FOR D3

           1  2  3  4  5  6  7  8  9 10 11
 ABFI_A6   x  x  x  x  x  x  x  x  x  x  x
 BBFI_A6   x     x  x  x           x  x
 CBFI_A6   x           x     x  x     x
 DBFI_A6   x     x        x     x     x  x
 AUSI_D    x  x  x  x  x  x  x  x  x  x  x
 BUSI_D    x     x  x  x              x
 CUSI_D    x           x     x  x     x
 DUSI_D    x     x        x     x


     MISSING DATA PATTERN FREQUENCIES FOR D3

    Pattern   Frequency     Pattern   Frequency     Pattern   Frequency
          1         140           5           6           9           1
          2          43           6           3          10           1
          3           8           7           7          11           2
          4          15           8           7


     MISSING DATA PATTERNS (x = not missing) FOR D4

           1  2  3  4  5  6  7  8  9 10 11 12 13 14 15
 ABFI_A6   x  x  x  x  x  x  x  x  x  x  x  x  x  x  x
 BBFI_A6   x     x  x  x  x           x     x     x
 CBFI_A6   x        x     x     x  x  x  x           x
 DBFI_A6   x     x  x        x     x  x  x        x
 AUSI_D    x  x  x  x  x  x  x  x  x  x  x  x     x  x
 BUSI_D    x     x  x  x  x
 CUSI_D    x              x     x  x  x  x
 DUSI_D    x     x  x        x     x  x           x


     MISSING DATA PATTERN FREQUENCIES FOR D4

    Pattern   Frequency     Pattern   Frequency     Pattern   Frequency
          1         104           6          15          11           1
          2          39           7           4          12           3
          3           7           8           4          13           1
          4           1           9           5          14           1
          5          11          10           1          15           1


     MISSING DATA PATTERNS (x = not missing) FOR D5

           1  2  3  4  5  6  7  8  9 10
 ABFI_A6   x  x  x  x  x  x  x  x     x
 BBFI_A6   x     x  x  x
 CBFI_A6   x           x     x  x     x
 DBFI_A6   x     x        x     x  x  x
 AUSI_D    x  x  x  x  x  x  x  x  x  x
 BUSI_D    x     x  x  x              x
 CUSI_D    x           x     x  x     x
 DUSI_D    x     x        x     x  x  x


     MISSING DATA PATTERN FREQUENCIES FOR D5

    Pattern   Frequency     Pattern   Frequency     Pattern   Frequency
          1          60           5          11           9           1
          2          29           6           5          10           1
          3           5           7           6
          4          10           8           4


COVARIANCE COVERAGE OF DATA

Minimum covariance coverage value   0.100


     PROPORTION OF DATA PRESENT FOR D2


           Covariance Coverage
              ABFI_A6       BBFI_A6       CBFI_A6       DBFI_A6       AUSI_D
              ________      ________      ________      ________      ________
 ABFI_A6        1.000
 BBFI_A6        0.741         0.741
 CBFI_A6        0.714         0.681         0.714
 DBFI_A6        0.708         0.651         0.651         0.708
 AUSI_D         1.000         0.741         0.714         0.708         1.000
 BUSI_D         0.731         0.731         0.674         0.645         0.731
 CUSI_D         0.708         0.674         0.708         0.648         0.708
 DUSI_D         0.708         0.654         0.651         0.704         0.708


           Covariance Coverage
              BUSI_D        CUSI_D        DUSI_D
              ________      ________      ________
 BUSI_D         0.731
 CUSI_D         0.668         0.708
 DUSI_D         0.648         0.648         0.708


     PROPORTION OF DATA PRESENT FOR D3


           Covariance Coverage
              ABFI_A6       BBFI_A6       CBFI_A6       DBFI_A6       AUSI_D
              ________      ________      ________      ________      ________
 ABFI_A6        1.000
 BBFI_A6        0.751         0.751
 CBFI_A6        0.725         0.691         0.725
 DBFI_A6        0.742         0.708         0.678         0.742
 AUSI_D         1.000         0.751         0.725         0.742         1.000
 BUSI_D         0.742         0.742         0.682         0.700         0.742
 CUSI_D         0.657         0.622         0.657         0.614         0.657
 DUSI_D         0.742         0.708         0.678         0.742         0.742


           Covariance Coverage
              BUSI_D        CUSI_D        DUSI_D
              ________      ________      ________
 BUSI_D         0.742
 CUSI_D         0.614         0.657
 DUSI_D         0.700         0.614         0.742


     PROPORTION OF DATA PRESENT FOR D4


           Covariance Coverage
              ABFI_A6       BBFI_A6       CBFI_A6       DBFI_A6       AUSI_D
              ________      ________      ________      ________      ________
 ABFI_A6        1.000
 BBFI_A6        0.732         0.732
 CBFI_A6        0.687         0.636         0.687
 DBFI_A6        0.626         0.576         0.571         0.626
 AUSI_D         1.000         0.732         0.687         0.626         1.000
 BUSI_D         0.722         0.722         0.631         0.571         0.722
 CUSI_D         0.677         0.626         0.677         0.566         0.677
 DUSI_D         0.631         0.586         0.576         0.616         0.631


           Covariance Coverage
              BUSI_D        CUSI_D        DUSI_D
              ________      ________      ________
 BUSI_D         0.722
 CUSI_D         0.621         0.677
 DUSI_D         0.581         0.571         0.631


     PROPORTION OF DATA PRESENT FOR D5


           Covariance Coverage
              ABFI_A6       BBFI_A6       CBFI_A6       DBFI_A6       AUSI_D
              ________      ________      ________      ________      ________
 ABFI_A6        1.000
 BBFI_A6        0.697         0.697
 CBFI_A6        0.614         0.576         0.614
 DBFI_A6        0.621         0.568         0.538         0.621
 AUSI_D         1.000         0.697         0.614         0.621         1.000
 BUSI_D         0.697         0.697         0.576         0.568         0.697
 CUSI_D         0.530         0.492         0.530         0.462         0.530
 DUSI_D         0.621         0.568         0.538         0.621         0.621


           Covariance Coverage
              BUSI_D        CUSI_D        DUSI_D
              ________      ________      ________
 BUSI_D         0.697
 CUSI_D         0.492         0.530
 DUSI_D         0.568         0.462         0.621


SAMPLE STATISTICS


     ESTIMATED SAMPLE STATISTICS FOR D2


           Means
              ABFI_A6       BBFI_A6       CBFI_A6       DBFI_A6       AUSI_D
              ________      ________      ________      ________      ________
               56.906        55.367        55.866        55.744        34.095


           Means
              BUSI_D        CUSI_D        DUSI_D
              ________      ________      ________
               33.122        33.026        33.940


           Covariances
              ABFI_A6       BBFI_A6       CBFI_A6       DBFI_A6       AUSI_D
              ________      ________      ________      ________      ________
 ABFI_A6      366.710
 BBFI_A6      275.558       352.520
 CBFI_A6      263.752       278.876       344.877
 DBFI_A6      252.119       274.100       296.440       387.322
 AUSI_D       -66.957       -72.756       -46.499       -56.528       351.891
 BUSI_D       -64.859       -86.881       -84.641       -71.410       242.226
 CUSI_D       -69.570       -73.058       -67.693       -71.338       181.795
 DUSI_D       -52.524       -84.971       -53.308       -77.528       195.287


           Covariances
              BUSI_D        CUSI_D        DUSI_D
              ________      ________      ________
 BUSI_D       356.430
 CUSI_D       213.095       311.231
 DUSI_D       211.719       225.322       326.958


           Correlations
              ABFI_A6       BBFI_A6       CBFI_A6       DBFI_A6       AUSI_D
              ________      ________      ________      ________      ________
 ABFI_A6        1.000
 BBFI_A6        0.766         1.000
 CBFI_A6        0.742         0.800         1.000
 DBFI_A6        0.669         0.742         0.811         1.000
 AUSI_D        -0.186        -0.207        -0.133        -0.153         1.000
 BUSI_D        -0.179        -0.245        -0.241        -0.192         0.684
 CUSI_D        -0.206        -0.221        -0.207        -0.205         0.549
 DUSI_D        -0.152        -0.250        -0.159        -0.218         0.576


           Correlations
              BUSI_D        CUSI_D        DUSI_D
              ________      ________      ________
 BUSI_D         1.000
 CUSI_D         0.640         1.000
 DUSI_D         0.620         0.706         1.000


     ESTIMATED SAMPLE STATISTICS FOR D3


           Means
              ABFI_A6       BBFI_A6       CBFI_A6       DBFI_A6       AUSI_D
              ________      ________      ________      ________      ________
               59.503        60.946        60.249        61.099        29.614


           Means
              BUSI_D        CUSI_D        DUSI_D
              ________      ________      ________
               31.220        30.213        28.896


           Covariances
              ABFI_A6       BBFI_A6       CBFI_A6       DBFI_A6       AUSI_D
              ________      ________      ________      ________      ________
 ABFI_A6      323.498
 BBFI_A6      240.573       307.282
 CBFI_A6      231.513       238.961       322.134
 DBFI_A6      222.476       240.753       236.912       299.744
 AUSI_D       -36.163       -62.493       -71.030       -37.060       326.979
 BUSI_D       -38.829       -59.040       -67.764       -40.554       200.331
 CUSI_D       -61.522       -63.825       -89.513       -80.271       182.362
 DUSI_D       -38.404       -48.397       -40.276       -40.590       156.117


           Covariances
              BUSI_D        CUSI_D        DUSI_D
              ________      ________      ________
 BUSI_D       305.762
 CUSI_D       191.756       346.288
 DUSI_D       152.628       192.260       296.454


           Correlations
              ABFI_A6       BBFI_A6       CBFI_A6       DBFI_A6       AUSI_D
              ________      ________      ________      ________      ________
 ABFI_A6        1.000
 BBFI_A6        0.763         1.000
 CBFI_A6        0.717         0.760         1.000
 DBFI_A6        0.714         0.793         0.762         1.000
 AUSI_D        -0.111        -0.197        -0.219        -0.118         1.000
 BUSI_D        -0.123        -0.193        -0.216        -0.134         0.634
 CUSI_D        -0.184        -0.196        -0.268        -0.249         0.542
 DUSI_D        -0.124        -0.160        -0.130        -0.136         0.501


           Correlations
              BUSI_D        CUSI_D        DUSI_D
              ________      ________      ________
 BUSI_D         1.000
 CUSI_D         0.589         1.000
 DUSI_D         0.507         0.600         1.000


     ESTIMATED SAMPLE STATISTICS FOR D4


           Means
              ABFI_A6       BBFI_A6       CBFI_A6       DBFI_A6       AUSI_D
              ________      ________      ________      ________      ________
               61.596        62.460        61.896        62.611        28.351


           Means
              BUSI_D        CUSI_D        DUSI_D
              ________      ________      ________
               27.234        27.504        27.963


           Covariances
              ABFI_A6       BBFI_A6       CBFI_A6       DBFI_A6       AUSI_D
              ________      ________      ________      ________      ________
 ABFI_A6      316.223
 BBFI_A6      271.400       338.599
 CBFI_A6      287.939       291.225       372.136
 DBFI_A6      260.067       263.334       300.377       328.750
 AUSI_D       -50.999       -53.918       -50.705       -42.607       377.627
 BUSI_D       -64.110       -77.065       -56.598       -70.565       283.011
 CUSI_D       -56.131       -85.831       -70.085       -67.032       270.123
 DUSI_D       -46.477       -49.365       -66.663       -45.908       215.228


           Covariances
              BUSI_D        CUSI_D        DUSI_D
              ________      ________      ________
 BUSI_D       398.031
 CUSI_D       275.248       384.155
 DUSI_D       203.116       248.646       328.881


           Correlations
              ABFI_A6       BBFI_A6       CBFI_A6       DBFI_A6       AUSI_D
              ________      ________      ________      ________      ________
 ABFI_A6        1.000
 BBFI_A6        0.829         1.000
 CBFI_A6        0.839         0.820         1.000
 DBFI_A6        0.807         0.789         0.859         1.000
 AUSI_D        -0.148        -0.151        -0.135        -0.121         1.000
 BUSI_D        -0.181        -0.210        -0.147        -0.195         0.730
 CUSI_D        -0.161        -0.238        -0.185        -0.189         0.709
 DUSI_D        -0.144        -0.148        -0.191        -0.140         0.611


           Correlations
              BUSI_D        CUSI_D        DUSI_D
              ________      ________      ________
 BUSI_D         1.000
 CUSI_D         0.704         1.000
 DUSI_D         0.561         0.700         1.000


     ESTIMATED SAMPLE STATISTICS FOR D5


           Means
              ABFI_A6       BBFI_A6       CBFI_A6       DBFI_A6       AUSI_D
              ________      ________      ________      ________      ________
               64.016        65.972        66.367        66.462        25.694


           Means
              BUSI_D        CUSI_D        DUSI_D
              ________      ________      ________
               23.334        25.554        27.625


           Covariances
              ABFI_A6       BBFI_A6       CBFI_A6       DBFI_A6       AUSI_D
              ________      ________      ________      ________      ________
 ABFI_A6      356.912
 BBFI_A6      262.571       354.972
 CBFI_A6      271.712       263.600       314.372
 DBFI_A6      229.616       242.722       258.178       308.304
 AUSI_D       -56.364       -44.265       -60.770       -55.196       342.005
 BUSI_D       -63.965       -67.589       -60.060       -87.091       172.341
 CUSI_D       -71.745       -66.965       -86.204       -72.450       248.606
 DUSI_D      -115.354      -129.198       -97.263       -90.353       218.501


           Covariances
              BUSI_D        CUSI_D        DUSI_D
              ________      ________      ________
 BUSI_D       298.940
 CUSI_D       248.281       459.393
 DUSI_D       247.572       340.646       428.666


           Correlations
              ABFI_A6       BBFI_A6       CBFI_A6       DBFI_A6       AUSI_D
              ________      ________      ________      ________      ________
 ABFI_A6        1.000
 BBFI_A6        0.738         1.000
 CBFI_A6        0.811         0.789         1.000
 DBFI_A6        0.692         0.734         0.829         1.000
 AUSI_D        -0.161        -0.127        -0.185        -0.170         1.000
 BUSI_D        -0.196        -0.207        -0.196        -0.287         0.539
 CUSI_D        -0.177        -0.166        -0.227        -0.193         0.627
 DUSI_D        -0.295        -0.331        -0.265        -0.249         0.571


           Correlations
              BUSI_D        CUSI_D        DUSI_D
              ________      ________      ________
 BUSI_D         1.000
 CUSI_D         0.670         1.000
 DUSI_D         0.692         0.768         1.000


     MAXIMUM LOG-LIKELIHOOD VALUE FOR THE UNRESTRICTED (H1) MODEL IS -21303.666


UNIVARIATE SAMPLE STATISTICS


     UNIVARIATE HIGHER-ORDER MOMENT DESCRIPTIVE STATISTICS FOR D2

         Variable/         Mean/     Skewness/   Minimum/ % with                Percentiles
        Sample Size      Variance    Kurtosis    Maximum  Min/Max      20%/60%    40%/80%    Median

     ABFI_A6              56.906      -0.118       0.000    0.33%      40.625     53.125     56.250
             301.000     366.710      -0.340     100.000    0.66%      62.500     75.000
     BBFI_A6              55.487      -0.292       3.125    0.45%      40.625     50.000     56.250
             223.000     345.312      -0.071     100.000    0.45%      62.500     71.875
     CBFI_A6              55.363      -0.172       6.250    0.47%      40.625     53.125     56.250
             215.000     344.917      -0.296      96.875    0.93%      59.375     71.875
     DBFI_A6              55.927      -0.177       3.125    0.47%      40.625     50.000     56.250
             213.000     383.277      -0.105     100.000    1.41%      59.375     71.875
     AUSI_D               34.095       0.151       0.000    6.98%      16.667     33.333     33.333
             301.000     351.891      -0.339      91.667    0.33%      41.667     50.000
     BUSI_D               32.689      -0.008       0.000    7.27%      16.667     25.000     33.333
             220.000     338.916      -0.600      91.667    0.45%      41.667     50.000
     CUSI_D               33.099       0.089       0.000    6.57%      16.667     25.000     33.333
             213.000     305.761      -0.296      83.333    0.47%      33.333     50.000
     DUSI_D               33.549       0.033       0.000    6.10%      16.667     25.000     33.333
             213.000     315.959      -0.347      83.333    0.94%      41.667     50.000


     UNIVARIATE HIGHER-ORDER MOMENT DESCRIPTIVE STATISTICS FOR D3

         Variable/         Mean/     Skewness/   Minimum/ % with                Percentiles
        Sample Size      Variance    Kurtosis    Maximum  Min/Max      20%/60%    40%/80%    Median

     ABFI_A6              59.503      -0.222       3.125    0.43%      43.750     56.250     60.714
             233.000     323.498      -0.210     100.000    0.86%      65.625     75.000
     BBFI_A6              61.072      -0.479       9.375    1.17%      46.875     56.250     62.500
             171.000     315.485      -0.030      96.875    0.58%      65.625     78.125
     CBFI_A6              60.113      -0.250      12.500    0.62%      43.750     56.250     62.500
             161.000     319.720      -0.426     100.000    0.62%      65.625     75.000
     DBFI_A6              60.908      -0.499      12.500    0.62%      46.875     56.250     62.500
             161.000     305.114      -0.172      96.875    0.62%      68.750     75.000
     AUSI_D               29.614       0.002       0.000   12.88%       8.333     25.000     33.333
             233.000     326.979      -0.435      91.667    0.43%      33.333     41.667
     BUSI_D               30.515       0.091       0.000   10.00%      16.667     25.000     33.333
             170.000     305.066      -0.063      91.667    0.59%      33.333     41.667
     CUSI_D               30.072       0.264       0.000    9.32%       8.333     25.000     33.333
             161.000     352.980      -0.551      75.000    1.86%      33.333     41.667
     DUSI_D               28.191       0.144       0.000   10.76%       8.333     25.000     29.167
             158.000     299.351      -0.487      75.000    1.27%      33.333     41.667


     UNIVARIATE HIGHER-ORDER MOMENT DESCRIPTIVE STATISTICS FOR D4

         Variable/         Mean/     Skewness/   Minimum/ % with                Percentiles
        Sample Size      Variance    Kurtosis    Maximum  Min/Max      20%/60%    40%/80%    Median

     ABFI_A6              61.596      -0.371      12.500    0.51%      43.750     59.375     64.286
             198.000     316.223      -0.401      96.875    1.52%      68.750     78.125
     BBFI_A6              62.500      -0.342       3.125    0.70%      43.750     59.375     62.500
             143.000     356.011      -0.394      96.875    1.40%      68.750     78.125
     CBFI_A6              62.216      -0.422      12.500    0.76%      43.750     59.375     62.500
             132.000     374.860      -0.198     100.000    1.52%      68.750     78.125
     DBFI_A6              63.155      -0.583      12.500    0.81%      46.875     62.500     65.625
             124.000     356.961      -0.199     100.000    0.81%      68.750     78.125
     AUSI_D               28.342       0.258       0.000   11.17%       8.333     16.667     25.000
             197.000     377.651      -0.783      83.333    0.51%      33.333     50.000
     BUSI_D               27.597       0.569       0.000   15.22%       8.333     25.000     25.000
             138.000     395.582       0.559     100.000    0.72%      33.333     41.667
     CUSI_D               28.141       0.148       0.000   17.69%       8.333     25.000     29.167
             130.000     391.309      -0.767      83.333    0.77%      33.333     41.667
     DUSI_D               28.659       0.031       0.000   14.63%       8.333     25.000     33.333
             123.000     335.531      -0.719      75.000    0.81%      33.333     41.667


     UNIVARIATE HIGHER-ORDER MOMENT DESCRIPTIVE STATISTICS FOR D5

         Variable/         Mean/     Skewness/   Minimum/ % with                Percentiles
        Sample Size      Variance    Kurtosis    Maximum  Min/Max      20%/60%    40%/80%    Median

     ABFI_A6              64.170      -0.681       6.250    1.53%      46.875     62.500     65.625
             131.000     355.121       0.247     100.000    0.76%      71.875     78.125
     BBFI_A6              66.899      -0.889       3.125    1.16%      53.125     65.625     71.875
              86.000     368.066       0.602      96.875    1.16%      75.000     84.375
     CBFI_A6              67.950      -1.067       6.250    1.22%      53.125     65.625     71.875
              82.000     330.319       1.387      93.750    6.10%      75.000     81.250
     DBFI_A6              68.298      -0.902       9.375    1.32%      53.125     68.750     71.875
              76.000     311.653       0.638      96.875    3.95%      78.125     81.250
     AUSI_D               25.694       0.348       0.000   15.91%       8.333     16.667     25.000
             132.000     342.005      -0.680      75.000    0.76%      33.333     41.667
     BUSI_D               22.797       0.355       0.000   20.69%       0.000     16.667     25.000
              87.000     297.669      -0.593      66.667    2.30%      25.000     41.667
     CUSI_D               24.797       0.742       0.000   18.29%       8.333     16.667     16.667
              82.000     438.644       0.000      91.667    1.22%      25.000     41.667
     DUSI_D               25.768       0.437       0.000   19.74%       0.000     16.667     25.000
              76.000     427.956      -0.736      83.333    1.32%      33.333     50.000


THE MODEL ESTIMATION TERMINATED NORMALLY



MODEL FIT INFORMATION

Number of Free Parameters                       96

Loglikelihood

          H0 Value                      -21352.666
          H0 Scaling Correction Factor      1.0204
            for MLR

Information Criteria

          Akaike (AIC)                   42897.333
          Bayesian (BIC)                 43354.444
          Sample-Size Adjusted BIC       43049.572
            (n* = (n + 2) / 24)



MODEL RESULTS

                                                    Two-Tailed
                    Estimate       S.E.  Est./S.E.    P-Value

Group D2

 P1       BY
    ABFI_A6            1.000      0.000    999.000    999.000

 P2       BY
    BBFI_A6            1.000      0.000    999.000    999.000

 P3       BY
    CBFI_A6            1.000      0.000    999.000    999.000

 P4       BY
    DBFI_A6            1.000      0.000    999.000    999.000

 V1       BY
    AUSI_D             1.000      0.000    999.000    999.000

 V2       BY
    BUSI_D             1.000      0.000    999.000    999.000

 V3       BY
    CUSI_D             1.000      0.000    999.000    999.000

 V4       BY
    DUSI_D             1.000      0.000    999.000    999.000

 P4         ON
    P3                 0.229      0.100      2.283      0.022
    V3                -0.053      0.066     -0.808      0.419

 P3         ON
    P2                 0.229      0.100      2.283      0.022
    V2                -0.053      0.066     -0.808      0.419

 P2         ON
    P1                 0.229      0.100      2.283      0.022
    V1                -0.053      0.066     -0.808      0.419

 V4         ON
    V3                 0.234      0.066      3.538      0.000
    P3                 0.084      0.082      1.026      0.305

 V3         ON
    V2                 0.234      0.066      3.538      0.000
    P2                 0.084      0.082      1.026      0.305

 V2         ON
    V1                 0.234      0.066      3.538      0.000
    P1                 0.084      0.082      1.026      0.305

 S_BFI_A6 WITH
    I_BFI_A6           5.812     18.651      0.312      0.755
    S_USI_D           -0.089      1.489     -0.060      0.952
    I_USI_D           -0.540     15.738     -0.034      0.973

 I_BFI_A6 WITH
    S_USI_D           -8.262     15.743     -0.525      0.600
    I_USI_D         -142.034    158.254     -0.898      0.369

 S_USI_D  WITH
    I_USI_D            6.278     17.291      0.363      0.717

 P1       WITH
    V1               -17.568     16.191     -1.085      0.278

 P2       WITH
    V2                -4.659      7.612     -0.612      0.540

 P3       WITH
    V3                -4.659      7.612     -0.612      0.540

 P4       WITH
    V4                -4.659      7.612     -0.612      0.540

 Means
    P1                 0.000      0.000    999.000    999.000
    V1                 0.000      0.000    999.000    999.000
    I_BFI_A6          52.486      2.616     20.067      0.000
    S_BFI_A6          -0.368      0.246     -1.496      0.135
    I_USI_D           32.837      2.609     12.586      0.000
    S_USI_D           -0.089      0.247     -0.358      0.720

 Intercepts
    ABFI_A6            0.000      0.000    999.000    999.000
    BBFI_A6            0.000      0.000    999.000    999.000
    CBFI_A6            0.000      0.000    999.000    999.000
    DBFI_A6            0.000      0.000    999.000    999.000
    AUSI_D             0.000      0.000    999.000    999.000
    BUSI_D             0.000      0.000    999.000    999.000
    CUSI_D             0.000      0.000    999.000    999.000
    DUSI_D             0.000      0.000    999.000    999.000
    P2                 0.000      0.000    999.000    999.000
    P3                 0.000      0.000    999.000    999.000
    P4                 0.000      0.000    999.000    999.000
    V2                 0.000      0.000    999.000    999.000
    V3                 0.000      0.000    999.000    999.000
    V4                 0.000      0.000    999.000    999.000

 Variances
    P1               122.128     25.892      4.717      0.000
    V1               164.584     24.862      6.620      0.000
    I_BFI_A6         299.924    193.889      1.547      0.122
    S_BFI_A6           0.696      1.898      0.367      0.714
    I_USI_D          264.875    183.565      1.443      0.149
    S_USI_D            0.480      1.655      0.290      0.772

 Residual Variances
    ABFI_A6            0.000      0.000    999.000    999.000
    BBFI_A6            0.000      0.000    999.000    999.000
    CBFI_A6            0.000      0.000    999.000    999.000
    DBFI_A6            0.000      0.000    999.000    999.000
    AUSI_D             0.000      0.000    999.000    999.000
    BUSI_D             0.000      0.000    999.000    999.000
    CUSI_D             0.000      0.000    999.000    999.000
    DUSI_D             0.000      0.000    999.000    999.000
    P2                89.592     11.128      8.051      0.000
    P3                89.592     11.128      8.051      0.000
    P4                89.592     11.128      8.051      0.000
    V2               128.430     11.569     11.101      0.000
    V3               128.430     11.569     11.101      0.000
    V4               128.430     11.569     11.101      0.000

Group D3

 P1       BY
    ABFI_A6            1.000      0.000    999.000    999.000

 P2       BY
    BBFI_A6            1.000      0.000    999.000    999.000

 P3       BY
    CBFI_A6            1.000      0.000    999.000    999.000

 P4       BY
    DBFI_A6            1.000      0.000    999.000    999.000

 V1       BY
    AUSI_D             1.000      0.000    999.000    999.000

 V2       BY
    BUSI_D             1.000      0.000    999.000    999.000

 V3       BY
    CUSI_D             1.000      0.000    999.000    999.000

 V4       BY
    DUSI_D             1.000      0.000    999.000    999.000

 P4         ON
    P3                -0.002      0.076     -0.025      0.980
    V3                -0.078      0.046     -1.677      0.094

 P3         ON
    P2                -0.002      0.076     -0.025      0.980
    V2                -0.078      0.046     -1.677      0.094

 P2         ON
    P1                -0.002      0.076     -0.025      0.980
    V1                -0.078      0.046     -1.677      0.094

 V4         ON
    V3                 0.188      0.095      1.981      0.048
    P3                 0.137      0.091      1.506      0.132

 V3         ON
    V2                 0.188      0.095      1.981      0.048
    P2                 0.137      0.091      1.506      0.132

 V2         ON
    V1                 0.188      0.095      1.981      0.048
    P1                 0.137      0.091      1.506      0.132

 S_BFI_A6 WITH
    I_BFI_A6           3.243      3.271      0.991      0.322
    S_USI_D           -1.340      0.899     -1.491      0.136
    I_USI_D           -0.166      3.628     -0.046      0.964

 I_BFI_A6 WITH
    S_USI_D           -3.116      3.968     -0.785      0.432
    I_USI_D          -44.539     17.696     -2.517      0.012

 S_USI_D  WITH
    I_USI_D           -1.330      3.097     -0.429      0.668

 P1       WITH
    V1                20.785     11.796      1.762      0.078

 P2       WITH
    V2                -4.491      7.398     -0.607      0.544

 P3       WITH
    V3                -4.491      7.398     -0.607      0.544

 P4       WITH
    V4                -4.491      7.398     -0.607      0.544

 Means
    P1                 0.000      0.000    999.000    999.000
    V1                 0.000      0.000    999.000    999.000
    I_BFI_A6          60.564      1.077     56.219      0.000
    S_BFI_A6           0.248      0.242      1.023      0.306
    I_USI_D           29.727      0.999     29.742      0.000
    S_USI_D           -0.219      0.274     -0.801      0.423

 Intercepts
    ABFI_A6            0.000      0.000    999.000    999.000
    BBFI_A6            0.000      0.000    999.000    999.000
    CBFI_A6            0.000      0.000    999.000    999.000
    DBFI_A6            0.000      0.000    999.000    999.000
    AUSI_D             0.000      0.000    999.000    999.000
    BUSI_D             0.000      0.000    999.000    999.000
    CUSI_D             0.000      0.000    999.000    999.000
    DUSI_D             0.000      0.000    999.000    999.000
    P2                 0.000      0.000    999.000    999.000
    P3                 0.000      0.000    999.000    999.000
    P4                 0.000      0.000    999.000    999.000
    V2                 0.000      0.000    999.000    999.000
    V3                 0.000      0.000    999.000    999.000
    V4                 0.000      0.000    999.000    999.000

 Variances
    P1                91.416     13.540      6.751      0.000
    V1               149.872     22.612      6.628      0.000
    I_BFI_A6         226.036     24.708      9.148      0.000
    S_BFI_A6           1.397      0.865      1.616      0.106
    I_USI_D          148.260     23.417      6.331      0.000
    S_USI_D            1.608      0.972      1.654      0.098

 Residual Variances
    ABFI_A6            0.000      0.000    999.000    999.000
    BBFI_A6            0.000      0.000    999.000    999.000
    CBFI_A6            0.000      0.000    999.000    999.000
    DBFI_A6            0.000      0.000    999.000    999.000
    AUSI_D             0.000      0.000    999.000    999.000
    BUSI_D             0.000      0.000    999.000    999.000
    CUSI_D             0.000      0.000    999.000    999.000
    DUSI_D             0.000      0.000    999.000    999.000
    P2                69.249      7.265      9.532      0.000
    P3                69.249      7.265      9.532      0.000
    P4                69.249      7.265      9.532      0.000
    V2               149.179     16.102      9.265      0.000
    V3               149.179     16.102      9.265      0.000
    V4               149.179     16.102      9.265      0.000

Group D4

 P1       BY
    ABFI_A6            1.000      0.000    999.000    999.000

 P2       BY
    BBFI_A6            1.000      0.000    999.000    999.000

 P3       BY
    CBFI_A6            1.000      0.000    999.000    999.000

 P4       BY
    DBFI_A6            1.000      0.000    999.000    999.000

 V1       BY
    AUSI_D             1.000      0.000    999.000    999.000

 V2       BY
    BUSI_D             1.000      0.000    999.000    999.000

 V3       BY
    CUSI_D             1.000      0.000    999.000    999.000

 V4       BY
    DUSI_D             1.000      0.000    999.000    999.000

 P4         ON
    P3                 0.167      0.151      1.106      0.269
    V3                 0.001      0.073      0.018      0.986

 P3         ON
    P2                 0.167      0.151      1.106      0.269
    V2                 0.001      0.073      0.018      0.986

 P2         ON
    P1                 0.167      0.151      1.106      0.269
    V1                 0.001      0.073      0.018      0.986

 V4         ON
    V3                 0.217      0.102      2.125      0.034
    P3                -0.230      0.124     -1.853      0.064

 V3         ON
    V2                 0.217      0.102      2.125      0.034
    P2                -0.230      0.124     -1.853      0.064

 V2         ON
    V1                 0.217      0.102      2.125      0.034
    P1                -0.230      0.124     -1.853      0.064

 S_BFI_A6 WITH
    I_BFI_A6          -7.661     13.127     -0.584      0.559
    S_USI_D            0.677      0.955      0.710      0.478
    I_USI_D           -9.420     11.599     -0.812      0.417

 I_BFI_A6 WITH
    S_USI_D           -7.174     10.591     -0.677      0.498
    I_USI_D           43.606    113.492      0.384      0.701

 S_USI_D  WITH
    I_USI_D          -15.012     12.638     -1.188      0.235

 P1       WITH
    V1               -12.858     10.483     -1.227      0.220

 P2       WITH
    V2                -5.302      7.264     -0.730      0.465

 P3       WITH
    V3                -5.302      7.264     -0.730      0.465

 P4       WITH
    V4                -5.302      7.264     -0.730      0.465

 Means
    P1                 0.000      0.000    999.000    999.000
    V1                 0.000      0.000    999.000    999.000
    I_BFI_A6          59.339      2.708     21.910      0.000
    S_BFI_A6           0.269      0.261      1.030      0.303
    I_USI_D           30.541      3.173      9.624      0.000
    S_USI_D           -0.293      0.308     -0.952      0.341

 Intercepts
    ABFI_A6            0.000      0.000    999.000    999.000
    BBFI_A6            0.000      0.000    999.000    999.000
    CBFI_A6            0.000      0.000    999.000    999.000
    DBFI_A6            0.000      0.000    999.000    999.000
    AUSI_D             0.000      0.000    999.000    999.000
    BUSI_D             0.000      0.000    999.000    999.000
    CUSI_D             0.000      0.000    999.000    999.000
    DUSI_D             0.000      0.000    999.000    999.000
    P2                 0.000      0.000    999.000    999.000
    P3                 0.000      0.000    999.000    999.000
    P4                 0.000      0.000    999.000    999.000
    V2                 0.000      0.000    999.000    999.000
    V3                 0.000      0.000    999.000    999.000
    V4                 0.000      0.000    999.000    999.000

 Variances
    P1                48.056     11.528      4.169      0.000
    V1               114.919     29.259      3.928      0.000
    I_BFI_A6         346.437    132.417      2.616      0.009
    S_BFI_A6           0.695      1.346      0.516      0.606
    I_USI_D          397.995    134.947      2.949      0.003
    S_USI_D            1.290      1.267      1.018      0.309

 Residual Variances
    ABFI_A6            0.000      0.000    999.000    999.000
    BBFI_A6            0.000      0.000    999.000    999.000
    CBFI_A6            0.000      0.000    999.000    999.000
    DBFI_A6            0.000      0.000    999.000    999.000
    AUSI_D             0.000      0.000    999.000    999.000
    BUSI_D             0.000      0.000    999.000    999.000
    CUSI_D             0.000      0.000    999.000    999.000
    DUSI_D             0.000      0.000    999.000    999.000
    P2                69.200     13.425      5.154      0.000
    P3                69.200     13.425      5.154      0.000
    P4                69.200     13.425      5.154      0.000
    V2               135.590     15.594      8.695      0.000
    V3               135.590     15.594      8.695      0.000
    V4               135.590     15.594      8.695      0.000

Group D5

 P1       BY
    ABFI_A6            1.000      0.000    999.000    999.000

 P2       BY
    BBFI_A6            1.000      0.000    999.000    999.000

 P3       BY
    CBFI_A6            1.000      0.000    999.000    999.000

 P4       BY
    DBFI_A6            1.000      0.000    999.000    999.000

 V1       BY
    AUSI_D             1.000      0.000    999.000    999.000

 V2       BY
    BUSI_D             1.000      0.000    999.000    999.000

 V3       BY
    CUSI_D             1.000      0.000    999.000    999.000

 V4       BY
    DUSI_D             1.000      0.000    999.000    999.000

 P4         ON
    P3                 0.132      0.183      0.720      0.472
    V3                 0.148      0.075      1.975      0.048

 P3         ON
    P2                 0.132      0.183      0.720      0.472
    V2                 0.148      0.075      1.975      0.048

 P2         ON
    P1                 0.132      0.183      0.720      0.472
    V1                 0.148      0.075      1.975      0.048

 V4         ON
    V3                 0.041      0.129      0.320      0.749
    P3                 0.243      0.133      1.828      0.068

 V3         ON
    V2                 0.041      0.129      0.320      0.749
    P2                 0.243      0.133      1.828      0.068

 V2         ON
    V1                 0.041      0.129      0.320      0.749
    P1                 0.243      0.133      1.828      0.068

 S_BFI_A6 WITH
    I_BFI_A6         -39.425     13.259     -2.974      0.003
    S_USI_D            0.704      0.824      0.854      0.393
    I_USI_D          -14.051     12.360     -1.137      0.256

 I_BFI_A6 WITH
    S_USI_D          -27.567     20.691     -1.332      0.183
    I_USI_D          432.788    333.781      1.297      0.195

 S_USI_D  WITH
    I_USI_D          -15.825     20.383     -0.776      0.438

 P1       WITH
    V1                 0.843     19.755      0.043      0.966

 P2       WITH
    V2                13.638     10.670      1.278      0.201

 P3       WITH
    V3                13.638     10.670      1.278      0.201

 P4       WITH
    V4                13.638     10.670      1.278      0.201

 Means
    P1                 0.000      0.000    999.000    999.000
    V1                 0.000      0.000    999.000    999.000
    I_BFI_A6          49.693      6.405      7.758      0.000
    S_BFI_A6           0.879      0.334      2.627      0.009
    I_USI_D           27.365      7.418      3.689      0.000
    S_USI_D           -0.098      0.426     -0.230      0.818

 Intercepts
    ABFI_A6            0.000      0.000    999.000    999.000
    BBFI_A6            0.000      0.000    999.000    999.000
    CBFI_A6            0.000      0.000    999.000    999.000
    DBFI_A6            0.000      0.000    999.000    999.000
    AUSI_D             0.000      0.000    999.000    999.000
    BUSI_D             0.000      0.000    999.000    999.000
    CUSI_D             0.000      0.000    999.000    999.000
    DUSI_D             0.000      0.000    999.000    999.000
    P2                 0.000      0.000    999.000    999.000
    P3                 0.000      0.000    999.000    999.000
    P4                 0.000      0.000    999.000    999.000
    V2                 0.000      0.000    999.000    999.000
    V3                 0.000      0.000    999.000    999.000
    V4                 0.000      0.000    999.000    999.000

 Variances
    P1                88.012     21.856      4.027      0.000
    V1               169.973     33.544      5.067      0.000
    I_BFI_A6        1192.750    325.067      3.669      0.000
    S_BFI_A6           1.405      0.541      2.598      0.009
    I_USI_D          257.664    341.238      0.755      0.450
    S_USI_D            1.688      1.334      1.266      0.206

 Residual Variances
    ABFI_A6            0.000      0.000    999.000    999.000
    BBFI_A6            0.000      0.000    999.000    999.000
    CBFI_A6            0.000      0.000    999.000    999.000
    DBFI_A6            0.000      0.000    999.000    999.000
    AUSI_D             0.000      0.000    999.000    999.000
    BUSI_D             0.000      0.000    999.000    999.000
    CUSI_D             0.000      0.000    999.000    999.000
    DUSI_D             0.000      0.000    999.000    999.000
    P2                81.348     23.184      3.509      0.000
    P3                81.348     23.184      3.509      0.000
    P4                81.348     23.184      3.509      0.000
    V2               124.437     22.957      5.421      0.000
    V3               124.437     22.957      5.421      0.000
    V4               124.437     22.957      5.421      0.000


QUALITY OF NUMERICAL RESULTS

     Condition Number for the Information Matrix              0.560E-06
       (ratio of smallest to largest eigenvalue)


     Beginning Time:  12:45:49
        Ending Time:  12:46:14
       Elapsed Time:  00:00:25



MUTHEN & MUTHEN
3463 Stoner Ave.
Los Angeles, CA  90066

Tel: (310) 391-9971
Fax: (310) 391-8971
Web: www.StatModel.com
Support: Support@StatModel.com

Copyright (c) 1998-2017 Muthen & Muthen
