Mplus VERSION 7 (Mac)
MUTHEN & MUTHEN
10/27/2017  10:08 AM

INPUT INSTRUCTIONS


  title: PxVx Bivariate LCM-SR - Col Linear BFI_C with Linear VRT_IND;
  data: file = /Users/johnflournoy/code/lnt_pxvx/Data/LT_227.txt;



  variable:
  names =
  subjid
  Sample
  aGENDER
  aAGE
  aethnic1
  aethnic2
  aedu_mom
  aedu_dad
  aEDUCATN
  bEDUCATN
  cEDUCATN
  aEMPLOYD
  bEMPLOYD
  cEMPLOYD
  dEMPLOYD
  aINCOME
  bINCOME
  cINCOME
  dINCOME
  aS_SCALE
  bS_SCALE
  cS_SCALE
  dS_SCALE
  aD_SCALE
  bD_SCALE
  cD_SCALE
  dD_SCALE
  aS_COMP
  bS_COMP
  cS_COMP
  dS_COMP
  aD_COMP
  bD_COMP
  cD_COMP
  dD_COMP
  aBFI_A
  aBFI_A6
  aBFI_C
  aBFI_E
  aBFI_HP
  aBFI_N
  aBFI_O
  bBFI_A
  bBFI_A6
  bBFI_C
  bBFI_E
  bBFI_HP
  bBFI_N
  bBFI_O
  cBFI_A
  cBFI_A6
  cBFI_C
  cBFI_E
  cBFI_HP
  cBFI_N
  cBFI_O
  dBFI_A
  dBFI_A6
  dBFI_C
  dBFI_E
  dBFI_HP
  dBFI_N
  dBFI_O
  aBFA_AC
  aBFA_AP
  aBFA_CI
  aBFA_CO
  aBFA_EA
  aBFA_EE
  aBFA_N9
  aBFA_NV
  aBFA_NW
  aBFA_OI
  aBFA_OO
  aBFA_PS
  aBFA_MT
  bBFA_AC
  bBFA_AP
  bBFA_CI
  bBFA_CO
  bBFA_EA
  bBFA_EE
  bBFA_N9
  bBFA_NV
  bBFA_NW
  bBFA_OI
  bBFA_OO
  bBFA_MT
  bBFA_PS
  cBFA_AC
  cBFA_AP
  cBFA_CI
  cBFA_CO
  cBFA_EA
  cBFA_EE
  cBFA_N9
  cBFA_NV
  cBFA_NW
  cBFA_OI
  cBFA_OO
  cBFA_MT
  cBFA_PS
  dBFA_AC
  dBFA_AP
  dBFA_CI
  dBFA_CO
  dBFA_EA
  dBFA_EE
  dBFA_N9
  dBFA_NV
  dBFA_NW
  dBFA_OI
  dBFA_OO
  dBFA_MT
  dBFA_PS
  aUSI
  bUSI
  cUSI
  dUSI
  aHRZ_IND
  bHRZ_IND
  cHRZ_IND
  dHRZ_IND
  aVRT_IND
  bVRT_IND
  cVRT_IND
  dVRT_IND
  aHRZ_COL
  bHRZ_COL
  cHRZ_COL
  dHRZ_COL
  aVRT_COL
  bVRT_COL
  cVRT_COL
  dVRT_COL
  aCOLLCTV
  bCOLLCTV
  cCOLLCTV
  dCOLLCTV
  aMVS
  bMVS
  cMVS
  dMVS
  aST
  bST
  cST
  dST
  aSD
  bSD
  cSD
  dSD
  aMVS_mc
  bMVS_mc
  cMVS_mc
  dMVS_mc
  aST_mc
  bST_mc
  cST_mc
  dST_mc
  aSD_mc
  bSD_mc
  cSD_mc
  dSD_mc
  bMEANING
  cMEANING
  dMEANING
  bMEAN_L
  cMEAN_L
  dMEAN_L
  bMEANNGc
  cMEANNGc
  dMEANNGc
  bMEANGlc
  cMEANGlc
  dMEANGlc
  bCLASSIC
  cCLASSIC
  dCLASSIC
  bCLASSCc
  cCLASSCc
  dCLASSCc
  bAGR_VAL
  cAGR_VAL
  dAGR_VAL
  bOPN_VAL
  cOPN_VAL
  dOPN_VAL
  bAGR_VLc
  cAGR_VLc
  dAGR_VLc
  bOPNVALc
  cOPNVALc
  dOPNVALc
  aMV_pomp
  bMV_pomp
  cMV_pomp
  dMV_pomp
  aST_pomp
  bST_pomp
  cST_pomp
  dST_pomp
  aSD_pomp
  bSD_pomp
  cSD_pomp
  dSD_pomp
  agoal_ec
  bgoal_ec
  cgoal_ec
  dgoal_ec
  aAspfinc
  bAspfinc
  cAspfinc
  dAspfinc
  abfi_hp8
  bbfi_hp8
  cbfi_hp8
  dbfi_hp8
  aP_S_BFI
  aP_D_BFI
  aECgoalc
  bECgoalC
  cECgoalC
  dECgoalC
  aaspfin
  baspfin
  caspfin
  daspfin
  aMVI_POMP
  bMVI_POMP
  cMVI_POMP
  dMVI_POMP;

  USEVARIABLES =
  aBFI_C
  bBFI_C
  cBFI_C
  dBFI_C
  aVRT_IND
  bVRT_IND
  cVRT_IND
  dVRT_IND
  a1
  a2
  a3
  a4
  ;

  missing = all (-9999);

  USEOBSERVATIONS are Sample == 2; ! College Sample

  tscores = a1 a2 a3 a4;

  DEFINE:
  a1 = aAGE + 0 - 20.5;
  a2 = aAGE + 1 - 20.5;
  a3 = aAGE + 2 - 20.5;
  a4 = aAGE + 3 - 20.5;

  ANALYSIS:
  TYPE=RANDOM;
  PROCESSORS = 4;
  model=nocovariances; ! supresses default estimation of certain covs in model;

  MODEL:

  i_BFI_C s_BFI_C | aBFI_C bBFI_C cBFI_C dBFI_C AT a1 a2 a3 a4;
  i_VRT_IND s_VRT_IND | aVRT_IND bVRT_IND cVRT_IND dVRT_IND AT a1 a2 a3 a4;

  ! freeing factor covs because of "nocovariances"
  s_BFI_C WITH i_BFI_C s_VRT_IND i_VRT_IND;
  i_BFI_C WITH s_VRT_IND i_VRT_IND;
  s_VRT_IND WITH i_VRT_IND;

  p1 BY aBFI_C@1; ! Residual "factors";
  p2 BY bBFI_C@1;
  p3 BY cBFI_C@1;
  p4 BY dBFI_C@1;

  v1 BY aVRT_IND@1; ! Residual "factors";
  v2 BY bVRT_IND@1;
  v3 BY cVRT_IND@1;
  v4 BY dVRT_IND@1;

  !residual variances on observed/manifest vars set to 0
  aBFI_C@0;
  bBFI_C@0;
  cBFI_C@0;
  dBFI_C@0;

  !residual variances on observed/manifest vars set to 0
  aVRT_IND@0;
  bVRT_IND@0;
  cVRT_IND@0;
  dVRT_IND@0;

  ! means of observed/manifest vars set to 0
  [aBFI_C@0];
  [bBFI_C@0];
  [cBFI_C@0];
  [dBFI_C@0];

  ! means of observed/manifest vars set to 0
  [aVRT_IND@0];
  [bVRT_IND@0];
  [cVRT_IND@0];
  [dVRT_IND@0];

  [p1@0]; ! means of residual "factors" set to 0
  [p2@0];
  [p3@0];
  [p4@0];

  [v1@0]; ! means of residual "factors" set to 0
  [v2@0];
  [v3@0];
  [v4@0];

  p4 on p3 (a); ! Autoregressive paths constrained to equality
  p3 on p2 (a);
  p2 on p1 (a);

  v4 on v3 (b); ! Autoregressive paths constrained to equality
  v3 on v2 (b);
  v2 on v1 (b);

  p4 on v3 (c); ! Cross-lagged paths constrained to equality
  p3 on v2 (c);
  p2 on v1 (c);

  v4 on p3 (d); ! Cross-lagged paths constrained to equality
  v3 on p2 (d);
  v2 on p1 (d);

  p1 with v1 (e); ! Within-wave correlations constrained to equality
  p2 with v2 (e);
  p3 with v3 (e);
  p4 with v4 (e);

  p2 p3 p4 (f); ! estimate variances of residual "factors"
  v2 v3 v4 (g); ! estimate variances of residual "factors"

  OUTPUT: SAMPSTAT PATTERNS;



*** WARNING
  Variable name contains more than 8 characters.
  Only the first 8 characters will be printed in the output.
  Variable: AMVI_POMP
*** WARNING
  Variable name contains more than 8 characters.
  Only the first 8 characters will be printed in the output.
  Variable: BMVI_POMP
*** WARNING
  Variable name contains more than 8 characters.
  Only the first 8 characters will be printed in the output.
  Variable: CMVI_POMP
*** WARNING
  Variable name contains more than 8 characters.
  Only the first 8 characters will be printed in the output.
  Variable: DMVI_POMP
*** WARNING
  Variable name contains more than 8 characters.
  Only the first 8 characters will be printed in the output.
  Variable: I_VRT_IND
*** WARNING
  Variable name contains more than 8 characters.
  Only the first 8 characters will be printed in the output.
  Variable: S_VRT_IND
*** WARNING
  Data set contains cases with missing on all variables.
  These cases were not included in the analysis.
  Number of cases with missing on all variables:  1
*** WARNING
  Data set contains cases with missing on time scores but non-missing on the
  corresponding dependent variables.  These cases were not included in the analysis.
  Number of such cases:  3
   8 WARNING(S) FOUND IN THE INPUT INSTRUCTIONS



PxVx Bivariate LCM-SR - Col Linear BFI_C with Linear VRT_IND;

SUMMARY OF ANALYSIS

Number of groups                                                 1
Number of observations                                         276

Number of dependent variables                                    8
Number of independent variables                                  0
Number of continuous latent variables                           12

Observed dependent variables

  Continuous
   ABFI_C      BBFI_C      CBFI_C      DBFI_C      AVRT_IND    BVRT_IND
   CVRT_IND    DVRT_IND

Continuous latent variables
   P1          P2          P3          P4          V1          V2
   V3          V4          I_BFI_C     S_BFI_C     I_VRT_IN    S_VRT_IN

Variables with special functions

  Time scores
   A1          A2          A3          A4


Estimator                                                      MLR
Information matrix                                        OBSERVED
Maximum number of iterations                                   100
Convergence criterion                                    0.100D-05
Maximum number of EM iterations                                500
Convergence criteria for the EM algorithm
  Loglikelihood change                                   0.100D-02
  Relative loglikelihood change                          0.100D-05
  Derivative                                             0.100D-03
Minimum variance                                         0.100D-03
Maximum number of steepest descent iterations                   20
Maximum number of iterations for H1                           2000
Convergence criterion for H1                             0.100D-03
Optimization algorithm                                         EMA

Input data file(s)
  /Users/johnflournoy/code/lnt_pxvx/Data/LT_227.txt
Input data format  FREE


SUMMARY OF DATA

     Number of missing data patterns            15


SUMMARY OF MISSING DATA PATTERNS


     MISSING DATA PATTERNS (x = not missing)

           1  2  3  4  5  6  7  8  9 10 11 12 13 14 15
 ABFI_C    x  x  x  x  x  x  x  x  x  x  x  x  x  x  x
 BBFI_C    x  x     x        x  x     x  x        x  x
 CBFI_C    x  x  x                 x  x     x        x
 DBFI_C    x     x        x  x  x  x  x  x           x
 AVRT_IND  x  x  x  x  x  x  x  x  x  x  x  x     x  x
 BVRT_IND  x  x     x           x     x  x
 CVRT_IND  x  x  x                 x  x     x        x
 DVRT_IND  x              x     x  x                 x


     MISSING DATA PATTERN FREQUENCIES

    Pattern   Frequency     Pattern   Frequency     Pattern   Frequency
          1         138           6          11          11           1
          2          10           7           1          12           4
          3           2           8          16          13           1
          4          26           9           9          14           2
          5          52          10           2          15           1


COVARIANCE COVERAGE OF DATA

Minimum covariance coverage value   0.100


     PROPORTION OF DATA PRESENT


           Covariance Coverage
              ABFI_C        BBFI_C        CBFI_C        DBFI_C        AVRT_IND
              ________      ________      ________      ________      ________
 ABFI_C         1.000
 BBFI_C         0.714         0.714
 CBFI_C         0.601         0.547         0.601
 DBFI_C         0.656         0.576         0.551         0.656
 AVRT_IND       0.996         0.714         0.601         0.656         0.996
 BVRT_IND       0.699         0.699         0.543         0.569         0.699
 CVRT_IND       0.601         0.547         0.601         0.551         0.601
 DVRT_IND       0.634         0.562         0.536         0.634         0.634


           Covariance Coverage
              BVRT_IND      CVRT_IND      DVRT_IND
              ________      ________      ________
 BVRT_IND       0.699
 CVRT_IND       0.543         0.601
 DVRT_IND       0.558         0.536         0.634


SAMPLE STATISTICS


     ESTIMATED SAMPLE STATISTICS


           Means
              ABFI_C        BBFI_C        CBFI_C        DBFI_C        AVRT_IND
              ________      ________      ________      ________      ________
 1             65.133        66.371        65.887        67.442        49.317


           Means
              BVRT_IND      CVRT_IND      DVRT_IND
              ________      ________      ________
 1             47.153        47.896        47.044


           Covariances
              ABFI_C        BBFI_C        CBFI_C        DBFI_C        AVRT_IND
              ________      ________      ________      ________      ________
 ABFI_C       252.398
 BBFI_C       190.866       255.274
 CBFI_C       182.904       210.118       271.940
 DBFI_C       181.636       201.248       219.061       262.644
 AVRT_IND      42.276        21.531        -2.177        16.203       387.362
 BVRT_IND      40.163        23.316        -4.871        19.907       261.006
 CVRT_IND       1.518        -4.918       -12.923         6.367       264.985
 DVRT_IND      13.874        -0.949        -2.121        11.282       234.794


           Covariances
              BVRT_IND      CVRT_IND      DVRT_IND
              ________      ________      ________
 BVRT_IND     380.589
 CVRT_IND     263.485       399.762
 DVRT_IND     246.357       274.377       394.445


           Correlations
              ABFI_C        BBFI_C        CBFI_C        DBFI_C        AVRT_IND
              ________      ________      ________      ________      ________
 ABFI_C         1.000
 BBFI_C         0.752         1.000
 CBFI_C         0.698         0.797         1.000
 DBFI_C         0.705         0.777         0.820         1.000
 AVRT_IND       0.135         0.068        -0.007         0.051         1.000
 BVRT_IND       0.130         0.075        -0.015         0.063         0.680
 CVRT_IND       0.005        -0.015        -0.039         0.020         0.673
 DVRT_IND       0.044        -0.003        -0.006         0.035         0.601


           Correlations
              BVRT_IND      CVRT_IND      DVRT_IND
              ________      ________      ________
 BVRT_IND       1.000
 CVRT_IND       0.676         1.000
 DVRT_IND       0.636         0.691         1.000


     MAXIMUM LOG-LIKELIHOOD VALUE FOR THE UNRESTRICTED (H1) MODEL IS -6527.338


THE MODEL ESTIMATION TERMINATED NORMALLY



MODEL FIT INFORMATION

Number of Free Parameters                       23

Loglikelihood

          H0 Value                       -6535.890
          H0 Scaling Correction Factor      1.1667
            for MLR

Information Criteria

          Akaike (AIC)                   13117.781
          Bayesian (BIC)                 13201.050
          Sample-Size Adjusted BIC       13128.121
            (n* = (n + 2) / 24)



MODEL RESULTS

                                                    Two-Tailed
                    Estimate       S.E.  Est./S.E.    P-Value

 P1       BY
    ABFI_C             1.000      0.000    999.000    999.000

 P2       BY
    BBFI_C             1.000      0.000    999.000    999.000

 P3       BY
    CBFI_C             1.000      0.000    999.000    999.000

 P4       BY
    DBFI_C             1.000      0.000    999.000    999.000

 V1       BY
    AVRT_IND           1.000      0.000    999.000    999.000

 V2       BY
    BVRT_IND           1.000      0.000    999.000    999.000

 V3       BY
    CVRT_IND           1.000      0.000    999.000    999.000

 V4       BY
    DVRT_IND           1.000      0.000    999.000    999.000

 P4         ON
    P3                 0.098      0.110      0.886      0.376
    V3                 0.013      0.059      0.221      0.825

 P3         ON
    P2                 0.098      0.110      0.886      0.376
    V2                 0.013      0.059      0.221      0.825

 P2         ON
    P1                 0.098      0.110      0.886      0.376
    V1                 0.013      0.059      0.221      0.825

 V4         ON
    V3                -0.028      0.119     -0.238      0.812
    P3                 0.131      0.099      1.326      0.185

 V3         ON
    V2                -0.028      0.119     -0.238      0.812
    P2                 0.131      0.099      1.326      0.185

 V2         ON
    V1                -0.028      0.119     -0.238      0.812
    P1                 0.131      0.099      1.326      0.185

 S_BFI_C  WITH
    I_BFI_C            2.559      7.170      0.357      0.721
    S_VRT_IND          1.835      2.219      0.827      0.408
    I_VRT_IND         -7.184      5.602     -1.282      0.200

 I_BFI_C  WITH
    S_VRT_IND         -9.608      7.660     -1.254      0.210
    I_VRT_IND         29.679     20.707      1.433      0.152

 S_VRT_IN WITH
    I_VRT_IND        -16.942     10.699     -1.583      0.113

 P1       WITH
    V1                 6.152      7.028      0.875      0.381

 P2       WITH
    V2                 6.152      7.028      0.875      0.381

 P3       WITH
    V3                 6.152      7.028      0.875      0.381

 P4       WITH
    V4                 6.152      7.028      0.875      0.381

 Means
    P1                 0.000      0.000    999.000    999.000
    V1                 0.000      0.000    999.000    999.000
    I_BFI_C           65.383      0.949     68.889      0.000
    S_BFI_C            0.534      0.295      1.812      0.070
    I_VRT_IND         49.045      1.189     41.232      0.000
    S_VRT_IND         -0.679      0.403     -1.684      0.092

 Intercepts
    ABFI_C             0.000      0.000    999.000    999.000
    BBFI_C             0.000      0.000    999.000    999.000
    CBFI_C             0.000      0.000    999.000    999.000
    DBFI_C             0.000      0.000    999.000    999.000
    AVRT_IND           0.000      0.000    999.000    999.000
    BVRT_IND           0.000      0.000    999.000    999.000
    CVRT_IND           0.000      0.000    999.000    999.000
    DVRT_IND           0.000      0.000    999.000    999.000
    P2                 0.000      0.000    999.000    999.000
    P3                 0.000      0.000    999.000    999.000
    P4                 0.000      0.000    999.000    999.000
    V2                 0.000      0.000    999.000    999.000
    V3                 0.000      0.000    999.000    999.000
    V4                 0.000      0.000    999.000    999.000

 Variances
    P1                80.118     25.480      3.144      0.002
    V1               104.539     22.277      4.693      0.000
    I_BFI_C          178.967     25.578      6.997      0.000
    S_BFI_C            2.518      2.716      0.927      0.354
    I_VRT_IND        287.045     34.315      8.365      0.000
    S_VRT_IND          9.351      4.783      1.955      0.051

 Residual Variances
    ABFI_C             0.000      0.000    999.000    999.000
    BBFI_C             0.000      0.000    999.000    999.000
    CBFI_C             0.000      0.000    999.000    999.000
    DBFI_C             0.000      0.000    999.000    999.000
    AVRT_IND           0.000      0.000    999.000    999.000
    BVRT_IND           0.000      0.000    999.000    999.000
    CVRT_IND           0.000      0.000    999.000    999.000
    DVRT_IND           0.000      0.000    999.000    999.000
    P2                55.656      8.007      6.951      0.000
    P3                55.656      8.007      6.951      0.000
    P4                55.656      8.007      6.951      0.000
    V2               120.198     17.212      6.983      0.000
    V3               120.198     17.212      6.983      0.000
    V4               120.198     17.212      6.983      0.000


QUALITY OF NUMERICAL RESULTS

     Condition Number for the Information Matrix              0.231E-04
       (ratio of smallest to largest eigenvalue)


     Beginning Time:  10:08:26
        Ending Time:  10:08:27
       Elapsed Time:  00:00:01



MUTHEN & MUTHEN
3463 Stoner Ave.
Los Angeles, CA  90066

Tel: (310) 391-9971
Fax: (310) 391-8971
Web: www.StatModel.com
Support: Support@StatModel.com

Copyright (c) 1998-2012 Muthen & Muthen
