Mplus VERSION 6.12
MUTHEN & MUTHEN
03/09/2016   8:59 PM

INPUT INSTRUCTIONS


  title: PxVx Univariate - Nat MeanOnly I_D with Lin aspfin;
  data: file = E:\Projects\lnt_pxvx\Data\LT_informants3.txt;

  variable:
  names =
  subjid
  Sample
  aGENDER
  aAGE
  aethnic1
  aethnic2
  aedu_mom
  aedu_dad
  aEDUCATN
  bEDUCATN
  cEDUCATN
  aEMPLOYD
  bEMPLOYD
  cEMPLOYD
  dEMPLOYD
  aINCOME
  bINCOME
  cINCOME
  dINCOME
  aS_SCALE
  bS_SCALE
  cS_SCALE
  dS_SCALE
  aD_SCALE
  bD_SCALE
  cD_SCALE
  dD_SCALE
  aS_COMP
  bS_COMP
  cS_COMP
  dS_COMP
  aD_COMP
  bD_COMP
  cD_COMP
  dD_COMP
  aBFI_A
  aBFI_A6
  aBFI_C
  aBFI_E
  aBFI_HP
  aBFI_N
  aBFI_O
  bBFI_A
  bBFI_A6
  bBFI_C
  bBFI_E
  bBFI_HP
  bBFI_N
  bBFI_O
  cBFI_A
  cBFI_A6
  cBFI_C
  cBFI_E
  cBFI_HP
  cBFI_N
  cBFI_O
  dBFI_A
  dBFI_A6
  dBFI_C
  dBFI_E
  dBFI_HP
  dBFI_N
  dBFI_O
  aBFA_AC
  aBFA_AP
  aBFA_CI
  aBFA_CO
  aBFA_EA
  aBFA_EE
  aBFA_N9
  aBFA_NV
  aBFA_NW
  aBFA_OI
  aBFA_OO
  aBFA_PS
  aBFA_MT
  bBFA_AC
  bBFA_AP
  bBFA_CI
  bBFA_CO
  bBFA_EA
  bBFA_EE
  bBFA_N9
  bBFA_NV
  bBFA_NW
  bBFA_OI
  bBFA_OO
  bBFA_MT
  bBFA_PS
  cBFA_AC
  cBFA_AP
  cBFA_CI
  cBFA_CO
  cBFA_EA
  cBFA_EE
  cBFA_N9
  cBFA_NV
  cBFA_NW
  cBFA_OI
  cBFA_OO
  cBFA_MT
  cBFA_PS
  dBFA_AC
  dBFA_AP
  dBFA_CI
  dBFA_CO
  dBFA_EA
  dBFA_EE
  dBFA_N9
  dBFA_NV
  dBFA_NW
  dBFA_OI
  dBFA_OO
  dBFA_MT
  dBFA_PS
  aUSI
  bUSI
  cUSI
  dUSI
  aHRZ_IND
  bHRZ_IND
  cHRZ_IND
  dHRZ_IND
  aVRT_IND
  bVRT_IND
  cVRT_IND
  dVRT_IND
  aHRZ_COL
  bHRZ_COL
  cHRZ_COL
  dHRZ_COL
  aVRT_COL
  bVRT_COL
  cVRT_COL
  dVRT_COL
  aCOLLCTV
  bCOLLCTV
  cCOLLCTV
  dCOLLCTV
  aMVS
  bMVS
  cMVS
  dMVS
  aST
  bST
  cST
  dST
  aSD
  bSD
  cSD
  dSD
  aMVS_mc
  bMVS_mc
  cMVS_mc
  dMVS_mc
  aST_mc
  bST_mc
  cST_mc
  dST_mc
  aSD_mc
  bSD_mc
  cSD_mc
  dSD_mc
  bMEANING
  cMEANING
  dMEANING
  bMEAN_L
  cMEAN_L
  dMEAN_L
  bMEANNGc
  cMEANNGc
  dMEANNGc
  bMEANGlc
  cMEANGlc
  dMEANGlc
  bCLASSIC
  cCLASSIC
  dCLASSIC
  bCLASSCc
  cCLASSCc
  dCLASSCc
  bAGR_VAL
  cAGR_VAL
  dAGR_VAL
  bOPN_VAL
  cOPN_VAL
  dOPN_VAL
  bAGR_VLc
  cAGR_VLc
  dAGR_VLc
  bOPNVALc
  cOPNVALc
  dOPNVALc
  aMV_pomp
  bMV_pomp
  cMV_pomp
  dMV_pomp
  aST_pomp
  bST_pomp
  cST_pomp
  dST_pomp
  aSD_pomp
  bSD_pomp
  cSD_pomp
  dSD_pomp
  agoal_eco
  bgoal_eco
  cgoal_eco
  dgoal_eco
  aAspfinc
  bAspfinc
  cAspfinc
  dAspfinc
  abfi_hp8
  bbfi_hp8
  cbfi_hp8
  dbfi_hp8
  aP_S_BFI
  aP_D_BFI
  aECgoalc
  bECgoalC
  cECgoalC
  dECgoalC
  aaspfin
  baspfin
  caspfin
  daspfin
  aasp_mn2
  basp_mn2
  casp_mn2
  dasp_mn2
  aas12mc2
  aas13mc2
  aas14mc2
  aas15mc2
  aas16mc2
  bas12mc2
  bas13mc2
  bas14mc2
  bas15mc2
  bas16mc2
  cas12mc2
  cas13mc2
  cas14mc2
  cas15mc2
  cas16mc2
  das12mc2
  das13mc2
  das14mc2
  das15mc2
  das16mc2
  aas_f_c2
  bas_f_c2
  cas_f_c2
  das_f_c2
  aI_E
  aI_A
  aI_C
  aI_N
  aI_O
  aI_S
  aI_D
  bI_E
  bI_A
  bI_C
  bI_N
  bI_O
  bI_S
  bI_D
  cI_E
  cI_A
  cI_C
  cI_N
  cI_O
  cI_S
  cI_D
  dI_E
  dI_A
  dI_C
  dI_N
  dI_O
  dI_S
  dI_D
  T1_any_I
  T2_any_I
  T3_any_I
  T4_any_I
  aI_H
  bI_H
  cI_H
  dI_H;



  USEVARIABLES =
  aI_D
  bI_D
  cI_D
  dI_D
  aaspfin
  baspfin
  caspfin
  daspfin
  bage_c
  cage_c
  dage_c
  ;

  missing = all (-9999);

  USEOBSERVATIONS are Sample == 1; ! National Sample

  tscores = bage_c cage_c dage_c;

  DEFINE:
  bage_c = aAGE + 1 - 36;
  cage_c = aAGE + 2 - 36;
  dage_c = aAGE + 3 - 36;

  ANALYSIS:
  TYPE=RANDOM;
  PROCESSORS = 8;

  MODEL:

  i_I_D s_I_D | bI_D cI_D dI_D AT bage_c cage_c dage_c;
  i_aspfin s_aspfin | baspfin caspfin daspfin AT bage_c cage_c dage_c;


  !After Bollen and Curran initial observation is not part of LGM

  dI_D on cI_D (a); ! Autoregressive paths constrained to equality
  cI_D on bI_D (a);
  bI_D on aI_D (a);

  daspfin on caspfin (b); ! Autoregressive paths constrained to equality
  caspfin on baspfin (b);
  baspfin on aaspfin (b);

  bI_D cI_D dI_D (c); !Equality constraint on residuals
  baspfin caspfin daspfin (d); !Equality constraint on residuals

  daspfin on cI_D (x); ! Cross-lagged paths constrained to equality
  caspfin on bI_D (x);
  baspfin on aI_D (x);

  dI_D on caspfin (y); ! Cross-lagged paths constrained to equality
  cI_D on baspfin (y);
  bI_D on aaspfin (y);

  daspfin with dI_D (w); ! within-wave correlations constrained to equality
  caspfin with cI_D (w);
  baspfin with bI_D (w);

  aI_D aaspfin i_I_D i_aspfin
  s_aspfin
  with
  s_aspfin
  aI_D aaspfin i_I_D i_aspfin;

  s_I_D@0;


  OUTPUT: SAMPSTAT PATTERNS;



*** WARNING
  Variable name contains more than 8 characters.
  Only the first 8 characters will be printed in the output.
  Variable: AGOAL_ECO
*** WARNING
  Variable name contains more than 8 characters.
  Only the first 8 characters will be printed in the output.
  Variable: BGOAL_ECO
*** WARNING
  Variable name contains more than 8 characters.
  Only the first 8 characters will be printed in the output.
  Variable: CGOAL_ECO
*** WARNING
  Variable name contains more than 8 characters.
  Only the first 8 characters will be printed in the output.
  Variable: DGOAL_ECO
*** WARNING in MODEL command
  All continuous latent variable covariances involving S_I_D have been fixed to 0
  because the variance of S_I_D is fixed at 0.
*** WARNING
  Data set contains cases with missing on time scores but non-missing on the
  corresponding dependent variables.  These cases were not included in the analysis.
  Number of such cases:  4
   6 WARNING(S) FOUND IN THE INPUT INSTRUCTIONS



PxVx Univariate - Nat MeanOnly I_D with Lin aspfin;

SUMMARY OF ANALYSIS

Number of groups                                                 1
Number of observations                                         604

Number of dependent variables                                    6
Number of independent variables                                  2
Number of continuous latent variables                            4

Observed dependent variables

  Continuous
   BI_D        CI_D        DI_D        BASPFIN     CASPFIN     DASPFIN

Observed independent variables
   AI_D        AASPFIN

Continuous latent variables
   I_I_D       S_I_D       I_ASPFIN    S_ASPFIN

Variables with special functions

  Time scores
   BAGE_C      CAGE_C      DAGE_C


Estimator                                                      MLR
Information matrix                                        OBSERVED
Maximum number of iterations                                   100
Convergence criterion                                    0.100D-05
Maximum number of EM iterations                                500
Convergence criteria for the EM algorithm
  Loglikelihood change                                   0.100D-02
  Relative loglikelihood change                          0.100D-05
  Derivative                                             0.100D-03
Minimum variance                                         0.100D-03
Maximum number of steepest descent iterations                   20
Maximum number of iterations for H1                           2000
Convergence criterion for H1                             0.100D-03
Optimization algorithm                                         EMA

Input data file(s)
  E:\Projects\lnt_pxvx\Data\LT_informants3.txt
Input data format  FREE


SUMMARY OF DATA

     Number of missing data patterns            46


SUMMARY OF MISSING DATA PATTERNS


     MISSING DATA PATTERNS (x = not missing)

           1  2  3  4  5  6  7  8  9 10 11 12 13 14 15 16 17 18 19 20
 BI_D      x              x  x  x  x  x     x  x                    x
 CI_D      x        x           x  x  x                 x        x  x
 DI_D      x           x     x  x           x  x     x  x  x
 BASPFIN   x     x  x  x  x  x  x  x  x     x  x  x  x  x  x  x  x  x
 CASPFIN   x     x  x     x  x  x  x  x  x  x        x  x  x     x  x
 DASPFIN   x     x  x  x  x  x  x  x  x  x  x  x  x  x  x  x     x
 AI_D      x  x  x           x     x     x        x        x  x  x
 AASPFIN   x  x  x  x  x  x  x  x  x  x  x  x  x  x  x  x  x  x  x  x

          21 22 23 24 25 26 27 28 29 30 31 32 33 34 35 36 37 38 39 40
 BI_D      x  x        x     x     x        x     x        x
 CI_D            x  x        x        x  x           x           x  x
 DI_D            x                    x        x        x     x
 BASPFIN   x  x  x  x  x     x     x        x  x  x        x     x
 CASPFIN   x     x  x     x  x     x  x  x           x     x     x  x
 DASPFIN         x              x     x  x        x     x  x  x
 AI_D      x  x  x        x  x  x     x  x  x        x  x  x     x
 AASPFIN   x  x  x  x  x  x  x  x  x  x  x     x  x  x  x  x  x  x  x

          41 42 43 44 45 46
 BI_D         x  x
 CI_D            x        x
 DI_D      x  x  x     x  x
 BASPFIN      x  x  x
 CASPFIN   x     x  x  x  x
 DASPFIN   x  x        x  x
 AI_D      x  x     x
 AASPFIN   x  x  x  x  x  x


     MISSING DATA PATTERN FREQUENCIES

    Pattern   Frequency     Pattern   Frequency     Pattern   Frequency
          1         172          17           9          33           1
          2          34          18          18          34           2
          3          26          19          11          35           3
          4          19          20           5          36           3
          5           5          21           7          37          14
          6          15          22          11          38           2
          7          17          23          16          39           2
          8          39          24           4          40           3
          9          29          25           7          41           2
         10          17          26           6          42           6
         11           7          27          12          43           1
         12          18          28           8          44           4
         13           2          29           2          45           1
         14           3          30           7          46           2
         15          17          31           1
         16          13          32           1


COVARIANCE COVERAGE OF DATA

Minimum covariance coverage value   0.100


     PROPORTION OF DATA PRESENT


           Covariance Coverage
              BI_D          CI_D          DI_D          BASPFIN       CASPFIN
              ________      ________      ________      ________      ________
 BI_D           0.624
 CI_D           0.455         0.589
 DI_D           0.422         0.414         0.551
 BASPFIN        0.624         0.563         0.523         0.869
 CASPFIN        0.576         0.589         0.520         0.776         0.829
 DASPFIN        0.548         0.540         0.548         0.745         0.748
 AI_D           0.445         0.419         0.384         0.593         0.571
 AASPFIN        0.623         0.589         0.551         0.868         0.829


           Covariance Coverage
              DASPFIN       AI_D          AASPFIN
              ________      ________      ________
 DASPFIN        0.800
 AI_D           0.548         0.710
 AASPFIN        0.800         0.709         0.998


SAMPLE STATISTICS


     ESTIMATED SAMPLE STATISTICS


           Means
              BI_D          CI_D          DI_D          BASPFIN       CASPFIN
              ________      ________      ________      ________      ________
 1             67.156        64.822        65.327        47.473        47.791


           Means
              DASPFIN       AI_D          AASPFIN
              ________      ________      ________
 1             47.363        66.027        47.564


           Covariances
              BI_D          CI_D          DI_D          BASPFIN       CASPFIN
              ________      ________      ________      ________      ________
 BI_D         277.504
 CI_D         189.286       285.806
 DI_D         197.194       192.683       306.683
 BASPFIN      -60.354       -13.394       -21.726       502.835
 CASPFIN      -36.314       -12.437        11.282       394.529       504.508
 DASPFIN      -53.234        -3.779       -10.750       375.139       380.190
 AI_D         163.871       155.330       158.810        -6.541        -4.395
 AASPFIN      -50.334       -13.736       -18.279       378.812       358.197


           Covariances
              DASPFIN       AI_D          AASPFIN
              ________      ________      ________
 DASPFIN      505.412
 AI_D           1.264       271.045
 AASPFIN      355.960       -19.338       489.360


           Correlations
              BI_D          CI_D          DI_D          BASPFIN       CASPFIN
              ________      ________      ________      ________      ________
 BI_D           1.000
 CI_D           0.672         1.000
 DI_D           0.676         0.651         1.000
 BASPFIN       -0.162        -0.035        -0.055         1.000
 CASPFIN       -0.097        -0.033         0.029         0.783         1.000
 DASPFIN       -0.142        -0.010        -0.027         0.744         0.753
 AI_D           0.598         0.558         0.551        -0.018        -0.012
 AASPFIN       -0.137        -0.037        -0.047         0.764         0.721


           Correlations
              DASPFIN       AI_D          AASPFIN
              ________      ________      ________
 DASPFIN        1.000
 AI_D           0.003         1.000
 AASPFIN        0.716        -0.053         1.000


     MAXIMUM LOG-LIKELIHOOD VALUE FOR THE UNRESTRICTED (H1) MODEL IS -14882.341


THE MODEL ESTIMATION TERMINATED NORMALLY



MODEL FIT INFORMATION

Number of Free Parameters                       28

Loglikelihood

          H0 Value                      -14890.805
          H0 Scaling Correction Factor       1.057
            for MLR

Information Criteria

          Akaike (AIC)                   29837.610
          Bayesian (BIC)                 29960.910
          Sample-Size Adjusted BIC       29872.017
            (n* = (n + 2) / 24)



MODEL RESULTS

                                                    Two-Tailed
                    Estimate       S.E.  Est./S.E.    P-Value

 DI_D       ON
    CI_D               0.064      0.042      1.521      0.128
    CASPFIN            0.091      0.038      2.385      0.017

 CI_D       ON
    BI_D               0.064      0.042      1.521      0.128
    BASPFIN            0.091      0.038      2.385      0.017

 BI_D       ON
    AI_D               0.064      0.042      1.521      0.128
    AASPFIN            0.091      0.038      2.385      0.017

 DASPFIN    ON
    CASPFIN            0.156      0.052      3.011      0.003
    CI_D               0.081      0.053      1.532      0.126

 CASPFIN    ON
    BASPFIN            0.156      0.052      3.011      0.003
    BI_D               0.081      0.053      1.532      0.126

 BASPFIN    ON
    AASPFIN            0.156      0.052      3.011      0.003
    AI_D               0.081      0.053      1.532      0.126

 I_ASPFIN WITH
    I_I_D            -64.389     26.326     -2.446      0.014

 S_ASPFIN WITH
    I_I_D              0.957      0.751      1.274      0.203
    I_ASPFIN          -1.316      0.757     -1.737      0.082

 AI_D     WITH
    I_I_D            148.384     16.804      8.830      0.000
    I_ASPFIN         -19.729     17.070     -1.156      0.248
    S_ASPFIN           0.244      0.899      0.271      0.786

 AASPFIN  WITH
    I_I_D            -62.907     21.901     -2.872      0.004
    I_ASPFIN         303.298     28.287     10.722      0.000
    S_ASPFIN           0.268      1.000      0.268      0.789

 DASPFIN  WITH
    DI_D              -2.605      6.246     -0.417      0.677

 CASPFIN  WITH
    CI_D              -2.605      6.246     -0.417      0.677

 BASPFIN  WITH
    BI_D              -2.605      6.246     -0.417      0.677

 AASPFIN  WITH
    AI_D             -18.813     16.451     -1.144      0.253

 Means
    AI_D              66.062      0.757     87.297      0.000
    AASPFIN           47.563      0.903     52.648      0.000
    I_I_D             57.061      2.057     27.739      0.000
    S_I_D              0.071      0.052      1.357      0.175
    I_ASPFIN          34.755      3.684      9.435      0.000
    S_ASPFIN          -0.006      0.047     -0.132      0.895

 Intercepts
    BI_D               0.000      0.000    999.000    999.000
    CI_D               0.000      0.000    999.000    999.000
    DI_D               0.000      0.000    999.000    999.000
    BASPFIN            0.000      0.000    999.000    999.000
    CASPFIN            0.000      0.000    999.000    999.000
    DASPFIN            0.000      0.000    999.000    999.000

 Variances
    AI_D             270.618     17.052     15.870      0.000
    AASPFIN          489.419     25.084     19.511      0.000
    I_I_D            172.855     25.246      6.847      0.000
    S_I_D              0.000      0.000    999.000    999.000
    I_ASPFIN         255.314     42.251      6.043      0.000
    S_ASPFIN           0.155      0.071      2.175      0.030

 Residual Variances
    BI_D             101.892      8.085     12.603      0.000
    CI_D             101.892      8.085     12.603      0.000
    DI_D             101.892      8.085     12.603      0.000
    BASPFIN          132.689      9.799     13.541      0.000
    CASPFIN          132.689      9.799     13.541      0.000
    DASPFIN          132.689      9.799     13.541      0.000


QUALITY OF NUMERICAL RESULTS

     Condition Number for the Information Matrix              0.122E-05
       (ratio of smallest to largest eigenvalue)


     Beginning Time:  20:59:09
        Ending Time:  20:59:12
       Elapsed Time:  00:00:03



MUTHEN & MUTHEN
3463 Stoner Ave.
Los Angeles, CA  90066

Tel: (310) 391-9971
Fax: (310) 391-8971
Web: www.StatModel.com
Support: Support@StatModel.com

Copyright (c) 1998-2011 Muthen & Muthen
