Mplus VERSION 6.12
MUTHEN & MUTHEN
03/21/2016  11:21 AM

INPUT INSTRUCTIONS


  title: PxVx Univariate - Col MeanOnly BFA_AP with MeanOnly VRT_IND;
  data: file = E:\Projects\lnt_pxvx\Data\LT_227.txt;



  variable:
  names =
  subjid
  Sample
  aGENDER
  aAGE
  aethnic1
  aethnic2
  aedu_mom
  aedu_dad
  aEDUCATN
  bEDUCATN
  cEDUCATN
  aEMPLOYD
  bEMPLOYD
  cEMPLOYD
  dEMPLOYD
  aINCOME
  bINCOME
  cINCOME
  dINCOME
  aS_SCALE
  bS_SCALE
  cS_SCALE
  dS_SCALE
  aD_SCALE
  bD_SCALE
  cD_SCALE
  dD_SCALE
  aS_COMP
  bS_COMP
  cS_COMP
  dS_COMP
  aD_COMP
  bD_COMP
  cD_COMP
  dD_COMP
  aBFI_A
  aBFI_A6
  aBFI_C
  aBFI_E
  aBFI_HP
  aBFI_N
  aBFI_O
  bBFI_A
  bBFI_A6
  bBFI_C
  bBFI_E
  bBFI_HP
  bBFI_N
  bBFI_O
  cBFI_A
  cBFI_A6
  cBFI_C
  cBFI_E
  cBFI_HP
  cBFI_N
  cBFI_O
  dBFI_A
  dBFI_A6
  dBFI_C
  dBFI_E
  dBFI_HP
  dBFI_N
  dBFI_O
  aBFA_AC
  aBFA_AP
  aBFA_CI
  aBFA_CO
  aBFA_EA
  aBFA_EE
  aBFA_N9
  aBFA_NV
  aBFA_NW
  aBFA_OI
  aBFA_OO
  aBFA_PS
  aBFA_MT
  bBFA_AC
  bBFA_AP
  bBFA_CI
  bBFA_CO
  bBFA_EA
  bBFA_EE
  bBFA_N9
  bBFA_NV
  bBFA_NW
  bBFA_OI
  bBFA_OO
  bBFA_MT
  bBFA_PS
  cBFA_AC
  cBFA_AP
  cBFA_CI
  cBFA_CO
  cBFA_EA
  cBFA_EE
  cBFA_N9
  cBFA_NV
  cBFA_NW
  cBFA_OI
  cBFA_OO
  cBFA_MT
  cBFA_PS
  dBFA_AC
  dBFA_AP
  dBFA_CI
  dBFA_CO
  dBFA_EA
  dBFA_EE
  dBFA_N9
  dBFA_NV
  dBFA_NW
  dBFA_OI
  dBFA_OO
  dBFA_MT
  dBFA_PS
  aUSI
  bUSI
  cUSI
  dUSI
  aHRZ_IND
  bHRZ_IND
  cHRZ_IND
  dHRZ_IND
  aVRT_IND
  bVRT_IND
  cVRT_IND
  dVRT_IND
  aHRZ_COL
  bHRZ_COL
  cHRZ_COL
  dHRZ_COL
  aVRT_COL
  bVRT_COL
  cVRT_COL
  dVRT_COL
  aCOLLCTV
  bCOLLCTV
  cCOLLCTV
  dCOLLCTV
  aMVS
  bMVS
  cMVS
  dMVS
  aST
  bST
  cST
  dST
  aSD
  bSD
  cSD
  dSD
  aMVS_mc
  bMVS_mc
  cMVS_mc
  dMVS_mc
  aST_mc
  bST_mc
  cST_mc
  dST_mc
  aSD_mc
  bSD_mc
  cSD_mc
  dSD_mc
  bMEANING
  cMEANING
  dMEANING
  bMEAN_L
  cMEAN_L
  dMEAN_L
  bMEANNGc
  cMEANNGc
  dMEANNGc
  bMEANGlc
  cMEANGlc
  dMEANGlc
  bCLASSIC
  cCLASSIC
  dCLASSIC
  bCLASSCc
  cCLASSCc
  dCLASSCc
  bAGR_VAL
  cAGR_VAL
  dAGR_VAL
  bOPN_VAL
  cOPN_VAL
  dOPN_VAL
  bAGR_VLc
  cAGR_VLc
  dAGR_VLc
  bOPNVALc
  cOPNVALc
  dOPNVALc
  aMV_pomp
  bMV_pomp
  cMV_pomp
  dMV_pomp
  aST_pomp
  bST_pomp
  cST_pomp
  dST_pomp
  aSD_pomp
  bSD_pomp
  cSD_pomp
  dSD_pomp
  agoal_ec
  bgoal_ec
  cgoal_ec
  dgoal_ec
  aAspfinc
  bAspfinc
  cAspfinc
  dAspfinc
  abfi_hp8
  bbfi_hp8
  cbfi_hp8
  dbfi_hp8
  aP_S_BFI
  aP_D_BFI
  aECgoalc
  bECgoalC
  cECgoalC
  dECgoalC
  aaspfin
  baspfin
  caspfin
  daspfin
  aMVI_POMP
  bMVI_POMP
  cMVI_POMP
  dMVI_POMP;

  USEVARIABLES =
  aBFA_AP
  bBFA_AP
  cBFA_AP
  dBFA_AP
  aVRT_IND
  bVRT_IND
  cVRT_IND
  dVRT_IND
  bage_c
  cage_c
  dage_c
  ;

  missing = all (-9999);

  USEOBSERVATIONS are Sample == 2; ! College Sample

  tscores = bage_c cage_c dage_c;

  DEFINE:
  bage_c = aAGE + 1 - 20.5;
  cage_c = aAGE + 2 - 20.5;
  dage_c = aAGE + 3 - 20.5;

  ANALYSIS:
  TYPE=RANDOM;
  PROCESSORS = 8;

  MODEL:

  i_BFA_AP s_BFA_AP | bBFA_AP cBFA_AP dBFA_AP AT bage_c cage_c dage_c;
  i_VRT_IND s_VRT_IND | bVRT_IND cVRT_IND dVRT_IND AT bage_c cage_c dage_c;


  !After Bollen and Curran initial observation is not part of LGM

  dBFA_AP on cBFA_AP (a); ! Autoregressive paths constrained to equality
  cBFA_AP on bBFA_AP (a);
  bBFA_AP on aBFA_AP (a);

  dVRT_IND on cVRT_IND (b); ! Autoregressive paths constrained to equality
  cVRT_IND on bVRT_IND (b);
  bVRT_IND on aVRT_IND (b);

  bBFA_AP cBFA_AP dBFA_AP (c); !Equality constraint on residuals
  bVRT_IND cVRT_IND dVRT_IND (d); !Equality constraint on residuals

  dVRT_IND on cBFA_AP (x); ! Cross-lagged paths constrained to equality
  cVRT_IND on bBFA_AP (x);
  bVRT_IND on aBFA_AP (x);

  dBFA_AP on cVRT_IND (y); ! Cross-lagged paths constrained to equality
  cBFA_AP on bVRT_IND (y);
  bBFA_AP on aVRT_IND (y);

  dVRT_IND with dBFA_AP (w); ! within-wave correlations constrained to equality
  cVRT_IND with cBFA_AP (w);
  bVRT_IND with bBFA_AP (w);

  aBFA_AP aVRT_IND i_BFA_AP i_VRT_IND
  with
  aBFA_AP aVRT_IND i_BFA_AP i_VRT_IND;

  s_BFA_AP@0;

  s_VRT_IND@0;

  OUTPUT: SAMPSTAT PATTERNS;



*** WARNING
  Variable name contains more than 8 characters.
  Only the first 8 characters will be printed in the output.
  Variable: AMVI_POMP
*** WARNING
  Variable name contains more than 8 characters.
  Only the first 8 characters will be printed in the output.
  Variable: BMVI_POMP
*** WARNING
  Variable name contains more than 8 characters.
  Only the first 8 characters will be printed in the output.
  Variable: CMVI_POMP
*** WARNING
  Variable name contains more than 8 characters.
  Only the first 8 characters will be printed in the output.
  Variable: DMVI_POMP
*** WARNING
  Variable name contains more than 8 characters.
  Only the first 8 characters will be printed in the output.
  Variable: I_VRT_IND
*** WARNING
  Variable name contains more than 8 characters.
  Only the first 8 characters will be printed in the output.
  Variable: S_VRT_IND
*** WARNING in MODEL command
  All continuous latent variable covariances involving S_BFA_AP have been fixed to 0
  because the variance of S_BFA_AP is fixed at 0.
*** WARNING in MODEL command
  All continuous latent variable covariances involving S_VRT_IND have been fixed to 0
  because the variance of S_VRT_IND is fixed at 0.
*** WARNING
  Data set contains cases with missing on all variables.
  These cases were not included in the analysis.
  Number of cases with missing on all variables:  1
*** WARNING
  Data set contains cases with missing on time scores but non-missing on the
  corresponding dependent variables.  These cases were not included in the analysis.
  Number of such cases:  2
  10 WARNING(S) FOUND IN THE INPUT INSTRUCTIONS



PxVx Univariate - Col MeanOnly BFA_AP with MeanOnly VRT_IND;

SUMMARY OF ANALYSIS

Number of groups                                                 1
Number of observations                                         277

Number of dependent variables                                    6
Number of independent variables                                  2
Number of continuous latent variables                            4

Observed dependent variables

  Continuous
   BBFA_AP     CBFA_AP     DBFA_AP     BVRT_IND    CVRT_IND    DVRT_IND

Observed independent variables
   ABFA_AP     AVRT_IND

Continuous latent variables
   I_BFA_AP    S_BFA_AP    I_VRT_IN    S_VRT_IN

Variables with special functions

  Time scores
   BAGE_C      CAGE_C      DAGE_C


Estimator                                                      MLR
Information matrix                                        OBSERVED
Maximum number of iterations                                   100
Convergence criterion                                    0.100D-05
Maximum number of EM iterations                                500
Convergence criteria for the EM algorithm
  Loglikelihood change                                   0.100D-02
  Relative loglikelihood change                          0.100D-05
  Derivative                                             0.100D-03
Minimum variance                                         0.100D-03
Maximum number of steepest descent iterations                   20
Maximum number of iterations for H1                           2000
Convergence criterion for H1                             0.100D-03
Optimization algorithm                                         EMA

Input data file(s)
  E:\Projects\lnt_pxvx\Data\LT_227.txt
Input data format  FREE


SUMMARY OF DATA

     Number of missing data patterns            12


SUMMARY OF MISSING DATA PATTERNS


     MISSING DATA PATTERNS (x = not missing)

           1  2  3  4  5  6  7  8  9 10 11 12
 BBFA_AP   x  x     x        x  x           x
 CBFA_AP   x  x  x                 x  x
 DBFA_AP   x              x  x  x  x  x
 BVRT_IND  x  x     x           x
 CVRT_IND  x  x  x                 x  x
 DVRT_IND  x              x     x     x
 ABFA_AP   x  x  x  x  x  x  x  x  x  x  x  x
 AVRT_IND  x  x  x  x  x  x  x  x  x  x     x


     MISSING DATA PATTERN FREQUENCIES

    Pattern   Frequency     Pattern   Frequency     Pattern   Frequency
          1         138           5          52           9           1
          2          12           6          11          10          10
          3           5           7           1          11           2
          4          27           8          16          12           2


COVARIANCE COVERAGE OF DATA

Minimum covariance coverage value   0.100


     PROPORTION OF DATA PRESENT


           Covariance Coverage
              BBFA_AP       CBFA_AP       DBFA_AP       BVRT_IND      CVRT_IND
              ________      ________      ________      ________      ________
 BBFA_AP        0.708
 CBFA_AP        0.542         0.599
 DBFA_AP        0.560         0.538         0.639
 BVRT_IND       0.697         0.542         0.556         0.697
 CVRT_IND       0.542         0.599         0.538         0.542         0.599
 DVRT_IND       0.556         0.534         0.632         0.556         0.534
 ABFA_AP        0.708         0.599         0.639         0.697         0.599
 AVRT_IND       0.708         0.599         0.639         0.697         0.599


           Covariance Coverage
              DVRT_IND      ABFA_AP       AVRT_IND
              ________      ________      ________
 DVRT_IND       0.632
 ABFA_AP        0.632         1.000
 AVRT_IND       0.632         0.993         0.993


SAMPLE STATISTICS


     ESTIMATED SAMPLE STATISTICS


           Means
              BBFA_AP       CBFA_AP       DBFA_AP       BVRT_IND      CVRT_IND
              ________      ________      ________      ________      ________
 1             68.035        68.639        68.976        47.228        47.870


           Means
              DVRT_IND      ABFA_AP       AVRT_IND
              ________      ________      ________
 1             46.929        66.884        49.368


           Covariances
              BBFA_AP       CBFA_AP       DBFA_AP       BVRT_IND      CVRT_IND
              ________      ________      ________      ________      ________
 BBFA_AP      231.966
 CBFA_AP      175.665       231.711
 DBFA_AP      141.422       162.294       202.675
 BVRT_IND    -116.969      -114.967      -120.254       383.773
 CVRT_IND    -148.503      -162.330      -133.901       259.760       391.634
 DVRT_IND     -92.102      -120.564      -128.305       243.724       266.868
 ABFA_AP      170.207       168.968       143.126      -107.637      -142.758
 AVRT_IND    -112.257      -118.611       -98.455       264.089       261.412


           Covariances
              DVRT_IND      ABFA_AP       AVRT_IND
              ________      ________      ________
 DVRT_IND     392.182
 ABFA_AP     -103.033       227.428
 AVRT_IND     233.175      -120.608       387.567


           Correlations
              BBFA_AP       CBFA_AP       DBFA_AP       BVRT_IND      CVRT_IND
              ________      ________      ________      ________      ________
 BBFA_AP        1.000
 CBFA_AP        0.758         1.000
 DBFA_AP        0.652         0.749         1.000
 BVRT_IND      -0.392        -0.386        -0.431         1.000
 CVRT_IND      -0.493        -0.539        -0.475         0.670         1.000
 DVRT_IND      -0.305        -0.400        -0.455         0.628         0.681
 ABFA_AP        0.741         0.736         0.667        -0.364        -0.478
 AVRT_IND      -0.374        -0.396        -0.351         0.685         0.671


           Correlations
              DVRT_IND      ABFA_AP       AVRT_IND
              ________      ________      ________
 DVRT_IND       1.000
 ABFA_AP       -0.345         1.000
 AVRT_IND       0.598        -0.406         1.000


     MAXIMUM LOG-LIKELIHOOD VALUE FOR THE UNRESTRICTED (H1) MODEL IS -6446.630


THE MODEL ESTIMATION TERMINATED NORMALLY



MODEL FIT INFORMATION

Number of Free Parameters                       23

Loglikelihood

          H0 Value                       -6458.243
          H0 Scaling Correction Factor       1.193
            for MLR

Information Criteria

          Akaike (AIC)                   12962.486
          Bayesian (BIC)                 13045.839
          Sample-Size Adjusted BIC       12972.909
            (n* = (n + 2) / 24)



MODEL RESULTS

                                                    Two-Tailed
                    Estimate       S.E.  Est./S.E.    P-Value

 DBFA_AP    ON
    CBFA_AP            0.270      0.083      3.252      0.001
    CVRT_IND          -0.009      0.068     -0.134      0.893

 CBFA_AP    ON
    BBFA_AP            0.270      0.083      3.252      0.001
    BVRT_IND          -0.009      0.068     -0.134      0.893

 BBFA_AP    ON
    ABFA_AP            0.270      0.083      3.252      0.001
    AVRT_IND          -0.009      0.068     -0.134      0.893

 DVRT_IND   ON
    CVRT_IND           0.105      0.125      0.841      0.400
    CBFA_AP           -0.120      0.066     -1.825      0.068

 CVRT_IND   ON
    BVRT_IND           0.105      0.125      0.841      0.400
    BBFA_AP           -0.120      0.066     -1.825      0.068

 BVRT_IND   ON
    AVRT_IND           0.105      0.125      0.841      0.400
    ABFA_AP           -0.120      0.066     -1.825      0.068

 I_VRT_IN WITH
    I_BFA_AP         -59.834     34.200     -1.750      0.080

 ABFA_AP  WITH
    I_BFA_AP         108.896     20.731      5.253      0.000
    I_VRT_IND        -83.480     28.370     -2.943      0.003

 AVRT_IND WITH
    I_BFA_AP         -74.746     26.775     -2.792      0.005
    I_VRT_IND        206.411     47.379      4.357      0.000

 DVRT_IND WITH
    DBFA_AP          -18.287      9.597     -1.905      0.057

 CVRT_IND WITH
    CBFA_AP          -18.287      9.597     -1.905      0.057

 BVRT_IND WITH
    BBFA_AP          -18.287      9.597     -1.905      0.057

 AVRT_IND WITH
    ABFA_AP         -120.608     20.494     -5.885      0.000

 Means
    ABFA_AP           66.884      0.907     73.778      0.000
    AVRT_IND          49.368      1.186     41.638      0.000
    I_BFA_AP          50.235      6.434      7.808      0.000
    S_BFA_AP           0.208      0.373      0.558      0.577
    I_VRT_IND         50.687      6.310      8.033      0.000
    S_VRT_IND         -0.131      0.571     -0.230      0.818

 Intercepts
    BBFA_AP            0.000      0.000    999.000    999.000
    CBFA_AP            0.000      0.000    999.000    999.000
    DBFA_AP            0.000      0.000    999.000    999.000
    BVRT_IND           0.000      0.000    999.000    999.000
    CVRT_IND           0.000      0.000    999.000    999.000
    DVRT_IND           0.000      0.000    999.000    999.000

 Variances
    ABFA_AP          227.428     18.224     12.480      0.000
    AVRT_IND         387.567     31.590     12.269      0.000
    I_BFA_AP          72.347     28.311      2.555      0.011
    S_BFA_AP           0.000      0.000    999.000    999.000
    I_VRT_IND        174.706     71.999      2.427      0.015
    S_VRT_IND          0.000      0.000    999.000    999.000

 Residual Variances
    BBFA_AP           74.324     10.675      6.963      0.000
    CBFA_AP           74.324     10.675      6.963      0.000
    DBFA_AP           74.324     10.675      6.963      0.000
    BVRT_IND         139.790     16.078      8.694      0.000
    CVRT_IND         139.790     16.078      8.694      0.000
    DVRT_IND         139.790     16.078      8.694      0.000


QUALITY OF NUMERICAL RESULTS

     Condition Number for the Information Matrix              0.119E-04
       (ratio of smallest to largest eigenvalue)


     Beginning Time:  11:21:26
        Ending Time:  11:21:27
       Elapsed Time:  00:00:01



MUTHEN & MUTHEN
3463 Stoner Ave.
Los Angeles, CA  90066

Tel: (310) 391-9971
Fax: (310) 391-8971
Web: www.StatModel.com
Support: Support@StatModel.com

Copyright (c) 1998-2011 Muthen & Muthen
