Mplus VERSION 6.12
MUTHEN & MUTHEN
03/09/2016   6:39 PM

INPUT INSTRUCTIONS


  title: PxVx Univariate - Col Lin BFI_E with Lin USI;
  data: file = E:\Projects\lnt_pxvx\Data\LT_227.txt;



  variable:
  names =
  subjid
  Sample
  aGENDER
  aAGE
  aethnic1
  aethnic2
  aedu_mom
  aedu_dad
  aEDUCATN
  bEDUCATN
  cEDUCATN
  aEMPLOYD
  bEMPLOYD
  cEMPLOYD
  dEMPLOYD
  aINCOME
  bINCOME
  cINCOME
  dINCOME
  aS_SCALE
  bS_SCALE
  cS_SCALE
  dS_SCALE
  aD_SCALE
  bD_SCALE
  cD_SCALE
  dD_SCALE
  aS_COMP
  bS_COMP
  cS_COMP
  dS_COMP
  aD_COMP
  bD_COMP
  cD_COMP
  dD_COMP
  aBFI_A
  aBFI_A6
  aBFI_C
  aBFI_E
  aBFI_HP
  aBFI_N
  aBFI_O
  bBFI_A
  bBFI_A6
  bBFI_C
  bBFI_E
  bBFI_HP
  bBFI_N
  bBFI_O
  cBFI_A
  cBFI_A6
  cBFI_C
  cBFI_E
  cBFI_HP
  cBFI_N
  cBFI_O
  dBFI_A
  dBFI_A6
  dBFI_C
  dBFI_E
  dBFI_HP
  dBFI_N
  dBFI_O
  aBFA_AC
  aBFA_AP
  aBFA_CI
  aBFA_CO
  aBFA_EA
  aBFA_EE
  aBFA_N9
  aBFA_NV
  aBFA_NW
  aBFA_OI
  aBFA_OO
  aBFA_PS
  aBFA_MT
  bBFA_AC
  bBFA_AP
  bBFA_CI
  bBFA_CO
  bBFA_EA
  bBFA_EE
  bBFA_N9
  bBFA_NV
  bBFA_NW
  bBFA_OI
  bBFA_OO
  bBFA_MT
  bBFA_PS
  cBFA_AC
  cBFA_AP
  cBFA_CI
  cBFA_CO
  cBFA_EA
  cBFA_EE
  cBFA_N9
  cBFA_NV
  cBFA_NW
  cBFA_OI
  cBFA_OO
  cBFA_MT
  cBFA_PS
  dBFA_AC
  dBFA_AP
  dBFA_CI
  dBFA_CO
  dBFA_EA
  dBFA_EE
  dBFA_N9
  dBFA_NV
  dBFA_NW
  dBFA_OI
  dBFA_OO
  dBFA_MT
  dBFA_PS
  aUSI
  bUSI
  cUSI
  dUSI
  aHRZ_IND
  bHRZ_IND
  cHRZ_IND
  dHRZ_IND
  aVRT_IND
  bVRT_IND
  cVRT_IND
  dVRT_IND
  aHRZ_COL
  bHRZ_COL
  cHRZ_COL
  dHRZ_COL
  aVRT_COL
  bVRT_COL
  cVRT_COL
  dVRT_COL
  aCOLLCTV
  bCOLLCTV
  cCOLLCTV
  dCOLLCTV
  aMVS
  bMVS
  cMVS
  dMVS
  aST
  bST
  cST
  dST
  aSD
  bSD
  cSD
  dSD
  aMVS_mc
  bMVS_mc
  cMVS_mc
  dMVS_mc
  aST_mc
  bST_mc
  cST_mc
  dST_mc
  aSD_mc
  bSD_mc
  cSD_mc
  dSD_mc
  bMEANING
  cMEANING
  dMEANING
  bMEAN_L
  cMEAN_L
  dMEAN_L
  bMEANNGc
  cMEANNGc
  dMEANNGc
  bMEANGlc
  cMEANGlc
  dMEANGlc
  bCLASSIC
  cCLASSIC
  dCLASSIC
  bCLASSCc
  cCLASSCc
  dCLASSCc
  bAGR_VAL
  cAGR_VAL
  dAGR_VAL
  bOPN_VAL
  cOPN_VAL
  dOPN_VAL
  bAGR_VLc
  cAGR_VLc
  dAGR_VLc
  bOPNVALc
  cOPNVALc
  dOPNVALc
  aMV_pomp
  bMV_pomp
  cMV_pomp
  dMV_pomp
  aST_pomp
  bST_pomp
  cST_pomp
  dST_pomp
  aSD_pomp
  bSD_pomp
  cSD_pomp
  dSD_pomp
  agoal_ec
  bgoal_ec
  cgoal_ec
  dgoal_ec
  aAspfinc
  bAspfinc
  cAspfinc
  dAspfinc
  abfi_hp8
  bbfi_hp8
  cbfi_hp8
  dbfi_hp8
  aP_S_BFI
  aP_D_BFI
  aECgoalc
  bECgoalC
  cECgoalC
  dECgoalC
  aaspfin
  baspfin
  caspfin
  daspfin;

  USEVARIABLES =
  aBFI_E
  bBFI_E
  cBFI_E
  dBFI_E
  aUSI
  bUSI
  cUSI
  dUSI
  bage_c
  cage_c
  dage_c
  ;

  missing = all (-9999);

  USEOBSERVATIONS are Sample == 2; ! College Sample

  tscores = bage_c cage_c dage_c;

  DEFINE:
  bage_c = aAGE + 1 - 20.5;
  cage_c = aAGE + 2 - 20.5;
  dage_c = aAGE + 3 - 20.5;

  ANALYSIS:
  TYPE=RANDOM;
  PROCESSORS = 8;

  MODEL:

  i_BFI_E s_BFI_E | bBFI_E cBFI_E dBFI_E AT bage_c cage_c dage_c;
  i_USI s_USI | bUSI cUSI dUSI AT bage_c cage_c dage_c;


  !After Bollen and Curran initial observation is not part of LGM

  dBFI_E on cBFI_E (a); ! Autoregressive paths constrained to equality
  cBFI_E on bBFI_E (a);
  bBFI_E on aBFI_E (a);

  dUSI on cUSI (b); ! Autoregressive paths constrained to equality
  cUSI on bUSI (b);
  bUSI on aUSI (b);

  bBFI_E cBFI_E dBFI_E (c); !Equality constraint on residuals
  bUSI cUSI dUSI (d); !Equality constraint on residuals

  dUSI on cBFI_E (x); ! Cross-lagged paths constrained to equality
  cUSI on bBFI_E (x);
  bUSI on aBFI_E (x);

  dBFI_E on cUSI (y); ! Cross-lagged paths constrained to equality
  cBFI_E on bUSI (y);
  bBFI_E on aUSI (y);

  dUSI with dBFI_E (w); ! within-wave correlations constrained to equality
  cUSI with cBFI_E (w);
  bUSI with bBFI_E (w);

  aBFI_E aUSI i_BFI_E i_USI
  s_BFI_E
  s_USI
  with
  s_BFI_E
  s_USI
  aBFI_E aUSI i_BFI_E i_USI;



  OUTPUT: SAMPSTAT PATTERNS;



*** WARNING
  Data set contains cases with missing on all variables.
  These cases were not included in the analysis.
  Number of cases with missing on all variables:  1
   1 WARNING(S) FOUND IN THE INPUT INSTRUCTIONS



PxVx Univariate - Col Lin BFI_E with Lin USI;

SUMMARY OF ANALYSIS

Number of groups                                                 1
Number of observations                                         279

Number of dependent variables                                    6
Number of independent variables                                  2
Number of continuous latent variables                            4

Observed dependent variables

  Continuous
   BBFI_E      CBFI_E      DBFI_E      BUSI        CUSI        DUSI

Observed independent variables
   ABFI_E      AUSI

Continuous latent variables
   I_BFI_E     S_BFI_E     I_USI       S_USI

Variables with special functions

  Time scores
   BAGE_C      CAGE_C      DAGE_C


Estimator                                                      MLR
Information matrix                                        OBSERVED
Maximum number of iterations                                   100
Convergence criterion                                    0.100D-05
Maximum number of EM iterations                                500
Convergence criteria for the EM algorithm
  Loglikelihood change                                   0.100D-02
  Relative loglikelihood change                          0.100D-05
  Derivative                                             0.100D-03
Minimum variance                                         0.100D-03
Maximum number of steepest descent iterations                   20
Maximum number of iterations for H1                           2000
Convergence criterion for H1                             0.100D-03
Optimization algorithm                                         EMA

Input data file(s)
  E:\Projects\lnt_pxvx\Data\LT_227.txt
Input data format  FREE


SUMMARY OF DATA

     Number of missing data patterns            15


SUMMARY OF MISSING DATA PATTERNS


     MISSING DATA PATTERNS (x = not missing)

           1  2  3  4  5  6  7  8  9 10 11 12 13 14 15
 BBFI_E    x  x     x        x  x     x  x        x  x
 CBFI_E    x  x  x                 x  x     x        x
 DBFI_E    x     x        x  x  x  x  x  x           x
 BUSI      x  x     x           x     x  x
 CUSI      x  x  x                 x  x     x        x
 DUSI      x              x     x  x                 x
 ABFI_E    x  x  x  x  x  x  x  x  x  x  x  x  x  x  x
 AUSI      x  x  x  x  x  x  x  x  x  x  x  x     x  x


     MISSING DATA PATTERN FREQUENCIES

    Pattern   Frequency     Pattern   Frequency     Pattern   Frequency
          1         140           6          11          11           1
          2          10           7           1          12           4
          3           2           8          16          13           2
          4          26           9           9          14           2
          5          52          10           2          15           1


COVARIANCE COVERAGE OF DATA

Minimum covariance coverage value   0.100


     PROPORTION OF DATA PRESENT


           Covariance Coverage
              BBFI_E        CBFI_E        DBFI_E        BUSI          CUSI
              ________      ________      ________      ________      ________
 BBFI_E         0.713
 CBFI_E         0.548         0.602
 DBFI_E         0.577         0.552         0.656
 BUSI           0.699         0.545         0.570         0.699
 CUSI           0.548         0.602         0.552         0.545         0.602
 DUSI           0.563         0.538         0.634         0.559         0.538
 ABFI_E         0.713         0.602         0.656         0.699         0.602
 AUSI           0.713         0.602         0.656         0.699         0.602


           Covariance Coverage
              DUSI          ABFI_E        AUSI
              ________      ________      ________
 DUSI           0.634
 ABFI_E         0.634         1.000
 AUSI           0.634         0.993         0.993


SAMPLE STATISTICS


     ESTIMATED SAMPLE STATISTICS


           Means
              BBFI_E        CBFI_E        DBFI_E        BUSI          CUSI
              ________      ________      ________      ________      ________
 1             57.005        58.538        57.875        31.479        30.225


           Means
              DUSI          ABFI_E        AUSI
              ________      ________      ________
 1             29.985        59.025        33.029


           Covariances
              BBFI_E        CBFI_E        DBFI_E        BUSI          CUSI
              ________      ________      ________      ________      ________
 BBFI_E       402.849
 CBFI_E       316.496       369.896
 DBFI_E       320.563       334.584       417.931
 BUSI          38.475        37.460        59.400       246.610
 CUSI          52.237        48.489        70.689       181.197       249.889
 DUSI          52.913        55.129        77.931       165.765       188.076
 ABFI_E       335.650       293.618       309.169        62.152        67.955
 AUSI          24.234        37.819        42.147       178.119       176.094


           Covariances
              DUSI          ABFI_E        AUSI
              ________      ________      ________
 DUSI         273.718
 ABFI_E        75.277       397.451
 AUSI         173.068        34.019       248.496


           Correlations
              BBFI_E        CBFI_E        DBFI_E        BUSI          CUSI
              ________      ________      ________      ________      ________
 BBFI_E         1.000
 CBFI_E         0.820         1.000
 DBFI_E         0.781         0.851         1.000
 BUSI           0.122         0.124         0.185         1.000
 CUSI           0.165         0.159         0.219         0.730         1.000
 DUSI           0.159         0.173         0.230         0.638         0.719
 ABFI_E         0.839         0.766         0.759         0.199         0.216
 AUSI           0.077         0.125         0.131         0.720         0.707


           Correlations
              DUSI          ABFI_E        AUSI
              ________      ________      ________
 DUSI           1.000
 ABFI_E         0.228         1.000
 AUSI           0.664         0.108         1.000


     MAXIMUM LOG-LIKELIHOOD VALUE FOR THE UNRESTRICTED (H1) MODEL IS -6505.433


THE MODEL ESTIMATION TERMINATED NORMALLY



MODEL FIT INFORMATION

Number of Free Parameters                       34

Loglikelihood

          H0 Value                       -6512.001
          H0 Scaling Correction Factor       0.900
            for MLR

Information Criteria

          Akaike (AIC)                   13092.001
          Bayesian (BIC)                 13215.463
          Sample-Size Adjusted BIC       13107.652
            (n* = (n + 2) / 24)



MODEL RESULTS

                                                    Two-Tailed
                    Estimate       S.E.  Est./S.E.    P-Value

 DBFI_E     ON
    CBFI_E             0.267      0.075      3.543      0.000
    CUSI              -0.123      0.063     -1.946      0.052

 CBFI_E     ON
    BBFI_E             0.267      0.075      3.543      0.000
    BUSI              -0.123      0.063     -1.946      0.052

 BBFI_E     ON
    ABFI_E             0.267      0.075      3.543      0.000
    AUSI              -0.123      0.063     -1.946      0.052

 DUSI       ON
    CUSI               0.233      0.065      3.571      0.000
    CBFI_E            -0.065      0.053     -1.219      0.223

 CUSI       ON
    BUSI               0.233      0.065      3.571      0.000
    BBFI_E            -0.065      0.053     -1.219      0.223

 BUSI       ON
    AUSI               0.233      0.065      3.571      0.000
    ABFI_E            -0.065      0.053     -1.219      0.223

 S_BFI_E  WITH
    I_BFI_E           -2.691      6.188     -0.435      0.664

 I_USI    WITH
    I_BFI_E           67.324     28.717      2.344      0.019
    S_BFI_E            4.740      6.355      0.746      0.456

 S_USI    WITH
    I_BFI_E           -9.624      7.048     -1.366      0.172
    S_BFI_E            2.851      2.309      1.234      0.217
    I_USI            -10.649      8.337     -1.277      0.201

 ABFI_E   WITH
    I_BFI_E          216.513     42.408      5.105      0.000
    S_BFI_E            6.734      6.616      1.018      0.309
    I_USI             91.977     32.300      2.848      0.004
    S_USI             -7.161      7.438     -0.963      0.336

 AUSI     WITH
    I_BFI_E           37.836     21.907      1.727      0.084
    S_BFI_E            6.583      5.454      1.207      0.227
    I_USI            119.565     23.445      5.100      0.000
    S_USI              5.510      6.485      0.850      0.396

 DUSI     WITH
    DBFI_E            -9.936      6.234     -1.594      0.111

 CUSI     WITH
    CBFI_E            -9.936      6.234     -1.594      0.111

 BUSI     WITH
    BBFI_E            -9.936      6.234     -1.594      0.111

 AUSI     WITH
    ABFI_E            34.019     19.052      1.786      0.074

 Means
    ABFI_E            59.025      1.191     49.565      0.000
    AUSI              33.030      0.946     34.905      0.000
    I_BFI_E           45.029      4.494     10.019      0.000
    S_BFI_E            0.495      0.438      1.129      0.259
    I_USI             27.686      3.553      7.792      0.000
    S_USI             -0.356      0.450     -0.791      0.429

 Intercepts
    BBFI_E             0.000      0.000    999.000    999.000
    CBFI_E             0.000      0.000    999.000    999.000
    DBFI_E             0.000      0.000    999.000    999.000
    BUSI               0.000      0.000    999.000    999.000
    CUSI               0.000      0.000    999.000    999.000
    DUSI               0.000      0.000    999.000    999.000

 Variances
    ABFI_E           397.450     30.492     13.035      0.000
    AUSI             248.496     16.853     14.745      0.000
    I_BFI_E          173.415     51.493      3.368      0.001
    S_BFI_E            4.678      2.275      2.056      0.040
    I_USI            123.279     32.837      3.754      0.000
    S_USI              5.196      3.173      1.638      0.101

 Residual Variances
    BBFI_E            77.954     10.648      7.321      0.000
    CBFI_E            77.954     10.648      7.321      0.000
    DBFI_E            77.954     10.648      7.321      0.000
    BUSI              85.680      9.583      8.940      0.000
    CUSI              85.680      9.583      8.940      0.000
    DUSI              85.680      9.583      8.940      0.000


QUALITY OF NUMERICAL RESULTS

     Condition Number for the Information Matrix              0.360E-06
       (ratio of smallest to largest eigenvalue)


     Beginning Time:  18:39:32
        Ending Time:  18:39:41
       Elapsed Time:  00:00:09



MUTHEN & MUTHEN
3463 Stoner Ave.
Los Angeles, CA  90066

Tel: (310) 391-9971
Fax: (310) 391-8971
Web: www.StatModel.com
Support: Support@StatModel.com

Copyright (c) 1998-2011 Muthen & Muthen
