Mplus VERSION 6.12
MUTHEN & MUTHEN
03/21/2016  12:58 PM

INPUT INSTRUCTIONS


  title: PxVx Univariate - Nat MeanOnly BFA_OO with MeanOnly BFA_MT;
  data: file = E:\Projects\lnt_pxvx\Data\LT_227.txt;


  variable:
  names =
  subjid
  Sample
  aGENDER
  aAGE
  aethnic1
  aethnic2
  aedu_mom
  aedu_dad
  aEDUCATN
  bEDUCATN
  cEDUCATN
  aEMPLOYD
  bEMPLOYD
  cEMPLOYD
  dEMPLOYD
  aINCOME
  bINCOME
  cINCOME
  dINCOME
  aS_SCALE
  bS_SCALE
  cS_SCALE
  dS_SCALE
  aD_SCALE
  bD_SCALE
  cD_SCALE
  dD_SCALE
  aS_COMP
  bS_COMP
  cS_COMP
  dS_COMP
  aD_COMP
  bD_COMP
  cD_COMP
  dD_COMP
  aBFI_A
  aBFI_A6
  aBFI_C
  aBFI_E
  aBFI_HP
  aBFI_N
  aBFI_O
  bBFI_A
  bBFI_A6
  bBFI_C
  bBFI_E
  bBFI_HP
  bBFI_N
  bBFI_O
  cBFI_A
  cBFI_A6
  cBFI_C
  cBFI_E
  cBFI_HP
  cBFI_N
  cBFI_O
  dBFI_A
  dBFI_A6
  dBFI_C
  dBFI_E
  dBFI_HP
  dBFI_N
  dBFI_O
  aBFA_AC
  aBFA_AP
  aBFA_CI
  aBFA_CO
  aBFA_EA
  aBFA_EE
  aBFA_N9
  aBFA_NV
  aBFA_NW
  aBFA_OI
  aBFA_OO
  aBFA_PS
  aBFA_MT
  bBFA_AC
  bBFA_AP
  bBFA_CI
  bBFA_CO
  bBFA_EA
  bBFA_EE
  bBFA_N9
  bBFA_NV
  bBFA_NW
  bBFA_OI
  bBFA_OO
  bBFA_MT
  bBFA_PS
  cBFA_AC
  cBFA_AP
  cBFA_CI
  cBFA_CO
  cBFA_EA
  cBFA_EE
  cBFA_N9
  cBFA_NV
  cBFA_NW
  cBFA_OI
  cBFA_OO
  cBFA_MT
  cBFA_PS
  dBFA_AC
  dBFA_AP
  dBFA_CI
  dBFA_CO
  dBFA_EA
  dBFA_EE
  dBFA_N9
  dBFA_NV
  dBFA_NW
  dBFA_OI
  dBFA_OO
  dBFA_MT
  dBFA_PS
  aUSI
  bUSI
  cUSI
  dUSI
  aHRZ_IND
  bHRZ_IND
  cHRZ_IND
  dHRZ_IND
  aVRT_IND
  bVRT_IND
  cVRT_IND
  dVRT_IND
  aHRZ_COL
  bHRZ_COL
  cHRZ_COL
  dHRZ_COL
  aVRT_COL
  bVRT_COL
  cVRT_COL
  dVRT_COL
  aCOLLCTV
  bCOLLCTV
  cCOLLCTV
  dCOLLCTV
  aMVS
  bMVS
  cMVS
  dMVS
  aST
  bST
  cST
  dST
  aSD
  bSD
  cSD
  dSD
  aMVS_mc
  bMVS_mc
  cMVS_mc
  dMVS_mc
  aST_mc
  bST_mc
  cST_mc
  dST_mc
  aSD_mc
  bSD_mc
  cSD_mc
  dSD_mc
  bMEANING
  cMEANING
  dMEANING
  bMEAN_L
  cMEAN_L
  dMEAN_L
  bMEANNGc
  cMEANNGc
  dMEANNGc
  bMEANGlc
  cMEANGlc
  dMEANGlc
  bCLASSIC
  cCLASSIC
  dCLASSIC
  bCLASSCc
  cCLASSCc
  dCLASSCc
  bAGR_VAL
  cAGR_VAL
  dAGR_VAL
  bOPN_VAL
  cOPN_VAL
  dOPN_VAL
  bAGR_VLc
  cAGR_VLc
  dAGR_VLc
  bOPNVALc
  cOPNVALc
  dOPNVALc
  aMV_pomp
  bMV_pomp
  cMV_pomp
  dMV_pomp
  aST_pomp
  bST_pomp
  cST_pomp
  dST_pomp
  aSD_pomp
  bSD_pomp
  cSD_pomp
  dSD_pomp
  agoal_ec
  bgoal_ec
  cgoal_ec
  dgoal_ec
  aAspfinc
  bAspfinc
  cAspfinc
  dAspfinc
  abfi_hp8
  bbfi_hp8
  cbfi_hp8
  dbfi_hp8
  aP_S_BFI
  aP_D_BFI
  aECgoalc
  bECgoalC
  cECgoalC
  dECgoalC
  aaspfin
  baspfin
  caspfin
  daspfin
  aMVI_POMP
  bMVI_POMP
  cMVI_POMP
  dMVI_POMP;


  USEVARIABLES =
  aBFA_OO
  bBFA_OO
  cBFA_OO
  dBFA_OO
  aBFA_MT
  bBFA_MT
  cBFA_MT
  dBFA_MT
  bage_c
  cage_c
  dage_c
  ;

  missing = all (-9999);

  USEOBSERVATIONS are Sample == 1; ! National Sample

  tscores = bage_c cage_c dage_c;

  DEFINE:
  bage_c = aAGE + 1 - 36;
  cage_c = aAGE + 2 - 36;
  dage_c = aAGE + 3 - 36;

  ANALYSIS:
  TYPE=RANDOM;
  PROCESSORS = 8;

  MODEL:

  i_BFA_OO s_BFA_OO | bBFA_OO cBFA_OO dBFA_OO AT bage_c cage_c dage_c;
  i_BFA_MT s_BFA_MT | bBFA_MT cBFA_MT dBFA_MT AT bage_c cage_c dage_c;


  !After Bollen and Curran initial observation is not part of LGM

  dBFA_OO on cBFA_OO (a); ! Autoregressive paths constrained to equality
  cBFA_OO on bBFA_OO (a);
  bBFA_OO on aBFA_OO (a);

  dBFA_MT on cBFA_MT (b); ! Autoregressive paths constrained to equality
  cBFA_MT on bBFA_MT (b);
  bBFA_MT on aBFA_MT (b);

  bBFA_OO cBFA_OO dBFA_OO (c); !Equality constraint on residuals
  bBFA_MT cBFA_MT dBFA_MT (d); !Equality constraint on residuals

  dBFA_MT on cBFA_OO (x); ! Cross-lagged paths constrained to equality
  cBFA_MT on bBFA_OO (x);
  bBFA_MT on aBFA_OO (x);

  dBFA_OO on cBFA_MT (y); ! Cross-lagged paths constrained to equality
  cBFA_OO on bBFA_MT (y);
  bBFA_OO on aBFA_MT (y);

  dBFA_MT with dBFA_OO (w); ! within-wave correlations constrained to equality
  cBFA_MT with cBFA_OO (w);
  bBFA_MT with bBFA_OO (w);

  aBFA_OO aBFA_MT i_BFA_OO i_BFA_MT
  with
  aBFA_OO aBFA_MT i_BFA_OO i_BFA_MT;

  s_BFA_OO@0;

  s_BFA_MT@0;

  OUTPUT: SAMPSTAT PATTERNS;



*** WARNING
  Variable name contains more than 8 characters.
  Only the first 8 characters will be printed in the output.
  Variable: AMVI_POMP
*** WARNING
  Variable name contains more than 8 characters.
  Only the first 8 characters will be printed in the output.
  Variable: BMVI_POMP
*** WARNING
  Variable name contains more than 8 characters.
  Only the first 8 characters will be printed in the output.
  Variable: CMVI_POMP
*** WARNING
  Variable name contains more than 8 characters.
  Only the first 8 characters will be printed in the output.
  Variable: DMVI_POMP
*** WARNING in MODEL command
  All continuous latent variable covariances involving S_BFA_OO have been fixed to 0
  because the variance of S_BFA_OO is fixed at 0.
*** WARNING in MODEL command
  All continuous latent variable covariances involving S_BFA_MT have been fixed to 0
  because the variance of S_BFA_MT is fixed at 0.
*** WARNING
  Data set contains cases with missing on time scores but non-missing on the
  corresponding dependent variables.  These cases were not included in the analysis.
  Number of such cases:  16
   7 WARNING(S) FOUND IN THE INPUT INSTRUCTIONS



PxVx Univariate - Nat MeanOnly BFA_OO with MeanOnly BFA_MT;

SUMMARY OF ANALYSIS

Number of groups                                                 1
Number of observations                                         863

Number of dependent variables                                    6
Number of independent variables                                  2
Number of continuous latent variables                            4

Observed dependent variables

  Continuous
   BBFA_OO     CBFA_OO     DBFA_OO     BBFA_MT     CBFA_MT     DBFA_MT

Observed independent variables
   ABFA_OO     ABFA_MT

Continuous latent variables
   I_BFA_OO    S_BFA_OO    I_BFA_MT    S_BFA_MT

Variables with special functions

  Time scores
   BAGE_C      CAGE_C      DAGE_C


Estimator                                                      MLR
Information matrix                                        OBSERVED
Maximum number of iterations                                   100
Convergence criterion                                    0.100D-05
Maximum number of EM iterations                                500
Convergence criteria for the EM algorithm
  Loglikelihood change                                   0.100D-02
  Relative loglikelihood change                          0.100D-05
  Derivative                                             0.100D-03
Minimum variance                                         0.100D-03
Maximum number of steepest descent iterations                   20
Maximum number of iterations for H1                           2000
Convergence criterion for H1                             0.100D-03
Optimization algorithm                                         EMA

Input data file(s)
  E:\Projects\lnt_pxvx\Data\LT_227.txt
Input data format  FREE


SUMMARY OF DATA

     Number of missing data patterns            11


SUMMARY OF MISSING DATA PATTERNS


     MISSING DATA PATTERNS (x = not missing)

           1  2  3  4  5  6  7  8  9 10 11
 BBFA_OO   x     x  x        x     x  x
 CBFA_OO   x           x     x  x  x  x  x
 DBFA_OO   x     x     x  x        x  x  x
 BBFA_MT   x     x  x        x     x  x
 CBFA_MT   x           x     x  x  x  x  x
 DBFA_MT   x     x     x  x        x  x  x
 ABFA_OO   x  x  x  x  x  x  x  x     x
 ABFA_MT   x  x  x  x  x  x  x  x


     MISSING DATA PATTERN FREQUENCIES

    Pattern   Frequency     Pattern   Frequency     Pattern   Frequency
          1         491           5          22           9           4
          2         170           6          25          10           1
          3          27           7          47          11           1
          4          52           8          23


COVARIANCE COVERAGE OF DATA

Minimum covariance coverage value   0.100


     PROPORTION OF DATA PRESENT


           Covariance Coverage
              BBFA_OO       CBFA_OO       DBFA_OO       BBFA_MT       CBFA_MT
              ________      ________      ________      ________      ________
 BBFA_OO        0.721
 CBFA_OO        0.629         0.683
 DBFA_OO        0.606         0.601         0.662
 BBFA_MT        0.721         0.629         0.606         0.721
 CBFA_MT        0.629         0.683         0.601         0.629         0.683
 DBFA_MT        0.606         0.601         0.662         0.606         0.601
 ABFA_OO        0.716         0.677         0.656         0.716         0.677
 ABFA_MT        0.715         0.676         0.655         0.715         0.676


           Covariance Coverage
              DBFA_MT       ABFA_OO       ABFA_MT
              ________      ________      ________
 DBFA_MT        0.662
 ABFA_OO        0.656         0.994
 ABFA_MT        0.655         0.993         0.993


SAMPLE STATISTICS


     ESTIMATED SAMPLE STATISTICS


           Means
              BBFA_OO       CBFA_OO       DBFA_OO       BBFA_MT       CBFA_MT
              ________      ________      ________      ________      ________
 1             73.165        72.493        72.316        48.257        47.871


           Means
              DBFA_MT       ABFA_OO       ABFA_MT
              ________      ________      ________
 1             47.647        73.176        48.531


           Covariances
              BBFA_OO       CBFA_OO       DBFA_OO       BBFA_MT       CBFA_MT
              ________      ________      ________      ________      ________
 BBFA_OO      256.631
 CBFA_OO      217.945       269.607
 DBFA_OO      206.782       221.654       259.144
 BBFA_MT      -14.254        -9.756        -6.914       235.833
 CBFA_MT      -27.161       -24.626       -19.988       195.589       242.169
 DBFA_MT      -14.360       -16.398       -11.821       192.843       204.466
 ABFA_OO      206.534       204.847       201.649        -3.269       -15.691
 ABFA_MT      -19.163       -14.572        -5.573       188.105       184.956


           Covariances
              DBFA_MT       ABFA_OO       ABFA_MT
              ________      ________      ________
 DBFA_MT      252.433
 ABFA_OO       -4.645       250.813
 ABFA_MT      182.253        -7.889       237.726


           Correlations
              BBFA_OO       CBFA_OO       DBFA_OO       BBFA_MT       CBFA_MT
              ________      ________      ________      ________      ________
 BBFA_OO        1.000
 CBFA_OO        0.829         1.000
 DBFA_OO        0.802         0.839         1.000
 BBFA_MT       -0.058        -0.039        -0.028         1.000
 CBFA_MT       -0.109        -0.096        -0.080         0.818         1.000
 DBFA_MT       -0.056        -0.063        -0.046         0.790         0.827
 ABFA_OO        0.814         0.788         0.791        -0.013        -0.064
 ABFA_MT       -0.078        -0.058        -0.022         0.794         0.771


           Correlations
              DBFA_MT       ABFA_OO       ABFA_MT
              ________      ________      ________
 DBFA_MT        1.000
 ABFA_OO       -0.018         1.000
 ABFA_MT        0.744        -0.032         1.000


     MAXIMUM LOG-LIKELIHOOD VALUE FOR THE UNRESTRICTED (H1) MODEL IS -19918.067


THE MODEL ESTIMATION TERMINATED NORMALLY



MODEL FIT INFORMATION

Number of Free Parameters                       23

Loglikelihood

          H0 Value                      -19929.650
          H0 Scaling Correction Factor       1.251
            for MLR

Information Criteria

          Akaike (AIC)                   39905.300
          Bayesian (BIC)                 40014.789
          Sample-Size Adjusted BIC       39941.747
            (n* = (n + 2) / 24)



MODEL RESULTS

                                                    Two-Tailed
                    Estimate       S.E.  Est./S.E.    P-Value

 DBFA_OO    ON
    CBFA_OO            0.162      0.050      3.243      0.001
    CBFA_MT           -0.036      0.034     -1.073      0.283

 CBFA_OO    ON
    BBFA_OO            0.162      0.050      3.243      0.001
    BBFA_MT           -0.036      0.034     -1.073      0.283

 BBFA_OO    ON
    ABFA_OO            0.162      0.050      3.243      0.001
    ABFA_MT           -0.036      0.034     -1.073      0.283

 DBFA_MT    ON
    CBFA_MT            0.166      0.051      3.246      0.001
    CBFA_OO           -0.045      0.037     -1.211      0.226

 CBFA_MT    ON
    BBFA_MT            0.166      0.051      3.246      0.001
    BBFA_OO           -0.045      0.037     -1.211      0.226

 BBFA_MT    ON
    ABFA_MT            0.166      0.051      3.246      0.001
    ABFA_OO           -0.045      0.037     -1.211      0.226

 I_BFA_MT WITH
    I_BFA_OO           3.613     12.587      0.287      0.774

 ABFA_OO  WITH
    I_BFA_OO         168.080     14.055     11.959      0.000
    I_BFA_MT           3.634     11.145      0.326      0.744

 ABFA_MT  WITH
    I_BFA_OO          -3.611      9.954     -0.363      0.717
    I_BFA_MT         149.730     14.136     10.592      0.000

 DBFA_MT  WITH
    DBFA_OO           -2.172      2.486     -0.874      0.382

 CBFA_MT  WITH
    CBFA_OO           -2.172      2.486     -0.874      0.382

 BBFA_MT  WITH
    BBFA_OO           -2.172      2.486     -0.874      0.382

 ABFA_MT  WITH
    ABFA_OO           -7.837      8.546     -0.917      0.359

 Means
    ABFA_OO           73.178      0.539    135.722      0.000
    ABFA_MT           48.529      0.525     92.505      0.000
    I_BFA_OO          62.586      3.821     16.379      0.000
    S_BFA_OO           0.009      0.029      0.302      0.763
    I_BFA_MT          43.247      3.635     11.898      0.000
    S_BFA_MT          -0.025      0.029     -0.865      0.387

 Intercepts
    BBFA_OO            0.000      0.000    999.000    999.000
    CBFA_OO            0.000      0.000    999.000    999.000
    DBFA_OO            0.000      0.000    999.000    999.000
    BBFA_MT            0.000      0.000    999.000    999.000
    CBFA_MT            0.000      0.000    999.000    999.000
    DBFA_MT            0.000      0.000    999.000    999.000

 Variances
    ABFA_OO          250.838     11.192     22.411      0.000
    ABFA_MT          237.611     11.470     20.715      0.000
    I_BFA_OO         146.604     20.401      7.186      0.000
    S_BFA_OO           0.000      0.000    999.000    999.000
    I_BFA_MT         132.597     19.958      6.644      0.000
    S_BFA_MT           0.000      0.000    999.000    999.000

 Residual Variances
    BBFA_OO           51.404      4.203     12.230      0.000
    CBFA_OO           51.404      4.203     12.230      0.000
    DBFA_OO           51.404      4.203     12.230      0.000
    BBFA_MT           50.409      3.827     13.173      0.000
    CBFA_MT           50.409      3.827     13.173      0.000
    DBFA_MT           50.409      3.827     13.173      0.000


QUALITY OF NUMERICAL RESULTS

     Condition Number for the Information Matrix              0.916E-07
       (ratio of smallest to largest eigenvalue)


     Beginning Time:  12:58:00
        Ending Time:  12:58:06
       Elapsed Time:  00:00:06



MUTHEN & MUTHEN
3463 Stoner Ave.
Los Angeles, CA  90066

Tel: (310) 391-9971
Fax: (310) 391-8971
Web: www.StatModel.com
Support: Support@StatModel.com

Copyright (c) 1998-2011 Muthen & Muthen
