Mplus VERSION 6.12
MUTHEN & MUTHEN
03/09/2016   7:03 PM

INPUT INSTRUCTIONS


  title: PxVx Univariate - Nat MeanOnly BFA_AP with Lin HRZ_IND;
  data: file = E:\Projects\lnt_pxvx\Data\LT_227.txt;


  variable:
  names =
  subjid
  Sample
  aGENDER
  aAGE
  aethnic1
  aethnic2
  aedu_mom
  aedu_dad
  aEDUCATN
  bEDUCATN
  cEDUCATN
  aEMPLOYD
  bEMPLOYD
  cEMPLOYD
  dEMPLOYD
  aINCOME
  bINCOME
  cINCOME
  dINCOME
  aS_SCALE
  bS_SCALE
  cS_SCALE
  dS_SCALE
  aD_SCALE
  bD_SCALE
  cD_SCALE
  dD_SCALE
  aS_COMP
  bS_COMP
  cS_COMP
  dS_COMP
  aD_COMP
  bD_COMP
  cD_COMP
  dD_COMP
  aBFI_A
  aBFI_A6
  aBFI_C
  aBFI_E
  aBFI_HP
  aBFI_N
  aBFI_O
  bBFI_A
  bBFI_A6
  bBFI_C
  bBFI_E
  bBFI_HP
  bBFI_N
  bBFI_O
  cBFI_A
  cBFI_A6
  cBFI_C
  cBFI_E
  cBFI_HP
  cBFI_N
  cBFI_O
  dBFI_A
  dBFI_A6
  dBFI_C
  dBFI_E
  dBFI_HP
  dBFI_N
  dBFI_O
  aBFA_AC
  aBFA_AP
  aBFA_CI
  aBFA_CO
  aBFA_EA
  aBFA_EE
  aBFA_N9
  aBFA_NV
  aBFA_NW
  aBFA_OI
  aBFA_OO
  aBFA_PS
  aBFA_MT
  bBFA_AC
  bBFA_AP
  bBFA_CI
  bBFA_CO
  bBFA_EA
  bBFA_EE
  bBFA_N9
  bBFA_NV
  bBFA_NW
  bBFA_OI
  bBFA_OO
  bBFA_MT
  bBFA_PS
  cBFA_AC
  cBFA_AP
  cBFA_CI
  cBFA_CO
  cBFA_EA
  cBFA_EE
  cBFA_N9
  cBFA_NV
  cBFA_NW
  cBFA_OI
  cBFA_OO
  cBFA_MT
  cBFA_PS
  dBFA_AC
  dBFA_AP
  dBFA_CI
  dBFA_CO
  dBFA_EA
  dBFA_EE
  dBFA_N9
  dBFA_NV
  dBFA_NW
  dBFA_OI
  dBFA_OO
  dBFA_MT
  dBFA_PS
  aUSI
  bUSI
  cUSI
  dUSI
  aHRZ_IND
  bHRZ_IND
  cHRZ_IND
  dHRZ_IND
  aVRT_IND
  bVRT_IND
  cVRT_IND
  dVRT_IND
  aHRZ_COL
  bHRZ_COL
  cHRZ_COL
  dHRZ_COL
  aVRT_COL
  bVRT_COL
  cVRT_COL
  dVRT_COL
  aCOLLCTV
  bCOLLCTV
  cCOLLCTV
  dCOLLCTV
  aMVS
  bMVS
  cMVS
  dMVS
  aST
  bST
  cST
  dST
  aSD
  bSD
  cSD
  dSD
  aMVS_mc
  bMVS_mc
  cMVS_mc
  dMVS_mc
  aST_mc
  bST_mc
  cST_mc
  dST_mc
  aSD_mc
  bSD_mc
  cSD_mc
  dSD_mc
  bMEANING
  cMEANING
  dMEANING
  bMEAN_L
  cMEAN_L
  dMEAN_L
  bMEANNGc
  cMEANNGc
  dMEANNGc
  bMEANGlc
  cMEANGlc
  dMEANGlc
  bCLASSIC
  cCLASSIC
  dCLASSIC
  bCLASSCc
  cCLASSCc
  dCLASSCc
  bAGR_VAL
  cAGR_VAL
  dAGR_VAL
  bOPN_VAL
  cOPN_VAL
  dOPN_VAL
  bAGR_VLc
  cAGR_VLc
  dAGR_VLc
  bOPNVALc
  cOPNVALc
  dOPNVALc
  aMV_pomp
  bMV_pomp
  cMV_pomp
  dMV_pomp
  aST_pomp
  bST_pomp
  cST_pomp
  dST_pomp
  aSD_pomp
  bSD_pomp
  cSD_pomp
  dSD_pomp
  agoal_ec
  bgoal_ec
  cgoal_ec
  dgoal_ec
  aAspfinc
  bAspfinc
  cAspfinc
  dAspfinc
  abfi_hp8
  bbfi_hp8
  cbfi_hp8
  dbfi_hp8
  aP_S_BFI
  aP_D_BFI
  aECgoalc
  bECgoalC
  cECgoalC
  dECgoalC
  aaspfin
  baspfin
  caspfin
  daspfin;


  USEVARIABLES =
  aBFA_AP
  bBFA_AP
  cBFA_AP
  dBFA_AP
  aHRZ_IND
  bHRZ_IND
  cHRZ_IND
  dHRZ_IND
  bage_c
  cage_c
  dage_c
  ;

  missing = all (-9999);

  USEOBSERVATIONS are Sample == 1; ! National Sample

  tscores = bage_c cage_c dage_c;

  DEFINE:
  bage_c = aAGE + 1 - 36;
  cage_c = aAGE + 2 - 36;
  dage_c = aAGE + 3 - 36;

  ANALYSIS:
  TYPE=RANDOM;
  PROCESSORS = 8;

  MODEL:

  i_BFA_AP s_BFA_AP | bBFA_AP cBFA_AP dBFA_AP AT bage_c cage_c dage_c;
  i_HRZ_IND s_HRZ_IND | bHRZ_IND cHRZ_IND dHRZ_IND AT bage_c cage_c dage_c;


  !After Bollen and Curran initial observation is not part of LGM

  dBFA_AP on cBFA_AP (a); ! Autoregressive paths constrained to equality
  cBFA_AP on bBFA_AP (a);
  bBFA_AP on aBFA_AP (a);

  dHRZ_IND on cHRZ_IND (b); ! Autoregressive paths constrained to equality
  cHRZ_IND on bHRZ_IND (b);
  bHRZ_IND on aHRZ_IND (b);

  bBFA_AP cBFA_AP dBFA_AP (c); !Equality constraint on residuals
  bHRZ_IND cHRZ_IND dHRZ_IND (d); !Equality constraint on residuals

  dHRZ_IND on cBFA_AP (x); ! Cross-lagged paths constrained to equality
  cHRZ_IND on bBFA_AP (x);
  bHRZ_IND on aBFA_AP (x);

  dBFA_AP on cHRZ_IND (y); ! Cross-lagged paths constrained to equality
  cBFA_AP on bHRZ_IND (y);
  bBFA_AP on aHRZ_IND (y);

  dHRZ_IND with dBFA_AP (w); ! within-wave correlations constrained to equality
  cHRZ_IND with cBFA_AP (w);
  bHRZ_IND with bBFA_AP (w);

  aBFA_AP aHRZ_IND i_BFA_AP i_HRZ_IND
  s_HRZ_IND
  with
  s_HRZ_IND
  aBFA_AP aHRZ_IND i_BFA_AP i_HRZ_IND;

  s_BFA_AP@0;


  OUTPUT: SAMPSTAT PATTERNS;



*** WARNING
  Variable name contains more than 8 characters.
  Only the first 8 characters will be printed in the output.
  Variable: I_HRZ_IND
*** WARNING
  Variable name contains more than 8 characters.
  Only the first 8 characters will be printed in the output.
  Variable: S_HRZ_IND
*** WARNING in MODEL command
  All continuous latent variable covariances involving S_BFA_AP have been fixed to 0
  because the variance of S_BFA_AP is fixed at 0.
*** WARNING
  Data set contains cases with missing on time scores but non-missing on the
  corresponding dependent variables.  These cases were not included in the analysis.
  Number of such cases:  5
   4 WARNING(S) FOUND IN THE INPUT INSTRUCTIONS



PxVx Univariate - Nat MeanOnly BFA_AP with Lin HRZ_IND;

SUMMARY OF ANALYSIS

Number of groups                                                 1
Number of observations                                         874

Number of dependent variables                                    6
Number of independent variables                                  2
Number of continuous latent variables                            4

Observed dependent variables

  Continuous
   BBFA_AP     CBFA_AP     DBFA_AP     BHRZ_IND    CHRZ_IND    DHRZ_IND

Observed independent variables
   ABFA_AP     AHRZ_IND

Continuous latent variables
   I_BFA_AP    S_BFA_AP    I_HRZ_IN    S_HRZ_IN

Variables with special functions

  Time scores
   BAGE_C      CAGE_C      DAGE_C


Estimator                                                      MLR
Information matrix                                        OBSERVED
Maximum number of iterations                                   100
Convergence criterion                                    0.100D-05
Maximum number of EM iterations                                500
Convergence criteria for the EM algorithm
  Loglikelihood change                                   0.100D-02
  Relative loglikelihood change                          0.100D-05
  Derivative                                             0.100D-03
Minimum variance                                         0.100D-03
Maximum number of steepest descent iterations                   20
Maximum number of iterations for H1                           2000
Convergence criterion for H1                             0.100D-03
Optimization algorithm                                         EMA

Input data file(s)
  E:\Projects\lnt_pxvx\Data\LT_227.txt
Input data format  FREE


SUMMARY OF DATA

     Number of missing data patterns            19


SUMMARY OF MISSING DATA PATTERNS


     MISSING DATA PATTERNS (x = not missing)

           1  2  3  4  5  6  7  8  9 10 11 12 13 14 15 16 17 18 19
 BBFA_AP   x     x  x     x     x     x  x  x  x     x     x
 CBFA_AP   x           x  x     x  x     x  x  x        x  x  x
 DBFA_AP   x     x     x  x  x              x  x     x        x  x
 BHRZ_IND  x     x  x     x     x        x     x           x  x
 CHRZ_IND  x           x        x  x        x  x           x  x
 DHRZ_IND  x     x     x  x  x              x  x     x     x  x
 ABFA_AP   x  x  x  x  x  x  x  x  x  x  x  x     x  x  x  x  x  x
 AHRZ_IND  x  x  x  x  x  x  x  x  x  x  x  x  x     x  x  x  x  x


     MISSING DATA PATTERN FREQUENCIES

    Pattern   Frequency     Pattern   Frequency     Pattern   Frequency
          1         493           8          46          15           1
          2         169           9          23          16           1
          3          26          10           4          17           1
          4          53          11           1          18           1
          5          21          12           3          19           1
          6           2          13           3
          7          24          14           1


COVARIANCE COVERAGE OF DATA

Minimum covariance coverage value   0.100


     PROPORTION OF DATA PRESENT


           Covariance Coverage
              BBFA_AP       CBFA_AP       DBFA_AP       BHRZ_IND      CHRZ_IND
              ________      ________      ________      ________      ________
 BBFA_AP        0.724
 CBFA_AP        0.628         0.681
 DBFA_AP        0.604         0.598         0.658
 BHRZ_IND       0.715         0.626         0.601         0.716
 CHRZ_IND       0.625         0.676         0.596         0.622         0.676
 DHRZ_IND       0.605         0.600         0.657         0.602         0.597
 ABFA_AP        0.721         0.677         0.654         0.713         0.673
 AHRZ_IND       0.724         0.681         0.658         0.716         0.676


           Covariance Coverage
              DHRZ_IND      ABFA_AP       AHRZ_IND
              ________      ________      ________
 DHRZ_IND       0.658
 ABFA_AP        0.654         0.997
 AHRZ_IND       0.658         0.995         0.999


SAMPLE STATISTICS


     ESTIMATED SAMPLE STATISTICS


           Means
              BBFA_AP       CBFA_AP       DBFA_AP       BHRZ_IND      CHRZ_IND
              ________      ________      ________      ________      ________
 1             70.515        70.659        70.870        74.357        74.473


           Means
              DHRZ_IND      ABFA_AP       AHRZ_IND
              ________      ________      ________
 1             73.531        69.697        74.436


           Covariances
              BBFA_AP       CBFA_AP       DBFA_AP       BHRZ_IND      CHRZ_IND
              ________      ________      ________      ________      ________
 BBFA_AP      259.802
 CBFA_AP      201.996       248.344
 DBFA_AP      195.999       205.183       246.776
 BHRZ_IND     -11.051       -11.700       -14.383       252.753
 CHRZ_IND      -3.360       -15.570       -16.133       138.191       241.954
 DHRZ_IND     -12.001       -20.801       -24.922       153.308       155.913
 ABFA_AP      206.278       196.443       195.323       -13.030       -13.139
 AHRZ_IND     -35.555       -34.523       -31.723       140.555       131.878


           Covariances
              DHRZ_IND      ABFA_AP       AHRZ_IND
              ________      ________      ________
 DHRZ_IND     250.036
 ABFA_AP      -21.831       266.226
 AHRZ_IND     132.574       -42.157       250.177


           Correlations
              BBFA_AP       CBFA_AP       DBFA_AP       BHRZ_IND      CHRZ_IND
              ________      ________      ________      ________      ________
 BBFA_AP        1.000
 CBFA_AP        0.795         1.000
 DBFA_AP        0.774         0.829         1.000
 BHRZ_IND      -0.043        -0.047        -0.058         1.000
 CHRZ_IND      -0.013        -0.064        -0.066         0.559         1.000
 DHRZ_IND      -0.047        -0.083        -0.100         0.610         0.634
 ABFA_AP        0.784         0.764         0.762        -0.050        -0.052
 AHRZ_IND      -0.139        -0.139        -0.128         0.559         0.536


           Correlations
              DHRZ_IND      ABFA_AP       AHRZ_IND
              ________      ________      ________
 DHRZ_IND       1.000
 ABFA_AP       -0.085         1.000
 AHRZ_IND       0.530        -0.163         1.000


     MAXIMUM LOG-LIKELIHOOD VALUE FOR THE UNRESTRICTED (H1) MODEL IS -20857.131

     THE MODEL ESTIMATION DID NOT TERMINATE NORMALLY DUE TO A CHANGE IN THE
     LOGLIKELIHOOD DURING THE LAST E STEP.

     AN INSUFFICENT NUMBER OF E STEP ITERATIONS MAY HAVE BEEN USED.  INCREASE
     THE NUMBER OF MITERATIONS OR INCREASE THE MCONVERGENCE VALUE.  ESTIMATES
     CANNOT BE TRUSTED.
     SLOW CONVERGENCE DUE TO PARAMETER 2.
     THE LOGLIKELIHOOD DERIVATIVE FOR THIS PARAMETER IS  0.39392277D+00.






MODEL RESULTS

                    Estimate

 DBFA_AP    ON
    CBFA_AP           -0.174
    CHRZ_IND          -0.053

 CBFA_AP    ON
    BBFA_AP           -0.174
    BHRZ_IND          -0.053

 BBFA_AP    ON
    ABFA_AP           -0.174
    AHRZ_IND          -0.053

 DHRZ_IND   ON
    CHRZ_IND           0.032
    CBFA_AP            0.023

 CHRZ_IND   ON
    BHRZ_IND           0.032
    BBFA_AP            0.023

 BHRZ_IND   ON
    AHRZ_IND           0.032
    ABFA_AP            0.023

 I_HRZ_IN WITH
    I_BFA_AP          -4.117

 S_HRZ_IN WITH
    I_BFA_AP          -0.233
    I_HRZ_IND         -0.355

 ABFA_AP  WITH
    I_BFA_AP         293.427
    I_HRZ_IND        -18.118
    S_HRZ_IND          0.091

 AHRZ_IND WITH
    I_BFA_AP         -45.702
    I_HRZ_IND        129.995
    S_HRZ_IND          0.042

 DHRZ_IND WITH
    DBFA_AP           -6.510

 CHRZ_IND WITH
    CBFA_AP           -6.510

 BHRZ_IND WITH
    BBFA_AP           -6.510

 AHRZ_IND WITH
    ABFA_AP          -42.103

 Means
    ABFA_AP           69.697
    AHRZ_IND          74.432
    I_BFA_AP          89.902
    S_BFA_AP          -1.753
    I_HRZ_IND         70.382
    S_HRZ_IND         -0.079

 Intercepts
    BBFA_AP            0.000
    CBFA_AP            0.000
    DBFA_AP            0.000
    BHRZ_IND           0.000
    CHRZ_IND           0.000
    DHRZ_IND           0.000

 Variances
    ABFA_AP          266.597
    AHRZ_IND         250.177
    I_BFA_AP         744.760
    S_BFA_AP           0.000
    I_HRZ_IND        137.936
    S_HRZ_IND          0.016

 Residual Variances
    BBFA_AP           52.005
    CBFA_AP           52.005
    DBFA_AP           52.005
    BHRZ_IND         101.461
    CHRZ_IND         101.461
    DHRZ_IND         101.461


MODEL COMMAND WITH FINAL ESTIMATES USED AS STARTING VALUES

     i_bfa_ap s_bfa_ap | bbfa_ap cbfa_ap dbfa_ap AT bage_c cage_c dage_c;
     i_hrz_ind s_hrz_ind | bhrz_ind chrz_ind dhrz_ind AT bage_c cage_c dage_c;

     dbfa_ap ON cbfa_ap*-0.174 (a);
     dbfa_ap ON chrz_ind*-0.053 (y);
     cbfa_ap ON bbfa_ap*-0.174 (a);
     cbfa_ap ON bhrz_ind*-0.053 (y);
     bbfa_ap ON abfa_ap*-0.174 (a);
     bbfa_ap ON ahrz_ind*-0.053 (y);
     dhrz_ind ON chrz_ind*0.032 (b);
     dhrz_ind ON cbfa_ap*0.023 (x);
     chrz_ind ON bhrz_ind*0.032 (b);
     chrz_ind ON bbfa_ap*0.023 (x);
     bhrz_ind ON ahrz_ind*0.032 (b);
     bhrz_ind ON abfa_ap*0.023 (x);

     dhrz_ind WITH dbfa_ap*-6.510 (w);
     chrz_ind WITH cbfa_ap*-6.510 (w);
     bhrz_ind WITH bbfa_ap*-6.510 (w);
     ahrz_ind WITH abfa_ap*-42.103;
     i_hrz_ind WITH i_bfa_ap*-4.117;
     s_hrz_ind WITH i_bfa_ap*-0.233;
     s_hrz_ind WITH i_hrz_ind*-0.355;
     abfa_ap WITH i_bfa_ap*293.427;
     abfa_ap WITH i_hrz_ind*-18.118;
     abfa_ap WITH s_hrz_ind*0.091;
     ahrz_ind WITH i_bfa_ap*-45.702;
     ahrz_ind WITH i_hrz_ind*129.995;
     ahrz_ind WITH s_hrz_ind*0.042;

     [ bbfa_ap@0 ];
     [ cbfa_ap@0 ];
     [ dbfa_ap@0 ];
     [ bhrz_ind@0 ];
     [ chrz_ind@0 ];
     [ dhrz_ind@0 ];
     [ abfa_ap*69.697 ];
     [ ahrz_ind*74.432 ];
     [ i_bfa_ap*89.902 ];
     [ s_bfa_ap*-1.753 ];
     [ i_hrz_ind*70.382 ];
     [ s_hrz_ind*-0.079 ];

     bbfa_ap*52.005 (c);
     cbfa_ap*52.005 (c);
     dbfa_ap*52.005 (c);
     bhrz_ind*101.461 (d);
     chrz_ind*101.461 (d);
     dhrz_ind*101.461 (d);
     abfa_ap*266.597;
     ahrz_ind*250.177;
     i_bfa_ap*744.760;
     s_bfa_ap@0;
     i_hrz_ind*137.936;
     s_hrz_ind*0.016;



     Beginning Time:  19:03:47
        Ending Time:  19:04:42
       Elapsed Time:  00:00:55



MUTHEN & MUTHEN
3463 Stoner Ave.
Los Angeles, CA  90066

Tel: (310) 391-9971
Fax: (310) 391-8971
Web: www.StatModel.com
Support: Support@StatModel.com

Copyright (c) 1998-2011 Muthen & Muthen
