Mplus VERSION 6.12
MUTHEN & MUTHEN
03/09/2016   6:36 PM

INPUT INSTRUCTIONS


  title: PxVx Univariate - Col MeanOnly BFI_C with MeanOnly HRZ_COL;
  data: file = E:\Projects\lnt_pxvx\Data\LT_227.txt;



  variable:
  names =
  subjid
  Sample
  aGENDER
  aAGE
  aethnic1
  aethnic2
  aedu_mom
  aedu_dad
  aEDUCATN
  bEDUCATN
  cEDUCATN
  aEMPLOYD
  bEMPLOYD
  cEMPLOYD
  dEMPLOYD
  aINCOME
  bINCOME
  cINCOME
  dINCOME
  aS_SCALE
  bS_SCALE
  cS_SCALE
  dS_SCALE
  aD_SCALE
  bD_SCALE
  cD_SCALE
  dD_SCALE
  aS_COMP
  bS_COMP
  cS_COMP
  dS_COMP
  aD_COMP
  bD_COMP
  cD_COMP
  dD_COMP
  aBFI_A
  aBFI_A6
  aBFI_C
  aBFI_E
  aBFI_HP
  aBFI_N
  aBFI_O
  bBFI_A
  bBFI_A6
  bBFI_C
  bBFI_E
  bBFI_HP
  bBFI_N
  bBFI_O
  cBFI_A
  cBFI_A6
  cBFI_C
  cBFI_E
  cBFI_HP
  cBFI_N
  cBFI_O
  dBFI_A
  dBFI_A6
  dBFI_C
  dBFI_E
  dBFI_HP
  dBFI_N
  dBFI_O
  aBFA_AC
  aBFA_AP
  aBFA_CI
  aBFA_CO
  aBFA_EA
  aBFA_EE
  aBFA_N9
  aBFA_NV
  aBFA_NW
  aBFA_OI
  aBFA_OO
  aBFA_PS
  aBFA_MT
  bBFA_AC
  bBFA_AP
  bBFA_CI
  bBFA_CO
  bBFA_EA
  bBFA_EE
  bBFA_N9
  bBFA_NV
  bBFA_NW
  bBFA_OI
  bBFA_OO
  bBFA_MT
  bBFA_PS
  cBFA_AC
  cBFA_AP
  cBFA_CI
  cBFA_CO
  cBFA_EA
  cBFA_EE
  cBFA_N9
  cBFA_NV
  cBFA_NW
  cBFA_OI
  cBFA_OO
  cBFA_MT
  cBFA_PS
  dBFA_AC
  dBFA_AP
  dBFA_CI
  dBFA_CO
  dBFA_EA
  dBFA_EE
  dBFA_N9
  dBFA_NV
  dBFA_NW
  dBFA_OI
  dBFA_OO
  dBFA_MT
  dBFA_PS
  aUSI
  bUSI
  cUSI
  dUSI
  aHRZ_IND
  bHRZ_IND
  cHRZ_IND
  dHRZ_IND
  aVRT_IND
  bVRT_IND
  cVRT_IND
  dVRT_IND
  aHRZ_COL
  bHRZ_COL
  cHRZ_COL
  dHRZ_COL
  aVRT_COL
  bVRT_COL
  cVRT_COL
  dVRT_COL
  aCOLLCTV
  bCOLLCTV
  cCOLLCTV
  dCOLLCTV
  aMVS
  bMVS
  cMVS
  dMVS
  aST
  bST
  cST
  dST
  aSD
  bSD
  cSD
  dSD
  aMVS_mc
  bMVS_mc
  cMVS_mc
  dMVS_mc
  aST_mc
  bST_mc
  cST_mc
  dST_mc
  aSD_mc
  bSD_mc
  cSD_mc
  dSD_mc
  bMEANING
  cMEANING
  dMEANING
  bMEAN_L
  cMEAN_L
  dMEAN_L
  bMEANNGc
  cMEANNGc
  dMEANNGc
  bMEANGlc
  cMEANGlc
  dMEANGlc
  bCLASSIC
  cCLASSIC
  dCLASSIC
  bCLASSCc
  cCLASSCc
  dCLASSCc
  bAGR_VAL
  cAGR_VAL
  dAGR_VAL
  bOPN_VAL
  cOPN_VAL
  dOPN_VAL
  bAGR_VLc
  cAGR_VLc
  dAGR_VLc
  bOPNVALc
  cOPNVALc
  dOPNVALc
  aMV_pomp
  bMV_pomp
  cMV_pomp
  dMV_pomp
  aST_pomp
  bST_pomp
  cST_pomp
  dST_pomp
  aSD_pomp
  bSD_pomp
  cSD_pomp
  dSD_pomp
  agoal_ec
  bgoal_ec
  cgoal_ec
  dgoal_ec
  aAspfinc
  bAspfinc
  cAspfinc
  dAspfinc
  abfi_hp8
  bbfi_hp8
  cbfi_hp8
  dbfi_hp8
  aP_S_BFI
  aP_D_BFI
  aECgoalc
  bECgoalC
  cECgoalC
  dECgoalC
  aaspfin
  baspfin
  caspfin
  daspfin;

  USEVARIABLES =
  aBFI_C
  bBFI_C
  cBFI_C
  dBFI_C
  aHRZ_COL
  bHRZ_COL
  cHRZ_COL
  dHRZ_COL
  bage_c
  cage_c
  dage_c
  ;

  missing = all (-9999);

  USEOBSERVATIONS are Sample == 2; ! College Sample

  tscores = bage_c cage_c dage_c;

  DEFINE:
  bage_c = aAGE + 1 - 20.5;
  cage_c = aAGE + 2 - 20.5;
  dage_c = aAGE + 3 - 20.5;

  ANALYSIS:
  TYPE=RANDOM;
  PROCESSORS = 8;

  MODEL:

  i_BFI_C s_BFI_C | bBFI_C cBFI_C dBFI_C AT bage_c cage_c dage_c;
  i_HRZ_COL s_HRZ_COL | bHRZ_COL cHRZ_COL dHRZ_COL AT bage_c cage_c dage_c;


  !After Bollen and Curran initial observation is not part of LGM

  dBFI_C on cBFI_C (a); ! Autoregressive paths constrained to equality
  cBFI_C on bBFI_C (a);
  bBFI_C on aBFI_C (a);

  dHRZ_COL on cHRZ_COL (b); ! Autoregressive paths constrained to equality
  cHRZ_COL on bHRZ_COL (b);
  bHRZ_COL on aHRZ_COL (b);

  bBFI_C cBFI_C dBFI_C (c); !Equality constraint on residuals
  bHRZ_COL cHRZ_COL dHRZ_COL (d); !Equality constraint on residuals

  dHRZ_COL on cBFI_C (x); ! Cross-lagged paths constrained to equality
  cHRZ_COL on bBFI_C (x);
  bHRZ_COL on aBFI_C (x);

  dBFI_C on cHRZ_COL (y); ! Cross-lagged paths constrained to equality
  cBFI_C on bHRZ_COL (y);
  bBFI_C on aHRZ_COL (y);

  dHRZ_COL with dBFI_C (w); ! within-wave correlations constrained to equality
  cHRZ_COL with cBFI_C (w);
  bHRZ_COL with bBFI_C (w);

  aBFI_C aHRZ_COL i_BFI_C i_HRZ_COL
  with
  aBFI_C aHRZ_COL i_BFI_C i_HRZ_COL;

  s_BFI_C@0;

  s_HRZ_COL@0;

  OUTPUT: SAMPSTAT PATTERNS;



*** WARNING
  Variable name contains more than 8 characters.
  Only the first 8 characters will be printed in the output.
  Variable: I_HRZ_COL
*** WARNING
  Variable name contains more than 8 characters.
  Only the first 8 characters will be printed in the output.
  Variable: S_HRZ_COL
*** WARNING in MODEL command
  All continuous latent variable covariances involving S_BFI_C have been fixed to 0
  because the variance of S_BFI_C is fixed at 0.
*** WARNING in MODEL command
  All continuous latent variable covariances involving S_HRZ_COL have been fixed to 0
  because the variance of S_HRZ_COL is fixed at 0.
*** WARNING
  Data set contains cases with missing on all variables.
  These cases were not included in the analysis.
  Number of cases with missing on all variables:  1
   5 WARNING(S) FOUND IN THE INPUT INSTRUCTIONS



PxVx Univariate - Col MeanOnly BFI_C with MeanOnly HRZ_COL;

SUMMARY OF ANALYSIS

Number of groups                                                 1
Number of observations                                         279

Number of dependent variables                                    6
Number of independent variables                                  2
Number of continuous latent variables                            4

Observed dependent variables

  Continuous
   BBFI_C      CBFI_C      DBFI_C      BHRZ_COL    CHRZ_COL    DHRZ_COL

Observed independent variables
   ABFI_C      AHRZ_COL

Continuous latent variables
   I_BFI_C     S_BFI_C     I_HRZ_CO    S_HRZ_CO

Variables with special functions

  Time scores
   BAGE_C      CAGE_C      DAGE_C


Estimator                                                      MLR
Information matrix                                        OBSERVED
Maximum number of iterations                                   100
Convergence criterion                                    0.100D-05
Maximum number of EM iterations                                500
Convergence criteria for the EM algorithm
  Loglikelihood change                                   0.100D-02
  Relative loglikelihood change                          0.100D-05
  Derivative                                             0.100D-03
Minimum variance                                         0.100D-03
Maximum number of steepest descent iterations                   20
Maximum number of iterations for H1                           2000
Convergence criterion for H1                             0.100D-03
Optimization algorithm                                         EMA

Input data file(s)
  E:\Projects\lnt_pxvx\Data\LT_227.txt
Input data format  FREE


SUMMARY OF DATA

     Number of missing data patterns            15


SUMMARY OF MISSING DATA PATTERNS


     MISSING DATA PATTERNS (x = not missing)

           1  2  3  4  5  6  7  8  9 10 11 12 13 14 15
 BBFI_C    x  x     x        x  x     x  x        x  x
 CBFI_C    x  x  x                 x  x     x        x
 DBFI_C    x     x        x  x  x  x  x  x           x
 BHRZ_COL  x  x     x           x     x  x
 CHRZ_COL  x  x  x                 x  x     x        x
 DHRZ_COL  x              x     x  x                 x
 ABFI_C    x  x  x  x  x  x  x  x  x  x  x  x  x  x  x
 AHRZ_COL  x  x  x  x  x  x  x  x  x  x  x  x     x  x


     MISSING DATA PATTERN FREQUENCIES

    Pattern   Frequency     Pattern   Frequency     Pattern   Frequency
          1         140           6          11          11           1
          2          10           7           1          12           4
          3           2           8          16          13           2
          4          26           9           9          14           2
          5          52          10           2          15           1


COVARIANCE COVERAGE OF DATA

Minimum covariance coverage value   0.100


     PROPORTION OF DATA PRESENT


           Covariance Coverage
              BBFI_C        CBFI_C        DBFI_C        BHRZ_COL      CHRZ_COL
              ________      ________      ________      ________      ________
 BBFI_C         0.713
 CBFI_C         0.548         0.602
 DBFI_C         0.577         0.552         0.656
 BHRZ_COL       0.699         0.545         0.570         0.699
 CHRZ_COL       0.548         0.602         0.552         0.545         0.602
 DHRZ_COL       0.563         0.538         0.634         0.559         0.538
 ABFI_C         0.713         0.602         0.656         0.699         0.602
 AHRZ_COL       0.713         0.602         0.656         0.699         0.602


           Covariance Coverage
              DHRZ_COL      ABFI_C        AHRZ_COL
              ________      ________      ________
 DHRZ_COL       0.634
 ABFI_C         0.634         1.000
 AHRZ_COL       0.634         0.993         0.993


SAMPLE STATISTICS


     ESTIMATED SAMPLE STATISTICS


           Means
              BBFI_C        CBFI_C        DBFI_C        BHRZ_COL      CHRZ_COL
              ________      ________      ________      ________      ________
 1             66.282        65.645        67.232        74.096        73.872


           Means
              DHRZ_COL      ABFI_C        AHRZ_COL
              ________      ________      ________
 1             74.835        65.096        71.598


           Covariances
              BBFI_C        CBFI_C        DBFI_C        BHRZ_COL      CHRZ_COL
              ________      ________      ________      ________      ________
 BBFI_C       255.714
 CBFI_C       207.727       272.482
 DBFI_C       198.871       220.646       262.150
 BHRZ_COL      17.652         7.803        -0.012       207.351
 CHRZ_COL       6.602        27.159        18.168       129.420       178.418
 DHRZ_COL       4.857        -2.661        18.533       123.730       113.304
 ABFI_C       188.562       180.657       177.675        13.697         9.833
 AHRZ_COL       7.972        19.512        23.442       107.469       108.809


           Covariances
              DHRZ_COL      ABFI_C        AHRZ_COL
              ________      ________      ________
 DHRZ_COL     207.895
 ABFI_C         3.872       250.018
 AHRZ_COL     118.732        22.803       193.549


           Correlations
              BBFI_C        CBFI_C        DBFI_C        BHRZ_COL      CHRZ_COL
              ________      ________      ________      ________      ________
 BBFI_C         1.000
 CBFI_C         0.787         1.000
 DBFI_C         0.768         0.826         1.000
 BHRZ_COL       0.077         0.033         0.000         1.000
 CHRZ_COL       0.031         0.123         0.084         0.673         1.000
 DHRZ_COL       0.021        -0.011         0.079         0.596         0.588
 ABFI_C         0.746         0.692         0.694         0.060         0.047
 AHRZ_COL       0.036         0.085         0.104         0.536         0.586


           Correlations
              DHRZ_COL      ABFI_C        AHRZ_COL
              ________      ________      ________
 DHRZ_COL       1.000
 ABFI_C         0.017         1.000
 AHRZ_COL       0.592         0.104         1.000


     MAXIMUM LOG-LIKELIHOOD VALUE FOR THE UNRESTRICTED (H1) MODEL IS -6353.647


THE MODEL ESTIMATION TERMINATED NORMALLY



MODEL FIT INFORMATION

Number of Free Parameters                       23

Loglikelihood

          H0 Value                       -6363.875
          H0 Scaling Correction Factor       1.223
            for MLR

Information Criteria

          Akaike (AIC)                   12773.751
          Bayesian (BIC)                 12857.268
          Sample-Size Adjusted BIC       12784.338
            (n* = (n + 2) / 24)



MODEL RESULTS

                                                    Two-Tailed
                    Estimate       S.E.  Est./S.E.    P-Value

 DBFI_C     ON
    CBFI_C             0.175      0.057      3.067      0.002
    CHRZ_COL          -0.024      0.107     -0.227      0.820

 CBFI_C     ON
    BBFI_C             0.175      0.057      3.067      0.002
    BHRZ_COL          -0.024      0.107     -0.227      0.820

 BBFI_C     ON
    ABFI_C             0.175      0.057      3.067      0.002
    AHRZ_COL          -0.024      0.107     -0.227      0.820

 DHRZ_COL   ON
    CHRZ_COL          -0.041      0.105     -0.395      0.693
    CBFI_C             0.002      0.063      0.034      0.973

 CHRZ_COL   ON
    BHRZ_COL          -0.041      0.105     -0.395      0.693
    BBFI_C             0.002      0.063      0.034      0.973

 BHRZ_COL   ON
    AHRZ_COL          -0.041      0.105     -0.395      0.693
    ABFI_C             0.002      0.063      0.034      0.973

 I_HRZ_CO WITH
    I_BFI_C            7.911     25.508      0.310      0.756

 ABFI_C   WITH
    I_BFI_C          147.477     18.112      8.143      0.000
    I_HRZ_COL         10.403     16.316      0.638      0.524

 AHRZ_COL WITH
    I_BFI_C           17.070     19.121      0.893      0.372
    I_HRZ_COL        117.790     18.657      6.313      0.000

 DHRZ_COL WITH
    DBFI_C            15.686      5.348      2.933      0.003

 CHRZ_COL WITH
    CBFI_C            15.686      5.348      2.933      0.003

 BHRZ_COL WITH
    BBFI_C            15.686      5.348      2.933      0.003

 AHRZ_COL WITH
    ABFI_C            22.803     12.556      1.816      0.069

 Means
    ABFI_C            65.096      0.948     68.700      0.000
    AHRZ_COL          71.598      0.836     85.595      0.000
    I_BFI_C           55.861      8.120      6.879      0.000
    S_BFI_C            0.411      0.403      1.019      0.308
    I_HRZ_COL         76.853      5.447     14.109      0.000
    S_HRZ_COL          0.134      0.438      0.306      0.759

 Intercepts
    BBFI_C             0.000      0.000    999.000    999.000
    CBFI_C             0.000      0.000    999.000    999.000
    DBFI_C             0.000      0.000    999.000    999.000
    BHRZ_COL           0.000      0.000    999.000    999.000
    CHRZ_COL           0.000      0.000    999.000    999.000
    DHRZ_COL           0.000      0.000    999.000    999.000

 Variances
    ABFI_C           250.018     20.212     12.369      0.000
    AHRZ_COL         193.549     15.950     12.134      0.000
    I_BFI_C          140.831     25.127      5.605      0.000
    S_BFI_C            0.000      0.000    999.000    999.000
    I_HRZ_COL        135.410     32.791      4.129      0.000
    S_HRZ_COL          0.000      0.000    999.000    999.000

 Residual Variances
    BBFI_C            60.105      5.970     10.067      0.000
    CBFI_C            60.105      5.970     10.067      0.000
    DBFI_C            60.105      5.970     10.067      0.000
    BHRZ_COL          73.887      8.695      8.498      0.000
    CHRZ_COL          73.887      8.695      8.498      0.000
    DHRZ_COL          73.887      8.695      8.498      0.000


QUALITY OF NUMERICAL RESULTS

     Condition Number for the Information Matrix              0.722E-06
       (ratio of smallest to largest eigenvalue)


     Beginning Time:  18:36:41
        Ending Time:  18:36:42
       Elapsed Time:  00:00:01



MUTHEN & MUTHEN
3463 Stoner Ave.
Los Angeles, CA  90066

Tel: (310) 391-9971
Fax: (310) 391-8971
Web: www.StatModel.com
Support: Support@StatModel.com

Copyright (c) 1998-2011 Muthen & Muthen
