Mplus VERSION 8 (Linux)
MUTHEN & MUTHEN
06/07/2018   5:15 PM

INPUT INSTRUCTIONS


  title: Stability of values - Nat usi_d longitudinal;
  data: file = /home/jflournoy/code_new/lnt_pxvx/Data/lnt_nat_recalc.tsv;

  variable:
  names =
  subjid
  aage
  aaspfin
  aaspfin_d
  abfa_mt
  abfa_mt_d
  abfas_ac
  abfas_ap
  abfas_ci
  abfas_co
  abfas_ea
  abfas_ee
  abfas_nv
  abfas_nv9
  abfas_nw
  abfas_oi
  abfas_oo
  abfi_a
  abfi_a6
  abfi_c
  abfi_d_scale
  abfi_e
  abfi_hp8
  abfi_n
  abfi_o
  abfi_s_scale
  ahrz_col
  ahrz_col_d
  ahrz_ind
  ahrz_ind_d
  amvi
  ausi
  ausi_d
  avrt_col
  avrt_col_d
  avrt_ind
  avrt_ind_d
  bage
  baspfin
  baspfin_d
  bbfa_mt
  bbfa_mt_d
  bbfas_ac
  bbfas_ap
  bbfas_ci
  bbfas_co
  bbfas_ea
  bbfas_ee
  bbfas_nv
  bbfas_nv9
  bbfas_nw
  bbfas_oi
  bbfas_oo
  bbfi_a
  bbfi_a6
  bbfi_c
  bbfi_d_scale
  bbfi_e
  bbfi_hp8
  bbfi_n
  bbfi_o
  bbfi_s_scale
  bhrz_col
  bhrz_col_d
  bhrz_ind
  bhrz_ind_d
  bmvi
  busi
  busi_d
  bvrt_col
  bvrt_col_d
  bvrt_ind
  bvrt_ind_d
  cage
  caspfin
  caspfin_d
  cbfa_mt
  cbfa_mt_d
  cbfas_ac
  cbfas_ap
  cbfas_ci
  cbfas_co
  cbfas_ea
  cbfas_ee
  cbfas_nv
  cbfas_nv9
  cbfas_nw
  cbfas_oi
  cbfas_oo
  cbfi_a
  cbfi_a6
  cbfi_c
  cbfi_d_scale
  cbfi_e
  cbfi_hp8
  cbfi_n
  cbfi_o
  cbfi_s_scale
  chrz_col
  chrz_col_d
  chrz_ind
  chrz_ind_d
  cmvi
  cusi
  cusi_d
  cvrt_col
  cvrt_col_d
  cvrt_ind
  cvrt_ind_d
  dage
  daspfin
  daspfin_d
  dbfa_mt
  dbfa_mt_d
  dbfas_ac
  dbfas_ap
  dbfas_ci
  dbfas_co
  dbfas_ea
  dbfas_ee
  dbfas_nv
  dbfas_nv9
  dbfas_nw
  dbfas_oi
  dbfas_oo
  dbfi_a
  dbfi_a6
  dbfi_c
  dbfi_d_scale
  dbfi_e
  dbfi_hp8
  dbfi_n
  dbfi_o
  dbfi_s_scale
  dhrz_col
  dhrz_col_d
  dhrz_ind
  dhrz_ind_d
  dmvi
  dusi
  dusi_d
  dvrt_col
  dvrt_col_d
  dvrt_ind
  dvrt_ind_d;

  USEVARIABLES =
  ausi_d
  busi_d
  cusi_d
  dusi_d
  aage
  ;

  missing = all (-9999);

  grouping = aage (0=d2, 1=d3, 2=d4, 3=d5);

  DEFINE:

  cut aage (29 39 49);

  ANALYSIS:
  type = general;
  estimator = ml;
  processors = 8;

  MODEL:
  ausi_d WITH busi_d;
  busi_d WITH cusi_d;
  cusi_d WITH dusi_d;

  ausi_d WITH cusi_d;
  busi_d WITH dusi_d;

  ausi_d WITH dusi_d;

  MODEL d2:
  ausi_d WITH busi_d (a2);
  busi_d WITH cusi_d (a2);
  cusi_d WITH dusi_d (a2);

  ausi_d WITH cusi_d (b2);
  busi_d WITH dusi_d (b2);

  ausi_d WITH dusi_d (c2);

  ausi_d busi_d cusi_d dusi_d (e2);

  MODEL d3:
  ausi_d WITH busi_d (a3);
  busi_d WITH cusi_d (a3);
  cusi_d WITH dusi_d (a3);

  ausi_d WITH cusi_d (b3);
  busi_d WITH dusi_d (b3);

  ausi_d WITH dusi_d (c3);

  ausi_d busi_d cusi_d dusi_d (e3);

  MODEL d4:
  ausi_d WITH busi_d (a4);
  busi_d WITH cusi_d (a4);
  cusi_d WITH dusi_d (a4);

  ausi_d WITH cusi_d (b4);
  busi_d WITH dusi_d (b4);

  ausi_d WITH dusi_d (c4);

  ausi_d busi_d cusi_d dusi_d (e4);

  MODEL d5:
  ausi_d WITH busi_d (a5);
  busi_d WITH cusi_d (a5);
  cusi_d WITH dusi_d (a5);

  ausi_d WITH cusi_d (b5);
  busi_d WITH dusi_d (b5);

  ausi_d WITH dusi_d (c5);

  ausi_d busi_d cusi_d dusi_d (e5);



  OUTPUT: SAMPSTAT PATTERNS STDYX;



*** WARNING
  Data set contains unknown or missing values for GROUPING,
  PATTERN, COHORT, CLUSTER and/or STRATIFICATION variables.
  Number of cases with unknown or missing values:  5
*** WARNING
  Data set contains cases with missing on all variables.
  These cases were not included in the analysis.
  Number of cases with missing on all variables:  1
   2 WARNING(S) FOUND IN THE INPUT INSTRUCTIONS



Stability of values - Nat usi_d longitudinal;

SUMMARY OF ANALYSIS

Number of groups                                                 4
Number of observations
   Group D2                                                    301
   Group D3                                                    233
   Group D4                                                    197
   Group D5                                                    132
   Total sample size                                           863

Number of dependent variables                                    4
Number of independent variables                                  0
Number of continuous latent variables                            0

Observed dependent variables

  Continuous
   AUSI_D      BUSI_D      CUSI_D      DUSI_D

Variables with special functions

  Grouping variable     AAGE

Estimator                                                       ML
Information matrix                                        OBSERVED
Maximum number of iterations                                  1000
Convergence criterion                                    0.500D-04
Maximum number of steepest descent iterations                   20
Maximum number of iterations for H1                           2000
Convergence criterion for H1                             0.100D-03

Input data file(s)
  /home/jflournoy/code_new/lnt_pxvx/Data/lnt_nat_recalc.tsv

Input data format  FREE


SUMMARY OF DATA

   Group D2
     Number of missing data patterns             8

   Group D3
     Number of missing data patterns             8

   Group D4
     Number of missing data patterns             8

   Group D5
     Number of missing data patterns             8


SUMMARY OF MISSING DATA PATTERNS


     MISSING DATA PATTERNS FOR D2 (x = not missing)

           1  2  3  4  5  6  7  8
 AUSI_D    x  x  x  x  x  x  x  x
 BUSI_D    x  x  x  x
 CUSI_D    x  x        x  x
 DUSI_D    x     x     x     x


     MISSING DATA PATTERN FREQUENCIES FOR D2

    Pattern   Frequency     Pattern   Frequency     Pattern   Frequency
          1         188           4          12           7          11
          2          13           5           7           8          58
          3           7           6           5


     MISSING DATA PATTERNS FOR D3 (x = not missing)

           1  2  3  4  5  6  7  8
 AUSI_D    x  x  x  x  x  x  x  x
 BUSI_D    x  x  x  x
 CUSI_D    x  x        x  x
 DUSI_D    x     x     x     x


     MISSING DATA PATTERN FREQUENCIES FOR D3

    Pattern   Frequency     Pattern   Frequency     Pattern   Frequency
          1         140           4          15           7           3
          2           7           5           7           8          46
          3           8           6           7


     MISSING DATA PATTERNS FOR D4 (x = not missing)

           1  2  3  4  5  6  7  8
 AUSI_D    x  x  x  x  x  x  x  x
 BUSI_D    x  x  x  x
 CUSI_D    x  x        x  x
 DUSI_D    x     x     x     x


     MISSING DATA PATTERN FREQUENCIES FOR D4

    Pattern   Frequency     Pattern   Frequency     Pattern   Frequency
          1         104           4          11           7           5
          2          15           5           6           8          43
          3           8           6           5


     MISSING DATA PATTERNS FOR D5 (x = not missing)

           1  2  3  4  5  6  7  8
 AUSI_D    x  x  x  x  x  x  x  x
 BUSI_D    x  x  x  x
 CUSI_D    x  x        x  x
 DUSI_D    x     x     x     x


     MISSING DATA PATTERN FREQUENCIES FOR D5

    Pattern   Frequency     Pattern   Frequency     Pattern   Frequency
          1          61           4          10           7           6
          2          11           5           4           8          29
          3           5           6           6


COVARIANCE COVERAGE OF DATA

Minimum covariance coverage value   0.100


     PROPORTION OF DATA PRESENT FOR D2


           Covariance Coverage
              AUSI_D        BUSI_D        CUSI_D        DUSI_D
              ________      ________      ________      ________
 AUSI_D         1.000
 BUSI_D         0.731         0.731
 CUSI_D         0.708         0.668         0.708
 DUSI_D         0.708         0.648         0.648         0.708


     PROPORTION OF DATA PRESENT FOR D3


           Covariance Coverage
              AUSI_D        BUSI_D        CUSI_D        DUSI_D
              ________      ________      ________      ________
 AUSI_D         1.000
 BUSI_D         0.730         0.730
 CUSI_D         0.691         0.631         0.691
 DUSI_D         0.678         0.635         0.631         0.678


     PROPORTION OF DATA PRESENT FOR D4


           Covariance Coverage
              AUSI_D        BUSI_D        CUSI_D        DUSI_D
              ________      ________      ________      ________
 AUSI_D         1.000
 BUSI_D         0.701         0.701
 CUSI_D         0.660         0.604         0.660
 DUSI_D         0.624         0.569         0.558         0.624


     PROPORTION OF DATA PRESENT FOR D5


           Covariance Coverage
              AUSI_D        BUSI_D        CUSI_D        DUSI_D
              ________      ________      ________      ________
 AUSI_D         1.000
 BUSI_D         0.659         0.659
 CUSI_D         0.621         0.545         0.621
 DUSI_D         0.576         0.500         0.492         0.576


SAMPLE STATISTICS


     ESTIMATED SAMPLE STATISTICS FOR D2


           Means
              AUSI_D        BUSI_D        CUSI_D        DUSI_D
              ________      ________      ________      ________
               34.095        33.221        33.051        33.956


           Covariances
              AUSI_D        BUSI_D        CUSI_D        DUSI_D
              ________      ________      ________      ________
 AUSI_D       351.891
 BUSI_D       239.647       352.792
 CUSI_D       183.531       213.961       312.856
 DUSI_D       194.636       211.130       226.597       327.473


           Correlations
              AUSI_D        BUSI_D        CUSI_D        DUSI_D
              ________      ________      ________      ________
 AUSI_D         1.000
 BUSI_D         0.680         1.000
 CUSI_D         0.553         0.644         1.000
 DUSI_D         0.573         0.621         0.708         1.000


     ESTIMATED SAMPLE STATISTICS FOR D3


           Means
              AUSI_D        BUSI_D        CUSI_D        DUSI_D
              ________      ________      ________      ________
               29.614        31.291        30.396        28.982


           Covariances
              AUSI_D        BUSI_D        CUSI_D        DUSI_D
              ________      ________      ________      ________
 AUSI_D       326.979
 BUSI_D       201.388       306.882
 CUSI_D       184.389       192.443       348.910
 DUSI_D       156.440       152.384       195.082       296.938


           Correlations
              AUSI_D        BUSI_D        CUSI_D        DUSI_D
              ________      ________      ________      ________
 AUSI_D         1.000
 BUSI_D         0.636         1.000
 CUSI_D         0.546         0.588         1.000
 DUSI_D         0.502         0.505         0.606         1.000


     ESTIMATED SAMPLE STATISTICS FOR D4


           Means
              AUSI_D        BUSI_D        CUSI_D        DUSI_D
              ________      ________      ________      ________
               28.342        27.225        27.283        27.949


           Covariances
              AUSI_D        BUSI_D        CUSI_D        DUSI_D
              ________      ________      ________      ________
 AUSI_D       377.651
 BUSI_D       284.325       400.049
 CUSI_D       272.074       275.585       385.926
 DUSI_D       215.827       205.659       250.807       330.490


           Correlations
              AUSI_D        BUSI_D        CUSI_D        DUSI_D
              ________      ________      ________      ________
 AUSI_D         1.000
 BUSI_D         0.731         1.000
 CUSI_D         0.713         0.701         1.000
 DUSI_D         0.611         0.566         0.702         1.000


     ESTIMATED SAMPLE STATISTICS FOR D5


           Means
              AUSI_D        BUSI_D        CUSI_D        DUSI_D
              ________      ________      ________      ________
               25.694        23.349        25.365        27.193


           Covariances
              AUSI_D        BUSI_D        CUSI_D        DUSI_D
              ________      ________      ________      ________
 AUSI_D       342.005
 BUSI_D       172.655       301.312
 CUSI_D       252.343       253.076       464.404
 DUSI_D       228.820       250.634       340.383       431.163


           Correlations
              AUSI_D        BUSI_D        CUSI_D        DUSI_D
              ________      ________      ________      ________
 AUSI_D         1.000
 BUSI_D         0.538         1.000
 CUSI_D         0.633         0.677         1.000
 DUSI_D         0.596         0.695         0.761         1.000


     MAXIMUM LOG-LIKELIHOOD VALUE FOR THE UNRESTRICTED (H1) MODEL IS -10859.262


UNIVARIATE SAMPLE STATISTICS


     UNIVARIATE HIGHER-ORDER MOMENT DESCRIPTIVE STATISTICS FOR D2

         Variable/         Mean/     Skewness/   Minimum/ % with                Percentiles
        Sample Size      Variance    Kurtosis    Maximum  Min/Max      20%/60%    40%/80%    Median

     AUSI_D               34.095       0.151       0.000    6.98%      16.667     33.333     33.333
             301.000     351.891      -0.339      91.667    0.33%      41.667     50.000
     BUSI_D               32.689      -0.008       0.000    7.27%      16.667     25.000     33.333
             220.000     338.916      -0.600      91.667    0.45%      41.667     50.000
     CUSI_D               33.099       0.089       0.000    6.57%      16.667     25.000     33.333
             213.000     305.761      -0.296      83.333    0.47%      33.333     50.000
     DUSI_D               33.549       0.033       0.000    6.10%      16.667     25.000     33.333
             213.000     315.959      -0.347      83.333    0.94%      41.667     50.000


     UNIVARIATE HIGHER-ORDER MOMENT DESCRIPTIVE STATISTICS FOR D3

         Variable/         Mean/     Skewness/   Minimum/ % with                Percentiles
        Sample Size      Variance    Kurtosis    Maximum  Min/Max      20%/60%    40%/80%    Median

     AUSI_D               29.614       0.002       0.000   12.88%       8.333     25.000     33.333
             233.000     326.979      -0.435      91.667    0.43%      33.333     41.667
     BUSI_D               30.515       0.091       0.000   10.00%      16.667     25.000     33.333
             170.000     305.066      -0.063      91.667    0.59%      33.333     41.667
     CUSI_D               30.072       0.264       0.000    9.32%       8.333     25.000     33.333
             161.000     352.980      -0.551      75.000    1.86%      33.333     41.667
     DUSI_D               28.191       0.144       0.000   10.76%       8.333     25.000     29.167
             158.000     299.351      -0.487      75.000    1.27%      33.333     41.667


     UNIVARIATE HIGHER-ORDER MOMENT DESCRIPTIVE STATISTICS FOR D4

         Variable/         Mean/     Skewness/   Minimum/ % with                Percentiles
        Sample Size      Variance    Kurtosis    Maximum  Min/Max      20%/60%    40%/80%    Median

     AUSI_D               28.342       0.258       0.000   11.17%       8.333     16.667     25.000
             197.000     377.651      -0.783      83.333    0.51%      33.333     50.000
     BUSI_D               27.597       0.569       0.000   15.22%       8.333     25.000     25.000
             138.000     395.582       0.559     100.000    0.72%      33.333     41.667
     CUSI_D               28.141       0.148       0.000   17.69%       8.333     25.000     29.167
             130.000     391.309      -0.767      83.333    0.77%      33.333     41.667
     DUSI_D               28.659       0.031       0.000   14.63%       8.333     25.000     33.333
             123.000     335.531      -0.719      75.000    0.81%      33.333     41.667


     UNIVARIATE HIGHER-ORDER MOMENT DESCRIPTIVE STATISTICS FOR D5

         Variable/         Mean/     Skewness/   Minimum/ % with                Percentiles
        Sample Size      Variance    Kurtosis    Maximum  Min/Max      20%/60%    40%/80%    Median

     AUSI_D               25.694       0.348       0.000   15.91%       8.333     16.667     25.000
             132.000     342.005      -0.680      75.000    0.76%      33.333     41.667
     BUSI_D               22.797       0.355       0.000   20.69%       0.000     16.667     25.000
              87.000     297.669      -0.593      66.667    2.30%      25.000     41.667
     CUSI_D               24.797       0.742       0.000   18.29%       8.333     16.667     16.667
              82.000     438.644       0.000      91.667    1.22%      25.000     41.667
     DUSI_D               25.768       0.437       0.000   19.74%       0.000     16.667     25.000
              76.000     427.956      -0.736      83.333    1.32%      33.333     50.000


THE MODEL ESTIMATION TERMINATED NORMALLY



MODEL FIT INFORMATION

Number of Free Parameters                       32

Loglikelihood

          H0 Value                      -10875.057
          H1 Value                      -10859.262

Information Criteria

          Akaike (AIC)                   21814.113
          Bayesian (BIC)                 21966.446
          Sample-Size Adjusted BIC       21864.823
            (n* = (n + 2) / 24)

Chi-Square Test of Model Fit

          Value                             31.589
          Degrees of Freedom                    24
          P-Value                           0.1375

Chi-Square Contribution From Each Group

          D2                                 5.898
          D3                                 3.124
          D4                                 8.308
          D5                                14.259

RMSEA (Root Mean Square Error Of Approximation)

          Estimate                           0.038
          90 Percent C.I.                    0.000  0.071
          Probability RMSEA <= .05           0.683

CFI/TLI

          CFI                                0.993
          TLI                                0.993

Chi-Square Test of Model Fit for the Baseline Model

          Value                           1125.500
          Degrees of Freedom                    24
          P-Value                           0.0000

SRMR (Standardized Root Mean Square Residual)

          Value                              0.064



MODEL RESULTS

                                                    Two-Tailed
                    Estimate       S.E.  Est./S.E.    P-Value

Group D2

 AUSI_D   WITH
    BUSI_D           230.953     22.138     10.433      0.000
    CUSI_D           201.826     22.502      8.969      0.000
    DUSI_D           193.391     24.273      7.967      0.000

 BUSI_D   WITH
    CUSI_D           230.953     22.138     10.433      0.000
    DUSI_D           201.826     22.502      8.969      0.000

 CUSI_D   WITH
    DUSI_D           230.953     22.138     10.433      0.000

 Means
    AUSI_D            34.095      1.062     32.098      0.000
    BUSI_D            33.224      1.157     28.722      0.000
    CUSI_D            33.082      1.181     28.014      0.000
    DUSI_D            33.943      1.190     28.534      0.000

 Variances
    AUSI_D           339.615     22.059     15.396      0.000
    BUSI_D           339.615     22.059     15.396      0.000
    CUSI_D           339.615     22.059     15.396      0.000
    DUSI_D           339.615     22.059     15.396      0.000

Group D3

 AUSI_D   WITH
    BUSI_D           195.895     22.228      8.813      0.000
    CUSI_D           170.282     22.893      7.438      0.000
    DUSI_D           161.113     25.775      6.251      0.000

 BUSI_D   WITH
    CUSI_D           195.895     22.228      8.813      0.000
    DUSI_D           170.282     22.893      7.438      0.000

 CUSI_D   WITH
    DUSI_D           195.895     22.228      8.813      0.000

 Means
    AUSI_D            29.614      1.173     25.239      0.000
    BUSI_D            31.283      1.296     24.140      0.000
    CUSI_D            30.365      1.332     22.794      0.000
    DUSI_D            29.038      1.353     21.454      0.000

 Variances
    AUSI_D           320.795     22.387     14.330      0.000
    BUSI_D           320.795     22.387     14.330      0.000
    CUSI_D           320.795     22.387     14.330      0.000
    DUSI_D           320.795     22.387     14.330      0.000

Group D4

 AUSI_D   WITH
    BUSI_D           264.398     30.415      8.693      0.000
    CUSI_D           237.723     30.857      7.704      0.000
    DUSI_D           227.951     33.912      6.722      0.000

 BUSI_D   WITH
    CUSI_D           264.398     30.415      8.693      0.000
    DUSI_D           237.723     30.857      7.704      0.000

 CUSI_D   WITH
    DUSI_D           264.398     30.415      8.693      0.000

 Means
    AUSI_D            28.341      1.375     20.614      0.000
    BUSI_D            27.204      1.505     18.081      0.000
    CUSI_D            27.288      1.547     17.639      0.000
    DUSI_D            27.788      1.586     17.523      0.000

 Variances
    AUSI_D           372.350     30.507     12.205      0.000
    BUSI_D           372.350     30.507     12.205      0.000
    CUSI_D           372.350     30.507     12.205      0.000
    DUSI_D           372.350     30.507     12.205      0.000

Group D5

 AUSI_D   WITH
    BUSI_D           239.635     37.183      6.445      0.000
    CUSI_D           235.732     37.581      6.273      0.000
    DUSI_D           215.295     40.330      5.338      0.000

 BUSI_D   WITH
    CUSI_D           239.635     37.183      6.445      0.000
    DUSI_D           235.732     37.581      6.273      0.000

 CUSI_D   WITH
    DUSI_D           239.635     37.183      6.445      0.000

 Means
    AUSI_D            25.696      1.677     15.320      0.000
    BUSI_D            23.421      1.895     12.357      0.000
    CUSI_D            25.298      1.932     13.096      0.000
    DUSI_D            26.947      2.002     13.460      0.000

 Variances
    AUSI_D           371.368     36.716     10.115      0.000
    BUSI_D           371.368     36.716     10.115      0.000
    CUSI_D           371.368     36.716     10.115      0.000
    DUSI_D           371.368     36.716     10.115      0.000


STANDARDIZED MODEL RESULTS


STDYX Standardization

                                                    Two-Tailed
                    Estimate       S.E.  Est./S.E.    P-Value

Group D2

 AUSI_D   WITH
    BUSI_D             0.680      0.027     25.654      0.000
    CUSI_D             0.594      0.035     16.949      0.000
    DUSI_D             0.569      0.046     12.339      0.000

 BUSI_D   WITH
    CUSI_D             0.680      0.027     25.654      0.000
    DUSI_D             0.594      0.035     16.949      0.000

 CUSI_D   WITH
    DUSI_D             0.680      0.027     25.654      0.000

 Means
    AUSI_D             1.850      0.083     22.221      0.000
    BUSI_D             1.803      0.086     21.085      0.000
    CUSI_D             1.795      0.087     20.746      0.000
    DUSI_D             1.842      0.088     21.002      0.000

 Variances
    AUSI_D             1.000      0.000    999.000    999.000
    BUSI_D             1.000      0.000    999.000    999.000
    CUSI_D             1.000      0.000    999.000    999.000
    DUSI_D             1.000      0.000    999.000    999.000

Group D3

 AUSI_D   WITH
    BUSI_D             0.611      0.034     17.895      0.000
    CUSI_D             0.531      0.044     12.150      0.000
    DUSI_D             0.502      0.059      8.530      0.000

 BUSI_D   WITH
    CUSI_D             0.611      0.034     17.895      0.000
    DUSI_D             0.531      0.044     12.150      0.000

 CUSI_D   WITH
    DUSI_D             0.611      0.034     17.895      0.000

 Means
    AUSI_D             1.653      0.087     18.941      0.000
    BUSI_D             1.747      0.094     18.609      0.000
    CUSI_D             1.695      0.095     17.929      0.000
    DUSI_D             1.621      0.093     17.357      0.000

 Variances
    AUSI_D             1.000      0.000    999.000    999.000
    BUSI_D             1.000      0.000    999.000    999.000
    CUSI_D             1.000      0.000    999.000    999.000
    DUSI_D             1.000      0.000    999.000    999.000

Group D4

 AUSI_D   WITH
    BUSI_D             0.710      0.030     23.413      0.000
    CUSI_D             0.638      0.040     15.930      0.000
    DUSI_D             0.612      0.056     10.904      0.000

 BUSI_D   WITH
    CUSI_D             0.710      0.030     23.413      0.000
    DUSI_D             0.638      0.040     15.930      0.000

 CUSI_D   WITH
    DUSI_D             0.710      0.030     23.413      0.000

 Means
    AUSI_D             1.469      0.093     15.749      0.000
    BUSI_D             1.410      0.098     14.449      0.000
    CUSI_D             1.414      0.100     14.181      0.000
    DUSI_D             1.440      0.102     14.115      0.000

 Variances
    AUSI_D             1.000      0.000    999.000    999.000
    BUSI_D             1.000      0.000    999.000    999.000
    CUSI_D             1.000      0.000    999.000    999.000
    DUSI_D             1.000      0.000    999.000    999.000

Group D5

 AUSI_D   WITH
    BUSI_D             0.645      0.047     13.720      0.000
    CUSI_D             0.635      0.051     12.493      0.000
    DUSI_D             0.580      0.070      8.283      0.000

 BUSI_D   WITH
    CUSI_D             0.645      0.047     13.720      0.000
    DUSI_D             0.635      0.051     12.493      0.000

 CUSI_D   WITH
    DUSI_D             0.645      0.047     13.720      0.000

 Means
    AUSI_D             1.333      0.109     12.214      0.000
    BUSI_D             1.215      0.115     10.592      0.000
    CUSI_D             1.313      0.119     11.033      0.000
    DUSI_D             1.398      0.124     11.304      0.000

 Variances
    AUSI_D             1.000      0.000    999.000    999.000
    BUSI_D             1.000      0.000    999.000    999.000
    CUSI_D             1.000      0.000    999.000    999.000
    DUSI_D             1.000      0.000    999.000    999.000


R-SQUARE

Group D2

Group D3

Group D4

Group D5


QUALITY OF NUMERICAL RESULTS

     Condition Number for the Information Matrix              0.290E-02
       (ratio of smallest to largest eigenvalue)


     Beginning Time:  17:15:26
        Ending Time:  17:15:26
       Elapsed Time:  00:00:00



MUTHEN & MUTHEN
3463 Stoner Ave.
Los Angeles, CA  90066

Tel: (310) 391-9971
Fax: (310) 391-8971
Web: www.StatModel.com
Support: Support@StatModel.com

Copyright (c) 1998-2017 Muthen & Muthen
