Mplus VERSION 6.12
MUTHEN & MUTHEN
03/21/2016  11:51 AM

INPUT INSTRUCTIONS


  title: PxVx Univariate - Col Lin bfi_hp8 with Lin HRZ_COL;
  data: file = E:\Projects\lnt_pxvx\Data\LT_227.txt;



  variable:
  names =
  subjid
  Sample
  aGENDER
  aAGE
  aethnic1
  aethnic2
  aedu_mom
  aedu_dad
  aEDUCATN
  bEDUCATN
  cEDUCATN
  aEMPLOYD
  bEMPLOYD
  cEMPLOYD
  dEMPLOYD
  aINCOME
  bINCOME
  cINCOME
  dINCOME
  aS_SCALE
  bS_SCALE
  cS_SCALE
  dS_SCALE
  aD_SCALE
  bD_SCALE
  cD_SCALE
  dD_SCALE
  aS_COMP
  bS_COMP
  cS_COMP
  dS_COMP
  aD_COMP
  bD_COMP
  cD_COMP
  dD_COMP
  aBFI_A
  aBFI_A6
  aBFI_C
  aBFI_E
  aBFI_HP
  aBFI_N
  aBFI_O
  bBFI_A
  bBFI_A6
  bBFI_C
  bBFI_E
  bBFI_HP
  bBFI_N
  bBFI_O
  cBFI_A
  cBFI_A6
  cBFI_C
  cBFI_E
  cBFI_HP
  cBFI_N
  cBFI_O
  dBFI_A
  dBFI_A6
  dBFI_C
  dBFI_E
  dBFI_HP
  dBFI_N
  dBFI_O
  aBFA_AC
  aBFA_AP
  aBFA_CI
  aBFA_CO
  aBFA_EA
  aBFA_EE
  aBFA_N9
  aBFA_NV
  aBFA_NW
  aBFA_OI
  aBFA_OO
  aBFA_PS
  aBFA_MT
  bBFA_AC
  bBFA_AP
  bBFA_CI
  bBFA_CO
  bBFA_EA
  bBFA_EE
  bBFA_N9
  bBFA_NV
  bBFA_NW
  bBFA_OI
  bBFA_OO
  bBFA_MT
  bBFA_PS
  cBFA_AC
  cBFA_AP
  cBFA_CI
  cBFA_CO
  cBFA_EA
  cBFA_EE
  cBFA_N9
  cBFA_NV
  cBFA_NW
  cBFA_OI
  cBFA_OO
  cBFA_MT
  cBFA_PS
  dBFA_AC
  dBFA_AP
  dBFA_CI
  dBFA_CO
  dBFA_EA
  dBFA_EE
  dBFA_N9
  dBFA_NV
  dBFA_NW
  dBFA_OI
  dBFA_OO
  dBFA_MT
  dBFA_PS
  aUSI
  bUSI
  cUSI
  dUSI
  aHRZ_IND
  bHRZ_IND
  cHRZ_IND
  dHRZ_IND
  aVRT_IND
  bVRT_IND
  cVRT_IND
  dVRT_IND
  aHRZ_COL
  bHRZ_COL
  cHRZ_COL
  dHRZ_COL
  aVRT_COL
  bVRT_COL
  cVRT_COL
  dVRT_COL
  aCOLLCTV
  bCOLLCTV
  cCOLLCTV
  dCOLLCTV
  aMVS
  bMVS
  cMVS
  dMVS
  aST
  bST
  cST
  dST
  aSD
  bSD
  cSD
  dSD
  aMVS_mc
  bMVS_mc
  cMVS_mc
  dMVS_mc
  aST_mc
  bST_mc
  cST_mc
  dST_mc
  aSD_mc
  bSD_mc
  cSD_mc
  dSD_mc
  bMEANING
  cMEANING
  dMEANING
  bMEAN_L
  cMEAN_L
  dMEAN_L
  bMEANNGc
  cMEANNGc
  dMEANNGc
  bMEANGlc
  cMEANGlc
  dMEANGlc
  bCLASSIC
  cCLASSIC
  dCLASSIC
  bCLASSCc
  cCLASSCc
  dCLASSCc
  bAGR_VAL
  cAGR_VAL
  dAGR_VAL
  bOPN_VAL
  cOPN_VAL
  dOPN_VAL
  bAGR_VLc
  cAGR_VLc
  dAGR_VLc
  bOPNVALc
  cOPNVALc
  dOPNVALc
  aMV_pomp
  bMV_pomp
  cMV_pomp
  dMV_pomp
  aST_pomp
  bST_pomp
  cST_pomp
  dST_pomp
  aSD_pomp
  bSD_pomp
  cSD_pomp
  dSD_pomp
  agoal_ec
  bgoal_ec
  cgoal_ec
  dgoal_ec
  aAspfinc
  bAspfinc
  cAspfinc
  dAspfinc
  abfi_hp8
  bbfi_hp8
  cbfi_hp8
  dbfi_hp8
  aP_S_BFI
  aP_D_BFI
  aECgoalc
  bECgoalC
  cECgoalC
  dECgoalC
  aaspfin
  baspfin
  caspfin
  daspfin
  aMVI_POMP
  bMVI_POMP
  cMVI_POMP
  dMVI_POMP;

  USEVARIABLES =
  abfi_hp8
  bbfi_hp8
  cbfi_hp8
  dbfi_hp8
  aHRZ_COL
  bHRZ_COL
  cHRZ_COL
  dHRZ_COL
  bage_c
  cage_c
  dage_c
  ;

  missing = all (-9999);

  USEOBSERVATIONS are Sample == 2; ! College Sample

  tscores = bage_c cage_c dage_c;

  DEFINE:
  bage_c = aAGE + 1 - 20.5;
  cage_c = aAGE + 2 - 20.5;
  dage_c = aAGE + 3 - 20.5;

  ANALYSIS:
  TYPE=RANDOM;
  PROCESSORS = 8;

  MODEL:

  i_bfi_hp8 s_bfi_hp8 | bbfi_hp8 cbfi_hp8 dbfi_hp8 AT bage_c cage_c dage_c;
  i_HRZ_COL s_HRZ_COL | bHRZ_COL cHRZ_COL dHRZ_COL AT bage_c cage_c dage_c;


  !After Bollen and Curran initial observation is not part of LGM

  dbfi_hp8 on cbfi_hp8 (a); ! Autoregressive paths constrained to equality
  cbfi_hp8 on bbfi_hp8 (a);
  bbfi_hp8 on abfi_hp8 (a);

  dHRZ_COL on cHRZ_COL (b); ! Autoregressive paths constrained to equality
  cHRZ_COL on bHRZ_COL (b);
  bHRZ_COL on aHRZ_COL (b);

  bbfi_hp8 cbfi_hp8 dbfi_hp8 (c); !Equality constraint on residuals
  bHRZ_COL cHRZ_COL dHRZ_COL (d); !Equality constraint on residuals

  dHRZ_COL on cbfi_hp8 (x); ! Cross-lagged paths constrained to equality
  cHRZ_COL on bbfi_hp8 (x);
  bHRZ_COL on abfi_hp8 (x);

  dbfi_hp8 on cHRZ_COL (y); ! Cross-lagged paths constrained to equality
  cbfi_hp8 on bHRZ_COL (y);
  bbfi_hp8 on aHRZ_COL (y);

  dHRZ_COL with dbfi_hp8 (w); ! within-wave correlations constrained to equality
  cHRZ_COL with cbfi_hp8 (w);
  bHRZ_COL with bbfi_hp8 (w);

  abfi_hp8 aHRZ_COL i_bfi_hp8 i_HRZ_COL
  s_bfi_hp8
  s_HRZ_COL
  with
  s_bfi_hp8
  s_HRZ_COL
  abfi_hp8 aHRZ_COL i_bfi_hp8 i_HRZ_COL;



  OUTPUT: SAMPSTAT PATTERNS;



*** WARNING
  Variable name contains more than 8 characters.
  Only the first 8 characters will be printed in the output.
  Variable: AMVI_POMP
*** WARNING
  Variable name contains more than 8 characters.
  Only the first 8 characters will be printed in the output.
  Variable: BMVI_POMP
*** WARNING
  Variable name contains more than 8 characters.
  Only the first 8 characters will be printed in the output.
  Variable: CMVI_POMP
*** WARNING
  Variable name contains more than 8 characters.
  Only the first 8 characters will be printed in the output.
  Variable: DMVI_POMP
*** WARNING
  Variable name contains more than 8 characters.
  Only the first 8 characters will be printed in the output.
  Variable: I_BFI_HP8
*** WARNING
  Variable name contains more than 8 characters.
  Only the first 8 characters will be printed in the output.
  Variable: S_BFI_HP8
*** WARNING
  Variable name contains more than 8 characters.
  Only the first 8 characters will be printed in the output.
  Variable: I_HRZ_COL
*** WARNING
  Variable name contains more than 8 characters.
  Only the first 8 characters will be printed in the output.
  Variable: S_HRZ_COL
*** WARNING
  Data set contains cases with missing on all variables.
  These cases were not included in the analysis.
  Number of cases with missing on all variables:  1
*** WARNING
  Data set contains cases with missing on time scores but non-missing on the
  corresponding dependent variables.  These cases were not included in the analysis.
  Number of such cases:  2
  10 WARNING(S) FOUND IN THE INPUT INSTRUCTIONS



PxVx Univariate - Col Lin bfi_hp8 with Lin HRZ_COL;

SUMMARY OF ANALYSIS

Number of groups                                                 1
Number of observations                                         277

Number of dependent variables                                    6
Number of independent variables                                  2
Number of continuous latent variables                            4

Observed dependent variables

  Continuous
   BBFI_HP8    CBFI_HP8    DBFI_HP8    BHRZ_COL    CHRZ_COL    DHRZ_COL

Observed independent variables
   ABFI_HP8    AHRZ_COL

Continuous latent variables
   I_BFI_HP    S_BFI_HP    I_HRZ_CO    S_HRZ_CO

Variables with special functions

  Time scores
   BAGE_C      CAGE_C      DAGE_C


Estimator                                                      MLR
Information matrix                                        OBSERVED
Maximum number of iterations                                   100
Convergence criterion                                    0.100D-05
Maximum number of EM iterations                                500
Convergence criteria for the EM algorithm
  Loglikelihood change                                   0.100D-02
  Relative loglikelihood change                          0.100D-05
  Derivative                                             0.100D-03
Minimum variance                                         0.100D-03
Maximum number of steepest descent iterations                   20
Maximum number of iterations for H1                           2000
Convergence criterion for H1                             0.100D-03
Optimization algorithm                                         EMA

Input data file(s)
  E:\Projects\lnt_pxvx\Data\LT_227.txt
Input data format  FREE


SUMMARY OF DATA

     Number of missing data patterns            15


SUMMARY OF MISSING DATA PATTERNS


     MISSING DATA PATTERNS (x = not missing)

           1  2  3  4  5  6  7  8  9 10 11 12 13 14 15
 BBFI_HP8  x  x     x        x  x     x  x        x  x
 CBFI_HP8  x  x  x                 x  x     x        x
 DBFI_HP8  x     x        x  x  x  x  x  x           x
 BHRZ_COL  x  x     x           x     x  x
 CHRZ_COL  x  x  x                 x  x     x        x
 DHRZ_COL  x              x     x  x                 x
 ABFI_HP8  x  x  x  x  x  x  x  x  x  x  x  x  x  x  x
 AHRZ_COL  x  x  x  x  x  x  x  x  x  x  x  x     x  x


     MISSING DATA PATTERN FREQUENCIES

    Pattern   Frequency     Pattern   Frequency     Pattern   Frequency
          1         138           6          11          11           1
          2          10           7           1          12           4
          3           2           8          16          13           2
          4          26           9           9          14           2
          5          52          10           2          15           1


COVARIANCE COVERAGE OF DATA

Minimum covariance coverage value   0.100


     PROPORTION OF DATA PRESENT


           Covariance Coverage
              BBFI_HP8      CBFI_HP8      DBFI_HP8      BHRZ_COL      CHRZ_COL
              ________      ________      ________      ________      ________
 BBFI_HP8       0.711
 CBFI_HP8       0.545         0.599
 DBFI_HP8       0.574         0.549         0.653
 BHRZ_COL       0.697         0.542         0.567         0.697
 CHRZ_COL       0.545         0.599         0.549         0.542         0.599
 DHRZ_COL       0.560         0.534         0.632         0.556         0.534
 ABFI_HP8       0.711         0.599         0.653         0.697         0.599
 AHRZ_COL       0.711         0.599         0.653         0.697         0.599


           Covariance Coverage
              DHRZ_COL      ABFI_HP8      AHRZ_COL
              ________      ________      ________
 DHRZ_COL       0.632
 ABFI_HP8       0.632         1.000
 AHRZ_COL       0.632         0.993         0.993


SAMPLE STATISTICS


     ESTIMATED SAMPLE STATISTICS


           Means
              BBFI_HP8      CBFI_HP8      DBFI_HP8      BHRZ_COL      CHRZ_COL
              ________      ________      ________      ________      ________
 1             66.095        65.666        68.230        73.825        73.942


           Means
              DHRZ_COL      ABFI_HP8      AHRZ_COL
              ________      ________      ________
 1             74.857        64.547        71.625


           Covariances
              BBFI_HP8      CBFI_HP8      DBFI_HP8      BHRZ_COL      CHRZ_COL
              ________      ________      ________      ________      ________
 BBFI_HP8     208.142
 CBFI_HP8     156.916       234.296
 DBFI_HP8     143.560       176.713       232.352
 BHRZ_COL      37.105        36.943        45.375       206.932
 CHRZ_COL      36.582        48.407        42.575       132.310       178.847
 DHRZ_COL      42.155        37.933        49.996       124.443       113.129
 ABFI_HP8     152.463       152.537       157.857        38.818        38.769
 AHRZ_COL      14.208        40.041        28.661       109.963       106.150


           Covariances
              DHRZ_COL      ABFI_HP8      AHRZ_COL
              ________      ________      ________
 DHRZ_COL     207.853
 ABFI_HP8      38.698       217.396
 AHRZ_COL     117.953        29.153       191.232


           Correlations
              BBFI_HP8      CBFI_HP8      DBFI_HP8      BHRZ_COL      CHRZ_COL
              ________      ________      ________      ________      ________
 BBFI_HP8       1.000
 CBFI_HP8       0.711         1.000
 DBFI_HP8       0.653         0.757         1.000
 BHRZ_COL       0.179         0.168         0.207         1.000
 CHRZ_COL       0.190         0.236         0.209         0.688         1.000
 DHRZ_COL       0.203         0.172         0.228         0.600         0.587
 ABFI_HP8       0.717         0.676         0.702         0.183         0.197
 AHRZ_COL       0.071         0.189         0.136         0.553         0.574


           Correlations
              DHRZ_COL      ABFI_HP8      AHRZ_COL
              ________      ________      ________
 DHRZ_COL       1.000
 ABFI_HP8       0.182         1.000
 AHRZ_COL       0.592         0.143         1.000


     MAXIMUM LOG-LIKELIHOOD VALUE FOR THE UNRESTRICTED (H1) MODEL IS -6273.033

     WARNING:  THE MLR STANDARD ERRORS COULD NOT BE COMPUTED.  THE MLF STANDARD
     ERRORS WERE COMPUTED INSTEAD.  THE MLR CONDITION NUMBER IS      -0.214D-04.
     PROBLEM INVOLVING PARAMETER 29.  THIS MAY BE DUE TO NEAR SINGULARITY
     OF THE RANDOM EFFECT VARIANCE/COVARIANCE OR INCOMPLETE CONVERGENCE.

THE MODEL ESTIMATION TERMINATED NORMALLY



MODEL FIT INFORMATION

Number of Free Parameters                       34

Loglikelihood

          H0 Value                       -6279.977

Information Criteria

          Akaike (AIC)                   12627.953
          Bayesian (BIC)                 12751.170
          Sample-Size Adjusted BIC       12643.361
            (n* = (n + 2) / 24)



MODEL RESULTS

                                                    Two-Tailed
                    Estimate       S.E.  Est./S.E.    P-Value

 DBFI_HP8   ON
    CBFI_HP8           0.158      0.123      1.290      0.197
    CHRZ_COL          -0.142      0.088     -1.609      0.108

 CBFI_HP8   ON
    BBFI_HP8           0.158      0.123      1.290      0.197
    BHRZ_COL          -0.142      0.088     -1.609      0.108

 BBFI_HP8   ON
    ABFI_HP8           0.158      0.123      1.290      0.197
    AHRZ_COL          -0.142      0.088     -1.609      0.108

 DHRZ_COL   ON
    CHRZ_COL           0.082      0.103      0.792      0.429
    CBFI_HP8          -0.104      0.115     -0.903      0.367

 CHRZ_COL   ON
    BHRZ_COL           0.082      0.103      0.792      0.429
    BBFI_HP8          -0.104      0.115     -0.903      0.367

 BHRZ_COL   ON
    AHRZ_COL           0.082      0.103      0.792      0.429
    ABFI_HP8          -0.104      0.115     -0.903      0.367

 S_BFI_HP WITH
    I_BFI_HP8        -12.415     13.550     -0.916      0.360

 I_HRZ_CO WITH
    I_BFI_HP8         54.939     40.084      1.371      0.171
    S_BFI_HP8          9.571     10.307      0.929      0.353

 S_HRZ_CO WITH
    I_BFI_HP8          1.235     10.883      0.113      0.910
    S_BFI_HP8         -2.608      4.313     -0.605      0.545
    I_HRZ_COL        -10.556     14.891     -0.709      0.478

 ABFI_HP8 WITH
    I_BFI_HP8        121.075     37.342      3.242      0.001
    S_BFI_HP8          5.293      8.277      0.640      0.522
    I_HRZ_COL         70.954     34.616      2.050      0.040
    S_HRZ_COL         -7.997      8.172     -0.979      0.328

 AHRZ_COL WITH
    I_BFI_HP8         40.090     22.931      1.748      0.080
    S_BFI_HP8          0.653      6.558      0.100      0.921
    I_HRZ_COL         87.107     27.365      3.183      0.001
    S_HRZ_COL          8.295      7.845      1.057      0.290

 DHRZ_COL WITH
    DBFI_HP8           2.394      7.787      0.307      0.758

 CHRZ_COL WITH
    CBFI_HP8           2.394      7.787      0.307      0.758

 BHRZ_COL WITH
    BBFI_HP8           2.394      7.787      0.307      0.758

 AHRZ_COL WITH
    ABFI_HP8          29.152     15.025      1.940      0.052

 Means
    ABFI_HP8          64.547      0.949     68.034      0.000
    AHRZ_COL          71.636      0.931     76.943      0.000
    I_BFI_HP8         64.725      8.286      7.811      0.000
    S_BFI_HP8          1.041      0.532      1.957      0.050
    I_HRZ_COL         74.067      9.591      7.723      0.000
    S_HRZ_COL          0.368      0.538      0.685      0.494

 Intercepts
    BBFI_HP8           0.000      0.000    999.000    999.000
    CBFI_HP8           0.000      0.000    999.000    999.000
    DBFI_HP8           0.000      0.000    999.000    999.000
    BHRZ_COL           0.000      0.000    999.000    999.000
    CHRZ_COL           0.000      0.000    999.000    999.000
    DHRZ_COL           0.000      0.000    999.000    999.000

 Variances
    ABFI_HP8         217.396     24.960      8.710      0.000
    AHRZ_COL         191.232     18.902     10.117      0.000
    I_BFI_HP8        134.987     64.056      2.107      0.035
    S_BFI_HP8          8.183      5.041      1.623      0.105
    I_HRZ_COL        138.485     58.726      2.358      0.018
    S_HRZ_COL          3.839      6.057      0.634      0.526

 Residual Variances
    BBFI_HP8          63.331      9.085      6.971      0.000
    CBFI_HP8          63.331      9.085      6.971      0.000
    DBFI_HP8          63.331      9.085      6.971      0.000
    BHRZ_COL          75.937     10.646      7.133      0.000
    CHRZ_COL          75.937     10.646      7.133      0.000
    DHRZ_COL          75.937     10.646      7.133      0.000


QUALITY OF NUMERICAL RESULTS

     Condition Number for the Information Matrix              0.136E-06
       (ratio of smallest to largest eigenvalue)


     Beginning Time:  11:51:18
        Ending Time:  11:51:23
       Elapsed Time:  00:00:05



MUTHEN & MUTHEN
3463 Stoner Ave.
Los Angeles, CA  90066

Tel: (310) 391-9971
Fax: (310) 391-8971
Web: www.StatModel.com
Support: Support@StatModel.com

Copyright (c) 1998-2011 Muthen & Muthen
