Mplus VERSION 6.12
MUTHEN & MUTHEN
03/21/2016  11:07 AM

INPUT INSTRUCTIONS


  title: PxVx Univariate - Col BFA_EE AR_Int;
  data: file = E:\Projects\lnt_pxvx\Data\LT_227.txt;

  variable:
  names =
  subjid
  Sample
  aGENDER
  aAGE
  aethnic1
  aethnic2
  aedu_mom
  aedu_dad
  aEDUCATN
  bEDUCATN
  cEDUCATN
  aEMPLOYD
  bEMPLOYD
  cEMPLOYD
  dEMPLOYD
  aINCOME
  bINCOME
  cINCOME
  dINCOME
  aS_SCALE
  bS_SCALE
  cS_SCALE
  dS_SCALE
  aD_SCALE
  bD_SCALE
  cD_SCALE
  dD_SCALE
  aS_COMP
  bS_COMP
  cS_COMP
  dS_COMP
  aD_COMP
  bD_COMP
  cD_COMP
  dD_COMP
  aBFI_A
  aBFI_A6
  aBFI_C
  aBFI_E
  aBFI_HP
  aBFI_N
  aBFI_O
  bBFI_A
  bBFI_A6
  bBFI_C
  bBFI_E
  bBFI_HP
  bBFI_N
  bBFI_O
  cBFI_A
  cBFI_A6
  cBFI_C
  cBFI_E
  cBFI_HP
  cBFI_N
  cBFI_O
  dBFI_A
  dBFI_A6
  dBFI_C
  dBFI_E
  dBFI_HP
  dBFI_N
  dBFI_O
  aBFA_AC
  aBFA_AP
  aBFA_CI
  aBFA_CO
  aBFA_EA
  aBFA_EE
  aBFA_N9
  aBFA_NV
  aBFA_NW
  aBFA_OI
  aBFA_OO
  aBFA_PS
  aBFA_MT
  bBFA_AC
  bBFA_AP
  bBFA_CI
  bBFA_CO
  bBFA_EA
  bBFA_EE
  bBFA_N9
  bBFA_NV
  bBFA_NW
  bBFA_OI
  bBFA_OO
  bBFA_MT
  bBFA_PS
  cBFA_AC
  cBFA_AP
  cBFA_CI
  cBFA_CO
  cBFA_EA
  cBFA_EE
  cBFA_N9
  cBFA_NV
  cBFA_NW
  cBFA_OI
  cBFA_OO
  cBFA_MT
  cBFA_PS
  dBFA_AC
  dBFA_AP
  dBFA_CI
  dBFA_CO
  dBFA_EA
  dBFA_EE
  dBFA_N9
  dBFA_NV
  dBFA_NW
  dBFA_OI
  dBFA_OO
  dBFA_MT
  dBFA_PS
  aUSI
  bUSI
  cUSI
  dUSI
  aHRZ_IND
  bHRZ_IND
  cHRZ_IND
  dHRZ_IND
  aVRT_IND
  bVRT_IND
  cVRT_IND
  dVRT_IND
  aHRZ_COL
  bHRZ_COL
  cHRZ_COL
  dHRZ_COL
  aVRT_COL
  bVRT_COL
  cVRT_COL
  dVRT_COL
  aCOLLCTV
  bCOLLCTV
  cCOLLCTV
  dCOLLCTV
  aMVS
  bMVS
  cMVS
  dMVS
  aST
  bST
  cST
  dST
  aSD
  bSD
  cSD
  dSD
  aMVS_mc
  bMVS_mc
  cMVS_mc
  dMVS_mc
  aST_mc
  bST_mc
  cST_mc
  dST_mc
  aSD_mc
  bSD_mc
  cSD_mc
  dSD_mc
  bMEANING
  cMEANING
  dMEANING
  bMEAN_L
  cMEAN_L
  dMEAN_L
  bMEANNGc
  cMEANNGc
  dMEANNGc
  bMEANGlc
  cMEANGlc
  dMEANGlc
  bCLASSIC
  cCLASSIC
  dCLASSIC
  bCLASSCc
  cCLASSCc
  dCLASSCc
  bAGR_VAL
  cAGR_VAL
  dAGR_VAL
  bOPN_VAL
  cOPN_VAL
  dOPN_VAL
  bAGR_VLc
  cAGR_VLc
  dAGR_VLc
  bOPNVALc
  cOPNVALc
  dOPNVALc
  aMV_pomp
  bMV_pomp
  cMV_pomp
  dMV_pomp
  aST_pomp
  bST_pomp
  cST_pomp
  dST_pomp
  aSD_pomp
  bSD_pomp
  cSD_pomp
  dSD_pomp
  agoal_ec
  bgoal_ec
  cgoal_ec
  dgoal_ec
  aAspfinc
  bAspfinc
  cAspfinc
  dAspfinc
  abfi_hp8
  bbfi_hp8
  cbfi_hp8
  dbfi_hp8
  aP_S_BFI
  aP_D_BFI
  aECgoalc
  bECgoalC
  cECgoalC
  dECgoalC
  aaspfin
  baspfin
  caspfin
  daspfin
  aMVI_POMP
  bMVI_POMP
  cMVI_POMP
  dMVI_POMP;

  USEVARIABLES =
  aBFA_EE
  bBFA_EE
  cBFA_EE
  dBFA_EE
  bage_c
  cage_c
  dage_c
  ;

  missing = all (-9999);


  USEOBSERVATIONS are Sample == 2; ! College Sample



  tscores = bage_c cage_c dage_c;

  DEFINE:
  bage_c = aAGE + 1 - 36;
  cage_c = aAGE + 2 - 36;
  dage_c = aAGE + 3 - 36;


  ANALYSIS:
  TYPE=RANDOM;
  PROCESSORS = 8;

  MODEL:

  i_BFA_EE | bBFA_EE cBFA_EE dBFA_EE AT bage_c cage_c dage_c;


  !After Bollen and Curran initial observation is not part of LGM

  dBFA_EE on cBFA_EE (a); ! Autoregressive paths constrained to equality
  cBFA_EE on bBFA_EE (a);
  bBFA_EE on aBFA_EE (a);

  bBFA_EE cBFA_EE dBFA_EE (c); !Equality constraint on residuals

  aBFA_EE i_BFA_EE
  WITH
  aBFA_EE i_BFA_EE;



  OUTPUT: SAMPSTAT PATTERNS;



*** WARNING
  Variable name contains more than 8 characters.
  Only the first 8 characters will be printed in the output.
  Variable: AMVI_POMP
*** WARNING
  Variable name contains more than 8 characters.
  Only the first 8 characters will be printed in the output.
  Variable: BMVI_POMP
*** WARNING
  Variable name contains more than 8 characters.
  Only the first 8 characters will be printed in the output.
  Variable: CMVI_POMP
*** WARNING
  Variable name contains more than 8 characters.
  Only the first 8 characters will be printed in the output.
  Variable: DMVI_POMP
*** WARNING
  Data set contains cases with missing on all variables.
  These cases were not included in the analysis.
  Number of cases with missing on all variables:  1
*** WARNING
  Data set contains cases with missing on time scores but non-missing on the
  corresponding dependent variables.  These cases were not included in the analysis.
  Number of such cases:  2
   6 WARNING(S) FOUND IN THE INPUT INSTRUCTIONS



PxVx Univariate - Col BFA_EE AR_Int;

SUMMARY OF ANALYSIS

Number of groups                                                 1
Number of observations                                         277

Number of dependent variables                                    3
Number of independent variables                                  1
Number of continuous latent variables                            1

Observed dependent variables

  Continuous
   BBFA_EE     CBFA_EE     DBFA_EE

Observed independent variables
   ABFA_EE

Continuous latent variables
   I_BFA_EE

Variables with special functions

  Time scores
   BAGE_C      CAGE_C      DAGE_C


Estimator                                                      MLR
Information matrix                                        OBSERVED
Maximum number of iterations                                   100
Convergence criterion                                    0.100D-05
Maximum number of EM iterations                                500
Convergence criteria for the EM algorithm
  Loglikelihood change                                   0.100D-02
  Relative loglikelihood change                          0.100D-05
  Derivative                                             0.100D-03
Minimum variance                                         0.100D-03
Maximum number of steepest descent iterations                   20
Maximum number of iterations for H1                           2000
Convergence criterion for H1                             0.100D-03
Optimization algorithm                                         EMA

Input data file(s)
  E:\Projects\lnt_pxvx\Data\LT_227.txt
Input data format  FREE


SUMMARY OF DATA

     Number of missing data patterns             8


SUMMARY OF MISSING DATA PATTERNS


     MISSING DATA PATTERNS (x = not missing)

           1  2  3  4  5  6  7  8
 BBFA_EE   x  x     x        x
 CBFA_EE   x  x  x              x
 DBFA_EE   x              x  x  x
 ABFA_EE   x  x  x  x  x  x  x  x


     MISSING DATA PATTERN FREQUENCIES

    Pattern   Frequency     Pattern   Frequency     Pattern   Frequency
          1         138           4          29           7          17
          2          12           5          54           8          11
          3           5           6          11


COVARIANCE COVERAGE OF DATA

Minimum covariance coverage value   0.100


     PROPORTION OF DATA PRESENT


           Covariance Coverage
              BBFA_EE       CBFA_EE       DBFA_EE       ABFA_EE
              ________      ________      ________      ________
 BBFA_EE        0.708
 CBFA_EE        0.542         0.599
 DBFA_EE        0.560         0.538         0.639
 ABFA_EE        0.708         0.599         0.639         1.000


SAMPLE STATISTICS


     ESTIMATED SAMPLE STATISTICS


           Means
              BBFA_EE       CBFA_EE       DBFA_EE       ABFA_EE
              ________      ________      ________      ________
 1             65.427        66.368        65.101        67.197


           Covariances
              BBFA_EE       CBFA_EE       DBFA_EE       ABFA_EE
              ________      ________      ________      ________
 BBFA_EE      308.102
 CBFA_EE      219.641       283.942
 DBFA_EE      233.162       243.505       334.473
 ABFA_EE      237.017       206.102       225.123       280.088


           Correlations
              BBFA_EE       CBFA_EE       DBFA_EE       ABFA_EE
              ________      ________      ________      ________
 BBFA_EE        1.000
 CBFA_EE        0.743         1.000
 DBFA_EE        0.726         0.790         1.000
 ABFA_EE        0.807         0.731         0.736         1.000


     MAXIMUM LOG-LIKELIHOOD VALUE FOR THE UNRESTRICTED (H1) MODEL IS -3206.826


THE MODEL ESTIMATION TERMINATED NORMALLY



MODEL FIT INFORMATION

Number of Free Parameters                        7

Loglikelihood

          H0 Value                       -3210.969
          H0 Scaling Correction Factor       1.266
            for MLR

Information Criteria

          Akaike (AIC)                    6435.938
          Bayesian (BIC)                  6461.306
          Sample-Size Adjusted BIC        6439.110
            (n* = (n + 2) / 24)



MODEL RESULTS

                                                    Two-Tailed
                    Estimate       S.E.  Est./S.E.    P-Value

 DBFA_EE    ON
    CBFA_EE            0.283      0.081      3.506      0.000

 CBFA_EE    ON
    BBFA_EE            0.283      0.081      3.506      0.000

 BBFA_EE    ON
    ABFA_EE            0.283      0.081      3.506      0.000

 ABFA_EE  WITH
    I_BFA_EE         155.034     27.658      5.605      0.000

 Means
    ABFA_EE           67.198      1.006     66.811      0.000
    I_BFA_EE          46.824      5.299      8.837      0.000

 Intercepts
    BBFA_EE            0.000      0.000    999.000    999.000
    CBFA_EE            0.000      0.000    999.000    999.000
    DBFA_EE            0.000      0.000    999.000    999.000

 Variances
    ABFA_EE          280.089     21.302     13.148      0.000
    I_BFA_EE         110.748     35.569      3.114      0.002

 Residual Variances
    BBFA_EE           89.878     13.573      6.622      0.000
    CBFA_EE           89.878     13.573      6.622      0.000
    DBFA_EE           89.878     13.573      6.622      0.000


QUALITY OF NUMERICAL RESULTS

     Condition Number for the Information Matrix              0.102E-03
       (ratio of smallest to largest eigenvalue)


     Beginning Time:  11:07:47
        Ending Time:  11:07:47
       Elapsed Time:  00:00:00



MUTHEN & MUTHEN
3463 Stoner Ave.
Los Angeles, CA  90066

Tel: (310) 391-9971
Fax: (310) 391-8971
Web: www.StatModel.com
Support: Support@StatModel.com

Copyright (c) 1998-2011 Muthen & Muthen
