Mplus VERSION 6.12
MUTHEN & MUTHEN
03/09/2016   6:34 PM

INPUT INSTRUCTIONS


  title: PxVx Univariate - Col Lin BFI_A6 with MeanOnly HRZ_IND;
  data: file = E:\Projects\lnt_pxvx\Data\LT_227.txt;



  variable:
  names =
  subjid
  Sample
  aGENDER
  aAGE
  aethnic1
  aethnic2
  aedu_mom
  aedu_dad
  aEDUCATN
  bEDUCATN
  cEDUCATN
  aEMPLOYD
  bEMPLOYD
  cEMPLOYD
  dEMPLOYD
  aINCOME
  bINCOME
  cINCOME
  dINCOME
  aS_SCALE
  bS_SCALE
  cS_SCALE
  dS_SCALE
  aD_SCALE
  bD_SCALE
  cD_SCALE
  dD_SCALE
  aS_COMP
  bS_COMP
  cS_COMP
  dS_COMP
  aD_COMP
  bD_COMP
  cD_COMP
  dD_COMP
  aBFI_A
  aBFI_A6
  aBFI_C
  aBFI_E
  aBFI_HP
  aBFI_N
  aBFI_O
  bBFI_A
  bBFI_A6
  bBFI_C
  bBFI_E
  bBFI_HP
  bBFI_N
  bBFI_O
  cBFI_A
  cBFI_A6
  cBFI_C
  cBFI_E
  cBFI_HP
  cBFI_N
  cBFI_O
  dBFI_A
  dBFI_A6
  dBFI_C
  dBFI_E
  dBFI_HP
  dBFI_N
  dBFI_O
  aBFA_AC
  aBFA_AP
  aBFA_CI
  aBFA_CO
  aBFA_EA
  aBFA_EE
  aBFA_N9
  aBFA_NV
  aBFA_NW
  aBFA_OI
  aBFA_OO
  aBFA_PS
  aBFA_MT
  bBFA_AC
  bBFA_AP
  bBFA_CI
  bBFA_CO
  bBFA_EA
  bBFA_EE
  bBFA_N9
  bBFA_NV
  bBFA_NW
  bBFA_OI
  bBFA_OO
  bBFA_MT
  bBFA_PS
  cBFA_AC
  cBFA_AP
  cBFA_CI
  cBFA_CO
  cBFA_EA
  cBFA_EE
  cBFA_N9
  cBFA_NV
  cBFA_NW
  cBFA_OI
  cBFA_OO
  cBFA_MT
  cBFA_PS
  dBFA_AC
  dBFA_AP
  dBFA_CI
  dBFA_CO
  dBFA_EA
  dBFA_EE
  dBFA_N9
  dBFA_NV
  dBFA_NW
  dBFA_OI
  dBFA_OO
  dBFA_MT
  dBFA_PS
  aUSI
  bUSI
  cUSI
  dUSI
  aHRZ_IND
  bHRZ_IND
  cHRZ_IND
  dHRZ_IND
  aVRT_IND
  bVRT_IND
  cVRT_IND
  dVRT_IND
  aHRZ_COL
  bHRZ_COL
  cHRZ_COL
  dHRZ_COL
  aVRT_COL
  bVRT_COL
  cVRT_COL
  dVRT_COL
  aCOLLCTV
  bCOLLCTV
  cCOLLCTV
  dCOLLCTV
  aMVS
  bMVS
  cMVS
  dMVS
  aST
  bST
  cST
  dST
  aSD
  bSD
  cSD
  dSD
  aMVS_mc
  bMVS_mc
  cMVS_mc
  dMVS_mc
  aST_mc
  bST_mc
  cST_mc
  dST_mc
  aSD_mc
  bSD_mc
  cSD_mc
  dSD_mc
  bMEANING
  cMEANING
  dMEANING
  bMEAN_L
  cMEAN_L
  dMEAN_L
  bMEANNGc
  cMEANNGc
  dMEANNGc
  bMEANGlc
  cMEANGlc
  dMEANGlc
  bCLASSIC
  cCLASSIC
  dCLASSIC
  bCLASSCc
  cCLASSCc
  dCLASSCc
  bAGR_VAL
  cAGR_VAL
  dAGR_VAL
  bOPN_VAL
  cOPN_VAL
  dOPN_VAL
  bAGR_VLc
  cAGR_VLc
  dAGR_VLc
  bOPNVALc
  cOPNVALc
  dOPNVALc
  aMV_pomp
  bMV_pomp
  cMV_pomp
  dMV_pomp
  aST_pomp
  bST_pomp
  cST_pomp
  dST_pomp
  aSD_pomp
  bSD_pomp
  cSD_pomp
  dSD_pomp
  agoal_ec
  bgoal_ec
  cgoal_ec
  dgoal_ec
  aAspfinc
  bAspfinc
  cAspfinc
  dAspfinc
  abfi_hp8
  bbfi_hp8
  cbfi_hp8
  dbfi_hp8
  aP_S_BFI
  aP_D_BFI
  aECgoalc
  bECgoalC
  cECgoalC
  dECgoalC
  aaspfin
  baspfin
  caspfin
  daspfin;

  USEVARIABLES =
  aBFI_A6
  bBFI_A6
  cBFI_A6
  dBFI_A6
  aHRZ_IND
  bHRZ_IND
  cHRZ_IND
  dHRZ_IND
  bage_c
  cage_c
  dage_c
  ;

  missing = all (-9999);

  USEOBSERVATIONS are Sample == 2; ! College Sample

  tscores = bage_c cage_c dage_c;

  DEFINE:
  bage_c = aAGE + 1 - 20.5;
  cage_c = aAGE + 2 - 20.5;
  dage_c = aAGE + 3 - 20.5;

  ANALYSIS:
  TYPE=RANDOM;
  PROCESSORS = 8;

  MODEL:

  i_BFI_A6 s_BFI_A6 | bBFI_A6 cBFI_A6 dBFI_A6 AT bage_c cage_c dage_c;
  i_HRZ_IND s_HRZ_IND | bHRZ_IND cHRZ_IND dHRZ_IND AT bage_c cage_c dage_c;


  !After Bollen and Curran initial observation is not part of LGM

  dBFI_A6 on cBFI_A6 (a); ! Autoregressive paths constrained to equality
  cBFI_A6 on bBFI_A6 (a);
  bBFI_A6 on aBFI_A6 (a);

  dHRZ_IND on cHRZ_IND (b); ! Autoregressive paths constrained to equality
  cHRZ_IND on bHRZ_IND (b);
  bHRZ_IND on aHRZ_IND (b);

  bBFI_A6 cBFI_A6 dBFI_A6 (c); !Equality constraint on residuals
  bHRZ_IND cHRZ_IND dHRZ_IND (d); !Equality constraint on residuals

  dHRZ_IND on cBFI_A6 (x); ! Cross-lagged paths constrained to equality
  cHRZ_IND on bBFI_A6 (x);
  bHRZ_IND on aBFI_A6 (x);

  dBFI_A6 on cHRZ_IND (y); ! Cross-lagged paths constrained to equality
  cBFI_A6 on bHRZ_IND (y);
  bBFI_A6 on aHRZ_IND (y);

  dHRZ_IND with dBFI_A6 (w); ! within-wave correlations constrained to equality
  cHRZ_IND with cBFI_A6 (w);
  bHRZ_IND with bBFI_A6 (w);

  aBFI_A6 aHRZ_IND i_BFI_A6 i_HRZ_IND
  s_BFI_A6
  with
  s_BFI_A6
  aBFI_A6 aHRZ_IND i_BFI_A6 i_HRZ_IND;


  s_HRZ_IND@0;

  OUTPUT: SAMPSTAT PATTERNS;



*** WARNING
  Variable name contains more than 8 characters.
  Only the first 8 characters will be printed in the output.
  Variable: I_HRZ_IND
*** WARNING
  Variable name contains more than 8 characters.
  Only the first 8 characters will be printed in the output.
  Variable: S_HRZ_IND
*** WARNING in MODEL command
  All continuous latent variable covariances involving S_HRZ_IND have been fixed to 0
  because the variance of S_HRZ_IND is fixed at 0.
*** WARNING
  Data set contains cases with missing on all variables.
  These cases were not included in the analysis.
  Number of cases with missing on all variables:  1
   4 WARNING(S) FOUND IN THE INPUT INSTRUCTIONS



PxVx Univariate - Col Lin BFI_A6 with MeanOnly HRZ_IND;

SUMMARY OF ANALYSIS

Number of groups                                                 1
Number of observations                                         279

Number of dependent variables                                    6
Number of independent variables                                  2
Number of continuous latent variables                            4

Observed dependent variables

  Continuous
   BBFI_A6     CBFI_A6     DBFI_A6     BHRZ_IND    CHRZ_IND    DHRZ_IND

Observed independent variables
   ABFI_A6     AHRZ_IND

Continuous latent variables
   I_BFI_A6    S_BFI_A6    I_HRZ_IN    S_HRZ_IN

Variables with special functions

  Time scores
   BAGE_C      CAGE_C      DAGE_C


Estimator                                                      MLR
Information matrix                                        OBSERVED
Maximum number of iterations                                   100
Convergence criterion                                    0.100D-05
Maximum number of EM iterations                                500
Convergence criteria for the EM algorithm
  Loglikelihood change                                   0.100D-02
  Relative loglikelihood change                          0.100D-05
  Derivative                                             0.100D-03
Minimum variance                                         0.100D-03
Maximum number of steepest descent iterations                   20
Maximum number of iterations for H1                           2000
Convergence criterion for H1                             0.100D-03
Optimization algorithm                                         EMA

Input data file(s)
  E:\Projects\lnt_pxvx\Data\LT_227.txt
Input data format  FREE


SUMMARY OF DATA

     Number of missing data patterns            15


SUMMARY OF MISSING DATA PATTERNS


     MISSING DATA PATTERNS (x = not missing)

           1  2  3  4  5  6  7  8  9 10 11 12 13 14 15
 BBFI_A6   x  x     x        x  x     x  x        x  x
 CBFI_A6   x  x  x                 x  x     x        x
 DBFI_A6   x     x        x  x  x  x  x  x           x
 BHRZ_IND  x  x     x           x     x  x
 CHRZ_IND  x  x  x                 x  x     x        x
 DHRZ_IND  x              x     x  x                 x
 ABFI_A6   x  x  x  x  x  x  x  x  x  x  x  x  x  x  x
 AHRZ_IND  x  x  x  x  x  x  x  x  x  x  x  x     x  x


     MISSING DATA PATTERN FREQUENCIES

    Pattern   Frequency     Pattern   Frequency     Pattern   Frequency
          1         140           6          11          11           1
          2          10           7           1          12           4
          3           2           8          16          13           2
          4          26           9           9          14           2
          5          52          10           2          15           1


COVARIANCE COVERAGE OF DATA

Minimum covariance coverage value   0.100


     PROPORTION OF DATA PRESENT


           Covariance Coverage
              BBFI_A6       CBFI_A6       DBFI_A6       BHRZ_IND      CHRZ_IND
              ________      ________      ________      ________      ________
 BBFI_A6        0.713
 CBFI_A6        0.548         0.602
 DBFI_A6        0.577         0.552         0.656
 BHRZ_IND       0.699         0.545         0.570         0.699
 CHRZ_IND       0.548         0.602         0.552         0.545         0.602
 DHRZ_IND       0.563         0.538         0.634         0.559         0.538
 ABFI_A6        0.713         0.602         0.656         0.699         0.602
 AHRZ_IND       0.713         0.602         0.656         0.699         0.602


           Covariance Coverage
              DHRZ_IND      ABFI_A6       AHRZ_IND
              ________      ________      ________
 DHRZ_IND       0.634
 ABFI_A6        0.634         1.000
 AHRZ_IND       0.634         0.993         0.993


SAMPLE STATISTICS


     ESTIMATED SAMPLE STATISTICS


           Means
              BBFI_A6       CBFI_A6       DBFI_A6       BHRZ_IND      CHRZ_IND
              ________      ________      ________      ________      ________
 1             60.169        60.020        63.031        73.148        73.648


           Means
              DHRZ_IND      ABFI_A6       AHRZ_IND
              ________      ________      ________
 1             75.352        60.810        73.930


           Covariances
              BBFI_A6       CBFI_A6       DBFI_A6       BHRZ_IND      CHRZ_IND
              ________      ________      ________      ________      ________
 BBFI_A6      263.964
 CBFI_A6      174.862       236.904
 DBFI_A6      170.369       153.884       242.135
 BHRZ_IND     -44.118       -61.077       -17.007       263.327
 CHRZ_IND     -18.520       -38.237       -10.383       170.215       242.612
 DHRZ_IND     -36.214       -52.622       -26.134       143.208       138.149
 ABFI_A6      206.242       174.869       159.624       -42.562       -18.637
 AHRZ_IND     -44.308       -51.606       -28.318       159.496       128.568


           Covariances
              DHRZ_IND      ABFI_A6       AHRZ_IND
              ________      ________      ________
 DHRZ_IND     256.983
 ABFI_A6      -45.327       294.868
 AHRZ_IND     137.387       -28.542       241.755


           Correlations
              BBFI_A6       CBFI_A6       DBFI_A6       BHRZ_IND      CHRZ_IND
              ________      ________      ________      ________      ________
 BBFI_A6        1.000
 CBFI_A6        0.699         1.000
 DBFI_A6        0.674         0.643         1.000
 BHRZ_IND      -0.167        -0.245        -0.067         1.000
 CHRZ_IND      -0.073        -0.159        -0.043         0.673         1.000
 DHRZ_IND      -0.139        -0.213        -0.105         0.551         0.553
 ABFI_A6        0.739         0.662         0.597        -0.153        -0.070
 AHRZ_IND      -0.175        -0.216        -0.117         0.632         0.531


           Correlations
              DHRZ_IND      ABFI_A6       AHRZ_IND
              ________      ________      ________
 DHRZ_IND       1.000
 ABFI_A6       -0.165         1.000
 AHRZ_IND       0.551        -0.107         1.000


     MAXIMUM LOG-LIKELIHOOD VALUE FOR THE UNRESTRICTED (H1) MODEL IS -6537.797


THE MODEL ESTIMATION TERMINATED NORMALLY



MODEL FIT INFORMATION

Number of Free Parameters                       28

Loglikelihood

          H0 Value                       -6549.938
          H0 Scaling Correction Factor       1.054
            for MLR

Information Criteria

          Akaike (AIC)                   13155.876
          Bayesian (BIC)                 13257.550
          Sample-Size Adjusted BIC       13168.764
            (n* = (n + 2) / 24)



MODEL RESULTS

                                                    Two-Tailed
                    Estimate       S.E.  Est./S.E.    P-Value

 DBFI_A6    ON
    CBFI_A6            0.064      0.062      1.022      0.307
    CHRZ_IND          -0.087      0.062     -1.407      0.160

 CBFI_A6    ON
    BBFI_A6            0.064      0.062      1.022      0.307
    BHRZ_IND          -0.087      0.062     -1.407      0.160

 BBFI_A6    ON
    ABFI_A6            0.064      0.062      1.022      0.307
    AHRZ_IND          -0.087      0.062     -1.407      0.160

 DHRZ_IND   ON
    CHRZ_IND           0.164      0.090      1.820      0.069
    CBFI_A6           -0.090      0.075     -1.199      0.230

 CHRZ_IND   ON
    BHRZ_IND           0.164      0.090      1.820      0.069
    BBFI_A6           -0.090      0.075     -1.199      0.230

 BHRZ_IND   ON
    AHRZ_IND           0.164      0.090      1.820      0.069
    ABFI_A6           -0.090      0.075     -1.199      0.230

 S_BFI_A6 WITH
    I_BFI_A6         -10.092      8.756     -1.153      0.249

 I_HRZ_IN WITH
    I_BFI_A6           2.300     23.206      0.099      0.921
    S_BFI_A6           1.931      5.415      0.357      0.721

 ABFI_A6  WITH
    I_BFI_A6         198.900     36.270      5.484      0.000
    S_BFI_A6         -16.686     10.854     -1.537      0.124
    I_HRZ_IND        -10.083     19.676     -0.512      0.608

 AHRZ_IND WITH
    I_BFI_A6         -25.751     24.662     -1.044      0.296
    S_BFI_A6           2.001      8.175      0.245      0.807
    I_HRZ_IND        109.720     18.635      5.888      0.000

 DHRZ_IND WITH
    DBFI_A6           -8.171      5.694     -1.435      0.151

 CHRZ_IND WITH
    CBFI_A6           -8.171      5.694     -1.435      0.151

 BHRZ_IND WITH
    BBFI_A6           -8.171      5.694     -1.435      0.151

 AHRZ_IND WITH
    ABFI_A6          -28.540     15.229     -1.874      0.061

 Means
    ABFI_A6           60.810      1.027     59.238      0.000
    AHRZ_IND          73.932      0.936     79.002      0.000
    I_BFI_A6          61.121      6.996      8.737      0.000
    S_BFI_A6           1.205      0.443      2.719      0.007
    I_HRZ_IND         66.498     10.164      6.543      0.000
    S_HRZ_IND          0.468      0.504      0.930      0.352

 Intercepts
    BBFI_A6            0.000      0.000    999.000    999.000
    CBFI_A6            0.000      0.000    999.000    999.000
    DBFI_A6            0.000      0.000    999.000    999.000
    BHRZ_IND           0.000      0.000    999.000    999.000
    CHRZ_IND           0.000      0.000    999.000    999.000
    DHRZ_IND           0.000      0.000    999.000    999.000

 Variances
    ABFI_A6          294.870     23.373     12.616      0.000
    AHRZ_IND         241.756     21.246     11.379      0.000
    I_BFI_A6         167.341     45.310      3.693      0.000
    S_BFI_A6           3.027      2.999      1.009      0.313
    I_HRZ_IND         92.802     30.095      3.084      0.002
    S_HRZ_IND          0.000      0.000    999.000    999.000

 Residual Variances
    BBFI_A6           81.998      8.726      9.397      0.000
    CBFI_A6           81.998      8.726      9.397      0.000
    DBFI_A6           81.998      8.726      9.397      0.000
    BHRZ_IND         115.076     14.344      8.023      0.000
    CHRZ_IND         115.076     14.344      8.023      0.000
    DHRZ_IND         115.076     14.344      8.023      0.000


QUALITY OF NUMERICAL RESULTS

     Condition Number for the Information Matrix              0.548E-07
       (ratio of smallest to largest eigenvalue)


     Beginning Time:  18:34:39
        Ending Time:  18:34:49
       Elapsed Time:  00:00:10



MUTHEN & MUTHEN
3463 Stoner Ave.
Los Angeles, CA  90066

Tel: (310) 391-9971
Fax: (310) 391-8971
Web: www.StatModel.com
Support: Support@StatModel.com

Copyright (c) 1998-2011 Muthen & Muthen
