Mplus VERSION 8 (Linux)
MUTHEN & MUTHEN
01/18/2019   2:19 PM

INPUT INSTRUCTIONS


  title: PxVx Bivariate LCM-SR - post mi - Linear bfas_oo with Linear aspfinc_d;

  data: file = /home/jflournoy/code_new/lnt_pxvx/Data/lnt_nat_recalc.tsv;

  variable:
  names =
  subjid
  aage
  aaspfin
  aaspfinc
  aaspfinc_d
  aaspfin_d
  abfa_mt
  abfa_mt_d
  abfas_ac
  abfas_ap
  abfas_ci
  abfas_co
  abfas_ea
  abfas_ee
  abfas_nv
  abfas_nv9
  abfas_nw
  abfas_oi
  abfas_oo
  abfi_a
  abfi_a6
  abfi_c
  abfi_d_scale
  abfi_e
  abfi_hp8
  abfi_n
  abfi_o
  abfi_s_scale
  ahrz_col
  ahrz_col_d
  ahrz_ind
  ahrz_ind_d
  amvi
  ausi
  ausi_d
  avrt_col
  avrt_col_d
  avrt_ind
  avrt_ind_d
  bage
  baspfin
  baspfinc
  baspfinc_d
  baspfin_d
  bbfa_mt
  bbfa_mt_d
  bbfas_ac
  bbfas_ap
  bbfas_ci
  bbfas_co
  bbfas_ea
  bbfas_ee
  bbfas_nv
  bbfas_nv9
  bbfas_nw
  bbfas_oi
  bbfas_oo
  bbfi_a
  bbfi_a6
  bbfi_c
  bbfi_d_scale
  bbfi_e
  bbfi_hp8
  bbfi_n
  bbfi_o
  bbfi_s_scale
  bhrz_col
  bhrz_col_d
  bhrz_ind
  bhrz_ind_d
  bmvi
  busi
  busi_d
  bvrt_col
  bvrt_col_d
  bvrt_ind
  bvrt_ind_d
  cage
  caspfin
  caspfinc
  caspfinc_d
  caspfin_d
  cbfa_mt
  cbfa_mt_d
  cbfas_ac
  cbfas_ap
  cbfas_ci
  cbfas_co
  cbfas_ea
  cbfas_ee
  cbfas_nv
  cbfas_nv9
  cbfas_nw
  cbfas_oi
  cbfas_oo
  cbfi_a
  cbfi_a6
  cbfi_c
  cbfi_d_scale
  cbfi_e
  cbfi_hp8
  cbfi_n
  cbfi_o
  cbfi_s_scale
  chrz_col
  chrz_col_d
  chrz_ind
  chrz_ind_d
  cmvi
  cusi
  cusi_d
  cvrt_col
  cvrt_col_d
  cvrt_ind
  cvrt_ind_d
  dage
  daspfin
  daspfinc
  daspfinc_d
  daspfin_d
  dbfa_mt
  dbfa_mt_d
  dbfas_ac
  dbfas_ap
  dbfas_ci
  dbfas_co
  dbfas_ea
  dbfas_ee
  dbfas_nv
  dbfas_nv9
  dbfas_nw
  dbfas_oi
  dbfas_oo
  dbfi_a
  dbfi_a6
  dbfi_c
  dbfi_d_scale
  dbfi_e
  dbfi_hp8
  dbfi_n
  dbfi_o
  dbfi_s_scale
  dhrz_col
  dhrz_col_d
  dhrz_ind
  dhrz_ind_d
  dmvi
  dusi
  dusi_d
  dvrt_col
  dvrt_col_d
  dvrt_ind
  dvrt_ind_d
  ;

  USEVARIABLES =
  abfas_oo
  bbfas_oo
  cbfas_oo
  dbfas_oo
  aaspfinc_d
  baspfinc_d
  caspfinc_d
  daspfinc_d
  a1
  a2
  a3
  a4
  ;

  missing = all (-9999);

  tscores = a1 a2 a3 a4;

  DEFINE:
  a1 = aage + 0 - 36;
  a2 = aage + 1 - 36;
  a3 = aage + 2 - 36;
  a4 = aage + 3 - 36;

  ANALYSIS:
  TYPE=RANDOM;
  PROCESSORS = 6;
  model=nocovariances; ! supresses default estimation of certain covs in model;

  MODEL:

  i_bfas_oo s_bfas_oo | abfas_oo bbfas_oo cbfas_oo dbfas_oo AT a1 a2 a3 a4;
  i_aspfinc_d s_aspfinc_d | aaspfinc_d baspfinc_d caspfinc_d daspfinc_d AT a1 a2 a3 a4;

  ! freeing factor covs because of "nocovariances"
  s_bfas_oo WITH i_bfas_oo s_aspfinc_d i_aspfinc_d;
  i_bfas_oo WITH s_aspfinc_d i_aspfinc_d;
  s_aspfinc_d WITH i_aspfinc_d;

  p1 BY abfas_oo@1; ! Residual "factors";
  p2 BY bbfas_oo@1;
  p3 BY cbfas_oo@1;
  p4 BY dbfas_oo@1;

  v1 BY aaspfinc_d@1; ! Residual "factors";
  v2 BY baspfinc_d@1;
  v3 BY caspfinc_d@1;
  v4 BY daspfinc_d@1;

  !residual variances on observed/manifest vars set to 0
  abfas_oo@0;
  bbfas_oo@0;
  cbfas_oo@0;
  dbfas_oo@0;

  !residual variances on observed/manifest vars set to 0
  aaspfinc_d@0;
  baspfinc_d@0;
  caspfinc_d@0;
  daspfinc_d@0;

  ! means of observed/manifest vars set to 0
  [abfas_oo@0];
  [bbfas_oo@0];
  [cbfas_oo@0];
  [dbfas_oo@0];

  ! means of observed/manifest vars set to 0
  [aaspfinc_d@0];
  [baspfinc_d@0];
  [caspfinc_d@0];
  [daspfinc_d@0];

  [p1@0]; ! means of residual "factors" set to 0
  [p2@0];
  [p3@0];
  [p4@0];

  [v1@0]; ! means of residual "factors" set to 0
  [v2@0];
  [v3@0];
  [v4@0];

  p4 on p3 (a); ! Autoregressive paths constrained to equality
  p3 on p2 (a);
  p2 on p1 (a);

  v4 on v3 (b); ! Autoregressive paths constrained to equality
  v3 on v2 (b);
  v2 on v1 (b);

  p4 on v3 (c); ! Cross-lagged paths constrained to equality
  p3 on v2 (c);
  p2 on v1 (c);

  v4 on p3 (d); ! Cross-lagged paths constrained to equality
  v3 on p2 (d);
  v2 on p1 (d);

  p1 with v1; !(this one is not like the others)

  p2 with v2 (e); ! Within-wave correlations constrained to equality
  p3 with v3 (e);
  p4 with v4 (e);

  p2 p3 p4 (f); ! estimate variances of residual "factors"
  v2 v3 v4 (g); ! estimate variances of residual "factors"

  OUTPUT: SAMPSTAT PATTERNS;



*** WARNING in VARIABLE command
  Note that only the first 8 characters of variable names are used in the output.
  Shorten variable names to avoid any confusion.
*** WARNING
  Data set contains cases with missing on time scores but non-missing on the
  corresponding dependent variables.  These cases were not included in the analysis.
  Number of such cases:  5
   2 WARNING(S) FOUND IN THE INPUT INSTRUCTIONS



PxVx Bivariate LCM-SR - post mi - Linear bfas_oo with Linear aspfinc_d;

SUMMARY OF ANALYSIS

Number of groups                                                 1
Number of observations                                         864

Number of dependent variables                                    8
Number of independent variables                                  0
Number of continuous latent variables                           12

Observed dependent variables

  Continuous
   ABFAS_OO    BBFAS_OO    CBFAS_OO    DBFAS_OO    AASPFINC_D  BASPFINC_D
   CASPFINC_D  DASPFINC_D

Continuous latent variables
   P1          P2          P3          P4          V1          V2
   V3          V4          I_BFAS_O    S_BFAS_O    I_ASPFIN    S_ASPFIN

Variables with special functions

  Time scores
   A1          A2          A3          A4


Estimator                                                      MLR
Information matrix                                        OBSERVED
Maximum number of iterations                                   100
Convergence criterion                                    0.100D-05
Maximum number of EM iterations                                500
Convergence criteria for the EM algorithm
  Loglikelihood change                                   0.100D-02
  Relative loglikelihood change                          0.100D-05
  Derivative                                             0.100D-03
Minimum variance                                         0.100D-03
Maximum number of steepest descent iterations                   20
Maximum number of iterations for H1                           2000
Convergence criterion for H1                             0.100D-03
Optimization algorithm                                         EMA

Input data file(s)
  /home/jflournoy/code_new/lnt_pxvx/Data/lnt_nat_recalc.tsv
Input data format  FREE


SUMMARY OF DATA

     Number of missing data patterns            18


SUMMARY OF MISSING DATA PATTERNS


     MISSING DATA PATTERNS (x = not missing)

           1  2  3  4  5  6  7  8  9 10 11 12 13 14 15 16 17 18
 ABFAS_OO  x  x  x  x  x  x  x  x  x  x  x  x  x     x  x  x  x
 BBFAS_OO  x     x  x        x     x  x  x     x  x     x  x
 CBFAS_OO  x           x     x  x        x  x  x  x        x
 DBFAS_OO  x     x     x  x              x  x  x  x     x     x
 AASPFINC  x  x  x  x  x  x  x  x     x  x  x  x  x     x  x  x
 BASPFINC  x     x  x        x     x        x  x  x        x
 CASPFINC  x           x     x  x        x  x     x        x
 DASPFINC  x     x     x  x              x  x  x  x     x  x


     MISSING DATA PATTERN FREQUENCIES

    Pattern   Frequency     Pattern   Frequency     Pattern   Frequency
          1         491           7          47          13           1
          2         169           8          24          14           1
          3          26           9           1          15           1
          4          48          10           3          16           1
          5          21          11           2          17           1
          6          24          12           2          18           1


COVARIANCE COVERAGE OF DATA

Minimum covariance coverage value   0.100


     PROPORTION OF DATA PRESENT


           Covariance Coverage
              ABFAS_OO      BBFAS_OO      CBFAS_OO      DBFAS_OO      AASPFINC
              ________      ________      ________      ________      ________
 ABFAS_OO       0.999
 BBFAS_OO       0.719         0.720
 CBFAS_OO       0.682         0.628         0.683
 DBFAS_OO       0.659         0.604         0.600         0.660
 AASPFINC       0.997         0.719         0.683         0.660         0.998
 BASPFINC       0.714         0.713         0.628         0.603         0.714
 CASPFINC       0.681         0.627         0.682         0.598         0.682
 DASPFINC       0.659         0.605         0.601         0.659         0.660


           Covariance Coverage
              BASPFINC      CASPFINC      DASPFINC
              ________      ________      ________
 BASPFINC       0.715
 CASPFINC       0.627         0.682
 DASPFINC       0.604         0.600         0.660


SAMPLE STATISTICS


     ESTIMATED SAMPLE STATISTICS


           Means
              ABFAS_OO      BBFAS_OO      CBFAS_OO      DBFAS_OO      AASPFINC
              ________      ________      ________      ________      ________
               73.193        73.164        72.568        72.328        36.032


           Means
              BASPFINC      CASPFINC      DASPFINC
              ________      ________      ________
               37.536        37.421        38.701


           Covariances
              ABFAS_OO      BBFAS_OO      CBFAS_OO      DBFAS_OO      AASPFINC
              ________      ________      ________      ________      ________
 ABFAS_OO     250.448
 BBFAS_OO     205.557       257.033
 CBFAS_OO     204.791       216.647       268.363
 DBFAS_OO     200.792       207.491       221.366       259.003
 AASPFINC     -62.002       -63.839       -63.358       -49.867       225.945
 BASPFINC     -50.923       -62.827       -62.020       -59.461       166.955
 CASPFINC     -52.606       -60.040       -67.719       -56.935       168.065
 DASPFINC     -47.919       -55.833       -59.468       -59.796       156.808


           Covariances
              BASPFINC      CASPFINC      DASPFINC
              ________      ________      ________
 BASPFINC     222.888
 CASPFINC     166.667       225.630
 DASPFINC     159.490       171.290       225.338


           Correlations
              ABFAS_OO      BBFAS_OO      CBFAS_OO      DBFAS_OO      AASPFINC
              ________      ________      ________      ________      ________
 ABFAS_OO       1.000
 BBFAS_OO       0.810         1.000
 CBFAS_OO       0.790         0.825         1.000
 DBFAS_OO       0.788         0.804         0.840         1.000
 AASPFINC      -0.261        -0.265        -0.257        -0.206         1.000
 BASPFINC      -0.216        -0.262        -0.254        -0.247         0.744
 CASPFINC      -0.221        -0.249        -0.275        -0.236         0.744
 DASPFINC      -0.202        -0.232        -0.242        -0.248         0.695


           Correlations
              BASPFINC      CASPFINC      DASPFINC
              ________      ________      ________
 BASPFINC       1.000
 CASPFINC       0.743         1.000
 DASPFINC       0.712         0.760         1.000


     MAXIMUM LOG-LIKELIHOOD VALUE FOR THE UNRESTRICTED (H1) MODEL IS -20006.444


UNIVARIATE SAMPLE STATISTICS


     UNIVARIATE HIGHER-ORDER MOMENT DESCRIPTIVE STATISTICS

         Variable/         Mean/     Skewness/   Minimum/ % with                Percentiles
        Sample Size      Variance    Kurtosis    Maximum  Min/Max      20%/60%    40%/80%    Median

     ABFAS_OO             73.172      -0.501      20.000    0.12%      60.000     70.000     75.000
             863.000     250.267      -0.279     100.000    1.97%      77.778     87.500
     BBFAS_OO             73.011      -0.541      17.500    0.16%      58.333     70.000     75.000
             622.000     255.547      -0.180     100.000    1.61%      80.000     87.500
     CBFAS_OO             72.902      -0.453      17.500    0.17%      60.000     70.000     75.000
             590.000     262.892      -0.325     100.000    3.90%      80.000     87.500
     DBFAS_OO             72.753      -0.675      15.000    0.18%      60.000     70.000     75.000
             570.000     258.365       0.078     100.000    2.11%      80.000     87.500
     AASPFINC_D           36.031       0.362       0.000    0.12%      22.722     30.972     34.386
             862.000     226.057       0.110     100.000    0.12%      39.295     49.453
     BASPFINC_D           37.485       0.256       2.673    0.32%      23.791     32.612     36.622
             618.000     219.141      -0.280      81.264    0.32%      40.365     50.255
     CASPFINC_D           37.530       0.286       1.069    0.17%      23.524     32.880     36.889
             589.000     225.425      -0.260      97.303    0.17%      40.632     50.790
     DASPFINC_D           38.659       0.300       5.614    0.18%      25.395     33.682     37.691
             570.000     223.422      -0.160      87.679    0.18%      41.166     52.661


THE MODEL ESTIMATION TERMINATED NORMALLY



MODEL FIT INFORMATION

Number of Free Parameters                       24

Loglikelihood

          H0 Value                      -20030.852
          H0 Scaling Correction Factor      1.2092
            for MLR

Information Criteria

          Akaike (AIC)                   40109.704
          Bayesian (BIC)                 40223.982
          Sample-Size Adjusted BIC       40147.764
            (n* = (n + 2) / 24)



MODEL RESULTS

                                                    Two-Tailed
                    Estimate       S.E.  Est./S.E.    P-Value

 P1       BY
    ABFAS_OO           1.000      0.000    999.000    999.000

 P2       BY
    BBFAS_OO           1.000      0.000    999.000    999.000

 P3       BY
    CBFAS_OO           1.000      0.000    999.000    999.000

 P4       BY
    DBFAS_OO           1.000      0.000    999.000    999.000

 V1       BY
    AASPFINC_D         1.000      0.000    999.000    999.000

 V2       BY
    BASPFINC_D         1.000      0.000    999.000    999.000

 V3       BY
    CASPFINC_D         1.000      0.000    999.000    999.000

 V4       BY
    DASPFINC_D         1.000      0.000    999.000    999.000

 P4         ON
    P3                 0.146      0.057      2.583      0.010
    V3                -0.041      0.041     -1.002      0.316

 P3         ON
    P2                 0.146      0.057      2.583      0.010
    V2                -0.041      0.041     -1.002      0.316

 P2         ON
    P1                 0.146      0.057      2.583      0.010
    V1                -0.041      0.041     -1.002      0.316

 V4         ON
    V3                 0.114      0.051      2.258      0.024
    P3                -0.001      0.045     -0.029      0.977

 V3         ON
    V2                 0.114      0.051      2.258      0.024
    P2                -0.001      0.045     -0.029      0.977

 V2         ON
    V1                 0.114      0.051      2.258      0.024
    P1                -0.001      0.045     -0.029      0.977

 S_BFAS_O WITH
    I_BFAS_OO          0.201      0.622      0.323      0.747
    S_ASPFINC_        -0.016      0.076     -0.216      0.829
    I_ASPFINC_        -0.080      1.649     -0.049      0.961

 I_BFAS_O WITH
    S_ASPFINC_         1.372      1.584      0.867      0.386
    I_ASPFINC_       -54.846      9.905     -5.537      0.000

 S_ASPFIN WITH
    I_ASPFINC_        -1.204      0.516     -2.333      0.020

 P1       WITH
    V1               -12.058      3.708     -3.252      0.001

 P2       WITH
    V2                -6.111      2.422     -2.524      0.012

 P3       WITH
    V3                -6.111      2.422     -2.524      0.012

 P4       WITH
    V4                -6.111      2.422     -2.524      0.012

 Means
    P1                 0.000      0.000    999.000    999.000
    V1                 0.000      0.000    999.000    999.000
    I_BFAS_OO         72.941      0.531    137.425      0.000
    S_BFAS_OO         -0.097      0.048     -2.025      0.043
    I_ASPFINC_        37.193      0.479     77.726      0.000
    S_ASPFINC_        -0.091      0.043     -2.139      0.032

 Intercepts
    ABFAS_OO           0.000      0.000    999.000    999.000
    BBFAS_OO           0.000      0.000    999.000    999.000
    CBFAS_OO           0.000      0.000    999.000    999.000
    DBFAS_OO           0.000      0.000    999.000    999.000
    AASPFINC_D         0.000      0.000    999.000    999.000
    BASPFINC_D         0.000      0.000    999.000    999.000
    CASPFINC_D         0.000      0.000    999.000    999.000
    DASPFINC_D         0.000      0.000    999.000    999.000
    P2                 0.000      0.000    999.000    999.000
    P3                 0.000      0.000    999.000    999.000
    P4                 0.000      0.000    999.000    999.000
    V2                 0.000      0.000    999.000    999.000
    V3                 0.000      0.000    999.000    999.000
    V4                 0.000      0.000    999.000    999.000

 Variances
    P1                56.791      5.816      9.765      0.000
    V1                68.270      5.634     12.118      0.000
    I_BFAS_OO        198.366     13.048     15.203      0.000
    S_BFAS_OO          0.034      0.097      0.355      0.722
    I_ASPFINC_       153.502     12.384     12.395      0.000
    S_ASPFINC_         0.062      0.087      0.714      0.475

 Residual Variances
    ABFAS_OO           0.000      0.000    999.000    999.000
    BBFAS_OO           0.000      0.000    999.000    999.000
    CBFAS_OO           0.000      0.000    999.000    999.000
    DBFAS_OO           0.000      0.000    999.000    999.000
    AASPFINC_D         0.000      0.000    999.000    999.000
    BASPFINC_D         0.000      0.000    999.000    999.000
    CASPFINC_D         0.000      0.000    999.000    999.000
    DASPFINC_D         0.000      0.000    999.000    999.000
    P2                51.762      4.344     11.915      0.000
    P3                51.762      4.344     11.915      0.000
    P4                51.762      4.344     11.915      0.000
    V2                63.740      3.910     16.304      0.000
    V3                63.740      3.910     16.304      0.000
    V4                63.740      3.910     16.304      0.000


QUALITY OF NUMERICAL RESULTS

     Condition Number for the Information Matrix              0.429E-04
       (ratio of smallest to largest eigenvalue)


     Beginning Time:  14:19:14
        Ending Time:  14:19:25
       Elapsed Time:  00:00:11



MUTHEN & MUTHEN
3463 Stoner Ave.
Los Angeles, CA  90066

Tel: (310) 391-9971
Fax: (310) 391-8971
Web: www.StatModel.com
Support: Support@StatModel.com

Copyright (c) 1998-2017 Muthen & Muthen
