Mplus VERSION 7 (Mac)
MUTHEN & MUTHEN
10/27/2017   2:16 PM

INPUT INSTRUCTIONS


  title: PxVx Bivariate LCM-SR - Col Linear BFI_A6 with Linear BFA_MT;
  data: file = /Users/johnflournoy/code/lnt_pxvx/Data/LT_227.txt;



  variable:
  names =
  subjid
  Sample
  aGENDER
  aAGE
  aethnic1
  aethnic2
  aedu_mom
  aedu_dad
  aEDUCATN
  bEDUCATN
  cEDUCATN
  aEMPLOYD
  bEMPLOYD
  cEMPLOYD
  dEMPLOYD
  aINCOME
  bINCOME
  cINCOME
  dINCOME
  aS_SCALE
  bS_SCALE
  cS_SCALE
  dS_SCALE
  aD_SCALE
  bD_SCALE
  cD_SCALE
  dD_SCALE
  aS_COMP
  bS_COMP
  cS_COMP
  dS_COMP
  aD_COMP
  bD_COMP
  cD_COMP
  dD_COMP
  aBFI_A
  aBFI_A6
  aBFI_C
  aBFI_E
  aBFI_HP
  aBFI_N
  aBFI_O
  bBFI_A
  bBFI_A6
  bBFI_C
  bBFI_E
  bBFI_HP
  bBFI_N
  bBFI_O
  cBFI_A
  cBFI_A6
  cBFI_C
  cBFI_E
  cBFI_HP
  cBFI_N
  cBFI_O
  dBFI_A
  dBFI_A6
  dBFI_C
  dBFI_E
  dBFI_HP
  dBFI_N
  dBFI_O
  aBFA_AC
  aBFA_AP
  aBFA_CI
  aBFA_CO
  aBFA_EA
  aBFA_EE
  aBFA_N9
  aBFA_NV
  aBFA_NW
  aBFA_OI
  aBFA_OO
  aBFA_PS
  aBFA_MT
  bBFA_AC
  bBFA_AP
  bBFA_CI
  bBFA_CO
  bBFA_EA
  bBFA_EE
  bBFA_N9
  bBFA_NV
  bBFA_NW
  bBFA_OI
  bBFA_OO
  bBFA_MT
  bBFA_PS
  cBFA_AC
  cBFA_AP
  cBFA_CI
  cBFA_CO
  cBFA_EA
  cBFA_EE
  cBFA_N9
  cBFA_NV
  cBFA_NW
  cBFA_OI
  cBFA_OO
  cBFA_MT
  cBFA_PS
  dBFA_AC
  dBFA_AP
  dBFA_CI
  dBFA_CO
  dBFA_EA
  dBFA_EE
  dBFA_N9
  dBFA_NV
  dBFA_NW
  dBFA_OI
  dBFA_OO
  dBFA_MT
  dBFA_PS
  aUSI
  bUSI
  cUSI
  dUSI
  aHRZ_IND
  bHRZ_IND
  cHRZ_IND
  dHRZ_IND
  aVRT_IND
  bVRT_IND
  cVRT_IND
  dVRT_IND
  aHRZ_COL
  bHRZ_COL
  cHRZ_COL
  dHRZ_COL
  aVRT_COL
  bVRT_COL
  cVRT_COL
  dVRT_COL
  aCOLLCTV
  bCOLLCTV
  cCOLLCTV
  dCOLLCTV
  aMVS
  bMVS
  cMVS
  dMVS
  aST
  bST
  cST
  dST
  aSD
  bSD
  cSD
  dSD
  aMVS_mc
  bMVS_mc
  cMVS_mc
  dMVS_mc
  aST_mc
  bST_mc
  cST_mc
  dST_mc
  aSD_mc
  bSD_mc
  cSD_mc
  dSD_mc
  bMEANING
  cMEANING
  dMEANING
  bMEAN_L
  cMEAN_L
  dMEAN_L
  bMEANNGc
  cMEANNGc
  dMEANNGc
  bMEANGlc
  cMEANGlc
  dMEANGlc
  bCLASSIC
  cCLASSIC
  dCLASSIC
  bCLASSCc
  cCLASSCc
  dCLASSCc
  bAGR_VAL
  cAGR_VAL
  dAGR_VAL
  bOPN_VAL
  cOPN_VAL
  dOPN_VAL
  bAGR_VLc
  cAGR_VLc
  dAGR_VLc
  bOPNVALc
  cOPNVALc
  dOPNVALc
  aMV_pomp
  bMV_pomp
  cMV_pomp
  dMV_pomp
  aST_pomp
  bST_pomp
  cST_pomp
  dST_pomp
  aSD_pomp
  bSD_pomp
  cSD_pomp
  dSD_pomp
  agoal_ec
  bgoal_ec
  cgoal_ec
  dgoal_ec
  aAspfinc
  bAspfinc
  cAspfinc
  dAspfinc
  abfi_hp8
  bbfi_hp8
  cbfi_hp8
  dbfi_hp8
  aP_S_BFI
  aP_D_BFI
  aECgoalc
  bECgoalC
  cECgoalC
  dECgoalC
  aaspfin
  baspfin
  caspfin
  daspfin
  aMVI_POMP
  bMVI_POMP
  cMVI_POMP
  dMVI_POMP;

  USEVARIABLES =
  aBFI_A6
  bBFI_A6
  cBFI_A6
  dBFI_A6
  aBFA_MT
  bBFA_MT
  cBFA_MT
  dBFA_MT
  a1
  a2
  a3
  a4
  ;

  missing = all (-9999);

  USEOBSERVATIONS are Sample == 2; ! College Sample

  tscores = a1 a2 a3 a4;

  DEFINE:
  a1 = aAGE + 0 - 20.5;
  a2 = aAGE + 1 - 20.5;
  a3 = aAGE + 2 - 20.5;
  a4 = aAGE + 3 - 20.5;

  ANALYSIS:
  TYPE=RANDOM;
  PROCESSORS = 4;
  model=nocovariances; ! supresses default estimation of certain covs in model;

  MODEL:

  i_BFI_A6 s_BFI_A6 | aBFI_A6 bBFI_A6 cBFI_A6 dBFI_A6 AT a1 a2 a3 a4;
  i_BFA_MT s_BFA_MT | aBFA_MT bBFA_MT cBFA_MT dBFA_MT AT a1 a2 a3 a4;

  ! freeing factor covs because of "nocovariances"
  s_BFI_A6 WITH i_BFI_A6 s_BFA_MT i_BFA_MT;
  i_BFI_A6 WITH s_BFA_MT i_BFA_MT;
  s_BFA_MT WITH i_BFA_MT;

  p1 BY aBFI_A6@1; ! Residual "factors";
  p2 BY bBFI_A6@1;
  p3 BY cBFI_A6@1;
  p4 BY dBFI_A6@1;

  v1 BY aBFA_MT@1; ! Residual "factors";
  v2 BY bBFA_MT@1;
  v3 BY cBFA_MT@1;
  v4 BY dBFA_MT@1;

  !residual variances on observed/manifest vars set to 0
  aBFI_A6@0;
  bBFI_A6@0;
  cBFI_A6@0;
  dBFI_A6@0;

  !residual variances on observed/manifest vars set to 0
  aBFA_MT@0;
  bBFA_MT@0;
  cBFA_MT@0;
  dBFA_MT@0;

  ! means of observed/manifest vars set to 0
  [aBFI_A6@0];
  [bBFI_A6@0];
  [cBFI_A6@0];
  [dBFI_A6@0];

  ! means of observed/manifest vars set to 0
  [aBFA_MT@0];
  [bBFA_MT@0];
  [cBFA_MT@0];
  [dBFA_MT@0];

  [p1@0]; ! means of residual "factors" set to 0
  [p2@0];
  [p3@0];
  [p4@0];

  [v1@0]; ! means of residual "factors" set to 0
  [v2@0];
  [v3@0];
  [v4@0];

  p4 on p3 (a); ! Autoregressive paths constrained to equality
  p3 on p2 (a);
  p2 on p1 (a);

  v4 on v3 (b); ! Autoregressive paths constrained to equality
  v3 on v2 (b);
  v2 on v1 (b);

  p4 on v3 (c); ! Cross-lagged paths constrained to equality
  p3 on v2 (c);
  p2 on v1 (c);

  v4 on p3 (d); ! Cross-lagged paths constrained to equality
  v3 on p2 (d);
  v2 on p1 (d);

  p1 with v1; !(this one is not like the others)

  p2 with v2 (e); ! Within-wave correlations constrained to equality
  p3 with v3 (e);
  p4 with v4 (e);

  p2 p3 p4 (f); ! estimate variances of residual "factors"
  v2 v3 v4 (g); ! estimate variances of residual "factors"

  OUTPUT: SAMPSTAT PATTERNS;



*** WARNING
  Variable name contains more than 8 characters.
  Only the first 8 characters will be printed in the output.
  Variable: AMVI_POMP
*** WARNING
  Variable name contains more than 8 characters.
  Only the first 8 characters will be printed in the output.
  Variable: BMVI_POMP
*** WARNING
  Variable name contains more than 8 characters.
  Only the first 8 characters will be printed in the output.
  Variable: CMVI_POMP
*** WARNING
  Variable name contains more than 8 characters.
  Only the first 8 characters will be printed in the output.
  Variable: DMVI_POMP
*** WARNING
  Data set contains cases with missing on all variables.
  These cases were not included in the analysis.
  Number of cases with missing on all variables:  1
*** WARNING
  Data set contains cases with missing on time scores but non-missing on the
  corresponding dependent variables.  These cases were not included in the analysis.
  Number of such cases:  3
   6 WARNING(S) FOUND IN THE INPUT INSTRUCTIONS



PxVx Bivariate LCM-SR - Col Linear BFI_A6 with Linear BFA_MT;

SUMMARY OF ANALYSIS

Number of groups                                                 1
Number of observations                                         276

Number of dependent variables                                    8
Number of independent variables                                  0
Number of continuous latent variables                           12

Observed dependent variables

  Continuous
   ABFI_A6     BBFI_A6     CBFI_A6     DBFI_A6     ABFA_MT     BBFA_MT
   CBFA_MT     DBFA_MT

Continuous latent variables
   P1          P2          P3          P4          V1          V2
   V3          V4          I_BFI_A6    S_BFI_A6    I_BFA_MT    S_BFA_MT

Variables with special functions

  Time scores
   A1          A2          A3          A4


Estimator                                                      MLR
Information matrix                                        OBSERVED
Maximum number of iterations                                   100
Convergence criterion                                    0.100D-05
Maximum number of EM iterations                                500
Convergence criteria for the EM algorithm
  Loglikelihood change                                   0.100D-02
  Relative loglikelihood change                          0.100D-05
  Derivative                                             0.100D-03
Minimum variance                                         0.100D-03
Maximum number of steepest descent iterations                   20
Maximum number of iterations for H1                           2000
Convergence criterion for H1                             0.100D-03
Optimization algorithm                                         EMA

Input data file(s)
  /Users/johnflournoy/code/lnt_pxvx/Data/LT_227.txt
Input data format  FREE


SUMMARY OF DATA

     Number of missing data patterns            12


SUMMARY OF MISSING DATA PATTERNS


     MISSING DATA PATTERNS (x = not missing)

           1  2  3  4  5  6  7  8  9 10 11 12
 ABFI_A6   x  x  x  x  x  x  x  x  x  x  x  x
 BBFI_A6   x  x     x        x     x  x     x
 CBFI_A6   x  x  x              x  x     x  x
 DBFI_A6   x     x        x  x  x  x  x     x
 ABFA_MT   x  x  x  x  x  x  x  x  x  x  x  x
 BBFA_MT   x  x     x        x     x  x
 CBFA_MT   x  x  x              x  x     x  x
 DBFA_MT   x              x  x  x           x


     MISSING DATA PATTERN FREQUENCIES

    Pattern   Frequency     Pattern   Frequency     Pattern   Frequency
          1         138           5          53           9           2
          2          10           6          11          10           1
          3           1           7          17          11           4
          4          28           8          10          12           1


COVARIANCE COVERAGE OF DATA

Minimum covariance coverage value   0.100


     PROPORTION OF DATA PRESENT


           Covariance Coverage
              ABFI_A6       BBFI_A6       CBFI_A6       DBFI_A6       ABFA_MT
              ________      ________      ________      ________      ________
 ABFI_A6        1.000
 BBFI_A6        0.714         0.714
 CBFI_A6        0.601         0.547         0.601
 DBFI_A6        0.656         0.576         0.551         0.656
 ABFA_MT        1.000         0.714         0.601         0.656         1.000
 BBFA_MT        0.710         0.710         0.543         0.572         0.710
 CBFA_MT        0.601         0.547         0.601         0.551         0.601
 DBFA_MT        0.641         0.565         0.540         0.641         0.641


           Covariance Coverage
              BBFA_MT       CBFA_MT       DBFA_MT
              ________      ________      ________
 BBFA_MT        0.710
 CBFA_MT        0.543         0.601
 DBFA_MT        0.562         0.540         0.641


SAMPLE STATISTICS


     ESTIMATED SAMPLE STATISTICS


           Means
              ABFI_A6       BBFI_A6       CBFI_A6       DBFI_A6       ABFA_MT
              ________      ________      ________      ________      ________
 1             61.007        60.351        59.901        63.287        50.312


           Means
              BBFA_MT       CBFA_MT       DBFA_MT
              ________      ________      ________
 1             49.979        49.900        49.051


           Covariances
              ABFI_A6       BBFI_A6       CBFI_A6       DBFI_A6       ABFA_MT
              ________      ________      ________      ________      ________
 ABFI_A6      291.336
 BBFI_A6      209.286       268.961
 CBFI_A6      174.895       179.888       239.077
 DBFI_A6      151.811       174.857       151.857       231.172
 ABFA_MT      -97.456       -87.783       -69.135       -46.972       224.578
 BBFA_MT      -90.279       -99.432       -90.727       -50.672       184.612
 CBFA_MT      -82.930       -82.381       -91.580       -47.302       167.447
 DBFA_MT      -69.709       -78.551       -91.347       -59.409       165.126


           Covariances
              BBFA_MT       CBFA_MT       DBFA_MT
              ________      ________      ________
 BBFA_MT      245.876
 CBFA_MT      196.123       259.873
 DBFA_MT      199.603       226.913       280.104


           Correlations
              ABFI_A6       BBFI_A6       CBFI_A6       DBFI_A6       ABFA_MT
              ________      ________      ________      ________      ________
 ABFI_A6        1.000
 BBFI_A6        0.748         1.000
 CBFI_A6        0.663         0.709         1.000
 DBFI_A6        0.585         0.701         0.646         1.000
 ABFA_MT       -0.381        -0.357        -0.298        -0.206         1.000
 BBFA_MT       -0.337        -0.387        -0.374        -0.213         0.786
 CBFA_MT       -0.301        -0.312        -0.367        -0.193         0.693
 DBFA_MT       -0.244        -0.286        -0.353        -0.233         0.658


           Correlations
              BBFA_MT       CBFA_MT       DBFA_MT
              ________      ________      ________
 BBFA_MT        1.000
 CBFA_MT        0.776         1.000
 DBFA_MT        0.761         0.841         1.000


     MAXIMUM LOG-LIKELIHOOD VALUE FOR THE UNRESTRICTED (H1) MODEL IS -6317.160


THE MODEL ESTIMATION TERMINATED NORMALLY



MODEL FIT INFORMATION

Number of Free Parameters                       24

Loglikelihood

          H0 Value                       -6333.491
          H0 Scaling Correction Factor      1.0259
            for MLR

Information Criteria

          Akaike (AIC)                   12714.982
          Bayesian (BIC)                 12801.872
          Sample-Size Adjusted BIC       12725.772
            (n* = (n + 2) / 24)



MODEL RESULTS

                                                    Two-Tailed
                    Estimate       S.E.  Est./S.E.    P-Value

 P1       BY
    ABFI_A6            1.000      0.000    999.000    999.000

 P2       BY
    BBFI_A6            1.000      0.000    999.000    999.000

 P3       BY
    CBFI_A6            1.000      0.000    999.000    999.000

 P4       BY
    DBFI_A6            1.000      0.000    999.000    999.000

 V1       BY
    ABFA_MT            1.000      0.000    999.000    999.000

 V2       BY
    BBFA_MT            1.000      0.000    999.000    999.000

 V3       BY
    CBFA_MT            1.000      0.000    999.000    999.000

 V4       BY
    DBFA_MT            1.000      0.000    999.000    999.000

 P4         ON
    P3                -0.029      0.118     -0.243      0.808
    V3                -0.039      0.097     -0.402      0.688

 P3         ON
    P2                -0.029      0.118     -0.243      0.808
    V2                -0.039      0.097     -0.402      0.688

 P2         ON
    P1                -0.029      0.118     -0.243      0.808
    V1                -0.039      0.097     -0.402      0.688

 V4         ON
    V3                 0.208      0.136      1.525      0.127
    P3                 0.000      0.079     -0.005      0.996

 V3         ON
    V2                 0.208      0.136      1.525      0.127
    P2                 0.000      0.079     -0.005      0.996

 V2         ON
    V1                 0.208      0.136      1.525      0.127
    P1                 0.000      0.079     -0.005      0.996

 S_BFI_A6 WITH
    I_BFI_A6         -22.437      6.837     -3.282      0.001
    S_BFA_MT          -4.277      2.525     -1.694      0.090
    I_BFA_MT          16.939      5.591      3.030      0.002

 I_BFI_A6 WITH
    S_BFA_MT           7.094      6.510      1.090      0.276
    I_BFA_MT         -97.346     17.611     -5.528      0.000

 S_BFA_MT WITH
    I_BFA_MT           0.679      5.929      0.115      0.909

 P1       WITH
    V1                -3.591     10.662     -0.337      0.736

 P2       WITH
    V2                -8.606      6.489     -1.326      0.185

 P3       WITH
    V3                -8.606      6.489     -1.326      0.185

 P4       WITH
    V4                -8.606      6.489     -1.326      0.185

 Means
    P1                 0.000      0.000    999.000    999.000
    V1                 0.000      0.000    999.000    999.000
    I_BFI_A6          60.379      1.030     58.608      0.000
    S_BFI_A6           0.476      0.322      1.479      0.139
    I_BFA_MT          50.388      0.903     55.827      0.000
    S_BFA_MT          -0.343      0.307     -1.116      0.264

 Intercepts
    ABFI_A6            0.000      0.000    999.000    999.000
    BBFI_A6            0.000      0.000    999.000    999.000
    CBFI_A6            0.000      0.000    999.000    999.000
    DBFI_A6            0.000      0.000    999.000    999.000
    ABFA_MT            0.000      0.000    999.000    999.000
    BBFA_MT            0.000      0.000    999.000    999.000
    CBFA_MT            0.000      0.000    999.000    999.000
    DBFA_MT            0.000      0.000    999.000    999.000
    P2                 0.000      0.000    999.000    999.000
    P3                 0.000      0.000    999.000    999.000
    P4                 0.000      0.000    999.000    999.000
    V2                 0.000      0.000    999.000    999.000
    V3                 0.000      0.000    999.000    999.000
    V4                 0.000      0.000    999.000    999.000

 Variances
    P1                70.943     16.955      4.184      0.000
    V1                61.583     16.837      3.658      0.000
    I_BFI_A6         226.568     27.781      8.156      0.000
    S_BFI_A6           7.252      3.050      2.377      0.017
    I_BFA_MT         165.230     22.006      7.508      0.000
    S_BFA_MT           6.440      3.372      1.910      0.056

 Residual Variances
    ABFI_A6            0.000      0.000    999.000    999.000
    BBFI_A6            0.000      0.000    999.000    999.000
    CBFI_A6            0.000      0.000    999.000    999.000
    DBFI_A6            0.000      0.000    999.000    999.000
    ABFA_MT            0.000      0.000    999.000    999.000
    BBFA_MT            0.000      0.000    999.000    999.000
    CBFA_MT            0.000      0.000    999.000    999.000
    DBFA_MT            0.000      0.000    999.000    999.000
    P2                72.438      9.995      7.248      0.000
    P3                72.438      9.995      7.248      0.000
    P4                72.438      9.995      7.248      0.000
    V2                55.747      8.502      6.557      0.000
    V3                55.747      8.502      6.557      0.000
    V4                55.747      8.502      6.557      0.000


QUALITY OF NUMERICAL RESULTS

     Condition Number for the Information Matrix              0.857E-05
       (ratio of smallest to largest eigenvalue)


     Beginning Time:  14:16:29
        Ending Time:  14:16:30
       Elapsed Time:  00:00:01



MUTHEN & MUTHEN
3463 Stoner Ave.
Los Angeles, CA  90066

Tel: (310) 391-9971
Fax: (310) 391-8971
Web: www.StatModel.com
Support: Support@StatModel.com

Copyright (c) 1998-2012 Muthen & Muthen
