Mplus VERSION 8 (Linux)
MUTHEN & MUTHEN
01/07/2019   1:27 PM

INPUT INSTRUCTIONS


  title: PxVx Bivariate LCM-SR - 40splitgroup - Linear bfas_nv with Linear aspfinc;


  data: file = /home/jflournoy/code_new/lnt_pxvx/Data/lnt_nat_recalc_famc.tsv;

  variable:
  names =
  subjid
  aage
  aaspfin
  aaspfin_d
  abfa_mt
  abfa_mt_d
  abfas_ac
  abfas_ap
  abfas_ci
  abfas_co
  abfas_ea
  abfas_ee
  abfas_nv
  abfas_nv9
  abfas_nw
  abfas_oi
  abfas_oo
  abfi_a
  abfi_a6
  abfi_c
  abfi_d_scale
  abfi_e
  abfi_hp8
  abfi_n
  abfi_o
  abfi_s_scale
  ahrz_col
  ahrz_col_d
  ahrz_ind
  ahrz_ind_d
  amvi
  ausi
  ausi_d
  avrt_col
  avrt_col_d
  avrt_ind
  avrt_ind_d
  bage
  baspfin
  baspfin_d
  bbfa_mt
  bbfa_mt_d
  bbfas_ac
  bbfas_ap
  bbfas_ci
  bbfas_co
  bbfas_ea
  bbfas_ee
  bbfas_nv
  bbfas_nv9
  bbfas_nw
  bbfas_oi
  bbfas_oo
  bbfi_a
  bbfi_a6
  bbfi_c
  bbfi_d_scale
  bbfi_e
  bbfi_hp8
  bbfi_n
  bbfi_o
  bbfi_s_scale
  bhrz_col
  bhrz_col_d
  bhrz_ind
  bhrz_ind_d
  bmvi
  busi
  busi_d
  bvrt_col
  bvrt_col_d
  bvrt_ind
  bvrt_ind_d
  cage
  caspfin
  caspfin_d
  cbfa_mt
  cbfa_mt_d
  cbfas_ac
  cbfas_ap
  cbfas_ci
  cbfas_co
  cbfas_ea
  cbfas_ee
  cbfas_nv
  cbfas_nv9
  cbfas_nw
  cbfas_oi
  cbfas_oo
  cbfi_a
  cbfi_a6
  cbfi_c
  cbfi_d_scale
  cbfi_e
  cbfi_hp8
  cbfi_n
  cbfi_o
  cbfi_s_scale
  chrz_col
  chrz_col_d
  chrz_ind
  chrz_ind_d
  cmvi
  cusi
  cusi_d
  cvrt_col
  cvrt_col_d
  cvrt_ind
  cvrt_ind_d
  dage
  daspfin
  daspfin_d
  dbfa_mt
  dbfa_mt_d
  dbfas_ac
  dbfas_ap
  dbfas_ci
  dbfas_co
  dbfas_ea
  dbfas_ee
  dbfas_nv
  dbfas_nv9
  dbfas_nw
  dbfas_oi
  dbfas_oo
  dbfi_a
  dbfi_a6
  dbfi_c
  dbfi_d_scale
  dbfi_e
  dbfi_hp8
  dbfi_n
  dbfi_o
  dbfi_s_scale
  dhrz_col
  dhrz_col_d
  dhrz_ind
  dhrz_ind_d
  dmvi
  dusi
  dusi_d
  dvrt_col
  dvrt_col_d
  dvrt_ind
  dvrt_ind_d
  aaspfinc
  baspfinc
  caspfinc
  daspfinc
  ;

  USEVARIABLES =
  abfas_nv
  bbfas_nv
  cbfas_nv
  dbfas_nv
  aaspfinc
  baspfinc
  caspfinc
  daspfinc
  a1
  a2
  a3
  a4
  aagegrp
  ;

  missing = all (-9999);

  tscores = a1 a2 a3 a4;

  grouping = aagegrp (0=earlier, 1=later);

  DEFINE:

  aagegrp = aage;

  cut aagegrp (39);

  a1 = aage + 0 - 36;
  a2 = aage + 1 - 36;
  a3 = aage + 2 - 36;
  a4 = aage + 3 - 36;

  ANALYSIS:
  TYPE=RANDOM;
  PROCESSORS = 6;
  model=nocovariances; ! supresses default estimation of certain covs in model;

  MODEL:

  i_bfas_nv s_bfas_nv | abfas_nv bbfas_nv cbfas_nv dbfas_nv AT a1 a2 a3 a4;
  i_aspfinc s_aspfinc | aaspfinc baspfinc caspfinc daspfinc AT a1 a2 a3 a4;

  ! freeing factor covs because of "nocovariances"
  ! But ensure they are constrained across groups
  s_bfas_nv WITH i_bfas_nv (p)
  s_aspfinc (q)
  i_aspfinc (r);
  i_bfas_nv WITH s_aspfinc (s)
  i_aspfinc (t);
  s_aspfinc WITH i_aspfinc (u);

  !constrain latent growth means across groups
  [i_bfas_nv] (v);
  [s_bfas_nv] (w);
  [i_aspfinc] (x);
  [s_aspfinc] (y);

  !constrain latent growth variances across groups
  i_bfas_nv (l);
  s_bfas_nv (m);
  i_aspfinc (n);
  s_aspfinc (o);

  p1 BY abfas_nv@1; ! Residual "factors";
  p2 BY bbfas_nv@1;
  p3 BY cbfas_nv@1;
  p4 BY dbfas_nv@1;

  v1 BY aaspfinc@1; ! Residual "factors";
  v2 BY baspfinc@1;
  v3 BY caspfinc@1;
  v4 BY daspfinc@1;

  !residual variances on observed/manifest vars set to 0
  abfas_nv@0;
  bbfas_nv@0;
  cbfas_nv@0;
  dbfas_nv@0;

  !residual variances on observed/manifest vars set to 0
  aaspfinc@0;
  baspfinc@0;
  caspfinc@0;
  daspfinc@0;

  ! means of observed/manifest vars set to 0
  [abfas_nv@0];
  [bbfas_nv@0];
  [cbfas_nv@0];
  [dbfas_nv@0];

  ! means of observed/manifest vars set to 0
  [aaspfinc@0];
  [baspfinc@0];
  [caspfinc@0];
  [daspfinc@0];

  [p1@0]; ! means of residual "factors" set to 0
  [p2@0];
  [p3@0];
  [p4@0];

  [v1@0]; ! means of residual "factors" set to 0
  [v2@0];
  [v3@0];
  [v4@0];

  p4 on p3 (a); ! Autoregressive paths constrained to equality
  p3 on p2 (a);
  p2 on p1 (a);

  v4 on v3 (b); ! Autoregressive paths constrained to equality
  v3 on v2 (b);
  v2 on v1 (b);

  p4 on v3 (c); ! Cross-lagged paths constrained to equality
  p3 on v2 (c);
  p2 on v1 (c);

  v4 on p3 (d); ! Cross-lagged paths constrained to equality
  v3 on p2 (d);
  v2 on p1 (d);

  p1 with v1; !(this one is not like the others)

  p2 with v2 (e); ! Within-wave correlations constrained to equality
  p3 with v3 (e);
  p4 with v4 (e);

  p2 p3 p4 (f); ! estimate variances of residual "factors"
  v2 v3 v4 (g); ! estimate variances of residual "factors"

  MODEL earlier:

  p4 on p3 (a23); ! Autoregressive paths constrained to equality
  p3 on p2 (a23);
  p2 on p1 (a23);

  v4 on v3 (b23); ! Autoregressive paths constrained to equality
  v3 on v2 (b23);
  v2 on v1 (b23);

  p4 on v3 (c23); ! Cross-lagged paths constrained to equality
  p3 on v2 (c23);
  p2 on v1 (c23);

  v4 on p3 (d23); ! Cross-lagged paths constrained to equality
  v3 on p2 (d23);
  v2 on p1 (d23);

  p1 with v1; !(this one is not like the others)

  p2 with v2 (e23); ! Within-wave correlations constrained to equality
  p3 with v3 (e23);
  p4 with v4 (e23);

  p2 p3 p4 (f23); ! estimate variances of residual "factors"
  v2 v3 v4 (g23); ! estimate variances of residual "factors"

  MODEL later:

  p4 on p3 (a45); ! Autoregressive paths constrained to equality
  p3 on p2 (a45);
  p2 on p1 (a45);

  v4 on v3 (b45); ! Autoregressive paths constrained to equality
  v3 on v2 (b45);
  v2 on v1 (b45);

  p4 on v3 (c45); ! Cross-lagged paths constrained to equality
  p3 on v2 (c45);
  p2 on v1 (c45);

  v4 on p3 (d45); ! Cross-lagged paths constrained to equality
  v3 on p2 (d45);
  v2 on p1 (d45);

  p1 with v1; !(this one is not like the others)

  p2 with v2 (e45); ! Within-wave correlations constrained to equality
  p3 with v3 (e45);
  p4 with v4 (e45);

  p2 p3 p4 (f45); ! estimate variances of residual "factors"
  v2 v3 v4 (g45); ! estimate variances of residual "factors"

  OUTPUT: SAMPSTAT PATTERNS;



*** WARNING
  Data set contains unknown or missing values for GROUPING,
  PATTERN, COHORT, CLUSTER and/or STRATIFICATION variables.
  Number of cases with unknown or missing values:  5
   1 WARNING(S) FOUND IN THE INPUT INSTRUCTIONS



PxVx Bivariate LCM-SR - 40splitgroup - Linear bfas_nv with Linear aspfinc;

SUMMARY OF ANALYSIS

Number of groups                                                 2
Number of observations
   Group EARLIER                                               534
   Group LATER                                                 330
   Total sample size                                           864

Number of dependent variables                                    8
Number of independent variables                                  0
Number of continuous latent variables                           12

Observed dependent variables

  Continuous
   ABFAS_NV    BBFAS_NV    CBFAS_NV    DBFAS_NV    AASPFINC    BASPFINC
   CASPFINC    DASPFINC

Continuous latent variables
   P1          P2          P3          P4          V1          V2
   V3          V4          I_BFAS_N    S_BFAS_N    I_ASPFIN    S_ASPFIN

Variables with special functions

  Grouping variable     AAGEGRP

  Time scores
   A1          A2          A3          A4


Estimator                                                      MLR
Information matrix                                        OBSERVED
Maximum number of iterations                                   100
Convergence criterion                                    0.100D-05
Maximum number of EM iterations                                500
Convergence criteria for the EM algorithm
  Loglikelihood change                                   0.100D-02
  Relative loglikelihood change                          0.100D-05
  Derivative                                             0.100D-03
Minimum variance                                         0.100D-03
Maximum number of steepest descent iterations                   20
Maximum number of iterations for H1                           2000
Convergence criterion for H1                             0.100D-03
Optimization algorithm                                         EMA

Input data file(s)
  /home/jflournoy/code_new/lnt_pxvx/Data/lnt_nat_recalc_famc.tsv
Input data format  FREE


SUMMARY OF DATA

   Group EARLIER
     Number of missing data patterns            15

   Group LATER
     Number of missing data patterns            14


SUMMARY OF MISSING DATA PATTERNS


     MISSING DATA PATTERNS (x = not missing) FOR EARLIER

           1  2  3  4  5  6  7  8  9 10 11 12 13 14 15
 ABFAS_NV  x  x  x  x  x  x  x  x  x  x  x  x  x  x  x
 BBFAS_NV  x     x     x  x        x  x  x  x        x
 CBFAS_NV  x        x     x     x     x     x  x     x
 DBFAS_NV  x     x  x        x        x        x  x  x
 AASPFINC  x  x  x  x  x  x  x  x     x  x  x  x  x  x
 BASPFINC  x     x     x  x        x  x     x
 CASPFINC  x        x     x     x     x     x  x     x
 DASPFINC  x     x  x        x              x        x


     MISSING DATA PATTERN FREQUENCIES FOR EARLIER

    Pattern   Frequency     Pattern   Frequency     Pattern   Frequency
          1         329           6          20          11           1
          2         100           7          14          12           1
          3          14           8          11          13           1
          4          12           9           1          14           2
          5          26          10           1          15           1


     MISSING DATA PATTERNS (x = not missing) FOR LATER

           1  2  3  4  5  6  7  8  9 10 11 12 13 14
 ABFAS_NV  x  x  x  x  x  x  x  x  x  x  x  x  x  x
 BBFAS_NV  x     x     x  x        x     x  x     x
 CBFAS_NV  x        x     x     x     x  x  x
 DBFAS_NV  x     x  x        x        x  x  x     x
 AASPFINC  x  x  x  x  x  x  x  x  x  x  x  x     x
 BASPFINC  x     x     x  x                 x
 CASPFINC  x        x     x     x     x  x
 DASPFINC  x     x  x        x           x  x     x


     MISSING DATA PATTERN FREQUENCIES FOR LATER

    Pattern   Frequency     Pattern   Frequency     Pattern   Frequency
          1         165           6          26          11           1
          2          68           7          10          12           1
          3          12           8          11          13           1
          4           9           9           2          14           1
          5          22          10           1


COVARIANCE COVERAGE OF DATA

Minimum covariance coverage value   0.100


     PROPORTION OF DATA PRESENT FOR EARLIER


           Covariance Coverage
              ABFAS_NV      BBFAS_NV      CBFAS_NV      DBFAS_NV      AASPFINC
              ________      ________      ________      ________      ________
 ABFAS_NV       1.000
 BBFAS_NV       0.738         0.738
 CBFAS_NV       0.704         0.659         0.704
 DBFAS_NV       0.700         0.646         0.644         0.700
 AASPFINC       0.998         0.736         0.704         0.700         0.998
 BASPFINC       0.734         0.734         0.657         0.644         0.732
 CASPFINC       0.704         0.659         0.704         0.644         0.704
 DASPFINC       0.695         0.646         0.642         0.693         0.695


           Covariance Coverage
              BASPFINC      CASPFINC      DASPFINC
              ________      ________      ________
 BASPFINC       0.734
 CASPFINC       0.657         0.704
 DASPFINC       0.644         0.642         0.695


     PROPORTION OF DATA PRESENT FOR LATER


           Covariance Coverage
              ABFAS_NV      BBFAS_NV      CBFAS_NV      DBFAS_NV      AASPFINC
              ________      ________      ________      ________      ________
 ABFAS_NV       1.000
 BBFAS_NV       0.697         0.697
 CBFAS_NV       0.648         0.585         0.648
 DBFAS_NV       0.603         0.539         0.533         0.603
 AASPFINC       0.994         0.691         0.648         0.603         0.994
 BASPFINC       0.694         0.694         0.585         0.539         0.688
 CASPFINC       0.648         0.585         0.648         0.533         0.648
 DASPFINC       0.597         0.539         0.530         0.594         0.597


           Covariance Coverage
              BASPFINC      CASPFINC      DASPFINC
              ________      ________      ________
 BASPFINC       0.694
 CASPFINC       0.585         0.648
 DASPFINC       0.539         0.530         0.597


SAMPLE STATISTICS


     ESTIMATED SAMPLE STATISTICS FOR EARLIER


           Means
              ABFAS_NV      BBFAS_NV      CBFAS_NV      DBFAS_NV      AASPFINC
              ________      ________      ________      ________      ________
               45.165        45.274        44.651        44.092        38.163


           Means
              BASPFINC      CASPFINC      DASPFINC
              ________      ________      ________
               38.971        38.947        39.364


           Covariances
              ABFAS_NV      BBFAS_NV      CBFAS_NV      DBFAS_NV      AASPFINC
              ________      ________      ________      ________      ________
 ABFAS_NV     511.345
 BBFAS_NV     371.754       430.697
 CBFAS_NV     365.737       355.217       443.909
 DBFAS_NV     372.236       364.658       382.504       491.218
 AASPFINC      65.658        53.223        57.279        49.428       212.805
 BASPFINC      36.465        34.098        44.158        38.364       167.155
 CASPFINC      39.721        37.594        60.565        51.846       169.628
 DASPFINC      62.549        47.690        61.976        65.032       163.590


           Covariances
              BASPFINC      CASPFINC      DASPFINC
              ________      ________      ________
 BASPFINC     216.186
 CASPFINC     182.150       235.591
 DASPFINC     176.213       187.401       239.140


           Correlations
              ABFAS_NV      BBFAS_NV      CBFAS_NV      DBFAS_NV      AASPFINC
              ________      ________      ________      ________      ________
 ABFAS_NV       1.000
 BBFAS_NV       0.792         1.000
 CBFAS_NV       0.768         0.812         1.000
 DBFAS_NV       0.743         0.793         0.819         1.000
 AASPFINC       0.199         0.176         0.186         0.153         1.000
 BASPFINC       0.110         0.112         0.143         0.118         0.779
 CASPFINC       0.114         0.118         0.187         0.152         0.758
 DASPFINC       0.179         0.149         0.190         0.190         0.725


           Correlations
              BASPFINC      CASPFINC      DASPFINC
              ________      ________      ________
 BASPFINC       1.000
 CASPFINC       0.807         1.000
 DASPFINC       0.775         0.790         1.000


     ESTIMATED SAMPLE STATISTICS FOR LATER


           Means
              ABFAS_NV      BBFAS_NV      CBFAS_NV      DBFAS_NV      AASPFINC
              ________      ________      ________      ________      ________
               41.580        40.991        40.099        41.267        36.343


           Means
              BASPFINC      CASPFINC      DASPFINC
              ________      ________      ________
               36.801        37.788        39.026


           Covariances
              ABFAS_NV      BBFAS_NV      CBFAS_NV      DBFAS_NV      AASPFINC
              ________      ________      ________      ________      ________
 ABFAS_NV     439.213
 BBFAS_NV     381.617       445.701
 CBFAS_NV     351.927       378.162       449.070
 DBFAS_NV     354.845       364.773       373.425       443.397
 AASPFINC      29.189        31.158        41.467        37.315       169.169
 BASPFINC      16.853        34.396        36.046        28.240       131.130
 CASPFINC      31.883        39.048        49.802        44.298       123.238
 DASPFINC      18.514        24.959        33.635        29.575       119.262


           Covariances
              BASPFINC      CASPFINC      DASPFINC
              ________      ________      ________
 BASPFINC     166.756
 CASPFINC     127.100       158.916
 DASPFINC     127.450       126.253       159.298


           Correlations
              ABFAS_NV      BBFAS_NV      CBFAS_NV      DBFAS_NV      AASPFINC
              ________      ________      ________      ________      ________
 ABFAS_NV       1.000
 BBFAS_NV       0.863         1.000
 CBFAS_NV       0.792         0.845         1.000
 DBFAS_NV       0.804         0.821         0.837         1.000
 AASPFINC       0.107         0.113         0.150         0.136         1.000
 BASPFINC       0.062         0.126         0.132         0.104         0.781
 CASPFINC       0.121         0.147         0.186         0.167         0.752
 DASPFINC       0.070         0.094         0.126         0.111         0.727


           Correlations
              BASPFINC      CASPFINC      DASPFINC
              ________      ________      ________
 BASPFINC       1.000
 CASPFINC       0.781         1.000
 DASPFINC       0.782         0.794         1.000


     MAXIMUM LOG-LIKELIHOOD VALUE FOR THE UNRESTRICTED (H1) MODEL IS -20561.296


UNIVARIATE SAMPLE STATISTICS


     UNIVARIATE HIGHER-ORDER MOMENT DESCRIPTIVE STATISTICS FOR EARLIER

         Variable/         Mean/     Skewness/   Minimum/ % with                Percentiles
        Sample Size      Variance    Kurtosis    Maximum  Min/Max      20%/60%    40%/80%    Median

     ABFAS_NV             45.165       0.071       0.000    0.94%      25.000     37.500     45.000
             534.000     511.345      -0.755     100.000    0.56%      52.500     66.667
     BBFAS_NV             45.506       0.116       0.000    0.76%      27.500     37.500     45.000
             394.000     428.451      -0.499      97.500    0.25%      50.000     63.889
     CBFAS_NV             45.250       0.043       0.000    0.53%      25.000     37.500     45.000
             376.000     448.253      -0.660     100.000    0.27%      52.500     65.000
     DBFAS_NV             44.542       0.076       0.000    1.87%      22.500     37.500     45.000
             374.000     503.810      -0.739     100.000    0.27%      50.000     65.000
     AASPFINC             38.173       0.224       0.337    0.19%      25.934     34.186     37.385
             533.000     212.997       0.438     100.000    0.19%      41.258     51.363
     BASPFINC             38.737       0.208       2.021    0.26%      25.260     34.354     38.227
             392.000     209.501      -0.232      84.201    0.26%      42.942     51.026
     CASPFINC             38.922       0.246       6.231    0.27%      25.260     33.849     38.388
             376.000     231.939      -0.154      97.168    0.27%      42.942     53.047
     DASPFINC             39.018       0.234       0.000    0.27%      25.260     34.522     39.069
             371.000     238.688      -0.098      88.074    0.27%      42.942     52.541


     UNIVARIATE HIGHER-ORDER MOMENT DESCRIPTIVE STATISTICS FOR LATER

         Variable/         Mean/     Skewness/   Minimum/ % with                Percentiles
        Sample Size      Variance    Kurtosis    Maximum  Min/Max      20%/60%    40%/80%    Median

     ABFAS_NV             41.580       0.283       0.000    1.21%      22.500     35.000     40.000
             330.000     439.213      -0.386     100.000    0.30%      47.222     60.000
     BBFAS_NV             39.546       0.471       0.000    0.43%      22.500     30.000     35.000
             230.000     454.374      -0.469      97.500    0.43%      42.500     60.000
     CBFAS_NV             38.563       0.488       2.500    1.87%      20.000     30.000     35.000
             214.000     440.079      -0.474      92.500    0.47%      42.500     57.500
     DBFAS_NV             39.125       0.314       0.000    3.00%      22.500     30.000     35.000
             200.000     435.797      -0.352     100.000    1.00%      45.000     57.500
     AASPFINC             36.342       0.391       4.715    0.30%      24.162     32.670     36.038
             329.000     169.175       0.285      87.232    0.30%      38.732     47.321
     BASPFINC             36.803       0.048       8.588    0.44%      25.880     32.502     36.038
             226.000     160.410      -0.623      68.876    0.44%      39.574     48.668
     CASPFINC             37.640       0.069       7.915    0.47%      26.102     35.364     38.564
             213.000     155.010      -0.172      75.107    0.47%      41.258     47.994
     DASPFINC             38.557       0.189      12.967    0.50%      27.618     35.364     38.227
             199.000     149.302      -0.294      73.760    0.50%      41.595     48.500


THE MODEL ESTIMATION TERMINATED NORMALLY



MODEL FIT INFORMATION

Number of Free Parameters                       34

Loglikelihood

          H0 Value                      -20596.886
          H0 Scaling Correction Factor      1.1926
            for MLR

Information Criteria

          Akaike (AIC)                   41261.773
          Bayesian (BIC)                 41423.666
          Sample-Size Adjusted BIC       41315.691
            (n* = (n + 2) / 24)



MODEL RESULTS

                                                    Two-Tailed
                    Estimate       S.E.  Est./S.E.    P-Value

Group EARLIER

 P1       BY
    ABFAS_NV           1.000      0.000    999.000    999.000

 P2       BY
    BBFAS_NV           1.000      0.000    999.000    999.000

 P3       BY
    CBFAS_NV           1.000      0.000    999.000    999.000

 P4       BY
    DBFAS_NV           1.000      0.000    999.000    999.000

 V1       BY
    AASPFINC           1.000      0.000    999.000    999.000

 V2       BY
    BASPFINC           1.000      0.000    999.000    999.000

 V3       BY
    CASPFINC           1.000      0.000    999.000    999.000

 V4       BY
    DASPFINC           1.000      0.000    999.000    999.000

 P4         ON
    P3                 0.119      0.060      1.977      0.048
    V3                 0.111      0.072      1.545      0.122

 P3         ON
    P2                 0.119      0.060      1.977      0.048
    V2                 0.111      0.072      1.545      0.122

 P2         ON
    P1                 0.119      0.060      1.977      0.048
    V1                 0.111      0.072      1.545      0.122

 V4         ON
    V3                 0.174      0.082      2.128      0.033
    P3                -0.009      0.039     -0.241      0.810

 V3         ON
    V2                 0.174      0.082      2.128      0.033
    P2                -0.009      0.039     -0.241      0.810

 V2         ON
    V1                 0.174      0.082      2.128      0.033
    P1                -0.009      0.039     -0.241      0.810

 S_BFAS_N WITH
    I_BFAS_NV         -1.201      0.901     -1.334      0.182
    S_ASPFINC          0.022      0.094      0.229      0.819
    I_ASPFINC          0.369      2.068      0.179      0.858

 I_BFAS_N WITH
    S_ASPFINC         -0.887      2.036     -0.436      0.663
    I_ASPFINC         37.134     12.310      3.017      0.003

 S_ASPFIN WITH
    I_ASPFINC         -1.093      0.520     -2.103      0.035

 P1       WITH
    V1                15.487      6.479      2.391      0.017

 P2       WITH
    V2                 7.719      3.834      2.014      0.044

 P3       WITH
    V3                 7.719      3.834      2.014      0.044

 P4       WITH
    V4                 7.719      3.834      2.014      0.044

 Means
    P1                 0.000      0.000    999.000    999.000
    V1                 0.000      0.000    999.000    999.000
    I_BFAS_NV         43.762      0.695     62.933      0.000
    S_BFAS_NV         -0.254      0.064     -3.997      0.000
    I_ASPFINC         38.132      0.458     83.342      0.000
    S_ASPFINC         -0.017      0.040     -0.422      0.673

 Intercepts
    ABFAS_NV           0.000      0.000    999.000    999.000
    BBFAS_NV           0.000      0.000    999.000    999.000
    CBFAS_NV           0.000      0.000    999.000    999.000
    DBFAS_NV           0.000      0.000    999.000    999.000
    AASPFINC           0.000      0.000    999.000    999.000
    BASPFINC           0.000      0.000    999.000    999.000
    CASPFINC           0.000      0.000    999.000    999.000
    DASPFINC           0.000      0.000    999.000    999.000
    P2                 0.000      0.000    999.000    999.000
    P3                 0.000      0.000    999.000    999.000
    P4                 0.000      0.000    999.000    999.000
    V2                 0.000      0.000    999.000    999.000
    V3                 0.000      0.000    999.000    999.000
    V4                 0.000      0.000    999.000    999.000

 Variances
    P1               142.990     17.483      8.179      0.000
    V1                58.604      7.164      8.181      0.000
    I_BFAS_NV        334.356     24.549     13.620      0.000
    S_BFAS_NV          0.210      0.171      1.230      0.219
    I_ASPFINC        145.102     12.293     11.803      0.000
    S_ASPFINC          0.055      0.083      0.660      0.509

 Residual Variances
    ABFAS_NV           0.000      0.000    999.000    999.000
    BBFAS_NV           0.000      0.000    999.000    999.000
    CBFAS_NV           0.000      0.000    999.000    999.000
    DBFAS_NV           0.000      0.000    999.000    999.000
    AASPFINC           0.000      0.000    999.000    999.000
    BASPFINC           0.000      0.000    999.000    999.000
    CASPFINC           0.000      0.000    999.000    999.000
    DASPFINC           0.000      0.000    999.000    999.000
    P2                93.836      7.155     13.115      0.000
    P3                93.836      7.155     13.115      0.000
    P4                93.836      7.155     13.115      0.000
    V2                55.817      5.420     10.298      0.000
    V3                55.817      5.420     10.298      0.000
    V4                55.817      5.420     10.298      0.000

Group LATER

 P1       BY
    ABFAS_NV           1.000      0.000    999.000    999.000

 P2       BY
    BBFAS_NV           1.000      0.000    999.000    999.000

 P3       BY
    CBFAS_NV           1.000      0.000    999.000    999.000

 P4       BY
    DBFAS_NV           1.000      0.000    999.000    999.000

 V1       BY
    AASPFINC           1.000      0.000    999.000    999.000

 V2       BY
    BASPFINC           1.000      0.000    999.000    999.000

 V3       BY
    CASPFINC           1.000      0.000    999.000    999.000

 V4       BY
    DASPFINC           1.000      0.000    999.000    999.000

 P4         ON
    P3                 0.277      0.084      3.279      0.001
    V3                -0.010      0.090     -0.115      0.908

 P3         ON
    P2                 0.277      0.084      3.279      0.001
    V2                -0.010      0.090     -0.115      0.908

 P2         ON
    P1                 0.277      0.084      3.279      0.001
    V1                -0.010      0.090     -0.115      0.908

 V4         ON
    V3                 0.130      0.088      1.487      0.137
    P3                -0.022      0.044     -0.487      0.626

 V3         ON
    V2                 0.130      0.088      1.487      0.137
    P2                -0.022      0.044     -0.487      0.626

 V2         ON
    V1                 0.130      0.088      1.487      0.137
    P1                -0.022      0.044     -0.487      0.626

 S_BFAS_N WITH
    I_BFAS_NV         -1.201      0.901     -1.334      0.182
    S_ASPFINC          0.022      0.094      0.229      0.819
    I_ASPFINC          0.369      2.068      0.179      0.858

 I_BFAS_N WITH
    S_ASPFINC         -0.887      2.036     -0.436      0.663
    I_ASPFINC         37.134     12.310      3.017      0.003

 S_ASPFIN WITH
    I_ASPFINC         -1.093      0.520     -2.103      0.035

 P1       WITH
    V1                 1.665      6.866      0.243      0.808

 P2       WITH
    V2                 5.224      3.989      1.310      0.190

 P3       WITH
    V3                 5.224      3.989      1.310      0.190

 P4       WITH
    V4                 5.224      3.989      1.310      0.190

 Means
    P1                 0.000      0.000    999.000    999.000
    V1                 0.000      0.000    999.000    999.000
    I_BFAS_NV         43.762      0.695     62.933      0.000
    S_BFAS_NV         -0.254      0.064     -3.997      0.000
    I_ASPFINC         38.132      0.458     83.342      0.000
    S_ASPFINC         -0.017      0.040     -0.422      0.673

 Intercepts
    ABFAS_NV           0.000      0.000    999.000    999.000
    BBFAS_NV           0.000      0.000    999.000    999.000
    CBFAS_NV           0.000      0.000    999.000    999.000
    DBFAS_NV           0.000      0.000    999.000    999.000
    AASPFINC           0.000      0.000    999.000    999.000
    BASPFINC           0.000      0.000    999.000    999.000
    CASPFINC           0.000      0.000    999.000    999.000
    DASPFINC           0.000      0.000    999.000    999.000
    P2                 0.000      0.000    999.000    999.000
    P3                 0.000      0.000    999.000    999.000
    P4                 0.000      0.000    999.000    999.000
    V2                 0.000      0.000    999.000    999.000
    V3                 0.000      0.000    999.000    999.000
    V4                 0.000      0.000    999.000    999.000

 Variances
    P1                90.154     15.002      6.010      0.000
    V1                49.287      6.676      7.383      0.000
    I_BFAS_NV        334.356     24.549     13.620      0.000
    S_BFAS_NV          0.210      0.171      1.230      0.219
    I_ASPFINC        145.102     12.293     11.803      0.000
    S_ASPFINC          0.055      0.083      0.660      0.509

 Residual Variances
    ABFAS_NV           0.000      0.000    999.000    999.000
    BBFAS_NV           0.000      0.000    999.000    999.000
    CBFAS_NV           0.000      0.000    999.000    999.000
    DBFAS_NV           0.000      0.000    999.000    999.000
    AASPFINC           0.000      0.000    999.000    999.000
    BASPFINC           0.000      0.000    999.000    999.000
    CASPFINC           0.000      0.000    999.000    999.000
    DASPFINC           0.000      0.000    999.000    999.000
    P2                85.997      8.118     10.593      0.000
    P3                85.997      8.118     10.593      0.000
    P4                85.997      8.118     10.593      0.000
    V2                38.895      3.837     10.136      0.000
    V3                38.895      3.837     10.136      0.000
    V4                38.895      3.837     10.136      0.000


QUALITY OF NUMERICAL RESULTS

     Condition Number for the Information Matrix              0.122E-04
       (ratio of smallest to largest eigenvalue)


     Beginning Time:  13:27:50
        Ending Time:  13:28:04
       Elapsed Time:  00:00:14



MUTHEN & MUTHEN
3463 Stoner Ave.
Los Angeles, CA  90066

Tel: (310) 391-9971
Fax: (310) 391-8971
Web: www.StatModel.com
Support: Support@StatModel.com

Copyright (c) 1998-2017 Muthen & Muthen
