Mplus VERSION 8 (Linux)
MUTHEN & MUTHEN
07/08/2018   1:06 PM

INPUT INSTRUCTIONS


  title: PxVx Bivariate LCM-SR - decadegroup - Linear bfi_n with Linear hrz_col_d;
  data: file = /home/jflournoy/code_new/lnt_pxvx/Data/lnt_nat_recalc.tsv;

  variable:
  names =
  subjid
  aage
  aaspfin
  aaspfin_d
  abfa_mt
  abfa_mt_d
  abfas_ac
  abfas_ap
  abfas_ci
  abfas_co
  abfas_ea
  abfas_ee
  abfas_nv
  abfas_nv9
  abfas_nw
  abfas_oi
  abfas_oo
  abfi_a
  abfi_a6
  abfi_c
  abfi_d_scale
  abfi_e
  abfi_hp8
  abfi_n
  abfi_o
  abfi_s_scale
  ahrz_col
  ahrz_col_d
  ahrz_ind
  ahrz_ind_d
  amvi
  ausi
  ausi_d
  avrt_col
  avrt_col_d
  avrt_ind
  avrt_ind_d
  bage
  baspfin
  baspfin_d
  bbfa_mt
  bbfa_mt_d
  bbfas_ac
  bbfas_ap
  bbfas_ci
  bbfas_co
  bbfas_ea
  bbfas_ee
  bbfas_nv
  bbfas_nv9
  bbfas_nw
  bbfas_oi
  bbfas_oo
  bbfi_a
  bbfi_a6
  bbfi_c
  bbfi_d_scale
  bbfi_e
  bbfi_hp8
  bbfi_n
  bbfi_o
  bbfi_s_scale
  bhrz_col
  bhrz_col_d
  bhrz_ind
  bhrz_ind_d
  bmvi
  busi
  busi_d
  bvrt_col
  bvrt_col_d
  bvrt_ind
  bvrt_ind_d
  cage
  caspfin
  caspfin_d
  cbfa_mt
  cbfa_mt_d
  cbfas_ac
  cbfas_ap
  cbfas_ci
  cbfas_co
  cbfas_ea
  cbfas_ee
  cbfas_nv
  cbfas_nv9
  cbfas_nw
  cbfas_oi
  cbfas_oo
  cbfi_a
  cbfi_a6
  cbfi_c
  cbfi_d_scale
  cbfi_e
  cbfi_hp8
  cbfi_n
  cbfi_o
  cbfi_s_scale
  chrz_col
  chrz_col_d
  chrz_ind
  chrz_ind_d
  cmvi
  cusi
  cusi_d
  cvrt_col
  cvrt_col_d
  cvrt_ind
  cvrt_ind_d
  dage
  daspfin
  daspfin_d
  dbfa_mt
  dbfa_mt_d
  dbfas_ac
  dbfas_ap
  dbfas_ci
  dbfas_co
  dbfas_ea
  dbfas_ee
  dbfas_nv
  dbfas_nv9
  dbfas_nw
  dbfas_oi
  dbfas_oo
  dbfi_a
  dbfi_a6
  dbfi_c
  dbfi_d_scale
  dbfi_e
  dbfi_hp8
  dbfi_n
  dbfi_o
  dbfi_s_scale
  dhrz_col
  dhrz_col_d
  dhrz_ind
  dhrz_ind_d
  dmvi
  dusi
  dusi_d
  dvrt_col
  dvrt_col_d
  dvrt_ind
  dvrt_ind_d;

  USEVARIABLES =
  abfi_n
  bbfi_n
  cbfi_n
  dbfi_n
  ahrz_col_d
  bhrz_col_d
  chrz_col_d
  dhrz_col_d
  a1
  a2
  a3
  a4
  aagegrp
  ;

  missing = all (-9999);

  tscores = a1 a2 a3 a4;

  grouping = aagegrp (0=d2, 1=d3, 2=d4, 3=d5);

  DEFINE:

  aagegrp = aage;

  cut aagegrp (29 39 49);

  a1 = aage + 0 - 36;
  a2 = aage + 1 - 36;
  a3 = aage + 2 - 36;
  a4 = aage + 3 - 36;

  ANALYSIS:
  TYPE=RANDOM;
  PROCESSORS = 6;
  model=nocovariances; ! supresses default estimation of certain covs in model;

  MODEL:

  i_bfi_n s_bfi_n | abfi_n bbfi_n cbfi_n dbfi_n AT a1 a2 a3 a4;
  i_hrz_col_d s_hrz_col_d | ahrz_col_d bhrz_col_d chrz_col_d dhrz_col_d AT a1 a2 a3 a4;

  ! freeing factor covs because of "nocovariances"
  s_bfi_n WITH i_bfi_n s_hrz_col_d i_hrz_col_d;
  i_bfi_n WITH s_hrz_col_d i_hrz_col_d;
  s_hrz_col_d WITH i_hrz_col_d;

  p1 BY abfi_n@1; ! Residual "factors";
  p2 BY bbfi_n@1;
  p3 BY cbfi_n@1;
  p4 BY dbfi_n@1;

  v1 BY ahrz_col_d@1; ! Residual "factors";
  v2 BY bhrz_col_d@1;
  v3 BY chrz_col_d@1;
  v4 BY dhrz_col_d@1;

  !residual variances on observed/manifest vars set to 0
  abfi_n@0;
  bbfi_n@0;
  cbfi_n@0;
  dbfi_n@0;

  !residual variances on observed/manifest vars set to 0
  ahrz_col_d@0;
  bhrz_col_d@0;
  chrz_col_d@0;
  dhrz_col_d@0;

  ! means of observed/manifest vars set to 0
  [abfi_n@0];
  [bbfi_n@0];
  [cbfi_n@0];
  [dbfi_n@0];

  ! means of observed/manifest vars set to 0
  [ahrz_col_d@0];
  [bhrz_col_d@0];
  [chrz_col_d@0];
  [dhrz_col_d@0];

  [p1@0]; ! means of residual "factors" set to 0
  [p2@0];
  [p3@0];
  [p4@0];

  [v1@0]; ! means of residual "factors" set to 0
  [v2@0];
  [v3@0];
  [v4@0];

  p4 on p3 (a); ! Autoregressive paths constrained to equality
  p3 on p2 (a);
  p2 on p1 (a);

  v4 on v3 (b); ! Autoregressive paths constrained to equality
  v3 on v2 (b);
  v2 on v1 (b);

  p4 on v3 (c); ! Cross-lagged paths constrained to equality
  p3 on v2 (c);
  p2 on v1 (c);

  v4 on p3 (d); ! Cross-lagged paths constrained to equality
  v3 on p2 (d);
  v2 on p1 (d);

  p1 with v1; !(this one is not like the others)

  p2 with v2 (e); ! Within-wave correlations constrained to equality
  p3 with v3 (e);
  p4 with v4 (e);

  p2 p3 p4 (f); ! estimate variances of residual "factors"
  v2 v3 v4 (g); ! estimate variances of residual "factors"

  MODEL d2:

  p4 on p3 (a2); ! Autoregressive paths constrained to equality
  p3 on p2 (a2);
  p2 on p1 (a2);

  v4 on v3 (b2); ! Autoregressive paths constrained to equality
  v3 on v2 (b2);
  v2 on v1 (b2);

  p4 on v3 (c2); ! Cross-lagged paths constrained to equality
  p3 on v2 (c2);
  p2 on v1 (c2);

  v4 on p3 (d2); ! Cross-lagged paths constrained to equality
  v3 on p2 (d2);
  v2 on p1 (d2);

  p1 with v1; !(this one is not like the others)

  p2 with v2 (e2); ! Within-wave correlations constrained to equality
  p3 with v3 (e2);
  p4 with v4 (e2);

  p2 p3 p4 (f2); ! estimate variances of residual "factors"
  v2 v3 v4 (g2); ! estimate variances of residual "factors"

  MODEL d3:

  p4 on p3 (a3); ! Autoregressive paths constrained to equality
  p3 on p2 (a3);
  p2 on p1 (a3);

  v4 on v3 (b3); ! Autoregressive paths constrained to equality
  v3 on v2 (b3);
  v2 on v1 (b3);

  p4 on v3 (c3); ! Cross-lagged paths constrained to equality
  p3 on v2 (c3);
  p2 on v1 (c3);

  v4 on p3 (d3); ! Cross-lagged paths constrained to equality
  v3 on p2 (d3);
  v2 on p1 (d3);

  p1 with v1; !(this one is not like the others)

  p2 with v2 (e3); ! Within-wave correlations constrained to equality
  p3 with v3 (e3);
  p4 with v4 (e3);

  p2 p3 p4 (f3); ! estimate variances of residual "factors"
  v2 v3 v4 (g3); ! estimate variances of residual "factors"

  MODEL d4:

  p4 on p3 (a4); ! Autoregressive paths constrained to equality
  p3 on p2 (a4);
  p2 on p1 (a4);

  v4 on v3 (b4); ! Autoregressive paths constrained to equality
  v3 on v2 (b4);
  v2 on v1 (b4);

  p4 on v3 (c4); ! Cross-lagged paths constrained to equality
  p3 on v2 (c4);
  p2 on v1 (c4);

  v4 on p3 (d4); ! Cross-lagged paths constrained to equality
  v3 on p2 (d4);
  v2 on p1 (d4);

  p1 with v1; !(this one is not like the others)

  p2 with v2 (e4); ! Within-wave correlations constrained to equality
  p3 with v3 (e4);
  p4 with v4 (e4);

  p2 p3 p4 (f4); ! estimate variances of residual "factors"
  v2 v3 v4 (g4); ! estimate variances of residual "factors"

  MODEL d5:

  p4 on p3 (a5); ! Autoregressive paths constrained to equality
  p3 on p2 (a5);
  p2 on p1 (a5);

  v4 on v3 (b5); ! Autoregressive paths constrained to equality
  v3 on v2 (b5);
  v2 on v1 (b5);

  p4 on v3 (c5); ! Cross-lagged paths constrained to equality
  p3 on v2 (c5);
  p2 on v1 (c5);

  v4 on p3 (d5); ! Cross-lagged paths constrained to equality
  v3 on p2 (d5);
  v2 on p1 (d5);

  p1 with v1; !(this one is not like the others)

  p2 with v2 (e5); ! Within-wave correlations constrained to equality
  p3 with v3 (e5);
  p4 with v4 (e5);

  p2 p3 p4 (f5); ! estimate variances of residual "factors"
  v2 v3 v4 (g5); ! estimate variances of residual "factors"

  OUTPUT: SAMPSTAT PATTERNS;



*** WARNING in VARIABLE command
  Note that only the first 8 characters of variable names are used in the output.
  Shorten variable names to avoid any confusion.
*** WARNING
  Data set contains unknown or missing values for GROUPING,
  PATTERN, COHORT, CLUSTER and/or STRATIFICATION variables.
  Number of cases with unknown or missing values:  5
   2 WARNING(S) FOUND IN THE INPUT INSTRUCTIONS



PxVx Bivariate LCM-SR - decadegroup - Linear bfi_n with Linear hrz_col_d;

SUMMARY OF ANALYSIS

Number of groups                                                 4
Number of observations
   Group D2                                                    301
   Group D3                                                    233
   Group D4                                                    198
   Group D5                                                    132
   Total sample size                                           864

Number of dependent variables                                    8
Number of independent variables                                  0
Number of continuous latent variables                           12

Observed dependent variables

  Continuous
   ABFI_N      BBFI_N      CBFI_N      DBFI_N      AHRZ_COL_D  BHRZ_COL_D
   CHRZ_COL_D  DHRZ_COL_D

Continuous latent variables
   P1          P2          P3          P4          V1          V2
   V3          V4          I_BFI_N     S_BFI_N     I_HRZ_CO    S_HRZ_CO

Variables with special functions

  Grouping variable     AAGEGRP

  Time scores
   A1          A2          A3          A4


Estimator                                                      MLR
Information matrix                                        OBSERVED
Maximum number of iterations                                   100
Convergence criterion                                    0.100D-05
Maximum number of EM iterations                                500
Convergence criteria for the EM algorithm
  Loglikelihood change                                   0.100D-02
  Relative loglikelihood change                          0.100D-05
  Derivative                                             0.100D-03
Minimum variance                                         0.100D-03
Maximum number of steepest descent iterations                   20
Maximum number of iterations for H1                           2000
Convergence criterion for H1                             0.100D-03
Optimization algorithm                                         EMA

Input data file(s)
  /home/jflournoy/code_new/lnt_pxvx/Data/lnt_nat_recalc.tsv
Input data format  FREE


SUMMARY OF DATA

   Group D2
     Number of missing data patterns            14

   Group D3
     Number of missing data patterns            11

   Group D4
     Number of missing data patterns            15

   Group D5
     Number of missing data patterns             9


SUMMARY OF MISSING DATA PATTERNS


     MISSING DATA PATTERNS (x = not missing) FOR D2

           1  2  3  4  5  6  7  8  9 10 11 12 13 14
 ABFI_N    x  x  x  x  x  x  x  x  x  x  x  x  x  x
 BBFI_N    x     x  x  x  x           x  x  x     x
 CBFI_N    x        x     x     x  x  x  x  x  x
 DBFI_N    x     x  x        x     x     x     x
 AHRZ_COL  x  x  x  x  x  x  x  x  x  x  x  x  x  x
 BHRZ_COL  x     x  x  x  x           x     x
 CHRZ_COL  x              x     x  x     x  x  x
 DHRZ_COL  x     x  x        x     x     x  x


     MISSING DATA PATTERN FREQUENCIES FOR D2

    Pattern   Frequency     Pattern   Frequency     Pattern   Frequency
          1         187           6          13          11           2
          2          57           7          11          12           1
          3           6           8           4          13           1
          4           1           9           5          14           1
          5          11          10           1


     MISSING DATA PATTERNS (x = not missing) FOR D3

           1  2  3  4  5  6  7  8  9 10 11
 ABFI_N    x  x  x  x  x  x  x  x  x  x  x
 BBFI_N    x     x  x  x           x  x
 CBFI_N    x           x     x  x     x
 DBFI_N    x     x        x     x     x  x
 AHRZ_COL  x  x  x  x  x  x  x  x  x  x  x
 BHRZ_COL  x     x  x  x              x
 CHRZ_COL  x           x     x  x     x
 DHRZ_COL  x     x        x     x


     MISSING DATA PATTERN FREQUENCIES FOR D3

    Pattern   Frequency     Pattern   Frequency     Pattern   Frequency
          1         140           5           6           9           1
          2          43           6           3          10           1
          3           8           7           7          11           2
          4          15           8           7


     MISSING DATA PATTERNS (x = not missing) FOR D4

           1  2  3  4  5  6  7  8  9 10 11 12 13 14 15
 ABFI_N    x  x  x  x  x  x  x  x  x  x  x  x  x  x  x
 BBFI_N    x     x  x  x  x           x     x     x
 CBFI_N    x        x     x     x  x  x  x           x
 DBFI_N    x     x  x        x     x  x  x        x
 AHRZ_COL  x  x  x  x  x  x  x  x  x  x  x  x     x  x
 BHRZ_COL  x     x  x  x  x
 CHRZ_COL  x              x     x  x  x  x
 DHRZ_COL  x     x  x        x     x  x           x


     MISSING DATA PATTERN FREQUENCIES FOR D4

    Pattern   Frequency     Pattern   Frequency     Pattern   Frequency
          1         104           6          15          11           1
          2          39           7           4          12           2
          3           7           8           4          13           1
          4           1           9           5          14           1
          5          12          10           1          15           1


     MISSING DATA PATTERNS (x = not missing) FOR D5

           1  2  3  4  5  6  7  8  9
 ABFI_N    x  x  x  x  x  x  x  x
 BBFI_N    x     x  x  x
 CBFI_N    x           x     x  x
 DBFI_N    x     x        x     x  x
 AHRZ_COL  x  x  x  x  x  x  x  x  x
 BHRZ_COL  x     x  x  x
 CHRZ_COL  x           x     x  x
 DHRZ_COL  x     x        x     x  x


     MISSING DATA PATTERN FREQUENCIES FOR D5

    Pattern   Frequency     Pattern   Frequency     Pattern   Frequency
          1          61           4          10           7           6
          2          29           5          11           8           4
          3           5           6           5           9           1


COVARIANCE COVERAGE OF DATA

Minimum covariance coverage value   0.100


     PROPORTION OF DATA PRESENT FOR D2


           Covariance Coverage
              ABFI_N        BBFI_N        CBFI_N        DBFI_N        AHRZ_COL
              ________      ________      ________      ________      ________
 ABFI_N         1.000
 BBFI_N         0.741         0.741
 CBFI_N         0.714         0.681         0.714
 DBFI_N         0.708         0.651         0.651         0.708
 AHRZ_COL       1.000         0.741         0.714         0.708         1.000
 BHRZ_COL       0.731         0.731         0.674         0.645         0.731
 CHRZ_COL       0.708         0.674         0.708         0.648         0.708
 DHRZ_COL       0.708         0.654         0.651         0.704         0.708


           Covariance Coverage
              BHRZ_COL      CHRZ_COL      DHRZ_COL
              ________      ________      ________
 BHRZ_COL       0.731
 CHRZ_COL       0.668         0.708
 DHRZ_COL       0.648         0.648         0.708


     PROPORTION OF DATA PRESENT FOR D3


           Covariance Coverage
              ABFI_N        BBFI_N        CBFI_N        DBFI_N        AHRZ_COL
              ________      ________      ________      ________      ________
 ABFI_N         1.000
 BBFI_N         0.751         0.751
 CBFI_N         0.725         0.691         0.725
 DBFI_N         0.742         0.708         0.678         0.742
 AHRZ_COL       1.000         0.751         0.725         0.742         1.000
 BHRZ_COL       0.742         0.742         0.682         0.700         0.742
 CHRZ_COL       0.657         0.622         0.657         0.614         0.657
 DHRZ_COL       0.742         0.708         0.678         0.742         0.742


           Covariance Coverage
              BHRZ_COL      CHRZ_COL      DHRZ_COL
              ________      ________      ________
 BHRZ_COL       0.742
 CHRZ_COL       0.614         0.657
 DHRZ_COL       0.700         0.614         0.742


     PROPORTION OF DATA PRESENT FOR D4


           Covariance Coverage
              ABFI_N        BBFI_N        CBFI_N        DBFI_N        AHRZ_COL
              ________      ________      ________      ________      ________
 ABFI_N         1.000
 BBFI_N         0.732         0.732
 CBFI_N         0.682         0.631         0.682
 DBFI_N         0.626         0.576         0.571         0.626
 AHRZ_COL       1.000         0.732         0.682         0.626         1.000
 BHRZ_COL       0.722         0.722         0.626         0.571         0.722
 CHRZ_COL       0.672         0.621         0.672         0.566         0.672
 DHRZ_COL       0.626         0.581         0.571         0.616         0.626


           Covariance Coverage
              BHRZ_COL      CHRZ_COL      DHRZ_COL
              ________      ________      ________
 BHRZ_COL       0.722
 CHRZ_COL       0.616         0.672
 DHRZ_COL       0.576         0.566         0.626


     PROPORTION OF DATA PRESENT FOR D5


           Covariance Coverage
              ABFI_N        BBFI_N        CBFI_N        DBFI_N        AHRZ_COL
              ________      ________      ________      ________      ________
 ABFI_N         1.000
 BBFI_N         0.697         0.697
 CBFI_N         0.614         0.576         0.614
 DBFI_N         0.629         0.576         0.545         0.629
 AHRZ_COL       1.000         0.697         0.614         0.629         1.000
 BHRZ_COL       0.697         0.697         0.576         0.576         0.697
 CHRZ_COL       0.538         0.500         0.538         0.470         0.538
 DHRZ_COL       0.629         0.576         0.545         0.629         0.629


           Covariance Coverage
              BHRZ_COL      CHRZ_COL      DHRZ_COL
              ________      ________      ________
 BHRZ_COL       0.697
 CHRZ_COL       0.500         0.538
 DHRZ_COL       0.576         0.470         0.629


SAMPLE STATISTICS


     ESTIMATED SAMPLE STATISTICS FOR D2


           Means
              ABFI_N        BBFI_N        CBFI_N        DBFI_N        AHRZ_COL
              ________      ________      ________      ________      ________
               52.551        52.367        51.637        52.579        70.460


           Means
              BHRZ_COL      CHRZ_COL      DHRZ_COL
              ________      ________      ________
               69.045        68.668        68.093


           Covariances
              ABFI_N        BBFI_N        CBFI_N        DBFI_N        AHRZ_COL
              ________      ________      ________      ________      ________
 ABFI_N       513.407
 BBFI_N       397.225       497.771
 CBFI_N       387.565       408.213       497.698
 DBFI_N       409.756       426.121       458.326       550.783
 AHRZ_COL     -89.568       -88.824       -95.515       -95.462       328.222
 BHRZ_COL     -70.799       -63.628       -56.542       -64.856       212.352
 CHRZ_COL    -122.286      -121.599      -133.228      -136.427       206.567
 DHRZ_COL     -78.065       -75.165       -96.897      -112.860       217.688


           Covariances
              BHRZ_COL      CHRZ_COL      DHRZ_COL
              ________      ________      ________
 BHRZ_COL     334.029
 CHRZ_COL     223.216       367.732
 DHRZ_COL     222.018       254.217       367.896


           Correlations
              ABFI_N        BBFI_N        CBFI_N        DBFI_N        AHRZ_COL
              ________      ________      ________      ________      ________
 ABFI_N         1.000
 BBFI_N         0.786         1.000
 CBFI_N         0.767         0.820         1.000
 DBFI_N         0.771         0.814         0.875         1.000
 AHRZ_COL      -0.218        -0.220        -0.236        -0.225         1.000
 BHRZ_COL      -0.171        -0.156        -0.139        -0.151         0.641
 CHRZ_COL      -0.281        -0.284        -0.311        -0.303         0.595
 DHRZ_COL      -0.180        -0.176        -0.226        -0.251         0.626


           Correlations
              BHRZ_COL      CHRZ_COL      DHRZ_COL
              ________      ________      ________
 BHRZ_COL       1.000
 CHRZ_COL       0.637         1.000
 DHRZ_COL       0.633         0.691         1.000


     ESTIMATED SAMPLE STATISTICS FOR D3


           Means
              ABFI_N        BBFI_N        CBFI_N        DBFI_N        AHRZ_COL
              ________      ________      ________      ________      ________
               47.296        46.595        45.616        44.431        72.979


           Means
              BHRZ_COL      CHRZ_COL      DHRZ_COL
              ________      ________      ________
               72.852        73.547        73.461


           Covariances
              ABFI_N        BBFI_N        CBFI_N        DBFI_N        AHRZ_COL
              ________      ________      ________      ________      ________
 ABFI_N       422.844
 BBFI_N       327.377       421.911
 CBFI_N       308.848       339.773       375.478
 DBFI_N       330.233       356.335       343.725       447.275
 AHRZ_COL     -49.916       -50.350       -55.069       -34.316       292.844
 BHRZ_COL     -55.582       -65.897       -55.104       -35.709       210.868
 CHRZ_COL     -32.921       -14.081       -26.418       -13.493       205.420
 DHRZ_COL     -29.903       -41.176       -37.495       -33.447       186.998


           Covariances
              BHRZ_COL      CHRZ_COL      DHRZ_COL
              ________      ________      ________
 BHRZ_COL     320.232
 CHRZ_COL     235.820       331.880
 DHRZ_COL     223.072       212.321       296.250


           Correlations
              ABFI_N        BBFI_N        CBFI_N        DBFI_N        AHRZ_COL
              ________      ________      ________      ________      ________
 ABFI_N         1.000
 BBFI_N         0.775         1.000
 CBFI_N         0.775         0.854         1.000
 DBFI_N         0.759         0.820         0.839         1.000
 AHRZ_COL      -0.142        -0.143        -0.166        -0.095         1.000
 BHRZ_COL      -0.151        -0.179        -0.159        -0.094         0.689
 CHRZ_COL      -0.088        -0.038        -0.075        -0.035         0.659
 DHRZ_COL      -0.084        -0.116        -0.112        -0.092         0.635


           Correlations
              BHRZ_COL      CHRZ_COL      DHRZ_COL
              ________      ________      ________
 BHRZ_COL       1.000
 CHRZ_COL       0.723         1.000
 DHRZ_COL       0.724         0.677         1.000


     ESTIMATED SAMPLE STATISTICS FOR D4


           Means
              ABFI_N        BBFI_N        CBFI_N        DBFI_N        AHRZ_COL
              ________      ________      ________      ________      ________
               48.620        49.050        47.106        46.479        72.907


           Means
              BHRZ_COL      CHRZ_COL      DHRZ_COL
              ________      ________      ________
               71.764        72.938        71.910


           Covariances
              ABFI_N        BBFI_N        CBFI_N        DBFI_N        AHRZ_COL
              ________      ________      ________      ________      ________
 ABFI_N       410.471
 BBFI_N       346.591       442.977
 CBFI_N       335.463       361.382       439.642
 DBFI_N       336.626       352.510       359.266       431.715
 AHRZ_COL     -56.435       -41.518       -64.403       -42.567       257.579
 BHRZ_COL     -76.495       -88.277       -83.128       -80.978       161.279
 CHRZ_COL     -77.124       -69.396       -90.160       -88.234       152.638
 DHRZ_COL     -41.437       -31.434       -49.132       -59.956       154.315


           Covariances
              BHRZ_COL      CHRZ_COL      DHRZ_COL
              ________      ________      ________
 BHRZ_COL     248.891
 CHRZ_COL     162.327       226.969
 DHRZ_COL     161.468       159.293       251.488


           Correlations
              ABFI_N        BBFI_N        CBFI_N        DBFI_N        AHRZ_COL
              ________      ________      ________      ________      ________
 ABFI_N         1.000
 BBFI_N         0.813         1.000
 CBFI_N         0.790         0.819         1.000
 DBFI_N         0.800         0.806         0.825         1.000
 AHRZ_COL      -0.174        -0.123        -0.191        -0.128         1.000
 BHRZ_COL      -0.239        -0.266        -0.251        -0.247         0.637
 CHRZ_COL      -0.253        -0.219        -0.285        -0.282         0.631
 DHRZ_COL      -0.129        -0.094        -0.148        -0.182         0.606


           Correlations
              BHRZ_COL      CHRZ_COL      DHRZ_COL
              ________      ________      ________
 BHRZ_COL       1.000
 CHRZ_COL       0.683         1.000
 DHRZ_COL       0.645         0.667         1.000


     ESTIMATED SAMPLE STATISTICS FOR D5


           Means
              ABFI_N        BBFI_N        CBFI_N        DBFI_N        AHRZ_COL
              ________      ________      ________      ________      ________
               48.459        45.567        45.956        45.937        78.314


           Means
              BHRZ_COL      CHRZ_COL      DHRZ_COL
              ________      ________      ________
               75.289        74.703        74.495


           Covariances
              ABFI_N        BBFI_N        CBFI_N        DBFI_N        AHRZ_COL
              ________      ________      ________      ________      ________
 ABFI_N       437.717
 BBFI_N       326.826       373.807
 CBFI_N       362.905       349.416       445.124
 DBFI_N       322.404       333.639       387.642       444.746
 AHRZ_COL     -50.674       -51.179       -35.954       -39.396       230.624
 BHRZ_COL      -9.936       -28.854        -4.139       -32.677       201.919
 CHRZ_COL     -29.063       -31.862       -29.334       -47.081       157.236
 DHRZ_COL     -66.313       -64.964       -75.286      -101.330       161.521


           Covariances
              BHRZ_COL      CHRZ_COL      DHRZ_COL
              ________      ________      ________
 BHRZ_COL     286.917
 CHRZ_COL     205.817       268.991
 DHRZ_COL     202.843       203.235       296.695


           Correlations
              ABFI_N        BBFI_N        CBFI_N        DBFI_N        AHRZ_COL
              ________      ________      ________      ________      ________
 ABFI_N         1.000
 BBFI_N         0.808         1.000
 CBFI_N         0.822         0.857         1.000
 DBFI_N         0.731         0.818         0.871         1.000
 AHRZ_COL      -0.159        -0.174        -0.112        -0.123         1.000
 BHRZ_COL      -0.028        -0.088        -0.012        -0.091         0.785
 CHRZ_COL      -0.085        -0.100        -0.085        -0.136         0.631
 DHRZ_COL      -0.184        -0.195        -0.207        -0.279         0.617


           Correlations
              BHRZ_COL      CHRZ_COL      DHRZ_COL
              ________      ________      ________
 BHRZ_COL       1.000
 CHRZ_COL       0.741         1.000
 DHRZ_COL       0.695         0.719         1.000


     MAXIMUM LOG-LIKELIHOOD VALUE FOR THE UNRESTRICTED (H1) MODEL IS -21318.174


UNIVARIATE SAMPLE STATISTICS


     UNIVARIATE HIGHER-ORDER MOMENT DESCRIPTIVE STATISTICS FOR D2

         Variable/         Mean/     Skewness/   Minimum/ % with                Percentiles
        Sample Size      Variance    Kurtosis    Maximum  Min/Max      20%/60%    40%/80%    Median

     ABFI_N               52.551      -0.015       0.000    0.33%      31.250     43.750     53.125
             301.000     513.407      -0.733     100.000    1.00%      59.375     75.000
     BBFI_N               52.955      -0.305       0.000    0.90%      34.375     46.875     56.250
             223.000     491.642      -0.326     100.000    0.90%      62.500     71.875
     CBFI_N               51.686      -0.100       0.000    1.40%      31.250     46.875     53.125
             215.000     502.971      -0.456     100.000    0.93%      56.250     71.875
     DBFI_N               52.993      -0.280       0.000    1.88%      34.375     46.875     53.125
             213.000     548.646      -0.560     100.000    0.47%      62.500     75.000
     AHRZ_COL_D           70.460      -0.737       8.333    0.33%      58.333     66.667     75.000
             301.000     328.222       0.603     100.000    6.64%      75.000     83.333
     BHRZ_COL_D           69.508      -0.819      16.667    1.82%      58.333     66.667     75.000
             220.000     326.841       0.565     100.000    4.55%      75.000     83.333
     CHRZ_COL_D           68.818      -0.706       8.333    1.41%      58.333     66.667     75.000
             213.000     370.631       0.581     100.000    6.10%      75.000     83.333
     DHRZ_COL_D           68.545      -0.716       0.000    0.47%      50.000     66.667     75.000
             213.000     369.452       0.673     100.000    6.10%      75.000     83.333


     UNIVARIATE HIGHER-ORDER MOMENT DESCRIPTIVE STATISTICS FOR D3

         Variable/         Mean/     Skewness/   Minimum/ % with                Percentiles
        Sample Size      Variance    Kurtosis    Maximum  Min/Max      20%/60%    40%/80%    Median

     ABFI_N               47.296      -0.018       0.000    1.29%      28.125     43.750     50.000
             233.000     422.844      -0.553      96.875    0.43%      53.125     65.625
     BBFI_N               45.739      -0.123       0.000    0.58%      25.000     42.857     46.875
             171.000     417.791      -0.669      90.625    0.58%      50.000     62.500
     CBFI_N               45.342      -0.152       0.000    0.62%      28.125     40.625     46.875
             161.000     376.810      -0.692      87.500    1.24%      53.125     62.500
     DBFI_N               44.424      -0.057       0.000    1.24%      25.000     37.500     43.750
             161.000     448.709      -0.686      90.625    0.62%      50.000     65.625
     AHRZ_COL_D           72.979      -0.581      25.000    1.29%      58.333     75.000     75.000
             233.000     292.844      -0.001     100.000    8.15%      75.000     83.333
     BHRZ_COL_D           72.451      -0.674      16.667    1.18%      58.333     75.000     75.000
             170.000     312.743       0.242     100.000    7.06%      75.000     91.667
     CHRZ_COL_D           73.292      -0.616      16.667    0.62%      58.333     75.000     75.000
             161.000     323.601      -0.003     100.000    9.32%      75.000     91.667
     DHRZ_COL_D           73.049      -1.005       0.000    0.63%      66.667     66.667     75.000
             158.000     298.143       1.975     100.000    7.59%      75.000     83.333


     UNIVARIATE HIGHER-ORDER MOMENT DESCRIPTIVE STATISTICS FOR D4

         Variable/         Mean/     Skewness/   Minimum/ % with                Percentiles
        Sample Size      Variance    Kurtosis    Maximum  Min/Max      20%/60%    40%/80%    Median

     ABFI_N               48.620      -0.018       3.125    0.51%      28.125     43.750     50.000
             198.000     410.471      -0.630      96.875    0.51%      56.250     65.625
     BBFI_N               48.659       0.159       3.125    1.40%      31.250     40.625     46.875
             143.000     473.710      -0.571      96.875    0.70%      53.125     65.625
     CBFI_N               45.928       0.169       0.000    0.76%      25.000     40.625     45.312
             132.000     443.735      -0.730      90.625    1.52%      50.000     65.625
     DBFI_N               43.725       0.015       3.125    2.42%      21.875     40.625     43.750
             124.000     430.396      -0.730      90.625    0.81%      50.000     59.375
     AHRZ_COL_D           72.906      -0.450      16.667    0.51%      58.333     75.000     75.000
             197.000     257.619       0.470     100.000   10.15%      75.000     83.333
     BHRZ_COL_D           70.923      -0.496      16.667    0.72%      58.333     66.667     75.000
             139.000     261.158       0.224     100.000    5.04%      75.000     83.333
     CHRZ_COL_D           73.077      -0.153      25.000    0.77%      58.333     66.667     75.000
             130.000     230.276      -0.240     100.000    7.69%      75.000     83.333
     DHRZ_COL_D           71.816      -0.512      25.000    1.63%      58.333     66.667     75.000
             123.000     247.878       0.275     100.000    4.88%      75.000     83.333


     UNIVARIATE HIGHER-ORDER MOMENT DESCRIPTIVE STATISTICS FOR D5

         Variable/         Mean/     Skewness/   Minimum/ % with                Percentiles
        Sample Size      Variance    Kurtosis    Maximum  Min/Max      20%/60%    40%/80%    Median

     ABFI_N               48.284       0.112       3.125    0.76%      31.250     42.857     50.000
             131.000     435.456      -0.428      93.750    3.05%      53.125     65.625
     BBFI_N               44.886       0.159       9.375    2.30%      28.125     37.500     43.750
              87.000     370.132      -0.696      93.750    1.15%      50.000     65.625
     CBFI_N               44.970       0.229       0.000    1.22%      25.000     34.375     43.750
              82.000     462.261      -0.707      96.875    1.22%      50.000     65.625
     DBFI_N               44.490       0.390       3.125    1.32%      25.000     37.500     42.188
              76.000     425.799      -0.257     100.000    1.32%      46.875     62.500
     AHRZ_COL_D           78.314      -0.627      41.667    3.79%      66.667     75.000     83.333
             132.000     230.624      -0.165     100.000   12.12%      83.333     91.667
     BHRZ_COL_D           75.718      -0.963      16.667    1.15%      66.667     75.000     75.000
              87.000     279.058       1.070     100.000    8.05%      83.333     91.667
     CHRZ_COL_D           74.695      -0.720      16.667    1.22%      58.333     75.000     75.000
              82.000     275.144       1.141     100.000   10.98%      75.000     91.667
     DHRZ_COL_D           75.987      -1.306       0.000    1.32%      66.667     75.000     75.000
              76.000     288.683       3.856     100.000   10.53%      83.333     91.667


THE MODEL ESTIMATION TERMINATED NORMALLY



MODEL FIT INFORMATION

Number of Free Parameters                       96

Loglikelihood

          H0 Value                      -21360.419
          H0 Scaling Correction Factor      1.1511
            for MLR

Information Criteria

          Akaike (AIC)                   42912.838
          Bayesian (BIC)                 43369.949
          Sample-Size Adjusted BIC       43065.078
            (n* = (n + 2) / 24)



MODEL RESULTS

                                                    Two-Tailed
                    Estimate       S.E.  Est./S.E.    P-Value

Group D2

 P1       BY
    ABFI_N             1.000      0.000    999.000    999.000

 P2       BY
    BBFI_N             1.000      0.000    999.000    999.000

 P3       BY
    CBFI_N             1.000      0.000    999.000    999.000

 P4       BY
    DBFI_N             1.000      0.000    999.000    999.000

 V1       BY
    AHRZ_COL_D         1.000      0.000    999.000    999.000

 V2       BY
    BHRZ_COL_D         1.000      0.000    999.000    999.000

 V3       BY
    CHRZ_COL_D         1.000      0.000    999.000    999.000

 V4       BY
    DHRZ_COL_D         1.000      0.000    999.000    999.000

 P4         ON
    P3                 0.140      0.091      1.538      0.124
    V3                -0.044      0.064     -0.688      0.492

 P3         ON
    P2                 0.140      0.091      1.538      0.124
    V2                -0.044      0.064     -0.688      0.492

 P2         ON
    P1                 0.140      0.091      1.538      0.124
    V1                -0.044      0.064     -0.688      0.492

 V4         ON
    V3                 0.129      0.079      1.641      0.101
    P3                -0.127      0.070     -1.814      0.070

 V3         ON
    V2                 0.129      0.079      1.641      0.101
    P2                -0.127      0.070     -1.814      0.070

 V2         ON
    V1                 0.129      0.079      1.641      0.101
    P1                -0.127      0.070     -1.814      0.070

 S_BFI_N  WITH
    I_BFI_N            9.544     20.749      0.460      0.646
    S_HRZ_COL_        -0.489      1.316     -0.372      0.710
    I_HRZ_COL_        -4.405     14.566     -0.302      0.762

 I_BFI_N  WITH
    S_HRZ_COL_        -1.023     13.863     -0.074      0.941
    I_HRZ_COL_       -87.022    145.190     -0.599      0.549

 S_HRZ_CO WITH
    I_HRZ_COL_         9.261     15.169      0.611      0.542

 P1       WITH
    V1                 2.303     15.261      0.151      0.880

 P2       WITH
    V2               -17.012      8.872     -1.917      0.055

 P3       WITH
    V3               -17.012      8.872     -1.917      0.055

 P4       WITH
    V4               -17.012      8.872     -1.917      0.055

 Means
    P1                 0.000      0.000    999.000    999.000
    V1                 0.000      0.000    999.000    999.000
    I_BFI_N           51.395      2.902     17.712      0.000
    S_BFI_N           -0.085      0.264     -0.322      0.748
    I_HRZ_COL_        66.682      2.679     24.891      0.000
    S_HRZ_COL_        -0.279      0.248     -1.125      0.261

 Intercepts
    ABFI_N             0.000      0.000    999.000    999.000
    BBFI_N             0.000      0.000    999.000    999.000
    CBFI_N             0.000      0.000    999.000    999.000
    DBFI_N             0.000      0.000    999.000    999.000
    AHRZ_COL_D         0.000      0.000    999.000    999.000
    BHRZ_COL_D         0.000      0.000    999.000    999.000
    CHRZ_COL_D         0.000      0.000    999.000    999.000
    DHRZ_COL_D         0.000      0.000    999.000    999.000
    P2                 0.000      0.000    999.000    999.000
    P3                 0.000      0.000    999.000    999.000
    P4                 0.000      0.000    999.000    999.000
    V2                 0.000      0.000    999.000    999.000
    V3                 0.000      0.000    999.000    999.000
    V4                 0.000      0.000    999.000    999.000

 Variances
    P1               143.412     26.318      5.449      0.000
    V1               125.726     25.512      4.928      0.000
    I_BFI_N          505.494    228.964      2.208      0.027
    S_BFI_N            0.831      1.953      0.426      0.670
    I_HRZ_COL_       286.777    160.663      1.785      0.074
    S_HRZ_COL_         1.020      1.558      0.655      0.512

 Residual Variances
    ABFI_N             0.000      0.000    999.000    999.000
    BBFI_N             0.000      0.000    999.000    999.000
    CBFI_N             0.000      0.000    999.000    999.000
    DBFI_N             0.000      0.000    999.000    999.000
    AHRZ_COL_D         0.000      0.000    999.000    999.000
    BHRZ_COL_D         0.000      0.000    999.000    999.000
    CHRZ_COL_D         0.000      0.000    999.000    999.000
    DHRZ_COL_D         0.000      0.000    999.000    999.000
    P2                93.667     11.497      8.147      0.000
    P3                93.667     11.497      8.147      0.000
    P4                93.667     11.497      8.147      0.000
    V2               135.956     13.102     10.377      0.000
    V3               135.956     13.102     10.377      0.000
    V4               135.956     13.102     10.377      0.000

Group D3

 P1       BY
    ABFI_N             1.000      0.000    999.000    999.000

 P2       BY
    BBFI_N             1.000      0.000    999.000    999.000

 P3       BY
    CBFI_N             1.000      0.000    999.000    999.000

 P4       BY
    DBFI_N             1.000      0.000    999.000    999.000

 V1       BY
    AHRZ_COL_D         1.000      0.000    999.000    999.000

 V2       BY
    BHRZ_COL_D         1.000      0.000    999.000    999.000

 V3       BY
    CHRZ_COL_D         1.000      0.000    999.000    999.000

 V4       BY
    DHRZ_COL_D         1.000      0.000    999.000    999.000

 P4         ON
    P3                 0.049      0.084      0.579      0.563
    V3                -0.020      0.071     -0.288      0.773

 P3         ON
    P2                 0.049      0.084      0.579      0.563
    V2                -0.020      0.071     -0.288      0.773

 P2         ON
    P1                 0.049      0.084      0.579      0.563
    V1                -0.020      0.071     -0.288      0.773

 V4         ON
    V3                 0.017      0.098      0.175      0.861
    P3                 0.031      0.079      0.387      0.698

 V3         ON
    V2                 0.017      0.098      0.175      0.861
    P2                 0.031      0.079      0.387      0.698

 V2         ON
    V1                 0.017      0.098      0.175      0.861
    P1                 0.031      0.079      0.387      0.698

 S_BFI_N  WITH
    I_BFI_N           -0.188      4.600     -0.041      0.967
    S_HRZ_COL_         0.106      1.512      0.070      0.944
    I_HRZ_COL_         2.052      5.129      0.400      0.689

 I_BFI_N  WITH
    S_HRZ_COL_         1.406      5.376      0.262      0.794
    I_HRZ_COL_       -33.009     21.226     -1.555      0.120

 S_HRZ_CO WITH
    I_HRZ_COL_        -4.626      4.186     -1.105      0.269

 P1       WITH
    V1                -0.260     15.065     -0.017      0.986

 P2       WITH
    V2                -8.693      8.329     -1.044      0.297

 P3       WITH
    V3                -8.693      8.329     -1.044      0.297

 P4       WITH
    V4                -8.693      8.329     -1.044      0.297

 Means
    P1                 0.000      0.000    999.000    999.000
    V1                 0.000      0.000    999.000    999.000
    I_BFI_N           45.594      1.253     36.394      0.000
    S_BFI_N           -1.054      0.259     -4.062      0.000
    I_HRZ_COL_        73.382      1.022     71.794      0.000
    S_HRZ_COL_         0.289      0.237      1.217      0.223

 Intercepts
    ABFI_N             0.000      0.000    999.000    999.000
    BBFI_N             0.000      0.000    999.000    999.000
    CBFI_N             0.000      0.000    999.000    999.000
    DBFI_N             0.000      0.000    999.000    999.000
    AHRZ_COL_D         0.000      0.000    999.000    999.000
    BHRZ_COL_D         0.000      0.000    999.000    999.000
    CHRZ_COL_D         0.000      0.000    999.000    999.000
    DHRZ_COL_D         0.000      0.000    999.000    999.000
    P2                 0.000      0.000    999.000    999.000
    P3                 0.000      0.000    999.000    999.000
    P4                 0.000      0.000    999.000    999.000
    V2                 0.000      0.000    999.000    999.000
    V3                 0.000      0.000    999.000    999.000
    V4                 0.000      0.000    999.000    999.000

 Variances
    P1               120.363     21.292      5.653      0.000
    V1               105.610     24.851      4.250      0.000
    I_BFI_N          315.382     29.248     10.783      0.000
    S_BFI_N            0.497      1.733      0.287      0.774
    I_HRZ_COL_       193.676     26.690      7.257      0.000
    S_HRZ_COL_         0.398      2.148      0.185      0.853

 Residual Variances
    ABFI_N             0.000      0.000    999.000    999.000
    BBFI_N             0.000      0.000    999.000    999.000
    CBFI_N             0.000      0.000    999.000    999.000
    DBFI_N             0.000      0.000    999.000    999.000
    AHRZ_COL_D         0.000      0.000    999.000    999.000
    BHRZ_COL_D         0.000      0.000    999.000    999.000
    CHRZ_COL_D         0.000      0.000    999.000    999.000
    DHRZ_COL_D         0.000      0.000    999.000    999.000
    P2                71.061     10.282      6.911      0.000
    P3                71.061     10.282      6.911      0.000
    P4                71.061     10.282      6.911      0.000
    V2                96.243     13.835      6.957      0.000
    V3                96.243     13.835      6.957      0.000
    V4                96.243     13.835      6.957      0.000

Group D4

 P1       BY
    ABFI_N             1.000      0.000    999.000    999.000

 P2       BY
    BBFI_N             1.000      0.000    999.000    999.000

 P3       BY
    CBFI_N             1.000      0.000    999.000    999.000

 P4       BY
    DBFI_N             1.000      0.000    999.000    999.000

 V1       BY
    AHRZ_COL_D         1.000      0.000    999.000    999.000

 V2       BY
    BHRZ_COL_D         1.000      0.000    999.000    999.000

 V3       BY
    CHRZ_COL_D         1.000      0.000    999.000    999.000

 V4       BY
    DHRZ_COL_D         1.000      0.000    999.000    999.000

 P4         ON
    P3                 0.086      0.087      0.994      0.320
    V3                 0.001      0.083      0.008      0.994

 P3         ON
    P2                 0.086      0.087      0.994      0.320
    V2                 0.001      0.083      0.008      0.994

 P2         ON
    P1                 0.086      0.087      0.994      0.320
    V1                 0.001      0.083      0.008      0.994

 V4         ON
    V3                 0.040      0.098      0.410      0.682
    P3                 0.007      0.073      0.103      0.918

 V3         ON
    V2                 0.040      0.098      0.410      0.682
    P2                 0.007      0.073      0.103      0.918

 V2         ON
    V1                 0.040      0.098      0.410      0.682
    P1                 0.007      0.073      0.103      0.918

 S_BFI_N  WITH
    I_BFI_N           -1.264     20.361     -0.062      0.951
    S_HRZ_COL_        -0.231      1.404     -0.165      0.869
    I_HRZ_COL_        -0.794     12.913     -0.062      0.951

 I_BFI_N  WITH
    S_HRZ_COL_         4.124     14.227      0.290      0.772
    I_HRZ_COL_       -70.415    124.983     -0.563      0.573

 S_HRZ_CO WITH
    I_HRZ_COL_        -1.523     13.537     -0.113      0.910

 P1       WITH
    V1                -6.213      9.980     -0.622      0.534

 P2       WITH
    V2               -13.142      6.936     -1.895      0.058

 P3       WITH
    V3               -13.142      6.936     -1.895      0.058

 P4       WITH
    V4               -13.142      6.936     -1.895      0.058

 Means
    P1                 0.000      0.000    999.000    999.000
    V1                 0.000      0.000    999.000    999.000
    I_BFI_N           56.138      2.845     19.735      0.000
    S_BFI_N           -0.856      0.272     -3.149      0.002
    I_HRZ_COL_        73.487      2.543     28.897      0.000
    S_HRZ_COL_        -0.116      0.254     -0.458      0.647

 Intercepts
    ABFI_N             0.000      0.000    999.000    999.000
    BBFI_N             0.000      0.000    999.000    999.000
    CBFI_N             0.000      0.000    999.000    999.000
    DBFI_N             0.000      0.000    999.000    999.000
    AHRZ_COL_D         0.000      0.000    999.000    999.000
    BHRZ_COL_D         0.000      0.000    999.000    999.000
    CHRZ_COL_D         0.000      0.000    999.000    999.000
    DHRZ_COL_D         0.000      0.000    999.000    999.000
    P2                 0.000      0.000    999.000    999.000
    P3                 0.000      0.000    999.000    999.000
    P4                 0.000      0.000    999.000    999.000
    V2                 0.000      0.000    999.000    999.000
    V3                 0.000      0.000    999.000    999.000
    V4                 0.000      0.000    999.000    999.000

 Variances
    P1                85.556     18.555      4.611      0.000
    V1               107.277     15.379      6.976      0.000
    I_BFI_N          327.725    211.051      1.553      0.120
    S_BFI_N            0.301      2.014      0.149      0.881
    I_HRZ_COL_       140.024    139.182      1.006      0.314
    S_HRZ_COL_         0.469      1.375      0.341      0.733

 Residual Variances
    ABFI_N             0.000      0.000    999.000    999.000
    BBFI_N             0.000      0.000    999.000    999.000
    CBFI_N             0.000      0.000    999.000    999.000
    DBFI_N             0.000      0.000    999.000    999.000
    AHRZ_COL_D         0.000      0.000    999.000    999.000
    BHRZ_COL_D         0.000      0.000    999.000    999.000
    CHRZ_COL_D         0.000      0.000    999.000    999.000
    DHRZ_COL_D         0.000      0.000    999.000    999.000
    P2                86.220     11.038      7.811      0.000
    P3                86.220     11.038      7.811      0.000
    P4                86.220     11.038      7.811      0.000
    V2                82.677      8.961      9.226      0.000
    V3                82.677      8.961      9.226      0.000
    V4                82.677      8.961      9.226      0.000

Group D5

 P1       BY
    ABFI_N             1.000      0.000    999.000    999.000

 P2       BY
    BBFI_N             1.000      0.000    999.000    999.000

 P3       BY
    CBFI_N             1.000      0.000    999.000    999.000

 P4       BY
    DBFI_N             1.000      0.000    999.000    999.000

 V1       BY
    AHRZ_COL_D         1.000      0.000    999.000    999.000

 V2       BY
    BHRZ_COL_D         1.000      0.000    999.000    999.000

 V3       BY
    CHRZ_COL_D         1.000      0.000    999.000    999.000

 V4       BY
    DHRZ_COL_D         1.000      0.000    999.000    999.000

 P4         ON
    P3                 0.105      0.177      0.591      0.554
    V3                -0.006      0.159     -0.038      0.970

 P3         ON
    P2                 0.105      0.177      0.591      0.554
    V2                -0.006      0.159     -0.038      0.970

 P2         ON
    P1                 0.105      0.177      0.591      0.554
    V1                -0.006      0.159     -0.038      0.970

 V4         ON
    V3                 0.537      0.154      3.483      0.000
    P3                 0.053      0.184      0.287      0.774

 V3         ON
    V2                 0.537      0.154      3.483      0.000
    P2                 0.053      0.184      0.287      0.774

 V2         ON
    V1                 0.537      0.154      3.483      0.000
    P1                 0.053      0.184      0.287      0.774

 S_BFI_N  WITH
    I_BFI_N          -34.035     61.994     -0.549      0.583
    S_HRZ_COL_        -1.533      2.334     -0.657      0.511
    I_HRZ_COL_        34.224     46.526      0.736      0.462

 I_BFI_N  WITH
    S_HRZ_COL_        30.488     42.296      0.721      0.471
    I_HRZ_COL_      -707.674    837.038     -0.845      0.398

 S_HRZ_CO WITH
    I_HRZ_COL_       -88.816     42.975     -2.067      0.039

 P1       WITH
    V1                 0.508     19.558      0.026      0.979

 P2       WITH
    V2                -9.541     14.965     -0.638      0.524

 P3       WITH
    V3                -9.541     14.965     -0.638      0.524

 P4       WITH
    V4                -9.541     14.965     -0.638      0.524

 Means
    P1                 0.000      0.000    999.000    999.000
    V1                 0.000      0.000    999.000    999.000
    I_BFI_N           61.780      7.248      8.524      0.000
    S_BFI_N           -0.855      0.402     -2.127      0.033
    I_HRZ_COL_        90.047      7.457     12.075      0.000
    S_HRZ_COL_        -0.725      0.413     -1.757      0.079

 Intercepts
    ABFI_N             0.000      0.000    999.000    999.000
    BBFI_N             0.000      0.000    999.000    999.000
    CBFI_N             0.000      0.000    999.000    999.000
    DBFI_N             0.000      0.000    999.000    999.000
    AHRZ_COL_D         0.000      0.000    999.000    999.000
    BHRZ_COL_D         0.000      0.000    999.000    999.000
    CHRZ_COL_D         0.000      0.000    999.000    999.000
    DHRZ_COL_D         0.000      0.000    999.000    999.000
    P2                 0.000      0.000    999.000    999.000
    P3                 0.000      0.000    999.000    999.000
    P4                 0.000      0.000    999.000    999.000
    V2                 0.000      0.000    999.000    999.000
    V3                 0.000      0.000    999.000    999.000
    V4                 0.000      0.000    999.000    999.000

 Variances
    P1               104.463     25.200      4.145      0.000
    V1                49.067     27.226      1.802      0.072
    I_BFI_N          828.690   1113.915      0.744      0.457
    S_BFI_N            2.280      3.510      0.650      0.516
    I_HRZ_COL_      1899.064    836.996      2.269      0.023
    S_HRZ_COL_         4.382      2.150      2.037      0.042

 Residual Variances
    ABFI_N             0.000      0.000    999.000    999.000
    BBFI_N             0.000      0.000    999.000    999.000
    CBFI_N             0.000      0.000    999.000    999.000
    DBFI_N             0.000      0.000    999.000    999.000
    AHRZ_COL_D         0.000      0.000    999.000    999.000
    BHRZ_COL_D         0.000      0.000    999.000    999.000
    CHRZ_COL_D         0.000      0.000    999.000    999.000
    DHRZ_COL_D         0.000      0.000    999.000    999.000
    P2                67.070     16.280      4.120      0.000
    P3                67.070     16.280      4.120      0.000
    P4                67.070     16.280      4.120      0.000
    V2               113.330     15.691      7.223      0.000
    V3               113.330     15.691      7.223      0.000
    V4               113.330     15.691      7.223      0.000


QUALITY OF NUMERICAL RESULTS

     Condition Number for the Information Matrix              0.123E-06
       (ratio of smallest to largest eigenvalue)


     Beginning Time:  13:06:12
        Ending Time:  13:06:35
       Elapsed Time:  00:00:23



MUTHEN & MUTHEN
3463 Stoner Ave.
Los Angeles, CA  90066

Tel: (310) 391-9971
Fax: (310) 391-8971
Web: www.StatModel.com
Support: Support@StatModel.com

Copyright (c) 1998-2017 Muthen & Muthen
