Mplus VERSION 6.12
MUTHEN & MUTHEN
03/09/2016   6:43 PM

INPUT INSTRUCTIONS


  title: PxVx Univariate - Col MeanOnly BFI_N with Lin MVS_mc;
  data: file = E:\Projects\lnt_pxvx\Data\LT_227.txt;



  variable:
  names =
  subjid
  Sample
  aGENDER
  aAGE
  aethnic1
  aethnic2
  aedu_mom
  aedu_dad
  aEDUCATN
  bEDUCATN
  cEDUCATN
  aEMPLOYD
  bEMPLOYD
  cEMPLOYD
  dEMPLOYD
  aINCOME
  bINCOME
  cINCOME
  dINCOME
  aS_SCALE
  bS_SCALE
  cS_SCALE
  dS_SCALE
  aD_SCALE
  bD_SCALE
  cD_SCALE
  dD_SCALE
  aS_COMP
  bS_COMP
  cS_COMP
  dS_COMP
  aD_COMP
  bD_COMP
  cD_COMP
  dD_COMP
  aBFI_A
  aBFI_A6
  aBFI_C
  aBFI_E
  aBFI_HP
  aBFI_N
  aBFI_O
  bBFI_A
  bBFI_A6
  bBFI_C
  bBFI_E
  bBFI_HP
  bBFI_N
  bBFI_O
  cBFI_A
  cBFI_A6
  cBFI_C
  cBFI_E
  cBFI_HP
  cBFI_N
  cBFI_O
  dBFI_A
  dBFI_A6
  dBFI_C
  dBFI_E
  dBFI_HP
  dBFI_N
  dBFI_O
  aBFA_AC
  aBFA_AP
  aBFA_CI
  aBFA_CO
  aBFA_EA
  aBFA_EE
  aBFA_N9
  aBFA_NV
  aBFA_NW
  aBFA_OI
  aBFA_OO
  aBFA_PS
  aBFA_MT
  bBFA_AC
  bBFA_AP
  bBFA_CI
  bBFA_CO
  bBFA_EA
  bBFA_EE
  bBFA_N9
  bBFA_NV
  bBFA_NW
  bBFA_OI
  bBFA_OO
  bBFA_MT
  bBFA_PS
  cBFA_AC
  cBFA_AP
  cBFA_CI
  cBFA_CO
  cBFA_EA
  cBFA_EE
  cBFA_N9
  cBFA_NV
  cBFA_NW
  cBFA_OI
  cBFA_OO
  cBFA_MT
  cBFA_PS
  dBFA_AC
  dBFA_AP
  dBFA_CI
  dBFA_CO
  dBFA_EA
  dBFA_EE
  dBFA_N9
  dBFA_NV
  dBFA_NW
  dBFA_OI
  dBFA_OO
  dBFA_MT
  dBFA_PS
  aUSI
  bUSI
  cUSI
  dUSI
  aHRZ_IND
  bHRZ_IND
  cHRZ_IND
  dHRZ_IND
  aVRT_IND
  bVRT_IND
  cVRT_IND
  dVRT_IND
  aHRZ_COL
  bHRZ_COL
  cHRZ_COL
  dHRZ_COL
  aVRT_COL
  bVRT_COL
  cVRT_COL
  dVRT_COL
  aCOLLCTV
  bCOLLCTV
  cCOLLCTV
  dCOLLCTV
  aMVS
  bMVS
  cMVS
  dMVS
  aST
  bST
  cST
  dST
  aSD
  bSD
  cSD
  dSD
  aMVS_mc
  bMVS_mc
  cMVS_mc
  dMVS_mc
  aST_mc
  bST_mc
  cST_mc
  dST_mc
  aSD_mc
  bSD_mc
  cSD_mc
  dSD_mc
  bMEANING
  cMEANING
  dMEANING
  bMEAN_L
  cMEAN_L
  dMEAN_L
  bMEANNGc
  cMEANNGc
  dMEANNGc
  bMEANGlc
  cMEANGlc
  dMEANGlc
  bCLASSIC
  cCLASSIC
  dCLASSIC
  bCLASSCc
  cCLASSCc
  dCLASSCc
  bAGR_VAL
  cAGR_VAL
  dAGR_VAL
  bOPN_VAL
  cOPN_VAL
  dOPN_VAL
  bAGR_VLc
  cAGR_VLc
  dAGR_VLc
  bOPNVALc
  cOPNVALc
  dOPNVALc
  aMV_pomp
  bMV_pomp
  cMV_pomp
  dMV_pomp
  aST_pomp
  bST_pomp
  cST_pomp
  dST_pomp
  aSD_pomp
  bSD_pomp
  cSD_pomp
  dSD_pomp
  agoal_ec
  bgoal_ec
  cgoal_ec
  dgoal_ec
  aAspfinc
  bAspfinc
  cAspfinc
  dAspfinc
  abfi_hp8
  bbfi_hp8
  cbfi_hp8
  dbfi_hp8
  aP_S_BFI
  aP_D_BFI
  aECgoalc
  bECgoalC
  cECgoalC
  dECgoalC
  aaspfin
  baspfin
  caspfin
  daspfin;

  USEVARIABLES =
  aBFI_N
  bBFI_N
  cBFI_N
  dBFI_N
  aMVS_mc
  bMVS_mc
  cMVS_mc
  dMVS_mc
  bage_c
  cage_c
  dage_c
  ;

  missing = all (-9999);

  USEOBSERVATIONS are Sample == 2; ! College Sample

  tscores = bage_c cage_c dage_c;

  DEFINE:
  bage_c = aAGE + 1 - 20.5;
  cage_c = aAGE + 2 - 20.5;
  dage_c = aAGE + 3 - 20.5;

  ANALYSIS:
  TYPE=RANDOM;
  PROCESSORS = 8;

  MODEL:

  i_BFI_N s_BFI_N | bBFI_N cBFI_N dBFI_N AT bage_c cage_c dage_c;
  i_MVS_mc s_MVS_mc | bMVS_mc cMVS_mc dMVS_mc AT bage_c cage_c dage_c;


  !After Bollen and Curran initial observation is not part of LGM

  dBFI_N on cBFI_N (a); ! Autoregressive paths constrained to equality
  cBFI_N on bBFI_N (a);
  bBFI_N on aBFI_N (a);

  dMVS_mc on cMVS_mc (b); ! Autoregressive paths constrained to equality
  cMVS_mc on bMVS_mc (b);
  bMVS_mc on aMVS_mc (b);

  bBFI_N cBFI_N dBFI_N (c); !Equality constraint on residuals
  bMVS_mc cMVS_mc dMVS_mc (d); !Equality constraint on residuals

  dMVS_mc on cBFI_N (x); ! Cross-lagged paths constrained to equality
  cMVS_mc on bBFI_N (x);
  bMVS_mc on aBFI_N (x);

  dBFI_N on cMVS_mc (y); ! Cross-lagged paths constrained to equality
  cBFI_N on bMVS_mc (y);
  bBFI_N on aMVS_mc (y);

  dMVS_mc with dBFI_N (w); ! within-wave correlations constrained to equality
  cMVS_mc with cBFI_N (w);
  bMVS_mc with bBFI_N (w);

  aBFI_N aMVS_mc i_BFI_N i_MVS_mc
  s_MVS_mc
  with
  s_MVS_mc
  aBFI_N aMVS_mc i_BFI_N i_MVS_mc;

  s_BFI_N@0;


  OUTPUT: SAMPSTAT PATTERNS;



*** WARNING in MODEL command
  All continuous latent variable covariances involving S_BFI_N have been fixed to 0
  because the variance of S_BFI_N is fixed at 0.
*** WARNING
  Data set contains cases with missing on all variables.
  These cases were not included in the analysis.
  Number of cases with missing on all variables:  1
   2 WARNING(S) FOUND IN THE INPUT INSTRUCTIONS



PxVx Univariate - Col MeanOnly BFI_N with Lin MVS_mc;

SUMMARY OF ANALYSIS

Number of groups                                                 1
Number of observations                                         279

Number of dependent variables                                    6
Number of independent variables                                  2
Number of continuous latent variables                            4

Observed dependent variables

  Continuous
   BBFI_N      CBFI_N      DBFI_N      BMVS_MC     CMVS_MC     DMVS_MC

Observed independent variables
   ABFI_N      AMVS_MC

Continuous latent variables
   I_BFI_N     S_BFI_N     I_MVS_MC    S_MVS_MC

Variables with special functions

  Time scores
   BAGE_C      CAGE_C      DAGE_C


Estimator                                                      MLR
Information matrix                                        OBSERVED
Maximum number of iterations                                   100
Convergence criterion                                    0.100D-05
Maximum number of EM iterations                                500
Convergence criteria for the EM algorithm
  Loglikelihood change                                   0.100D-02
  Relative loglikelihood change                          0.100D-05
  Derivative                                             0.100D-03
Minimum variance                                         0.100D-03
Maximum number of steepest descent iterations                   20
Maximum number of iterations for H1                           2000
Convergence criterion for H1                             0.100D-03
Optimization algorithm                                         EMA

Input data file(s)
  E:\Projects\lnt_pxvx\Data\LT_227.txt
Input data format  FREE


SUMMARY OF DATA

     Number of missing data patterns            14


SUMMARY OF MISSING DATA PATTERNS


     MISSING DATA PATTERNS (x = not missing)

           1  2  3  4  5  6  7  8  9 10 11 12 13 14
 BBFI_N    x  x     x        x  x     x  x        x
 CBFI_N    x  x  x                 x  x     x     x
 DBFI_N    x     x        x  x  x  x  x  x        x
 BMVS_MC   x  x     x           x     x  x
 CMVS_MC   x  x  x                 x  x     x     x
 DMVS_MC   x              x  x  x  x              x
 ABFI_N    x  x  x  x  x  x  x  x  x  x  x  x  x  x
 AMVS_MC   x  x  x  x  x  x  x  x  x  x  x  x     x


     MISSING DATA PATTERN FREQUENCIES

    Pattern   Frequency     Pattern   Frequency     Pattern   Frequency
          1         140           6          11          11           1
          2          10           7           1          12           4
          3           1           8          16          13           1
          4          28           9          10          14           1
          5          53          10           2


COVARIANCE COVERAGE OF DATA

Minimum covariance coverage value   0.100


     PROPORTION OF DATA PRESENT


           Covariance Coverage
              BBFI_N        CBFI_N        DBFI_N        BMVS_MC       CMVS_MC
              ________      ________      ________      ________      ________
 BBFI_N         0.713
 CBFI_N         0.548         0.602
 DBFI_N         0.577         0.552         0.656
 BMVS_MC        0.706         0.545         0.570         0.706
 CMVS_MC        0.548         0.602         0.552         0.545         0.602
 DMVS_MC        0.566         0.541         0.642         0.559         0.541
 ABFI_N         0.713         0.602         0.656         0.706         0.602
 AMVS_MC        0.713         0.602         0.656         0.706         0.602


           Covariance Coverage
              DMVS_MC       ABFI_N        AMVS_MC
              ________      ________      ________
 DMVS_MC        0.642
 ABFI_N         0.642         1.000
 AMVS_MC        0.642         0.996         0.996


SAMPLE STATISTICS


     ESTIMATED SAMPLE STATISTICS


           Means
              BBFI_N        CBFI_N        DBFI_N        BMVS_MC       CMVS_MC
              ________      ________      ________      ________      ________
 1             48.970        48.277        47.101         3.332         3.344


           Means
              DMVS_MC       ABFI_N        AMVS_MC
              ________      ________      ________
 1              3.350        50.301         3.298


           Covariances
              BBFI_N        CBFI_N        DBFI_N        BMVS_MC       CMVS_MC
              ________      ________      ________      ________      ________
 BBFI_N       373.857
 CBFI_N       291.512       397.043
 DBFI_N       293.324       329.213       428.669
 BMVS_MC       -0.156         0.258         0.569         0.535
 CMVS_MC        0.782         0.632         1.169         0.371         0.419
 DMVS_MC        0.623        -0.324         0.338         0.333         0.304
 ABFI_N       268.364       269.439       290.343        -0.467        -0.385
 AMVS_MC       -0.400        -0.146         0.537         0.406         0.334


           Covariances
              DMVS_MC       ABFI_N        AMVS_MC
              ________      ________      ________
 DMVS_MC        0.381
 ABFI_N        -0.086       385.200
 AMVS_MC        0.319        -1.093         0.490


           Correlations
              BBFI_N        CBFI_N        DBFI_N        BMVS_MC       CMVS_MC
              ________      ________      ________      ________      ________
 BBFI_N         1.000
 CBFI_N         0.757         1.000
 DBFI_N         0.733         0.798         1.000
 BMVS_MC       -0.011         0.018         0.038         1.000
 CMVS_MC        0.062         0.049         0.087         0.784         1.000
 DMVS_MC        0.052        -0.026         0.026         0.738         0.760
 ABFI_N         0.707         0.689         0.715        -0.032        -0.030
 AMVS_MC       -0.030        -0.011         0.037         0.793         0.737


           Correlations
              DMVS_MC       ABFI_N        AMVS_MC
              ________      ________      ________
 DMVS_MC        1.000
 ABFI_N        -0.007         1.000
 AMVS_MC        0.739        -0.080         1.000


     MAXIMUM LOG-LIKELIHOOD VALUE FOR THE UNRESTRICTED (H1) MODEL IS -3959.146


THE MODEL ESTIMATION TERMINATED NORMALLY



MODEL FIT INFORMATION

Number of Free Parameters                       28

Loglikelihood

          H0 Value                       -3968.656
          H0 Scaling Correction Factor       1.059
            for MLR

Information Criteria

          Akaike (AIC)                    7993.312
          Bayesian (BIC)                  8094.986
          Sample-Size Adjusted BIC        8006.201
            (n* = (n + 2) / 24)



MODEL RESULTS

                                                    Two-Tailed
                    Estimate       S.E.  Est./S.E.    P-Value

 DBFI_N     ON
    CBFI_N             0.112      0.095      1.176      0.240
    CMVS_MC           -1.521      1.636     -0.930      0.352

 CBFI_N     ON
    BBFI_N             0.112      0.095      1.176      0.240
    BMVS_MC           -1.521      1.636     -0.930      0.352

 BBFI_N     ON
    ABFI_N             0.112      0.095      1.176      0.240
    AMVS_MC           -1.521      1.636     -0.930      0.352

 DMVS_MC    ON
    CMVS_MC            0.221      0.075      2.936      0.003
    CBFI_N            -0.001      0.004     -0.140      0.889

 CMVS_MC    ON
    BMVS_MC            0.221      0.075      2.936      0.003
    BBFI_N            -0.001      0.004     -0.140      0.889

 BMVS_MC    ON
    AMVS_MC            0.221      0.075      2.936      0.003
    ABFI_N            -0.001      0.004     -0.140      0.889

 I_MVS_MC WITH
    I_BFI_N            0.854      1.503      0.568      0.570

 S_MVS_MC WITH
    I_BFI_N            0.144      0.316      0.454      0.650
    I_MVS_MC          -0.027      0.018     -1.503      0.133

 ABFI_N   WITH
    I_BFI_N          238.747     38.050      6.274      0.000
    I_MVS_MC          -0.844      2.026     -0.416      0.677
    S_MVS_MC           0.486      0.426      1.143      0.253

 AMVS_MC  WITH
    I_BFI_N            0.665      1.050      0.633      0.527
    I_MVS_MC           0.290      0.053      5.465      0.000
    S_MVS_MC          -0.011      0.012     -0.949      0.343

 DMVS_MC  WITH
    DBFI_N            -0.363      0.279     -1.301      0.193

 CMVS_MC  WITH
    CBFI_N            -0.363      0.279     -1.301      0.193

 BMVS_MC  WITH
    BBFI_N            -0.363      0.279     -1.301      0.193

 AMVS_MC  WITH
    ABFI_N            -1.093      0.867     -1.260      0.208

 Means
    ABFI_N            50.301      1.175     42.820      0.000
    AMVS_MC            3.298      0.042     78.581      0.000
    I_BFI_N           49.109      6.564      7.482      0.000
    S_BFI_N           -0.696      0.530     -1.313      0.189
    I_MVS_MC           2.636      0.358      7.359      0.000
    S_MVS_MC           0.000      0.018     -0.008      0.994

 Intercepts
    BBFI_N             0.000      0.000    999.000    999.000
    CBFI_N             0.000      0.000    999.000    999.000
    DBFI_N             0.000      0.000    999.000    999.000
    BMVS_MC            0.000      0.000    999.000    999.000
    CMVS_MC            0.000      0.000    999.000    999.000
    DMVS_MC            0.000      0.000    999.000    999.000

 Variances
    ABFI_N           385.201     29.096     13.239      0.000
    AMVS_MC            0.490      0.033     14.754      0.000
    I_BFI_N          236.006     58.377      4.043      0.000
    S_BFI_N            0.000      0.000    999.000    999.000
    I_MVS_MC           0.276      0.083      3.323      0.001
    S_MVS_MC           0.005      0.006      0.869      0.385

 Residual Variances
    BBFI_N           102.019     11.290      9.036      0.000
    CBFI_N           102.019     11.290      9.036      0.000
    DBFI_N           102.019     11.290      9.036      0.000
    BMVS_MC            0.121      0.016      7.595      0.000
    CMVS_MC            0.121      0.016      7.595      0.000
    DMVS_MC            0.121      0.016      7.595      0.000


QUALITY OF NUMERICAL RESULTS

     Condition Number for the Information Matrix              0.222E-06
       (ratio of smallest to largest eigenvalue)


     Beginning Time:  18:43:15
        Ending Time:  18:43:17
       Elapsed Time:  00:00:02



MUTHEN & MUTHEN
3463 Stoner Ave.
Los Angeles, CA  90066

Tel: (310) 391-9971
Fax: (310) 391-8971
Web: www.StatModel.com
Support: Support@StatModel.com

Copyright (c) 1998-2011 Muthen & Muthen
