Mplus VERSION 7 (Mac)
MUTHEN & MUTHEN
10/27/2017  11:17 AM

INPUT INSTRUCTIONS


  title: PxVx Bivariate LCM-SR - Nat Linear BFA_EA with Linear MVI_POMP;
  data: file = /Users/johnflournoy/code/lnt_pxvx/Data/LT_227.txt;


  variable:
  names =
  subjid
  Sample
  aGENDER
  aAGE
  aethnic1
  aethnic2
  aedu_mom
  aedu_dad
  aEDUCATN
  bEDUCATN
  cEDUCATN
  aEMPLOYD
  bEMPLOYD
  cEMPLOYD
  dEMPLOYD
  aINCOME
  bINCOME
  cINCOME
  dINCOME
  aS_SCALE
  bS_SCALE
  cS_SCALE
  dS_SCALE
  aD_SCALE
  bD_SCALE
  cD_SCALE
  dD_SCALE
  aS_COMP
  bS_COMP
  cS_COMP
  dS_COMP
  aD_COMP
  bD_COMP
  cD_COMP
  dD_COMP
  aBFI_A
  aBFI_A6
  aBFI_C
  aBFI_E
  aBFI_HP
  aBFI_N
  aBFI_O
  bBFI_A
  bBFI_A6
  bBFI_C
  bBFI_E
  bBFI_HP
  bBFI_N
  bBFI_O
  cBFI_A
  cBFI_A6
  cBFI_C
  cBFI_E
  cBFI_HP
  cBFI_N
  cBFI_O
  dBFI_A
  dBFI_A6
  dBFI_C
  dBFI_E
  dBFI_HP
  dBFI_N
  dBFI_O
  aBFA_AC
  aBFA_AP
  aBFA_CI
  aBFA_CO
  aBFA_EA
  aBFA_EE
  aBFA_N9
  aBFA_NV
  aBFA_NW
  aBFA_OI
  aBFA_OO
  aBFA_PS
  aBFA_MT
  bBFA_AC
  bBFA_AP
  bBFA_CI
  bBFA_CO
  bBFA_EA
  bBFA_EE
  bBFA_N9
  bBFA_NV
  bBFA_NW
  bBFA_OI
  bBFA_OO
  bBFA_MT
  bBFA_PS
  cBFA_AC
  cBFA_AP
  cBFA_CI
  cBFA_CO
  cBFA_EA
  cBFA_EE
  cBFA_N9
  cBFA_NV
  cBFA_NW
  cBFA_OI
  cBFA_OO
  cBFA_MT
  cBFA_PS
  dBFA_AC
  dBFA_AP
  dBFA_CI
  dBFA_CO
  dBFA_EA
  dBFA_EE
  dBFA_N9
  dBFA_NV
  dBFA_NW
  dBFA_OI
  dBFA_OO
  dBFA_MT
  dBFA_PS
  aUSI
  bUSI
  cUSI
  dUSI
  aHRZ_IND
  bHRZ_IND
  cHRZ_IND
  dHRZ_IND
  aVRT_IND
  bVRT_IND
  cVRT_IND
  dVRT_IND
  aHRZ_COL
  bHRZ_COL
  cHRZ_COL
  dHRZ_COL
  aVRT_COL
  bVRT_COL
  cVRT_COL
  dVRT_COL
  aCOLLCTV
  bCOLLCTV
  cCOLLCTV
  dCOLLCTV
  aMVS
  bMVS
  cMVS
  dMVS
  aST
  bST
  cST
  dST
  aSD
  bSD
  cSD
  dSD
  aMVS_mc
  bMVS_mc
  cMVS_mc
  dMVS_mc
  aST_mc
  bST_mc
  cST_mc
  dST_mc
  aSD_mc
  bSD_mc
  cSD_mc
  dSD_mc
  bMEANING
  cMEANING
  dMEANING
  bMEAN_L
  cMEAN_L
  dMEAN_L
  bMEANNGc
  cMEANNGc
  dMEANNGc
  bMEANGlc
  cMEANGlc
  dMEANGlc
  bCLASSIC
  cCLASSIC
  dCLASSIC
  bCLASSCc
  cCLASSCc
  dCLASSCc
  bAGR_VAL
  cAGR_VAL
  dAGR_VAL
  bOPN_VAL
  cOPN_VAL
  dOPN_VAL
  bAGR_VLc
  cAGR_VLc
  dAGR_VLc
  bOPNVALc
  cOPNVALc
  dOPNVALc
  aMV_pomp
  bMV_pomp
  cMV_pomp
  dMV_pomp
  aST_pomp
  bST_pomp
  cST_pomp
  dST_pomp
  aSD_pomp
  bSD_pomp
  cSD_pomp
  dSD_pomp
  agoal_ec
  bgoal_ec
  cgoal_ec
  dgoal_ec
  aAspfinc
  bAspfinc
  cAspfinc
  dAspfinc
  abfi_hp8
  bbfi_hp8
  cbfi_hp8
  dbfi_hp8
  aP_S_BFI
  aP_D_BFI
  aECgoalc
  bECgoalC
  cECgoalC
  dECgoalC
  aaspfin
  baspfin
  caspfin
  daspfin
  aMVI_POMP
  bMVI_POMP
  cMVI_POMP
  dMVI_POMP;


  USEVARIABLES =
  aBFA_EA
  bBFA_EA
  cBFA_EA
  dBFA_EA
  aMVI_POMP
  bMVI_POMP
  cMVI_POMP
  dMVI_POMP
  a1
  a2
  a3
  a4
  ;

  missing = all (-9999);

  USEOBSERVATIONS are Sample == 1; ! National Sample

  tscores = a1 a2 a3 a4;

  DEFINE:
  a1 = aAGE + 0 - 36;
  a2 = aAGE + 1 - 36;
  a3 = aAGE + 2 - 36;
  a4 = aAGE + 3 - 36;

  ANALYSIS:
  TYPE=RANDOM;
  PROCESSORS = 4;
  model=nocovariances; ! supresses default estimation of certain covs in model;

  MODEL:

  i_BFA_EA s_BFA_EA | aBFA_EA bBFA_EA cBFA_EA dBFA_EA AT a1 a2 a3 a4;
  i_MVI_POMP s_MVI_POMP | aMVI_POMP bMVI_POMP cMVI_POMP dMVI_POMP AT a1 a2 a3 a4;

  ! freeing factor covs because of "nocovariances"
  s_BFA_EA WITH i_BFA_EA s_MVI_POMP i_MVI_POMP;
  i_BFA_EA WITH s_MVI_POMP i_MVI_POMP;
  s_MVI_POMP WITH i_MVI_POMP;

  p1 BY aBFA_EA@1; ! Residual "factors";
  p2 BY bBFA_EA@1;
  p3 BY cBFA_EA@1;
  p4 BY dBFA_EA@1;

  v1 BY aMVI_POMP@1; ! Residual "factors";
  v2 BY bMVI_POMP@1;
  v3 BY cMVI_POMP@1;
  v4 BY dMVI_POMP@1;

  !residual variances on observed/manifest vars set to 0
  aBFA_EA@0;
  bBFA_EA@0;
  cBFA_EA@0;
  dBFA_EA@0;

  !residual variances on observed/manifest vars set to 0
  aMVI_POMP@0;
  bMVI_POMP@0;
  cMVI_POMP@0;
  dMVI_POMP@0;

  ! means of observed/manifest vars set to 0
  [aBFA_EA@0];
  [bBFA_EA@0];
  [cBFA_EA@0];
  [dBFA_EA@0];

  ! means of observed/manifest vars set to 0
  [aMVI_POMP@0];
  [bMVI_POMP@0];
  [cMVI_POMP@0];
  [dMVI_POMP@0];

  [p1@0]; ! means of residual "factors" set to 0
  [p2@0];
  [p3@0];
  [p4@0];

  [v1@0]; ! means of residual "factors" set to 0
  [v2@0];
  [v3@0];
  [v4@0];

  p4 on p3 (a); ! Autoregressive paths constrained to equality
  p3 on p2 (a);
  p2 on p1 (a);

  v4 on v3 (b); ! Autoregressive paths constrained to equality
  v3 on v2 (b);
  v2 on v1 (b);

  p4 on v3 (c); ! Cross-lagged paths constrained to equality
  p3 on v2 (c);
  p2 on v1 (c);

  v4 on p3 (d); ! Cross-lagged paths constrained to equality
  v3 on p2 (d);
  v2 on p1 (d);

  p1 with v1 (e); ! Within-wave correlations constrained to equality
  p2 with v2 (e);
  p3 with v3 (e);
  p4 with v4 (e);

  p2 p3 p4 (f); ! estimate variances of residual "factors"
  v2 v3 v4 (g); ! estimate variances of residual "factors"

  OUTPUT: SAMPSTAT PATTERNS;



*** WARNING
  Variable name contains more than 8 characters.
  Only the first 8 characters will be printed in the output.
  Variable: AMVI_POMP
*** WARNING
  Variable name contains more than 8 characters.
  Only the first 8 characters will be printed in the output.
  Variable: BMVI_POMP
*** WARNING
  Variable name contains more than 8 characters.
  Only the first 8 characters will be printed in the output.
  Variable: CMVI_POMP
*** WARNING
  Variable name contains more than 8 characters.
  Only the first 8 characters will be printed in the output.
  Variable: DMVI_POMP
*** WARNING
  Variable name contains more than 8 characters.
  Only the first 8 characters will be printed in the output.
  Variable: I_MVI_POMP
*** WARNING
  Variable name contains more than 8 characters.
  Only the first 8 characters will be printed in the output.
  Variable: S_MVI_POMP
*** WARNING
  Data set contains cases with missing on time scores but non-missing on the
  corresponding dependent variables.  These cases were not included in the analysis.
  Number of such cases:  16
   7 WARNING(S) FOUND IN THE INPUT INSTRUCTIONS



PxVx Bivariate LCM-SR - Nat Linear BFA_EA with Linear MVI_POMP;

SUMMARY OF ANALYSIS

Number of groups                                                 1
Number of observations                                         863

Number of dependent variables                                    8
Number of independent variables                                  0
Number of continuous latent variables                           12

Observed dependent variables

  Continuous
   ABFA_EA     BBFA_EA     CBFA_EA     DBFA_EA     AMVI_POMP   BMVI_POMP
   CMVI_POMP   DMVI_POMP

Continuous latent variables
   P1          P2          P3          P4          V1          V2
   V3          V4          I_BFA_EA    S_BFA_EA    I_MVI_PO    S_MVI_PO

Variables with special functions

  Time scores
   A1          A2          A3          A4


Estimator                                                      MLR
Information matrix                                        OBSERVED
Maximum number of iterations                                   100
Convergence criterion                                    0.100D-05
Maximum number of EM iterations                                500
Convergence criteria for the EM algorithm
  Loglikelihood change                                   0.100D-02
  Relative loglikelihood change                          0.100D-05
  Derivative                                             0.100D-03
Minimum variance                                         0.100D-03
Maximum number of steepest descent iterations                   20
Maximum number of iterations for H1                           2000
Convergence criterion for H1                             0.100D-03
Optimization algorithm                                         EMA

Input data file(s)
  /Users/johnflournoy/code/lnt_pxvx/Data/LT_227.txt
Input data format  FREE


SUMMARY OF DATA

     Number of missing data patterns            17


SUMMARY OF MISSING DATA PATTERNS


     MISSING DATA PATTERNS (x = not missing)

           1  2  3  4  5  6  7  8  9 10 11 12 13 14 15 16 17
 ABFA_EA   x  x  x  x  x  x  x  x  x  x  x  x        x  x
 BBFA_EA   x     x  x        x     x  x  x     x  x
 CBFA_EA   x           x     x  x        x  x  x  x        x
 DBFA_EA   x     x     x  x              x  x  x  x     x  x
 AMVI_POM  x  x  x  x  x  x  x  x     x  x  x  x        x
 BMVI_POM  x     x  x        x     x        x  x  x
 CMVI_POM  x           x     x  x        x  x  x  x        x
 DMVI_POM  x     x     x  x              x  x  x  x        x


     MISSING DATA PATTERN FREQUENCIES

    Pattern   Frequency     Pattern   Frequency     Pattern   Frequency
          1         490           7          47          13           2
          2         169           8          23          14           3
          3          27           9           1          15           1
          4          48          10           3          16           1
          5          21          11           1          17           1
          6          24          12           1


COVARIANCE COVERAGE OF DATA

Minimum covariance coverage value   0.100


     PROPORTION OF DATA PRESENT


           Covariance Coverage
              ABFA_EA       BBFA_EA       CBFA_EA       DBFA_EA       AMVI_POM
              ________      ________      ________      ________      ________
 ABFA_EA        0.993
 BBFA_EA        0.715         0.721
 CBFA_EA        0.676         0.629         0.683
 DBFA_EA        0.655         0.606         0.601         0.662
 AMVI_POM       0.991         0.716         0.678         0.657         0.993
 BMVI_POM       0.711         0.716         0.629         0.606         0.713
 CMVI_POM       0.676         0.629         0.683         0.601         0.678
 DMVI_POM       0.654         0.606         0.601         0.660         0.656


           Covariance Coverage
              BMVI_POM      CMVI_POM      DMVI_POM
              ________      ________      ________
 BMVI_POM       0.717
 CMVI_POM       0.629         0.683
 DMVI_POM       0.606         0.601         0.660


SAMPLE STATISTICS


     ESTIMATED SAMPLE STATISTICS


           Means
              ABFA_EA       BBFA_EA       CBFA_EA       DBFA_EA       AMVI_POM
              ________      ________      ________      ________      ________
 1             61.580        61.170        60.438        60.483        61.707


           Means
              BMVI_POM      CMVI_POM      DMVI_POM
              ________      ________      ________
 1             61.330        61.536        61.292


           Covariances
              ABFA_EA       BBFA_EA       CBFA_EA       DBFA_EA       AMVI_POM
              ________      ________      ________      ________      ________
 ABFA_EA      385.305
 BBFA_EA      323.755       371.959
 CBFA_EA      314.431       316.198       377.824
 DBFA_EA      311.364       311.761       331.815       386.967
 AMVI_POM      -5.910        -7.193       -10.044       -12.693        70.487
 BMVI_POM      -7.031        -7.256        -8.211       -10.310        54.594
 CMVI_POM      -6.907        -8.332        -7.677        -9.910        53.517
 DMVI_POM      -4.558        -4.954        -4.316        -2.021        50.506


           Covariances
              BMVI_POM      CMVI_POM      DMVI_POM
              ________      ________      ________
 BMVI_POM      68.738
 CMVI_POM      57.771        74.851
 DMVI_POM      53.644        56.180        64.931


           Correlations
              ABFA_EA       BBFA_EA       CBFA_EA       DBFA_EA       AMVI_POM
              ________      ________      ________      ________      ________
 ABFA_EA        1.000
 BBFA_EA        0.855         1.000
 CBFA_EA        0.824         0.843         1.000
 DBFA_EA        0.806         0.822         0.868         1.000
 AMVI_POM      -0.036        -0.044        -0.062        -0.077         1.000
 BMVI_POM      -0.043        -0.045        -0.051        -0.063         0.784
 CMVI_POM      -0.041        -0.050        -0.046        -0.058         0.737
 DMVI_POM      -0.029        -0.032        -0.028        -0.013         0.747


           Correlations
              BMVI_POM      CMVI_POM      DMVI_POM
              ________      ________      ________
 BMVI_POM       1.000
 CMVI_POM       0.805         1.000
 DMVI_POM       0.803         0.806         1.000


     MAXIMUM LOG-LIKELIHOOD VALUE FOR THE UNRESTRICTED (H1) MODEL IS -18685.684


THE MODEL ESTIMATION TERMINATED NORMALLY



MODEL FIT INFORMATION

Number of Free Parameters                       23

Loglikelihood

          H0 Value                      -18697.839
          H0 Scaling Correction Factor      1.1541
            for MLR

Information Criteria

          Akaike (AIC)                   37441.677
          Bayesian (BIC)                 37551.167
          Sample-Size Adjusted BIC       37478.125
            (n* = (n + 2) / 24)



MODEL RESULTS

                                                    Two-Tailed
                    Estimate       S.E.  Est./S.E.    P-Value

 P1       BY
    ABFA_EA            1.000      0.000    999.000    999.000

 P2       BY
    BBFA_EA            1.000      0.000    999.000    999.000

 P3       BY
    CBFA_EA            1.000      0.000    999.000    999.000

 P4       BY
    DBFA_EA            1.000      0.000    999.000    999.000

 V1       BY
    AMVI_POMP          1.000      0.000    999.000    999.000

 V2       BY
    BMVI_POMP          1.000      0.000    999.000    999.000

 V3       BY
    CMVI_POMP          1.000      0.000    999.000    999.000

 V4       BY
    DMVI_POMP          1.000      0.000    999.000    999.000

 P4         ON
    P3                 0.244      0.066      3.723      0.000
    V3                 0.117      0.074      1.579      0.114

 P3         ON
    P2                 0.244      0.066      3.723      0.000
    V2                 0.117      0.074      1.579      0.114

 P2         ON
    P1                 0.244      0.066      3.723      0.000
    V1                 0.117      0.074      1.579      0.114

 V4         ON
    V3                 0.102      0.043      2.358      0.018
    P3                 0.023      0.020      1.188      0.235

 V3         ON
    V2                 0.102      0.043      2.358      0.018
    P2                 0.023      0.020      1.188      0.235

 V2         ON
    V1                 0.102      0.043      2.358      0.018
    P1                 0.023      0.020      1.188      0.235

 S_BFA_EA WITH
    I_BFA_EA          -1.636      0.867     -1.887      0.059
    S_MVI_POMP        -0.016      0.050     -0.328      0.743
    I_MVI_POMP        -0.629      0.949     -0.663      0.508

 I_BFA_EA WITH
    S_MVI_POMP         1.098      0.972      1.130      0.258
    I_MVI_POMP        -9.281      6.927     -1.340      0.180

 S_MVI_PO WITH
    I_MVI_POMP        -0.171      0.154     -1.111      0.266

 P1       WITH
    V1                 3.261      1.100      2.965      0.003

 P2       WITH
    V2                 3.261      1.100      2.965      0.003

 P3       WITH
    V3                 3.261      1.100      2.965      0.003

 P4       WITH
    V4                 3.261      1.100      2.965      0.003

 Means
    P1                 0.000      0.000    999.000    999.000
    V1                 0.000      0.000    999.000    999.000
    I_BFA_EA          61.076      0.642     95.187      0.000
    S_BFA_EA           0.071      0.054      1.300      0.193
    I_MVI_POMP        61.378      0.271    226.663      0.000
    S_MVI_POMP         0.077      0.024      3.259      0.001

 Intercepts
    ABFA_EA            0.000      0.000    999.000    999.000
    BBFA_EA            0.000      0.000    999.000    999.000
    CBFA_EA            0.000      0.000    999.000    999.000
    DBFA_EA            0.000      0.000    999.000    999.000
    AMVI_POMP          0.000      0.000    999.000    999.000
    BMVI_POMP          0.000      0.000    999.000    999.000
    CMVI_POMP          0.000      0.000    999.000    999.000
    DMVI_POMP          0.000      0.000    999.000    999.000
    P2                 0.000      0.000    999.000    999.000
    P3                 0.000      0.000    999.000    999.000
    P4                 0.000      0.000    999.000    999.000
    V2                 0.000      0.000    999.000    999.000
    V3                 0.000      0.000    999.000    999.000
    V4                 0.000      0.000    999.000    999.000

 Variances
    P1                75.839      7.816      9.703      0.000
    V1                20.490      1.779     11.518      0.000
    I_BFA_EA         300.374     21.819     13.767      0.000
    S_BFA_EA           0.096      0.154      0.622      0.534
    I_MVI_POMP        50.521      3.919     12.892      0.000
    S_MVI_POMP         0.018      0.030      0.599      0.549

 Residual Variances
    ABFA_EA            0.000      0.000    999.000    999.000
    BBFA_EA            0.000      0.000    999.000    999.000
    CBFA_EA            0.000      0.000    999.000    999.000
    DBFA_EA            0.000      0.000    999.000    999.000
    AMVI_POMP          0.000      0.000    999.000    999.000
    BMVI_POMP          0.000      0.000    999.000    999.000
    CMVI_POMP          0.000      0.000    999.000    999.000
    DMVI_POMP          0.000      0.000    999.000    999.000
    P2                67.917      4.913     13.823      0.000
    P3                67.917      4.913     13.823      0.000
    P4                67.917      4.913     13.823      0.000
    V2                14.819      0.897     16.520      0.000
    V3                14.819      0.897     16.520      0.000
    V4                14.819      0.897     16.520      0.000


QUALITY OF NUMERICAL RESULTS

     Condition Number for the Information Matrix              0.337E-04
       (ratio of smallest to largest eigenvalue)


     Beginning Time:  11:17:20
        Ending Time:  11:17:41
       Elapsed Time:  00:00:21



MUTHEN & MUTHEN
3463 Stoner Ave.
Los Angeles, CA  90066

Tel: (310) 391-9971
Fax: (310) 391-8971
Web: www.StatModel.com
Support: Support@StatModel.com

Copyright (c) 1998-2012 Muthen & Muthen
