Mplus VERSION 6.12
MUTHEN & MUTHEN
03/21/2016   1:10 PM

INPUT INSTRUCTIONS


  title: PxVx Univariate - Nat MeanOnly BFI_C with Lin BFA_MT;
  data: file = E:\Projects\lnt_pxvx\Data\LT_227.txt;


  variable:
  names =
  subjid
  Sample
  aGENDER
  aAGE
  aethnic1
  aethnic2
  aedu_mom
  aedu_dad
  aEDUCATN
  bEDUCATN
  cEDUCATN
  aEMPLOYD
  bEMPLOYD
  cEMPLOYD
  dEMPLOYD
  aINCOME
  bINCOME
  cINCOME
  dINCOME
  aS_SCALE
  bS_SCALE
  cS_SCALE
  dS_SCALE
  aD_SCALE
  bD_SCALE
  cD_SCALE
  dD_SCALE
  aS_COMP
  bS_COMP
  cS_COMP
  dS_COMP
  aD_COMP
  bD_COMP
  cD_COMP
  dD_COMP
  aBFI_A
  aBFI_A6
  aBFI_C
  aBFI_E
  aBFI_HP
  aBFI_N
  aBFI_O
  bBFI_A
  bBFI_A6
  bBFI_C
  bBFI_E
  bBFI_HP
  bBFI_N
  bBFI_O
  cBFI_A
  cBFI_A6
  cBFI_C
  cBFI_E
  cBFI_HP
  cBFI_N
  cBFI_O
  dBFI_A
  dBFI_A6
  dBFI_C
  dBFI_E
  dBFI_HP
  dBFI_N
  dBFI_O
  aBFA_AC
  aBFA_AP
  aBFA_CI
  aBFA_CO
  aBFA_EA
  aBFA_EE
  aBFA_N9
  aBFA_NV
  aBFA_NW
  aBFA_OI
  aBFA_OO
  aBFA_PS
  aBFA_MT
  bBFA_AC
  bBFA_AP
  bBFA_CI
  bBFA_CO
  bBFA_EA
  bBFA_EE
  bBFA_N9
  bBFA_NV
  bBFA_NW
  bBFA_OI
  bBFA_OO
  bBFA_MT
  bBFA_PS
  cBFA_AC
  cBFA_AP
  cBFA_CI
  cBFA_CO
  cBFA_EA
  cBFA_EE
  cBFA_N9
  cBFA_NV
  cBFA_NW
  cBFA_OI
  cBFA_OO
  cBFA_MT
  cBFA_PS
  dBFA_AC
  dBFA_AP
  dBFA_CI
  dBFA_CO
  dBFA_EA
  dBFA_EE
  dBFA_N9
  dBFA_NV
  dBFA_NW
  dBFA_OI
  dBFA_OO
  dBFA_MT
  dBFA_PS
  aUSI
  bUSI
  cUSI
  dUSI
  aHRZ_IND
  bHRZ_IND
  cHRZ_IND
  dHRZ_IND
  aVRT_IND
  bVRT_IND
  cVRT_IND
  dVRT_IND
  aHRZ_COL
  bHRZ_COL
  cHRZ_COL
  dHRZ_COL
  aVRT_COL
  bVRT_COL
  cVRT_COL
  dVRT_COL
  aCOLLCTV
  bCOLLCTV
  cCOLLCTV
  dCOLLCTV
  aMVS
  bMVS
  cMVS
  dMVS
  aST
  bST
  cST
  dST
  aSD
  bSD
  cSD
  dSD
  aMVS_mc
  bMVS_mc
  cMVS_mc
  dMVS_mc
  aST_mc
  bST_mc
  cST_mc
  dST_mc
  aSD_mc
  bSD_mc
  cSD_mc
  dSD_mc
  bMEANING
  cMEANING
  dMEANING
  bMEAN_L
  cMEAN_L
  dMEAN_L
  bMEANNGc
  cMEANNGc
  dMEANNGc
  bMEANGlc
  cMEANGlc
  dMEANGlc
  bCLASSIC
  cCLASSIC
  dCLASSIC
  bCLASSCc
  cCLASSCc
  dCLASSCc
  bAGR_VAL
  cAGR_VAL
  dAGR_VAL
  bOPN_VAL
  cOPN_VAL
  dOPN_VAL
  bAGR_VLc
  cAGR_VLc
  dAGR_VLc
  bOPNVALc
  cOPNVALc
  dOPNVALc
  aMV_pomp
  bMV_pomp
  cMV_pomp
  dMV_pomp
  aST_pomp
  bST_pomp
  cST_pomp
  dST_pomp
  aSD_pomp
  bSD_pomp
  cSD_pomp
  dSD_pomp
  agoal_ec
  bgoal_ec
  cgoal_ec
  dgoal_ec
  aAspfinc
  bAspfinc
  cAspfinc
  dAspfinc
  abfi_hp8
  bbfi_hp8
  cbfi_hp8
  dbfi_hp8
  aP_S_BFI
  aP_D_BFI
  aECgoalc
  bECgoalC
  cECgoalC
  dECgoalC
  aaspfin
  baspfin
  caspfin
  daspfin
  aMVI_POMP
  bMVI_POMP
  cMVI_POMP
  dMVI_POMP;


  USEVARIABLES =
  aBFI_C
  bBFI_C
  cBFI_C
  dBFI_C
  aBFA_MT
  bBFA_MT
  cBFA_MT
  dBFA_MT
  bage_c
  cage_c
  dage_c
  ;

  missing = all (-9999);

  USEOBSERVATIONS are Sample == 1; ! National Sample

  tscores = bage_c cage_c dage_c;

  DEFINE:
  bage_c = aAGE + 1 - 36;
  cage_c = aAGE + 2 - 36;
  dage_c = aAGE + 3 - 36;

  ANALYSIS:
  TYPE=RANDOM;
  PROCESSORS = 8;

  MODEL:

  i_BFI_C s_BFI_C | bBFI_C cBFI_C dBFI_C AT bage_c cage_c dage_c;
  i_BFA_MT s_BFA_MT | bBFA_MT cBFA_MT dBFA_MT AT bage_c cage_c dage_c;


  !After Bollen and Curran initial observation is not part of LGM

  dBFI_C on cBFI_C (a); ! Autoregressive paths constrained to equality
  cBFI_C on bBFI_C (a);
  bBFI_C on aBFI_C (a);

  dBFA_MT on cBFA_MT (b); ! Autoregressive paths constrained to equality
  cBFA_MT on bBFA_MT (b);
  bBFA_MT on aBFA_MT (b);

  bBFI_C cBFI_C dBFI_C (c); !Equality constraint on residuals
  bBFA_MT cBFA_MT dBFA_MT (d); !Equality constraint on residuals

  dBFA_MT on cBFI_C (x); ! Cross-lagged paths constrained to equality
  cBFA_MT on bBFI_C (x);
  bBFA_MT on aBFI_C (x);

  dBFI_C on cBFA_MT (y); ! Cross-lagged paths constrained to equality
  cBFI_C on bBFA_MT (y);
  bBFI_C on aBFA_MT (y);

  dBFA_MT with dBFI_C (w); ! within-wave correlations constrained to equality
  cBFA_MT with cBFI_C (w);
  bBFA_MT with bBFI_C (w);

  aBFI_C aBFA_MT i_BFI_C i_BFA_MT
  s_BFA_MT
  with
  s_BFA_MT
  aBFI_C aBFA_MT i_BFI_C i_BFA_MT;

  s_BFI_C@0;


  OUTPUT: SAMPSTAT PATTERNS;



*** WARNING
  Variable name contains more than 8 characters.
  Only the first 8 characters will be printed in the output.
  Variable: AMVI_POMP
*** WARNING
  Variable name contains more than 8 characters.
  Only the first 8 characters will be printed in the output.
  Variable: BMVI_POMP
*** WARNING
  Variable name contains more than 8 characters.
  Only the first 8 characters will be printed in the output.
  Variable: CMVI_POMP
*** WARNING
  Variable name contains more than 8 characters.
  Only the first 8 characters will be printed in the output.
  Variable: DMVI_POMP
*** WARNING in MODEL command
  All continuous latent variable covariances involving S_BFI_C have been fixed to 0
  because the variance of S_BFI_C is fixed at 0.
*** WARNING
  Data set contains cases with missing on time scores but non-missing on the
  corresponding dependent variables.  These cases were not included in the analysis.
  Number of such cases:  16
   6 WARNING(S) FOUND IN THE INPUT INSTRUCTIONS



PxVx Univariate - Nat MeanOnly BFI_C with Lin BFA_MT;

SUMMARY OF ANALYSIS

Number of groups                                                 1
Number of observations                                         863

Number of dependent variables                                    6
Number of independent variables                                  2
Number of continuous latent variables                            4

Observed dependent variables

  Continuous
   BBFI_C      CBFI_C      DBFI_C      BBFA_MT     CBFA_MT     DBFA_MT

Observed independent variables
   ABFI_C      ABFA_MT

Continuous latent variables
   I_BFI_C     S_BFI_C     I_BFA_MT    S_BFA_MT

Variables with special functions

  Time scores
   BAGE_C      CAGE_C      DAGE_C


Estimator                                                      MLR
Information matrix                                        OBSERVED
Maximum number of iterations                                   100
Convergence criterion                                    0.100D-05
Maximum number of EM iterations                                500
Convergence criteria for the EM algorithm
  Loglikelihood change                                   0.100D-02
  Relative loglikelihood change                          0.100D-05
  Derivative                                             0.100D-03
Minimum variance                                         0.100D-03
Maximum number of steepest descent iterations                   20
Maximum number of iterations for H1                           2000
Convergence criterion for H1                             0.100D-03
Optimization algorithm                                         EMA

Input data file(s)
  E:\Projects\lnt_pxvx\Data\LT_227.txt
Input data format  FREE


SUMMARY OF DATA

     Number of missing data patterns            16


SUMMARY OF MISSING DATA PATTERNS


     MISSING DATA PATTERNS (x = not missing)

           1  2  3  4  5  6  7  8  9 10 11 12 13 14 15 16
 BBFI_C    x     x  x        x     x  x     x  x
 CBFI_C    x           x     x  x  x  x     x  x  x     x
 DBFI_C    x     x     x  x        x  x  x  x  x  x  x  x
 BBFA_MT   x     x  x        x     x        x  x
 CBFA_MT   x           x     x  x  x  x     x  x  x     x
 DBFA_MT   x     x     x  x           x  x  x  x        x
 ABFI_C    x  x  x  x  x  x  x  x  x  x     x     x  x
 ABFA_MT   x  x  x  x  x  x  x  x  x  x  x        x  x


     MISSING DATA PATTERN FREQUENCIES

    Pattern   Frequency     Pattern   Frequency     Pattern   Frequency
          1         491           7          46          13           3
          2         169           8          21          14           2
          3          27           9           1          15           1
          4          52          10           1          16           1
          5          21          11           1
          6          24          12           2


COVARIANCE COVERAGE OF DATA

Minimum covariance coverage value   0.100


     PROPORTION OF DATA PRESENT


           Covariance Coverage
              BBFI_C        CBFI_C        DBFI_C        BBFA_MT       CBFA_MT
              ________      ________      ________      ________      ________
 BBFI_C         0.722
 CBFI_C         0.630         0.683
 DBFI_C         0.608         0.605         0.666
 BBFA_MT        0.721         0.629         0.607         0.721
 CBFA_MT        0.630         0.683         0.605         0.629         0.683
 DBFA_MT        0.607         0.601         0.662         0.606         0.601
 ABFI_C         0.718         0.678         0.660         0.717         0.678
 ABFA_MT        0.716         0.676         0.659         0.715         0.676


           Covariance Coverage
              DBFA_MT       ABFI_C        ABFA_MT
              ________      ________      ________
 DBFA_MT        0.662
 ABFI_C         0.656         0.994
 ABFA_MT        0.655         0.992         0.993


SAMPLE STATISTICS


     ESTIMATED SAMPLE STATISTICS


           Means
              BBFI_C        CBFI_C        DBFI_C        BBFA_MT       CBFA_MT
              ________      ________      ________      ________      ________
 1             68.600        68.673        68.901        48.254        47.849


           Means
              DBFA_MT       ABFI_C        ABFA_MT
              ________      ________      ________
 1             47.657        68.622        48.528


           Covariances
              BBFI_C        CBFI_C        DBFI_C        BBFA_MT       CBFA_MT
              ________      ________      ________      ________      ________
 BBFI_C       283.316
 CBFI_C       230.595       293.831
 DBFI_C       225.162       241.033       297.088
 BBFA_MT      -42.012       -32.782       -34.554       235.550
 CBFA_MT      -30.796       -30.463       -35.590       195.310       241.868
 DBFA_MT      -34.702       -32.657       -43.590       192.682       204.315
 ABFI_C       234.613       229.132       224.943       -28.372       -19.998
 ABFA_MT      -36.336       -28.965       -35.697       187.881       184.568


           Covariances
              DBFA_MT       ABFI_C        ABFA_MT
              ________      ________      ________
 DBFA_MT      252.452
 ABFI_C       -28.581       299.003
 ABFA_MT      182.230       -35.240       237.580


           Correlations
              BBFI_C        CBFI_C        DBFI_C        BBFA_MT       CBFA_MT
              ________      ________      ________      ________      ________
 BBFI_C         1.000
 CBFI_C         0.799         1.000
 DBFI_C         0.776         0.816         1.000
 BBFA_MT       -0.163        -0.125        -0.131         1.000
 CBFA_MT       -0.118        -0.114        -0.133         0.818         1.000
 DBFA_MT       -0.130        -0.120        -0.159         0.790         0.827
 ABFI_C         0.806         0.773         0.755        -0.107        -0.074
 ABFA_MT       -0.140        -0.110        -0.134         0.794         0.770


           Correlations
              DBFA_MT       ABFI_C        ABFA_MT
              ________      ________      ________
 DBFA_MT        1.000
 ABFI_C        -0.104         1.000
 ABFA_MT        0.744        -0.132         1.000


     MAXIMUM LOG-LIKELIHOOD VALUE FOR THE UNRESTRICTED (H1) MODEL IS -20184.163


THE MODEL ESTIMATION TERMINATED NORMALLY



MODEL FIT INFORMATION

Number of Free Parameters                       28

Loglikelihood

          H0 Value                      -20175.437
          H0 Scaling Correction Factor       1.250
            for MLR

Information Criteria

          Akaike (AIC)                   40406.875
          Bayesian (BIC)                 40540.167
          Sample-Size Adjusted BIC       40451.246
            (n* = (n + 2) / 24)



MODEL RESULTS

                                                    Two-Tailed
                    Estimate       S.E.  Est./S.E.    P-Value

 DBFI_C     ON
    CBFI_C             0.170      0.054      3.151      0.002
    CBFA_MT           -0.056      0.043     -1.297      0.195

 CBFI_C     ON
    BBFI_C             0.170      0.054      3.151      0.002
    BBFA_MT           -0.056      0.043     -1.297      0.195

 BBFI_C     ON
    ABFI_C             0.170      0.054      3.151      0.002
    ABFA_MT           -0.056      0.043     -1.297      0.195

 DBFA_MT    ON
    CBFA_MT            0.182      0.049      3.709      0.000
    CBFI_C            -0.017      0.035     -0.500      0.617

 CBFA_MT    ON
    BBFA_MT            0.182      0.049      3.709      0.000
    BBFI_C            -0.017      0.035     -0.500      0.617

 BBFA_MT    ON
    ABFA_MT            0.182      0.049      3.709      0.000
    ABFI_C            -0.017      0.035     -0.500      0.617

 I_BFA_MT WITH
    I_BFI_C           -7.095     13.407     -0.529      0.597

 S_BFA_MT WITH
    I_BFI_C           -0.074      0.389     -0.189      0.850
    I_BFA_MT          -0.483      0.340     -1.419      0.156

 ABFI_C   WITH
    I_BFI_C          182.120     17.199     10.589      0.000
    I_BFA_MT         -14.187     11.806     -1.202      0.230
    S_BFA_MT          -0.249      0.562     -0.442      0.658

 ABFA_MT  WITH
    I_BFI_C          -14.186     11.948     -1.187      0.235
    I_BFA_MT         145.098     13.561     10.700      0.000
    S_BFA_MT           0.634      0.500      1.269      0.204

 DBFA_MT  WITH
    DBFI_C            -6.734      2.580     -2.611      0.009

 CBFA_MT  WITH
    CBFI_C            -6.734      2.580     -2.611      0.009

 BBFA_MT  WITH
    BBFI_C            -6.734      2.580     -2.611      0.009

 ABFA_MT  WITH
    ABFI_C           -35.223      9.171     -3.841      0.000

 Means
    ABFI_C            68.621      0.588    116.686      0.000
    ABFA_MT           48.529      0.525     92.487      0.000
    I_BFI_C           59.558      4.599     12.949      0.000
    S_BFI_C            0.088      0.030      2.973      0.003
    I_BFA_MT          40.480      3.742     10.817      0.000
    S_BFA_MT          -0.024      0.029     -0.818      0.413

 Intercepts
    BBFI_C             0.000      0.000    999.000    999.000
    CBFI_C             0.000      0.000    999.000    999.000
    DBFI_C             0.000      0.000    999.000    999.000
    BBFA_MT            0.000      0.000    999.000    999.000
    CBFA_MT            0.000      0.000    999.000    999.000
    DBFA_MT            0.000      0.000    999.000    999.000

 Variances
    ABFI_C           299.017     13.457     22.220      0.000
    ABFA_MT          237.776     11.488     20.697      0.000
    I_BFI_C          147.803     23.822      6.205      0.000
    S_BFI_C            0.000      0.000    999.000    999.000
    I_BFA_MT         120.479     18.944      6.360      0.000
    S_BFA_MT           0.068      0.037      1.863      0.062

 Residual Variances
    BBFI_C            65.350      4.572     14.292      0.000
    CBFI_C            65.350      4.572     14.292      0.000
    DBFI_C            65.350      4.572     14.292      0.000
    BBFA_MT           51.112      3.788     13.493      0.000
    CBFA_MT           51.112      3.788     13.493      0.000
    DBFA_MT           51.112      3.788     13.493      0.000


QUALITY OF NUMERICAL RESULTS

     Condition Number for the Information Matrix              0.618E-06
       (ratio of smallest to largest eigenvalue)


     Beginning Time:  13:10:23
        Ending Time:  13:10:27
       Elapsed Time:  00:00:04



MUTHEN & MUTHEN
3463 Stoner Ave.
Los Angeles, CA  90066

Tel: (310) 391-9971
Fax: (310) 391-8971
Web: www.StatModel.com
Support: Support@StatModel.com

Copyright (c) 1998-2011 Muthen & Muthen
