Mplus VERSION 6.12
MUTHEN & MUTHEN
03/09/2016   6:21 PM

INPUT INSTRUCTIONS


  title: PxVx Univariate - Col Lin BFA_EA with MeanOnly VRT_IND;
  data: file = E:\Projects\lnt_pxvx\Data\LT_227.txt;



  variable:
  names =
  subjid
  Sample
  aGENDER
  aAGE
  aethnic1
  aethnic2
  aedu_mom
  aedu_dad
  aEDUCATN
  bEDUCATN
  cEDUCATN
  aEMPLOYD
  bEMPLOYD
  cEMPLOYD
  dEMPLOYD
  aINCOME
  bINCOME
  cINCOME
  dINCOME
  aS_SCALE
  bS_SCALE
  cS_SCALE
  dS_SCALE
  aD_SCALE
  bD_SCALE
  cD_SCALE
  dD_SCALE
  aS_COMP
  bS_COMP
  cS_COMP
  dS_COMP
  aD_COMP
  bD_COMP
  cD_COMP
  dD_COMP
  aBFI_A
  aBFI_A6
  aBFI_C
  aBFI_E
  aBFI_HP
  aBFI_N
  aBFI_O
  bBFI_A
  bBFI_A6
  bBFI_C
  bBFI_E
  bBFI_HP
  bBFI_N
  bBFI_O
  cBFI_A
  cBFI_A6
  cBFI_C
  cBFI_E
  cBFI_HP
  cBFI_N
  cBFI_O
  dBFI_A
  dBFI_A6
  dBFI_C
  dBFI_E
  dBFI_HP
  dBFI_N
  dBFI_O
  aBFA_AC
  aBFA_AP
  aBFA_CI
  aBFA_CO
  aBFA_EA
  aBFA_EE
  aBFA_N9
  aBFA_NV
  aBFA_NW
  aBFA_OI
  aBFA_OO
  aBFA_PS
  aBFA_MT
  bBFA_AC
  bBFA_AP
  bBFA_CI
  bBFA_CO
  bBFA_EA
  bBFA_EE
  bBFA_N9
  bBFA_NV
  bBFA_NW
  bBFA_OI
  bBFA_OO
  bBFA_MT
  bBFA_PS
  cBFA_AC
  cBFA_AP
  cBFA_CI
  cBFA_CO
  cBFA_EA
  cBFA_EE
  cBFA_N9
  cBFA_NV
  cBFA_NW
  cBFA_OI
  cBFA_OO
  cBFA_MT
  cBFA_PS
  dBFA_AC
  dBFA_AP
  dBFA_CI
  dBFA_CO
  dBFA_EA
  dBFA_EE
  dBFA_N9
  dBFA_NV
  dBFA_NW
  dBFA_OI
  dBFA_OO
  dBFA_MT
  dBFA_PS
  aUSI
  bUSI
  cUSI
  dUSI
  aHRZ_IND
  bHRZ_IND
  cHRZ_IND
  dHRZ_IND
  aVRT_IND
  bVRT_IND
  cVRT_IND
  dVRT_IND
  aHRZ_COL
  bHRZ_COL
  cHRZ_COL
  dHRZ_COL
  aVRT_COL
  bVRT_COL
  cVRT_COL
  dVRT_COL
  aCOLLCTV
  bCOLLCTV
  cCOLLCTV
  dCOLLCTV
  aMVS
  bMVS
  cMVS
  dMVS
  aST
  bST
  cST
  dST
  aSD
  bSD
  cSD
  dSD
  aMVS_mc
  bMVS_mc
  cMVS_mc
  dMVS_mc
  aST_mc
  bST_mc
  cST_mc
  dST_mc
  aSD_mc
  bSD_mc
  cSD_mc
  dSD_mc
  bMEANING
  cMEANING
  dMEANING
  bMEAN_L
  cMEAN_L
  dMEAN_L
  bMEANNGc
  cMEANNGc
  dMEANNGc
  bMEANGlc
  cMEANGlc
  dMEANGlc
  bCLASSIC
  cCLASSIC
  dCLASSIC
  bCLASSCc
  cCLASSCc
  dCLASSCc
  bAGR_VAL
  cAGR_VAL
  dAGR_VAL
  bOPN_VAL
  cOPN_VAL
  dOPN_VAL
  bAGR_VLc
  cAGR_VLc
  dAGR_VLc
  bOPNVALc
  cOPNVALc
  dOPNVALc
  aMV_pomp
  bMV_pomp
  cMV_pomp
  dMV_pomp
  aST_pomp
  bST_pomp
  cST_pomp
  dST_pomp
  aSD_pomp
  bSD_pomp
  cSD_pomp
  dSD_pomp
  agoal_ec
  bgoal_ec
  cgoal_ec
  dgoal_ec
  aAspfinc
  bAspfinc
  cAspfinc
  dAspfinc
  abfi_hp8
  bbfi_hp8
  cbfi_hp8
  dbfi_hp8
  aP_S_BFI
  aP_D_BFI
  aECgoalc
  bECgoalC
  cECgoalC
  dECgoalC
  aaspfin
  baspfin
  caspfin
  daspfin;

  USEVARIABLES =
  aBFA_EA
  bBFA_EA
  cBFA_EA
  dBFA_EA
  aVRT_IND
  bVRT_IND
  cVRT_IND
  dVRT_IND
  bage_c
  cage_c
  dage_c
  ;

  missing = all (-9999);

  USEOBSERVATIONS are Sample == 2; ! College Sample

  tscores = bage_c cage_c dage_c;

  DEFINE:
  bage_c = aAGE + 1 - 20.5;
  cage_c = aAGE + 2 - 20.5;
  dage_c = aAGE + 3 - 20.5;

  ANALYSIS:
  TYPE=RANDOM;
  PROCESSORS = 8;

  MODEL:

  i_BFA_EA s_BFA_EA | bBFA_EA cBFA_EA dBFA_EA AT bage_c cage_c dage_c;
  i_VRT_IND s_VRT_IND | bVRT_IND cVRT_IND dVRT_IND AT bage_c cage_c dage_c;


  !After Bollen and Curran initial observation is not part of LGM

  dBFA_EA on cBFA_EA (a); ! Autoregressive paths constrained to equality
  cBFA_EA on bBFA_EA (a);
  bBFA_EA on aBFA_EA (a);

  dVRT_IND on cVRT_IND (b); ! Autoregressive paths constrained to equality
  cVRT_IND on bVRT_IND (b);
  bVRT_IND on aVRT_IND (b);

  bBFA_EA cBFA_EA dBFA_EA (c); !Equality constraint on residuals
  bVRT_IND cVRT_IND dVRT_IND (d); !Equality constraint on residuals

  dVRT_IND on cBFA_EA (x); ! Cross-lagged paths constrained to equality
  cVRT_IND on bBFA_EA (x);
  bVRT_IND on aBFA_EA (x);

  dBFA_EA on cVRT_IND (y); ! Cross-lagged paths constrained to equality
  cBFA_EA on bVRT_IND (y);
  bBFA_EA on aVRT_IND (y);

  dVRT_IND with dBFA_EA (w); ! within-wave correlations constrained to equality
  cVRT_IND with cBFA_EA (w);
  bVRT_IND with bBFA_EA (w);

  aBFA_EA aVRT_IND i_BFA_EA i_VRT_IND
  s_BFA_EA
  with
  s_BFA_EA
  aBFA_EA aVRT_IND i_BFA_EA i_VRT_IND;


  s_VRT_IND@0;

  OUTPUT: SAMPSTAT PATTERNS;



*** WARNING
  Variable name contains more than 8 characters.
  Only the first 8 characters will be printed in the output.
  Variable: I_VRT_IND
*** WARNING
  Variable name contains more than 8 characters.
  Only the first 8 characters will be printed in the output.
  Variable: S_VRT_IND
*** WARNING in MODEL command
  All continuous latent variable covariances involving S_VRT_IND have been fixed to 0
  because the variance of S_VRT_IND is fixed at 0.
*** WARNING
  Data set contains cases with missing on all variables.
  These cases were not included in the analysis.
  Number of cases with missing on all variables:  1
   4 WARNING(S) FOUND IN THE INPUT INSTRUCTIONS



PxVx Univariate - Col Lin BFA_EA with MeanOnly VRT_IND;

SUMMARY OF ANALYSIS

Number of groups                                                 1
Number of observations                                         279

Number of dependent variables                                    6
Number of independent variables                                  2
Number of continuous latent variables                            4

Observed dependent variables

  Continuous
   BBFA_EA     CBFA_EA     DBFA_EA     BVRT_IND    CVRT_IND    DVRT_IND

Observed independent variables
   ABFA_EA     AVRT_IND

Continuous latent variables
   I_BFA_EA    S_BFA_EA    I_VRT_IN    S_VRT_IN

Variables with special functions

  Time scores
   BAGE_C      CAGE_C      DAGE_C


Estimator                                                      MLR
Information matrix                                        OBSERVED
Maximum number of iterations                                   100
Convergence criterion                                    0.100D-05
Maximum number of EM iterations                                500
Convergence criteria for the EM algorithm
  Loglikelihood change                                   0.100D-02
  Relative loglikelihood change                          0.100D-05
  Derivative                                             0.100D-03
Minimum variance                                         0.100D-03
Maximum number of steepest descent iterations                   20
Maximum number of iterations for H1                           2000
Convergence criterion for H1                             0.100D-03
Optimization algorithm                                         EMA

Input data file(s)
  E:\Projects\lnt_pxvx\Data\LT_227.txt
Input data format  FREE


SUMMARY OF DATA

     Number of missing data patterns            13


SUMMARY OF MISSING DATA PATTERNS


     MISSING DATA PATTERNS (x = not missing)

           1  2  3  4  5  6  7  8  9 10 11 12 13
 BBFA_EA   x  x     x        x  x              x
 CBFA_EA   x  x  x                 x  x
 DBFA_EA   x              x  x  x  x  x
 BVRT_IND  x  x     x           x
 CVRT_IND  x  x  x                 x  x
 DVRT_IND  x              x     x     x
 ABFA_EA   x  x  x  x  x  x  x  x  x  x  x     x
 AVRT_IND  x  x  x  x  x  x  x  x  x  x     x  x


     MISSING DATA PATTERN FREQUENCIES

    Pattern   Frequency     Pattern   Frequency     Pattern   Frequency
          1         140           6          11          11           2
          2          12           7           1          12           1
          3           5           8          16          13           2
          4          27           9           1
          5          51          10          10


COVARIANCE COVERAGE OF DATA

Minimum covariance coverage value   0.100


     PROPORTION OF DATA PRESENT


           Covariance Coverage
              BBFA_EA       CBFA_EA       DBFA_EA       BVRT_IND      CVRT_IND
              ________      ________      ________      ________      ________
 BBFA_EA        0.710
 CBFA_EA        0.545         0.602
 DBFA_EA        0.563         0.541         0.642
 BVRT_IND       0.699         0.545         0.559         0.699
 CVRT_IND       0.545         0.602         0.541         0.545         0.602
 DVRT_IND       0.559         0.538         0.634         0.559         0.538
 ABFA_EA        0.710         0.602         0.642         0.699         0.602
 AVRT_IND       0.710         0.602         0.642         0.699         0.602


           Covariance Coverage
              DVRT_IND      ABFA_EA       AVRT_IND
              ________      ________      ________
 DVRT_IND       0.634
 ABFA_EA        0.634         0.996
 AVRT_IND       0.634         0.989         0.993


SAMPLE STATISTICS


     ESTIMATED SAMPLE STATISTICS


           Means
              BBFA_EA       CBFA_EA       DBFA_EA       BVRT_IND      CVRT_IND
              ________      ________      ________      ________      ________
 1             60.832        60.445        60.708        47.169        47.709


           Means
              DVRT_IND      ABFA_EA       AVRT_IND
              ________      ________      ________
 1             47.049        62.944        49.329


           Covariances
              BBFA_EA       CBFA_EA       DBFA_EA       BVRT_IND      CVRT_IND
              ________      ________      ________      ________      ________
 BBFA_EA      339.145
 CBFA_EA      266.412       308.145
 DBFA_EA      242.064       262.692       303.250
 BVRT_IND      57.728        53.565        57.243       381.773
 CVRT_IND      58.578        91.477        96.148       259.902       390.886
 DVRT_IND      66.383        83.953        93.118       253.422       276.801
 ABFA_EA      259.007       243.876       228.079        58.943        81.574
 AVRT_IND      28.492        30.522        43.137       262.726       259.905


           Covariances
              DVRT_IND      ABFA_EA       AVRT_IND
              ________      ________      ________
 DVRT_IND     407.114
 ABFA_EA       63.397       310.483
 AVRT_IND     239.398        38.306       388.068


           Correlations
              BBFA_EA       CBFA_EA       DBFA_EA       BVRT_IND      CVRT_IND
              ________      ________      ________      ________      ________
 BBFA_EA        1.000
 CBFA_EA        0.824         1.000
 DBFA_EA        0.755         0.859         1.000
 BVRT_IND       0.160         0.156         0.168         1.000
 CVRT_IND       0.161         0.264         0.279         0.673         1.000
 DVRT_IND       0.179         0.237         0.265         0.643         0.694
 ABFA_EA        0.798         0.788         0.743         0.171         0.234
 AVRT_IND       0.079         0.088         0.126         0.683         0.667


           Correlations
              DVRT_IND      ABFA_EA       AVRT_IND
              ________      ________      ________
 DVRT_IND       1.000
 ABFA_EA        0.178         1.000
 AVRT_IND       0.602         0.110         1.000


     MAXIMUM LOG-LIKELIHOOD VALUE FOR THE UNRESTRICTED (H1) MODEL IS -6601.284


THE MODEL ESTIMATION TERMINATED NORMALLY



MODEL FIT INFORMATION

Number of Free Parameters                       28

Loglikelihood

          H0 Value                       -6605.615
          H0 Scaling Correction Factor       1.212
            for MLR

Information Criteria

          Akaike (AIC)                   13267.231
          Bayesian (BIC)                 13368.904
          Sample-Size Adjusted BIC       13280.119
            (n* = (n + 2) / 24)



MODEL RESULTS

                                                    Two-Tailed
                    Estimate       S.E.  Est./S.E.    P-Value

 DBFA_EA    ON
    CBFA_EA            0.261      0.098      2.661      0.008
    CVRT_IND           0.047      0.089      0.523      0.601

 CBFA_EA    ON
    BBFA_EA            0.261      0.098      2.661      0.008
    BVRT_IND           0.047      0.089      0.523      0.601

 BBFA_EA    ON
    ABFA_EA            0.261      0.098      2.661      0.008
    AVRT_IND           0.047      0.089      0.523      0.601

 DVRT_IND   ON
    CVRT_IND           0.121      0.110      1.107      0.268
    CBFA_EA            0.068      0.094      0.719      0.472

 CVRT_IND   ON
    BVRT_IND           0.121      0.110      1.107      0.268
    BBFA_EA            0.068      0.094      0.719      0.472

 BVRT_IND   ON
    AVRT_IND           0.121      0.110      1.107      0.268
    ABFA_EA            0.068      0.094      0.719      0.472

 S_BFA_EA WITH
    I_BFA_EA         -30.884     13.828     -2.234      0.026

 I_VRT_IN WITH
    I_BFA_EA          -4.112     39.414     -0.104      0.917
    S_BFA_EA          11.413      8.612      1.325      0.185

 ABFA_EA  WITH
    I_BFA_EA         180.865     36.797      4.915      0.000
    S_BFA_EA          -5.127      8.326     -0.616      0.538
    I_VRT_IND         41.129     28.644      1.436      0.151

 AVRT_IND WITH
    I_BFA_EA         -15.167     40.092     -0.378      0.705
    S_BFA_EA          14.449      9.143      1.580      0.114
    I_VRT_IND        215.358     38.348      5.616      0.000

 DVRT_IND WITH
    DBFA_EA           17.148      8.478      2.023      0.043

 CVRT_IND WITH
    CBFA_EA           17.148      8.478      2.023      0.043

 BVRT_IND WITH
    BBFA_EA           17.148      8.478      2.023      0.043

 AVRT_IND WITH
    ABFA_EA           38.303     21.030      1.821      0.069

 Means
    ABFA_EA           62.944      1.056     59.586      0.000
    AVRT_IND          49.329      1.181     41.758      0.000
    I_BFA_EA          41.370      3.402     12.159      0.000
    S_BFA_EA           0.478      0.453      1.056      0.291
    I_VRT_IND         37.235      4.033      9.233      0.000
    S_VRT_IND          0.037      0.606      0.061      0.951

 Intercepts
    BBFA_EA            0.000      0.000    999.000    999.000
    CBFA_EA            0.000      0.000    999.000    999.000
    DBFA_EA            0.000      0.000    999.000    999.000
    BVRT_IND           0.000      0.000    999.000    999.000
    CVRT_IND           0.000      0.000    999.000    999.000
    DVRT_IND           0.000      0.000    999.000    999.000

 Variances
    ABFA_EA          310.479     28.277     10.980      0.000
    AVRT_IND         388.067     31.339     12.383      0.000
    I_BFA_EA         209.474     68.377      3.064      0.002
    S_BFA_EA          10.601      4.923      2.153      0.031
    I_VRT_IND        188.202     55.971      3.362      0.001
    S_VRT_IND          0.000      0.000    999.000    999.000

 Residual Variances
    BBFA_EA           59.475     10.627      5.596      0.000
    CBFA_EA           59.475     10.627      5.596      0.000
    DBFA_EA           59.475     10.627      5.596      0.000
    BVRT_IND         140.127     13.870     10.103      0.000
    CVRT_IND         140.127     13.870     10.103      0.000
    DVRT_IND         140.127     13.870     10.103      0.000


QUALITY OF NUMERICAL RESULTS

     Condition Number for the Information Matrix              0.988E-07
       (ratio of smallest to largest eigenvalue)


     Beginning Time:  18:21:04
        Ending Time:  18:21:06
       Elapsed Time:  00:00:02



MUTHEN & MUTHEN
3463 Stoner Ave.
Los Angeles, CA  90066

Tel: (310) 391-9971
Fax: (310) 391-8971
Web: www.StatModel.com
Support: Support@StatModel.com

Copyright (c) 1998-2011 Muthen & Muthen
