Mplus VERSION 6.12
MUTHEN & MUTHEN
03/09/2016   6:21 PM

INPUT INSTRUCTIONS


  title: PxVx Univariate - Col Lin BFA_EA with Lin VRT_IND;
  data: file = E:\Projects\lnt_pxvx\Data\LT_227.txt;



  variable:
  names =
  subjid
  Sample
  aGENDER
  aAGE
  aethnic1
  aethnic2
  aedu_mom
  aedu_dad
  aEDUCATN
  bEDUCATN
  cEDUCATN
  aEMPLOYD
  bEMPLOYD
  cEMPLOYD
  dEMPLOYD
  aINCOME
  bINCOME
  cINCOME
  dINCOME
  aS_SCALE
  bS_SCALE
  cS_SCALE
  dS_SCALE
  aD_SCALE
  bD_SCALE
  cD_SCALE
  dD_SCALE
  aS_COMP
  bS_COMP
  cS_COMP
  dS_COMP
  aD_COMP
  bD_COMP
  cD_COMP
  dD_COMP
  aBFI_A
  aBFI_A6
  aBFI_C
  aBFI_E
  aBFI_HP
  aBFI_N
  aBFI_O
  bBFI_A
  bBFI_A6
  bBFI_C
  bBFI_E
  bBFI_HP
  bBFI_N
  bBFI_O
  cBFI_A
  cBFI_A6
  cBFI_C
  cBFI_E
  cBFI_HP
  cBFI_N
  cBFI_O
  dBFI_A
  dBFI_A6
  dBFI_C
  dBFI_E
  dBFI_HP
  dBFI_N
  dBFI_O
  aBFA_AC
  aBFA_AP
  aBFA_CI
  aBFA_CO
  aBFA_EA
  aBFA_EE
  aBFA_N9
  aBFA_NV
  aBFA_NW
  aBFA_OI
  aBFA_OO
  aBFA_PS
  aBFA_MT
  bBFA_AC
  bBFA_AP
  bBFA_CI
  bBFA_CO
  bBFA_EA
  bBFA_EE
  bBFA_N9
  bBFA_NV
  bBFA_NW
  bBFA_OI
  bBFA_OO
  bBFA_MT
  bBFA_PS
  cBFA_AC
  cBFA_AP
  cBFA_CI
  cBFA_CO
  cBFA_EA
  cBFA_EE
  cBFA_N9
  cBFA_NV
  cBFA_NW
  cBFA_OI
  cBFA_OO
  cBFA_MT
  cBFA_PS
  dBFA_AC
  dBFA_AP
  dBFA_CI
  dBFA_CO
  dBFA_EA
  dBFA_EE
  dBFA_N9
  dBFA_NV
  dBFA_NW
  dBFA_OI
  dBFA_OO
  dBFA_MT
  dBFA_PS
  aUSI
  bUSI
  cUSI
  dUSI
  aHRZ_IND
  bHRZ_IND
  cHRZ_IND
  dHRZ_IND
  aVRT_IND
  bVRT_IND
  cVRT_IND
  dVRT_IND
  aHRZ_COL
  bHRZ_COL
  cHRZ_COL
  dHRZ_COL
  aVRT_COL
  bVRT_COL
  cVRT_COL
  dVRT_COL
  aCOLLCTV
  bCOLLCTV
  cCOLLCTV
  dCOLLCTV
  aMVS
  bMVS
  cMVS
  dMVS
  aST
  bST
  cST
  dST
  aSD
  bSD
  cSD
  dSD
  aMVS_mc
  bMVS_mc
  cMVS_mc
  dMVS_mc
  aST_mc
  bST_mc
  cST_mc
  dST_mc
  aSD_mc
  bSD_mc
  cSD_mc
  dSD_mc
  bMEANING
  cMEANING
  dMEANING
  bMEAN_L
  cMEAN_L
  dMEAN_L
  bMEANNGc
  cMEANNGc
  dMEANNGc
  bMEANGlc
  cMEANGlc
  dMEANGlc
  bCLASSIC
  cCLASSIC
  dCLASSIC
  bCLASSCc
  cCLASSCc
  dCLASSCc
  bAGR_VAL
  cAGR_VAL
  dAGR_VAL
  bOPN_VAL
  cOPN_VAL
  dOPN_VAL
  bAGR_VLc
  cAGR_VLc
  dAGR_VLc
  bOPNVALc
  cOPNVALc
  dOPNVALc
  aMV_pomp
  bMV_pomp
  cMV_pomp
  dMV_pomp
  aST_pomp
  bST_pomp
  cST_pomp
  dST_pomp
  aSD_pomp
  bSD_pomp
  cSD_pomp
  dSD_pomp
  agoal_ec
  bgoal_ec
  cgoal_ec
  dgoal_ec
  aAspfinc
  bAspfinc
  cAspfinc
  dAspfinc
  abfi_hp8
  bbfi_hp8
  cbfi_hp8
  dbfi_hp8
  aP_S_BFI
  aP_D_BFI
  aECgoalc
  bECgoalC
  cECgoalC
  dECgoalC
  aaspfin
  baspfin
  caspfin
  daspfin;

  USEVARIABLES =
  aBFA_EA
  bBFA_EA
  cBFA_EA
  dBFA_EA
  aVRT_IND
  bVRT_IND
  cVRT_IND
  dVRT_IND
  bage_c
  cage_c
  dage_c
  ;

  missing = all (-9999);

  USEOBSERVATIONS are Sample == 2; ! College Sample

  tscores = bage_c cage_c dage_c;

  DEFINE:
  bage_c = aAGE + 1 - 20.5;
  cage_c = aAGE + 2 - 20.5;
  dage_c = aAGE + 3 - 20.5;

  ANALYSIS:
  TYPE=RANDOM;
  PROCESSORS = 8;

  MODEL:

  i_BFA_EA s_BFA_EA | bBFA_EA cBFA_EA dBFA_EA AT bage_c cage_c dage_c;
  i_VRT_IND s_VRT_IND | bVRT_IND cVRT_IND dVRT_IND AT bage_c cage_c dage_c;


  !After Bollen and Curran initial observation is not part of LGM

  dBFA_EA on cBFA_EA (a); ! Autoregressive paths constrained to equality
  cBFA_EA on bBFA_EA (a);
  bBFA_EA on aBFA_EA (a);

  dVRT_IND on cVRT_IND (b); ! Autoregressive paths constrained to equality
  cVRT_IND on bVRT_IND (b);
  bVRT_IND on aVRT_IND (b);

  bBFA_EA cBFA_EA dBFA_EA (c); !Equality constraint on residuals
  bVRT_IND cVRT_IND dVRT_IND (d); !Equality constraint on residuals

  dVRT_IND on cBFA_EA (x); ! Cross-lagged paths constrained to equality
  cVRT_IND on bBFA_EA (x);
  bVRT_IND on aBFA_EA (x);

  dBFA_EA on cVRT_IND (y); ! Cross-lagged paths constrained to equality
  cBFA_EA on bVRT_IND (y);
  bBFA_EA on aVRT_IND (y);

  dVRT_IND with dBFA_EA (w); ! within-wave correlations constrained to equality
  cVRT_IND with cBFA_EA (w);
  bVRT_IND with bBFA_EA (w);

  aBFA_EA aVRT_IND i_BFA_EA i_VRT_IND
  s_BFA_EA
  s_VRT_IND
  with
  s_BFA_EA
  s_VRT_IND
  aBFA_EA aVRT_IND i_BFA_EA i_VRT_IND;



  OUTPUT: SAMPSTAT PATTERNS;



*** WARNING
  Variable name contains more than 8 characters.
  Only the first 8 characters will be printed in the output.
  Variable: I_VRT_IND
*** WARNING
  Variable name contains more than 8 characters.
  Only the first 8 characters will be printed in the output.
  Variable: S_VRT_IND
*** WARNING
  Data set contains cases with missing on all variables.
  These cases were not included in the analysis.
  Number of cases with missing on all variables:  1
   3 WARNING(S) FOUND IN THE INPUT INSTRUCTIONS



PxVx Univariate - Col Lin BFA_EA with Lin VRT_IND;

SUMMARY OF ANALYSIS

Number of groups                                                 1
Number of observations                                         279

Number of dependent variables                                    6
Number of independent variables                                  2
Number of continuous latent variables                            4

Observed dependent variables

  Continuous
   BBFA_EA     CBFA_EA     DBFA_EA     BVRT_IND    CVRT_IND    DVRT_IND

Observed independent variables
   ABFA_EA     AVRT_IND

Continuous latent variables
   I_BFA_EA    S_BFA_EA    I_VRT_IN    S_VRT_IN

Variables with special functions

  Time scores
   BAGE_C      CAGE_C      DAGE_C


Estimator                                                      MLR
Information matrix                                        OBSERVED
Maximum number of iterations                                   100
Convergence criterion                                    0.100D-05
Maximum number of EM iterations                                500
Convergence criteria for the EM algorithm
  Loglikelihood change                                   0.100D-02
  Relative loglikelihood change                          0.100D-05
  Derivative                                             0.100D-03
Minimum variance                                         0.100D-03
Maximum number of steepest descent iterations                   20
Maximum number of iterations for H1                           2000
Convergence criterion for H1                             0.100D-03
Optimization algorithm                                         EMA

Input data file(s)
  E:\Projects\lnt_pxvx\Data\LT_227.txt
Input data format  FREE


SUMMARY OF DATA

     Number of missing data patterns            13


SUMMARY OF MISSING DATA PATTERNS


     MISSING DATA PATTERNS (x = not missing)

           1  2  3  4  5  6  7  8  9 10 11 12 13
 BBFA_EA   x  x     x        x  x              x
 CBFA_EA   x  x  x                 x  x
 DBFA_EA   x              x  x  x  x  x
 BVRT_IND  x  x     x           x
 CVRT_IND  x  x  x                 x  x
 DVRT_IND  x              x     x     x
 ABFA_EA   x  x  x  x  x  x  x  x  x  x  x     x
 AVRT_IND  x  x  x  x  x  x  x  x  x  x     x  x


     MISSING DATA PATTERN FREQUENCIES

    Pattern   Frequency     Pattern   Frequency     Pattern   Frequency
          1         140           6          11          11           2
          2          12           7           1          12           1
          3           5           8          16          13           2
          4          27           9           1
          5          51          10          10


COVARIANCE COVERAGE OF DATA

Minimum covariance coverage value   0.100


     PROPORTION OF DATA PRESENT


           Covariance Coverage
              BBFA_EA       CBFA_EA       DBFA_EA       BVRT_IND      CVRT_IND
              ________      ________      ________      ________      ________
 BBFA_EA        0.710
 CBFA_EA        0.545         0.602
 DBFA_EA        0.563         0.541         0.642
 BVRT_IND       0.699         0.545         0.559         0.699
 CVRT_IND       0.545         0.602         0.541         0.545         0.602
 DVRT_IND       0.559         0.538         0.634         0.559         0.538
 ABFA_EA        0.710         0.602         0.642         0.699         0.602
 AVRT_IND       0.710         0.602         0.642         0.699         0.602


           Covariance Coverage
              DVRT_IND      ABFA_EA       AVRT_IND
              ________      ________      ________
 DVRT_IND       0.634
 ABFA_EA        0.634         0.996
 AVRT_IND       0.634         0.989         0.993


SAMPLE STATISTICS


     ESTIMATED SAMPLE STATISTICS


           Means
              BBFA_EA       CBFA_EA       DBFA_EA       BVRT_IND      CVRT_IND
              ________      ________      ________      ________      ________
 1             60.832        60.445        60.708        47.169        47.709


           Means
              DVRT_IND      ABFA_EA       AVRT_IND
              ________      ________      ________
 1             47.049        62.944        49.329


           Covariances
              BBFA_EA       CBFA_EA       DBFA_EA       BVRT_IND      CVRT_IND
              ________      ________      ________      ________      ________
 BBFA_EA      339.145
 CBFA_EA      266.412       308.145
 DBFA_EA      242.064       262.692       303.250
 BVRT_IND      57.728        53.565        57.243       381.773
 CVRT_IND      58.578        91.477        96.148       259.902       390.886
 DVRT_IND      66.383        83.953        93.118       253.422       276.801
 ABFA_EA      259.007       243.876       228.079        58.943        81.574
 AVRT_IND      28.492        30.522        43.137       262.726       259.905


           Covariances
              DVRT_IND      ABFA_EA       AVRT_IND
              ________      ________      ________
 DVRT_IND     407.114
 ABFA_EA       63.397       310.483
 AVRT_IND     239.398        38.306       388.068


           Correlations
              BBFA_EA       CBFA_EA       DBFA_EA       BVRT_IND      CVRT_IND
              ________      ________      ________      ________      ________
 BBFA_EA        1.000
 CBFA_EA        0.824         1.000
 DBFA_EA        0.755         0.859         1.000
 BVRT_IND       0.160         0.156         0.168         1.000
 CVRT_IND       0.161         0.264         0.279         0.673         1.000
 DVRT_IND       0.179         0.237         0.265         0.643         0.694
 ABFA_EA        0.798         0.788         0.743         0.171         0.234
 AVRT_IND       0.079         0.088         0.126         0.683         0.667


           Correlations
              DVRT_IND      ABFA_EA       AVRT_IND
              ________      ________      ________
 DVRT_IND       1.000
 ABFA_EA        0.178         1.000
 AVRT_IND       0.602         0.110         1.000


     MAXIMUM LOG-LIKELIHOOD VALUE FOR THE UNRESTRICTED (H1) MODEL IS -6601.284

     WARNING:  THE MLR STANDARD ERRORS COULD NOT BE COMPUTED.  THE MLF STANDARD
     ERRORS WERE COMPUTED INSTEAD.  THE MLR CONDITION NUMBER IS      -0.140D-06.
     PROBLEM INVOLVING PARAMETER 32.  THIS MAY BE DUE TO NEAR SINGULARITY
     OF THE RANDOM EFFECT VARIANCE/COVARIANCE OR INCOMPLETE CONVERGENCE.

THE MODEL ESTIMATION TERMINATED NORMALLY



MODEL FIT INFORMATION

Number of Free Parameters                       34

Loglikelihood

          H0 Value                       -6601.377

Information Criteria

          Akaike (AIC)                   13270.754
          Bayesian (BIC)                 13394.215
          Sample-Size Adjusted BIC       13286.404
            (n* = (n + 2) / 24)



MODEL RESULTS

                                                    Two-Tailed
                    Estimate       S.E.  Est./S.E.    P-Value

 DBFA_EA    ON
    CBFA_EA            0.252      0.129      1.952      0.051
    CVRT_IND           0.018      0.070      0.265      0.791

 CBFA_EA    ON
    BBFA_EA            0.252      0.129      1.952      0.051
    BVRT_IND           0.018      0.070      0.265      0.791

 BBFA_EA    ON
    ABFA_EA            0.252      0.129      1.952      0.051
    AVRT_IND           0.018      0.070      0.265      0.791

 DVRT_IND   ON
    CVRT_IND          -0.039      0.108     -0.359      0.720
    CBFA_EA           -0.109      0.170     -0.641      0.521

 CVRT_IND   ON
    BVRT_IND          -0.039      0.108     -0.359      0.720
    BBFA_EA           -0.109      0.170     -0.641      0.521

 BVRT_IND   ON
    AVRT_IND          -0.039      0.108     -0.359      0.720
    ABFA_EA           -0.109      0.170     -0.641      0.521

 S_BFA_EA WITH
    I_BFA_EA         -28.821     12.453     -2.314      0.021

 I_VRT_IN WITH
    I_BFA_EA          38.287     76.013      0.504      0.614
    S_BFA_EA           2.744     15.553      0.176      0.860

 S_VRT_IN WITH
    I_BFA_EA           7.116     15.950      0.446      0.656
    S_BFA_EA           2.730      5.316      0.514      0.608
    I_VRT_IND        -37.018     32.138     -1.152      0.249

 ABFA_EA  WITH
    I_BFA_EA         182.948     50.659      3.611      0.000
    S_BFA_EA          -4.238     10.387     -0.408      0.683
    I_VRT_IND         97.091     65.041      1.493      0.135
    S_VRT_IND          0.811     14.713      0.055      0.956

 AVRT_IND WITH
    I_BFA_EA          -3.059     41.777     -0.073      0.942
    S_BFA_EA          12.869     11.874      1.084      0.278
    I_VRT_IND        295.460     65.013      4.545      0.000
    S_VRT_IND        -12.604     16.146     -0.781      0.435

 DVRT_IND WITH
    DBFA_EA            7.356     10.512      0.700      0.484

 CVRT_IND WITH
    CBFA_EA            7.356     10.512      0.700      0.484

 BVRT_IND WITH
    BBFA_EA            7.356     10.512      0.700      0.484

 AVRT_IND WITH
    ABFA_EA           38.310     23.562      1.626      0.104

 Means
    ABFA_EA           62.944      1.199     52.485      0.000
    AVRT_IND          49.329      1.306     37.781      0.000
    I_BFA_EA          43.344      8.695      4.985      0.000
    S_BFA_EA           0.468      0.529      0.884      0.376
    I_VRT_IND         56.463     11.517      4.903      0.000
    S_VRT_IND         -0.276      0.677     -0.408      0.683

 Intercepts
    BBFA_EA            0.000      0.000    999.000    999.000
    CBFA_EA            0.000      0.000    999.000    999.000
    DBFA_EA            0.000      0.000    999.000    999.000
    BVRT_IND           0.000      0.000    999.000    999.000
    CVRT_IND           0.000      0.000    999.000    999.000
    DVRT_IND           0.000      0.000    999.000    999.000

 Variances
    ABFA_EA          310.489     28.043     11.072      0.000
    AVRT_IND         388.067     38.481     10.085      0.000
    I_BFA_EA         207.386     71.869      2.886      0.004
    S_BFA_EA          10.385      4.875      2.130      0.033
    I_VRT_IND        373.574    136.562      2.736      0.006
    S_VRT_IND         19.822     13.203      1.501      0.133

 Residual Variances
    BBFA_EA           58.827     10.192      5.772      0.000
    CBFA_EA           58.827     10.192      5.772      0.000
    DBFA_EA           58.827     10.192      5.772      0.000
    BVRT_IND         106.997     18.317      5.842      0.000
    CVRT_IND         106.997     18.317      5.842      0.000
    DVRT_IND         106.997     18.317      5.842      0.000


QUALITY OF NUMERICAL RESULTS

     Condition Number for the Information Matrix              0.431E-07
       (ratio of smallest to largest eigenvalue)


     Beginning Time:  18:21:03
        Ending Time:  18:21:04
       Elapsed Time:  00:00:01



MUTHEN & MUTHEN
3463 Stoner Ave.
Los Angeles, CA  90066

Tel: (310) 391-9971
Fax: (310) 391-8971
Web: www.StatModel.com
Support: Support@StatModel.com

Copyright (c) 1998-2011 Muthen & Muthen
