Mplus VERSION 7 (Mac)
MUTHEN & MUTHEN
10/24/2017   1:20 PM

INPUT INSTRUCTIONS


  title: PxVx Bivariate LCM-SR - Nat Linear BFI_N with Linear;
  data: file = /Users/johnflournoy/code/lnt_pxvx/Data/LT_227.txt;


  variable:
  names =
  subjid
  Sample
  aGENDER
  aAGE
  aethnic1
  aethnic2
  aedu_mom
  aedu_dad
  aEDUCATN
  bEDUCATN
  cEDUCATN
  aEMPLOYD
  bEMPLOYD
  cEMPLOYD
  dEMPLOYD
  aINCOME
  bINCOME
  cINCOME
  dINCOME
  aS_SCALE
  bS_SCALE
  cS_SCALE
  dS_SCALE
  aD_SCALE
  bD_SCALE
  cD_SCALE
  dD_SCALE
  aS_COMP
  bS_COMP
  cS_COMP
  dS_COMP
  aD_COMP
  bD_COMP
  cD_COMP
  dD_COMP
  aBFI_A
  aBFI_A6
  aBFI_C
  aBFI_E
  aBFI_HP
  aBFI_N
  aBFI_O
  bBFI_A
  bBFI_A6
  bBFI_C
  bBFI_E
  bBFI_HP
  bBFI_N
  bBFI_O
  cBFI_A
  cBFI_A6
  cBFI_C
  cBFI_E
  cBFI_HP
  cBFI_N
  cBFI_O
  dBFI_A
  dBFI_A6
  dBFI_C
  dBFI_E
  dBFI_HP
  dBFI_N
  dBFI_O
  aBFA_AC
  aBFA_AP
  aBFA_CI
  aBFA_CO
  aBFA_EA
  aBFA_EE
  aBFA_N9
  aBFA_NV
  aBFA_NW
  aBFA_OI
  aBFA_OO
  aBFA_PS
  aBFA_MT
  bBFA_AC
  bBFA_AP
  bBFA_CI
  bBFA_CO
  bBFA_EA
  bBFA_EE
  bBFA_N9
  bBFA_NV
  bBFA_NW
  bBFA_OI
  bBFA_OO
  bBFA_MT
  bBFA_PS
  cBFA_AC
  cBFA_AP
  cBFA_CI
  cBFA_CO
  cBFA_EA
  cBFA_EE
  cBFA_N9
  cBFA_NV
  cBFA_NW
  cBFA_OI
  cBFA_OO
  cBFA_MT
  cBFA_PS
  dBFA_AC
  dBFA_AP
  dBFA_CI
  dBFA_CO
  dBFA_EA
  dBFA_EE
  dBFA_N9
  dBFA_NV
  dBFA_NW
  dBFA_OI
  dBFA_OO
  dBFA_MT
  dBFA_PS
  aUSI
  bUSI
  cUSI
  dUSI
  aHRZ_IND
  bHRZ_IND
  cHRZ_IND
  dHRZ_IND
  aVRT_IND
  bVRT_IND
  cVRT_IND
  dVRT_IND
  aHRZ_COL
  bHRZ_COL
  cHRZ_COL
  dHRZ_COL
  aVRT_COL
  bVRT_COL
  cVRT_COL
  dVRT_COL
  aCOLLCTV
  bCOLLCTV
  cCOLLCTV
  dCOLLCTV
  aMVS
  bMVS
  cMVS
  dMVS
  aST
  bST
  cST
  dST
  aSD
  bSD
  cSD
  dSD
  aMVS_mc
  bMVS_mc
  cMVS_mc
  dMVS_mc
  aST_mc
  bST_mc
  cST_mc
  dST_mc
  aSD_mc
  bSD_mc
  cSD_mc
  dSD_mc
  bMEANING
  cMEANING
  dMEANING
  bMEAN_L
  cMEAN_L
  dMEAN_L
  bMEANNGc
  cMEANNGc
  dMEANNGc
  bMEANGlc
  cMEANGlc
  dMEANGlc
  bCLASSIC
  cCLASSIC
  dCLASSIC
  bCLASSCc
  cCLASSCc
  dCLASSCc
  bAGR_VAL
  cAGR_VAL
  dAGR_VAL
  bOPN_VAL
  cOPN_VAL
  dOPN_VAL
  bAGR_VLc
  cAGR_VLc
  dAGR_VLc
  bOPNVALc
  cOPNVALc
  dOPNVALc
  aMV_pomp
  bMV_pomp
  cMV_pomp
  dMV_pomp
  aST_pomp
  bST_pomp
  cST_pomp
  dST_pomp
  aSD_pomp
  bSD_pomp
  cSD_pomp
  dSD_pomp
  agoal_ec
  bgoal_ec
  cgoal_ec
  dgoal_ec
  aAspfinc
  bAspfinc
  cAspfinc
  dAspfinc
  abfi_hp8
  bbfi_hp8
  cbfi_hp8
  dbfi_hp8
  aP_S_BFI
  aP_D_BFI
  aECgoalc
  bECgoalC
  cECgoalC
  dECgoalC
  aaspfin
  baspfin
  caspfin
  daspfin
  aMVI_POMP
  bMVI_POMP
  cMVI_POMP
  dMVI_POMP;


  USEVARIABLES =
  aBFI_N
  bBFI_N
  cBFI_N
  dBFI_N
  aVRT_COL
  bVRT_COL
  cVRT_COL
  dVRT_COL
  a1
  a2
  a3
  a4
  ;

  missing = all (-9999);

  USEOBSERVATIONS are Sample == 1; ! National Sample

  tscores = a1 a2 a3 a4;

  DEFINE:
  a1 = aAGE + 0 - 36;
  a2 = aAGE + 1 - 36;
  a3 = aAGE + 2 - 36;
  a4 = aAGE + 3 - 36;

  ANALYSIS:
  TYPE=RANDOM;
  PROCESSORS = 4;
  model=nocovariances; ! supresses default estimation of certain covs in model;

  MODEL:

  i_BFI_N s_BFI_N | aBFI_N bBFI_N cBFI_N dBFI_N AT a1 a2 a3 a4;
  i_VRT_COL s_VRT_COL | aVRT_COL bVRT_COL cVRT_COL dVRT_COL AT a1 a2 a3 a4;

  ! freeing factor covs because of "nocovariances"
  s_BFI_N WITH i_BFI_N s_VRT_COL i_VRT_COL;
  i_BFI_N WITH s_VRT_COL i_VRT_COL;
  s_VRT_COL WITH i_VRT_COL;

  p1 BY aBFI_N@1; ! Residual "factors";
  p2 BY bBFI_N@1;
  p3 BY cBFI_N@1;
  p4 BY dBFI_N@1;

  v1 BY aVRT_COL@1; ! Residual "factors";
  v2 BY bVRT_COL@1;
  v3 BY cVRT_COL@1;
  v4 BY dVRT_COL@1;

  !residual variances on observed/manifest vars set to 0
  aBFI_N@0;
  bBFI_N@0;
  cBFI_N@0;
  dBFI_N@0;

  !residual variances on observed/manifest vars set to 0
  aVRT_COL@0;
  bVRT_COL@0;
  cVRT_COL@0;
  dVRT_COL@0;

  ! means of observed/manifest vars set to 0
  [aBFI_N@0];
  [bBFI_N@0];
  [cBFI_N@0];
  [dBFI_N@0];

  ! means of observed/manifest vars set to 0
  [aVRT_COL@0];
  [bVRT_COL@0];
  [cVRT_COL@0];
  [dVRT_COL@0];

  [p1@0]; ! means of residual "factors" set to 0
  [p2@0];
  [p3@0];
  [p4@0];

  [v1@0]; ! means of residual "factors" set to 0
  [v2@0];
  [v3@0];
  [v4@0];

  p4 on p3 (a); ! Autoregressive paths constrained to equality
  p3 on p2 (a);
  p2 on p1 (a);

  v4 on v3 (b); ! Autoregressive paths constrained to equality
  v3 on v2 (b);
  v2 on v1 (b);

  p4 on v3 (c); ! Cross-lagged paths constrained to equality
  p3 on v2 (c);
  p2 on v1 (c);

  v4 on p3 (d); ! Cross-lagged paths constrained to equality
  v3 on p2 (d);
  v2 on p1 (d);

  p1 with v1 (e); ! Within-wave correlations constrained to equality
  p2 with v2 (e);
  p3 with v3 (e);
  p4 with v4 (e);

  p2 p3 p4 (f); ! estimate variances of residual "factors"
  v2 v3 v4 (g); ! estimate variances of residual "factors"

  OUTPUT: SAMPSTAT PATTERNS;



*** WARNING
  Variable name contains more than 8 characters.
  Only the first 8 characters will be printed in the output.
  Variable: AMVI_POMP
*** WARNING
  Variable name contains more than 8 characters.
  Only the first 8 characters will be printed in the output.
  Variable: BMVI_POMP
*** WARNING
  Variable name contains more than 8 characters.
  Only the first 8 characters will be printed in the output.
  Variable: CMVI_POMP
*** WARNING
  Variable name contains more than 8 characters.
  Only the first 8 characters will be printed in the output.
  Variable: DMVI_POMP
*** WARNING
  Variable name contains more than 8 characters.
  Only the first 8 characters will be printed in the output.
  Variable: I_VRT_COL
*** WARNING
  Variable name contains more than 8 characters.
  Only the first 8 characters will be printed in the output.
  Variable: S_VRT_COL
*** WARNING
  Data set contains cases with missing on time scores but non-missing on the
  corresponding dependent variables.  These cases were not included in the analysis.
  Number of such cases:  16
   7 WARNING(S) FOUND IN THE INPUT INSTRUCTIONS



PxVx Bivariate LCM-SR - Nat Linear BFI_N with Linear;

SUMMARY OF ANALYSIS

Number of groups                                                 1
Number of observations                                         863

Number of dependent variables                                    8
Number of independent variables                                  0
Number of continuous latent variables                           12

Observed dependent variables

  Continuous
   ABFI_N      BBFI_N      CBFI_N      DBFI_N      AVRT_COL    BVRT_COL
   CVRT_COL    DVRT_COL

Continuous latent variables
   P1          P2          P3          P4          V1          V2
   V3          V4          I_BFI_N     S_BFI_N     I_VRT_CO    S_VRT_CO

Variables with special functions

  Time scores
   A1          A2          A3          A4


Estimator                                                      MLR
Information matrix                                        OBSERVED
Maximum number of iterations                                   100
Convergence criterion                                    0.100D-05
Maximum number of EM iterations                                500
Convergence criteria for the EM algorithm
  Loglikelihood change                                   0.100D-02
  Relative loglikelihood change                          0.100D-05
  Derivative                                             0.100D-03
Minimum variance                                         0.100D-03
Maximum number of steepest descent iterations                   20
Maximum number of iterations for H1                           2000
Convergence criterion for H1                             0.100D-03
Optimization algorithm                                         EMA

Input data file(s)
  /Users/johnflournoy/code/lnt_pxvx/Data/LT_227.txt
Input data format  FREE


SUMMARY OF DATA

     Number of missing data patterns            22


SUMMARY OF MISSING DATA PATTERNS


     MISSING DATA PATTERNS (x = not missing)

           1  2  3  4  5  6  7  8  9 10 11 12 13 14 15 16 17 18 19 20
 ABFI_N    x  x  x  x  x  x  x  x  x  x  x  x  x        x  x  x  x  x
 BBFI_N    x     x  x     x     x     x  x  x  x     x     x     x
 CBFI_N    x           x  x     x  x     x  x  x     x        x  x  x
 DBFI_N    x     x     x  x  x           x     x  x  x     x        x
 AVRT_COL  x  x  x  x  x  x  x  x  x  x  x  x  x  x        x  x  x  x
 BVRT_COL  x     x  x     x     x        x  x        x           x
 CVRT_COL  x           x        x  x     x     x     x           x  x
 DVRT_COL  x     x     x  x  x                 x  x  x     x     x

          21 22
 ABFI_N    x
 BBFI_N
 CBFI_N       x
 DBFI_N    x  x
 AVRT_COL  x
 BVRT_COL
 CVRT_COL     x
 DVRT_COL     x


     MISSING DATA PATTERN FREQUENCIES

    Pattern   Frequency     Pattern   Frequency     Pattern   Frequency
          1         489           9          20          17           1
          2         168          10           4          18           1
          3          26          11           1          19           1
          4          48          12           1          20           2
          5          21          13           3          21           2
          6           2          14           1          22           1
          7          23          15           3
          8          44          16           1


COVARIANCE COVERAGE OF DATA

Minimum covariance coverage value   0.100


     PROPORTION OF DATA PRESENT


           Covariance Coverage
              ABFI_N        BBFI_N        CBFI_N        DBFI_N        AVRT_COL
              ________      ________      ________      ________      ________
 ABFI_N         0.994
 BBFI_N         0.718         0.722
 CBFI_N         0.678         0.630         0.683
 DBFI_N         0.660         0.608         0.605         0.666
 AVRT_COL       0.993         0.718         0.678         0.662         0.994
 BVRT_COL       0.709         0.713         0.627         0.604         0.709
 CVRT_COL       0.673         0.627         0.678         0.603         0.673
 DVRT_COL       0.656         0.608         0.603         0.660         0.657


           Covariance Coverage
              BVRT_COL      CVRT_COL      DVRT_COL
              ________      ________      ________
 BVRT_COL       0.713
 CVRT_COL       0.623         0.678
 DVRT_COL       0.604         0.600         0.662


SAMPLE STATISTICS


     ESTIMATED SAMPLE STATISTICS


           Means
              ABFI_N        BBFI_N        CBFI_N        DBFI_N        AVRT_COL
              ________      ________      ________      ________      ________
 1             49.640        49.109        48.124        47.908        71.504


           Means
              BVRT_COL      CVRT_COL      DVRT_COL
              ________      ________      ________
 1             70.337        68.538        68.780


           Covariances
              ABFI_N        BBFI_N        CBFI_N        DBFI_N        AVRT_COL
              ________      ________      ________      ________      ________
 ABFI_N       459.920
 BBFI_N       361.549       453.620
 CBFI_N       357.079       377.692       452.581
 DBFI_N       371.941       388.806       405.498       499.555
 AVRT_COL     -37.890       -35.493       -34.532       -38.044       328.835
 BVRT_COL     -37.861       -42.434       -43.810       -41.995       243.532
 CVRT_COL     -40.886       -42.049       -45.750       -40.407       230.251
 DVRT_COL     -19.580       -21.654       -30.937       -24.681       242.254


           Covariances
              BVRT_COL      CVRT_COL      DVRT_COL
              ________      ________      ________
 BVRT_COL     356.773
 CVRT_COL     263.460       381.748
 DVRT_COL     265.591       280.285       370.668


           Correlations
              ABFI_N        BBFI_N        CBFI_N        DBFI_N        AVRT_COL
              ________      ________      ________      ________      ________
 ABFI_N         1.000
 BBFI_N         0.792         1.000
 CBFI_N         0.783         0.834         1.000
 DBFI_N         0.776         0.817         0.853         1.000
 AVRT_COL      -0.097        -0.092        -0.090        -0.094         1.000
 BVRT_COL      -0.093        -0.105        -0.109        -0.099         0.711
 CVRT_COL      -0.098        -0.101        -0.110        -0.093         0.650
 DVRT_COL      -0.047        -0.053        -0.076        -0.057         0.694


           Correlations
              BVRT_COL      CVRT_COL      DVRT_COL
              ________      ________      ________
 BVRT_COL       1.000
 CVRT_COL       0.714         1.000
 DVRT_COL       0.730         0.745         1.000


     MAXIMUM LOG-LIKELIHOOD VALUE FOR THE UNRESTRICTED (H1) MODEL IS -21470.737


THE MODEL ESTIMATION TERMINATED NORMALLY



MODEL FIT INFORMATION

Number of Free Parameters                       23

Loglikelihood

          H0 Value                      -21496.972
          H0 Scaling Correction Factor      1.1627
            for MLR

Information Criteria

          Akaike (AIC)                   43039.944
          Bayesian (BIC)                 43149.434
          Sample-Size Adjusted BIC       43076.392
            (n* = (n + 2) / 24)



MODEL RESULTS

                                                    Two-Tailed
                    Estimate       S.E.  Est./S.E.    P-Value

 P1       BY
    ABFI_N             1.000      0.000    999.000    999.000

 P2       BY
    BBFI_N             1.000      0.000    999.000    999.000

 P3       BY
    CBFI_N             1.000      0.000    999.000    999.000

 P4       BY
    DBFI_N             1.000      0.000    999.000    999.000

 V1       BY
    AVRT_COL           1.000      0.000    999.000    999.000

 V2       BY
    BVRT_COL           1.000      0.000    999.000    999.000

 V3       BY
    CVRT_COL           1.000      0.000    999.000    999.000

 V4       BY
    DVRT_COL           1.000      0.000    999.000    999.000

 P4         ON
    P3                 0.116      0.048      2.413      0.016
    V3                 0.003      0.037      0.087      0.931

 P3         ON
    P2                 0.116      0.048      2.413      0.016
    V2                 0.003      0.037      0.087      0.931

 P2         ON
    P1                 0.116      0.048      2.413      0.016
    V1                 0.003      0.037      0.087      0.931

 V4         ON
    V3                 0.146      0.053      2.752      0.006
    P3                -0.018      0.052     -0.341      0.733

 V3         ON
    V2                 0.146      0.053      2.752      0.006
    P2                -0.018      0.052     -0.341      0.733

 V2         ON
    V1                 0.146      0.053      2.752      0.006
    P1                -0.018      0.052     -0.341      0.733

 S_BFI_N  WITH
    I_BFI_N           -1.304      0.904     -1.443      0.149
    S_VRT_COL         -0.063      0.106     -0.594      0.553
    I_VRT_COL         -0.392      2.503     -0.157      0.876

 I_BFI_N  WITH
    S_VRT_COL          2.813      2.681      1.049      0.294
    I_VRT_COL        -21.101     15.645     -1.349      0.177

 S_VRT_CO WITH
    I_VRT_COL         -0.677      0.736     -0.921      0.357

 P1       WITH
    V1                -1.951      3.987     -0.489      0.625

 P2       WITH
    V2                -1.951      3.987     -0.489      0.625

 P3       WITH
    V3                -1.951      3.987     -0.489      0.625

 P4       WITH
    V4                -1.951      3.987     -0.489      0.625

 Means
    P1                 0.000      0.000    999.000    999.000
    V1                 0.000      0.000    999.000    999.000
    I_BFI_N           49.156      0.701     70.167      0.000
    S_BFI_N           -0.265      0.063     -4.240      0.000
    I_VRT_COL         70.034      0.581    120.519      0.000
    S_VRT_COL          0.168      0.053      3.157      0.002

 Intercepts
    ABFI_N             0.000      0.000    999.000    999.000
    BBFI_N             0.000      0.000    999.000    999.000
    CBFI_N             0.000      0.000    999.000    999.000
    DBFI_N             0.000      0.000    999.000    999.000
    AVRT_COL           0.000      0.000    999.000    999.000
    BVRT_COL           0.000      0.000    999.000    999.000
    CVRT_COL           0.000      0.000    999.000    999.000
    DVRT_COL           0.000      0.000    999.000    999.000
    P2                 0.000      0.000    999.000    999.000
    P3                 0.000      0.000    999.000    999.000
    P4                 0.000      0.000    999.000    999.000
    V2                 0.000      0.000    999.000    999.000
    V3                 0.000      0.000    999.000    999.000
    V4                 0.000      0.000    999.000    999.000

 Variances
    P1               120.036     11.220     10.699      0.000
    V1               114.325      9.505     12.028      0.000
    I_BFI_N          343.595     23.124     14.859      0.000
    S_BFI_N            0.185      0.158      1.172      0.241
    I_VRT_COL        215.433     19.944     10.802      0.000
    S_VRT_COL          0.161      0.140      1.155      0.248

 Residual Variances
    ABFI_N             0.000      0.000    999.000    999.000
    BBFI_N             0.000      0.000    999.000    999.000
    CBFI_N             0.000      0.000    999.000    999.000
    DBFI_N             0.000      0.000    999.000    999.000
    AVRT_COL           0.000      0.000    999.000    999.000
    BVRT_COL           0.000      0.000    999.000    999.000
    CVRT_COL           0.000      0.000    999.000    999.000
    DVRT_COL           0.000      0.000    999.000    999.000
    P2                85.739      5.856     14.641      0.000
    P3                85.739      5.856     14.641      0.000
    P4                85.739      5.856     14.641      0.000
    V2               115.841      7.805     14.841      0.000
    V3               115.841      7.805     14.841      0.000
    V4               115.841      7.805     14.841      0.000


QUALITY OF NUMERICAL RESULTS

     Condition Number for the Information Matrix              0.265E-04
       (ratio of smallest to largest eigenvalue)


     Beginning Time:  13:20:57
        Ending Time:  13:21:14
       Elapsed Time:  00:00:17



MUTHEN & MUTHEN
3463 Stoner Ave.
Los Angeles, CA  90066

Tel: (310) 391-9971
Fax: (310) 391-8971
Web: www.StatModel.com
Support: Support@StatModel.com

Copyright (c) 1998-2012 Muthen & Muthen
