Mplus VERSION 6.12
MUTHEN & MUTHEN
03/21/2016  12:16 PM

INPUT INSTRUCTIONS


  title: PxVx Univariate - Nat MeanOnly BFA_AP with Lin USI;
  data: file = E:\Projects\lnt_pxvx\Data\LT_227.txt;


  variable:
  names =
  subjid
  Sample
  aGENDER
  aAGE
  aethnic1
  aethnic2
  aedu_mom
  aedu_dad
  aEDUCATN
  bEDUCATN
  cEDUCATN
  aEMPLOYD
  bEMPLOYD
  cEMPLOYD
  dEMPLOYD
  aINCOME
  bINCOME
  cINCOME
  dINCOME
  aS_SCALE
  bS_SCALE
  cS_SCALE
  dS_SCALE
  aD_SCALE
  bD_SCALE
  cD_SCALE
  dD_SCALE
  aS_COMP
  bS_COMP
  cS_COMP
  dS_COMP
  aD_COMP
  bD_COMP
  cD_COMP
  dD_COMP
  aBFI_A
  aBFI_A6
  aBFI_C
  aBFI_E
  aBFI_HP
  aBFI_N
  aBFI_O
  bBFI_A
  bBFI_A6
  bBFI_C
  bBFI_E
  bBFI_HP
  bBFI_N
  bBFI_O
  cBFI_A
  cBFI_A6
  cBFI_C
  cBFI_E
  cBFI_HP
  cBFI_N
  cBFI_O
  dBFI_A
  dBFI_A6
  dBFI_C
  dBFI_E
  dBFI_HP
  dBFI_N
  dBFI_O
  aBFA_AC
  aBFA_AP
  aBFA_CI
  aBFA_CO
  aBFA_EA
  aBFA_EE
  aBFA_N9
  aBFA_NV
  aBFA_NW
  aBFA_OI
  aBFA_OO
  aBFA_PS
  aBFA_MT
  bBFA_AC
  bBFA_AP
  bBFA_CI
  bBFA_CO
  bBFA_EA
  bBFA_EE
  bBFA_N9
  bBFA_NV
  bBFA_NW
  bBFA_OI
  bBFA_OO
  bBFA_MT
  bBFA_PS
  cBFA_AC
  cBFA_AP
  cBFA_CI
  cBFA_CO
  cBFA_EA
  cBFA_EE
  cBFA_N9
  cBFA_NV
  cBFA_NW
  cBFA_OI
  cBFA_OO
  cBFA_MT
  cBFA_PS
  dBFA_AC
  dBFA_AP
  dBFA_CI
  dBFA_CO
  dBFA_EA
  dBFA_EE
  dBFA_N9
  dBFA_NV
  dBFA_NW
  dBFA_OI
  dBFA_OO
  dBFA_MT
  dBFA_PS
  aUSI
  bUSI
  cUSI
  dUSI
  aHRZ_IND
  bHRZ_IND
  cHRZ_IND
  dHRZ_IND
  aVRT_IND
  bVRT_IND
  cVRT_IND
  dVRT_IND
  aHRZ_COL
  bHRZ_COL
  cHRZ_COL
  dHRZ_COL
  aVRT_COL
  bVRT_COL
  cVRT_COL
  dVRT_COL
  aCOLLCTV
  bCOLLCTV
  cCOLLCTV
  dCOLLCTV
  aMVS
  bMVS
  cMVS
  dMVS
  aST
  bST
  cST
  dST
  aSD
  bSD
  cSD
  dSD
  aMVS_mc
  bMVS_mc
  cMVS_mc
  dMVS_mc
  aST_mc
  bST_mc
  cST_mc
  dST_mc
  aSD_mc
  bSD_mc
  cSD_mc
  dSD_mc
  bMEANING
  cMEANING
  dMEANING
  bMEAN_L
  cMEAN_L
  dMEAN_L
  bMEANNGc
  cMEANNGc
  dMEANNGc
  bMEANGlc
  cMEANGlc
  dMEANGlc
  bCLASSIC
  cCLASSIC
  dCLASSIC
  bCLASSCc
  cCLASSCc
  dCLASSCc
  bAGR_VAL
  cAGR_VAL
  dAGR_VAL
  bOPN_VAL
  cOPN_VAL
  dOPN_VAL
  bAGR_VLc
  cAGR_VLc
  dAGR_VLc
  bOPNVALc
  cOPNVALc
  dOPNVALc
  aMV_pomp
  bMV_pomp
  cMV_pomp
  dMV_pomp
  aST_pomp
  bST_pomp
  cST_pomp
  dST_pomp
  aSD_pomp
  bSD_pomp
  cSD_pomp
  dSD_pomp
  agoal_ec
  bgoal_ec
  cgoal_ec
  dgoal_ec
  aAspfinc
  bAspfinc
  cAspfinc
  dAspfinc
  abfi_hp8
  bbfi_hp8
  cbfi_hp8
  dbfi_hp8
  aP_S_BFI
  aP_D_BFI
  aECgoalc
  bECgoalC
  cECgoalC
  dECgoalC
  aaspfin
  baspfin
  caspfin
  daspfin
  aMVI_POMP
  bMVI_POMP
  cMVI_POMP
  dMVI_POMP;


  USEVARIABLES =
  aBFA_AP
  bBFA_AP
  cBFA_AP
  dBFA_AP
  aUSI
  bUSI
  cUSI
  dUSI
  bage_c
  cage_c
  dage_c
  ;

  missing = all (-9999);

  USEOBSERVATIONS are Sample == 1; ! National Sample

  tscores = bage_c cage_c dage_c;

  DEFINE:
  bage_c = aAGE + 1 - 36;
  cage_c = aAGE + 2 - 36;
  dage_c = aAGE + 3 - 36;

  ANALYSIS:
  TYPE=RANDOM;
  PROCESSORS = 8;

  MODEL:

  i_BFA_AP s_BFA_AP | bBFA_AP cBFA_AP dBFA_AP AT bage_c cage_c dage_c;
  i_USI s_USI | bUSI cUSI dUSI AT bage_c cage_c dage_c;


  !After Bollen and Curran initial observation is not part of LGM

  dBFA_AP on cBFA_AP (a); ! Autoregressive paths constrained to equality
  cBFA_AP on bBFA_AP (a);
  bBFA_AP on aBFA_AP (a);

  dUSI on cUSI (b); ! Autoregressive paths constrained to equality
  cUSI on bUSI (b);
  bUSI on aUSI (b);

  bBFA_AP cBFA_AP dBFA_AP (c); !Equality constraint on residuals
  bUSI cUSI dUSI (d); !Equality constraint on residuals

  dUSI on cBFA_AP (x); ! Cross-lagged paths constrained to equality
  cUSI on bBFA_AP (x);
  bUSI on aBFA_AP (x);

  dBFA_AP on cUSI (y); ! Cross-lagged paths constrained to equality
  cBFA_AP on bUSI (y);
  bBFA_AP on aUSI (y);

  dUSI with dBFA_AP (w); ! within-wave correlations constrained to equality
  cUSI with cBFA_AP (w);
  bUSI with bBFA_AP (w);

  aBFA_AP aUSI i_BFA_AP i_USI
  s_USI
  with
  s_USI
  aBFA_AP aUSI i_BFA_AP i_USI;

  s_BFA_AP@0;


  OUTPUT: SAMPSTAT PATTERNS;



*** WARNING
  Variable name contains more than 8 characters.
  Only the first 8 characters will be printed in the output.
  Variable: AMVI_POMP
*** WARNING
  Variable name contains more than 8 characters.
  Only the first 8 characters will be printed in the output.
  Variable: BMVI_POMP
*** WARNING
  Variable name contains more than 8 characters.
  Only the first 8 characters will be printed in the output.
  Variable: CMVI_POMP
*** WARNING
  Variable name contains more than 8 characters.
  Only the first 8 characters will be printed in the output.
  Variable: DMVI_POMP
*** WARNING in MODEL command
  All continuous latent variable covariances involving S_BFA_AP have been fixed to 0
  because the variance of S_BFA_AP is fixed at 0.
*** WARNING
  Data set contains cases with missing on time scores but non-missing on the
  corresponding dependent variables.  These cases were not included in the analysis.
  Number of such cases:  16
   6 WARNING(S) FOUND IN THE INPUT INSTRUCTIONS



PxVx Univariate - Nat MeanOnly BFA_AP with Lin USI;

SUMMARY OF ANALYSIS

Number of groups                                                 1
Number of observations                                         863

Number of dependent variables                                    6
Number of independent variables                                  2
Number of continuous latent variables                            4

Observed dependent variables

  Continuous
   BBFA_AP     CBFA_AP     DBFA_AP     BUSI        CUSI        DUSI

Observed independent variables
   ABFA_AP     AUSI

Continuous latent variables
   I_BFA_AP    S_BFA_AP    I_USI       S_USI

Variables with special functions

  Time scores
   BAGE_C      CAGE_C      DAGE_C


Estimator                                                      MLR
Information matrix                                        OBSERVED
Maximum number of iterations                                   100
Convergence criterion                                    0.100D-05
Maximum number of EM iterations                                500
Convergence criteria for the EM algorithm
  Loglikelihood change                                   0.100D-02
  Relative loglikelihood change                          0.100D-05
  Derivative                                             0.100D-03
Minimum variance                                         0.100D-03
Maximum number of steepest descent iterations                   20
Maximum number of iterations for H1                           2000
Convergence criterion for H1                             0.100D-03
Optimization algorithm                                         EMA

Input data file(s)
  E:\Projects\lnt_pxvx\Data\LT_227.txt
Input data format  FREE


SUMMARY OF DATA

     Number of missing data patterns            20


SUMMARY OF MISSING DATA PATTERNS


     MISSING DATA PATTERNS (x = not missing)

           1  2  3  4  5  6  7  8  9 10 11 12 13 14 15 16 17 18 19 20
 BBFA_AP   x     x  x     x     x     x  x  x  x  x     x     x
 CBFA_AP   x           x  x     x  x     x  x  x  x        x  x     x
 DBFA_AP   x     x     x  x  x              x  x  x     x        x  x
 BUSI      x     x  x     x     x        x     x  x           x
 CUSI      x           x        x  x        x  x  x           x     x
 DUSI      x     x     x  x  x              x  x  x     x     x     x
 ABFA_AP   x  x  x  x  x  x  x  x  x  x  x  x        x  x  x  x  x
 AUSI      x  x  x  x  x  x  x  x  x  x  x  x  x        x  x  x  x


     MISSING DATA PATTERN FREQUENCIES

    Pattern   Frequency     Pattern   Frequency     Pattern   Frequency
          1         487           8          45          15           1
          2         169           9          22          16           1
          3          26          10           5          17           1
          4          47          11           1          18           1
          5          21          12           3          19           1
          6           2          13           2          20           1
          7          24          14           3


COVARIANCE COVERAGE OF DATA

Minimum covariance coverage value   0.100


     PROPORTION OF DATA PRESENT


           Covariance Coverage
              BBFA_AP       CBFA_AP       DBFA_AP       BUSI          CUSI
              ________      ________      ________      ________      ________
 BBFA_AP        0.722
 CBFA_AP        0.630         0.683
 DBFA_AP        0.607         0.601         0.662
 BUSI           0.711         0.627         0.603         0.711
 CUSI           0.627         0.678         0.599         0.623         0.678
 DUSI           0.608         0.603         0.660         0.604         0.600
 ABFA_AP        0.716         0.676         0.655         0.706         0.671
 AUSI           0.718         0.678         0.657         0.708         0.673


           Covariance Coverage
              DUSI          ABFA_AP       AUSI
              ________      ________      ________
 DUSI           0.662
 ABFA_AP        0.655         0.993
 AUSI           0.657         0.992         0.994


SAMPLE STATISTICS


     ESTIMATED SAMPLE STATISTICS


           Means
              BBFA_AP       CBFA_AP       DBFA_AP       BUSI          CUSI
              ________      ________      ________      ________      ________
 1             70.675        70.829        70.963        28.405        28.571


           Means
              DUSI          ABFA_AP       AUSI
              ________      ________      ________
 1             28.487        69.737        28.994


           Covariances
              BBFA_AP       CBFA_AP       DBFA_AP       BUSI          CUSI
              ________      ________      ________      ________      ________
 BBFA_AP      254.482
 CBFA_AP      199.741       245.635
 DBFA_AP      194.531       203.996       246.868
 BUSI         -84.459       -74.945       -77.645       275.623
 CUSI         -70.966       -71.290       -74.165       216.274       282.760
 DUSI         -70.620       -67.801       -72.982       200.833       218.968
 ABFA_AP      205.444       194.564       194.625       -72.613       -64.331
 AUSI         -75.266       -68.392       -68.103       209.299       202.833


           Covariances
              DUSI          ABFA_AP       AUSI
              ________      ________      ________
 DUSI         261.450
 ABFA_AP      -66.514       265.115
 AUSI         190.410       -79.658       264.589


           Correlations
              BBFA_AP       CBFA_AP       DBFA_AP       BUSI          CUSI
              ________      ________      ________      ________      ________
 BBFA_AP        1.000
 CBFA_AP        0.799         1.000
 DBFA_AP        0.776         0.828         1.000
 BUSI          -0.319        -0.288        -0.298         1.000
 CUSI          -0.265        -0.271        -0.281         0.775         1.000
 DUSI          -0.274        -0.268        -0.287         0.748         0.805
 ABFA_AP        0.791         0.762         0.761        -0.269        -0.235
 AUSI          -0.290        -0.268        -0.266         0.775         0.742


           Correlations
              DUSI          ABFA_AP       AUSI
              ________      ________      ________
 DUSI           1.000
 ABFA_AP       -0.253         1.000
 AUSI           0.724        -0.301         1.000


     MAXIMUM LOG-LIKELIHOOD VALUE FOR THE UNRESTRICTED (H1) MODEL IS -20158.885


THE MODEL ESTIMATION TERMINATED NORMALLY



MODEL FIT INFORMATION

Number of Free Parameters                       28

Loglikelihood

          H0 Value                      -20161.026
          H0 Scaling Correction Factor       1.136
            for MLR

Information Criteria

          Akaike (AIC)                   40378.053
          Bayesian (BIC)                 40511.345
          Sample-Size Adjusted BIC       40422.424
            (n* = (n + 2) / 24)



MODEL RESULTS

                                                    Two-Tailed
                    Estimate       S.E.  Est./S.E.    P-Value

 DBFA_AP    ON
    CBFA_AP            0.151      0.049      3.112      0.002
    CUSI              -0.021      0.036     -0.587      0.557

 CBFA_AP    ON
    BBFA_AP            0.151      0.049      3.112      0.002
    BUSI              -0.021      0.036     -0.587      0.557

 BBFA_AP    ON
    ABFA_AP            0.151      0.049      3.112      0.002
    AUSI              -0.021      0.036     -0.587      0.557

 DUSI       ON
    CUSI               0.183      0.053      3.464      0.001
    CBFA_AP            0.032      0.040      0.806      0.420

 CUSI       ON
    BUSI               0.183      0.053      3.464      0.001
    BBFA_AP            0.032      0.040      0.806      0.420

 BUSI       ON
    AUSI               0.183      0.053      3.464      0.001
    ABFA_AP            0.032      0.040      0.806      0.420

 I_USI    WITH
    I_BFA_AP         -49.483     14.854     -3.331      0.001

 S_USI    WITH
    I_BFA_AP          -0.593      0.401     -1.477      0.140
    I_USI             -0.040      0.334     -0.119      0.905

 ABFA_AP  WITH
    I_BFA_AP         160.885     14.646     10.985      0.000
    I_USI            -60.432     12.974     -4.658      0.000
    S_USI             -0.536      0.536     -1.000      0.317

 AUSI     WITH
    I_BFA_AP         -52.472     11.627     -4.513      0.000
    I_USI            159.891     15.546     10.285      0.000
    S_USI              0.571      0.474      1.204      0.229

 DUSI     WITH
    DBFA_AP           -3.738      2.275     -1.643      0.100

 CUSI     WITH
    CBFA_AP           -3.738      2.275     -1.643      0.100

 BUSI     WITH
    BBFA_AP           -3.738      2.275     -1.643      0.100

 AUSI     WITH
    ABFA_AP          -79.714      9.281     -8.589      0.000

 Means
    ABFA_AP           69.735      0.555    125.750      0.000
    AUSI              28.996      0.555     52.280      0.000
    I_BFA_AP          60.667      3.404     17.824      0.000
    S_BFA_AP           0.070      0.029      2.416      0.016
    I_USI             21.098      2.831      7.451      0.000
    S_USI             -0.030      0.030     -0.984      0.325

 Intercepts
    BBFA_AP            0.000      0.000    999.000    999.000
    CBFA_AP            0.000      0.000    999.000    999.000
    DBFA_AP            0.000      0.000    999.000    999.000
    BUSI               0.000      0.000    999.000    999.000
    CUSI               0.000      0.000    999.000    999.000
    DUSI               0.000      0.000    999.000    999.000

 Variances
    ABFA_AP          265.101     12.792     20.724      0.000
    AUSI             264.661     10.604     24.958      0.000
    I_BFA_AP         133.499     20.522      6.505      0.000
    S_BFA_AP           0.000      0.000    999.000    999.000
    I_USI            133.684     23.543      5.678      0.000
    S_USI              0.040      0.035      1.123      0.261

 Residual Variances
    BBFA_AP           54.255      3.758     14.435      0.000
    CBFA_AP           54.255      3.758     14.435      0.000
    DBFA_AP           54.255      3.758     14.435      0.000
    BUSI              68.365      4.445     15.379      0.000
    CUSI              68.365      4.445     15.379      0.000
    DUSI              68.365      4.445     15.379      0.000


QUALITY OF NUMERICAL RESULTS

     Condition Number for the Information Matrix              0.558E-05
       (ratio of smallest to largest eigenvalue)


     Beginning Time:  12:16:19
        Ending Time:  12:16:22
       Elapsed Time:  00:00:03



MUTHEN & MUTHEN
3463 Stoner Ave.
Los Angeles, CA  90066

Tel: (310) 391-9971
Fax: (310) 391-8971
Web: www.StatModel.com
Support: Support@StatModel.com

Copyright (c) 1998-2011 Muthen & Muthen
