Mplus VERSION 6.12
MUTHEN & MUTHEN
03/21/2016   3:08 PM

INPUT INSTRUCTIONS


  title: PxVx Univariate - Nat Lin S_SCALE with MeanOnly VRT_IND;
  data: file = E:\Projects\lnt_pxvx\Data\LT_227.txt;


  variable:
  names =
  subjid
  Sample
  aGENDER
  aAGE
  aethnic1
  aethnic2
  aedu_mom
  aedu_dad
  aEDUCATN
  bEDUCATN
  cEDUCATN
  aEMPLOYD
  bEMPLOYD
  cEMPLOYD
  dEMPLOYD
  aINCOME
  bINCOME
  cINCOME
  dINCOME
  aS_SCALE
  bS_SCALE
  cS_SCALE
  dS_SCALE
  aD_SCALE
  bD_SCALE
  cD_SCALE
  dD_SCALE
  aS_COMP
  bS_COMP
  cS_COMP
  dS_COMP
  aD_COMP
  bD_COMP
  cD_COMP
  dD_COMP
  aBFI_A
  aBFI_A6
  aBFI_C
  aBFI_E
  aBFI_HP
  aBFI_N
  aBFI_O
  bBFI_A
  bBFI_A6
  bBFI_C
  bBFI_E
  bBFI_HP
  bBFI_N
  bBFI_O
  cBFI_A
  cBFI_A6
  cBFI_C
  cBFI_E
  cBFI_HP
  cBFI_N
  cBFI_O
  dBFI_A
  dBFI_A6
  dBFI_C
  dBFI_E
  dBFI_HP
  dBFI_N
  dBFI_O
  aBFA_AC
  aBFA_AP
  aBFA_CI
  aBFA_CO
  aBFA_EA
  aBFA_EE
  aBFA_N9
  aBFA_NV
  aBFA_NW
  aBFA_OI
  aBFA_OO
  aBFA_PS
  aBFA_MT
  bBFA_AC
  bBFA_AP
  bBFA_CI
  bBFA_CO
  bBFA_EA
  bBFA_EE
  bBFA_N9
  bBFA_NV
  bBFA_NW
  bBFA_OI
  bBFA_OO
  bBFA_MT
  bBFA_PS
  cBFA_AC
  cBFA_AP
  cBFA_CI
  cBFA_CO
  cBFA_EA
  cBFA_EE
  cBFA_N9
  cBFA_NV
  cBFA_NW
  cBFA_OI
  cBFA_OO
  cBFA_MT
  cBFA_PS
  dBFA_AC
  dBFA_AP
  dBFA_CI
  dBFA_CO
  dBFA_EA
  dBFA_EE
  dBFA_N9
  dBFA_NV
  dBFA_NW
  dBFA_OI
  dBFA_OO
  dBFA_MT
  dBFA_PS
  aUSI
  bUSI
  cUSI
  dUSI
  aHRZ_IND
  bHRZ_IND
  cHRZ_IND
  dHRZ_IND
  aVRT_IND
  bVRT_IND
  cVRT_IND
  dVRT_IND
  aHRZ_COL
  bHRZ_COL
  cHRZ_COL
  dHRZ_COL
  aVRT_COL
  bVRT_COL
  cVRT_COL
  dVRT_COL
  aCOLLCTV
  bCOLLCTV
  cCOLLCTV
  dCOLLCTV
  aMVS
  bMVS
  cMVS
  dMVS
  aST
  bST
  cST
  dST
  aSD
  bSD
  cSD
  dSD
  aMVS_mc
  bMVS_mc
  cMVS_mc
  dMVS_mc
  aST_mc
  bST_mc
  cST_mc
  dST_mc
  aSD_mc
  bSD_mc
  cSD_mc
  dSD_mc
  bMEANING
  cMEANING
  dMEANING
  bMEAN_L
  cMEAN_L
  dMEAN_L
  bMEANNGc
  cMEANNGc
  dMEANNGc
  bMEANGlc
  cMEANGlc
  dMEANGlc
  bCLASSIC
  cCLASSIC
  dCLASSIC
  bCLASSCc
  cCLASSCc
  dCLASSCc
  bAGR_VAL
  cAGR_VAL
  dAGR_VAL
  bOPN_VAL
  cOPN_VAL
  dOPN_VAL
  bAGR_VLc
  cAGR_VLc
  dAGR_VLc
  bOPNVALc
  cOPNVALc
  dOPNVALc
  aMV_pomp
  bMV_pomp
  cMV_pomp
  dMV_pomp
  aST_pomp
  bST_pomp
  cST_pomp
  dST_pomp
  aSD_pomp
  bSD_pomp
  cSD_pomp
  dSD_pomp
  agoal_ec
  bgoal_ec
  cgoal_ec
  dgoal_ec
  aAspfinc
  bAspfinc
  cAspfinc
  dAspfinc
  abfi_hp8
  bbfi_hp8
  cbfi_hp8
  dbfi_hp8
  aP_S_BFI
  aP_D_BFI
  aECgoalc
  bECgoalC
  cECgoalC
  dECgoalC
  aaspfin
  baspfin
  caspfin
  daspfin
  aMVI_POMP
  bMVI_POMP
  cMVI_POMP
  dMVI_POMP;


  USEVARIABLES =
  aS_SCALE
  bS_SCALE
  cS_SCALE
  dS_SCALE
  aVRT_IND
  bVRT_IND
  cVRT_IND
  dVRT_IND
  bage_c
  cage_c
  dage_c
  ;

  missing = all (-9999);

  USEOBSERVATIONS are Sample == 1; ! National Sample

  tscores = bage_c cage_c dage_c;

  DEFINE:
  bage_c = aAGE + 1 - 36;
  cage_c = aAGE + 2 - 36;
  dage_c = aAGE + 3 - 36;

  ANALYSIS:
  TYPE=RANDOM;
  PROCESSORS = 8;

  MODEL:

  i_S_SCALE s_S_SCALE | bS_SCALE cS_SCALE dS_SCALE AT bage_c cage_c dage_c;
  i_VRT_IND s_VRT_IND | bVRT_IND cVRT_IND dVRT_IND AT bage_c cage_c dage_c;


  !After Bollen and Curran initial observation is not part of LGM

  dS_SCALE on cS_SCALE (a); ! Autoregressive paths constrained to equality
  cS_SCALE on bS_SCALE (a);
  bS_SCALE on aS_SCALE (a);

  dVRT_IND on cVRT_IND (b); ! Autoregressive paths constrained to equality
  cVRT_IND on bVRT_IND (b);
  bVRT_IND on aVRT_IND (b);

  bS_SCALE cS_SCALE dS_SCALE (c); !Equality constraint on residuals
  bVRT_IND cVRT_IND dVRT_IND (d); !Equality constraint on residuals

  dVRT_IND on cS_SCALE (x); ! Cross-lagged paths constrained to equality
  cVRT_IND on bS_SCALE (x);
  bVRT_IND on aS_SCALE (x);

  dS_SCALE on cVRT_IND (y); ! Cross-lagged paths constrained to equality
  cS_SCALE on bVRT_IND (y);
  bS_SCALE on aVRT_IND (y);

  dVRT_IND with dS_SCALE (w); ! within-wave correlations constrained to equality
  cVRT_IND with cS_SCALE (w);
  bVRT_IND with bS_SCALE (w);

  aS_SCALE aVRT_IND i_S_SCALE i_VRT_IND
  s_S_SCALE
  with
  s_S_SCALE
  aS_SCALE aVRT_IND i_S_SCALE i_VRT_IND;


  s_VRT_IND@0;

  OUTPUT: SAMPSTAT PATTERNS;



*** WARNING
  Variable name contains more than 8 characters.
  Only the first 8 characters will be printed in the output.
  Variable: AMVI_POMP
*** WARNING
  Variable name contains more than 8 characters.
  Only the first 8 characters will be printed in the output.
  Variable: BMVI_POMP
*** WARNING
  Variable name contains more than 8 characters.
  Only the first 8 characters will be printed in the output.
  Variable: CMVI_POMP
*** WARNING
  Variable name contains more than 8 characters.
  Only the first 8 characters will be printed in the output.
  Variable: DMVI_POMP
*** WARNING
  Variable name contains more than 8 characters.
  Only the first 8 characters will be printed in the output.
  Variable: I_S_SCALE
*** WARNING
  Variable name contains more than 8 characters.
  Only the first 8 characters will be printed in the output.
  Variable: S_S_SCALE
*** WARNING
  Variable name contains more than 8 characters.
  Only the first 8 characters will be printed in the output.
  Variable: I_VRT_IND
*** WARNING
  Variable name contains more than 8 characters.
  Only the first 8 characters will be printed in the output.
  Variable: S_VRT_IND
*** WARNING in MODEL command
  All continuous latent variable covariances involving S_VRT_IND have been fixed to 0
  because the variance of S_VRT_IND is fixed at 0.
*** WARNING
  Data set contains cases with missing on time scores but non-missing on the
  corresponding dependent variables.  These cases were not included in the analysis.
  Number of such cases:  16
  10 WARNING(S) FOUND IN THE INPUT INSTRUCTIONS



PxVx Univariate - Nat Lin S_SCALE with MeanOnly VRT_IND;

SUMMARY OF ANALYSIS

Number of groups                                                 1
Number of observations                                         863

Number of dependent variables                                    6
Number of independent variables                                  2
Number of continuous latent variables                            4

Observed dependent variables

  Continuous
   BS_SCALE    CS_SCALE    DS_SCALE    BVRT_IND    CVRT_IND    DVRT_IND

Observed independent variables
   AS_SCALE    AVRT_IND

Continuous latent variables
   I_S_SCAL    S_S_SCAL    I_VRT_IN    S_VRT_IN

Variables with special functions

  Time scores
   BAGE_C      CAGE_C      DAGE_C


Estimator                                                      MLR
Information matrix                                        OBSERVED
Maximum number of iterations                                   100
Convergence criterion                                    0.100D-05
Maximum number of EM iterations                                500
Convergence criteria for the EM algorithm
  Loglikelihood change                                   0.100D-02
  Relative loglikelihood change                          0.100D-05
  Derivative                                             0.100D-03
Minimum variance                                         0.100D-03
Maximum number of steepest descent iterations                   20
Maximum number of iterations for H1                           2000
Convergence criterion for H1                             0.100D-03
Optimization algorithm                                         EMA

Input data file(s)
  E:\Projects\lnt_pxvx\Data\LT_227.txt
Input data format  FREE


SUMMARY OF DATA

     Number of missing data patterns            22


SUMMARY OF MISSING DATA PATTERNS


     MISSING DATA PATTERNS (x = not missing)

           1  2  3  4  5  6  7  8  9 10 11 12 13 14 15 16 17 18 19 20
 BS_SCALE  x     x  x     x     x     x  x  x  x     x     x     x
 CS_SCALE  x           x  x     x  x     x  x  x     x        x  x  x
 DS_SCALE  x     x     x  x  x           x     x  x  x     x        x
 BVRT_IND  x     x  x     x     x        x  x        x           x
 CVRT_IND  x           x        x  x     x     x     x           x  x
 DVRT_IND  x     x     x  x  x                 x  x  x     x     x
 AS_SCALE  x  x  x  x  x  x  x  x  x  x  x  x  x        x  x  x  x  x
 AVRT_IND  x  x  x  x  x  x  x  x  x  x  x  x  x  x        x  x  x  x

          21 22
 BS_SCALE
 CS_SCALE     x
 DS_SCALE  x  x
 BVRT_IND
 CVRT_IND     x
 DVRT_IND     x
 AS_SCALE  x
 AVRT_IND  x


     MISSING DATA PATTERN FREQUENCIES

    Pattern   Frequency     Pattern   Frequency     Pattern   Frequency
          1         489           9          20          17           1
          2         168          10           4          18           1
          3          26          11           1          19           1
          4          48          12           1          20           2
          5          21          13           3          21           2
          6           2          14           1          22           1
          7          23          15           3
          8          44          16           1


COVARIANCE COVERAGE OF DATA

Minimum covariance coverage value   0.100


     PROPORTION OF DATA PRESENT


           Covariance Coverage
              BS_SCALE      CS_SCALE      DS_SCALE      BVRT_IND      CVRT_IND
              ________      ________      ________      ________      ________
 BS_SCALE       0.722
 CS_SCALE       0.630         0.683
 DS_SCALE       0.608         0.605         0.666
 BVRT_IND       0.713         0.627         0.604         0.713
 CVRT_IND       0.627         0.678         0.603         0.623         0.678
 DVRT_IND       0.608         0.603         0.660         0.604         0.600
 AS_SCALE       0.718         0.678         0.660         0.709         0.673
 AVRT_IND       0.718         0.678         0.662         0.709         0.673


           Covariance Coverage
              DVRT_IND      AS_SCALE      AVRT_IND
              ________      ________      ________
 DVRT_IND       0.662
 AS_SCALE       0.656         0.994
 AVRT_IND       0.657         0.993         0.994


SAMPLE STATISTICS


     ESTIMATED SAMPLE STATISTICS


           Means
              BS_SCALE      CS_SCALE      DS_SCALE      BVRT_IND      CVRT_IND
              ________      ________      ________      ________      ________
 1             73.240        73.766        74.006        47.184        46.392


           Means
              DVRT_IND      AS_SCALE      AVRT_IND
              ________      ________      ________
 1             46.376        72.961        47.180


           Covariances
              BS_SCALE      CS_SCALE      DS_SCALE      BVRT_IND      CVRT_IND
              ________      ________      ________      ________      ________
 BS_SCALE     184.571
 CS_SCALE     148.840       183.324
 DS_SCALE     145.560       156.155       192.354
 BVRT_IND     -65.929       -66.439       -59.225       356.190
 CVRT_IND     -63.935       -66.967       -58.063       263.498       383.618
 DVRT_IND     -53.132       -59.441       -53.932       261.781       280.153
 AS_SCALE     146.713       148.361       147.921       -49.220       -43.425
 AVRT_IND     -75.407       -78.946       -64.562       246.615       244.664


           Covariances
              DVRT_IND      AS_SCALE      AVRT_IND
              ________      ________      ________
 DVRT_IND     376.998
 AS_SCALE     -41.187       196.853
 AVRT_IND     240.857       -67.134       371.389


           Correlations
              BS_SCALE      CS_SCALE      DS_SCALE      BVRT_IND      CVRT_IND
              ________      ________      ________      ________      ________
 BS_SCALE       1.000
 CS_SCALE       0.809         1.000
 DS_SCALE       0.773         0.832         1.000
 BVRT_IND      -0.257        -0.260        -0.226         1.000
 CVRT_IND      -0.240        -0.253        -0.214         0.713         1.000
 DVRT_IND      -0.201        -0.226        -0.200         0.714         0.737
 AS_SCALE       0.770         0.781         0.760        -0.186        -0.158
 AVRT_IND      -0.288        -0.303        -0.242         0.678         0.648


           Correlations
              DVRT_IND      AS_SCALE      AVRT_IND
              ________      ________      ________
 DVRT_IND       1.000
 AS_SCALE      -0.151         1.000
 AVRT_IND       0.644        -0.248         1.000


     MAXIMUM LOG-LIKELIHOOD VALUE FOR THE UNRESTRICTED (H1) MODEL IS -20443.739


THE MODEL ESTIMATION TERMINATED NORMALLY



MODEL FIT INFORMATION

Number of Free Parameters                       28

Loglikelihood

          H0 Value                      -20442.282
          H0 Scaling Correction Factor       1.167
            for MLR

Information Criteria

          Akaike (AIC)                   40940.565
          Bayesian (BIC)                 41073.856
          Sample-Size Adjusted BIC       40984.936
            (n* = (n + 2) / 24)



MODEL RESULTS

                                                    Two-Tailed
                    Estimate       S.E.  Est./S.E.    P-Value

 DS_SCALE   ON
    CS_SCALE           0.108      0.044      2.446      0.014
    CVRT_IND          -0.020      0.022     -0.900      0.368

 CS_SCALE   ON
    BS_SCALE           0.108      0.044      2.446      0.014
    BVRT_IND          -0.020      0.022     -0.900      0.368

 BS_SCALE   ON
    AS_SCALE           0.108      0.044      2.446      0.014
    AVRT_IND          -0.020      0.022     -0.900      0.368

 DVRT_IND   ON
    CVRT_IND           0.071      0.051      1.374      0.170
    CS_SCALE          -0.072      0.053     -1.376      0.169

 CVRT_IND   ON
    BVRT_IND           0.071      0.051      1.374      0.170
    BS_SCALE          -0.072      0.053     -1.376      0.169

 BVRT_IND   ON
    AVRT_IND           0.071      0.051      1.374      0.170
    AS_SCALE          -0.072      0.053     -1.376      0.169

 S_S_SCAL WITH
    I_S_SCALE         -0.085      0.235     -0.361      0.718

 I_VRT_IN WITH
    I_S_SCALE        -28.210     13.109     -2.152      0.031
    S_S_SCALE          0.130      0.382      0.340      0.734

 AS_SCALE WITH
    I_S_SCALE        126.422      9.754     12.962      0.000
    S_S_SCALE          0.387      0.291      1.332      0.183
    I_VRT_IND        -24.140     12.039     -2.005      0.045

 AVRT_IND WITH
    I_S_SCALE        -57.249     11.442     -5.003      0.000
    S_S_SCALE         -0.634      0.450     -1.410      0.158
    I_VRT_IND        213.380     18.962     11.253      0.000

 DVRT_IND WITH
    DS_SCALE          -3.923      2.510     -1.563      0.118

 CVRT_IND WITH
    CS_SCALE          -3.923      2.510     -1.563      0.118

 BVRT_IND WITH
    BS_SCALE          -3.923      2.510     -1.563      0.118

 AVRT_IND WITH
    AS_SCALE         -67.106      9.933     -6.756      0.000

 Means
    AS_SCALE          72.963      0.478    152.605      0.000
    AVRT_IND          47.176      0.656     71.865      0.000
    I_S_SCALE         66.460      3.351     19.835      0.000
    S_S_SCALE          0.061      0.026      2.374      0.018
    I_VRT_IND         48.928      4.955      9.874      0.000
    S_VRT_IND         -0.163      0.047     -3.455      0.001

 Intercepts
    BS_SCALE           0.000      0.000    999.000    999.000
    CS_SCALE           0.000      0.000    999.000    999.000
    DS_SCALE           0.000      0.000    999.000    999.000
    BVRT_IND           0.000      0.000    999.000    999.000
    CVRT_IND           0.000      0.000    999.000    999.000
    DVRT_IND           0.000      0.000    999.000    999.000

 Variances
    AS_SCALE         196.800      9.505     20.705      0.000
    AVRT_IND         371.418     16.445     22.586      0.000
    I_S_SCALE        110.963     14.114      7.862      0.000
    S_S_SCALE          0.013      0.023      0.572      0.567
    I_VRT_IND        213.499     29.400      7.262      0.000
    S_VRT_IND          0.000      0.000    999.000    999.000

 Residual Variances
    BS_SCALE          39.250      2.483     15.809      0.000
    CS_SCALE          39.250      2.483     15.809      0.000
    DS_SCALE          39.250      2.483     15.809      0.000
    BVRT_IND         108.517      6.649     16.320      0.000
    CVRT_IND         108.517      6.649     16.320      0.000
    DVRT_IND         108.517      6.649     16.320      0.000


QUALITY OF NUMERICAL RESULTS

     Condition Number for the Information Matrix              0.325E-05
       (ratio of smallest to largest eigenvalue)


     Beginning Time:  15:08:44
        Ending Time:  15:08:49
       Elapsed Time:  00:00:05



MUTHEN & MUTHEN
3463 Stoner Ave.
Los Angeles, CA  90066

Tel: (310) 391-9971
Fax: (310) 391-8971
Web: www.StatModel.com
Support: Support@StatModel.com

Copyright (c) 1998-2011 Muthen & Muthen
