Mplus VERSION 6.12
MUTHEN & MUTHEN
03/09/2016   6:37 PM

INPUT INSTRUCTIONS


  title: PxVx Univariate - Col Lin BFI_C with Lin VRT_COL;
  data: file = E:\Projects\lnt_pxvx\Data\LT_227.txt;



  variable:
  names =
  subjid
  Sample
  aGENDER
  aAGE
  aethnic1
  aethnic2
  aedu_mom
  aedu_dad
  aEDUCATN
  bEDUCATN
  cEDUCATN
  aEMPLOYD
  bEMPLOYD
  cEMPLOYD
  dEMPLOYD
  aINCOME
  bINCOME
  cINCOME
  dINCOME
  aS_SCALE
  bS_SCALE
  cS_SCALE
  dS_SCALE
  aD_SCALE
  bD_SCALE
  cD_SCALE
  dD_SCALE
  aS_COMP
  bS_COMP
  cS_COMP
  dS_COMP
  aD_COMP
  bD_COMP
  cD_COMP
  dD_COMP
  aBFI_A
  aBFI_A6
  aBFI_C
  aBFI_E
  aBFI_HP
  aBFI_N
  aBFI_O
  bBFI_A
  bBFI_A6
  bBFI_C
  bBFI_E
  bBFI_HP
  bBFI_N
  bBFI_O
  cBFI_A
  cBFI_A6
  cBFI_C
  cBFI_E
  cBFI_HP
  cBFI_N
  cBFI_O
  dBFI_A
  dBFI_A6
  dBFI_C
  dBFI_E
  dBFI_HP
  dBFI_N
  dBFI_O
  aBFA_AC
  aBFA_AP
  aBFA_CI
  aBFA_CO
  aBFA_EA
  aBFA_EE
  aBFA_N9
  aBFA_NV
  aBFA_NW
  aBFA_OI
  aBFA_OO
  aBFA_PS
  aBFA_MT
  bBFA_AC
  bBFA_AP
  bBFA_CI
  bBFA_CO
  bBFA_EA
  bBFA_EE
  bBFA_N9
  bBFA_NV
  bBFA_NW
  bBFA_OI
  bBFA_OO
  bBFA_MT
  bBFA_PS
  cBFA_AC
  cBFA_AP
  cBFA_CI
  cBFA_CO
  cBFA_EA
  cBFA_EE
  cBFA_N9
  cBFA_NV
  cBFA_NW
  cBFA_OI
  cBFA_OO
  cBFA_MT
  cBFA_PS
  dBFA_AC
  dBFA_AP
  dBFA_CI
  dBFA_CO
  dBFA_EA
  dBFA_EE
  dBFA_N9
  dBFA_NV
  dBFA_NW
  dBFA_OI
  dBFA_OO
  dBFA_MT
  dBFA_PS
  aUSI
  bUSI
  cUSI
  dUSI
  aHRZ_IND
  bHRZ_IND
  cHRZ_IND
  dHRZ_IND
  aVRT_IND
  bVRT_IND
  cVRT_IND
  dVRT_IND
  aHRZ_COL
  bHRZ_COL
  cHRZ_COL
  dHRZ_COL
  aVRT_COL
  bVRT_COL
  cVRT_COL
  dVRT_COL
  aCOLLCTV
  bCOLLCTV
  cCOLLCTV
  dCOLLCTV
  aMVS
  bMVS
  cMVS
  dMVS
  aST
  bST
  cST
  dST
  aSD
  bSD
  cSD
  dSD
  aMVS_mc
  bMVS_mc
  cMVS_mc
  dMVS_mc
  aST_mc
  bST_mc
  cST_mc
  dST_mc
  aSD_mc
  bSD_mc
  cSD_mc
  dSD_mc
  bMEANING
  cMEANING
  dMEANING
  bMEAN_L
  cMEAN_L
  dMEAN_L
  bMEANNGc
  cMEANNGc
  dMEANNGc
  bMEANGlc
  cMEANGlc
  dMEANGlc
  bCLASSIC
  cCLASSIC
  dCLASSIC
  bCLASSCc
  cCLASSCc
  dCLASSCc
  bAGR_VAL
  cAGR_VAL
  dAGR_VAL
  bOPN_VAL
  cOPN_VAL
  dOPN_VAL
  bAGR_VLc
  cAGR_VLc
  dAGR_VLc
  bOPNVALc
  cOPNVALc
  dOPNVALc
  aMV_pomp
  bMV_pomp
  cMV_pomp
  dMV_pomp
  aST_pomp
  bST_pomp
  cST_pomp
  dST_pomp
  aSD_pomp
  bSD_pomp
  cSD_pomp
  dSD_pomp
  agoal_ec
  bgoal_ec
  cgoal_ec
  dgoal_ec
  aAspfinc
  bAspfinc
  cAspfinc
  dAspfinc
  abfi_hp8
  bbfi_hp8
  cbfi_hp8
  dbfi_hp8
  aP_S_BFI
  aP_D_BFI
  aECgoalc
  bECgoalC
  cECgoalC
  dECgoalC
  aaspfin
  baspfin
  caspfin
  daspfin;

  USEVARIABLES =
  aBFI_C
  bBFI_C
  cBFI_C
  dBFI_C
  aVRT_COL
  bVRT_COL
  cVRT_COL
  dVRT_COL
  bage_c
  cage_c
  dage_c
  ;

  missing = all (-9999);

  USEOBSERVATIONS are Sample == 2; ! College Sample

  tscores = bage_c cage_c dage_c;

  DEFINE:
  bage_c = aAGE + 1 - 20.5;
  cage_c = aAGE + 2 - 20.5;
  dage_c = aAGE + 3 - 20.5;

  ANALYSIS:
  TYPE=RANDOM;
  PROCESSORS = 8;

  MODEL:

  i_BFI_C s_BFI_C | bBFI_C cBFI_C dBFI_C AT bage_c cage_c dage_c;
  i_VRT_COL s_VRT_COL | bVRT_COL cVRT_COL dVRT_COL AT bage_c cage_c dage_c;


  !After Bollen and Curran initial observation is not part of LGM

  dBFI_C on cBFI_C (a); ! Autoregressive paths constrained to equality
  cBFI_C on bBFI_C (a);
  bBFI_C on aBFI_C (a);

  dVRT_COL on cVRT_COL (b); ! Autoregressive paths constrained to equality
  cVRT_COL on bVRT_COL (b);
  bVRT_COL on aVRT_COL (b);

  bBFI_C cBFI_C dBFI_C (c); !Equality constraint on residuals
  bVRT_COL cVRT_COL dVRT_COL (d); !Equality constraint on residuals

  dVRT_COL on cBFI_C (x); ! Cross-lagged paths constrained to equality
  cVRT_COL on bBFI_C (x);
  bVRT_COL on aBFI_C (x);

  dBFI_C on cVRT_COL (y); ! Cross-lagged paths constrained to equality
  cBFI_C on bVRT_COL (y);
  bBFI_C on aVRT_COL (y);

  dVRT_COL with dBFI_C (w); ! within-wave correlations constrained to equality
  cVRT_COL with cBFI_C (w);
  bVRT_COL with bBFI_C (w);

  aBFI_C aVRT_COL i_BFI_C i_VRT_COL
  s_BFI_C
  s_VRT_COL
  with
  s_BFI_C
  s_VRT_COL
  aBFI_C aVRT_COL i_BFI_C i_VRT_COL;



  OUTPUT: SAMPSTAT PATTERNS;



*** WARNING
  Variable name contains more than 8 characters.
  Only the first 8 characters will be printed in the output.
  Variable: I_VRT_COL
*** WARNING
  Variable name contains more than 8 characters.
  Only the first 8 characters will be printed in the output.
  Variable: S_VRT_COL
*** WARNING
  Data set contains cases with missing on all variables.
  These cases were not included in the analysis.
  Number of cases with missing on all variables:  1
   3 WARNING(S) FOUND IN THE INPUT INSTRUCTIONS



PxVx Univariate - Col Lin BFI_C with Lin VRT_COL;

SUMMARY OF ANALYSIS

Number of groups                                                 1
Number of observations                                         279

Number of dependent variables                                    6
Number of independent variables                                  2
Number of continuous latent variables                            4

Observed dependent variables

  Continuous
   BBFI_C      CBFI_C      DBFI_C      BVRT_COL    CVRT_COL    DVRT_COL

Observed independent variables
   ABFI_C      AVRT_COL

Continuous latent variables
   I_BFI_C     S_BFI_C     I_VRT_CO    S_VRT_CO

Variables with special functions

  Time scores
   BAGE_C      CAGE_C      DAGE_C


Estimator                                                      MLR
Information matrix                                        OBSERVED
Maximum number of iterations                                   100
Convergence criterion                                    0.100D-05
Maximum number of EM iterations                                500
Convergence criteria for the EM algorithm
  Loglikelihood change                                   0.100D-02
  Relative loglikelihood change                          0.100D-05
  Derivative                                             0.100D-03
Minimum variance                                         0.100D-03
Maximum number of steepest descent iterations                   20
Maximum number of iterations for H1                           2000
Convergence criterion for H1                             0.100D-03
Optimization algorithm                                         EMA

Input data file(s)
  E:\Projects\lnt_pxvx\Data\LT_227.txt
Input data format  FREE


SUMMARY OF DATA

     Number of missing data patterns            15


SUMMARY OF MISSING DATA PATTERNS


     MISSING DATA PATTERNS (x = not missing)

           1  2  3  4  5  6  7  8  9 10 11 12 13 14 15
 BBFI_C    x  x     x        x  x     x  x        x  x
 CBFI_C    x  x  x                 x  x     x        x
 DBFI_C    x     x        x  x  x  x  x  x           x
 BVRT_COL  x  x     x           x     x  x
 CVRT_COL  x  x  x                 x  x     x        x
 DVRT_COL  x              x     x  x                 x
 ABFI_C    x  x  x  x  x  x  x  x  x  x  x  x  x  x  x
 AVRT_COL  x  x  x  x  x  x  x  x  x  x  x  x     x  x


     MISSING DATA PATTERN FREQUENCIES

    Pattern   Frequency     Pattern   Frequency     Pattern   Frequency
          1         140           6          11          11           1
          2          10           7           1          12           4
          3           2           8          16          13           2
          4          26           9           9          14           2
          5          52          10           2          15           1


COVARIANCE COVERAGE OF DATA

Minimum covariance coverage value   0.100


     PROPORTION OF DATA PRESENT


           Covariance Coverage
              BBFI_C        CBFI_C        DBFI_C        BVRT_COL      CVRT_COL
              ________      ________      ________      ________      ________
 BBFI_C         0.713
 CBFI_C         0.548         0.602
 DBFI_C         0.577         0.552         0.656
 BVRT_COL       0.699         0.545         0.570         0.699
 CVRT_COL       0.548         0.602         0.552         0.545         0.602
 DVRT_COL       0.563         0.538         0.634         0.559         0.538
 ABFI_C         0.713         0.602         0.656         0.699         0.602
 AVRT_COL       0.713         0.602         0.656         0.699         0.602


           Covariance Coverage
              DVRT_COL      ABFI_C        AVRT_COL
              ________      ________      ________
 DVRT_COL       0.634
 ABFI_C         0.634         1.000
 AVRT_COL       0.634         0.993         0.993


SAMPLE STATISTICS


     ESTIMATED SAMPLE STATISTICS


           Means
              BBFI_C        CBFI_C        DBFI_C        BVRT_COL      CVRT_COL
              ________      ________      ________      ________      ________
 1             66.152        65.537        67.203        66.470        64.306


           Means
              DVRT_COL      ABFI_C        AVRT_COL
              ________      ________      ________
 1             64.644        65.096        67.110


           Covariances
              BBFI_C        CBFI_C        DBFI_C        BVRT_COL      CVRT_COL
              ________      ________      ________      ________      ________
 BBFI_C       254.039
 CBFI_C       205.391       269.508
 DBFI_C       198.654       219.321       263.649
 BVRT_COL      44.018        40.122        51.828       313.988
 CVRT_COL      -2.392        -0.803         0.177       180.146       297.971
 DVRT_COL      20.413        31.478        47.718       203.128       200.124
 ABFI_C       188.006       179.854       179.028        52.991        11.961
 AVRT_COL      24.969        57.038        53.119       202.157       182.306


           Covariances
              DVRT_COL      ABFI_C        AVRT_COL
              ________      ________      ________
 DVRT_COL     341.142
 ABFI_C        41.491       250.018
 AVRT_COL     207.073        70.638       325.915


           Correlations
              BBFI_C        CBFI_C        DBFI_C        BVRT_COL      CVRT_COL
              ________      ________      ________      ________      ________
 BBFI_C         1.000
 CBFI_C         0.785         1.000
 DBFI_C         0.768         0.823         1.000
 BVRT_COL       0.156         0.138         0.180         1.000
 CVRT_COL      -0.009        -0.003         0.001         0.589         1.000
 DVRT_COL       0.069         0.104         0.159         0.621         0.628
 ABFI_C         0.746         0.693         0.697         0.189         0.044
 AVRT_COL       0.087         0.192         0.181         0.632         0.585


           Correlations
              DVRT_COL      ABFI_C        AVRT_COL
              ________      ________      ________
 DVRT_COL       1.000
 ABFI_C         0.142         1.000
 AVRT_COL       0.621         0.247         1.000


     MAXIMUM LOG-LIKELIHOOD VALUE FOR THE UNRESTRICTED (H1) MODEL IS -6537.834


THE MODEL ESTIMATION TERMINATED NORMALLY



MODEL FIT INFORMATION

Number of Free Parameters                       34

Loglikelihood

          H0 Value                       -6545.195
          H0 Scaling Correction Factor       1.173
            for MLR

Information Criteria

          Akaike (AIC)                   13158.389
          Bayesian (BIC)                 13281.850
          Sample-Size Adjusted BIC       13174.039
            (n* = (n + 2) / 24)



MODEL RESULTS

                                                    Two-Tailed
                    Estimate       S.E.  Est./S.E.    P-Value

 DBFI_C     ON
    CBFI_C             0.174      0.216      0.807      0.420
    CVRT_COL          -0.126      0.143     -0.881      0.378

 CBFI_C     ON
    BBFI_C             0.174      0.216      0.807      0.420
    BVRT_COL          -0.126      0.143     -0.881      0.378

 BBFI_C     ON
    ABFI_C             0.174      0.216      0.807      0.420
    AVRT_COL          -0.126      0.143     -0.881      0.378

 DVRT_COL   ON
    CVRT_COL          -0.053      0.157     -0.335      0.737
    CBFI_C            -0.045      0.072     -0.627      0.531

 CVRT_COL   ON
    BVRT_COL          -0.053      0.157     -0.335      0.737
    BBFI_C            -0.045      0.072     -0.627      0.531

 BVRT_COL   ON
    AVRT_COL          -0.053      0.157     -0.335      0.737
    ABFI_C            -0.045      0.072     -0.627      0.531

 S_BFI_C  WITH
    I_BFI_C           -9.014      7.349     -1.227      0.220

 I_VRT_CO WITH
    I_BFI_C           74.894     61.300      1.222      0.222
    S_BFI_C            1.680     10.978      0.153      0.878

 S_VRT_CO WITH
    I_BFI_C          -15.737     13.771     -1.143      0.253
    S_BFI_C            3.594      3.758      0.956      0.339
    I_VRT_COL        -18.284     20.489     -0.892      0.372

 ABFI_C   WITH
    I_BFI_C          148.401     78.099      1.900      0.057
    S_BFI_C            2.424     13.394      0.181      0.856
    I_VRT_COL         68.578     34.097      2.011      0.044
    S_VRT_COL         -9.521      8.775     -1.085      0.278

 AVRT_COL WITH
    I_BFI_C           50.584     74.550      0.679      0.497
    S_BFI_C            7.451     14.133      0.527      0.598
    I_VRT_COL        230.711     59.042      3.908      0.000
    S_VRT_COL         -9.241     12.662     -0.730      0.466

 DVRT_COL WITH
    DBFI_C            -2.192      7.191     -0.305      0.761

 CVRT_COL WITH
    CBFI_C            -2.192      7.191     -0.305      0.761

 BVRT_COL WITH
    BBFI_C            -2.192      7.191     -0.305      0.761

 AVRT_COL WITH
    ABFI_C            70.638     18.614      3.795      0.000

 Means
    ABFI_C            65.096      0.947     68.725      0.000
    AVRT_COL          67.110      1.088     61.708      0.000
    I_BFI_C           62.816     22.696      2.768      0.006
    S_BFI_C            0.249      0.405      0.615      0.538
    I_VRT_COL         73.469     13.346      5.505      0.000
    S_VRT_COL         -0.897      0.601     -1.492      0.136

 Intercepts
    BBFI_C             0.000      0.000    999.000    999.000
    CBFI_C             0.000      0.000    999.000    999.000
    DBFI_C             0.000      0.000    999.000    999.000
    BVRT_COL           0.000      0.000    999.000    999.000
    CVRT_COL           0.000      0.000    999.000    999.000
    DVRT_COL           0.000      0.000    999.000    999.000

 Variances
    ABFI_C           250.018     20.212     12.369      0.000
    AVRT_COL         325.915     21.817     14.938      0.000
    I_BFI_C          163.613     98.426      1.662      0.096
    S_BFI_C            5.285      2.988      1.769      0.077
    I_VRT_COL        257.549    111.124      2.318      0.020
    S_VRT_COL          9.367      8.853      1.058      0.290

 Residual Variances
    BBFI_C            54.246     12.238      4.432      0.000
    CBFI_C            54.246     12.238      4.432      0.000
    DBFI_C            54.246     12.238      4.432      0.000
    BVRT_COL         110.486     19.361      5.707      0.000
    CVRT_COL         110.486     19.361      5.707      0.000
    DVRT_COL         110.486     19.361      5.707      0.000


QUALITY OF NUMERICAL RESULTS

     Condition Number for the Information Matrix              0.146E-06
       (ratio of smallest to largest eigenvalue)


     Beginning Time:  18:37:07
        Ending Time:  18:37:08
       Elapsed Time:  00:00:01



MUTHEN & MUTHEN
3463 Stoner Ave.
Los Angeles, CA  90066

Tel: (310) 391-9971
Fax: (310) 391-8971
Web: www.StatModel.com
Support: Support@StatModel.com

Copyright (c) 1998-2011 Muthen & Muthen
