Mplus VERSION 6.12
MUTHEN & MUTHEN
03/09/2016   8:05 PM

INPUT INSTRUCTIONS


  title: PxVx Univariate - Nat Lin BFI_C with MeanOnly VRT_COL;
  data: file = E:\Projects\lnt_pxvx\Data\LT_227.txt;


  variable:
  names =
  subjid
  Sample
  aGENDER
  aAGE
  aethnic1
  aethnic2
  aedu_mom
  aedu_dad
  aEDUCATN
  bEDUCATN
  cEDUCATN
  aEMPLOYD
  bEMPLOYD
  cEMPLOYD
  dEMPLOYD
  aINCOME
  bINCOME
  cINCOME
  dINCOME
  aS_SCALE
  bS_SCALE
  cS_SCALE
  dS_SCALE
  aD_SCALE
  bD_SCALE
  cD_SCALE
  dD_SCALE
  aS_COMP
  bS_COMP
  cS_COMP
  dS_COMP
  aD_COMP
  bD_COMP
  cD_COMP
  dD_COMP
  aBFI_A
  aBFI_A6
  aBFI_C
  aBFI_E
  aBFI_HP
  aBFI_N
  aBFI_O
  bBFI_A
  bBFI_A6
  bBFI_C
  bBFI_E
  bBFI_HP
  bBFI_N
  bBFI_O
  cBFI_A
  cBFI_A6
  cBFI_C
  cBFI_E
  cBFI_HP
  cBFI_N
  cBFI_O
  dBFI_A
  dBFI_A6
  dBFI_C
  dBFI_E
  dBFI_HP
  dBFI_N
  dBFI_O
  aBFA_AC
  aBFA_AP
  aBFA_CI
  aBFA_CO
  aBFA_EA
  aBFA_EE
  aBFA_N9
  aBFA_NV
  aBFA_NW
  aBFA_OI
  aBFA_OO
  aBFA_PS
  aBFA_MT
  bBFA_AC
  bBFA_AP
  bBFA_CI
  bBFA_CO
  bBFA_EA
  bBFA_EE
  bBFA_N9
  bBFA_NV
  bBFA_NW
  bBFA_OI
  bBFA_OO
  bBFA_MT
  bBFA_PS
  cBFA_AC
  cBFA_AP
  cBFA_CI
  cBFA_CO
  cBFA_EA
  cBFA_EE
  cBFA_N9
  cBFA_NV
  cBFA_NW
  cBFA_OI
  cBFA_OO
  cBFA_MT
  cBFA_PS
  dBFA_AC
  dBFA_AP
  dBFA_CI
  dBFA_CO
  dBFA_EA
  dBFA_EE
  dBFA_N9
  dBFA_NV
  dBFA_NW
  dBFA_OI
  dBFA_OO
  dBFA_MT
  dBFA_PS
  aUSI
  bUSI
  cUSI
  dUSI
  aHRZ_IND
  bHRZ_IND
  cHRZ_IND
  dHRZ_IND
  aVRT_IND
  bVRT_IND
  cVRT_IND
  dVRT_IND
  aHRZ_COL
  bHRZ_COL
  cHRZ_COL
  dHRZ_COL
  aVRT_COL
  bVRT_COL
  cVRT_COL
  dVRT_COL
  aCOLLCTV
  bCOLLCTV
  cCOLLCTV
  dCOLLCTV
  aMVS
  bMVS
  cMVS
  dMVS
  aST
  bST
  cST
  dST
  aSD
  bSD
  cSD
  dSD
  aMVS_mc
  bMVS_mc
  cMVS_mc
  dMVS_mc
  aST_mc
  bST_mc
  cST_mc
  dST_mc
  aSD_mc
  bSD_mc
  cSD_mc
  dSD_mc
  bMEANING
  cMEANING
  dMEANING
  bMEAN_L
  cMEAN_L
  dMEAN_L
  bMEANNGc
  cMEANNGc
  dMEANNGc
  bMEANGlc
  cMEANGlc
  dMEANGlc
  bCLASSIC
  cCLASSIC
  dCLASSIC
  bCLASSCc
  cCLASSCc
  dCLASSCc
  bAGR_VAL
  cAGR_VAL
  dAGR_VAL
  bOPN_VAL
  cOPN_VAL
  dOPN_VAL
  bAGR_VLc
  cAGR_VLc
  dAGR_VLc
  bOPNVALc
  cOPNVALc
  dOPNVALc
  aMV_pomp
  bMV_pomp
  cMV_pomp
  dMV_pomp
  aST_pomp
  bST_pomp
  cST_pomp
  dST_pomp
  aSD_pomp
  bSD_pomp
  cSD_pomp
  dSD_pomp
  agoal_ec
  bgoal_ec
  cgoal_ec
  dgoal_ec
  aAspfinc
  bAspfinc
  cAspfinc
  dAspfinc
  abfi_hp8
  bbfi_hp8
  cbfi_hp8
  dbfi_hp8
  aP_S_BFI
  aP_D_BFI
  aECgoalc
  bECgoalC
  cECgoalC
  dECgoalC
  aaspfin
  baspfin
  caspfin
  daspfin;


  USEVARIABLES =
  aBFI_C
  bBFI_C
  cBFI_C
  dBFI_C
  aVRT_COL
  bVRT_COL
  cVRT_COL
  dVRT_COL
  bage_c
  cage_c
  dage_c
  ;

  missing = all (-9999);

  USEOBSERVATIONS are Sample == 1; ! National Sample

  tscores = bage_c cage_c dage_c;

  DEFINE:
  bage_c = aAGE + 1 - 36;
  cage_c = aAGE + 2 - 36;
  dage_c = aAGE + 3 - 36;

  ANALYSIS:
  TYPE=RANDOM;
  PROCESSORS = 8;

  MODEL:

  i_BFI_C s_BFI_C | bBFI_C cBFI_C dBFI_C AT bage_c cage_c dage_c;
  i_VRT_COL s_VRT_COL | bVRT_COL cVRT_COL dVRT_COL AT bage_c cage_c dage_c;


  !After Bollen and Curran initial observation is not part of LGM

  dBFI_C on cBFI_C (a); ! Autoregressive paths constrained to equality
  cBFI_C on bBFI_C (a);
  bBFI_C on aBFI_C (a);

  dVRT_COL on cVRT_COL (b); ! Autoregressive paths constrained to equality
  cVRT_COL on bVRT_COL (b);
  bVRT_COL on aVRT_COL (b);

  bBFI_C cBFI_C dBFI_C (c); !Equality constraint on residuals
  bVRT_COL cVRT_COL dVRT_COL (d); !Equality constraint on residuals

  dVRT_COL on cBFI_C (x); ! Cross-lagged paths constrained to equality
  cVRT_COL on bBFI_C (x);
  bVRT_COL on aBFI_C (x);

  dBFI_C on cVRT_COL (y); ! Cross-lagged paths constrained to equality
  cBFI_C on bVRT_COL (y);
  bBFI_C on aVRT_COL (y);

  dVRT_COL with dBFI_C (w); ! within-wave correlations constrained to equality
  cVRT_COL with cBFI_C (w);
  bVRT_COL with bBFI_C (w);

  aBFI_C aVRT_COL i_BFI_C i_VRT_COL
  s_BFI_C
  with
  s_BFI_C
  aBFI_C aVRT_COL i_BFI_C i_VRT_COL;


  s_VRT_COL@0;

  OUTPUT: SAMPSTAT PATTERNS;



*** WARNING
  Variable name contains more than 8 characters.
  Only the first 8 characters will be printed in the output.
  Variable: I_VRT_COL
*** WARNING
  Variable name contains more than 8 characters.
  Only the first 8 characters will be printed in the output.
  Variable: S_VRT_COL
*** WARNING in MODEL command
  All continuous latent variable covariances involving S_VRT_COL have been fixed to 0
  because the variance of S_VRT_COL is fixed at 0.
*** WARNING
  Data set contains cases with missing on time scores but non-missing on the
  corresponding dependent variables.  These cases were not included in the analysis.
  Number of such cases:  5
   4 WARNING(S) FOUND IN THE INPUT INSTRUCTIONS



PxVx Univariate - Nat Lin BFI_C with MeanOnly VRT_COL;

SUMMARY OF ANALYSIS

Number of groups                                                 1
Number of observations                                         874

Number of dependent variables                                    6
Number of independent variables                                  2
Number of continuous latent variables                            4

Observed dependent variables

  Continuous
   BBFI_C      CBFI_C      DBFI_C      BVRT_COL    CVRT_COL    DVRT_COL

Observed independent variables
   ABFI_C      AVRT_COL

Continuous latent variables
   I_BFI_C     S_BFI_C     I_VRT_CO    S_VRT_CO

Variables with special functions

  Time scores
   BAGE_C      CAGE_C      DAGE_C


Estimator                                                      MLR
Information matrix                                        OBSERVED
Maximum number of iterations                                   100
Convergence criterion                                    0.100D-05
Maximum number of EM iterations                                500
Convergence criteria for the EM algorithm
  Loglikelihood change                                   0.100D-02
  Relative loglikelihood change                          0.100D-05
  Derivative                                             0.100D-03
Minimum variance                                         0.100D-03
Maximum number of steepest descent iterations                   20
Maximum number of iterations for H1                           2000
Convergence criterion for H1                             0.100D-03
Optimization algorithm                                         EMA

Input data file(s)
  E:\Projects\lnt_pxvx\Data\LT_227.txt
Input data format  FREE


SUMMARY OF DATA

     Number of missing data patterns            20


SUMMARY OF MISSING DATA PATTERNS


     MISSING DATA PATTERNS (x = not missing)

           1  2  3  4  5  6  7  8  9 10 11 12 13 14 15 16 17 18 19 20
 BBFI_C    x     x  x     x     x     x  x  x  x        x     x
 CBFI_C    x           x  x     x  x     x  x  x           x  x  x
 DBFI_C    x     x     x  x  x           x     x  x     x        x  x
 BVRT_COL  x     x  x     x     x        x  x                 x
 CVRT_COL  x           x        x  x     x     x              x  x
 DVRT_COL  x     x     x  x  x                 x  x     x     x
 ABFI_C    x  x  x  x  x  x  x  x  x  x  x  x  x     x  x  x  x  x  x
 AVRT_COL  x  x  x  x  x  x  x  x  x  x  x  x  x  x     x  x  x  x  x


     MISSING DATA PATTERN FREQUENCIES

    Pattern   Frequency     Pattern   Frequency     Pattern   Frequency
          1         497           8          45          15           1
          2         168           9          21          16           1
          3          26          10           4          17           1
          4          53          11           1          18           1
          5          21          12           1          19           2
          6           2          13           3          20           2
          7          23          14           1


COVARIANCE COVERAGE OF DATA

Minimum covariance coverage value   0.100


     PROPORTION OF DATA PRESENT


           Covariance Coverage
              BBFI_C        CBFI_C        DBFI_C        BVRT_COL      CVRT_COL
              ________      ________      ________      ________      ________
 BBFI_C         0.725
 CBFI_C         0.629         0.681
 DBFI_C         0.606         0.602         0.662
 BVRT_COL       0.716         0.626         0.602         0.716
 CVRT_COL       0.626         0.676         0.600         0.622         0.676
 DVRT_COL       0.606         0.600         0.657         0.602         0.597
 ABFI_C         0.725         0.681         0.661         0.716         0.676
 AVRT_COL       0.725         0.681         0.662         0.716         0.676


           Covariance Coverage
              DVRT_COL      ABFI_C        AVRT_COL
              ________      ________      ________
 DVRT_COL       0.658
 ABFI_C         0.657         0.999
 AVRT_COL       0.658         0.998         0.999


SAMPLE STATISTICS


     ESTIMATED SAMPLE STATISTICS


           Means
              BBFI_C        CBFI_C        DBFI_C        BVRT_COL      CVRT_COL
              ________      ________      ________      ________      ________
 1             68.557        68.674        68.837        70.317        68.625


           Means
              DVRT_COL      ABFI_C        AVRT_COL
              ________      ________      ________
 1             68.780        68.563        71.578


           Covariances
              BBFI_C        CBFI_C        DBFI_C        BVRT_COL      CVRT_COL
              ________      ________      ________      ________      ________
 BBFI_C       283.988
 CBFI_C       233.007       296.881
 DBFI_C       223.453       241.184       295.106
 BVRT_COL      79.205        72.458        55.789       354.377
 CVRT_COL      66.796        69.225        64.620       260.367       372.403
 DVRT_COL      70.932        70.765        70.891       261.706       275.895
 ABFI_C       236.020       232.258       224.762        72.846        71.495
 AVRT_COL      72.229        62.633        60.951       238.808       225.474


           Covariances
              DVRT_COL      ABFI_C        AVRT_COL
              ________      ________      ________
 DVRT_COL     364.085
 ABFI_C        79.926       301.120
 AVRT_COL     237.836        77.323       327.287


           Correlations
              BBFI_C        CBFI_C        DBFI_C        BVRT_COL      CVRT_COL
              ________      ________      ________      ________      ________
 BBFI_C         1.000
 CBFI_C         0.802         1.000
 DBFI_C         0.772         0.815         1.000
 BVRT_COL       0.250         0.223         0.173         1.000
 CVRT_COL       0.205         0.208         0.195         0.717         1.000
 DVRT_COL       0.221         0.215         0.216         0.729         0.749
 ABFI_C         0.807         0.777         0.754         0.223         0.214
 AVRT_COL       0.237         0.201         0.196         0.701         0.646


           Correlations
              DVRT_COL      ABFI_C        AVRT_COL
              ________      ________      ________
 DVRT_COL       1.000
 ABFI_C         0.241         1.000
 AVRT_COL       0.689         0.246         1.000


     MAXIMUM LOG-LIKELIHOOD VALUE FOR THE UNRESTRICTED (H1) MODEL IS -21193.794

     THE MODEL ESTIMATION DID NOT TERMINATE NORMALLY DUE TO A CHANGE IN THE
     LOGLIKELIHOOD DURING THE LAST E STEP.

     AN INSUFFICENT NUMBER OF E STEP ITERATIONS MAY HAVE BEEN USED.  INCREASE
     THE NUMBER OF MITERATIONS OR INCREASE THE MCONVERGENCE VALUE.  ESTIMATES
     CANNOT BE TRUSTED.
     SLOW CONVERGENCE DUE TO PARAMETER 4.
     THE LOGLIKELIHOOD DERIVATIVE FOR THIS PARAMETER IS -0.20633042D+00.






MODEL RESULTS

                    Estimate

 DBFI_C     ON
    CBFI_C             0.180
    CVRT_COL           0.038

 CBFI_C     ON
    BBFI_C             0.180
    BVRT_COL           0.038

 BBFI_C     ON
    ABFI_C             0.180
    AVRT_COL           0.038

 DVRT_COL   ON
    CVRT_COL           0.048
    CBFI_C            -0.018

 CVRT_COL   ON
    BVRT_COL           0.048
    BBFI_C            -0.018

 BVRT_COL   ON
    AVRT_COL           0.048
    ABFI_C            -0.018

 S_BFI_C  WITH
    I_BFI_C            0.446

 I_VRT_CO WITH
    I_BFI_C           34.530
    S_BFI_C            0.748

 ABFI_C   WITH
    I_BFI_C          178.121
    S_BFI_C            1.366
    I_VRT_COL         64.125

 AVRT_COL WITH
    I_BFI_C           39.851
    S_BFI_C            0.949
    I_VRT_COL        212.171

 DVRT_COL WITH
    DBFI_C             7.413

 CVRT_COL WITH
    CBFI_C             7.413

 BVRT_COL WITH
    BBFI_C             7.413

 AVRT_COL WITH
    ABFI_C            77.339

 Means
    ABFI_C            68.556
    AVRT_COL          71.583
    I_BFI_C           53.352
    S_BFI_C            0.092
    I_VRT_COL         66.436
    S_VRT_COL          0.447

 Intercepts
    BBFI_C             0.000
    CBFI_C             0.000
    DBFI_C             0.000
    BVRT_COL           0.000
    CVRT_COL           0.000
    DVRT_COL           0.000

 Variances
    ABFI_C           301.066
    AVRT_COL         327.287
    I_BFI_C          140.654
    S_BFI_C            0.013
    I_VRT_COL        234.648
    S_VRT_COL          0.000

 Residual Variances
    BBFI_C            65.954
    CBFI_C            65.954
    DBFI_C            65.954
    BVRT_COL         102.120
    CVRT_COL         102.120
    DVRT_COL         102.120


MODEL COMMAND WITH FINAL ESTIMATES USED AS STARTING VALUES

     i_bfi_c s_bfi_c | bbfi_c cbfi_c dbfi_c AT bage_c cage_c dage_c;
     i_vrt_col s_vrt_col | bvrt_col cvrt_col dvrt_col AT bage_c cage_c dage_c;

     dbfi_c ON cbfi_c*0.180 (a);
     dbfi_c ON cvrt_col*0.038 (y);
     cbfi_c ON bbfi_c*0.180 (a);
     cbfi_c ON bvrt_col*0.038 (y);
     bbfi_c ON abfi_c*0.180 (a);
     bbfi_c ON avrt_col*0.038 (y);
     dvrt_col ON cvrt_col*0.048 (b);
     dvrt_col ON cbfi_c*-0.018 (x);
     cvrt_col ON bvrt_col*0.048 (b);
     cvrt_col ON bbfi_c*-0.018 (x);
     bvrt_col ON avrt_col*0.048 (b);
     bvrt_col ON abfi_c*-0.018 (x);

     dvrt_col WITH dbfi_c*7.413 (w);
     cvrt_col WITH cbfi_c*7.413 (w);
     bvrt_col WITH bbfi_c*7.413 (w);
     avrt_col WITH abfi_c*77.339;
     s_bfi_c WITH i_bfi_c*0.446;
     i_vrt_col WITH i_bfi_c*34.530;
     i_vrt_col WITH s_bfi_c*0.748;
     abfi_c WITH i_bfi_c*178.121;
     abfi_c WITH s_bfi_c*1.366;
     abfi_c WITH i_vrt_col*64.125;
     avrt_col WITH i_bfi_c*39.851;
     avrt_col WITH s_bfi_c*0.949;
     avrt_col WITH i_vrt_col*212.171;

     [ bbfi_c@0 ];
     [ cbfi_c@0 ];
     [ dbfi_c@0 ];
     [ bvrt_col@0 ];
     [ cvrt_col@0 ];
     [ dvrt_col@0 ];
     [ abfi_c*68.556 ];
     [ avrt_col*71.583 ];
     [ i_bfi_c*53.352 ];
     [ s_bfi_c*0.092 ];
     [ i_vrt_col*66.436 ];
     [ s_vrt_col*0.447 ];

     bbfi_c*65.954 (c);
     cbfi_c*65.954 (c);
     dbfi_c*65.954 (c);
     bvrt_col*102.120 (d);
     cvrt_col*102.120 (d);
     dvrt_col*102.120 (d);
     abfi_c*301.066;
     avrt_col*327.287;
     i_bfi_c*140.654;
     s_bfi_c*0.013;
     i_vrt_col*234.648;
     s_vrt_col@0;



     Beginning Time:  20:05:36
        Ending Time:  20:06:37
       Elapsed Time:  00:01:01



MUTHEN & MUTHEN
3463 Stoner Ave.
Los Angeles, CA  90066

Tel: (310) 391-9971
Fax: (310) 391-8971
Web: www.StatModel.com
Support: Support@StatModel.com

Copyright (c) 1998-2011 Muthen & Muthen
