Mplus VERSION 6.12
MUTHEN & MUTHEN
03/09/2016   6:43 PM

INPUT INSTRUCTIONS


  title: PxVx Univariate - Col MeanOnly BFI_N with Lin HRZ_IND;
  data: file = E:\Projects\lnt_pxvx\Data\LT_227.txt;



  variable:
  names =
  subjid
  Sample
  aGENDER
  aAGE
  aethnic1
  aethnic2
  aedu_mom
  aedu_dad
  aEDUCATN
  bEDUCATN
  cEDUCATN
  aEMPLOYD
  bEMPLOYD
  cEMPLOYD
  dEMPLOYD
  aINCOME
  bINCOME
  cINCOME
  dINCOME
  aS_SCALE
  bS_SCALE
  cS_SCALE
  dS_SCALE
  aD_SCALE
  bD_SCALE
  cD_SCALE
  dD_SCALE
  aS_COMP
  bS_COMP
  cS_COMP
  dS_COMP
  aD_COMP
  bD_COMP
  cD_COMP
  dD_COMP
  aBFI_A
  aBFI_A6
  aBFI_C
  aBFI_E
  aBFI_HP
  aBFI_N
  aBFI_O
  bBFI_A
  bBFI_A6
  bBFI_C
  bBFI_E
  bBFI_HP
  bBFI_N
  bBFI_O
  cBFI_A
  cBFI_A6
  cBFI_C
  cBFI_E
  cBFI_HP
  cBFI_N
  cBFI_O
  dBFI_A
  dBFI_A6
  dBFI_C
  dBFI_E
  dBFI_HP
  dBFI_N
  dBFI_O
  aBFA_AC
  aBFA_AP
  aBFA_CI
  aBFA_CO
  aBFA_EA
  aBFA_EE
  aBFA_N9
  aBFA_NV
  aBFA_NW
  aBFA_OI
  aBFA_OO
  aBFA_PS
  aBFA_MT
  bBFA_AC
  bBFA_AP
  bBFA_CI
  bBFA_CO
  bBFA_EA
  bBFA_EE
  bBFA_N9
  bBFA_NV
  bBFA_NW
  bBFA_OI
  bBFA_OO
  bBFA_MT
  bBFA_PS
  cBFA_AC
  cBFA_AP
  cBFA_CI
  cBFA_CO
  cBFA_EA
  cBFA_EE
  cBFA_N9
  cBFA_NV
  cBFA_NW
  cBFA_OI
  cBFA_OO
  cBFA_MT
  cBFA_PS
  dBFA_AC
  dBFA_AP
  dBFA_CI
  dBFA_CO
  dBFA_EA
  dBFA_EE
  dBFA_N9
  dBFA_NV
  dBFA_NW
  dBFA_OI
  dBFA_OO
  dBFA_MT
  dBFA_PS
  aUSI
  bUSI
  cUSI
  dUSI
  aHRZ_IND
  bHRZ_IND
  cHRZ_IND
  dHRZ_IND
  aVRT_IND
  bVRT_IND
  cVRT_IND
  dVRT_IND
  aHRZ_COL
  bHRZ_COL
  cHRZ_COL
  dHRZ_COL
  aVRT_COL
  bVRT_COL
  cVRT_COL
  dVRT_COL
  aCOLLCTV
  bCOLLCTV
  cCOLLCTV
  dCOLLCTV
  aMVS
  bMVS
  cMVS
  dMVS
  aST
  bST
  cST
  dST
  aSD
  bSD
  cSD
  dSD
  aMVS_mc
  bMVS_mc
  cMVS_mc
  dMVS_mc
  aST_mc
  bST_mc
  cST_mc
  dST_mc
  aSD_mc
  bSD_mc
  cSD_mc
  dSD_mc
  bMEANING
  cMEANING
  dMEANING
  bMEAN_L
  cMEAN_L
  dMEAN_L
  bMEANNGc
  cMEANNGc
  dMEANNGc
  bMEANGlc
  cMEANGlc
  dMEANGlc
  bCLASSIC
  cCLASSIC
  dCLASSIC
  bCLASSCc
  cCLASSCc
  dCLASSCc
  bAGR_VAL
  cAGR_VAL
  dAGR_VAL
  bOPN_VAL
  cOPN_VAL
  dOPN_VAL
  bAGR_VLc
  cAGR_VLc
  dAGR_VLc
  bOPNVALc
  cOPNVALc
  dOPNVALc
  aMV_pomp
  bMV_pomp
  cMV_pomp
  dMV_pomp
  aST_pomp
  bST_pomp
  cST_pomp
  dST_pomp
  aSD_pomp
  bSD_pomp
  cSD_pomp
  dSD_pomp
  agoal_ec
  bgoal_ec
  cgoal_ec
  dgoal_ec
  aAspfinc
  bAspfinc
  cAspfinc
  dAspfinc
  abfi_hp8
  bbfi_hp8
  cbfi_hp8
  dbfi_hp8
  aP_S_BFI
  aP_D_BFI
  aECgoalc
  bECgoalC
  cECgoalC
  dECgoalC
  aaspfin
  baspfin
  caspfin
  daspfin;

  USEVARIABLES =
  aBFI_N
  bBFI_N
  cBFI_N
  dBFI_N
  aHRZ_IND
  bHRZ_IND
  cHRZ_IND
  dHRZ_IND
  bage_c
  cage_c
  dage_c
  ;

  missing = all (-9999);

  USEOBSERVATIONS are Sample == 2; ! College Sample

  tscores = bage_c cage_c dage_c;

  DEFINE:
  bage_c = aAGE + 1 - 20.5;
  cage_c = aAGE + 2 - 20.5;
  dage_c = aAGE + 3 - 20.5;

  ANALYSIS:
  TYPE=RANDOM;
  PROCESSORS = 8;

  MODEL:

  i_BFI_N s_BFI_N | bBFI_N cBFI_N dBFI_N AT bage_c cage_c dage_c;
  i_HRZ_IND s_HRZ_IND | bHRZ_IND cHRZ_IND dHRZ_IND AT bage_c cage_c dage_c;


  !After Bollen and Curran initial observation is not part of LGM

  dBFI_N on cBFI_N (a); ! Autoregressive paths constrained to equality
  cBFI_N on bBFI_N (a);
  bBFI_N on aBFI_N (a);

  dHRZ_IND on cHRZ_IND (b); ! Autoregressive paths constrained to equality
  cHRZ_IND on bHRZ_IND (b);
  bHRZ_IND on aHRZ_IND (b);

  bBFI_N cBFI_N dBFI_N (c); !Equality constraint on residuals
  bHRZ_IND cHRZ_IND dHRZ_IND (d); !Equality constraint on residuals

  dHRZ_IND on cBFI_N (x); ! Cross-lagged paths constrained to equality
  cHRZ_IND on bBFI_N (x);
  bHRZ_IND on aBFI_N (x);

  dBFI_N on cHRZ_IND (y); ! Cross-lagged paths constrained to equality
  cBFI_N on bHRZ_IND (y);
  bBFI_N on aHRZ_IND (y);

  dHRZ_IND with dBFI_N (w); ! within-wave correlations constrained to equality
  cHRZ_IND with cBFI_N (w);
  bHRZ_IND with bBFI_N (w);

  aBFI_N aHRZ_IND i_BFI_N i_HRZ_IND
  s_HRZ_IND
  with
  s_HRZ_IND
  aBFI_N aHRZ_IND i_BFI_N i_HRZ_IND;

  s_BFI_N@0;


  OUTPUT: SAMPSTAT PATTERNS;



*** WARNING
  Variable name contains more than 8 characters.
  Only the first 8 characters will be printed in the output.
  Variable: I_HRZ_IND
*** WARNING
  Variable name contains more than 8 characters.
  Only the first 8 characters will be printed in the output.
  Variable: S_HRZ_IND
*** WARNING in MODEL command
  All continuous latent variable covariances involving S_BFI_N have been fixed to 0
  because the variance of S_BFI_N is fixed at 0.
*** WARNING
  Data set contains cases with missing on all variables.
  These cases were not included in the analysis.
  Number of cases with missing on all variables:  1
   4 WARNING(S) FOUND IN THE INPUT INSTRUCTIONS



PxVx Univariate - Col MeanOnly BFI_N with Lin HRZ_IND;

SUMMARY OF ANALYSIS

Number of groups                                                 1
Number of observations                                         279

Number of dependent variables                                    6
Number of independent variables                                  2
Number of continuous latent variables                            4

Observed dependent variables

  Continuous
   BBFI_N      CBFI_N      DBFI_N      BHRZ_IND    CHRZ_IND    DHRZ_IND

Observed independent variables
   ABFI_N      AHRZ_IND

Continuous latent variables
   I_BFI_N     S_BFI_N     I_HRZ_IN    S_HRZ_IN

Variables with special functions

  Time scores
   BAGE_C      CAGE_C      DAGE_C


Estimator                                                      MLR
Information matrix                                        OBSERVED
Maximum number of iterations                                   100
Convergence criterion                                    0.100D-05
Maximum number of EM iterations                                500
Convergence criteria for the EM algorithm
  Loglikelihood change                                   0.100D-02
  Relative loglikelihood change                          0.100D-05
  Derivative                                             0.100D-03
Minimum variance                                         0.100D-03
Maximum number of steepest descent iterations                   20
Maximum number of iterations for H1                           2000
Convergence criterion for H1                             0.100D-03
Optimization algorithm                                         EMA

Input data file(s)
  E:\Projects\lnt_pxvx\Data\LT_227.txt
Input data format  FREE


SUMMARY OF DATA

     Number of missing data patterns            15


SUMMARY OF MISSING DATA PATTERNS


     MISSING DATA PATTERNS (x = not missing)

           1  2  3  4  5  6  7  8  9 10 11 12 13 14 15
 BBFI_N    x  x     x        x  x     x  x        x  x
 CBFI_N    x  x  x                 x  x     x        x
 DBFI_N    x     x        x  x  x  x  x  x           x
 BHRZ_IND  x  x     x           x     x  x
 CHRZ_IND  x  x  x                 x  x     x        x
 DHRZ_IND  x              x     x  x                 x
 ABFI_N    x  x  x  x  x  x  x  x  x  x  x  x  x  x  x
 AHRZ_IND  x  x  x  x  x  x  x  x  x  x  x  x     x  x


     MISSING DATA PATTERN FREQUENCIES

    Pattern   Frequency     Pattern   Frequency     Pattern   Frequency
          1         140           6          11          11           1
          2          10           7           1          12           4
          3           2           8          16          13           2
          4          26           9           9          14           2
          5          52          10           2          15           1


COVARIANCE COVERAGE OF DATA

Minimum covariance coverage value   0.100


     PROPORTION OF DATA PRESENT


           Covariance Coverage
              BBFI_N        CBFI_N        DBFI_N        BHRZ_IND      CHRZ_IND
              ________      ________      ________      ________      ________
 BBFI_N         0.713
 CBFI_N         0.548         0.602
 DBFI_N         0.577         0.552         0.656
 BHRZ_IND       0.699         0.545         0.570         0.699
 CHRZ_IND       0.548         0.602         0.552         0.545         0.602
 DHRZ_IND       0.563         0.538         0.634         0.559         0.538
 ABFI_N         0.713         0.602         0.656         0.699         0.602
 AHRZ_IND       0.713         0.602         0.656         0.699         0.602


           Covariance Coverage
              DHRZ_IND      ABFI_N        AHRZ_IND
              ________      ________      ________
 DHRZ_IND       0.634
 ABFI_N         0.634         1.000
 AHRZ_IND       0.634         0.993         0.993


SAMPLE STATISTICS


     ESTIMATED SAMPLE STATISTICS


           Means
              BBFI_N        CBFI_N        DBFI_N        BHRZ_IND      CHRZ_IND
              ________      ________      ________      ________      ________
 1             49.072        48.181        47.165        73.085        73.643


           Means
              DHRZ_IND      ABFI_N        AHRZ_IND
              ________      ________      ________
 1             75.161        50.301        73.933


           Covariances
              BBFI_N        CBFI_N        DBFI_N        BHRZ_IND      CHRZ_IND
              ________      ________      ________      ________      ________
 BBFI_N       371.353
 CBFI_N       291.744       398.844
 DBFI_N       290.459       326.851       424.137
 BHRZ_IND      13.435        31.837         7.925       264.882
 CHRZ_IND      -3.295         1.559       -22.951       170.141       241.670
 DHRZ_IND      65.976        63.007        56.970       145.682       140.123
 ABFI_N       266.708       270.076       288.494        -1.802       -10.976
 AHRZ_IND      10.562        26.049        17.127       160.589       128.153


           Covariances
              DHRZ_IND      ABFI_N        AHRZ_IND
              ________      ________      ________
 DHRZ_IND     261.597
 ABFI_N        53.851       385.200
 AHRZ_IND     140.895       -14.123       241.726


           Correlations
              BBFI_N        CBFI_N        DBFI_N        BHRZ_IND      CHRZ_IND
              ________      ________      ________      ________      ________
 BBFI_N         1.000
 CBFI_N         0.758         1.000
 DBFI_N         0.732         0.795         1.000
 BHRZ_IND       0.043         0.098         0.024         1.000
 CHRZ_IND      -0.011         0.005        -0.072         0.672         1.000
 DHRZ_IND       0.212         0.195         0.171         0.553         0.557
 ABFI_N         0.705         0.689         0.714        -0.006        -0.036
 AHRZ_IND       0.035         0.084         0.053         0.635         0.530


           Correlations
              DHRZ_IND      ABFI_N        AHRZ_IND
              ________      ________      ________
 DHRZ_IND       1.000
 ABFI_N         0.170         1.000
 AHRZ_IND       0.560        -0.046         1.000


     MAXIMUM LOG-LIKELIHOOD VALUE FOR THE UNRESTRICTED (H1) MODEL IS -6655.940


THE MODEL ESTIMATION TERMINATED NORMALLY



MODEL FIT INFORMATION

Number of Free Parameters                       28

Loglikelihood

          H0 Value                       -6666.244
          H0 Scaling Correction Factor       0.963
            for MLR

Information Criteria

          Akaike (AIC)                   13388.487
          Bayesian (BIC)                 13490.161
          Sample-Size Adjusted BIC       13401.376
            (n* = (n + 2) / 24)



MODEL RESULTS

                                                    Two-Tailed
                    Estimate       S.E.  Est./S.E.    P-Value

 DBFI_N     ON
    CBFI_N             0.106      0.022      4.786      0.000
    CHRZ_IND          -0.061      0.046     -1.316      0.188

 CBFI_N     ON
    BBFI_N             0.106      0.022      4.786      0.000
    BHRZ_IND          -0.061      0.046     -1.316      0.188

 BBFI_N     ON
    ABFI_N             0.106      0.022      4.786      0.000
    AHRZ_IND          -0.061      0.046     -1.316      0.188

 DHRZ_IND   ON
    CHRZ_IND           0.173      0.065      2.660      0.008
    CBFI_N            -0.041      0.023     -1.755      0.079

 CHRZ_IND   ON
    BHRZ_IND           0.173      0.065      2.660      0.008
    BBFI_N            -0.041      0.023     -1.755      0.079

 BHRZ_IND   ON
    AHRZ_IND           0.173      0.065      2.660      0.008
    ABFI_N            -0.041      0.023     -1.755      0.079

 I_HRZ_IN WITH
    I_BFI_N           -2.254     23.801     -0.095      0.925

 S_HRZ_IN WITH
    I_BFI_N           21.086      8.300      2.540      0.011
    I_HRZ_IND         -8.379      6.953     -1.205      0.228

 ABFI_N   WITH
    I_BFI_N          240.335     24.646      9.751      0.000
    I_HRZ_IND        -20.968     25.429     -0.825      0.410
    S_HRZ_IND         24.759     10.077      2.457      0.014

 AHRZ_IND WITH
    I_BFI_N           27.142     18.805      1.443      0.149
    I_HRZ_IND        120.798     27.855      4.337      0.000
    S_HRZ_IND         -3.953      8.066     -0.490      0.624

 DHRZ_IND WITH
    DBFI_N            -3.704      6.459     -0.573      0.566

 CHRZ_IND WITH
    CBFI_N            -3.704      6.459     -0.573      0.566

 BHRZ_IND WITH
    BBFI_N            -3.704      6.459     -0.573      0.566

 AHRZ_IND WITH
    ABFI_N           -14.123     17.327     -0.815      0.415

 Means
    ABFI_N            50.301      1.177     42.737      0.000
    AHRZ_IND          73.933      0.935     79.074      0.000
    I_BFI_N           48.846      4.270     11.440      0.000
    S_BFI_N           -0.672      0.521     -1.289      0.197
    I_HRZ_IND         62.109      5.705     10.887      0.000
    S_HRZ_IND          0.533      0.515      1.035      0.301

 Intercepts
    BBFI_N             0.000      0.000    999.000    999.000
    CBFI_N             0.000      0.000    999.000    999.000
    DBFI_N             0.000      0.000    999.000    999.000
    BHRZ_IND           0.000      0.000    999.000    999.000
    CHRZ_IND           0.000      0.000    999.000    999.000
    DHRZ_IND           0.000      0.000    999.000    999.000

 Variances
    ABFI_N           385.200     29.084     13.244      0.000
    AHRZ_IND         241.725     21.243     11.379      0.000
    I_BFI_N          238.304     26.645      8.944      0.000
    S_BFI_N            0.000      0.000    999.000    999.000
    I_HRZ_IND        116.261     30.052      3.869      0.000
    S_HRZ_IND          3.874      2.457      1.576      0.115

 Residual Variances
    BBFI_N           101.395     10.339      9.807      0.000
    CBFI_N           101.395     10.339      9.807      0.000
    DBFI_N           101.395     10.339      9.807      0.000
    BHRZ_IND         110.532     13.625      8.112      0.000
    CHRZ_IND         110.532     13.625      8.112      0.000
    DHRZ_IND         110.532     13.625      8.112      0.000


QUALITY OF NUMERICAL RESULTS

     Condition Number for the Information Matrix              0.348E-07
       (ratio of smallest to largest eigenvalue)


     Beginning Time:  18:43:08
        Ending Time:  18:43:09
       Elapsed Time:  00:00:01



MUTHEN & MUTHEN
3463 Stoner Ave.
Los Angeles, CA  90066

Tel: (310) 391-9971
Fax: (310) 391-8971
Web: www.StatModel.com
Support: Support@StatModel.com

Copyright (c) 1998-2011 Muthen & Muthen
