Mplus VERSION 6.12
MUTHEN & MUTHEN
03/09/2016   7:52 PM

INPUT INSTRUCTIONS


  title: PxVx Univariate - Nat Lin BFI_A6 with Lin MVS_mc;
  data: file = E:\Projects\lnt_pxvx\Data\LT_227.txt;


  variable:
  names =
  subjid
  Sample
  aGENDER
  aAGE
  aethnic1
  aethnic2
  aedu_mom
  aedu_dad
  aEDUCATN
  bEDUCATN
  cEDUCATN
  aEMPLOYD
  bEMPLOYD
  cEMPLOYD
  dEMPLOYD
  aINCOME
  bINCOME
  cINCOME
  dINCOME
  aS_SCALE
  bS_SCALE
  cS_SCALE
  dS_SCALE
  aD_SCALE
  bD_SCALE
  cD_SCALE
  dD_SCALE
  aS_COMP
  bS_COMP
  cS_COMP
  dS_COMP
  aD_COMP
  bD_COMP
  cD_COMP
  dD_COMP
  aBFI_A
  aBFI_A6
  aBFI_C
  aBFI_E
  aBFI_HP
  aBFI_N
  aBFI_O
  bBFI_A
  bBFI_A6
  bBFI_C
  bBFI_E
  bBFI_HP
  bBFI_N
  bBFI_O
  cBFI_A
  cBFI_A6
  cBFI_C
  cBFI_E
  cBFI_HP
  cBFI_N
  cBFI_O
  dBFI_A
  dBFI_A6
  dBFI_C
  dBFI_E
  dBFI_HP
  dBFI_N
  dBFI_O
  aBFA_AC
  aBFA_AP
  aBFA_CI
  aBFA_CO
  aBFA_EA
  aBFA_EE
  aBFA_N9
  aBFA_NV
  aBFA_NW
  aBFA_OI
  aBFA_OO
  aBFA_PS
  aBFA_MT
  bBFA_AC
  bBFA_AP
  bBFA_CI
  bBFA_CO
  bBFA_EA
  bBFA_EE
  bBFA_N9
  bBFA_NV
  bBFA_NW
  bBFA_OI
  bBFA_OO
  bBFA_MT
  bBFA_PS
  cBFA_AC
  cBFA_AP
  cBFA_CI
  cBFA_CO
  cBFA_EA
  cBFA_EE
  cBFA_N9
  cBFA_NV
  cBFA_NW
  cBFA_OI
  cBFA_OO
  cBFA_MT
  cBFA_PS
  dBFA_AC
  dBFA_AP
  dBFA_CI
  dBFA_CO
  dBFA_EA
  dBFA_EE
  dBFA_N9
  dBFA_NV
  dBFA_NW
  dBFA_OI
  dBFA_OO
  dBFA_MT
  dBFA_PS
  aUSI
  bUSI
  cUSI
  dUSI
  aHRZ_IND
  bHRZ_IND
  cHRZ_IND
  dHRZ_IND
  aVRT_IND
  bVRT_IND
  cVRT_IND
  dVRT_IND
  aHRZ_COL
  bHRZ_COL
  cHRZ_COL
  dHRZ_COL
  aVRT_COL
  bVRT_COL
  cVRT_COL
  dVRT_COL
  aCOLLCTV
  bCOLLCTV
  cCOLLCTV
  dCOLLCTV
  aMVS
  bMVS
  cMVS
  dMVS
  aST
  bST
  cST
  dST
  aSD
  bSD
  cSD
  dSD
  aMVS_mc
  bMVS_mc
  cMVS_mc
  dMVS_mc
  aST_mc
  bST_mc
  cST_mc
  dST_mc
  aSD_mc
  bSD_mc
  cSD_mc
  dSD_mc
  bMEANING
  cMEANING
  dMEANING
  bMEAN_L
  cMEAN_L
  dMEAN_L
  bMEANNGc
  cMEANNGc
  dMEANNGc
  bMEANGlc
  cMEANGlc
  dMEANGlc
  bCLASSIC
  cCLASSIC
  dCLASSIC
  bCLASSCc
  cCLASSCc
  dCLASSCc
  bAGR_VAL
  cAGR_VAL
  dAGR_VAL
  bOPN_VAL
  cOPN_VAL
  dOPN_VAL
  bAGR_VLc
  cAGR_VLc
  dAGR_VLc
  bOPNVALc
  cOPNVALc
  dOPNVALc
  aMV_pomp
  bMV_pomp
  cMV_pomp
  dMV_pomp
  aST_pomp
  bST_pomp
  cST_pomp
  dST_pomp
  aSD_pomp
  bSD_pomp
  cSD_pomp
  dSD_pomp
  agoal_ec
  bgoal_ec
  cgoal_ec
  dgoal_ec
  aAspfinc
  bAspfinc
  cAspfinc
  dAspfinc
  abfi_hp8
  bbfi_hp8
  cbfi_hp8
  dbfi_hp8
  aP_S_BFI
  aP_D_BFI
  aECgoalc
  bECgoalC
  cECgoalC
  dECgoalC
  aaspfin
  baspfin
  caspfin
  daspfin;


  USEVARIABLES =
  aBFI_A6
  bBFI_A6
  cBFI_A6
  dBFI_A6
  aMVS_mc
  bMVS_mc
  cMVS_mc
  dMVS_mc
  bage_c
  cage_c
  dage_c
  ;

  missing = all (-9999);

  USEOBSERVATIONS are Sample == 1; ! National Sample

  tscores = bage_c cage_c dage_c;

  DEFINE:
  bage_c = aAGE + 1 - 36;
  cage_c = aAGE + 2 - 36;
  dage_c = aAGE + 3 - 36;

  ANALYSIS:
  TYPE=RANDOM;
  PROCESSORS = 8;

  MODEL:

  i_BFI_A6 s_BFI_A6 | bBFI_A6 cBFI_A6 dBFI_A6 AT bage_c cage_c dage_c;
  i_MVS_mc s_MVS_mc | bMVS_mc cMVS_mc dMVS_mc AT bage_c cage_c dage_c;


  !After Bollen and Curran initial observation is not part of LGM

  dBFI_A6 on cBFI_A6 (a); ! Autoregressive paths constrained to equality
  cBFI_A6 on bBFI_A6 (a);
  bBFI_A6 on aBFI_A6 (a);

  dMVS_mc on cMVS_mc (b); ! Autoregressive paths constrained to equality
  cMVS_mc on bMVS_mc (b);
  bMVS_mc on aMVS_mc (b);

  bBFI_A6 cBFI_A6 dBFI_A6 (c); !Equality constraint on residuals
  bMVS_mc cMVS_mc dMVS_mc (d); !Equality constraint on residuals

  dMVS_mc on cBFI_A6 (x); ! Cross-lagged paths constrained to equality
  cMVS_mc on bBFI_A6 (x);
  bMVS_mc on aBFI_A6 (x);

  dBFI_A6 on cMVS_mc (y); ! Cross-lagged paths constrained to equality
  cBFI_A6 on bMVS_mc (y);
  bBFI_A6 on aMVS_mc (y);

  dMVS_mc with dBFI_A6 (w); ! within-wave correlations constrained to equality
  cMVS_mc with cBFI_A6 (w);
  bMVS_mc with bBFI_A6 (w);

  aBFI_A6 aMVS_mc i_BFI_A6 i_MVS_mc
  s_BFI_A6
  s_MVS_mc
  with
  s_BFI_A6
  s_MVS_mc
  aBFI_A6 aMVS_mc i_BFI_A6 i_MVS_mc;



  OUTPUT: SAMPSTAT PATTERNS;



*** WARNING
  Data set contains cases with missing on time scores but non-missing on the
  corresponding dependent variables.  These cases were not included in the analysis.
  Number of such cases:  5
   1 WARNING(S) FOUND IN THE INPUT INSTRUCTIONS



PxVx Univariate - Nat Lin BFI_A6 with Lin MVS_mc;

SUMMARY OF ANALYSIS

Number of groups                                                 1
Number of observations                                         874

Number of dependent variables                                    6
Number of independent variables                                  2
Number of continuous latent variables                            4

Observed dependent variables

  Continuous
   BBFI_A6     CBFI_A6     DBFI_A6     BMVS_MC     CMVS_MC     DMVS_MC

Observed independent variables
   ABFI_A6     AMVS_MC

Continuous latent variables
   I_BFI_A6    S_BFI_A6    I_MVS_MC    S_MVS_MC

Variables with special functions

  Time scores
   BAGE_C      CAGE_C      DAGE_C


Estimator                                                      MLR
Information matrix                                        OBSERVED
Maximum number of iterations                                   100
Convergence criterion                                    0.100D-05
Maximum number of EM iterations                                500
Convergence criteria for the EM algorithm
  Loglikelihood change                                   0.100D-02
  Relative loglikelihood change                          0.100D-05
  Derivative                                             0.100D-03
Minimum variance                                         0.100D-03
Maximum number of steepest descent iterations                   20
Maximum number of iterations for H1                           2000
Convergence criterion for H1                             0.100D-03
Optimization algorithm                                         EMA

Input data file(s)
  E:\Projects\lnt_pxvx\Data\LT_227.txt
Input data format  FREE


SUMMARY OF DATA

     Number of missing data patterns            17


SUMMARY OF MISSING DATA PATTERNS


     MISSING DATA PATTERNS (x = not missing)

           1  2  3  4  5  6  7  8  9 10 11 12 13 14 15 16 17
 BBFI_A6   x     x  x        x     x  x  x  x
 CBFI_A6   x           x     x  x     x     x        x     x
 DBFI_A6   x     x     x  x           x     x  x     x  x  x
 BMVS_MC   x     x  x        x     x  x                    x
 CMVS_MC   x           x     x  x     x     x        x     x
 DMVS_MC   x     x     x  x                 x  x           x
 ABFI_A6   x  x  x  x  x  x  x  x  x  x  x  x     x  x  x  x
 AMVS_MC   x  x  x  x  x  x  x  x     x  x  x  x     x  x  x


     MISSING DATA PATTERN FREQUENCIES

    Pattern   Frequency     Pattern   Frequency     Pattern   Frequency
          1         499           7          47          13           1
          2         168           8          22          14           1
          3          27           9           1          15           2
          4          53          10           1          16           2
          5          21          11           3          17           1
          6          23          12           2


COVARIANCE COVERAGE OF DATA

Minimum covariance coverage value   0.100


     PROPORTION OF DATA PRESENT


           Covariance Coverage
              BBFI_A6       CBFI_A6       DBFI_A6       BMVS_MC       CMVS_MC
              ________      ________      ________      ________      ________
 BBFI_A6        0.724
 CBFI_A6        0.628         0.681
 DBFI_A6        0.605         0.602         0.662
 BMVS_MC        0.719         0.627         0.604         0.720
 CMVS_MC        0.628         0.681         0.602         0.627         0.681
 DMVS_MC        0.604         0.598         0.657         0.603         0.598
 ABFI_A6        0.724         0.681         0.661         0.720         0.681
 AMVS_MC        0.723         0.681         0.662         0.719         0.681


           Covariance Coverage
              DMVS_MC       ABFI_A6       AMVS_MC
              ________      ________      ________
 DMVS_MC        0.657
 ABFI_A6        0.656         0.999
 AMVS_MC        0.657         0.997         0.998


SAMPLE STATISTICS


     ESTIMATED SAMPLE STATISTICS


           Means
              BBFI_A6       CBFI_A6       DBFI_A6       BMVS_MC       CMVS_MC
              ________      ________      ________      ________      ________
 1             60.057        60.015        60.408         3.315         3.335


           Means
              DMVS_MC       ABFI_A6       AMVS_MC
              ________      ________      ________
 1              3.321        59.838         3.346


           Covariances
              BBFI_A6       CBFI_A6       DBFI_A6       BMVS_MC       CMVS_MC
              ________      ________      ________      ________      ________
 BBFI_A6      352.436
 CBFI_A6      282.008       353.802
 DBFI_A6      271.929       289.439       355.943
 BMVS_MC        3.644         3.215         2.641         0.408
 CMVS_MC        2.854         2.755         2.370         0.338         0.440
 DMVS_MC        2.813         2.670         2.572         0.315         0.327
 ABFI_A6      274.305       270.908       254.796         2.374         1.968
 AMVS_MC        3.512         3.240         2.834         0.323         0.317


           Covariances
              DMVS_MC       ABFI_A6       AMVS_MC
              ________      ________      ________
 DMVS_MC        0.377
 ABFI_A6        1.847       348.724
 AMVS_MC        0.297         2.771         0.420


           Correlations
              BBFI_A6       CBFI_A6       DBFI_A6       BMVS_MC       CMVS_MC
              ________      ________      ________      ________      ________
 BBFI_A6        1.000
 CBFI_A6        0.799         1.000
 DBFI_A6        0.768         0.816         1.000
 BMVS_MC        0.304         0.267         0.219         1.000
 CMVS_MC        0.229         0.221         0.189         0.798         1.000
 DMVS_MC        0.244         0.231         0.222         0.803         0.802
 ABFI_A6        0.782         0.771         0.723         0.199         0.159
 AMVS_MC        0.289         0.266         0.232         0.779         0.738


           Correlations
              DMVS_MC       ABFI_A6       AMVS_MC
              ________      ________      ________
 DMVS_MC        1.000
 ABFI_A6        0.161         1.000
 AMVS_MC        0.745         0.229         1.000


     MAXIMUM LOG-LIKELIHOOD VALUE FOR THE UNRESTRICTED (H1) MODEL IS -12241.863


THE MODEL ESTIMATION TERMINATED NORMALLY



MODEL FIT INFORMATION

Number of Free Parameters                       34

Loglikelihood

          H0 Value                      -12233.208
          H0 Scaling Correction Factor       1.168
            for MLR

Information Criteria

          Akaike (AIC)                   24534.416
          Bayesian (BIC)                 24696.701
          Sample-Size Adjusted BIC       24588.725
            (n* = (n + 2) / 24)



MODEL RESULTS

                                                    Two-Tailed
                    Estimate       S.E.  Est./S.E.    P-Value

 DBFI_A6    ON
    CBFI_A6            0.141      0.047      2.984      0.003
    CMVS_MC            0.477      1.237      0.386      0.700

 CBFI_A6    ON
    BBFI_A6            0.141      0.047      2.984      0.003
    BMVS_MC            0.477      1.237      0.386      0.700

 BBFI_A6    ON
    ABFI_A6            0.141      0.047      2.984      0.003
    AMVS_MC            0.477      1.237      0.386      0.700

 DMVS_MC    ON
    CMVS_MC            0.061      0.039      1.582      0.114
    CBFI_A6            0.000      0.001      0.049      0.961

 CMVS_MC    ON
    BMVS_MC            0.061      0.039      1.582      0.114
    BBFI_A6            0.000      0.001      0.049      0.961

 BMVS_MC    ON
    AMVS_MC            0.061      0.039      1.582      0.114
    ABFI_A6            0.000      0.001      0.049      0.961

 S_BFI_A6 WITH
    I_BFI_A6          -0.386      0.487     -0.794      0.427

 I_MVS_MC WITH
    I_BFI_A6           1.909      0.603      3.166      0.002
    S_BFI_A6          -0.011      0.082     -0.129      0.897

 S_MVS_MC WITH
    I_BFI_A6           0.004      0.084      0.045      0.964
    S_BFI_A6           0.000      0.002     -0.091      0.928
    I_MVS_MC          -0.002      0.001     -2.830      0.005

 ABFI_A6  WITH
    I_BFI_A6         219.478     18.567     11.821      0.000
    S_BFI_A6           0.654      0.665      0.984      0.325
    I_MVS_MC           1.820      0.516      3.524      0.000
    S_MVS_MC          -0.010      0.024     -0.427      0.669

 AMVS_MC  WITH
    I_BFI_A6           2.474      0.581      4.256      0.000
    S_BFI_A6           0.024      0.021      1.188      0.235
    I_MVS_MC           0.291      0.019     15.033      0.000
    S_MVS_MC          -0.001      0.001     -0.761      0.447

 DMVS_MC  WITH
    DBFI_A6            0.255      0.093      2.740      0.006

 CMVS_MC  WITH
    CBFI_A6            0.255      0.093      2.740      0.006

 BMVS_MC  WITH
    BBFI_A6            0.255      0.093      2.740      0.006

 AMVS_MC  WITH
    ABFI_A6            2.772      0.428      6.485      0.000

 Means
    ABFI_A6           59.856      0.631     94.827      0.000
    AMVS_MC            3.347      0.022    152.516      0.000
    I_BFI_A6          49.875      4.267     11.688      0.000
    S_BFI_A6           0.132      0.035      3.727      0.000
    I_MVS_MC           3.111      0.115     27.099      0.000
    S_MVS_MC           0.004      0.001      3.214      0.001

 Intercepts
    BBFI_A6            0.000      0.000    999.000    999.000
    CBFI_A6            0.000      0.000    999.000    999.000
    DBFI_A6            0.000      0.000    999.000    999.000
    BMVS_MC            0.000      0.000    999.000    999.000
    CMVS_MC            0.000      0.000    999.000    999.000
    DMVS_MC            0.000      0.000    999.000    999.000

 Variances
    ABFI_A6          348.762     15.385     22.669      0.000
    AMVS_MC            0.420      0.020     20.720      0.000
    I_BFI_A6         187.912     26.342      7.134      0.000
    S_BFI_A6           0.062      0.058      1.070      0.285
    I_MVS_MC           0.275      0.029      9.594      0.000
    S_MVS_MC           0.000      0.000      1.519      0.129

 Residual Variances
    BBFI_A6           79.114      5.394     14.668      0.000
    CBFI_A6           79.114      5.394     14.668      0.000
    DBFI_A6           79.114      5.394     14.668      0.000
    BMVS_MC            0.085      0.005     17.765      0.000
    CMVS_MC            0.085      0.005     17.765      0.000
    DMVS_MC            0.085      0.005     17.765      0.000


QUALITY OF NUMERICAL RESULTS

     Condition Number for the Information Matrix              0.101E-06
       (ratio of smallest to largest eigenvalue)


     Beginning Time:  19:52:52
        Ending Time:  19:53:14
       Elapsed Time:  00:00:22



MUTHEN & MUTHEN
3463 Stoner Ave.
Los Angeles, CA  90066

Tel: (310) 391-9971
Fax: (310) 391-8971
Web: www.StatModel.com
Support: Support@StatModel.com

Copyright (c) 1998-2011 Muthen & Muthen
