Mplus VERSION 7 (Mac)
MUTHEN & MUTHEN
06/13/2017   5:53 PM

INPUT INSTRUCTIONS


  title: PxVx Univariate - Col VRT_IND;
  data: file = /Users/johnflournoy/Documents/lnt_pxvx/Data/LT_227.txt;

  variable:
  names =
  subjid
  Sample
  aGENDER
  aAGE
  aethnic1
  aethnic2
  aedu_mom
  aedu_dad
  aEDUCATN
  bEDUCATN
  cEDUCATN
  aEMPLOYD
  bEMPLOYD
  cEMPLOYD
  dEMPLOYD
  aINCOME
  bINCOME
  cINCOME
  dINCOME
  aS_SCALE
  bS_SCALE
  cS_SCALE
  dS_SCALE
  aD_SCALE
  bD_SCALE
  cD_SCALE
  dD_SCALE
  aS_COMP
  bS_COMP
  cS_COMP
  dS_COMP
  aD_COMP
  bD_COMP
  cD_COMP
  dD_COMP
  aBFI_A
  aBFI_A6
  aBFI_C
  aBFI_E
  aBFI_HP
  aBFI_N
  aBFI_O
  bBFI_A
  bBFI_A6
  bBFI_C
  bBFI_E
  bBFI_HP
  bBFI_N
  bBFI_O
  cBFI_A
  cBFI_A6
  cBFI_C
  cBFI_E
  cBFI_HP
  cBFI_N
  cBFI_O
  dBFI_A
  dBFI_A6
  dBFI_C
  dBFI_E
  dBFI_HP
  dBFI_N
  dBFI_O
  aBFA_AC
  aBFA_AP
  aBFA_CI
  aBFA_CO
  aBFA_EA
  aBFA_EE
  aBFA_N9
  aBFA_NV
  aBFA_NW
  aBFA_OI
  aBFA_OO
  aBFA_PS
  aBFA_MT
  bBFA_AC
  bBFA_AP
  bBFA_CI
  bBFA_CO
  bBFA_EA
  bBFA_EE
  bBFA_N9
  bBFA_NV
  bBFA_NW
  bBFA_OI
  bBFA_OO
  bBFA_MT
  bBFA_PS
  cBFA_AC
  cBFA_AP
  cBFA_CI
  cBFA_CO
  cBFA_EA
  cBFA_EE
  cBFA_N9
  cBFA_NV
  cBFA_NW
  cBFA_OI
  cBFA_OO
  cBFA_MT
  cBFA_PS
  dBFA_AC
  dBFA_AP
  dBFA_CI
  dBFA_CO
  dBFA_EA
  dBFA_EE
  dBFA_N9
  dBFA_NV
  dBFA_NW
  dBFA_OI
  dBFA_OO
  dBFA_MT
  dBFA_PS
  aUSI
  bUSI
  cUSI
  dUSI
  aHRZ_IND
  bHRZ_IND
  cHRZ_IND
  dHRZ_IND
  aVRT_IND
  bVRT_IND
  cVRT_IND
  dVRT_IND
  aHRZ_COL
  bHRZ_COL
  cHRZ_COL
  dHRZ_COL
  aVRT_COL
  bVRT_COL
  cVRT_COL
  dVRT_COL
  aCOLLCTV
  bCOLLCTV
  cCOLLCTV
  dCOLLCTV
  aMVS
  bMVS
  cMVS
  dMVS
  aST
  bST
  cST
  dST
  aSD
  bSD
  cSD
  dSD
  aMVS_mc
  bMVS_mc
  cMVS_mc
  dMVS_mc
  aST_mc
  bST_mc
  cST_mc
  dST_mc
  aSD_mc
  bSD_mc
  cSD_mc
  dSD_mc
  bMEANING
  cMEANING
  dMEANING
  bMEAN_L
  cMEAN_L
  dMEAN_L
  bMEANNGc
  cMEANNGc
  dMEANNGc
  bMEANGlc
  cMEANGlc
  dMEANGlc
  bCLASSIC
  cCLASSIC
  dCLASSIC
  bCLASSCc
  cCLASSCc
  dCLASSCc
  bAGR_VAL
  cAGR_VAL
  dAGR_VAL
  bOPN_VAL
  cOPN_VAL
  dOPN_VAL
  bAGR_VLc
  cAGR_VLc
  dAGR_VLc
  bOPNVALc
  cOPNVALc
  dOPNVALc
  aMV_pomp
  bMV_pomp
  cMV_pomp
  dMV_pomp
  aST_pomp
  bST_pomp
  cST_pomp
  dST_pomp
  aSD_pomp
  bSD_pomp
  cSD_pomp
  dSD_pomp
  agoal_ec
  bgoal_ec
  cgoal_ec
  dgoal_ec
  aAspfinc
  bAspfinc
  cAspfinc
  dAspfinc
  abfi_hp8
  bbfi_hp8
  cbfi_hp8
  dbfi_hp8
  aP_S_BFI
  aP_D_BFI
  aECgoalc
  bECgoalC
  cECgoalC
  dECgoalC
  aaspfin
  baspfin
  caspfin
  daspfin
  aMVI_POMP
  bMVI_POMP
  cMVI_POMP
  dMVI_POMP;

  USEVARIABLES =
  aVRT_IND
  bVRT_IND
  cVRT_IND
  dVRT_IND
  aage_c
  bage_c
  cage_c
  dage_c
  ;

  missing = all (-9999);


  USEOBSERVATIONS are Sample == 2; ! College Sample



  tscores = aage_c bage_c cage_c dage_c;

  DEFINE:
  aage_c = aAGE + 0 - 36;
  bage_c = aAGE + 1 - 36;
  cage_c = aAGE + 2 - 36;
  dage_c = aAGE + 3 - 36;


  ANALYSIS:
  TYPE=RANDOM;
  PROCESSORS = 4;

  MODEL:

  i_VRT_IND s_VRT_IND |  aVRT_IND bVRT_IND cVRT_IND dVRT_IND AT aage_c bage_c cage_c dage_c;

  !residual variances on observed scores set to 0s
  aVRT_IND (r);
  bVRT_IND (r);
  cVRT_IND (r);
  dVRT_IND (r);


  OUTPUT: SAMPSTAT PATTERNS;



*** WARNING
  Variable name contains more than 8 characters.
  Only the first 8 characters will be printed in the output.
  Variable: AMVI_POMP
*** WARNING
  Variable name contains more than 8 characters.
  Only the first 8 characters will be printed in the output.
  Variable: BMVI_POMP
*** WARNING
  Variable name contains more than 8 characters.
  Only the first 8 characters will be printed in the output.
  Variable: CMVI_POMP
*** WARNING
  Variable name contains more than 8 characters.
  Only the first 8 characters will be printed in the output.
  Variable: DMVI_POMP
*** WARNING
  Variable name contains more than 8 characters.
  Only the first 8 characters will be printed in the output.
  Variable: I_VRT_IND
*** WARNING
  Variable name contains more than 8 characters.
  Only the first 8 characters will be printed in the output.
  Variable: S_VRT_IND
*** WARNING
  Data set contains cases with missing on all variables.
  These cases were not included in the analysis.
  Number of cases with missing on all variables:  3
*** WARNING
  Data set contains cases with missing on time scores but non-missing on the
  corresponding dependent variables.  These cases were not included in the analysis.
  Number of such cases:  2
   8 WARNING(S) FOUND IN THE INPUT INSTRUCTIONS



PxVx Univariate - Col VRT_IND;

SUMMARY OF ANALYSIS

Number of groups                                                 1
Number of observations                                         275

Number of dependent variables                                    4
Number of independent variables                                  0
Number of continuous latent variables                            2

Observed dependent variables

  Continuous
   AVRT_IND    BVRT_IND    CVRT_IND    DVRT_IND

Continuous latent variables
   I_VRT_IN    S_VRT_IN

Variables with special functions

  Time scores
   AAGE_C      BAGE_C      CAGE_C      DAGE_C


Estimator                                                      MLR
Information matrix                                        OBSERVED
Maximum number of iterations                                   100
Convergence criterion                                    0.100D-05
Maximum number of EM iterations                                500
Convergence criteria for the EM algorithm
  Loglikelihood change                                   0.100D-02
  Relative loglikelihood change                          0.100D-05
  Derivative                                             0.100D-03
Minimum variance                                         0.100D-03
Maximum number of steepest descent iterations                   20
Maximum number of iterations for H1                           2000
Convergence criterion for H1                             0.100D-03
Optimization algorithm                                         EMA

Input data file(s)
  /Users/johnflournoy/Documents/lnt_pxvx/Data/LT_227.txt
Input data format  FREE


SUMMARY OF DATA

     Number of missing data patterns             8


SUMMARY OF MISSING DATA PATTERNS


     MISSING DATA PATTERNS (x = not missing)

           1  2  3  4  5  6  7  8
 AVRT_IND  x  x  x  x  x  x  x  x
 BVRT_IND  x  x     x        x
 CVRT_IND  x  x  x              x
 DVRT_IND  x              x  x  x


     MISSING DATA PATTERN FREQUENCIES

    Pattern   Frequency     Pattern   Frequency     Pattern   Frequency
          1         138           4          27           7          16
          2          12           5          55           8          10
          3           6           6          11


COVARIANCE COVERAGE OF DATA

Minimum covariance coverage value   0.100


     PROPORTION OF DATA PRESENT


           Covariance Coverage
              AVRT_IND      BVRT_IND      CVRT_IND      DVRT_IND
              ________      ________      ________      ________
 AVRT_IND       1.000
 BVRT_IND       0.702         0.702
 CVRT_IND       0.604         0.545         0.604
 DVRT_IND       0.636         0.560         0.538         0.636


SAMPLE STATISTICS


     ESTIMATED SAMPLE STATISTICS


           Means
              AVRT_IND      BVRT_IND      CVRT_IND      DVRT_IND
              ________      ________      ________      ________
 1             49.303        47.148        47.909        47.028


           Covariances
              AVRT_IND      BVRT_IND      CVRT_IND      DVRT_IND
              ________      ________      ________      ________
 AVRT_IND     387.330
 BVRT_IND     261.627       381.466
 CVRT_IND     263.482       262.528       397.341
 DVRT_IND     233.973       245.984       272.732       393.399


           Correlations
              AVRT_IND      BVRT_IND      CVRT_IND      DVRT_IND
              ________      ________      ________      ________
 AVRT_IND       1.000
 BVRT_IND       0.681         1.000
 CVRT_IND       0.672         0.674         1.000
 DVRT_IND       0.599         0.635         0.690         1.000


     MAXIMUM LOG-LIKELIHOOD VALUE FOR THE UNRESTRICTED (H1) MODEL IS -3373.359


THE MODEL ESTIMATION TERMINATED NORMALLY



MODEL FIT INFORMATION

Number of Free Parameters                        6

Loglikelihood

          H0 Value                       -3374.529
          H0 Scaling Correction Factor      1.0403
            for MLR

Information Criteria

          Akaike (AIC)                    6761.058
          Bayesian (BIC)                  6782.759
          Sample-Size Adjusted BIC        6763.734
            (n* = (n + 2) / 24)



MODEL RESULTS

                                                    Two-Tailed
                    Estimate       S.E.  Est./S.E.    P-Value

 S_VRT_IN WITH
    I_VRT_IND        108.192     51.658      2.094      0.036

 Means
    I_VRT_IND         38.183      5.759      6.630      0.000
    S_VRT_IND         -0.700      0.398     -1.760      0.078

 Intercepts
    AVRT_IND           0.000      0.000    999.000    999.000
    BVRT_IND           0.000      0.000    999.000    999.000
    CVRT_IND           0.000      0.000    999.000    999.000
    DVRT_IND           0.000      0.000    999.000    999.000

 Variances
    I_VRT_IND       1747.476    741.638      2.356      0.018
    S_VRT_IND          7.844      3.652      2.148      0.032

 Residual Variances
    AVRT_IND         120.026     11.021     10.890      0.000
    BVRT_IND         120.026     11.021     10.890      0.000
    CVRT_IND         120.026     11.021     10.890      0.000
    DVRT_IND         120.026     11.021     10.890      0.000


QUALITY OF NUMERICAL RESULTS

     Condition Number for the Information Matrix              0.755E-04
       (ratio of smallest to largest eigenvalue)


     Beginning Time:  17:53:01
        Ending Time:  17:53:02
       Elapsed Time:  00:00:01



MUTHEN & MUTHEN
3463 Stoner Ave.
Los Angeles, CA  90066

Tel: (310) 391-9971
Fax: (310) 391-8971
Web: www.StatModel.com
Support: Support@StatModel.com

Copyright (c) 1998-2012 Muthen & Muthen
