Mplus VERSION 8 (Linux)
MUTHEN & MUTHEN
01/07/2019   1:12 PM

INPUT INSTRUCTIONS


  title: PxVx Bivariate LCM-SR - post mi - Linear bfi_hp8 with Linear aspfinc;


  data: file = /home/jflournoy/code_new/lnt_pxvx/Data/lnt_nat_recalc_famc.tsv;

  variable:
  names =
  subjid
  aage
  aaspfin
  aaspfin_d
  abfa_mt
  abfa_mt_d
  abfas_ac
  abfas_ap
  abfas_ci
  abfas_co
  abfas_ea
  abfas_ee
  abfas_nv
  abfas_nv9
  abfas_nw
  abfas_oi
  abfas_oo
  abfi_a
  abfi_a6
  abfi_c
  abfi_d_scale
  abfi_e
  abfi_hp8
  abfi_n
  abfi_o
  abfi_s_scale
  ahrz_col
  ahrz_col_d
  ahrz_ind
  ahrz_ind_d
  amvi
  ausi
  ausi_d
  avrt_col
  avrt_col_d
  avrt_ind
  avrt_ind_d
  bage
  baspfin
  baspfin_d
  bbfa_mt
  bbfa_mt_d
  bbfas_ac
  bbfas_ap
  bbfas_ci
  bbfas_co
  bbfas_ea
  bbfas_ee
  bbfas_nv
  bbfas_nv9
  bbfas_nw
  bbfas_oi
  bbfas_oo
  bbfi_a
  bbfi_a6
  bbfi_c
  bbfi_d_scale
  bbfi_e
  bbfi_hp8
  bbfi_n
  bbfi_o
  bbfi_s_scale
  bhrz_col
  bhrz_col_d
  bhrz_ind
  bhrz_ind_d
  bmvi
  busi
  busi_d
  bvrt_col
  bvrt_col_d
  bvrt_ind
  bvrt_ind_d
  cage
  caspfin
  caspfin_d
  cbfa_mt
  cbfa_mt_d
  cbfas_ac
  cbfas_ap
  cbfas_ci
  cbfas_co
  cbfas_ea
  cbfas_ee
  cbfas_nv
  cbfas_nv9
  cbfas_nw
  cbfas_oi
  cbfas_oo
  cbfi_a
  cbfi_a6
  cbfi_c
  cbfi_d_scale
  cbfi_e
  cbfi_hp8
  cbfi_n
  cbfi_o
  cbfi_s_scale
  chrz_col
  chrz_col_d
  chrz_ind
  chrz_ind_d
  cmvi
  cusi
  cusi_d
  cvrt_col
  cvrt_col_d
  cvrt_ind
  cvrt_ind_d
  dage
  daspfin
  daspfin_d
  dbfa_mt
  dbfa_mt_d
  dbfas_ac
  dbfas_ap
  dbfas_ci
  dbfas_co
  dbfas_ea
  dbfas_ee
  dbfas_nv
  dbfas_nv9
  dbfas_nw
  dbfas_oi
  dbfas_oo
  dbfi_a
  dbfi_a6
  dbfi_c
  dbfi_d_scale
  dbfi_e
  dbfi_hp8
  dbfi_n
  dbfi_o
  dbfi_s_scale
  dhrz_col
  dhrz_col_d
  dhrz_ind
  dhrz_ind_d
  dmvi
  dusi
  dusi_d
  dvrt_col
  dvrt_col_d
  dvrt_ind
  dvrt_ind_d
  aaspfinc
  baspfinc
  caspfinc
  daspfinc
  ;

  USEVARIABLES =
  abfi_hp8
  bbfi_hp8
  cbfi_hp8
  dbfi_hp8
  aaspfinc
  baspfinc
  caspfinc
  daspfinc
  a1
  a2
  a3
  a4
  ;

  missing = all (-9999);

  tscores = a1 a2 a3 a4;

  DEFINE:
  a1 = aage + 0 - 36;
  a2 = aage + 1 - 36;
  a3 = aage + 2 - 36;
  a4 = aage + 3 - 36;

  ANALYSIS:
  TYPE=RANDOM;
  PROCESSORS = 6;
  model=nocovariances; ! supresses default estimation of certain covs in model;

  MODEL:

  i_bfi_hp8 s_bfi_hp8 | abfi_hp8 bbfi_hp8 cbfi_hp8 dbfi_hp8 AT a1 a2 a3 a4;
  i_aspfinc s_aspfinc | aaspfinc baspfinc caspfinc daspfinc AT a1 a2 a3 a4;

  ! freeing factor covs because of "nocovariances"
  s_bfi_hp8 WITH i_bfi_hp8 s_aspfinc i_aspfinc;
  i_bfi_hp8 WITH s_aspfinc i_aspfinc;
  s_aspfinc WITH i_aspfinc;

  p1 BY abfi_hp8@1; ! Residual "factors";
  p2 BY bbfi_hp8@1;
  p3 BY cbfi_hp8@1;
  p4 BY dbfi_hp8@1;

  v1 BY aaspfinc@1; ! Residual "factors";
  v2 BY baspfinc@1;
  v3 BY caspfinc@1;
  v4 BY daspfinc@1;

  !residual variances on observed/manifest vars set to 0
  abfi_hp8@0;
  bbfi_hp8@0;
  cbfi_hp8@0;
  dbfi_hp8@0;

  !residual variances on observed/manifest vars set to 0
  aaspfinc@0;
  baspfinc@0;
  caspfinc@0;
  daspfinc@0;

  ! means of observed/manifest vars set to 0
  [abfi_hp8@0];
  [bbfi_hp8@0];
  [cbfi_hp8@0];
  [dbfi_hp8@0];

  ! means of observed/manifest vars set to 0
  [aaspfinc@0];
  [baspfinc@0];
  [caspfinc@0];
  [daspfinc@0];

  [p1@0]; ! means of residual "factors" set to 0
  [p2@0];
  [p3@0];
  [p4@0];

  [v1@0]; ! means of residual "factors" set to 0
  [v2@0];
  [v3@0];
  [v4@0];

  p4 on p3 (a); ! Autoregressive paths constrained to equality
  p3 on p2 (a);
  p2 on p1 (a);

  v4 on v3 (b); ! Autoregressive paths constrained to equality
  v3 on v2 (b);
  v2 on v1 (b);

  p4 on v3 (c); ! Cross-lagged paths constrained to equality
  p3 on v2 (c);
  p2 on v1 (c);

  v4 on p3 (d); ! Cross-lagged paths constrained to equality
  v3 on p2 (d);
  v2 on p1 (d);

  p1 with v1; !(this one is not like the others)

  p2 with v2 (e); ! Within-wave correlations constrained to equality
  p3 with v3 (e);
  p4 with v4 (e);

  p2 p3 p4 (f); ! estimate variances of residual "factors"
  v2 v3 v4 (g); ! estimate variances of residual "factors"

  OUTPUT: SAMPSTAT PATTERNS;



*** WARNING
  Data set contains cases with missing on time scores but non-missing on the
  corresponding dependent variables.  These cases were not included in the analysis.
  Number of such cases:  5
   1 WARNING(S) FOUND IN THE INPUT INSTRUCTIONS



PxVx Bivariate LCM-SR - post mi - Linear bfi_hp8 with Linear aspfinc;

SUMMARY OF ANALYSIS

Number of groups                                                 1
Number of observations                                         864

Number of dependent variables                                    8
Number of independent variables                                  0
Number of continuous latent variables                           12

Observed dependent variables

  Continuous
   ABFI_HP8    BBFI_HP8    CBFI_HP8    DBFI_HP8    AASPFINC    BASPFINC
   CASPFINC    DASPFINC

Continuous latent variables
   P1          P2          P3          P4          V1          V2
   V3          V4          I_BFI_HP    S_BFI_HP    I_ASPFIN    S_ASPFIN

Variables with special functions

  Time scores
   A1          A2          A3          A4


Estimator                                                      MLR
Information matrix                                        OBSERVED
Maximum number of iterations                                   100
Convergence criterion                                    0.100D-05
Maximum number of EM iterations                                500
Convergence criteria for the EM algorithm
  Loglikelihood change                                   0.100D-02
  Relative loglikelihood change                          0.100D-05
  Derivative                                             0.100D-03
Minimum variance                                         0.100D-03
Maximum number of steepest descent iterations                   20
Maximum number of iterations for H1                           2000
Convergence criterion for H1                             0.100D-03
Optimization algorithm                                         EMA

Input data file(s)
  /home/jflournoy/code_new/lnt_pxvx/Data/lnt_nat_recalc_famc.tsv
Input data format  FREE


SUMMARY OF DATA

     Number of missing data patterns            19


SUMMARY OF MISSING DATA PATTERNS


     MISSING DATA PATTERNS (x = not missing)

           1  2  3  4  5  6  7  8  9 10 11 12 13 14 15 16 17 18 19
 ABFI_HP8  x  x  x  x  x  x  x  x  x  x  x  x  x     x  x  x  x  x
 BBFI_HP8  x     x  x        x     x  x  x  x  x        x  x
 CBFI_HP8  x           x     x  x        x  x  x           x  x
 DBFI_HP8  x     x     x  x              x  x  x  x     x     x  x
 AASPFINC  x  x  x  x  x  x  x  x     x  x  x  x  x     x  x  x  x
 BASPFINC  x     x  x        x     x     x     x           x
 CASPFINC  x           x     x  x        x  x              x  x
 DASPFINC  x     x     x  x                 x  x  x     x  x


     MISSING DATA PATTERN FREQUENCIES

    Pattern   Frequency     Pattern   Frequency     Pattern   Frequency
          1         494           8          22          15           1
          2         168           9           1          16           1
          3          26          10           3          17           1
          4          48          11           1          18           2
          5          21          12           2          19           2
          6          23          13           1
          7          46          14           1


COVARIANCE COVERAGE OF DATA

Minimum covariance coverage value   0.100


     PROPORTION OF DATA PRESENT


           Covariance Coverage
              ABFI_HP8      BBFI_HP8      CBFI_HP8      DBFI_HP8      AASPFINC
              ________      ________      ________      ________      ________
 ABFI_HP8       0.999
 BBFI_HP8       0.722         0.722
 CBFI_HP8       0.683         0.631         0.683
 DBFI_HP8       0.663         0.608         0.603         0.664
 AASPFINC       0.997         0.721         0.683         0.664         0.998
 BASPFINC       0.715         0.715         0.628         0.604         0.714
 CASPFINC       0.682         0.630         0.682         0.602         0.682
 DASPFINC       0.659         0.608         0.601         0.659         0.660


           Covariance Coverage
              BASPFINC      CASPFINC      DASPFINC
              ________      ________      ________
 BASPFINC       0.715
 CASPFINC       0.627         0.682
 DASPFINC       0.604         0.600         0.660


SAMPLE STATISTICS


     ESTIMATED SAMPLE STATISTICS


           Means
              ABFI_HP8      BBFI_HP8      CBFI_HP8      DBFI_HP8      AASPFINC
              ________      ________      ________      ________      ________
               71.146        71.527        72.255        72.264        37.476


           Means
              BASPFINC      CASPFINC      DASPFINC
              ________      ________      ________
               38.175        38.468        39.211


           Covariances
              ABFI_HP8      BBFI_HP8      CBFI_HP8      DBFI_HP8      AASPFINC
              ________      ________      ________      ________      ________
 ABFI_HP8     247.297
 BBFI_HP8     187.590       254.142
 CBFI_HP8     174.153       186.096       231.468
 DBFI_HP8     165.132       176.887       176.757       234.075
 AASPFINC     -64.489       -68.177       -68.995       -62.080       196.962
 BASPFINC     -57.759       -66.653       -60.912       -60.979       154.135
 CASPFINC     -61.725       -73.322       -70.120       -72.426       152.782
 DASPFINC     -55.720       -60.445       -62.950       -67.026       147.046


           Covariances
              BASPFINC      CASPFINC      DASPFINC
              ________      ________      ________
 BASPFINC     198.395
 CASPFINC     162.117       207.422
 DASPFINC     158.012       164.278       209.976


           Correlations
              ABFI_HP8      BBFI_HP8      CBFI_HP8      DBFI_HP8      AASPFINC
              ________      ________      ________      ________      ________
 ABFI_HP8       1.000
 BBFI_HP8       0.748         1.000
 CBFI_HP8       0.728         0.767         1.000
 DBFI_HP8       0.686         0.725         0.759         1.000
 AASPFINC      -0.292        -0.305        -0.323        -0.289         1.000
 BASPFINC      -0.261        -0.297        -0.284        -0.283         0.780
 CASPFINC      -0.273        -0.319        -0.320        -0.329         0.756
 DASPFINC      -0.245        -0.262        -0.286        -0.302         0.723


           Correlations
              BASPFINC      CASPFINC      DASPFINC
              ________      ________      ________
 BASPFINC       1.000
 CASPFINC       0.799         1.000
 DASPFINC       0.774         0.787         1.000


     MAXIMUM LOG-LIKELIHOOD VALUE FOR THE UNRESTRICTED (H1) MODEL IS -19945.280


UNIVARIATE SAMPLE STATISTICS


     UNIVARIATE HIGHER-ORDER MOMENT DESCRIPTIVE STATISTICS

         Variable/         Mean/     Skewness/   Minimum/ % with                Percentiles
        Sample Size      Variance    Kurtosis    Maximum  Min/Max      20%/60%    40%/80%    Median

     ABFI_HP8             71.135      -0.353      25.000    0.23%      56.250     68.750     71.875
             863.000     247.335      -0.371     100.000    2.67%      75.000     84.375
     BBFI_HP8             71.731      -0.342      21.875    0.16%      56.250     68.750     71.875
             624.000     248.888      -0.525     100.000    1.44%      78.125     87.500
     CBFI_HP8             72.103      -0.329      28.125    0.51%      59.375     68.750     71.875
             590.000     234.156      -0.407     100.000    2.54%      78.125     87.500
     DBFI_HP8             72.391      -0.351      28.125    0.35%      59.375     68.750     71.875
             574.000     234.868      -0.329     100.000    2.09%      78.125     87.500
     AASPFINC             37.475       0.295       0.337    0.12%      25.092     33.803     36.880
             862.000     197.063       0.423     100.000    0.12%      40.080     50.015
     BASPFINC             38.030       0.188       2.021    0.16%      25.765     33.680     37.554
             618.000     192.416      -0.264      84.201    0.16%      41.901     50.521
     CASPFINC             38.458       0.229       6.231    0.17%      25.260     34.522     38.396
             589.000     204.498      -0.044      97.168    0.17%      42.100     50.689
     DASPFINC             38.857       0.237       0.000    0.18%      26.102     35.196     38.901
             570.000     207.530      -0.006      88.074    0.18%      42.437     51.363


THE MODEL ESTIMATION TERMINATED NORMALLY



MODEL FIT INFORMATION

Number of Free Parameters                       24

Loglikelihood

          H0 Value                      -19948.785
          H0 Scaling Correction Factor      1.1079
            for MLR

Information Criteria

          Akaike (AIC)                   39945.569
          Bayesian (BIC)                 40059.847
          Sample-Size Adjusted BIC       39983.629
            (n* = (n + 2) / 24)



MODEL RESULTS

                                                    Two-Tailed
                    Estimate       S.E.  Est./S.E.    P-Value

 P1       BY
    ABFI_HP8           1.000      0.000    999.000    999.000

 P2       BY
    BBFI_HP8           1.000      0.000    999.000    999.000

 P3       BY
    CBFI_HP8           1.000      0.000    999.000    999.000

 P4       BY
    DBFI_HP8           1.000      0.000    999.000    999.000

 V1       BY
    AASPFINC           1.000      0.000    999.000    999.000

 V2       BY
    BASPFINC           1.000      0.000    999.000    999.000

 V3       BY
    CASPFINC           1.000      0.000    999.000    999.000

 V4       BY
    DASPFINC           1.000      0.000    999.000    999.000

 P4         ON
    P3                 0.130      0.048      2.684      0.007
    V3                -0.053      0.051     -1.031      0.303

 P3         ON
    P2                 0.130      0.048      2.684      0.007
    V2                -0.053      0.051     -1.031      0.303

 P2         ON
    P1                 0.130      0.048      2.684      0.007
    V1                -0.053      0.051     -1.031      0.303

 V4         ON
    V3                 0.153      0.059      2.595      0.009
    P3                -0.048      0.033     -1.471      0.141

 V3         ON
    V2                 0.153      0.059      2.595      0.009
    P2                -0.048      0.033     -1.471      0.141

 V2         ON
    V1                 0.153      0.059      2.595      0.009
    P1                -0.048      0.033     -1.471      0.141

 S_BFI_HP WITH
    I_BFI_HP8         -0.578      0.465     -1.243      0.214
    S_ASPFINC          0.007      0.062      0.109      0.913
    I_ASPFINC         -0.539      1.358     -0.397      0.691

 I_BFI_HP WITH
    S_ASPFINC          1.653      1.412      1.171      0.242
    I_ASPFINC        -61.007      8.874     -6.874      0.000

 S_ASPFIN WITH
    I_ASPFINC         -1.265      0.527     -2.402      0.016

 P1       WITH
    V1                -4.818      3.595     -1.340      0.180

 P2       WITH
    V2                -4.698      2.192     -2.143      0.032

 P3       WITH
    V3                -4.698      2.192     -2.143      0.032

 P4       WITH
    V4                -4.698      2.192     -2.143      0.032

 Means
    P1                 0.000      0.000    999.000    999.000
    V1                 0.000      0.000    999.000    999.000
    I_BFI_HP8         71.358      0.489    145.934      0.000
    S_BFI_HP8          0.277      0.043      6.435      0.000
    I_ASPFINC         38.176      0.460     83.073      0.000
    S_ASPFINC         -0.026      0.040     -0.659      0.510

 Intercepts
    ABFI_HP8           0.000      0.000    999.000    999.000
    BBFI_HP8           0.000      0.000    999.000    999.000
    CBFI_HP8           0.000      0.000    999.000    999.000
    DBFI_HP8           0.000      0.000    999.000    999.000
    AASPFINC           0.000      0.000    999.000    999.000
    BASPFINC           0.000      0.000    999.000    999.000
    CASPFINC           0.000      0.000    999.000    999.000
    DASPFINC           0.000      0.000    999.000    999.000
    P2                 0.000      0.000    999.000    999.000
    P3                 0.000      0.000    999.000    999.000
    P4                 0.000      0.000    999.000    999.000
    V2                 0.000      0.000    999.000    999.000
    V3                 0.000      0.000    999.000    999.000
    V4                 0.000      0.000    999.000    999.000

 Variances
    P1                77.156      6.324     12.201      0.000
    V1                55.344      5.031     11.001      0.000
    I_BFI_HP8        158.405     11.699     13.540      0.000
    S_BFI_HP8          0.066      0.095      0.694      0.487
    I_ASPFINC        145.014     11.700     12.394      0.000
    S_ASPFINC          0.061      0.081      0.754      0.451

 Residual Variances
    ABFI_HP8           0.000      0.000    999.000    999.000
    BBFI_HP8           0.000      0.000    999.000    999.000
    CBFI_HP8           0.000      0.000    999.000    999.000
    DBFI_HP8           0.000      0.000    999.000    999.000
    AASPFINC           0.000      0.000    999.000    999.000
    BASPFINC           0.000      0.000    999.000    999.000
    CASPFINC           0.000      0.000    999.000    999.000
    DASPFINC           0.000      0.000    999.000    999.000
    P2                64.991      3.914     16.606      0.000
    P3                64.991      3.914     16.606      0.000
    P4                64.991      3.914     16.606      0.000
    V2                49.547      3.558     13.924      0.000
    V3                49.547      3.558     13.924      0.000
    V4                49.547      3.558     13.924      0.000


QUALITY OF NUMERICAL RESULTS

     Condition Number for the Information Matrix              0.361E-04
       (ratio of smallest to largest eigenvalue)


     Beginning Time:  13:12:32
        Ending Time:  13:12:41
       Elapsed Time:  00:00:09



MUTHEN & MUTHEN
3463 Stoner Ave.
Los Angeles, CA  90066

Tel: (310) 391-9971
Fax: (310) 391-8971
Web: www.StatModel.com
Support: Support@StatModel.com

Copyright (c) 1998-2017 Muthen & Muthen
