Mplus VERSION 6.12
MUTHEN & MUTHEN
03/09/2016   7:49 PM

INPUT INSTRUCTIONS


  title: PxVx Univariate - Nat Lin BFA_OO with Lin VRT_COL;
  data: file = E:\Projects\lnt_pxvx\Data\LT_227.txt;


  variable:
  names =
  subjid
  Sample
  aGENDER
  aAGE
  aethnic1
  aethnic2
  aedu_mom
  aedu_dad
  aEDUCATN
  bEDUCATN
  cEDUCATN
  aEMPLOYD
  bEMPLOYD
  cEMPLOYD
  dEMPLOYD
  aINCOME
  bINCOME
  cINCOME
  dINCOME
  aS_SCALE
  bS_SCALE
  cS_SCALE
  dS_SCALE
  aD_SCALE
  bD_SCALE
  cD_SCALE
  dD_SCALE
  aS_COMP
  bS_COMP
  cS_COMP
  dS_COMP
  aD_COMP
  bD_COMP
  cD_COMP
  dD_COMP
  aBFI_A
  aBFI_A6
  aBFI_C
  aBFI_E
  aBFI_HP
  aBFI_N
  aBFI_O
  bBFI_A
  bBFI_A6
  bBFI_C
  bBFI_E
  bBFI_HP
  bBFI_N
  bBFI_O
  cBFI_A
  cBFI_A6
  cBFI_C
  cBFI_E
  cBFI_HP
  cBFI_N
  cBFI_O
  dBFI_A
  dBFI_A6
  dBFI_C
  dBFI_E
  dBFI_HP
  dBFI_N
  dBFI_O
  aBFA_AC
  aBFA_AP
  aBFA_CI
  aBFA_CO
  aBFA_EA
  aBFA_EE
  aBFA_N9
  aBFA_NV
  aBFA_NW
  aBFA_OI
  aBFA_OO
  aBFA_PS
  aBFA_MT
  bBFA_AC
  bBFA_AP
  bBFA_CI
  bBFA_CO
  bBFA_EA
  bBFA_EE
  bBFA_N9
  bBFA_NV
  bBFA_NW
  bBFA_OI
  bBFA_OO
  bBFA_MT
  bBFA_PS
  cBFA_AC
  cBFA_AP
  cBFA_CI
  cBFA_CO
  cBFA_EA
  cBFA_EE
  cBFA_N9
  cBFA_NV
  cBFA_NW
  cBFA_OI
  cBFA_OO
  cBFA_MT
  cBFA_PS
  dBFA_AC
  dBFA_AP
  dBFA_CI
  dBFA_CO
  dBFA_EA
  dBFA_EE
  dBFA_N9
  dBFA_NV
  dBFA_NW
  dBFA_OI
  dBFA_OO
  dBFA_MT
  dBFA_PS
  aUSI
  bUSI
  cUSI
  dUSI
  aHRZ_IND
  bHRZ_IND
  cHRZ_IND
  dHRZ_IND
  aVRT_IND
  bVRT_IND
  cVRT_IND
  dVRT_IND
  aHRZ_COL
  bHRZ_COL
  cHRZ_COL
  dHRZ_COL
  aVRT_COL
  bVRT_COL
  cVRT_COL
  dVRT_COL
  aCOLLCTV
  bCOLLCTV
  cCOLLCTV
  dCOLLCTV
  aMVS
  bMVS
  cMVS
  dMVS
  aST
  bST
  cST
  dST
  aSD
  bSD
  cSD
  dSD
  aMVS_mc
  bMVS_mc
  cMVS_mc
  dMVS_mc
  aST_mc
  bST_mc
  cST_mc
  dST_mc
  aSD_mc
  bSD_mc
  cSD_mc
  dSD_mc
  bMEANING
  cMEANING
  dMEANING
  bMEAN_L
  cMEAN_L
  dMEAN_L
  bMEANNGc
  cMEANNGc
  dMEANNGc
  bMEANGlc
  cMEANGlc
  dMEANGlc
  bCLASSIC
  cCLASSIC
  dCLASSIC
  bCLASSCc
  cCLASSCc
  dCLASSCc
  bAGR_VAL
  cAGR_VAL
  dAGR_VAL
  bOPN_VAL
  cOPN_VAL
  dOPN_VAL
  bAGR_VLc
  cAGR_VLc
  dAGR_VLc
  bOPNVALc
  cOPNVALc
  dOPNVALc
  aMV_pomp
  bMV_pomp
  cMV_pomp
  dMV_pomp
  aST_pomp
  bST_pomp
  cST_pomp
  dST_pomp
  aSD_pomp
  bSD_pomp
  cSD_pomp
  dSD_pomp
  agoal_ec
  bgoal_ec
  cgoal_ec
  dgoal_ec
  aAspfinc
  bAspfinc
  cAspfinc
  dAspfinc
  abfi_hp8
  bbfi_hp8
  cbfi_hp8
  dbfi_hp8
  aP_S_BFI
  aP_D_BFI
  aECgoalc
  bECgoalC
  cECgoalC
  dECgoalC
  aaspfin
  baspfin
  caspfin
  daspfin;


  USEVARIABLES =
  aBFA_OO
  bBFA_OO
  cBFA_OO
  dBFA_OO
  aVRT_COL
  bVRT_COL
  cVRT_COL
  dVRT_COL
  bage_c
  cage_c
  dage_c
  ;

  missing = all (-9999);

  USEOBSERVATIONS are Sample == 1; ! National Sample

  tscores = bage_c cage_c dage_c;

  DEFINE:
  bage_c = aAGE + 1 - 36;
  cage_c = aAGE + 2 - 36;
  dage_c = aAGE + 3 - 36;

  ANALYSIS:
  TYPE=RANDOM;
  PROCESSORS = 8;

  MODEL:

  i_BFA_OO s_BFA_OO | bBFA_OO cBFA_OO dBFA_OO AT bage_c cage_c dage_c;
  i_VRT_COL s_VRT_COL | bVRT_COL cVRT_COL dVRT_COL AT bage_c cage_c dage_c;


  !After Bollen and Curran initial observation is not part of LGM

  dBFA_OO on cBFA_OO (a); ! Autoregressive paths constrained to equality
  cBFA_OO on bBFA_OO (a);
  bBFA_OO on aBFA_OO (a);

  dVRT_COL on cVRT_COL (b); ! Autoregressive paths constrained to equality
  cVRT_COL on bVRT_COL (b);
  bVRT_COL on aVRT_COL (b);

  bBFA_OO cBFA_OO dBFA_OO (c); !Equality constraint on residuals
  bVRT_COL cVRT_COL dVRT_COL (d); !Equality constraint on residuals

  dVRT_COL on cBFA_OO (x); ! Cross-lagged paths constrained to equality
  cVRT_COL on bBFA_OO (x);
  bVRT_COL on aBFA_OO (x);

  dBFA_OO on cVRT_COL (y); ! Cross-lagged paths constrained to equality
  cBFA_OO on bVRT_COL (y);
  bBFA_OO on aVRT_COL (y);

  dVRT_COL with dBFA_OO (w); ! within-wave correlations constrained to equality
  cVRT_COL with cBFA_OO (w);
  bVRT_COL with bBFA_OO (w);

  aBFA_OO aVRT_COL i_BFA_OO i_VRT_COL
  s_BFA_OO
  s_VRT_COL
  with
  s_BFA_OO
  s_VRT_COL
  aBFA_OO aVRT_COL i_BFA_OO i_VRT_COL;



  OUTPUT: SAMPSTAT PATTERNS;



*** WARNING
  Variable name contains more than 8 characters.
  Only the first 8 characters will be printed in the output.
  Variable: I_VRT_COL
*** WARNING
  Variable name contains more than 8 characters.
  Only the first 8 characters will be printed in the output.
  Variable: S_VRT_COL
*** WARNING
  Data set contains cases with missing on time scores but non-missing on the
  corresponding dependent variables.  These cases were not included in the analysis.
  Number of such cases:  5
   3 WARNING(S) FOUND IN THE INPUT INSTRUCTIONS



PxVx Univariate - Nat Lin BFA_OO with Lin VRT_COL;

SUMMARY OF ANALYSIS

Number of groups                                                 1
Number of observations                                         874

Number of dependent variables                                    6
Number of independent variables                                  2
Number of continuous latent variables                            4

Observed dependent variables

  Continuous
   BBFA_OO     CBFA_OO     DBFA_OO     BVRT_COL    CVRT_COL    DVRT_COL

Observed independent variables
   ABFA_OO     AVRT_COL

Continuous latent variables
   I_BFA_OO    S_BFA_OO    I_VRT_CO    S_VRT_CO

Variables with special functions

  Time scores
   BAGE_C      CAGE_C      DAGE_C


Estimator                                                      MLR
Information matrix                                        OBSERVED
Maximum number of iterations                                   100
Convergence criterion                                    0.100D-05
Maximum number of EM iterations                                500
Convergence criteria for the EM algorithm
  Loglikelihood change                                   0.100D-02
  Relative loglikelihood change                          0.100D-05
  Derivative                                             0.100D-03
Minimum variance                                         0.100D-03
Maximum number of steepest descent iterations                   20
Maximum number of iterations for H1                           2000
Convergence criterion for H1                             0.100D-03
Optimization algorithm                                         EMA

Input data file(s)
  E:\Projects\lnt_pxvx\Data\LT_227.txt
Input data format  FREE


SUMMARY OF DATA

     Number of missing data patterns            19


SUMMARY OF MISSING DATA PATTERNS


     MISSING DATA PATTERNS (x = not missing)

           1  2  3  4  5  6  7  8  9 10 11 12 13 14 15 16 17 18 19
 BBFA_OO   x     x  x     x     x     x  x  x     x     x     x
 CBFA_OO   x           x  x     x  x     x  x  x  x        x  x
 DBFA_OO   x     x     x  x  x              x  x  x     x        x
 BVRT_COL  x     x  x     x     x        x     x  x           x
 CVRT_COL  x           x        x  x        x  x  x           x
 DVRT_COL  x     x     x  x  x              x  x  x     x     x
 ABFA_OO   x  x  x  x  x  x  x  x  x  x  x  x  x     x  x  x  x  x
 AVRT_COL  x  x  x  x  x  x  x  x  x  x  x  x  x  x     x  x  x  x


     MISSING DATA PATTERN FREQUENCIES

    Pattern   Frequency     Pattern   Frequency     Pattern   Frequency
          1         494           8          46          15           1
          2         169           9          23          16           1
          3          26          10           4          17           1
          4          53          11           1          18           1
          5          21          12           3          19           1
          6           2          13           2
          7          24          14           1


COVARIANCE COVERAGE OF DATA

Minimum covariance coverage value   0.100


     PROPORTION OF DATA PRESENT


           Covariance Coverage
              BBFA_OO       CBFA_OO       DBFA_OO       BVRT_COL      CVRT_COL
              ________      ________      ________      ________      ________
 BBFA_OO        0.723
 CBFA_OO        0.627         0.681
 DBFA_OO        0.603         0.598         0.658
 BVRT_COL       0.714         0.626         0.601         0.716
 CVRT_COL       0.624         0.676         0.596         0.622         0.676
 DVRT_COL       0.604         0.600         0.657         0.602         0.597
 ABFA_OO        0.722         0.680         0.657         0.715         0.675
 AVRT_COL       0.723         0.681         0.658         0.716         0.676


           Covariance Coverage
              DVRT_COL      ABFA_OO       AVRT_COL
              ________      ________      ________
 DVRT_COL       0.658
 ABFA_OO        0.657         0.999
 AVRT_COL       0.658         0.998         0.999


SAMPLE STATISTICS


     ESTIMATED SAMPLE STATISTICS


           Means
              BBFA_OO       CBFA_OO       DBFA_OO       BVRT_COL      CVRT_COL
              ________      ________      ________      ________      ________
 1             73.003        72.405        72.135        70.338        68.668


           Means
              DVRT_COL      ABFA_OO       AVRT_COL
              ________      ________      ________
 1             68.889        73.115        71.581


           Covariances
              BBFA_OO       CBFA_OO       DBFA_OO       BVRT_COL      CVRT_COL
              ________      ________      ________      ________      ________
 BBFA_OO      257.320
 CBFA_OO      217.095       268.915
 DBFA_OO      207.801       221.190       259.325
 BVRT_COL      30.799        14.152        12.509       353.859
 CVRT_COL      16.660        15.549        10.182       259.940       372.691
 DVRT_COL      12.248         2.624         1.131       260.938       275.689
 ABFA_OO      204.507       204.225       200.042        22.888        14.255
 AVRT_COL      19.027        11.082         7.008       238.736       225.709


           Covariances
              DVRT_COL      ABFA_OO       AVRT_COL
              ________      ________      ________
 DVRT_COL     363.529
 ABFA_OO        3.081       249.915
 AVRT_COL     237.986        20.956       327.292


           Correlations
              BBFA_OO       CBFA_OO       DBFA_OO       BVRT_COL      CVRT_COL
              ________      ________      ________      ________      ________
 BBFA_OO        1.000
 CBFA_OO        0.825         1.000
 DBFA_OO        0.804         0.838         1.000
 BVRT_COL       0.102         0.046         0.041         1.000
 CVRT_COL       0.054         0.049         0.033         0.716         1.000
 DVRT_COL       0.040         0.008         0.004         0.728         0.749
 ABFA_OO        0.806         0.788         0.786         0.077         0.047
 AVRT_COL       0.066         0.037         0.024         0.702         0.646


           Correlations
              DVRT_COL      ABFA_OO       AVRT_COL
              ________      ________      ________
 DVRT_COL       1.000
 ABFA_OO        0.010         1.000
 AVRT_COL       0.690         0.073         1.000


     MAXIMUM LOG-LIKELIHOOD VALUE FOR THE UNRESTRICTED (H1) MODEL IS -20947.599


THE MODEL ESTIMATION TERMINATED NORMALLY



MODEL FIT INFORMATION

Number of Free Parameters                       34

Loglikelihood

          H0 Value                      -20951.641
          H0 Scaling Correction Factor       1.211
            for MLR

Information Criteria

          Akaike (AIC)                   41971.281
          Bayesian (BIC)                 42133.566
          Sample-Size Adjusted BIC       42025.590
            (n* = (n + 2) / 24)



MODEL RESULTS

                                                    Two-Tailed
                    Estimate       S.E.  Est./S.E.    P-Value

 DBFA_OO    ON
    CBFA_OO            0.104      0.045      2.296      0.022
    CVRT_COL           0.001      0.031      0.040      0.968

 CBFA_OO    ON
    BBFA_OO            0.104      0.045      2.296      0.022
    BVRT_COL           0.001      0.031      0.040      0.968

 BBFA_OO    ON
    ABFA_OO            0.104      0.045      2.296      0.022
    AVRT_COL           0.001      0.031      0.040      0.968

 DVRT_COL   ON
    CVRT_COL           0.102      0.040      2.530      0.011
    CBFA_OO           -0.013      0.055     -0.240      0.810

 CVRT_COL   ON
    BVRT_COL           0.102      0.040      2.530      0.011
    BBFA_OO           -0.013      0.055     -0.240      0.810

 BVRT_COL   ON
    AVRT_COL           0.102      0.040      2.530      0.011
    ABFA_OO           -0.013      0.055     -0.240      0.810

 S_BFA_OO WITH
    I_BFA_OO          -0.544      0.417     -1.304      0.192

 I_VRT_CO WITH
    I_BFA_OO           8.650     15.697      0.551      0.582
    S_BFA_OO          -0.309      2.725     -0.113      0.910

 S_VRT_CO WITH
    I_BFA_OO           0.121      2.683      0.045      0.964
    S_BFA_OO           0.022      0.040      0.542      0.588
    I_VRT_COL         -0.986      0.604     -1.631      0.103

 ABFA_OO  WITH
    I_BFA_OO         180.879     13.380     13.519      0.000
    S_BFA_OO          -0.060      0.458     -0.132      0.895
    I_VRT_COL         16.306     15.487      1.053      0.292
    S_VRT_COL         -0.291      0.672     -0.433      0.665

 AVRT_COL WITH
    I_BFA_OO           8.838     12.220      0.723      0.470
    S_BFA_OO           0.450      0.546      0.823      0.411
    I_VRT_COL        205.243     16.630     12.342      0.000
    S_VRT_COL         -0.025      0.727     -0.034      0.973

 DVRT_COL WITH
    DBFA_OO            5.045      2.980      1.693      0.090

 CVRT_COL WITH
    CBFA_OO            5.045      2.980      1.693      0.090

 BVRT_COL WITH
    BBFA_OO            5.045      2.980      1.693      0.090

 AVRT_COL WITH
    ABFA_OO           20.942      9.999      2.094      0.036

 Means
    ABFA_OO           73.095      0.535    136.591      0.000
    AVRT_COL          71.583      0.611    117.119      0.000
    I_BFA_OO          64.842      3.670     17.666      0.000
    S_BFA_OO           0.028      0.030      0.930      0.353
    I_VRT_COL         63.010      4.326     14.567      0.000
    S_VRT_COL          0.111      0.040      2.801      0.005

 Intercepts
    BBFA_OO            0.000      0.000    999.000    999.000
    CBFA_OO            0.000      0.000    999.000    999.000
    DBFA_OO            0.000      0.000    999.000    999.000
    BVRT_COL           0.000      0.000    999.000    999.000
    CVRT_COL           0.000      0.000    999.000    999.000
    DVRT_COL           0.000      0.000    999.000    999.000

 Variances
    ABFA_OO          249.875     11.051     22.611      0.000
    AVRT_COL         327.292     16.364     20.001      0.000
    I_BFA_OO         163.505     20.576      7.946      0.000
    S_BFA_OO           0.089      0.051      1.745      0.081
    I_VRT_COL        201.446     23.729      8.490      0.000
    S_VRT_COL          0.066      0.077      0.853      0.394

 Residual Variances
    BBFA_OO           49.688      3.846     12.919      0.000
    CBFA_OO           49.688      3.846     12.919      0.000
    DBFA_OO           49.688      3.846     12.919      0.000
    BVRT_COL         105.282      6.177     17.045      0.000
    CVRT_COL         105.282      6.177     17.045      0.000
    DVRT_COL         105.282      6.177     17.045      0.000


QUALITY OF NUMERICAL RESULTS

     Condition Number for the Information Matrix              0.624E-06
       (ratio of smallest to largest eigenvalue)


     Beginning Time:  19:49:54
        Ending Time:  19:50:11
       Elapsed Time:  00:00:17



MUTHEN & MUTHEN
3463 Stoner Ave.
Los Angeles, CA  90066

Tel: (310) 391-9971
Fax: (310) 391-8971
Web: www.StatModel.com
Support: Support@StatModel.com

Copyright (c) 1998-2011 Muthen & Muthen
