Mplus VERSION 6.12
MUTHEN & MUTHEN
03/21/2016  11:54 AM

INPUT INSTRUCTIONS


  title: PxVx Univariate - Col Lin BFI_O with Lin HRZ_COL;
  data: file = E:\Projects\lnt_pxvx\Data\LT_227.txt;



  variable:
  names =
  subjid
  Sample
  aGENDER
  aAGE
  aethnic1
  aethnic2
  aedu_mom
  aedu_dad
  aEDUCATN
  bEDUCATN
  cEDUCATN
  aEMPLOYD
  bEMPLOYD
  cEMPLOYD
  dEMPLOYD
  aINCOME
  bINCOME
  cINCOME
  dINCOME
  aS_SCALE
  bS_SCALE
  cS_SCALE
  dS_SCALE
  aD_SCALE
  bD_SCALE
  cD_SCALE
  dD_SCALE
  aS_COMP
  bS_COMP
  cS_COMP
  dS_COMP
  aD_COMP
  bD_COMP
  cD_COMP
  dD_COMP
  aBFI_A
  aBFI_A6
  aBFI_C
  aBFI_E
  aBFI_HP
  aBFI_N
  aBFI_O
  bBFI_A
  bBFI_A6
  bBFI_C
  bBFI_E
  bBFI_HP
  bBFI_N
  bBFI_O
  cBFI_A
  cBFI_A6
  cBFI_C
  cBFI_E
  cBFI_HP
  cBFI_N
  cBFI_O
  dBFI_A
  dBFI_A6
  dBFI_C
  dBFI_E
  dBFI_HP
  dBFI_N
  dBFI_O
  aBFA_AC
  aBFA_AP
  aBFA_CI
  aBFA_CO
  aBFA_EA
  aBFA_EE
  aBFA_N9
  aBFA_NV
  aBFA_NW
  aBFA_OI
  aBFA_OO
  aBFA_PS
  aBFA_MT
  bBFA_AC
  bBFA_AP
  bBFA_CI
  bBFA_CO
  bBFA_EA
  bBFA_EE
  bBFA_N9
  bBFA_NV
  bBFA_NW
  bBFA_OI
  bBFA_OO
  bBFA_MT
  bBFA_PS
  cBFA_AC
  cBFA_AP
  cBFA_CI
  cBFA_CO
  cBFA_EA
  cBFA_EE
  cBFA_N9
  cBFA_NV
  cBFA_NW
  cBFA_OI
  cBFA_OO
  cBFA_MT
  cBFA_PS
  dBFA_AC
  dBFA_AP
  dBFA_CI
  dBFA_CO
  dBFA_EA
  dBFA_EE
  dBFA_N9
  dBFA_NV
  dBFA_NW
  dBFA_OI
  dBFA_OO
  dBFA_MT
  dBFA_PS
  aUSI
  bUSI
  cUSI
  dUSI
  aHRZ_IND
  bHRZ_IND
  cHRZ_IND
  dHRZ_IND
  aVRT_IND
  bVRT_IND
  cVRT_IND
  dVRT_IND
  aHRZ_COL
  bHRZ_COL
  cHRZ_COL
  dHRZ_COL
  aVRT_COL
  bVRT_COL
  cVRT_COL
  dVRT_COL
  aCOLLCTV
  bCOLLCTV
  cCOLLCTV
  dCOLLCTV
  aMVS
  bMVS
  cMVS
  dMVS
  aST
  bST
  cST
  dST
  aSD
  bSD
  cSD
  dSD
  aMVS_mc
  bMVS_mc
  cMVS_mc
  dMVS_mc
  aST_mc
  bST_mc
  cST_mc
  dST_mc
  aSD_mc
  bSD_mc
  cSD_mc
  dSD_mc
  bMEANING
  cMEANING
  dMEANING
  bMEAN_L
  cMEAN_L
  dMEAN_L
  bMEANNGc
  cMEANNGc
  dMEANNGc
  bMEANGlc
  cMEANGlc
  dMEANGlc
  bCLASSIC
  cCLASSIC
  dCLASSIC
  bCLASSCc
  cCLASSCc
  dCLASSCc
  bAGR_VAL
  cAGR_VAL
  dAGR_VAL
  bOPN_VAL
  cOPN_VAL
  dOPN_VAL
  bAGR_VLc
  cAGR_VLc
  dAGR_VLc
  bOPNVALc
  cOPNVALc
  dOPNVALc
  aMV_pomp
  bMV_pomp
  cMV_pomp
  dMV_pomp
  aST_pomp
  bST_pomp
  cST_pomp
  dST_pomp
  aSD_pomp
  bSD_pomp
  cSD_pomp
  dSD_pomp
  agoal_ec
  bgoal_ec
  cgoal_ec
  dgoal_ec
  aAspfinc
  bAspfinc
  cAspfinc
  dAspfinc
  abfi_hp8
  bbfi_hp8
  cbfi_hp8
  dbfi_hp8
  aP_S_BFI
  aP_D_BFI
  aECgoalc
  bECgoalC
  cECgoalC
  dECgoalC
  aaspfin
  baspfin
  caspfin
  daspfin
  aMVI_POMP
  bMVI_POMP
  cMVI_POMP
  dMVI_POMP;

  USEVARIABLES =
  aBFI_O
  bBFI_O
  cBFI_O
  dBFI_O
  aHRZ_COL
  bHRZ_COL
  cHRZ_COL
  dHRZ_COL
  bage_c
  cage_c
  dage_c
  ;

  missing = all (-9999);

  USEOBSERVATIONS are Sample == 2; ! College Sample

  tscores = bage_c cage_c dage_c;

  DEFINE:
  bage_c = aAGE + 1 - 20.5;
  cage_c = aAGE + 2 - 20.5;
  dage_c = aAGE + 3 - 20.5;

  ANALYSIS:
  TYPE=RANDOM;
  PROCESSORS = 8;

  MODEL:

  i_BFI_O s_BFI_O | bBFI_O cBFI_O dBFI_O AT bage_c cage_c dage_c;
  i_HRZ_COL s_HRZ_COL | bHRZ_COL cHRZ_COL dHRZ_COL AT bage_c cage_c dage_c;


  !After Bollen and Curran initial observation is not part of LGM

  dBFI_O on cBFI_O (a); ! Autoregressive paths constrained to equality
  cBFI_O on bBFI_O (a);
  bBFI_O on aBFI_O (a);

  dHRZ_COL on cHRZ_COL (b); ! Autoregressive paths constrained to equality
  cHRZ_COL on bHRZ_COL (b);
  bHRZ_COL on aHRZ_COL (b);

  bBFI_O cBFI_O dBFI_O (c); !Equality constraint on residuals
  bHRZ_COL cHRZ_COL dHRZ_COL (d); !Equality constraint on residuals

  dHRZ_COL on cBFI_O (x); ! Cross-lagged paths constrained to equality
  cHRZ_COL on bBFI_O (x);
  bHRZ_COL on aBFI_O (x);

  dBFI_O on cHRZ_COL (y); ! Cross-lagged paths constrained to equality
  cBFI_O on bHRZ_COL (y);
  bBFI_O on aHRZ_COL (y);

  dHRZ_COL with dBFI_O (w); ! within-wave correlations constrained to equality
  cHRZ_COL with cBFI_O (w);
  bHRZ_COL with bBFI_O (w);

  aBFI_O aHRZ_COL i_BFI_O i_HRZ_COL
  s_BFI_O
  s_HRZ_COL
  with
  s_BFI_O
  s_HRZ_COL
  aBFI_O aHRZ_COL i_BFI_O i_HRZ_COL;



  OUTPUT: SAMPSTAT PATTERNS;



*** WARNING
  Variable name contains more than 8 characters.
  Only the first 8 characters will be printed in the output.
  Variable: AMVI_POMP
*** WARNING
  Variable name contains more than 8 characters.
  Only the first 8 characters will be printed in the output.
  Variable: BMVI_POMP
*** WARNING
  Variable name contains more than 8 characters.
  Only the first 8 characters will be printed in the output.
  Variable: CMVI_POMP
*** WARNING
  Variable name contains more than 8 characters.
  Only the first 8 characters will be printed in the output.
  Variable: DMVI_POMP
*** WARNING
  Variable name contains more than 8 characters.
  Only the first 8 characters will be printed in the output.
  Variable: I_HRZ_COL
*** WARNING
  Variable name contains more than 8 characters.
  Only the first 8 characters will be printed in the output.
  Variable: S_HRZ_COL
*** WARNING
  Data set contains cases with missing on all variables.
  These cases were not included in the analysis.
  Number of cases with missing on all variables:  1
*** WARNING
  Data set contains cases with missing on time scores but non-missing on the
  corresponding dependent variables.  These cases were not included in the analysis.
  Number of such cases:  2
   8 WARNING(S) FOUND IN THE INPUT INSTRUCTIONS



PxVx Univariate - Col Lin BFI_O with Lin HRZ_COL;

SUMMARY OF ANALYSIS

Number of groups                                                 1
Number of observations                                         277

Number of dependent variables                                    6
Number of independent variables                                  2
Number of continuous latent variables                            4

Observed dependent variables

  Continuous
   BBFI_O      CBFI_O      DBFI_O      BHRZ_COL    CHRZ_COL    DHRZ_COL

Observed independent variables
   ABFI_O      AHRZ_COL

Continuous latent variables
   I_BFI_O     S_BFI_O     I_HRZ_CO    S_HRZ_CO

Variables with special functions

  Time scores
   BAGE_C      CAGE_C      DAGE_C


Estimator                                                      MLR
Information matrix                                        OBSERVED
Maximum number of iterations                                   100
Convergence criterion                                    0.100D-05
Maximum number of EM iterations                                500
Convergence criteria for the EM algorithm
  Loglikelihood change                                   0.100D-02
  Relative loglikelihood change                          0.100D-05
  Derivative                                             0.100D-03
Minimum variance                                         0.100D-03
Maximum number of steepest descent iterations                   20
Maximum number of iterations for H1                           2000
Convergence criterion for H1                             0.100D-03
Optimization algorithm                                         EMA

Input data file(s)
  E:\Projects\lnt_pxvx\Data\LT_227.txt
Input data format  FREE


SUMMARY OF DATA

     Number of missing data patterns            15


SUMMARY OF MISSING DATA PATTERNS


     MISSING DATA PATTERNS (x = not missing)

           1  2  3  4  5  6  7  8  9 10 11 12 13 14 15
 BBFI_O    x  x     x        x  x     x  x        x  x
 CBFI_O    x  x  x                 x  x     x        x
 DBFI_O    x     x        x  x  x  x  x  x           x
 BHRZ_COL  x  x     x           x     x  x
 CHRZ_COL  x  x  x                 x  x     x        x
 DHRZ_COL  x              x     x  x                 x
 ABFI_O    x  x  x  x  x  x  x  x  x  x  x  x  x  x  x
 AHRZ_COL  x  x  x  x  x  x  x  x  x  x  x  x     x  x


     MISSING DATA PATTERN FREQUENCIES

    Pattern   Frequency     Pattern   Frequency     Pattern   Frequency
          1         138           6          11          11           1
          2          10           7           1          12           4
          3           2           8          16          13           2
          4          26           9           9          14           2
          5          52          10           2          15           1


COVARIANCE COVERAGE OF DATA

Minimum covariance coverage value   0.100


     PROPORTION OF DATA PRESENT


           Covariance Coverage
              BBFI_O        CBFI_O        DBFI_O        BHRZ_COL      CHRZ_COL
              ________      ________      ________      ________      ________
 BBFI_O         0.711
 CBFI_O         0.545         0.599
 DBFI_O         0.574         0.549         0.653
 BHRZ_COL       0.697         0.542         0.567         0.697
 CHRZ_COL       0.545         0.599         0.549         0.542         0.599
 DHRZ_COL       0.560         0.534         0.632         0.556         0.534
 ABFI_O         0.711         0.599         0.653         0.697         0.599
 AHRZ_COL       0.711         0.599         0.653         0.697         0.599


           Covariance Coverage
              DHRZ_COL      ABFI_O        AHRZ_COL
              ________      ________      ________
 DHRZ_COL       0.632
 ABFI_O         0.632         1.000
 AHRZ_COL       0.632         0.993         0.993


SAMPLE STATISTICS


     ESTIMATED SAMPLE STATISTICS


           Means
              BBFI_O        CBFI_O        DBFI_O        BHRZ_COL      CHRZ_COL
              ________      ________      ________      ________      ________
 1             71.227        72.269        74.006        74.004        74.011


           Means
              DHRZ_COL      ABFI_O        AHRZ_COL
              ________      ________      ________
 1             74.854        72.311        71.651


           Covariances
              BBFI_O        CBFI_O        DBFI_O        BHRZ_COL      CHRZ_COL
              ________      ________      ________      ________      ________
 BBFI_O       236.435
 CBFI_O       179.789       203.120
 DBFI_O       142.757       143.268       160.207
 BHRZ_COL      42.388        35.187        22.537       208.010
 CHRZ_COL      53.673        37.812        14.180       133.848       179.851
 DHRZ_COL      24.354        21.110        22.067       126.241       116.504
 ABFI_O       182.483       162.607       134.616        41.461        31.068
 AHRZ_COL      47.906        28.575        18.681       110.093       106.809


           Covariances
              DHRZ_COL      ABFI_O        AHRZ_COL
              ________      ________      ________
 DHRZ_COL     210.030
 ABFI_O        28.429       220.466
 AHRZ_COL     118.838        35.269       191.205


           Correlations
              BBFI_O        CBFI_O        DBFI_O        BHRZ_COL      CHRZ_COL
              ________      ________      ________      ________      ________
 BBFI_O         1.000
 CBFI_O         0.820         1.000
 DBFI_O         0.734         0.794         1.000
 BHRZ_COL       0.191         0.171         0.123         1.000
 CHRZ_COL       0.260         0.198         0.084         0.692         1.000
 DHRZ_COL       0.109         0.102         0.120         0.604         0.599
 ABFI_O         0.799         0.768         0.716         0.194         0.156
 AHRZ_COL       0.225         0.145         0.107         0.552         0.576


           Correlations
              DHRZ_COL      ABFI_O        AHRZ_COL
              ________      ________      ________
 DHRZ_COL       1.000
 ABFI_O         0.132         1.000
 AHRZ_COL       0.593         0.172         1.000


     MAXIMUM LOG-LIKELIHOOD VALUE FOR THE UNRESTRICTED (H1) MODEL IS -6169.708

     WARNING:  THE MLR STANDARD ERRORS COULD NOT BE COMPUTED.  THE MLF STANDARD
     ERRORS WERE COMPUTED INSTEAD.  THE MLR CONDITION NUMBER IS      -0.869D-05.
     PROBLEM INVOLVING PARAMETER 24.  THIS MAY BE DUE TO NEAR SINGULARITY
     OF THE RANDOM EFFECT VARIANCE/COVARIANCE OR INCOMPLETE CONVERGENCE.

THE MODEL ESTIMATION TERMINATED NORMALLY



MODEL FIT INFORMATION

Number of Free Parameters                       34

Loglikelihood

          H0 Value                       -6179.470

Information Criteria

          Akaike (AIC)                   12426.939
          Bayesian (BIC)                 12550.156
          Sample-Size Adjusted BIC       12442.347
            (n* = (n + 2) / 24)



MODEL RESULTS

                                                    Two-Tailed
                    Estimate       S.E.  Est./S.E.    P-Value

 DBFI_O     ON
    CBFI_O             0.033      0.110      0.295      0.768
    CHRZ_COL           0.013      0.072      0.183      0.855

 CBFI_O     ON
    BBFI_O             0.033      0.110      0.295      0.768
    BHRZ_COL           0.013      0.072      0.183      0.855

 BBFI_O     ON
    ABFI_O             0.033      0.110      0.295      0.768
    AHRZ_COL           0.013      0.072      0.183      0.855

 DHRZ_COL   ON
    CHRZ_COL          -0.003      0.098     -0.029      0.977
    CBFI_O             0.213      0.146      1.460      0.144

 CHRZ_COL   ON
    BHRZ_COL          -0.003      0.098     -0.029      0.977
    BBFI_O             0.213      0.146      1.460      0.144

 BHRZ_COL   ON
    AHRZ_COL          -0.003      0.098     -0.029      0.977
    ABFI_O             0.213      0.146      1.460      0.144

 S_BFI_O  WITH
    I_BFI_O          -32.910     11.714     -2.809      0.005

 I_HRZ_CO WITH
    I_BFI_O           -1.301     55.157     -0.024      0.981
    S_BFI_O            2.232     11.641      0.192      0.848

 S_HRZ_CO WITH
    I_BFI_O           -1.469     11.319     -0.130      0.897
    S_BFI_O           -2.577      3.412     -0.755      0.450
    I_HRZ_COL         -8.016     14.281     -0.561      0.575

 ABFI_O   WITH
    I_BFI_O          197.299     35.478      5.561      0.000
    S_BFI_O          -19.446      6.888     -2.823      0.005
    I_HRZ_COL         -0.753     44.355     -0.017      0.986
    S_HRZ_COL         -3.321      9.837     -0.338      0.736

 AHRZ_COL WITH
    I_BFI_O           56.666     24.819      2.283      0.022
    S_BFI_O          -12.975      7.225     -1.796      0.073
    I_HRZ_COL         92.034     29.488      3.121      0.002
    S_HRZ_COL          6.317      8.037      0.786      0.432

 DHRZ_COL WITH
    DBFI_O            10.137      5.869      1.727      0.084

 CHRZ_COL WITH
    CBFI_O            10.137      5.869      1.727      0.084

 BHRZ_COL WITH
    BBFI_O            10.137      5.869      1.727      0.084

 AHRZ_COL WITH
    ABFI_O            35.267     12.209      2.889      0.004

 Means
    ABFI_O            72.311      1.022     70.766      0.000
    AHRZ_COL          71.636      0.908     78.903      0.000
    I_BFI_O           66.792      9.579      6.973      0.000
    S_BFI_O            1.203      0.465      2.587      0.010
    I_HRZ_COL         58.611     12.979      4.516      0.000
    S_HRZ_COL          0.210      0.512      0.409      0.683

 Intercepts
    BBFI_O             0.000      0.000    999.000    999.000
    CBFI_O             0.000      0.000    999.000    999.000
    DBFI_O             0.000      0.000    999.000    999.000
    BHRZ_COL           0.000      0.000    999.000    999.000
    CHRZ_COL           0.000      0.000    999.000    999.000
    DHRZ_COL           0.000      0.000    999.000    999.000

 Variances
    ABFI_O           220.466     20.584     10.711      0.000
    AHRZ_COL         191.205     18.362     10.413      0.000
    I_BFI_O          249.234     68.244      3.652      0.000
    S_BFI_O            8.487      3.998      2.123      0.034
    I_HRZ_COL        138.903     54.311      2.558      0.011
    S_HRZ_COL          3.555      6.280      0.566      0.571

 Residual Variances
    BBFI_O            36.236      6.523      5.555      0.000
    CBFI_O            36.236      6.523      5.555      0.000
    DBFI_O            36.236      6.523      5.555      0.000
    BHRZ_COL          70.090     10.037      6.983      0.000
    CHRZ_COL          70.090     10.037      6.983      0.000
    DHRZ_COL          70.090     10.037      6.983      0.000


QUALITY OF NUMERICAL RESULTS

     Condition Number for the Information Matrix              0.399E-08
       (ratio of smallest to largest eigenvalue)


     Beginning Time:  11:54:32
        Ending Time:  11:54:43
       Elapsed Time:  00:00:11



MUTHEN & MUTHEN
3463 Stoner Ave.
Los Angeles, CA  90066

Tel: (310) 391-9971
Fax: (310) 391-8971
Web: www.StatModel.com
Support: Support@StatModel.com

Copyright (c) 1998-2011 Muthen & Muthen
