Mplus VERSION 6.12
MUTHEN & MUTHEN
03/09/2016   8:39 PM

INPUT INSTRUCTIONS


  title: PxVx Univariate - Nat Lin I_A with MeanOnly BFA_MT;
  data: file = E:\Projects\lnt_pxvx\Data\LT_informants3.txt;

  variable:
  names =
  subjid
  Sample
  aGENDER
  aAGE
  aethnic1
  aethnic2
  aedu_mom
  aedu_dad
  aEDUCATN
  bEDUCATN
  cEDUCATN
  aEMPLOYD
  bEMPLOYD
  cEMPLOYD
  dEMPLOYD
  aINCOME
  bINCOME
  cINCOME
  dINCOME
  aS_SCALE
  bS_SCALE
  cS_SCALE
  dS_SCALE
  aD_SCALE
  bD_SCALE
  cD_SCALE
  dD_SCALE
  aS_COMP
  bS_COMP
  cS_COMP
  dS_COMP
  aD_COMP
  bD_COMP
  cD_COMP
  dD_COMP
  aBFI_A
  aBFI_A6
  aBFI_C
  aBFI_E
  aBFI_HP
  aBFI_N
  aBFI_O
  bBFI_A
  bBFI_A6
  bBFI_C
  bBFI_E
  bBFI_HP
  bBFI_N
  bBFI_O
  cBFI_A
  cBFI_A6
  cBFI_C
  cBFI_E
  cBFI_HP
  cBFI_N
  cBFI_O
  dBFI_A
  dBFI_A6
  dBFI_C
  dBFI_E
  dBFI_HP
  dBFI_N
  dBFI_O
  aBFA_AC
  aBFA_AP
  aBFA_CI
  aBFA_CO
  aBFA_EA
  aBFA_EE
  aBFA_N9
  aBFA_NV
  aBFA_NW
  aBFA_OI
  aBFA_OO
  aBFA_PS
  aBFA_MT
  bBFA_AC
  bBFA_AP
  bBFA_CI
  bBFA_CO
  bBFA_EA
  bBFA_EE
  bBFA_N9
  bBFA_NV
  bBFA_NW
  bBFA_OI
  bBFA_OO
  bBFA_MT
  bBFA_PS
  cBFA_AC
  cBFA_AP
  cBFA_CI
  cBFA_CO
  cBFA_EA
  cBFA_EE
  cBFA_N9
  cBFA_NV
  cBFA_NW
  cBFA_OI
  cBFA_OO
  cBFA_MT
  cBFA_PS
  dBFA_AC
  dBFA_AP
  dBFA_CI
  dBFA_CO
  dBFA_EA
  dBFA_EE
  dBFA_N9
  dBFA_NV
  dBFA_NW
  dBFA_OI
  dBFA_OO
  dBFA_MT
  dBFA_PS
  aUSI
  bUSI
  cUSI
  dUSI
  aHRZ_IND
  bHRZ_IND
  cHRZ_IND
  dHRZ_IND
  aVRT_IND
  bVRT_IND
  cVRT_IND
  dVRT_IND
  aHRZ_COL
  bHRZ_COL
  cHRZ_COL
  dHRZ_COL
  aVRT_COL
  bVRT_COL
  cVRT_COL
  dVRT_COL
  aCOLLCTV
  bCOLLCTV
  cCOLLCTV
  dCOLLCTV
  aMVS
  bMVS
  cMVS
  dMVS
  aST
  bST
  cST
  dST
  aSD
  bSD
  cSD
  dSD
  aMVS_mc
  bMVS_mc
  cMVS_mc
  dMVS_mc
  aST_mc
  bST_mc
  cST_mc
  dST_mc
  aSD_mc
  bSD_mc
  cSD_mc
  dSD_mc
  bMEANING
  cMEANING
  dMEANING
  bMEAN_L
  cMEAN_L
  dMEAN_L
  bMEANNGc
  cMEANNGc
  dMEANNGc
  bMEANGlc
  cMEANGlc
  dMEANGlc
  bCLASSIC
  cCLASSIC
  dCLASSIC
  bCLASSCc
  cCLASSCc
  dCLASSCc
  bAGR_VAL
  cAGR_VAL
  dAGR_VAL
  bOPN_VAL
  cOPN_VAL
  dOPN_VAL
  bAGR_VLc
  cAGR_VLc
  dAGR_VLc
  bOPNVALc
  cOPNVALc
  dOPNVALc
  aMV_pomp
  bMV_pomp
  cMV_pomp
  dMV_pomp
  aST_pomp
  bST_pomp
  cST_pomp
  dST_pomp
  aSD_pomp
  bSD_pomp
  cSD_pomp
  dSD_pomp
  agoal_eco
  bgoal_eco
  cgoal_eco
  dgoal_eco
  aAspfinc
  bAspfinc
  cAspfinc
  dAspfinc
  abfi_hp8
  bbfi_hp8
  cbfi_hp8
  dbfi_hp8
  aP_S_BFI
  aP_D_BFI
  aECgoalc
  bECgoalC
  cECgoalC
  dECgoalC
  aaspfin
  baspfin
  caspfin
  daspfin
  aasp_mn2
  basp_mn2
  casp_mn2
  dasp_mn2
  aas12mc2
  aas13mc2
  aas14mc2
  aas15mc2
  aas16mc2
  bas12mc2
  bas13mc2
  bas14mc2
  bas15mc2
  bas16mc2
  cas12mc2
  cas13mc2
  cas14mc2
  cas15mc2
  cas16mc2
  das12mc2
  das13mc2
  das14mc2
  das15mc2
  das16mc2
  aas_f_c2
  bas_f_c2
  cas_f_c2
  das_f_c2
  aI_E
  aI_A
  aI_C
  aI_N
  aI_O
  aI_S
  aI_D
  bI_E
  bI_A
  bI_C
  bI_N
  bI_O
  bI_S
  bI_D
  cI_E
  cI_A
  cI_C
  cI_N
  cI_O
  cI_S
  cI_D
  dI_E
  dI_A
  dI_C
  dI_N
  dI_O
  dI_S
  dI_D
  T1_any_I
  T2_any_I
  T3_any_I
  T4_any_I
  aI_H
  bI_H
  cI_H
  dI_H;



  USEVARIABLES =
  aI_A
  bI_A
  cI_A
  dI_A
  aBFA_MT
  bBFA_MT
  cBFA_MT
  dBFA_MT
  bage_c
  cage_c
  dage_c
  ;

  missing = all (-9999);

  USEOBSERVATIONS are Sample == 1; ! National Sample

  tscores = bage_c cage_c dage_c;

  DEFINE:
  bage_c = aAGE + 1 - 36;
  cage_c = aAGE + 2 - 36;
  dage_c = aAGE + 3 - 36;

  ANALYSIS:
  TYPE=RANDOM;
  PROCESSORS = 8;

  MODEL:

  i_I_A s_I_A | bI_A cI_A dI_A AT bage_c cage_c dage_c;
  i_BFA_MT s_BFA_MT | bBFA_MT cBFA_MT dBFA_MT AT bage_c cage_c dage_c;


  !After Bollen and Curran initial observation is not part of LGM

  dI_A on cI_A (a); ! Autoregressive paths constrained to equality
  cI_A on bI_A (a);
  bI_A on aI_A (a);

  dBFA_MT on cBFA_MT (b); ! Autoregressive paths constrained to equality
  cBFA_MT on bBFA_MT (b);
  bBFA_MT on aBFA_MT (b);

  bI_A cI_A dI_A (c); !Equality constraint on residuals
  bBFA_MT cBFA_MT dBFA_MT (d); !Equality constraint on residuals

  dBFA_MT on cI_A (x); ! Cross-lagged paths constrained to equality
  cBFA_MT on bI_A (x);
  bBFA_MT on aI_A (x);

  dI_A on cBFA_MT (y); ! Cross-lagged paths constrained to equality
  cI_A on bBFA_MT (y);
  bI_A on aBFA_MT (y);

  dBFA_MT with dI_A (w); ! within-wave correlations constrained to equality
  cBFA_MT with cI_A (w);
  bBFA_MT with bI_A (w);

  aI_A aBFA_MT i_I_A i_BFA_MT
  s_I_A
  with
  s_I_A
  aI_A aBFA_MT i_I_A i_BFA_MT;


  s_BFA_MT@0;

  OUTPUT: SAMPSTAT PATTERNS;



*** WARNING
  Variable name contains more than 8 characters.
  Only the first 8 characters will be printed in the output.
  Variable: AGOAL_ECO
*** WARNING
  Variable name contains more than 8 characters.
  Only the first 8 characters will be printed in the output.
  Variable: BGOAL_ECO
*** WARNING
  Variable name contains more than 8 characters.
  Only the first 8 characters will be printed in the output.
  Variable: CGOAL_ECO
*** WARNING
  Variable name contains more than 8 characters.
  Only the first 8 characters will be printed in the output.
  Variable: DGOAL_ECO
*** WARNING in MODEL command
  All continuous latent variable covariances involving S_BFA_MT have been fixed to 0
  because the variance of S_BFA_MT is fixed at 0.
*** WARNING
  Data set contains cases with missing on time scores but non-missing on the
  corresponding dependent variables.  These cases were not included in the analysis.
  Number of such cases:  4
   6 WARNING(S) FOUND IN THE INPUT INSTRUCTIONS



PxVx Univariate - Nat Lin I_A with MeanOnly BFA_MT;

SUMMARY OF ANALYSIS

Number of groups                                                 1
Number of observations                                         604

Number of dependent variables                                    6
Number of independent variables                                  2
Number of continuous latent variables                            4

Observed dependent variables

  Continuous
   BI_A        CI_A        DI_A        BBFA_MT     CBFA_MT     DBFA_MT

Observed independent variables
   AI_A        ABFA_MT

Continuous latent variables
   I_I_A       S_I_A       I_BFA_MT    S_BFA_MT

Variables with special functions

  Time scores
   BAGE_C      CAGE_C      DAGE_C


Estimator                                                      MLR
Information matrix                                        OBSERVED
Maximum number of iterations                                   100
Convergence criterion                                    0.100D-05
Maximum number of EM iterations                                500
Convergence criteria for the EM algorithm
  Loglikelihood change                                   0.100D-02
  Relative loglikelihood change                          0.100D-05
  Derivative                                             0.100D-03
Minimum variance                                         0.100D-03
Maximum number of steepest descent iterations                   20
Maximum number of iterations for H1                           2000
Convergence criterion for H1                             0.100D-03
Optimization algorithm                                         EMA

Input data file(s)
  E:\Projects\lnt_pxvx\Data\LT_informants3.txt
Input data format  FREE


SUMMARY OF DATA

     Number of missing data patterns            49


SUMMARY OF MISSING DATA PATTERNS


     MISSING DATA PATTERNS (x = not missing)

           1  2  3  4  5  6  7  8  9 10 11 12 13 14 15 16 17 18 19 20
 BI_A      x              x  x  x  x  x     x  x                    x
 CI_A      x        x           x  x  x                 x        x  x
 DI_A      x           x     x  x           x  x     x  x  x
 BBFA_MT   x     x  x  x  x  x  x  x  x     x  x  x  x  x  x  x  x  x
 CBFA_MT   x     x  x     x  x  x  x  x  x  x        x  x  x     x  x
 DBFA_MT   x     x  x  x  x  x  x  x  x  x  x  x  x  x  x  x     x
 AI_A      x  x  x           x     x     x        x        x  x  x
 ABFA_MT   x  x  x  x  x  x  x  x  x  x  x  x  x  x  x  x  x  x  x  x

          21 22 23 24 25 26 27 28 29 30 31 32 33 34 35 36 37 38 39 40
 BI_A      x  x        x     x     x           x     x     x
 CI_A            x  x        x        x  x        x  x           x  x
 DI_A            x                    x     x        x  x     x
 BBFA_MT   x  x  x  x  x     x     x        x  x           x     x
 CBFA_MT   x     x  x     x  x     x  x  x        x  x     x     x  x
 DBFA_MT         x              x     x  x     x     x  x  x  x
 AI_A      x  x  x        x  x  x     x  x        x  x  x  x     x
 ABFA_MT   x  x  x  x  x  x  x  x  x  x  x  x  x  x  x  x  x  x  x  x

          41 42 43 44 45 46 47 48 49
 BI_A         x        x  x     x
 CI_A            x     x  x     x  x
 DI_A      x  x     x  x  x     x  x
 BBFA_MT      x  x  x  x  x  x
 CBFA_MT   x     x     x  x  x  x  x
 DBFA_MT   x  x  x  x  x        x  x
 AI_A      x  x     x  x     x
 ABFA_MT   x  x     x     x  x  x  x


     MISSING DATA PATTERN FREQUENCIES

    Pattern   Frequency     Pattern   Frequency     Pattern   Frequency
          1         170          18          18          35           1
          2          34          19          11          36           2
          3          27          20           6          37          14
          4          18          21           7          38           2
          5           5          22          12          39           2
          6          15          23          16          40           3
          7          17          24           4          41           2
          8          38          25           7          42           6
          9          29          26           6          43           1
         10          16          27          12          44           1
         11           6          28           8          45           1
         12          18          29           2          46           1
         13           2          30           7          47           4
         14           3          31           1          48           1
         15          18          32           1          49           2
         16          13          33           2
         17           9          34           3


COVARIANCE COVERAGE OF DATA

Minimum covariance coverage value   0.100


     PROPORTION OF DATA PRESENT


           Covariance Coverage
              BI_A          CI_A          DI_A          BBFA_MT       CBFA_MT
              ________      ________      ________      ________      ________
 BI_A           0.624
 CI_A           0.455         0.589
 DI_A           0.422         0.414         0.551
 BBFA_MT        0.621         0.560         0.523         0.871
 CBFA_MT        0.576         0.589         0.520         0.776         0.829
 DBFA_MT        0.546         0.538         0.548         0.745         0.747
 AI_A           0.445         0.419         0.384         0.594         0.571
 ABFA_MT        0.623         0.586         0.550         0.868         0.826


           Covariance Coverage
              DBFA_MT       AI_A          ABFA_MT
              ________      ________      ________
 DBFA_MT        0.798
 AI_A           0.548         0.710
 ABFA_MT        0.795         0.709         0.997


SAMPLE STATISTICS


     ESTIMATED SAMPLE STATISTICS


           Means
              BI_A          CI_A          DI_A          BBFA_MT       CBFA_MT
              ________      ________      ________      ________      ________
 1             69.768        70.403        70.077        47.553        47.215


           Means
              DBFA_MT       AI_A          ABFA_MT
              ________      ________      ________
 1             47.302        69.689        47.883


           Covariances
              BI_A          CI_A          DI_A          BBFA_MT       CBFA_MT
              ________      ________      ________      ________      ________
 BI_A         514.567
 CI_A         313.882       571.479
 DI_A         319.385       399.782       560.466
 BBFA_MT      -15.275       -33.815       -22.075       229.956
 CBFA_MT      -26.711       -47.545       -44.495       189.952       234.574
 DBFA_MT      -36.660       -54.216       -48.257       189.252       196.351
 AI_A         278.022       265.289       295.837       -11.174       -23.750
 ABFA_MT      -15.250       -48.113       -35.798       185.598       183.349


           Covariances
              DBFA_MT       AI_A          ABFA_MT
              ________      ________      ________
 DBFA_MT      247.117
 AI_A         -44.733       528.553
 ABFA_MT      179.375       -34.328       242.652


           Correlations
              BI_A          CI_A          DI_A          BBFA_MT       CBFA_MT
              ________      ________      ________      ________      ________
 BI_A           1.000
 CI_A           0.579         1.000
 DI_A           0.595         0.706         1.000
 BBFA_MT       -0.044        -0.093        -0.061         1.000
 CBFA_MT       -0.077        -0.130        -0.123         0.818         1.000
 DBFA_MT       -0.103        -0.144        -0.130         0.794         0.816
 AI_A           0.533         0.483         0.544        -0.032        -0.067
 ABFA_MT       -0.043        -0.129        -0.097         0.786         0.769


           Correlations
              DBFA_MT       AI_A          ABFA_MT
              ________      ________      ________
 DBFA_MT        1.000
 AI_A          -0.124         1.000
 ABFA_MT        0.733        -0.096         1.000


     MAXIMUM LOG-LIKELIHOOD VALUE FOR THE UNRESTRICTED (H1) MODEL IS -14499.962

     THE MODEL ESTIMATION DID NOT TERMINATE NORMALLY DUE TO A CHANGE IN THE
     LOGLIKELIHOOD DURING THE LAST E STEP.

     AN INSUFFICENT NUMBER OF E STEP ITERATIONS MAY HAVE BEEN USED.  INCREASE
     THE NUMBER OF MITERATIONS OR INCREASE THE MCONVERGENCE VALUE.  ESTIMATES
     CANNOT BE TRUSTED.
     SLOW CONVERGENCE DUE TO PARAMETER 4.
     THE LOGLIKELIHOOD DERIVATIVE FOR THIS PARAMETER IS -0.57364587D+00.






MODEL RESULTS

                    Estimate

 DI_A       ON
    CI_A               0.110
    CBFA_MT            0.063

 CI_A       ON
    BI_A               0.110
    BBFA_MT            0.063

 BI_A       ON
    AI_A               0.110
    ABFA_MT            0.063

 DBFA_MT    ON
    CBFA_MT           -0.099
    CI_A               0.005

 CBFA_MT    ON
    BBFA_MT           -0.099
    BI_A               0.005

 BBFA_MT    ON
    ABFA_MT           -0.099
    AI_A               0.005

 S_I_A    WITH
    I_I_A             -0.220

 I_BFA_MT WITH
    I_I_A            -73.464
    S_I_A             -1.186

 AI_A     WITH
    I_I_A            237.595
    S_I_A              1.499
    I_BFA_MT         -48.040

 ABFA_MT  WITH
    I_I_A            -41.451
    S_I_A             -1.663
    I_BFA_MT         224.888

 DBFA_MT  WITH
    DI_A               0.026

 CBFA_MT  WITH
    CI_A               0.026

 BBFA_MT  WITH
    BI_A               0.026

 ABFA_MT  WITH
    AI_A             -33.339

 Means
    AI_A              69.496
    ABFA_MT           47.896
    I_I_A             59.300
    S_I_A              0.011
    I_BFA_MT          49.967
    S_BFA_MT           0.895

 Intercepts
    BI_A               0.000
    CI_A               0.000
    DI_A               0.000
    BBFA_MT            0.000
    CBFA_MT            0.000
    DBFA_MT            0.000

 Variances
    AI_A             525.543
    ABFA_MT          243.266
    I_I_A            265.287
    S_I_A              0.028
    I_BFA_MT         356.990
    S_BFA_MT           0.000

 Residual Variances
    BI_A             220.051
    CI_A             220.051
    DI_A             220.051
    BBFA_MT           44.854
    CBFA_MT           44.854
    DBFA_MT           44.854


MODEL COMMAND WITH FINAL ESTIMATES USED AS STARTING VALUES

     i_i_a s_i_a | bi_a ci_a di_a AT bage_c cage_c dage_c;
     i_bfa_mt s_bfa_mt | bbfa_mt cbfa_mt dbfa_mt AT bage_c cage_c dage_c;

     di_a ON ci_a*0.110 (a);
     di_a ON cbfa_mt*0.063 (y);
     ci_a ON bi_a*0.110 (a);
     ci_a ON bbfa_mt*0.063 (y);
     bi_a ON ai_a*0.110 (a);
     bi_a ON abfa_mt*0.063 (y);
     dbfa_mt ON cbfa_mt*-0.099 (b);
     dbfa_mt ON ci_a*0.005 (x);
     cbfa_mt ON bbfa_mt*-0.099 (b);
     cbfa_mt ON bi_a*0.005 (x);
     bbfa_mt ON abfa_mt*-0.099 (b);
     bbfa_mt ON ai_a*0.005 (x);

     dbfa_mt WITH di_a*0.026 (w);
     cbfa_mt WITH ci_a*0.026 (w);
     bbfa_mt WITH bi_a*0.026 (w);
     abfa_mt WITH ai_a*-33.339;
     s_i_a WITH i_i_a*-0.220;
     i_bfa_mt WITH i_i_a*-73.464;
     i_bfa_mt WITH s_i_a*-1.186;
     ai_a WITH i_i_a*237.595;
     ai_a WITH s_i_a*1.499;
     ai_a WITH i_bfa_mt*-48.040;
     abfa_mt WITH i_i_a*-41.451;
     abfa_mt WITH s_i_a*-1.663;
     abfa_mt WITH i_bfa_mt*224.888;

     [ bi_a@0 ];
     [ ci_a@0 ];
     [ di_a@0 ];
     [ bbfa_mt@0 ];
     [ cbfa_mt@0 ];
     [ dbfa_mt@0 ];
     [ ai_a*69.496 ];
     [ abfa_mt*47.896 ];
     [ i_i_a*59.300 ];
     [ s_i_a*0.011 ];
     [ i_bfa_mt*49.967 ];
     [ s_bfa_mt*0.895 ];

     bi_a*220.051 (c);
     ci_a*220.051 (c);
     di_a*220.051 (c);
     bbfa_mt*44.854 (d);
     cbfa_mt*44.854 (d);
     dbfa_mt*44.854 (d);
     ai_a*525.543;
     abfa_mt*243.266;
     i_i_a*265.287;
     s_i_a*0.028;
     i_bfa_mt*356.990;
     s_bfa_mt@0;



     Beginning Time:  20:39:44
        Ending Time:  20:40:29
       Elapsed Time:  00:00:45



MUTHEN & MUTHEN
3463 Stoner Ave.
Los Angeles, CA  90066

Tel: (310) 391-9971
Fax: (310) 391-8971
Web: www.StatModel.com
Support: Support@StatModel.com

Copyright (c) 1998-2011 Muthen & Muthen
