Mplus VERSION 7 (Mac)
MUTHEN & MUTHEN
10/27/2017  10:16 AM

INPUT INSTRUCTIONS


  title: PxVx Bivariate LCM-SR-Uncons - Col Linear BFI_N with Linear BFA_MT;
  data: file = /Users/johnflournoy/code/lnt_pxvx/Data/LT_227.txt;



  variable:
  names =
  subjid
  Sample
  aGENDER
  aAGE
  aethnic1
  aethnic2
  aedu_mom
  aedu_dad
  aEDUCATN
  bEDUCATN
  cEDUCATN
  aEMPLOYD
  bEMPLOYD
  cEMPLOYD
  dEMPLOYD
  aINCOME
  bINCOME
  cINCOME
  dINCOME
  aS_SCALE
  bS_SCALE
  cS_SCALE
  dS_SCALE
  aD_SCALE
  bD_SCALE
  cD_SCALE
  dD_SCALE
  aS_COMP
  bS_COMP
  cS_COMP
  dS_COMP
  aD_COMP
  bD_COMP
  cD_COMP
  dD_COMP
  aBFI_A
  aBFI_A6
  aBFI_C
  aBFI_E
  aBFI_HP
  aBFI_N
  aBFI_O
  bBFI_A
  bBFI_A6
  bBFI_C
  bBFI_E
  bBFI_HP
  bBFI_N
  bBFI_O
  cBFI_A
  cBFI_A6
  cBFI_C
  cBFI_E
  cBFI_HP
  cBFI_N
  cBFI_O
  dBFI_A
  dBFI_A6
  dBFI_C
  dBFI_E
  dBFI_HP
  dBFI_N
  dBFI_O
  aBFA_AC
  aBFA_AP
  aBFA_CI
  aBFA_CO
  aBFA_EA
  aBFA_EE
  aBFA_N9
  aBFA_NV
  aBFA_NW
  aBFA_OI
  aBFA_OO
  aBFA_PS
  aBFA_MT
  bBFA_AC
  bBFA_AP
  bBFA_CI
  bBFA_CO
  bBFA_EA
  bBFA_EE
  bBFA_N9
  bBFA_NV
  bBFA_NW
  bBFA_OI
  bBFA_OO
  bBFA_MT
  bBFA_PS
  cBFA_AC
  cBFA_AP
  cBFA_CI
  cBFA_CO
  cBFA_EA
  cBFA_EE
  cBFA_N9
  cBFA_NV
  cBFA_NW
  cBFA_OI
  cBFA_OO
  cBFA_MT
  cBFA_PS
  dBFA_AC
  dBFA_AP
  dBFA_CI
  dBFA_CO
  dBFA_EA
  dBFA_EE
  dBFA_N9
  dBFA_NV
  dBFA_NW
  dBFA_OI
  dBFA_OO
  dBFA_MT
  dBFA_PS
  aUSI
  bUSI
  cUSI
  dUSI
  aHRZ_IND
  bHRZ_IND
  cHRZ_IND
  dHRZ_IND
  aVRT_IND
  bVRT_IND
  cVRT_IND
  dVRT_IND
  aHRZ_COL
  bHRZ_COL
  cHRZ_COL
  dHRZ_COL
  aVRT_COL
  bVRT_COL
  cVRT_COL
  dVRT_COL
  aCOLLCTV
  bCOLLCTV
  cCOLLCTV
  dCOLLCTV
  aMVS
  bMVS
  cMVS
  dMVS
  aST
  bST
  cST
  dST
  aSD
  bSD
  cSD
  dSD
  aMVS_mc
  bMVS_mc
  cMVS_mc
  dMVS_mc
  aST_mc
  bST_mc
  cST_mc
  dST_mc
  aSD_mc
  bSD_mc
  cSD_mc
  dSD_mc
  bMEANING
  cMEANING
  dMEANING
  bMEAN_L
  cMEAN_L
  dMEAN_L
  bMEANNGc
  cMEANNGc
  dMEANNGc
  bMEANGlc
  cMEANGlc
  dMEANGlc
  bCLASSIC
  cCLASSIC
  dCLASSIC
  bCLASSCc
  cCLASSCc
  dCLASSCc
  bAGR_VAL
  cAGR_VAL
  dAGR_VAL
  bOPN_VAL
  cOPN_VAL
  dOPN_VAL
  bAGR_VLc
  cAGR_VLc
  dAGR_VLc
  bOPNVALc
  cOPNVALc
  dOPNVALc
  aMV_pomp
  bMV_pomp
  cMV_pomp
  dMV_pomp
  aST_pomp
  bST_pomp
  cST_pomp
  dST_pomp
  aSD_pomp
  bSD_pomp
  cSD_pomp
  dSD_pomp
  agoal_ec
  bgoal_ec
  cgoal_ec
  dgoal_ec
  aAspfinc
  bAspfinc
  cAspfinc
  dAspfinc
  abfi_hp8
  bbfi_hp8
  cbfi_hp8
  dbfi_hp8
  aP_S_BFI
  aP_D_BFI
  aECgoalc
  bECgoalC
  cECgoalC
  dECgoalC
  aaspfin
  baspfin
  caspfin
  daspfin
  aMVI_POMP
  bMVI_POMP
  cMVI_POMP
  dMVI_POMP;

  USEVARIABLES =
  aBFI_N
  bBFI_N
  cBFI_N
  dBFI_N
  aBFA_MT
  bBFA_MT
  cBFA_MT
  dBFA_MT
  a1
  a2
  a3
  a4
  ;

  missing = all (-9999);

  USEOBSERVATIONS are Sample == 2; ! College Sample

  tscores = a1 a2 a3 a4;

  DEFINE:
  a1 = aAGE + 0 - 20.5;
  a2 = aAGE + 1 - 20.5;
  a3 = aAGE + 2 - 20.5;
  a4 = aAGE + 3 - 20.5;

  ANALYSIS:
  TYPE=RANDOM;
  PROCESSORS = 4;
  model=nocovariances; ! supresses default estimation of certain covs in model;

  MODEL:

  i_BFI_N s_BFI_N | aBFI_N bBFI_N cBFI_N dBFI_N AT a1 a2 a3 a4;
  i_BFA_MT s_BFA_MT | aBFA_MT bBFA_MT cBFA_MT dBFA_MT AT a1 a2 a3 a4;

  ! freeing factor covs because of "nocovariances"
  s_BFI_N WITH i_BFI_N s_BFA_MT i_BFA_MT;
  i_BFI_N WITH s_BFA_MT i_BFA_MT;
  s_BFA_MT WITH i_BFA_MT;

  p1 BY aBFI_N@1; ! Residual "factors";
  p2 BY bBFI_N@1;
  p3 BY cBFI_N@1;
  p4 BY dBFI_N@1;

  v1 BY aBFA_MT@1; ! Residual "factors";
  v2 BY bBFA_MT@1;
  v3 BY cBFA_MT@1;
  v4 BY dBFA_MT@1;

  !residual variances on observed/manifest vars set to 0
  aBFI_N@0;
  bBFI_N@0;
  cBFI_N@0;
  dBFI_N@0;

  !residual variances on observed/manifest vars set to 0
  aBFA_MT@0;
  bBFA_MT@0;
  cBFA_MT@0;
  dBFA_MT@0;

  ! means of observed/manifest vars set to 0
  [aBFI_N@0];
  [bBFI_N@0];
  [cBFI_N@0];
  [dBFI_N@0];

  ! means of observed/manifest vars set to 0
  [aBFA_MT@0];
  [bBFA_MT@0];
  [cBFA_MT@0];
  [dBFA_MT@0];

  [p1@0]; ! means of residual "factors" set to 0
  [p2@0];
  [p3@0];
  [p4@0];

  [v1@0]; ! means of residual "factors" set to 0
  [v2@0];
  [v3@0];
  [v4@0];

  p4 on p3;
  p3 on p2;
  p2 on p1;

  v4 on v3;
  v3 on v2;
  v2 on v1;

  p4 on v3;
  p3 on v2;
  p2 on v1;

  v4 on p3;
  v3 on p2;
  v2 on p1;

  p1 with v1;
  p2 with v2;
  p3 with v3;
  p4 with v4;

  p2 p3 p4; ! estimate variances of residual "factors"
  v2 v3 v4; ! estimate variances of residual "factors"

  OUTPUT: SAMPSTAT PATTERNS;



*** WARNING
  Variable name contains more than 8 characters.
  Only the first 8 characters will be printed in the output.
  Variable: AMVI_POMP
*** WARNING
  Variable name contains more than 8 characters.
  Only the first 8 characters will be printed in the output.
  Variable: BMVI_POMP
*** WARNING
  Variable name contains more than 8 characters.
  Only the first 8 characters will be printed in the output.
  Variable: CMVI_POMP
*** WARNING
  Variable name contains more than 8 characters.
  Only the first 8 characters will be printed in the output.
  Variable: DMVI_POMP
*** WARNING
  Data set contains cases with missing on all variables.
  These cases were not included in the analysis.
  Number of cases with missing on all variables:  1
*** WARNING
  Data set contains cases with missing on time scores but non-missing on the
  corresponding dependent variables.  These cases were not included in the analysis.
  Number of such cases:  3
   6 WARNING(S) FOUND IN THE INPUT INSTRUCTIONS



PxVx Bivariate LCM-SR-Uncons - Col Linear BFI_N with Linear BFA_MT;

SUMMARY OF ANALYSIS

Number of groups                                                 1
Number of observations                                         276

Number of dependent variables                                    8
Number of independent variables                                  0
Number of continuous latent variables                           12

Observed dependent variables

  Continuous
   ABFI_N      BBFI_N      CBFI_N      DBFI_N      ABFA_MT     BBFA_MT
   CBFA_MT     DBFA_MT

Continuous latent variables
   P1          P2          P3          P4          V1          V2
   V3          V4          I_BFI_N     S_BFI_N     I_BFA_MT    S_BFA_MT

Variables with special functions

  Time scores
   A1          A2          A3          A4


Estimator                                                      MLR
Information matrix                                        OBSERVED
Maximum number of iterations                                   100
Convergence criterion                                    0.100D-05
Maximum number of EM iterations                                500
Convergence criteria for the EM algorithm
  Loglikelihood change                                   0.100D-02
  Relative loglikelihood change                          0.100D-05
  Derivative                                             0.100D-03
Minimum variance                                         0.100D-03
Maximum number of steepest descent iterations                   20
Maximum number of iterations for H1                           2000
Convergence criterion for H1                             0.100D-03
Optimization algorithm                                         EMA

Input data file(s)
  /Users/johnflournoy/code/lnt_pxvx/Data/LT_227.txt
Input data format  FREE


SUMMARY OF DATA

     Number of missing data patterns            12


SUMMARY OF MISSING DATA PATTERNS


     MISSING DATA PATTERNS (x = not missing)

           1  2  3  4  5  6  7  8  9 10 11 12
 ABFI_N    x  x  x  x  x  x  x  x  x  x  x  x
 BBFI_N    x  x     x        x     x  x     x
 CBFI_N    x  x  x              x  x     x  x
 DBFI_N    x     x        x  x  x  x  x     x
 ABFA_MT   x  x  x  x  x  x  x  x  x  x  x  x
 BBFA_MT   x  x     x        x     x  x
 CBFA_MT   x  x  x              x  x     x  x
 DBFA_MT   x              x  x  x           x


     MISSING DATA PATTERN FREQUENCIES

    Pattern   Frequency     Pattern   Frequency     Pattern   Frequency
          1         138           5          53           9           2
          2          10           6          11          10           1
          3           1           7          17          11           4
          4          28           8          10          12           1


COVARIANCE COVERAGE OF DATA

Minimum covariance coverage value   0.100


     PROPORTION OF DATA PRESENT


           Covariance Coverage
              ABFI_N        BBFI_N        CBFI_N        DBFI_N        ABFA_MT
              ________      ________      ________      ________      ________
 ABFI_N         1.000
 BBFI_N         0.714         0.714
 CBFI_N         0.601         0.547         0.601
 DBFI_N         0.656         0.576         0.551         0.656
 ABFA_MT        1.000         0.714         0.601         0.656         1.000
 BBFA_MT        0.710         0.710         0.543         0.572         0.710
 CBFA_MT        0.601         0.547         0.601         0.551         0.601
 DBFA_MT        0.641         0.565         0.540         0.641         0.641


           Covariance Coverage
              BBFA_MT       CBFA_MT       DBFA_MT
              ________      ________      ________
 BBFA_MT        0.710
 CBFA_MT        0.543         0.601
 DBFA_MT        0.562         0.540         0.641


SAMPLE STATISTICS


     ESTIMATED SAMPLE STATISTICS


           Means
              ABFI_N        BBFI_N        CBFI_N        DBFI_N        ABFA_MT
              ________      ________      ________      ________      ________
 1             50.055        48.863        48.161        46.840        50.312


           Means
              BBFA_MT       CBFA_MT       DBFA_MT
              ________      ________      ________
 1             49.960        49.903        49.033


           Covariances
              ABFI_N        BBFI_N        CBFI_N        DBFI_N        ABFA_MT
              ________      ________      ________      ________      ________
 ABFI_N       380.630
 BBFI_N       265.670       372.902
 CBFI_N       266.329       290.091       397.378
 DBFI_N       279.863       289.393       323.252       415.799
 ABFA_MT       83.883        70.755        42.835        43.185       224.578
 BBFA_MT       49.625        74.405        46.452        43.816       186.023
 CBFA_MT       76.663        72.583        77.843        55.323       168.210
 DBFA_MT       53.942        65.499        72.386        68.054       165.044


           Covariances
              BBFA_MT       CBFA_MT       DBFA_MT
              ________      ________      ________
 BBFA_MT      248.314
 CBFA_MT      197.806       261.943
 DBFA_MT      200.953       228.741       280.600


           Correlations
              ABFI_N        BBFI_N        CBFI_N        DBFI_N        ABFA_MT
              ________      ________      ________      ________      ________
 ABFI_N         1.000
 BBFI_N         0.705         1.000
 CBFI_N         0.685         0.754         1.000
 DBFI_N         0.703         0.735         0.795         1.000
 ABFA_MT        0.287         0.244         0.143         0.141         1.000
 BBFA_MT        0.161         0.245         0.148         0.136         0.788
 CBFA_MT        0.243         0.232         0.241         0.168         0.694
 DBFA_MT        0.165         0.202         0.217         0.199         0.657


           Correlations
              BBFA_MT       CBFA_MT       DBFA_MT
              ________      ________      ________
 BBFA_MT        1.000
 CBFA_MT        0.776         1.000
 DBFA_MT        0.761         0.844         1.000


     MAXIMUM LOG-LIKELIHOOD VALUE FOR THE UNRESTRICTED (H1) MODEL IS -6451.007

     WARNING: THE MODEL ESTIMATION HAS REACHED A SADDLE POINT OR A POINT WHERE THE
     OBSERVED AND THE EXPECTED INFORMATION MATRICES DO NOT MATCH.
     AN ADJUSTMENT TO THE ESTIMATION OF THE INFORMATION MATRIX HAS BEEN MADE.
     THE CONDITION NUMBER IS      -0.160D-04.
     THE PROBLEM MAY ALSO BE RESOLVED BY DECREASING THE VALUE OF THE
     MCONVERGENCE OR LOGCRITERION OPTIONS OR BY CHANGING THE STARTING VALUES
     OR BY USING THE MLF ESTIMATOR.


THE MODEL ESTIMATION TERMINATED NORMALLY



MODEL FIT INFORMATION

Number of Free Parameters                       38

Loglikelihood

          H0 Value                       -6458.370
          H0 Scaling Correction Factor      1.1364
            for MLR

Information Criteria

          Akaike (AIC)                   12992.740
          Bayesian (BIC)                 13130.315
          Sample-Size Adjusted BIC       13009.823
            (n* = (n + 2) / 24)



MODEL RESULTS

                                                    Two-Tailed
                    Estimate       S.E.  Est./S.E.    P-Value

 P1       BY
    ABFI_N             1.000      0.000    999.000    999.000

 P2       BY
    BBFI_N             1.000      0.000    999.000    999.000

 P3       BY
    CBFI_N             1.000      0.000    999.000    999.000

 P4       BY
    DBFI_N             1.000      0.000    999.000    999.000

 V1       BY
    ABFA_MT            1.000      0.000    999.000    999.000

 V2       BY
    BBFA_MT            1.000      0.000    999.000    999.000

 V3       BY
    CBFA_MT            1.000      0.000    999.000    999.000

 V4       BY
    DBFA_MT            1.000      0.000    999.000    999.000

 P4         ON
    P3                -0.101      0.426     -0.238      0.812
    V3                -0.287      2.069     -0.139      0.890

 P3         ON
    P2                 0.206      0.108      1.902      0.057
    V2                 0.032      0.193      0.164      0.870

 P2         ON
    P1                -1.593      0.965     -1.650      0.099
    V1                 1.112      3.927      0.283      0.777

 V4         ON
    V3                -0.058      0.986     -0.059      0.953
    P3                 0.174      1.253      0.139      0.889

 V3         ON
    V2                 0.177      0.199      0.887      0.375
    P2                -0.073      0.089     -0.819      0.413

 V2         ON
    V1                -1.816      1.931     -0.941      0.347
    P1                -0.563      1.545     -0.364      0.716

 S_BFI_N  WITH
    I_BFI_N          -26.736     13.686     -1.953      0.051
    S_BFA_MT           6.067     26.761      0.227      0.821
    I_BFA_MT         -16.527     12.303     -1.343      0.179

 I_BFI_N  WITH
    S_BFA_MT          -9.171     11.540     -0.795      0.427
    I_BFA_MT          81.172     31.136      2.607      0.009

 S_BFA_MT WITH
    I_BFA_MT         -16.351      4.693     -3.484      0.000

 P1       WITH
    V1                 2.495     23.364      0.107      0.915

 P2       WITH
    V2                -5.052      6.132     -0.824      0.410

 P3       WITH
    V3                14.432     79.089      0.182      0.855

 P4       WITH
    V4                -0.053    188.624      0.000      1.000

 Means
    P1                 0.000      0.000    999.000    999.000
    V1                 0.000      0.000    999.000    999.000
    I_BFI_N           50.188      1.152     43.575      0.000
    S_BFI_N           -0.960      0.360     -2.664      0.008
    I_BFA_MT          50.510      0.897     56.279      0.000
    S_BFA_MT          -0.426      0.311     -1.371      0.170

 Intercepts
    ABFI_N             0.000      0.000    999.000    999.000
    BBFI_N             0.000      0.000    999.000    999.000
    CBFI_N             0.000      0.000    999.000    999.000
    DBFI_N             0.000      0.000    999.000    999.000
    ABFA_MT            0.000      0.000    999.000    999.000
    BBFA_MT            0.000      0.000    999.000    999.000
    CBFA_MT            0.000      0.000    999.000    999.000
    DBFA_MT            0.000      0.000    999.000    999.000
    P2                 0.000      0.000    999.000    999.000
    P3                 0.000      0.000    999.000    999.000
    P4                 0.000      0.000    999.000    999.000
    V2                 0.000      0.000    999.000    999.000
    V3                 0.000      0.000    999.000    999.000
    V4                 0.000      0.000    999.000    999.000

 Variances
    P1                28.408     38.640      0.735      0.462
    V1                 6.745      5.903      1.143      0.253
    I_BFI_N          348.725     41.336      8.436      0.000
    S_BFI_N           23.079     14.800      1.559      0.119
    I_BFA_MT         215.035     19.289     11.148      0.000
    S_BFA_MT          18.344      6.778      2.706      0.007

 Residual Variances
    ABFI_N             0.000      0.000    999.000    999.000
    BBFI_N             0.000      0.000    999.000    999.000
    CBFI_N             0.000      0.000    999.000    999.000
    DBFI_N             0.000      0.000    999.000    999.000
    ABFA_MT            0.000      0.000    999.000    999.000
    BBFA_MT            0.000      0.000    999.000    999.000
    CBFA_MT            0.000      0.000    999.000    999.000
    DBFA_MT            0.000      0.000    999.000    999.000
    P2                21.460     18.474      1.162      0.245
    P3               101.063     37.639      2.685      0.007
    P4                 5.390    161.301      0.033      0.973
    V2                12.749     54.244      0.235      0.814
    V3                59.767     23.675      2.525      0.012
    V4                 1.402     84.546      0.017      0.987


QUALITY OF NUMERICAL RESULTS

     Condition Number for the Information Matrix             -0.160E-04
       (ratio of smallest to largest eigenvalue)


     Beginning Time:  10:16:55
        Ending Time:  10:17:04
       Elapsed Time:  00:00:09



MUTHEN & MUTHEN
3463 Stoner Ave.
Los Angeles, CA  90066

Tel: (310) 391-9971
Fax: (310) 391-8971
Web: www.StatModel.com
Support: Support@StatModel.com

Copyright (c) 1998-2012 Muthen & Muthen
