Mplus VERSION 7 (Mac)
MUTHEN & MUTHEN
10/27/2017   2:18 PM

INPUT INSTRUCTIONS


  title: PxVx Bivariate LCM-SR - Col Linear BFI_A6 with Linear VRT_COL;
  data: file = /Users/johnflournoy/code/lnt_pxvx/Data/LT_227.txt;



  variable:
  names =
  subjid
  Sample
  aGENDER
  aAGE
  aethnic1
  aethnic2
  aedu_mom
  aedu_dad
  aEDUCATN
  bEDUCATN
  cEDUCATN
  aEMPLOYD
  bEMPLOYD
  cEMPLOYD
  dEMPLOYD
  aINCOME
  bINCOME
  cINCOME
  dINCOME
  aS_SCALE
  bS_SCALE
  cS_SCALE
  dS_SCALE
  aD_SCALE
  bD_SCALE
  cD_SCALE
  dD_SCALE
  aS_COMP
  bS_COMP
  cS_COMP
  dS_COMP
  aD_COMP
  bD_COMP
  cD_COMP
  dD_COMP
  aBFI_A
  aBFI_A6
  aBFI_C
  aBFI_E
  aBFI_HP
  aBFI_N
  aBFI_O
  bBFI_A
  bBFI_A6
  bBFI_C
  bBFI_E
  bBFI_HP
  bBFI_N
  bBFI_O
  cBFI_A
  cBFI_A6
  cBFI_C
  cBFI_E
  cBFI_HP
  cBFI_N
  cBFI_O
  dBFI_A
  dBFI_A6
  dBFI_C
  dBFI_E
  dBFI_HP
  dBFI_N
  dBFI_O
  aBFA_AC
  aBFA_AP
  aBFA_CI
  aBFA_CO
  aBFA_EA
  aBFA_EE
  aBFA_N9
  aBFA_NV
  aBFA_NW
  aBFA_OI
  aBFA_OO
  aBFA_PS
  aBFA_MT
  bBFA_AC
  bBFA_AP
  bBFA_CI
  bBFA_CO
  bBFA_EA
  bBFA_EE
  bBFA_N9
  bBFA_NV
  bBFA_NW
  bBFA_OI
  bBFA_OO
  bBFA_MT
  bBFA_PS
  cBFA_AC
  cBFA_AP
  cBFA_CI
  cBFA_CO
  cBFA_EA
  cBFA_EE
  cBFA_N9
  cBFA_NV
  cBFA_NW
  cBFA_OI
  cBFA_OO
  cBFA_MT
  cBFA_PS
  dBFA_AC
  dBFA_AP
  dBFA_CI
  dBFA_CO
  dBFA_EA
  dBFA_EE
  dBFA_N9
  dBFA_NV
  dBFA_NW
  dBFA_OI
  dBFA_OO
  dBFA_MT
  dBFA_PS
  aUSI
  bUSI
  cUSI
  dUSI
  aHRZ_IND
  bHRZ_IND
  cHRZ_IND
  dHRZ_IND
  aVRT_IND
  bVRT_IND
  cVRT_IND
  dVRT_IND
  aHRZ_COL
  bHRZ_COL
  cHRZ_COL
  dHRZ_COL
  aVRT_COL
  bVRT_COL
  cVRT_COL
  dVRT_COL
  aCOLLCTV
  bCOLLCTV
  cCOLLCTV
  dCOLLCTV
  aMVS
  bMVS
  cMVS
  dMVS
  aST
  bST
  cST
  dST
  aSD
  bSD
  cSD
  dSD
  aMVS_mc
  bMVS_mc
  cMVS_mc
  dMVS_mc
  aST_mc
  bST_mc
  cST_mc
  dST_mc
  aSD_mc
  bSD_mc
  cSD_mc
  dSD_mc
  bMEANING
  cMEANING
  dMEANING
  bMEAN_L
  cMEAN_L
  dMEAN_L
  bMEANNGc
  cMEANNGc
  dMEANNGc
  bMEANGlc
  cMEANGlc
  dMEANGlc
  bCLASSIC
  cCLASSIC
  dCLASSIC
  bCLASSCc
  cCLASSCc
  dCLASSCc
  bAGR_VAL
  cAGR_VAL
  dAGR_VAL
  bOPN_VAL
  cOPN_VAL
  dOPN_VAL
  bAGR_VLc
  cAGR_VLc
  dAGR_VLc
  bOPNVALc
  cOPNVALc
  dOPNVALc
  aMV_pomp
  bMV_pomp
  cMV_pomp
  dMV_pomp
  aST_pomp
  bST_pomp
  cST_pomp
  dST_pomp
  aSD_pomp
  bSD_pomp
  cSD_pomp
  dSD_pomp
  agoal_ec
  bgoal_ec
  cgoal_ec
  dgoal_ec
  aAspfinc
  bAspfinc
  cAspfinc
  dAspfinc
  abfi_hp8
  bbfi_hp8
  cbfi_hp8
  dbfi_hp8
  aP_S_BFI
  aP_D_BFI
  aECgoalc
  bECgoalC
  cECgoalC
  dECgoalC
  aaspfin
  baspfin
  caspfin
  daspfin
  aMVI_POMP
  bMVI_POMP
  cMVI_POMP
  dMVI_POMP;

  USEVARIABLES =
  aBFI_A6
  bBFI_A6
  cBFI_A6
  dBFI_A6
  aVRT_COL
  bVRT_COL
  cVRT_COL
  dVRT_COL
  a1
  a2
  a3
  a4
  ;

  missing = all (-9999);

  USEOBSERVATIONS are Sample == 2; ! College Sample

  tscores = a1 a2 a3 a4;

  DEFINE:
  a1 = aAGE + 0 - 20.5;
  a2 = aAGE + 1 - 20.5;
  a3 = aAGE + 2 - 20.5;
  a4 = aAGE + 3 - 20.5;

  ANALYSIS:
  TYPE=RANDOM;
  PROCESSORS = 4;
  model=nocovariances; ! supresses default estimation of certain covs in model;

  MODEL:

  i_BFI_A6 s_BFI_A6 | aBFI_A6 bBFI_A6 cBFI_A6 dBFI_A6 AT a1 a2 a3 a4;
  i_VRT_COL s_VRT_COL | aVRT_COL bVRT_COL cVRT_COL dVRT_COL AT a1 a2 a3 a4;

  ! freeing factor covs because of "nocovariances"
  s_BFI_A6 WITH i_BFI_A6 s_VRT_COL i_VRT_COL;
  i_BFI_A6 WITH s_VRT_COL i_VRT_COL;
  s_VRT_COL WITH i_VRT_COL;

  p1 BY aBFI_A6@1; ! Residual "factors";
  p2 BY bBFI_A6@1;
  p3 BY cBFI_A6@1;
  p4 BY dBFI_A6@1;

  v1 BY aVRT_COL@1; ! Residual "factors";
  v2 BY bVRT_COL@1;
  v3 BY cVRT_COL@1;
  v4 BY dVRT_COL@1;

  !residual variances on observed/manifest vars set to 0
  aBFI_A6@0;
  bBFI_A6@0;
  cBFI_A6@0;
  dBFI_A6@0;

  !residual variances on observed/manifest vars set to 0
  aVRT_COL@0;
  bVRT_COL@0;
  cVRT_COL@0;
  dVRT_COL@0;

  ! means of observed/manifest vars set to 0
  [aBFI_A6@0];
  [bBFI_A6@0];
  [cBFI_A6@0];
  [dBFI_A6@0];

  ! means of observed/manifest vars set to 0
  [aVRT_COL@0];
  [bVRT_COL@0];
  [cVRT_COL@0];
  [dVRT_COL@0];

  [p1@0]; ! means of residual "factors" set to 0
  [p2@0];
  [p3@0];
  [p4@0];

  [v1@0]; ! means of residual "factors" set to 0
  [v2@0];
  [v3@0];
  [v4@0];

  p4 on p3 (a); ! Autoregressive paths constrained to equality
  p3 on p2 (a);
  p2 on p1 (a);

  v4 on v3 (b); ! Autoregressive paths constrained to equality
  v3 on v2 (b);
  v2 on v1 (b);

  p4 on v3 (c); ! Cross-lagged paths constrained to equality
  p3 on v2 (c);
  p2 on v1 (c);

  v4 on p3 (d); ! Cross-lagged paths constrained to equality
  v3 on p2 (d);
  v2 on p1 (d);

  p1 with v1; !(this one is not like the others)

  p2 with v2 (e); ! Within-wave correlations constrained to equality
  p3 with v3 (e);
  p4 with v4 (e);

  p2 p3 p4 (f); ! estimate variances of residual "factors"
  v2 v3 v4 (g); ! estimate variances of residual "factors"

  OUTPUT: SAMPSTAT PATTERNS;



*** WARNING
  Variable name contains more than 8 characters.
  Only the first 8 characters will be printed in the output.
  Variable: AMVI_POMP
*** WARNING
  Variable name contains more than 8 characters.
  Only the first 8 characters will be printed in the output.
  Variable: BMVI_POMP
*** WARNING
  Variable name contains more than 8 characters.
  Only the first 8 characters will be printed in the output.
  Variable: CMVI_POMP
*** WARNING
  Variable name contains more than 8 characters.
  Only the first 8 characters will be printed in the output.
  Variable: DMVI_POMP
*** WARNING
  Variable name contains more than 8 characters.
  Only the first 8 characters will be printed in the output.
  Variable: I_VRT_COL
*** WARNING
  Variable name contains more than 8 characters.
  Only the first 8 characters will be printed in the output.
  Variable: S_VRT_COL
*** WARNING
  Data set contains cases with missing on all variables.
  These cases were not included in the analysis.
  Number of cases with missing on all variables:  1
*** WARNING
  Data set contains cases with missing on time scores but non-missing on the
  corresponding dependent variables.  These cases were not included in the analysis.
  Number of such cases:  3
   8 WARNING(S) FOUND IN THE INPUT INSTRUCTIONS



PxVx Bivariate LCM-SR - Col Linear BFI_A6 with Linear VRT_COL;

SUMMARY OF ANALYSIS

Number of groups                                                 1
Number of observations                                         276

Number of dependent variables                                    8
Number of independent variables                                  0
Number of continuous latent variables                           12

Observed dependent variables

  Continuous
   ABFI_A6     BBFI_A6     CBFI_A6     DBFI_A6     AVRT_COL    BVRT_COL
   CVRT_COL    DVRT_COL

Continuous latent variables
   P1          P2          P3          P4          V1          V2
   V3          V4          I_BFI_A6    S_BFI_A6    I_VRT_CO    S_VRT_CO

Variables with special functions

  Time scores
   A1          A2          A3          A4


Estimator                                                      MLR
Information matrix                                        OBSERVED
Maximum number of iterations                                   100
Convergence criterion                                    0.100D-05
Maximum number of EM iterations                                500
Convergence criteria for the EM algorithm
  Loglikelihood change                                   0.100D-02
  Relative loglikelihood change                          0.100D-05
  Derivative                                             0.100D-03
Minimum variance                                         0.100D-03
Maximum number of steepest descent iterations                   20
Maximum number of iterations for H1                           2000
Convergence criterion for H1                             0.100D-03
Optimization algorithm                                         EMA

Input data file(s)
  /Users/johnflournoy/code/lnt_pxvx/Data/LT_227.txt
Input data format  FREE


SUMMARY OF DATA

     Number of missing data patterns            15


SUMMARY OF MISSING DATA PATTERNS


     MISSING DATA PATTERNS (x = not missing)

           1  2  3  4  5  6  7  8  9 10 11 12 13 14 15
 ABFI_A6   x  x  x  x  x  x  x  x  x  x  x  x  x  x  x
 BBFI_A6   x  x     x        x  x     x  x        x  x
 CBFI_A6   x  x  x                 x  x     x        x
 DBFI_A6   x     x        x  x  x  x  x  x           x
 AVRT_COL  x  x  x  x  x  x  x  x  x  x  x  x     x  x
 BVRT_COL  x  x     x           x     x  x
 CVRT_COL  x  x  x                 x  x     x        x
 DVRT_COL  x              x     x  x                 x


     MISSING DATA PATTERN FREQUENCIES

    Pattern   Frequency     Pattern   Frequency     Pattern   Frequency
          1         138           6          11          11           1
          2          10           7           1          12           4
          3           2           8          16          13           1
          4          26           9           9          14           2
          5          52          10           2          15           1


COVARIANCE COVERAGE OF DATA

Minimum covariance coverage value   0.100


     PROPORTION OF DATA PRESENT


           Covariance Coverage
              ABFI_A6       BBFI_A6       CBFI_A6       DBFI_A6       AVRT_COL
              ________      ________      ________      ________      ________
 ABFI_A6        1.000
 BBFI_A6        0.714         0.714
 CBFI_A6        0.601         0.547         0.601
 DBFI_A6        0.656         0.576         0.551         0.656
 AVRT_COL       0.996         0.714         0.601         0.656         0.996
 BVRT_COL       0.699         0.699         0.543         0.569         0.699
 CVRT_COL       0.601         0.547         0.601         0.551         0.601
 DVRT_COL       0.634         0.562         0.536         0.634         0.634


           Covariance Coverage
              BVRT_COL      CVRT_COL      DVRT_COL
              ________      ________      ________
 BVRT_COL       0.699
 CVRT_COL       0.543         0.601
 DVRT_COL       0.558         0.536         0.634


SAMPLE STATISTICS


     ESTIMATED SAMPLE STATISTICS


           Means
              ABFI_A6       BBFI_A6       CBFI_A6       DBFI_A6       AVRT_COL
              ________      ________      ________      ________      ________
 1             61.007        60.358        59.892        63.274        67.084


           Means
              BVRT_COL      CVRT_COL      DVRT_COL
              ________      ________      ________
 1             66.340        64.329        64.761


           Covariances
              ABFI_A6       BBFI_A6       CBFI_A6       DBFI_A6       AVRT_COL
              ________      ________      ________      ________      ________
 ABFI_A6      291.336
 BBFI_A6      209.032       268.410
 CBFI_A6      175.887       178.244       238.438
 DBFI_A6      153.042       175.315       151.645       232.248
 AVRT_COL       0.549         7.396        19.854        36.485       327.936
 BVRT_COL      -3.645         8.682        -8.593        35.255       200.213
 CVRT_COL       3.362        38.093        42.565        50.457       181.657
 DVRT_COL      -5.415        20.700        -3.552        33.832       211.078


           Covariances
              BVRT_COL      CVRT_COL      DVRT_COL
              ________      ________      ________
 BVRT_COL     309.711
 CVRT_COL     181.048       300.495
 DVRT_COL     204.691       203.796       348.118


           Correlations
              ABFI_A6       BBFI_A6       CBFI_A6       DBFI_A6       AVRT_COL
              ________      ________      ________      ________      ________
 ABFI_A6        1.000
 BBFI_A6        0.748         1.000
 CBFI_A6        0.667         0.705         1.000
 DBFI_A6        0.588         0.702         0.644         1.000
 AVRT_COL       0.002         0.025         0.071         0.132         1.000
 BVRT_COL      -0.012         0.030        -0.032         0.131         0.628
 CVRT_COL       0.011         0.134         0.159         0.191         0.579
 DVRT_COL      -0.017         0.068        -0.012         0.119         0.625


           Correlations
              BVRT_COL      CVRT_COL      DVRT_COL
              ________      ________      ________
 BVRT_COL       1.000
 CVRT_COL       0.593         1.000
 DVRT_COL       0.623         0.630         1.000


     MAXIMUM LOG-LIKELIHOOD VALUE FOR THE UNRESTRICTED (H1) MODEL IS -6546.646


THE MODEL ESTIMATION TERMINATED NORMALLY



MODEL FIT INFORMATION

Number of Free Parameters                       24

Loglikelihood

          H0 Value                       -6562.404
          H0 Scaling Correction Factor      0.8987
            for MLR

Information Criteria

          Akaike (AIC)                   13172.809
          Bayesian (BIC)                 13259.698
          Sample-Size Adjusted BIC       13183.598
            (n* = (n + 2) / 24)



MODEL RESULTS

                                                    Two-Tailed
                    Estimate       S.E.  Est./S.E.    P-Value

 P1       BY
    ABFI_A6            1.000      0.000    999.000    999.000

 P2       BY
    BBFI_A6            1.000      0.000    999.000    999.000

 P3       BY
    CBFI_A6            1.000      0.000    999.000    999.000

 P4       BY
    DBFI_A6            1.000      0.000    999.000    999.000

 V1       BY
    AVRT_COL           1.000      0.000    999.000    999.000

 V2       BY
    BVRT_COL           1.000      0.000    999.000    999.000

 V3       BY
    CVRT_COL           1.000      0.000    999.000    999.000

 V4       BY
    DVRT_COL           1.000      0.000    999.000    999.000

 P4         ON
    P3                -0.071      0.127     -0.558      0.577
    V3                -0.082      0.059     -1.396      0.163

 P3         ON
    P2                -0.071      0.127     -0.558      0.577
    V2                -0.082      0.059     -1.396      0.163

 P2         ON
    P1                -0.071      0.127     -0.558      0.577
    V1                -0.082      0.059     -1.396      0.163

 V4         ON
    V3                 0.033      0.069      0.483      0.629
    P3                 0.008      0.097      0.082      0.935

 V3         ON
    V2                 0.033      0.069      0.483      0.629
    P2                 0.008      0.097      0.082      0.935

 V2         ON
    V1                 0.033      0.069      0.483      0.629
    P1                 0.008      0.097      0.082      0.935

 S_BFI_A6 WITH
    I_BFI_A6         -25.014      7.372     -3.393      0.001
    S_VRT_COL         -1.112      0.659     -1.687      0.092
    I_VRT_COL         12.430      4.822      2.578      0.010

 I_BFI_A6 WITH
    S_VRT_COL          0.754      1.615      0.467      0.641
    I_VRT_COL         -1.665     16.960     -0.098      0.922

 S_VRT_CO WITH
    I_VRT_COL          0.115      1.279      0.090      0.928

 P1       WITH
    V1                 2.452     10.391      0.236      0.813

 P2       WITH
    V2                 6.915      6.736      1.027      0.305

 P3       WITH
    V3                 6.915      6.736      1.027      0.305

 P4       WITH
    V4                 6.915      6.736      1.027      0.305

 Means
    P1                 0.000      0.000    999.000    999.000
    V1                 0.000      0.000    999.000    999.000
    I_BFI_A6          60.405      1.036     58.310      0.000
    S_BFI_A6           0.456      0.323      1.411      0.158
    I_VRT_COL         67.158      1.062     63.217      0.000
    S_VRT_COL         -0.958      0.360     -2.659      0.008

 Intercepts
    ABFI_A6            0.000      0.000    999.000    999.000
    BBFI_A6            0.000      0.000    999.000    999.000
    CBFI_A6            0.000      0.000    999.000    999.000
    DBFI_A6            0.000      0.000    999.000    999.000
    AVRT_COL           0.000      0.000    999.000    999.000
    BVRT_COL           0.000      0.000    999.000    999.000
    CVRT_COL           0.000      0.000    999.000    999.000
    DVRT_COL           0.000      0.000    999.000    999.000
    P2                 0.000      0.000    999.000    999.000
    P3                 0.000      0.000    999.000    999.000
    P4                 0.000      0.000    999.000    999.000
    V2                 0.000      0.000    999.000    999.000
    V3                 0.000      0.000    999.000    999.000
    V4                 0.000      0.000    999.000    999.000

 Variances
    P1                64.431     14.676      4.390      0.000
    V1               130.372     16.845      7.740      0.000
    I_BFI_A6         235.501     27.620      8.526      0.000
    S_BFI_A6           8.737      3.490      2.503      0.012
    I_VRT_COL        194.337     17.603     11.040      0.000
    S_VRT_COL          0.250      0.125      2.006      0.045

 Residual Variances
    ABFI_A6            0.000      0.000    999.000    999.000
    BBFI_A6            0.000      0.000    999.000    999.000
    CBFI_A6            0.000      0.000    999.000    999.000
    DBFI_A6            0.000      0.000    999.000    999.000
    AVRT_COL           0.000      0.000    999.000    999.000
    BVRT_COL           0.000      0.000    999.000    999.000
    CVRT_COL           0.000      0.000    999.000    999.000
    DVRT_COL           0.000      0.000    999.000    999.000
    P2                67.649     10.561      6.406      0.000
    P3                67.649     10.561      6.406      0.000
    P4                67.649     10.561      6.406      0.000
    V2               124.234     11.601     10.709      0.000
    V3               124.234     11.601     10.709      0.000
    V4               124.234     11.601     10.709      0.000


QUALITY OF NUMERICAL RESULTS

     Condition Number for the Information Matrix              0.108E-05
       (ratio of smallest to largest eigenvalue)


     Beginning Time:  14:18:22
        Ending Time:  14:18:24
       Elapsed Time:  00:00:02



MUTHEN & MUTHEN
3463 Stoner Ave.
Los Angeles, CA  90066

Tel: (310) 391-9971
Fax: (310) 391-8971
Web: www.StatModel.com
Support: Support@StatModel.com

Copyright (c) 1998-2012 Muthen & Muthen
