Mplus VERSION 8 (Linux)
MUTHEN & MUTHEN
07/08/2018  11:53 AM

INPUT INSTRUCTIONS


  title: PxVx Bivariate LCM-SR - decadegroup - Linear bfas_ci with Linear aspfin_d;
  data: file = /home/jflournoy/code_new/lnt_pxvx/Data/lnt_nat_recalc.tsv;

  variable:
  names =
  subjid
  aage
  aaspfin
  aaspfin_d
  abfa_mt
  abfa_mt_d
  abfas_ac
  abfas_ap
  abfas_ci
  abfas_co
  abfas_ea
  abfas_ee
  abfas_nv
  abfas_nv9
  abfas_nw
  abfas_oi
  abfas_oo
  abfi_a
  abfi_a6
  abfi_c
  abfi_d_scale
  abfi_e
  abfi_hp8
  abfi_n
  abfi_o
  abfi_s_scale
  ahrz_col
  ahrz_col_d
  ahrz_ind
  ahrz_ind_d
  amvi
  ausi
  ausi_d
  avrt_col
  avrt_col_d
  avrt_ind
  avrt_ind_d
  bage
  baspfin
  baspfin_d
  bbfa_mt
  bbfa_mt_d
  bbfas_ac
  bbfas_ap
  bbfas_ci
  bbfas_co
  bbfas_ea
  bbfas_ee
  bbfas_nv
  bbfas_nv9
  bbfas_nw
  bbfas_oi
  bbfas_oo
  bbfi_a
  bbfi_a6
  bbfi_c
  bbfi_d_scale
  bbfi_e
  bbfi_hp8
  bbfi_n
  bbfi_o
  bbfi_s_scale
  bhrz_col
  bhrz_col_d
  bhrz_ind
  bhrz_ind_d
  bmvi
  busi
  busi_d
  bvrt_col
  bvrt_col_d
  bvrt_ind
  bvrt_ind_d
  cage
  caspfin
  caspfin_d
  cbfa_mt
  cbfa_mt_d
  cbfas_ac
  cbfas_ap
  cbfas_ci
  cbfas_co
  cbfas_ea
  cbfas_ee
  cbfas_nv
  cbfas_nv9
  cbfas_nw
  cbfas_oi
  cbfas_oo
  cbfi_a
  cbfi_a6
  cbfi_c
  cbfi_d_scale
  cbfi_e
  cbfi_hp8
  cbfi_n
  cbfi_o
  cbfi_s_scale
  chrz_col
  chrz_col_d
  chrz_ind
  chrz_ind_d
  cmvi
  cusi
  cusi_d
  cvrt_col
  cvrt_col_d
  cvrt_ind
  cvrt_ind_d
  dage
  daspfin
  daspfin_d
  dbfa_mt
  dbfa_mt_d
  dbfas_ac
  dbfas_ap
  dbfas_ci
  dbfas_co
  dbfas_ea
  dbfas_ee
  dbfas_nv
  dbfas_nv9
  dbfas_nw
  dbfas_oi
  dbfas_oo
  dbfi_a
  dbfi_a6
  dbfi_c
  dbfi_d_scale
  dbfi_e
  dbfi_hp8
  dbfi_n
  dbfi_o
  dbfi_s_scale
  dhrz_col
  dhrz_col_d
  dhrz_ind
  dhrz_ind_d
  dmvi
  dusi
  dusi_d
  dvrt_col
  dvrt_col_d
  dvrt_ind
  dvrt_ind_d;

  USEVARIABLES =
  abfas_ci
  bbfas_ci
  cbfas_ci
  dbfas_ci
  aaspfin_d
  baspfin_d
  caspfin_d
  daspfin_d
  a1
  a2
  a3
  a4
  aagegrp
  ;

  missing = all (-9999);

  tscores = a1 a2 a3 a4;

  grouping = aagegrp (0=d2, 1=d3, 2=d4, 3=d5);

  DEFINE:

  aagegrp = aage;

  cut aagegrp (29 39 49);

  a1 = aage + 0 - 36;
  a2 = aage + 1 - 36;
  a3 = aage + 2 - 36;
  a4 = aage + 3 - 36;

  ANALYSIS:
  TYPE=RANDOM;
  PROCESSORS = 6;
  model=nocovariances; ! supresses default estimation of certain covs in model;

  MODEL:

  i_bfas_ci s_bfas_ci | abfas_ci bbfas_ci cbfas_ci dbfas_ci AT a1 a2 a3 a4;
  i_aspfin_d s_aspfin_d | aaspfin_d baspfin_d caspfin_d daspfin_d AT a1 a2 a3 a4;

  ! freeing factor covs because of "nocovariances"
  s_bfas_ci WITH i_bfas_ci s_aspfin_d i_aspfin_d;
  i_bfas_ci WITH s_aspfin_d i_aspfin_d;
  s_aspfin_d WITH i_aspfin_d;

  p1 BY abfas_ci@1; ! Residual "factors";
  p2 BY bbfas_ci@1;
  p3 BY cbfas_ci@1;
  p4 BY dbfas_ci@1;

  v1 BY aaspfin_d@1; ! Residual "factors";
  v2 BY baspfin_d@1;
  v3 BY caspfin_d@1;
  v4 BY daspfin_d@1;

  !residual variances on observed/manifest vars set to 0
  abfas_ci@0;
  bbfas_ci@0;
  cbfas_ci@0;
  dbfas_ci@0;

  !residual variances on observed/manifest vars set to 0
  aaspfin_d@0;
  baspfin_d@0;
  caspfin_d@0;
  daspfin_d@0;

  ! means of observed/manifest vars set to 0
  [abfas_ci@0];
  [bbfas_ci@0];
  [cbfas_ci@0];
  [dbfas_ci@0];

  ! means of observed/manifest vars set to 0
  [aaspfin_d@0];
  [baspfin_d@0];
  [caspfin_d@0];
  [daspfin_d@0];

  [p1@0]; ! means of residual "factors" set to 0
  [p2@0];
  [p3@0];
  [p4@0];

  [v1@0]; ! means of residual "factors" set to 0
  [v2@0];
  [v3@0];
  [v4@0];

  p4 on p3 (a); ! Autoregressive paths constrained to equality
  p3 on p2 (a);
  p2 on p1 (a);

  v4 on v3 (b); ! Autoregressive paths constrained to equality
  v3 on v2 (b);
  v2 on v1 (b);

  p4 on v3 (c); ! Cross-lagged paths constrained to equality
  p3 on v2 (c);
  p2 on v1 (c);

  v4 on p3 (d); ! Cross-lagged paths constrained to equality
  v3 on p2 (d);
  v2 on p1 (d);

  p1 with v1; !(this one is not like the others)

  p2 with v2 (e); ! Within-wave correlations constrained to equality
  p3 with v3 (e);
  p4 with v4 (e);

  p2 p3 p4 (f); ! estimate variances of residual "factors"
  v2 v3 v4 (g); ! estimate variances of residual "factors"

  MODEL d2:

  p4 on p3 (a2); ! Autoregressive paths constrained to equality
  p3 on p2 (a2);
  p2 on p1 (a2);

  v4 on v3 (b2); ! Autoregressive paths constrained to equality
  v3 on v2 (b2);
  v2 on v1 (b2);

  p4 on v3 (c2); ! Cross-lagged paths constrained to equality
  p3 on v2 (c2);
  p2 on v1 (c2);

  v4 on p3 (d2); ! Cross-lagged paths constrained to equality
  v3 on p2 (d2);
  v2 on p1 (d2);

  p1 with v1; !(this one is not like the others)

  p2 with v2 (e2); ! Within-wave correlations constrained to equality
  p3 with v3 (e2);
  p4 with v4 (e2);

  p2 p3 p4 (f2); ! estimate variances of residual "factors"
  v2 v3 v4 (g2); ! estimate variances of residual "factors"

  MODEL d3:

  p4 on p3 (a3); ! Autoregressive paths constrained to equality
  p3 on p2 (a3);
  p2 on p1 (a3);

  v4 on v3 (b3); ! Autoregressive paths constrained to equality
  v3 on v2 (b3);
  v2 on v1 (b3);

  p4 on v3 (c3); ! Cross-lagged paths constrained to equality
  p3 on v2 (c3);
  p2 on v1 (c3);

  v4 on p3 (d3); ! Cross-lagged paths constrained to equality
  v3 on p2 (d3);
  v2 on p1 (d3);

  p1 with v1; !(this one is not like the others)

  p2 with v2 (e3); ! Within-wave correlations constrained to equality
  p3 with v3 (e3);
  p4 with v4 (e3);

  p2 p3 p4 (f3); ! estimate variances of residual "factors"
  v2 v3 v4 (g3); ! estimate variances of residual "factors"

  MODEL d4:

  p4 on p3 (a4); ! Autoregressive paths constrained to equality
  p3 on p2 (a4);
  p2 on p1 (a4);

  v4 on v3 (b4); ! Autoregressive paths constrained to equality
  v3 on v2 (b4);
  v2 on v1 (b4);

  p4 on v3 (c4); ! Cross-lagged paths constrained to equality
  p3 on v2 (c4);
  p2 on v1 (c4);

  v4 on p3 (d4); ! Cross-lagged paths constrained to equality
  v3 on p2 (d4);
  v2 on p1 (d4);

  p1 with v1; !(this one is not like the others)

  p2 with v2 (e4); ! Within-wave correlations constrained to equality
  p3 with v3 (e4);
  p4 with v4 (e4);

  p2 p3 p4 (f4); ! estimate variances of residual "factors"
  v2 v3 v4 (g4); ! estimate variances of residual "factors"

  MODEL d5:

  p4 on p3 (a5); ! Autoregressive paths constrained to equality
  p3 on p2 (a5);
  p2 on p1 (a5);

  v4 on v3 (b5); ! Autoregressive paths constrained to equality
  v3 on v2 (b5);
  v2 on v1 (b5);

  p4 on v3 (c5); ! Cross-lagged paths constrained to equality
  p3 on v2 (c5);
  p2 on v1 (c5);

  v4 on p3 (d5); ! Cross-lagged paths constrained to equality
  v3 on p2 (d5);
  v2 on p1 (d5);

  p1 with v1; !(this one is not like the others)

  p2 with v2 (e5); ! Within-wave correlations constrained to equality
  p3 with v3 (e5);
  p4 with v4 (e5);

  p2 p3 p4 (f5); ! estimate variances of residual "factors"
  v2 v3 v4 (g5); ! estimate variances of residual "factors"

  OUTPUT: SAMPSTAT PATTERNS;



*** WARNING in VARIABLE command
  Note that only the first 8 characters of variable names are used in the output.
  Shorten variable names to avoid any confusion.
*** WARNING
  Data set contains unknown or missing values for GROUPING,
  PATTERN, COHORT, CLUSTER and/or STRATIFICATION variables.
  Number of cases with unknown or missing values:  5
   2 WARNING(S) FOUND IN THE INPUT INSTRUCTIONS



PxVx Bivariate LCM-SR - decadegroup - Linear bfas_ci with Linear aspfin_d;

SUMMARY OF ANALYSIS

Number of groups                                                 4
Number of observations
   Group D2                                                    301
   Group D3                                                    233
   Group D4                                                    198
   Group D5                                                    132
   Total sample size                                           864

Number of dependent variables                                    8
Number of independent variables                                  0
Number of continuous latent variables                           12

Observed dependent variables

  Continuous
   ABFAS_CI    BBFAS_CI    CBFAS_CI    DBFAS_CI    AASPFIN_D   BASPFIN_D
   CASPFIN_D   DASPFIN_D

Continuous latent variables
   P1          P2          P3          P4          V1          V2
   V3          V4          I_BFAS_C    S_BFAS_C    I_ASPFIN    S_ASPFIN

Variables with special functions

  Grouping variable     AAGEGRP

  Time scores
   A1          A2          A3          A4


Estimator                                                      MLR
Information matrix                                        OBSERVED
Maximum number of iterations                                   100
Convergence criterion                                    0.100D-05
Maximum number of EM iterations                                500
Convergence criteria for the EM algorithm
  Loglikelihood change                                   0.100D-02
  Relative loglikelihood change                          0.100D-05
  Derivative                                             0.100D-03
Minimum variance                                         0.100D-03
Maximum number of steepest descent iterations                   20
Maximum number of iterations for H1                           2000
Convergence criterion for H1                             0.100D-03
Optimization algorithm                                         EMA

Input data file(s)
  /home/jflournoy/code_new/lnt_pxvx/Data/lnt_nat_recalc.tsv
Input data format  FREE


SUMMARY OF DATA

   Group D2
     Number of missing data patterns            13

   Group D3
     Number of missing data patterns            10

   Group D4
     Number of missing data patterns            13

   Group D5
     Number of missing data patterns             9


SUMMARY OF MISSING DATA PATTERNS


     MISSING DATA PATTERNS (x = not missing) FOR D2

           1  2  3  4  5  6  7  8  9 10 11 12 13
 ABFAS_CI  x  x  x  x  x  x  x  x  x     x  x  x
 BBFAS_CI  x     x  x  x     x        x  x     x
 CBFAS_CI  x           x        x  x  x  x  x  x
 DBFAS_CI  x     x        x        x  x     x  x
 AASPFIN_  x  x  x  x  x  x     x  x  x  x  x  x
 BASPFIN_  x     x  x  x     x        x  x  x
 CASPFIN_  x           x        x  x  x  x  x  x
 DASPFIN_  x     x        x        x  x  x  x  x


     MISSING DATA PATTERN FREQUENCIES FOR D2

    Pattern   Frequency     Pattern   Frequency     Pattern   Frequency
          1         187           6          11          11           1
          2          57           7           1          12           1
          3           6           8           5          13           1
          4          11           9           5
          5          14          10           1


     MISSING DATA PATTERNS (x = not missing) FOR D3

           1  2  3  4  5  6  7  8  9 10
 ABFAS_CI  x  x  x  x  x  x  x  x  x  x
 BBFAS_CI  x     x  x  x           x
 CBFAS_CI  x           x     x  x
 DBFAS_CI  x     x        x     x     x
 AASPFIN_  x  x  x  x  x  x  x  x  x  x
 BASPFIN_  x     x  x  x
 CASPFIN_  x           x     x  x
 DASPFIN_  x     x        x     x


     MISSING DATA PATTERN FREQUENCIES FOR D3

    Pattern   Frequency     Pattern   Frequency     Pattern   Frequency
          1         140           5           7           9           1
          2          44           6           3          10           1
          3           8           7           7
          4          15           8           7


     MISSING DATA PATTERNS (x = not missing) FOR D4

           1  2  3  4  5  6  7  8  9 10 11 12 13
 ABFAS_CI  x  x  x  x  x  x  x  x  x  x  x  x  x
 BBFAS_CI  x     x  x  x           x  x  x     x
 CBFAS_CI  x           x     x  x  x     x
 DBFAS_CI  x     x        x     x  x     x     x
 AASPFIN_  x  x  x  x  x  x  x  x  x  x  x     x
 BASPFIN_  x     x  x  x                 x
 CASPFIN_  x           x     x  x  x
 DASPFIN_  x     x        x     x  x     x     x


     MISSING DATA PATTERN FREQUENCIES FOR D4

    Pattern   Frequency     Pattern   Frequency     Pattern   Frequency
          1         104           6           4          11           1
          2          39           7           6          12           1
          3           7           8           5          13           1
          4          12           9           1
          5          15          10           2


     MISSING DATA PATTERNS (x = not missing) FOR D5

           1  2  3  4  5  6  7  8  9
 ABFAS_CI  x  x  x  x  x  x  x  x
 BBFAS_CI  x     x  x  x           x
 CBFAS_CI  x           x     x  x  x
 DBFAS_CI  x     x        x     x  x
 AASPFIN_  x  x  x  x  x  x  x  x  x
 BASPFIN_  x     x  x  x           x
 CASPFIN_  x           x     x  x  x
 DASPFIN_  x     x        x     x  x


     MISSING DATA PATTERN FREQUENCIES FOR D5

    Pattern   Frequency     Pattern   Frequency     Pattern   Frequency
          1          60           4          10           7           6
          2          29           5          11           8           4
          3           5           6           6           9           1


COVARIANCE COVERAGE OF DATA

Minimum covariance coverage value   0.100


     PROPORTION OF DATA PRESENT FOR D2


           Covariance Coverage
              ABFAS_CI      BBFAS_CI      CBFAS_CI      DBFAS_CI      AASPFIN_
              ________      ________      ________      ________      ________
 ABFAS_CI       0.997
 BBFAS_CI       0.734         0.738
 CBFAS_CI       0.711         0.678         0.714
 DBFAS_CI       0.701         0.648         0.648         0.704
 AASPFIN_       0.993         0.734         0.714         0.704         0.997
 BASPFIN_       0.734         0.734         0.678         0.648         0.734
 CASPFIN_       0.711         0.678         0.714         0.648         0.714
 DASPFIN_       0.704         0.651         0.651         0.704         0.708


           Covariance Coverage
              BASPFIN_      CASPFIN_      DASPFIN_
              ________      ________      ________
 BASPFIN_       0.738
 CASPFIN_       0.678         0.714
 DASPFIN_       0.651         0.651         0.708


     PROPORTION OF DATA PRESENT FOR D3


           Covariance Coverage
              ABFAS_CI      BBFAS_CI      CBFAS_CI      DBFAS_CI      AASPFIN_
              ________      ________      ________      ________      ________
 ABFAS_CI       0.996
 BBFAS_CI       0.760         0.764
 CBFAS_CI       0.665         0.635         0.670
 DBFAS_CI       0.652         0.639         0.609         0.657
 AASPFIN_       0.966         0.734         0.670         0.657         0.970
 BASPFIN_       0.760         0.764         0.635         0.639         0.734
 CASPFIN_       0.665         0.635         0.670         0.609         0.670
 DASPFIN_       0.652         0.639         0.609         0.657         0.657


           Covariance Coverage
              BASPFIN_      CASPFIN_      DASPFIN_
              ________      ________      ________
 BASPFIN_       0.764
 CASPFIN_       0.635         0.670
 DASPFIN_       0.639         0.609         0.657


     PROPORTION OF DATA PRESENT FOR D4


           Covariance Coverage
              ABFAS_CI      BBFAS_CI      CBFAS_CI      DBFAS_CI      AASPFIN_
              ________      ________      ________      ________      ________
 ABFAS_CI       0.990
 BBFAS_CI       0.737         0.747
 CBFAS_CI       0.646         0.621         0.657
 DBFAS_CI       0.596         0.576         0.551         0.606
 AASPFIN_       0.960         0.717         0.657         0.606         0.970
 BASPFIN_       0.737         0.742         0.621         0.576         0.717
 CASPFIN_       0.646         0.621         0.657         0.551         0.657
 DASPFIN_       0.601         0.581         0.556         0.606         0.611


           Covariance Coverage
              BASPFIN_      CASPFIN_      DASPFIN_
              ________      ________      ________
 BASPFIN_       0.747
 CASPFIN_       0.621         0.657
 DASPFIN_       0.581         0.556         0.611


     PROPORTION OF DATA PRESENT FOR D5


           Covariance Coverage
              ABFAS_CI      BBFAS_CI      CBFAS_CI      DBFAS_CI      AASPFIN_
              ________      ________      ________      ________      ________
 ABFAS_CI       1.000
 BBFAS_CI       0.697         0.697
 CBFAS_CI       0.576         0.538         0.576
 DBFAS_CI       0.545         0.492         0.462         0.545
 AASPFIN_       0.955         0.652         0.576         0.545         0.955
 BASPFIN_       0.697         0.697         0.538         0.492         0.652
 CASPFIN_       0.576         0.538         0.576         0.462         0.576
 DASPFIN_       0.545         0.492         0.462         0.545         0.545


           Covariance Coverage
              BASPFIN_      CASPFIN_      DASPFIN_
              ________      ________      ________
 BASPFIN_       0.697
 CASPFIN_       0.538         0.576
 DASPFIN_       0.492         0.462         0.545


SAMPLE STATISTICS


     ESTIMATED SAMPLE STATISTICS FOR D2


           Means
              ABFAS_CI      BBFAS_CI      CBFAS_CI      DBFAS_CI      AASPFIN_
              ________      ________      ________      ________      ________
               59.810        59.014        58.211        59.240        45.239


           Means
              BASPFIN_      CASPFIN_      DASPFIN_
              ________      ________      ________
               46.661        45.427        45.446


           Covariances
              ABFAS_CI      BBFAS_CI      CBFAS_CI      DBFAS_CI      AASPFIN_
              ________      ________      ________      ________      ________
 ABFAS_CI     358.098
 BBFAS_CI     260.797       322.137
 CBFAS_CI     233.059       240.328       291.209
 DBFAS_CI     248.280       243.134       245.096       324.562
 AASPFIN_      48.059        23.049        23.914        46.938       622.687
 BASPFIN_      42.315         6.820        29.978        63.627       457.227
 CASPFIN_      83.884        46.277        57.828        61.628       472.223
 DASPFIN_      31.330        15.121        37.839        41.096       435.312


           Covariances
              BASPFIN_      CASPFIN_      DASPFIN_
              ________      ________      ________
 BASPFIN_     605.386
 CASPFIN_     489.132       656.887
 DASPFIN_     462.601       505.870       677.899


           Correlations
              ABFAS_CI      BBFAS_CI      CBFAS_CI      DBFAS_CI      AASPFIN_
              ________      ________      ________      ________      ________
 ABFAS_CI       1.000
 BBFAS_CI       0.768         1.000
 CBFAS_CI       0.722         0.785         1.000
 DBFAS_CI       0.728         0.752         0.797         1.000
 AASPFIN_       0.102         0.051         0.056         0.104         1.000
 BASPFIN_       0.091         0.015         0.071         0.144         0.745
 CASPFIN_       0.173         0.101         0.132         0.133         0.738
 DASPFIN_       0.064         0.032         0.085         0.088         0.670


           Correlations
              BASPFIN_      CASPFIN_      DASPFIN_
              ________      ________      ________
 BASPFIN_       1.000
 CASPFIN_       0.776         1.000
 DASPFIN_       0.722         0.758         1.000


     ESTIMATED SAMPLE STATISTICS FOR D3


           Means
              ABFAS_CI      BBFAS_CI      CBFAS_CI      DBFAS_CI      AASPFIN_
              ________      ________      ________      ________      ________
               65.332        65.580        66.096        66.018        42.793


           Means
              BASPFIN_      CASPFIN_      DASPFIN_
              ________      ________      ________
               43.580        43.752        43.991


           Covariances
              ABFAS_CI      BBFAS_CI      CBFAS_CI      DBFAS_CI      AASPFIN_
              ________      ________      ________      ________      ________
 ABFAS_CI     337.280
 BBFAS_CI     284.928       344.791
 CBFAS_CI     249.123       270.008       320.835
 DBFAS_CI     238.153       262.802       240.731       306.035
 AASPFIN_      81.874        49.233        30.353        21.898       558.235
 BASPFIN_     132.573        92.392        58.975        50.943       491.657
 CASPFIN_      81.924        45.891         0.100        -1.998       480.641
 DASPFIN_      82.692        39.666        14.045        -2.975       466.380


           Covariances
              BASPFIN_      CASPFIN_      DASPFIN_
              ________      ________      ________
 BASPFIN_     684.380
 CASPFIN_     530.659       661.983
 DASPFIN_     517.473       511.003       628.016


           Correlations
              ABFAS_CI      BBFAS_CI      CBFAS_CI      DBFAS_CI      AASPFIN_
              ________      ________      ________      ________      ________
 ABFAS_CI       1.000
 BBFAS_CI       0.836         1.000
 CBFAS_CI       0.757         0.812         1.000
 DBFAS_CI       0.741         0.809         0.768         1.000
 AASPFIN_       0.189         0.112         0.072         0.053         1.000
 BASPFIN_       0.276         0.190         0.126         0.111         0.795
 CASPFIN_       0.173         0.096         0.000        -0.004         0.791
 DASPFIN_       0.180         0.085         0.031        -0.007         0.788


           Correlations
              BASPFIN_      CASPFIN_      DASPFIN_
              ________      ________      ________
 BASPFIN_       1.000
 CASPFIN_       0.788         1.000
 DASPFIN_       0.789         0.793         1.000


     ESTIMATED SAMPLE STATISTICS FOR D4


           Means
              ABFAS_CI      BBFAS_CI      CBFAS_CI      DBFAS_CI      AASPFIN_
              ________      ________      ________      ________      ________
               64.874        64.378        65.450        64.042        39.769


           Means
              BASPFIN_      CASPFIN_      DASPFIN_
              ________      ________      ________
               40.490        41.420        42.952


           Covariances
              ABFAS_CI      BBFAS_CI      CBFAS_CI      DBFAS_CI      AASPFIN_
              ________      ________      ________      ________      ________
 ABFAS_CI     320.088
 BBFAS_CI     241.903       276.891
 CBFAS_CI     257.574       259.697       352.190
 DBFAS_CI     213.357       229.042       277.611       306.259
 AASPFIN_      48.110        58.433        53.595        43.489       549.820
 BASPFIN_      86.351        65.064        26.392        14.735       419.394
 CASPFIN_      66.339        64.884        66.928        26.169       356.107
 DASPFIN_      78.537        66.907        75.524        51.433       380.829


           Covariances
              BASPFIN_      CASPFIN_      DASPFIN_
              ________      ________      ________
 BASPFIN_     556.488
 CASPFIN_     366.081       430.180
 DASPFIN_     361.586       349.857       498.400


           Correlations
              ABFAS_CI      BBFAS_CI      CBFAS_CI      DBFAS_CI      AASPFIN_
              ________      ________      ________      ________      ________
 ABFAS_CI       1.000
 BBFAS_CI       0.813         1.000
 CBFAS_CI       0.767         0.832         1.000
 DBFAS_CI       0.681         0.787         0.845         1.000
 AASPFIN_       0.115         0.150         0.122         0.106         1.000
 BASPFIN_       0.205         0.166         0.060         0.036         0.758
 CASPFIN_       0.179         0.188         0.172         0.072         0.732
 DASPFIN_       0.197         0.180         0.180         0.132         0.727


           Correlations
              BASPFIN_      CASPFIN_      DASPFIN_
              ________      ________      ________
 BASPFIN_       1.000
 CASPFIN_       0.748         1.000
 DASPFIN_       0.687         0.756         1.000


     ESTIMATED SAMPLE STATISTICS FOR D5


           Means
              ABFAS_CI      BBFAS_CI      CBFAS_CI      DBFAS_CI      AASPFIN_
              ________      ________      ________      ________      ________
               64.615        65.286        65.441        65.286        39.615


           Means
              BASPFIN_      CASPFIN_      DASPFIN_
              ________      ________      ________
               40.146        40.187        40.676


           Covariances
              ABFAS_CI      BBFAS_CI      CBFAS_CI      DBFAS_CI      AASPFIN_
              ________      ________      ________      ________      ________
 ABFAS_CI     304.164
 BBFAS_CI     240.363       311.936
 CBFAS_CI     223.795       230.749       276.926
 DBFAS_CI     238.857       259.207       236.320       314.255
 AASPFIN_      26.844       -10.086         2.987         2.871       527.803
 BASPFIN_      36.236        -5.029        -0.084       -20.372       376.550
 CASPFIN_      21.138        -6.481       -13.685       -13.802       387.363
 DASPFIN_      59.465       -12.055        57.909        35.876       363.757


           Covariances
              BASPFIN_      CASPFIN_      DASPFIN_
              ________      ________      ________
 BASPFIN_     479.033
 CASPFIN_     372.625       523.662
 DASPFIN_     331.255       377.285       502.655


           Correlations
              ABFAS_CI      BBFAS_CI      CBFAS_CI      DBFAS_CI      AASPFIN_
              ________      ________      ________      ________      ________
 ABFAS_CI       1.000
 BBFAS_CI       0.780         1.000
 CBFAS_CI       0.771         0.785         1.000
 DBFAS_CI       0.773         0.828         0.801         1.000
 AASPFIN_       0.067        -0.025         0.008         0.007         1.000
 BASPFIN_       0.095        -0.013         0.000        -0.053         0.749
 CASPFIN_       0.053        -0.016        -0.036        -0.034         0.737
 DASPFIN_       0.152        -0.030         0.155         0.090         0.706


           Correlations
              BASPFIN_      CASPFIN_      DASPFIN_
              ________      ________      ________
 BASPFIN_       1.000
 CASPFIN_       0.744         1.000
 DASPFIN_       0.675         0.735         1.000


     MAXIMUM LOG-LIKELIHOOD VALUE FOR THE UNRESTRICTED (H1) MODEL IS -21602.655


UNIVARIATE SAMPLE STATISTICS


     UNIVARIATE HIGHER-ORDER MOMENT DESCRIPTIVE STATISTICS FOR D2

         Variable/         Mean/     Skewness/   Minimum/ % with                Percentiles
        Sample Size      Variance    Kurtosis    Maximum  Min/Max      20%/60%    40%/80%    Median

     ABFAS_CI             59.766      -0.230       7.500    0.33%      45.000     55.000     60.000
             300.000     358.296      -0.261     100.000    0.67%      65.000     77.500
     BBFAS_CI             59.170      -0.067       2.500    0.45%      44.444     55.000     60.000
             222.000     302.066      -0.226     100.000    0.45%      62.500     75.000
     CBFAS_CI             58.339      -0.095      17.500    0.93%      45.000     55.000     57.500
             215.000     275.273      -0.351      95.000    0.47%      60.000     75.000
     DBFAS_CI             59.835      -0.120       7.500    0.47%      42.500     55.000     60.000
             212.000     314.654      -0.317      97.500    1.42%      65.000     75.000
     AASPFIN_D            45.319       0.184       0.000    3.67%      25.000     33.333     41.667
             300.000     621.900      -0.696     100.000    3.00%      50.000     66.667
     BASPFIN_D            46.115       0.245       0.000    2.25%      25.000     41.667     50.000
             222.000     599.348      -0.680     100.000    3.15%      50.000     66.667
     CASPFIN_D            45.659       0.288       0.000    3.72%      25.000     33.333     41.667
             215.000     653.636      -0.696     100.000    3.72%      50.000     66.667
     DASPFIN_D            45.207       0.196       0.000    3.29%      16.667     33.333     41.667
             213.000     677.099      -0.914     100.000    2.82%      50.000     66.667


     UNIVARIATE HIGHER-ORDER MOMENT DESCRIPTIVE STATISTICS FOR D3

         Variable/         Mean/     Skewness/   Minimum/ % with                Percentiles
        Sample Size      Variance    Kurtosis    Maximum  Min/Max      20%/60%    40%/80%    Median

     ABFAS_CI             65.332      -0.404      11.111    0.43%      50.000     62.500     67.500
             233.000     337.280      -0.305     100.000    1.29%      72.500     82.500
     BBFAS_CI             66.093      -0.309      22.500    1.75%      50.000     60.000     66.667
             171.000     330.869      -0.559     100.000    0.58%      72.500     82.500
     CBFAS_CI             66.149      -0.364      17.500    1.24%      52.500     62.500     67.500
             161.000     321.972      -0.224     100.000    1.24%      70.000     82.500
     DBFAS_CI             66.441      -0.006      22.500    0.63%      50.000     62.500     65.000
             159.000     296.093      -0.743     100.000    1.26%      70.000     82.500
     AASPFIN_D            42.793       0.515       0.000    2.58%      25.000     33.333     41.667
             233.000     558.235      -0.375     100.000    2.58%      50.000     58.333
     BASPFIN_D            44.412       0.484       0.000    3.53%      25.000     33.333     41.667
             170.000     699.777      -0.578     100.000    5.88%      50.000     66.667
     CASPFIN_D            43.996       0.471       0.000    1.86%      16.667     33.333     41.667
             161.000     680.824      -0.728     100.000    4.35%      50.000     66.667
     DASPFIN_D            44.594       0.350       0.000    0.63%      16.667     33.333     41.667
             158.000     646.429      -0.745     100.000    3.80%      50.000     66.667


     UNIVARIATE HIGHER-ORDER MOMENT DESCRIPTIVE STATISTICS FOR D4

         Variable/         Mean/     Skewness/   Minimum/ % with                Percentiles
        Sample Size      Variance    Kurtosis    Maximum  Min/Max      20%/60%    40%/80%    Median

     ABFAS_CI             64.874      -0.297      16.667    0.51%      50.000     60.000     65.000
             198.000     320.088      -0.193     100.000    2.02%      70.000     80.000
     BBFAS_CI             64.204      -0.176      15.000    0.70%      50.000     60.000     65.000
             143.000     279.334      -0.136     100.000    1.40%      67.500     80.000
     CBFAS_CI             65.985      -0.324      10.000    0.76%      47.500     62.500     67.500
             132.000     354.522      -0.038     100.000    2.27%      70.000     82.500
     DBFAS_CI             64.634      -0.160      10.000    0.81%      47.500     57.500     65.000
             123.000     322.529      -0.222      97.500    3.25%      70.000     80.000
     AASPFIN_D            39.784       0.424       0.000    6.60%      16.667     33.333     33.333
             197.000     549.809      -0.288     100.000    1.52%      41.667     58.333
     BASPFIN_D            39.778       0.518       0.000    4.32%      16.667     33.333     41.667
             139.000     529.632       0.110     100.000    2.88%      41.667     50.000
     CASPFIN_D            42.335       0.391       0.000    1.53%      25.000     33.333     41.667
             131.000     424.835      -0.251     100.000    0.76%      41.667     58.333
     DASPFIN_D            43.022       0.413       0.000    1.63%      25.000     33.333     41.667
             123.000     502.906      -0.423     100.000    0.81%      50.000     58.333


     UNIVARIATE HIGHER-ORDER MOMENT DESCRIPTIVE STATISTICS FOR D5

         Variable/         Mean/     Skewness/   Minimum/ % with                Percentiles
        Sample Size      Variance    Kurtosis    Maximum  Min/Max      20%/60%    40%/80%    Median

     ABFAS_CI             64.574      -0.382      15.000    0.76%      50.000     60.000     65.000
             131.000     305.581      -0.319      97.500    1.53%      70.000     80.000
     BBFAS_CI             67.283      -0.230      33.333    1.15%      50.000     62.500     67.500
              87.000     294.655      -0.749     100.000    1.15%      72.500     82.500
     CBFAS_CI             66.463      -0.560      17.500    1.22%      52.500     65.000     70.000
              82.000     271.944       0.189      95.000    3.66%      70.000     80.000
     DBFAS_CI             66.955      -0.476      17.500    1.32%      50.000     62.500     70.000
              76.000     300.898      -0.146      95.000    5.26%      72.500     82.500
     AASPFIN_D            39.615       0.468       0.000    4.55%      16.667     33.333     41.667
             132.000     527.803      -0.196     100.000    1.52%      41.667     58.333
     BASPFIN_D            40.661       0.598       0.000    1.15%      25.000     33.333     33.333
              87.000     494.079      -0.161     100.000    2.30%      41.667     58.333
     CASPFIN_D            39.228       0.532       0.000    4.88%      16.667     33.333     37.500
              82.000     547.913      -0.111     100.000    2.44%      41.667     58.333
     DASPFIN_D            41.996       0.594       0.000    1.32%      16.667     33.333     33.333
              76.000     543.569      -0.314     100.000    2.63%      41.667     58.333


THE MODEL ESTIMATION TERMINATED NORMALLY



MODEL FIT INFORMATION

Number of Free Parameters                       96

Loglikelihood

          H0 Value                      -21646.812
          H0 Scaling Correction Factor      1.0670
            for MLR

Information Criteria

          Akaike (AIC)                   43485.623
          Bayesian (BIC)                 43942.734
          Sample-Size Adjusted BIC       43637.863
            (n* = (n + 2) / 24)



MODEL RESULTS

                                                    Two-Tailed
                    Estimate       S.E.  Est./S.E.    P-Value

Group D2

 P1       BY
    ABFAS_CI           1.000      0.000    999.000    999.000

 P2       BY
    BBFAS_CI           1.000      0.000    999.000    999.000

 P3       BY
    CBFAS_CI           1.000      0.000    999.000    999.000

 P4       BY
    DBFAS_CI           1.000      0.000    999.000    999.000

 V1       BY
    AASPFIN_D          1.000      0.000    999.000    999.000

 V2       BY
    BASPFIN_D          1.000      0.000    999.000    999.000

 V3       BY
    CASPFIN_D          1.000      0.000    999.000    999.000

 V4       BY
    DASPFIN_D          1.000      0.000    999.000    999.000

 P4         ON
    P3                 0.110      0.077      1.426      0.154
    V3                -0.036      0.049     -0.726      0.468

 P3         ON
    P2                 0.110      0.077      1.426      0.154
    V2                -0.036      0.049     -0.726      0.468

 P2         ON
    P1                 0.110      0.077      1.426      0.154
    V1                -0.036      0.049     -0.726      0.468

 V4         ON
    V3                 0.140      0.107      1.308      0.191
    P3                 0.026      0.115      0.225      0.822

 V3         ON
    V2                 0.140      0.107      1.308      0.191
    P2                 0.026      0.115      0.225      0.822

 V2         ON
    V1                 0.140      0.107      1.308      0.191
    P1                 0.026      0.115      0.225      0.822

 S_BFAS_C WITH
    I_BFAS_CI         29.011     14.591      1.988      0.047
    S_ASPFIN_D        -0.790      1.427     -0.554      0.580
    I_ASPFIN_D        -6.718     16.832     -0.399      0.690

 I_BFAS_C WITH
    S_ASPFIN_D       -11.078     14.490     -0.765      0.445
    I_ASPFIN_D       -47.870    162.400     -0.295      0.768

 S_ASPFIN WITH
    I_ASPFIN_D        20.018     20.819      0.962      0.336

 P1       WITH
    V1                 7.444     13.988      0.532      0.595

 P2       WITH
    V2                -7.835      8.539     -0.918      0.359

 P3       WITH
    V3                -7.835      8.539     -0.918      0.359

 P4       WITH
    V4                -7.835      8.539     -0.918      0.359

 Means
    P1                 0.000      0.000    999.000    999.000
    V1                 0.000      0.000    999.000    999.000
    I_BFAS_CI         58.103      2.547     22.809      0.000
    S_BFAS_CI         -0.128      0.240     -0.534      0.594
    I_ASPFIN_D        44.996      3.489     12.896      0.000
    S_ASPFIN_D        -0.056      0.318     -0.177      0.859

 Intercepts
    ABFAS_CI           0.000      0.000    999.000    999.000
    BBFAS_CI           0.000      0.000    999.000    999.000
    CBFAS_CI           0.000      0.000    999.000    999.000
    DBFAS_CI           0.000      0.000    999.000    999.000
    AASPFIN_D          0.000      0.000    999.000    999.000
    BASPFIN_D          0.000      0.000    999.000    999.000
    CASPFIN_D          0.000      0.000    999.000    999.000
    DASPFIN_D          0.000      0.000    999.000    999.000
    P2                 0.000      0.000    999.000    999.000
    P3                 0.000      0.000    999.000    999.000
    P4                 0.000      0.000    999.000    999.000
    V2                 0.000      0.000    999.000    999.000
    V3                 0.000      0.000    999.000    999.000
    V4                 0.000      0.000    999.000    999.000

 Variances
    P1               100.207     23.376      4.287      0.000
    V1               192.893     26.045      7.406      0.000
    I_BFAS_CI        499.844    154.008      3.246      0.001
    S_BFAS_CI          2.977      1.416      2.103      0.035
    I_ASPFIN_D       669.928    245.635      2.727      0.006
    S_ASPFIN_D         1.710      1.842      0.929      0.353

 Residual Variances
    ABFAS_CI           0.000      0.000    999.000    999.000
    BBFAS_CI           0.000      0.000    999.000    999.000
    CBFAS_CI           0.000      0.000    999.000    999.000
    DBFAS_CI           0.000      0.000    999.000    999.000
    AASPFIN_D          0.000      0.000    999.000    999.000
    BASPFIN_D          0.000      0.000    999.000    999.000
    CASPFIN_D          0.000      0.000    999.000    999.000
    DASPFIN_D          0.000      0.000    999.000    999.000
    P2                71.887      8.504      8.453      0.000
    P3                71.887      8.504      8.453      0.000
    P4                71.887      8.504      8.453      0.000
    V2               174.549     19.879      8.781      0.000
    V3               174.549     19.879      8.781      0.000
    V4               174.549     19.879      8.781      0.000

Group D3

 P1       BY
    ABFAS_CI           1.000      0.000    999.000    999.000

 P2       BY
    BBFAS_CI           1.000      0.000    999.000    999.000

 P3       BY
    CBFAS_CI           1.000      0.000    999.000    999.000

 P4       BY
    DBFAS_CI           1.000      0.000    999.000    999.000

 V1       BY
    AASPFIN_D          1.000      0.000    999.000    999.000

 V2       BY
    BASPFIN_D          1.000      0.000    999.000    999.000

 V3       BY
    CASPFIN_D          1.000      0.000    999.000    999.000

 V4       BY
    DASPFIN_D          1.000      0.000    999.000    999.000

 P4         ON
    P3                 0.092      0.103      0.895      0.371
    V3                -0.044      0.050     -0.876      0.381

 P3         ON
    P2                 0.092      0.103      0.895      0.371
    V2                -0.044      0.050     -0.876      0.381

 P2         ON
    P1                 0.092      0.103      0.895      0.371
    V1                -0.044      0.050     -0.876      0.381

 V4         ON
    V3                 0.010      0.107      0.092      0.927
    P3                 0.008      0.103      0.075      0.941

 V3         ON
    V2                 0.010      0.107      0.092      0.927
    P2                 0.008      0.103      0.075      0.941

 V2         ON
    V1                 0.010      0.107      0.092      0.927
    P1                 0.008      0.103      0.075      0.941

 S_BFAS_C WITH
    I_BFAS_CI         -5.384      3.231     -1.666      0.096
    S_ASPFIN_D        -0.958      1.165     -0.822      0.411
    I_ASPFIN_D       -17.131      7.660     -2.236      0.025

 I_BFAS_C WITH
    S_ASPFIN_D        -0.192      6.473     -0.030      0.976
    I_ASPFIN_D        53.540     26.500      2.020      0.043

 S_ASPFIN WITH
    I_ASPFIN_D         3.850      6.582      0.585      0.559

 P1       WITH
    V1                -4.285     11.493     -0.373      0.709

 P2       WITH
    V2                -8.636      7.438     -1.161      0.246

 P3       WITH
    V3                -8.636      7.438     -1.161      0.246

 P4       WITH
    V4                -8.636      7.438     -1.161      0.246

 Means
    P1                 0.000      0.000    999.000    999.000
    V1                 0.000      0.000    999.000    999.000
    I_BFAS_CI         65.937      1.112     59.290      0.000
    S_BFAS_CI          0.426      0.237      1.794      0.073
    I_ASPFIN_D        43.490      1.542     28.197      0.000
    S_ASPFIN_D         0.203      0.319      0.636      0.525

 Intercepts
    ABFAS_CI           0.000      0.000    999.000    999.000
    BBFAS_CI           0.000      0.000    999.000    999.000
    CBFAS_CI           0.000      0.000    999.000    999.000
    DBFAS_CI           0.000      0.000    999.000    999.000
    AASPFIN_D          0.000      0.000    999.000    999.000
    BASPFIN_D          0.000      0.000    999.000    999.000
    CASPFIN_D          0.000      0.000    999.000    999.000
    DASPFIN_D          0.000      0.000    999.000    999.000
    P2                 0.000      0.000    999.000    999.000
    P3                 0.000      0.000    999.000    999.000
    P4                 0.000      0.000    999.000    999.000
    V2                 0.000      0.000    999.000    999.000
    V3                 0.000      0.000    999.000    999.000
    V4                 0.000      0.000    999.000    999.000

 Variances
    P1                69.414     15.110      4.594      0.000
    V1               101.800     19.120      5.324      0.000
    I_BFAS_CI        240.951     23.772     10.136      0.000
    S_BFAS_CI          1.638      1.489      1.100      0.271
    I_ASPFIN_D       475.855     47.565     10.004      0.000
    S_ASPFIN_D         2.027      1.996      1.015      0.310

 Residual Variances
    ABFAS_CI           0.000      0.000    999.000    999.000
    BBFAS_CI           0.000      0.000    999.000    999.000
    CBFAS_CI           0.000      0.000    999.000    999.000
    DBFAS_CI           0.000      0.000    999.000    999.000
    AASPFIN_D          0.000      0.000    999.000    999.000
    BASPFIN_D          0.000      0.000    999.000    999.000
    CASPFIN_D          0.000      0.000    999.000    999.000
    DASPFIN_D          0.000      0.000    999.000    999.000
    P2                68.509      8.643      7.926      0.000
    P3                68.509      8.643      7.926      0.000
    P4                68.509      8.643      7.926      0.000
    V2               141.523     19.415      7.289      0.000
    V3               141.523     19.415      7.289      0.000
    V4               141.523     19.415      7.289      0.000

Group D4

 P1       BY
    ABFAS_CI           1.000      0.000    999.000    999.000

 P2       BY
    BBFAS_CI           1.000      0.000    999.000    999.000

 P3       BY
    CBFAS_CI           1.000      0.000    999.000    999.000

 P4       BY
    DBFAS_CI           1.000      0.000    999.000    999.000

 V1       BY
    AASPFIN_D          1.000      0.000    999.000    999.000

 V2       BY
    BASPFIN_D          1.000      0.000    999.000    999.000

 V3       BY
    CASPFIN_D          1.000      0.000    999.000    999.000

 V4       BY
    DASPFIN_D          1.000      0.000    999.000    999.000

 P4         ON
    P3                 0.096      0.096      1.002      0.316
    V3                -0.111      0.049     -2.269      0.023

 P3         ON
    P2                 0.096      0.096      1.002      0.316
    V2                -0.111      0.049     -2.269      0.023

 P2         ON
    P1                 0.096      0.096      1.002      0.316
    V1                -0.111      0.049     -2.269      0.023

 V4         ON
    V3                 0.132      0.088      1.495      0.135
    P3                 0.171      0.121      1.411      0.158

 V3         ON
    V2                 0.132      0.088      1.495      0.135
    P2                 0.171      0.121      1.411      0.158

 V2         ON
    V1                 0.132      0.088      1.495      0.135
    P1                 0.171      0.121      1.411      0.158

 S_BFAS_C WITH
    I_BFAS_CI        -41.354     18.709     -2.210      0.027
    S_ASPFIN_D         2.704      1.251      2.162      0.031
    I_ASPFIN_D       -37.986     14.248     -2.666      0.008

 I_BFAS_C WITH
    S_ASPFIN_D       -20.841     12.682     -1.643      0.100
    I_ASPFIN_D       368.104    140.065      2.628      0.009

 S_ASPFIN WITH
    I_ASPFIN_D       -21.435     14.090     -1.521      0.128

 P1       WITH
    V1               -47.001     14.914     -3.152      0.002

 P2       WITH
    V2                 9.123      5.998      1.521      0.128

 P3       WITH
    V3                 9.123      5.998      1.521      0.128

 P4       WITH
    V4                 9.123      5.998      1.521      0.128

 Means
    P1                 0.000      0.000    999.000    999.000
    V1                 0.000      0.000    999.000    999.000
    I_BFAS_CI         64.314      2.891     22.246      0.000
    S_BFAS_CI          0.027      0.290      0.092      0.926
    I_ASPFIN_D        36.275      3.549     10.222      0.000
    S_ASPFIN_D         0.484      0.346      1.397      0.162

 Intercepts
    ABFAS_CI           0.000      0.000    999.000    999.000
    BBFAS_CI           0.000      0.000    999.000    999.000
    CBFAS_CI           0.000      0.000    999.000    999.000
    DBFAS_CI           0.000      0.000    999.000    999.000
    AASPFIN_D          0.000      0.000    999.000    999.000
    BASPFIN_D          0.000      0.000    999.000    999.000
    CASPFIN_D          0.000      0.000    999.000    999.000
    DASPFIN_D          0.000      0.000    999.000    999.000
    P2                 0.000      0.000    999.000    999.000
    P3                 0.000      0.000    999.000    999.000
    P4                 0.000      0.000    999.000    999.000
    V2                 0.000      0.000    999.000    999.000
    V3                 0.000      0.000    999.000    999.000
    V4                 0.000      0.000    999.000    999.000

 Variances
    P1                85.911     16.119      5.330      0.000
    V1               134.368     26.158      5.137      0.000
    I_BFAS_CI        568.382    199.540      2.848      0.004
    S_BFAS_CI          4.829      1.842      2.622      0.009
    I_ASPFIN_D       557.825    172.332      3.237      0.001
    S_ASPFIN_D         2.357      1.328      1.774      0.076

 Residual Variances
    ABFAS_CI           0.000      0.000    999.000    999.000
    BBFAS_CI           0.000      0.000    999.000    999.000
    CBFAS_CI           0.000      0.000    999.000    999.000
    DBFAS_CI           0.000      0.000    999.000    999.000
    AASPFIN_D          0.000      0.000    999.000    999.000
    BASPFIN_D          0.000      0.000    999.000    999.000
    CASPFIN_D          0.000      0.000    999.000    999.000
    DASPFIN_D          0.000      0.000    999.000    999.000
    P2                51.401      6.772      7.590      0.000
    P3                51.401      6.772      7.590      0.000
    P4                51.401      6.772      7.590      0.000
    V2               138.484     18.748      7.387      0.000
    V3               138.484     18.748      7.387      0.000
    V4               138.484     18.748      7.387      0.000

Group D5

 P1       BY
    ABFAS_CI           1.000      0.000    999.000    999.000

 P2       BY
    BBFAS_CI           1.000      0.000    999.000    999.000

 P3       BY
    CBFAS_CI           1.000      0.000    999.000    999.000

 P4       BY
    DBFAS_CI           1.000      0.000    999.000    999.000

 V1       BY
    AASPFIN_D          1.000      0.000    999.000    999.000

 V2       BY
    BASPFIN_D          1.000      0.000    999.000    999.000

 V3       BY
    CASPFIN_D          1.000      0.000    999.000    999.000

 V4       BY
    DASPFIN_D          1.000      0.000    999.000    999.000

 P4         ON
    P3                -0.105      0.150     -0.704      0.482
    V3                 0.076      0.070      1.080      0.280

 P3         ON
    P2                -0.105      0.150     -0.704      0.482
    V2                 0.076      0.070      1.080      0.280

 P2         ON
    P1                -0.105      0.150     -0.704      0.482
    V1                 0.076      0.070      1.080      0.280

 V4         ON
    V3                 0.118      0.114      1.035      0.301
    P3                 0.487      0.139      3.497      0.000

 V3         ON
    V2                 0.118      0.114      1.035      0.301
    P2                 0.487      0.139      3.497      0.000

 V2         ON
    V1                 0.118      0.114      1.035      0.301
    P1                 0.487      0.139      3.497      0.000

 S_BFAS_C WITH
    I_BFAS_CI        -77.226     52.268     -1.478      0.140
    S_ASPFIN_D        -0.965      1.497     -0.644      0.519
    I_ASPFIN_D         5.960     28.240      0.211      0.833

 I_BFAS_C WITH
    S_ASPFIN_D        19.220     30.744      0.625      0.532
    I_ASPFIN_D      -128.590    556.987     -0.231      0.817

 S_ASPFIN WITH
    I_ASPFIN_D       -37.198     33.337     -1.116      0.265

 P1       WITH
    V1                -4.173     13.980     -0.298      0.765

 P2       WITH
    V2                20.093     11.439      1.757      0.079

 P3       WITH
    V3                20.093     11.439      1.757      0.079

 P4       WITH
    V4                20.093     11.439      1.757      0.079

 Means
    P1                 0.000      0.000    999.000    999.000
    V1                 0.000      0.000    999.000    999.000
    I_BFAS_CI         65.288      6.684      9.768      0.000
    S_BFAS_CI          0.000      0.362      0.000      1.000
    I_ASPFIN_D        37.966      8.473      4.481      0.000
    S_ASPFIN_D         0.101      0.463      0.219      0.827

 Intercepts
    ABFAS_CI           0.000      0.000    999.000    999.000
    BBFAS_CI           0.000      0.000    999.000    999.000
    CBFAS_CI           0.000      0.000    999.000    999.000
    DBFAS_CI           0.000      0.000    999.000    999.000
    AASPFIN_D          0.000      0.000    999.000    999.000
    BASPFIN_D          0.000      0.000    999.000    999.000
    CASPFIN_D          0.000      0.000    999.000    999.000
    DASPFIN_D          0.000      0.000    999.000    999.000
    P2                 0.000      0.000    999.000    999.000
    P3                 0.000      0.000    999.000    999.000
    P4                 0.000      0.000    999.000    999.000
    V2                 0.000      0.000    999.000    999.000
    V3                 0.000      0.000    999.000    999.000
    V4                 0.000      0.000    999.000    999.000

 Variances
    P1                56.757     20.868      2.720      0.007
    V1               127.544     34.079      3.743      0.000
    I_BFAS_CI       1730.175    961.600      1.799      0.072
    S_BFAS_CI          3.891      2.841      1.369      0.171
    I_ASPFIN_D      1186.694    723.518      1.640      0.101
    S_ASPFIN_D         1.590      1.588      1.002      0.317

 Residual Variances
    ABFAS_CI           0.000      0.000    999.000    999.000
    BBFAS_CI           0.000      0.000    999.000    999.000
    CBFAS_CI           0.000      0.000    999.000    999.000
    DBFAS_CI           0.000      0.000    999.000    999.000
    AASPFIN_D          0.000      0.000    999.000    999.000
    BASPFIN_D          0.000      0.000    999.000    999.000
    CASPFIN_D          0.000      0.000    999.000    999.000
    DASPFIN_D          0.000      0.000    999.000    999.000
    P2                55.759     14.942      3.732      0.000
    P3                55.759     14.942      3.732      0.000
    P4                55.759     14.942      3.732      0.000
    V2               140.491     19.685      7.137      0.000
    V3               140.491     19.685      7.137      0.000
    V4               140.491     19.685      7.137      0.000


QUALITY OF NUMERICAL RESULTS

     Condition Number for the Information Matrix              0.502E-06
       (ratio of smallest to largest eigenvalue)


     Beginning Time:  11:53:33
        Ending Time:  11:53:53
       Elapsed Time:  00:00:20



MUTHEN & MUTHEN
3463 Stoner Ave.
Los Angeles, CA  90066

Tel: (310) 391-9971
Fax: (310) 391-8971
Web: www.StatModel.com
Support: Support@StatModel.com

Copyright (c) 1998-2017 Muthen & Muthen
