Mplus VERSION 7 (Mac)
MUTHEN & MUTHEN
10/27/2017   2:17 PM

INPUT INSTRUCTIONS


  title: PxVx Bivariate LCM-SR-Uncons - Col Linear BFI_A6 with Linear MVI_POMP;
  data: file = /Users/johnflournoy/code/lnt_pxvx/Data/LT_227.txt;



  variable:
  names =
  subjid
  Sample
  aGENDER
  aAGE
  aethnic1
  aethnic2
  aedu_mom
  aedu_dad
  aEDUCATN
  bEDUCATN
  cEDUCATN
  aEMPLOYD
  bEMPLOYD
  cEMPLOYD
  dEMPLOYD
  aINCOME
  bINCOME
  cINCOME
  dINCOME
  aS_SCALE
  bS_SCALE
  cS_SCALE
  dS_SCALE
  aD_SCALE
  bD_SCALE
  cD_SCALE
  dD_SCALE
  aS_COMP
  bS_COMP
  cS_COMP
  dS_COMP
  aD_COMP
  bD_COMP
  cD_COMP
  dD_COMP
  aBFI_A
  aBFI_A6
  aBFI_C
  aBFI_E
  aBFI_HP
  aBFI_N
  aBFI_O
  bBFI_A
  bBFI_A6
  bBFI_C
  bBFI_E
  bBFI_HP
  bBFI_N
  bBFI_O
  cBFI_A
  cBFI_A6
  cBFI_C
  cBFI_E
  cBFI_HP
  cBFI_N
  cBFI_O
  dBFI_A
  dBFI_A6
  dBFI_C
  dBFI_E
  dBFI_HP
  dBFI_N
  dBFI_O
  aBFA_AC
  aBFA_AP
  aBFA_CI
  aBFA_CO
  aBFA_EA
  aBFA_EE
  aBFA_N9
  aBFA_NV
  aBFA_NW
  aBFA_OI
  aBFA_OO
  aBFA_PS
  aBFA_MT
  bBFA_AC
  bBFA_AP
  bBFA_CI
  bBFA_CO
  bBFA_EA
  bBFA_EE
  bBFA_N9
  bBFA_NV
  bBFA_NW
  bBFA_OI
  bBFA_OO
  bBFA_MT
  bBFA_PS
  cBFA_AC
  cBFA_AP
  cBFA_CI
  cBFA_CO
  cBFA_EA
  cBFA_EE
  cBFA_N9
  cBFA_NV
  cBFA_NW
  cBFA_OI
  cBFA_OO
  cBFA_MT
  cBFA_PS
  dBFA_AC
  dBFA_AP
  dBFA_CI
  dBFA_CO
  dBFA_EA
  dBFA_EE
  dBFA_N9
  dBFA_NV
  dBFA_NW
  dBFA_OI
  dBFA_OO
  dBFA_MT
  dBFA_PS
  aUSI
  bUSI
  cUSI
  dUSI
  aHRZ_IND
  bHRZ_IND
  cHRZ_IND
  dHRZ_IND
  aVRT_IND
  bVRT_IND
  cVRT_IND
  dVRT_IND
  aHRZ_COL
  bHRZ_COL
  cHRZ_COL
  dHRZ_COL
  aVRT_COL
  bVRT_COL
  cVRT_COL
  dVRT_COL
  aCOLLCTV
  bCOLLCTV
  cCOLLCTV
  dCOLLCTV
  aMVS
  bMVS
  cMVS
  dMVS
  aST
  bST
  cST
  dST
  aSD
  bSD
  cSD
  dSD
  aMVS_mc
  bMVS_mc
  cMVS_mc
  dMVS_mc
  aST_mc
  bST_mc
  cST_mc
  dST_mc
  aSD_mc
  bSD_mc
  cSD_mc
  dSD_mc
  bMEANING
  cMEANING
  dMEANING
  bMEAN_L
  cMEAN_L
  dMEAN_L
  bMEANNGc
  cMEANNGc
  dMEANNGc
  bMEANGlc
  cMEANGlc
  dMEANGlc
  bCLASSIC
  cCLASSIC
  dCLASSIC
  bCLASSCc
  cCLASSCc
  dCLASSCc
  bAGR_VAL
  cAGR_VAL
  dAGR_VAL
  bOPN_VAL
  cOPN_VAL
  dOPN_VAL
  bAGR_VLc
  cAGR_VLc
  dAGR_VLc
  bOPNVALc
  cOPNVALc
  dOPNVALc
  aMV_pomp
  bMV_pomp
  cMV_pomp
  dMV_pomp
  aST_pomp
  bST_pomp
  cST_pomp
  dST_pomp
  aSD_pomp
  bSD_pomp
  cSD_pomp
  dSD_pomp
  agoal_ec
  bgoal_ec
  cgoal_ec
  dgoal_ec
  aAspfinc
  bAspfinc
  cAspfinc
  dAspfinc
  abfi_hp8
  bbfi_hp8
  cbfi_hp8
  dbfi_hp8
  aP_S_BFI
  aP_D_BFI
  aECgoalc
  bECgoalC
  cECgoalC
  dECgoalC
  aaspfin
  baspfin
  caspfin
  daspfin
  aMVI_POMP
  bMVI_POMP
  cMVI_POMP
  dMVI_POMP;

  USEVARIABLES =
  aBFI_A6
  bBFI_A6
  cBFI_A6
  dBFI_A6
  aMVI_POMP
  bMVI_POMP
  cMVI_POMP
  dMVI_POMP
  a1
  a2
  a3
  a4
  ;

  missing = all (-9999);

  USEOBSERVATIONS are Sample == 2; ! College Sample

  tscores = a1 a2 a3 a4;

  DEFINE:
  a1 = aAGE + 0 - 20.5;
  a2 = aAGE + 1 - 20.5;
  a3 = aAGE + 2 - 20.5;
  a4 = aAGE + 3 - 20.5;

  ANALYSIS:
  TYPE=RANDOM;
  PROCESSORS = 4;
  model=nocovariances; ! supresses default estimation of certain covs in model;

  MODEL:

  i_BFI_A6 s_BFI_A6 | aBFI_A6 bBFI_A6 cBFI_A6 dBFI_A6 AT a1 a2 a3 a4;
  i_MVI_POMP s_MVI_POMP | aMVI_POMP bMVI_POMP cMVI_POMP dMVI_POMP AT a1 a2 a3 a4;

  ! freeing factor covs because of "nocovariances"
  s_BFI_A6 WITH i_BFI_A6 s_MVI_POMP i_MVI_POMP;
  i_BFI_A6 WITH s_MVI_POMP i_MVI_POMP;
  s_MVI_POMP WITH i_MVI_POMP;

  p1 BY aBFI_A6@1; ! Residual "factors";
  p2 BY bBFI_A6@1;
  p3 BY cBFI_A6@1;
  p4 BY dBFI_A6@1;

  v1 BY aMVI_POMP@1; ! Residual "factors";
  v2 BY bMVI_POMP@1;
  v3 BY cMVI_POMP@1;
  v4 BY dMVI_POMP@1;

  !residual variances on observed/manifest vars set to 0
  aBFI_A6@0;
  bBFI_A6@0;
  cBFI_A6@0;
  dBFI_A6@0;

  !residual variances on observed/manifest vars set to 0
  aMVI_POMP@0;
  bMVI_POMP@0;
  cMVI_POMP@0;
  dMVI_POMP@0;

  ! means of observed/manifest vars set to 0
  [aBFI_A6@0];
  [bBFI_A6@0];
  [cBFI_A6@0];
  [dBFI_A6@0];

  ! means of observed/manifest vars set to 0
  [aMVI_POMP@0];
  [bMVI_POMP@0];
  [cMVI_POMP@0];
  [dMVI_POMP@0];

  [p1@0]; ! means of residual "factors" set to 0
  [p2@0];
  [p3@0];
  [p4@0];

  [v1@0]; ! means of residual "factors" set to 0
  [v2@0];
  [v3@0];
  [v4@0];

  p4 on p3;
  p3 on p2;
  p2 on p1;

  v4 on v3;
  v3 on v2;
  v2 on v1;

  p4 on v3;
  p3 on v2;
  p2 on v1;

  v4 on p3;
  v3 on p2;
  v2 on p1;

  p1 with v1;

  p2 with v2;
  p3 with v3;
  p4 with v4;

  p2 p3 p4; ! estimate variances of residual "factors"
  v2 v3 v4; ! estimate variances of residual "factors"

  OUTPUT: SAMPSTAT PATTERNS;



*** WARNING
  Variable name contains more than 8 characters.
  Only the first 8 characters will be printed in the output.
  Variable: AMVI_POMP
*** WARNING
  Variable name contains more than 8 characters.
  Only the first 8 characters will be printed in the output.
  Variable: BMVI_POMP
*** WARNING
  Variable name contains more than 8 characters.
  Only the first 8 characters will be printed in the output.
  Variable: CMVI_POMP
*** WARNING
  Variable name contains more than 8 characters.
  Only the first 8 characters will be printed in the output.
  Variable: DMVI_POMP
*** WARNING
  Variable name contains more than 8 characters.
  Only the first 8 characters will be printed in the output.
  Variable: I_MVI_POMP
*** WARNING
  Variable name contains more than 8 characters.
  Only the first 8 characters will be printed in the output.
  Variable: S_MVI_POMP
*** WARNING
  Data set contains cases with missing on all variables.
  These cases were not included in the analysis.
  Number of cases with missing on all variables:  1
*** WARNING
  Data set contains cases with missing on time scores but non-missing on the
  corresponding dependent variables.  These cases were not included in the analysis.
  Number of such cases:  3
   8 WARNING(S) FOUND IN THE INPUT INSTRUCTIONS



PxVx Bivariate LCM-SR-Uncons - Col Linear BFI_A6 with Linear MVI_POMP;

SUMMARY OF ANALYSIS

Number of groups                                                 1
Number of observations                                         276

Number of dependent variables                                    8
Number of independent variables                                  0
Number of continuous latent variables                           12

Observed dependent variables

  Continuous
   ABFI_A6     BBFI_A6     CBFI_A6     DBFI_A6     AMVI_POMP   BMVI_POMP
   CMVI_POMP   DMVI_POMP

Continuous latent variables
   P1          P2          P3          P4          V1          V2
   V3          V4          I_BFI_A6    S_BFI_A6    I_MVI_PO    S_MVI_PO

Variables with special functions

  Time scores
   A1          A2          A3          A4


Estimator                                                      MLR
Information matrix                                        OBSERVED
Maximum number of iterations                                   100
Convergence criterion                                    0.100D-05
Maximum number of EM iterations                                500
Convergence criteria for the EM algorithm
  Loglikelihood change                                   0.100D-02
  Relative loglikelihood change                          0.100D-05
  Derivative                                             0.100D-03
Minimum variance                                         0.100D-03
Maximum number of steepest descent iterations                   20
Maximum number of iterations for H1                           2000
Convergence criterion for H1                             0.100D-03
Optimization algorithm                                         EMA

Input data file(s)
  /Users/johnflournoy/code/lnt_pxvx/Data/LT_227.txt
Input data format  FREE


SUMMARY OF DATA

     Number of missing data patterns            13


SUMMARY OF MISSING DATA PATTERNS


     MISSING DATA PATTERNS (x = not missing)

           1  2  3  4  5  6  7  8  9 10 11 12 13
 ABFI_A6   x  x  x  x  x  x  x  x  x  x  x  x  x
 BBFI_A6   x  x     x        x  x     x  x     x
 CBFI_A6   x  x  x                 x  x     x  x
 DBFI_A6   x     x        x  x  x  x  x  x     x
 AMVI_POM  x  x  x  x  x  x  x  x  x  x  x  x  x
 BMVI_POM  x  x     x           x     x  x
 CMVI_POM  x  x  x                 x  x     x  x
 DMVI_POM  x              x  x  x  x           x


     MISSING DATA PATTERN FREQUENCIES

    Pattern   Frequency     Pattern   Frequency     Pattern   Frequency
          1         138           6          11          11           1
          2          10           7           1          12           4
          3           1           8          16          13           1
          4          28           9          10
          5          53          10           2


COVARIANCE COVERAGE OF DATA

Minimum covariance coverage value   0.100


     PROPORTION OF DATA PRESENT


           Covariance Coverage
              ABFI_A6       BBFI_A6       CBFI_A6       DBFI_A6       AMVI_POM
              ________      ________      ________      ________      ________
 ABFI_A6        1.000
 BBFI_A6        0.714         0.714
 CBFI_A6        0.601         0.547         0.601
 DBFI_A6        0.656         0.576         0.551         0.656
 AMVI_POM       1.000         0.714         0.601         0.656         1.000
 BMVI_POM       0.707         0.707         0.543         0.569         0.707
 CMVI_POM       0.601         0.547         0.601         0.551         0.601
 DMVI_POM       0.641         0.565         0.540         0.641         0.641


           Covariance Coverage
              BMVI_POM      CMVI_POM      DMVI_POM
              ________      ________      ________
 BMVI_POM       0.707
 CMVI_POM       0.543         0.601
 DMVI_POM       0.558         0.540         0.641


SAMPLE STATISTICS


     ESTIMATED SAMPLE STATISTICS


           Means
              ABFI_A6       BBFI_A6       CBFI_A6       DBFI_A6       AMVI_POM
              ________      ________      ________      ________      ________
 1             61.007        60.280        59.939        63.342        60.804


           Means
              BMVI_POM      CMVI_POM      DMVI_POM
              ________      ________      ________
 1             61.275        61.380        61.396


           Covariances
              ABFI_A6       BBFI_A6       CBFI_A6       DBFI_A6       AMVI_POM
              ________      ________      ________      ________      ________
 ABFI_A6      291.336
 BBFI_A6      208.484       267.302
 CBFI_A6      174.644       177.126       237.494
 DBFI_A6      149.836       172.295       148.817       228.984
 AMVI_POM      43.287        33.523        41.926        27.543        82.735
 BMVI_POM      41.493        41.535        43.910        25.250        69.915
 CMVI_POM      37.343        35.481        39.221        17.099        56.588
 DMVI_POM      28.154        27.391        33.789        19.485        54.963


           Covariances
              BMVI_POM      CMVI_POM      DMVI_POM
              ________      ________      ________
 BMVI_POM      91.805
 CMVI_POM      63.374        70.903
 DMVI_POM      57.561        52.361        65.481


           Correlations
              ABFI_A6       BBFI_A6       CBFI_A6       DBFI_A6       AMVI_POM
              ________      ________      ________      ________      ________
 ABFI_A6        1.000
 BBFI_A6        0.747         1.000
 CBFI_A6        0.664         0.703         1.000
 DBFI_A6        0.580         0.696         0.638         1.000
 AMVI_POM       0.279         0.225         0.299         0.200         1.000
 BMVI_POM       0.254         0.265         0.297         0.174         0.802
 CMVI_POM       0.260         0.258         0.302         0.134         0.739
 DMVI_POM       0.204         0.207         0.271         0.159         0.747


           Correlations
              BMVI_POM      CMVI_POM      DMVI_POM
              ________      ________      ________
 BMVI_POM       1.000
 CMVI_POM       0.786         1.000
 DMVI_POM       0.742         0.768         1.000


     MAXIMUM LOG-LIKELIHOOD VALUE FOR THE UNRESTRICTED (H1) MODEL IS -5862.751

     WARNING: THE MODEL ESTIMATION HAS REACHED A SADDLE POINT OR A POINT WHERE THE
     OBSERVED AND THE EXPECTED INFORMATION MATRICES DO NOT MATCH.
     AN ADJUSTMENT TO THE ESTIMATION OF THE INFORMATION MATRIX HAS BEEN MADE.
     THE CONDITION NUMBER IS      -0.712D-05.
     THE PROBLEM MAY ALSO BE RESOLVED BY DECREASING THE VALUE OF THE
     MCONVERGENCE OR LOGCRITERION OPTIONS OR BY CHANGING THE STARTING VALUES
     OR BY USING THE MLF ESTIMATOR.


THE MODEL ESTIMATION TERMINATED NORMALLY



MODEL FIT INFORMATION

Number of Free Parameters                       38

Loglikelihood

          H0 Value                       -5873.038
          H0 Scaling Correction Factor      1.1563
            for MLR

Information Criteria

          Akaike (AIC)                   11822.076
          Bayesian (BIC)                 11959.651
          Sample-Size Adjusted BIC       11839.159
            (n* = (n + 2) / 24)



MODEL RESULTS

                                                    Two-Tailed
                    Estimate       S.E.  Est./S.E.    P-Value

 P1       BY
    ABFI_A6            1.000      0.000    999.000    999.000

 P2       BY
    BBFI_A6            1.000      0.000    999.000    999.000

 P3       BY
    CBFI_A6            1.000      0.000    999.000    999.000

 P4       BY
    DBFI_A6            1.000      0.000    999.000    999.000

 V1       BY
    AMVI_POMP          1.000      0.000    999.000    999.000

 V2       BY
    BMVI_POMP          1.000      0.000    999.000    999.000

 V3       BY
    CMVI_POMP          1.000      0.000    999.000    999.000

 V4       BY
    DMVI_POMP          1.000      0.000    999.000    999.000

 P4         ON
    P3                -0.654      1.038     -0.631      0.528
    V3                -0.060      1.293     -0.047      0.963

 P3         ON
    P2                -0.012      0.103     -0.119      0.905
    V2                 0.169      0.224      0.755      0.450

 P2         ON
    P1                -0.684      1.646     -0.415      0.678
    V1                -3.012      1.653     -1.822      0.068

 V4         ON
    V3                -0.350      1.148     -0.305      0.760
    P3                 0.175      0.423      0.414      0.679

 V3         ON
    V2                 0.193      0.170      1.140      0.254
    P2                 0.028      0.068      0.409      0.682

 V2         ON
    V1                -0.220      1.494     -0.147      0.883
    P1                -0.232      0.256     -0.906      0.365

 S_BFI_A6 WITH
    I_BFI_A6         -23.477     25.860     -0.908      0.364
    S_MVI_POMP         3.515      2.318      1.516      0.129
    I_MVI_POMP       -11.920      5.587     -2.133      0.033

 I_BFI_A6 WITH
    S_MVI_POMP       -11.376      5.409     -2.103      0.035
    I_MVI_POMP        65.556     14.721      4.453      0.000

 S_MVI_PO WITH
    I_MVI_POMP        -6.227      6.418     -0.970      0.332

 P1       WITH
    V1               -19.912     13.271     -1.500      0.134

 P2       WITH
    V2                -7.334     10.297     -0.712      0.476

 P3       WITH
    V3                 7.935     10.920      0.727      0.467

 P4       WITH
    V4                -1.160     29.506     -0.039      0.969

 Means
    P1                 0.000      0.000    999.000    999.000
    V1                 0.000      0.000    999.000    999.000
    I_BFI_A6          60.351      1.041     57.978      0.000
    S_BFI_A6           0.575      0.336      1.712      0.087
    I_MVI_POMP        60.812      0.552    110.212      0.000
    S_MVI_POMP         0.259      0.151      1.715      0.086

 Intercepts
    ABFI_A6            0.000      0.000    999.000    999.000
    BBFI_A6            0.000      0.000    999.000    999.000
    CBFI_A6            0.000      0.000    999.000    999.000
    DBFI_A6            0.000      0.000    999.000    999.000
    AMVI_POMP          0.000      0.000    999.000    999.000
    BMVI_POMP          0.000      0.000    999.000    999.000
    CMVI_POMP          0.000      0.000    999.000    999.000
    DMVI_POMP          0.000      0.000    999.000    999.000
    P2                 0.000      0.000    999.000    999.000
    P3                 0.000      0.000    999.000    999.000
    P4                 0.000      0.000    999.000    999.000
    V2                 0.000      0.000    999.000    999.000
    V3                 0.000      0.000    999.000    999.000
    V4                 0.000      0.000    999.000    999.000

 Variances
    P1                73.406     70.391      1.043      0.297
    V1                10.776     19.551      0.551      0.582
    I_BFI_A6         229.596     72.503      3.167      0.002
    S_BFI_A6          12.439      8.671      1.435      0.151
    I_MVI_POMP        72.970     20.260      3.602      0.000
    S_MVI_POMP         2.753      1.677      1.641      0.101

 Residual Variances
    ABFI_A6            0.000      0.000    999.000    999.000
    BBFI_A6            0.000      0.000    999.000    999.000
    CBFI_A6            0.000      0.000    999.000    999.000
    DBFI_A6            0.000      0.000    999.000    999.000
    AMVI_POMP          0.000      0.000    999.000    999.000
    BMVI_POMP          0.000      0.000    999.000    999.000
    CMVI_POMP          0.000      0.000    999.000    999.000
    DMVI_POMP          0.000      0.000    999.000    999.000
    P2                26.486     76.593      0.346      0.729
    P3                55.132     34.277      1.608      0.108
    P4                 7.047     88.832      0.079      0.937
    V2                23.383      7.896      2.961      0.003
    V3                15.761      9.408      1.675      0.094
    V4                 1.315     24.474      0.054      0.957


QUALITY OF NUMERICAL RESULTS

     Condition Number for the Information Matrix             -0.712E-05
       (ratio of smallest to largest eigenvalue)


     Beginning Time:  14:17:24
        Ending Time:  14:18:00
       Elapsed Time:  00:00:36



MUTHEN & MUTHEN
3463 Stoner Ave.
Los Angeles, CA  90066

Tel: (310) 391-9971
Fax: (310) 391-8971
Web: www.StatModel.com
Support: Support@StatModel.com

Copyright (c) 1998-2012 Muthen & Muthen
