Mplus VERSION 6.12
MUTHEN & MUTHEN
03/21/2016  11:59 AM

INPUT INSTRUCTIONS


  title: PxVx Univariate - Col Lin S_SCALE with Lin VRT_COL;
  data: file = E:\Projects\lnt_pxvx\Data\LT_227.txt;



  variable:
  names =
  subjid
  Sample
  aGENDER
  aAGE
  aethnic1
  aethnic2
  aedu_mom
  aedu_dad
  aEDUCATN
  bEDUCATN
  cEDUCATN
  aEMPLOYD
  bEMPLOYD
  cEMPLOYD
  dEMPLOYD
  aINCOME
  bINCOME
  cINCOME
  dINCOME
  aS_SCALE
  bS_SCALE
  cS_SCALE
  dS_SCALE
  aD_SCALE
  bD_SCALE
  cD_SCALE
  dD_SCALE
  aS_COMP
  bS_COMP
  cS_COMP
  dS_COMP
  aD_COMP
  bD_COMP
  cD_COMP
  dD_COMP
  aBFI_A
  aBFI_A6
  aBFI_C
  aBFI_E
  aBFI_HP
  aBFI_N
  aBFI_O
  bBFI_A
  bBFI_A6
  bBFI_C
  bBFI_E
  bBFI_HP
  bBFI_N
  bBFI_O
  cBFI_A
  cBFI_A6
  cBFI_C
  cBFI_E
  cBFI_HP
  cBFI_N
  cBFI_O
  dBFI_A
  dBFI_A6
  dBFI_C
  dBFI_E
  dBFI_HP
  dBFI_N
  dBFI_O
  aBFA_AC
  aBFA_AP
  aBFA_CI
  aBFA_CO
  aBFA_EA
  aBFA_EE
  aBFA_N9
  aBFA_NV
  aBFA_NW
  aBFA_OI
  aBFA_OO
  aBFA_PS
  aBFA_MT
  bBFA_AC
  bBFA_AP
  bBFA_CI
  bBFA_CO
  bBFA_EA
  bBFA_EE
  bBFA_N9
  bBFA_NV
  bBFA_NW
  bBFA_OI
  bBFA_OO
  bBFA_MT
  bBFA_PS
  cBFA_AC
  cBFA_AP
  cBFA_CI
  cBFA_CO
  cBFA_EA
  cBFA_EE
  cBFA_N9
  cBFA_NV
  cBFA_NW
  cBFA_OI
  cBFA_OO
  cBFA_MT
  cBFA_PS
  dBFA_AC
  dBFA_AP
  dBFA_CI
  dBFA_CO
  dBFA_EA
  dBFA_EE
  dBFA_N9
  dBFA_NV
  dBFA_NW
  dBFA_OI
  dBFA_OO
  dBFA_MT
  dBFA_PS
  aUSI
  bUSI
  cUSI
  dUSI
  aHRZ_IND
  bHRZ_IND
  cHRZ_IND
  dHRZ_IND
  aVRT_IND
  bVRT_IND
  cVRT_IND
  dVRT_IND
  aHRZ_COL
  bHRZ_COL
  cHRZ_COL
  dHRZ_COL
  aVRT_COL
  bVRT_COL
  cVRT_COL
  dVRT_COL
  aCOLLCTV
  bCOLLCTV
  cCOLLCTV
  dCOLLCTV
  aMVS
  bMVS
  cMVS
  dMVS
  aST
  bST
  cST
  dST
  aSD
  bSD
  cSD
  dSD
  aMVS_mc
  bMVS_mc
  cMVS_mc
  dMVS_mc
  aST_mc
  bST_mc
  cST_mc
  dST_mc
  aSD_mc
  bSD_mc
  cSD_mc
  dSD_mc
  bMEANING
  cMEANING
  dMEANING
  bMEAN_L
  cMEAN_L
  dMEAN_L
  bMEANNGc
  cMEANNGc
  dMEANNGc
  bMEANGlc
  cMEANGlc
  dMEANGlc
  bCLASSIC
  cCLASSIC
  dCLASSIC
  bCLASSCc
  cCLASSCc
  dCLASSCc
  bAGR_VAL
  cAGR_VAL
  dAGR_VAL
  bOPN_VAL
  cOPN_VAL
  dOPN_VAL
  bAGR_VLc
  cAGR_VLc
  dAGR_VLc
  bOPNVALc
  cOPNVALc
  dOPNVALc
  aMV_pomp
  bMV_pomp
  cMV_pomp
  dMV_pomp
  aST_pomp
  bST_pomp
  cST_pomp
  dST_pomp
  aSD_pomp
  bSD_pomp
  cSD_pomp
  dSD_pomp
  agoal_ec
  bgoal_ec
  cgoal_ec
  dgoal_ec
  aAspfinc
  bAspfinc
  cAspfinc
  dAspfinc
  abfi_hp8
  bbfi_hp8
  cbfi_hp8
  dbfi_hp8
  aP_S_BFI
  aP_D_BFI
  aECgoalc
  bECgoalC
  cECgoalC
  dECgoalC
  aaspfin
  baspfin
  caspfin
  daspfin
  aMVI_POMP
  bMVI_POMP
  cMVI_POMP
  dMVI_POMP;

  USEVARIABLES =
  aS_SCALE
  bS_SCALE
  cS_SCALE
  dS_SCALE
  aVRT_COL
  bVRT_COL
  cVRT_COL
  dVRT_COL
  bage_c
  cage_c
  dage_c
  ;

  missing = all (-9999);

  USEOBSERVATIONS are Sample == 2; ! College Sample

  tscores = bage_c cage_c dage_c;

  DEFINE:
  bage_c = aAGE + 1 - 20.5;
  cage_c = aAGE + 2 - 20.5;
  dage_c = aAGE + 3 - 20.5;

  ANALYSIS:
  TYPE=RANDOM;
  PROCESSORS = 8;

  MODEL:

  i_S_SCALE s_S_SCALE | bS_SCALE cS_SCALE dS_SCALE AT bage_c cage_c dage_c;
  i_VRT_COL s_VRT_COL | bVRT_COL cVRT_COL dVRT_COL AT bage_c cage_c dage_c;


  !After Bollen and Curran initial observation is not part of LGM

  dS_SCALE on cS_SCALE (a); ! Autoregressive paths constrained to equality
  cS_SCALE on bS_SCALE (a);
  bS_SCALE on aS_SCALE (a);

  dVRT_COL on cVRT_COL (b); ! Autoregressive paths constrained to equality
  cVRT_COL on bVRT_COL (b);
  bVRT_COL on aVRT_COL (b);

  bS_SCALE cS_SCALE dS_SCALE (c); !Equality constraint on residuals
  bVRT_COL cVRT_COL dVRT_COL (d); !Equality constraint on residuals

  dVRT_COL on cS_SCALE (x); ! Cross-lagged paths constrained to equality
  cVRT_COL on bS_SCALE (x);
  bVRT_COL on aS_SCALE (x);

  dS_SCALE on cVRT_COL (y); ! Cross-lagged paths constrained to equality
  cS_SCALE on bVRT_COL (y);
  bS_SCALE on aVRT_COL (y);

  dVRT_COL with dS_SCALE (w); ! within-wave correlations constrained to equality
  cVRT_COL with cS_SCALE (w);
  bVRT_COL with bS_SCALE (w);

  aS_SCALE aVRT_COL i_S_SCALE i_VRT_COL
  s_S_SCALE
  s_VRT_COL
  with
  s_S_SCALE
  s_VRT_COL
  aS_SCALE aVRT_COL i_S_SCALE i_VRT_COL;



  OUTPUT: SAMPSTAT PATTERNS;



*** WARNING
  Variable name contains more than 8 characters.
  Only the first 8 characters will be printed in the output.
  Variable: AMVI_POMP
*** WARNING
  Variable name contains more than 8 characters.
  Only the first 8 characters will be printed in the output.
  Variable: BMVI_POMP
*** WARNING
  Variable name contains more than 8 characters.
  Only the first 8 characters will be printed in the output.
  Variable: CMVI_POMP
*** WARNING
  Variable name contains more than 8 characters.
  Only the first 8 characters will be printed in the output.
  Variable: DMVI_POMP
*** WARNING
  Variable name contains more than 8 characters.
  Only the first 8 characters will be printed in the output.
  Variable: I_S_SCALE
*** WARNING
  Variable name contains more than 8 characters.
  Only the first 8 characters will be printed in the output.
  Variable: S_S_SCALE
*** WARNING
  Variable name contains more than 8 characters.
  Only the first 8 characters will be printed in the output.
  Variable: I_VRT_COL
*** WARNING
  Variable name contains more than 8 characters.
  Only the first 8 characters will be printed in the output.
  Variable: S_VRT_COL
*** WARNING
  Data set contains cases with missing on all variables.
  These cases were not included in the analysis.
  Number of cases with missing on all variables:  1
*** WARNING
  Data set contains cases with missing on time scores but non-missing on the
  corresponding dependent variables.  These cases were not included in the analysis.
  Number of such cases:  2
  10 WARNING(S) FOUND IN THE INPUT INSTRUCTIONS



PxVx Univariate - Col Lin S_SCALE with Lin VRT_COL;

SUMMARY OF ANALYSIS

Number of groups                                                 1
Number of observations                                         277

Number of dependent variables                                    6
Number of independent variables                                  2
Number of continuous latent variables                            4

Observed dependent variables

  Continuous
   BS_SCALE    CS_SCALE    DS_SCALE    BVRT_COL    CVRT_COL    DVRT_COL

Observed independent variables
   AS_SCALE    AVRT_COL

Continuous latent variables
   I_S_SCAL    S_S_SCAL    I_VRT_CO    S_VRT_CO

Variables with special functions

  Time scores
   BAGE_C      CAGE_C      DAGE_C


Estimator                                                      MLR
Information matrix                                        OBSERVED
Maximum number of iterations                                   100
Convergence criterion                                    0.100D-05
Maximum number of EM iterations                                500
Convergence criteria for the EM algorithm
  Loglikelihood change                                   0.100D-02
  Relative loglikelihood change                          0.100D-05
  Derivative                                             0.100D-03
Minimum variance                                         0.100D-03
Maximum number of steepest descent iterations                   20
Maximum number of iterations for H1                           2000
Convergence criterion for H1                             0.100D-03
Optimization algorithm                                         EMA

Input data file(s)
  E:\Projects\lnt_pxvx\Data\LT_227.txt
Input data format  FREE


SUMMARY OF DATA

     Number of missing data patterns            15


SUMMARY OF MISSING DATA PATTERNS


     MISSING DATA PATTERNS (x = not missing)

           1  2  3  4  5  6  7  8  9 10 11 12 13 14 15
 BS_SCALE  x  x     x        x  x     x  x        x  x
 CS_SCALE  x  x  x                 x  x     x        x
 DS_SCALE  x     x        x  x  x  x  x  x           x
 BVRT_COL  x  x     x           x     x  x
 CVRT_COL  x  x  x                 x  x     x        x
 DVRT_COL  x              x     x  x                 x
 AS_SCALE  x  x  x  x  x  x  x  x  x  x  x  x  x  x  x
 AVRT_COL  x  x  x  x  x  x  x  x  x  x  x  x     x  x


     MISSING DATA PATTERN FREQUENCIES

    Pattern   Frequency     Pattern   Frequency     Pattern   Frequency
          1         138           6          11          11           1
          2          10           7           1          12           4
          3           2           8          16          13           2
          4          26           9           9          14           2
          5          52          10           2          15           1


COVARIANCE COVERAGE OF DATA

Minimum covariance coverage value   0.100


     PROPORTION OF DATA PRESENT


           Covariance Coverage
              BS_SCALE      CS_SCALE      DS_SCALE      BVRT_COL      CVRT_COL
              ________      ________      ________      ________      ________
 BS_SCALE       0.711
 CS_SCALE       0.545         0.599
 DS_SCALE       0.574         0.549         0.653
 BVRT_COL       0.697         0.542         0.567         0.697
 CVRT_COL       0.545         0.599         0.549         0.542         0.599
 DVRT_COL       0.560         0.534         0.632         0.556         0.534
 AS_SCALE       0.711         0.599         0.653         0.697         0.599
 AVRT_COL       0.711         0.599         0.653         0.697         0.599


           Covariance Coverage
              DVRT_COL      AS_SCALE      AVRT_COL
              ________      ________      ________
 DVRT_COL       0.632
 AS_SCALE       0.632         1.000
 AVRT_COL       0.632         0.993         0.993


SAMPLE STATISTICS


     ESTIMATED SAMPLE STATISTICS


           Means
              BS_SCALE      CS_SCALE      DS_SCALE      BVRT_COL      CVRT_COL
              ________      ________      ________      ________      ________
 1             71.232        71.169        72.548        66.247        64.195


           Means
              DVRT_COL      AS_SCALE      AVRT_COL
              ________      ________      ________
 1             64.699        70.343        67.076


           Covariances
              BS_SCALE      CS_SCALE      DS_SCALE      BVRT_COL      CVRT_COL
              ________      ________      ________      ________      ________
 BS_SCALE     133.409
 CS_SCALE      88.095       139.635
 DS_SCALE      83.552       114.179       156.932
 BVRT_COL      51.150        37.252        63.043       312.749
 CVRT_COL      27.853        43.829        49.031       181.231       300.259
 DVRT_COL      15.684        34.490        63.585       204.199       203.402
 AS_SCALE      97.280        84.603       101.339        53.055        33.468
 AVRT_COL      30.232        56.210        65.610       202.586       182.986


           Covariances
              DVRT_COL      AS_SCALE      AVRT_COL
              ________      ________      ________
 DVRT_COL     345.793
 AS_SCALE      34.828       145.197
 AVRT_COL     209.966        53.394       328.040


           Correlations
              BS_SCALE      CS_SCALE      DS_SCALE      BVRT_COL      CVRT_COL
              ________      ________      ________      ________      ________
 BS_SCALE       1.000
 CS_SCALE       0.645         1.000
 DS_SCALE       0.577         0.771         1.000
 BVRT_COL       0.250         0.178         0.285         1.000
 CVRT_COL       0.139         0.214         0.226         0.591         1.000
 DVRT_COL       0.073         0.157         0.273         0.621         0.631
 AS_SCALE       0.699         0.594         0.671         0.249         0.160
 AVRT_COL       0.145         0.263         0.289         0.632         0.583


           Correlations
              DVRT_COL      AS_SCALE      AVRT_COL
              ________      ________      ________
 DVRT_COL       1.000
 AS_SCALE       0.155         1.000
 AVRT_COL       0.623         0.245         1.000


     MAXIMUM LOG-LIKELIHOOD VALUE FOR THE UNRESTRICTED (H1) MODEL IS -6296.589


THE MODEL ESTIMATION TERMINATED NORMALLY



MODEL FIT INFORMATION

Number of Free Parameters                       34

Loglikelihood

          H0 Value                       -6303.226
          H0 Scaling Correction Factor       0.864
            for MLR

Information Criteria

          Akaike (AIC)                   12674.451
          Bayesian (BIC)                 12797.668
          Sample-Size Adjusted BIC       12689.859
            (n* = (n + 2) / 24)



MODEL RESULTS

                                                    Two-Tailed
                    Estimate       S.E.  Est./S.E.    P-Value

 DS_SCALE   ON
    CS_SCALE           0.287      0.034      8.557      0.000
    CVRT_COL          -0.097      0.041     -2.359      0.018

 CS_SCALE   ON
    BS_SCALE           0.287      0.034      8.557      0.000
    BVRT_COL          -0.097      0.041     -2.359      0.018

 BS_SCALE   ON
    AS_SCALE           0.287      0.034      8.557      0.000
    AVRT_COL          -0.097      0.041     -2.359      0.018

 DVRT_COL   ON
    CVRT_COL          -0.036      0.062     -0.587      0.557
    CS_SCALE           0.212      0.054      3.945      0.000

 CVRT_COL   ON
    BVRT_COL          -0.036      0.062     -0.587      0.557
    BS_SCALE           0.212      0.054      3.945      0.000

 BVRT_COL   ON
    AVRT_COL          -0.036      0.062     -0.587      0.557
    AS_SCALE           0.212      0.054      3.945      0.000

 S_S_SCAL WITH
    I_S_SCALE         -2.939      7.077     -0.415      0.678

 I_VRT_CO WITH
    I_S_SCALE         39.090     16.306      2.397      0.017
    S_S_SCALE         10.749      5.061      2.124      0.034

 S_VRT_CO WITH
    I_S_SCALE        -12.853      5.794     -2.218      0.027
    S_S_SCALE          0.399      1.944      0.205      0.837
    I_VRT_COL        -12.056      8.469     -1.424      0.155

 AS_SCALE WITH
    I_S_SCALE         55.553     11.874      4.678      0.000
    S_S_SCALE          6.090      4.930      1.235      0.217
    I_VRT_COL         27.398     15.507      1.767      0.077
    S_VRT_COL         -4.239      4.807     -0.882      0.378

 AVRT_COL WITH
    I_S_SCALE         40.308     20.316      1.984      0.047
    S_S_SCALE          9.436      7.222      1.307      0.191
    I_VRT_COL        213.338     24.842      8.588      0.000
    S_VRT_COL         -7.353      8.257     -0.890      0.373

 DVRT_COL WITH
    DS_SCALE          13.160      5.835      2.255      0.024

 CVRT_COL WITH
    CS_SCALE          13.160      5.835      2.255      0.024

 BVRT_COL WITH
    BS_SCALE          13.160      5.835      2.255      0.024

 AVRT_COL WITH
    AS_SCALE          53.394     13.992      3.816      0.000

 Means
    AS_SCALE          70.343      0.724     97.117      0.000
    AVRT_COL          67.076      1.093     61.388      0.000
    I_S_SCALE         57.017      2.908     19.609      0.000
    S_S_SCALE          0.388      0.350      1.108      0.268
    I_VRT_COL         54.192      3.558     15.229      0.000
    S_VRT_COL         -0.864      0.590     -1.464      0.143

 Intercepts
    BS_SCALE           0.000      0.000    999.000    999.000
    CS_SCALE           0.000      0.000    999.000    999.000
    DS_SCALE           0.000      0.000    999.000    999.000
    BVRT_COL           0.000      0.000    999.000    999.000
    CVRT_COL           0.000      0.000    999.000    999.000
    DVRT_COL           0.000      0.000    999.000    999.000

 Variances
    AS_SCALE         145.197     10.591     13.710      0.000
    AVRT_COL         328.039     21.931     14.957      0.000
    I_S_SCALE         47.376     17.740      2.670      0.008
    S_S_SCALE          4.146      3.678      1.127      0.260
    I_VRT_COL        212.556     36.038      5.898      0.000
    S_VRT_COL          8.119      2.292      3.542      0.000

 Residual Variances
    BS_SCALE          48.525      5.219      9.297      0.000
    CS_SCALE          48.525      5.219      9.297      0.000
    DS_SCALE          48.525      5.219      9.297      0.000
    BVRT_COL         116.231     11.956      9.722      0.000
    CVRT_COL         116.231     11.956      9.722      0.000
    DVRT_COL         116.231     11.956      9.722      0.000


QUALITY OF NUMERICAL RESULTS

     Condition Number for the Information Matrix              0.375E-06
       (ratio of smallest to largest eigenvalue)


     Beginning Time:  11:59:37
        Ending Time:  11:59:38
       Elapsed Time:  00:00:01



MUTHEN & MUTHEN
3463 Stoner Ave.
Los Angeles, CA  90066

Tel: (310) 391-9971
Fax: (310) 391-8971
Web: www.StatModel.com
Support: Support@StatModel.com

Copyright (c) 1998-2011 Muthen & Muthen
