Mplus VERSION 6.12
MUTHEN & MUTHEN
03/21/2016  11:21 AM

INPUT INSTRUCTIONS


  title: PxVx Univariate - Col MeanOnly BFA_AP with MeanOnly VRT_COL;
  data: file = E:\Projects\lnt_pxvx\Data\LT_227.txt;



  variable:
  names =
  subjid
  Sample
  aGENDER
  aAGE
  aethnic1
  aethnic2
  aedu_mom
  aedu_dad
  aEDUCATN
  bEDUCATN
  cEDUCATN
  aEMPLOYD
  bEMPLOYD
  cEMPLOYD
  dEMPLOYD
  aINCOME
  bINCOME
  cINCOME
  dINCOME
  aS_SCALE
  bS_SCALE
  cS_SCALE
  dS_SCALE
  aD_SCALE
  bD_SCALE
  cD_SCALE
  dD_SCALE
  aS_COMP
  bS_COMP
  cS_COMP
  dS_COMP
  aD_COMP
  bD_COMP
  cD_COMP
  dD_COMP
  aBFI_A
  aBFI_A6
  aBFI_C
  aBFI_E
  aBFI_HP
  aBFI_N
  aBFI_O
  bBFI_A
  bBFI_A6
  bBFI_C
  bBFI_E
  bBFI_HP
  bBFI_N
  bBFI_O
  cBFI_A
  cBFI_A6
  cBFI_C
  cBFI_E
  cBFI_HP
  cBFI_N
  cBFI_O
  dBFI_A
  dBFI_A6
  dBFI_C
  dBFI_E
  dBFI_HP
  dBFI_N
  dBFI_O
  aBFA_AC
  aBFA_AP
  aBFA_CI
  aBFA_CO
  aBFA_EA
  aBFA_EE
  aBFA_N9
  aBFA_NV
  aBFA_NW
  aBFA_OI
  aBFA_OO
  aBFA_PS
  aBFA_MT
  bBFA_AC
  bBFA_AP
  bBFA_CI
  bBFA_CO
  bBFA_EA
  bBFA_EE
  bBFA_N9
  bBFA_NV
  bBFA_NW
  bBFA_OI
  bBFA_OO
  bBFA_MT
  bBFA_PS
  cBFA_AC
  cBFA_AP
  cBFA_CI
  cBFA_CO
  cBFA_EA
  cBFA_EE
  cBFA_N9
  cBFA_NV
  cBFA_NW
  cBFA_OI
  cBFA_OO
  cBFA_MT
  cBFA_PS
  dBFA_AC
  dBFA_AP
  dBFA_CI
  dBFA_CO
  dBFA_EA
  dBFA_EE
  dBFA_N9
  dBFA_NV
  dBFA_NW
  dBFA_OI
  dBFA_OO
  dBFA_MT
  dBFA_PS
  aUSI
  bUSI
  cUSI
  dUSI
  aHRZ_IND
  bHRZ_IND
  cHRZ_IND
  dHRZ_IND
  aVRT_IND
  bVRT_IND
  cVRT_IND
  dVRT_IND
  aHRZ_COL
  bHRZ_COL
  cHRZ_COL
  dHRZ_COL
  aVRT_COL
  bVRT_COL
  cVRT_COL
  dVRT_COL
  aCOLLCTV
  bCOLLCTV
  cCOLLCTV
  dCOLLCTV
  aMVS
  bMVS
  cMVS
  dMVS
  aST
  bST
  cST
  dST
  aSD
  bSD
  cSD
  dSD
  aMVS_mc
  bMVS_mc
  cMVS_mc
  dMVS_mc
  aST_mc
  bST_mc
  cST_mc
  dST_mc
  aSD_mc
  bSD_mc
  cSD_mc
  dSD_mc
  bMEANING
  cMEANING
  dMEANING
  bMEAN_L
  cMEAN_L
  dMEAN_L
  bMEANNGc
  cMEANNGc
  dMEANNGc
  bMEANGlc
  cMEANGlc
  dMEANGlc
  bCLASSIC
  cCLASSIC
  dCLASSIC
  bCLASSCc
  cCLASSCc
  dCLASSCc
  bAGR_VAL
  cAGR_VAL
  dAGR_VAL
  bOPN_VAL
  cOPN_VAL
  dOPN_VAL
  bAGR_VLc
  cAGR_VLc
  dAGR_VLc
  bOPNVALc
  cOPNVALc
  dOPNVALc
  aMV_pomp
  bMV_pomp
  cMV_pomp
  dMV_pomp
  aST_pomp
  bST_pomp
  cST_pomp
  dST_pomp
  aSD_pomp
  bSD_pomp
  cSD_pomp
  dSD_pomp
  agoal_ec
  bgoal_ec
  cgoal_ec
  dgoal_ec
  aAspfinc
  bAspfinc
  cAspfinc
  dAspfinc
  abfi_hp8
  bbfi_hp8
  cbfi_hp8
  dbfi_hp8
  aP_S_BFI
  aP_D_BFI
  aECgoalc
  bECgoalC
  cECgoalC
  dECgoalC
  aaspfin
  baspfin
  caspfin
  daspfin
  aMVI_POMP
  bMVI_POMP
  cMVI_POMP
  dMVI_POMP;

  USEVARIABLES =
  aBFA_AP
  bBFA_AP
  cBFA_AP
  dBFA_AP
  aVRT_COL
  bVRT_COL
  cVRT_COL
  dVRT_COL
  bage_c
  cage_c
  dage_c
  ;

  missing = all (-9999);

  USEOBSERVATIONS are Sample == 2; ! College Sample

  tscores = bage_c cage_c dage_c;

  DEFINE:
  bage_c = aAGE + 1 - 20.5;
  cage_c = aAGE + 2 - 20.5;
  dage_c = aAGE + 3 - 20.5;

  ANALYSIS:
  TYPE=RANDOM;
  PROCESSORS = 8;

  MODEL:

  i_BFA_AP s_BFA_AP | bBFA_AP cBFA_AP dBFA_AP AT bage_c cage_c dage_c;
  i_VRT_COL s_VRT_COL | bVRT_COL cVRT_COL dVRT_COL AT bage_c cage_c dage_c;


  !After Bollen and Curran initial observation is not part of LGM

  dBFA_AP on cBFA_AP (a); ! Autoregressive paths constrained to equality
  cBFA_AP on bBFA_AP (a);
  bBFA_AP on aBFA_AP (a);

  dVRT_COL on cVRT_COL (b); ! Autoregressive paths constrained to equality
  cVRT_COL on bVRT_COL (b);
  bVRT_COL on aVRT_COL (b);

  bBFA_AP cBFA_AP dBFA_AP (c); !Equality constraint on residuals
  bVRT_COL cVRT_COL dVRT_COL (d); !Equality constraint on residuals

  dVRT_COL on cBFA_AP (x); ! Cross-lagged paths constrained to equality
  cVRT_COL on bBFA_AP (x);
  bVRT_COL on aBFA_AP (x);

  dBFA_AP on cVRT_COL (y); ! Cross-lagged paths constrained to equality
  cBFA_AP on bVRT_COL (y);
  bBFA_AP on aVRT_COL (y);

  dVRT_COL with dBFA_AP (w); ! within-wave correlations constrained to equality
  cVRT_COL with cBFA_AP (w);
  bVRT_COL with bBFA_AP (w);

  aBFA_AP aVRT_COL i_BFA_AP i_VRT_COL
  with
  aBFA_AP aVRT_COL i_BFA_AP i_VRT_COL;

  s_BFA_AP@0;

  s_VRT_COL@0;

  OUTPUT: SAMPSTAT PATTERNS;



*** WARNING
  Variable name contains more than 8 characters.
  Only the first 8 characters will be printed in the output.
  Variable: AMVI_POMP
*** WARNING
  Variable name contains more than 8 characters.
  Only the first 8 characters will be printed in the output.
  Variable: BMVI_POMP
*** WARNING
  Variable name contains more than 8 characters.
  Only the first 8 characters will be printed in the output.
  Variable: CMVI_POMP
*** WARNING
  Variable name contains more than 8 characters.
  Only the first 8 characters will be printed in the output.
  Variable: DMVI_POMP
*** WARNING
  Variable name contains more than 8 characters.
  Only the first 8 characters will be printed in the output.
  Variable: I_VRT_COL
*** WARNING
  Variable name contains more than 8 characters.
  Only the first 8 characters will be printed in the output.
  Variable: S_VRT_COL
*** WARNING in MODEL command
  All continuous latent variable covariances involving S_BFA_AP have been fixed to 0
  because the variance of S_BFA_AP is fixed at 0.
*** WARNING in MODEL command
  All continuous latent variable covariances involving S_VRT_COL have been fixed to 0
  because the variance of S_VRT_COL is fixed at 0.
*** WARNING
  Data set contains cases with missing on all variables.
  These cases were not included in the analysis.
  Number of cases with missing on all variables:  1
*** WARNING
  Data set contains cases with missing on time scores but non-missing on the
  corresponding dependent variables.  These cases were not included in the analysis.
  Number of such cases:  2
  10 WARNING(S) FOUND IN THE INPUT INSTRUCTIONS



PxVx Univariate - Col MeanOnly BFA_AP with MeanOnly VRT_COL;

SUMMARY OF ANALYSIS

Number of groups                                                 1
Number of observations                                         277

Number of dependent variables                                    6
Number of independent variables                                  2
Number of continuous latent variables                            4

Observed dependent variables

  Continuous
   BBFA_AP     CBFA_AP     DBFA_AP     BVRT_COL    CVRT_COL    DVRT_COL

Observed independent variables
   ABFA_AP     AVRT_COL

Continuous latent variables
   I_BFA_AP    S_BFA_AP    I_VRT_CO    S_VRT_CO

Variables with special functions

  Time scores
   BAGE_C      CAGE_C      DAGE_C


Estimator                                                      MLR
Information matrix                                        OBSERVED
Maximum number of iterations                                   100
Convergence criterion                                    0.100D-05
Maximum number of EM iterations                                500
Convergence criteria for the EM algorithm
  Loglikelihood change                                   0.100D-02
  Relative loglikelihood change                          0.100D-05
  Derivative                                             0.100D-03
Minimum variance                                         0.100D-03
Maximum number of steepest descent iterations                   20
Maximum number of iterations for H1                           2000
Convergence criterion for H1                             0.100D-03
Optimization algorithm                                         EMA

Input data file(s)
  E:\Projects\lnt_pxvx\Data\LT_227.txt
Input data format  FREE


SUMMARY OF DATA

     Number of missing data patterns            12


SUMMARY OF MISSING DATA PATTERNS


     MISSING DATA PATTERNS (x = not missing)

           1  2  3  4  5  6  7  8  9 10 11 12
 BBFA_AP   x  x     x        x  x           x
 CBFA_AP   x  x  x                 x  x
 DBFA_AP   x              x  x  x  x  x
 BVRT_COL  x  x     x           x
 CVRT_COL  x  x  x                 x  x
 DVRT_COL  x              x     x     x
 ABFA_AP   x  x  x  x  x  x  x  x  x  x  x  x
 AVRT_COL  x  x  x  x  x  x  x  x  x  x     x


     MISSING DATA PATTERN FREQUENCIES

    Pattern   Frequency     Pattern   Frequency     Pattern   Frequency
          1         138           5          52           9           1
          2          12           6          11          10          10
          3           5           7           1          11           2
          4          27           8          16          12           2


COVARIANCE COVERAGE OF DATA

Minimum covariance coverage value   0.100


     PROPORTION OF DATA PRESENT


           Covariance Coverage
              BBFA_AP       CBFA_AP       DBFA_AP       BVRT_COL      CVRT_COL
              ________      ________      ________      ________      ________
 BBFA_AP        0.708
 CBFA_AP        0.542         0.599
 DBFA_AP        0.560         0.538         0.639
 BVRT_COL       0.697         0.542         0.556         0.697
 CVRT_COL       0.542         0.599         0.538         0.542         0.599
 DVRT_COL       0.556         0.534         0.632         0.556         0.534
 ABFA_AP        0.708         0.599         0.639         0.697         0.599
 AVRT_COL       0.708         0.599         0.639         0.697         0.599


           Covariance Coverage
              DVRT_COL      ABFA_AP       AVRT_COL
              ________      ________      ________
 DVRT_COL       0.632
 ABFA_AP        0.632         1.000
 AVRT_COL       0.632         0.993         0.993


SAMPLE STATISTICS


     ESTIMATED SAMPLE STATISTICS


           Means
              BBFA_AP       CBFA_AP       DBFA_AP       BVRT_COL      CVRT_COL
              ________      ________      ________      ________      ________
 1             67.989        68.593        68.972        66.258        64.164


           Means
              DVRT_COL      ABFA_AP       AVRT_COL
              ________      ________      ________
 1             64.687        66.884        67.063


           Covariances
              BBFA_AP       CBFA_AP       DBFA_AP       BVRT_COL      CVRT_COL
              ________      ________      ________      ________      ________
 BBFA_AP      232.473
 CBFA_AP      177.258       233.954
 DBFA_AP      140.532       162.078       202.348
 BVRT_COL      38.308        47.352        64.638       311.557
 CVRT_COL      43.365        75.939        61.782       181.661       300.753
 DVRT_COL      12.452        33.240        53.847       204.841       204.807
 ABFA_AP      170.379       172.013       143.547        58.052        53.993
 AVRT_COL      33.739        51.706        61.717       201.250       183.245


           Covariances
              DVRT_COL      ABFA_AP       AVRT_COL
              ________      ________      ________
 DVRT_COL     346.972
 ABFA_AP       37.285       227.428
 AVRT_COL     210.507        37.366       327.958


           Correlations
              BBFA_AP       CBFA_AP       DBFA_AP       BVRT_COL      CVRT_COL
              ________      ________      ________      ________      ________
 BBFA_AP        1.000
 CBFA_AP        0.760         1.000
 DBFA_AP        0.648         0.745         1.000
 BVRT_COL       0.142         0.175         0.257         1.000
 CVRT_COL       0.164         0.286         0.250         0.593         1.000
 DVRT_COL       0.044         0.117         0.203         0.623         0.634
 ABFA_AP        0.741         0.746         0.669         0.218         0.206
 AVRT_COL       0.122         0.187         0.240         0.630         0.583


           Correlations
              DVRT_COL      ABFA_AP       AVRT_COL
              ________      ________      ________
 DVRT_COL       1.000
 ABFA_AP        0.133         1.000
 AVRT_COL       0.624         0.137         1.000


     MAXIMUM LOG-LIKELIHOOD VALUE FOR THE UNRESTRICTED (H1) MODEL IS -6435.193


THE MODEL ESTIMATION TERMINATED NORMALLY



MODEL FIT INFORMATION

Number of Free Parameters                       23

Loglikelihood

          H0 Value                       -6447.389
          H0 Scaling Correction Factor       1.119
            for MLR

Information Criteria

          Akaike (AIC)                   12940.779
          Bayesian (BIC)                 13024.131
          Sample-Size Adjusted BIC       12951.201
            (n* = (n + 2) / 24)



MODEL RESULTS

                                                    Two-Tailed
                    Estimate       S.E.  Est./S.E.    P-Value

 DBFA_AP    ON
    CBFA_AP            0.255      0.086      2.978      0.003
    CVRT_COL          -0.014      0.052     -0.272      0.786

 CBFA_AP    ON
    BBFA_AP            0.255      0.086      2.978      0.003
    BVRT_COL          -0.014      0.052     -0.272      0.786

 BBFA_AP    ON
    ABFA_AP            0.255      0.086      2.978      0.003
    AVRT_COL          -0.014      0.052     -0.272      0.786

 DVRT_COL   ON
    CVRT_COL           0.041      0.070      0.587      0.557
    CBFA_AP            0.066      0.061      1.083      0.279

 CVRT_COL   ON
    BVRT_COL           0.041      0.070      0.587      0.557
    BBFA_AP            0.066      0.061      1.083      0.279

 BVRT_COL   ON
    AVRT_COL           0.041      0.070      0.587      0.557
    ABFA_AP            0.066      0.061      1.083      0.279

 I_VRT_CO WITH
    I_BFA_AP          24.861     18.703      1.329      0.184

 ABFA_AP  WITH
    I_BFA_AP         114.328     18.971      6.027      0.000
    I_VRT_COL         37.571     17.538      2.142      0.032

 AVRT_COL WITH
    I_BFA_AP          41.682     14.419      2.891      0.004
    I_VRT_COL        185.233     22.906      8.087      0.000

 DVRT_COL WITH
    DBFA_AP           13.274      8.960      1.482      0.138

 CVRT_COL WITH
    CBFA_AP           13.274      8.960      1.482      0.138

 BVRT_COL WITH
    BBFA_AP           13.274      8.960      1.482      0.138

 AVRT_COL WITH
    ABFA_AP           37.366     17.353      2.153      0.031

 Means
    ABFA_AP           66.884      0.905     73.903      0.000
    AVRT_COL          67.063      1.090     61.506      0.000
    I_BFA_AP          51.571      5.492      9.391      0.000
    S_BFA_AP           0.275      0.385      0.716      0.474
    I_VRT_COL         59.334      3.957     14.994      0.000
    S_VRT_COL         -0.698      0.604     -1.154      0.249

 Intercepts
    BBFA_AP            0.000      0.000    999.000    999.000
    CBFA_AP            0.000      0.000    999.000    999.000
    DBFA_AP            0.000      0.000    999.000    999.000
    BVRT_COL           0.000      0.000    999.000    999.000
    CVRT_COL           0.000      0.000    999.000    999.000
    DVRT_COL           0.000      0.000    999.000    999.000

 Variances
    ABFA_AP          227.427     18.223     12.480      0.000
    AVRT_COL         327.958     21.919     14.962      0.000
    I_BFA_AP          79.106     25.840      3.061      0.002
    S_BFA_AP           0.000      0.000    999.000    999.000
    I_VRT_COL        172.846     32.706      5.285      0.000
    S_VRT_COL          0.000      0.000    999.000    999.000

 Residual Variances
    BBFA_AP           73.823     10.684      6.910      0.000
    CBFA_AP           73.823     10.684      6.910      0.000
    DBFA_AP           73.823     10.684      6.910      0.000
    BVRT_COL         126.334     12.617     10.013      0.000
    CVRT_COL         126.334     12.617     10.013      0.000
    DVRT_COL         126.334     12.617     10.013      0.000


QUALITY OF NUMERICAL RESULTS

     Condition Number for the Information Matrix              0.271E-05
       (ratio of smallest to largest eigenvalue)


     Beginning Time:  11:21:08
        Ending Time:  11:21:09
       Elapsed Time:  00:00:01



MUTHEN & MUTHEN
3463 Stoner Ave.
Los Angeles, CA  90066

Tel: (310) 391-9971
Fax: (310) 391-8971
Web: www.StatModel.com
Support: Support@StatModel.com

Copyright (c) 1998-2011 Muthen & Muthen
