Mplus VERSION 6.12
MUTHEN & MUTHEN
05/15/2016   6:20 PM

INPUT INSTRUCTIONS


  title: Stability of values - Nat HRZ_IND longitudinal;
  data: file = E:\Projects\lnt_pxvx\Data\LT_227.txt;

  variable:
  names =
  subjid
  Sample
  aGENDER
  aAGE
  aethnic1
  aethnic2
  aedu_mom
  aedu_dad
  aEDUCATN
  bEDUCATN
  cEDUCATN
  aEMPLOYD
  bEMPLOYD
  cEMPLOYD
  dEMPLOYD
  aINCOME
  bINCOME
  cINCOME
  dINCOME
  aS_SCALE
  bS_SCALE
  cS_SCALE
  dS_SCALE
  aD_SCALE
  bD_SCALE
  cD_SCALE
  dD_SCALE
  aS_COMP
  bS_COMP
  cS_COMP
  dS_COMP
  aD_COMP
  bD_COMP
  cD_COMP
  dD_COMP
  aBFI_A
  aBFI_A6
  aBFI_C
  aBFI_E
  aBFI_HP
  aBFI_N
  aBFI_O
  bBFI_A
  bBFI_A6
  bBFI_C
  bBFI_E
  bBFI_HP
  bBFI_N
  bBFI_O
  cBFI_A
  cBFI_A6
  cBFI_C
  cBFI_E
  cBFI_HP
  cBFI_N
  cBFI_O
  dBFI_A
  dBFI_A6
  dBFI_C
  dBFI_E
  dBFI_HP
  dBFI_N
  dBFI_O
  aBFA_AC
  aBFA_AP
  aBFA_CI
  aBFA_CO
  aBFA_EA
  aBFA_EE
  aBFA_N9
  aBFA_NV
  aBFA_NW
  aBFA_OI
  aBFA_OO
  aBFA_PS
  aBFA_MT
  bBFA_AC
  bBFA_AP
  bBFA_CI
  bBFA_CO
  bBFA_EA
  bBFA_EE
  bBFA_N9
  bBFA_NV
  bBFA_NW
  bBFA_OI
  bBFA_OO
  bBFA_MT
  bBFA_PS
  cBFA_AC
  cBFA_AP
  cBFA_CI
  cBFA_CO
  cBFA_EA
  cBFA_EE
  cBFA_N9
  cBFA_NV
  cBFA_NW
  cBFA_OI
  cBFA_OO
  cBFA_MT
  cBFA_PS
  dBFA_AC
  dBFA_AP
  dBFA_CI
  dBFA_CO
  dBFA_EA
  dBFA_EE
  dBFA_N9
  dBFA_NV
  dBFA_NW
  dBFA_OI
  dBFA_OO
  dBFA_MT
  dBFA_PS
  aUSI
  bUSI
  cUSI
  dUSI
  aHRZ_IND
  bHRZ_IND
  cHRZ_IND
  dHRZ_IND
  aVRT_IND
  bVRT_IND
  cVRT_IND
  dVRT_IND
  aHRZ_COL
  bHRZ_COL
  cHRZ_COL
  dHRZ_COL
  aVRT_COL
  bVRT_COL
  cVRT_COL
  dVRT_COL
  aCOLLCTV
  bCOLLCTV
  cCOLLCTV
  dCOLLCTV
  aMVS
  bMVS
  cMVS
  dMVS
  aST
  bST
  cST
  dST
  aSD
  bSD
  cSD
  dSD
  aMVS_mc
  bMVS_mc
  cMVS_mc
  dMVS_mc
  aST_mc
  bST_mc
  cST_mc
  dST_mc
  aSD_mc
  bSD_mc
  cSD_mc
  dSD_mc
  bMEANING
  cMEANING
  dMEANING
  bMEAN_L
  cMEAN_L
  dMEAN_L
  bMEANNGc
  cMEANNGc
  dMEANNGc
  bMEANGlc
  cMEANGlc
  dMEANGlc
  bCLASSIC
  cCLASSIC
  dCLASSIC
  bCLASSCc
  cCLASSCc
  dCLASSCc
  bAGR_VAL
  cAGR_VAL
  dAGR_VAL
  bOPN_VAL
  cOPN_VAL
  dOPN_VAL
  bAGR_VLc
  cAGR_VLc
  dAGR_VLc
  bOPNVALc
  cOPNVALc
  dOPNVALc
  aMV_pomp
  bMV_pomp
  cMV_pomp
  dMV_pomp
  aST_pomp
  bST_pomp
  cST_pomp
  dST_pomp
  aSD_pomp
  bSD_pomp
  cSD_pomp
  dSD_pomp
  agoal_ec
  bgoal_ec
  cgoal_ec
  dgoal_ec
  aAspfinc
  bAspfinc
  cAspfinc
  dAspfinc
  abfi_hp8
  bbfi_hp8
  cbfi_hp8
  dbfi_hp8
  aP_S_BFI
  aP_D_BFI
  aECgoalc
  bECgoalC
  cECgoalC
  dECgoalC
  aaspfin
  baspfin
  caspfin
  daspfin
  aMVI_POMP
  bMVI_POMP
  cMVI_POMP
  dMVI_POMP;

  USEVARIABLES =
  aHRZ_IND
  bHRZ_IND
  cHRZ_IND
  dHRZ_IND
  aAGE
  ;


  missing = all (-9999);

  USEOBSERVATIONS are Sample == 1; ! National Sample


  grouping = aAGE (0=d2, 1=d3, 2=d4, 3=d5);

  DEFINE:

  cut aAGE (29 39 49);

  ANALYSIS:
  type = general;
  estimator = ml;
  processors = 8;

  MODEL:
  aHRZ_IND WITH bHRZ_IND;
  bHRZ_IND WITH cHRZ_IND;
  cHRZ_IND WITH dHRZ_IND;

  aHRZ_IND WITH cHRZ_IND;
  bHRZ_IND WITH dHRZ_IND;

  aHRZ_IND WITH dHRZ_IND;

  MODEL d2:
  aHRZ_IND WITH bHRZ_IND (a2);
  bHRZ_IND WITH cHRZ_IND (a2);
  cHRZ_IND WITH dHRZ_IND (a2);

  aHRZ_IND WITH cHRZ_IND (b2);
  bHRZ_IND WITH dHRZ_IND (b2);

  aHRZ_IND WITH dHRZ_IND (c2);

  aHRZ_IND bHRZ_IND cHRZ_IND dHRZ_IND (e2);

  MODEL d3:
  aHRZ_IND WITH bHRZ_IND (a3);
  bHRZ_IND WITH cHRZ_IND (a3);
  cHRZ_IND WITH dHRZ_IND (a3);

  aHRZ_IND WITH cHRZ_IND (b3);
  bHRZ_IND WITH dHRZ_IND (b3);

  aHRZ_IND WITH dHRZ_IND (c3);

  aHRZ_IND bHRZ_IND cHRZ_IND dHRZ_IND (e3);

  MODEL d4:
  aHRZ_IND WITH bHRZ_IND (a4);
  bHRZ_IND WITH cHRZ_IND (a4);
  cHRZ_IND WITH dHRZ_IND (a4);

  aHRZ_IND WITH cHRZ_IND (b4);
  bHRZ_IND WITH dHRZ_IND (b4);

  aHRZ_IND WITH dHRZ_IND (c4);

  aHRZ_IND bHRZ_IND cHRZ_IND dHRZ_IND (e4);

  MODEL d5:
  aHRZ_IND WITH bHRZ_IND (a5);
  bHRZ_IND WITH cHRZ_IND (a5);
  cHRZ_IND WITH dHRZ_IND (a5);

  aHRZ_IND WITH cHRZ_IND (b5);
  bHRZ_IND WITH dHRZ_IND (b5);

  aHRZ_IND WITH dHRZ_IND (c5);

  aHRZ_IND bHRZ_IND cHRZ_IND dHRZ_IND (e5);



  OUTPUT: SAMPSTAT PATTERNS STDYX;



*** WARNING
  Variable name contains more than 8 characters.
  Only the first 8 characters will be printed in the output.
  Variable: AMVI_POMP
*** WARNING
  Variable name contains more than 8 characters.
  Only the first 8 characters will be printed in the output.
  Variable: BMVI_POMP
*** WARNING
  Variable name contains more than 8 characters.
  Only the first 8 characters will be printed in the output.
  Variable: CMVI_POMP
*** WARNING
  Variable name contains more than 8 characters.
  Only the first 8 characters will be printed in the output.
  Variable: DMVI_POMP
*** WARNING
  Data set contains unknown or missing values for GROUPING,
  PATTERN, COHORT, CLUSTER and/or STRATIFICATION variables.
  Number of cases with unknown or missing values:  16
*** WARNING
  Data set contains cases with missing on all variables.
  These cases were not included in the analysis.
  Number of cases with missing on all variables:  1
   6 WARNING(S) FOUND IN THE INPUT INSTRUCTIONS



Stability of values - Nat HRZ_IND longitudinal;

SUMMARY OF ANALYSIS

Number of groups                                                 4
Number of observations
   Group D2                                                    304
   Group D3                                                    227
   Group D4                                                    199
   Group D5                                                    132

Number of dependent variables                                    4
Number of independent variables                                  0
Number of continuous latent variables                            0

Observed dependent variables

  Continuous
   AHRZ_IND    BHRZ_IND    CHRZ_IND    DHRZ_IND

Variables with special functions

  Grouping variable     AAGE

Estimator                                                       ML
Information matrix                                        OBSERVED
Maximum number of iterations                                  1000
Convergence criterion                                    0.500D-04
Maximum number of steepest descent iterations                   20
Maximum number of iterations for H1                           2000
Convergence criterion for H1                             0.100D-03

Input data file(s)
  E:\Projects\lnt_pxvx\Data\LT_227.txt

Input data format  FREE


SUMMARY OF DATA

   Group D2
     Number of missing data patterns             9

   Group D3
     Number of missing data patterns             9

   Group D4
     Number of missing data patterns             9

   Group D5
     Number of missing data patterns             9


SUMMARY OF MISSING DATA PATTERNS


     MISSING DATA PATTERNS FOR D2 (x = not missing)

           1  2  3  4  5  6  7  8  9
 AHRZ_IND  x  x  x  x  x  x  x  x
 BHRZ_IND  x  x  x  x              x
 CHRZ_IND  x  x        x  x        x
 DHRZ_IND  x     x     x     x     x


     MISSING DATA PATTERN FREQUENCIES FOR D2

    Pattern   Frequency     Pattern   Frequency     Pattern   Frequency
          1         190           4          12           7          11
          2          13           5           7           8          58
          3           7           6           5           9           1


     MISSING DATA PATTERNS FOR D3 (x = not missing)

           1  2  3  4  5  6  7  8  9
 AHRZ_IND  x  x  x  x  x  x  x  x
 BHRZ_IND  x  x  x  x              x
 CHRZ_IND  x  x        x  x        x
 DHRZ_IND  x     x     x     x     x


     MISSING DATA PATTERN FREQUENCIES FOR D3

    Pattern   Frequency     Pattern   Frequency     Pattern   Frequency
          1         135           4          15           7           3
          2           6           5           7           8          46
          3           8           6           6           9           1


     MISSING DATA PATTERNS FOR D4 (x = not missing)

           1  2  3  4  5  6  7  8  9
 AHRZ_IND  x  x  x  x  x  x  x  x
 BHRZ_IND  x  x  x  x
 CHRZ_IND  x  x        x  x        x
 DHRZ_IND  x     x     x     x     x


     MISSING DATA PATTERN FREQUENCIES FOR D4

    Pattern   Frequency     Pattern   Frequency     Pattern   Frequency
          1         104           4          12           7           5
          2          15           5           7           8          42
          3           8           6           5           9           1


     MISSING DATA PATTERNS FOR D5 (x = not missing)

           1  2  3  4  5  6  7  8  9
 AHRZ_IND  x  x  x  x  x  x  x  x
 BHRZ_IND  x  x  x  x              x
 CHRZ_IND  x  x        x  x        x
 DHRZ_IND  x     x     x     x     x


     MISSING DATA PATTERN FREQUENCIES FOR D5

    Pattern   Frequency     Pattern   Frequency     Pattern   Frequency
          1          61           4          10           7           6
          2          11           5           3           8          29
          3           5           6           6           9           1


COVARIANCE COVERAGE OF DATA

Minimum covariance coverage value   0.100


     PROPORTION OF DATA PRESENT FOR D2


           Covariance Coverage
              AHRZ_IND      BHRZ_IND      CHRZ_IND      DHRZ_IND
              ________      ________      ________      ________
 AHRZ_IND       0.997
 BHRZ_IND       0.730         0.734
 CHRZ_IND       0.707         0.671         0.711
 DHRZ_IND       0.707         0.651         0.651         0.711


     PROPORTION OF DATA PRESENT FOR D3


           Covariance Coverage
              AHRZ_IND      BHRZ_IND      CHRZ_IND      DHRZ_IND
              ________      ________      ________      ________
 AHRZ_IND       0.996
 BHRZ_IND       0.722         0.727
 CHRZ_IND       0.678         0.626         0.683
 DHRZ_IND       0.674         0.634         0.630         0.678


     PROPORTION OF DATA PRESENT FOR D4


           Covariance Coverage
              AHRZ_IND      BHRZ_IND      CHRZ_IND      DHRZ_IND
              ________      ________      ________      ________
 AHRZ_IND       0.995
 BHRZ_IND       0.698         0.698
 CHRZ_IND       0.658         0.598         0.663
 DHRZ_IND       0.623         0.563         0.563         0.628


     PROPORTION OF DATA PRESENT FOR D5


           Covariance Coverage
              AHRZ_IND      BHRZ_IND      CHRZ_IND      DHRZ_IND
              ________      ________      ________      ________
 AHRZ_IND       0.992
 BHRZ_IND       0.659         0.667
 CHRZ_IND       0.614         0.553         0.621
 DHRZ_IND       0.568         0.508         0.492         0.576


SAMPLE STATISTICS


     ESTIMATED SAMPLE STATISTICS FOR D2


           Means
              AHRZ_IND      BHRZ_IND      CHRZ_IND      DHRZ_IND
              ________      ________      ________      ________
      1        75.509        75.257        74.360        74.169


           Covariances
              AHRZ_IND      BHRZ_IND      CHRZ_IND      DHRZ_IND
              ________      ________      ________      ________
 AHRZ_IND     236.750
 BHRZ_IND     138.078       235.220
 CHRZ_IND     110.907       125.402       256.443
 DHRZ_IND     108.532       131.477       150.508       252.256


           Correlations
              AHRZ_IND      BHRZ_IND      CHRZ_IND      DHRZ_IND
              ________      ________      ________      ________
 AHRZ_IND       1.000
 BHRZ_IND       0.585         1.000
 CHRZ_IND       0.450         0.511         1.000
 DHRZ_IND       0.444         0.540         0.592         1.000


     ESTIMATED SAMPLE STATISTICS FOR D3


           Means
              AHRZ_IND      BHRZ_IND      CHRZ_IND      DHRZ_IND
              ________      ________      ________      ________
      1        74.506        74.422        75.635        74.362


           Covariances
              AHRZ_IND      BHRZ_IND      CHRZ_IND      DHRZ_IND
              ________      ________      ________      ________
 AHRZ_IND     273.002
 BHRZ_IND     152.911       277.982
 CHRZ_IND     169.728       154.738       261.203
 DHRZ_IND     159.290       183.431       181.277       264.944


           Correlations
              AHRZ_IND      BHRZ_IND      CHRZ_IND      DHRZ_IND
              ________      ________      ________      ________
 AHRZ_IND       1.000
 BHRZ_IND       0.555         1.000
 CHRZ_IND       0.636         0.574         1.000
 DHRZ_IND       0.592         0.676         0.689         1.000


     ESTIMATED SAMPLE STATISTICS FOR D4


           Means
              AHRZ_IND      BHRZ_IND      CHRZ_IND      DHRZ_IND
              ________      ________      ________      ________
      1        73.030        75.216        73.378        73.704


           Covariances
              AHRZ_IND      BHRZ_IND      CHRZ_IND      DHRZ_IND
              ________      ________      ________      ________
 AHRZ_IND     262.158
 BHRZ_IND     129.950       215.312
 CHRZ_IND     125.778       126.933       216.012
 DHRZ_IND     137.408       132.786       129.175       218.836


           Correlations
              AHRZ_IND      BHRZ_IND      CHRZ_IND      DHRZ_IND
              ________      ________      ________      ________
 AHRZ_IND       1.000
 BHRZ_IND       0.547         1.000
 CHRZ_IND       0.529         0.589         1.000
 DHRZ_IND       0.574         0.612         0.594         1.000


     ESTIMATED SAMPLE STATISTICS FOR D5


           Means
              AHRZ_IND      BHRZ_IND      CHRZ_IND      DHRZ_IND
              ________      ________      ________      ________
      1        74.335        72.608        74.541        71.504


           Covariances
              AHRZ_IND      BHRZ_IND      CHRZ_IND      DHRZ_IND
              ________      ________      ________      ________
 AHRZ_IND     223.107
 BHRZ_IND     144.391       273.376
 CHRZ_IND     121.463       145.520       209.076
 DHRZ_IND     130.426       163.222       149.174       231.768


           Correlations
              AHRZ_IND      BHRZ_IND      CHRZ_IND      DHRZ_IND
              ________      ________      ________      ________
 AHRZ_IND       1.000
 BHRZ_IND       0.585         1.000
 CHRZ_IND       0.562         0.609         1.000
 DHRZ_IND       0.574         0.648         0.678         1.000


     MAXIMUM LOG-LIKELIHOOD VALUE FOR THE UNRESTRICTED (H1) MODEL IS  -10506.089


THE MODEL ESTIMATION TERMINATED NORMALLY



MODEL FIT INFORMATION

Number of Free Parameters                       32

Loglikelihood

          H0 Value                      -10518.894
          H1 Value                      -10506.089

Information Criteria

          Akaike (AIC)                   21101.788
          Bayesian (BIC)                 21254.084
          Sample-Size Adjusted BIC       21152.461
            (n* = (n + 2) / 24)

Chi-Square Test of Model Fit

          Value                             25.610
          Degrees of Freedom                    24
          P-Value                           0.3732

Chi-Square Contributions From Each Group

          D2                                 5.695
          D3                                 8.205
          D4                                 6.407
          D5                                 5.302

RMSEA (Root Mean Square Error Of Approximation)

          Estimate                           0.018
          90 Percent C.I.                    0.000  0.059
          Probability RMSEA <= .05           0.880

CFI/TLI

          CFI                                0.998
          TLI                                0.998

Chi-Square Test of Model Fit for the Baseline Model

          Value                            921.474
          Degrees of Freedom                    24
          P-Value                           0.0000

SRMR (Standardized Root Mean Square Residual)

          Value                              0.090



MODEL RESULTS

                                                    Two-Tailed
                    Estimate       S.E.  Est./S.E.    P-Value

Group D2

 AHRZ_IND WITH
    BHRZ_IND         138.029     14.359      9.613      0.000
    CHRZ_IND         121.968     14.746      8.271      0.000
    DHRZ_IND         104.955     17.033      6.162      0.000

 BHRZ_IND WITH
    CHRZ_IND         138.029     14.359      9.613      0.000
    DHRZ_IND         121.968     14.746      8.271      0.000

 CHRZ_IND WITH
    DHRZ_IND         138.029     14.359      9.613      0.000

 Means
    AHRZ_IND          75.506      0.898     84.129      0.000
    BHRZ_IND          75.231      0.996     75.525      0.000
    CHRZ_IND          74.341      1.014     73.284      0.000
    DHRZ_IND          74.229      1.025     72.401      0.000

 Variances
    AHRZ_IND         244.364     14.413     16.954      0.000
    BHRZ_IND         244.364     14.413     16.954      0.000
    CHRZ_IND         244.364     14.413     16.954      0.000
    DHRZ_IND         244.364     14.413     16.954      0.000

Group D3

 AHRZ_IND WITH
    BHRZ_IND         164.638     20.033      8.218      0.000
    CHRZ_IND         177.362     20.408      8.691      0.000
    DHRZ_IND         155.852     22.371      6.967      0.000

 BHRZ_IND WITH
    CHRZ_IND         164.638     20.033      8.218      0.000
    DHRZ_IND         177.362     20.408      8.691      0.000

 CHRZ_IND WITH
    DHRZ_IND         164.638     20.033      8.218      0.000

 Means
    AHRZ_IND          74.500      1.093     68.182      0.000
    BHRZ_IND          74.492      1.207     61.730      0.000
    CHRZ_IND          75.695      1.219     62.089      0.000
    DHRZ_IND          74.322      1.237     60.067      0.000

 Variances
    AHRZ_IND         270.422     19.924     13.573      0.000
    BHRZ_IND         270.422     19.924     13.573      0.000
    CHRZ_IND         270.422     19.924     13.573      0.000
    DHRZ_IND         270.422     19.924     13.573      0.000

Group D4

 AHRZ_IND WITH
    BHRZ_IND         134.585     18.031      7.464      0.000
    CHRZ_IND         131.972     18.330      7.200      0.000
    DHRZ_IND         132.620     19.368      6.848      0.000

 BHRZ_IND WITH
    CHRZ_IND         134.585     18.031      7.464      0.000
    DHRZ_IND         131.972     18.330      7.200      0.000

 CHRZ_IND WITH
    DHRZ_IND         134.585     18.031      7.464      0.000

 Means
    AHRZ_IND          73.021      1.084     67.376      0.000
    BHRZ_IND          75.108      1.221     61.509      0.000
    CHRZ_IND          73.350      1.242     59.038      0.000
    DHRZ_IND          73.671      1.264     58.274      0.000

 Variances
    AHRZ_IND         233.026     17.842     13.061      0.000
    BHRZ_IND         233.026     17.842     13.061      0.000
    CHRZ_IND         233.026     17.842     13.061      0.000
    DHRZ_IND         233.026     17.842     13.061      0.000

Group D5

 AHRZ_IND WITH
    BHRZ_IND         141.640     22.502      6.295      0.000
    CHRZ_IND         139.394     23.085      6.038      0.000
    DHRZ_IND         132.711     27.978      4.743      0.000

 BHRZ_IND WITH
    CHRZ_IND         141.640     22.502      6.295      0.000
    DHRZ_IND         139.394     23.085      6.038      0.000

 CHRZ_IND WITH
    DHRZ_IND         141.640     22.502      6.295      0.000

 Means
    AHRZ_IND          74.338      1.330     55.898      0.000
    BHRZ_IND          72.611      1.510     48.086      0.000
    CHRZ_IND          74.482      1.545     48.220      0.000
    DHRZ_IND          71.587      1.598     44.797      0.000

 Variances
    AHRZ_IND         232.519     22.500     10.334      0.000
    BHRZ_IND         232.519     22.500     10.334      0.000
    CHRZ_IND         232.519     22.500     10.334      0.000
    DHRZ_IND         232.519     22.500     10.334      0.000


STANDARDIZED MODEL RESULTS


STDYX Standardization

                                                    Two-Tailed
                    Estimate       S.E.  Est./S.E.    P-Value

Group D2

 AHRZ_IND WITH
    BHRZ_IND           0.565      0.032     17.448      0.000
    CHRZ_IND           0.499      0.039     12.715      0.000
    DHRZ_IND           0.430      0.056      7.682      0.000

 BHRZ_IND WITH
    CHRZ_IND           0.565      0.032     17.448      0.000
    DHRZ_IND           0.499      0.039     12.715      0.000

 CHRZ_IND WITH
    DHRZ_IND           0.565      0.032     17.448      0.000

 Means
    AHRZ_IND           4.830      0.154     31.458      0.000
    BHRZ_IND           4.813      0.155     30.952      0.000
    CHRZ_IND           4.756      0.155     30.635      0.000
    DHRZ_IND           4.748      0.156     30.491      0.000

 Variances
    AHRZ_IND           1.000      0.000    999.000    999.000
    BHRZ_IND           1.000      0.000    999.000    999.000
    CHRZ_IND           1.000      0.000    999.000    999.000
    DHRZ_IND           1.000      0.000    999.000    999.000

Group D3

 AHRZ_IND WITH
    BHRZ_IND           0.609      0.038     16.205      0.000
    CHRZ_IND           0.656      0.036     18.265      0.000
    DHRZ_IND           0.576      0.054     10.624      0.000

 BHRZ_IND WITH
    CHRZ_IND           0.609      0.038     16.205      0.000
    DHRZ_IND           0.656      0.036     18.265      0.000

 CHRZ_IND WITH
    DHRZ_IND           0.609      0.038     16.205      0.000

 Means
    AHRZ_IND           4.530      0.180     25.219      0.000
    BHRZ_IND           4.530      0.182     24.922      0.000
    CHRZ_IND           4.603      0.185     24.902      0.000
    DHRZ_IND           4.520      0.182     24.770      0.000

 Variances
    AHRZ_IND           1.000      0.000    999.000    999.000
    BHRZ_IND           1.000      0.000    999.000    999.000
    CHRZ_IND           1.000      0.000    999.000    999.000
    DHRZ_IND           1.000      0.000    999.000    999.000

Group D4

 AHRZ_IND WITH
    BHRZ_IND           0.578      0.042     13.656      0.000
    CHRZ_IND           0.566      0.046     12.414      0.000
    DHRZ_IND           0.569      0.054     10.550      0.000

 BHRZ_IND WITH
    CHRZ_IND           0.578      0.042     13.656      0.000
    DHRZ_IND           0.566      0.046     12.414      0.000

 CHRZ_IND WITH
    DHRZ_IND           0.578      0.042     13.656      0.000

 Means
    AHRZ_IND           4.783      0.196     24.364      0.000
    BHRZ_IND           4.920      0.206     23.876      0.000
    CHRZ_IND           4.805      0.202     23.836      0.000
    DHRZ_IND           4.826      0.202     23.835      0.000

 Variances
    AHRZ_IND           1.000      0.000    999.000    999.000
    BHRZ_IND           1.000      0.000    999.000    999.000
    CHRZ_IND           1.000      0.000    999.000    999.000
    DHRZ_IND           1.000      0.000    999.000    999.000

Group D5

 AHRZ_IND WITH
    BHRZ_IND           0.609      0.049     12.391      0.000
    CHRZ_IND           0.599      0.054     11.069      0.000
    DHRZ_IND           0.571      0.087      6.579      0.000

 BHRZ_IND WITH
    CHRZ_IND           0.609      0.049     12.391      0.000
    DHRZ_IND           0.599      0.054     11.069      0.000

 CHRZ_IND WITH
    DHRZ_IND           0.609      0.049     12.391      0.000

 Means
    AHRZ_IND           4.875      0.251     19.392      0.000
    BHRZ_IND           4.762      0.252     18.893      0.000
    CHRZ_IND           4.885      0.257     18.995      0.000
    DHRZ_IND           4.695      0.252     18.634      0.000

 Variances
    AHRZ_IND           1.000      0.000    999.000    999.000
    BHRZ_IND           1.000      0.000    999.000    999.000
    CHRZ_IND           1.000      0.000    999.000    999.000
    DHRZ_IND           1.000      0.000    999.000    999.000


R-SQUARE

Group D2

Group D3

Group D4

Group D5


QUALITY OF NUMERICAL RESULTS

     Condition Number for the Information Matrix              0.840E-03
       (ratio of smallest to largest eigenvalue)


     Beginning Time:  18:20:36
        Ending Time:  18:20:36
       Elapsed Time:  00:00:00



MUTHEN & MUTHEN
3463 Stoner Ave.
Los Angeles, CA  90066

Tel: (310) 391-9971
Fax: (310) 391-8971
Web: www.StatModel.com
Support: Support@StatModel.com

Copyright (c) 1998-2011 Muthen & Muthen
