Mplus VERSION 6.12
MUTHEN & MUTHEN
03/21/2016  11:53 AM

INPUT INSTRUCTIONS


  title: PxVx Univariate - Col MeanOnly BFI_N with MeanOnly VRT_COL;
  data: file = E:\Projects\lnt_pxvx\Data\LT_227.txt;



  variable:
  names =
  subjid
  Sample
  aGENDER
  aAGE
  aethnic1
  aethnic2
  aedu_mom
  aedu_dad
  aEDUCATN
  bEDUCATN
  cEDUCATN
  aEMPLOYD
  bEMPLOYD
  cEMPLOYD
  dEMPLOYD
  aINCOME
  bINCOME
  cINCOME
  dINCOME
  aS_SCALE
  bS_SCALE
  cS_SCALE
  dS_SCALE
  aD_SCALE
  bD_SCALE
  cD_SCALE
  dD_SCALE
  aS_COMP
  bS_COMP
  cS_COMP
  dS_COMP
  aD_COMP
  bD_COMP
  cD_COMP
  dD_COMP
  aBFI_A
  aBFI_A6
  aBFI_C
  aBFI_E
  aBFI_HP
  aBFI_N
  aBFI_O
  bBFI_A
  bBFI_A6
  bBFI_C
  bBFI_E
  bBFI_HP
  bBFI_N
  bBFI_O
  cBFI_A
  cBFI_A6
  cBFI_C
  cBFI_E
  cBFI_HP
  cBFI_N
  cBFI_O
  dBFI_A
  dBFI_A6
  dBFI_C
  dBFI_E
  dBFI_HP
  dBFI_N
  dBFI_O
  aBFA_AC
  aBFA_AP
  aBFA_CI
  aBFA_CO
  aBFA_EA
  aBFA_EE
  aBFA_N9
  aBFA_NV
  aBFA_NW
  aBFA_OI
  aBFA_OO
  aBFA_PS
  aBFA_MT
  bBFA_AC
  bBFA_AP
  bBFA_CI
  bBFA_CO
  bBFA_EA
  bBFA_EE
  bBFA_N9
  bBFA_NV
  bBFA_NW
  bBFA_OI
  bBFA_OO
  bBFA_MT
  bBFA_PS
  cBFA_AC
  cBFA_AP
  cBFA_CI
  cBFA_CO
  cBFA_EA
  cBFA_EE
  cBFA_N9
  cBFA_NV
  cBFA_NW
  cBFA_OI
  cBFA_OO
  cBFA_MT
  cBFA_PS
  dBFA_AC
  dBFA_AP
  dBFA_CI
  dBFA_CO
  dBFA_EA
  dBFA_EE
  dBFA_N9
  dBFA_NV
  dBFA_NW
  dBFA_OI
  dBFA_OO
  dBFA_MT
  dBFA_PS
  aUSI
  bUSI
  cUSI
  dUSI
  aHRZ_IND
  bHRZ_IND
  cHRZ_IND
  dHRZ_IND
  aVRT_IND
  bVRT_IND
  cVRT_IND
  dVRT_IND
  aHRZ_COL
  bHRZ_COL
  cHRZ_COL
  dHRZ_COL
  aVRT_COL
  bVRT_COL
  cVRT_COL
  dVRT_COL
  aCOLLCTV
  bCOLLCTV
  cCOLLCTV
  dCOLLCTV
  aMVS
  bMVS
  cMVS
  dMVS
  aST
  bST
  cST
  dST
  aSD
  bSD
  cSD
  dSD
  aMVS_mc
  bMVS_mc
  cMVS_mc
  dMVS_mc
  aST_mc
  bST_mc
  cST_mc
  dST_mc
  aSD_mc
  bSD_mc
  cSD_mc
  dSD_mc
  bMEANING
  cMEANING
  dMEANING
  bMEAN_L
  cMEAN_L
  dMEAN_L
  bMEANNGc
  cMEANNGc
  dMEANNGc
  bMEANGlc
  cMEANGlc
  dMEANGlc
  bCLASSIC
  cCLASSIC
  dCLASSIC
  bCLASSCc
  cCLASSCc
  dCLASSCc
  bAGR_VAL
  cAGR_VAL
  dAGR_VAL
  bOPN_VAL
  cOPN_VAL
  dOPN_VAL
  bAGR_VLc
  cAGR_VLc
  dAGR_VLc
  bOPNVALc
  cOPNVALc
  dOPNVALc
  aMV_pomp
  bMV_pomp
  cMV_pomp
  dMV_pomp
  aST_pomp
  bST_pomp
  cST_pomp
  dST_pomp
  aSD_pomp
  bSD_pomp
  cSD_pomp
  dSD_pomp
  agoal_ec
  bgoal_ec
  cgoal_ec
  dgoal_ec
  aAspfinc
  bAspfinc
  cAspfinc
  dAspfinc
  abfi_hp8
  bbfi_hp8
  cbfi_hp8
  dbfi_hp8
  aP_S_BFI
  aP_D_BFI
  aECgoalc
  bECgoalC
  cECgoalC
  dECgoalC
  aaspfin
  baspfin
  caspfin
  daspfin
  aMVI_POMP
  bMVI_POMP
  cMVI_POMP
  dMVI_POMP;

  USEVARIABLES =
  aBFI_N
  bBFI_N
  cBFI_N
  dBFI_N
  aVRT_COL
  bVRT_COL
  cVRT_COL
  dVRT_COL
  bage_c
  cage_c
  dage_c
  ;

  missing = all (-9999);

  USEOBSERVATIONS are Sample == 2; ! College Sample

  tscores = bage_c cage_c dage_c;

  DEFINE:
  bage_c = aAGE + 1 - 20.5;
  cage_c = aAGE + 2 - 20.5;
  dage_c = aAGE + 3 - 20.5;

  ANALYSIS:
  TYPE=RANDOM;
  PROCESSORS = 8;

  MODEL:

  i_BFI_N s_BFI_N | bBFI_N cBFI_N dBFI_N AT bage_c cage_c dage_c;
  i_VRT_COL s_VRT_COL | bVRT_COL cVRT_COL dVRT_COL AT bage_c cage_c dage_c;


  !After Bollen and Curran initial observation is not part of LGM

  dBFI_N on cBFI_N (a); ! Autoregressive paths constrained to equality
  cBFI_N on bBFI_N (a);
  bBFI_N on aBFI_N (a);

  dVRT_COL on cVRT_COL (b); ! Autoregressive paths constrained to equality
  cVRT_COL on bVRT_COL (b);
  bVRT_COL on aVRT_COL (b);

  bBFI_N cBFI_N dBFI_N (c); !Equality constraint on residuals
  bVRT_COL cVRT_COL dVRT_COL (d); !Equality constraint on residuals

  dVRT_COL on cBFI_N (x); ! Cross-lagged paths constrained to equality
  cVRT_COL on bBFI_N (x);
  bVRT_COL on aBFI_N (x);

  dBFI_N on cVRT_COL (y); ! Cross-lagged paths constrained to equality
  cBFI_N on bVRT_COL (y);
  bBFI_N on aVRT_COL (y);

  dVRT_COL with dBFI_N (w); ! within-wave correlations constrained to equality
  cVRT_COL with cBFI_N (w);
  bVRT_COL with bBFI_N (w);

  aBFI_N aVRT_COL i_BFI_N i_VRT_COL
  with
  aBFI_N aVRT_COL i_BFI_N i_VRT_COL;

  s_BFI_N@0;

  s_VRT_COL@0;

  OUTPUT: SAMPSTAT PATTERNS;



*** WARNING
  Variable name contains more than 8 characters.
  Only the first 8 characters will be printed in the output.
  Variable: AMVI_POMP
*** WARNING
  Variable name contains more than 8 characters.
  Only the first 8 characters will be printed in the output.
  Variable: BMVI_POMP
*** WARNING
  Variable name contains more than 8 characters.
  Only the first 8 characters will be printed in the output.
  Variable: CMVI_POMP
*** WARNING
  Variable name contains more than 8 characters.
  Only the first 8 characters will be printed in the output.
  Variable: DMVI_POMP
*** WARNING
  Variable name contains more than 8 characters.
  Only the first 8 characters will be printed in the output.
  Variable: I_VRT_COL
*** WARNING
  Variable name contains more than 8 characters.
  Only the first 8 characters will be printed in the output.
  Variable: S_VRT_COL
*** WARNING in MODEL command
  All continuous latent variable covariances involving S_BFI_N have been fixed to 0
  because the variance of S_BFI_N is fixed at 0.
*** WARNING in MODEL command
  All continuous latent variable covariances involving S_VRT_COL have been fixed to 0
  because the variance of S_VRT_COL is fixed at 0.
*** WARNING
  Data set contains cases with missing on all variables.
  These cases were not included in the analysis.
  Number of cases with missing on all variables:  1
*** WARNING
  Data set contains cases with missing on time scores but non-missing on the
  corresponding dependent variables.  These cases were not included in the analysis.
  Number of such cases:  2
  10 WARNING(S) FOUND IN THE INPUT INSTRUCTIONS



PxVx Univariate - Col MeanOnly BFI_N with MeanOnly VRT_COL;

SUMMARY OF ANALYSIS

Number of groups                                                 1
Number of observations                                         277

Number of dependent variables                                    6
Number of independent variables                                  2
Number of continuous latent variables                            4

Observed dependent variables

  Continuous
   BBFI_N      CBFI_N      DBFI_N      BVRT_COL    CVRT_COL    DVRT_COL

Observed independent variables
   ABFI_N      AVRT_COL

Continuous latent variables
   I_BFI_N     S_BFI_N     I_VRT_CO    S_VRT_CO

Variables with special functions

  Time scores
   BAGE_C      CAGE_C      DAGE_C


Estimator                                                      MLR
Information matrix                                        OBSERVED
Maximum number of iterations                                   100
Convergence criterion                                    0.100D-05
Maximum number of EM iterations                                500
Convergence criteria for the EM algorithm
  Loglikelihood change                                   0.100D-02
  Relative loglikelihood change                          0.100D-05
  Derivative                                             0.100D-03
Minimum variance                                         0.100D-03
Maximum number of steepest descent iterations                   20
Maximum number of iterations for H1                           2000
Convergence criterion for H1                             0.100D-03
Optimization algorithm                                         EMA

Input data file(s)
  E:\Projects\lnt_pxvx\Data\LT_227.txt
Input data format  FREE


SUMMARY OF DATA

     Number of missing data patterns            15


SUMMARY OF MISSING DATA PATTERNS


     MISSING DATA PATTERNS (x = not missing)

           1  2  3  4  5  6  7  8  9 10 11 12 13 14 15
 BBFI_N    x  x     x        x  x     x  x        x  x
 CBFI_N    x  x  x                 x  x     x        x
 DBFI_N    x     x        x  x  x  x  x  x           x
 BVRT_COL  x  x     x           x     x  x
 CVRT_COL  x  x  x                 x  x     x        x
 DVRT_COL  x              x     x  x                 x
 ABFI_N    x  x  x  x  x  x  x  x  x  x  x  x  x  x  x
 AVRT_COL  x  x  x  x  x  x  x  x  x  x  x  x     x  x


     MISSING DATA PATTERN FREQUENCIES

    Pattern   Frequency     Pattern   Frequency     Pattern   Frequency
          1         138           6          11          11           1
          2          10           7           1          12           4
          3           2           8          16          13           2
          4          26           9           9          14           2
          5          52          10           2          15           1


COVARIANCE COVERAGE OF DATA

Minimum covariance coverage value   0.100


     PROPORTION OF DATA PRESENT


           Covariance Coverage
              BBFI_N        CBFI_N        DBFI_N        BVRT_COL      CVRT_COL
              ________      ________      ________      ________      ________
 BBFI_N         0.711
 CBFI_N         0.545         0.599
 DBFI_N         0.574         0.549         0.653
 BVRT_COL       0.697         0.542         0.567         0.697
 CVRT_COL       0.545         0.599         0.549         0.542         0.599
 DVRT_COL       0.560         0.534         0.632         0.556         0.534
 ABFI_N         0.711         0.599         0.653         0.697         0.599
 AVRT_COL       0.711         0.599         0.653         0.697         0.599


           Covariance Coverage
              DVRT_COL      ABFI_N        AVRT_COL
              ________      ________      ________
 DVRT_COL       0.632
 ABFI_N         0.632         1.000
 AVRT_COL       0.632         0.993         0.993


SAMPLE STATISTICS


     ESTIMATED SAMPLE STATISTICS


           Means
              BBFI_N        CBFI_N        DBFI_N        BVRT_COL      CVRT_COL
              ________      ________      ________      ________      ________
 1             48.912        48.146        46.794        66.255        64.115


           Means
              DVRT_COL      ABFI_N        AVRT_COL
              ________      ________      ________
 1             64.672        50.100        67.085


           Covariances
              BBFI_N        CBFI_N        DBFI_N        BVRT_COL      CVRT_COL
              ________      ________      ________      ________      ________
 BBFI_N       371.247
 CBFI_N       289.018       395.941
 DBFI_N       286.470       320.957       412.905
 BVRT_COL      11.916        -4.556       -31.139       311.327
 CVRT_COL      19.198        -2.518       -15.737       178.948       299.877
 DVRT_COL       0.770         0.932       -12.117       204.234       202.907
 ABFI_N       264.410       264.734       278.479         5.506         0.069
 AVRT_COL      10.111       -17.569       -19.936       201.659       182.263


           Covariances
              DVRT_COL      ABFI_N        AVRT_COL
              ________      ________      ________
 DVRT_COL     344.148
 ABFI_N       -10.381       379.813
 AVRT_COL     208.412       -33.760       327.928


           Correlations
              BBFI_N        CBFI_N        DBFI_N        BVRT_COL      CVRT_COL
              ________      ________      ________      ________      ________
 BBFI_N         1.000
 CBFI_N         0.754         1.000
 DBFI_N         0.732         0.794         1.000
 BVRT_COL       0.035        -0.013        -0.087         1.000
 CVRT_COL       0.058        -0.007        -0.045         0.586         1.000
 DVRT_COL       0.002         0.003        -0.032         0.624         0.632
 ABFI_N         0.704         0.683         0.703         0.016         0.000
 AVRT_COL       0.029        -0.049        -0.054         0.631         0.581


           Correlations
              DVRT_COL      ABFI_N        AVRT_COL
              ________      ________      ________
 DVRT_COL       1.000
 ABFI_N        -0.029         1.000
 AVRT_COL       0.620        -0.096         1.000


     MAXIMUM LOG-LIKELIHOOD VALUE FOR THE UNRESTRICTED (H1) MODEL IS -6682.495


THE MODEL ESTIMATION TERMINATED NORMALLY



MODEL FIT INFORMATION

Number of Free Parameters                       23

Loglikelihood

          H0 Value                       -6688.995
          H0 Scaling Correction Factor       0.987
            for MLR

Information Criteria

          Akaike (AIC)                   13423.989
          Bayesian (BIC)                 13507.342
          Sample-Size Adjusted BIC       13434.412
            (n* = (n + 2) / 24)



MODEL RESULTS

                                                    Two-Tailed
                    Estimate       S.E.  Est./S.E.    P-Value

 DBFI_N     ON
    CBFI_N             0.146      0.057      2.559      0.011
    CVRT_COL           0.105      0.041      2.560      0.010

 CBFI_N     ON
    BBFI_N             0.146      0.057      2.559      0.011
    BVRT_COL           0.105      0.041      2.560      0.010

 BBFI_N     ON
    ABFI_N             0.146      0.057      2.559      0.011
    AVRT_COL           0.105      0.041      2.560      0.010

 DVRT_COL   ON
    CVRT_COL           0.069      0.050      1.390      0.164
    CBFI_N             0.168      0.050      3.384      0.001

 CVRT_COL   ON
    BVRT_COL           0.069      0.050      1.390      0.164
    BBFI_N             0.168      0.050      3.384      0.001

 BVRT_COL   ON
    AVRT_COL           0.069      0.050      1.390      0.164
    ABFI_N             0.168      0.050      3.384      0.001

 I_VRT_CO WITH
    I_BFI_N          -72.239     24.854     -2.907      0.004

 ABFI_N   WITH
    I_BFI_N          225.070     28.969      7.769      0.000
    I_VRT_COL        -51.715     25.395     -2.036      0.042

 AVRT_COL WITH
    I_BFI_N          -32.130     21.329     -1.506      0.132
    I_VRT_COL        183.518     21.053      8.717      0.000

 DVRT_COL WITH
    DBFI_N            13.372      7.002      1.910      0.056

 CVRT_COL WITH
    CBFI_N            13.372      7.002      1.910      0.056

 BVRT_COL WITH
    BBFI_N            13.372      7.002      1.910      0.056

 AVRT_COL WITH
    ABFI_N           -33.761     22.473     -1.502      0.133

 Means
    ABFI_N            50.100      1.171     42.787      0.000
    AVRT_COL          67.085      1.095     61.273      0.000
    I_BFI_N           35.084      3.664      9.576      0.000
    S_BFI_N           -0.572      0.524     -1.091      0.275
    I_VRT_COL         53.321      3.906     13.650      0.000
    S_VRT_COL         -0.485      0.568     -0.854      0.393

 Intercepts
    BBFI_N             0.000      0.000    999.000    999.000
    CBFI_N             0.000      0.000    999.000    999.000
    DBFI_N             0.000      0.000    999.000    999.000
    BVRT_COL           0.000      0.000    999.000    999.000
    CVRT_COL           0.000      0.000    999.000    999.000
    DVRT_COL           0.000      0.000    999.000    999.000

 Variances
    ABFI_N           379.820     28.566     13.296      0.000
    AVRT_COL         327.921     21.915     14.963      0.000
    I_BFI_N          214.987     38.597      5.570      0.000
    S_BFI_N            0.000      0.000    999.000    999.000
    I_VRT_COL        172.139     29.425      5.850      0.000
    S_VRT_COL          0.000      0.000    999.000    999.000

 Residual Variances
    BBFI_N           104.162     10.720      9.717      0.000
    CBFI_N           104.162     10.720      9.717      0.000
    DBFI_N           104.162     10.720      9.717      0.000
    BVRT_COL         128.779     12.066     10.673      0.000
    CVRT_COL         128.779     12.066     10.673      0.000
    DVRT_COL         128.779     12.066     10.673      0.000


QUALITY OF NUMERICAL RESULTS

     Condition Number for the Information Matrix              0.112E-04
       (ratio of smallest to largest eigenvalue)


     Beginning Time:  11:53:47
        Ending Time:  11:53:48
       Elapsed Time:  00:00:01



MUTHEN & MUTHEN
3463 Stoner Ave.
Los Angeles, CA  90066

Tel: (310) 391-9971
Fax: (310) 391-8971
Web: www.StatModel.com
Support: Support@StatModel.com

Copyright (c) 1998-2011 Muthen & Muthen
