Mplus VERSION 6.12
MUTHEN & MUTHEN
03/21/2016  11:25 AM

INPUT INSTRUCTIONS


  title: PxVx Univariate - Col Lin BFA_EA with MeanOnly BFA_MT;
  data: file = E:\Projects\lnt_pxvx\Data\LT_227.txt;



  variable:
  names =
  subjid
  Sample
  aGENDER
  aAGE
  aethnic1
  aethnic2
  aedu_mom
  aedu_dad
  aEDUCATN
  bEDUCATN
  cEDUCATN
  aEMPLOYD
  bEMPLOYD
  cEMPLOYD
  dEMPLOYD
  aINCOME
  bINCOME
  cINCOME
  dINCOME
  aS_SCALE
  bS_SCALE
  cS_SCALE
  dS_SCALE
  aD_SCALE
  bD_SCALE
  cD_SCALE
  dD_SCALE
  aS_COMP
  bS_COMP
  cS_COMP
  dS_COMP
  aD_COMP
  bD_COMP
  cD_COMP
  dD_COMP
  aBFI_A
  aBFI_A6
  aBFI_C
  aBFI_E
  aBFI_HP
  aBFI_N
  aBFI_O
  bBFI_A
  bBFI_A6
  bBFI_C
  bBFI_E
  bBFI_HP
  bBFI_N
  bBFI_O
  cBFI_A
  cBFI_A6
  cBFI_C
  cBFI_E
  cBFI_HP
  cBFI_N
  cBFI_O
  dBFI_A
  dBFI_A6
  dBFI_C
  dBFI_E
  dBFI_HP
  dBFI_N
  dBFI_O
  aBFA_AC
  aBFA_AP
  aBFA_CI
  aBFA_CO
  aBFA_EA
  aBFA_EE
  aBFA_N9
  aBFA_NV
  aBFA_NW
  aBFA_OI
  aBFA_OO
  aBFA_PS
  aBFA_MT
  bBFA_AC
  bBFA_AP
  bBFA_CI
  bBFA_CO
  bBFA_EA
  bBFA_EE
  bBFA_N9
  bBFA_NV
  bBFA_NW
  bBFA_OI
  bBFA_OO
  bBFA_MT
  bBFA_PS
  cBFA_AC
  cBFA_AP
  cBFA_CI
  cBFA_CO
  cBFA_EA
  cBFA_EE
  cBFA_N9
  cBFA_NV
  cBFA_NW
  cBFA_OI
  cBFA_OO
  cBFA_MT
  cBFA_PS
  dBFA_AC
  dBFA_AP
  dBFA_CI
  dBFA_CO
  dBFA_EA
  dBFA_EE
  dBFA_N9
  dBFA_NV
  dBFA_NW
  dBFA_OI
  dBFA_OO
  dBFA_MT
  dBFA_PS
  aUSI
  bUSI
  cUSI
  dUSI
  aHRZ_IND
  bHRZ_IND
  cHRZ_IND
  dHRZ_IND
  aVRT_IND
  bVRT_IND
  cVRT_IND
  dVRT_IND
  aHRZ_COL
  bHRZ_COL
  cHRZ_COL
  dHRZ_COL
  aVRT_COL
  bVRT_COL
  cVRT_COL
  dVRT_COL
  aCOLLCTV
  bCOLLCTV
  cCOLLCTV
  dCOLLCTV
  aMVS
  bMVS
  cMVS
  dMVS
  aST
  bST
  cST
  dST
  aSD
  bSD
  cSD
  dSD
  aMVS_mc
  bMVS_mc
  cMVS_mc
  dMVS_mc
  aST_mc
  bST_mc
  cST_mc
  dST_mc
  aSD_mc
  bSD_mc
  cSD_mc
  dSD_mc
  bMEANING
  cMEANING
  dMEANING
  bMEAN_L
  cMEAN_L
  dMEAN_L
  bMEANNGc
  cMEANNGc
  dMEANNGc
  bMEANGlc
  cMEANGlc
  dMEANGlc
  bCLASSIC
  cCLASSIC
  dCLASSIC
  bCLASSCc
  cCLASSCc
  dCLASSCc
  bAGR_VAL
  cAGR_VAL
  dAGR_VAL
  bOPN_VAL
  cOPN_VAL
  dOPN_VAL
  bAGR_VLc
  cAGR_VLc
  dAGR_VLc
  bOPNVALc
  cOPNVALc
  dOPNVALc
  aMV_pomp
  bMV_pomp
  cMV_pomp
  dMV_pomp
  aST_pomp
  bST_pomp
  cST_pomp
  dST_pomp
  aSD_pomp
  bSD_pomp
  cSD_pomp
  dSD_pomp
  agoal_ec
  bgoal_ec
  cgoal_ec
  dgoal_ec
  aAspfinc
  bAspfinc
  cAspfinc
  dAspfinc
  abfi_hp8
  bbfi_hp8
  cbfi_hp8
  dbfi_hp8
  aP_S_BFI
  aP_D_BFI
  aECgoalc
  bECgoalC
  cECgoalC
  dECgoalC
  aaspfin
  baspfin
  caspfin
  daspfin
  aMVI_POMP
  bMVI_POMP
  cMVI_POMP
  dMVI_POMP;

  USEVARIABLES =
  aBFA_EA
  bBFA_EA
  cBFA_EA
  dBFA_EA
  aBFA_MT
  bBFA_MT
  cBFA_MT
  dBFA_MT
  bage_c
  cage_c
  dage_c
  ;

  missing = all (-9999);

  USEOBSERVATIONS are Sample == 2; ! College Sample

  tscores = bage_c cage_c dage_c;

  DEFINE:
  bage_c = aAGE + 1 - 20.5;
  cage_c = aAGE + 2 - 20.5;
  dage_c = aAGE + 3 - 20.5;

  ANALYSIS:
  TYPE=RANDOM;
  PROCESSORS = 8;

  MODEL:

  i_BFA_EA s_BFA_EA | bBFA_EA cBFA_EA dBFA_EA AT bage_c cage_c dage_c;
  i_BFA_MT s_BFA_MT | bBFA_MT cBFA_MT dBFA_MT AT bage_c cage_c dage_c;


  !After Bollen and Curran initial observation is not part of LGM

  dBFA_EA on cBFA_EA (a); ! Autoregressive paths constrained to equality
  cBFA_EA on bBFA_EA (a);
  bBFA_EA on aBFA_EA (a);

  dBFA_MT on cBFA_MT (b); ! Autoregressive paths constrained to equality
  cBFA_MT on bBFA_MT (b);
  bBFA_MT on aBFA_MT (b);

  bBFA_EA cBFA_EA dBFA_EA (c); !Equality constraint on residuals
  bBFA_MT cBFA_MT dBFA_MT (d); !Equality constraint on residuals

  dBFA_MT on cBFA_EA (x); ! Cross-lagged paths constrained to equality
  cBFA_MT on bBFA_EA (x);
  bBFA_MT on aBFA_EA (x);

  dBFA_EA on cBFA_MT (y); ! Cross-lagged paths constrained to equality
  cBFA_EA on bBFA_MT (y);
  bBFA_EA on aBFA_MT (y);

  dBFA_MT with dBFA_EA (w); ! within-wave correlations constrained to equality
  cBFA_MT with cBFA_EA (w);
  bBFA_MT with bBFA_EA (w);

  aBFA_EA aBFA_MT i_BFA_EA i_BFA_MT
  s_BFA_EA
  with
  s_BFA_EA
  aBFA_EA aBFA_MT i_BFA_EA i_BFA_MT;


  s_BFA_MT@0;

  OUTPUT: SAMPSTAT PATTERNS;



*** WARNING
  Variable name contains more than 8 characters.
  Only the first 8 characters will be printed in the output.
  Variable: AMVI_POMP
*** WARNING
  Variable name contains more than 8 characters.
  Only the first 8 characters will be printed in the output.
  Variable: BMVI_POMP
*** WARNING
  Variable name contains more than 8 characters.
  Only the first 8 characters will be printed in the output.
  Variable: CMVI_POMP
*** WARNING
  Variable name contains more than 8 characters.
  Only the first 8 characters will be printed in the output.
  Variable: DMVI_POMP
*** WARNING in MODEL command
  All continuous latent variable covariances involving S_BFA_MT have been fixed to 0
  because the variance of S_BFA_MT is fixed at 0.
*** WARNING
  Data set contains cases with missing on all variables.
  These cases were not included in the analysis.
  Number of cases with missing on all variables:  1
*** WARNING
  Data set contains cases with missing on time scores but non-missing on the
  corresponding dependent variables.  These cases were not included in the analysis.
  Number of such cases:  2
   7 WARNING(S) FOUND IN THE INPUT INSTRUCTIONS



PxVx Univariate - Col Lin BFA_EA with MeanOnly BFA_MT;

SUMMARY OF ANALYSIS

Number of groups                                                 1
Number of observations                                         277

Number of dependent variables                                    6
Number of independent variables                                  2
Number of continuous latent variables                            4

Observed dependent variables

  Continuous
   BBFA_EA     CBFA_EA     DBFA_EA     BBFA_MT     CBFA_MT     DBFA_MT

Observed independent variables
   ABFA_EA     ABFA_MT

Continuous latent variables
   I_BFA_EA    S_BFA_EA    I_BFA_MT    S_BFA_MT

Variables with special functions

  Time scores
   BAGE_C      CAGE_C      DAGE_C


Estimator                                                      MLR
Information matrix                                        OBSERVED
Maximum number of iterations                                   100
Convergence criterion                                    0.100D-05
Maximum number of EM iterations                                500
Convergence criteria for the EM algorithm
  Loglikelihood change                                   0.100D-02
  Relative loglikelihood change                          0.100D-05
  Derivative                                             0.100D-03
Minimum variance                                         0.100D-03
Maximum number of steepest descent iterations                   20
Maximum number of iterations for H1                           2000
Convergence criterion for H1                             0.100D-03
Optimization algorithm                                         EMA

Input data file(s)
  E:\Projects\lnt_pxvx\Data\LT_227.txt
Input data format  FREE


SUMMARY OF DATA

     Number of missing data patterns             9


SUMMARY OF MISSING DATA PATTERNS


     MISSING DATA PATTERNS (x = not missing)

           1  2  3  4  5  6  7  8  9
 BBFA_EA   x  x     x        x
 CBFA_EA   x  x  x              x
 DBFA_EA   x              x  x  x
 BBFA_MT   x  x     x        x
 CBFA_MT   x  x  x              x
 DBFA_MT   x              x  x  x
 ABFA_EA   x  x  x  x  x  x  x  x
 ABFA_MT   x  x  x  x  x  x  x  x  x


     MISSING DATA PATTERN FREQUENCIES

    Pattern   Frequency     Pattern   Frequency     Pattern   Frequency
          1         138           4          29           7          17
          2          12           5          53           8          11
          3           5           6          11           9           1


COVARIANCE COVERAGE OF DATA

Minimum covariance coverage value   0.100


     PROPORTION OF DATA PRESENT


           Covariance Coverage
              BBFA_EA       CBFA_EA       DBFA_EA       BBFA_MT       CBFA_MT
              ________      ________      ________      ________      ________
 BBFA_EA        0.708
 CBFA_EA        0.542         0.599
 DBFA_EA        0.560         0.538         0.639
 BBFA_MT        0.708         0.542         0.560         0.708
 CBFA_MT        0.542         0.599         0.538         0.542         0.599
 DBFA_MT        0.560         0.538         0.639         0.560         0.538
 ABFA_EA        0.708         0.599         0.639         0.708         0.599
 ABFA_MT        0.708         0.599         0.639         0.708         0.599


           Covariance Coverage
              DBFA_MT       ABFA_EA       ABFA_MT
              ________      ________      ________
 DBFA_MT        0.639
 ABFA_EA        0.639         0.996
 ABFA_MT        0.639         0.996         1.000


SAMPLE STATISTICS


     ESTIMATED SAMPLE STATISTICS


           Means
              BBFA_EA       CBFA_EA       DBFA_EA       BBFA_MT       CBFA_MT
              ________      ________      ________      ________      ________
 1             60.859        60.507        61.059        49.968        49.863


           Means
              DBFA_MT       ABFA_EA       ABFA_MT
              ________      ________      ________
 1             49.040        62.948        50.311


           Covariances
              BBFA_EA       CBFA_EA       DBFA_EA       BBFA_MT       CBFA_MT
              ________      ________      ________      ________      ________
 BBFA_EA      339.957
 CBFA_EA      262.907       299.073
 DBFA_EA      240.642       253.228       289.066
 BBFA_MT       18.747        18.414        30.206       246.413
 CBFA_MT       33.785        35.235        42.787       195.178       257.639
 DBFA_MT       21.560        30.149        41.910       199.355       225.323
 ABFA_EA      258.908       240.055       225.332        23.904        34.870
 ABFA_MT       11.054         0.398        13.397       184.654       165.871


           Covariances
              DBFA_MT       ABFA_EA       ABFA_MT
              ________      ________      ________
 DBFA_MT      279.261
 ABFA_EA       26.598       310.451
 ABFA_MT      164.792         6.007       223.768


           Correlations
              BBFA_EA       CBFA_EA       DBFA_EA       BBFA_MT       CBFA_MT
              ________      ________      ________      ________      ________
 BBFA_EA        1.000
 CBFA_EA        0.825         1.000
 DBFA_EA        0.768         0.861         1.000
 BBFA_MT        0.065         0.068         0.113         1.000
 CBFA_MT        0.114         0.127         0.157         0.775         1.000
 DBFA_MT        0.070         0.104         0.148         0.760         0.840
 ABFA_EA        0.797         0.788         0.752         0.086         0.123
 ABFA_MT        0.040         0.002         0.053         0.786         0.691


           Correlations
              DBFA_MT       ABFA_EA       ABFA_MT
              ________      ________      ________
 DBFA_MT        1.000
 ABFA_EA        0.090         1.000
 ABFA_MT        0.659         0.023         1.000


     MAXIMUM LOG-LIKELIHOOD VALUE FOR THE UNRESTRICTED (H1) MODEL IS -6289.753


THE MODEL ESTIMATION TERMINATED NORMALLY



MODEL FIT INFORMATION

Number of Free Parameters                       28

Loglikelihood

          H0 Value                       -6293.145
          H0 Scaling Correction Factor       1.124
            for MLR

Information Criteria

          Akaike (AIC)                   12642.290
          Bayesian (BIC)                 12743.762
          Sample-Size Adjusted BIC       12654.978
            (n* = (n + 2) / 24)



MODEL RESULTS

                                                    Two-Tailed
                    Estimate       S.E.  Est./S.E.    P-Value

 DBFA_EA    ON
    CBFA_EA            0.133      0.049      2.743      0.006
    CBFA_MT            0.071      0.057      1.241      0.215

 CBFA_EA    ON
    BBFA_EA            0.133      0.049      2.743      0.006
    BBFA_MT            0.071      0.057      1.241      0.215

 BBFA_EA    ON
    ABFA_EA            0.133      0.049      2.743      0.006
    ABFA_MT            0.071      0.057      1.241      0.215

 DBFA_MT    ON
    CBFA_MT            0.354      0.050      7.145      0.000
    CBFA_EA            0.084      0.046      1.827      0.068

 CBFA_MT    ON
    BBFA_MT            0.354      0.050      7.145      0.000
    BBFA_EA            0.084      0.046      1.827      0.068

 BBFA_MT    ON
    ABFA_MT            0.354      0.050      7.145      0.000
    ABFA_EA            0.084      0.046      1.827      0.068

 S_BFA_EA WITH
    I_BFA_EA         -37.462     11.638     -3.219      0.001

 I_BFA_MT WITH
    I_BFA_EA         -22.333     21.180     -1.054      0.292
    S_BFA_EA           5.915      5.646      1.048      0.295

 ABFA_EA  WITH
    I_BFA_EA         223.602     31.557      7.086      0.000
    S_BFA_EA          -9.667      7.510     -1.287      0.198
    I_BFA_MT          -2.054     17.995     -0.114      0.909

 ABFA_MT  WITH
    I_BFA_EA         -13.097     24.280     -0.539      0.590
    S_BFA_EA           4.082      7.295      0.560      0.576
    I_BFA_MT         103.984     15.896      6.542      0.000

 DBFA_MT  WITH
    DBFA_EA            4.190      3.727      1.124      0.261

 CBFA_MT  WITH
    CBFA_EA            4.190      3.727      1.124      0.261

 BBFA_MT  WITH
    BBFA_EA            4.190      3.727      1.124      0.261

 ABFA_MT  WITH
    ABFA_EA            6.007     16.379      0.367      0.714

 Means
    ABFA_EA           62.948      1.059     59.422      0.000
    ABFA_MT           50.311      0.898     56.018      0.000
    I_BFA_EA          48.277      2.335     20.679      0.000
    S_BFA_EA           0.360      0.443      0.812      0.417
    I_BFA_MT          27.401      3.665      7.475      0.000
    S_BFA_MT          -0.309      0.358     -0.863      0.388

 Intercepts
    BBFA_EA            0.000      0.000    999.000    999.000
    CBFA_EA            0.000      0.000    999.000    999.000
    DBFA_EA            0.000      0.000    999.000    999.000
    BBFA_MT            0.000      0.000    999.000    999.000
    CBFA_MT            0.000      0.000    999.000    999.000
    DBFA_MT            0.000      0.000    999.000    999.000

 Variances
    ABFA_EA          310.446     28.487     10.898      0.000
    ABFA_MT          223.767     17.712     12.634      0.000
    I_BFA_EA         280.523     50.026      5.608      0.000
    S_BFA_EA          13.060      4.536      2.879      0.004
    I_BFA_MT          83.029     16.575      5.009      0.000
    S_BFA_MT           0.000      0.000    999.000    999.000

 Residual Variances
    BBFA_EA           47.866      6.711      7.133      0.000
    CBFA_EA           47.866      6.711      7.133      0.000
    DBFA_EA           47.866      6.711      7.133      0.000
    BBFA_MT           64.166      5.193     12.357      0.000
    CBFA_MT           64.166      5.193     12.357      0.000
    DBFA_MT           64.166      5.193     12.357      0.000


QUALITY OF NUMERICAL RESULTS

     Condition Number for the Information Matrix              0.591E-07
       (ratio of smallest to largest eigenvalue)


     Beginning Time:  11:25:49
        Ending Time:  11:25:50
       Elapsed Time:  00:00:01



MUTHEN & MUTHEN
3463 Stoner Ave.
Los Angeles, CA  90066

Tel: (310) 391-9971
Fax: (310) 391-8971
Web: www.StatModel.com
Support: Support@StatModel.com

Copyright (c) 1998-2011 Muthen & Muthen
