Mplus VERSION 6.12
MUTHEN & MUTHEN
03/21/2016  11:36 AM

INPUT INSTRUCTIONS


  title: PxVx Univariate - Col Lin BFA_NW with Lin HRZ_IND;
  data: file = E:\Projects\lnt_pxvx\Data\LT_227.txt;



  variable:
  names =
  subjid
  Sample
  aGENDER
  aAGE
  aethnic1
  aethnic2
  aedu_mom
  aedu_dad
  aEDUCATN
  bEDUCATN
  cEDUCATN
  aEMPLOYD
  bEMPLOYD
  cEMPLOYD
  dEMPLOYD
  aINCOME
  bINCOME
  cINCOME
  dINCOME
  aS_SCALE
  bS_SCALE
  cS_SCALE
  dS_SCALE
  aD_SCALE
  bD_SCALE
  cD_SCALE
  dD_SCALE
  aS_COMP
  bS_COMP
  cS_COMP
  dS_COMP
  aD_COMP
  bD_COMP
  cD_COMP
  dD_COMP
  aBFI_A
  aBFI_A6
  aBFI_C
  aBFI_E
  aBFI_HP
  aBFI_N
  aBFI_O
  bBFI_A
  bBFI_A6
  bBFI_C
  bBFI_E
  bBFI_HP
  bBFI_N
  bBFI_O
  cBFI_A
  cBFI_A6
  cBFI_C
  cBFI_E
  cBFI_HP
  cBFI_N
  cBFI_O
  dBFI_A
  dBFI_A6
  dBFI_C
  dBFI_E
  dBFI_HP
  dBFI_N
  dBFI_O
  aBFA_AC
  aBFA_AP
  aBFA_CI
  aBFA_CO
  aBFA_EA
  aBFA_EE
  aBFA_N9
  aBFA_NV
  aBFA_NW
  aBFA_OI
  aBFA_OO
  aBFA_PS
  aBFA_MT
  bBFA_AC
  bBFA_AP
  bBFA_CI
  bBFA_CO
  bBFA_EA
  bBFA_EE
  bBFA_N9
  bBFA_NV
  bBFA_NW
  bBFA_OI
  bBFA_OO
  bBFA_MT
  bBFA_PS
  cBFA_AC
  cBFA_AP
  cBFA_CI
  cBFA_CO
  cBFA_EA
  cBFA_EE
  cBFA_N9
  cBFA_NV
  cBFA_NW
  cBFA_OI
  cBFA_OO
  cBFA_MT
  cBFA_PS
  dBFA_AC
  dBFA_AP
  dBFA_CI
  dBFA_CO
  dBFA_EA
  dBFA_EE
  dBFA_N9
  dBFA_NV
  dBFA_NW
  dBFA_OI
  dBFA_OO
  dBFA_MT
  dBFA_PS
  aUSI
  bUSI
  cUSI
  dUSI
  aHRZ_IND
  bHRZ_IND
  cHRZ_IND
  dHRZ_IND
  aVRT_IND
  bVRT_IND
  cVRT_IND
  dVRT_IND
  aHRZ_COL
  bHRZ_COL
  cHRZ_COL
  dHRZ_COL
  aVRT_COL
  bVRT_COL
  cVRT_COL
  dVRT_COL
  aCOLLCTV
  bCOLLCTV
  cCOLLCTV
  dCOLLCTV
  aMVS
  bMVS
  cMVS
  dMVS
  aST
  bST
  cST
  dST
  aSD
  bSD
  cSD
  dSD
  aMVS_mc
  bMVS_mc
  cMVS_mc
  dMVS_mc
  aST_mc
  bST_mc
  cST_mc
  dST_mc
  aSD_mc
  bSD_mc
  cSD_mc
  dSD_mc
  bMEANING
  cMEANING
  dMEANING
  bMEAN_L
  cMEAN_L
  dMEAN_L
  bMEANNGc
  cMEANNGc
  dMEANNGc
  bMEANGlc
  cMEANGlc
  dMEANGlc
  bCLASSIC
  cCLASSIC
  dCLASSIC
  bCLASSCc
  cCLASSCc
  dCLASSCc
  bAGR_VAL
  cAGR_VAL
  dAGR_VAL
  bOPN_VAL
  cOPN_VAL
  dOPN_VAL
  bAGR_VLc
  cAGR_VLc
  dAGR_VLc
  bOPNVALc
  cOPNVALc
  dOPNVALc
  aMV_pomp
  bMV_pomp
  cMV_pomp
  dMV_pomp
  aST_pomp
  bST_pomp
  cST_pomp
  dST_pomp
  aSD_pomp
  bSD_pomp
  cSD_pomp
  dSD_pomp
  agoal_ec
  bgoal_ec
  cgoal_ec
  dgoal_ec
  aAspfinc
  bAspfinc
  cAspfinc
  dAspfinc
  abfi_hp8
  bbfi_hp8
  cbfi_hp8
  dbfi_hp8
  aP_S_BFI
  aP_D_BFI
  aECgoalc
  bECgoalC
  cECgoalC
  dECgoalC
  aaspfin
  baspfin
  caspfin
  daspfin
  aMVI_POMP
  bMVI_POMP
  cMVI_POMP
  dMVI_POMP;

  USEVARIABLES =
  aBFA_NW
  bBFA_NW
  cBFA_NW
  dBFA_NW
  aHRZ_IND
  bHRZ_IND
  cHRZ_IND
  dHRZ_IND
  bage_c
  cage_c
  dage_c
  ;

  missing = all (-9999);

  USEOBSERVATIONS are Sample == 2; ! College Sample

  tscores = bage_c cage_c dage_c;

  DEFINE:
  bage_c = aAGE + 1 - 20.5;
  cage_c = aAGE + 2 - 20.5;
  dage_c = aAGE + 3 - 20.5;

  ANALYSIS:
  TYPE=RANDOM;
  PROCESSORS = 8;

  MODEL:

  i_BFA_NW s_BFA_NW | bBFA_NW cBFA_NW dBFA_NW AT bage_c cage_c dage_c;
  i_HRZ_IND s_HRZ_IND | bHRZ_IND cHRZ_IND dHRZ_IND AT bage_c cage_c dage_c;


  !After Bollen and Curran initial observation is not part of LGM

  dBFA_NW on cBFA_NW (a); ! Autoregressive paths constrained to equality
  cBFA_NW on bBFA_NW (a);
  bBFA_NW on aBFA_NW (a);

  dHRZ_IND on cHRZ_IND (b); ! Autoregressive paths constrained to equality
  cHRZ_IND on bHRZ_IND (b);
  bHRZ_IND on aHRZ_IND (b);

  bBFA_NW cBFA_NW dBFA_NW (c); !Equality constraint on residuals
  bHRZ_IND cHRZ_IND dHRZ_IND (d); !Equality constraint on residuals

  dHRZ_IND on cBFA_NW (x); ! Cross-lagged paths constrained to equality
  cHRZ_IND on bBFA_NW (x);
  bHRZ_IND on aBFA_NW (x);

  dBFA_NW on cHRZ_IND (y); ! Cross-lagged paths constrained to equality
  cBFA_NW on bHRZ_IND (y);
  bBFA_NW on aHRZ_IND (y);

  dHRZ_IND with dBFA_NW (w); ! within-wave correlations constrained to equality
  cHRZ_IND with cBFA_NW (w);
  bHRZ_IND with bBFA_NW (w);

  aBFA_NW aHRZ_IND i_BFA_NW i_HRZ_IND
  s_BFA_NW
  s_HRZ_IND
  with
  s_BFA_NW
  s_HRZ_IND
  aBFA_NW aHRZ_IND i_BFA_NW i_HRZ_IND;



  OUTPUT: SAMPSTAT PATTERNS;



*** WARNING
  Variable name contains more than 8 characters.
  Only the first 8 characters will be printed in the output.
  Variable: AMVI_POMP
*** WARNING
  Variable name contains more than 8 characters.
  Only the first 8 characters will be printed in the output.
  Variable: BMVI_POMP
*** WARNING
  Variable name contains more than 8 characters.
  Only the first 8 characters will be printed in the output.
  Variable: CMVI_POMP
*** WARNING
  Variable name contains more than 8 characters.
  Only the first 8 characters will be printed in the output.
  Variable: DMVI_POMP
*** WARNING
  Variable name contains more than 8 characters.
  Only the first 8 characters will be printed in the output.
  Variable: I_HRZ_IND
*** WARNING
  Variable name contains more than 8 characters.
  Only the first 8 characters will be printed in the output.
  Variable: S_HRZ_IND
*** WARNING
  Data set contains cases with missing on all variables.
  These cases were not included in the analysis.
  Number of cases with missing on all variables:  1
*** WARNING
  Data set contains cases with missing on time scores but non-missing on the
  corresponding dependent variables.  These cases were not included in the analysis.
  Number of such cases:  2
   8 WARNING(S) FOUND IN THE INPUT INSTRUCTIONS



PxVx Univariate - Col Lin BFA_NW with Lin HRZ_IND;

SUMMARY OF ANALYSIS

Number of groups                                                 1
Number of observations                                         277

Number of dependent variables                                    6
Number of independent variables                                  2
Number of continuous latent variables                            4

Observed dependent variables

  Continuous
   BBFA_NW     CBFA_NW     DBFA_NW     BHRZ_IND    CHRZ_IND    DHRZ_IND

Observed independent variables
   ABFA_NW     AHRZ_IND

Continuous latent variables
   I_BFA_NW    S_BFA_NW    I_HRZ_IN    S_HRZ_IN

Variables with special functions

  Time scores
   BAGE_C      CAGE_C      DAGE_C


Estimator                                                      MLR
Information matrix                                        OBSERVED
Maximum number of iterations                                   100
Convergence criterion                                    0.100D-05
Maximum number of EM iterations                                500
Convergence criteria for the EM algorithm
  Loglikelihood change                                   0.100D-02
  Relative loglikelihood change                          0.100D-05
  Derivative                                             0.100D-03
Minimum variance                                         0.100D-03
Maximum number of steepest descent iterations                   20
Maximum number of iterations for H1                           2000
Convergence criterion for H1                             0.100D-03
Optimization algorithm                                         EMA

Input data file(s)
  E:\Projects\lnt_pxvx\Data\LT_227.txt
Input data format  FREE


SUMMARY OF DATA

     Number of missing data patterns            13


SUMMARY OF MISSING DATA PATTERNS


     MISSING DATA PATTERNS (x = not missing)

           1  2  3  4  5  6  7  8  9 10 11 12 13
 BBFA_NW   x  x     x        x  x              x
 CBFA_NW   x  x  x                 x  x
 DBFA_NW   x              x  x  x  x  x
 BHRZ_IND  x  x     x           x
 CHRZ_IND  x  x  x                 x  x
 DHRZ_IND  x              x     x     x
 ABFA_NW   x  x  x  x  x  x  x  x  x  x  x     x
 AHRZ_IND  x  x  x  x  x  x  x  x  x  x     x  x


     MISSING DATA PATTERN FREQUENCIES

    Pattern   Frequency     Pattern   Frequency     Pattern   Frequency
          1         138           6          11          11           2
          2          12           7           1          12           1
          3           5           8          16          13           2
          4          27           9           1
          5          51          10          10


COVARIANCE COVERAGE OF DATA

Minimum covariance coverage value   0.100


     PROPORTION OF DATA PRESENT


           Covariance Coverage
              BBFA_NW       CBFA_NW       DBFA_NW       BHRZ_IND      CHRZ_IND
              ________      ________      ________      ________      ________
 BBFA_NW        0.708
 CBFA_NW        0.542         0.599
 DBFA_NW        0.560         0.538         0.639
 BHRZ_IND       0.697         0.542         0.556         0.697
 CHRZ_IND       0.542         0.599         0.538         0.542         0.599
 DHRZ_IND       0.556         0.534         0.632         0.556         0.534
 ABFA_NW        0.708         0.599         0.639         0.697         0.599
 AHRZ_IND       0.708         0.599         0.639         0.697         0.599


           Covariance Coverage
              DHRZ_IND      ABFA_NW       AHRZ_IND
              ________      ________      ________
 DHRZ_IND       0.632
 ABFA_NW        0.632         0.996
 AHRZ_IND       0.632         0.989         0.993


SAMPLE STATISTICS


     ESTIMATED SAMPLE STATISTICS


           Means
              BBFA_NW       CBFA_NW       DBFA_NW       BHRZ_IND      CHRZ_IND
              ________      ________      ________      ________      ________
 1             47.662        47.362        47.193        72.981        73.574


           Means
              DHRZ_IND      ABFA_NW       AHRZ_IND
              ________      ________      ________
 1             75.302        48.420        74.071


           Covariances
              BBFA_NW       CBFA_NW       DBFA_NW       BHRZ_IND      CHRZ_IND
              ________      ________      ________      ________      ________
 BBFA_NW      349.879
 CBFA_NW      252.643       358.657
 DBFA_NW      253.381       260.197       311.990
 BHRZ_IND       4.458        -0.278        -3.558       265.439
 CHRZ_IND      -3.344       -25.790       -26.317       170.486       243.276
 DHRZ_IND      51.212        26.472        34.763       147.689       141.629
 ABFA_NW      241.353       221.030       215.663         4.244       -16.492
 AHRZ_IND      -6.722        -4.905         8.506       162.567       128.991


           Covariances
              DHRZ_IND      ABFA_NW       AHRZ_IND
              ________      ________      ________
 DHRZ_IND     262.814
 ABFA_NW       55.123       332.041
 AHRZ_IND     139.945        -9.794       239.584


           Correlations
              BBFA_NW       CBFA_NW       DBFA_NW       BHRZ_IND      CHRZ_IND
              ________      ________      ________      ________      ________
 BBFA_NW        1.000
 CBFA_NW        0.713         1.000
 DBFA_NW        0.767         0.778         1.000
 BHRZ_IND       0.015        -0.001        -0.012         1.000
 CHRZ_IND      -0.011        -0.087        -0.096         0.671         1.000
 DHRZ_IND       0.169         0.086         0.121         0.559         0.560
 ABFA_NW        0.708         0.640         0.670         0.014        -0.058
 AHRZ_IND      -0.023        -0.017         0.031         0.645         0.534


           Correlations
              DHRZ_IND      ABFA_NW       AHRZ_IND
              ________      ________      ________
 DHRZ_IND       1.000
 ABFA_NW        0.187         1.000
 AHRZ_IND       0.558        -0.035         1.000


     MAXIMUM LOG-LIKELIHOOD VALUE FOR THE UNRESTRICTED (H1) MODEL IS -6517.349


THE MODEL ESTIMATION TERMINATED NORMALLY



MODEL FIT INFORMATION

Number of Free Parameters                       34

Loglikelihood

          H0 Value                       -6528.575
          H0 Scaling Correction Factor       0.902
            for MLR

Information Criteria

          Akaike (AIC)                   13125.151
          Bayesian (BIC)                 13248.367
          Sample-Size Adjusted BIC       13140.558
            (n* = (n + 2) / 24)



MODEL RESULTS

                                                    Two-Tailed
                    Estimate       S.E.  Est./S.E.    P-Value

 DBFA_NW    ON
    CBFA_NW            0.080      0.041      1.969      0.049
    CHRZ_IND          -0.004      0.057     -0.077      0.939

 CBFA_NW    ON
    BBFA_NW            0.080      0.041      1.969      0.049
    BHRZ_IND          -0.004      0.057     -0.077      0.939

 BBFA_NW    ON
    ABFA_NW            0.080      0.041      1.969      0.049
    AHRZ_IND          -0.004      0.057     -0.077      0.939

 DHRZ_IND   ON
    CHRZ_IND           0.082      0.078      1.050      0.294
    CBFA_NW            0.008      0.040      0.190      0.850

 CHRZ_IND   ON
    BHRZ_IND           0.082      0.078      1.050      0.294
    BBFA_NW            0.008      0.040      0.190      0.850

 BHRZ_IND   ON
    AHRZ_IND           0.082      0.078      1.050      0.294
    ABFA_NW            0.008      0.040      0.190      0.850

 S_BFA_NW WITH
    I_BFA_NW          -9.686      7.839     -1.236      0.217

 I_HRZ_IN WITH
    I_BFA_NW         -20.547     30.567     -0.672      0.501
    S_BFA_NW          -2.737      6.243     -0.438      0.661

 S_HRZ_IN WITH
    I_BFA_NW          17.373      9.665      1.798      0.072
    S_BFA_NW          -0.572      1.480     -0.386      0.699
    I_HRZ_IND        -12.471      8.237     -1.514      0.130

 ABFA_NW  WITH
    I_BFA_NW         208.992     30.962      6.750      0.000
    S_BFA_NW          -1.111      8.187     -0.136      0.892
    I_HRZ_IND        -40.726     28.473     -1.430      0.153
    S_HRZ_IND         27.793      9.988      2.782      0.005

 AHRZ_IND WITH
    I_BFA_NW         -16.984     25.158     -0.675      0.500
    S_BFA_NW           8.252      6.392      1.291      0.197
    I_HRZ_IND        150.512     33.812      4.451      0.000
    S_HRZ_IND         -9.886      8.819     -1.121      0.262

 DHRZ_IND WITH
    DBFA_NW           -1.317      5.316     -0.248      0.804

 CHRZ_IND WITH
    CBFA_NW           -1.317      5.316     -0.248      0.804

 BHRZ_IND WITH
    BBFA_NW           -1.317      5.316     -0.248      0.804

 AHRZ_IND WITH
    ABFA_NW           -9.794     16.829     -0.582      0.561

 Means
    ABFA_NW           48.420      1.098     44.105      0.000
    AHRZ_IND          74.068      0.933     79.380      0.000
    I_BFA_NW          44.156      5.479      8.059      0.000
    S_BFA_NW          -0.148      0.450     -0.328      0.743
    I_HRZ_IND         66.094      6.875      9.614      0.000
    S_HRZ_IND          0.715      0.502      1.425      0.154

 Intercepts
    BBFA_NW            0.000      0.000    999.000    999.000
    CBFA_NW            0.000      0.000    999.000    999.000
    DBFA_NW            0.000      0.000    999.000    999.000
    BHRZ_IND           0.000      0.000    999.000    999.000
    CHRZ_IND           0.000      0.000    999.000    999.000
    DHRZ_IND           0.000      0.000    999.000    999.000

 Variances
    ABFA_NW          332.040     27.048     12.276      0.000
    AHRZ_IND         239.583     21.294     11.251      0.000
    I_BFA_NW         242.395     45.482      5.329      0.000
    S_BFA_NW           2.511      1.738      1.445      0.148
    I_HRZ_IND        157.863     38.270      4.125      0.000
    S_HRZ_IND          4.705      3.000      1.568      0.117

 Residual Variances
    BBFA_NW           86.776      8.910      9.739      0.000
    CBFA_NW           86.776      8.910      9.739      0.000
    DBFA_NW           86.776      8.910      9.739      0.000
    BHRZ_IND         103.388     13.333      7.754      0.000
    CHRZ_IND         103.388     13.333      7.754      0.000
    DHRZ_IND         103.388     13.333      7.754      0.000


QUALITY OF NUMERICAL RESULTS

     Condition Number for the Information Matrix              0.238E-06
       (ratio of smallest to largest eigenvalue)


     Beginning Time:  11:36:34
        Ending Time:  11:36:42
       Elapsed Time:  00:00:08



MUTHEN & MUTHEN
3463 Stoner Ave.
Los Angeles, CA  90066

Tel: (310) 391-9971
Fax: (310) 391-8971
Web: www.StatModel.com
Support: Support@StatModel.com

Copyright (c) 1998-2011 Muthen & Muthen
