Mplus VERSION 6.12
MUTHEN & MUTHEN
03/21/2016  11:49 AM

INPUT INSTRUCTIONS


  title: PxVx Univariate - Col MeanOnly BFI_E with Lin MVI_POMP;
  data: file = E:\Projects\lnt_pxvx\Data\LT_227.txt;



  variable:
  names =
  subjid
  Sample
  aGENDER
  aAGE
  aethnic1
  aethnic2
  aedu_mom
  aedu_dad
  aEDUCATN
  bEDUCATN
  cEDUCATN
  aEMPLOYD
  bEMPLOYD
  cEMPLOYD
  dEMPLOYD
  aINCOME
  bINCOME
  cINCOME
  dINCOME
  aS_SCALE
  bS_SCALE
  cS_SCALE
  dS_SCALE
  aD_SCALE
  bD_SCALE
  cD_SCALE
  dD_SCALE
  aS_COMP
  bS_COMP
  cS_COMP
  dS_COMP
  aD_COMP
  bD_COMP
  cD_COMP
  dD_COMP
  aBFI_A
  aBFI_A6
  aBFI_C
  aBFI_E
  aBFI_HP
  aBFI_N
  aBFI_O
  bBFI_A
  bBFI_A6
  bBFI_C
  bBFI_E
  bBFI_HP
  bBFI_N
  bBFI_O
  cBFI_A
  cBFI_A6
  cBFI_C
  cBFI_E
  cBFI_HP
  cBFI_N
  cBFI_O
  dBFI_A
  dBFI_A6
  dBFI_C
  dBFI_E
  dBFI_HP
  dBFI_N
  dBFI_O
  aBFA_AC
  aBFA_AP
  aBFA_CI
  aBFA_CO
  aBFA_EA
  aBFA_EE
  aBFA_N9
  aBFA_NV
  aBFA_NW
  aBFA_OI
  aBFA_OO
  aBFA_PS
  aBFA_MT
  bBFA_AC
  bBFA_AP
  bBFA_CI
  bBFA_CO
  bBFA_EA
  bBFA_EE
  bBFA_N9
  bBFA_NV
  bBFA_NW
  bBFA_OI
  bBFA_OO
  bBFA_MT
  bBFA_PS
  cBFA_AC
  cBFA_AP
  cBFA_CI
  cBFA_CO
  cBFA_EA
  cBFA_EE
  cBFA_N9
  cBFA_NV
  cBFA_NW
  cBFA_OI
  cBFA_OO
  cBFA_MT
  cBFA_PS
  dBFA_AC
  dBFA_AP
  dBFA_CI
  dBFA_CO
  dBFA_EA
  dBFA_EE
  dBFA_N9
  dBFA_NV
  dBFA_NW
  dBFA_OI
  dBFA_OO
  dBFA_MT
  dBFA_PS
  aUSI
  bUSI
  cUSI
  dUSI
  aHRZ_IND
  bHRZ_IND
  cHRZ_IND
  dHRZ_IND
  aVRT_IND
  bVRT_IND
  cVRT_IND
  dVRT_IND
  aHRZ_COL
  bHRZ_COL
  cHRZ_COL
  dHRZ_COL
  aVRT_COL
  bVRT_COL
  cVRT_COL
  dVRT_COL
  aCOLLCTV
  bCOLLCTV
  cCOLLCTV
  dCOLLCTV
  aMVS
  bMVS
  cMVS
  dMVS
  aST
  bST
  cST
  dST
  aSD
  bSD
  cSD
  dSD
  aMVS_mc
  bMVS_mc
  cMVS_mc
  dMVS_mc
  aST_mc
  bST_mc
  cST_mc
  dST_mc
  aSD_mc
  bSD_mc
  cSD_mc
  dSD_mc
  bMEANING
  cMEANING
  dMEANING
  bMEAN_L
  cMEAN_L
  dMEAN_L
  bMEANNGc
  cMEANNGc
  dMEANNGc
  bMEANGlc
  cMEANGlc
  dMEANGlc
  bCLASSIC
  cCLASSIC
  dCLASSIC
  bCLASSCc
  cCLASSCc
  dCLASSCc
  bAGR_VAL
  cAGR_VAL
  dAGR_VAL
  bOPN_VAL
  cOPN_VAL
  dOPN_VAL
  bAGR_VLc
  cAGR_VLc
  dAGR_VLc
  bOPNVALc
  cOPNVALc
  dOPNVALc
  aMV_pomp
  bMV_pomp
  cMV_pomp
  dMV_pomp
  aST_pomp
  bST_pomp
  cST_pomp
  dST_pomp
  aSD_pomp
  bSD_pomp
  cSD_pomp
  dSD_pomp
  agoal_ec
  bgoal_ec
  cgoal_ec
  dgoal_ec
  aAspfinc
  bAspfinc
  cAspfinc
  dAspfinc
  abfi_hp8
  bbfi_hp8
  cbfi_hp8
  dbfi_hp8
  aP_S_BFI
  aP_D_BFI
  aECgoalc
  bECgoalC
  cECgoalC
  dECgoalC
  aaspfin
  baspfin
  caspfin
  daspfin
  aMVI_POMP
  bMVI_POMP
  cMVI_POMP
  dMVI_POMP;

  USEVARIABLES =
  aBFI_E
  bBFI_E
  cBFI_E
  dBFI_E
  aMVI_POMP
  bMVI_POMP
  cMVI_POMP
  dMVI_POMP
  bage_c
  cage_c
  dage_c
  ;

  missing = all (-9999);

  USEOBSERVATIONS are Sample == 2; ! College Sample

  tscores = bage_c cage_c dage_c;

  DEFINE:
  bage_c = aAGE + 1 - 20.5;
  cage_c = aAGE + 2 - 20.5;
  dage_c = aAGE + 3 - 20.5;

  ANALYSIS:
  TYPE=RANDOM;
  PROCESSORS = 8;

  MODEL:

  i_BFI_E s_BFI_E | bBFI_E cBFI_E dBFI_E AT bage_c cage_c dage_c;
  i_MVI_POMP s_MVI_POMP | bMVI_POMP cMVI_POMP dMVI_POMP AT bage_c cage_c dage_c;


  !After Bollen and Curran initial observation is not part of LGM

  dBFI_E on cBFI_E (a); ! Autoregressive paths constrained to equality
  cBFI_E on bBFI_E (a);
  bBFI_E on aBFI_E (a);

  dMVI_POMP on cMVI_POMP (b); ! Autoregressive paths constrained to equality
  cMVI_POMP on bMVI_POMP (b);
  bMVI_POMP on aMVI_POMP (b);

  bBFI_E cBFI_E dBFI_E (c); !Equality constraint on residuals
  bMVI_POMP cMVI_POMP dMVI_POMP (d); !Equality constraint on residuals

  dMVI_POMP on cBFI_E (x); ! Cross-lagged paths constrained to equality
  cMVI_POMP on bBFI_E (x);
  bMVI_POMP on aBFI_E (x);

  dBFI_E on cMVI_POMP (y); ! Cross-lagged paths constrained to equality
  cBFI_E on bMVI_POMP (y);
  bBFI_E on aMVI_POMP (y);

  dMVI_POMP with dBFI_E (w); ! within-wave correlations constrained to equality
  cMVI_POMP with cBFI_E (w);
  bMVI_POMP with bBFI_E (w);

  aBFI_E aMVI_POMP i_BFI_E i_MVI_POMP
  s_MVI_POMP
  with
  s_MVI_POMP
  aBFI_E aMVI_POMP i_BFI_E i_MVI_POMP;

  s_BFI_E@0;


  OUTPUT: SAMPSTAT PATTERNS;



*** WARNING
  Variable name contains more than 8 characters.
  Only the first 8 characters will be printed in the output.
  Variable: AMVI_POMP
*** WARNING
  Variable name contains more than 8 characters.
  Only the first 8 characters will be printed in the output.
  Variable: BMVI_POMP
*** WARNING
  Variable name contains more than 8 characters.
  Only the first 8 characters will be printed in the output.
  Variable: CMVI_POMP
*** WARNING
  Variable name contains more than 8 characters.
  Only the first 8 characters will be printed in the output.
  Variable: DMVI_POMP
*** WARNING
  Variable name contains more than 8 characters.
  Only the first 8 characters will be printed in the output.
  Variable: I_MVI_POMP
*** WARNING
  Variable name contains more than 8 characters.
  Only the first 8 characters will be printed in the output.
  Variable: S_MVI_POMP
*** WARNING in MODEL command
  All continuous latent variable covariances involving S_BFI_E have been fixed to 0
  because the variance of S_BFI_E is fixed at 0.
*** WARNING
  Data set contains cases with missing on all variables.
  These cases were not included in the analysis.
  Number of cases with missing on all variables:  1
*** WARNING
  Data set contains cases with missing on time scores but non-missing on the
  corresponding dependent variables.  These cases were not included in the analysis.
  Number of such cases:  2
   9 WARNING(S) FOUND IN THE INPUT INSTRUCTIONS



PxVx Univariate - Col MeanOnly BFI_E with Lin MVI_POMP;

SUMMARY OF ANALYSIS

Number of groups                                                 1
Number of observations                                         277

Number of dependent variables                                    6
Number of independent variables                                  2
Number of continuous latent variables                            4

Observed dependent variables

  Continuous
   BBFI_E      CBFI_E      DBFI_E      BMVI_POMP   CMVI_POMP   DMVI_POMP

Observed independent variables
   ABFI_E      AMVI_POM

Continuous latent variables
   I_BFI_E     S_BFI_E     I_MVI_PO    S_MVI_PO

Variables with special functions

  Time scores
   BAGE_C      CAGE_C      DAGE_C


Estimator                                                      MLR
Information matrix                                        OBSERVED
Maximum number of iterations                                   100
Convergence criterion                                    0.100D-05
Maximum number of EM iterations                                500
Convergence criteria for the EM algorithm
  Loglikelihood change                                   0.100D-02
  Relative loglikelihood change                          0.100D-05
  Derivative                                             0.100D-03
Minimum variance                                         0.100D-03
Maximum number of steepest descent iterations                   20
Maximum number of iterations for H1                           2000
Convergence criterion for H1                             0.100D-03
Optimization algorithm                                         EMA

Input data file(s)
  E:\Projects\lnt_pxvx\Data\LT_227.txt
Input data format  FREE


SUMMARY OF DATA

     Number of missing data patterns            14


SUMMARY OF MISSING DATA PATTERNS


     MISSING DATA PATTERNS (x = not missing)

           1  2  3  4  5  6  7  8  9 10 11 12 13 14
 BBFI_E    x  x     x        x  x     x  x        x
 CBFI_E    x  x  x                 x  x     x     x
 DBFI_E    x     x        x  x  x  x  x  x        x
 BMVI_POM  x  x     x           x     x  x
 CMVI_POM  x  x  x                 x  x     x     x
 DMVI_POM  x              x  x  x  x              x
 ABFI_E    x  x  x  x  x  x  x  x  x  x  x  x  x  x
 AMVI_POM  x  x  x  x  x  x  x  x  x  x  x  x     x


     MISSING DATA PATTERN FREQUENCIES

    Pattern   Frequency     Pattern   Frequency     Pattern   Frequency
          1         138           6          11          11           1
          2          10           7           1          12           4
          3           1           8          16          13           1
          4          28           9          10          14           1
          5          53          10           2


COVARIANCE COVERAGE OF DATA

Minimum covariance coverage value   0.100


     PROPORTION OF DATA PRESENT


           Covariance Coverage
              BBFI_E        CBFI_E        DBFI_E        BMVI_POM      CMVI_POM
              ________      ________      ________      ________      ________
 BBFI_E         0.711
 CBFI_E         0.545         0.599
 DBFI_E         0.574         0.549         0.653
 BMVI_POM       0.704         0.542         0.567         0.704
 CMVI_POM       0.545         0.599         0.549         0.542         0.599
 DMVI_POM       0.563         0.538         0.639         0.556         0.538
 ABFI_E         0.711         0.599         0.653         0.704         0.599
 AMVI_POM       0.711         0.599         0.653         0.704         0.599


           Covariance Coverage
              DMVI_POM      ABFI_E        AMVI_POM
              ________      ________      ________
 DMVI_POM       0.639
 ABFI_E         0.639         1.000
 AMVI_POM       0.639         0.996         0.996


SAMPLE STATISTICS


     ESTIMATED SAMPLE STATISTICS


           Means
              BBFI_E        CBFI_E        DBFI_E        BMVI_POM      CMVI_POM
              ________      ________      ________      ________      ________
 1             56.937        58.713        58.039        61.238        61.378


           Means
              DMVI_POM      ABFI_E        AMVI_POM
              ________      ________      ________
 1             61.396        58.954        60.803


           Covariances
              BBFI_E        CBFI_E        DBFI_E        BMVI_POM      CMVI_POM
              ________      ________      ________      ________      ________
 BBFI_E       403.723
 CBFI_E       315.145       357.053
 DBFI_E       319.945       321.339       404.848
 BMVI_POM     -31.684       -34.147       -37.960        91.887
 CMVI_POM     -25.184       -18.336       -23.916        63.300        70.604
 DMVI_POM     -22.014       -19.406       -29.153        57.786        52.253
 ABFI_E       335.241       291.872       307.311       -33.824       -28.766
 AMVI_POM     -23.878       -22.570       -31.584        69.965        56.598


           Covariances
              DMVI_POM      ABFI_E        AMVI_POM
              ________      ________      ________
 DMVI_POM      65.756
 ABFI_E       -26.556       397.094
 AMVI_POM      55.219       -20.792        82.731


           Correlations
              BBFI_E        CBFI_E        DBFI_E        BMVI_POM      CMVI_POM
              ________      ________      ________      ________      ________
 BBFI_E         1.000
 CBFI_E         0.830         1.000
 DBFI_E         0.791         0.845         1.000
 BMVI_POM      -0.165        -0.189        -0.197         1.000
 CMVI_POM      -0.149        -0.115        -0.141         0.786         1.000
 DMVI_POM      -0.135        -0.127        -0.179         0.743         0.767
 ABFI_E         0.837         0.775         0.766        -0.177        -0.172
 AMVI_POM      -0.131        -0.131        -0.173         0.802         0.741


           Correlations
              DMVI_POM      ABFI_E        AMVI_POM
              ________      ________      ________
 DMVI_POM       1.000
 ABFI_E        -0.164         1.000
 AMVI_POM       0.749        -0.115         1.000


     MAXIMUM LOG-LIKELIHOOD VALUE FOR THE UNRESTRICTED (H1) MODEL IS -5913.684


THE MODEL ESTIMATION TERMINATED NORMALLY



MODEL FIT INFORMATION

Number of Free Parameters                       28

Loglikelihood

          H0 Value                       -5922.948
          H0 Scaling Correction Factor       1.014
            for MLR

Information Criteria

          Akaike (AIC)                   11901.895
          Bayesian (BIC)                 12003.368
          Sample-Size Adjusted BIC       11914.584
            (n* = (n + 2) / 24)



MODEL RESULTS

                                                    Two-Tailed
                    Estimate       S.E.  Est./S.E.    P-Value

 DBFI_E     ON
    CBFI_E             0.298      0.045      6.587      0.000
    CMVI_POMP          0.006      0.062      0.101      0.920

 CBFI_E     ON
    BBFI_E             0.298      0.045      6.587      0.000
    BMVI_POMP          0.006      0.062      0.101      0.920

 BBFI_E     ON
    ABFI_E             0.298      0.045      6.587      0.000
    AMVI_POMP          0.006      0.062      0.101      0.920

 DMVI_POMP  ON
    CMVI_POMP          0.174      0.022      8.024      0.000
    CBFI_E            -0.007      0.021     -0.353      0.724

 CMVI_POMP  ON
    BMVI_POMP          0.174      0.022      8.024      0.000
    BBFI_E            -0.007      0.021     -0.353      0.724

 BMVI_POMP  ON
    AMVI_POMP          0.174      0.022      8.024      0.000
    ABFI_E            -0.007      0.021     -0.353      0.724

 I_MVI_PO WITH
    I_BFI_E          -20.842     12.259     -1.700      0.089

 S_MVI_PO WITH
    I_BFI_E            3.176      2.807      1.131      0.258
    I_MVI_POMP        -5.479      2.436     -2.250      0.024

 ABFI_E   WITH
    I_BFI_E          210.749     27.786      7.585      0.000
    I_MVI_POMP       -30.013     14.789     -2.029      0.042
    S_MVI_POMP         3.553      4.251      0.836      0.403

 AMVI_POM WITH
    I_BFI_E          -19.703      9.719     -2.027      0.043
    I_MVI_POMP        55.779      6.444      8.656      0.000
    S_MVI_POMP        -3.344      1.881     -1.778      0.075

 DMVI_POM WITH
    DBFI_E             0.184      2.570      0.072      0.943

 CMVI_POM WITH
    CBFI_E             0.184      2.570      0.072      0.943

 BMVI_POM WITH
    BBFI_E             0.184      2.570      0.072      0.943

 AMVI_POM WITH
    ABFI_E           -20.792     11.102     -1.873      0.061

 Means
    ABFI_E            58.954      1.198     49.218      0.000
    AMVI_POMP         60.803      0.547    111.081      0.000
    I_BFI_E           38.462      4.958      7.757      0.000
    S_BFI_E            0.790      0.419      1.885      0.059
    I_MVI_POMP        51.197      1.768     28.957      0.000
    S_MVI_POMP        -0.014      0.217     -0.063      0.949

 Intercepts
    BBFI_E             0.000      0.000    999.000    999.000
    CBFI_E             0.000      0.000    999.000    999.000
    DBFI_E             0.000      0.000    999.000    999.000
    BMVI_POMP          0.000      0.000    999.000    999.000
    CMVI_POMP          0.000      0.000    999.000    999.000
    DMVI_POMP          0.000      0.000    999.000    999.000

 Variances
    ABFI_E           397.096     30.622     12.968      0.000
    AMVI_POMP         82.731      5.764     14.352      0.000
    I_BFI_E          148.910     29.845      4.990      0.000
    S_BFI_E            0.000      0.000    999.000    999.000
    I_MVI_POMP        55.590      8.736      6.364      0.000
    S_MVI_POMP         1.062      0.824      1.289      0.197

 Residual Variances
    BBFI_E            82.354      9.981      8.251      0.000
    CBFI_E            82.354      9.981      8.251      0.000
    DBFI_E            82.354      9.981      8.251      0.000
    BMVI_POMP         19.042      1.785     10.668      0.000
    CMVI_POMP         19.042      1.785     10.668      0.000
    DMVI_POMP         19.042      1.785     10.668      0.000


QUALITY OF NUMERICAL RESULTS

     Condition Number for the Information Matrix              0.665E-06
       (ratio of smallest to largest eigenvalue)


     Beginning Time:  11:49:23
        Ending Time:  11:49:25
       Elapsed Time:  00:00:02



MUTHEN & MUTHEN
3463 Stoner Ave.
Los Angeles, CA  90066

Tel: (310) 391-9971
Fax: (310) 391-8971
Web: www.StatModel.com
Support: Support@StatModel.com

Copyright (c) 1998-2011 Muthen & Muthen
