Mplus VERSION 6.12
MUTHEN & MUTHEN
03/21/2016  11:41 AM

INPUT INSTRUCTIONS


  title: PxVx Univariate - Col MeanOnly BFA_OO with MeanOnly HRZ_IND;
  data: file = E:\Projects\lnt_pxvx\Data\LT_227.txt;



  variable:
  names =
  subjid
  Sample
  aGENDER
  aAGE
  aethnic1
  aethnic2
  aedu_mom
  aedu_dad
  aEDUCATN
  bEDUCATN
  cEDUCATN
  aEMPLOYD
  bEMPLOYD
  cEMPLOYD
  dEMPLOYD
  aINCOME
  bINCOME
  cINCOME
  dINCOME
  aS_SCALE
  bS_SCALE
  cS_SCALE
  dS_SCALE
  aD_SCALE
  bD_SCALE
  cD_SCALE
  dD_SCALE
  aS_COMP
  bS_COMP
  cS_COMP
  dS_COMP
  aD_COMP
  bD_COMP
  cD_COMP
  dD_COMP
  aBFI_A
  aBFI_A6
  aBFI_C
  aBFI_E
  aBFI_HP
  aBFI_N
  aBFI_O
  bBFI_A
  bBFI_A6
  bBFI_C
  bBFI_E
  bBFI_HP
  bBFI_N
  bBFI_O
  cBFI_A
  cBFI_A6
  cBFI_C
  cBFI_E
  cBFI_HP
  cBFI_N
  cBFI_O
  dBFI_A
  dBFI_A6
  dBFI_C
  dBFI_E
  dBFI_HP
  dBFI_N
  dBFI_O
  aBFA_AC
  aBFA_AP
  aBFA_CI
  aBFA_CO
  aBFA_EA
  aBFA_EE
  aBFA_N9
  aBFA_NV
  aBFA_NW
  aBFA_OI
  aBFA_OO
  aBFA_PS
  aBFA_MT
  bBFA_AC
  bBFA_AP
  bBFA_CI
  bBFA_CO
  bBFA_EA
  bBFA_EE
  bBFA_N9
  bBFA_NV
  bBFA_NW
  bBFA_OI
  bBFA_OO
  bBFA_MT
  bBFA_PS
  cBFA_AC
  cBFA_AP
  cBFA_CI
  cBFA_CO
  cBFA_EA
  cBFA_EE
  cBFA_N9
  cBFA_NV
  cBFA_NW
  cBFA_OI
  cBFA_OO
  cBFA_MT
  cBFA_PS
  dBFA_AC
  dBFA_AP
  dBFA_CI
  dBFA_CO
  dBFA_EA
  dBFA_EE
  dBFA_N9
  dBFA_NV
  dBFA_NW
  dBFA_OI
  dBFA_OO
  dBFA_MT
  dBFA_PS
  aUSI
  bUSI
  cUSI
  dUSI
  aHRZ_IND
  bHRZ_IND
  cHRZ_IND
  dHRZ_IND
  aVRT_IND
  bVRT_IND
  cVRT_IND
  dVRT_IND
  aHRZ_COL
  bHRZ_COL
  cHRZ_COL
  dHRZ_COL
  aVRT_COL
  bVRT_COL
  cVRT_COL
  dVRT_COL
  aCOLLCTV
  bCOLLCTV
  cCOLLCTV
  dCOLLCTV
  aMVS
  bMVS
  cMVS
  dMVS
  aST
  bST
  cST
  dST
  aSD
  bSD
  cSD
  dSD
  aMVS_mc
  bMVS_mc
  cMVS_mc
  dMVS_mc
  aST_mc
  bST_mc
  cST_mc
  dST_mc
  aSD_mc
  bSD_mc
  cSD_mc
  dSD_mc
  bMEANING
  cMEANING
  dMEANING
  bMEAN_L
  cMEAN_L
  dMEAN_L
  bMEANNGc
  cMEANNGc
  dMEANNGc
  bMEANGlc
  cMEANGlc
  dMEANGlc
  bCLASSIC
  cCLASSIC
  dCLASSIC
  bCLASSCc
  cCLASSCc
  dCLASSCc
  bAGR_VAL
  cAGR_VAL
  dAGR_VAL
  bOPN_VAL
  cOPN_VAL
  dOPN_VAL
  bAGR_VLc
  cAGR_VLc
  dAGR_VLc
  bOPNVALc
  cOPNVALc
  dOPNVALc
  aMV_pomp
  bMV_pomp
  cMV_pomp
  dMV_pomp
  aST_pomp
  bST_pomp
  cST_pomp
  dST_pomp
  aSD_pomp
  bSD_pomp
  cSD_pomp
  dSD_pomp
  agoal_ec
  bgoal_ec
  cgoal_ec
  dgoal_ec
  aAspfinc
  bAspfinc
  cAspfinc
  dAspfinc
  abfi_hp8
  bbfi_hp8
  cbfi_hp8
  dbfi_hp8
  aP_S_BFI
  aP_D_BFI
  aECgoalc
  bECgoalC
  cECgoalC
  dECgoalC
  aaspfin
  baspfin
  caspfin
  daspfin
  aMVI_POMP
  bMVI_POMP
  cMVI_POMP
  dMVI_POMP;

  USEVARIABLES =
  aBFA_OO
  bBFA_OO
  cBFA_OO
  dBFA_OO
  aHRZ_IND
  bHRZ_IND
  cHRZ_IND
  dHRZ_IND
  bage_c
  cage_c
  dage_c
  ;

  missing = all (-9999);

  USEOBSERVATIONS are Sample == 2; ! College Sample

  tscores = bage_c cage_c dage_c;

  DEFINE:
  bage_c = aAGE + 1 - 20.5;
  cage_c = aAGE + 2 - 20.5;
  dage_c = aAGE + 3 - 20.5;

  ANALYSIS:
  TYPE=RANDOM;
  PROCESSORS = 8;

  MODEL:

  i_BFA_OO s_BFA_OO | bBFA_OO cBFA_OO dBFA_OO AT bage_c cage_c dage_c;
  i_HRZ_IND s_HRZ_IND | bHRZ_IND cHRZ_IND dHRZ_IND AT bage_c cage_c dage_c;


  !After Bollen and Curran initial observation is not part of LGM

  dBFA_OO on cBFA_OO (a); ! Autoregressive paths constrained to equality
  cBFA_OO on bBFA_OO (a);
  bBFA_OO on aBFA_OO (a);

  dHRZ_IND on cHRZ_IND (b); ! Autoregressive paths constrained to equality
  cHRZ_IND on bHRZ_IND (b);
  bHRZ_IND on aHRZ_IND (b);

  bBFA_OO cBFA_OO dBFA_OO (c); !Equality constraint on residuals
  bHRZ_IND cHRZ_IND dHRZ_IND (d); !Equality constraint on residuals

  dHRZ_IND on cBFA_OO (x); ! Cross-lagged paths constrained to equality
  cHRZ_IND on bBFA_OO (x);
  bHRZ_IND on aBFA_OO (x);

  dBFA_OO on cHRZ_IND (y); ! Cross-lagged paths constrained to equality
  cBFA_OO on bHRZ_IND (y);
  bBFA_OO on aHRZ_IND (y);

  dHRZ_IND with dBFA_OO (w); ! within-wave correlations constrained to equality
  cHRZ_IND with cBFA_OO (w);
  bHRZ_IND with bBFA_OO (w);

  aBFA_OO aHRZ_IND i_BFA_OO i_HRZ_IND
  with
  aBFA_OO aHRZ_IND i_BFA_OO i_HRZ_IND;

  s_BFA_OO@0;

  s_HRZ_IND@0;

  OUTPUT: SAMPSTAT PATTERNS;



*** WARNING
  Variable name contains more than 8 characters.
  Only the first 8 characters will be printed in the output.
  Variable: AMVI_POMP
*** WARNING
  Variable name contains more than 8 characters.
  Only the first 8 characters will be printed in the output.
  Variable: BMVI_POMP
*** WARNING
  Variable name contains more than 8 characters.
  Only the first 8 characters will be printed in the output.
  Variable: CMVI_POMP
*** WARNING
  Variable name contains more than 8 characters.
  Only the first 8 characters will be printed in the output.
  Variable: DMVI_POMP
*** WARNING
  Variable name contains more than 8 characters.
  Only the first 8 characters will be printed in the output.
  Variable: I_HRZ_IND
*** WARNING
  Variable name contains more than 8 characters.
  Only the first 8 characters will be printed in the output.
  Variable: S_HRZ_IND
*** WARNING in MODEL command
  All continuous latent variable covariances involving S_BFA_OO have been fixed to 0
  because the variance of S_BFA_OO is fixed at 0.
*** WARNING in MODEL command
  All continuous latent variable covariances involving S_HRZ_IND have been fixed to 0
  because the variance of S_HRZ_IND is fixed at 0.
*** WARNING
  Data set contains cases with missing on all variables.
  These cases were not included in the analysis.
  Number of cases with missing on all variables:  1
*** WARNING
  Data set contains cases with missing on time scores but non-missing on the
  corresponding dependent variables.  These cases were not included in the analysis.
  Number of such cases:  2
  10 WARNING(S) FOUND IN THE INPUT INSTRUCTIONS



PxVx Univariate - Col MeanOnly BFA_OO with MeanOnly HRZ_IND;

SUMMARY OF ANALYSIS

Number of groups                                                 1
Number of observations                                         277

Number of dependent variables                                    6
Number of independent variables                                  2
Number of continuous latent variables                            4

Observed dependent variables

  Continuous
   BBFA_OO     CBFA_OO     DBFA_OO     BHRZ_IND    CHRZ_IND    DHRZ_IND

Observed independent variables
   ABFA_OO     AHRZ_IND

Continuous latent variables
   I_BFA_OO    S_BFA_OO    I_HRZ_IN    S_HRZ_IN

Variables with special functions

  Time scores
   BAGE_C      CAGE_C      DAGE_C


Estimator                                                      MLR
Information matrix                                        OBSERVED
Maximum number of iterations                                   100
Convergence criterion                                    0.100D-05
Maximum number of EM iterations                                500
Convergence criteria for the EM algorithm
  Loglikelihood change                                   0.100D-02
  Relative loglikelihood change                          0.100D-05
  Derivative                                             0.100D-03
Minimum variance                                         0.100D-03
Maximum number of steepest descent iterations                   20
Maximum number of iterations for H1                           2000
Convergence criterion for H1                             0.100D-03
Optimization algorithm                                         EMA

Input data file(s)
  E:\Projects\lnt_pxvx\Data\LT_227.txt
Input data format  FREE


SUMMARY OF DATA

     Number of missing data patterns            13


SUMMARY OF MISSING DATA PATTERNS


     MISSING DATA PATTERNS (x = not missing)

           1  2  3  4  5  6  7  8  9 10 11 12 13
 BBFA_OO   x  x     x        x  x              x
 CBFA_OO   x  x  x                 x  x
 DBFA_OO   x              x  x  x  x  x
 BHRZ_IND  x  x     x           x
 CHRZ_IND  x  x  x                 x  x
 DHRZ_IND  x              x     x     x
 ABFA_OO   x  x  x  x  x  x  x  x  x  x  x     x
 AHRZ_IND  x  x  x  x  x  x  x  x  x  x     x  x


     MISSING DATA PATTERN FREQUENCIES

    Pattern   Frequency     Pattern   Frequency     Pattern   Frequency
          1         138           6          11          11           2
          2          12           7           1          12           1
          3           5           8          16          13           2
          4          27           9           1
          5          51          10          10


COVARIANCE COVERAGE OF DATA

Minimum covariance coverage value   0.100


     PROPORTION OF DATA PRESENT


           Covariance Coverage
              BBFA_OO       CBFA_OO       DBFA_OO       BHRZ_IND      CHRZ_IND
              ________      ________      ________      ________      ________
 BBFA_OO        0.708
 CBFA_OO        0.542         0.599
 DBFA_OO        0.560         0.538         0.639
 BHRZ_IND       0.697         0.542         0.556         0.697
 CHRZ_IND       0.542         0.599         0.538         0.542         0.599
 DHRZ_IND       0.556         0.534         0.632         0.556         0.534
 ABFA_OO        0.708         0.599         0.639         0.697         0.599
 AHRZ_IND       0.708         0.599         0.639         0.697         0.599


           Covariance Coverage
              DHRZ_IND      ABFA_OO       AHRZ_IND
              ________      ________      ________
 DHRZ_IND       0.632
 ABFA_OO        0.632         0.996
 AHRZ_IND       0.632         0.989         0.993


SAMPLE STATISTICS


     ESTIMATED SAMPLE STATISTICS


           Means
              BBFA_OO       CBFA_OO       DBFA_OO       BHRZ_IND      CHRZ_IND
              ________      ________      ________      ________      ________
 1             74.085        72.942        75.023        73.066        73.466


           Means
              DHRZ_IND      ABFA_OO       AHRZ_IND
              ________      ________      ________
 1             75.245        74.916        74.063


           Covariances
              BBFA_OO       CBFA_OO       DBFA_OO       BHRZ_IND      CHRZ_IND
              ________      ________      ________      ________      ________
 BBFA_OO      266.331
 CBFA_OO      217.958       241.930
 DBFA_OO      200.099       190.772       217.473
 BHRZ_IND      48.988        44.824        41.781       266.750
 CHRZ_IND      70.613        76.304        57.748       175.714       250.433
 DHRZ_IND      31.029        34.208        40.026       144.638       142.097
 ABFA_OO      202.048       182.678       168.961        49.772        61.116
 AHRZ_IND      30.890        38.408        38.792       163.562       133.448


           Covariances
              DHRZ_IND      ABFA_OO       AHRZ_IND
              ________      ________      ________
 DHRZ_IND     257.527
 ABFA_OO       22.762       231.155
 AHRZ_IND     136.625        48.782       239.626


           Correlations
              BBFA_OO       CBFA_OO       DBFA_OO       BHRZ_IND      CHRZ_IND
              ________      ________      ________      ________      ________
 BBFA_OO        1.000
 CBFA_OO        0.859         1.000
 DBFA_OO        0.831         0.832         1.000
 BHRZ_IND       0.184         0.176         0.173         1.000
 CHRZ_IND       0.273         0.310         0.247         0.680         1.000
 DHRZ_IND       0.118         0.137         0.169         0.552         0.560
 ABFA_OO        0.814         0.772         0.754         0.200         0.254
 AHRZ_IND       0.122         0.160         0.170         0.647         0.545


           Correlations
              DHRZ_IND      ABFA_OO       AHRZ_IND
              ________      ________      ________
 DHRZ_IND       1.000
 ABFA_OO        0.093         1.000
 AHRZ_IND       0.550         0.207         1.000


     MAXIMUM LOG-LIKELIHOOD VALUE FOR THE UNRESTRICTED (H1) MODEL IS -6266.458


THE MODEL ESTIMATION TERMINATED NORMALLY



MODEL FIT INFORMATION

Number of Free Parameters                       23

Loglikelihood

          H0 Value                       -6280.446
          H0 Scaling Correction Factor       1.373
            for MLR

Information Criteria

          Akaike (AIC)                   12606.891
          Bayesian (BIC)                 12690.244
          Sample-Size Adjusted BIC       12617.314
            (n* = (n + 2) / 24)



MODEL RESULTS

                                                    Two-Tailed
                    Estimate       S.E.  Est./S.E.    P-Value

 DBFA_OO    ON
    CBFA_OO            0.138      0.232      0.596      0.551
    CHRZ_IND          -0.055      0.112     -0.495      0.621

 CBFA_OO    ON
    BBFA_OO            0.138      0.232      0.596      0.551
    BHRZ_IND          -0.055      0.112     -0.495      0.621

 BBFA_OO    ON
    ABFA_OO            0.138      0.232      0.596      0.551
    AHRZ_IND          -0.055      0.112     -0.495      0.621

 DHRZ_IND   ON
    CHRZ_IND           0.200      0.161      1.243      0.214
    CBFA_OO            0.092      0.389      0.236      0.814

 CHRZ_IND   ON
    BHRZ_IND           0.200      0.161      1.243      0.214
    BBFA_OO            0.092      0.389      0.236      0.814

 BHRZ_IND   ON
    AHRZ_IND           0.200      0.161      1.243      0.214
    ABFA_OO            0.092      0.389      0.236      0.814

 I_HRZ_IN WITH
    I_BFA_OO          23.111     78.243      0.295      0.768

 ABFA_OO  WITH
    I_BFA_OO         160.977     42.222      3.813      0.000
    I_HRZ_IND         16.284     70.750      0.230      0.818

 AHRZ_IND WITH
    I_BFA_OO          40.398     16.881      2.393      0.017
    I_HRZ_IND        105.204     20.275      5.189      0.000

 DHRZ_IND WITH
    DBFA_OO            8.669     12.654      0.685      0.493

 CHRZ_IND WITH
    CBFA_OO            8.669     12.654      0.685      0.493

 BHRZ_IND WITH
    BBFA_OO            8.669     12.654      0.685      0.493

 AHRZ_IND WITH
    ABFA_OO           48.782     15.491      3.149      0.002

 Means
    ABFA_OO           74.916      0.914     81.936      0.000
    AHRZ_IND          74.063      0.932     79.448      0.000
    I_BFA_OO          66.740      9.967      6.696      0.000
    S_BFA_OO           0.586      0.435      1.348      0.178
    I_HRZ_IND         50.958     18.437      2.764      0.006
    S_HRZ_IND          0.709      0.584      1.215      0.224

 Intercepts
    BBFA_OO            0.000      0.000    999.000    999.000
    CBFA_OO            0.000      0.000    999.000    999.000
    DBFA_OO            0.000      0.000    999.000    999.000
    BHRZ_IND           0.000      0.000    999.000    999.000
    CHRZ_IND           0.000      0.000    999.000    999.000
    DHRZ_IND           0.000      0.000    999.000    999.000

 Variances
    ABFA_OO          231.155     18.348     12.598      0.000
    AHRZ_IND         239.626     21.299     11.251      0.000
    I_BFA_OO         154.968     77.434      2.001      0.045
    S_BFA_OO           0.000      0.000    999.000    999.000
    I_HRZ_IND         83.247     37.633      2.212      0.027
    S_HRZ_IND          0.000      0.000    999.000    999.000

 Residual Variances
    BBFA_OO           42.837      8.155      5.253      0.000
    CBFA_OO           42.837      8.155      5.253      0.000
    DBFA_OO           42.837      8.155      5.253      0.000
    BHRZ_IND         116.697     18.495      6.310      0.000
    CHRZ_IND         116.697     18.495      6.310      0.000
    DHRZ_IND         116.697     18.495      6.310      0.000


QUALITY OF NUMERICAL RESULTS

     Condition Number for the Information Matrix              0.677E-06
       (ratio of smallest to largest eigenvalue)


     Beginning Time:  11:41:56
        Ending Time:  11:41:57
       Elapsed Time:  00:00:01



MUTHEN & MUTHEN
3463 Stoner Ave.
Los Angeles, CA  90066

Tel: (310) 391-9971
Fax: (310) 391-8971
Web: www.StatModel.com
Support: Support@StatModel.com

Copyright (c) 1998-2011 Muthen & Muthen
