Mplus VERSION 6.12
MUTHEN & MUTHEN
03/09/2016   6:22 PM

INPUT INSTRUCTIONS


  title: PxVx Univariate - Col Lin BFA_EE with Lin HRZ_COL;
  data: file = E:\Projects\lnt_pxvx\Data\LT_227.txt;



  variable:
  names =
  subjid
  Sample
  aGENDER
  aAGE
  aethnic1
  aethnic2
  aedu_mom
  aedu_dad
  aEDUCATN
  bEDUCATN
  cEDUCATN
  aEMPLOYD
  bEMPLOYD
  cEMPLOYD
  dEMPLOYD
  aINCOME
  bINCOME
  cINCOME
  dINCOME
  aS_SCALE
  bS_SCALE
  cS_SCALE
  dS_SCALE
  aD_SCALE
  bD_SCALE
  cD_SCALE
  dD_SCALE
  aS_COMP
  bS_COMP
  cS_COMP
  dS_COMP
  aD_COMP
  bD_COMP
  cD_COMP
  dD_COMP
  aBFI_A
  aBFI_A6
  aBFI_C
  aBFI_E
  aBFI_HP
  aBFI_N
  aBFI_O
  bBFI_A
  bBFI_A6
  bBFI_C
  bBFI_E
  bBFI_HP
  bBFI_N
  bBFI_O
  cBFI_A
  cBFI_A6
  cBFI_C
  cBFI_E
  cBFI_HP
  cBFI_N
  cBFI_O
  dBFI_A
  dBFI_A6
  dBFI_C
  dBFI_E
  dBFI_HP
  dBFI_N
  dBFI_O
  aBFA_AC
  aBFA_AP
  aBFA_CI
  aBFA_CO
  aBFA_EA
  aBFA_EE
  aBFA_N9
  aBFA_NV
  aBFA_NW
  aBFA_OI
  aBFA_OO
  aBFA_PS
  aBFA_MT
  bBFA_AC
  bBFA_AP
  bBFA_CI
  bBFA_CO
  bBFA_EA
  bBFA_EE
  bBFA_N9
  bBFA_NV
  bBFA_NW
  bBFA_OI
  bBFA_OO
  bBFA_MT
  bBFA_PS
  cBFA_AC
  cBFA_AP
  cBFA_CI
  cBFA_CO
  cBFA_EA
  cBFA_EE
  cBFA_N9
  cBFA_NV
  cBFA_NW
  cBFA_OI
  cBFA_OO
  cBFA_MT
  cBFA_PS
  dBFA_AC
  dBFA_AP
  dBFA_CI
  dBFA_CO
  dBFA_EA
  dBFA_EE
  dBFA_N9
  dBFA_NV
  dBFA_NW
  dBFA_OI
  dBFA_OO
  dBFA_MT
  dBFA_PS
  aUSI
  bUSI
  cUSI
  dUSI
  aHRZ_IND
  bHRZ_IND
  cHRZ_IND
  dHRZ_IND
  aVRT_IND
  bVRT_IND
  cVRT_IND
  dVRT_IND
  aHRZ_COL
  bHRZ_COL
  cHRZ_COL
  dHRZ_COL
  aVRT_COL
  bVRT_COL
  cVRT_COL
  dVRT_COL
  aCOLLCTV
  bCOLLCTV
  cCOLLCTV
  dCOLLCTV
  aMVS
  bMVS
  cMVS
  dMVS
  aST
  bST
  cST
  dST
  aSD
  bSD
  cSD
  dSD
  aMVS_mc
  bMVS_mc
  cMVS_mc
  dMVS_mc
  aST_mc
  bST_mc
  cST_mc
  dST_mc
  aSD_mc
  bSD_mc
  cSD_mc
  dSD_mc
  bMEANING
  cMEANING
  dMEANING
  bMEAN_L
  cMEAN_L
  dMEAN_L
  bMEANNGc
  cMEANNGc
  dMEANNGc
  bMEANGlc
  cMEANGlc
  dMEANGlc
  bCLASSIC
  cCLASSIC
  dCLASSIC
  bCLASSCc
  cCLASSCc
  dCLASSCc
  bAGR_VAL
  cAGR_VAL
  dAGR_VAL
  bOPN_VAL
  cOPN_VAL
  dOPN_VAL
  bAGR_VLc
  cAGR_VLc
  dAGR_VLc
  bOPNVALc
  cOPNVALc
  dOPNVALc
  aMV_pomp
  bMV_pomp
  cMV_pomp
  dMV_pomp
  aST_pomp
  bST_pomp
  cST_pomp
  dST_pomp
  aSD_pomp
  bSD_pomp
  cSD_pomp
  dSD_pomp
  agoal_ec
  bgoal_ec
  cgoal_ec
  dgoal_ec
  aAspfinc
  bAspfinc
  cAspfinc
  dAspfinc
  abfi_hp8
  bbfi_hp8
  cbfi_hp8
  dbfi_hp8
  aP_S_BFI
  aP_D_BFI
  aECgoalc
  bECgoalC
  cECgoalC
  dECgoalC
  aaspfin
  baspfin
  caspfin
  daspfin;

  USEVARIABLES =
  aBFA_EE
  bBFA_EE
  cBFA_EE
  dBFA_EE
  aHRZ_COL
  bHRZ_COL
  cHRZ_COL
  dHRZ_COL
  bage_c
  cage_c
  dage_c
  ;

  missing = all (-9999);

  USEOBSERVATIONS are Sample == 2; ! College Sample

  tscores = bage_c cage_c dage_c;

  DEFINE:
  bage_c = aAGE + 1 - 20.5;
  cage_c = aAGE + 2 - 20.5;
  dage_c = aAGE + 3 - 20.5;

  ANALYSIS:
  TYPE=RANDOM;
  PROCESSORS = 8;

  MODEL:

  i_BFA_EE s_BFA_EE | bBFA_EE cBFA_EE dBFA_EE AT bage_c cage_c dage_c;
  i_HRZ_COL s_HRZ_COL | bHRZ_COL cHRZ_COL dHRZ_COL AT bage_c cage_c dage_c;


  !After Bollen and Curran initial observation is not part of LGM

  dBFA_EE on cBFA_EE (a); ! Autoregressive paths constrained to equality
  cBFA_EE on bBFA_EE (a);
  bBFA_EE on aBFA_EE (a);

  dHRZ_COL on cHRZ_COL (b); ! Autoregressive paths constrained to equality
  cHRZ_COL on bHRZ_COL (b);
  bHRZ_COL on aHRZ_COL (b);

  bBFA_EE cBFA_EE dBFA_EE (c); !Equality constraint on residuals
  bHRZ_COL cHRZ_COL dHRZ_COL (d); !Equality constraint on residuals

  dHRZ_COL on cBFA_EE (x); ! Cross-lagged paths constrained to equality
  cHRZ_COL on bBFA_EE (x);
  bHRZ_COL on aBFA_EE (x);

  dBFA_EE on cHRZ_COL (y); ! Cross-lagged paths constrained to equality
  cBFA_EE on bHRZ_COL (y);
  bBFA_EE on aHRZ_COL (y);

  dHRZ_COL with dBFA_EE (w); ! within-wave correlations constrained to equality
  cHRZ_COL with cBFA_EE (w);
  bHRZ_COL with bBFA_EE (w);

  aBFA_EE aHRZ_COL i_BFA_EE i_HRZ_COL
  s_BFA_EE
  s_HRZ_COL
  with
  s_BFA_EE
  s_HRZ_COL
  aBFA_EE aHRZ_COL i_BFA_EE i_HRZ_COL;



  OUTPUT: SAMPSTAT PATTERNS;



*** WARNING
  Variable name contains more than 8 characters.
  Only the first 8 characters will be printed in the output.
  Variable: I_HRZ_COL
*** WARNING
  Variable name contains more than 8 characters.
  Only the first 8 characters will be printed in the output.
  Variable: S_HRZ_COL
*** WARNING
  Data set contains cases with missing on all variables.
  These cases were not included in the analysis.
  Number of cases with missing on all variables:  1
   3 WARNING(S) FOUND IN THE INPUT INSTRUCTIONS



PxVx Univariate - Col Lin BFA_EE with Lin HRZ_COL;

SUMMARY OF ANALYSIS

Number of groups                                                 1
Number of observations                                         279

Number of dependent variables                                    6
Number of independent variables                                  2
Number of continuous latent variables                            4

Observed dependent variables

  Continuous
   BBFA_EE     CBFA_EE     DBFA_EE     BHRZ_COL    CHRZ_COL    DHRZ_COL

Observed independent variables
   ABFA_EE     AHRZ_COL

Continuous latent variables
   I_BFA_EE    S_BFA_EE    I_HRZ_CO    S_HRZ_CO

Variables with special functions

  Time scores
   BAGE_C      CAGE_C      DAGE_C


Estimator                                                      MLR
Information matrix                                        OBSERVED
Maximum number of iterations                                   100
Convergence criterion                                    0.100D-05
Maximum number of EM iterations                                500
Convergence criteria for the EM algorithm
  Loglikelihood change                                   0.100D-02
  Relative loglikelihood change                          0.100D-05
  Derivative                                             0.100D-03
Minimum variance                                         0.100D-03
Maximum number of steepest descent iterations                   20
Maximum number of iterations for H1                           2000
Convergence criterion for H1                             0.100D-03
Optimization algorithm                                         EMA

Input data file(s)
  E:\Projects\lnt_pxvx\Data\LT_227.txt
Input data format  FREE


SUMMARY OF DATA

     Number of missing data patterns            12


SUMMARY OF MISSING DATA PATTERNS


     MISSING DATA PATTERNS (x = not missing)

           1  2  3  4  5  6  7  8  9 10 11 12
 BBFA_EE   x  x     x        x  x           x
 CBFA_EE   x  x  x                 x  x
 DBFA_EE   x              x  x  x  x  x
 BHRZ_COL  x  x     x           x
 CHRZ_COL  x  x  x                 x  x
 DHRZ_COL  x              x     x     x
 ABFA_EE   x  x  x  x  x  x  x  x  x  x  x  x
 AHRZ_COL  x  x  x  x  x  x  x  x  x  x     x


     MISSING DATA PATTERN FREQUENCIES

    Pattern   Frequency     Pattern   Frequency     Pattern   Frequency
          1         140           5          52           9           1
          2          12           6          11          10          10
          3           5           7           1          11           2
          4          27           8          16          12           2


COVARIANCE COVERAGE OF DATA

Minimum covariance coverage value   0.100


     PROPORTION OF DATA PRESENT


           Covariance Coverage
              BBFA_EE       CBFA_EE       DBFA_EE       BHRZ_COL      CHRZ_COL
              ________      ________      ________      ________      ________
 BBFA_EE        0.710
 CBFA_EE        0.545         0.602
 DBFA_EE        0.563         0.541         0.642
 BHRZ_COL       0.699         0.545         0.559         0.699
 CHRZ_COL       0.545         0.602         0.541         0.545         0.602
 DHRZ_COL       0.559         0.538         0.634         0.559         0.538
 ABFA_EE        0.710         0.602         0.642         0.699         0.602
 AHRZ_COL       0.710         0.602         0.642         0.699         0.602


           Covariance Coverage
              DHRZ_COL      ABFA_EE       AHRZ_COL
              ________      ________      ________
 DHRZ_COL       0.634
 ABFA_EE        0.634         1.000
 AHRZ_COL       0.634         0.993         0.993


SAMPLE STATISTICS


     ESTIMATED SAMPLE STATISTICS


           Means
              BBFA_EE       CBFA_EE       DBFA_EE       BHRZ_COL      CHRZ_COL
              ________      ________      ________      ________      ________
 1             65.425        66.198        65.055        74.050        73.902


           Means
              DHRZ_COL      ABFA_EE       AHRZ_COL
              ________      ________      ________
 1             74.787        67.217        71.555


           Covariances
              BBFA_EE       CBFA_EE       DBFA_EE       BHRZ_COL      CHRZ_COL
              ________      ________      ________      ________      ________
 BBFA_EE      308.057
 CBFA_EE      218.206       283.802
 DBFA_EE      232.396       244.274       337.152
 BHRZ_COL      84.366        53.861        69.996       205.203
 CHRZ_COL      66.964        76.913        58.786       129.354       179.636
 DHRZ_COL      85.933        69.158       101.852       122.755       113.980
 ABFA_EE      236.627       203.053       223.159        73.394        60.004
 AHRZ_COL      74.330        34.518        52.260       106.717       109.141


           Covariances
              DHRZ_COL      ABFA_EE       AHRZ_COL
              ________      ________      ________
 DHRZ_COL     208.643
 ABFA_EE       83.543       278.136
 AHRZ_COL     119.800        74.197       193.603


           Correlations
              BBFA_EE       CBFA_EE       DBFA_EE       BHRZ_COL      CHRZ_COL
              ________      ________      ________      ________      ________
 BBFA_EE        1.000
 CBFA_EE        0.738         1.000
 DBFA_EE        0.721         0.790         1.000
 BHRZ_COL       0.336         0.223         0.266         1.000
 CHRZ_COL       0.285         0.341         0.239         0.674         1.000
 DHRZ_COL       0.339         0.284         0.384         0.593         0.589
 ABFA_EE        0.808         0.723         0.729         0.307         0.268
 AHRZ_COL       0.304         0.147         0.205         0.535         0.585


           Correlations
              DHRZ_COL      ABFA_EE       AHRZ_COL
              ________      ________      ________
 DHRZ_COL       1.000
 ABFA_EE        0.347         1.000
 AHRZ_COL       0.596         0.320         1.000


     MAXIMUM LOG-LIKELIHOOD VALUE FOR THE UNRESTRICTED (H1) MODEL IS -6360.019


THE MODEL ESTIMATION TERMINATED NORMALLY



MODEL FIT INFORMATION

Number of Free Parameters                       34

Loglikelihood

          H0 Value                       -6372.884
          H0 Scaling Correction Factor       1.015
            for MLR

Information Criteria

          Akaike (AIC)                   12813.767
          Bayesian (BIC)                 12937.229
          Sample-Size Adjusted BIC       12829.418
            (n* = (n + 2) / 24)



MODEL RESULTS

                                                    Two-Tailed
                    Estimate       S.E.  Est./S.E.    P-Value

 DBFA_EE    ON
    CBFA_EE            0.190      0.054      3.545      0.000
    CHRZ_COL          -0.040      0.074     -0.543      0.587

 CBFA_EE    ON
    BBFA_EE            0.190      0.054      3.545      0.000
    BHRZ_COL          -0.040      0.074     -0.543      0.587

 BBFA_EE    ON
    ABFA_EE            0.190      0.054      3.545      0.000
    AHRZ_COL          -0.040      0.074     -0.543      0.587

 DHRZ_COL   ON
    CHRZ_COL           0.006      0.060      0.096      0.923
    CBFA_EE            0.058      0.046      1.257      0.209

 CHRZ_COL   ON
    BHRZ_COL           0.006      0.060      0.096      0.923
    BBFA_EE            0.058      0.046      1.257      0.209

 BHRZ_COL   ON
    AHRZ_COL           0.006      0.060      0.096      0.923
    ABFA_EE            0.058      0.046      1.257      0.209

 S_BFA_EE WITH
    I_BFA_EE          -0.272      5.933     -0.046      0.963

 I_HRZ_CO WITH
    I_BFA_EE          25.536     26.553      0.962      0.336
    S_BFA_EE           3.584      6.309      0.568      0.570

 S_HRZ_CO WITH
    I_BFA_EE          10.841      6.821      1.589      0.112
    S_BFA_EE          -1.625      1.683     -0.965      0.334
    I_HRZ_COL         -9.858      6.505     -1.515      0.130

 ABFA_EE  WITH
    I_BFA_EE         173.754     30.246      5.745      0.000
    S_BFA_EE           2.319      6.776      0.342      0.732
    I_HRZ_COL         40.624     23.723      1.712      0.087
    S_HRZ_COL          9.091      7.298      1.246      0.213

 AHRZ_COL WITH
    I_BFA_EE          65.753     23.320      2.820      0.005
    S_BFA_EE          -8.127      6.053     -1.343      0.179
    I_HRZ_COL         89.667     23.399      3.832      0.000
    S_HRZ_COL          8.901      6.606      1.347      0.178

 DHRZ_COL WITH
    DBFA_EE           22.493      6.790      3.313      0.001

 CHRZ_COL WITH
    CBFA_EE           22.493      6.790      3.313      0.001

 BHRZ_COL WITH
    BBFA_EE           22.493      6.790      3.313      0.001

 AHRZ_COL WITH
    ABFA_EE           74.191     15.199      4.881      0.000

 Means
    ABFA_EE           67.217      0.996     67.495      0.000
    AHRZ_COL          71.593      0.835     85.770      0.000
    I_BFA_EE          55.332      6.458      8.567      0.000
    S_BFA_EE           0.280      0.430      0.651      0.515
    I_HRZ_COL         69.493      4.450     15.616      0.000
    S_HRZ_COL          0.190      0.447      0.426      0.670

 Intercepts
    BBFA_EE            0.000      0.000    999.000    999.000
    CBFA_EE            0.000      0.000    999.000    999.000
    DBFA_EE            0.000      0.000    999.000    999.000
    BHRZ_COL           0.000      0.000    999.000    999.000
    CHRZ_COL           0.000      0.000    999.000    999.000
    DHRZ_COL           0.000      0.000    999.000    999.000

 Variances
    ABFA_EE          278.136     21.205     13.116      0.000
    AHRZ_COL         193.601     15.950     12.138      0.000
    I_BFA_EE         143.301     38.303      3.741      0.000
    S_BFA_EE           2.210      2.062      1.072      0.284
    I_HRZ_COL        138.342     28.675      4.825      0.000
    S_HRZ_COL          3.518      2.009      1.752      0.080

 Residual Variances
    BBFA_EE           82.360     10.968      7.509      0.000
    CBFA_EE           82.360     10.968      7.509      0.000
    DBFA_EE           82.360     10.968      7.509      0.000
    BHRZ_COL          73.866      8.354      8.842      0.000
    CHRZ_COL          73.866      8.354      8.842      0.000
    DHRZ_COL          73.866      8.354      8.842      0.000


QUALITY OF NUMERICAL RESULTS

     Condition Number for the Information Matrix              0.860E-07
       (ratio of smallest to largest eigenvalue)


     Beginning Time:  18:22:08
        Ending Time:  18:22:19
       Elapsed Time:  00:00:11



MUTHEN & MUTHEN
3463 Stoner Ave.
Los Angeles, CA  90066

Tel: (310) 391-9971
Fax: (310) 391-8971
Web: www.StatModel.com
Support: Support@StatModel.com

Copyright (c) 1998-2011 Muthen & Muthen
