Mplus VERSION 7 (Mac)
MUTHEN & MUTHEN
10/27/2017   3:58 PM

INPUT INSTRUCTIONS


  title: PxVx Bivariate LCM-SR-Uncons - Nat Linear BFA_OO with Linear aspfin;
  data: file = /Users/johnflournoy/code/lnt_pxvx/Data/LT_227.txt;


  variable:
  names =
  subjid
  Sample
  aGENDER
  aAGE
  aethnic1
  aethnic2
  aedu_mom
  aedu_dad
  aEDUCATN
  bEDUCATN
  cEDUCATN
  aEMPLOYD
  bEMPLOYD
  cEMPLOYD
  dEMPLOYD
  aINCOME
  bINCOME
  cINCOME
  dINCOME
  aS_SCALE
  bS_SCALE
  cS_SCALE
  dS_SCALE
  aD_SCALE
  bD_SCALE
  cD_SCALE
  dD_SCALE
  aS_COMP
  bS_COMP
  cS_COMP
  dS_COMP
  aD_COMP
  bD_COMP
  cD_COMP
  dD_COMP
  aBFI_A
  aBFI_A6
  aBFI_C
  aBFI_E
  aBFI_HP
  aBFI_N
  aBFI_O
  bBFI_A
  bBFI_A6
  bBFI_C
  bBFI_E
  bBFI_HP
  bBFI_N
  bBFI_O
  cBFI_A
  cBFI_A6
  cBFI_C
  cBFI_E
  cBFI_HP
  cBFI_N
  cBFI_O
  dBFI_A
  dBFI_A6
  dBFI_C
  dBFI_E
  dBFI_HP
  dBFI_N
  dBFI_O
  aBFA_AC
  aBFA_AP
  aBFA_CI
  aBFA_CO
  aBFA_EA
  aBFA_EE
  aBFA_N9
  aBFA_NV
  aBFA_NW
  aBFA_OI
  aBFA_OO
  aBFA_PS
  aBFA_MT
  bBFA_AC
  bBFA_AP
  bBFA_CI
  bBFA_CO
  bBFA_EA
  bBFA_EE
  bBFA_N9
  bBFA_NV
  bBFA_NW
  bBFA_OI
  bBFA_OO
  bBFA_MT
  bBFA_PS
  cBFA_AC
  cBFA_AP
  cBFA_CI
  cBFA_CO
  cBFA_EA
  cBFA_EE
  cBFA_N9
  cBFA_NV
  cBFA_NW
  cBFA_OI
  cBFA_OO
  cBFA_MT
  cBFA_PS
  dBFA_AC
  dBFA_AP
  dBFA_CI
  dBFA_CO
  dBFA_EA
  dBFA_EE
  dBFA_N9
  dBFA_NV
  dBFA_NW
  dBFA_OI
  dBFA_OO
  dBFA_MT
  dBFA_PS
  aUSI
  bUSI
  cUSI
  dUSI
  aHRZ_IND
  bHRZ_IND
  cHRZ_IND
  dHRZ_IND
  aVRT_IND
  bVRT_IND
  cVRT_IND
  dVRT_IND
  aHRZ_COL
  bHRZ_COL
  cHRZ_COL
  dHRZ_COL
  aVRT_COL
  bVRT_COL
  cVRT_COL
  dVRT_COL
  aCOLLCTV
  bCOLLCTV
  cCOLLCTV
  dCOLLCTV
  aMVS
  bMVS
  cMVS
  dMVS
  aST
  bST
  cST
  dST
  aSD
  bSD
  cSD
  dSD
  aMVS_mc
  bMVS_mc
  cMVS_mc
  dMVS_mc
  aST_mc
  bST_mc
  cST_mc
  dST_mc
  aSD_mc
  bSD_mc
  cSD_mc
  dSD_mc
  bMEANING
  cMEANING
  dMEANING
  bMEAN_L
  cMEAN_L
  dMEAN_L
  bMEANNGc
  cMEANNGc
  dMEANNGc
  bMEANGlc
  cMEANGlc
  dMEANGlc
  bCLASSIC
  cCLASSIC
  dCLASSIC
  bCLASSCc
  cCLASSCc
  dCLASSCc
  bAGR_VAL
  cAGR_VAL
  dAGR_VAL
  bOPN_VAL
  cOPN_VAL
  dOPN_VAL
  bAGR_VLc
  cAGR_VLc
  dAGR_VLc
  bOPNVALc
  cOPNVALc
  dOPNVALc
  aMV_pomp
  bMV_pomp
  cMV_pomp
  dMV_pomp
  aST_pomp
  bST_pomp
  cST_pomp
  dST_pomp
  aSD_pomp
  bSD_pomp
  cSD_pomp
  dSD_pomp
  agoal_ec
  bgoal_ec
  cgoal_ec
  dgoal_ec
  aAspfinc
  bAspfinc
  cAspfinc
  dAspfinc
  abfi_hp8
  bbfi_hp8
  cbfi_hp8
  dbfi_hp8
  aP_S_BFI
  aP_D_BFI
  aECgoalc
  bECgoalC
  cECgoalC
  dECgoalC
  aaspfin
  baspfin
  caspfin
  daspfin
  aMVI_POMP
  bMVI_POMP
  cMVI_POMP
  dMVI_POMP;


  USEVARIABLES =
  aBFA_OO
  bBFA_OO
  cBFA_OO
  dBFA_OO
  aaspfin
  baspfin
  caspfin
  daspfin
  a1
  a2
  a3
  a4
  ;

  missing = all (-9999);

  USEOBSERVATIONS are Sample == 1; ! National Sample

  tscores = a1 a2 a3 a4;

  DEFINE:
  a1 = aAGE + 0 - 36;
  a2 = aAGE + 1 - 36;
  a3 = aAGE + 2 - 36;
  a4 = aAGE + 3 - 36;

  ANALYSIS:
  TYPE=RANDOM;
  PROCESSORS = 4;
  model=nocovariances; ! supresses default estimation of certain covs in model;

  MODEL:

  i_BFA_OO s_BFA_OO | aBFA_OO bBFA_OO cBFA_OO dBFA_OO AT a1 a2 a3 a4;
  i_aspfin s_aspfin | aaspfin baspfin caspfin daspfin AT a1 a2 a3 a4;

  ! freeing factor covs because of "nocovariances"
  s_BFA_OO WITH i_BFA_OO s_aspfin i_aspfin;
  i_BFA_OO WITH s_aspfin i_aspfin;
  s_aspfin WITH i_aspfin;

  p1 BY aBFA_OO@1; ! Residual "factors";
  p2 BY bBFA_OO@1;
  p3 BY cBFA_OO@1;
  p4 BY dBFA_OO@1;

  v1 BY aaspfin@1; ! Residual "factors";
  v2 BY baspfin@1;
  v3 BY caspfin@1;
  v4 BY daspfin@1;

  !residual variances on observed/manifest vars set to 0
  aBFA_OO@0;
  bBFA_OO@0;
  cBFA_OO@0;
  dBFA_OO@0;

  !residual variances on observed/manifest vars set to 0
  aaspfin@0;
  baspfin@0;
  caspfin@0;
  daspfin@0;

  ! means of observed/manifest vars set to 0
  [aBFA_OO@0];
  [bBFA_OO@0];
  [cBFA_OO@0];
  [dBFA_OO@0];

  ! means of observed/manifest vars set to 0
  [aaspfin@0];
  [baspfin@0];
  [caspfin@0];
  [daspfin@0];

  [p1@0]; ! means of residual "factors" set to 0
  [p2@0];
  [p3@0];
  [p4@0];

  [v1@0]; ! means of residual "factors" set to 0
  [v2@0];
  [v3@0];
  [v4@0];

  p4 on p3;
  p3 on p2;
  p2 on p1;

  v4 on v3;
  v3 on v2;
  v2 on v1;

  p4 on v3;
  p3 on v2;
  p2 on v1;

  v4 on p3;
  v3 on p2;
  v2 on p1;

  p1 with v1;

  p2 with v2;
  p3 with v3;
  p4 with v4;

  p2 p3 p4; ! estimate variances of residual "factors"
  v2 v3 v4; ! estimate variances of residual "factors"

  OUTPUT: SAMPSTAT PATTERNS;



*** WARNING
  Variable name contains more than 8 characters.
  Only the first 8 characters will be printed in the output.
  Variable: AMVI_POMP
*** WARNING
  Variable name contains more than 8 characters.
  Only the first 8 characters will be printed in the output.
  Variable: BMVI_POMP
*** WARNING
  Variable name contains more than 8 characters.
  Only the first 8 characters will be printed in the output.
  Variable: CMVI_POMP
*** WARNING
  Variable name contains more than 8 characters.
  Only the first 8 characters will be printed in the output.
  Variable: DMVI_POMP
*** WARNING
  Data set contains cases with missing on time scores but non-missing on the
  corresponding dependent variables.  These cases were not included in the analysis.
  Number of such cases:  16
   5 WARNING(S) FOUND IN THE INPUT INSTRUCTIONS



PxVx Bivariate LCM-SR-Uncons - Nat Linear BFA_OO with Linear aspfin;

SUMMARY OF ANALYSIS

Number of groups                                                 1
Number of observations                                         863

Number of dependent variables                                    8
Number of independent variables                                  0
Number of continuous latent variables                           12

Observed dependent variables

  Continuous
   ABFA_OO     BBFA_OO     CBFA_OO     DBFA_OO     AASPFIN     BASPFIN
   CASPFIN     DASPFIN

Continuous latent variables
   P1          P2          P3          P4          V1          V2
   V3          V4          I_BFA_OO    S_BFA_OO    I_ASPFIN    S_ASPFIN

Variables with special functions

  Time scores
   A1          A2          A3          A4


Estimator                                                      MLR
Information matrix                                        OBSERVED
Maximum number of iterations                                   100
Convergence criterion                                    0.100D-05
Maximum number of EM iterations                                500
Convergence criteria for the EM algorithm
  Loglikelihood change                                   0.100D-02
  Relative loglikelihood change                          0.100D-05
  Derivative                                             0.100D-03
Minimum variance                                         0.100D-03
Maximum number of steepest descent iterations                   20
Maximum number of iterations for H1                           2000
Convergence criterion for H1                             0.100D-03
Optimization algorithm                                         EMA

Input data file(s)
  /Users/johnflournoy/code/lnt_pxvx/Data/LT_227.txt
Input data format  FREE


SUMMARY OF DATA

     Number of missing data patterns            20


SUMMARY OF MISSING DATA PATTERNS


     MISSING DATA PATTERNS (x = not missing)

           1  2  3  4  5  6  7  8  9 10 11 12 13 14 15 16 17 18 19 20
 ABFA_OO   x  x  x  x  x  x  x  x  x  x  x  x  x        x  x  x  x
 BBFA_OO   x     x  x        x     x  x  x     x  x  x     x  x
 CBFA_OO   x           x     x  x        x  x  x  x  x        x     x
 DBFA_OO   x     x     x  x              x  x  x  x  x     x     x  x
 AASPFIN   x  x  x  x  x  x  x  x     x  x  x  x  x        x  x  x
 BASPFIN   x     x  x        x     x        x  x  x  x        x
 CASPFIN   x           x     x  x        x  x     x  x        x     x
 DASPFIN   x     x     x  x              x  x  x  x  x     x  x     x


     MISSING DATA PATTERN FREQUENCIES

    Pattern   Frequency     Pattern   Frequency     Pattern   Frequency
          1         489           8          23          15           3
          2         169           9           1          16           1
          3          26          10           3          17           1
          4          48          11           2          18           1
          5          21          12           1          19           1
          6          24          13           1          20           1
          7          46          14           1


COVARIANCE COVERAGE OF DATA

Minimum covariance coverage value   0.100


     PROPORTION OF DATA PRESENT


           Covariance Coverage
              ABFA_OO       BBFA_OO       CBFA_OO       DBFA_OO       AASPFIN
              ________      ________      ________      ________      ________
 ABFA_OO        0.994
 BBFA_OO        0.716         0.721
 CBFA_OO        0.677         0.629         0.683
 DBFA_OO        0.656         0.606         0.601         0.662
 AASPFIN        0.992         0.716         0.678         0.657         0.993
 BASPFIN        0.710         0.714         0.628         0.604         0.710
 CASPFIN        0.676         0.628         0.681         0.600         0.677
 DASPFIN        0.656         0.607         0.603         0.660         0.657


           Covariance Coverage
              BASPFIN       CASPFIN       DASPFIN
              ________      ________      ________
 BASPFIN        0.715
 CASPFIN        0.627         0.681
 DASPFIN        0.605         0.601         0.662


SAMPLE STATISTICS


     ESTIMATED SAMPLE STATISTICS


           Means
              ABFA_OO       BBFA_OO       CBFA_OO       DBFA_OO       AASPFIN
              ________      ________      ________      ________      ________
 1             73.176        73.164        72.490        72.308        48.505


           Means
              BASPFIN       CASPFIN       DASPFIN
              ________      ________      ________
 1             48.437        48.811        48.514


           Covariances
              ABFA_OO       BBFA_OO       CBFA_OO       DBFA_OO       AASPFIN
              ________      ________      ________      ________      ________
 ABFA_OO      250.776
 BBFA_OO      206.748       257.174
 CBFA_OO      204.805       218.234       269.491
 DBFA_OO      201.250       206.846       221.239       258.511
 AASPFIN      -24.591       -31.764       -32.182       -11.987       494.527
 BASPFIN      -25.978       -35.390       -38.596       -27.170       393.730
 CASPFIN      -32.052       -31.834       -41.506       -27.410       382.382
 DASPFIN      -12.346       -19.831       -28.764       -15.516       376.281


           Covariances
              BASPFIN       CASPFIN       DASPFIN
              ________      ________      ________
 BASPFIN      524.077
 CASPFIN      423.226       532.577
 DASPFIN      411.006       418.169       541.564


           Correlations
              ABFA_OO       BBFA_OO       CBFA_OO       DBFA_OO       AASPFIN
              ________      ________      ________      ________      ________
 ABFA_OO        1.000
 BBFA_OO        0.814         1.000
 CBFA_OO        0.788         0.829         1.000
 DBFA_OO        0.790         0.802         0.838         1.000
 AASPFIN       -0.070        -0.089        -0.088        -0.034         1.000
 BASPFIN       -0.072        -0.096        -0.103        -0.074         0.773
 CASPFIN       -0.088        -0.086        -0.110        -0.074         0.745
 DASPFIN       -0.034        -0.053        -0.075        -0.041         0.727


           Correlations
              BASPFIN       CASPFIN       DASPFIN
              ________      ________      ________
 BASPFIN        1.000
 CASPFIN        0.801         1.000
 DASPFIN        0.771         0.779         1.000


     MAXIMUM LOG-LIKELIHOOD VALUE FOR THE UNRESTRICTED (H1) MODEL IS -21002.415


THE MODEL ESTIMATION TERMINATED NORMALLY



MODEL FIT INFORMATION

Number of Free Parameters                       38

Loglikelihood

          H0 Value                      -21006.043
          H0 Scaling Correction Factor      1.1941
            for MLR

Information Criteria

          Akaike (AIC)                   42088.086
          Bayesian (BIC)                 42268.982
          Sample-Size Adjusted BIC       42148.304
            (n* = (n + 2) / 24)



MODEL RESULTS

                                                    Two-Tailed
                    Estimate       S.E.  Est./S.E.    P-Value

 P1       BY
    ABFA_OO            1.000      0.000    999.000    999.000

 P2       BY
    BBFA_OO            1.000      0.000    999.000    999.000

 P3       BY
    CBFA_OO            1.000      0.000    999.000    999.000

 P4       BY
    DBFA_OO            1.000      0.000    999.000    999.000

 V1       BY
    AASPFIN            1.000      0.000    999.000    999.000

 V2       BY
    BASPFIN            1.000      0.000    999.000    999.000

 V3       BY
    CASPFIN            1.000      0.000    999.000    999.000

 V4       BY
    DASPFIN            1.000      0.000    999.000    999.000

 P4         ON
    P3                 0.282      0.082      3.450      0.001
    V3                -0.014      0.044     -0.307      0.759

 P3         ON
    P2                 0.259      0.091      2.859      0.004
    V2                -0.010      0.065     -0.151      0.880

 P2         ON
    P1                 0.074      0.123      0.603      0.546
    V1                -0.068      0.068     -1.013      0.311

 V4         ON
    V3                 0.216      0.077      2.803      0.005
    P3                -0.088      0.112     -0.787      0.431

 V3         ON
    V2                 0.198      0.104      1.903      0.057
    P2                 0.039      0.117      0.336      0.737

 V2         ON
    V1                -0.020      0.101     -0.201      0.841
    P1                 0.082      0.157      0.525      0.600

 S_BFA_OO WITH
    I_BFA_OO          -0.040      0.609     -0.065      0.948
    S_ASPFIN          -0.013      0.107     -0.117      0.907
    I_ASPFIN           1.523      2.327      0.654      0.513

 I_BFA_OO WITH
    S_ASPFIN           1.431      2.346      0.610      0.542
    I_ASPFIN         -26.160     14.812     -1.766      0.077

 S_ASPFIN WITH
    I_ASPFIN          -2.293      1.041     -2.202      0.028

 P1       WITH
    V1                -3.280      7.507     -0.437      0.662

 P2       WITH
    V2                -3.771      7.668     -0.492      0.623

 P3       WITH
    V3                -4.140      6.563     -0.631      0.528

 P4       WITH
    V4                -4.106      5.865     -0.700      0.484

 Means
    P1                 0.000      0.000    999.000    999.000
    V1                 0.000      0.000    999.000    999.000
    I_BFA_OO          72.999      0.524    139.312      0.000
    S_BFA_OO          -0.086      0.048     -1.813      0.070
    I_ASPFIN          48.569      0.731     66.418      0.000
    S_ASPFIN          -0.090      0.063     -1.423      0.155

 Intercepts
    ABFA_OO            0.000      0.000    999.000    999.000
    BBFA_OO            0.000      0.000    999.000    999.000
    CBFA_OO            0.000      0.000    999.000    999.000
    DBFA_OO            0.000      0.000    999.000    999.000
    AASPFIN            0.000      0.000    999.000    999.000
    BASPFIN            0.000      0.000    999.000    999.000
    CASPFIN            0.000      0.000    999.000    999.000
    DASPFIN            0.000      0.000    999.000    999.000
    P2                 0.000      0.000    999.000    999.000
    P3                 0.000      0.000    999.000    999.000
    P4                 0.000      0.000    999.000    999.000
    V2                 0.000      0.000    999.000    999.000
    V3                 0.000      0.000    999.000    999.000
    V4                 0.000      0.000    999.000    999.000

 Variances
    P1                48.545      6.755      7.187      0.000
    V1               116.381     14.005      8.310      0.000
    I_BFA_OO         198.967     13.297     14.963      0.000
    S_BFA_OO           0.040      0.096      0.415      0.678
    I_ASPFIN         381.537     24.691     15.453      0.000
    S_ASPFIN           0.105      0.168      0.625      0.532

 Residual Variances
    ABFA_OO            0.000      0.000    999.000    999.000
    BBFA_OO            0.000      0.000    999.000    999.000
    CBFA_OO            0.000      0.000    999.000    999.000
    DBFA_OO            0.000      0.000    999.000    999.000
    AASPFIN            0.000      0.000    999.000    999.000
    BASPFIN            0.000      0.000    999.000    999.000
    CASPFIN            0.000      0.000    999.000    999.000
    DASPFIN            0.000      0.000    999.000    999.000
    P2                52.712      9.197      5.731      0.000
    P3                61.253      7.088      8.642      0.000
    P4                52.055      6.007      8.666      0.000
    V2               109.414     17.613      6.212      0.000
    V3               139.077     13.195     10.540      0.000
    V4               149.460     12.226     12.225      0.000


QUALITY OF NUMERICAL RESULTS

     Condition Number for the Information Matrix              0.734E-05
       (ratio of smallest to largest eigenvalue)


     Beginning Time:  15:58:20
        Ending Time:  15:58:51
       Elapsed Time:  00:00:31



MUTHEN & MUTHEN
3463 Stoner Ave.
Los Angeles, CA  90066

Tel: (310) 391-9971
Fax: (310) 391-8971
Web: www.StatModel.com
Support: Support@StatModel.com

Copyright (c) 1998-2012 Muthen & Muthen
