Mplus VERSION 8 (Linux)
MUTHEN & MUTHEN
01/07/2019   1:30 PM

INPUT INSTRUCTIONS


  title: PxVx Bivariate LCM-SR - 40splitgroup - Linear bfi_n with Linear aspfinc;


  data: file = /home/jflournoy/code_new/lnt_pxvx/Data/lnt_nat_recalc_famc.tsv;

  variable:
  names =
  subjid
  aage
  aaspfin
  aaspfin_d
  abfa_mt
  abfa_mt_d
  abfas_ac
  abfas_ap
  abfas_ci
  abfas_co
  abfas_ea
  abfas_ee
  abfas_nv
  abfas_nv9
  abfas_nw
  abfas_oi
  abfas_oo
  abfi_a
  abfi_a6
  abfi_c
  abfi_d_scale
  abfi_e
  abfi_hp8
  abfi_n
  abfi_o
  abfi_s_scale
  ahrz_col
  ahrz_col_d
  ahrz_ind
  ahrz_ind_d
  amvi
  ausi
  ausi_d
  avrt_col
  avrt_col_d
  avrt_ind
  avrt_ind_d
  bage
  baspfin
  baspfin_d
  bbfa_mt
  bbfa_mt_d
  bbfas_ac
  bbfas_ap
  bbfas_ci
  bbfas_co
  bbfas_ea
  bbfas_ee
  bbfas_nv
  bbfas_nv9
  bbfas_nw
  bbfas_oi
  bbfas_oo
  bbfi_a
  bbfi_a6
  bbfi_c
  bbfi_d_scale
  bbfi_e
  bbfi_hp8
  bbfi_n
  bbfi_o
  bbfi_s_scale
  bhrz_col
  bhrz_col_d
  bhrz_ind
  bhrz_ind_d
  bmvi
  busi
  busi_d
  bvrt_col
  bvrt_col_d
  bvrt_ind
  bvrt_ind_d
  cage
  caspfin
  caspfin_d
  cbfa_mt
  cbfa_mt_d
  cbfas_ac
  cbfas_ap
  cbfas_ci
  cbfas_co
  cbfas_ea
  cbfas_ee
  cbfas_nv
  cbfas_nv9
  cbfas_nw
  cbfas_oi
  cbfas_oo
  cbfi_a
  cbfi_a6
  cbfi_c
  cbfi_d_scale
  cbfi_e
  cbfi_hp8
  cbfi_n
  cbfi_o
  cbfi_s_scale
  chrz_col
  chrz_col_d
  chrz_ind
  chrz_ind_d
  cmvi
  cusi
  cusi_d
  cvrt_col
  cvrt_col_d
  cvrt_ind
  cvrt_ind_d
  dage
  daspfin
  daspfin_d
  dbfa_mt
  dbfa_mt_d
  dbfas_ac
  dbfas_ap
  dbfas_ci
  dbfas_co
  dbfas_ea
  dbfas_ee
  dbfas_nv
  dbfas_nv9
  dbfas_nw
  dbfas_oi
  dbfas_oo
  dbfi_a
  dbfi_a6
  dbfi_c
  dbfi_d_scale
  dbfi_e
  dbfi_hp8
  dbfi_n
  dbfi_o
  dbfi_s_scale
  dhrz_col
  dhrz_col_d
  dhrz_ind
  dhrz_ind_d
  dmvi
  dusi
  dusi_d
  dvrt_col
  dvrt_col_d
  dvrt_ind
  dvrt_ind_d
  aaspfinc
  baspfinc
  caspfinc
  daspfinc
  ;

  USEVARIABLES =
  abfi_n
  bbfi_n
  cbfi_n
  dbfi_n
  aaspfinc
  baspfinc
  caspfinc
  daspfinc
  a1
  a2
  a3
  a4
  aagegrp
  ;

  missing = all (-9999);

  tscores = a1 a2 a3 a4;

  grouping = aagegrp (0=earlier, 1=later);

  DEFINE:

  aagegrp = aage;

  cut aagegrp (39);

  a1 = aage + 0 - 36;
  a2 = aage + 1 - 36;
  a3 = aage + 2 - 36;
  a4 = aage + 3 - 36;

  ANALYSIS:
  TYPE=RANDOM;
  PROCESSORS = 6;
  model=nocovariances; ! supresses default estimation of certain covs in model;

  MODEL:

  i_bfi_n s_bfi_n | abfi_n bbfi_n cbfi_n dbfi_n AT a1 a2 a3 a4;
  i_aspfinc s_aspfinc | aaspfinc baspfinc caspfinc daspfinc AT a1 a2 a3 a4;

  ! freeing factor covs because of "nocovariances"
  ! But ensure they are constrained across groups
  s_bfi_n WITH i_bfi_n (p)
  s_aspfinc (q)
  i_aspfinc (r);
  i_bfi_n WITH s_aspfinc (s)
  i_aspfinc (t);
  s_aspfinc WITH i_aspfinc (u);

  !constrain latent growth means across groups
  [i_bfi_n] (v);
  [s_bfi_n] (w);
  [i_aspfinc] (x);
  [s_aspfinc] (y);

  !constrain latent growth variances across groups
  i_bfi_n (l);
  s_bfi_n (m);
  i_aspfinc (n);
  s_aspfinc (o);

  p1 BY abfi_n@1; ! Residual "factors";
  p2 BY bbfi_n@1;
  p3 BY cbfi_n@1;
  p4 BY dbfi_n@1;

  v1 BY aaspfinc@1; ! Residual "factors";
  v2 BY baspfinc@1;
  v3 BY caspfinc@1;
  v4 BY daspfinc@1;

  !residual variances on observed/manifest vars set to 0
  abfi_n@0;
  bbfi_n@0;
  cbfi_n@0;
  dbfi_n@0;

  !residual variances on observed/manifest vars set to 0
  aaspfinc@0;
  baspfinc@0;
  caspfinc@0;
  daspfinc@0;

  ! means of observed/manifest vars set to 0
  [abfi_n@0];
  [bbfi_n@0];
  [cbfi_n@0];
  [dbfi_n@0];

  ! means of observed/manifest vars set to 0
  [aaspfinc@0];
  [baspfinc@0];
  [caspfinc@0];
  [daspfinc@0];

  [p1@0]; ! means of residual "factors" set to 0
  [p2@0];
  [p3@0];
  [p4@0];

  [v1@0]; ! means of residual "factors" set to 0
  [v2@0];
  [v3@0];
  [v4@0];

  p4 on p3 (a); ! Autoregressive paths constrained to equality
  p3 on p2 (a);
  p2 on p1 (a);

  v4 on v3 (b); ! Autoregressive paths constrained to equality
  v3 on v2 (b);
  v2 on v1 (b);

  p4 on v3 (c); ! Cross-lagged paths constrained to equality
  p3 on v2 (c);
  p2 on v1 (c);

  v4 on p3 (d); ! Cross-lagged paths constrained to equality
  v3 on p2 (d);
  v2 on p1 (d);

  p1 with v1; !(this one is not like the others)

  p2 with v2 (e); ! Within-wave correlations constrained to equality
  p3 with v3 (e);
  p4 with v4 (e);

  p2 p3 p4 (f); ! estimate variances of residual "factors"
  v2 v3 v4 (g); ! estimate variances of residual "factors"

  MODEL earlier:

  p4 on p3 (a23); ! Autoregressive paths constrained to equality
  p3 on p2 (a23);
  p2 on p1 (a23);

  v4 on v3 (b23); ! Autoregressive paths constrained to equality
  v3 on v2 (b23);
  v2 on v1 (b23);

  p4 on v3 (c23); ! Cross-lagged paths constrained to equality
  p3 on v2 (c23);
  p2 on v1 (c23);

  v4 on p3 (d23); ! Cross-lagged paths constrained to equality
  v3 on p2 (d23);
  v2 on p1 (d23);

  p1 with v1; !(this one is not like the others)

  p2 with v2 (e23); ! Within-wave correlations constrained to equality
  p3 with v3 (e23);
  p4 with v4 (e23);

  p2 p3 p4 (f23); ! estimate variances of residual "factors"
  v2 v3 v4 (g23); ! estimate variances of residual "factors"

  MODEL later:

  p4 on p3 (a45); ! Autoregressive paths constrained to equality
  p3 on p2 (a45);
  p2 on p1 (a45);

  v4 on v3 (b45); ! Autoregressive paths constrained to equality
  v3 on v2 (b45);
  v2 on v1 (b45);

  p4 on v3 (c45); ! Cross-lagged paths constrained to equality
  p3 on v2 (c45);
  p2 on v1 (c45);

  v4 on p3 (d45); ! Cross-lagged paths constrained to equality
  v3 on p2 (d45);
  v2 on p1 (d45);

  p1 with v1; !(this one is not like the others)

  p2 with v2 (e45); ! Within-wave correlations constrained to equality
  p3 with v3 (e45);
  p4 with v4 (e45);

  p2 p3 p4 (f45); ! estimate variances of residual "factors"
  v2 v3 v4 (g45); ! estimate variances of residual "factors"

  OUTPUT: SAMPSTAT PATTERNS;



*** WARNING
  Data set contains unknown or missing values for GROUPING,
  PATTERN, COHORT, CLUSTER and/or STRATIFICATION variables.
  Number of cases with unknown or missing values:  5
   1 WARNING(S) FOUND IN THE INPUT INSTRUCTIONS



PxVx Bivariate LCM-SR - 40splitgroup - Linear bfi_n with Linear aspfinc;

SUMMARY OF ANALYSIS

Number of groups                                                 2
Number of observations
   Group EARLIER                                               534
   Group LATER                                                 330
   Total sample size                                           864

Number of dependent variables                                    8
Number of independent variables                                  0
Number of continuous latent variables                           12

Observed dependent variables

  Continuous
   ABFI_N      BBFI_N      CBFI_N      DBFI_N      AASPFINC    BASPFINC
   CASPFINC    DASPFINC

Continuous latent variables
   P1          P2          P3          P4          V1          V2
   V3          V4          I_BFI_N     S_BFI_N     I_ASPFIN    S_ASPFIN

Variables with special functions

  Grouping variable     AAGEGRP

  Time scores
   A1          A2          A3          A4


Estimator                                                      MLR
Information matrix                                        OBSERVED
Maximum number of iterations                                   100
Convergence criterion                                    0.100D-05
Maximum number of EM iterations                                500
Convergence criteria for the EM algorithm
  Loglikelihood change                                   0.100D-02
  Relative loglikelihood change                          0.100D-05
  Derivative                                             0.100D-03
Minimum variance                                         0.100D-03
Maximum number of steepest descent iterations                   20
Maximum number of iterations for H1                           2000
Convergence criterion for H1                             0.100D-03
Optimization algorithm                                         EMA

Input data file(s)
  /home/jflournoy/code_new/lnt_pxvx/Data/lnt_nat_recalc_famc.tsv
Input data format  FREE


SUMMARY OF DATA

   Group EARLIER
     Number of missing data patterns            15

   Group LATER
     Number of missing data patterns            15


SUMMARY OF MISSING DATA PATTERNS


     MISSING DATA PATTERNS (x = not missing) FOR EARLIER

           1  2  3  4  5  6  7  8  9 10 11 12 13 14 15
 ABFI_N    x  x  x  x  x  x  x  x  x  x  x  x  x  x  x
 BBFI_N    x     x     x  x        x  x  x  x        x
 CBFI_N    x        x     x     x     x     x  x     x
 DBFI_N    x     x  x        x        x        x  x  x
 AASPFINC  x  x  x  x  x  x  x  x     x  x  x  x  x  x
 BASPFINC  x     x     x  x        x  x     x
 CASPFINC  x        x     x     x     x     x  x     x
 DASPFINC  x     x  x        x              x        x


     MISSING DATA PATTERN FREQUENCIES FOR EARLIER

    Pattern   Frequency     Pattern   Frequency     Pattern   Frequency
          1         329           6          20          11           1
          2         100           7          14          12           1
          3          14           8          11          13           1
          4          12           9           1          14           2
          5          26          10           1          15           1


     MISSING DATA PATTERNS (x = not missing) FOR LATER

           1  2  3  4  5  6  7  8  9 10 11 12 13 14 15
 ABFI_N    x  x  x  x  x  x  x  x  x  x  x  x     x  x
 BBFI_N    x     x     x  x        x     x  x        x
 CBFI_N    x        x     x     x     x  x  x
 DBFI_N    x     x  x        x        x  x  x  x     x
 AASPFINC  x  x  x  x  x  x  x  x  x  x  x  x  x     x
 BASPFINC  x     x     x  x                 x
 CASPFINC  x        x     x     x     x  x
 DASPFINC  x     x  x        x           x  x  x     x


     MISSING DATA PATTERN FREQUENCIES FOR LATER

    Pattern   Frequency     Pattern   Frequency     Pattern   Frequency
          1         165           6          26          11           1
          2          68           7           9          12           1
          3          12           8          11          13           1
          4           9           9           2          14           1
          5          22          10           1          15           1


COVARIANCE COVERAGE OF DATA

Minimum covariance coverage value   0.100


     PROPORTION OF DATA PRESENT FOR EARLIER


           Covariance Coverage
              ABFI_N        BBFI_N        CBFI_N        DBFI_N        AASPFINC
              ________      ________      ________      ________      ________
 ABFI_N         1.000
 BBFI_N         0.738         0.738
 CBFI_N         0.704         0.659         0.704
 DBFI_N         0.700         0.646         0.644         0.700
 AASPFINC       0.998         0.736         0.704         0.700         0.998
 BASPFINC       0.734         0.734         0.657         0.644         0.732
 CASPFINC       0.704         0.659         0.704         0.644         0.704
 DASPFINC       0.695         0.646         0.642         0.693         0.695


           Covariance Coverage
              BASPFINC      CASPFINC      DASPFINC
              ________      ________      ________
 BASPFINC       0.734
 CASPFINC       0.657         0.704
 DASPFINC       0.644         0.642         0.695


     PROPORTION OF DATA PRESENT FOR LATER


           Covariance Coverage
              ABFI_N        BBFI_N        CBFI_N        DBFI_N        AASPFINC
              ________      ________      ________      ________      ________
 ABFI_N         1.000
 BBFI_N         0.700         0.700
 CBFI_N         0.652         0.588         0.652
 DBFI_N         0.603         0.542         0.536         0.603
 AASPFINC       0.994         0.694         0.652         0.603         0.994
 BASPFINC       0.694         0.694         0.585         0.539         0.688
 CASPFINC       0.652         0.588         0.652         0.536         0.652
 DASPFINC       0.597         0.542         0.533         0.594         0.597


           Covariance Coverage
              BASPFINC      CASPFINC      DASPFINC
              ________      ________      ________
 BASPFINC       0.694
 CASPFINC       0.585         0.652
 DASPFINC       0.539         0.533         0.597


SAMPLE STATISTICS


     ESTIMATED SAMPLE STATISTICS FOR EARLIER


           Means
              ABFI_N        BBFI_N        CBFI_N        DBFI_N        AASPFINC
              ________      ________      ________      ________      ________
               50.258        49.823        48.995        48.958        38.165


           Means
              BASPFINC      CASPFINC      DASPFINC
              ________      ________      ________
               38.970        38.972        39.382


           Covariances
              ABFI_N        BBFI_N        CBFI_N        DBFI_N        AASPFINC
              ________      ________      ________      ________      ________
 ABFI_N       480.684
 BBFI_N       373.601       472.628
 CBFI_N       360.413       386.383       452.812
 DBFI_N       384.873       406.197       418.941       520.071
 AASPFINC      29.921        22.304        23.261         7.201       212.790
 BASPFINC      14.831         7.598        11.585         1.249       167.246
 CASPFINC      10.020         8.983        21.099        13.856       169.257
 DASPFINC      24.532        17.011        19.505        17.491       163.460


           Covariances
              BASPFINC      CASPFINC      DASPFINC
              ________      ________      ________
 BASPFINC     216.392
 CASPFINC     182.055       234.954
 DASPFINC     176.339       186.801       238.983


           Correlations
              ABFI_N        BBFI_N        CBFI_N        DBFI_N        AASPFINC
              ________      ________      ________      ________      ________
 ABFI_N         1.000
 BBFI_N         0.784         1.000
 CBFI_N         0.773         0.835         1.000
 DBFI_N         0.770         0.819         0.863         1.000
 AASPFINC       0.094         0.070         0.075         0.022         1.000
 BASPFINC       0.046         0.024         0.037         0.004         0.779
 CASPFINC       0.030         0.027         0.065         0.040         0.757
 DASPFINC       0.072         0.051         0.059         0.050         0.725


           Correlations
              BASPFINC      CASPFINC      DASPFINC
              ________      ________      ________
 BASPFINC       1.000
 CASPFINC       0.807         1.000
 DASPFINC       0.775         0.788         1.000


     ESTIMATED SAMPLE STATISTICS FOR LATER


           Means
              ABFI_N        BBFI_N        CBFI_N        DBFI_N        AASPFINC
              ________      ________      ________      ________      ________
               48.552        47.750        46.698        46.192        36.343


           Means
              BASPFINC      CASPFINC      DASPFINC
              ________      ________      ________
               36.801        37.744        38.986


           Covariances
              ABFI_N        BBFI_N        CBFI_N        DBFI_N        AASPFINC
              ________      ________      ________      ________      ________
 ABFI_N       421.097
 BBFI_N       342.401       422.978
 CBFI_N       347.680       359.267       443.774
 DBFI_N       335.400       348.671       371.022       438.601
 AASPFINC     -11.452         4.811         3.448        -0.938       169.174
 BASPFINC     -17.251         6.178        -1.360        -2.884       130.962
 CASPFINC      -4.763        18.329         8.753        12.692       123.199
 DASPFINC     -18.286         1.732        -7.050        -5.294       119.673


           Covariances
              BASPFINC      CASPFINC      DASPFINC
              ________      ________      ________
 BASPFINC     166.521
 CASPFINC     127.348       159.123
 DASPFINC     127.743       126.819       160.073


           Correlations
              ABFI_N        BBFI_N        CBFI_N        DBFI_N        AASPFINC
              ________      ________      ________      ________      ________
 ABFI_N         1.000
 BBFI_N         0.811         1.000
 CBFI_N         0.804         0.829         1.000
 DBFI_N         0.780         0.810         0.841         1.000
 AASPFINC      -0.043         0.018         0.013        -0.003         1.000
 BASPFINC      -0.065         0.023        -0.005        -0.011         0.780
 CASPFINC      -0.018         0.071         0.033         0.048         0.751
 DASPFINC      -0.070         0.007        -0.026        -0.020         0.727


           Correlations
              BASPFINC      CASPFINC      DASPFINC
              ________      ________      ________
 BASPFINC       1.000
 CASPFINC       0.782         1.000
 DASPFINC       0.782         0.795         1.000


     MAXIMUM LOG-LIKELIHOOD VALUE FOR THE UNRESTRICTED (H1) MODEL IS -20550.129


UNIVARIATE SAMPLE STATISTICS


     UNIVARIATE HIGHER-ORDER MOMENT DESCRIPTIVE STATISTICS FOR EARLIER

         Variable/         Mean/     Skewness/   Minimum/ % with                Percentiles
        Sample Size      Variance    Kurtosis    Maximum  Min/Max      20%/60%    40%/80%    Median

     ABFI_N               50.258       0.017       0.000    0.75%      28.125     43.750     50.000
             534.000     480.684      -0.635     100.000    0.56%      56.250     68.750
     BBFI_N               49.823      -0.191       0.000    0.76%      31.250     43.750     50.000
             394.000     472.379      -0.486     100.000    0.51%      56.250     68.750
     CBFI_N               48.969      -0.055       0.000    1.06%      31.250     43.750     50.000
             376.000     458.805      -0.464     100.000    0.53%      56.250     68.750
     DBFI_N               49.304      -0.139       0.000    1.60%      28.125     43.750     50.000
             374.000     523.628      -0.642     100.000    0.27%      56.250     68.750
     AASPFINC             38.173       0.224       0.337    0.19%      25.934     34.186     37.385
             533.000     212.997       0.438     100.000    0.19%      41.258     51.363
     BASPFINC             38.737       0.208       2.021    0.26%      25.260     34.354     38.227
             392.000     209.501      -0.232      84.201    0.26%      42.942     51.026
     CASPFINC             38.922       0.246       6.231    0.27%      25.260     33.849     38.388
             376.000     231.939      -0.154      97.168    0.27%      42.942     53.047
     DASPFINC             39.018       0.234       0.000    0.27%      25.260     34.522     39.069
             371.000     238.688      -0.098      88.074    0.27%      42.942     52.541


     UNIVARIATE HIGHER-ORDER MOMENT DESCRIPTIVE STATISTICS FOR LATER

         Variable/         Mean/     Skewness/   Minimum/ % with                Percentiles
        Sample Size      Variance    Kurtosis    Maximum  Min/Max      20%/60%    40%/80%    Median

     ABFI_N               48.486       0.036       3.125    0.61%      29.167     43.750     50.000
             329.000     420.446      -0.544      96.875    0.30%      56.250     65.625
     BBFI_N               47.232       0.188       3.125    0.87%      28.125     40.625     46.875
             230.000     437.879      -0.558      96.875    0.43%      50.000     65.625
     CBFI_N               45.561       0.191       0.000    0.93%      25.000     37.500     43.750
             214.000     451.051      -0.722      96.875    0.47%      50.000     65.625
     DBFI_N               44.016       0.156       3.125    2.00%      21.875     37.500     43.750
             200.000     428.787      -0.539     100.000    0.50%      50.000     62.500
     AASPFINC             36.342       0.391       4.715    0.30%      24.162     32.670     36.038
             329.000     169.175       0.285      87.232    0.30%      38.732     47.321
     BASPFINC             36.803       0.048       8.588    0.44%      25.880     32.502     36.038
             226.000     160.410      -0.623      68.876    0.44%      39.574     48.668
     CASPFINC             37.640       0.069       7.915    0.47%      26.102     35.364     38.564
             213.000     155.010      -0.172      75.107    0.47%      41.258     47.994
     DASPFINC             38.557       0.189      12.967    0.50%      27.618     35.364     38.227
             199.000     149.302      -0.294      73.760    0.50%      41.595     48.500


THE MODEL ESTIMATION TERMINATED NORMALLY



MODEL FIT INFORMATION

Number of Free Parameters                       34

Loglikelihood

          H0 Value                      -20590.606
          H0 Scaling Correction Factor      1.1998
            for MLR

Information Criteria

          Akaike (AIC)                   41249.212
          Bayesian (BIC)                 41411.105
          Sample-Size Adjusted BIC       41303.130
            (n* = (n + 2) / 24)



MODEL RESULTS

                                                    Two-Tailed
                    Estimate       S.E.  Est./S.E.    P-Value

Group EARLIER

 P1       BY
    ABFI_N             1.000      0.000    999.000    999.000

 P2       BY
    BBFI_N             1.000      0.000    999.000    999.000

 P3       BY
    CBFI_N             1.000      0.000    999.000    999.000

 P4       BY
    DBFI_N             1.000      0.000    999.000    999.000

 V1       BY
    AASPFINC           1.000      0.000    999.000    999.000

 V2       BY
    BASPFINC           1.000      0.000    999.000    999.000

 V3       BY
    CASPFINC           1.000      0.000    999.000    999.000

 V4       BY
    DASPFINC           1.000      0.000    999.000    999.000

 P4         ON
    P3                 0.114      0.057      2.002      0.045
    V3                 0.121      0.063      1.910      0.056

 P3         ON
    P2                 0.114      0.057      2.002      0.045
    V2                 0.121      0.063      1.910      0.056

 P2         ON
    P1                 0.114      0.057      2.002      0.045
    V1                 0.121      0.063      1.910      0.056

 V4         ON
    V3                 0.169      0.079      2.128      0.033
    P3                 0.010      0.034      0.278      0.781

 V3         ON
    V2                 0.169      0.079      2.128      0.033
    P2                 0.010      0.034      0.278      0.781

 V2         ON
    V1                 0.169      0.079      2.128      0.033
    P1                 0.010      0.034      0.278      0.781

 S_BFI_N  WITH
    I_BFI_N           -1.142      0.908     -1.257      0.209
    S_ASPFINC          0.029      0.091      0.313      0.754
    I_ASPFINC         -0.509      1.973     -0.258      0.796

 I_BFI_N  WITH
    S_ASPFINC         -0.491      1.859     -0.264      0.791
    I_ASPFINC          2.660     12.465      0.213      0.831

 S_ASPFIN WITH
    I_ASPFINC         -1.072      0.519     -2.068      0.039

 P1       WITH
    V1                10.014      6.854      1.461      0.144

 P2       WITH
    V2                 5.224      3.591      1.455      0.146

 P3       WITH
    V3                 5.224      3.591      1.455      0.146

 P4       WITH
    V4                 5.224      3.591      1.455      0.146

 Means
    P1                 0.000      0.000    999.000    999.000
    V1                 0.000      0.000    999.000    999.000
    I_BFI_N           49.167      0.700     70.207      0.000
    S_BFI_N           -0.269      0.063     -4.275      0.000
    I_ASPFINC         38.138      0.458     83.276      0.000
    S_ASPFINC         -0.016      0.040     -0.405      0.686

 Intercepts
    ABFI_N             0.000      0.000    999.000    999.000
    BBFI_N             0.000      0.000    999.000    999.000
    CBFI_N             0.000      0.000    999.000    999.000
    DBFI_N             0.000      0.000    999.000    999.000
    AASPFINC           0.000      0.000    999.000    999.000
    BASPFINC           0.000      0.000    999.000    999.000
    CASPFINC           0.000      0.000    999.000    999.000
    DASPFINC           0.000      0.000    999.000    999.000
    P2                 0.000      0.000    999.000    999.000
    P3                 0.000      0.000    999.000    999.000
    P4                 0.000      0.000    999.000    999.000
    V2                 0.000      0.000    999.000    999.000
    V3                 0.000      0.000    999.000    999.000
    V4                 0.000      0.000    999.000    999.000

 Variances
    P1               135.819     16.191      8.389      0.000
    V1                59.100      7.108      8.315      0.000
    I_BFI_N          345.102     23.576     14.638      0.000
    S_BFI_N            0.168      0.166      1.015      0.310
    I_ASPFINC        145.284     12.213     11.896      0.000
    S_ASPFINC          0.054      0.081      0.661      0.509

 Residual Variances
    ABFI_N             0.000      0.000    999.000    999.000
    BBFI_N             0.000      0.000    999.000    999.000
    CBFI_N             0.000      0.000    999.000    999.000
    DBFI_N             0.000      0.000    999.000    999.000
    AASPFINC           0.000      0.000    999.000    999.000
    BASPFINC           0.000      0.000    999.000    999.000
    CASPFINC           0.000      0.000    999.000    999.000
    DASPFINC           0.000      0.000    999.000    999.000
    P2                85.344      7.126     11.976      0.000
    P3                85.344      7.126     11.976      0.000
    P4                85.344      7.126     11.976      0.000
    V2                55.616      5.304     10.486      0.000
    V3                55.616      5.304     10.486      0.000
    V4                55.616      5.304     10.486      0.000

Group LATER

 P1       BY
    ABFI_N             1.000      0.000    999.000    999.000

 P2       BY
    BBFI_N             1.000      0.000    999.000    999.000

 P3       BY
    CBFI_N             1.000      0.000    999.000    999.000

 P4       BY
    DBFI_N             1.000      0.000    999.000    999.000

 V1       BY
    AASPFINC           1.000      0.000    999.000    999.000

 V2       BY
    BASPFINC           1.000      0.000    999.000    999.000

 V3       BY
    CASPFINC           1.000      0.000    999.000    999.000

 V4       BY
    DASPFINC           1.000      0.000    999.000    999.000

 P4         ON
    P3                 0.119      0.079      1.511      0.131
    V3                 0.006      0.094      0.064      0.949

 P3         ON
    P2                 0.119      0.079      1.511      0.131
    V2                 0.006      0.094      0.064      0.949

 P2         ON
    P1                 0.119      0.079      1.511      0.131
    V1                 0.006      0.094      0.064      0.949

 V4         ON
    V3                 0.127      0.086      1.468      0.142
    P3                -0.022      0.045     -0.489      0.625

 V3         ON
    V2                 0.127      0.086      1.468      0.142
    P2                -0.022      0.045     -0.489      0.625

 V2         ON
    V1                 0.127      0.086      1.468      0.142
    P1                -0.022      0.045     -0.489      0.625

 S_BFI_N  WITH
    I_BFI_N           -1.142      0.908     -1.257      0.209
    S_ASPFINC          0.029      0.091      0.313      0.754
    I_ASPFINC         -0.509      1.973     -0.258      0.796

 I_BFI_N  WITH
    S_ASPFINC         -0.491      1.859     -0.264      0.791
    I_ASPFINC          2.660     12.465      0.213      0.831

 S_ASPFIN WITH
    I_ASPFINC         -1.072      0.519     -2.068      0.039

 P1       WITH
    V1                -1.404      6.469     -0.217      0.828

 P2       WITH
    V2                -0.176      4.034     -0.044      0.965

 P3       WITH
    V3                -0.176      4.034     -0.044      0.965

 P4       WITH
    V4                -0.176      4.034     -0.044      0.965

 Means
    P1                 0.000      0.000    999.000    999.000
    V1                 0.000      0.000    999.000    999.000
    I_BFI_N           49.167      0.700     70.207      0.000
    S_BFI_N           -0.269      0.063     -4.275      0.000
    I_ASPFINC         38.138      0.458     83.276      0.000
    S_ASPFINC         -0.016      0.040     -0.405      0.686

 Intercepts
    ABFI_N             0.000      0.000    999.000    999.000
    BBFI_N             0.000      0.000    999.000    999.000
    CBFI_N             0.000      0.000    999.000    999.000
    DBFI_N             0.000      0.000    999.000    999.000
    AASPFINC           0.000      0.000    999.000    999.000
    BASPFINC           0.000      0.000    999.000    999.000
    CASPFINC           0.000      0.000    999.000    999.000
    DASPFINC           0.000      0.000    999.000    999.000
    P2                 0.000      0.000    999.000    999.000
    P3                 0.000      0.000    999.000    999.000
    P4                 0.000      0.000    999.000    999.000
    V2                 0.000      0.000    999.000    999.000
    V3                 0.000      0.000    999.000    999.000
    V4                 0.000      0.000    999.000    999.000

 Variances
    P1                95.393     13.697      6.965      0.000
    V1                49.086      6.658      7.373      0.000
    I_BFI_N          345.102     23.576     14.638      0.000
    S_BFI_N            0.168      0.166      1.015      0.310
    I_ASPFINC        145.284     12.213     11.896      0.000
    S_ASPFINC          0.054      0.081      0.661      0.509

 Residual Variances
    ABFI_N             0.000      0.000    999.000    999.000
    BBFI_N             0.000      0.000    999.000    999.000
    CBFI_N             0.000      0.000    999.000    999.000
    DBFI_N             0.000      0.000    999.000    999.000
    AASPFINC           0.000      0.000    999.000    999.000
    BASPFINC           0.000      0.000    999.000    999.000
    CASPFINC           0.000      0.000    999.000    999.000
    DASPFINC           0.000      0.000    999.000    999.000
    P2                82.276      8.750      9.403      0.000
    P3                82.276      8.750      9.403      0.000
    P4                82.276      8.750      9.403      0.000
    V2                38.873      3.801     10.227      0.000
    V3                38.873      3.801     10.227      0.000
    V4                38.873      3.801     10.227      0.000


QUALITY OF NUMERICAL RESULTS

     Condition Number for the Information Matrix              0.595E-05
       (ratio of smallest to largest eigenvalue)


     Beginning Time:  13:30:17
        Ending Time:  13:30:30
       Elapsed Time:  00:00:13



MUTHEN & MUTHEN
3463 Stoner Ave.
Los Angeles, CA  90066

Tel: (310) 391-9971
Fax: (310) 391-8971
Web: www.StatModel.com
Support: Support@StatModel.com

Copyright (c) 1998-2017 Muthen & Muthen
