Mplus VERSION 7 (Mac)
MUTHEN & MUTHEN
10/27/2017   2:28 PM

INPUT INSTRUCTIONS


  title: PxVx Bivariate LCM-SR - Col Linear bfi_hp8 with Linear VRT_IND;
  data: file = /Users/johnflournoy/code/lnt_pxvx/Data/LT_227.txt;



  variable:
  names =
  subjid
  Sample
  aGENDER
  aAGE
  aethnic1
  aethnic2
  aedu_mom
  aedu_dad
  aEDUCATN
  bEDUCATN
  cEDUCATN
  aEMPLOYD
  bEMPLOYD
  cEMPLOYD
  dEMPLOYD
  aINCOME
  bINCOME
  cINCOME
  dINCOME
  aS_SCALE
  bS_SCALE
  cS_SCALE
  dS_SCALE
  aD_SCALE
  bD_SCALE
  cD_SCALE
  dD_SCALE
  aS_COMP
  bS_COMP
  cS_COMP
  dS_COMP
  aD_COMP
  bD_COMP
  cD_COMP
  dD_COMP
  aBFI_A
  aBFI_A6
  aBFI_C
  aBFI_E
  aBFI_HP
  aBFI_N
  aBFI_O
  bBFI_A
  bBFI_A6
  bBFI_C
  bBFI_E
  bBFI_HP
  bBFI_N
  bBFI_O
  cBFI_A
  cBFI_A6
  cBFI_C
  cBFI_E
  cBFI_HP
  cBFI_N
  cBFI_O
  dBFI_A
  dBFI_A6
  dBFI_C
  dBFI_E
  dBFI_HP
  dBFI_N
  dBFI_O
  aBFA_AC
  aBFA_AP
  aBFA_CI
  aBFA_CO
  aBFA_EA
  aBFA_EE
  aBFA_N9
  aBFA_NV
  aBFA_NW
  aBFA_OI
  aBFA_OO
  aBFA_PS
  aBFA_MT
  bBFA_AC
  bBFA_AP
  bBFA_CI
  bBFA_CO
  bBFA_EA
  bBFA_EE
  bBFA_N9
  bBFA_NV
  bBFA_NW
  bBFA_OI
  bBFA_OO
  bBFA_MT
  bBFA_PS
  cBFA_AC
  cBFA_AP
  cBFA_CI
  cBFA_CO
  cBFA_EA
  cBFA_EE
  cBFA_N9
  cBFA_NV
  cBFA_NW
  cBFA_OI
  cBFA_OO
  cBFA_MT
  cBFA_PS
  dBFA_AC
  dBFA_AP
  dBFA_CI
  dBFA_CO
  dBFA_EA
  dBFA_EE
  dBFA_N9
  dBFA_NV
  dBFA_NW
  dBFA_OI
  dBFA_OO
  dBFA_MT
  dBFA_PS
  aUSI
  bUSI
  cUSI
  dUSI
  aHRZ_IND
  bHRZ_IND
  cHRZ_IND
  dHRZ_IND
  aVRT_IND
  bVRT_IND
  cVRT_IND
  dVRT_IND
  aHRZ_COL
  bHRZ_COL
  cHRZ_COL
  dHRZ_COL
  aVRT_COL
  bVRT_COL
  cVRT_COL
  dVRT_COL
  aCOLLCTV
  bCOLLCTV
  cCOLLCTV
  dCOLLCTV
  aMVS
  bMVS
  cMVS
  dMVS
  aST
  bST
  cST
  dST
  aSD
  bSD
  cSD
  dSD
  aMVS_mc
  bMVS_mc
  cMVS_mc
  dMVS_mc
  aST_mc
  bST_mc
  cST_mc
  dST_mc
  aSD_mc
  bSD_mc
  cSD_mc
  dSD_mc
  bMEANING
  cMEANING
  dMEANING
  bMEAN_L
  cMEAN_L
  dMEAN_L
  bMEANNGc
  cMEANNGc
  dMEANNGc
  bMEANGlc
  cMEANGlc
  dMEANGlc
  bCLASSIC
  cCLASSIC
  dCLASSIC
  bCLASSCc
  cCLASSCc
  dCLASSCc
  bAGR_VAL
  cAGR_VAL
  dAGR_VAL
  bOPN_VAL
  cOPN_VAL
  dOPN_VAL
  bAGR_VLc
  cAGR_VLc
  dAGR_VLc
  bOPNVALc
  cOPNVALc
  dOPNVALc
  aMV_pomp
  bMV_pomp
  cMV_pomp
  dMV_pomp
  aST_pomp
  bST_pomp
  cST_pomp
  dST_pomp
  aSD_pomp
  bSD_pomp
  cSD_pomp
  dSD_pomp
  agoal_ec
  bgoal_ec
  cgoal_ec
  dgoal_ec
  aAspfinc
  bAspfinc
  cAspfinc
  dAspfinc
  abfi_hp8
  bbfi_hp8
  cbfi_hp8
  dbfi_hp8
  aP_S_BFI
  aP_D_BFI
  aECgoalc
  bECgoalC
  cECgoalC
  dECgoalC
  aaspfin
  baspfin
  caspfin
  daspfin
  aMVI_POMP
  bMVI_POMP
  cMVI_POMP
  dMVI_POMP;

  USEVARIABLES =
  abfi_hp8
  bbfi_hp8
  cbfi_hp8
  dbfi_hp8
  aVRT_IND
  bVRT_IND
  cVRT_IND
  dVRT_IND
  a1
  a2
  a3
  a4
  ;

  missing = all (-9999);

  USEOBSERVATIONS are Sample == 2; ! College Sample

  tscores = a1 a2 a3 a4;

  DEFINE:
  a1 = aAGE + 0 - 20.5;
  a2 = aAGE + 1 - 20.5;
  a3 = aAGE + 2 - 20.5;
  a4 = aAGE + 3 - 20.5;

  ANALYSIS:
  TYPE=RANDOM;
  PROCESSORS = 4;
  model=nocovariances; ! supresses default estimation of certain covs in model;

  MODEL:

  i_bfi_hp8 s_bfi_hp8 | abfi_hp8 bbfi_hp8 cbfi_hp8 dbfi_hp8 AT a1 a2 a3 a4;
  i_VRT_IND s_VRT_IND | aVRT_IND bVRT_IND cVRT_IND dVRT_IND AT a1 a2 a3 a4;

  ! freeing factor covs because of "nocovariances"
  s_bfi_hp8 WITH i_bfi_hp8 s_VRT_IND i_VRT_IND;
  i_bfi_hp8 WITH s_VRT_IND i_VRT_IND;
  s_VRT_IND WITH i_VRT_IND;

  p1 BY abfi_hp8@1; ! Residual "factors";
  p2 BY bbfi_hp8@1;
  p3 BY cbfi_hp8@1;
  p4 BY dbfi_hp8@1;

  v1 BY aVRT_IND@1; ! Residual "factors";
  v2 BY bVRT_IND@1;
  v3 BY cVRT_IND@1;
  v4 BY dVRT_IND@1;

  !residual variances on observed/manifest vars set to 0
  abfi_hp8@0;
  bbfi_hp8@0;
  cbfi_hp8@0;
  dbfi_hp8@0;

  !residual variances on observed/manifest vars set to 0
  aVRT_IND@0;
  bVRT_IND@0;
  cVRT_IND@0;
  dVRT_IND@0;

  ! means of observed/manifest vars set to 0
  [abfi_hp8@0];
  [bbfi_hp8@0];
  [cbfi_hp8@0];
  [dbfi_hp8@0];

  ! means of observed/manifest vars set to 0
  [aVRT_IND@0];
  [bVRT_IND@0];
  [cVRT_IND@0];
  [dVRT_IND@0];

  [p1@0]; ! means of residual "factors" set to 0
  [p2@0];
  [p3@0];
  [p4@0];

  [v1@0]; ! means of residual "factors" set to 0
  [v2@0];
  [v3@0];
  [v4@0];

  p4 on p3 (a); ! Autoregressive paths constrained to equality
  p3 on p2 (a);
  p2 on p1 (a);

  v4 on v3 (b); ! Autoregressive paths constrained to equality
  v3 on v2 (b);
  v2 on v1 (b);

  p4 on v3 (c); ! Cross-lagged paths constrained to equality
  p3 on v2 (c);
  p2 on v1 (c);

  v4 on p3 (d); ! Cross-lagged paths constrained to equality
  v3 on p2 (d);
  v2 on p1 (d);

  p1 with v1; !(this one is not like the others)

  p2 with v2 (e); ! Within-wave correlations constrained to equality
  p3 with v3 (e);
  p4 with v4 (e);

  p2 p3 p4 (f); ! estimate variances of residual "factors"
  v2 v3 v4 (g); ! estimate variances of residual "factors"

  OUTPUT: SAMPSTAT PATTERNS;



*** WARNING
  Variable name contains more than 8 characters.
  Only the first 8 characters will be printed in the output.
  Variable: AMVI_POMP
*** WARNING
  Variable name contains more than 8 characters.
  Only the first 8 characters will be printed in the output.
  Variable: BMVI_POMP
*** WARNING
  Variable name contains more than 8 characters.
  Only the first 8 characters will be printed in the output.
  Variable: CMVI_POMP
*** WARNING
  Variable name contains more than 8 characters.
  Only the first 8 characters will be printed in the output.
  Variable: DMVI_POMP
*** WARNING
  Variable name contains more than 8 characters.
  Only the first 8 characters will be printed in the output.
  Variable: I_BFI_HP8
*** WARNING
  Variable name contains more than 8 characters.
  Only the first 8 characters will be printed in the output.
  Variable: S_BFI_HP8
*** WARNING
  Variable name contains more than 8 characters.
  Only the first 8 characters will be printed in the output.
  Variable: I_VRT_IND
*** WARNING
  Variable name contains more than 8 characters.
  Only the first 8 characters will be printed in the output.
  Variable: S_VRT_IND
*** WARNING
  Data set contains cases with missing on all variables.
  These cases were not included in the analysis.
  Number of cases with missing on all variables:  1
*** WARNING
  Data set contains cases with missing on time scores but non-missing on the
  corresponding dependent variables.  These cases were not included in the analysis.
  Number of such cases:  3
  10 WARNING(S) FOUND IN THE INPUT INSTRUCTIONS



PxVx Bivariate LCM-SR - Col Linear bfi_hp8 with Linear VRT_IND;

SUMMARY OF ANALYSIS

Number of groups                                                 1
Number of observations                                         276

Number of dependent variables                                    8
Number of independent variables                                  0
Number of continuous latent variables                           12

Observed dependent variables

  Continuous
   ABFI_HP8    BBFI_HP8    CBFI_HP8    DBFI_HP8    AVRT_IND    BVRT_IND
   CVRT_IND    DVRT_IND

Continuous latent variables
   P1          P2          P3          P4          V1          V2
   V3          V4          I_BFI_HP    S_BFI_HP    I_VRT_IN    S_VRT_IN

Variables with special functions

  Time scores
   A1          A2          A3          A4


Estimator                                                      MLR
Information matrix                                        OBSERVED
Maximum number of iterations                                   100
Convergence criterion                                    0.100D-05
Maximum number of EM iterations                                500
Convergence criteria for the EM algorithm
  Loglikelihood change                                   0.100D-02
  Relative loglikelihood change                          0.100D-05
  Derivative                                             0.100D-03
Minimum variance                                         0.100D-03
Maximum number of steepest descent iterations                   20
Maximum number of iterations for H1                           2000
Convergence criterion for H1                             0.100D-03
Optimization algorithm                                         EMA

Input data file(s)
  /Users/johnflournoy/code/lnt_pxvx/Data/LT_227.txt
Input data format  FREE


SUMMARY OF DATA

     Number of missing data patterns            15


SUMMARY OF MISSING DATA PATTERNS


     MISSING DATA PATTERNS (x = not missing)

           1  2  3  4  5  6  7  8  9 10 11 12 13 14 15
 ABFI_HP8  x  x  x  x  x  x  x  x  x  x  x  x  x  x  x
 BBFI_HP8  x  x     x        x  x     x  x        x  x
 CBFI_HP8  x  x  x                 x  x     x        x
 DBFI_HP8  x     x        x  x  x  x  x  x           x
 AVRT_IND  x  x  x  x  x  x  x  x  x  x  x  x     x  x
 BVRT_IND  x  x     x           x     x  x
 CVRT_IND  x  x  x                 x  x     x        x
 DVRT_IND  x              x     x  x                 x


     MISSING DATA PATTERN FREQUENCIES

    Pattern   Frequency     Pattern   Frequency     Pattern   Frequency
          1         138           6          11          11           1
          2          10           7           1          12           4
          3           2           8          16          13           1
          4          26           9           9          14           2
          5          52          10           2          15           1


COVARIANCE COVERAGE OF DATA

Minimum covariance coverage value   0.100


     PROPORTION OF DATA PRESENT


           Covariance Coverage
              ABFI_HP8      BBFI_HP8      CBFI_HP8      DBFI_HP8      AVRT_IND
              ________      ________      ________      ________      ________
 ABFI_HP8       1.000
 BBFI_HP8       0.714         0.714
 CBFI_HP8       0.601         0.547         0.601
 DBFI_HP8       0.656         0.576         0.551         0.656
 AVRT_IND       0.996         0.714         0.601         0.656         0.996
 BVRT_IND       0.699         0.699         0.543         0.569         0.699
 CVRT_IND       0.601         0.547         0.601         0.551         0.601
 DVRT_IND       0.634         0.562         0.536         0.634         0.634


           Covariance Coverage
              BVRT_IND      CVRT_IND      DVRT_IND
              ________      ________      ________
 BVRT_IND       0.699
 CVRT_IND       0.543         0.601
 DVRT_IND       0.558         0.536         0.634


SAMPLE STATISTICS


     ESTIMATED SAMPLE STATISTICS


           Means
              ABFI_HP8      BBFI_HP8      CBFI_HP8      DBFI_HP8      AVRT_IND
              ________      ________      ________      ________      ________
 1             64.645        66.018        65.706        68.331        49.299


           Means
              BVRT_IND      CVRT_IND      DVRT_IND
              ________      ________      ________
 1             47.250        48.029        47.068


           Covariances
              ABFI_HP8      BBFI_HP8      CBFI_HP8      DBFI_HP8      AVRT_IND
              ________      ________      ________      ________      ________
 ABFI_HP8     215.524
 BBFI_HP8     151.180       206.561
 CBFI_HP8     150.992       156.880       234.510
 DBFI_HP8     156.298       141.319       176.433       231.392
 AVRT_IND     -52.385       -50.940       -58.725       -45.763       387.287
 BVRT_IND     -47.979       -76.553       -64.413       -65.319       261.617
 CVRT_IND     -89.503       -93.593       -91.223       -69.725       262.579
 DVRT_IND     -58.613       -74.536       -63.374       -59.120       233.471


           Covariances
              BVRT_IND      CVRT_IND      DVRT_IND
              ________      ________      ________
 BVRT_IND     380.574
 CVRT_IND     262.778       396.974
 DVRT_IND     244.060       272.408       393.419


           Correlations
              ABFI_HP8      BBFI_HP8      CBFI_HP8      DBFI_HP8      AVRT_IND
              ________      ________      ________      ________      ________
 ABFI_HP8       1.000
 BBFI_HP8       0.717         1.000
 CBFI_HP8       0.672         0.713         1.000
 DBFI_HP8       0.700         0.646         0.757         1.000
 AVRT_IND      -0.181        -0.180        -0.195        -0.153         1.000
 BVRT_IND      -0.168        -0.273        -0.216        -0.220         0.681
 CVRT_IND      -0.306        -0.327        -0.299        -0.230         0.670
 DVRT_IND      -0.201        -0.261        -0.209        -0.196         0.598


           Correlations
              BVRT_IND      CVRT_IND      DVRT_IND
              ________      ________      ________
 BVRT_IND       1.000
 CVRT_IND       0.676         1.000
 DVRT_IND       0.631         0.689         1.000


     MAXIMUM LOG-LIKELIHOOD VALUE FOR THE UNRESTRICTED (H1) MODEL IS -6502.757


THE MODEL ESTIMATION TERMINATED NORMALLY



MODEL FIT INFORMATION

Number of Free Parameters                       24

Loglikelihood

          H0 Value                       -6515.431
          H0 Scaling Correction Factor      1.0590
            for MLR

Information Criteria

          Akaike (AIC)                   13078.862
          Bayesian (BIC)                 13165.752
          Sample-Size Adjusted BIC       13089.652
            (n* = (n + 2) / 24)



MODEL RESULTS

                                                    Two-Tailed
                    Estimate       S.E.  Est./S.E.    P-Value

 P1       BY
    ABFI_HP8           1.000      0.000    999.000    999.000

 P2       BY
    BBFI_HP8           1.000      0.000    999.000    999.000

 P3       BY
    CBFI_HP8           1.000      0.000    999.000    999.000

 P4       BY
    DBFI_HP8           1.000      0.000    999.000    999.000

 V1       BY
    AVRT_IND           1.000      0.000    999.000    999.000

 V2       BY
    BVRT_IND           1.000      0.000    999.000    999.000

 V3       BY
    CVRT_IND           1.000      0.000    999.000    999.000

 V4       BY
    DVRT_IND           1.000      0.000    999.000    999.000

 P4         ON
    P3                 0.154      0.078      1.961      0.050
    V3                 0.104      0.058      1.796      0.073

 P3         ON
    P2                 0.154      0.078      1.961      0.050
    V2                 0.104      0.058      1.796      0.073

 P2         ON
    P1                 0.154      0.078      1.961      0.050
    V1                 0.104      0.058      1.796      0.073

 V4         ON
    V3                -0.011      0.118     -0.092      0.926
    P3                 0.158      0.107      1.477      0.140

 V3         ON
    V2                -0.011      0.118     -0.092      0.926
    P2                 0.158      0.107      1.477      0.140

 V2         ON
    V1                -0.011      0.118     -0.092      0.926
    P1                 0.158      0.107      1.477      0.140

 S_BFI_HP WITH
    I_BFI_HP8          0.185      5.671      0.033      0.974
    S_VRT_IND         -0.621      2.509     -0.248      0.804
    I_VRT_IND         -0.693      5.965     -0.116      0.908

 I_BFI_HP WITH
    S_VRT_IND         -7.439      7.381     -1.008      0.314
    I_VRT_IND        -53.884     21.943     -2.456      0.014

 S_VRT_IN WITH
    I_VRT_IND        -17.565     10.812     -1.625      0.104

 P1       WITH
    V1                -3.724     13.948     -0.267      0.789

 P2       WITH
    V2                 2.165      7.445      0.291      0.771

 P3       WITH
    V3                 2.165      7.445      0.291      0.771

 P4       WITH
    V4                 2.165      7.445      0.291      0.771

 Means
    P1                 0.000      0.000    999.000    999.000
    V1                 0.000      0.000    999.000    999.000
    I_BFI_HP8         64.687      0.873     74.093      0.000
    S_BFI_HP8          0.977      0.274      3.564      0.000
    I_VRT_IND         49.064      1.192     41.152      0.000
    S_VRT_IND         -0.692      0.404     -1.715      0.086

 Intercepts
    ABFI_HP8           0.000      0.000    999.000    999.000
    BBFI_HP8           0.000      0.000    999.000    999.000
    CBFI_HP8           0.000      0.000    999.000    999.000
    DBFI_HP8           0.000      0.000    999.000    999.000
    AVRT_IND           0.000      0.000    999.000    999.000
    BVRT_IND           0.000      0.000    999.000    999.000
    CVRT_IND           0.000      0.000    999.000    999.000
    DVRT_IND           0.000      0.000    999.000    999.000
    P2                 0.000      0.000    999.000    999.000
    P3                 0.000      0.000    999.000    999.000
    P4                 0.000      0.000    999.000    999.000
    V2                 0.000      0.000    999.000    999.000
    V3                 0.000      0.000    999.000    999.000
    V4                 0.000      0.000    999.000    999.000

 Variances
    P1                66.275     12.532      5.289      0.000
    V1               104.275     23.781      4.385      0.000
    I_BFI_HP8        148.750     20.125      7.391      0.000
    S_BFI_HP8          1.368      2.141      0.639      0.523
    I_VRT_IND        288.681     34.904      8.271      0.000
    S_VRT_IND          9.349      4.786      1.954      0.051

 Residual Variances
    ABFI_HP8           0.000      0.000    999.000    999.000
    BBFI_HP8           0.000      0.000    999.000    999.000
    CBFI_HP8           0.000      0.000    999.000    999.000
    DBFI_HP8           0.000      0.000    999.000    999.000
    AVRT_IND           0.000      0.000    999.000    999.000
    BVRT_IND           0.000      0.000    999.000    999.000
    CVRT_IND           0.000      0.000    999.000    999.000
    DVRT_IND           0.000      0.000    999.000    999.000
    P2                68.933      9.536      7.229      0.000
    P3                68.933      9.536      7.229      0.000
    P4                68.933      9.536      7.229      0.000
    V2               120.882     17.086      7.075      0.000
    V3               120.882     17.086      7.075      0.000
    V4               120.882     17.086      7.075      0.000


QUALITY OF NUMERICAL RESULTS

     Condition Number for the Information Matrix              0.476E-05
       (ratio of smallest to largest eigenvalue)


     Beginning Time:  14:28:46
        Ending Time:  14:28:53
       Elapsed Time:  00:00:07



MUTHEN & MUTHEN
3463 Stoner Ave.
Los Angeles, CA  90066

Tel: (310) 391-9971
Fax: (310) 391-8971
Web: www.StatModel.com
Support: Support@StatModel.com

Copyright (c) 1998-2012 Muthen & Muthen
