Mplus VERSION 8 (Linux)
MUTHEN & MUTHEN
07/08/2018  12:55 PM

INPUT INSTRUCTIONS


  title: PxVx Bivariate LCM-SR - 40splitgroup - Linear bfas_co with Linear vrt_ind;
  data: file = /home/jflournoy/code_new/lnt_pxvx/Data/lnt_nat_recalc.tsv;

  variable:
  names =
  subjid
  aage
  aaspfin
  aaspfin_d
  abfa_mt
  abfa_mt_d
  abfas_ac
  abfas_ap
  abfas_ci
  abfas_co
  abfas_ea
  abfas_ee
  abfas_nv
  abfas_nv9
  abfas_nw
  abfas_oi
  abfas_oo
  abfi_a
  abfi_a6
  abfi_c
  abfi_d_scale
  abfi_e
  abfi_hp8
  abfi_n
  abfi_o
  abfi_s_scale
  ahrz_col
  ahrz_col_d
  ahrz_ind
  ahrz_ind_d
  amvi
  ausi
  ausi_d
  avrt_col
  avrt_col_d
  avrt_ind
  avrt_ind_d
  bage
  baspfin
  baspfin_d
  bbfa_mt
  bbfa_mt_d
  bbfas_ac
  bbfas_ap
  bbfas_ci
  bbfas_co
  bbfas_ea
  bbfas_ee
  bbfas_nv
  bbfas_nv9
  bbfas_nw
  bbfas_oi
  bbfas_oo
  bbfi_a
  bbfi_a6
  bbfi_c
  bbfi_d_scale
  bbfi_e
  bbfi_hp8
  bbfi_n
  bbfi_o
  bbfi_s_scale
  bhrz_col
  bhrz_col_d
  bhrz_ind
  bhrz_ind_d
  bmvi
  busi
  busi_d
  bvrt_col
  bvrt_col_d
  bvrt_ind
  bvrt_ind_d
  cage
  caspfin
  caspfin_d
  cbfa_mt
  cbfa_mt_d
  cbfas_ac
  cbfas_ap
  cbfas_ci
  cbfas_co
  cbfas_ea
  cbfas_ee
  cbfas_nv
  cbfas_nv9
  cbfas_nw
  cbfas_oi
  cbfas_oo
  cbfi_a
  cbfi_a6
  cbfi_c
  cbfi_d_scale
  cbfi_e
  cbfi_hp8
  cbfi_n
  cbfi_o
  cbfi_s_scale
  chrz_col
  chrz_col_d
  chrz_ind
  chrz_ind_d
  cmvi
  cusi
  cusi_d
  cvrt_col
  cvrt_col_d
  cvrt_ind
  cvrt_ind_d
  dage
  daspfin
  daspfin_d
  dbfa_mt
  dbfa_mt_d
  dbfas_ac
  dbfas_ap
  dbfas_ci
  dbfas_co
  dbfas_ea
  dbfas_ee
  dbfas_nv
  dbfas_nv9
  dbfas_nw
  dbfas_oi
  dbfas_oo
  dbfi_a
  dbfi_a6
  dbfi_c
  dbfi_d_scale
  dbfi_e
  dbfi_hp8
  dbfi_n
  dbfi_o
  dbfi_s_scale
  dhrz_col
  dhrz_col_d
  dhrz_ind
  dhrz_ind_d
  dmvi
  dusi
  dusi_d
  dvrt_col
  dvrt_col_d
  dvrt_ind
  dvrt_ind_d;

  USEVARIABLES =
  abfas_co
  bbfas_co
  cbfas_co
  dbfas_co
  avrt_ind
  bvrt_ind
  cvrt_ind
  dvrt_ind
  a1
  a2
  a3
  a4
  aagegrp
  ;

  missing = all (-9999);

  tscores = a1 a2 a3 a4;

  grouping = aagegrp (0=earlier, 1=later);

  DEFINE:

  aagegrp = aage;

  cut aagegrp (39);

  a1 = aage + 0 - 36;
  a2 = aage + 1 - 36;
  a3 = aage + 2 - 36;
  a4 = aage + 3 - 36;

  ANALYSIS:
  TYPE=RANDOM;
  PROCESSORS = 6;
  model=nocovariances; ! supresses default estimation of certain covs in model;

  MODEL:

  i_bfas_co s_bfas_co | abfas_co bbfas_co cbfas_co dbfas_co AT a1 a2 a3 a4;
  i_vrt_ind s_vrt_ind | avrt_ind bvrt_ind cvrt_ind dvrt_ind AT a1 a2 a3 a4;

  ! freeing factor covs because of "nocovariances"
  s_bfas_co WITH i_bfas_co s_vrt_ind i_vrt_ind;
  i_bfas_co WITH s_vrt_ind i_vrt_ind;
  s_vrt_ind WITH i_vrt_ind;

  p1 BY abfas_co@1; ! Residual "factors";
  p2 BY bbfas_co@1;
  p3 BY cbfas_co@1;
  p4 BY dbfas_co@1;

  v1 BY avrt_ind@1; ! Residual "factors";
  v2 BY bvrt_ind@1;
  v3 BY cvrt_ind@1;
  v4 BY dvrt_ind@1;

  !residual variances on observed/manifest vars set to 0
  abfas_co@0;
  bbfas_co@0;
  cbfas_co@0;
  dbfas_co@0;

  !residual variances on observed/manifest vars set to 0
  avrt_ind@0;
  bvrt_ind@0;
  cvrt_ind@0;
  dvrt_ind@0;

  ! means of observed/manifest vars set to 0
  [abfas_co@0];
  [bbfas_co@0];
  [cbfas_co@0];
  [dbfas_co@0];

  ! means of observed/manifest vars set to 0
  [avrt_ind@0];
  [bvrt_ind@0];
  [cvrt_ind@0];
  [dvrt_ind@0];

  [p1@0]; ! means of residual "factors" set to 0
  [p2@0];
  [p3@0];
  [p4@0];

  [v1@0]; ! means of residual "factors" set to 0
  [v2@0];
  [v3@0];
  [v4@0];

  p4 on p3 (a); ! Autoregressive paths constrained to equality
  p3 on p2 (a);
  p2 on p1 (a);

  v4 on v3 (b); ! Autoregressive paths constrained to equality
  v3 on v2 (b);
  v2 on v1 (b);

  p4 on v3 (c); ! Cross-lagged paths constrained to equality
  p3 on v2 (c);
  p2 on v1 (c);

  v4 on p3 (d); ! Cross-lagged paths constrained to equality
  v3 on p2 (d);
  v2 on p1 (d);

  p1 with v1; !(this one is not like the others)

  p2 with v2 (e); ! Within-wave correlations constrained to equality
  p3 with v3 (e);
  p4 with v4 (e);

  p2 p3 p4 (f); ! estimate variances of residual "factors"
  v2 v3 v4 (g); ! estimate variances of residual "factors"

  MODEL earlier:

  p4 on p3 (a23); ! Autoregressive paths constrained to equality
  p3 on p2 (a23);
  p2 on p1 (a23);

  v4 on v3 (b23); ! Autoregressive paths constrained to equality
  v3 on v2 (b23);
  v2 on v1 (b23);

  p4 on v3 (c23); ! Cross-lagged paths constrained to equality
  p3 on v2 (c23);
  p2 on v1 (c23);

  v4 on p3 (d23); ! Cross-lagged paths constrained to equality
  v3 on p2 (d23);
  v2 on p1 (d23);

  p1 with v1; !(this one is not like the others)

  p2 with v2 (e23); ! Within-wave correlations constrained to equality
  p3 with v3 (e23);
  p4 with v4 (e23);

  p2 p3 p4 (f23); ! estimate variances of residual "factors"
  v2 v3 v4 (g23); ! estimate variances of residual "factors"

  MODEL later:

  p4 on p3 (a45); ! Autoregressive paths constrained to equality
  p3 on p2 (a45);
  p2 on p1 (a45);

  v4 on v3 (b45); ! Autoregressive paths constrained to equality
  v3 on v2 (b45);
  v2 on v1 (b45);

  p4 on v3 (c45); ! Cross-lagged paths constrained to equality
  p3 on v2 (c45);
  p2 on v1 (c45);

  v4 on p3 (d45); ! Cross-lagged paths constrained to equality
  v3 on p2 (d45);
  v2 on p1 (d45);

  p1 with v1; !(this one is not like the others)

  p2 with v2 (e45); ! Within-wave correlations constrained to equality
  p3 with v3 (e45);
  p4 with v4 (e45);

  p2 p3 p4 (f45); ! estimate variances of residual "factors"
  v2 v3 v4 (g45); ! estimate variances of residual "factors"

  OUTPUT: SAMPSTAT PATTERNS;



*** WARNING
  Data set contains unknown or missing values for GROUPING,
  PATTERN, COHORT, CLUSTER and/or STRATIFICATION variables.
  Number of cases with unknown or missing values:  5
   1 WARNING(S) FOUND IN THE INPUT INSTRUCTIONS



PxVx Bivariate LCM-SR - 40splitgroup - Linear bfas_co with Linear vrt_ind;

SUMMARY OF ANALYSIS

Number of groups                                                 2
Number of observations
   Group EARLIER                                               534
   Group LATER                                                 330
   Total sample size                                           864

Number of dependent variables                                    8
Number of independent variables                                  0
Number of continuous latent variables                           12

Observed dependent variables

  Continuous
   ABFAS_CO    BBFAS_CO    CBFAS_CO    DBFAS_CO    AVRT_IND    BVRT_IND
   CVRT_IND    DVRT_IND

Continuous latent variables
   P1          P2          P3          P4          V1          V2
   V3          V4          I_BFAS_C    S_BFAS_C    I_VRT_IN    S_VRT_IN

Variables with special functions

  Grouping variable     AAGEGRP

  Time scores
   A1          A2          A3          A4


Estimator                                                      MLR
Information matrix                                        OBSERVED
Maximum number of iterations                                   100
Convergence criterion                                    0.100D-05
Maximum number of EM iterations                                500
Convergence criteria for the EM algorithm
  Loglikelihood change                                   0.100D-02
  Relative loglikelihood change                          0.100D-05
  Derivative                                             0.100D-03
Minimum variance                                         0.100D-03
Maximum number of steepest descent iterations                   20
Maximum number of iterations for H1                           2000
Convergence criterion for H1                             0.100D-03
Optimization algorithm                                         EMA

Input data file(s)
  /home/jflournoy/code_new/lnt_pxvx/Data/lnt_nat_recalc.tsv
Input data format  FREE


SUMMARY OF DATA

   Group EARLIER
     Number of missing data patterns            16

   Group LATER
     Number of missing data patterns            16


SUMMARY OF MISSING DATA PATTERNS


     MISSING DATA PATTERNS (x = not missing) FOR EARLIER

           1  2  3  4  5  6  7  8  9 10 11 12 13 14 15 16
 ABFAS_CO  x  x  x  x  x  x  x  x  x  x  x     x  x  x  x
 BBFAS_CO  x     x     x  x  x        x  x  x  x  x
 CBFAS_CO  x        x  x     x     x  x     x  x  x  x
 DBFAS_CO  x     x  x  x        x           x  x     x  x
 AVRT_IND  x  x  x  x  x  x  x  x  x  x  x  x  x  x  x  x
 BVRT_IND  x     x     x  x  x        x     x     x  x
 CVRT_IND  x        x        x     x        x  x  x  x
 DVRT_IND  x     x  x  x        x           x  x  x  x


     MISSING DATA PATTERN FREQUENCIES FOR EARLIER

    Pattern   Frequency     Pattern   Frequency     Pattern   Frequency
          1         325           7          20          13           2
          2         101           8          14          14           1
          3          14           9          12          15           1
          4          12          10           1          16           1
          5           1          11           2
          6          26          12           1


     MISSING DATA PATTERNS (x = not missing) FOR LATER

           1  2  3  4  5  6  7  8  9 10 11 12 13 14 15 16
 ABFAS_CO  x  x  x  x  x  x  x  x  x  x     x  x  x  x  x
 BBFAS_CO  x     x     x  x  x        x  x  x        x
 CBFAS_CO  x        x  x     x     x     x  x  x        x
 DBFAS_CO  x     x  x  x        x        x  x  x     x
 AVRT_IND  x  x  x  x  x  x  x  x  x  x  x  x  x     x  x
 BVRT_IND  x     x     x  x  x           x     x
 CVRT_IND  x        x        x     x     x  x  x
 DVRT_IND  x     x  x  x        x        x  x  x     x


     MISSING DATA PATTERN FREQUENCIES FOR LATER

    Pattern   Frequency     Pattern   Frequency     Pattern   Frequency
          1         163           7          26          13           1
          2          68           8          10          14           1
          3          12           9          11          15           1
          4           9          10           2          16           1
          5           1          11           1
          6          22          12           1


COVARIANCE COVERAGE OF DATA

Minimum covariance coverage value   0.100


     PROPORTION OF DATA PRESENT FOR EARLIER


           Covariance Coverage
              ABFAS_CO      BBFAS_CO      CBFAS_CO      DBFAS_CO      AVRT_IND
              ________      ________      ________      ________      ________
 ABFAS_CO       0.998
 BBFAS_CO       0.734         0.736
 CBFAS_CO       0.702         0.657         0.704
 DBFAS_CO       0.693         0.642         0.640         0.695
 AVRT_IND       0.998         0.736         0.704         0.695         1.000
 BVRT_IND       0.728         0.728         0.655         0.640         0.730
 CVRT_IND       0.699         0.654         0.700         0.639         0.700
 DVRT_IND       0.693         0.644         0.642         0.693         0.695


           Covariance Coverage
              BVRT_IND      CVRT_IND      DVRT_IND
              ________      ________      ________
 BVRT_IND       0.730
 CVRT_IND       0.652         0.700
 DVRT_IND       0.642         0.640         0.695


     PROPORTION OF DATA PRESENT FOR LATER


           Covariance Coverage
              ABFAS_CO      BBFAS_CO      CBFAS_CO      DBFAS_CO      AVRT_IND
              ________      ________      ________      ________      ________
 ABFAS_CO       0.997
 BBFAS_CO       0.694         0.697
 CBFAS_CO       0.652         0.591         0.655
 DBFAS_CO       0.600         0.539         0.533         0.603
 AVRT_IND       0.997         0.697         0.655         0.603         1.000
 BVRT_IND       0.691         0.691         0.591         0.539         0.694
 CVRT_IND       0.642         0.582         0.645         0.530         0.645
 DVRT_IND       0.600         0.542         0.536         0.600         0.603


           Covariance Coverage
              BVRT_IND      CVRT_IND      DVRT_IND
              ________      ________      ________
 BVRT_IND       0.694
 CVRT_IND       0.582         0.645
 DVRT_IND       0.542         0.533         0.603


SAMPLE STATISTICS


     ESTIMATED SAMPLE STATISTICS FOR EARLIER


           Means
              ABFAS_CO      BBFAS_CO      CBFAS_CO      DBFAS_CO      AVRT_IND
              ________      ________      ________      ________      ________
               61.405        61.055        62.064        62.140        49.114


           Means
              BVRT_IND      CVRT_IND      DVRT_IND
              ________      ________      ________
               49.791        48.632        48.383


           Covariances
              ABFAS_CO      BBFAS_CO      CBFAS_CO      DBFAS_CO      AVRT_IND
              ________      ________      ________      ________      ________
 ABFAS_CO     288.962
 BBFAS_CO     229.294       289.621
 CBFAS_CO     216.282       225.128       268.466
 DBFAS_CO     208.928       213.532       218.129       270.231
 AVRT_IND      45.335        19.301        27.765        11.561       397.587
 BVRT_IND      38.781        20.119        14.115        13.204       271.522
 CVRT_IND      29.821        15.276        26.988        17.802       256.542
 DVRT_IND      35.683        27.686        34.775        25.716       259.065


           Covariances
              BVRT_IND      CVRT_IND      DVRT_IND
              ________      ________      ________
 BVRT_IND     381.951
 CVRT_IND     278.708       403.479
 DVRT_IND     277.830       300.174       416.163


           Correlations
              ABFAS_CO      BBFAS_CO      CBFAS_CO      DBFAS_CO      AVRT_IND
              ________      ________      ________      ________      ________
 ABFAS_CO       1.000
 BBFAS_CO       0.793         1.000
 CBFAS_CO       0.777         0.807         1.000
 DBFAS_CO       0.748         0.763         0.810         1.000
 AVRT_IND       0.134         0.057         0.085         0.035         1.000
 BVRT_IND       0.117         0.060         0.044         0.041         0.697
 CVRT_IND       0.087         0.045         0.082         0.054         0.641
 DVRT_IND       0.103         0.080         0.104         0.077         0.637


           Correlations
              BVRT_IND      CVRT_IND      DVRT_IND
              ________      ________      ________
 BVRT_IND       1.000
 CVRT_IND       0.710         1.000
 DVRT_IND       0.697         0.733         1.000


     ESTIMATED SAMPLE STATISTICS FOR LATER


           Means
              ABFAS_CO      BBFAS_CO      CBFAS_CO      DBFAS_CO      AVRT_IND
              ________      ________      ________      ________      ________
               62.531        62.565        62.091        62.131        44.153


           Means
              BVRT_IND      CVRT_IND      DVRT_IND
              ________      ________      ________
               42.538        42.723        43.037


           Covariances
              ABFAS_CO      BBFAS_CO      CBFAS_CO      DBFAS_CO      AVRT_IND
              ________      ________      ________      ________      ________
 ABFAS_CO     244.606
 BBFAS_CO     202.370       250.670
 CBFAS_CO     205.531       217.970       255.752
 DBFAS_CO     206.691       214.155       222.423       272.756
 AVRT_IND      16.795        19.876        25.940        35.105       312.677
 BVRT_IND      29.089        36.259        36.073        31.963       188.854
 CVRT_IND      25.651        31.925        23.975        37.700       202.158
 DVRT_IND      17.028        30.195        19.204        36.776       194.538


           Covariances
              BVRT_IND      CVRT_IND      DVRT_IND
              ________      ________      ________
 BVRT_IND     264.025
 CVRT_IND     194.476       318.673
 DVRT_IND     198.320       215.933       286.200


           Correlations
              ABFAS_CO      BBFAS_CO      CBFAS_CO      DBFAS_CO      AVRT_IND
              ________      ________      ________      ________      ________
 ABFAS_CO       1.000
 BBFAS_CO       0.817         1.000
 CBFAS_CO       0.822         0.861         1.000
 DBFAS_CO       0.800         0.819         0.842         1.000
 AVRT_IND       0.061         0.071         0.092         0.120         1.000
 BVRT_IND       0.114         0.141         0.139         0.119         0.657
 CVRT_IND       0.092         0.113         0.084         0.128         0.640
 DVRT_IND       0.064         0.113         0.071         0.132         0.650


           Correlations
              BVRT_IND      CVRT_IND      DVRT_IND
              ________      ________      ________
 BVRT_IND       1.000
 CVRT_IND       0.670         1.000
 DVRT_IND       0.721         0.715         1.000


     MAXIMUM LOG-LIKELIHOOD VALUE FOR THE UNRESTRICTED (H1) MODEL IS -20874.945


UNIVARIATE SAMPLE STATISTICS


     UNIVARIATE HIGHER-ORDER MOMENT DESCRIPTIVE STATISTICS FOR EARLIER

         Variable/         Mean/     Skewness/   Minimum/ % with                Percentiles
        Sample Size      Variance    Kurtosis    Maximum  Min/Max      20%/60%    40%/80%    Median

     ABFAS_CO             61.364      -0.211      10.000    0.38%      47.500     57.500     62.500
             533.000     288.460      -0.320     100.000    0.38%      67.500     77.500
     BBFAS_CO             61.440      -0.067      12.500    0.25%      45.000     57.500     62.500
             393.000     292.417      -0.558     100.000    0.51%      65.000     77.500
     CBFAS_CO             62.146      -0.133      20.000    0.27%      47.500     57.500     62.500
             376.000     271.183      -0.506     100.000    0.27%      67.500     77.500
     DBFAS_CO             62.333      -0.098       7.500    0.27%      47.500     57.500     62.500
             371.000     273.459      -0.477     100.000    1.08%      67.500     77.500
     AVRT_IND             49.114       0.039       0.000    0.56%      31.250     43.750     50.000
             534.000     397.587      -0.367     100.000    0.75%      56.250     68.750
     BVRT_IND             50.043       0.075       6.250    0.77%      31.250     43.750     50.000
             390.000     377.068      -0.367     100.000    1.28%      56.250     68.750
     CVRT_IND             49.070       0.147       6.250    0.53%      31.250     43.750     50.000
             374.000     404.811      -0.549     100.000    0.80%      56.250     68.750
     DVRT_IND             48.551       0.125       0.000    0.27%      31.250     43.750     50.000
             371.000     415.270      -0.515     100.000    0.81%      56.250     68.750


     UNIVARIATE HIGHER-ORDER MOMENT DESCRIPTIVE STATISTICS FOR LATER

         Variable/         Mean/     Skewness/   Minimum/ % with                Percentiles
        Sample Size      Variance    Kurtosis    Maximum  Min/Max      20%/60%    40%/80%    Median

     ABFAS_CO             62.585      -0.272      10.000    0.30%      50.000     60.000     62.500
             329.000     244.192      -0.146     100.000    0.30%      67.500     75.000
     BBFAS_CO             62.918      -0.066      27.500    1.75%      50.000     60.000     62.500
             229.000     247.516      -0.593      97.500    0.44%      67.500     77.500
     CBFAS_CO             61.798      -0.144      20.000    0.47%      47.500     57.500     62.500
             214.000     270.453      -0.559     100.000    0.47%      67.500     77.500
     DBFAS_CO             62.977      -0.430      15.000    0.50%      50.000     60.000     65.000
             199.000     276.468      -0.065     100.000    0.50%      70.000     77.500
     AVRT_IND             44.155       0.185       0.000    0.30%      31.250     37.500     43.750
             329.000     312.679      -0.195     100.000    0.30%      50.000     62.500
     BVRT_IND             42.423       0.198       0.000    0.44%      25.000     37.500     43.750
             226.000     266.644      -0.272      87.500    0.44%      43.750     56.250
     CVRT_IND             42.011       0.417       6.250    1.89%      25.000     37.500     43.750
             212.000     315.555       0.165     100.000    0.47%      43.750     56.250
     DVRT_IND             42.567       0.161       6.250    0.50%      25.000     37.500     43.750
             199.000     279.977      -0.393      87.500    1.01%      50.000     56.250


THE MODEL ESTIMATION TERMINATED NORMALLY



MODEL FIT INFORMATION

Number of Free Parameters                       48

Loglikelihood

          H0 Value                      -20887.827
          H0 Scaling Correction Factor      1.1215
            for MLR

Information Criteria

          Akaike (AIC)                   41871.654
          Bayesian (BIC)                 42100.210
          Sample-Size Adjusted BIC       41947.774
            (n* = (n + 2) / 24)



MODEL RESULTS

                                                    Two-Tailed
                    Estimate       S.E.  Est./S.E.    P-Value

Group EARLIER

 P1       BY
    ABFAS_CO           1.000      0.000    999.000    999.000

 P2       BY
    BBFAS_CO           1.000      0.000    999.000    999.000

 P3       BY
    CBFAS_CO           1.000      0.000    999.000    999.000

 P4       BY
    DBFAS_CO           1.000      0.000    999.000    999.000

 V1       BY
    AVRT_IND           1.000      0.000    999.000    999.000

 V2       BY
    BVRT_IND           1.000      0.000    999.000    999.000

 V3       BY
    CVRT_IND           1.000      0.000    999.000    999.000

 V4       BY
    DVRT_IND           1.000      0.000    999.000    999.000

 P4         ON
    P3                 0.165      0.072      2.284      0.022
    V3                -0.012      0.035     -0.348      0.728

 P3         ON
    P2                 0.165      0.072      2.284      0.022
    V2                -0.012      0.035     -0.348      0.728

 P2         ON
    P1                 0.165      0.072      2.284      0.022
    V1                -0.012      0.035     -0.348      0.728

 V4         ON
    V3                 0.151      0.075      2.017      0.044
    P3                 0.056      0.071      0.793      0.428

 V3         ON
    V2                 0.151      0.075      2.017      0.044
    P2                 0.056      0.071      0.793      0.428

 V2         ON
    V1                 0.151      0.075      2.017      0.044
    P1                 0.056      0.071      0.793      0.428

 S_BFAS_C WITH
    I_BFAS_CO         -0.387      2.086     -0.185      0.853
    S_VRT_IND          0.060      0.322      0.187      0.852
    I_VRT_IND         -4.363      3.272     -1.333      0.182

 I_BFAS_C WITH
    S_VRT_IND          0.723      3.561      0.203      0.839
    I_VRT_IND          2.400     16.364      0.147      0.883

 S_VRT_IN WITH
    I_VRT_IND         -0.455      2.514     -0.181      0.856

 P1       WITH
    V1                13.712      8.223      1.667      0.095

 P2       WITH
    V2                 4.158      4.856      0.856      0.392

 P3       WITH
    V3                 4.158      4.856      0.856      0.392

 P4       WITH
    V4                 4.158      4.856      0.856      0.392

 Means
    P1                 0.000      0.000    999.000    999.000
    V1                 0.000      0.000    999.000    999.000
    I_BFAS_CO         63.615      0.867     73.353      0.000
    S_BFAS_CO          0.339      0.103      3.276      0.001
    I_VRT_IND         46.818      1.033     45.343      0.000
    S_VRT_IND         -0.373      0.125     -2.975      0.003

 Intercepts
    ABFAS_CO           0.000      0.000    999.000    999.000
    BBFAS_CO           0.000      0.000    999.000    999.000
    CBFAS_CO           0.000      0.000    999.000    999.000
    DBFAS_CO           0.000      0.000    999.000    999.000
    AVRT_IND           0.000      0.000    999.000    999.000
    BVRT_IND           0.000      0.000    999.000    999.000
    CVRT_IND           0.000      0.000    999.000    999.000
    DVRT_IND           0.000      0.000    999.000    999.000
    P2                 0.000      0.000    999.000    999.000
    P3                 0.000      0.000    999.000    999.000
    P4                 0.000      0.000    999.000    999.000
    V2                 0.000      0.000    999.000    999.000
    V3                 0.000      0.000    999.000    999.000
    V4                 0.000      0.000    999.000    999.000

 Variances
    P1                70.860      7.876      8.997      0.000
    V1               152.816     16.879      9.054      0.000
    I_BFAS_CO        188.435     19.137      9.847      0.000
    S_BFAS_CO          0.269      0.368      0.732      0.464
    I_VRT_IND        232.742     26.229      8.873      0.000
    S_VRT_IND          0.261      0.433      0.602      0.547

 Residual Variances
    ABFAS_CO           0.000      0.000    999.000    999.000
    BBFAS_CO           0.000      0.000    999.000    999.000
    CBFAS_CO           0.000      0.000    999.000    999.000
    DBFAS_CO           0.000      0.000    999.000    999.000
    AVRT_IND           0.000      0.000    999.000    999.000
    BVRT_IND           0.000      0.000    999.000    999.000
    CVRT_IND           0.000      0.000    999.000    999.000
    DVRT_IND           0.000      0.000    999.000    999.000
    P2                63.437      5.712     11.105      0.000
    P3                63.437      5.712     11.105      0.000
    P4                63.437      5.712     11.105      0.000
    V2               129.025      9.982     12.925      0.000
    V3               129.025      9.982     12.925      0.000
    V4               129.025      9.982     12.925      0.000

Group LATER

 P1       BY
    ABFAS_CO           1.000      0.000    999.000    999.000

 P2       BY
    BBFAS_CO           1.000      0.000    999.000    999.000

 P3       BY
    CBFAS_CO           1.000      0.000    999.000    999.000

 P4       BY
    DBFAS_CO           1.000      0.000    999.000    999.000

 V1       BY
    AVRT_IND           1.000      0.000    999.000    999.000

 V2       BY
    BVRT_IND           1.000      0.000    999.000    999.000

 V3       BY
    CVRT_IND           1.000      0.000    999.000    999.000

 V4       BY
    DVRT_IND           1.000      0.000    999.000    999.000

 P4         ON
    P3                 0.113      0.083      1.361      0.173
    V3                -0.001      0.044     -0.016      0.987

 P3         ON
    P2                 0.113      0.083      1.361      0.173
    V2                -0.001      0.044     -0.016      0.987

 P2         ON
    P1                 0.113      0.083      1.361      0.173
    V1                -0.001      0.044     -0.016      0.987

 V4         ON
    V3                -0.006      0.072     -0.082      0.935
    P3                -0.011      0.089     -0.128      0.898

 V3         ON
    V2                -0.006      0.072     -0.082      0.935
    P2                -0.011      0.089     -0.128      0.898

 V2         ON
    V1                -0.006      0.072     -0.082      0.935
    P1                -0.011      0.089     -0.128      0.898

 S_BFAS_C WITH
    I_BFAS_CO         -0.124      7.830     -0.016      0.987
    S_VRT_IND          0.083      0.520      0.160      0.873
    I_VRT_IND          1.281      7.175      0.179      0.858

 I_BFAS_C WITH
    S_VRT_IND         -1.031      7.057     -0.146      0.884
    I_VRT_IND          8.160     79.281      0.103      0.918

 S_VRT_IN WITH
    I_VRT_IND         -1.231     10.358     -0.119      0.905

 P1       WITH
    V1                -4.412      7.917     -0.557      0.577

 P2       WITH
    V2                 1.112      4.281      0.260      0.795

 P3       WITH
    V3                 1.112      4.281      0.260      0.795

 P4       WITH
    V4                 1.112      4.281      0.260      0.795

 Means
    P1                 0.000      0.000    999.000    999.000
    V1                 0.000      0.000    999.000    999.000
    I_BFAS_CO         64.243      1.803     35.630      0.000
    S_BFAS_CO         -0.143      0.128     -1.114      0.265
    I_VRT_IND         46.172      2.126     21.714      0.000
    S_VRT_IND         -0.221      0.158     -1.397      0.163

 Intercepts
    ABFAS_CO           0.000      0.000    999.000    999.000
    BBFAS_CO           0.000      0.000    999.000    999.000
    CBFAS_CO           0.000      0.000    999.000    999.000
    DBFAS_CO           0.000      0.000    999.000    999.000
    AVRT_IND           0.000      0.000    999.000    999.000
    BVRT_IND           0.000      0.000    999.000    999.000
    CVRT_IND           0.000      0.000    999.000    999.000
    DVRT_IND           0.000      0.000    999.000    999.000
    P2                 0.000      0.000    999.000    999.000
    P3                 0.000      0.000    999.000    999.000
    P4                 0.000      0.000    999.000    999.000
    V2                 0.000      0.000    999.000    999.000
    V3                 0.000      0.000    999.000    999.000
    V4                 0.000      0.000    999.000    999.000

 Variances
    P1                51.154      6.579      7.776      0.000
    V1               122.838     16.195      7.585      0.000
    I_BFAS_CO        186.832    101.861      1.834      0.067
    S_BFAS_CO          0.122      0.586      0.208      0.836
    I_VRT_IND        172.259    109.747      1.570      0.117
    S_VRT_IND          0.304      0.880      0.345      0.730

 Residual Variances
    ABFAS_CO           0.000      0.000    999.000    999.000
    BBFAS_CO           0.000      0.000    999.000    999.000
    CBFAS_CO           0.000      0.000    999.000    999.000
    DBFAS_CO           0.000      0.000    999.000    999.000
    AVRT_IND           0.000      0.000    999.000    999.000
    BVRT_IND           0.000      0.000    999.000    999.000
    CVRT_IND           0.000      0.000    999.000    999.000
    DVRT_IND           0.000      0.000    999.000    999.000
    P2                44.982      4.883      9.213      0.000
    P3                44.982      4.883      9.213      0.000
    P4                44.982      4.883      9.213      0.000
    V2                86.745      9.125      9.506      0.000
    V3                86.745      9.125      9.506      0.000
    V4                86.745      9.125      9.506      0.000


QUALITY OF NUMERICAL RESULTS

     Condition Number for the Information Matrix              0.107E-05
       (ratio of smallest to largest eigenvalue)


     Beginning Time:  12:55:00
        Ending Time:  12:55:18
       Elapsed Time:  00:00:18



MUTHEN & MUTHEN
3463 Stoner Ave.
Los Angeles, CA  90066

Tel: (310) 391-9971
Fax: (310) 391-8971
Web: www.StatModel.com
Support: Support@StatModel.com

Copyright (c) 1998-2017 Muthen & Muthen
