Mplus VERSION 6.12
MUTHEN & MUTHEN
03/21/2016  12:47 PM

INPUT INSTRUCTIONS


  title: PxVx Univariate - Nat MeanOnly BFA_OI with Lin BFA_MT;
  data: file = E:\Projects\lnt_pxvx\Data\LT_227.txt;


  variable:
  names =
  subjid
  Sample
  aGENDER
  aAGE
  aethnic1
  aethnic2
  aedu_mom
  aedu_dad
  aEDUCATN
  bEDUCATN
  cEDUCATN
  aEMPLOYD
  bEMPLOYD
  cEMPLOYD
  dEMPLOYD
  aINCOME
  bINCOME
  cINCOME
  dINCOME
  aS_SCALE
  bS_SCALE
  cS_SCALE
  dS_SCALE
  aD_SCALE
  bD_SCALE
  cD_SCALE
  dD_SCALE
  aS_COMP
  bS_COMP
  cS_COMP
  dS_COMP
  aD_COMP
  bD_COMP
  cD_COMP
  dD_COMP
  aBFI_A
  aBFI_A6
  aBFI_C
  aBFI_E
  aBFI_HP
  aBFI_N
  aBFI_O
  bBFI_A
  bBFI_A6
  bBFI_C
  bBFI_E
  bBFI_HP
  bBFI_N
  bBFI_O
  cBFI_A
  cBFI_A6
  cBFI_C
  cBFI_E
  cBFI_HP
  cBFI_N
  cBFI_O
  dBFI_A
  dBFI_A6
  dBFI_C
  dBFI_E
  dBFI_HP
  dBFI_N
  dBFI_O
  aBFA_AC
  aBFA_AP
  aBFA_CI
  aBFA_CO
  aBFA_EA
  aBFA_EE
  aBFA_N9
  aBFA_NV
  aBFA_NW
  aBFA_OI
  aBFA_OO
  aBFA_PS
  aBFA_MT
  bBFA_AC
  bBFA_AP
  bBFA_CI
  bBFA_CO
  bBFA_EA
  bBFA_EE
  bBFA_N9
  bBFA_NV
  bBFA_NW
  bBFA_OI
  bBFA_OO
  bBFA_MT
  bBFA_PS
  cBFA_AC
  cBFA_AP
  cBFA_CI
  cBFA_CO
  cBFA_EA
  cBFA_EE
  cBFA_N9
  cBFA_NV
  cBFA_NW
  cBFA_OI
  cBFA_OO
  cBFA_MT
  cBFA_PS
  dBFA_AC
  dBFA_AP
  dBFA_CI
  dBFA_CO
  dBFA_EA
  dBFA_EE
  dBFA_N9
  dBFA_NV
  dBFA_NW
  dBFA_OI
  dBFA_OO
  dBFA_MT
  dBFA_PS
  aUSI
  bUSI
  cUSI
  dUSI
  aHRZ_IND
  bHRZ_IND
  cHRZ_IND
  dHRZ_IND
  aVRT_IND
  bVRT_IND
  cVRT_IND
  dVRT_IND
  aHRZ_COL
  bHRZ_COL
  cHRZ_COL
  dHRZ_COL
  aVRT_COL
  bVRT_COL
  cVRT_COL
  dVRT_COL
  aCOLLCTV
  bCOLLCTV
  cCOLLCTV
  dCOLLCTV
  aMVS
  bMVS
  cMVS
  dMVS
  aST
  bST
  cST
  dST
  aSD
  bSD
  cSD
  dSD
  aMVS_mc
  bMVS_mc
  cMVS_mc
  dMVS_mc
  aST_mc
  bST_mc
  cST_mc
  dST_mc
  aSD_mc
  bSD_mc
  cSD_mc
  dSD_mc
  bMEANING
  cMEANING
  dMEANING
  bMEAN_L
  cMEAN_L
  dMEAN_L
  bMEANNGc
  cMEANNGc
  dMEANNGc
  bMEANGlc
  cMEANGlc
  dMEANGlc
  bCLASSIC
  cCLASSIC
  dCLASSIC
  bCLASSCc
  cCLASSCc
  dCLASSCc
  bAGR_VAL
  cAGR_VAL
  dAGR_VAL
  bOPN_VAL
  cOPN_VAL
  dOPN_VAL
  bAGR_VLc
  cAGR_VLc
  dAGR_VLc
  bOPNVALc
  cOPNVALc
  dOPNVALc
  aMV_pomp
  bMV_pomp
  cMV_pomp
  dMV_pomp
  aST_pomp
  bST_pomp
  cST_pomp
  dST_pomp
  aSD_pomp
  bSD_pomp
  cSD_pomp
  dSD_pomp
  agoal_ec
  bgoal_ec
  cgoal_ec
  dgoal_ec
  aAspfinc
  bAspfinc
  cAspfinc
  dAspfinc
  abfi_hp8
  bbfi_hp8
  cbfi_hp8
  dbfi_hp8
  aP_S_BFI
  aP_D_BFI
  aECgoalc
  bECgoalC
  cECgoalC
  dECgoalC
  aaspfin
  baspfin
  caspfin
  daspfin
  aMVI_POMP
  bMVI_POMP
  cMVI_POMP
  dMVI_POMP;


  USEVARIABLES =
  aBFA_OI
  bBFA_OI
  cBFA_OI
  dBFA_OI
  aBFA_MT
  bBFA_MT
  cBFA_MT
  dBFA_MT
  bage_c
  cage_c
  dage_c
  ;

  missing = all (-9999);

  USEOBSERVATIONS are Sample == 1; ! National Sample

  tscores = bage_c cage_c dage_c;

  DEFINE:
  bage_c = aAGE + 1 - 36;
  cage_c = aAGE + 2 - 36;
  dage_c = aAGE + 3 - 36;

  ANALYSIS:
  TYPE=RANDOM;
  PROCESSORS = 8;

  MODEL:

  i_BFA_OI s_BFA_OI | bBFA_OI cBFA_OI dBFA_OI AT bage_c cage_c dage_c;
  i_BFA_MT s_BFA_MT | bBFA_MT cBFA_MT dBFA_MT AT bage_c cage_c dage_c;


  !After Bollen and Curran initial observation is not part of LGM

  dBFA_OI on cBFA_OI (a); ! Autoregressive paths constrained to equality
  cBFA_OI on bBFA_OI (a);
  bBFA_OI on aBFA_OI (a);

  dBFA_MT on cBFA_MT (b); ! Autoregressive paths constrained to equality
  cBFA_MT on bBFA_MT (b);
  bBFA_MT on aBFA_MT (b);

  bBFA_OI cBFA_OI dBFA_OI (c); !Equality constraint on residuals
  bBFA_MT cBFA_MT dBFA_MT (d); !Equality constraint on residuals

  dBFA_MT on cBFA_OI (x); ! Cross-lagged paths constrained to equality
  cBFA_MT on bBFA_OI (x);
  bBFA_MT on aBFA_OI (x);

  dBFA_OI on cBFA_MT (y); ! Cross-lagged paths constrained to equality
  cBFA_OI on bBFA_MT (y);
  bBFA_OI on aBFA_MT (y);

  dBFA_MT with dBFA_OI (w); ! within-wave correlations constrained to equality
  cBFA_MT with cBFA_OI (w);
  bBFA_MT with bBFA_OI (w);

  aBFA_OI aBFA_MT i_BFA_OI i_BFA_MT
  s_BFA_MT
  with
  s_BFA_MT
  aBFA_OI aBFA_MT i_BFA_OI i_BFA_MT;

  s_BFA_OI@0;


  OUTPUT: SAMPSTAT PATTERNS;



*** WARNING
  Variable name contains more than 8 characters.
  Only the first 8 characters will be printed in the output.
  Variable: AMVI_POMP
*** WARNING
  Variable name contains more than 8 characters.
  Only the first 8 characters will be printed in the output.
  Variable: BMVI_POMP
*** WARNING
  Variable name contains more than 8 characters.
  Only the first 8 characters will be printed in the output.
  Variable: CMVI_POMP
*** WARNING
  Variable name contains more than 8 characters.
  Only the first 8 characters will be printed in the output.
  Variable: DMVI_POMP
*** WARNING in MODEL command
  All continuous latent variable covariances involving S_BFA_OI have been fixed to 0
  because the variance of S_BFA_OI is fixed at 0.
*** WARNING
  Data set contains cases with missing on time scores but non-missing on the
  corresponding dependent variables.  These cases were not included in the analysis.
  Number of such cases:  16
   6 WARNING(S) FOUND IN THE INPUT INSTRUCTIONS



PxVx Univariate - Nat MeanOnly BFA_OI with Lin BFA_MT;

SUMMARY OF ANALYSIS

Number of groups                                                 1
Number of observations                                         863

Number of dependent variables                                    6
Number of independent variables                                  2
Number of continuous latent variables                            4

Observed dependent variables

  Continuous
   BBFA_OI     CBFA_OI     DBFA_OI     BBFA_MT     CBFA_MT     DBFA_MT

Observed independent variables
   ABFA_OI     ABFA_MT

Continuous latent variables
   I_BFA_OI    S_BFA_OI    I_BFA_MT    S_BFA_MT

Variables with special functions

  Time scores
   BAGE_C      CAGE_C      DAGE_C


Estimator                                                      MLR
Information matrix                                        OBSERVED
Maximum number of iterations                                   100
Convergence criterion                                    0.100D-05
Maximum number of EM iterations                                500
Convergence criteria for the EM algorithm
  Loglikelihood change                                   0.100D-02
  Relative loglikelihood change                          0.100D-05
  Derivative                                             0.100D-03
Minimum variance                                         0.100D-03
Maximum number of steepest descent iterations                   20
Maximum number of iterations for H1                           2000
Convergence criterion for H1                             0.100D-03
Optimization algorithm                                         EMA

Input data file(s)
  E:\Projects\lnt_pxvx\Data\LT_227.txt
Input data format  FREE


SUMMARY OF DATA

     Number of missing data patterns            11


SUMMARY OF MISSING DATA PATTERNS


     MISSING DATA PATTERNS (x = not missing)

           1  2  3  4  5  6  7  8  9 10 11
 BBFA_OI   x     x  x        x     x  x
 CBFA_OI   x           x     x  x  x  x  x
 DBFA_OI   x     x     x  x        x  x  x
 BBFA_MT   x     x  x        x        x
 CBFA_MT   x           x     x  x  x  x  x
 DBFA_MT   x     x     x  x        x  x  x
 ABFA_OI   x  x  x  x  x  x  x  x  x
 ABFA_MT   x  x  x  x  x  x  x  x  x


     MISSING DATA PATTERN FREQUENCIES

    Pattern   Frequency     Pattern   Frequency     Pattern   Frequency
          1         491           5          21           9           1
          2         170           6          25          10           5
          3          27           7          47          11           1
          4          52           8          23


COVARIANCE COVERAGE OF DATA

Minimum covariance coverage value   0.100


     PROPORTION OF DATA PRESENT


           Covariance Coverage
              BBFA_OI       CBFA_OI       DBFA_OI       BBFA_MT       CBFA_MT
              ________      ________      ________      ________      ________
 BBFA_OI        0.722
 CBFA_OI        0.630         0.683
 DBFA_OI        0.607         0.601         0.662
 BBFA_MT        0.721         0.629         0.606         0.721
 CBFA_MT        0.630         0.683         0.601         0.629         0.683
 DBFA_MT        0.607         0.601         0.662         0.606         0.601
 ABFA_OI        0.716         0.676         0.655         0.715         0.676
 ABFA_MT        0.716         0.676         0.655         0.715         0.676


           Covariance Coverage
              DBFA_MT       ABFA_OI       ABFA_MT
              ________      ________      ________
 DBFA_MT        0.662
 ABFA_OI        0.655         0.993
 ABFA_MT        0.655         0.993         0.993


SAMPLE STATISTICS


     ESTIMATED SAMPLE STATISTICS


           Means
              BBFA_OI       CBFA_OI       DBFA_OI       BBFA_MT       CBFA_MT
              ________      ________      ________      ________      ________
 1             75.096        74.583        74.855        48.263        47.879


           Means
              DBFA_MT       ABFA_OI       ABFA_MT
              ________      ________      ________
 1             47.640        75.472        48.524


           Covariances
              BBFA_OI       CBFA_OI       DBFA_OI       BBFA_MT       CBFA_MT
              ________      ________      ________      ________      ________
 BBFA_OI      240.043
 CBFA_OI      207.688       266.546
 DBFA_OI      198.403       218.900       260.948
 BBFA_MT      -31.651       -31.749       -25.482       235.754
 CBFA_MT      -31.005       -38.221       -29.738       195.533       241.990
 DBFA_MT      -27.684       -37.452       -34.500       192.993       204.677
 ABFA_OI      202.532       205.287       202.759       -34.428       -38.359
 ABFA_MT      -32.307       -29.231       -29.716       187.940       184.732


           Covariances
              DBFA_MT       ABFA_OI       ABFA_MT
              ________      ________      ________
 DBFA_MT      252.835
 ABFA_OI      -30.754       255.763
 ABFA_MT      182.159       -41.683       237.607


           Correlations
              BBFA_OI       CBFA_OI       DBFA_OI       BBFA_MT       CBFA_MT
              ________      ________      ________      ________      ________
 BBFA_OI        1.000
 CBFA_OI        0.821         1.000
 DBFA_OI        0.793         0.830         1.000
 BBFA_MT       -0.133        -0.127        -0.103         1.000
 CBFA_MT       -0.129        -0.150        -0.118         0.819         1.000
 DBFA_MT       -0.112        -0.144        -0.134         0.790         0.827
 ABFA_OI        0.817         0.786         0.785        -0.140        -0.154
 ABFA_MT       -0.135        -0.116        -0.119         0.794         0.770


           Correlations
              DBFA_MT       ABFA_OI       ABFA_MT
              ________      ________      ________
 DBFA_MT        1.000
 ABFA_OI       -0.121         1.000
 ABFA_MT        0.743        -0.169         1.000


     MAXIMUM LOG-LIKELIHOOD VALUE FOR THE UNRESTRICTED (H1) MODEL IS -19909.085


THE MODEL ESTIMATION TERMINATED NORMALLY



MODEL FIT INFORMATION

Number of Free Parameters                       28

Loglikelihood

          H0 Value                      -19906.457
          H0 Scaling Correction Factor       1.269
            for MLR

Information Criteria

          Akaike (AIC)                   39868.914
          Bayesian (BIC)                 40002.205
          Sample-Size Adjusted BIC       39913.285
            (n* = (n + 2) / 24)



MODEL RESULTS

                                                    Two-Tailed
                    Estimate       S.E.  Est./S.E.    P-Value

 DBFA_OI    ON
    CBFA_OI            0.178      0.055      3.254      0.001
    CBFA_MT           -0.040      0.046     -0.865      0.387

 CBFA_OI    ON
    BBFA_OI            0.178      0.055      3.254      0.001
    BBFA_MT           -0.040      0.046     -0.865      0.387

 BBFA_OI    ON
    ABFA_OI            0.178      0.055      3.254      0.001
    ABFA_MT           -0.040      0.046     -0.865      0.387

 DBFA_MT    ON
    CBFA_MT            0.179      0.069      2.578      0.010
    CBFA_OI           -0.057      0.042     -1.356      0.175

 CBFA_MT    ON
    BBFA_MT            0.179      0.069      2.578      0.010
    BBFA_OI           -0.057      0.042     -1.356      0.175

 BBFA_MT    ON
    ABFA_MT            0.179      0.069      2.578      0.010
    ABFA_OI           -0.057      0.042     -1.356      0.175

 I_BFA_MT WITH
    I_BFA_OI          -3.843     15.240     -0.252      0.801

 S_BFA_MT WITH
    I_BFA_OI          -0.056      0.348     -0.161      0.872
    I_BFA_MT          -0.433      0.339     -1.278      0.201

 ABFA_OI  WITH
    I_BFA_OI         162.317     15.104     10.747      0.000
    I_BFA_MT         -15.854     12.811     -1.238      0.216
    S_BFA_MT          -0.031      0.451     -0.068      0.945

 ABFA_MT  WITH
    I_BFA_OI         -16.731     11.853     -1.412      0.158
    I_BFA_MT         144.415     17.309      8.344      0.000
    S_BFA_MT           0.702      0.497      1.413      0.158

 DBFA_MT  WITH
    DBFA_OI           -5.962      2.624     -2.272      0.023

 CBFA_MT  WITH
    CBFA_OI           -5.962      2.624     -2.272      0.023

 BBFA_MT  WITH
    BBFA_OI           -5.962      2.624     -2.272      0.023

 ABFA_MT  WITH
    ABFA_OI          -41.548      8.550     -4.859      0.000

 Means
    ABFA_OI           75.474      0.545    138.600      0.000
    ABFA_MT           48.528      0.525     92.399      0.000
    I_BFA_OI          63.476      4.947     12.832      0.000
    S_BFA_OI          -0.032      0.027     -1.172      0.241
    I_BFA_MT          43.747      4.422      9.892      0.000
    S_BFA_MT          -0.026      0.029     -0.880      0.379

 Intercepts
    BBFA_OI            0.000      0.000    999.000    999.000
    CBFA_OI            0.000      0.000    999.000    999.000
    DBFA_OI            0.000      0.000    999.000    999.000
    BBFA_MT            0.000      0.000    999.000    999.000
    CBFA_MT            0.000      0.000    999.000    999.000
    DBFA_MT            0.000      0.000    999.000    999.000

 Variances
    ABFA_OI          255.729     12.403     20.618      0.000
    ABFA_MT          237.767     11.485     20.702      0.000
    I_BFA_OI         134.192     20.327      6.602      0.000
    S_BFA_OI           0.000      0.000    999.000    999.000
    I_BFA_MT         120.061     25.492      4.710      0.000
    S_BFA_MT           0.067      0.036      1.859      0.063

 Residual Variances
    BBFA_OI           52.877      3.882     13.620      0.000
    CBFA_OI           52.877      3.882     13.620      0.000
    DBFA_OI           52.877      3.882     13.620      0.000
    BBFA_MT           51.026      4.340     11.757      0.000
    CBFA_MT           51.026      4.340     11.757      0.000
    DBFA_MT           51.026      4.340     11.757      0.000


QUALITY OF NUMERICAL RESULTS

     Condition Number for the Information Matrix              0.166E-06
       (ratio of smallest to largest eigenvalue)


     Beginning Time:  12:47:03
        Ending Time:  12:47:06
       Elapsed Time:  00:00:03



MUTHEN & MUTHEN
3463 Stoner Ave.
Los Angeles, CA  90066

Tel: (310) 391-9971
Fax: (310) 391-8971
Web: www.StatModel.com
Support: Support@StatModel.com

Copyright (c) 1998-2011 Muthen & Muthen
