Mplus VERSION 6.12
MUTHEN & MUTHEN
03/09/2016   7:39 PM

INPUT INSTRUCTIONS


  title: PxVx Univariate - Nat Lin BFA_OI with Lin BFA_MT;
  data: file = E:\Projects\lnt_pxvx\Data\LT_227.txt;


  variable:
  names =
  subjid
  Sample
  aGENDER
  aAGE
  aethnic1
  aethnic2
  aedu_mom
  aedu_dad
  aEDUCATN
  bEDUCATN
  cEDUCATN
  aEMPLOYD
  bEMPLOYD
  cEMPLOYD
  dEMPLOYD
  aINCOME
  bINCOME
  cINCOME
  dINCOME
  aS_SCALE
  bS_SCALE
  cS_SCALE
  dS_SCALE
  aD_SCALE
  bD_SCALE
  cD_SCALE
  dD_SCALE
  aS_COMP
  bS_COMP
  cS_COMP
  dS_COMP
  aD_COMP
  bD_COMP
  cD_COMP
  dD_COMP
  aBFI_A
  aBFI_A6
  aBFI_C
  aBFI_E
  aBFI_HP
  aBFI_N
  aBFI_O
  bBFI_A
  bBFI_A6
  bBFI_C
  bBFI_E
  bBFI_HP
  bBFI_N
  bBFI_O
  cBFI_A
  cBFI_A6
  cBFI_C
  cBFI_E
  cBFI_HP
  cBFI_N
  cBFI_O
  dBFI_A
  dBFI_A6
  dBFI_C
  dBFI_E
  dBFI_HP
  dBFI_N
  dBFI_O
  aBFA_AC
  aBFA_AP
  aBFA_CI
  aBFA_CO
  aBFA_EA
  aBFA_EE
  aBFA_N9
  aBFA_NV
  aBFA_NW
  aBFA_OI
  aBFA_OO
  aBFA_PS
  aBFA_MT
  bBFA_AC
  bBFA_AP
  bBFA_CI
  bBFA_CO
  bBFA_EA
  bBFA_EE
  bBFA_N9
  bBFA_NV
  bBFA_NW
  bBFA_OI
  bBFA_OO
  bBFA_MT
  bBFA_PS
  cBFA_AC
  cBFA_AP
  cBFA_CI
  cBFA_CO
  cBFA_EA
  cBFA_EE
  cBFA_N9
  cBFA_NV
  cBFA_NW
  cBFA_OI
  cBFA_OO
  cBFA_MT
  cBFA_PS
  dBFA_AC
  dBFA_AP
  dBFA_CI
  dBFA_CO
  dBFA_EA
  dBFA_EE
  dBFA_N9
  dBFA_NV
  dBFA_NW
  dBFA_OI
  dBFA_OO
  dBFA_MT
  dBFA_PS
  aUSI
  bUSI
  cUSI
  dUSI
  aHRZ_IND
  bHRZ_IND
  cHRZ_IND
  dHRZ_IND
  aVRT_IND
  bVRT_IND
  cVRT_IND
  dVRT_IND
  aHRZ_COL
  bHRZ_COL
  cHRZ_COL
  dHRZ_COL
  aVRT_COL
  bVRT_COL
  cVRT_COL
  dVRT_COL
  aCOLLCTV
  bCOLLCTV
  cCOLLCTV
  dCOLLCTV
  aMVS
  bMVS
  cMVS
  dMVS
  aST
  bST
  cST
  dST
  aSD
  bSD
  cSD
  dSD
  aMVS_mc
  bMVS_mc
  cMVS_mc
  dMVS_mc
  aST_mc
  bST_mc
  cST_mc
  dST_mc
  aSD_mc
  bSD_mc
  cSD_mc
  dSD_mc
  bMEANING
  cMEANING
  dMEANING
  bMEAN_L
  cMEAN_L
  dMEAN_L
  bMEANNGc
  cMEANNGc
  dMEANNGc
  bMEANGlc
  cMEANGlc
  dMEANGlc
  bCLASSIC
  cCLASSIC
  dCLASSIC
  bCLASSCc
  cCLASSCc
  dCLASSCc
  bAGR_VAL
  cAGR_VAL
  dAGR_VAL
  bOPN_VAL
  cOPN_VAL
  dOPN_VAL
  bAGR_VLc
  cAGR_VLc
  dAGR_VLc
  bOPNVALc
  cOPNVALc
  dOPNVALc
  aMV_pomp
  bMV_pomp
  cMV_pomp
  dMV_pomp
  aST_pomp
  bST_pomp
  cST_pomp
  dST_pomp
  aSD_pomp
  bSD_pomp
  cSD_pomp
  dSD_pomp
  agoal_ec
  bgoal_ec
  cgoal_ec
  dgoal_ec
  aAspfinc
  bAspfinc
  cAspfinc
  dAspfinc
  abfi_hp8
  bbfi_hp8
  cbfi_hp8
  dbfi_hp8
  aP_S_BFI
  aP_D_BFI
  aECgoalc
  bECgoalC
  cECgoalC
  dECgoalC
  aaspfin
  baspfin
  caspfin
  daspfin;


  USEVARIABLES =
  aBFA_OI
  bBFA_OI
  cBFA_OI
  dBFA_OI
  aBFA_MT
  bBFA_MT
  cBFA_MT
  dBFA_MT
  bage_c
  cage_c
  dage_c
  ;

  missing = all (-9999);

  USEOBSERVATIONS are Sample == 1; ! National Sample

  tscores = bage_c cage_c dage_c;

  DEFINE:
  bage_c = aAGE + 1 - 36;
  cage_c = aAGE + 2 - 36;
  dage_c = aAGE + 3 - 36;

  ANALYSIS:
  TYPE=RANDOM;
  PROCESSORS = 8;

  MODEL:

  i_BFA_OI s_BFA_OI | bBFA_OI cBFA_OI dBFA_OI AT bage_c cage_c dage_c;
  i_BFA_MT s_BFA_MT | bBFA_MT cBFA_MT dBFA_MT AT bage_c cage_c dage_c;


  !After Bollen and Curran initial observation is not part of LGM

  dBFA_OI on cBFA_OI (a); ! Autoregressive paths constrained to equality
  cBFA_OI on bBFA_OI (a);
  bBFA_OI on aBFA_OI (a);

  dBFA_MT on cBFA_MT (b); ! Autoregressive paths constrained to equality
  cBFA_MT on bBFA_MT (b);
  bBFA_MT on aBFA_MT (b);

  bBFA_OI cBFA_OI dBFA_OI (c); !Equality constraint on residuals
  bBFA_MT cBFA_MT dBFA_MT (d); !Equality constraint on residuals

  dBFA_MT on cBFA_OI (x); ! Cross-lagged paths constrained to equality
  cBFA_MT on bBFA_OI (x);
  bBFA_MT on aBFA_OI (x);

  dBFA_OI on cBFA_MT (y); ! Cross-lagged paths constrained to equality
  cBFA_OI on bBFA_MT (y);
  bBFA_OI on aBFA_MT (y);

  dBFA_MT with dBFA_OI (w); ! within-wave correlations constrained to equality
  cBFA_MT with cBFA_OI (w);
  bBFA_MT with bBFA_OI (w);

  aBFA_OI aBFA_MT i_BFA_OI i_BFA_MT
  s_BFA_OI
  s_BFA_MT
  with
  s_BFA_OI
  s_BFA_MT
  aBFA_OI aBFA_MT i_BFA_OI i_BFA_MT;



  OUTPUT: SAMPSTAT PATTERNS;



*** WARNING
  Data set contains cases with missing on time scores but non-missing on the
  corresponding dependent variables.  These cases were not included in the analysis.
  Number of such cases:  5
   1 WARNING(S) FOUND IN THE INPUT INSTRUCTIONS



PxVx Univariate - Nat Lin BFA_OI with Lin BFA_MT;

SUMMARY OF ANALYSIS

Number of groups                                                 1
Number of observations                                         874

Number of dependent variables                                    6
Number of independent variables                                  2
Number of continuous latent variables                            4

Observed dependent variables

  Continuous
   BBFA_OI     CBFA_OI     DBFA_OI     BBFA_MT     CBFA_MT     DBFA_MT

Observed independent variables
   ABFA_OI     ABFA_MT

Continuous latent variables
   I_BFA_OI    S_BFA_OI    I_BFA_MT    S_BFA_MT

Variables with special functions

  Time scores
   BAGE_C      CAGE_C      DAGE_C


Estimator                                                      MLR
Information matrix                                        OBSERVED
Maximum number of iterations                                   100
Convergence criterion                                    0.100D-05
Maximum number of EM iterations                                500
Convergence criteria for the EM algorithm
  Loglikelihood change                                   0.100D-02
  Relative loglikelihood change                          0.100D-05
  Derivative                                             0.100D-03
Minimum variance                                         0.100D-03
Maximum number of steepest descent iterations                   20
Maximum number of iterations for H1                           2000
Convergence criterion for H1                             0.100D-03
Optimization algorithm                                         EMA

Input data file(s)
  E:\Projects\lnt_pxvx\Data\LT_227.txt
Input data format  FREE


SUMMARY OF DATA

     Number of missing data patterns            10


SUMMARY OF MISSING DATA PATTERNS


     MISSING DATA PATTERNS (x = not missing)

           1  2  3  4  5  6  7  8  9 10
 BBFA_OI   x     x  x        x     x  x
 CBFA_OI   x           x     x  x  x  x
 DBFA_OI   x     x     x  x        x  x
 BBFA_MT   x     x  x        x        x
 CBFA_MT   x           x     x  x  x  x
 DBFA_MT   x     x     x  x        x  x
 ABFA_OI   x  x  x  x  x  x  x  x  x
 ABFA_MT   x  x  x  x  x  x  x  x  x


     MISSING DATA PATTERN FREQUENCIES

    Pattern   Frequency     Pattern   Frequency     Pattern   Frequency
          1         498           5          22           9           1
          2         170           6          25          10           2
          3          27           7          48
          4          57           8          24


COVARIANCE COVERAGE OF DATA

Minimum covariance coverage value   0.100


     PROPORTION OF DATA PRESENT


           Covariance Coverage
              BBFA_OI       CBFA_OI       DBFA_OI       BBFA_MT       CBFA_MT
              ________      ________      ________      ________      ________
 BBFA_OI        0.724
 CBFA_OI        0.628         0.681
 DBFA_OI        0.604         0.598         0.658
 BBFA_MT        0.723         0.627         0.603         0.723
 CBFA_MT        0.628         0.681         0.598         0.627         0.681
 DBFA_MT        0.604         0.598         0.658         0.603         0.598
 ABFA_OI        0.722         0.678         0.656         0.721         0.678
 ABFA_MT        0.722         0.678         0.656         0.721         0.678


           Covariance Coverage
              DBFA_MT       ABFA_OI       ABFA_MT
              ________      ________      ________
 DBFA_MT        0.658
 ABFA_OI        0.656         0.998
 ABFA_MT        0.656         0.998         0.998


SAMPLE STATISTICS


     ESTIMATED SAMPLE STATISTICS


           Means
              BBFA_OI       CBFA_OI       DBFA_OI       BBFA_MT       CBFA_MT
              ________      ________      ________      ________      ________
 1             74.890        74.541        74.749        48.310        47.865


           Means
              DBFA_MT       ABFA_OI       ABFA_MT
              ________      ________      ________
 1             47.600        75.390        48.591


           Covariances
              BBFA_OI       CBFA_OI       DBFA_OI       BBFA_MT       CBFA_MT
              ________      ________      ________      ________      ________
 BBFA_OI      241.983
 CBFA_OI      207.758       266.219
 DBFA_OI      196.962       217.543       258.415
 BBFA_MT      -31.947       -30.979       -25.627       233.005
 CBFA_MT      -31.356       -37.039       -30.851       192.522       239.361
 DBFA_MT      -28.335       -37.083       -36.388       189.395       202.635
 ABFA_OI      200.650       205.056       200.054       -33.820       -38.051
 ABFA_MT      -33.140       -28.874       -29.520       185.821       183.233


           Covariances
              DBFA_MT       ABFA_OI       ABFA_MT
              ________      ________      ________
 DBFA_MT      252.160
 ABFA_OI      -30.573       254.797
 ABFA_MT      180.522       -41.651       237.273


           Correlations
              BBFA_OI       CBFA_OI       DBFA_OI       BBFA_MT       CBFA_MT
              ________      ________      ________      ________      ________
 BBFA_OI        1.000
 CBFA_OI        0.819         1.000
 DBFA_OI        0.788         0.829         1.000
 BBFA_MT       -0.135        -0.124        -0.104         1.000
 CBFA_MT       -0.130        -0.147        -0.124         0.815         1.000
 DBFA_MT       -0.115        -0.143        -0.143         0.781         0.825
 ABFA_OI        0.808         0.787         0.780        -0.139        -0.154
 ABFA_MT       -0.138        -0.115        -0.119         0.790         0.769


           Correlations
              DBFA_MT       ABFA_OI       ABFA_MT
              ________      ________      ________
 DBFA_MT        1.000
 ABFA_OI       -0.121         1.000
 ABFA_MT        0.738        -0.169         1.000


     MAXIMUM LOG-LIKELIHOOD VALUE FOR THE UNRESTRICTED (H1) MODEL IS -20195.427


THE MODEL ESTIMATION TERMINATED NORMALLY



MODEL FIT INFORMATION

Number of Free Parameters                       34

Loglikelihood

          H0 Value                      -20189.415
          H0 Scaling Correction Factor       1.258
            for MLR

Information Criteria

          Akaike (AIC)                   40446.831
          Bayesian (BIC)                 40609.116
          Sample-Size Adjusted BIC       40501.140
            (n* = (n + 2) / 24)



MODEL RESULTS

                                                    Two-Tailed
                    Estimate       S.E.  Est./S.E.    P-Value

 DBFA_OI    ON
    CBFA_OI            0.133      0.056      2.392      0.017
    CBFA_MT           -0.074      0.043     -1.727      0.084

 CBFA_OI    ON
    BBFA_OI            0.133      0.056      2.392      0.017
    BBFA_MT           -0.074      0.043     -1.727      0.084

 BBFA_OI    ON
    ABFA_OI            0.133      0.056      2.392      0.017
    ABFA_MT           -0.074      0.043     -1.727      0.084

 DBFA_MT    ON
    CBFA_MT            0.179      0.060      2.993      0.003
    CBFA_OI           -0.074      0.049     -1.523      0.128

 CBFA_MT    ON
    BBFA_MT            0.179      0.060      2.993      0.003
    BBFA_OI           -0.074      0.049     -1.523      0.128

 BBFA_MT    ON
    ABFA_MT            0.179      0.060      2.993      0.003
    ABFA_OI           -0.074      0.049     -1.523      0.128

 S_BFA_OI WITH
    I_BFA_OI           0.238      0.336      0.708      0.479

 I_BFA_MT WITH
    I_BFA_OI           4.593     14.641      0.314      0.754
    S_BFA_OI           0.312      1.621      0.192      0.847

 S_BFA_MT WITH
    I_BFA_OI          -0.269      1.642     -0.164      0.870
    S_BFA_OI          -0.004      0.025     -0.144      0.886
    I_BFA_MT          -0.423      0.335     -1.263      0.207

 ABFA_OI  WITH
    I_BFA_OI         168.081     15.569     10.796      0.000
    S_BFA_OI           0.750      0.433      1.733      0.083
    I_BFA_MT         -11.897     13.966     -0.852      0.394
    S_BFA_MT          -0.118      0.440     -0.268      0.788

 ABFA_MT  WITH
    I_BFA_OI         -11.294     11.360     -0.994      0.320
    S_BFA_OI           0.110      0.476      0.232      0.817
    I_BFA_MT         142.065     15.566      9.127      0.000
    S_BFA_MT           0.746      0.489      1.524      0.127

 DBFA_MT  WITH
    DBFA_OI           -6.910      2.595     -2.663      0.008

 CBFA_MT  WITH
    CBFA_OI           -6.910      2.595     -2.663      0.008

 BBFA_MT  WITH
    BBFA_OI           -6.910      2.595     -2.663      0.008

 ABFA_MT  WITH
    ABFA_OI          -41.650      8.416     -4.949      0.000

 Means
    ABFA_OI           75.379      0.540    139.478      0.000
    ABFA_MT           48.602      0.520     93.381      0.000
    I_BFA_OI          68.416      4.721     14.492      0.000
    S_BFA_OI          -0.025      0.027     -0.928      0.353
    I_BFA_MT          44.967      4.344     10.351      0.000
    S_BFA_MT          -0.025      0.029     -0.833      0.405

 Intercepts
    BBFA_OI            0.000      0.000    999.000    999.000
    CBFA_OI            0.000      0.000    999.000    999.000
    DBFA_OI            0.000      0.000    999.000    999.000
    BBFA_MT            0.000      0.000    999.000    999.000
    CBFA_MT            0.000      0.000    999.000    999.000
    DBFA_MT            0.000      0.000    999.000    999.000

 Variances
    ABFA_OI          254.789     12.243     20.812      0.000
    ABFA_MT          237.239     11.308     20.979      0.000
    I_BFA_OI         145.499     21.201      6.863      0.000
    S_BFA_OI           0.021      0.042      0.511      0.610
    I_BFA_MT         117.350     22.190      5.288      0.000
    S_BFA_MT           0.067      0.038      1.743      0.081

 Residual Variances
    BBFA_OI           52.249      3.840     13.608      0.000
    CBFA_OI           52.249      3.840     13.608      0.000
    DBFA_OI           52.249      3.840     13.608      0.000
    BBFA_MT           51.991      4.327     12.015      0.000
    CBFA_MT           51.991      4.327     12.015      0.000
    DBFA_MT           51.991      4.327     12.015      0.000


QUALITY OF NUMERICAL RESULTS

     Condition Number for the Information Matrix              0.238E-06
       (ratio of smallest to largest eigenvalue)


     Beginning Time:  19:39:35
        Ending Time:  19:39:54
       Elapsed Time:  00:00:19



MUTHEN & MUTHEN
3463 Stoner Ave.
Los Angeles, CA  90066

Tel: (310) 391-9971
Fax: (310) 391-8971
Web: www.StatModel.com
Support: Support@StatModel.com

Copyright (c) 1998-2011 Muthen & Muthen
