Mplus VERSION 6.12
MUTHEN & MUTHEN
03/09/2016   8:38 PM

INPUT INSTRUCTIONS


  title: PxVx Univariate - Nat MeanOnly D_SCALE with Lin VRT_IND;
  data: file = E:\Projects\lnt_pxvx\Data\LT_227.txt;


  variable:
  names =
  subjid
  Sample
  aGENDER
  aAGE
  aethnic1
  aethnic2
  aedu_mom
  aedu_dad
  aEDUCATN
  bEDUCATN
  cEDUCATN
  aEMPLOYD
  bEMPLOYD
  cEMPLOYD
  dEMPLOYD
  aINCOME
  bINCOME
  cINCOME
  dINCOME
  aS_SCALE
  bS_SCALE
  cS_SCALE
  dS_SCALE
  aD_SCALE
  bD_SCALE
  cD_SCALE
  dD_SCALE
  aS_COMP
  bS_COMP
  cS_COMP
  dS_COMP
  aD_COMP
  bD_COMP
  cD_COMP
  dD_COMP
  aBFI_A
  aBFI_A6
  aBFI_C
  aBFI_E
  aBFI_HP
  aBFI_N
  aBFI_O
  bBFI_A
  bBFI_A6
  bBFI_C
  bBFI_E
  bBFI_HP
  bBFI_N
  bBFI_O
  cBFI_A
  cBFI_A6
  cBFI_C
  cBFI_E
  cBFI_HP
  cBFI_N
  cBFI_O
  dBFI_A
  dBFI_A6
  dBFI_C
  dBFI_E
  dBFI_HP
  dBFI_N
  dBFI_O
  aBFA_AC
  aBFA_AP
  aBFA_CI
  aBFA_CO
  aBFA_EA
  aBFA_EE
  aBFA_N9
  aBFA_NV
  aBFA_NW
  aBFA_OI
  aBFA_OO
  aBFA_PS
  aBFA_MT
  bBFA_AC
  bBFA_AP
  bBFA_CI
  bBFA_CO
  bBFA_EA
  bBFA_EE
  bBFA_N9
  bBFA_NV
  bBFA_NW
  bBFA_OI
  bBFA_OO
  bBFA_MT
  bBFA_PS
  cBFA_AC
  cBFA_AP
  cBFA_CI
  cBFA_CO
  cBFA_EA
  cBFA_EE
  cBFA_N9
  cBFA_NV
  cBFA_NW
  cBFA_OI
  cBFA_OO
  cBFA_MT
  cBFA_PS
  dBFA_AC
  dBFA_AP
  dBFA_CI
  dBFA_CO
  dBFA_EA
  dBFA_EE
  dBFA_N9
  dBFA_NV
  dBFA_NW
  dBFA_OI
  dBFA_OO
  dBFA_MT
  dBFA_PS
  aUSI
  bUSI
  cUSI
  dUSI
  aHRZ_IND
  bHRZ_IND
  cHRZ_IND
  dHRZ_IND
  aVRT_IND
  bVRT_IND
  cVRT_IND
  dVRT_IND
  aHRZ_COL
  bHRZ_COL
  cHRZ_COL
  dHRZ_COL
  aVRT_COL
  bVRT_COL
  cVRT_COL
  dVRT_COL
  aCOLLCTV
  bCOLLCTV
  cCOLLCTV
  dCOLLCTV
  aMVS
  bMVS
  cMVS
  dMVS
  aST
  bST
  cST
  dST
  aSD
  bSD
  cSD
  dSD
  aMVS_mc
  bMVS_mc
  cMVS_mc
  dMVS_mc
  aST_mc
  bST_mc
  cST_mc
  dST_mc
  aSD_mc
  bSD_mc
  cSD_mc
  dSD_mc
  bMEANING
  cMEANING
  dMEANING
  bMEAN_L
  cMEAN_L
  dMEAN_L
  bMEANNGc
  cMEANNGc
  dMEANNGc
  bMEANGlc
  cMEANGlc
  dMEANGlc
  bCLASSIC
  cCLASSIC
  dCLASSIC
  bCLASSCc
  cCLASSCc
  dCLASSCc
  bAGR_VAL
  cAGR_VAL
  dAGR_VAL
  bOPN_VAL
  cOPN_VAL
  dOPN_VAL
  bAGR_VLc
  cAGR_VLc
  dAGR_VLc
  bOPNVALc
  cOPNVALc
  dOPNVALc
  aMV_pomp
  bMV_pomp
  cMV_pomp
  dMV_pomp
  aST_pomp
  bST_pomp
  cST_pomp
  dST_pomp
  aSD_pomp
  bSD_pomp
  cSD_pomp
  dSD_pomp
  agoal_ec
  bgoal_ec
  cgoal_ec
  dgoal_ec
  aAspfinc
  bAspfinc
  cAspfinc
  dAspfinc
  abfi_hp8
  bbfi_hp8
  cbfi_hp8
  dbfi_hp8
  aP_S_BFI
  aP_D_BFI
  aECgoalc
  bECgoalC
  cECgoalC
  dECgoalC
  aaspfin
  baspfin
  caspfin
  daspfin;


  USEVARIABLES =
  aD_SCALE
  bD_SCALE
  cD_SCALE
  dD_SCALE
  aVRT_IND
  bVRT_IND
  cVRT_IND
  dVRT_IND
  bage_c
  cage_c
  dage_c
  ;

  missing = all (-9999);

  USEOBSERVATIONS are Sample == 1; ! National Sample

  tscores = bage_c cage_c dage_c;

  DEFINE:
  bage_c = aAGE + 1 - 36;
  cage_c = aAGE + 2 - 36;
  dage_c = aAGE + 3 - 36;

  ANALYSIS:
  TYPE=RANDOM;
  PROCESSORS = 8;

  MODEL:

  i_D_SCALE s_D_SCALE | bD_SCALE cD_SCALE dD_SCALE AT bage_c cage_c dage_c;
  i_VRT_IND s_VRT_IND | bVRT_IND cVRT_IND dVRT_IND AT bage_c cage_c dage_c;


  !After Bollen and Curran initial observation is not part of LGM

  dD_SCALE on cD_SCALE (a); ! Autoregressive paths constrained to equality
  cD_SCALE on bD_SCALE (a);
  bD_SCALE on aD_SCALE (a);

  dVRT_IND on cVRT_IND (b); ! Autoregressive paths constrained to equality
  cVRT_IND on bVRT_IND (b);
  bVRT_IND on aVRT_IND (b);

  bD_SCALE cD_SCALE dD_SCALE (c); !Equality constraint on residuals
  bVRT_IND cVRT_IND dVRT_IND (d); !Equality constraint on residuals

  dVRT_IND on cD_SCALE (x); ! Cross-lagged paths constrained to equality
  cVRT_IND on bD_SCALE (x);
  bVRT_IND on aD_SCALE (x);

  dD_SCALE on cVRT_IND (y); ! Cross-lagged paths constrained to equality
  cD_SCALE on bVRT_IND (y);
  bD_SCALE on aVRT_IND (y);

  dVRT_IND with dD_SCALE (w); ! within-wave correlations constrained to equality
  cVRT_IND with cD_SCALE (w);
  bVRT_IND with bD_SCALE (w);

  aD_SCALE aVRT_IND i_D_SCALE i_VRT_IND
  s_VRT_IND
  with
  s_VRT_IND
  aD_SCALE aVRT_IND i_D_SCALE i_VRT_IND;

  s_D_SCALE@0;


  OUTPUT: SAMPSTAT PATTERNS;



*** WARNING
  Variable name contains more than 8 characters.
  Only the first 8 characters will be printed in the output.
  Variable: I_D_SCALE
*** WARNING
  Variable name contains more than 8 characters.
  Only the first 8 characters will be printed in the output.
  Variable: S_D_SCALE
*** WARNING
  Variable name contains more than 8 characters.
  Only the first 8 characters will be printed in the output.
  Variable: I_VRT_IND
*** WARNING
  Variable name contains more than 8 characters.
  Only the first 8 characters will be printed in the output.
  Variable: S_VRT_IND
*** WARNING in MODEL command
  All continuous latent variable covariances involving S_D_SCALE have been fixed to 0
  because the variance of S_D_SCALE is fixed at 0.
*** WARNING
  Data set contains cases with missing on time scores but non-missing on the
  corresponding dependent variables.  These cases were not included in the analysis.
  Number of such cases:  5
   6 WARNING(S) FOUND IN THE INPUT INSTRUCTIONS



PxVx Univariate - Nat MeanOnly D_SCALE with Lin VRT_IND;

SUMMARY OF ANALYSIS

Number of groups                                                 1
Number of observations                                         874

Number of dependent variables                                    6
Number of independent variables                                  2
Number of continuous latent variables                            4

Observed dependent variables

  Continuous
   BD_SCALE    CD_SCALE    DD_SCALE    BVRT_IND    CVRT_IND    DVRT_IND

Observed independent variables
   AD_SCALE    AVRT_IND

Continuous latent variables
   I_D_SCAL    S_D_SCAL    I_VRT_IN    S_VRT_IN

Variables with special functions

  Time scores
   BAGE_C      CAGE_C      DAGE_C


Estimator                                                      MLR
Information matrix                                        OBSERVED
Maximum number of iterations                                   100
Convergence criterion                                    0.100D-05
Maximum number of EM iterations                                500
Convergence criteria for the EM algorithm
  Loglikelihood change                                   0.100D-02
  Relative loglikelihood change                          0.100D-05
  Derivative                                             0.100D-03
Minimum variance                                         0.100D-03
Maximum number of steepest descent iterations                   20
Maximum number of iterations for H1                           2000
Convergence criterion for H1                             0.100D-03
Optimization algorithm                                         EMA

Input data file(s)
  E:\Projects\lnt_pxvx\Data\LT_227.txt
Input data format  FREE


SUMMARY OF DATA

     Number of missing data patterns            20


SUMMARY OF MISSING DATA PATTERNS


     MISSING DATA PATTERNS (x = not missing)

           1  2  3  4  5  6  7  8  9 10 11 12 13 14 15 16 17 18 19 20
 BD_SCALE  x     x  x     x     x     x  x  x  x        x     x
 CD_SCALE  x           x  x     x  x     x  x  x           x  x  x
 DD_SCALE  x     x     x  x  x           x     x  x     x        x  x
 BVRT_IND  x     x  x     x     x        x  x                 x
 CVRT_IND  x           x        x  x     x     x              x  x
 DVRT_IND  x     x     x  x  x                 x  x     x     x
 AD_SCALE  x  x  x  x  x  x  x  x  x  x  x  x  x     x  x  x  x  x  x
 AVRT_IND  x  x  x  x  x  x  x  x  x  x  x  x  x  x     x  x  x  x  x


     MISSING DATA PATTERN FREQUENCIES

    Pattern   Frequency     Pattern   Frequency     Pattern   Frequency
          1         497           8          45          15           1
          2         168           9          21          16           1
          3          26          10           4          17           1
          4          53          11           1          18           1
          5          21          12           1          19           2
          6           2          13           3          20           2
          7          23          14           1


COVARIANCE COVERAGE OF DATA

Minimum covariance coverage value   0.100


     PROPORTION OF DATA PRESENT


           Covariance Coverage
              BD_SCALE      CD_SCALE      DD_SCALE      BVRT_IND      CVRT_IND
              ________      ________      ________      ________      ________
 BD_SCALE       0.725
 CD_SCALE       0.629         0.681
 DD_SCALE       0.606         0.602         0.662
 BVRT_IND       0.716         0.626         0.602         0.716
 CVRT_IND       0.626         0.676         0.600         0.622         0.676
 DVRT_IND       0.606         0.600         0.657         0.602         0.597
 AD_SCALE       0.725         0.681         0.661         0.716         0.676
 AVRT_IND       0.725         0.681         0.662         0.716         0.676


           Covariance Coverage
              DVRT_IND      AD_SCALE      AVRT_IND
              ________      ________      ________
 DVRT_IND       0.658
 AD_SCALE       0.657         0.999
 AVRT_IND       0.658         0.998         0.999


SAMPLE STATISTICS


     ESTIMATED SAMPLE STATISTICS


           Means
              BD_SCALE      CD_SCALE      DD_SCALE      BVRT_IND      CVRT_IND
              ________      ________      ________      ________      ________
 1             63.375        62.542        62.707        47.249        46.647


           Means
              DVRT_IND      AD_SCALE      AVRT_IND
              ________      ________      ________
 1             46.528        63.823        47.284


           Covariances
              BD_SCALE      CD_SCALE      DD_SCALE      BVRT_IND      CVRT_IND
              ________      ________      ________      ________      ________
 BD_SCALE     292.608
 CD_SCALE     250.336       296.005
 DD_SCALE     247.804       259.306       312.350
 BVRT_IND      17.370        12.967        14.573       354.282
 CVRT_IND      41.184        35.716        30.835       260.849       391.075
 DVRT_IND      31.052        23.011        22.303       260.681       283.232
 AD_SCALE     244.376       240.890       242.401        15.797        35.850
 AVRT_IND      14.012        10.277         7.474       246.280       244.667


           Covariances
              DVRT_IND      AD_SCALE      AVRT_IND
              ________      ________      ________
 DVRT_IND     380.116
 AD_SCALE      27.722       294.627
 AVRT_IND     242.586        18.371       373.275


           Correlations
              BD_SCALE      CD_SCALE      DD_SCALE      BVRT_IND      CVRT_IND
              ________      ________      ________      ________      ________
 BD_SCALE       1.000
 CD_SCALE       0.851         1.000
 DD_SCALE       0.820         0.853         1.000
 BVRT_IND       0.054         0.040         0.044         1.000
 CVRT_IND       0.122         0.105         0.088         0.701         1.000
 DVRT_IND       0.093         0.069         0.065         0.710         0.735
 AD_SCALE       0.832         0.816         0.799         0.049         0.106
 AVRT_IND       0.042         0.031         0.022         0.677         0.640


           Correlations
              DVRT_IND      AD_SCALE      AVRT_IND
              ________      ________      ________
 DVRT_IND       1.000
 AD_SCALE       0.083         1.000
 AVRT_IND       0.644         0.055         1.000


     MAXIMUM LOG-LIKELIHOOD VALUE FOR THE UNRESTRICTED (H1) MODEL IS -21206.729


THE MODEL ESTIMATION TERMINATED NORMALLY



MODEL FIT INFORMATION

Number of Free Parameters                       28

Loglikelihood

          H0 Value                      -21197.175
          H0 Scaling Correction Factor       1.138
            for MLR

Information Criteria

          Akaike (AIC)                   42450.350
          Bayesian (BIC)                 42583.996
          Sample-Size Adjusted BIC       42495.075
            (n* = (n + 2) / 24)



MODEL RESULTS

                                                    Two-Tailed
                    Estimate       S.E.  Est./S.E.    P-Value

 DD_SCALE   ON
    CD_SCALE           0.180      0.040      4.446      0.000
    CVRT_IND          -0.021      0.021     -1.036      0.300

 CD_SCALE   ON
    BD_SCALE           0.180      0.040      4.446      0.000
    BVRT_IND          -0.021      0.021     -1.036      0.300

 BD_SCALE   ON
    AD_SCALE           0.180      0.040      4.446      0.000
    AVRT_IND          -0.021      0.021     -1.036      0.300

 DVRT_IND   ON
    CVRT_IND           0.091      0.037      2.458      0.014
    CD_SCALE          -0.018      0.041     -0.430      0.667

 CVRT_IND   ON
    BVRT_IND           0.091      0.037      2.458      0.014
    BD_SCALE          -0.018      0.041     -0.430      0.667

 BVRT_IND   ON
    AVRT_IND           0.091      0.037      2.458      0.014
    AD_SCALE          -0.018      0.041     -0.430      0.667

 I_VRT_IN WITH
    I_D_SCALE         34.030     15.137      2.248      0.025

 S_VRT_IN WITH
    I_D_SCALE         -0.469      0.562     -0.835      0.404
    I_VRT_IND         -1.440      0.599     -2.405      0.016

 AD_SCALE WITH
    I_D_SCALE        195.033     14.759     13.215      0.000
    I_VRT_IND         32.965     15.376      2.144      0.032
    S_VRT_IND         -0.871      0.775     -1.124      0.261

 AVRT_IND WITH
    I_D_SCALE         16.227     11.819      1.373      0.170
    I_VRT_IND        212.870     16.285     13.072      0.000
    S_VRT_IND          0.117      0.830      0.141      0.888

 DVRT_IND WITH
    DD_SCALE          -1.349      3.242     -0.416      0.677

 CVRT_IND WITH
    CD_SCALE          -1.349      3.242     -0.416      0.677

 BVRT_IND WITH
    BD_SCALE          -1.349      3.242     -0.416      0.677

 AVRT_IND WITH
    AD_SCALE          18.324     11.456      1.600      0.110

 Means
    AD_SCALE          63.820      0.581    109.890      0.000
    AVRT_IND          47.284      0.653     72.388      0.000
    I_D_SCALE         52.423      2.948     17.784      0.000
    S_D_SCALE          0.055      0.030      1.828      0.068
    I_VRT_IND         43.969      3.440     12.782      0.000
    S_VRT_IND         -0.163      0.045     -3.660      0.000

 Intercepts
    BD_SCALE           0.000      0.000    999.000    999.000
    CD_SCALE           0.000      0.000    999.000    999.000
    DD_SCALE           0.000      0.000    999.000    999.000
    BVRT_IND           0.000      0.000    999.000    999.000
    CVRT_IND           0.000      0.000    999.000    999.000
    DVRT_IND           0.000      0.000    999.000    999.000

 Variances
    AD_SCALE         294.677     13.134     22.435      0.000
    AVRT_IND         373.276     16.390     22.775      0.000
    I_D_SCALE        164.927     19.671      8.384      0.000
    S_D_SCALE          0.000      0.000    999.000    999.000
    I_VRT_IND        205.172     23.613      8.689      0.000
    S_VRT_IND          0.069      0.072      0.949      0.343

 Residual Variances
    BD_SCALE          53.307      2.997     17.788      0.000
    CD_SCALE          53.307      2.997     17.788      0.000
    DD_SCALE          53.307      2.997     17.788      0.000
    BVRT_IND         113.572      6.805     16.688      0.000
    CVRT_IND         113.572      6.805     16.688      0.000
    DVRT_IND         113.572      6.805     16.688      0.000


QUALITY OF NUMERICAL RESULTS

     Condition Number for the Information Matrix              0.134E-05
       (ratio of smallest to largest eigenvalue)


     Beginning Time:  20:38:25
        Ending Time:  20:38:27
       Elapsed Time:  00:00:02



MUTHEN & MUTHEN
3463 Stoner Ave.
Los Angeles, CA  90066

Tel: (310) 391-9971
Fax: (310) 391-8971
Web: www.StatModel.com
Support: Support@StatModel.com

Copyright (c) 1998-2011 Muthen & Muthen
