Mplus VERSION 6.12
MUTHEN & MUTHEN
03/09/2016   6:28 PM

INPUT INSTRUCTIONS


  title: PxVx Univariate - Col Lin BFA_NW with Lin HRZ_COL;
  data: file = E:\Projects\lnt_pxvx\Data\LT_227.txt;



  variable:
  names =
  subjid
  Sample
  aGENDER
  aAGE
  aethnic1
  aethnic2
  aedu_mom
  aedu_dad
  aEDUCATN
  bEDUCATN
  cEDUCATN
  aEMPLOYD
  bEMPLOYD
  cEMPLOYD
  dEMPLOYD
  aINCOME
  bINCOME
  cINCOME
  dINCOME
  aS_SCALE
  bS_SCALE
  cS_SCALE
  dS_SCALE
  aD_SCALE
  bD_SCALE
  cD_SCALE
  dD_SCALE
  aS_COMP
  bS_COMP
  cS_COMP
  dS_COMP
  aD_COMP
  bD_COMP
  cD_COMP
  dD_COMP
  aBFI_A
  aBFI_A6
  aBFI_C
  aBFI_E
  aBFI_HP
  aBFI_N
  aBFI_O
  bBFI_A
  bBFI_A6
  bBFI_C
  bBFI_E
  bBFI_HP
  bBFI_N
  bBFI_O
  cBFI_A
  cBFI_A6
  cBFI_C
  cBFI_E
  cBFI_HP
  cBFI_N
  cBFI_O
  dBFI_A
  dBFI_A6
  dBFI_C
  dBFI_E
  dBFI_HP
  dBFI_N
  dBFI_O
  aBFA_AC
  aBFA_AP
  aBFA_CI
  aBFA_CO
  aBFA_EA
  aBFA_EE
  aBFA_N9
  aBFA_NV
  aBFA_NW
  aBFA_OI
  aBFA_OO
  aBFA_PS
  aBFA_MT
  bBFA_AC
  bBFA_AP
  bBFA_CI
  bBFA_CO
  bBFA_EA
  bBFA_EE
  bBFA_N9
  bBFA_NV
  bBFA_NW
  bBFA_OI
  bBFA_OO
  bBFA_MT
  bBFA_PS
  cBFA_AC
  cBFA_AP
  cBFA_CI
  cBFA_CO
  cBFA_EA
  cBFA_EE
  cBFA_N9
  cBFA_NV
  cBFA_NW
  cBFA_OI
  cBFA_OO
  cBFA_MT
  cBFA_PS
  dBFA_AC
  dBFA_AP
  dBFA_CI
  dBFA_CO
  dBFA_EA
  dBFA_EE
  dBFA_N9
  dBFA_NV
  dBFA_NW
  dBFA_OI
  dBFA_OO
  dBFA_MT
  dBFA_PS
  aUSI
  bUSI
  cUSI
  dUSI
  aHRZ_IND
  bHRZ_IND
  cHRZ_IND
  dHRZ_IND
  aVRT_IND
  bVRT_IND
  cVRT_IND
  dVRT_IND
  aHRZ_COL
  bHRZ_COL
  cHRZ_COL
  dHRZ_COL
  aVRT_COL
  bVRT_COL
  cVRT_COL
  dVRT_COL
  aCOLLCTV
  bCOLLCTV
  cCOLLCTV
  dCOLLCTV
  aMVS
  bMVS
  cMVS
  dMVS
  aST
  bST
  cST
  dST
  aSD
  bSD
  cSD
  dSD
  aMVS_mc
  bMVS_mc
  cMVS_mc
  dMVS_mc
  aST_mc
  bST_mc
  cST_mc
  dST_mc
  aSD_mc
  bSD_mc
  cSD_mc
  dSD_mc
  bMEANING
  cMEANING
  dMEANING
  bMEAN_L
  cMEAN_L
  dMEAN_L
  bMEANNGc
  cMEANNGc
  dMEANNGc
  bMEANGlc
  cMEANGlc
  dMEANGlc
  bCLASSIC
  cCLASSIC
  dCLASSIC
  bCLASSCc
  cCLASSCc
  dCLASSCc
  bAGR_VAL
  cAGR_VAL
  dAGR_VAL
  bOPN_VAL
  cOPN_VAL
  dOPN_VAL
  bAGR_VLc
  cAGR_VLc
  dAGR_VLc
  bOPNVALc
  cOPNVALc
  dOPNVALc
  aMV_pomp
  bMV_pomp
  cMV_pomp
  dMV_pomp
  aST_pomp
  bST_pomp
  cST_pomp
  dST_pomp
  aSD_pomp
  bSD_pomp
  cSD_pomp
  dSD_pomp
  agoal_ec
  bgoal_ec
  cgoal_ec
  dgoal_ec
  aAspfinc
  bAspfinc
  cAspfinc
  dAspfinc
  abfi_hp8
  bbfi_hp8
  cbfi_hp8
  dbfi_hp8
  aP_S_BFI
  aP_D_BFI
  aECgoalc
  bECgoalC
  cECgoalC
  dECgoalC
  aaspfin
  baspfin
  caspfin
  daspfin;

  USEVARIABLES =
  aBFA_NW
  bBFA_NW
  cBFA_NW
  dBFA_NW
  aHRZ_COL
  bHRZ_COL
  cHRZ_COL
  dHRZ_COL
  bage_c
  cage_c
  dage_c
  ;

  missing = all (-9999);

  USEOBSERVATIONS are Sample == 2; ! College Sample

  tscores = bage_c cage_c dage_c;

  DEFINE:
  bage_c = aAGE + 1 - 20.5;
  cage_c = aAGE + 2 - 20.5;
  dage_c = aAGE + 3 - 20.5;

  ANALYSIS:
  TYPE=RANDOM;
  PROCESSORS = 8;

  MODEL:

  i_BFA_NW s_BFA_NW | bBFA_NW cBFA_NW dBFA_NW AT bage_c cage_c dage_c;
  i_HRZ_COL s_HRZ_COL | bHRZ_COL cHRZ_COL dHRZ_COL AT bage_c cage_c dage_c;


  !After Bollen and Curran initial observation is not part of LGM

  dBFA_NW on cBFA_NW (a); ! Autoregressive paths constrained to equality
  cBFA_NW on bBFA_NW (a);
  bBFA_NW on aBFA_NW (a);

  dHRZ_COL on cHRZ_COL (b); ! Autoregressive paths constrained to equality
  cHRZ_COL on bHRZ_COL (b);
  bHRZ_COL on aHRZ_COL (b);

  bBFA_NW cBFA_NW dBFA_NW (c); !Equality constraint on residuals
  bHRZ_COL cHRZ_COL dHRZ_COL (d); !Equality constraint on residuals

  dHRZ_COL on cBFA_NW (x); ! Cross-lagged paths constrained to equality
  cHRZ_COL on bBFA_NW (x);
  bHRZ_COL on aBFA_NW (x);

  dBFA_NW on cHRZ_COL (y); ! Cross-lagged paths constrained to equality
  cBFA_NW on bHRZ_COL (y);
  bBFA_NW on aHRZ_COL (y);

  dHRZ_COL with dBFA_NW (w); ! within-wave correlations constrained to equality
  cHRZ_COL with cBFA_NW (w);
  bHRZ_COL with bBFA_NW (w);

  aBFA_NW aHRZ_COL i_BFA_NW i_HRZ_COL
  s_BFA_NW
  s_HRZ_COL
  with
  s_BFA_NW
  s_HRZ_COL
  aBFA_NW aHRZ_COL i_BFA_NW i_HRZ_COL;



  OUTPUT: SAMPSTAT PATTERNS;



*** WARNING
  Variable name contains more than 8 characters.
  Only the first 8 characters will be printed in the output.
  Variable: I_HRZ_COL
*** WARNING
  Variable name contains more than 8 characters.
  Only the first 8 characters will be printed in the output.
  Variable: S_HRZ_COL
*** WARNING
  Data set contains cases with missing on all variables.
  These cases were not included in the analysis.
  Number of cases with missing on all variables:  1
   3 WARNING(S) FOUND IN THE INPUT INSTRUCTIONS



PxVx Univariate - Col Lin BFA_NW with Lin HRZ_COL;

SUMMARY OF ANALYSIS

Number of groups                                                 1
Number of observations                                         279

Number of dependent variables                                    6
Number of independent variables                                  2
Number of continuous latent variables                            4

Observed dependent variables

  Continuous
   BBFA_NW     CBFA_NW     DBFA_NW     BHRZ_COL    CHRZ_COL    DHRZ_COL

Observed independent variables
   ABFA_NW     AHRZ_COL

Continuous latent variables
   I_BFA_NW    S_BFA_NW    I_HRZ_CO    S_HRZ_CO

Variables with special functions

  Time scores
   BAGE_C      CAGE_C      DAGE_C


Estimator                                                      MLR
Information matrix                                        OBSERVED
Maximum number of iterations                                   100
Convergence criterion                                    0.100D-05
Maximum number of EM iterations                                500
Convergence criteria for the EM algorithm
  Loglikelihood change                                   0.100D-02
  Relative loglikelihood change                          0.100D-05
  Derivative                                             0.100D-03
Minimum variance                                         0.100D-03
Maximum number of steepest descent iterations                   20
Maximum number of iterations for H1                           2000
Convergence criterion for H1                             0.100D-03
Optimization algorithm                                         EMA

Input data file(s)
  E:\Projects\lnt_pxvx\Data\LT_227.txt
Input data format  FREE


SUMMARY OF DATA

     Number of missing data patterns            13


SUMMARY OF MISSING DATA PATTERNS


     MISSING DATA PATTERNS (x = not missing)

           1  2  3  4  5  6  7  8  9 10 11 12 13
 BBFA_NW   x  x     x        x  x              x
 CBFA_NW   x  x  x                 x  x
 DBFA_NW   x              x  x  x  x  x
 BHRZ_COL  x  x     x           x
 CHRZ_COL  x  x  x                 x  x
 DHRZ_COL  x              x     x     x
 ABFA_NW   x  x  x  x  x  x  x  x  x  x  x     x
 AHRZ_COL  x  x  x  x  x  x  x  x  x  x     x  x


     MISSING DATA PATTERN FREQUENCIES

    Pattern   Frequency     Pattern   Frequency     Pattern   Frequency
          1         140           6          11          11           2
          2          12           7           1          12           1
          3           5           8          16          13           2
          4          27           9           1
          5          51          10          10


COVARIANCE COVERAGE OF DATA

Minimum covariance coverage value   0.100


     PROPORTION OF DATA PRESENT


           Covariance Coverage
              BBFA_NW       CBFA_NW       DBFA_NW       BHRZ_COL      CHRZ_COL
              ________      ________      ________      ________      ________
 BBFA_NW        0.710
 CBFA_NW        0.545         0.602
 DBFA_NW        0.563         0.541         0.642
 BHRZ_COL       0.699         0.545         0.559         0.699
 CHRZ_COL       0.545         0.602         0.541         0.545         0.602
 DHRZ_COL       0.559         0.538         0.634         0.559         0.538
 ABFA_NW        0.710         0.602         0.642         0.699         0.602
 AHRZ_COL       0.710         0.602         0.642         0.699         0.602


           Covariance Coverage
              DHRZ_COL      ABFA_NW       AHRZ_COL
              ________      ________      ________
 DHRZ_COL       0.634
 ABFA_NW        0.634         0.996
 AHRZ_COL       0.634         0.989         0.993


SAMPLE STATISTICS


     ESTIMATED SAMPLE STATISTICS


           Means
              BBFA_NW       CBFA_NW       DBFA_NW       BHRZ_COL      CHRZ_COL
              ________      ________      ________      ________      ________
 1             47.844        47.632        47.495        74.000        73.920


           Means
              DHRZ_COL      ABFA_NW       AHRZ_COL
              ________      ________      ________
 1             74.757        48.534        71.603


           Covariances
              BBFA_NW       CBFA_NW       DBFA_NW       BHRZ_COL      CHRZ_COL
              ________      ________      ________      ________      ________
 BBFA_NW      351.893
 CBFA_NW      259.028       366.521
 DBFA_NW      258.317       270.961       323.599
 BHRZ_COL     -18.307        -5.948       -16.639       205.791
 CHRZ_COL     -22.498       -23.298       -19.496       129.370       179.169
 DHRZ_COL     -29.350       -12.018       -38.281       122.523       113.745
 ABFA_NW      241.217       222.809       220.322        -8.412       -15.938
 AHRZ_COL     -29.623       -11.033       -20.580       106.857       108.790


           Covariances
              DHRZ_COL      ABFA_NW       AHRZ_COL
              ________      ________      ________
 DHRZ_COL     207.904
 ABFA_NW      -24.726       334.313
 AHRZ_COL     118.724       -36.336       193.559


           Correlations
              BBFA_NW       CBFA_NW       DBFA_NW       BHRZ_COL      CHRZ_COL
              ________      ________      ________      ________      ________
 BBFA_NW        1.000
 CBFA_NW        0.721         1.000
 DBFA_NW        0.765         0.787         1.000
 BHRZ_COL      -0.068        -0.022        -0.064         1.000
 CHRZ_COL      -0.090        -0.091        -0.081         0.674         1.000
 DHRZ_COL      -0.109        -0.044        -0.148         0.592         0.589
 ABFA_NW        0.703         0.637         0.670        -0.032        -0.065
 AHRZ_COL      -0.114        -0.041        -0.082         0.535         0.584


           Correlations
              DHRZ_COL      ABFA_NW       AHRZ_COL
              ________      ________      ________
 DHRZ_COL       1.000
 ABFA_NW       -0.094         1.000
 AHRZ_COL       0.592        -0.143         1.000


     MAXIMUM LOG-LIKELIHOOD VALUE FOR THE UNRESTRICTED (H1) MODEL IS -6490.628


THE MODEL ESTIMATION TERMINATED NORMALLY



MODEL FIT INFORMATION

Number of Free Parameters                       34

Loglikelihood

          H0 Value                       -6496.577
          H0 Scaling Correction Factor       1.009
            for MLR

Information Criteria

          Akaike (AIC)                   13061.154
          Bayesian (BIC)                 13184.615
          Sample-Size Adjusted BIC       13076.804
            (n* = (n + 2) / 24)



MODEL RESULTS

                                                    Two-Tailed
                    Estimate       S.E.  Est./S.E.    P-Value

 DBFA_NW    ON
    CBFA_NW            0.099      0.115      0.858      0.391
    CHRZ_COL          -0.018      0.103     -0.179      0.858

 CBFA_NW    ON
    BBFA_NW            0.099      0.115      0.858      0.391
    BHRZ_COL          -0.018      0.103     -0.179      0.858

 BBFA_NW    ON
    ABFA_NW            0.099      0.115      0.858      0.391
    AHRZ_COL          -0.018      0.103     -0.179      0.858

 DHRZ_COL   ON
    CHRZ_COL          -0.003      0.098     -0.026      0.979
    CBFA_NW            0.027      0.065      0.420      0.674

 CHRZ_COL   ON
    BHRZ_COL          -0.003      0.098     -0.026      0.979
    BBFA_NW            0.027      0.065      0.420      0.674

 BHRZ_COL   ON
    AHRZ_COL          -0.003      0.098     -0.026      0.979
    ABFA_NW            0.027      0.065      0.420      0.674

 S_BFA_NW WITH
    I_BFA_NW          -8.524      8.501     -1.003      0.316

 I_HRZ_CO WITH
    I_BFA_NW           6.148     37.161      0.165      0.869
    S_BFA_NW          -4.757      7.280     -0.653      0.514

 S_HRZ_CO WITH
    I_BFA_NW         -12.895      7.515     -1.716      0.086
    S_BFA_NW           2.180      1.859      1.173      0.241
    I_HRZ_COL        -10.185      7.109     -1.433      0.152

 ABFA_NW  WITH
    I_BFA_NW         198.243     52.400      3.783      0.000
    S_BFA_NW           2.417     11.459      0.211      0.833
    I_HRZ_COL        -10.676     31.636     -0.337      0.736
    S_HRZ_COL         -5.891      8.602     -0.685      0.493

 AHRZ_COL WITH
    I_BFA_NW         -23.519     32.799     -0.717      0.473
    S_BFA_NW           3.593      7.997      0.449      0.653
    I_HRZ_COL         99.999     31.746      3.150      0.002
    S_HRZ_COL          6.418      7.975      0.805      0.421

 DHRZ_COL WITH
    DBFA_NW          -10.851      5.699     -1.904      0.057

 CHRZ_COL WITH
    CBFA_NW          -10.851      5.699     -1.904      0.057

 BHRZ_COL WITH
    BBFA_NW          -10.851      5.699     -1.904      0.057

 AHRZ_COL WITH
    ABFA_NW          -36.331     16.278     -2.232      0.026

 Means
    ABFA_NW           48.508      1.097     44.238      0.000
    AHRZ_COL          71.593      0.835     85.712      0.000
    I_BFA_NW          44.462      9.583      4.640      0.000
    S_BFA_NW          -0.134      0.464     -0.289      0.773
    I_HRZ_COL         72.567      7.835      9.262      0.000
    S_HRZ_COL          0.218      0.441      0.496      0.620

 Intercepts
    BBFA_NW            0.000      0.000    999.000    999.000
    CBFA_NW            0.000      0.000    999.000    999.000
    DBFA_NW            0.000      0.000    999.000    999.000
    BHRZ_COL           0.000      0.000    999.000    999.000
    CHRZ_COL           0.000      0.000    999.000    999.000
    DHRZ_COL           0.000      0.000    999.000    999.000

 Variances
    ABFA_NW          334.312     27.059     12.355      0.000
    AHRZ_COL         193.559     15.955     12.131      0.000
    I_BFA_NW         231.954     69.790      3.324      0.001
    S_BFA_NW           2.600      2.120      1.227      0.220
    I_HRZ_COL        149.512     39.532      3.782      0.000
    S_HRZ_COL          4.045      2.633      1.536      0.124

 Residual Variances
    BBFA_NW           88.357     10.873      8.126      0.000
    CBFA_NW           88.357     10.873      8.126      0.000
    DBFA_NW           88.357     10.873      8.126      0.000
    BHRZ_COL          71.620     11.160      6.418      0.000
    CHRZ_COL          71.620     11.160      6.418      0.000
    DHRZ_COL          71.620     11.160      6.418      0.000


QUALITY OF NUMERICAL RESULTS

     Condition Number for the Information Matrix              0.126E-06
       (ratio of smallest to largest eigenvalue)


     Beginning Time:  18:28:14
        Ending Time:  18:28:19
       Elapsed Time:  00:00:05



MUTHEN & MUTHEN
3463 Stoner Ave.
Los Angeles, CA  90066

Tel: (310) 391-9971
Fax: (310) 391-8971
Web: www.StatModel.com
Support: Support@StatModel.com

Copyright (c) 1998-2011 Muthen & Muthen
