Mplus VERSION 6.12
MUTHEN & MUTHEN
03/21/2016  11:48 AM

INPUT INSTRUCTIONS


  title: PxVx Univariate - Col Lin BFI_E with Lin HRZ_COL;
  data: file = E:\Projects\lnt_pxvx\Data\LT_227.txt;



  variable:
  names =
  subjid
  Sample
  aGENDER
  aAGE
  aethnic1
  aethnic2
  aedu_mom
  aedu_dad
  aEDUCATN
  bEDUCATN
  cEDUCATN
  aEMPLOYD
  bEMPLOYD
  cEMPLOYD
  dEMPLOYD
  aINCOME
  bINCOME
  cINCOME
  dINCOME
  aS_SCALE
  bS_SCALE
  cS_SCALE
  dS_SCALE
  aD_SCALE
  bD_SCALE
  cD_SCALE
  dD_SCALE
  aS_COMP
  bS_COMP
  cS_COMP
  dS_COMP
  aD_COMP
  bD_COMP
  cD_COMP
  dD_COMP
  aBFI_A
  aBFI_A6
  aBFI_C
  aBFI_E
  aBFI_HP
  aBFI_N
  aBFI_O
  bBFI_A
  bBFI_A6
  bBFI_C
  bBFI_E
  bBFI_HP
  bBFI_N
  bBFI_O
  cBFI_A
  cBFI_A6
  cBFI_C
  cBFI_E
  cBFI_HP
  cBFI_N
  cBFI_O
  dBFI_A
  dBFI_A6
  dBFI_C
  dBFI_E
  dBFI_HP
  dBFI_N
  dBFI_O
  aBFA_AC
  aBFA_AP
  aBFA_CI
  aBFA_CO
  aBFA_EA
  aBFA_EE
  aBFA_N9
  aBFA_NV
  aBFA_NW
  aBFA_OI
  aBFA_OO
  aBFA_PS
  aBFA_MT
  bBFA_AC
  bBFA_AP
  bBFA_CI
  bBFA_CO
  bBFA_EA
  bBFA_EE
  bBFA_N9
  bBFA_NV
  bBFA_NW
  bBFA_OI
  bBFA_OO
  bBFA_MT
  bBFA_PS
  cBFA_AC
  cBFA_AP
  cBFA_CI
  cBFA_CO
  cBFA_EA
  cBFA_EE
  cBFA_N9
  cBFA_NV
  cBFA_NW
  cBFA_OI
  cBFA_OO
  cBFA_MT
  cBFA_PS
  dBFA_AC
  dBFA_AP
  dBFA_CI
  dBFA_CO
  dBFA_EA
  dBFA_EE
  dBFA_N9
  dBFA_NV
  dBFA_NW
  dBFA_OI
  dBFA_OO
  dBFA_MT
  dBFA_PS
  aUSI
  bUSI
  cUSI
  dUSI
  aHRZ_IND
  bHRZ_IND
  cHRZ_IND
  dHRZ_IND
  aVRT_IND
  bVRT_IND
  cVRT_IND
  dVRT_IND
  aHRZ_COL
  bHRZ_COL
  cHRZ_COL
  dHRZ_COL
  aVRT_COL
  bVRT_COL
  cVRT_COL
  dVRT_COL
  aCOLLCTV
  bCOLLCTV
  cCOLLCTV
  dCOLLCTV
  aMVS
  bMVS
  cMVS
  dMVS
  aST
  bST
  cST
  dST
  aSD
  bSD
  cSD
  dSD
  aMVS_mc
  bMVS_mc
  cMVS_mc
  dMVS_mc
  aST_mc
  bST_mc
  cST_mc
  dST_mc
  aSD_mc
  bSD_mc
  cSD_mc
  dSD_mc
  bMEANING
  cMEANING
  dMEANING
  bMEAN_L
  cMEAN_L
  dMEAN_L
  bMEANNGc
  cMEANNGc
  dMEANNGc
  bMEANGlc
  cMEANGlc
  dMEANGlc
  bCLASSIC
  cCLASSIC
  dCLASSIC
  bCLASSCc
  cCLASSCc
  dCLASSCc
  bAGR_VAL
  cAGR_VAL
  dAGR_VAL
  bOPN_VAL
  cOPN_VAL
  dOPN_VAL
  bAGR_VLc
  cAGR_VLc
  dAGR_VLc
  bOPNVALc
  cOPNVALc
  dOPNVALc
  aMV_pomp
  bMV_pomp
  cMV_pomp
  dMV_pomp
  aST_pomp
  bST_pomp
  cST_pomp
  dST_pomp
  aSD_pomp
  bSD_pomp
  cSD_pomp
  dSD_pomp
  agoal_ec
  bgoal_ec
  cgoal_ec
  dgoal_ec
  aAspfinc
  bAspfinc
  cAspfinc
  dAspfinc
  abfi_hp8
  bbfi_hp8
  cbfi_hp8
  dbfi_hp8
  aP_S_BFI
  aP_D_BFI
  aECgoalc
  bECgoalC
  cECgoalC
  dECgoalC
  aaspfin
  baspfin
  caspfin
  daspfin
  aMVI_POMP
  bMVI_POMP
  cMVI_POMP
  dMVI_POMP;

  USEVARIABLES =
  aBFI_E
  bBFI_E
  cBFI_E
  dBFI_E
  aHRZ_COL
  bHRZ_COL
  cHRZ_COL
  dHRZ_COL
  bage_c
  cage_c
  dage_c
  ;

  missing = all (-9999);

  USEOBSERVATIONS are Sample == 2; ! College Sample

  tscores = bage_c cage_c dage_c;

  DEFINE:
  bage_c = aAGE + 1 - 20.5;
  cage_c = aAGE + 2 - 20.5;
  dage_c = aAGE + 3 - 20.5;

  ANALYSIS:
  TYPE=RANDOM;
  PROCESSORS = 8;

  MODEL:

  i_BFI_E s_BFI_E | bBFI_E cBFI_E dBFI_E AT bage_c cage_c dage_c;
  i_HRZ_COL s_HRZ_COL | bHRZ_COL cHRZ_COL dHRZ_COL AT bage_c cage_c dage_c;


  !After Bollen and Curran initial observation is not part of LGM

  dBFI_E on cBFI_E (a); ! Autoregressive paths constrained to equality
  cBFI_E on bBFI_E (a);
  bBFI_E on aBFI_E (a);

  dHRZ_COL on cHRZ_COL (b); ! Autoregressive paths constrained to equality
  cHRZ_COL on bHRZ_COL (b);
  bHRZ_COL on aHRZ_COL (b);

  bBFI_E cBFI_E dBFI_E (c); !Equality constraint on residuals
  bHRZ_COL cHRZ_COL dHRZ_COL (d); !Equality constraint on residuals

  dHRZ_COL on cBFI_E (x); ! Cross-lagged paths constrained to equality
  cHRZ_COL on bBFI_E (x);
  bHRZ_COL on aBFI_E (x);

  dBFI_E on cHRZ_COL (y); ! Cross-lagged paths constrained to equality
  cBFI_E on bHRZ_COL (y);
  bBFI_E on aHRZ_COL (y);

  dHRZ_COL with dBFI_E (w); ! within-wave correlations constrained to equality
  cHRZ_COL with cBFI_E (w);
  bHRZ_COL with bBFI_E (w);

  aBFI_E aHRZ_COL i_BFI_E i_HRZ_COL
  s_BFI_E
  s_HRZ_COL
  with
  s_BFI_E
  s_HRZ_COL
  aBFI_E aHRZ_COL i_BFI_E i_HRZ_COL;



  OUTPUT: SAMPSTAT PATTERNS;



*** WARNING
  Variable name contains more than 8 characters.
  Only the first 8 characters will be printed in the output.
  Variable: AMVI_POMP
*** WARNING
  Variable name contains more than 8 characters.
  Only the first 8 characters will be printed in the output.
  Variable: BMVI_POMP
*** WARNING
  Variable name contains more than 8 characters.
  Only the first 8 characters will be printed in the output.
  Variable: CMVI_POMP
*** WARNING
  Variable name contains more than 8 characters.
  Only the first 8 characters will be printed in the output.
  Variable: DMVI_POMP
*** WARNING
  Variable name contains more than 8 characters.
  Only the first 8 characters will be printed in the output.
  Variable: I_HRZ_COL
*** WARNING
  Variable name contains more than 8 characters.
  Only the first 8 characters will be printed in the output.
  Variable: S_HRZ_COL
*** WARNING
  Data set contains cases with missing on all variables.
  These cases were not included in the analysis.
  Number of cases with missing on all variables:  1
*** WARNING
  Data set contains cases with missing on time scores but non-missing on the
  corresponding dependent variables.  These cases were not included in the analysis.
  Number of such cases:  2
   8 WARNING(S) FOUND IN THE INPUT INSTRUCTIONS



PxVx Univariate - Col Lin BFI_E with Lin HRZ_COL;

SUMMARY OF ANALYSIS

Number of groups                                                 1
Number of observations                                         277

Number of dependent variables                                    6
Number of independent variables                                  2
Number of continuous latent variables                            4

Observed dependent variables

  Continuous
   BBFI_E      CBFI_E      DBFI_E      BHRZ_COL    CHRZ_COL    DHRZ_COL

Observed independent variables
   ABFI_E      AHRZ_COL

Continuous latent variables
   I_BFI_E     S_BFI_E     I_HRZ_CO    S_HRZ_CO

Variables with special functions

  Time scores
   BAGE_C      CAGE_C      DAGE_C


Estimator                                                      MLR
Information matrix                                        OBSERVED
Maximum number of iterations                                   100
Convergence criterion                                    0.100D-05
Maximum number of EM iterations                                500
Convergence criteria for the EM algorithm
  Loglikelihood change                                   0.100D-02
  Relative loglikelihood change                          0.100D-05
  Derivative                                             0.100D-03
Minimum variance                                         0.100D-03
Maximum number of steepest descent iterations                   20
Maximum number of iterations for H1                           2000
Convergence criterion for H1                             0.100D-03
Optimization algorithm                                         EMA

Input data file(s)
  E:\Projects\lnt_pxvx\Data\LT_227.txt
Input data format  FREE


SUMMARY OF DATA

     Number of missing data patterns            15


SUMMARY OF MISSING DATA PATTERNS


     MISSING DATA PATTERNS (x = not missing)

           1  2  3  4  5  6  7  8  9 10 11 12 13 14 15
 BBFI_E    x  x     x        x  x     x  x        x  x
 CBFI_E    x  x  x                 x  x     x        x
 DBFI_E    x     x        x  x  x  x  x  x           x
 BHRZ_COL  x  x     x           x     x  x
 CHRZ_COL  x  x  x                 x  x     x        x
 DHRZ_COL  x              x     x  x                 x
 ABFI_E    x  x  x  x  x  x  x  x  x  x  x  x  x  x  x
 AHRZ_COL  x  x  x  x  x  x  x  x  x  x  x  x     x  x


     MISSING DATA PATTERN FREQUENCIES

    Pattern   Frequency     Pattern   Frequency     Pattern   Frequency
          1         138           6          11          11           1
          2          10           7           1          12           4
          3           2           8          16          13           2
          4          26           9           9          14           2
          5          52          10           2          15           1


COVARIANCE COVERAGE OF DATA

Minimum covariance coverage value   0.100


     PROPORTION OF DATA PRESENT


           Covariance Coverage
              BBFI_E        CBFI_E        DBFI_E        BHRZ_COL      CHRZ_COL
              ________      ________      ________      ________      ________
 BBFI_E         0.711
 CBFI_E         0.545         0.599
 DBFI_E         0.574         0.549         0.653
 BHRZ_COL       0.697         0.542         0.567         0.697
 CHRZ_COL       0.545         0.599         0.549         0.542         0.599
 DHRZ_COL       0.560         0.534         0.632         0.556         0.534
 ABFI_E         0.711         0.599         0.653         0.697         0.599
 AHRZ_COL       0.711         0.599         0.653         0.697         0.599


           Covariance Coverage
              DHRZ_COL      ABFI_E        AHRZ_COL
              ________      ________      ________
 DHRZ_COL       0.632
 ABFI_E         0.632         1.000
 AHRZ_COL       0.632         0.993         0.993


SAMPLE STATISTICS


     ESTIMATED SAMPLE STATISTICS


           Means
              BBFI_E        CBFI_E        DBFI_E        BHRZ_COL      CHRZ_COL
              ________      ________      ________      ________      ________
 1             56.959        58.768        58.082        74.012        73.993


           Means
              DHRZ_COL      ABFI_E        AHRZ_COL
              ________      ________      ________
 1             74.894        58.954        71.636


           Covariances
              BBFI_E        CBFI_E        DBFI_E        BHRZ_COL      CHRZ_COL
              ________      ________      ________      ________      ________
 BBFI_E       404.768
 CBFI_E       316.693       359.137
 DBFI_E       320.669       322.352       405.176
 BHRZ_COL      48.370        20.421        25.122       208.315
 CHRZ_COL      30.490        21.814        14.129       132.934       179.711
 DHRZ_COL      45.163        20.579        45.024       125.967       114.996
 ABFI_E       335.899       292.342       307.432        49.431        34.411
 AHRZ_COL      36.791        -0.926        19.266       111.519       107.023


           Covariances
              DHRZ_COL      ABFI_E        AHRZ_COL
              ________      ________      ________
 DHRZ_COL     209.607
 ABFI_E        42.276       397.094
 AHRZ_COL     119.600        38.813       191.185


           Correlations
              BBFI_E        CBFI_E        DBFI_E        BHRZ_COL      CHRZ_COL
              ________      ________      ________      ________      ________
 BBFI_E         1.000
 CBFI_E         0.831         1.000
 DBFI_E         0.792         0.845         1.000
 BHRZ_COL       0.167         0.075         0.086         1.000
 CHRZ_COL       0.113         0.086         0.052         0.687         1.000
 DHRZ_COL       0.155         0.075         0.154         0.603         0.593
 ABFI_E         0.838         0.774         0.766         0.172         0.129
 AHRZ_COL       0.132        -0.004         0.069         0.559         0.577


           Correlations
              DHRZ_COL      ABFI_E        AHRZ_COL
              ________      ________      ________
 DHRZ_COL       1.000
 ABFI_E         0.147         1.000
 AHRZ_COL       0.597         0.141         1.000


     MAXIMUM LOG-LIKELIHOOD VALUE FOR THE UNRESTRICTED (H1) MODEL IS -6394.063


THE MODEL ESTIMATION TERMINATED NORMALLY



MODEL FIT INFORMATION

Number of Free Parameters                       34

Loglikelihood

          H0 Value                       -6403.377
          H0 Scaling Correction Factor       2.568
            for MLR

Information Criteria

          Akaike (AIC)                   12874.754
          Bayesian (BIC)                 12997.970
          Sample-Size Adjusted BIC       12890.161
            (n* = (n + 2) / 24)



MODEL RESULTS

                                                    Two-Tailed
                    Estimate       S.E.  Est./S.E.    P-Value

 DBFI_E     ON
    CBFI_E             0.184      2.181      0.084      0.933
    CHRZ_COL           0.030      2.429      0.012      0.990

 CBFI_E     ON
    BBFI_E             0.184      2.181      0.084      0.933
    BHRZ_COL           0.030      2.429      0.012      0.990

 BBFI_E     ON
    ABFI_E             0.184      2.181      0.084      0.933
    AHRZ_COL           0.030      2.429      0.012      0.990

 DHRZ_COL   ON
    CHRZ_COL           0.027      1.695      0.016      0.987
    CBFI_E             0.053      1.700      0.031      0.975

 CHRZ_COL   ON
    BHRZ_COL           0.027      1.695      0.016      0.987
    BBFI_E             0.053      1.700      0.031      0.975

 BHRZ_COL   ON
    AHRZ_COL           0.027      1.695      0.016      0.987
    ABFI_E             0.053      1.700      0.031      0.975

 S_BFI_E  WITH
    I_BFI_E           -6.350    132.814     -0.048      0.962

 I_HRZ_CO WITH
    I_BFI_E           -2.950    941.989     -0.003      0.998
    S_BFI_E           -1.329     61.713     -0.022      0.983

 S_HRZ_CO WITH
    I_BFI_E            9.103    138.950      0.066      0.948
    S_BFI_E           -2.432     48.983     -0.050      0.960
    I_HRZ_COL        -10.339     71.589     -0.144      0.885

 ABFI_E   WITH
    I_BFI_E          248.266    834.434      0.298      0.766
    S_BFI_E           -0.018     90.301      0.000      1.000
    I_HRZ_COL         17.894    727.144      0.025      0.980
    S_HRZ_COL          3.284    104.727      0.031      0.975

 AHRZ_COL WITH
    I_BFI_E           24.310    399.160      0.061      0.951
    S_BFI_E           -6.278     64.349     -0.098      0.922
    I_HRZ_COL         94.069    298.341      0.315      0.753
    S_HRZ_COL          6.806     55.812      0.122      0.903

 DHRZ_COL WITH
    DBFI_E            16.816    145.855      0.115      0.908

 CHRZ_COL WITH
    CBFI_E            16.816    145.855      0.115      0.908

 BHRZ_COL WITH
    BBFI_E            16.816    145.855      0.115      0.908

 AHRZ_COL WITH
    ABFI_E            38.813     18.782      2.067      0.039

 Means
    ABFI_E            58.954      1.190     49.548      0.000
    AHRZ_COL          71.636      0.837     85.612      0.000
    I_BFI_E           43.549     45.447      0.958      0.338
    S_BFI_E            0.689      2.760      0.250      0.803
    I_HRZ_COL         68.590     21.194      3.236      0.001
    S_HRZ_COL          0.259      2.125      0.122      0.903

 Intercepts
    BBFI_E             0.000      0.000    999.000    999.000
    CBFI_E             0.000      0.000    999.000    999.000
    DBFI_E             0.000      0.000    999.000    999.000
    BHRZ_COL           0.000      0.000    999.000    999.000
    CHRZ_COL           0.000      0.000    999.000    999.000
    DHRZ_COL           0.000      0.000    999.000    999.000

 Variances
    ABFI_E           397.094     30.697     12.936      0.000
    AHRZ_COL         191.185     15.918     12.011      0.000
    I_BFI_E          214.864   1359.507      0.158      0.874
    S_BFI_E            4.300     78.325      0.055      0.956
    I_HRZ_COL        140.924    548.277      0.257      0.797
    S_HRZ_COL          3.735     32.339      0.115      0.908

 Residual Variances
    BBFI_E            71.636    172.468      0.415      0.678
    CBFI_E            71.636    172.468      0.415      0.678
    DBFI_E            71.636    172.468      0.415      0.678
    BHRZ_COL          73.035    111.047      0.658      0.511
    CHRZ_COL          73.035    111.047      0.658      0.511
    DHRZ_COL          73.035    111.047      0.658      0.511


QUALITY OF NUMERICAL RESULTS

     Condition Number for the Information Matrix              0.430E-08
       (ratio of smallest to largest eigenvalue)


     Beginning Time:  11:48:07
        Ending Time:  11:48:15
       Elapsed Time:  00:00:08



MUTHEN & MUTHEN
3463 Stoner Ave.
Los Angeles, CA  90066

Tel: (310) 391-9971
Fax: (310) 391-8971
Web: www.StatModel.com
Support: Support@StatModel.com

Copyright (c) 1998-2011 Muthen & Muthen
