Mplus VERSION 6.12
MUTHEN & MUTHEN
03/09/2016   8:12 PM

INPUT INSTRUCTIONS


  title: PxVx Univariate - Nat Lin BFI_E with MeanOnly VRT_COL;
  data: file = E:\Projects\lnt_pxvx\Data\LT_227.txt;


  variable:
  names =
  subjid
  Sample
  aGENDER
  aAGE
  aethnic1
  aethnic2
  aedu_mom
  aedu_dad
  aEDUCATN
  bEDUCATN
  cEDUCATN
  aEMPLOYD
  bEMPLOYD
  cEMPLOYD
  dEMPLOYD
  aINCOME
  bINCOME
  cINCOME
  dINCOME
  aS_SCALE
  bS_SCALE
  cS_SCALE
  dS_SCALE
  aD_SCALE
  bD_SCALE
  cD_SCALE
  dD_SCALE
  aS_COMP
  bS_COMP
  cS_COMP
  dS_COMP
  aD_COMP
  bD_COMP
  cD_COMP
  dD_COMP
  aBFI_A
  aBFI_A6
  aBFI_C
  aBFI_E
  aBFI_HP
  aBFI_N
  aBFI_O
  bBFI_A
  bBFI_A6
  bBFI_C
  bBFI_E
  bBFI_HP
  bBFI_N
  bBFI_O
  cBFI_A
  cBFI_A6
  cBFI_C
  cBFI_E
  cBFI_HP
  cBFI_N
  cBFI_O
  dBFI_A
  dBFI_A6
  dBFI_C
  dBFI_E
  dBFI_HP
  dBFI_N
  dBFI_O
  aBFA_AC
  aBFA_AP
  aBFA_CI
  aBFA_CO
  aBFA_EA
  aBFA_EE
  aBFA_N9
  aBFA_NV
  aBFA_NW
  aBFA_OI
  aBFA_OO
  aBFA_PS
  aBFA_MT
  bBFA_AC
  bBFA_AP
  bBFA_CI
  bBFA_CO
  bBFA_EA
  bBFA_EE
  bBFA_N9
  bBFA_NV
  bBFA_NW
  bBFA_OI
  bBFA_OO
  bBFA_MT
  bBFA_PS
  cBFA_AC
  cBFA_AP
  cBFA_CI
  cBFA_CO
  cBFA_EA
  cBFA_EE
  cBFA_N9
  cBFA_NV
  cBFA_NW
  cBFA_OI
  cBFA_OO
  cBFA_MT
  cBFA_PS
  dBFA_AC
  dBFA_AP
  dBFA_CI
  dBFA_CO
  dBFA_EA
  dBFA_EE
  dBFA_N9
  dBFA_NV
  dBFA_NW
  dBFA_OI
  dBFA_OO
  dBFA_MT
  dBFA_PS
  aUSI
  bUSI
  cUSI
  dUSI
  aHRZ_IND
  bHRZ_IND
  cHRZ_IND
  dHRZ_IND
  aVRT_IND
  bVRT_IND
  cVRT_IND
  dVRT_IND
  aHRZ_COL
  bHRZ_COL
  cHRZ_COL
  dHRZ_COL
  aVRT_COL
  bVRT_COL
  cVRT_COL
  dVRT_COL
  aCOLLCTV
  bCOLLCTV
  cCOLLCTV
  dCOLLCTV
  aMVS
  bMVS
  cMVS
  dMVS
  aST
  bST
  cST
  dST
  aSD
  bSD
  cSD
  dSD
  aMVS_mc
  bMVS_mc
  cMVS_mc
  dMVS_mc
  aST_mc
  bST_mc
  cST_mc
  dST_mc
  aSD_mc
  bSD_mc
  cSD_mc
  dSD_mc
  bMEANING
  cMEANING
  dMEANING
  bMEAN_L
  cMEAN_L
  dMEAN_L
  bMEANNGc
  cMEANNGc
  dMEANNGc
  bMEANGlc
  cMEANGlc
  dMEANGlc
  bCLASSIC
  cCLASSIC
  dCLASSIC
  bCLASSCc
  cCLASSCc
  dCLASSCc
  bAGR_VAL
  cAGR_VAL
  dAGR_VAL
  bOPN_VAL
  cOPN_VAL
  dOPN_VAL
  bAGR_VLc
  cAGR_VLc
  dAGR_VLc
  bOPNVALc
  cOPNVALc
  dOPNVALc
  aMV_pomp
  bMV_pomp
  cMV_pomp
  dMV_pomp
  aST_pomp
  bST_pomp
  cST_pomp
  dST_pomp
  aSD_pomp
  bSD_pomp
  cSD_pomp
  dSD_pomp
  agoal_ec
  bgoal_ec
  cgoal_ec
  dgoal_ec
  aAspfinc
  bAspfinc
  cAspfinc
  dAspfinc
  abfi_hp8
  bbfi_hp8
  cbfi_hp8
  dbfi_hp8
  aP_S_BFI
  aP_D_BFI
  aECgoalc
  bECgoalC
  cECgoalC
  dECgoalC
  aaspfin
  baspfin
  caspfin
  daspfin;


  USEVARIABLES =
  aBFI_E
  bBFI_E
  cBFI_E
  dBFI_E
  aVRT_COL
  bVRT_COL
  cVRT_COL
  dVRT_COL
  bage_c
  cage_c
  dage_c
  ;

  missing = all (-9999);

  USEOBSERVATIONS are Sample == 1; ! National Sample

  tscores = bage_c cage_c dage_c;

  DEFINE:
  bage_c = aAGE + 1 - 36;
  cage_c = aAGE + 2 - 36;
  dage_c = aAGE + 3 - 36;

  ANALYSIS:
  TYPE=RANDOM;
  PROCESSORS = 8;

  MODEL:

  i_BFI_E s_BFI_E | bBFI_E cBFI_E dBFI_E AT bage_c cage_c dage_c;
  i_VRT_COL s_VRT_COL | bVRT_COL cVRT_COL dVRT_COL AT bage_c cage_c dage_c;


  !After Bollen and Curran initial observation is not part of LGM

  dBFI_E on cBFI_E (a); ! Autoregressive paths constrained to equality
  cBFI_E on bBFI_E (a);
  bBFI_E on aBFI_E (a);

  dVRT_COL on cVRT_COL (b); ! Autoregressive paths constrained to equality
  cVRT_COL on bVRT_COL (b);
  bVRT_COL on aVRT_COL (b);

  bBFI_E cBFI_E dBFI_E (c); !Equality constraint on residuals
  bVRT_COL cVRT_COL dVRT_COL (d); !Equality constraint on residuals

  dVRT_COL on cBFI_E (x); ! Cross-lagged paths constrained to equality
  cVRT_COL on bBFI_E (x);
  bVRT_COL on aBFI_E (x);

  dBFI_E on cVRT_COL (y); ! Cross-lagged paths constrained to equality
  cBFI_E on bVRT_COL (y);
  bBFI_E on aVRT_COL (y);

  dVRT_COL with dBFI_E (w); ! within-wave correlations constrained to equality
  cVRT_COL with cBFI_E (w);
  bVRT_COL with bBFI_E (w);

  aBFI_E aVRT_COL i_BFI_E i_VRT_COL
  s_BFI_E
  with
  s_BFI_E
  aBFI_E aVRT_COL i_BFI_E i_VRT_COL;


  s_VRT_COL@0;

  OUTPUT: SAMPSTAT PATTERNS;



*** WARNING
  Variable name contains more than 8 characters.
  Only the first 8 characters will be printed in the output.
  Variable: I_VRT_COL
*** WARNING
  Variable name contains more than 8 characters.
  Only the first 8 characters will be printed in the output.
  Variable: S_VRT_COL
*** WARNING in MODEL command
  All continuous latent variable covariances involving S_VRT_COL have been fixed to 0
  because the variance of S_VRT_COL is fixed at 0.
*** WARNING
  Data set contains cases with missing on time scores but non-missing on the
  corresponding dependent variables.  These cases were not included in the analysis.
  Number of such cases:  5
   4 WARNING(S) FOUND IN THE INPUT INSTRUCTIONS



PxVx Univariate - Nat Lin BFI_E with MeanOnly VRT_COL;

SUMMARY OF ANALYSIS

Number of groups                                                 1
Number of observations                                         874

Number of dependent variables                                    6
Number of independent variables                                  2
Number of continuous latent variables                            4

Observed dependent variables

  Continuous
   BBFI_E      CBFI_E      DBFI_E      BVRT_COL    CVRT_COL    DVRT_COL

Observed independent variables
   ABFI_E      AVRT_COL

Continuous latent variables
   I_BFI_E     S_BFI_E     I_VRT_CO    S_VRT_CO

Variables with special functions

  Time scores
   BAGE_C      CAGE_C      DAGE_C


Estimator                                                      MLR
Information matrix                                        OBSERVED
Maximum number of iterations                                   100
Convergence criterion                                    0.100D-05
Maximum number of EM iterations                                500
Convergence criteria for the EM algorithm
  Loglikelihood change                                   0.100D-02
  Relative loglikelihood change                          0.100D-05
  Derivative                                             0.100D-03
Minimum variance                                         0.100D-03
Maximum number of steepest descent iterations                   20
Maximum number of iterations for H1                           2000
Convergence criterion for H1                             0.100D-03
Optimization algorithm                                         EMA

Input data file(s)
  E:\Projects\lnt_pxvx\Data\LT_227.txt
Input data format  FREE


SUMMARY OF DATA

     Number of missing data patterns            20


SUMMARY OF MISSING DATA PATTERNS


     MISSING DATA PATTERNS (x = not missing)

           1  2  3  4  5  6  7  8  9 10 11 12 13 14 15 16 17 18 19 20
 BBFI_E    x     x  x     x     x     x  x  x  x        x     x
 CBFI_E    x           x  x     x  x     x  x  x           x  x  x
 DBFI_E    x     x     x  x  x           x     x  x     x        x  x
 BVRT_COL  x     x  x     x     x        x  x                 x
 CVRT_COL  x           x        x  x     x     x              x  x
 DVRT_COL  x     x     x  x  x                 x  x     x     x
 ABFI_E    x  x  x  x  x  x  x  x  x  x  x  x  x     x  x  x  x  x  x
 AVRT_COL  x  x  x  x  x  x  x  x  x  x  x  x  x  x     x  x  x  x  x


     MISSING DATA PATTERN FREQUENCIES

    Pattern   Frequency     Pattern   Frequency     Pattern   Frequency
          1         497           8          45          15           1
          2         168           9          21          16           1
          3          26          10           4          17           1
          4          53          11           1          18           1
          5          21          12           1          19           2
          6           2          13           3          20           2
          7          23          14           1


COVARIANCE COVERAGE OF DATA

Minimum covariance coverage value   0.100


     PROPORTION OF DATA PRESENT


           Covariance Coverage
              BBFI_E        CBFI_E        DBFI_E        BVRT_COL      CVRT_COL
              ________      ________      ________      ________      ________
 BBFI_E         0.725
 CBFI_E         0.629         0.681
 DBFI_E         0.606         0.602         0.662
 BVRT_COL       0.716         0.626         0.602         0.716
 CVRT_COL       0.626         0.676         0.600         0.622         0.676
 DVRT_COL       0.606         0.600         0.657         0.602         0.597
 ABFI_E         0.725         0.681         0.661         0.716         0.676
 AVRT_COL       0.725         0.681         0.662         0.716         0.676


           Covariance Coverage
              DVRT_COL      ABFI_E        AVRT_COL
              ________      ________      ________
 DVRT_COL       0.658
 ABFI_E         0.657         0.999
 AVRT_COL       0.658         0.998         0.999


SAMPLE STATISTICS


     ESTIMATED SAMPLE STATISTICS


           Means
              BBFI_E        CBFI_E        DBFI_E        BVRT_COL      CVRT_COL
              ________      ________      ________      ________      ________
 1             54.682        54.281        53.847        70.324        68.688


           Means
              DVRT_COL      ABFI_E        AVRT_COL
              ________      ________      ________
 1             68.823        54.879        71.582


           Covariances
              BBFI_E        CBFI_E        DBFI_E        BVRT_COL      CVRT_COL
              ________      ________      ________      ________      ________
 BBFI_E       475.918
 CBFI_E       412.293       465.864
 DBFI_E       398.693       414.740       476.478
 BVRT_COL      18.231        24.902        13.687       353.735
 CVRT_COL      23.519        31.184        30.371       260.206       372.841
 DVRT_COL      31.290        24.544        25.872       261.598       275.795
 ABFI_E       419.989       412.295       402.924        25.353        34.954
 AVRT_COL      30.451        39.911        32.558       238.569       225.872


           Covariances
              DVRT_COL      ABFI_E        AVRT_COL
              ________      ________      ________
 DVRT_COL     364.136
 ABFI_E        26.519       490.892
 AVRT_COL     238.208        39.194       327.288


           Correlations
              BBFI_E        CBFI_E        DBFI_E        BVRT_COL      CVRT_COL
              ________      ________      ________      ________      ________
 BBFI_E         1.000
 CBFI_E         0.876         1.000
 DBFI_E         0.837         0.880         1.000
 BVRT_COL       0.044         0.061         0.033         1.000
 CVRT_COL       0.056         0.075         0.072         0.717         1.000
 DVRT_COL       0.075         0.060         0.062         0.729         0.749
 ABFI_E         0.869         0.862         0.833         0.061         0.082
 AVRT_COL       0.077         0.102         0.082         0.701         0.647


           Correlations
              DVRT_COL      ABFI_E        AVRT_COL
              ________      ________      ________
 DVRT_COL       1.000
 ABFI_E         0.063         1.000
 AVRT_COL       0.690         0.098         1.000


     MAXIMUM LOG-LIKELIHOOD VALUE FOR THE UNRESTRICTED (H1) MODEL IS -21516.605


THE MODEL ESTIMATION TERMINATED NORMALLY



MODEL FIT INFORMATION

Number of Free Parameters                       28

Loglikelihood

          H0 Value                      -21527.583
          H0 Scaling Correction Factor       1.158
            for MLR

Information Criteria

          Akaike (AIC)                   43111.166
          Bayesian (BIC)                 43244.812
          Sample-Size Adjusted BIC       43155.890
            (n* = (n + 2) / 24)



MODEL RESULTS

                                                    Two-Tailed
                    Estimate       S.E.  Est./S.E.    P-Value

 DBFI_E     ON
    CBFI_E             0.235      0.055      4.243      0.000
    CVRT_COL           0.011      0.034      0.325      0.745

 CBFI_E     ON
    BBFI_E             0.235      0.055      4.243      0.000
    BVRT_COL           0.011      0.034      0.325      0.745

 BBFI_E     ON
    ABFI_E             0.235      0.055      4.243      0.000
    AVRT_COL           0.011      0.034      0.325      0.745

 DVRT_COL   ON
    CVRT_COL           0.104      0.041      2.568      0.010
    CBFI_E            -0.035      0.042     -0.818      0.414

 CVRT_COL   ON
    BVRT_COL           0.104      0.041      2.568      0.010
    BBFI_E            -0.035      0.042     -0.818      0.414

 BVRT_COL   ON
    AVRT_COL           0.104      0.041      2.568      0.010
    ABFI_E            -0.035      0.042     -0.818      0.414

 S_BFI_E  WITH
    I_BFI_E            0.072      0.407      0.178      0.859

 I_VRT_CO WITH
    I_BFI_E           21.521     22.339      0.963      0.335
    S_BFI_E           -0.313      0.518     -0.604      0.546

 ABFI_E   WITH
    I_BFI_E          305.181     28.690     10.637      0.000
    S_BFI_E            0.767      0.631      1.216      0.224
    I_VRT_COL         38.082     23.158      1.644      0.100

 AVRT_COL WITH
    I_BFI_E           21.662     15.033      1.441      0.150
    S_BFI_E           -0.185      0.547     -0.338      0.736
    I_VRT_COL        205.162     16.338     12.558      0.000

 DVRT_COL WITH
    DBFI_E             0.623      3.618      0.172      0.863

 CVRT_COL WITH
    CBFI_E             0.623      3.618      0.172      0.863

 BVRT_COL WITH
    BBFI_E             0.623      3.618      0.172      0.863

 AVRT_COL WITH
    ABFI_E            39.200     14.673      2.672      0.008

 Means
    ABFI_E            54.878      0.749     73.280      0.000
    AVRT_COL          71.584      0.610    117.399      0.000
    I_BFI_E           40.649      3.893     10.443      0.000
    S_BFI_E            0.045      0.031      1.452      0.147
    I_VRT_COL         63.703      3.041     20.946      0.000
    S_VRT_COL          0.118      0.040      2.942      0.003

 Intercepts
    BBFI_E             0.000      0.000    999.000    999.000
    CBFI_E             0.000      0.000    999.000    999.000
    DBFI_E             0.000      0.000    999.000    999.000
    BVRT_COL           0.000      0.000    999.000    999.000
    CVRT_COL           0.000      0.000    999.000    999.000
    DVRT_COL           0.000      0.000    999.000    999.000

 Variances
    ABFI_E           490.885     19.642     24.992      0.000
    AVRT_COL         327.288     16.363     20.001      0.000
    I_BFI_E          219.940     38.539      5.707      0.000
    S_BFI_E            0.072      0.045      1.591      0.112
    I_VRT_COL        205.267     23.048      8.906      0.000
    S_VRT_COL          0.000      0.000    999.000    999.000

 Residual Variances
    BBFI_E            73.543      5.362     13.716      0.000
    CBFI_E            73.543      5.362     13.716      0.000
    DBFI_E            73.543      5.362     13.716      0.000
    BVRT_COL         105.407      6.173     17.077      0.000
    CVRT_COL         105.407      6.173     17.077      0.000
    DVRT_COL         105.407      6.173     17.077      0.000


QUALITY OF NUMERICAL RESULTS

     Condition Number for the Information Matrix              0.814E-06
       (ratio of smallest to largest eigenvalue)


     Beginning Time:  20:12:50
        Ending Time:  20:12:57
       Elapsed Time:  00:00:07



MUTHEN & MUTHEN
3463 Stoner Ave.
Los Angeles, CA  90066

Tel: (310) 391-9971
Fax: (310) 391-8971
Web: www.StatModel.com
Support: Support@StatModel.com

Copyright (c) 1998-2011 Muthen & Muthen
