Mplus VERSION 7 (Mac)
MUTHEN & MUTHEN
10/24/2017   1:13 PM

INPUT INSTRUCTIONS


  title: PxVx Bivariate LCM-SR - Nat Linear BFI_C with Linear;
  data: file = /Users/johnflournoy/code/lnt_pxvx/Data/LT_227.txt;


  variable:
  names =
  subjid
  Sample
  aGENDER
  aAGE
  aethnic1
  aethnic2
  aedu_mom
  aedu_dad
  aEDUCATN
  bEDUCATN
  cEDUCATN
  aEMPLOYD
  bEMPLOYD
  cEMPLOYD
  dEMPLOYD
  aINCOME
  bINCOME
  cINCOME
  dINCOME
  aS_SCALE
  bS_SCALE
  cS_SCALE
  dS_SCALE
  aD_SCALE
  bD_SCALE
  cD_SCALE
  dD_SCALE
  aS_COMP
  bS_COMP
  cS_COMP
  dS_COMP
  aD_COMP
  bD_COMP
  cD_COMP
  dD_COMP
  aBFI_A
  aBFI_A6
  aBFI_C
  aBFI_E
  aBFI_HP
  aBFI_N
  aBFI_O
  bBFI_A
  bBFI_A6
  bBFI_C
  bBFI_E
  bBFI_HP
  bBFI_N
  bBFI_O
  cBFI_A
  cBFI_A6
  cBFI_C
  cBFI_E
  cBFI_HP
  cBFI_N
  cBFI_O
  dBFI_A
  dBFI_A6
  dBFI_C
  dBFI_E
  dBFI_HP
  dBFI_N
  dBFI_O
  aBFA_AC
  aBFA_AP
  aBFA_CI
  aBFA_CO
  aBFA_EA
  aBFA_EE
  aBFA_N9
  aBFA_NV
  aBFA_NW
  aBFA_OI
  aBFA_OO
  aBFA_PS
  aBFA_MT
  bBFA_AC
  bBFA_AP
  bBFA_CI
  bBFA_CO
  bBFA_EA
  bBFA_EE
  bBFA_N9
  bBFA_NV
  bBFA_NW
  bBFA_OI
  bBFA_OO
  bBFA_MT
  bBFA_PS
  cBFA_AC
  cBFA_AP
  cBFA_CI
  cBFA_CO
  cBFA_EA
  cBFA_EE
  cBFA_N9
  cBFA_NV
  cBFA_NW
  cBFA_OI
  cBFA_OO
  cBFA_MT
  cBFA_PS
  dBFA_AC
  dBFA_AP
  dBFA_CI
  dBFA_CO
  dBFA_EA
  dBFA_EE
  dBFA_N9
  dBFA_NV
  dBFA_NW
  dBFA_OI
  dBFA_OO
  dBFA_MT
  dBFA_PS
  aUSI
  bUSI
  cUSI
  dUSI
  aHRZ_IND
  bHRZ_IND
  cHRZ_IND
  dHRZ_IND
  aVRT_IND
  bVRT_IND
  cVRT_IND
  dVRT_IND
  aHRZ_COL
  bHRZ_COL
  cHRZ_COL
  dHRZ_COL
  aVRT_COL
  bVRT_COL
  cVRT_COL
  dVRT_COL
  aCOLLCTV
  bCOLLCTV
  cCOLLCTV
  dCOLLCTV
  aMVS
  bMVS
  cMVS
  dMVS
  aST
  bST
  cST
  dST
  aSD
  bSD
  cSD
  dSD
  aMVS_mc
  bMVS_mc
  cMVS_mc
  dMVS_mc
  aST_mc
  bST_mc
  cST_mc
  dST_mc
  aSD_mc
  bSD_mc
  cSD_mc
  dSD_mc
  bMEANING
  cMEANING
  dMEANING
  bMEAN_L
  cMEAN_L
  dMEAN_L
  bMEANNGc
  cMEANNGc
  dMEANNGc
  bMEANGlc
  cMEANGlc
  dMEANGlc
  bCLASSIC
  cCLASSIC
  dCLASSIC
  bCLASSCc
  cCLASSCc
  dCLASSCc
  bAGR_VAL
  cAGR_VAL
  dAGR_VAL
  bOPN_VAL
  cOPN_VAL
  dOPN_VAL
  bAGR_VLc
  cAGR_VLc
  dAGR_VLc
  bOPNVALc
  cOPNVALc
  dOPNVALc
  aMV_pomp
  bMV_pomp
  cMV_pomp
  dMV_pomp
  aST_pomp
  bST_pomp
  cST_pomp
  dST_pomp
  aSD_pomp
  bSD_pomp
  cSD_pomp
  dSD_pomp
  agoal_ec
  bgoal_ec
  cgoal_ec
  dgoal_ec
  aAspfinc
  bAspfinc
  cAspfinc
  dAspfinc
  abfi_hp8
  bbfi_hp8
  cbfi_hp8
  dbfi_hp8
  aP_S_BFI
  aP_D_BFI
  aECgoalc
  bECgoalC
  cECgoalC
  dECgoalC
  aaspfin
  baspfin
  caspfin
  daspfin
  aMVI_POMP
  bMVI_POMP
  cMVI_POMP
  dMVI_POMP;


  USEVARIABLES =
  aBFI_C
  bBFI_C
  cBFI_C
  dBFI_C
  aUSI
  bUSI
  cUSI
  dUSI
  a1
  a2
  a3
  a4
  ;

  missing = all (-9999);

  USEOBSERVATIONS are Sample == 1; ! National Sample

  tscores = a1 a2 a3 a4;

  DEFINE:
  a1 = aAGE + 0 - 36;
  a2 = aAGE + 1 - 36;
  a3 = aAGE + 2 - 36;
  a4 = aAGE + 3 - 36;

  ANALYSIS:
  TYPE=RANDOM;
  PROCESSORS = 4;
  model=nocovariances; ! supresses default estimation of certain covs in model;

  MODEL:

  i_BFI_C s_BFI_C | aBFI_C bBFI_C cBFI_C dBFI_C AT a1 a2 a3 a4;
  i_USI s_USI | aUSI bUSI cUSI dUSI AT a1 a2 a3 a4;

  ! freeing factor covs because of "nocovariances"
  s_BFI_C WITH i_BFI_C s_USI i_USI;
  i_BFI_C WITH s_USI i_USI;
  s_USI WITH i_USI;

  p1 BY aBFI_C@1; ! Residual "factors";
  p2 BY bBFI_C@1;
  p3 BY cBFI_C@1;
  p4 BY dBFI_C@1;

  v1 BY aUSI@1; ! Residual "factors";
  v2 BY bUSI@1;
  v3 BY cUSI@1;
  v4 BY dUSI@1;

  !residual variances on observed/manifest vars set to 0
  aBFI_C@0;
  bBFI_C@0;
  cBFI_C@0;
  dBFI_C@0;

  !residual variances on observed/manifest vars set to 0
  aUSI@0;
  bUSI@0;
  cUSI@0;
  dUSI@0;

  ! means of observed/manifest vars set to 0
  [aBFI_C@0];
  [bBFI_C@0];
  [cBFI_C@0];
  [dBFI_C@0];

  ! means of observed/manifest vars set to 0
  [aUSI@0];
  [bUSI@0];
  [cUSI@0];
  [dUSI@0];

  [p1@0]; ! means of residual "factors" set to 0
  [p2@0];
  [p3@0];
  [p4@0];

  [v1@0]; ! means of residual "factors" set to 0
  [v2@0];
  [v3@0];
  [v4@0];

  p4 on p3 (a); ! Autoregressive paths constrained to equality
  p3 on p2 (a);
  p2 on p1 (a);

  v4 on v3 (b); ! Autoregressive paths constrained to equality
  v3 on v2 (b);
  v2 on v1 (b);

  p4 on v3 (c); ! Cross-lagged paths constrained to equality
  p3 on v2 (c);
  p2 on v1 (c);

  v4 on p3 (d); ! Cross-lagged paths constrained to equality
  v3 on p2 (d);
  v2 on p1 (d);

  p1 with v1 (e); ! Within-wave correlations constrained to equality
  p2 with v2 (e);
  p3 with v3 (e);
  p4 with v4 (e);

  p2 p3 p4 (f); ! estimate variances of residual "factors"
  v2 v3 v4 (g); ! estimate variances of residual "factors"

  OUTPUT: SAMPSTAT PATTERNS;



*** WARNING
  Variable name contains more than 8 characters.
  Only the first 8 characters will be printed in the output.
  Variable: AMVI_POMP
*** WARNING
  Variable name contains more than 8 characters.
  Only the first 8 characters will be printed in the output.
  Variable: BMVI_POMP
*** WARNING
  Variable name contains more than 8 characters.
  Only the first 8 characters will be printed in the output.
  Variable: CMVI_POMP
*** WARNING
  Variable name contains more than 8 characters.
  Only the first 8 characters will be printed in the output.
  Variable: DMVI_POMP
*** WARNING
  Data set contains cases with missing on time scores but non-missing on the
  corresponding dependent variables.  These cases were not included in the analysis.
  Number of such cases:  16
   5 WARNING(S) FOUND IN THE INPUT INSTRUCTIONS



PxVx Bivariate LCM-SR - Nat Linear BFI_C with Linear;

SUMMARY OF ANALYSIS

Number of groups                                                 1
Number of observations                                         863

Number of dependent variables                                    8
Number of independent variables                                  0
Number of continuous latent variables                           12

Observed dependent variables

  Continuous
   ABFI_C      BBFI_C      CBFI_C      DBFI_C      AUSI        BUSI
   CUSI        DUSI

Continuous latent variables
   P1          P2          P3          P4          V1          V2
   V3          V4          I_BFI_C     S_BFI_C     I_USI       S_USI

Variables with special functions

  Time scores
   A1          A2          A3          A4


Estimator                                                      MLR
Information matrix                                        OBSERVED
Maximum number of iterations                                   100
Convergence criterion                                    0.100D-05
Maximum number of EM iterations                                500
Convergence criteria for the EM algorithm
  Loglikelihood change                                   0.100D-02
  Relative loglikelihood change                          0.100D-05
  Derivative                                             0.100D-03
Minimum variance                                         0.100D-03
Maximum number of steepest descent iterations                   20
Maximum number of iterations for H1                           2000
Convergence criterion for H1                             0.100D-03
Optimization algorithm                                         EMA

Input data file(s)
  /Users/johnflournoy/code/lnt_pxvx/Data/LT_227.txt
Input data format  FREE


SUMMARY OF DATA

     Number of missing data patterns            22


SUMMARY OF MISSING DATA PATTERNS


     MISSING DATA PATTERNS (x = not missing)

           1  2  3  4  5  6  7  8  9 10 11 12 13 14 15 16 17 18 19 20
 ABFI_C    x  x  x  x  x  x  x  x  x  x  x  x  x        x  x  x  x  x
 BBFI_C    x     x  x     x     x     x  x  x  x     x     x     x
 CBFI_C    x           x  x     x  x     x  x  x     x        x  x  x
 DBFI_C    x     x     x  x  x           x     x  x  x     x        x
 AUSI      x  x  x  x  x  x  x  x  x  x  x  x  x  x        x  x  x  x
 BUSI      x     x  x     x     x        x  x        x           x
 CUSI      x           x        x  x     x     x     x           x  x
 DUSI      x     x     x  x  x                 x  x  x     x     x

          21 22
 ABFI_C    x
 BBFI_C
 CBFI_C       x
 DBFI_C    x  x
 AUSI      x
 BUSI
 CUSI         x
 DUSI         x


     MISSING DATA PATTERN FREQUENCIES

    Pattern   Frequency     Pattern   Frequency     Pattern   Frequency
          1         489           9          20          17           1
          2         168          10           5          18           1
          3          26          11           1          19           1
          4          47          12           1          20           2
          5          21          13           3          21           2
          6           2          14           1          22           1
          7          23          15           3
          8          44          16           1


COVARIANCE COVERAGE OF DATA

Minimum covariance coverage value   0.100


     PROPORTION OF DATA PRESENT


           Covariance Coverage
              ABFI_C        BBFI_C        CBFI_C        DBFI_C        AUSI
              ________      ________      ________      ________      ________
 ABFI_C         0.994
 BBFI_C         0.718         0.722
 CBFI_C         0.678         0.630         0.683
 DBFI_C         0.660         0.608         0.605         0.666
 AUSI           0.993         0.718         0.678         0.662         0.994
 BUSI           0.708         0.711         0.627         0.604         0.708
 CUSI           0.673         0.627         0.678         0.603         0.673
 DUSI           0.656         0.608         0.603         0.660         0.657


           Covariance Coverage
              BUSI          CUSI          DUSI
              ________      ________      ________
 BUSI           0.711
 CUSI           0.623         0.678
 DUSI           0.604         0.600         0.662


SAMPLE STATISTICS


     ESTIMATED SAMPLE STATISTICS


           Means
              ABFI_C        BBFI_C        CBFI_C        DBFI_C        AUSI
              ________      ________      ________      ________      ________
 1             68.623        68.559        68.679        68.881        28.987


           Means
              BUSI          CUSI          DUSI
              ________      ________      ________
 1             28.403        28.543        28.473


           Covariances
              ABFI_C        BBFI_C        CBFI_C        DBFI_C        AUSI
              ________      ________      ________      ________      ________
 ABFI_C       298.928
 BBFI_C       233.850       282.255
 CBFI_C       228.961       229.894       293.489
 DBFI_C       224.686       224.166       240.681       296.671
 AUSI           6.633        -3.131         3.308         3.419       264.628
 BUSI           5.935        -6.886        -3.579        -0.445       209.250
 CUSI          11.049        -1.902        -0.773         1.276       203.050
 DUSI           6.557         1.797        -5.941        -8.445       190.402


           Covariances
              BUSI          CUSI          DUSI
              ________      ________      ________
 BUSI         275.305
 CUSI         216.076       282.971
 DUSI         200.344       218.811       261.116


           Correlations
              ABFI_C        BBFI_C        CBFI_C        DBFI_C        AUSI
              ________      ________      ________      ________      ________
 ABFI_C         1.000
 BBFI_C         0.805         1.000
 CBFI_C         0.773         0.799         1.000
 DBFI_C         0.754         0.775         0.816         1.000
 AUSI           0.024        -0.011         0.012         0.012         1.000
 BUSI           0.021        -0.025        -0.013        -0.002         0.775
 CUSI           0.038        -0.007        -0.003         0.004         0.742
 DUSI           0.023         0.007        -0.021        -0.030         0.724


           Correlations
              BUSI          CUSI          DUSI
              ________      ________      ________
 BUSI           1.000
 CUSI           0.774         1.000
 DUSI           0.747         0.805         1.000


     MAXIMUM LOG-LIKELIHOOD VALUE FOR THE UNRESTRICTED (H1) MODEL IS -20416.532


THE MODEL ESTIMATION TERMINATED NORMALLY



MODEL FIT INFORMATION

Number of Free Parameters                       23

Loglikelihood

          H0 Value                      -20400.936
          H0 Scaling Correction Factor      1.1244
            for MLR

Information Criteria

          Akaike (AIC)                   40847.872
          Bayesian (BIC)                 40957.361
          Sample-Size Adjusted BIC       40884.319
            (n* = (n + 2) / 24)



MODEL RESULTS

                                                    Two-Tailed
                    Estimate       S.E.  Est./S.E.    P-Value

 P1       BY
    ABFI_C             1.000      0.000    999.000    999.000

 P2       BY
    BBFI_C             1.000      0.000    999.000    999.000

 P3       BY
    CBFI_C             1.000      0.000    999.000    999.000

 P4       BY
    DBFI_C             1.000      0.000    999.000    999.000

 V1       BY
    AUSI               1.000      0.000    999.000    999.000

 V2       BY
    BUSI               1.000      0.000    999.000    999.000

 V3       BY
    CUSI               1.000      0.000    999.000    999.000

 V4       BY
    DUSI               1.000      0.000    999.000    999.000

 P4         ON
    P3                 0.175      0.061      2.871      0.004
    V3                -0.072      0.038     -1.912      0.056

 P3         ON
    P2                 0.175      0.061      2.871      0.004
    V2                -0.072      0.038     -1.912      0.056

 P2         ON
    P1                 0.175      0.061      2.871      0.004
    V1                -0.072      0.038     -1.912      0.056

 V4         ON
    V3                 0.188      0.052      3.621      0.000
    P3                -0.083      0.045     -1.852      0.064

 V3         ON
    V2                 0.188      0.052      3.621      0.000
    P2                -0.083      0.045     -1.852      0.064

 V2         ON
    V1                 0.188      0.052      3.621      0.000
    P1                -0.083      0.045     -1.852      0.064

 S_BFI_C  WITH
    I_BFI_C            0.177      0.665      0.267      0.790
    S_USI              0.018      0.078      0.226      0.821
    I_USI             -0.689      1.832     -0.376      0.707

 I_BFI_C  WITH
    S_USI              0.301      1.918      0.157      0.875
    I_USI             13.001     11.278      1.153      0.249

 S_USI    WITH
    I_USI             -0.149      0.489     -0.304      0.762

 P1       WITH
    V1                -6.717      2.170     -3.096      0.002

 P2       WITH
    V2                -6.717      2.170     -3.096      0.002

 P3       WITH
    V3                -6.717      2.170     -3.096      0.002

 P4       WITH
    V4                -6.717      2.170     -3.096      0.002

 Means
    P1                 0.000      0.000    999.000    999.000
    V1                 0.000      0.000    999.000    999.000
    I_BFI_C           68.436      0.549    124.717      0.000
    S_BFI_C            0.219      0.048      4.516      0.000
    I_USI             28.989      0.513     56.531      0.000
    S_USI             -0.267      0.046     -5.751      0.000

 Intercepts
    ABFI_C             0.000      0.000    999.000    999.000
    BBFI_C             0.000      0.000    999.000    999.000
    CBFI_C             0.000      0.000    999.000    999.000
    DBFI_C             0.000      0.000    999.000    999.000
    AUSI               0.000      0.000    999.000    999.000
    BUSI               0.000      0.000    999.000    999.000
    CUSI               0.000      0.000    999.000    999.000
    DUSI               0.000      0.000    999.000    999.000
    P2                 0.000      0.000    999.000    999.000
    P3                 0.000      0.000    999.000    999.000
    P4                 0.000      0.000    999.000    999.000
    V2                 0.000      0.000    999.000    999.000
    V3                 0.000      0.000    999.000    999.000
    V4                 0.000      0.000    999.000    999.000

 Variances
    P1                75.409      6.807     11.078      0.000
    V1                73.507      6.657     11.042      0.000
    I_BFI_C          209.129     15.833     13.208      0.000
    S_BFI_C            0.076      0.111      0.686      0.493
    I_USI            179.633     12.728     14.113      0.000
    S_USI              0.079      0.089      0.886      0.376

 Residual Variances
    ABFI_C             0.000      0.000    999.000    999.000
    BBFI_C             0.000      0.000    999.000    999.000
    CBFI_C             0.000      0.000    999.000    999.000
    DBFI_C             0.000      0.000    999.000    999.000
    AUSI               0.000      0.000    999.000    999.000
    BUSI               0.000      0.000    999.000    999.000
    CUSI               0.000      0.000    999.000    999.000
    DUSI               0.000      0.000    999.000    999.000
    P2                65.216      4.365     14.940      0.000
    P3                65.216      4.365     14.940      0.000
    P4                65.216      4.365     14.940      0.000
    V2                69.815      4.374     15.962      0.000
    V3                69.815      4.374     15.962      0.000
    V4                69.815      4.374     15.962      0.000


QUALITY OF NUMERICAL RESULTS

     Condition Number for the Information Matrix              0.409E-04
       (ratio of smallest to largest eigenvalue)


     Beginning Time:  13:13:11
        Ending Time:  13:13:28
       Elapsed Time:  00:00:17



MUTHEN & MUTHEN
3463 Stoner Ave.
Los Angeles, CA  90066

Tel: (310) 391-9971
Fax: (310) 391-8971
Web: www.StatModel.com
Support: Support@StatModel.com

Copyright (c) 1998-2012 Muthen & Muthen
