Mplus VERSION 6.12
MUTHEN & MUTHEN
03/21/2016  12:38 PM

INPUT INSTRUCTIONS


  title: PxVx Univariate - Nat Lin BFA_NV with MeanOnly HRZ_COL;
  data: file = E:\Projects\lnt_pxvx\Data\LT_227.txt;


  variable:
  names =
  subjid
  Sample
  aGENDER
  aAGE
  aethnic1
  aethnic2
  aedu_mom
  aedu_dad
  aEDUCATN
  bEDUCATN
  cEDUCATN
  aEMPLOYD
  bEMPLOYD
  cEMPLOYD
  dEMPLOYD
  aINCOME
  bINCOME
  cINCOME
  dINCOME
  aS_SCALE
  bS_SCALE
  cS_SCALE
  dS_SCALE
  aD_SCALE
  bD_SCALE
  cD_SCALE
  dD_SCALE
  aS_COMP
  bS_COMP
  cS_COMP
  dS_COMP
  aD_COMP
  bD_COMP
  cD_COMP
  dD_COMP
  aBFI_A
  aBFI_A6
  aBFI_C
  aBFI_E
  aBFI_HP
  aBFI_N
  aBFI_O
  bBFI_A
  bBFI_A6
  bBFI_C
  bBFI_E
  bBFI_HP
  bBFI_N
  bBFI_O
  cBFI_A
  cBFI_A6
  cBFI_C
  cBFI_E
  cBFI_HP
  cBFI_N
  cBFI_O
  dBFI_A
  dBFI_A6
  dBFI_C
  dBFI_E
  dBFI_HP
  dBFI_N
  dBFI_O
  aBFA_AC
  aBFA_AP
  aBFA_CI
  aBFA_CO
  aBFA_EA
  aBFA_EE
  aBFA_N9
  aBFA_NV
  aBFA_NW
  aBFA_OI
  aBFA_OO
  aBFA_PS
  aBFA_MT
  bBFA_AC
  bBFA_AP
  bBFA_CI
  bBFA_CO
  bBFA_EA
  bBFA_EE
  bBFA_N9
  bBFA_NV
  bBFA_NW
  bBFA_OI
  bBFA_OO
  bBFA_MT
  bBFA_PS
  cBFA_AC
  cBFA_AP
  cBFA_CI
  cBFA_CO
  cBFA_EA
  cBFA_EE
  cBFA_N9
  cBFA_NV
  cBFA_NW
  cBFA_OI
  cBFA_OO
  cBFA_MT
  cBFA_PS
  dBFA_AC
  dBFA_AP
  dBFA_CI
  dBFA_CO
  dBFA_EA
  dBFA_EE
  dBFA_N9
  dBFA_NV
  dBFA_NW
  dBFA_OI
  dBFA_OO
  dBFA_MT
  dBFA_PS
  aUSI
  bUSI
  cUSI
  dUSI
  aHRZ_IND
  bHRZ_IND
  cHRZ_IND
  dHRZ_IND
  aVRT_IND
  bVRT_IND
  cVRT_IND
  dVRT_IND
  aHRZ_COL
  bHRZ_COL
  cHRZ_COL
  dHRZ_COL
  aVRT_COL
  bVRT_COL
  cVRT_COL
  dVRT_COL
  aCOLLCTV
  bCOLLCTV
  cCOLLCTV
  dCOLLCTV
  aMVS
  bMVS
  cMVS
  dMVS
  aST
  bST
  cST
  dST
  aSD
  bSD
  cSD
  dSD
  aMVS_mc
  bMVS_mc
  cMVS_mc
  dMVS_mc
  aST_mc
  bST_mc
  cST_mc
  dST_mc
  aSD_mc
  bSD_mc
  cSD_mc
  dSD_mc
  bMEANING
  cMEANING
  dMEANING
  bMEAN_L
  cMEAN_L
  dMEAN_L
  bMEANNGc
  cMEANNGc
  dMEANNGc
  bMEANGlc
  cMEANGlc
  dMEANGlc
  bCLASSIC
  cCLASSIC
  dCLASSIC
  bCLASSCc
  cCLASSCc
  dCLASSCc
  bAGR_VAL
  cAGR_VAL
  dAGR_VAL
  bOPN_VAL
  cOPN_VAL
  dOPN_VAL
  bAGR_VLc
  cAGR_VLc
  dAGR_VLc
  bOPNVALc
  cOPNVALc
  dOPNVALc
  aMV_pomp
  bMV_pomp
  cMV_pomp
  dMV_pomp
  aST_pomp
  bST_pomp
  cST_pomp
  dST_pomp
  aSD_pomp
  bSD_pomp
  cSD_pomp
  dSD_pomp
  agoal_ec
  bgoal_ec
  cgoal_ec
  dgoal_ec
  aAspfinc
  bAspfinc
  cAspfinc
  dAspfinc
  abfi_hp8
  bbfi_hp8
  cbfi_hp8
  dbfi_hp8
  aP_S_BFI
  aP_D_BFI
  aECgoalc
  bECgoalC
  cECgoalC
  dECgoalC
  aaspfin
  baspfin
  caspfin
  daspfin
  aMVI_POMP
  bMVI_POMP
  cMVI_POMP
  dMVI_POMP;


  USEVARIABLES =
  aBFA_NV
  bBFA_NV
  cBFA_NV
  dBFA_NV
  aHRZ_COL
  bHRZ_COL
  cHRZ_COL
  dHRZ_COL
  bage_c
  cage_c
  dage_c
  ;

  missing = all (-9999);

  USEOBSERVATIONS are Sample == 1; ! National Sample

  tscores = bage_c cage_c dage_c;

  DEFINE:
  bage_c = aAGE + 1 - 36;
  cage_c = aAGE + 2 - 36;
  dage_c = aAGE + 3 - 36;

  ANALYSIS:
  TYPE=RANDOM;
  PROCESSORS = 8;

  MODEL:

  i_BFA_NV s_BFA_NV | bBFA_NV cBFA_NV dBFA_NV AT bage_c cage_c dage_c;
  i_HRZ_COL s_HRZ_COL | bHRZ_COL cHRZ_COL dHRZ_COL AT bage_c cage_c dage_c;


  !After Bollen and Curran initial observation is not part of LGM

  dBFA_NV on cBFA_NV (a); ! Autoregressive paths constrained to equality
  cBFA_NV on bBFA_NV (a);
  bBFA_NV on aBFA_NV (a);

  dHRZ_COL on cHRZ_COL (b); ! Autoregressive paths constrained to equality
  cHRZ_COL on bHRZ_COL (b);
  bHRZ_COL on aHRZ_COL (b);

  bBFA_NV cBFA_NV dBFA_NV (c); !Equality constraint on residuals
  bHRZ_COL cHRZ_COL dHRZ_COL (d); !Equality constraint on residuals

  dHRZ_COL on cBFA_NV (x); ! Cross-lagged paths constrained to equality
  cHRZ_COL on bBFA_NV (x);
  bHRZ_COL on aBFA_NV (x);

  dBFA_NV on cHRZ_COL (y); ! Cross-lagged paths constrained to equality
  cBFA_NV on bHRZ_COL (y);
  bBFA_NV on aHRZ_COL (y);

  dHRZ_COL with dBFA_NV (w); ! within-wave correlations constrained to equality
  cHRZ_COL with cBFA_NV (w);
  bHRZ_COL with bBFA_NV (w);

  aBFA_NV aHRZ_COL i_BFA_NV i_HRZ_COL
  s_BFA_NV
  with
  s_BFA_NV
  aBFA_NV aHRZ_COL i_BFA_NV i_HRZ_COL;


  s_HRZ_COL@0;

  OUTPUT: SAMPSTAT PATTERNS;



*** WARNING
  Variable name contains more than 8 characters.
  Only the first 8 characters will be printed in the output.
  Variable: AMVI_POMP
*** WARNING
  Variable name contains more than 8 characters.
  Only the first 8 characters will be printed in the output.
  Variable: BMVI_POMP
*** WARNING
  Variable name contains more than 8 characters.
  Only the first 8 characters will be printed in the output.
  Variable: CMVI_POMP
*** WARNING
  Variable name contains more than 8 characters.
  Only the first 8 characters will be printed in the output.
  Variable: DMVI_POMP
*** WARNING
  Variable name contains more than 8 characters.
  Only the first 8 characters will be printed in the output.
  Variable: I_HRZ_COL
*** WARNING
  Variable name contains more than 8 characters.
  Only the first 8 characters will be printed in the output.
  Variable: S_HRZ_COL
*** WARNING in MODEL command
  All continuous latent variable covariances involving S_HRZ_COL have been fixed to 0
  because the variance of S_HRZ_COL is fixed at 0.
*** WARNING
  Data set contains cases with missing on time scores but non-missing on the
  corresponding dependent variables.  These cases were not included in the analysis.
  Number of such cases:  16
   8 WARNING(S) FOUND IN THE INPUT INSTRUCTIONS



PxVx Univariate - Nat Lin BFA_NV with MeanOnly HRZ_COL;

SUMMARY OF ANALYSIS

Number of groups                                                 1
Number of observations                                         863

Number of dependent variables                                    6
Number of independent variables                                  2
Number of continuous latent variables                            4

Observed dependent variables

  Continuous
   BBFA_NV     CBFA_NV     DBFA_NV     BHRZ_COL    CHRZ_COL    DHRZ_COL

Observed independent variables
   ABFA_NV     AHRZ_COL

Continuous latent variables
   I_BFA_NV    S_BFA_NV    I_HRZ_CO    S_HRZ_CO

Variables with special functions

  Time scores
   BAGE_C      CAGE_C      DAGE_C


Estimator                                                      MLR
Information matrix                                        OBSERVED
Maximum number of iterations                                   100
Convergence criterion                                    0.100D-05
Maximum number of EM iterations                                500
Convergence criteria for the EM algorithm
  Loglikelihood change                                   0.100D-02
  Relative loglikelihood change                          0.100D-05
  Derivative                                             0.100D-03
Minimum variance                                         0.100D-03
Maximum number of steepest descent iterations                   20
Maximum number of iterations for H1                           2000
Convergence criterion for H1                             0.100D-03
Optimization algorithm                                         EMA

Input data file(s)
  E:\Projects\lnt_pxvx\Data\LT_227.txt
Input data format  FREE


SUMMARY OF DATA

     Number of missing data patterns            18


SUMMARY OF MISSING DATA PATTERNS


     MISSING DATA PATTERNS (x = not missing)

           1  2  3  4  5  6  7  8  9 10 11 12 13 14 15 16 17 18
 BBFA_NV   x     x  x     x     x     x  x  x  x     x
 CBFA_NV   x           x  x     x  x     x  x  x        x     x
 DBFA_NV   x     x     x  x  x  x  x     x  x  x     x  x  x  x
 BHRZ_COL  x     x  x     x     x        x     x
 CHRZ_COL  x           x        x  x        x  x              x
 DHRZ_COL  x     x     x  x  x              x  x     x        x
 ABFA_NV   x  x  x  x  x  x  x  x  x  x  x  x     x  x  x  x
 AHRZ_COL  x  x  x  x  x  x  x  x  x  x  x  x        x  x  x


     MISSING DATA PATTERN FREQUENCIES

    Pattern   Frequency     Pattern   Frequency     Pattern   Frequency
          1         490           7          24          13           3
          2         169           8          45          14           1
          3          26           9          22          15           1
          4          48          10           4          16           1
          5          21          11           1          17           1
          6           2          12           3          18           1


COVARIANCE COVERAGE OF DATA

Minimum covariance coverage value   0.100


     PROPORTION OF DATA PRESENT


           Covariance Coverage
              BBFA_NV       CBFA_NV       DBFA_NV       BHRZ_COL      CHRZ_COL
              ________      ________      ________      ________      ________
 BBFA_NV        0.722
 CBFA_NV        0.630         0.683
 DBFA_NV        0.662         0.683         0.743
 BHRZ_COL       0.713         0.627         0.657         0.713
 CHRZ_COL       0.627         0.678         0.678         0.623         0.678
 DHRZ_COL       0.608         0.603         0.662         0.604         0.600
 ABFA_NV        0.718         0.678         0.738         0.709         0.673
 AHRZ_COL       0.718         0.678         0.738         0.709         0.673


           Covariance Coverage
              DHRZ_COL      ABFA_NV       AHRZ_COL
              ________      ________      ________
 DHRZ_COL       0.662
 ABFA_NV        0.657         0.995
 AHRZ_COL       0.657         0.994         0.994


SAMPLE STATISTICS


     ESTIMATED SAMPLE STATISTICS


           Means
              BBFA_NV       CBFA_NV       DBFA_NV       BHRZ_COL      CHRZ_COL
              ________      ________      ________      ________      ________
 1             43.648        42.962        42.433        71.544        72.314


           Means
              DHRZ_COL      ABFA_NV       AHRZ_COL
              ________      ________      ________
 1             71.839        43.895        72.181


           Covariances
              BBFA_NV       CBFA_NV       DBFA_NV       BHRZ_COL      CHRZ_COL
              ________      ________      ________      ________      ________
 BBFA_NV      438.731
 CBFA_NV      370.705       452.686
 DBFA_NV      375.015       402.959       515.949
 BHRZ_COL    -104.723      -100.768      -111.538       287.728
 CHRZ_COL    -115.119      -124.935      -124.907       213.121       296.692
 DHRZ_COL     -94.503       -94.370      -114.984       206.773       215.668
 ABFA_NV      375.971       365.455       369.894       -95.296      -108.223
 AHRZ_COL    -100.280      -103.848      -101.268       207.154       197.507


           Covariances
              DHRZ_COL      ABFA_NV       AHRZ_COL
              ________      ________      ________
 DHRZ_COL     293.198
 ABFA_NV      -91.965       485.953
 AHRZ_COL     199.385      -111.681       291.424


           Correlations
              BBFA_NV       CBFA_NV       DBFA_NV       BHRZ_COL      CHRZ_COL
              ________      ________      ________      ________      ________
 BBFA_NV        1.000
 CBFA_NV        0.832         1.000
 DBFA_NV        0.788         0.834         1.000
 BHRZ_COL      -0.295        -0.279        -0.289         1.000
 CHRZ_COL      -0.319        -0.341        -0.319         0.729         1.000
 DHRZ_COL      -0.263        -0.259        -0.296         0.712         0.731
 ABFA_NV        0.814         0.779         0.739        -0.255        -0.285
 AHRZ_COL      -0.280        -0.286        -0.261         0.715         0.672


           Correlations
              DHRZ_COL      ABFA_NV       AHRZ_COL
              ________      ________      ________
 DHRZ_COL       1.000
 ABFA_NV       -0.244         1.000
 AHRZ_COL       0.682        -0.297         1.000


     MAXIMUM LOG-LIKELIHOOD VALUE FOR THE UNRESTRICTED (H1) MODEL IS -21472.176


THE MODEL ESTIMATION TERMINATED NORMALLY



MODEL FIT INFORMATION

Number of Free Parameters                       28

Loglikelihood

          H0 Value                      -21478.092
          H0 Scaling Correction Factor       1.339
            for MLR

Information Criteria

          Akaike (AIC)                   43012.184
          Bayesian (BIC)                 43145.475
          Sample-Size Adjusted BIC       43056.555
            (n* = (n + 2) / 24)



MODEL RESULTS

                                                    Two-Tailed
                    Estimate       S.E.  Est./S.E.    P-Value

 DBFA_NV    ON
    CBFA_NV            0.262      0.061      4.313      0.000
    CHRZ_COL           0.010      0.044      0.228      0.820

 CBFA_NV    ON
    BBFA_NV            0.262      0.061      4.313      0.000
    BHRZ_COL           0.010      0.044      0.228      0.820

 BBFA_NV    ON
    ABFA_NV            0.262      0.061      4.313      0.000
    AHRZ_COL           0.010      0.044      0.228      0.820

 DHRZ_COL   ON
    CHRZ_COL           0.102      0.044      2.304      0.021
    CBFA_NV            0.015      0.036      0.408      0.683

 CHRZ_COL   ON
    BHRZ_COL           0.102      0.044      2.304      0.021
    BBFA_NV            0.015      0.036      0.408      0.683

 BHRZ_COL   ON
    AHRZ_COL           0.102      0.044      2.304      0.021
    ABFA_NV            0.015      0.036      0.408      0.683

 S_BFA_NV WITH
    I_BFA_NV           0.137      0.513      0.267      0.790

 I_HRZ_CO WITH
    I_BFA_NV         -72.239     22.363     -3.230      0.001
    S_BFA_NV          -0.699      0.512     -1.364      0.172

 ABFA_NV  WITH
    I_BFA_NV         259.627     29.390      8.834      0.000
    S_BFA_NV           1.321      0.837      1.578      0.115
    I_HRZ_COL        -90.853     21.051     -4.316      0.000

 AHRZ_COL WITH
    I_BFA_NV         -72.087     16.649     -4.330      0.000
    S_BFA_NV          -0.869      0.613     -1.417      0.156
    I_HRZ_COL        175.973     16.950     10.382      0.000

 DHRZ_COL WITH
    DBFA_NV           -8.258      3.948     -2.092      0.036

 CHRZ_COL WITH
    CBFA_NV           -8.258      3.948     -2.092      0.036

 BHRZ_COL WITH
    BBFA_NV           -8.258      3.948     -2.092      0.036

 AHRZ_COL WITH
    ABFA_NV         -111.654     13.512     -8.263      0.000

 Means
    ABFA_NV           43.893      0.750     58.507      0.000
    AHRZ_COL          72.183      0.583    123.730      0.000
    I_BFA_NV          31.228      4.012      7.784      0.000
    S_BFA_NV          -0.110      0.039     -2.863      0.004
    I_HRZ_COL         63.746      3.019     21.113      0.000
    S_HRZ_COL          0.082      0.036      2.304      0.021

 Intercepts
    BBFA_NV            0.000      0.000    999.000    999.000
    CBFA_NV            0.000      0.000    999.000    999.000
    DBFA_NV            0.000      0.000    999.000    999.000
    BHRZ_COL           0.000      0.000    999.000    999.000
    CHRZ_COL           0.000      0.000    999.000    999.000
    DHRZ_COL           0.000      0.000    999.000    999.000

 Variances
    ABFA_NV          485.905     19.244     25.249      0.000
    AHRZ_COL         291.381     16.044     18.161      0.000
    I_BFA_NV         189.048     39.562      4.778      0.000
    S_BFA_NV           0.082      0.078      1.055      0.291
    I_HRZ_COL        164.520     24.245      6.786      0.000
    S_HRZ_COL          0.000      0.000    999.000    999.000

 Residual Variances
    BBFA_NV           98.916      7.219     13.703      0.000
    CBFA_NV           98.916      7.219     13.703      0.000
    DBFA_NV           98.916      7.219     13.703      0.000
    BHRZ_COL          85.981      4.953     17.358      0.000
    CHRZ_COL          85.981      4.953     17.358      0.000
    DHRZ_COL          85.981      4.953     17.358      0.000


QUALITY OF NUMERICAL RESULTS

     Condition Number for the Information Matrix              0.101E-04
       (ratio of smallest to largest eigenvalue)


     Beginning Time:  12:38:08
        Ending Time:  12:38:12
       Elapsed Time:  00:00:04



MUTHEN & MUTHEN
3463 Stoner Ave.
Los Angeles, CA  90066

Tel: (310) 391-9971
Fax: (310) 391-8971
Web: www.StatModel.com
Support: Support@StatModel.com

Copyright (c) 1998-2011 Muthen & Muthen
