Mplus VERSION 7 (Mac)
MUTHEN & MUTHEN
08/04/2017  11:26 AM

INPUT INSTRUCTIONS


  title: PxVx Univariate LCM-SR - Nat BFA_EA AR_Lin;
  data: file = /Users/johnflournoy/Documents/lnt_pxvx/Data/LT_227.txt;

  variable:
  names =
  subjid
  Sample
  aGENDER
  aAGE
  aethnic1
  aethnic2
  aedu_mom
  aedu_dad
  aEDUCATN
  bEDUCATN
  cEDUCATN
  aEMPLOYD
  bEMPLOYD
  cEMPLOYD
  dEMPLOYD
  aINCOME
  bINCOME
  cINCOME
  dINCOME
  aS_SCALE
  bS_SCALE
  cS_SCALE
  dS_SCALE
  aD_SCALE
  bD_SCALE
  cD_SCALE
  dD_SCALE
  aS_COMP
  bS_COMP
  cS_COMP
  dS_COMP
  aD_COMP
  bD_COMP
  cD_COMP
  dD_COMP
  aBFI_A
  aBFI_A6
  aBFI_C
  aBFI_E
  aBFI_HP
  aBFI_N
  aBFI_O
  bBFI_A
  bBFI_A6
  bBFI_C
  bBFI_E
  bBFI_HP
  bBFI_N
  bBFI_O
  cBFI_A
  cBFI_A6
  cBFI_C
  cBFI_E
  cBFI_HP
  cBFI_N
  cBFI_O
  dBFI_A
  dBFI_A6
  dBFI_C
  dBFI_E
  dBFI_HP
  dBFI_N
  dBFI_O
  aBFA_AC
  aBFA_AP
  aBFA_CI
  aBFA_CO
  aBFA_EA
  aBFA_EE
  aBFA_N9
  aBFA_NV
  aBFA_NW
  aBFA_OI
  aBFA_OO
  aBFA_PS
  aBFA_MT
  bBFA_AC
  bBFA_AP
  bBFA_CI
  bBFA_CO
  bBFA_EA
  bBFA_EE
  bBFA_N9
  bBFA_NV
  bBFA_NW
  bBFA_OI
  bBFA_OO
  bBFA_MT
  bBFA_PS
  cBFA_AC
  cBFA_AP
  cBFA_CI
  cBFA_CO
  cBFA_EA
  cBFA_EE
  cBFA_N9
  cBFA_NV
  cBFA_NW
  cBFA_OI
  cBFA_OO
  cBFA_MT
  cBFA_PS
  dBFA_AC
  dBFA_AP
  dBFA_CI
  dBFA_CO
  dBFA_EA
  dBFA_EE
  dBFA_N9
  dBFA_NV
  dBFA_NW
  dBFA_OI
  dBFA_OO
  dBFA_MT
  dBFA_PS
  aUSI
  bUSI
  cUSI
  dUSI
  aHRZ_IND
  bHRZ_IND
  cHRZ_IND
  dHRZ_IND
  aVRT_IND
  bVRT_IND
  cVRT_IND
  dVRT_IND
  aHRZ_COL
  bHRZ_COL
  cHRZ_COL
  dHRZ_COL
  aVRT_COL
  bVRT_COL
  cVRT_COL
  dVRT_COL
  aCOLLCTV
  bCOLLCTV
  cCOLLCTV
  dCOLLCTV
  aMVS
  bMVS
  cMVS
  dMVS
  aST
  bST
  cST
  dST
  aSD
  bSD
  cSD
  dSD
  aMVS_mc
  bMVS_mc
  cMVS_mc
  dMVS_mc
  aST_mc
  bST_mc
  cST_mc
  dST_mc
  aSD_mc
  bSD_mc
  cSD_mc
  dSD_mc
  bMEANING
  cMEANING
  dMEANING
  bMEAN_L
  cMEAN_L
  dMEAN_L
  bMEANNGc
  cMEANNGc
  dMEANNGc
  bMEANGlc
  cMEANGlc
  dMEANGlc
  bCLASSIC
  cCLASSIC
  dCLASSIC
  bCLASSCc
  cCLASSCc
  dCLASSCc
  bAGR_VAL
  cAGR_VAL
  dAGR_VAL
  bOPN_VAL
  cOPN_VAL
  dOPN_VAL
  bAGR_VLc
  cAGR_VLc
  dAGR_VLc
  bOPNVALc
  cOPNVALc
  dOPNVALc
  aMV_pomp
  bMV_pomp
  cMV_pomp
  dMV_pomp
  aST_pomp
  bST_pomp
  cST_pomp
  dST_pomp
  aSD_pomp
  bSD_pomp
  cSD_pomp
  dSD_pomp
  agoal_ec
  bgoal_ec
  cgoal_ec
  dgoal_ec
  aAspfinc
  bAspfinc
  cAspfinc
  dAspfinc
  abfi_hp8
  bbfi_hp8
  cbfi_hp8
  dbfi_hp8
  aP_S_BFI
  aP_D_BFI
  aECgoalc
  bECgoalC
  cECgoalC
  dECgoalC
  aaspfin
  baspfin
  caspfin
  daspfin
  aMVI_POMP
  bMVI_POMP
  cMVI_POMP
  dMVI_POMP;

  USEVARIABLES =
  aBFA_EA
  bBFA_EA
  cBFA_EA
  dBFA_EA
  a1
  a2
  a3
  a4
  ;

  missing = all (-9999);

  USEOBSERVATIONS are Sample == 1; ! National Sample




  tscores = a1 a2 a3 a4;

  DEFINE:
  a1 = aAGE + 0 - 36;
  a2 = aAGE + 1 - 36;
  a3 = aAGE + 2 - 36;
  a4 = aAGE + 3 - 36;


  ANALYSIS:
  TYPE=RANDOM;
  PROCESSORS = 4;
  model=nocovariances; ! supresses default estimation of certain covs in model;

  MODEL:


  i_BFA_EA s_BFA_EA |  aBFA_EA bBFA_EA cBFA_EA dBFA_EA AT a1 a2 a3 a4;


  s_BFA_EA WITH i_BFA_EA; ! freeing factor covs because of "nocovariances" option earlier;

  p1 BY aBFA_EA@1; ! Residual "factors";
  p2 BY bBFA_EA@1;
  p3 BY cBFA_EA@1;
  p4 BY dBFA_EA@1;

  !residual variances on observed/manifest vars set to 0
  aBFA_EA@0;
  bBFA_EA@0;
  cBFA_EA@0;
  dBFA_EA@0;

  ! means of observed/manifest vars set to 0
  [aBFA_EA@0];
  [bBFA_EA@0];
  [cBFA_EA@0];
  [dBFA_EA@0];

  p2 p3 p4 (c); ! estimate variances of residual "factors"

  [p1@0]; ! means of residual "factors" set to 0
  [p2@0];
  [p3@0];
  [p4@0];

  p4 on p3 (a); ! Autoregressive paths constrained to equality
  p3 on p2 (a);
  p2 on p1 (a);


  OUTPUT: SAMPSTAT PATTERNS;



*** WARNING
  Variable name contains more than 8 characters.
  Only the first 8 characters will be printed in the output.
  Variable: AMVI_POMP
*** WARNING
  Variable name contains more than 8 characters.
  Only the first 8 characters will be printed in the output.
  Variable: BMVI_POMP
*** WARNING
  Variable name contains more than 8 characters.
  Only the first 8 characters will be printed in the output.
  Variable: CMVI_POMP
*** WARNING
  Variable name contains more than 8 characters.
  Only the first 8 characters will be printed in the output.
  Variable: DMVI_POMP
*** WARNING
  Data set contains cases with missing on time scores but non-missing on the
  corresponding dependent variables.  These cases were not included in the analysis.
  Number of such cases:  16
   5 WARNING(S) FOUND IN THE INPUT INSTRUCTIONS



PxVx Univariate LCM-SR - Nat BFA_EA AR_Lin;

SUMMARY OF ANALYSIS

Number of groups                                                 1
Number of observations                                         863

Number of dependent variables                                    4
Number of independent variables                                  0
Number of continuous latent variables                            6

Observed dependent variables

  Continuous
   ABFA_EA     BBFA_EA     CBFA_EA     DBFA_EA

Continuous latent variables
   P1          P2          P3          P4          I_BFA_EA    S_BFA_EA

Variables with special functions

  Time scores
   A1          A2          A3          A4


Estimator                                                      MLR
Information matrix                                        OBSERVED
Maximum number of iterations                                   100
Convergence criterion                                    0.100D-05
Maximum number of EM iterations                                500
Convergence criteria for the EM algorithm
  Loglikelihood change                                   0.100D-02
  Relative loglikelihood change                          0.100D-05
  Derivative                                             0.100D-03
Minimum variance                                         0.100D-03
Maximum number of steepest descent iterations                   20
Maximum number of iterations for H1                           2000
Convergence criterion for H1                             0.100D-03
Optimization algorithm                                         EMA

Input data file(s)
  /Users/johnflournoy/Documents/lnt_pxvx/Data/LT_227.txt
Input data format  FREE


SUMMARY OF DATA

     Number of missing data patterns            10


SUMMARY OF MISSING DATA PATTERNS


     MISSING DATA PATTERNS (x = not missing)

           1  2  3  4  5  6  7  8  9 10
 ABFA_EA   x  x  x  x  x  x  x  x
 BBFA_EA   x     x  x        x     x
 CBFA_EA   x           x     x  x  x  x
 DBFA_EA   x     x     x  x        x  x


     MISSING DATA PATTERN FREQUENCIES

    Pattern   Frequency     Pattern   Frequency     Pattern   Frequency
          1         491           5          22           9           5
          2         170           6          25          10           1
          3          27           7          47
          4          52           8          23


COVARIANCE COVERAGE OF DATA

Minimum covariance coverage value   0.100


     PROPORTION OF DATA PRESENT


           Covariance Coverage
              ABFA_EA       BBFA_EA       CBFA_EA       DBFA_EA
              ________      ________      ________      ________
 ABFA_EA        0.993
 BBFA_EA        0.715         0.721
 CBFA_EA        0.676         0.629         0.683
 DBFA_EA        0.655         0.606         0.601         0.662


SAMPLE STATISTICS


     ESTIMATED SAMPLE STATISTICS


           Means
              ABFA_EA       BBFA_EA       CBFA_EA       DBFA_EA
              ________      ________      ________      ________
 1             61.579        61.174        60.441        60.490


           Covariances
              ABFA_EA       BBFA_EA       CBFA_EA       DBFA_EA
              ________      ________      ________      ________
 ABFA_EA      385.314
 BBFA_EA      323.712       371.912
 CBFA_EA      314.342       316.171       377.689
 DBFA_EA      311.385       311.929       331.833       387.137


           Correlations
              ABFA_EA       BBFA_EA       CBFA_EA       DBFA_EA
              ________      ________      ________      ________
 ABFA_EA        1.000
 BBFA_EA        0.855         1.000
 CBFA_EA        0.824         0.844         1.000
 DBFA_EA        0.806         0.822         0.868         1.000


     MAXIMUM LOG-LIKELIHOOD VALUE FOR THE UNRESTRICTED (H1) MODEL IS -10344.987


THE MODEL ESTIMATION TERMINATED NORMALLY



MODEL FIT INFORMATION

Number of Free Parameters                        8

Loglikelihood

          H0 Value                      -10350.105
          H0 Scaling Correction Factor      1.2408
            for MLR

Information Criteria

          Akaike (AIC)                   20716.210
          Bayesian (BIC)                 20754.293
          Sample-Size Adjusted BIC       20728.887
            (n* = (n + 2) / 24)



MODEL RESULTS

                                                    Two-Tailed
                    Estimate       S.E.  Est./S.E.    P-Value

 P1       BY
    ABFA_EA            1.000      0.000    999.000    999.000

 P2       BY
    BBFA_EA            1.000      0.000    999.000    999.000

 P3       BY
    CBFA_EA            1.000      0.000    999.000    999.000

 P4       BY
    DBFA_EA            1.000      0.000    999.000    999.000

 P4         ON
    P3                 0.247      0.066      3.726      0.000

 P3         ON
    P2                 0.247      0.066      3.726      0.000

 P2         ON
    P1                 0.247      0.066      3.726      0.000

 S_BFA_EA WITH
    I_BFA_EA          -1.607      0.865     -1.857      0.063

 Means
    P1                 0.000      0.000    999.000    999.000
    I_BFA_EA          61.052      0.642     95.162      0.000
    S_BFA_EA           0.068      0.054      1.246      0.213

 Intercepts
    ABFA_EA            0.000      0.000    999.000    999.000
    BBFA_EA            0.000      0.000    999.000    999.000
    CBFA_EA            0.000      0.000    999.000    999.000
    DBFA_EA            0.000      0.000    999.000    999.000
    P2                 0.000      0.000    999.000    999.000
    P3                 0.000      0.000    999.000    999.000
    P4                 0.000      0.000    999.000    999.000

 Variances
    P1                76.058      7.743      9.823      0.000
    I_BFA_EA         300.241     21.990     13.654      0.000
    S_BFA_EA           0.098      0.157      0.623      0.533

 Residual Variances
    ABFA_EA            0.000      0.000    999.000    999.000
    BBFA_EA            0.000      0.000    999.000    999.000
    CBFA_EA            0.000      0.000    999.000    999.000
    DBFA_EA            0.000      0.000    999.000    999.000
    P2                67.884      4.911     13.824      0.000
    P3                67.884      4.911     13.824      0.000
    P4                67.884      4.911     13.824      0.000


QUALITY OF NUMERICAL RESULTS

     Condition Number for the Information Matrix              0.435E-03
       (ratio of smallest to largest eigenvalue)


     Beginning Time:  11:26:47
        Ending Time:  11:26:52
       Elapsed Time:  00:00:05



MUTHEN & MUTHEN
3463 Stoner Ave.
Los Angeles, CA  90066

Tel: (310) 391-9971
Fax: (310) 391-8971
Web: www.StatModel.com
Support: Support@StatModel.com

Copyright (c) 1998-2012 Muthen & Muthen
