Mplus VERSION 8 (Linux)
MUTHEN & MUTHEN
07/07/2018   6:36 PM

INPUT INSTRUCTIONS


  title: PxVx Bivariate LCM-SR - decadegroup - Linear bfas_ci with Linear hrz_ind;
  data: file = /home/jflournoy/code_new/lnt_pxvx/Data/lnt_nat_recalc.tsv;

  variable:
  names =
  subjid
  aage
  aaspfin
  aaspfin_d
  abfa_mt
  abfa_mt_d
  abfas_ac
  abfas_ap
  abfas_ci
  abfas_co
  abfas_ea
  abfas_ee
  abfas_nv
  abfas_nv9
  abfas_nw
  abfas_oi
  abfas_oo
  abfi_a
  abfi_a6
  abfi_c
  abfi_d_scale
  abfi_e
  abfi_hp8
  abfi_n
  abfi_o
  abfi_s_scale
  ahrz_col
  ahrz_col_d
  ahrz_ind
  ahrz_ind_d
  amvi
  ausi
  ausi_d
  avrt_col
  avrt_col_d
  avrt_ind
  avrt_ind_d
  bage
  baspfin
  baspfin_d
  bbfa_mt
  bbfa_mt_d
  bbfas_ac
  bbfas_ap
  bbfas_ci
  bbfas_co
  bbfas_ea
  bbfas_ee
  bbfas_nv
  bbfas_nv9
  bbfas_nw
  bbfas_oi
  bbfas_oo
  bbfi_a
  bbfi_a6
  bbfi_c
  bbfi_d_scale
  bbfi_e
  bbfi_hp8
  bbfi_n
  bbfi_o
  bbfi_s_scale
  bhrz_col
  bhrz_col_d
  bhrz_ind
  bhrz_ind_d
  bmvi
  busi
  busi_d
  bvrt_col
  bvrt_col_d
  bvrt_ind
  bvrt_ind_d
  cage
  caspfin
  caspfin_d
  cbfa_mt
  cbfa_mt_d
  cbfas_ac
  cbfas_ap
  cbfas_ci
  cbfas_co
  cbfas_ea
  cbfas_ee
  cbfas_nv
  cbfas_nv9
  cbfas_nw
  cbfas_oi
  cbfas_oo
  cbfi_a
  cbfi_a6
  cbfi_c
  cbfi_d_scale
  cbfi_e
  cbfi_hp8
  cbfi_n
  cbfi_o
  cbfi_s_scale
  chrz_col
  chrz_col_d
  chrz_ind
  chrz_ind_d
  cmvi
  cusi
  cusi_d
  cvrt_col
  cvrt_col_d
  cvrt_ind
  cvrt_ind_d
  dage
  daspfin
  daspfin_d
  dbfa_mt
  dbfa_mt_d
  dbfas_ac
  dbfas_ap
  dbfas_ci
  dbfas_co
  dbfas_ea
  dbfas_ee
  dbfas_nv
  dbfas_nv9
  dbfas_nw
  dbfas_oi
  dbfas_oo
  dbfi_a
  dbfi_a6
  dbfi_c
  dbfi_d_scale
  dbfi_e
  dbfi_hp8
  dbfi_n
  dbfi_o
  dbfi_s_scale
  dhrz_col
  dhrz_col_d
  dhrz_ind
  dhrz_ind_d
  dmvi
  dusi
  dusi_d
  dvrt_col
  dvrt_col_d
  dvrt_ind
  dvrt_ind_d;

  USEVARIABLES =
  abfas_ci
  bbfas_ci
  cbfas_ci
  dbfas_ci
  ahrz_ind
  bhrz_ind
  chrz_ind
  dhrz_ind
  a1
  a2
  a3
  a4
  ;

  missing = all (-9999);

  tscores = a1 a2 a3 a4;

  grouping = aage (0=d2, 1=d3, 2=d4, 3=d5);

  DEFINE:

  cut aage (29 39 49);

  a1 = aage + 0 - 36;
  a2 = aage + 1 - 36;
  a3 = aage + 2 - 36;
  a4 = aage + 3 - 36;

  ANALYSIS:
  TYPE=RANDOM;
  PROCESSORS = 6;
  model=nocovariances; ! supresses default estimation of certain covs in model;

  MODEL:

  i_bfas_ci s_bfas_ci | abfas_ci bbfas_ci cbfas_ci dbfas_ci AT a1 a2 a3 a4;
  i_hrz_ind s_hrz_ind | ahrz_ind bhrz_ind chrz_ind dhrz_ind AT a1 a2 a3 a4;

  ! freeing factor covs because of "nocovariances"
  s_bfas_ci WITH i_bfas_ci s_hrz_ind i_hrz_ind;
  i_bfas_ci WITH s_hrz_ind i_hrz_ind;
  s_hrz_ind WITH i_hrz_ind;

  p1 BY abfas_ci@1; ! Residual "factors";
  p2 BY bbfas_ci@1;
  p3 BY cbfas_ci@1;
  p4 BY dbfas_ci@1;

  v1 BY ahrz_ind@1; ! Residual "factors";
  v2 BY bhrz_ind@1;
  v3 BY chrz_ind@1;
  v4 BY dhrz_ind@1;

  !residual variances on observed/manifest vars set to 0
  abfas_ci@0;
  bbfas_ci@0;
  cbfas_ci@0;
  dbfas_ci@0;

  !residual variances on observed/manifest vars set to 0
  ahrz_ind@0;
  bhrz_ind@0;
  chrz_ind@0;
  dhrz_ind@0;

  ! means of observed/manifest vars set to 0
  [abfas_ci@0];
  [bbfas_ci@0];
  [cbfas_ci@0];
  [dbfas_ci@0];

  ! means of observed/manifest vars set to 0
  [ahrz_ind@0];
  [bhrz_ind@0];
  [chrz_ind@0];
  [dhrz_ind@0];

  [p1@0]; ! means of residual "factors" set to 0
  [p2@0];
  [p3@0];
  [p4@0];

  [v1@0]; ! means of residual "factors" set to 0
  [v2@0];
  [v3@0];
  [v4@0];

  p4 on p3 (a); ! Autoregressive paths constrained to equality
  p3 on p2 (a);
  p2 on p1 (a);

  v4 on v3 (b); ! Autoregressive paths constrained to equality
  v3 on v2 (b);
  v2 on v1 (b);

  p4 on v3 (c); ! Cross-lagged paths constrained to equality
  p3 on v2 (c);
  p2 on v1 (c);

  v4 on p3 (d); ! Cross-lagged paths constrained to equality
  v3 on p2 (d);
  v2 on p1 (d);

  p1 with v1; !(this one is not like the others)

  p2 with v2 (e); ! Within-wave correlations constrained to equality
  p3 with v3 (e);
  p4 with v4 (e);

  p2 p3 p4 (f); ! estimate variances of residual "factors"
  v2 v3 v4 (g); ! estimate variances of residual "factors"

  MODEL d2:

  p4 on p3 (a2); ! Autoregressive paths constrained to equality
  p3 on p2 (a2);
  p2 on p1 (a2);

  v4 on v3 (b2); ! Autoregressive paths constrained to equality
  v3 on v2 (b2);
  v2 on v1 (b2);

  p4 on v3 (c2); ! Cross-lagged paths constrained to equality
  p3 on v2 (c2);
  p2 on v1 (c2);

  v4 on p3 (d2); ! Cross-lagged paths constrained to equality
  v3 on p2 (d2);
  v2 on p1 (d2);

  p1 with v1; !(this one is not like the others)

  p2 with v2 (e2); ! Within-wave correlations constrained to equality
  p3 with v3 (e2);
  p4 with v4 (e2);

  p2 p3 p4 (f2); ! estimate variances of residual "factors"
  v2 v3 v4 (g2); ! estimate variances of residual "factors"

  MODEL d3:

  p4 on p3 (a3); ! Autoregressive paths constrained to equality
  p3 on p2 (a3);
  p2 on p1 (a3);

  v4 on v3 (b3); ! Autoregressive paths constrained to equality
  v3 on v2 (b3);
  v2 on v1 (b3);

  p4 on v3 (c3); ! Cross-lagged paths constrained to equality
  p3 on v2 (c3);
  p2 on v1 (c3);

  v4 on p3 (d3); ! Cross-lagged paths constrained to equality
  v3 on p2 (d3);
  v2 on p1 (d3);

  p1 with v1; !(this one is not like the others)

  p2 with v2 (e3); ! Within-wave correlations constrained to equality
  p3 with v3 (e3);
  p4 with v4 (e3);

  p2 p3 p4 (f3); ! estimate variances of residual "factors"
  v2 v3 v4 (g3); ! estimate variances of residual "factors"

  MODEL d4:

  p4 on p3 (a4); ! Autoregressive paths constrained to equality
  p3 on p2 (a4);
  p2 on p1 (a4);

  v4 on v3 (b4); ! Autoregressive paths constrained to equality
  v3 on v2 (b4);
  v2 on v1 (b4);

  p4 on v3 (c4); ! Cross-lagged paths constrained to equality
  p3 on v2 (c4);
  p2 on v1 (c4);

  v4 on p3 (d4); ! Cross-lagged paths constrained to equality
  v3 on p2 (d4);
  v2 on p1 (d4);

  p1 with v1; !(this one is not like the others)

  p2 with v2 (e4); ! Within-wave correlations constrained to equality
  p3 with v3 (e4);
  p4 with v4 (e4);

  p2 p3 p4 (f4); ! estimate variances of residual "factors"
  v2 v3 v4 (g4); ! estimate variances of residual "factors"

  MODEL d5:

  p4 on p3 (a5); ! Autoregressive paths constrained to equality
  p3 on p2 (a5);
  p2 on p1 (a5);

  v4 on v3 (b5); ! Autoregressive paths constrained to equality
  v3 on v2 (b5);
  v2 on v1 (b5);

  p4 on v3 (c5); ! Cross-lagged paths constrained to equality
  p3 on v2 (c5);
  p2 on v1 (c5);

  v4 on p3 (d5); ! Cross-lagged paths constrained to equality
  v3 on p2 (d5);
  v2 on p1 (d5);

  p1 with v1; !(this one is not like the others)

  p2 with v2 (e5); ! Within-wave correlations constrained to equality
  p3 with v3 (e5);
  p4 with v4 (e5);

  p2 p3 p4 (f5); ! estimate variances of residual "factors"
  v2 v3 v4 (g5); ! estimate variances of residual "factors"

  OUTPUT: SAMPSTAT PATTERNS;



*** WARNING
  Data set contains unknown or missing values for GROUPING,
  PATTERN, COHORT, CLUSTER and/or STRATIFICATION variables.
  Number of cases with unknown or missing values:  5
   1 WARNING(S) FOUND IN THE INPUT INSTRUCTIONS



PxVx Bivariate LCM-SR - decadegroup - Linear bfas_ci with Linear hrz_ind;

SUMMARY OF ANALYSIS

Number of groups                                                 4
Number of observations
   Group D2                                                    301
   Group D3                                                    233
   Group D4                                                    198
   Group D5                                                    132
   Total sample size                                           864

Number of dependent variables                                    8
Number of independent variables                                  0
Number of continuous latent variables                           12

Observed dependent variables

  Continuous
   ABFAS_CI    BBFAS_CI    CBFAS_CI    DBFAS_CI    AHRZ_IND    BHRZ_IND
   CHRZ_IND    DHRZ_IND

Continuous latent variables
   P1          P2          P3          P4          V1          V2
   V3          V4          I_BFAS_C    S_BFAS_C    I_HRZ_IN    S_HRZ_IN

Variables with special functions

  Grouping variable     AAGE

  Time scores
   A1          A2          A3          A4


Estimator                                                      MLR
Information matrix                                        OBSERVED
Maximum number of iterations                                   100
Convergence criterion                                    0.100D-05
Maximum number of EM iterations                                500
Convergence criteria for the EM algorithm
  Loglikelihood change                                   0.100D-02
  Relative loglikelihood change                          0.100D-05
  Derivative                                             0.100D-03
Minimum variance                                         0.100D-03
Maximum number of steepest descent iterations                   20
Maximum number of iterations for H1                           2000
Convergence criterion for H1                             0.100D-03
Optimization algorithm                                         EMA

Input data file(s)
  /home/jflournoy/code_new/lnt_pxvx/Data/lnt_nat_recalc.tsv
Input data format  FREE


SUMMARY OF DATA

   Group D2
     Number of missing data patterns            15

   Group D3
     Number of missing data patterns            10

   Group D4
     Number of missing data patterns            14

   Group D5
     Number of missing data patterns             9


SUMMARY OF MISSING DATA PATTERNS


     MISSING DATA PATTERNS (x = not missing) FOR D2

           1  2  3  4  5  6  7  8  9 10 11 12 13 14 15
 ABFAS_CI  x  x  x  x  x  x  x  x  x  x     x  x  x  x
 BBFAS_CI  x     x  x  x  x           x  x  x  x  x
 CBFAS_CI  x        x     x     x  x  x  x  x  x     x
 DBFAS_CI  x     x  x        x     x     x  x        x
 AHRZ_IND  x  x  x  x  x  x  x  x  x  x  x  x  x  x  x
 BHRZ_IND  x     x  x  x  x           x  x     x     x
 CHRZ_IND  x              x     x  x     x  x  x     x
 DHRZ_IND  x     x  x        x     x     x  x  x     x


     MISSING DATA PATTERN FREQUENCIES FOR D2

    Pattern   Frequency     Pattern   Frequency     Pattern   Frequency
          1         185           6          13          11           1
          2          57           7          11          12           2
          3           6           8           5          13           1
          4           1           9           5          14           1
          5          11          10           1          15           1


     MISSING DATA PATTERNS (x = not missing) FOR D3

           1  2  3  4  5  6  7  8  9 10
 ABFAS_CI  x  x  x  x  x  x  x  x  x  x
 BBFAS_CI  x     x  x  x           x
 CBFAS_CI  x           x     x  x
 DBFAS_CI  x     x        x     x     x
 AHRZ_IND  x  x  x  x  x  x  x  x  x  x
 BHRZ_IND  x     x  x  x
 CHRZ_IND  x           x     x  x
 DHRZ_IND  x     x        x     x


     MISSING DATA PATTERN FREQUENCIES FOR D3

    Pattern   Frequency     Pattern   Frequency     Pattern   Frequency
          1         140           5           7           9           1
          2          44           6           3          10           1
          3           8           7           7
          4          15           8           7


     MISSING DATA PATTERNS (x = not missing) FOR D4

           1  2  3  4  5  6  7  8  9 10 11 12 13 14
 ABFAS_CI  x  x  x  x  x  x  x  x  x  x  x  x  x  x
 BBFAS_CI  x     x  x  x  x           x  x     x
 CBFAS_CI  x        x     x     x  x  x           x
 DBFAS_CI  x     x  x        x     x  x        x
 AHRZ_IND  x  x  x  x  x  x  x  x  x  x  x     x  x
 BHRZ_IND  x     x  x  x  x
 CHRZ_IND  x              x     x  x  x
 DHRZ_IND  x     x  x        x     x  x        x


     MISSING DATA PATTERN FREQUENCIES FOR D4

    Pattern   Frequency     Pattern   Frequency     Pattern   Frequency
          1         104           6          15          11           2
          2          39           7           4          12           1
          3           7           8           5          13           1
          4           1           9           5          14           1
          5          12          10           1


     MISSING DATA PATTERNS (x = not missing) FOR D5

           1  2  3  4  5  6  7  8  9
 ABFAS_CI  x  x  x  x  x  x  x  x
 BBFAS_CI  x     x  x  x           x
 CBFAS_CI  x           x     x  x  x
 DBFAS_CI  x     x        x     x  x
 AHRZ_IND  x  x  x  x  x  x  x  x  x
 BHRZ_IND  x     x  x  x           x
 CHRZ_IND  x           x     x  x  x
 DHRZ_IND  x     x        x     x  x


     MISSING DATA PATTERN FREQUENCIES FOR D5

    Pattern   Frequency     Pattern   Frequency     Pattern   Frequency
          1          60           4          10           7           6
          2          29           5          11           8           4
          3           5           6           6           9           1


COVARIANCE COVERAGE OF DATA

Minimum covariance coverage value   0.100


     PROPORTION OF DATA PRESENT FOR D2


           Covariance Coverage
              ABFAS_CI      BBFAS_CI      CBFAS_CI      DBFAS_CI      AHRZ_IND
              ________      ________      ________      ________      ________
 ABFAS_CI       0.997
 BBFAS_CI       0.734         0.738
 CBFAS_CI       0.711         0.678         0.714
 DBFAS_CI       0.701         0.648         0.648         0.704
 AHRZ_IND       0.997         0.738         0.714         0.704         1.000
 BHRZ_IND       0.728         0.728         0.674         0.645         0.731
 CHRZ_IND       0.704         0.671         0.708         0.645         0.708
 DHRZ_IND       0.704         0.651         0.651         0.704         0.708


           Covariance Coverage
              BHRZ_IND      CHRZ_IND      DHRZ_IND
              ________      ________      ________
 BHRZ_IND       0.731
 CHRZ_IND       0.668         0.708
 DHRZ_IND       0.648         0.648         0.708


     PROPORTION OF DATA PRESENT FOR D3


           Covariance Coverage
              ABFAS_CI      BBFAS_CI      CBFAS_CI      DBFAS_CI      AHRZ_IND
              ________      ________      ________      ________      ________
 ABFAS_CI       1.000
 BBFAS_CI       0.747         0.747
 CBFAS_CI       0.717         0.682         0.717
 DBFAS_CI       0.734         0.700         0.670         0.734
 AHRZ_IND       1.000         0.747         0.717         0.734         1.000
 BHRZ_IND       0.747         0.747         0.682         0.700         0.747
 CHRZ_IND       0.648         0.614         0.648         0.605         0.648
 DHRZ_IND       0.734         0.700         0.670         0.734         0.734


           Covariance Coverage
              BHRZ_IND      CHRZ_IND      DHRZ_IND
              ________      ________      ________
 BHRZ_IND       0.747
 CHRZ_IND       0.614         0.648
 DHRZ_IND       0.700         0.605         0.734


     PROPORTION OF DATA PRESENT FOR D4


           Covariance Coverage
              ABFAS_CI      BBFAS_CI      CBFAS_CI      DBFAS_CI      AHRZ_IND
              ________      ________      ________      ________      ________
 ABFAS_CI       0.990
 BBFAS_CI       0.722         0.732
 CBFAS_CI       0.672         0.631         0.682
 DBFAS_CI       0.616         0.581         0.571         0.626
 AHRZ_IND       0.990         0.732         0.682         0.626         1.000
 BHRZ_IND       0.712         0.722         0.626         0.576         0.722
 CHRZ_IND       0.662         0.621         0.672         0.566         0.672
 DHRZ_IND       0.621         0.586         0.576         0.626         0.631


           Covariance Coverage
              BHRZ_IND      CHRZ_IND      DHRZ_IND
              ________      ________      ________
 BHRZ_IND       0.722
 CHRZ_IND       0.616         0.672
 DHRZ_IND       0.581         0.571         0.631


     PROPORTION OF DATA PRESENT FOR D5


           Covariance Coverage
              ABFAS_CI      BBFAS_CI      CBFAS_CI      DBFAS_CI      AHRZ_IND
              ________      ________      ________      ________      ________
 ABFAS_CI       1.000
 BBFAS_CI       0.697         0.697
 CBFAS_CI       0.614         0.576         0.614
 DBFAS_CI       0.621         0.568         0.538         0.621
 AHRZ_IND       1.000         0.697         0.614         0.621         1.000
 BHRZ_IND       0.697         0.697         0.576         0.568         0.697
 CHRZ_IND       0.538         0.500         0.538         0.462         0.538
 DHRZ_IND       0.621         0.568         0.538         0.621         0.621


           Covariance Coverage
              BHRZ_IND      CHRZ_IND      DHRZ_IND
              ________      ________      ________
 BHRZ_IND       0.697
 CHRZ_IND       0.500         0.538
 DHRZ_IND       0.568         0.462         0.621


SAMPLE STATISTICS


     ESTIMATED SAMPLE STATISTICS FOR D2


           Means
              ABFAS_CI      BBFAS_CI      CBFAS_CI      DBFAS_CI      AHRZ_IND
              ________      ________      ________      ________      ________
               59.807        59.058        58.259        59.147        75.415


           Means
              BHRZ_IND      CHRZ_IND      DHRZ_IND
              ________      ________      ________
               74.985        74.269        74.018


           Covariances
              ABFAS_CI      BBFAS_CI      CBFAS_CI      DBFAS_CI      AHRZ_IND
              ________      ________      ________      ________      ________
 ABFAS_CI     358.023
 BBFAS_CI     260.479       322.535
 CBFAS_CI     232.630       240.753       290.695
 DBFAS_CI     251.836       247.311       246.343       329.893
 AHRZ_IND      12.751         6.940        -8.934       -19.093       236.885
 BHRZ_IND      31.232        23.710        16.616        18.945       136.523
 CHRZ_IND      25.901        38.266        35.564        44.141       111.109
 DHRZ_IND      35.833        36.076        19.793        23.274       105.820


           Covariances
              BHRZ_IND      CHRZ_IND      DHRZ_IND
              ________      ________      ________
 BHRZ_IND     236.636
 CHRZ_IND     121.665       256.750
 DHRZ_IND     123.750       150.347       250.049


           Correlations
              ABFAS_CI      BBFAS_CI      CBFAS_CI      DBFAS_CI      AHRZ_IND
              ________      ________      ________      ________      ________
 ABFAS_CI       1.000
 BBFAS_CI       0.767         1.000
 CBFAS_CI       0.721         0.786         1.000
 DBFAS_CI       0.733         0.758         0.795         1.000
 AHRZ_IND       0.044         0.025        -0.034        -0.068         1.000
 BHRZ_IND       0.107         0.086         0.063         0.068         0.577
 CHRZ_IND       0.085         0.133         0.130         0.152         0.451
 DHRZ_IND       0.120         0.127         0.073         0.081         0.435


           Correlations
              BHRZ_IND      CHRZ_IND      DHRZ_IND
              ________      ________      ________
 BHRZ_IND       1.000
 CHRZ_IND       0.494         1.000
 DHRZ_IND       0.509         0.593         1.000


     ESTIMATED SAMPLE STATISTICS FOR D3


           Means
              ABFAS_CI      BBFAS_CI      CBFAS_CI      DBFAS_CI      AHRZ_IND
              ________      ________      ________      ________      ________
               65.332        65.502        66.059        65.964        74.580


           Means
              BHRZ_IND      CHRZ_IND      DHRZ_IND
              ________      ________      ________
               74.063        75.504        74.092


           Covariances
              ABFAS_CI      BBFAS_CI      CBFAS_CI      DBFAS_CI      AHRZ_IND
              ________      ________      ________      ________      ________
 ABFAS_CI     337.280
 BBFAS_CI     285.452       345.442
 CBFAS_CI     249.955       271.170       322.730
 DBFAS_CI     238.443       263.077       241.648       306.226
 AHRZ_IND      41.253        13.371         5.198        10.418       271.771
 BHRZ_IND      89.715        92.040        80.235        69.052       156.080
 CHRZ_IND      52.440        40.888        46.342        31.755       170.727
 DHRZ_IND      76.662        60.830        45.854        49.336       161.596


           Covariances
              BHRZ_IND      CHRZ_IND      DHRZ_IND
              ________      ________      ________
 BHRZ_IND     283.639
 CHRZ_IND     161.117       257.356
 DHRZ_IND     189.443       182.663       267.543


           Correlations
              ABFAS_CI      BBFAS_CI      CBFAS_CI      DBFAS_CI      AHRZ_IND
              ________      ________      ________      ________      ________
 ABFAS_CI       1.000
 BBFAS_CI       0.836         1.000
 CBFAS_CI       0.758         0.812         1.000
 DBFAS_CI       0.742         0.809         0.769         1.000
 AHRZ_IND       0.136         0.044         0.018         0.036         1.000
 BHRZ_IND       0.290         0.294         0.265         0.234         0.562
 CHRZ_IND       0.178         0.137         0.161         0.113         0.646
 DHRZ_IND       0.255         0.200         0.156         0.172         0.599


           Correlations
              BHRZ_IND      CHRZ_IND      DHRZ_IND
              ________      ________      ________
 BHRZ_IND       1.000
 CHRZ_IND       0.596         1.000
 DHRZ_IND       0.688         0.696         1.000


     ESTIMATED SAMPLE STATISTICS FOR D4


           Means
              ABFAS_CI      BBFAS_CI      CBFAS_CI      DBFAS_CI      AHRZ_IND
              ________      ________      ________      ________      ________
               64.874        64.402        65.394        64.065        72.817


           Means
              BHRZ_IND      CHRZ_IND      DHRZ_IND
              ________      ________      ________
               75.071        73.294        73.464


           Covariances
              ABFAS_CI      BBFAS_CI      CBFAS_CI      DBFAS_CI      AHRZ_IND
              ________      ________      ________      ________      ________
 ABFAS_CI     320.088
 BBFAS_CI     241.037       276.250
 CBFAS_CI     257.745       257.993       349.488
 DBFAS_CI     214.001       227.896       275.930       305.258
 AHRZ_IND      45.550        23.057        26.459       -10.822       259.538
 BHRZ_IND      58.682        53.206        56.193        35.314       129.144
 CHRZ_IND      48.374        45.172        44.890        23.102       126.715
 DHRZ_IND      34.967        30.164        35.402        21.836       135.264


           Covariances
              BHRZ_IND      CHRZ_IND      DHRZ_IND
              ________      ________      ________
 BHRZ_IND     215.178
 CHRZ_IND     127.689       218.745
 DHRZ_IND     132.030       130.399       216.331


           Correlations
              ABFAS_CI      BBFAS_CI      CBFAS_CI      DBFAS_CI      AHRZ_IND
              ________      ________      ________      ________      ________
 ABFAS_CI       1.000
 BBFAS_CI       0.811         1.000
 CBFAS_CI       0.771         0.830         1.000
 DBFAS_CI       0.685         0.785         0.845         1.000
 AHRZ_IND       0.158         0.086         0.088        -0.038         1.000
 BHRZ_IND       0.224         0.218         0.205         0.138         0.546
 CHRZ_IND       0.183         0.184         0.162         0.089         0.532
 DHRZ_IND       0.133         0.123         0.129         0.085         0.571


           Correlations
              BHRZ_IND      CHRZ_IND      DHRZ_IND
              ________      ________      ________
 BHRZ_IND       1.000
 CHRZ_IND       0.589         1.000
 DHRZ_IND       0.612         0.599         1.000


     ESTIMATED SAMPLE STATISTICS FOR D5


           Means
              ABFAS_CI      BBFAS_CI      CBFAS_CI      DBFAS_CI      AHRZ_IND
              ________      ________      ________      ________      ________
               64.629        65.292        65.488        65.356        74.495


           Means
              BHRZ_IND      CHRZ_IND      DHRZ_IND
              ________      ________      ________
               72.268        74.666        71.408


           Covariances
              ABFAS_CI      BBFAS_CI      CBFAS_CI      DBFAS_CI      AHRZ_IND
              ________      ________      ________      ________      ________
 ABFAS_CI     304.355
 BBFAS_CI     238.308       305.612
 CBFAS_CI     220.744       223.673       271.575
 DBFAS_CI     238.946       255.739       234.713       315.986
 AHRZ_IND      10.151        19.952         5.119        -0.673       226.952
 BHRZ_IND      44.054        71.682        62.356        48.425       148.527
 CHRZ_IND      -0.471         8.545        11.880         6.213       122.210
 DHRZ_IND       4.846        30.291        34.913        25.779       129.882


           Covariances
              BHRZ_IND      CHRZ_IND      DHRZ_IND
              ________      ________      ________
 BHRZ_IND     281.599
 CHRZ_IND     149.356       208.346
 DHRZ_IND     167.414       148.516       230.840


           Correlations
              ABFAS_CI      BBFAS_CI      CBFAS_CI      DBFAS_CI      AHRZ_IND
              ________      ________      ________      ________      ________
 ABFAS_CI       1.000
 BBFAS_CI       0.781         1.000
 CBFAS_CI       0.768         0.776         1.000
 DBFAS_CI       0.771         0.823         0.801         1.000
 AHRZ_IND       0.039         0.076         0.021        -0.003         1.000
 BHRZ_IND       0.150         0.244         0.225         0.162         0.588
 CHRZ_IND      -0.002         0.034         0.050         0.024         0.562
 DHRZ_IND       0.018         0.114         0.139         0.095         0.567


           Correlations
              BHRZ_IND      CHRZ_IND      DHRZ_IND
              ________      ________      ________
 BHRZ_IND       1.000
 CHRZ_IND       0.617         1.000
 DHRZ_IND       0.657         0.677         1.000


     MAXIMUM LOG-LIKELIHOOD VALUE FOR THE UNRESTRICTED (H1) MODEL IS -20872.305


UNIVARIATE SAMPLE STATISTICS


     UNIVARIATE HIGHER-ORDER MOMENT DESCRIPTIVE STATISTICS FOR D2

         Variable/         Mean/     Skewness/   Minimum/ % with                Percentiles
        Sample Size      Variance    Kurtosis    Maximum  Min/Max      20%/60%    40%/80%    Median

     ABFAS_CI             59.766      -0.230       7.500    0.33%      45.000     55.000     60.000
             300.000     358.296      -0.261     100.000    0.67%      65.000     77.500
     BBFAS_CI             59.170      -0.067       2.500    0.45%      44.444     55.000     60.000
             222.000     302.066      -0.226     100.000    0.45%      62.500     75.000
     CBFAS_CI             58.339      -0.095      17.500    0.93%      45.000     55.000     57.500
             215.000     275.273      -0.351      95.000    0.47%      60.000     75.000
     DBFAS_CI             59.835      -0.120       7.500    0.47%      42.500     55.000     60.000
             212.000     314.654      -0.317      97.500    1.42%      65.000     75.000
     AHRZ_IND             75.415      -0.373      31.250    0.66%      62.500     75.000     75.000
             301.000     236.885      -0.408     100.000    7.64%      81.250     87.500
     BHRZ_IND             74.830      -0.304      31.250    0.91%      62.500     68.750     75.000
             220.000     238.410      -0.339     100.000    8.64%      81.250     87.500
     CHRZ_IND             74.697      -0.494      25.000    0.94%      62.500     68.750     75.000
             213.000     253.132       0.068     100.000    8.45%      81.250     87.500
     DHRZ_IND             74.736      -0.438      18.750    0.47%      62.500     75.000     75.000
             213.000     245.492      -0.102     100.000    8.92%      81.250     87.500


     UNIVARIATE HIGHER-ORDER MOMENT DESCRIPTIVE STATISTICS FOR D3

         Variable/         Mean/     Skewness/   Minimum/ % with                Percentiles
        Sample Size      Variance    Kurtosis    Maximum  Min/Max      20%/60%    40%/80%    Median

     ABFAS_CI             65.332      -0.404      11.111    0.43%      50.000     62.500     67.500
             233.000     337.280      -0.305     100.000    1.29%      72.500     82.500
     BBFAS_CI             66.093      -0.309      22.500    1.75%      50.000     60.000     66.667
             171.000     330.869      -0.559     100.000    0.58%      72.500     82.500
     CBFAS_CI             66.149      -0.364      17.500    1.24%      52.500     62.500     67.500
             161.000     321.972      -0.224     100.000    1.24%      70.000     82.500
     DBFAS_CI             66.441      -0.006      22.500    0.63%      50.000     62.500     65.000
             159.000     296.093      -0.743     100.000    1.26%      70.000     82.500
     AHRZ_IND             74.580      -0.489      25.000    0.86%      62.500     68.750     75.000
             233.000     271.771      -0.054     100.000    7.73%      81.250     87.500
     BHRZ_IND             73.922      -0.187      31.250    0.59%      56.250     68.750     75.000
             170.000     282.436      -0.638     100.000   12.35%      81.250     87.500
     CHRZ_IND             75.505      -0.411      25.000    0.62%      62.500     75.000     75.000
             161.000     256.684      -0.166     100.000   10.56%      81.250     93.750
     DHRZ_IND             74.130      -0.525      25.000    0.63%      62.500     75.000     75.000
             158.000     267.241      -0.170     100.000    6.96%      81.250     87.500


     UNIVARIATE HIGHER-ORDER MOMENT DESCRIPTIVE STATISTICS FOR D4

         Variable/         Mean/     Skewness/   Minimum/ % with                Percentiles
        Sample Size      Variance    Kurtosis    Maximum  Min/Max      20%/60%    40%/80%    Median

     ABFAS_CI             64.874      -0.297      16.667    0.51%      50.000     60.000     65.000
             198.000     320.088      -0.193     100.000    2.02%      70.000     80.000
     BBFAS_CI             64.204      -0.176      15.000    0.70%      50.000     60.000     65.000
             143.000     279.334      -0.136     100.000    1.40%      67.500     80.000
     CBFAS_CI             65.985      -0.324      10.000    0.76%      47.500     62.500     67.500
             132.000     354.522      -0.038     100.000    2.27%      70.000     82.500
     DBFAS_CI             64.634      -0.160      10.000    0.81%      47.500     57.500     65.000
             123.000     322.529      -0.222      97.500    3.25%      70.000     80.000
     AHRZ_IND             72.832      -0.469      18.750    0.51%      62.500     68.750     75.000
             197.000     259.528      -0.234     100.000    4.06%      75.000     87.500
     BHRZ_IND             75.719      -0.291      31.250    0.72%      62.500     75.000     75.000
             139.000     213.624      -0.127     100.000    8.63%      81.250     87.500
     CHRZ_IND             73.269      -0.318      31.250    0.77%      62.500     68.750     75.000
             130.000     216.355      -0.318     100.000    3.85%      75.000     87.500
     DHRZ_IND             73.086      -0.623      25.000    0.81%      62.500     68.750     75.000
             123.000     225.242       0.141     100.000    3.25%      81.250     87.500


     UNIVARIATE HIGHER-ORDER MOMENT DESCRIPTIVE STATISTICS FOR D5

         Variable/         Mean/     Skewness/   Minimum/ % with                Percentiles
        Sample Size      Variance    Kurtosis    Maximum  Min/Max      20%/60%    40%/80%    Median

     ABFAS_CI             64.574      -0.382      15.000    0.76%      50.000     60.000     65.000
             131.000     305.581      -0.319      97.500    1.53%      70.000     80.000
     BBFAS_CI             67.283      -0.230      33.333    1.15%      50.000     62.500     67.500
              87.000     294.655      -0.749     100.000    1.15%      72.500     82.500
     CBFAS_CI             66.463      -0.560      17.500    1.22%      52.500     65.000     70.000
              82.000     271.944       0.189      95.000    3.66%      70.000     80.000
     DBFAS_CI             66.955      -0.476      17.500    1.32%      50.000     62.500     70.000
              76.000     300.898      -0.146      95.000    5.26%      72.500     82.500
     AHRZ_IND             74.495      -0.336      31.250    0.76%      62.500     75.000     75.000
             132.000     226.952      -0.130     100.000    9.09%      75.000     87.500
     BHRZ_IND             72.989      -0.449      31.250    1.15%      62.500     68.750     75.000
              87.000     277.024      -0.222     100.000    9.20%      75.000     87.500
     CHRZ_IND             74.466      -0.164      31.250    1.22%      62.500     68.750     75.000
              82.000     218.370      -0.155     100.000    8.54%      75.000     87.500
     DHRZ_IND             72.231      -0.253      37.500    2.63%      56.250     68.750     75.000
              76.000     220.942      -0.539     100.000    5.26%      75.000     87.500


THE MODEL ESTIMATION TERMINATED NORMALLY



MODEL FIT INFORMATION

Number of Free Parameters                       96

Loglikelihood

          H0 Value                      -20917.075
          H0 Scaling Correction Factor      1.0353
            for MLR

Information Criteria

          Akaike (AIC)                   42026.150
          Bayesian (BIC)                 42483.261
          Sample-Size Adjusted BIC       42178.390
            (n* = (n + 2) / 24)



MODEL RESULTS

                                                    Two-Tailed
                    Estimate       S.E.  Est./S.E.    P-Value

Group D2

 P1       BY
    ABFAS_CI           1.000      0.000    999.000    999.000

 P2       BY
    BBFAS_CI           1.000      0.000    999.000    999.000

 P3       BY
    CBFAS_CI           1.000      0.000    999.000    999.000

 P4       BY
    DBFAS_CI           1.000      0.000    999.000    999.000

 V1       BY
    AHRZ_IND           1.000      0.000    999.000    999.000

 V2       BY
    BHRZ_IND           1.000      0.000    999.000    999.000

 V3       BY
    CHRZ_IND           1.000      0.000    999.000    999.000

 V4       BY
    DHRZ_IND           1.000      0.000    999.000    999.000

 P4         ON
    P3                 0.112      0.072      1.550      0.121
    V3                 0.077      0.058      1.319      0.187

 P3         ON
    P2                 0.112      0.072      1.550      0.121
    V2                 0.077      0.058      1.319      0.187

 P2         ON
    P1                 0.112      0.072      1.550      0.121
    V1                 0.077      0.058      1.319      0.187

 V4         ON
    V3                 0.073      0.100      0.734      0.463
    P3                 0.029      0.080      0.356      0.722

 V3         ON
    V2                 0.073      0.100      0.734      0.463
    P2                 0.029      0.080      0.356      0.722

 V2         ON
    V1                 0.073      0.100      0.734      0.463
    P1                 0.029      0.080      0.356      0.722

 S_BFAS_C WITH
    I_BFAS_CI         43.913     51.773      0.848      0.396
    S_HRZ_IND          0.345      2.022      0.171      0.865
    I_HRZ_IND          8.645     69.446      0.124      0.901

 I_BFAS_C WITH
    S_HRZ_IND         24.826     69.831      0.356      0.722
    I_HRZ_IND        759.850   2400.653      0.317      0.752

 S_HRZ_IN WITH
    I_HRZ_IND        270.671    176.435      1.534      0.125

 P1       WITH
    V1                15.803     12.827      1.232      0.218

 P2       WITH
    V2                 2.148      6.445      0.333      0.739

 P3       WITH
    V3                 2.148      6.445      0.333      0.739

 P4       WITH
    V4                 2.148      6.445      0.333      0.739

 Means
    P1                 0.000      0.000    999.000    999.000
    V1                 0.000      0.000    999.000    999.000
    I_BFAS_CI         50.800      9.743      5.214      0.000
    S_BFAS_CI         -0.241      0.280     -0.861      0.389
    I_HRZ_IND         58.560     12.578      4.656      0.000
    S_HRZ_IND         -0.468      0.360     -1.299      0.194

 Intercepts
    ABFAS_CI           0.000      0.000    999.000    999.000
    BBFAS_CI           0.000      0.000    999.000    999.000
    CBFAS_CI           0.000      0.000    999.000    999.000
    DBFAS_CI           0.000      0.000    999.000    999.000
    AHRZ_IND           0.000      0.000    999.000    999.000
    BHRZ_IND           0.000      0.000    999.000    999.000
    CHRZ_IND           0.000      0.000    999.000    999.000
    DHRZ_IND           0.000      0.000    999.000    999.000
    P2                 0.000      0.000    999.000    999.000
    P3                 0.000      0.000    999.000    999.000
    P4                 0.000      0.000    999.000    999.000
    V2                 0.000      0.000    999.000    999.000
    V3                 0.000      0.000    999.000    999.000
    V4                 0.000      0.000    999.000    999.000

 Variances
    P1               106.245     24.387      4.357      0.000
    V1               101.036     24.043      4.202      0.000
    I_BFAS_CI       1717.587   1807.315      0.950      0.342
    S_BFAS_CI          1.306      1.496      0.873      0.383
    I_HRZ_IND       9536.884   6107.821      1.561      0.118
    S_HRZ_IND          7.783      5.104      1.525      0.127

 Residual Variances
    ABFAS_CI           0.000      0.000    999.000    999.000
    BBFAS_CI           0.000      0.000    999.000    999.000
    CBFAS_CI           0.000      0.000    999.000    999.000
    DBFAS_CI           0.000      0.000    999.000    999.000
    AHRZ_IND           0.000      0.000    999.000    999.000
    BHRZ_IND           0.000      0.000    999.000    999.000
    CHRZ_IND           0.000      0.000    999.000    999.000
    DHRZ_IND           0.000      0.000    999.000    999.000
    P2                72.602      7.981      9.097      0.000
    P3                72.602      7.981      9.097      0.000
    P4                72.602      7.981      9.097      0.000
    V2               114.461     12.910      8.866      0.000
    V3               114.461     12.910      8.866      0.000
    V4               114.461     12.910      8.866      0.000

Group D3

 P1       BY
    ABFAS_CI           1.000      0.000    999.000    999.000

 P2       BY
    BBFAS_CI           1.000      0.000    999.000    999.000

 P3       BY
    CBFAS_CI           1.000      0.000    999.000    999.000

 P4       BY
    DBFAS_CI           1.000      0.000    999.000    999.000

 V1       BY
    AHRZ_IND           1.000      0.000    999.000    999.000

 V2       BY
    BHRZ_IND           1.000      0.000    999.000    999.000

 V3       BY
    CHRZ_IND           1.000      0.000    999.000    999.000

 V4       BY
    DHRZ_IND           1.000      0.000    999.000    999.000

 P4         ON
    P3                -0.020      0.097     -0.208      0.835
    V3                 0.065      0.048      1.335      0.182

 P3         ON
    P2                -0.020      0.097     -0.208      0.835
    V2                 0.065      0.048      1.335      0.182

 P2         ON
    P1                -0.020      0.097     -0.208      0.835
    V1                 0.065      0.048      1.335      0.182

 V4         ON
    V3                -0.209      0.080     -2.611      0.009
    P3                 0.054      0.083      0.644      0.519

 V3         ON
    V2                -0.209      0.080     -2.611      0.009
    P2                 0.054      0.083      0.644      0.519

 V2         ON
    V1                -0.209      0.080     -2.611      0.009
    P1                 0.054      0.083      0.644      0.519

 S_BFAS_C WITH
    I_BFAS_CI        168.907    112.347      1.503      0.133
    S_HRZ_IND         -3.531      1.672     -2.112      0.035
    I_HRZ_IND       -125.932     57.417     -2.193      0.028

 I_BFAS_C WITH
    S_HRZ_IND       -110.666     56.057     -1.974      0.048
    I_HRZ_IND      -3919.890   1924.382     -2.037      0.042

 S_HRZ_IN WITH
    I_HRZ_IND        197.978     91.588      2.162      0.031

 P1       WITH
    V1                24.174      8.500      2.844      0.004

 P2       WITH
    V2                14.570      5.965      2.443      0.015

 P3       WITH
    V3                14.570      5.965      2.443      0.015

 P4       WITH
    V4                14.570      5.965      2.443      0.015

 Means
    P1                 0.000      0.000    999.000    999.000
    V1                 0.000      0.000    999.000    999.000
    I_BFAS_CI         73.479     10.506      6.994      0.000
    S_BFAS_CI          0.232      0.312      0.743      0.457
    I_HRZ_IND         76.046     11.825      6.431      0.000
    S_HRZ_IND          0.042      0.348      0.121      0.903

 Intercepts
    ABFAS_CI           0.000      0.000    999.000    999.000
    BBFAS_CI           0.000      0.000    999.000    999.000
    CBFAS_CI           0.000      0.000    999.000    999.000
    DBFAS_CI           0.000      0.000    999.000    999.000
    AHRZ_IND           0.000      0.000    999.000    999.000
    BHRZ_IND           0.000      0.000    999.000    999.000
    CHRZ_IND           0.000      0.000    999.000    999.000
    DHRZ_IND           0.000      0.000    999.000    999.000
    P2                 0.000      0.000    999.000    999.000
    P3                 0.000      0.000    999.000    999.000
    P4                 0.000      0.000    999.000    999.000
    V2                 0.000      0.000    999.000    999.000
    V3                 0.000      0.000    999.000    999.000
    V4                 0.000      0.000    999.000    999.000

 Variances
    P1                58.481     13.124      4.456      0.000
    V1                99.192     20.540      4.829      0.000
    I_BFAS_CI       5687.333   3735.601      1.522      0.128
    S_BFAS_CI          5.247      3.382      1.552      0.121
    I_HRZ_IND       6926.865   3111.195      2.226      0.026
    S_HRZ_IND          5.806      2.700      2.150      0.032

 Residual Variances
    ABFAS_CI           0.000      0.000    999.000    999.000
    BBFAS_CI           0.000      0.000    999.000    999.000
    CBFAS_CI           0.000      0.000    999.000    999.000
    DBFAS_CI           0.000      0.000    999.000    999.000
    AHRZ_IND           0.000      0.000    999.000    999.000
    BHRZ_IND           0.000      0.000    999.000    999.000
    CHRZ_IND           0.000      0.000    999.000    999.000
    DHRZ_IND           0.000      0.000    999.000    999.000
    P2                61.080      6.539      9.341      0.000
    P3                61.080      6.539      9.341      0.000
    P4                61.080      6.539      9.341      0.000
    V2                74.725      8.544      8.746      0.000
    V3                74.725      8.544      8.746      0.000
    V4                74.725      8.544      8.746      0.000

Group D4

 P1       BY
    ABFAS_CI           1.000      0.000    999.000    999.000

 P2       BY
    BBFAS_CI           1.000      0.000    999.000    999.000

 P3       BY
    CBFAS_CI           1.000      0.000    999.000    999.000

 P4       BY
    DBFAS_CI           1.000      0.000    999.000    999.000

 V1       BY
    AHRZ_IND           1.000      0.000    999.000    999.000

 V2       BY
    BHRZ_IND           1.000      0.000    999.000    999.000

 V3       BY
    CHRZ_IND           1.000      0.000    999.000    999.000

 V4       BY
    DHRZ_IND           1.000      0.000    999.000    999.000

 P4         ON
    P3                -0.011      0.074     -0.152      0.880
    V3                -0.002      0.048     -0.042      0.967

 P3         ON
    P2                -0.011      0.074     -0.152      0.880
    V2                -0.002      0.048     -0.042      0.967

 P2         ON
    P1                -0.011      0.074     -0.152      0.880
    V1                -0.002      0.048     -0.042      0.967

 V4         ON
    V3                -0.043      0.065     -0.661      0.508
    P3                -0.001      0.092     -0.009      0.993

 V3         ON
    V2                -0.043      0.065     -0.661      0.508
    P2                -0.001      0.092     -0.009      0.993

 V2         ON
    V1                -0.043      0.065     -0.661      0.508
    P1                -0.001      0.092     -0.009      0.993

 S_BFAS_C WITH
    I_BFAS_CI        341.308    102.450      3.331      0.001
    S_HRZ_IND          3.001      2.217      1.354      0.176
    I_HRZ_IND         89.580     73.216      1.224      0.221

 I_BFAS_C WITH
    S_HRZ_IND         99.190     72.278      1.372      0.170
    I_HRZ_IND       2999.423   2388.474      1.256      0.209

 S_HRZ_IN WITH
    I_HRZ_IND         61.366     55.803      1.100      0.271

 P1       WITH
    V1                 6.623      9.591      0.691      0.490

 P2       WITH
    V2                 0.375      4.924      0.076      0.939

 P3       WITH
    V3                 0.375      4.924      0.076      0.939

 P4       WITH
    V4                 0.375      4.924      0.076      0.939

 Means
    P1                 0.000      0.000    999.000    999.000
    V1                 0.000      0.000    999.000    999.000
    I_BFAS_CI         60.328     12.732      4.738      0.000
    S_BFAS_CI         -0.135      0.385     -0.350      0.726
    I_HRZ_IND         73.101     11.898      6.144      0.000
    S_HRZ_IND         -0.015      0.362     -0.041      0.967

 Intercepts
    ABFAS_CI           0.000      0.000    999.000    999.000
    BBFAS_CI           0.000      0.000    999.000    999.000
    CBFAS_CI           0.000      0.000    999.000    999.000
    DBFAS_CI           0.000      0.000    999.000    999.000
    AHRZ_IND           0.000      0.000    999.000    999.000
    BHRZ_IND           0.000      0.000    999.000    999.000
    CHRZ_IND           0.000      0.000    999.000    999.000
    DHRZ_IND           0.000      0.000    999.000    999.000
    P2                 0.000      0.000    999.000    999.000
    P3                 0.000      0.000    999.000    999.000
    P4                 0.000      0.000    999.000    999.000
    V2                 0.000      0.000    999.000    999.000
    V3                 0.000      0.000    999.000    999.000
    V4                 0.000      0.000    999.000    999.000

 Variances
    P1                58.467     10.212      5.726      0.000
    V1               121.209     25.486      4.756      0.000
    I_BFAS_CI      11461.957   3308.517      3.464      0.001
    S_BFAS_CI         10.389      3.177      3.270      0.001
    I_HRZ_IND       2120.932   1895.597      1.119      0.263
    S_HRZ_IND          1.895      1.648      1.150      0.250

 Residual Variances
    ABFAS_CI           0.000      0.000    999.000    999.000
    BBFAS_CI           0.000      0.000    999.000    999.000
    CBFAS_CI           0.000      0.000    999.000    999.000
    DBFAS_CI           0.000      0.000    999.000    999.000
    AHRZ_IND           0.000      0.000    999.000    999.000
    BHRZ_IND           0.000      0.000    999.000    999.000
    CHRZ_IND           0.000      0.000    999.000    999.000
    DHRZ_IND           0.000      0.000    999.000    999.000
    P2                47.023      4.718      9.966      0.000
    P3                47.023      4.718      9.966      0.000
    P4                47.023      4.718      9.966      0.000
    V2                83.442      9.873      8.451      0.000
    V3                83.442      9.873      8.451      0.000
    V4                83.442      9.873      8.451      0.000

Group D5

 P1       BY
    ABFAS_CI           1.000      0.000    999.000    999.000

 P2       BY
    BBFAS_CI           1.000      0.000    999.000    999.000

 P3       BY
    CBFAS_CI           1.000      0.000    999.000    999.000

 P4       BY
    DBFAS_CI           1.000      0.000    999.000    999.000

 V1       BY
    AHRZ_IND           1.000      0.000    999.000    999.000

 V2       BY
    BHRZ_IND           1.000      0.000    999.000    999.000

 V3       BY
    CHRZ_IND           1.000      0.000    999.000    999.000

 V4       BY
    DHRZ_IND           1.000      0.000    999.000    999.000

 P4         ON
    P3                -0.122      0.169     -0.721      0.471
    V3                 0.057      0.072      0.801      0.423

 P3         ON
    P2                -0.122      0.169     -0.721      0.471
    V2                 0.057      0.072      0.801      0.423

 P2         ON
    P1                -0.122      0.169     -0.721      0.471
    V1                 0.057      0.072      0.801      0.423

 V4         ON
    V3                -0.039      0.116     -0.334      0.738
    P3                 0.028      0.147      0.193      0.847

 V3         ON
    V2                -0.039      0.116     -0.334      0.738
    P2                 0.028      0.147      0.193      0.847

 V2         ON
    V1                -0.039      0.116     -0.334      0.738
    P1                 0.028      0.147      0.193      0.847

 S_BFAS_C WITH
    I_BFAS_CI         97.785    113.718      0.860      0.390
    S_HRZ_IND          1.441      3.179      0.453      0.650
    I_HRZ_IND         46.134    101.012      0.457      0.648

 I_BFAS_C WITH
    S_HRZ_IND         46.187    101.945      0.453      0.651
    I_HRZ_IND       1496.670   3243.422      0.461      0.644

 S_HRZ_IN WITH
    I_HRZ_IND         73.842     96.826      0.763      0.446

 P1       WITH
    V1                 2.943     18.936      0.155      0.876

 P2       WITH
    V2                 8.382      8.734      0.960      0.337

 P3       WITH
    V3                 8.382      8.734      0.960      0.337

 P4       WITH
    V4                 8.382      8.734      0.960      0.337

 Means
    P1                 0.000      0.000    999.000    999.000
    V1                 0.000      0.000    999.000    999.000
    I_BFAS_CI         71.856     13.603      5.282      0.000
    S_BFAS_CI          0.214      0.422      0.507      0.612
    I_HRZ_IND         53.021     15.205      3.487      0.000
    S_HRZ_IND         -0.645      0.475     -1.357      0.175

 Intercepts
    ABFAS_CI           0.000      0.000    999.000    999.000
    BBFAS_CI           0.000      0.000    999.000    999.000
    CBFAS_CI           0.000      0.000    999.000    999.000
    DBFAS_CI           0.000      0.000    999.000    999.000
    AHRZ_IND           0.000      0.000    999.000    999.000
    BHRZ_IND           0.000      0.000    999.000    999.000
    CHRZ_IND           0.000      0.000    999.000    999.000
    DHRZ_IND           0.000      0.000    999.000    999.000
    P2                 0.000      0.000    999.000    999.000
    P3                 0.000      0.000    999.000    999.000
    P4                 0.000      0.000    999.000    999.000
    V2                 0.000      0.000    999.000    999.000
    V3                 0.000      0.000    999.000    999.000
    V4                 0.000      0.000    999.000    999.000

 Variances
    P1                62.801     21.016      2.988      0.003
    V1                94.682     24.721      3.830      0.000
    I_BFAS_CI       3387.941   3539.605      0.957      0.338
    S_BFAS_CI          3.037      3.666      0.828      0.408
    I_HRZ_IND       2528.550   3098.161      0.816      0.414
    S_HRZ_IND          2.284      3.033      0.753      0.451

 Residual Variances
    ABFAS_CI           0.000      0.000    999.000    999.000
    BBFAS_CI           0.000      0.000    999.000    999.000
    CBFAS_CI           0.000      0.000    999.000    999.000
    DBFAS_CI           0.000      0.000    999.000    999.000
    AHRZ_IND           0.000      0.000    999.000    999.000
    BHRZ_IND           0.000      0.000    999.000    999.000
    CHRZ_IND           0.000      0.000    999.000    999.000
    DHRZ_IND           0.000      0.000    999.000    999.000
    P2                52.771     14.501      3.639      0.000
    P3                52.771     14.501      3.639      0.000
    P4                52.771     14.501      3.639      0.000
    V2                87.049     13.379      6.506      0.000
    V3                87.049     13.379      6.506      0.000
    V4                87.049     13.379      6.506      0.000


QUALITY OF NUMERICAL RESULTS

     Condition Number for the Information Matrix              0.177E-08
       (ratio of smallest to largest eigenvalue)


     Beginning Time:  18:36:22
        Ending Time:  18:36:41
       Elapsed Time:  00:00:19



MUTHEN & MUTHEN
3463 Stoner Ave.
Los Angeles, CA  90066

Tel: (310) 391-9971
Fax: (310) 391-8971
Web: www.StatModel.com
Support: Support@StatModel.com

Copyright (c) 1998-2017 Muthen & Muthen
