Mplus VERSION 7 (Mac)
MUTHEN & MUTHEN
10/27/2017   2:12 PM

INPUT INSTRUCTIONS


  title: PxVx Bivariate LCM-SR-Uncons - Col Linear BFA_OO with Linear aspfin;
  data: file = /Users/johnflournoy/code/lnt_pxvx/Data/LT_227.txt;



  variable:
  names =
  subjid
  Sample
  aGENDER
  aAGE
  aethnic1
  aethnic2
  aedu_mom
  aedu_dad
  aEDUCATN
  bEDUCATN
  cEDUCATN
  aEMPLOYD
  bEMPLOYD
  cEMPLOYD
  dEMPLOYD
  aINCOME
  bINCOME
  cINCOME
  dINCOME
  aS_SCALE
  bS_SCALE
  cS_SCALE
  dS_SCALE
  aD_SCALE
  bD_SCALE
  cD_SCALE
  dD_SCALE
  aS_COMP
  bS_COMP
  cS_COMP
  dS_COMP
  aD_COMP
  bD_COMP
  cD_COMP
  dD_COMP
  aBFI_A
  aBFI_A6
  aBFI_C
  aBFI_E
  aBFI_HP
  aBFI_N
  aBFI_O
  bBFI_A
  bBFI_A6
  bBFI_C
  bBFI_E
  bBFI_HP
  bBFI_N
  bBFI_O
  cBFI_A
  cBFI_A6
  cBFI_C
  cBFI_E
  cBFI_HP
  cBFI_N
  cBFI_O
  dBFI_A
  dBFI_A6
  dBFI_C
  dBFI_E
  dBFI_HP
  dBFI_N
  dBFI_O
  aBFA_AC
  aBFA_AP
  aBFA_CI
  aBFA_CO
  aBFA_EA
  aBFA_EE
  aBFA_N9
  aBFA_NV
  aBFA_NW
  aBFA_OI
  aBFA_OO
  aBFA_PS
  aBFA_MT
  bBFA_AC
  bBFA_AP
  bBFA_CI
  bBFA_CO
  bBFA_EA
  bBFA_EE
  bBFA_N9
  bBFA_NV
  bBFA_NW
  bBFA_OI
  bBFA_OO
  bBFA_MT
  bBFA_PS
  cBFA_AC
  cBFA_AP
  cBFA_CI
  cBFA_CO
  cBFA_EA
  cBFA_EE
  cBFA_N9
  cBFA_NV
  cBFA_NW
  cBFA_OI
  cBFA_OO
  cBFA_MT
  cBFA_PS
  dBFA_AC
  dBFA_AP
  dBFA_CI
  dBFA_CO
  dBFA_EA
  dBFA_EE
  dBFA_N9
  dBFA_NV
  dBFA_NW
  dBFA_OI
  dBFA_OO
  dBFA_MT
  dBFA_PS
  aUSI
  bUSI
  cUSI
  dUSI
  aHRZ_IND
  bHRZ_IND
  cHRZ_IND
  dHRZ_IND
  aVRT_IND
  bVRT_IND
  cVRT_IND
  dVRT_IND
  aHRZ_COL
  bHRZ_COL
  cHRZ_COL
  dHRZ_COL
  aVRT_COL
  bVRT_COL
  cVRT_COL
  dVRT_COL
  aCOLLCTV
  bCOLLCTV
  cCOLLCTV
  dCOLLCTV
  aMVS
  bMVS
  cMVS
  dMVS
  aST
  bST
  cST
  dST
  aSD
  bSD
  cSD
  dSD
  aMVS_mc
  bMVS_mc
  cMVS_mc
  dMVS_mc
  aST_mc
  bST_mc
  cST_mc
  dST_mc
  aSD_mc
  bSD_mc
  cSD_mc
  dSD_mc
  bMEANING
  cMEANING
  dMEANING
  bMEAN_L
  cMEAN_L
  dMEAN_L
  bMEANNGc
  cMEANNGc
  dMEANNGc
  bMEANGlc
  cMEANGlc
  dMEANGlc
  bCLASSIC
  cCLASSIC
  dCLASSIC
  bCLASSCc
  cCLASSCc
  dCLASSCc
  bAGR_VAL
  cAGR_VAL
  dAGR_VAL
  bOPN_VAL
  cOPN_VAL
  dOPN_VAL
  bAGR_VLc
  cAGR_VLc
  dAGR_VLc
  bOPNVALc
  cOPNVALc
  dOPNVALc
  aMV_pomp
  bMV_pomp
  cMV_pomp
  dMV_pomp
  aST_pomp
  bST_pomp
  cST_pomp
  dST_pomp
  aSD_pomp
  bSD_pomp
  cSD_pomp
  dSD_pomp
  agoal_ec
  bgoal_ec
  cgoal_ec
  dgoal_ec
  aAspfinc
  bAspfinc
  cAspfinc
  dAspfinc
  abfi_hp8
  bbfi_hp8
  cbfi_hp8
  dbfi_hp8
  aP_S_BFI
  aP_D_BFI
  aECgoalc
  bECgoalC
  cECgoalC
  dECgoalC
  aaspfin
  baspfin
  caspfin
  daspfin
  aMVI_POMP
  bMVI_POMP
  cMVI_POMP
  dMVI_POMP;

  USEVARIABLES =
  aBFA_OO
  bBFA_OO
  cBFA_OO
  dBFA_OO
  aaspfin
  baspfin
  caspfin
  daspfin
  a1
  a2
  a3
  a4
  ;

  missing = all (-9999);

  USEOBSERVATIONS are Sample == 2; ! College Sample

  tscores = a1 a2 a3 a4;

  DEFINE:
  a1 = aAGE + 0 - 20.5;
  a2 = aAGE + 1 - 20.5;
  a3 = aAGE + 2 - 20.5;
  a4 = aAGE + 3 - 20.5;

  ANALYSIS:
  TYPE=RANDOM;
  PROCESSORS = 4;
  model=nocovariances; ! supresses default estimation of certain covs in model;

  MODEL:

  i_BFA_OO s_BFA_OO | aBFA_OO bBFA_OO cBFA_OO dBFA_OO AT a1 a2 a3 a4;
  i_aspfin s_aspfin | aaspfin baspfin caspfin daspfin AT a1 a2 a3 a4;

  ! freeing factor covs because of "nocovariances"
  s_BFA_OO WITH i_BFA_OO s_aspfin i_aspfin;
  i_BFA_OO WITH s_aspfin i_aspfin;
  s_aspfin WITH i_aspfin;

  p1 BY aBFA_OO@1; ! Residual "factors";
  p2 BY bBFA_OO@1;
  p3 BY cBFA_OO@1;
  p4 BY dBFA_OO@1;

  v1 BY aaspfin@1; ! Residual "factors";
  v2 BY baspfin@1;
  v3 BY caspfin@1;
  v4 BY daspfin@1;

  !residual variances on observed/manifest vars set to 0
  aBFA_OO@0;
  bBFA_OO@0;
  cBFA_OO@0;
  dBFA_OO@0;

  !residual variances on observed/manifest vars set to 0
  aaspfin@0;
  baspfin@0;
  caspfin@0;
  daspfin@0;

  ! means of observed/manifest vars set to 0
  [aBFA_OO@0];
  [bBFA_OO@0];
  [cBFA_OO@0];
  [dBFA_OO@0];

  ! means of observed/manifest vars set to 0
  [aaspfin@0];
  [baspfin@0];
  [caspfin@0];
  [daspfin@0];

  [p1@0]; ! means of residual "factors" set to 0
  [p2@0];
  [p3@0];
  [p4@0];

  [v1@0]; ! means of residual "factors" set to 0
  [v2@0];
  [v3@0];
  [v4@0];

  p4 on p3;
  p3 on p2;
  p2 on p1;

  v4 on v3;
  v3 on v2;
  v2 on v1;

  p4 on v3;
  p3 on v2;
  p2 on v1;

  v4 on p3;
  v3 on p2;
  v2 on p1;

  p1 with v1;

  p2 with v2;
  p3 with v3;
  p4 with v4;

  p2 p3 p4; ! estimate variances of residual "factors"
  v2 v3 v4; ! estimate variances of residual "factors"

  OUTPUT: SAMPSTAT PATTERNS;



*** WARNING
  Variable name contains more than 8 characters.
  Only the first 8 characters will be printed in the output.
  Variable: AMVI_POMP
*** WARNING
  Variable name contains more than 8 characters.
  Only the first 8 characters will be printed in the output.
  Variable: BMVI_POMP
*** WARNING
  Variable name contains more than 8 characters.
  Only the first 8 characters will be printed in the output.
  Variable: CMVI_POMP
*** WARNING
  Variable name contains more than 8 characters.
  Only the first 8 characters will be printed in the output.
  Variable: DMVI_POMP
*** WARNING
  Data set contains cases with missing on all variables.
  These cases were not included in the analysis.
  Number of cases with missing on all variables:  1
*** WARNING
  Data set contains cases with missing on time scores but non-missing on the
  corresponding dependent variables.  These cases were not included in the analysis.
  Number of such cases:  3
   6 WARNING(S) FOUND IN THE INPUT INSTRUCTIONS



PxVx Bivariate LCM-SR-Uncons - Col Linear BFA_OO with Linear aspfin;

SUMMARY OF ANALYSIS

Number of groups                                                 1
Number of observations                                         276

Number of dependent variables                                    8
Number of independent variables                                  0
Number of continuous latent variables                           12

Observed dependent variables

  Continuous
   ABFA_OO     BBFA_OO     CBFA_OO     DBFA_OO     AASPFIN     BASPFIN
   CASPFIN     DASPFIN

Continuous latent variables
   P1          P2          P3          P4          V1          V2
   V3          V4          I_BFA_OO    S_BFA_OO    I_ASPFIN    S_ASPFIN

Variables with special functions

  Time scores
   A1          A2          A3          A4


Estimator                                                      MLR
Information matrix                                        OBSERVED
Maximum number of iterations                                   100
Convergence criterion                                    0.100D-05
Maximum number of EM iterations                                500
Convergence criteria for the EM algorithm
  Loglikelihood change                                   0.100D-02
  Relative loglikelihood change                          0.100D-05
  Derivative                                             0.100D-03
Minimum variance                                         0.100D-03
Maximum number of steepest descent iterations                   20
Maximum number of iterations for H1                           2000
Convergence criterion for H1                             0.100D-03
Optimization algorithm                                         EMA

Input data file(s)
  /Users/johnflournoy/code/lnt_pxvx/Data/LT_227.txt
Input data format  FREE


SUMMARY OF DATA

     Number of missing data patterns            11


SUMMARY OF MISSING DATA PATTERNS


     MISSING DATA PATTERNS (x = not missing)

           1  2  3  4  5  6  7  8  9 10 11
 ABFA_OO   x  x  x  x  x  x  x  x  x     x
 BBFA_OO   x  x     x        x  x        x
 CBFA_OO   x  x  x                 x
 DBFA_OO   x              x  x  x  x
 AASPFIN   x  x  x  x  x  x  x  x  x  x  x
 BASPFIN   x  x     x           x
 CASPFIN   x  x  x                 x
 DASPFIN   x              x     x  x


     MISSING DATA PATTERN FREQUENCIES

    Pattern   Frequency     Pattern   Frequency     Pattern   Frequency
          1         138           5          52           9          11
          2          12           6          11          10           1
          3           5           7           1          11           1
          4          28           8          16


COVARIANCE COVERAGE OF DATA

Minimum covariance coverage value   0.100


     PROPORTION OF DATA PRESENT


           Covariance Coverage
              ABFA_OO       BBFA_OO       CBFA_OO       DBFA_OO       AASPFIN
              ________      ________      ________      ________      ________
 ABFA_OO        0.996
 BBFA_OO        0.710         0.710
 CBFA_OO        0.601         0.543         0.601
 DBFA_OO        0.641         0.562         0.540         0.641
 AASPFIN        0.996         0.710         0.601         0.641         1.000
 BASPFIN        0.703         0.703         0.543         0.558         0.703
 CASPFIN        0.601         0.543         0.601         0.540         0.601
 DASPFIN        0.638         0.558         0.540         0.638         0.638


           Covariance Coverage
              BASPFIN       CASPFIN       DASPFIN
              ________      ________      ________
 BASPFIN        0.703
 CASPFIN        0.543         0.601
 DASPFIN        0.558         0.540         0.638


SAMPLE STATISTICS


     ESTIMATED SAMPLE STATISTICS


           Means
              ABFA_OO       BBFA_OO       CBFA_OO       DBFA_OO       AASPFIN
              ________      ________      ________      ________      ________
 1             74.984        74.018        72.898        75.061        47.360


           Means
              BASPFIN       CASPFIN       DASPFIN
              ________      ________      ________
 1             47.529        46.670        48.013


           Covariances
              ABFA_OO       BBFA_OO       CBFA_OO       DBFA_OO       AASPFIN
              ________      ________      ________      ________      ________
 ABFA_OO      230.211
 BBFA_OO      200.633       265.298
 CBFA_OO      181.220       216.786       240.991
 DBFA_OO      167.763       199.171       190.023       216.113
 AASPFIN      -67.104       -92.637       -78.299       -51.602       535.187
 BASPFIN      -91.063      -108.710       -98.066       -55.809       417.438
 CASPFIN      -53.272       -93.916       -95.924       -48.797       328.130
 DASPFIN      -67.362       -89.656      -100.579       -45.248       348.141


           Covariances
              BASPFIN       CASPFIN       DASPFIN
              ________      ________      ________
 BASPFIN      536.764
 CASPFIN      338.601       491.229
 DASPFIN      392.633       389.347       546.161


           Correlations
              ABFA_OO       BBFA_OO       CBFA_OO       DBFA_OO       AASPFIN
              ________      ________      ________      ________      ________
 ABFA_OO        1.000
 BBFA_OO        0.812         1.000
 CBFA_OO        0.769         0.857         1.000
 DBFA_OO        0.752         0.832         0.833         1.000
 AASPFIN       -0.191        -0.246        -0.218        -0.152         1.000
 BASPFIN       -0.259        -0.288        -0.273        -0.164         0.779
 CASPFIN       -0.158        -0.260        -0.279        -0.150         0.640
 DASPFIN       -0.190        -0.236        -0.277        -0.132         0.644


           Correlations
              BASPFIN       CASPFIN       DASPFIN
              ________      ________      ________
 BASPFIN        1.000
 CASPFIN        0.659         1.000
 DASPFIN        0.725         0.752         1.000


     MAXIMUM LOG-LIKELIHOOD VALUE FOR THE UNRESTRICTED (H1) MODEL IS -6490.875

     WARNING: THE MODEL ESTIMATION HAS REACHED A SADDLE POINT OR A POINT WHERE THE
     OBSERVED AND THE EXPECTED INFORMATION MATRICES DO NOT MATCH.
     AN ADJUSTMENT TO THE ESTIMATION OF THE INFORMATION MATRIX HAS BEEN MADE.
     THE CONDITION NUMBER IS      -0.210D-04.
     THE PROBLEM MAY ALSO BE RESOLVED BY DECREASING THE VALUE OF THE
     MCONVERGENCE OR LOGCRITERION OPTIONS OR BY CHANGING THE STARTING VALUES
     OR BY USING THE MLF ESTIMATOR.


THE MODEL ESTIMATION TERMINATED NORMALLY



MODEL FIT INFORMATION

Number of Free Parameters                       38

Loglikelihood

          H0 Value                       -6503.987
          H0 Scaling Correction Factor      1.2992
            for MLR

Information Criteria

          Akaike (AIC)                   13083.973
          Bayesian (BIC)                 13221.548
          Sample-Size Adjusted BIC       13101.057
            (n* = (n + 2) / 24)



MODEL RESULTS

                                                    Two-Tailed
                    Estimate       S.E.  Est./S.E.    P-Value

 P1       BY
    ABFA_OO            1.000      0.000    999.000    999.000

 P2       BY
    BBFA_OO            1.000      0.000    999.000    999.000

 P3       BY
    CBFA_OO            1.000      0.000    999.000    999.000

 P4       BY
    DBFA_OO            1.000      0.000    999.000    999.000

 V1       BY
    AASPFIN            1.000      0.000    999.000    999.000

 V2       BY
    BASPFIN            1.000      0.000    999.000    999.000

 V3       BY
    CASPFIN            1.000      0.000    999.000    999.000

 V4       BY
    DASPFIN            1.000      0.000    999.000    999.000

 P4         ON
    P3                -0.213      0.392     -0.545      0.586
    V3                -0.047      0.228     -0.207      0.836

 P3         ON
    P2                 0.199      0.254      0.784      0.433
    V2                -0.133      0.085     -1.566      0.117

 P2         ON
    P1                -1.529      0.870     -1.757      0.079
    V1                 0.431      0.604      0.713      0.476

 V4         ON
    V3                -0.070      0.275     -0.254      0.799
    P3                -0.605      0.480     -1.259      0.208

 V3         ON
    V2                -0.216      0.181     -1.193      0.233
    P2                -0.714      0.421     -1.697      0.090

 V2         ON
    V1                 0.382      0.606      0.630      0.529
    P1                -0.600      2.014     -0.298      0.766

 S_BFA_OO WITH
    I_BFA_OO         -15.257      6.586     -2.317      0.021
    S_ASPFIN          -6.046      5.806     -1.041      0.298
    I_ASPFIN          15.696     10.059      1.560      0.119

 I_BFA_OO WITH
    S_ASPFIN          11.136     15.733      0.708      0.479
    I_ASPFIN        -100.348     36.502     -2.749      0.006

 S_ASPFIN WITH
    I_ASPFIN         -25.708     26.624     -0.966      0.334

 P1       WITH
    V1                35.691     29.994      1.190      0.234

 P2       WITH
    V2               -24.181     41.143     -0.588      0.557

 P3       WITH
    V3               -35.922     19.269     -1.864      0.062

 P4       WITH
    V4                24.874     29.499      0.843      0.399

 Means
    P1                 0.000      0.000    999.000    999.000
    V1                 0.000      0.000    999.000    999.000
    I_BFA_OO          74.706      0.952     78.512      0.000
    S_BFA_OO          -0.090      0.244     -0.367      0.714
    I_ASPFIN          46.976      1.414     33.231      0.000
    S_ASPFIN          -0.251      0.471     -0.534      0.594

 Intercepts
    ABFA_OO            0.000      0.000    999.000    999.000
    BBFA_OO            0.000      0.000    999.000    999.000
    CBFA_OO            0.000      0.000    999.000    999.000
    DBFA_OO            0.000      0.000    999.000    999.000
    AASPFIN            0.000      0.000    999.000    999.000
    BASPFIN            0.000      0.000    999.000    999.000
    CASPFIN            0.000      0.000    999.000    999.000
    DASPFIN            0.000      0.000    999.000    999.000
    P2                 0.000      0.000    999.000    999.000
    P3                 0.000      0.000    999.000    999.000
    P4                 0.000      0.000    999.000    999.000
    V2                 0.000      0.000    999.000    999.000
    V3                 0.000      0.000    999.000    999.000
    V4                 0.000      0.000    999.000    999.000

 Variances
    P1                18.854     18.470      1.021      0.307
    V1               137.800     66.336      2.077      0.038
    I_BFA_OO         227.839     22.508     10.123      0.000
    S_BFA_OO           8.996      3.328      2.703      0.007
    I_ASPFIN         403.553     76.742      5.259      0.000
    S_ASPFIN          14.719      9.718      1.515      0.130

 Residual Variances
    ABFA_OO            0.000      0.000    999.000    999.000
    BBFA_OO            0.000      0.000    999.000    999.000
    CBFA_OO            0.000      0.000    999.000    999.000
    DBFA_OO            0.000      0.000    999.000    999.000
    AASPFIN            0.000      0.000    999.000    999.000
    BASPFIN            0.000      0.000    999.000    999.000
    CASPFIN            0.000      0.000    999.000    999.000
    DASPFIN            0.000      0.000    999.000    999.000
    P2                16.408     19.237      0.853      0.394
    P3                42.301     14.946      2.830      0.005
    P4                 6.504     21.623      0.301      0.764
    V2               136.727     24.624      5.553      0.000
    V3               122.315     39.305      3.112      0.002
    V4               117.080     36.891      3.174      0.002


QUALITY OF NUMERICAL RESULTS

     Condition Number for the Information Matrix             -0.210E-04
       (ratio of smallest to largest eigenvalue)


     Beginning Time:  14:12:37
        Ending Time:  14:13:02
       Elapsed Time:  00:00:25



MUTHEN & MUTHEN
3463 Stoner Ave.
Los Angeles, CA  90066

Tel: (310) 391-9971
Fax: (310) 391-8971
Web: www.StatModel.com
Support: Support@StatModel.com

Copyright (c) 1998-2012 Muthen & Muthen
