Mplus VERSION 6.12
MUTHEN & MUTHEN
03/21/2016  11:38 AM

INPUT INSTRUCTIONS


  title: PxVx Univariate - Col Lin BFA_OI with MeanOnly aspfin;
  data: file = E:\Projects\lnt_pxvx\Data\LT_227.txt;



  variable:
  names =
  subjid
  Sample
  aGENDER
  aAGE
  aethnic1
  aethnic2
  aedu_mom
  aedu_dad
  aEDUCATN
  bEDUCATN
  cEDUCATN
  aEMPLOYD
  bEMPLOYD
  cEMPLOYD
  dEMPLOYD
  aINCOME
  bINCOME
  cINCOME
  dINCOME
  aS_SCALE
  bS_SCALE
  cS_SCALE
  dS_SCALE
  aD_SCALE
  bD_SCALE
  cD_SCALE
  dD_SCALE
  aS_COMP
  bS_COMP
  cS_COMP
  dS_COMP
  aD_COMP
  bD_COMP
  cD_COMP
  dD_COMP
  aBFI_A
  aBFI_A6
  aBFI_C
  aBFI_E
  aBFI_HP
  aBFI_N
  aBFI_O
  bBFI_A
  bBFI_A6
  bBFI_C
  bBFI_E
  bBFI_HP
  bBFI_N
  bBFI_O
  cBFI_A
  cBFI_A6
  cBFI_C
  cBFI_E
  cBFI_HP
  cBFI_N
  cBFI_O
  dBFI_A
  dBFI_A6
  dBFI_C
  dBFI_E
  dBFI_HP
  dBFI_N
  dBFI_O
  aBFA_AC
  aBFA_AP
  aBFA_CI
  aBFA_CO
  aBFA_EA
  aBFA_EE
  aBFA_N9
  aBFA_NV
  aBFA_NW
  aBFA_OI
  aBFA_OO
  aBFA_PS
  aBFA_MT
  bBFA_AC
  bBFA_AP
  bBFA_CI
  bBFA_CO
  bBFA_EA
  bBFA_EE
  bBFA_N9
  bBFA_NV
  bBFA_NW
  bBFA_OI
  bBFA_OO
  bBFA_MT
  bBFA_PS
  cBFA_AC
  cBFA_AP
  cBFA_CI
  cBFA_CO
  cBFA_EA
  cBFA_EE
  cBFA_N9
  cBFA_NV
  cBFA_NW
  cBFA_OI
  cBFA_OO
  cBFA_MT
  cBFA_PS
  dBFA_AC
  dBFA_AP
  dBFA_CI
  dBFA_CO
  dBFA_EA
  dBFA_EE
  dBFA_N9
  dBFA_NV
  dBFA_NW
  dBFA_OI
  dBFA_OO
  dBFA_MT
  dBFA_PS
  aUSI
  bUSI
  cUSI
  dUSI
  aHRZ_IND
  bHRZ_IND
  cHRZ_IND
  dHRZ_IND
  aVRT_IND
  bVRT_IND
  cVRT_IND
  dVRT_IND
  aHRZ_COL
  bHRZ_COL
  cHRZ_COL
  dHRZ_COL
  aVRT_COL
  bVRT_COL
  cVRT_COL
  dVRT_COL
  aCOLLCTV
  bCOLLCTV
  cCOLLCTV
  dCOLLCTV
  aMVS
  bMVS
  cMVS
  dMVS
  aST
  bST
  cST
  dST
  aSD
  bSD
  cSD
  dSD
  aMVS_mc
  bMVS_mc
  cMVS_mc
  dMVS_mc
  aST_mc
  bST_mc
  cST_mc
  dST_mc
  aSD_mc
  bSD_mc
  cSD_mc
  dSD_mc
  bMEANING
  cMEANING
  dMEANING
  bMEAN_L
  cMEAN_L
  dMEAN_L
  bMEANNGc
  cMEANNGc
  dMEANNGc
  bMEANGlc
  cMEANGlc
  dMEANGlc
  bCLASSIC
  cCLASSIC
  dCLASSIC
  bCLASSCc
  cCLASSCc
  dCLASSCc
  bAGR_VAL
  cAGR_VAL
  dAGR_VAL
  bOPN_VAL
  cOPN_VAL
  dOPN_VAL
  bAGR_VLc
  cAGR_VLc
  dAGR_VLc
  bOPNVALc
  cOPNVALc
  dOPNVALc
  aMV_pomp
  bMV_pomp
  cMV_pomp
  dMV_pomp
  aST_pomp
  bST_pomp
  cST_pomp
  dST_pomp
  aSD_pomp
  bSD_pomp
  cSD_pomp
  dSD_pomp
  agoal_ec
  bgoal_ec
  cgoal_ec
  dgoal_ec
  aAspfinc
  bAspfinc
  cAspfinc
  dAspfinc
  abfi_hp8
  bbfi_hp8
  cbfi_hp8
  dbfi_hp8
  aP_S_BFI
  aP_D_BFI
  aECgoalc
  bECgoalC
  cECgoalC
  dECgoalC
  aaspfin
  baspfin
  caspfin
  daspfin
  aMVI_POMP
  bMVI_POMP
  cMVI_POMP
  dMVI_POMP;

  USEVARIABLES =
  aBFA_OI
  bBFA_OI
  cBFA_OI
  dBFA_OI
  aaspfin
  baspfin
  caspfin
  daspfin
  bage_c
  cage_c
  dage_c
  ;

  missing = all (-9999);

  USEOBSERVATIONS are Sample == 2; ! College Sample

  tscores = bage_c cage_c dage_c;

  DEFINE:
  bage_c = aAGE + 1 - 20.5;
  cage_c = aAGE + 2 - 20.5;
  dage_c = aAGE + 3 - 20.5;

  ANALYSIS:
  TYPE=RANDOM;
  PROCESSORS = 8;

  MODEL:

  i_BFA_OI s_BFA_OI | bBFA_OI cBFA_OI dBFA_OI AT bage_c cage_c dage_c;
  i_aspfin s_aspfin | baspfin caspfin daspfin AT bage_c cage_c dage_c;


  !After Bollen and Curran initial observation is not part of LGM

  dBFA_OI on cBFA_OI (a); ! Autoregressive paths constrained to equality
  cBFA_OI on bBFA_OI (a);
  bBFA_OI on aBFA_OI (a);

  daspfin on caspfin (b); ! Autoregressive paths constrained to equality
  caspfin on baspfin (b);
  baspfin on aaspfin (b);

  bBFA_OI cBFA_OI dBFA_OI (c); !Equality constraint on residuals
  baspfin caspfin daspfin (d); !Equality constraint on residuals

  daspfin on cBFA_OI (x); ! Cross-lagged paths constrained to equality
  caspfin on bBFA_OI (x);
  baspfin on aBFA_OI (x);

  dBFA_OI on caspfin (y); ! Cross-lagged paths constrained to equality
  cBFA_OI on baspfin (y);
  bBFA_OI on aaspfin (y);

  daspfin with dBFA_OI (w); ! within-wave correlations constrained to equality
  caspfin with cBFA_OI (w);
  baspfin with bBFA_OI (w);

  aBFA_OI aaspfin i_BFA_OI i_aspfin
  s_BFA_OI
  with
  s_BFA_OI
  aBFA_OI aaspfin i_BFA_OI i_aspfin;


  s_aspfin@0;

  OUTPUT: SAMPSTAT PATTERNS;



*** WARNING
  Variable name contains more than 8 characters.
  Only the first 8 characters will be printed in the output.
  Variable: AMVI_POMP
*** WARNING
  Variable name contains more than 8 characters.
  Only the first 8 characters will be printed in the output.
  Variable: BMVI_POMP
*** WARNING
  Variable name contains more than 8 characters.
  Only the first 8 characters will be printed in the output.
  Variable: CMVI_POMP
*** WARNING
  Variable name contains more than 8 characters.
  Only the first 8 characters will be printed in the output.
  Variable: DMVI_POMP
*** WARNING in MODEL command
  All continuous latent variable covariances involving S_ASPFIN have been fixed to 0
  because the variance of S_ASPFIN is fixed at 0.
*** WARNING
  Data set contains cases with missing on all variables.
  These cases were not included in the analysis.
  Number of cases with missing on all variables:  1
*** WARNING
  Data set contains cases with missing on time scores but non-missing on the
  corresponding dependent variables.  These cases were not included in the analysis.
  Number of such cases:  2
   7 WARNING(S) FOUND IN THE INPUT INSTRUCTIONS



PxVx Univariate - Col Lin BFA_OI with MeanOnly aspfin;

SUMMARY OF ANALYSIS

Number of groups                                                 1
Number of observations                                         277

Number of dependent variables                                    6
Number of independent variables                                  2
Number of continuous latent variables                            4

Observed dependent variables

  Continuous
   BBFA_OI     CBFA_OI     DBFA_OI     BASPFIN     CASPFIN     DASPFIN

Observed independent variables
   ABFA_OI     AASPFIN

Continuous latent variables
   I_BFA_OI    S_BFA_OI    I_ASPFIN    S_ASPFIN

Variables with special functions

  Time scores
   BAGE_C      CAGE_C      DAGE_C


Estimator                                                      MLR
Information matrix                                        OBSERVED
Maximum number of iterations                                   100
Convergence criterion                                    0.100D-05
Maximum number of EM iterations                                500
Convergence criteria for the EM algorithm
  Loglikelihood change                                   0.100D-02
  Relative loglikelihood change                          0.100D-05
  Derivative                                             0.100D-03
Minimum variance                                         0.100D-03
Maximum number of steepest descent iterations                   20
Maximum number of iterations for H1                           2000
Convergence criterion for H1                             0.100D-03
Optimization algorithm                                         EMA

Input data file(s)
  E:\Projects\lnt_pxvx\Data\LT_227.txt
Input data format  FREE


SUMMARY OF DATA

     Number of missing data patterns            11


SUMMARY OF MISSING DATA PATTERNS


     MISSING DATA PATTERNS (x = not missing)

           1  2  3  4  5  6  7  8  9 10 11
 BBFA_OI   x  x     x        x  x        x
 CBFA_OI   x  x  x                 x
 DBFA_OI   x              x  x  x  x
 BASPFIN   x  x     x           x
 CASPFIN   x  x  x                 x
 DASPFIN   x              x     x  x
 ABFA_OI   x  x  x  x  x  x  x  x  x  x  x
 AASPFIN   x  x  x  x  x  x  x  x  x     x


     MISSING DATA PATTERN FREQUENCIES

    Pattern   Frequency     Pattern   Frequency     Pattern   Frequency
          1         138           5          53           9          11
          2          12           6          11          10           1
          3           5           7           1          11           1
          4          28           8          16


COVARIANCE COVERAGE OF DATA

Minimum covariance coverage value   0.100


     PROPORTION OF DATA PRESENT


           Covariance Coverage
              BBFA_OI       CBFA_OI       DBFA_OI       BASPFIN       CASPFIN
              ________      ________      ________      ________      ________
 BBFA_OI        0.708
 CBFA_OI        0.542         0.599
 DBFA_OI        0.560         0.538         0.639
 BASPFIN        0.700         0.542         0.556         0.700
 CASPFIN        0.542         0.599         0.538         0.542         0.599
 DASPFIN        0.556         0.538         0.635         0.556         0.538
 ABFA_OI        0.708         0.599         0.639         0.700         0.599
 AASPFIN        0.708         0.599         0.639         0.700         0.599


           Covariance Coverage
              DASPFIN       ABFA_OI       AASPFIN
              ________      ________      ________
 DASPFIN        0.635
 ABFA_OI        0.635         1.000
 AASPFIN        0.635         0.996         0.996


SAMPLE STATISTICS


     ESTIMATED SAMPLE STATISTICS


           Means
              BBFA_OI       CBFA_OI       DBFA_OI       BASPFIN       CASPFIN
              ________      ________      ________      ________      ________
 1             71.117        70.350        72.545        47.591        46.500


           Means
              DASPFIN       ABFA_OI       AASPFIN
              ________      ________      ________
 1             48.014        71.399        47.365


           Covariances
              BBFA_OI       CBFA_OI       DBFA_OI       BASPFIN       CASPFIN
              ________      ________      ________      ________      ________
 BBFA_OI      207.252
 CBFA_OI      176.208       238.793
 DBFA_OI      169.675       183.393       213.750
 BASPFIN       -6.817        -8.675         5.305       537.705
 CASPFIN      -35.602       -24.251       -10.248       340.339       491.685
 DASPFIN      -27.019       -18.788         0.359       392.254       389.022
 ABFA_OI      162.502       164.537       154.916        -3.718       -19.265
 AASPFIN      -28.861       -27.474       -16.032       418.708       328.458


           Covariances
              DASPFIN       ABFA_OI       AASPFIN
              ________      ________      ________
 DASPFIN      545.970
 ABFA_OI       -2.841       212.972
 AASPFIN      349.242       -24.763       535.187


           Correlations
              BBFA_OI       CBFA_OI       DBFA_OI       BASPFIN       CASPFIN
              ________      ________      ________      ________      ________
 BBFA_OI        1.000
 CBFA_OI        0.792         1.000
 DBFA_OI        0.806         0.812         1.000
 BASPFIN       -0.020        -0.024         0.016         1.000
 CASPFIN       -0.112        -0.071        -0.032         0.662         1.000
 DASPFIN       -0.080        -0.052         0.001         0.724         0.751
 ABFA_OI        0.773         0.730         0.726        -0.011        -0.060
 AASPFIN       -0.087        -0.077        -0.047         0.781         0.640


           Correlations
              DASPFIN       ABFA_OI       AASPFIN
              ________      ________      ________
 DASPFIN        1.000
 ABFA_OI       -0.008         1.000
 AASPFIN        0.646        -0.073         1.000


     MAXIMUM LOG-LIKELIHOOD VALUE FOR THE UNRESTRICTED (H1) MODEL IS -6524.353


THE MODEL ESTIMATION TERMINATED NORMALLY



MODEL FIT INFORMATION

Number of Free Parameters                       28

Loglikelihood

          H0 Value                       -6542.419
          H0 Scaling Correction Factor       1.146
            for MLR

Information Criteria

          Akaike (AIC)                   13140.839
          Bayesian (BIC)                 13242.311
          Sample-Size Adjusted BIC       13153.527
            (n* = (n + 2) / 24)



MODEL RESULTS

                                                    Two-Tailed
                    Estimate       S.E.  Est./S.E.    P-Value

 DBFA_OI    ON
    CBFA_OI            0.016      0.105      0.153      0.878
    CASPFIN            0.004      0.060      0.066      0.947

 CBFA_OI    ON
    BBFA_OI            0.016      0.105      0.153      0.878
    BASPFIN            0.004      0.060      0.066      0.947

 BBFA_OI    ON
    ABFA_OI            0.016      0.105      0.153      0.878
    AASPFIN            0.004      0.060      0.066      0.947

 DASPFIN    ON
    CASPFIN            0.223      0.086      2.608      0.009
    CBFA_OI           -0.114      0.180     -0.632      0.527

 CASPFIN    ON
    BASPFIN            0.223      0.086      2.608      0.009
    BBFA_OI           -0.114      0.180     -0.632      0.527

 BASPFIN    ON
    AASPFIN            0.223      0.086      2.608      0.009
    ABFA_OI           -0.114      0.180     -0.632      0.527

 S_BFA_OI WITH
    I_BFA_OI          -2.121      6.537     -0.324      0.746

 I_ASPFIN WITH
    I_BFA_OI          -3.256     50.233     -0.065      0.948
    S_BFA_OI           6.406      6.358      1.008      0.314

 ABFA_OI  WITH
    I_BFA_OI         163.300     29.642      5.509      0.000
    S_BFA_OI          -2.604      5.281     -0.493      0.622
    I_ASPFIN          16.980     38.076      0.446      0.656

 AASPFIN  WITH
    I_BFA_OI         -36.525     48.294     -0.756      0.449
    S_BFA_OI           6.517      9.865      0.661      0.509
    I_ASPFIN         266.035     47.820      5.563      0.000

 DASPFIN  WITH
    DBFA_OI            4.888      8.287      0.590      0.555

 CASPFIN  WITH
    CBFA_OI            4.888      8.287      0.590      0.555

 BASPFIN  WITH
    BBFA_OI            4.888      8.287      0.590      0.555

 AASPFIN  WITH
    ABFA_OI          -24.763     19.330     -1.281      0.200

 Means
    ABFA_OI           71.399      0.877     81.407      0.000
    AASPFIN           47.360      1.394     33.983      0.000
    I_BFA_OI          68.695      6.930      9.913      0.000
    S_BFA_OI           0.667      0.341      1.955      0.051
    I_ASPFIN          46.954     14.361      3.270      0.001
    S_ASPFIN          -1.026      0.656     -1.563      0.118

 Intercepts
    BBFA_OI            0.000      0.000    999.000    999.000
    CBFA_OI            0.000      0.000    999.000    999.000
    DBFA_OI            0.000      0.000    999.000    999.000
    BASPFIN            0.000      0.000    999.000    999.000
    CASPFIN            0.000      0.000    999.000    999.000
    DASPFIN            0.000      0.000    999.000    999.000

 Variances
    ABFA_OI          212.972     15.863     13.426      0.000
    AASPFIN          535.186     37.604     14.232      0.000
    I_BFA_OI         173.626     43.691      3.974      0.000
    S_BFA_OI           1.330      1.967      0.676      0.499
    I_ASPFIN         208.266     62.112      3.353      0.001
    S_ASPFIN           0.000      0.000    999.000    999.000

 Residual Variances
    BBFA_OI           42.719      5.420      7.881      0.000
    CBFA_OI           42.719      5.420      7.881      0.000
    DBFA_OI           42.719      5.420      7.881      0.000
    BASPFIN          170.785     20.525      8.321      0.000
    CASPFIN          170.785     20.525      8.321      0.000
    DASPFIN          170.785     20.525      8.321      0.000


QUALITY OF NUMERICAL RESULTS

     Condition Number for the Information Matrix              0.749E-07
       (ratio of smallest to largest eigenvalue)


     Beginning Time:  11:38:33
        Ending Time:  11:38:36
       Elapsed Time:  00:00:03



MUTHEN & MUTHEN
3463 Stoner Ave.
Los Angeles, CA  90066

Tel: (310) 391-9971
Fax: (310) 391-8971
Web: www.StatModel.com
Support: Support@StatModel.com

Copyright (c) 1998-2011 Muthen & Muthen
