Mplus VERSION 6.12
MUTHEN & MUTHEN
03/09/2016   8:01 PM

INPUT INSTRUCTIONS


  title: PxVx Univariate - Nat Lin BFI_C with Lin MVS_mc;
  data: file = E:\Projects\lnt_pxvx\Data\LT_227.txt;


  variable:
  names =
  subjid
  Sample
  aGENDER
  aAGE
  aethnic1
  aethnic2
  aedu_mom
  aedu_dad
  aEDUCATN
  bEDUCATN
  cEDUCATN
  aEMPLOYD
  bEMPLOYD
  cEMPLOYD
  dEMPLOYD
  aINCOME
  bINCOME
  cINCOME
  dINCOME
  aS_SCALE
  bS_SCALE
  cS_SCALE
  dS_SCALE
  aD_SCALE
  bD_SCALE
  cD_SCALE
  dD_SCALE
  aS_COMP
  bS_COMP
  cS_COMP
  dS_COMP
  aD_COMP
  bD_COMP
  cD_COMP
  dD_COMP
  aBFI_A
  aBFI_A6
  aBFI_C
  aBFI_E
  aBFI_HP
  aBFI_N
  aBFI_O
  bBFI_A
  bBFI_A6
  bBFI_C
  bBFI_E
  bBFI_HP
  bBFI_N
  bBFI_O
  cBFI_A
  cBFI_A6
  cBFI_C
  cBFI_E
  cBFI_HP
  cBFI_N
  cBFI_O
  dBFI_A
  dBFI_A6
  dBFI_C
  dBFI_E
  dBFI_HP
  dBFI_N
  dBFI_O
  aBFA_AC
  aBFA_AP
  aBFA_CI
  aBFA_CO
  aBFA_EA
  aBFA_EE
  aBFA_N9
  aBFA_NV
  aBFA_NW
  aBFA_OI
  aBFA_OO
  aBFA_PS
  aBFA_MT
  bBFA_AC
  bBFA_AP
  bBFA_CI
  bBFA_CO
  bBFA_EA
  bBFA_EE
  bBFA_N9
  bBFA_NV
  bBFA_NW
  bBFA_OI
  bBFA_OO
  bBFA_MT
  bBFA_PS
  cBFA_AC
  cBFA_AP
  cBFA_CI
  cBFA_CO
  cBFA_EA
  cBFA_EE
  cBFA_N9
  cBFA_NV
  cBFA_NW
  cBFA_OI
  cBFA_OO
  cBFA_MT
  cBFA_PS
  dBFA_AC
  dBFA_AP
  dBFA_CI
  dBFA_CO
  dBFA_EA
  dBFA_EE
  dBFA_N9
  dBFA_NV
  dBFA_NW
  dBFA_OI
  dBFA_OO
  dBFA_MT
  dBFA_PS
  aUSI
  bUSI
  cUSI
  dUSI
  aHRZ_IND
  bHRZ_IND
  cHRZ_IND
  dHRZ_IND
  aVRT_IND
  bVRT_IND
  cVRT_IND
  dVRT_IND
  aHRZ_COL
  bHRZ_COL
  cHRZ_COL
  dHRZ_COL
  aVRT_COL
  bVRT_COL
  cVRT_COL
  dVRT_COL
  aCOLLCTV
  bCOLLCTV
  cCOLLCTV
  dCOLLCTV
  aMVS
  bMVS
  cMVS
  dMVS
  aST
  bST
  cST
  dST
  aSD
  bSD
  cSD
  dSD
  aMVS_mc
  bMVS_mc
  cMVS_mc
  dMVS_mc
  aST_mc
  bST_mc
  cST_mc
  dST_mc
  aSD_mc
  bSD_mc
  cSD_mc
  dSD_mc
  bMEANING
  cMEANING
  dMEANING
  bMEAN_L
  cMEAN_L
  dMEAN_L
  bMEANNGc
  cMEANNGc
  dMEANNGc
  bMEANGlc
  cMEANGlc
  dMEANGlc
  bCLASSIC
  cCLASSIC
  dCLASSIC
  bCLASSCc
  cCLASSCc
  dCLASSCc
  bAGR_VAL
  cAGR_VAL
  dAGR_VAL
  bOPN_VAL
  cOPN_VAL
  dOPN_VAL
  bAGR_VLc
  cAGR_VLc
  dAGR_VLc
  bOPNVALc
  cOPNVALc
  dOPNVALc
  aMV_pomp
  bMV_pomp
  cMV_pomp
  dMV_pomp
  aST_pomp
  bST_pomp
  cST_pomp
  dST_pomp
  aSD_pomp
  bSD_pomp
  cSD_pomp
  dSD_pomp
  agoal_ec
  bgoal_ec
  cgoal_ec
  dgoal_ec
  aAspfinc
  bAspfinc
  cAspfinc
  dAspfinc
  abfi_hp8
  bbfi_hp8
  cbfi_hp8
  dbfi_hp8
  aP_S_BFI
  aP_D_BFI
  aECgoalc
  bECgoalC
  cECgoalC
  dECgoalC
  aaspfin
  baspfin
  caspfin
  daspfin;


  USEVARIABLES =
  aBFI_C
  bBFI_C
  cBFI_C
  dBFI_C
  aMVS_mc
  bMVS_mc
  cMVS_mc
  dMVS_mc
  bage_c
  cage_c
  dage_c
  ;

  missing = all (-9999);

  USEOBSERVATIONS are Sample == 1; ! National Sample

  tscores = bage_c cage_c dage_c;

  DEFINE:
  bage_c = aAGE + 1 - 36;
  cage_c = aAGE + 2 - 36;
  dage_c = aAGE + 3 - 36;

  ANALYSIS:
  TYPE=RANDOM;
  PROCESSORS = 8;

  MODEL:

  i_BFI_C s_BFI_C | bBFI_C cBFI_C dBFI_C AT bage_c cage_c dage_c;
  i_MVS_mc s_MVS_mc | bMVS_mc cMVS_mc dMVS_mc AT bage_c cage_c dage_c;


  !After Bollen and Curran initial observation is not part of LGM

  dBFI_C on cBFI_C (a); ! Autoregressive paths constrained to equality
  cBFI_C on bBFI_C (a);
  bBFI_C on aBFI_C (a);

  dMVS_mc on cMVS_mc (b); ! Autoregressive paths constrained to equality
  cMVS_mc on bMVS_mc (b);
  bMVS_mc on aMVS_mc (b);

  bBFI_C cBFI_C dBFI_C (c); !Equality constraint on residuals
  bMVS_mc cMVS_mc dMVS_mc (d); !Equality constraint on residuals

  dMVS_mc on cBFI_C (x); ! Cross-lagged paths constrained to equality
  cMVS_mc on bBFI_C (x);
  bMVS_mc on aBFI_C (x);

  dBFI_C on cMVS_mc (y); ! Cross-lagged paths constrained to equality
  cBFI_C on bMVS_mc (y);
  bBFI_C on aMVS_mc (y);

  dMVS_mc with dBFI_C (w); ! within-wave correlations constrained to equality
  cMVS_mc with cBFI_C (w);
  bMVS_mc with bBFI_C (w);

  aBFI_C aMVS_mc i_BFI_C i_MVS_mc
  s_BFI_C
  s_MVS_mc
  with
  s_BFI_C
  s_MVS_mc
  aBFI_C aMVS_mc i_BFI_C i_MVS_mc;



  OUTPUT: SAMPSTAT PATTERNS;



*** WARNING
  Data set contains cases with missing on time scores but non-missing on the
  corresponding dependent variables.  These cases were not included in the analysis.
  Number of such cases:  5
   1 WARNING(S) FOUND IN THE INPUT INSTRUCTIONS



PxVx Univariate - Nat Lin BFI_C with Lin MVS_mc;

SUMMARY OF ANALYSIS

Number of groups                                                 1
Number of observations                                         874

Number of dependent variables                                    6
Number of independent variables                                  2
Number of continuous latent variables                            4

Observed dependent variables

  Continuous
   BBFI_C      CBFI_C      DBFI_C      BMVS_MC     CMVS_MC     DMVS_MC

Observed independent variables
   ABFI_C      AMVS_MC

Continuous latent variables
   I_BFI_C     S_BFI_C     I_MVS_MC    S_MVS_MC

Variables with special functions

  Time scores
   BAGE_C      CAGE_C      DAGE_C


Estimator                                                      MLR
Information matrix                                        OBSERVED
Maximum number of iterations                                   100
Convergence criterion                                    0.100D-05
Maximum number of EM iterations                                500
Convergence criteria for the EM algorithm
  Loglikelihood change                                   0.100D-02
  Relative loglikelihood change                          0.100D-05
  Derivative                                             0.100D-03
Minimum variance                                         0.100D-03
Maximum number of steepest descent iterations                   20
Maximum number of iterations for H1                           2000
Convergence criterion for H1                             0.100D-03
Optimization algorithm                                         EMA

Input data file(s)
  E:\Projects\lnt_pxvx\Data\LT_227.txt
Input data format  FREE


SUMMARY OF DATA

     Number of missing data patterns            16


SUMMARY OF MISSING DATA PATTERNS


     MISSING DATA PATTERNS (x = not missing)

           1  2  3  4  5  6  7  8  9 10 11 12 13 14 15 16
 BBFI_C    x     x  x        x     x  x  x  x
 CBFI_C    x           x     x  x     x     x        x
 DBFI_C    x     x     x  x           x     x  x     x  x
 BMVS_MC   x     x  x        x     x  x
 CMVS_MC   x           x     x  x     x     x        x
 DMVS_MC   x     x     x  x                 x  x
 ABFI_C    x  x  x  x  x  x  x  x  x  x  x  x     x  x  x
 AMVS_MC   x  x  x  x  x  x  x  x     x  x  x  x     x  x


     MISSING DATA PATTERN FREQUENCIES

    Pattern   Frequency     Pattern   Frequency     Pattern   Frequency
          1         500           7          47          13           1
          2         168           8          22          14           1
          3          27           9           1          15           2
          4          53          10           1          16           2
          5          21          11           3
          6          23          12           2


COVARIANCE COVERAGE OF DATA

Minimum covariance coverage value   0.100


     PROPORTION OF DATA PRESENT


           Covariance Coverage
              BBFI_C        CBFI_C        DBFI_C        BMVS_MC       CMVS_MC
              ________      ________      ________      ________      ________
 BBFI_C         0.725
 CBFI_C         0.629         0.681
 DBFI_C         0.606         0.602         0.662
 BMVS_MC        0.720         0.627         0.604         0.720
 CMVS_MC        0.629         0.681         0.602         0.627         0.681
 DMVS_MC        0.605         0.598         0.657         0.603         0.598
 ABFI_C         0.725         0.681         0.661         0.720         0.681
 AMVS_MC        0.724         0.681         0.662         0.719         0.681


           Covariance Coverage
              DMVS_MC       ABFI_C        AMVS_MC
              ________      ________      ________
 DMVS_MC        0.657
 ABFI_C         0.656         0.999
 AMVS_MC        0.657         0.997         0.998


SAMPLE STATISTICS


     ESTIMATED SAMPLE STATISTICS


           Means
              BBFI_C        CBFI_C        DBFI_C        BMVS_MC       CMVS_MC
              ________      ________      ________      ________      ________
 1             68.540        68.665        68.808         3.315         3.335


           Means
              DMVS_MC       ABFI_C        AMVS_MC
              ________      ________      ________
 1              3.320        68.563         3.346


           Covariances
              BBFI_C        CBFI_C        DBFI_C        BMVS_MC       CMVS_MC
              ________      ________      ________      ________      ________
 BBFI_C       284.644
 CBFI_C       233.028       296.718
 DBFI_C       223.705       240.912       294.918
 BMVS_MC        0.526         0.159         0.198         0.408
 CMVS_MC        0.395         0.001         0.272         0.338         0.441
 DMVS_MC        0.735         0.473         0.756         0.315         0.327
 ABFI_C       236.638       232.152       224.712        -0.266        -0.696
 AMVS_MC        0.524         0.100         0.084         0.323         0.318


           Covariances
              DMVS_MC       ABFI_C        AMVS_MC
              ________      ________      ________
 DMVS_MC        0.377
 ABFI_C         0.071       301.130
 AMVS_MC        0.297        -0.139         0.420


           Correlations
              BBFI_C        CBFI_C        DBFI_C        BMVS_MC       CMVS_MC
              ________      ________      ________      ________      ________
 BBFI_C         1.000
 CBFI_C         0.802         1.000
 DBFI_C         0.772         0.814         1.000
 BMVS_MC        0.049         0.014         0.018         1.000
 CMVS_MC        0.035         0.000         0.024         0.798         1.000
 DMVS_MC        0.071         0.045         0.072         0.804         0.802
 ABFI_C         0.808         0.777         0.754        -0.024        -0.060
 AMVS_MC        0.048         0.009         0.008         0.779         0.738


           Correlations
              DMVS_MC       ABFI_C        AMVS_MC
              ________      ________      ________
 DMVS_MC        1.000
 ABFI_C         0.007         1.000
 AMVS_MC        0.746        -0.012         1.000


     MAXIMUM LOG-LIKELIHOOD VALUE FOR THE UNRESTRICTED (H1) MODEL IS -12001.454


THE MODEL ESTIMATION TERMINATED NORMALLY



MODEL FIT INFORMATION

Number of Free Parameters                       34

Loglikelihood

          H0 Value                      -11990.901
          H0 Scaling Correction Factor       1.159
            for MLR

Information Criteria

          Akaike (AIC)                   24049.801
          Bayesian (BIC)                 24212.086
          Sample-Size Adjusted BIC       24104.110
            (n* = (n + 2) / 24)



MODEL RESULTS

                                                    Two-Tailed
                    Estimate       S.E.  Est./S.E.    P-Value

 DBFI_C     ON
    CBFI_C             0.158      0.042      3.775      0.000
    CMVS_MC            0.750      1.030      0.728      0.467

 CBFI_C     ON
    BBFI_C             0.158      0.042      3.775      0.000
    BMVS_MC            0.750      1.030      0.728      0.467

 BBFI_C     ON
    ABFI_C             0.158      0.042      3.775      0.000
    AMVS_MC            0.750      1.030      0.728      0.467

 DMVS_MC    ON
    CMVS_MC            0.062      0.038      1.633      0.102
    CBFI_C             0.001      0.001      1.013      0.311

 CMVS_MC    ON
    BMVS_MC            0.062      0.038      1.633      0.102
    BBFI_C             0.001      0.001      1.013      0.311

 BMVS_MC    ON
    AMVS_MC            0.062      0.038      1.633      0.102
    ABFI_C             0.001      0.001      1.013      0.311

 S_BFI_C  WITH
    I_BFI_C            0.563      0.425      1.324      0.186

 I_MVS_MC WITH
    I_BFI_C           -0.334      0.588     -0.569      0.570
    S_BFI_C            0.004      0.074      0.057      0.954

 S_MVS_MC WITH
    I_BFI_C            0.015      0.075      0.206      0.837
    S_BFI_C            0.000      0.001     -0.337      0.736
    I_MVS_MC          -0.002      0.001     -2.927      0.003

 ABFI_C   WITH
    I_BFI_C          187.121     15.104     12.389      0.000
    S_BFI_C            1.485      0.595      2.497      0.013
    I_MVS_MC          -0.833      0.548     -1.521      0.128
    S_MVS_MC           0.041      0.024      1.747      0.081

 AMVS_MC  WITH
    I_BFI_C           -0.116      0.497     -0.234      0.815
    S_BFI_C            0.007      0.018      0.393      0.694
    I_MVS_MC           0.290      0.020     14.533      0.000
    S_MVS_MC          -0.001      0.001     -0.679      0.497

 DMVS_MC  WITH
    DBFI_C             0.084      0.087      0.972      0.331

 CMVS_MC  WITH
    CBFI_C             0.084      0.087      0.972      0.331

 BMVS_MC  WITH
    BBFI_C             0.084      0.087      0.972      0.331

 AMVS_MC  WITH
    ABFI_C            -0.139      0.371     -0.374      0.708

 Means
    ABFI_C            68.556      0.586    116.920      0.000
    AMVS_MC            3.347      0.022    152.447      0.000
    I_BFI_C           55.064      3.310     16.638      0.000
    S_BFI_C            0.084      0.029      2.939      0.003
    I_MVS_MC           3.010      0.107     28.155      0.000
    S_MVS_MC           0.004      0.001      3.156      0.002

 Intercepts
    BBFI_C             0.000      0.000    999.000    999.000
    CBFI_C             0.000      0.000    999.000    999.000
    DBFI_C             0.000      0.000    999.000    999.000
    BMVS_MC            0.000      0.000    999.000    999.000
    CMVS_MC            0.000      0.000    999.000    999.000
    DMVS_MC            0.000      0.000    999.000    999.000

 Variances
    ABFI_C           301.087     13.306     22.627      0.000
    AMVS_MC            0.420      0.020     20.716      0.000
    I_BFI_C          152.981     20.525      7.454      0.000
    S_BFI_C            0.021      0.036      0.574      0.566
    I_MVS_MC           0.273      0.030      9.087      0.000
    S_MVS_MC           0.000      0.000      1.750      0.080

 Residual Variances
    BBFI_C            64.786      4.354     14.881      0.000
    CBFI_C            64.786      4.354     14.881      0.000
    DBFI_C            64.786      4.354     14.881      0.000
    BMVS_MC            0.085      0.005     17.818      0.000
    CMVS_MC            0.085      0.005     17.818      0.000
    DMVS_MC            0.085      0.005     17.818      0.000


QUALITY OF NUMERICAL RESULTS

     Condition Number for the Information Matrix              0.130E-06
       (ratio of smallest to largest eigenvalue)


     Beginning Time:  20:01:17
        Ending Time:  20:01:45
       Elapsed Time:  00:00:28



MUTHEN & MUTHEN
3463 Stoner Ave.
Los Angeles, CA  90066

Tel: (310) 391-9971
Fax: (310) 391-8971
Web: www.StatModel.com
Support: Support@StatModel.com

Copyright (c) 1998-2011 Muthen & Muthen
