Mplus VERSION 6.12
MUTHEN & MUTHEN
03/09/2016   7:49 PM

INPUT INSTRUCTIONS


  title: PxVx Univariate - Nat Lin BFA_OO with Lin USI;
  data: file = E:\Projects\lnt_pxvx\Data\LT_227.txt;


  variable:
  names =
  subjid
  Sample
  aGENDER
  aAGE
  aethnic1
  aethnic2
  aedu_mom
  aedu_dad
  aEDUCATN
  bEDUCATN
  cEDUCATN
  aEMPLOYD
  bEMPLOYD
  cEMPLOYD
  dEMPLOYD
  aINCOME
  bINCOME
  cINCOME
  dINCOME
  aS_SCALE
  bS_SCALE
  cS_SCALE
  dS_SCALE
  aD_SCALE
  bD_SCALE
  cD_SCALE
  dD_SCALE
  aS_COMP
  bS_COMP
  cS_COMP
  dS_COMP
  aD_COMP
  bD_COMP
  cD_COMP
  dD_COMP
  aBFI_A
  aBFI_A6
  aBFI_C
  aBFI_E
  aBFI_HP
  aBFI_N
  aBFI_O
  bBFI_A
  bBFI_A6
  bBFI_C
  bBFI_E
  bBFI_HP
  bBFI_N
  bBFI_O
  cBFI_A
  cBFI_A6
  cBFI_C
  cBFI_E
  cBFI_HP
  cBFI_N
  cBFI_O
  dBFI_A
  dBFI_A6
  dBFI_C
  dBFI_E
  dBFI_HP
  dBFI_N
  dBFI_O
  aBFA_AC
  aBFA_AP
  aBFA_CI
  aBFA_CO
  aBFA_EA
  aBFA_EE
  aBFA_N9
  aBFA_NV
  aBFA_NW
  aBFA_OI
  aBFA_OO
  aBFA_PS
  aBFA_MT
  bBFA_AC
  bBFA_AP
  bBFA_CI
  bBFA_CO
  bBFA_EA
  bBFA_EE
  bBFA_N9
  bBFA_NV
  bBFA_NW
  bBFA_OI
  bBFA_OO
  bBFA_MT
  bBFA_PS
  cBFA_AC
  cBFA_AP
  cBFA_CI
  cBFA_CO
  cBFA_EA
  cBFA_EE
  cBFA_N9
  cBFA_NV
  cBFA_NW
  cBFA_OI
  cBFA_OO
  cBFA_MT
  cBFA_PS
  dBFA_AC
  dBFA_AP
  dBFA_CI
  dBFA_CO
  dBFA_EA
  dBFA_EE
  dBFA_N9
  dBFA_NV
  dBFA_NW
  dBFA_OI
  dBFA_OO
  dBFA_MT
  dBFA_PS
  aUSI
  bUSI
  cUSI
  dUSI
  aHRZ_IND
  bHRZ_IND
  cHRZ_IND
  dHRZ_IND
  aVRT_IND
  bVRT_IND
  cVRT_IND
  dVRT_IND
  aHRZ_COL
  bHRZ_COL
  cHRZ_COL
  dHRZ_COL
  aVRT_COL
  bVRT_COL
  cVRT_COL
  dVRT_COL
  aCOLLCTV
  bCOLLCTV
  cCOLLCTV
  dCOLLCTV
  aMVS
  bMVS
  cMVS
  dMVS
  aST
  bST
  cST
  dST
  aSD
  bSD
  cSD
  dSD
  aMVS_mc
  bMVS_mc
  cMVS_mc
  dMVS_mc
  aST_mc
  bST_mc
  cST_mc
  dST_mc
  aSD_mc
  bSD_mc
  cSD_mc
  dSD_mc
  bMEANING
  cMEANING
  dMEANING
  bMEAN_L
  cMEAN_L
  dMEAN_L
  bMEANNGc
  cMEANNGc
  dMEANNGc
  bMEANGlc
  cMEANGlc
  dMEANGlc
  bCLASSIC
  cCLASSIC
  dCLASSIC
  bCLASSCc
  cCLASSCc
  dCLASSCc
  bAGR_VAL
  cAGR_VAL
  dAGR_VAL
  bOPN_VAL
  cOPN_VAL
  dOPN_VAL
  bAGR_VLc
  cAGR_VLc
  dAGR_VLc
  bOPNVALc
  cOPNVALc
  dOPNVALc
  aMV_pomp
  bMV_pomp
  cMV_pomp
  dMV_pomp
  aST_pomp
  bST_pomp
  cST_pomp
  dST_pomp
  aSD_pomp
  bSD_pomp
  cSD_pomp
  dSD_pomp
  agoal_ec
  bgoal_ec
  cgoal_ec
  dgoal_ec
  aAspfinc
  bAspfinc
  cAspfinc
  dAspfinc
  abfi_hp8
  bbfi_hp8
  cbfi_hp8
  dbfi_hp8
  aP_S_BFI
  aP_D_BFI
  aECgoalc
  bECgoalC
  cECgoalC
  dECgoalC
  aaspfin
  baspfin
  caspfin
  daspfin;


  USEVARIABLES =
  aBFA_OO
  bBFA_OO
  cBFA_OO
  dBFA_OO
  aUSI
  bUSI
  cUSI
  dUSI
  bage_c
  cage_c
  dage_c
  ;

  missing = all (-9999);

  USEOBSERVATIONS are Sample == 1; ! National Sample

  tscores = bage_c cage_c dage_c;

  DEFINE:
  bage_c = aAGE + 1 - 36;
  cage_c = aAGE + 2 - 36;
  dage_c = aAGE + 3 - 36;

  ANALYSIS:
  TYPE=RANDOM;
  PROCESSORS = 8;

  MODEL:

  i_BFA_OO s_BFA_OO | bBFA_OO cBFA_OO dBFA_OO AT bage_c cage_c dage_c;
  i_USI s_USI | bUSI cUSI dUSI AT bage_c cage_c dage_c;


  !After Bollen and Curran initial observation is not part of LGM

  dBFA_OO on cBFA_OO (a); ! Autoregressive paths constrained to equality
  cBFA_OO on bBFA_OO (a);
  bBFA_OO on aBFA_OO (a);

  dUSI on cUSI (b); ! Autoregressive paths constrained to equality
  cUSI on bUSI (b);
  bUSI on aUSI (b);

  bBFA_OO cBFA_OO dBFA_OO (c); !Equality constraint on residuals
  bUSI cUSI dUSI (d); !Equality constraint on residuals

  dUSI on cBFA_OO (x); ! Cross-lagged paths constrained to equality
  cUSI on bBFA_OO (x);
  bUSI on aBFA_OO (x);

  dBFA_OO on cUSI (y); ! Cross-lagged paths constrained to equality
  cBFA_OO on bUSI (y);
  bBFA_OO on aUSI (y);

  dUSI with dBFA_OO (w); ! within-wave correlations constrained to equality
  cUSI with cBFA_OO (w);
  bUSI with bBFA_OO (w);

  aBFA_OO aUSI i_BFA_OO i_USI
  s_BFA_OO
  s_USI
  with
  s_BFA_OO
  s_USI
  aBFA_OO aUSI i_BFA_OO i_USI;



  OUTPUT: SAMPSTAT PATTERNS;



*** WARNING
  Data set contains cases with missing on time scores but non-missing on the
  corresponding dependent variables.  These cases were not included in the analysis.
  Number of such cases:  5
   1 WARNING(S) FOUND IN THE INPUT INSTRUCTIONS



PxVx Univariate - Nat Lin BFA_OO with Lin USI;

SUMMARY OF ANALYSIS

Number of groups                                                 1
Number of observations                                         874

Number of dependent variables                                    6
Number of independent variables                                  2
Number of continuous latent variables                            4

Observed dependent variables

  Continuous
   BBFA_OO     CBFA_OO     DBFA_OO     BUSI        CUSI        DUSI

Observed independent variables
   ABFA_OO     AUSI

Continuous latent variables
   I_BFA_OO    S_BFA_OO    I_USI       S_USI

Variables with special functions

  Time scores
   BAGE_C      CAGE_C      DAGE_C


Estimator                                                      MLR
Information matrix                                        OBSERVED
Maximum number of iterations                                   100
Convergence criterion                                    0.100D-05
Maximum number of EM iterations                                500
Convergence criteria for the EM algorithm
  Loglikelihood change                                   0.100D-02
  Relative loglikelihood change                          0.100D-05
  Derivative                                             0.100D-03
Minimum variance                                         0.100D-03
Maximum number of steepest descent iterations                   20
Maximum number of iterations for H1                           2000
Convergence criterion for H1                             0.100D-03
Optimization algorithm                                         EMA

Input data file(s)
  E:\Projects\lnt_pxvx\Data\LT_227.txt
Input data format  FREE


SUMMARY OF DATA

     Number of missing data patterns            19


SUMMARY OF MISSING DATA PATTERNS


     MISSING DATA PATTERNS (x = not missing)

           1  2  3  4  5  6  7  8  9 10 11 12 13 14 15 16 17 18 19
 BBFA_OO   x     x  x     x     x     x  x  x     x     x     x
 CBFA_OO   x           x  x     x  x     x  x  x  x        x  x
 DBFA_OO   x     x     x  x  x              x  x  x     x        x
 BUSI      x     x  x     x     x        x     x  x           x
 CUSI      x           x        x  x        x  x  x           x
 DUSI      x     x     x  x  x              x  x  x     x     x
 ABFA_OO   x  x  x  x  x  x  x  x  x  x  x  x  x     x  x  x  x  x
 AUSI      x  x  x  x  x  x  x  x  x  x  x  x  x  x     x  x  x  x


     MISSING DATA PATTERN FREQUENCIES

    Pattern   Frequency     Pattern   Frequency     Pattern   Frequency
          1         494           8          46          15           1
          2         169           9          23          16           1
          3          26          10           5          17           1
          4          52          11           1          18           1
          5          21          12           3          19           1
          6           2          13           2
          7          24          14           1


COVARIANCE COVERAGE OF DATA

Minimum covariance coverage value   0.100


     PROPORTION OF DATA PRESENT


           Covariance Coverage
              BBFA_OO       CBFA_OO       DBFA_OO       BUSI          CUSI
              ________      ________      ________      ________      ________
 BBFA_OO        0.723
 CBFA_OO        0.627         0.681
 DBFA_OO        0.603         0.598         0.658
 BUSI           0.713         0.626         0.601         0.715
 CUSI           0.624         0.676         0.596         0.622         0.676
 DUSI           0.604         0.600         0.657         0.602         0.597
 ABFA_OO        0.722         0.680         0.657         0.714         0.675
 AUSI           0.723         0.681         0.658         0.715         0.676


           Covariance Coverage
              DUSI          ABFA_OO       AUSI
              ________      ________      ________
 DUSI           0.658
 ABFA_OO        0.657         0.999
 AUSI           0.658         0.998         0.999


SAMPLE STATISTICS


     ESTIMATED SAMPLE STATISTICS


           Means
              BBFA_OO       CBFA_OO       DBFA_OO       BUSI          CUSI
              ________      ________      ________      ________      ________
 1             72.983        72.436        72.155        28.573        28.580


           Means
              DUSI          ABFA_OO       AUSI
              ________      ________      ________
 1             28.601        73.116        29.088


           Covariances
              BBFA_OO       CBFA_OO       DBFA_OO       BUSI          CUSI
              ________      ________      ________      ________      ________
 BBFA_OO      257.695
 CBFA_OO      217.545       269.814
 DBFA_OO      208.034       221.851       259.369
 BUSI         -62.120       -65.691       -51.019       275.962
 CUSI         -52.487       -66.066       -49.540       213.503       281.399
 DUSI         -51.519       -62.796       -51.870       199.750       220.624
 ABFA_OO      204.752       204.767       199.992       -53.162       -46.268
 AUSI         -58.083       -60.092       -46.916       206.271       203.599


           Covariances
              DUSI          ABFA_OO       AUSI
              ________      ________      ________
 DUSI         262.397
 ABFA_OO      -52.230       249.947
 AUSI         192.188       -60.541       267.143


           Correlations
              BBFA_OO       CBFA_OO       DBFA_OO       BUSI          CUSI
              ________      ________      ________      ________      ________
 BBFA_OO        1.000
 CBFA_OO        0.825         1.000
 DBFA_OO        0.805         0.839         1.000
 BUSI          -0.233        -0.241        -0.191         1.000
 CUSI          -0.195        -0.240        -0.183         0.766         1.000
 DUSI          -0.198        -0.236        -0.199         0.742         0.812
 ABFA_OO        0.807         0.789         0.785        -0.202        -0.174
 AUSI          -0.221        -0.224        -0.178         0.760         0.743


           Correlations
              DUSI          ABFA_OO       AUSI
              ________      ________      ________
 DUSI           1.000
 ABFA_OO       -0.204         1.000
 AUSI           0.726        -0.234         1.000


     MAXIMUM LOG-LIKELIHOOD VALUE FOR THE UNRESTRICTED (H1) MODEL IS -20402.314


THE MODEL ESTIMATION TERMINATED NORMALLY



MODEL FIT INFORMATION

Number of Free Parameters                       34

Loglikelihood

          H0 Value                      -20408.210
          H0 Scaling Correction Factor       1.241
            for MLR

Information Criteria

          Akaike (AIC)                   40884.420
          Bayesian (BIC)                 41046.705
          Sample-Size Adjusted BIC       40938.729
            (n* = (n + 2) / 24)



MODEL RESULTS

                                                    Two-Tailed
                    Estimate       S.E.  Est./S.E.    P-Value

 DBFA_OO    ON
    CBFA_OO            0.094      0.067      1.406      0.160
    CUSI              -0.056      0.051     -1.084      0.278

 CBFA_OO    ON
    BBFA_OO            0.094      0.067      1.406      0.160
    BUSI              -0.056      0.051     -1.084      0.278

 BBFA_OO    ON
    ABFA_OO            0.094      0.067      1.406      0.160
    AUSI              -0.056      0.051     -1.084      0.278

 DUSI       ON
    CUSI               0.146      0.060      2.425      0.015
    CBFA_OO           -0.028      0.064     -0.443      0.658

 CUSI       ON
    BUSI               0.146      0.060      2.425      0.015
    BBFA_OO           -0.028      0.064     -0.443      0.658

 BUSI       ON
    AUSI               0.146      0.060      2.425      0.015
    ABFA_OO           -0.028      0.064     -0.443      0.658

 S_BFA_OO WITH
    I_BFA_OO          -0.558      0.421     -1.325      0.185

 I_USI    WITH
    I_BFA_OO         -22.852     22.442     -1.018      0.309
    S_BFA_OO          -0.197      1.914     -0.103      0.918

 S_USI    WITH
    I_BFA_OO           0.573      1.922      0.298      0.765
    S_BFA_OO          -0.025      0.028     -0.895      0.371
    I_USI             -0.086      0.355     -0.243      0.808

 ABFA_OO  WITH
    I_BFA_OO         180.169     18.825      9.571      0.000
    S_BFA_OO          -0.073      0.461     -0.159      0.874
    I_USI            -37.422     17.637     -2.122      0.034
    S_USI              0.319      0.463      0.689      0.491

 AUSI     WITH
    I_BFA_OO         -35.384     15.874     -2.229      0.026
    S_BFA_OO           0.114      0.529      0.215      0.830
    I_USI            163.026     17.794      9.162      0.000
    S_USI              0.650      0.520      1.251      0.211

 DUSI     WITH
    DBFA_OO           -6.477      3.011     -2.151      0.031

 CUSI     WITH
    CBFA_OO           -6.477      3.011     -2.151      0.031

 BUSI     WITH
    BBFA_OO           -6.477      3.011     -2.151      0.031

 AUSI     WITH
    ABFA_OO          -60.516      9.275     -6.525      0.000

 Means
    ABFA_OO           73.095      0.535    136.734      0.000
    AUSI              29.082      0.552     52.678      0.000
    I_BFA_OO          67.299      4.244     15.856      0.000
    S_BFA_OO           0.020      0.031      0.643      0.520
    I_USI             26.588      4.116      6.460      0.000
    S_USI             -0.042      0.031     -1.343      0.179

 Intercepts
    BBFA_OO            0.000      0.000    999.000    999.000
    CBFA_OO            0.000      0.000    999.000    999.000
    DBFA_OO            0.000      0.000    999.000    999.000
    BUSI               0.000      0.000    999.000    999.000
    CUSI               0.000      0.000    999.000    999.000
    DUSI               0.000      0.000    999.000    999.000

 Variances
    ABFA_OO          249.902     11.051     22.613      0.000
    AUSI             267.143     10.767     24.810      0.000
    I_BFA_OO         162.888     30.731      5.300      0.000
    S_BFA_OO           0.089      0.048      1.863      0.063
    I_USI            138.336     26.938      5.135      0.000
    S_USI              0.052      0.035      1.479      0.139

 Residual Variances
    BBFA_OO           49.474      4.366     11.332      0.000
    CBFA_OO           49.474      4.366     11.332      0.000
    DBFA_OO           49.474      4.366     11.332      0.000
    BUSI              67.996      4.839     14.051      0.000
    CUSI              67.996      4.839     14.051      0.000
    DUSI              67.996      4.839     14.051      0.000


QUALITY OF NUMERICAL RESULTS

     Condition Number for the Information Matrix              0.150E-05
       (ratio of smallest to largest eigenvalue)


     Beginning Time:  19:49:26
        Ending Time:  19:49:39
       Elapsed Time:  00:00:13



MUTHEN & MUTHEN
3463 Stoner Ave.
Los Angeles, CA  90066

Tel: (310) 391-9971
Fax: (310) 391-8971
Web: www.StatModel.com
Support: Support@StatModel.com

Copyright (c) 1998-2011 Muthen & Muthen
