Mplus VERSION 7 (Mac)
MUTHEN & MUTHEN
10/27/2017  10:29 AM

INPUT INSTRUCTIONS


  title: PxVx Bivariate LCM-SR-Uncons - Inf Linear I_A with Linear BFA_MT;
  data: file = /Users/johnflournoy/code/lnt_pxvx/Data/LT_informants3.txt;

  variable:
  names =
  subjid
  Sample
  aGENDER
  aAGE
  aethnic1
  aethnic2
  aedu_mom
  aedu_dad
  aEDUCATN
  bEDUCATN
  cEDUCATN
  aEMPLOYD
  bEMPLOYD
  cEMPLOYD
  dEMPLOYD
  aINCOME
  bINCOME
  cINCOME
  dINCOME
  aS_SCALE
  bS_SCALE
  cS_SCALE
  dS_SCALE
  aD_SCALE
  bD_SCALE
  cD_SCALE
  dD_SCALE
  aS_COMP
  bS_COMP
  cS_COMP
  dS_COMP
  aD_COMP
  bD_COMP
  cD_COMP
  dD_COMP
  aBFI_A
  aBFI_A6
  aBFI_C
  aBFI_E
  aBFI_HP
  aBFI_N
  aBFI_O
  bBFI_A
  bBFI_A6
  bBFI_C
  bBFI_E
  bBFI_HP
  bBFI_N
  bBFI_O
  cBFI_A
  cBFI_A6
  cBFI_C
  cBFI_E
  cBFI_HP
  cBFI_N
  cBFI_O
  dBFI_A
  dBFI_A6
  dBFI_C
  dBFI_E
  dBFI_HP
  dBFI_N
  dBFI_O
  aBFA_AC
  aBFA_AP
  aBFA_CI
  aBFA_CO
  aBFA_EA
  aBFA_EE
  aBFA_N9
  aBFA_NV
  aBFA_NW
  aBFA_OI
  aBFA_OO
  aBFA_PS
  aBFA_MT
  bBFA_AC
  bBFA_AP
  bBFA_CI
  bBFA_CO
  bBFA_EA
  bBFA_EE
  bBFA_N9
  bBFA_NV
  bBFA_NW
  bBFA_OI
  bBFA_OO
  bBFA_MT
  bBFA_PS
  cBFA_AC
  cBFA_AP
  cBFA_CI
  cBFA_CO
  cBFA_EA
  cBFA_EE
  cBFA_N9
  cBFA_NV
  cBFA_NW
  cBFA_OI
  cBFA_OO
  cBFA_MT
  cBFA_PS
  dBFA_AC
  dBFA_AP
  dBFA_CI
  dBFA_CO
  dBFA_EA
  dBFA_EE
  dBFA_N9
  dBFA_NV
  dBFA_NW
  dBFA_OI
  dBFA_OO
  dBFA_MT
  dBFA_PS
  aUSI
  bUSI
  cUSI
  dUSI
  aHRZ_IND
  bHRZ_IND
  cHRZ_IND
  dHRZ_IND
  aVRT_IND
  bVRT_IND
  cVRT_IND
  dVRT_IND
  aHRZ_COL
  bHRZ_COL
  cHRZ_COL
  dHRZ_COL
  aVRT_COL
  bVRT_COL
  cVRT_COL
  dVRT_COL
  aCOLLCTV
  bCOLLCTV
  cCOLLCTV
  dCOLLCTV
  aMVS
  bMVS
  cMVS
  dMVS
  aST
  bST
  cST
  dST
  aSD
  bSD
  cSD
  dSD
  aMVS_mc
  bMVS_mc
  cMVS_mc
  dMVS_mc
  aST_mc
  bST_mc
  cST_mc
  dST_mc
  aSD_mc
  bSD_mc
  cSD_mc
  dSD_mc
  bMEANING
  cMEANING
  dMEANING
  bMEAN_L
  cMEAN_L
  dMEAN_L
  bMEANNGc
  cMEANNGc
  dMEANNGc
  bMEANGlc
  cMEANGlc
  dMEANGlc
  bCLASSIC
  cCLASSIC
  dCLASSIC
  bCLASSCc
  cCLASSCc
  dCLASSCc
  bAGR_VAL
  cAGR_VAL
  dAGR_VAL
  bOPN_VAL
  cOPN_VAL
  dOPN_VAL
  bAGR_VLc
  cAGR_VLc
  dAGR_VLc
  bOPNVALc
  cOPNVALc
  dOPNVALc
  aMV_pomp
  bMV_pomp
  cMV_pomp
  dMV_pomp
  aST_pomp
  bST_pomp
  cST_pomp
  dST_pomp
  aSD_pomp
  bSD_pomp
  cSD_pomp
  dSD_pomp
  agoal_eco
  bgoal_eco
  cgoal_eco
  dgoal_eco
  aAspfinc
  bAspfinc
  cAspfinc
  dAspfinc
  abfi_hp8
  bbfi_hp8
  cbfi_hp8
  dbfi_hp8
  aP_S_BFI
  aP_D_BFI
  aECgoalc
  bECgoalC
  cECgoalC
  dECgoalC
  aaspfin
  baspfin
  caspfin
  daspfin
  aasp_mn2
  basp_mn2
  casp_mn2
  dasp_mn2
  aas12mc2
  aas13mc2
  aas14mc2
  aas15mc2
  aas16mc2
  bas12mc2
  bas13mc2
  bas14mc2
  bas15mc2
  bas16mc2
  cas12mc2
  cas13mc2
  cas14mc2
  cas15mc2
  cas16mc2
  das12mc2
  das13mc2
  das14mc2
  das15mc2
  das16mc2
  aas_f_c2
  bas_f_c2
  cas_f_c2
  das_f_c2
  aI_E
  aI_A
  aI_C
  aI_N
  aI_O
  aI_S
  aI_D
  bI_E
  bI_A
  bI_C
  bI_N
  bI_O
  bI_S
  bI_D
  cI_E
  cI_A
  cI_C
  cI_N
  cI_O
  cI_S
  cI_D
  dI_E
  dI_A
  dI_C
  dI_N
  dI_O
  dI_S
  dI_D
  T1_any_I
  T2_any_I
  T3_any_I
  T4_any_I
  aI_H
  bI_H
  cI_H
  dI_H
  aMVI_POMP
  bMVI_POMP
  cMVI_POMP
  dMVI_POMP;



  USEVARIABLES =
  aI_A
  bI_A
  cI_A
  dI_A
  aBFA_MT
  bBFA_MT
  cBFA_MT
  dBFA_MT
  a1
  a2
  a3
  a4
  ;

  missing = all (-9999);

  USEOBSERVATIONS are Sample == 1; ! National Sample

  tscores = a1 a2 a3 a4;

  DEFINE:
  a1 = aAGE + 0 - 36;
  a2 = aAGE + 1 - 36;
  a3 = aAGE + 2 - 36;
  a4 = aAGE + 3 - 36;

  ANALYSIS:
  TYPE=RANDOM;
  PROCESSORS = 4;
  model=nocovariances; ! supresses default estimation of certain covs in model;

  MODEL:

  i_I_A s_I_A | aI_A bI_A cI_A dI_A AT a1 a2 a3 a4;
  i_BFA_MT s_BFA_MT | aBFA_MT bBFA_MT cBFA_MT dBFA_MT AT a1 a2 a3 a4;

  ! freeing factor covs because of "nocovariances"
  s_I_A WITH i_I_A s_BFA_MT i_BFA_MT;
  i_I_A WITH s_BFA_MT i_BFA_MT;
  s_BFA_MT WITH i_BFA_MT;

  p1 BY aI_A@1; ! Residual "factors";
  p2 BY bI_A@1;
  p3 BY cI_A@1;
  p4 BY dI_A@1;

  v1 BY aBFA_MT@1; ! Residual "factors";
  v2 BY bBFA_MT@1;
  v3 BY cBFA_MT@1;
  v4 BY dBFA_MT@1;

  !residual variances on observed/manifest vars set to 0
  aI_A@0;
  bI_A@0;
  cI_A@0;
  dI_A@0;

  !residual variances on observed/manifest vars set to 0
  aBFA_MT@0;
  bBFA_MT@0;
  cBFA_MT@0;
  dBFA_MT@0;

  ! means of observed/manifest vars set to 0
  [aI_A@0];
  [bI_A@0];
  [cI_A@0];
  [dI_A@0];

  ! means of observed/manifest vars set to 0
  [aBFA_MT@0];
  [bBFA_MT@0];
  [cBFA_MT@0];
  [dBFA_MT@0];

  [p1@0]; ! means of residual "factors" set to 0
  [p2@0];
  [p3@0];
  [p4@0];

  [v1@0]; ! means of residual "factors" set to 0
  [v2@0];
  [v3@0];
  [v4@0];

  p4 on p3;
  p3 on p2;
  p2 on p1;

  v4 on v3;
  v3 on v2;
  v2 on v1;

  p4 on v3;
  p3 on v2;
  p2 on v1;

  v4 on p3;
  v3 on p2;
  v2 on p1;

  p1 with v1;
  p2 with v2;
  p3 with v3;
  p4 with v4;

  p2 p3 p4; ! estimate variances of residual "factors"
  v2 v3 v4; ! estimate variances of residual "factors"

  OUTPUT: SAMPSTAT PATTERNS;



*** WARNING
  Variable name contains more than 8 characters.
  Only the first 8 characters will be printed in the output.
  Variable: AGOAL_ECO
*** WARNING
  Variable name contains more than 8 characters.
  Only the first 8 characters will be printed in the output.
  Variable: BGOAL_ECO
*** WARNING
  Variable name contains more than 8 characters.
  Only the first 8 characters will be printed in the output.
  Variable: CGOAL_ECO
*** WARNING
  Variable name contains more than 8 characters.
  Only the first 8 characters will be printed in the output.
  Variable: DGOAL_ECO
*** WARNING
  Variable name contains more than 8 characters.
  Only the first 8 characters will be printed in the output.
  Variable: AMVI_POMP
*** WARNING
  Variable name contains more than 8 characters.
  Only the first 8 characters will be printed in the output.
  Variable: BMVI_POMP
*** WARNING
  Variable name contains more than 8 characters.
  Only the first 8 characters will be printed in the output.
  Variable: CMVI_POMP
*** WARNING
  Variable name contains more than 8 characters.
  Only the first 8 characters will be printed in the output.
  Variable: DMVI_POMP
*** WARNING
  Data set contains cases with missing on time scores but non-missing on the
  corresponding dependent variables.  These cases were not included in the analysis.
  Number of such cases:  13
   9 WARNING(S) FOUND IN THE INPUT INSTRUCTIONS



PxVx Bivariate LCM-SR-Uncons - Inf Linear I_A with Linear BFA_MT;

SUMMARY OF ANALYSIS

Number of groups                                                 1
Number of observations                                         595

Number of dependent variables                                    8
Number of independent variables                                  0
Number of continuous latent variables                           12

Observed dependent variables

  Continuous
   AI_A        BI_A        CI_A        DI_A        ABFA_MT     BBFA_MT
   CBFA_MT     DBFA_MT

Continuous latent variables
   P1          P2          P3          P4          V1          V2
   V3          V4          I_I_A       S_I_A       I_BFA_MT    S_BFA_MT

Variables with special functions

  Time scores
   A1          A2          A3          A4


Estimator                                                      MLR
Information matrix                                        OBSERVED
Maximum number of iterations                                   100
Convergence criterion                                    0.100D-05
Maximum number of EM iterations                                500
Convergence criteria for the EM algorithm
  Loglikelihood change                                   0.100D-02
  Relative loglikelihood change                          0.100D-05
  Derivative                                             0.100D-03
Minimum variance                                         0.100D-03
Maximum number of steepest descent iterations                   20
Maximum number of iterations for H1                           2000
Convergence criterion for H1                             0.100D-03
Optimization algorithm                                         EMA

Input data file(s)
  /Users/johnflournoy/code/lnt_pxvx/Data/LT_informants3.txt
Input data format  FREE


SUMMARY OF DATA

     Number of missing data patterns            49


SUMMARY OF MISSING DATA PATTERNS


     MISSING DATA PATTERNS (x = not missing)

           1  2  3  4  5  6  7  8  9 10 11 12 13 14 15 16 17 18 19 20
 AI_A      x  x  x           x     x     x        x        x  x  x
 BI_A      x              x  x  x  x  x     x  x                    x
 CI_A      x        x           x  x  x                 x        x  x
 DI_A      x           x     x  x           x  x     x  x  x
 ABFA_MT   x  x  x  x  x  x  x  x  x  x  x  x  x  x  x  x  x  x  x  x
 BBFA_MT   x     x  x  x  x  x  x  x  x     x  x  x  x  x  x  x  x  x
 CBFA_MT   x     x  x     x  x  x  x  x  x  x        x  x  x     x  x
 DBFA_MT   x     x  x  x  x  x  x  x  x  x  x  x  x  x  x  x     x

          21 22 23 24 25 26 27 28 29 30 31 32 33 34 35 36 37 38 39 40
 AI_A      x  x  x        x  x  x     x  x        x  x  x  x     x
 BI_A      x  x        x     x     x           x     x     x
 CI_A            x  x        x        x  x        x  x           x  x
 DI_A            x                    x     x        x  x     x
 ABFA_MT   x  x  x  x  x  x  x  x  x  x  x  x  x  x  x  x  x  x  x  x
 BBFA_MT   x  x  x  x  x     x     x        x  x           x     x
 CBFA_MT   x     x  x     x  x     x  x  x        x  x     x     x  x
 DBFA_MT         x              x     x  x     x     x  x  x  x

          41 42 43 44 45 46 47 48 49
 AI_A      x  x        x  x  x
 BI_A         x     x     x
 CI_A            x  x     x     x  x
 DI_A      x  x        x  x     x  x
 ABFA_MT   x  x        x     x  x
 BBFA_MT      x  x  x  x  x  x
 CBFA_MT   x     x  x     x  x  x  x
 DBFA_MT   x  x  x  x  x  x     x  x


     MISSING DATA PATTERN FREQUENCIES

    Pattern   Frequency     Pattern   Frequency     Pattern   Frequency
          1         170          18          16          35           1
          2          34          19          11          36           2
          3          26          20           6          37          13
          4          17          21           7          38           2
          5           5          22          12          39           2
          6          15          23          16          40           3
          7          17          24           4          41           2
          8          38          25           5          42           6
          9          28          26           6          43           1
         10          16          27          12          44           1
         11           6          28           8          45           1
         12          18          29           2          46           2
         13           2          30           7          47           4
         14           3          31           1          48           2
         15          16          32           1          49           1
         16          13          33           2
         17           9          34           3


COVARIANCE COVERAGE OF DATA

Minimum covariance coverage value   0.100


     PROPORTION OF DATA PRESENT


           Covariance Coverage
              AI_A          BI_A          CI_A          DI_A          ABFA_MT
              ________      ________      ________      ________      ________
 AI_A           0.714
 BI_A           0.450         0.627
 CI_A           0.425         0.461         0.597
 DI_A           0.392         0.427         0.420         0.556
 ABFA_MT        0.711         0.622         0.588         0.551         0.992
 BBFA_MT        0.597         0.625         0.566         0.528         0.862
 CBFA_MT        0.576         0.582         0.597         0.524         0.825
 DBFA_MT        0.553         0.553         0.546         0.555         0.795


           Covariance Coverage
              BBFA_MT       CBFA_MT       DBFA_MT
              ________      ________      ________
 BBFA_MT        0.869
 CBFA_MT        0.780         0.834
 DBFA_MT        0.750         0.751         0.803


SAMPLE STATISTICS


     ESTIMATED SAMPLE STATISTICS


           Means
              AI_A          BI_A          CI_A          DI_A          ABFA_MT
              ________      ________      ________      ________      ________
 1             69.703        69.663        70.476        70.202        47.750


           Means
              BBFA_MT       CBFA_MT       DBFA_MT
              ________      ________      ________
 1             47.490        47.210        47.326


           Covariances
              AI_A          BI_A          CI_A          DI_A          ABFA_MT
              ________      ________      ________      ________      ________
 AI_A         527.667
 BI_A         276.024       518.066
 CI_A         264.988       317.772       574.587
 DI_A         295.433       321.941       399.300       559.542
 ABFA_MT      -33.709       -15.581       -46.888       -32.087       243.216
 BBFA_MT      -11.455       -17.126       -34.720       -20.014       188.344
 CBFA_MT      -22.452       -26.087       -47.120       -41.285       185.490
 DBFA_MT      -41.732       -33.550       -51.468       -42.896       181.822


           Covariances
              BBFA_MT       CBFA_MT       DBFA_MT
              ________      ________      ________
 BBFA_MT      234.117
 CBFA_MT      194.662       238.739
 DBFA_MT      194.079       199.366       248.196


           Correlations
              AI_A          BI_A          CI_A          DI_A          ABFA_MT
              ________      ________      ________      ________      ________
 AI_A           1.000
 BI_A           0.528         1.000
 CI_A           0.481         0.582         1.000
 DI_A           0.544         0.598         0.704         1.000
 ABFA_MT       -0.094        -0.044        -0.125        -0.087         1.000
 BBFA_MT       -0.033        -0.049        -0.095        -0.055         0.789
 CBFA_MT       -0.063        -0.074        -0.127        -0.113         0.770
 DBFA_MT       -0.115        -0.094        -0.136        -0.115         0.740


           Correlations
              BBFA_MT       CBFA_MT       DBFA_MT
              ________      ________      ________
 BBFA_MT        1.000
 CBFA_MT        0.823         1.000
 DBFA_MT        0.805         0.819         1.000


     MAXIMUM LOG-LIKELIHOOD VALUE FOR THE UNRESTRICTED (H1) MODEL IS -14333.570


THE MODEL ESTIMATION TERMINATED NORMALLY



MODEL FIT INFORMATION

Number of Free Parameters                       38

Loglikelihood

          H0 Value                      -14330.090
          H0 Scaling Correction Factor      1.1652
            for MLR

Information Criteria

          Akaike (AIC)                   28736.181
          Bayesian (BIC)                 28902.946
          Sample-Size Adjusted BIC       28782.308
            (n* = (n + 2) / 24)



MODEL RESULTS

                                                    Two-Tailed
                    Estimate       S.E.  Est./S.E.    P-Value

 P1       BY
    AI_A               1.000      0.000    999.000    999.000

 P2       BY
    BI_A               1.000      0.000    999.000    999.000

 P3       BY
    CI_A               1.000      0.000    999.000    999.000

 P4       BY
    DI_A               1.000      0.000    999.000    999.000

 V1       BY
    ABFA_MT            1.000      0.000    999.000    999.000

 V2       BY
    BBFA_MT            1.000      0.000    999.000    999.000

 V3       BY
    CBFA_MT            1.000      0.000    999.000    999.000

 V4       BY
    DBFA_MT            1.000      0.000    999.000    999.000

 P4         ON
    P3                 0.369      0.100      3.695      0.000
    V3                -0.317      0.172     -1.841      0.066

 P3         ON
    P2                 0.150      0.129      1.168      0.243
    V2                 0.154      0.353      0.436      0.663

 P2         ON
    P1                -0.061      0.151     -0.404      0.686
    V1                 0.253      0.219      1.156      0.248

 V4         ON
    V3                 0.226      0.111      2.030      0.042
    P3                -0.016      0.041     -0.381      0.703

 V3         ON
    V2                 0.043      0.157      0.272      0.786
    P2                -0.013      0.045     -0.284      0.777

 V2         ON
    V1                -0.039      0.102     -0.380      0.704
    P1                 0.084      0.048      1.744      0.081

 S_I_A    WITH
    I_I_A             -0.055      1.261     -0.044      0.965
    S_BFA_MT          -0.001      0.114     -0.011      0.991
    I_BFA_MT           1.327      3.849      0.345      0.730

 I_I_A    WITH
    S_BFA_MT           0.685      3.948      0.173      0.862
    I_BFA_MT         -29.414     15.595     -1.886      0.059

 S_BFA_MT WITH
    I_BFA_MT          -0.871      0.707     -1.233      0.218

 P1       WITH
    V1                 1.461     13.150      0.111      0.912

 P2       WITH
    V2                11.795     11.834      0.997      0.319

 P3       WITH
    V3                -8.957     12.839     -0.698      0.485

 P4       WITH
    V4                -7.117      8.682     -0.820      0.412

 Means
    P1                 0.000      0.000    999.000    999.000
    V1                 0.000      0.000    999.000    999.000
    I_I_A             69.649      0.841     82.784      0.000
    S_I_A              0.203      0.083      2.436      0.015
    I_BFA_MT          47.722      0.593     80.536      0.000
    S_BFA_MT          -0.186      0.052     -3.548      0.000

 Intercepts
    AI_A               0.000      0.000    999.000    999.000
    BI_A               0.000      0.000    999.000    999.000
    CI_A               0.000      0.000    999.000    999.000
    DI_A               0.000      0.000    999.000    999.000
    ABFA_MT            0.000      0.000    999.000    999.000
    BBFA_MT            0.000      0.000    999.000    999.000
    CBFA_MT            0.000      0.000    999.000    999.000
    DBFA_MT            0.000      0.000    999.000    999.000
    P2                 0.000      0.000    999.000    999.000
    P3                 0.000      0.000    999.000    999.000
    P4                 0.000      0.000    999.000    999.000
    V2                 0.000      0.000    999.000    999.000
    V3                 0.000      0.000    999.000    999.000
    V4                 0.000      0.000    999.000    999.000

 Variances
    P1               242.824     33.235      7.306      0.000
    V1                60.531      7.927      7.636      0.000
    I_I_A            273.139     34.862      7.835      0.000
    S_I_A              0.095      0.239      0.397      0.692
    I_BFA_MT         183.145     15.685     11.676      0.000
    S_BFA_MT           0.052      0.108      0.481      0.630

 Residual Variances
    AI_A               0.000      0.000    999.000    999.000
    BI_A               0.000      0.000    999.000    999.000
    CI_A               0.000      0.000    999.000    999.000
    DI_A               0.000      0.000    999.000    999.000
    ABFA_MT            0.000      0.000    999.000    999.000
    BBFA_MT            0.000      0.000    999.000    999.000
    CBFA_MT            0.000      0.000    999.000    999.000
    DBFA_MT            0.000      0.000    999.000    999.000
    P2               221.373     38.551      5.742      0.000
    P3               294.958     36.504      8.080      0.000
    P4               211.278     22.951      9.206      0.000
    V2                34.009      8.122      4.187      0.000
    V3                50.230      7.587      6.621      0.000
    V4                58.571      6.390      9.166      0.000


QUALITY OF NUMERICAL RESULTS

     Condition Number for the Information Matrix              0.334E-05
       (ratio of smallest to largest eigenvalue)


     Beginning Time:  10:29:35
        Ending Time:  10:29:51
       Elapsed Time:  00:00:16



MUTHEN & MUTHEN
3463 Stoner Ave.
Los Angeles, CA  90066

Tel: (310) 391-9971
Fax: (310) 391-8971
Web: www.StatModel.com
Support: Support@StatModel.com

Copyright (c) 1998-2012 Muthen & Muthen
