Mplus VERSION 8 (Linux)
MUTHEN & MUTHEN
01/07/2019   1:23 PM

INPUT INSTRUCTIONS


  title: PxVx Bivariate LCM-SR - decadegroup - Linear bfi_o with Linear aspfinc;


  data: file = /home/jflournoy/code_new/lnt_pxvx/Data/lnt_nat_recalc_famc.tsv;

  variable:
  names =
  subjid
  aage
  aaspfin
  aaspfin_d
  abfa_mt
  abfa_mt_d
  abfas_ac
  abfas_ap
  abfas_ci
  abfas_co
  abfas_ea
  abfas_ee
  abfas_nv
  abfas_nv9
  abfas_nw
  abfas_oi
  abfas_oo
  abfi_a
  abfi_a6
  abfi_c
  abfi_d_scale
  abfi_e
  abfi_hp8
  abfi_n
  abfi_o
  abfi_s_scale
  ahrz_col
  ahrz_col_d
  ahrz_ind
  ahrz_ind_d
  amvi
  ausi
  ausi_d
  avrt_col
  avrt_col_d
  avrt_ind
  avrt_ind_d
  bage
  baspfin
  baspfin_d
  bbfa_mt
  bbfa_mt_d
  bbfas_ac
  bbfas_ap
  bbfas_ci
  bbfas_co
  bbfas_ea
  bbfas_ee
  bbfas_nv
  bbfas_nv9
  bbfas_nw
  bbfas_oi
  bbfas_oo
  bbfi_a
  bbfi_a6
  bbfi_c
  bbfi_d_scale
  bbfi_e
  bbfi_hp8
  bbfi_n
  bbfi_o
  bbfi_s_scale
  bhrz_col
  bhrz_col_d
  bhrz_ind
  bhrz_ind_d
  bmvi
  busi
  busi_d
  bvrt_col
  bvrt_col_d
  bvrt_ind
  bvrt_ind_d
  cage
  caspfin
  caspfin_d
  cbfa_mt
  cbfa_mt_d
  cbfas_ac
  cbfas_ap
  cbfas_ci
  cbfas_co
  cbfas_ea
  cbfas_ee
  cbfas_nv
  cbfas_nv9
  cbfas_nw
  cbfas_oi
  cbfas_oo
  cbfi_a
  cbfi_a6
  cbfi_c
  cbfi_d_scale
  cbfi_e
  cbfi_hp8
  cbfi_n
  cbfi_o
  cbfi_s_scale
  chrz_col
  chrz_col_d
  chrz_ind
  chrz_ind_d
  cmvi
  cusi
  cusi_d
  cvrt_col
  cvrt_col_d
  cvrt_ind
  cvrt_ind_d
  dage
  daspfin
  daspfin_d
  dbfa_mt
  dbfa_mt_d
  dbfas_ac
  dbfas_ap
  dbfas_ci
  dbfas_co
  dbfas_ea
  dbfas_ee
  dbfas_nv
  dbfas_nv9
  dbfas_nw
  dbfas_oi
  dbfas_oo
  dbfi_a
  dbfi_a6
  dbfi_c
  dbfi_d_scale
  dbfi_e
  dbfi_hp8
  dbfi_n
  dbfi_o
  dbfi_s_scale
  dhrz_col
  dhrz_col_d
  dhrz_ind
  dhrz_ind_d
  dmvi
  dusi
  dusi_d
  dvrt_col
  dvrt_col_d
  dvrt_ind
  dvrt_ind_d
  aaspfinc
  baspfinc
  caspfinc
  daspfinc
  ;

  USEVARIABLES =
  abfi_o
  bbfi_o
  cbfi_o
  dbfi_o
  aaspfinc
  baspfinc
  caspfinc
  daspfinc
  a1
  a2
  a3
  a4
  aagegrp
  ;

  missing = all (-9999);

  tscores = a1 a2 a3 a4;

  grouping = aagegrp (0=d2, 1=d3, 2=d4, 3=d5);

  DEFINE:

  aagegrp = aage;

  cut aagegrp (29 39 49);

  a1 = aage + 0 - 36;
  a2 = aage + 1 - 36;
  a3 = aage + 2 - 36;
  a4 = aage + 3 - 36;

  ANALYSIS:
  TYPE=RANDOM;
  PROCESSORS = 6;
  model=nocovariances; ! supresses default estimation of certain covs in model;

  MODEL:

  i_bfi_o s_bfi_o | abfi_o bbfi_o cbfi_o dbfi_o AT a1 a2 a3 a4;
  i_aspfinc s_aspfinc | aaspfinc baspfinc caspfinc daspfinc AT a1 a2 a3 a4;

  ! freeing factor covs because of "nocovariances"
  ! But ensure they are constrained across groups
  s_bfi_o WITH i_bfi_o (p)
  s_aspfinc (q)
  i_aspfinc (r);
  i_bfi_o WITH s_aspfinc (s)
  i_aspfinc (t);
  s_aspfinc WITH i_aspfinc (u);

  !constrain latent growth means across groups
  [i_bfi_o] (v);
  [s_bfi_o] (w);
  [i_aspfinc] (x);
  [s_aspfinc] (y);

  !constrain latent growth variances across groups
  i_bfi_o (l);
  s_bfi_o (m);
  i_aspfinc (n);
  s_aspfinc (o);

  p1 BY abfi_o@1; ! Residual "factors";
  p2 BY bbfi_o@1;
  p3 BY cbfi_o@1;
  p4 BY dbfi_o@1;

  v1 BY aaspfinc@1; ! Residual "factors";
  v2 BY baspfinc@1;
  v3 BY caspfinc@1;
  v4 BY daspfinc@1;

  !residual variances on observed/manifest vars set to 0
  abfi_o@0;
  bbfi_o@0;
  cbfi_o@0;
  dbfi_o@0;

  !residual variances on observed/manifest vars set to 0
  aaspfinc@0;
  baspfinc@0;
  caspfinc@0;
  daspfinc@0;

  ! means of observed/manifest vars set to 0
  [abfi_o@0];
  [bbfi_o@0];
  [cbfi_o@0];
  [dbfi_o@0];

  ! means of observed/manifest vars set to 0
  [aaspfinc@0];
  [baspfinc@0];
  [caspfinc@0];
  [daspfinc@0];

  [p1@0]; ! means of residual "factors" set to 0
  [p2@0];
  [p3@0];
  [p4@0];

  [v1@0]; ! means of residual "factors" set to 0
  [v2@0];
  [v3@0];
  [v4@0];

  p4 on p3 (a); ! Autoregressive paths constrained to equality
  p3 on p2 (a);
  p2 on p1 (a);

  v4 on v3 (b); ! Autoregressive paths constrained to equality
  v3 on v2 (b);
  v2 on v1 (b);

  p4 on v3 (c); ! Cross-lagged paths constrained to equality
  p3 on v2 (c);
  p2 on v1 (c);

  v4 on p3 (d); ! Cross-lagged paths constrained to equality
  v3 on p2 (d);
  v2 on p1 (d);

  p1 with v1; !(this one is not like the others)

  p2 with v2 (e); ! Within-wave correlations constrained to equality
  p3 with v3 (e);
  p4 with v4 (e);

  p2 p3 p4 (f); ! estimate variances of residual "factors"
  v2 v3 v4 (g); ! estimate variances of residual "factors"

  MODEL d2:

  p4 on p3 (a2); ! Autoregressive paths constrained to equality
  p3 on p2 (a2);
  p2 on p1 (a2);

  v4 on v3 (b2); ! Autoregressive paths constrained to equality
  v3 on v2 (b2);
  v2 on v1 (b2);

  p4 on v3 (c2); ! Cross-lagged paths constrained to equality
  p3 on v2 (c2);
  p2 on v1 (c2);

  v4 on p3 (d2); ! Cross-lagged paths constrained to equality
  v3 on p2 (d2);
  v2 on p1 (d2);

  p1 with v1; !(this one is not like the others)

  p2 with v2 (e2); ! Within-wave correlations constrained to equality
  p3 with v3 (e2);
  p4 with v4 (e2);

  p2 p3 p4 (f2); ! estimate variances of residual "factors"
  v2 v3 v4 (g2); ! estimate variances of residual "factors"

  MODEL d3:

  p4 on p3 (a3); ! Autoregressive paths constrained to equality
  p3 on p2 (a3);
  p2 on p1 (a3);

  v4 on v3 (b3); ! Autoregressive paths constrained to equality
  v3 on v2 (b3);
  v2 on v1 (b3);

  p4 on v3 (c3); ! Cross-lagged paths constrained to equality
  p3 on v2 (c3);
  p2 on v1 (c3);

  v4 on p3 (d3); ! Cross-lagged paths constrained to equality
  v3 on p2 (d3);
  v2 on p1 (d3);

  p1 with v1; !(this one is not like the others)

  p2 with v2 (e3); ! Within-wave correlations constrained to equality
  p3 with v3 (e3);
  p4 with v4 (e3);

  p2 p3 p4 (f3); ! estimate variances of residual "factors"
  v2 v3 v4 (g3); ! estimate variances of residual "factors"

  MODEL d4:

  p4 on p3 (a4); ! Autoregressive paths constrained to equality
  p3 on p2 (a4);
  p2 on p1 (a4);

  v4 on v3 (b4); ! Autoregressive paths constrained to equality
  v3 on v2 (b4);
  v2 on v1 (b4);

  p4 on v3 (c4); ! Cross-lagged paths constrained to equality
  p3 on v2 (c4);
  p2 on v1 (c4);

  v4 on p3 (d4); ! Cross-lagged paths constrained to equality
  v3 on p2 (d4);
  v2 on p1 (d4);

  p1 with v1; !(this one is not like the others)

  p2 with v2 (e4); ! Within-wave correlations constrained to equality
  p3 with v3 (e4);
  p4 with v4 (e4);

  p2 p3 p4 (f4); ! estimate variances of residual "factors"
  v2 v3 v4 (g4); ! estimate variances of residual "factors"

  MODEL d5:

  p4 on p3 (a5); ! Autoregressive paths constrained to equality
  p3 on p2 (a5);
  p2 on p1 (a5);

  v4 on v3 (b5); ! Autoregressive paths constrained to equality
  v3 on v2 (b5);
  v2 on v1 (b5);

  p4 on v3 (c5); ! Cross-lagged paths constrained to equality
  p3 on v2 (c5);
  p2 on v1 (c5);

  v4 on p3 (d5); ! Cross-lagged paths constrained to equality
  v3 on p2 (d5);
  v2 on p1 (d5);

  p1 with v1; !(this one is not like the others)

  p2 with v2 (e5); ! Within-wave correlations constrained to equality
  p3 with v3 (e5);
  p4 with v4 (e5);

  p2 p3 p4 (f5); ! estimate variances of residual "factors"
  v2 v3 v4 (g5); ! estimate variances of residual "factors"

  OUTPUT: SAMPSTAT PATTERNS;



*** WARNING
  Data set contains unknown or missing values for GROUPING,
  PATTERN, COHORT, CLUSTER and/or STRATIFICATION variables.
  Number of cases with unknown or missing values:  5
   1 WARNING(S) FOUND IN THE INPUT INSTRUCTIONS



PxVx Bivariate LCM-SR - decadegroup - Linear bfi_o with Linear aspfinc;

SUMMARY OF ANALYSIS

Number of groups                                                 4
Number of observations
   Group D2                                                    301
   Group D3                                                    233
   Group D4                                                    198
   Group D5                                                    132
   Total sample size                                           864

Number of dependent variables                                    8
Number of independent variables                                  0
Number of continuous latent variables                           12

Observed dependent variables

  Continuous
   ABFI_O      BBFI_O      CBFI_O      DBFI_O      AASPFINC    BASPFINC
   CASPFINC    DASPFINC

Continuous latent variables
   P1          P2          P3          P4          V1          V2
   V3          V4          I_BFI_O     S_BFI_O     I_ASPFIN    S_ASPFIN

Variables with special functions

  Grouping variable     AAGEGRP

  Time scores
   A1          A2          A3          A4


Estimator                                                      MLR
Information matrix                                        OBSERVED
Maximum number of iterations                                   100
Convergence criterion                                    0.100D-05
Maximum number of EM iterations                                500
Convergence criteria for the EM algorithm
  Loglikelihood change                                   0.100D-02
  Relative loglikelihood change                          0.100D-05
  Derivative                                             0.100D-03
Minimum variance                                         0.100D-03
Maximum number of steepest descent iterations                   20
Maximum number of iterations for H1                           2000
Convergence criterion for H1                             0.100D-03
Optimization algorithm                                         EMA

Input data file(s)
  /home/jflournoy/code_new/lnt_pxvx/Data/lnt_nat_recalc_famc.tsv
Input data format  FREE


SUMMARY OF DATA

   Group D2
     Number of missing data patterns            12

   Group D3
     Number of missing data patterns            11

   Group D4
     Number of missing data patterns            14

   Group D5
     Number of missing data patterns             9


SUMMARY OF MISSING DATA PATTERNS


     MISSING DATA PATTERNS (x = not missing) FOR D2

           1  2  3  4  5  6  7  8  9 10 11 12
 ABFI_O    x  x  x  x  x  x  x  x  x  x  x  x
 BBFI_O    x     x  x  x     x        x     x
 CBFI_O    x           x        x  x  x  x  x
 DBFI_O    x     x        x        x     x  x
 AASPFINC  x  x  x  x  x  x     x  x  x  x  x
 BASPFINC  x     x  x  x     x        x
 CASPFINC  x           x        x  x  x  x  x
 DASPFINC  x     x        x        x  x     x


     MISSING DATA PATTERN FREQUENCIES FOR D2

    Pattern   Frequency     Pattern   Frequency     Pattern   Frequency
          1         189           5          14           9           5
          2          57           6          11          10           1
          3           6           7           1          11           1
          4          11           8           4          12           1


     MISSING DATA PATTERNS (x = not missing) FOR D3

           1  2  3  4  5  6  7  8  9 10 11
 ABFI_O    x  x  x  x  x  x  x  x  x  x  x
 BBFI_O    x     x  x  x           x  x
 CBFI_O    x           x     x  x  x
 DBFI_O    x     x        x     x  x     x
 AASPFINC  x  x  x  x  x  x  x  x  x  x  x
 BASPFINC  x     x  x  x           x
 CASPFINC  x           x     x  x  x
 DASPFINC  x     x        x     x


     MISSING DATA PATTERN FREQUENCIES FOR D3

    Pattern   Frequency     Pattern   Frequency     Pattern   Frequency
          1         140           5           6           9           1
          2          43           6           3          10           1
          3           8           7           7          11           2
          4          15           8           7


     MISSING DATA PATTERNS (x = not missing) FOR D4

           1  2  3  4  5  6  7  8  9 10 11 12 13 14
 ABFI_O    x  x  x  x  x  x  x  x  x  x  x  x  x  x
 BBFI_O    x     x  x  x              x  x  x     x
 CBFI_O    x           x     x  x  x  x     x
 DBFI_O    x     x        x     x  x  x     x     x
 AASPFINC  x  x  x  x  x  x  x  x  x  x  x  x     x
 BASPFINC  x     x  x  x                    x
 CASPFINC  x           x     x  x  x  x
 DASPFINC  x     x        x     x     x     x     x


     MISSING DATA PATTERN FREQUENCIES FOR D4

    Pattern   Frequency     Pattern   Frequency     Pattern   Frequency
          1         104           6           4          11           2
          2          39           7           5          12           1
          3           7           8           5          13           1
          4          12           9           1          14           1
          5          15          10           1


     MISSING DATA PATTERNS (x = not missing) FOR D5

           1  2  3  4  5  6  7  8  9
 ABFI_O    x  x  x  x  x  x  x  x
 BBFI_O    x     x  x  x
 CBFI_O    x           x     x  x
 DBFI_O    x     x        x     x  x
 AASPFINC  x  x  x  x  x  x  x  x  x
 BASPFINC  x     x  x  x
 CASPFINC  x           x     x  x
 DASPFINC  x     x        x     x  x


     MISSING DATA PATTERN FREQUENCIES FOR D5

    Pattern   Frequency     Pattern   Frequency     Pattern   Frequency
          1          61           4          10           7           6
          2          29           5          11           8           4
          3           5           6           5           9           1


COVARIANCE COVERAGE OF DATA

Minimum covariance coverage value   0.100


     PROPORTION OF DATA PRESENT FOR D2


           Covariance Coverage
              ABFI_O        BBFI_O        CBFI_O        DBFI_O        AASPFINC
              ________      ________      ________      ________      ________
 ABFI_O         1.000
 BBFI_O         0.741         0.741
 CBFI_O         0.714         0.681         0.714
 DBFI_O         0.708         0.651         0.651         0.708
 AASPFINC       0.997         0.738         0.714         0.708         0.997
 BASPFINC       0.738         0.738         0.678         0.648         0.734
 CASPFINC       0.714         0.681         0.714         0.651         0.714
 DASPFINC       0.708         0.654         0.651         0.704         0.708


           Covariance Coverage
              BASPFINC      CASPFINC      DASPFINC
              ________      ________      ________
 BASPFINC       0.738
 CASPFINC       0.678         0.714
 DASPFINC       0.651         0.651         0.708


     PROPORTION OF DATA PRESENT FOR D3


           Covariance Coverage
              ABFI_O        BBFI_O        CBFI_O        DBFI_O        AASPFINC
              ________      ________      ________      ________      ________
 ABFI_O         1.000
 BBFI_O         0.760         0.760
 CBFI_O         0.674         0.631         0.674
 DBFI_O         0.661         0.635         0.614         0.661
 AASPFINC       0.970         0.730         0.674         0.661         0.970
 BASPFINC       0.760         0.760         0.631         0.635         0.730
 CASPFINC       0.674         0.631         0.674         0.614         0.674
 DASPFINC       0.657         0.639         0.609         0.652         0.657


           Covariance Coverage
              BASPFINC      CASPFINC      DASPFINC
              ________      ________      ________
 BASPFINC       0.760
 CASPFINC       0.631         0.674
 DASPFINC       0.639         0.609         0.657


     PROPORTION OF DATA PRESENT FOR D4


           Covariance Coverage
              ABFI_O        BBFI_O        CBFI_O        DBFI_O        AASPFINC
              ________      ________      ________      ________      ________
 ABFI_O         1.000
 BBFI_O         0.742         0.742
 CBFI_O         0.657         0.616         0.657
 DBFI_O         0.606         0.571         0.551         0.606
 AASPFINC       0.975         0.717         0.657         0.606         0.975
 BASPFINC       0.732         0.732         0.611         0.566         0.707
 CASPFINC       0.657         0.616         0.657         0.551         0.657
 DASPFINC       0.596         0.571         0.540         0.591         0.596


           Covariance Coverage
              BASPFINC      CASPFINC      DASPFINC
              ________      ________      ________
 BASPFINC       0.732
 CASPFINC       0.611         0.657
 DASPFINC       0.566         0.540         0.596


     PROPORTION OF DATA PRESENT FOR D5


           Covariance Coverage
              ABFI_O        BBFI_O        CBFI_O        DBFI_O        AASPFINC
              ________      ________      ________      ________      ________
 ABFI_O         1.000
 BBFI_O         0.705         0.705
 CBFI_O         0.583         0.545         0.583
 DBFI_O         0.545         0.500         0.470         0.545
 AASPFINC       0.955         0.659         0.583         0.545         0.955
 BASPFINC       0.705         0.705         0.545         0.500         0.659
 CASPFINC       0.583         0.545         0.583         0.470         0.583
 DASPFINC       0.545         0.500         0.470         0.545         0.545


           Covariance Coverage
              BASPFINC      CASPFINC      DASPFINC
              ________      ________      ________
 BASPFINC       0.705
 CASPFINC       0.545         0.583
 DASPFINC       0.500         0.470         0.545


SAMPLE STATISTICS


     ESTIMATED SAMPLE STATISTICS FOR D2


           Means
              ABFI_O        BBFI_O        CBFI_O        DBFI_O        AASPFINC
              ________      ________      ________      ________      ________
               74.525        74.075        72.949        72.069        38.455


           Means
              BASPFINC      CASPFINC      DASPFINC
              ________      ________      ________
               39.396        39.371        39.689


           Covariances
              ABFI_O        BBFI_O        CBFI_O        DBFI_O        AASPFINC
              ________      ________      ________      ________      ________
 ABFI_O       225.158
 BBFI_O       179.343       219.236
 CBFI_O       191.307       181.194       249.085
 DBFI_O       169.330       172.330       207.563       249.304
 AASPFINC     -45.486       -44.638       -40.908       -46.124       221.633
 BASPFINC     -25.408       -33.322       -35.053       -42.041       174.594
 CASPFINC     -23.021       -27.125       -34.484       -38.457       174.240
 DASPFINC     -32.667       -26.243       -39.258       -47.178       162.631


           Covariances
              BASPFINC      CASPFINC      DASPFINC
              ________      ________      ________
 BASPFINC     228.863
 CASPFINC     189.610       246.298
 DASPFINC     180.930       195.206       252.108


           Correlations
              ABFI_O        BBFI_O        CBFI_O        DBFI_O        AASPFINC
              ________      ________      ________      ________      ________
 ABFI_O         1.000
 BBFI_O         0.807         1.000
 CBFI_O         0.808         0.775         1.000
 DBFI_O         0.715         0.737         0.833         1.000
 AASPFINC      -0.204        -0.203        -0.174        -0.196         1.000
 BASPFINC      -0.112        -0.149        -0.147        -0.176         0.775
 CASPFINC      -0.098        -0.117        -0.139        -0.155         0.746
 DASPFINC      -0.137        -0.112        -0.157        -0.188         0.688


           Correlations
              BASPFINC      CASPFINC      DASPFINC
              ________      ________      ________
 BASPFINC       1.000
 CASPFINC       0.799         1.000
 DASPFINC       0.753         0.783         1.000


     ESTIMATED SAMPLE STATISTICS FOR D3


           Means
              ABFI_O        BBFI_O        CBFI_O        DBFI_O        AASPFINC
              ________      ________      ________      ________      ________
               75.123        73.789        72.957        72.882        37.797


           Means
              BASPFINC      CASPFINC      DASPFINC
              ________      ________      ________
               38.357        38.355        38.894


           Covariances
              ABFI_O        BBFI_O        CBFI_O        DBFI_O        AASPFINC
              ________      ________      ________      ________      ________
 ABFI_O       202.548
 BBFI_O       163.302       207.219
 CBFI_O       162.959       176.209       234.947
 DBFI_O       154.873       164.246       181.481       211.043
 AASPFINC     -35.985       -32.191       -42.672       -33.903       201.092
 BASPFINC     -35.737       -36.213       -47.555       -50.913       156.726
 CASPFINC     -42.451       -35.579       -34.289       -40.526       163.512
 DASPFINC     -31.934       -20.236       -21.994       -35.737       164.763


           Covariances
              BASPFINC      CASPFINC      DASPFINC
              ________      ________      ________
 BASPFINC     198.930
 CASPFINC     171.452       220.935
 DASPFINC     170.168       176.930       222.699


           Correlations
              ABFI_O        BBFI_O        CBFI_O        DBFI_O        AASPFINC
              ________      ________      ________      ________      ________
 ABFI_O         1.000
 BBFI_O         0.797         1.000
 CBFI_O         0.747         0.799         1.000
 DBFI_O         0.749         0.785         0.815         1.000
 AASPFINC      -0.178        -0.158        -0.196        -0.165         1.000
 BASPFINC      -0.178        -0.178        -0.220        -0.248         0.784
 CASPFINC      -0.201        -0.166        -0.151        -0.188         0.776
 DASPFINC      -0.150        -0.094        -0.096        -0.165         0.779


           Correlations
              BASPFINC      CASPFINC      DASPFINC
              ________      ________      ________
 BASPFINC       1.000
 CASPFINC       0.818         1.000
 DASPFINC       0.808         0.798         1.000


     ESTIMATED SAMPLE STATISTICS FOR D4


           Means
              ABFI_O        BBFI_O        CBFI_O        DBFI_O        AASPFINC
              ________      ________      ________      ________      ________
               73.194        72.532        71.099        73.375        36.653


           Means
              BASPFINC      CASPFINC      DASPFINC
              ________      ________      ________
               36.792        38.281        39.538


           Covariances
              ABFI_O        BBFI_O        CBFI_O        DBFI_O        AASPFINC
              ________      ________      ________      ________      ________
 ABFI_O       222.470
 BBFI_O       199.156       248.179
 CBFI_O       215.430       228.581       279.547
 DBFI_O       202.788       210.145       231.858       256.596
 AASPFINC       0.365        -2.119        -6.067        -8.053       170.616
 BASPFINC       7.692         0.441       -13.674       -10.055       135.908
 CASPFINC      -3.172         7.219        -4.873        -6.294       115.478
 DASPFINC      -5.160         7.094        -9.166       -13.057       125.478


           Covariances
              BASPFINC      CASPFINC      DASPFINC
              ________      ________      ________
 BASPFINC     172.324
 CASPFINC     119.906       139.425
 DASPFINC     130.869       117.013       158.144


           Correlations
              ABFI_O        BBFI_O        CBFI_O        DBFI_O        AASPFINC
              ________      ________      ________      ________      ________
 ABFI_O         1.000
 BBFI_O         0.848         1.000
 CBFI_O         0.864         0.868         1.000
 DBFI_O         0.849         0.833         0.866         1.000
 AASPFINC       0.002        -0.010        -0.028        -0.038         1.000
 BASPFINC       0.039         0.002        -0.062        -0.048         0.793
 CASPFINC      -0.018         0.039        -0.025        -0.033         0.749
 DASPFINC      -0.028         0.036        -0.044        -0.065         0.764


           Correlations
              BASPFINC      CASPFINC      DASPFINC
              ________      ________      ________
 BASPFINC       1.000
 CASPFINC       0.774         1.000
 DASPFINC       0.793         0.788         1.000


     ESTIMATED SAMPLE STATISTICS FOR D5


           Means
              ABFI_O        BBFI_O        CBFI_O        DBFI_O        AASPFINC
              ________      ________      ________      ________      ________
               74.355        74.356        72.115        71.082        35.878


           Means
              BASPFINC      CASPFINC      DASPFINC
              ________      ________      ________
               36.728        36.993        38.111


           Covariances
              ABFI_O        BBFI_O        CBFI_O        DBFI_O        AASPFINC
              ________      ________      ________      ________      ________
 ABFI_O       254.326
 BBFI_O       212.090       235.493
 CBFI_O       222.148       221.168       284.151
 DBFI_O       248.312       237.404       266.571       309.262
 AASPFINC     -34.118       -21.419       -46.843       -37.260       166.665
 BASPFINC     -35.187       -29.829       -47.930       -41.959       123.312
 CASPFINC     -21.590       -17.097       -44.887       -28.595       131.343
 DASPFINC     -20.869       -13.694       -30.284       -24.793       104.544


           Covariances
              BASPFINC      CASPFINC      DASPFINC
              ________      ________      ________
 BASPFINC     156.327
 CASPFINC     134.323       183.657
 DASPFINC     118.182       132.641       153.686


           Correlations
              ABFI_O        BBFI_O        CBFI_O        DBFI_O        AASPFINC
              ________      ________      ________      ________      ________
 ABFI_O         1.000
 BBFI_O         0.867         1.000
 CBFI_O         0.826         0.855         1.000
 DBFI_O         0.885         0.880         0.899         1.000
 AASPFINC      -0.166        -0.108        -0.215        -0.164         1.000
 BASPFINC      -0.176        -0.155        -0.227        -0.191         0.764
 CASPFINC      -0.100        -0.082        -0.196        -0.120         0.751
 DASPFINC      -0.106        -0.072        -0.145        -0.114         0.653


           Correlations
              BASPFINC      CASPFINC      DASPFINC
              ________      ________      ________
 BASPFINC       1.000
 CASPFINC       0.793         1.000
 DASPFINC       0.762         0.790         1.000


     MAXIMUM LOG-LIKELIHOOD VALUE FOR THE UNRESTRICTED (H1) MODEL IS -19583.943


UNIVARIATE SAMPLE STATISTICS


     UNIVARIATE HIGHER-ORDER MOMENT DESCRIPTIVE STATISTICS FOR D2

         Variable/         Mean/     Skewness/   Minimum/ % with                Percentiles
        Sample Size      Variance    Kurtosis    Maximum  Min/Max      20%/60%    40%/80%    Median

     ABFI_O               74.525      -0.610      30.000    0.33%      62.500     72.500     75.000
             301.000     225.158      -0.073     100.000    1.66%      80.000     87.500
     BBFI_O               74.096      -0.620      22.500    0.45%      62.500     72.500     75.000
             223.000     212.981       0.140     100.000    2.24%      80.000     87.500
     CBFI_O               73.111      -0.519      35.000    1.86%      60.000     70.000     75.000
             215.000     243.143      -0.442     100.000    0.47%      80.000     87.500
     DBFI_O               72.666      -0.512      22.500    0.47%      60.000     70.000     75.000
             213.000     240.244      -0.215     100.000    1.41%      77.500     85.000
     AASPFINC             38.466       0.108       2.863    0.33%      25.597     34.691     37.831
             300.000     222.047       0.081      98.010    0.33%      41.258     52.541
     BASPFINC             38.989       0.258       2.021    0.45%      24.648     33.680     38.564
             222.000     221.705      -0.363      84.201    0.45%      43.111     52.205
     CASPFINC             39.479       0.218       8.083    0.47%      25.260     34.522     38.901
             215.000     239.814      -0.112      97.168    0.47%      43.784     53.889
     DASPFINC             39.361       0.121       7.578    0.47%      25.429     35.533     39.406
             213.000     250.298      -0.395      88.074    0.47%      43.784     53.215


     UNIVARIATE HIGHER-ORDER MOMENT DESCRIPTIVE STATISTICS FOR D3

         Variable/         Mean/     Skewness/   Minimum/ % with                Percentiles
        Sample Size      Variance    Kurtosis    Maximum  Min/Max      20%/60%    40%/80%    Median

     ABFI_O               75.123      -0.393      27.500    0.86%      62.500     70.000     75.000
             233.000     202.548      -0.091     100.000    2.58%      80.000     87.500
     BBFI_O               73.894      -0.282      37.500    2.92%      60.000     70.000     75.000
             171.000     201.247      -0.423     100.000    0.58%      77.500     87.500
     CBFI_O               72.492      -0.452      30.000    0.62%      60.000     70.000     72.500
             161.000     232.735      -0.127     100.000    0.62%      77.500     87.500
     DBFI_O               72.900      -0.636      30.000    0.62%      62.500     70.000     75.000
             161.000     214.516       0.031      97.500    1.24%      77.500     85.000
     AASPFINC             37.797       0.389       0.337    0.43%      26.271     33.512     37.048
             233.000     201.092       1.007     100.000    0.43%      41.021     50.015
     BASPFINC             38.409       0.116       3.873    0.59%      25.934     34.522     38.143
             170.000     193.373      -0.060      80.328    0.59%      42.606     50.689
     CASPFINC             38.176       0.275       6.231    0.62%      24.250     33.007     37.217
             161.000     220.453      -0.228      80.496    0.62%      42.269     51.026
     DASPFINC             38.556       0.404       0.000    0.63%      25.260     33.849     38.311
             158.000     222.666       0.416      87.064    0.63%      42.774     51.363


     UNIVARIATE HIGHER-ORDER MOMENT DESCRIPTIVE STATISTICS FOR D4

         Variable/         Mean/     Skewness/   Minimum/ % with                Percentiles
        Sample Size      Variance    Kurtosis    Maximum  Min/Max      20%/60%    40%/80%    Median

     ABFI_O               73.194      -0.276      35.000    0.51%      60.000     70.000     73.750
             198.000     222.470      -0.617     100.000    1.01%      77.500     87.500
     BBFI_O               73.364      -0.392      32.500    0.70%      60.000     70.000     75.000
             143.000     255.207      -0.580     100.000    0.70%      80.000     90.000
     CBFI_O               72.367      -0.451      27.500    0.76%      60.000     70.000     75.000
             132.000     280.049      -0.333     100.000    3.03%      77.500     87.500
     DBFI_O               73.936      -0.698      30.000    0.81%      60.000     70.000     75.000
             124.000     274.369      -0.176      97.500    4.84%      80.000     90.000
     AASPFINC             36.653       0.523       4.715    0.51%      24.162     33.512     37.148
             197.000     170.616       0.927      87.232    0.51%      39.238     46.647
     BASPFINC             37.244       0.039       9.936    1.44%      26.439     33.512     36.206
             139.000     166.013      -0.641      68.876    0.72%      39.911     49.153
     CASPFINC             38.552       0.029       7.915    0.76%      27.955     36.712     38.901
             131.000     130.110       0.365      72.244    0.76%      41.427     47.321
     DASPFINC             39.588       0.281      12.967    0.81%      28.123     36.206     38.564
             123.000     150.990      -0.025      73.760    0.81%      42.100     48.500


     UNIVARIATE HIGHER-ORDER MOMENT DESCRIPTIVE STATISTICS FOR D5

         Variable/         Mean/     Skewness/   Minimum/ % with                Percentiles
        Sample Size      Variance    Kurtosis    Maximum  Min/Max      20%/60%    40%/80%    Median

     ABFI_O               74.470      -0.319      30.000    0.76%      60.000     70.000     75.000
             131.000     254.085      -0.473     100.000    5.34%      80.556     87.500
     BBFI_O               74.638      -0.522      30.556    1.15%      62.500     70.000     75.000
              87.000     233.340       0.054     100.000    2.30%      80.000     87.500
     CBFI_O               72.652      -0.822      12.500    1.22%      60.000     70.000     75.000
              82.000     284.657       1.122     100.000    2.44%      77.500     87.500
     DBFI_O               74.112      -0.762      15.000    1.32%      57.500     72.500     76.250
              76.000     293.043       0.548     100.000    1.32%      82.500     90.000
     AASPFINC             35.878       0.186       8.588    0.76%      23.576     31.866     34.859
             132.000     166.665      -0.770      67.254    0.76%      37.257     49.510
     BASPFINC             36.097       0.046       8.588    1.15%      22.566     32.333     35.196
              87.000     150.646      -0.609      66.182    1.15%      38.227     47.994
     CASPFINC             36.184       0.206       9.262    1.22%      22.903     29.639     35.533
              82.000     191.341      -0.679      75.107    1.22%      41.090     49.173
     DASPFINC             36.887       0.009      15.156    1.32%      23.576     31.491     37.975
              76.000     142.059      -0.977      60.288    1.32%      39.743     48.331


THE MODEL ESTIMATION TERMINATED NORMALLY



MODEL FIT INFORMATION

Number of Free Parameters                       54

Loglikelihood

          H0 Value                      -19680.099
          H0 Scaling Correction Factor      1.2462
            for MLR

Information Criteria

          Akaike (AIC)                   39468.199
          Bayesian (BIC)                 39725.324
          Sample-Size Adjusted BIC       39553.834
            (n* = (n + 2) / 24)



MODEL RESULTS

                                                    Two-Tailed
                    Estimate       S.E.  Est./S.E.    P-Value

Group D2

 P1       BY
    ABFI_O             1.000      0.000    999.000    999.000

 P2       BY
    BBFI_O             1.000      0.000    999.000    999.000

 P3       BY
    CBFI_O             1.000      0.000    999.000    999.000

 P4       BY
    DBFI_O             1.000      0.000    999.000    999.000

 V1       BY
    AASPFINC           1.000      0.000    999.000    999.000

 V2       BY
    BASPFINC           1.000      0.000    999.000    999.000

 V3       BY
    CASPFINC           1.000      0.000    999.000    999.000

 V4       BY
    DASPFINC           1.000      0.000    999.000    999.000

 P4         ON
    P3                 0.301      0.110      2.746      0.006
    V3                -0.073      0.083     -0.882      0.378

 P3         ON
    P2                 0.301      0.110      2.746      0.006
    V2                -0.073      0.083     -0.882      0.378

 P2         ON
    P1                 0.301      0.110      2.746      0.006
    V1                -0.073      0.083     -0.882      0.378

 V4         ON
    V3                 0.248      0.129      1.913      0.056
    P3                -0.003      0.091     -0.031      0.975

 V3         ON
    V2                 0.248      0.129      1.913      0.056
    P2                -0.003      0.091     -0.031      0.975

 V2         ON
    V1                 0.248      0.129      1.913      0.056
    P1                -0.003      0.091     -0.031      0.975

 S_BFI_O  WITH
    I_BFI_O            1.068      0.570      1.873      0.061
    S_ASPFINC         -0.004      0.066     -0.057      0.955
    I_ASPFINC         -0.873      1.334     -0.655      0.513

 I_BFI_O  WITH
    S_ASPFINC          1.734      1.333      1.301      0.193
    I_ASPFINC        -27.271      8.764     -3.112      0.002

 S_ASPFIN WITH
    I_ASPFINC         -1.006      0.558     -1.802      0.072

 P1       WITH
    V1               -13.074      7.457     -1.753      0.080

 P2       WITH
    V2                -5.367      4.491     -1.195      0.232

 P3       WITH
    V3                -5.367      4.491     -1.195      0.232

 P4       WITH
    V4                -5.367      4.491     -1.195      0.232

 Means
    P1                 0.000      0.000    999.000    999.000
    V1                 0.000      0.000    999.000    999.000
    I_BFI_O           73.548      0.500    147.165      0.000
    S_BFI_O           -0.109      0.047     -2.336      0.019
    I_ASPFINC         38.035      0.463     82.172      0.000
    S_ASPFINC         -0.009      0.041     -0.218      0.828

 Intercepts
    ABFI_O             0.000      0.000    999.000    999.000
    BBFI_O             0.000      0.000    999.000    999.000
    CBFI_O             0.000      0.000    999.000    999.000
    DBFI_O             0.000      0.000    999.000    999.000
    AASPFINC           0.000      0.000    999.000    999.000
    BASPFINC           0.000      0.000    999.000    999.000
    CASPFINC           0.000      0.000    999.000    999.000
    DASPFINC           0.000      0.000    999.000    999.000
    P2                 0.000      0.000    999.000    999.000
    P3                 0.000      0.000    999.000    999.000
    P4                 0.000      0.000    999.000    999.000
    V2                 0.000      0.000    999.000    999.000
    V3                 0.000      0.000    999.000    999.000
    V4                 0.000      0.000    999.000    999.000

 Variances
    P1                57.260     11.037      5.188      0.000
    V1                66.000     11.216      5.884      0.000
    I_BFI_O          173.736     12.876     13.493      0.000
    S_BFI_O            0.079      0.107      0.737      0.461
    I_ASPFINC        145.566     12.023     12.107      0.000
    S_ASPFINC          0.054      0.087      0.618      0.537

 Residual Variances
    ABFI_O             0.000      0.000    999.000    999.000
    BBFI_O             0.000      0.000    999.000    999.000
    CBFI_O             0.000      0.000    999.000    999.000
    DBFI_O             0.000      0.000    999.000    999.000
    AASPFINC           0.000      0.000    999.000    999.000
    BASPFINC           0.000      0.000    999.000    999.000
    CASPFINC           0.000      0.000    999.000    999.000
    DASPFINC           0.000      0.000    999.000    999.000
    P2                61.800      6.575      9.399      0.000
    P3                61.800      6.575      9.399      0.000
    P4                61.800      6.575      9.399      0.000
    V2                64.828      8.469      7.654      0.000
    V3                64.828      8.469      7.654      0.000
    V4                64.828      8.469      7.654      0.000

Group D3

 P1       BY
    ABFI_O             1.000      0.000    999.000    999.000

 P2       BY
    BBFI_O             1.000      0.000    999.000    999.000

 P3       BY
    CBFI_O             1.000      0.000    999.000    999.000

 P4       BY
    DBFI_O             1.000      0.000    999.000    999.000

 V1       BY
    AASPFINC           1.000      0.000    999.000    999.000

 V2       BY
    BASPFINC           1.000      0.000    999.000    999.000

 V3       BY
    CASPFINC           1.000      0.000    999.000    999.000

 V4       BY
    DASPFINC           1.000      0.000    999.000    999.000

 P4         ON
    P3                 0.184      0.101      1.820      0.069
    V3                -0.010      0.069     -0.151      0.880

 P3         ON
    P2                 0.184      0.101      1.820      0.069
    V2                -0.010      0.069     -0.151      0.880

 P2         ON
    P1                 0.184      0.101      1.820      0.069
    V1                -0.010      0.069     -0.151      0.880

 V4         ON
    V3                 0.033      0.084      0.396      0.692
    P3                 0.108      0.077      1.409      0.159

 V3         ON
    V2                 0.033      0.084      0.396      0.692
    P2                 0.108      0.077      1.409      0.159

 V2         ON
    V1                 0.033      0.084      0.396      0.692
    P1                 0.108      0.077      1.409      0.159

 S_BFI_O  WITH
    I_BFI_O            1.068      0.570      1.873      0.061
    S_ASPFINC         -0.004      0.066     -0.057      0.955
    I_ASPFINC         -0.873      1.334     -0.655      0.513

 I_BFI_O  WITH
    S_ASPFINC          1.734      1.333      1.301      0.193
    I_ASPFINC        -27.271      8.764     -3.112      0.002

 S_ASPFIN WITH
    I_ASPFINC         -1.006      0.558     -1.802      0.072

 P1       WITH
    V1                -1.119      5.329     -0.210      0.834

 P2       WITH
    V2                 1.977      4.086      0.484      0.628

 P3       WITH
    V3                 1.977      4.086      0.484      0.628

 P4       WITH
    V4                 1.977      4.086      0.484      0.628

 Means
    P1                 0.000      0.000    999.000    999.000
    V1                 0.000      0.000    999.000    999.000
    I_BFI_O           73.548      0.500    147.165      0.000
    S_BFI_O           -0.109      0.047     -2.336      0.019
    I_ASPFINC         38.035      0.463     82.172      0.000
    S_ASPFINC         -0.009      0.041     -0.218      0.828

 Intercepts
    ABFI_O             0.000      0.000    999.000    999.000
    BBFI_O             0.000      0.000    999.000    999.000
    CBFI_O             0.000      0.000    999.000    999.000
    DBFI_O             0.000      0.000    999.000    999.000
    AASPFINC           0.000      0.000    999.000    999.000
    BASPFINC           0.000      0.000    999.000    999.000
    CASPFINC           0.000      0.000    999.000    999.000
    DASPFINC           0.000      0.000    999.000    999.000
    P2                 0.000      0.000    999.000    999.000
    P3                 0.000      0.000    999.000    999.000
    P4                 0.000      0.000    999.000    999.000
    V2                 0.000      0.000    999.000    999.000
    V3                 0.000      0.000    999.000    999.000
    V4                 0.000      0.000    999.000    999.000

 Variances
    P1                55.570      8.240      6.744      0.000
    V1                48.327      7.666      6.304      0.000
    I_BFI_O          173.736     12.876     13.493      0.000
    S_BFI_O            0.079      0.107      0.737      0.461
    I_ASPFINC        145.566     12.023     12.107      0.000
    S_ASPFINC          0.054      0.087      0.618      0.537

 Residual Variances
    ABFI_O             0.000      0.000    999.000    999.000
    BBFI_O             0.000      0.000    999.000    999.000
    CBFI_O             0.000      0.000    999.000    999.000
    DBFI_O             0.000      0.000    999.000    999.000
    AASPFINC           0.000      0.000    999.000    999.000
    BASPFINC           0.000      0.000    999.000    999.000
    CASPFINC           0.000      0.000    999.000    999.000
    DASPFINC           0.000      0.000    999.000    999.000
    P2                49.714      6.336      7.846      0.000
    P3                49.714      6.336      7.846      0.000
    P4                49.714      6.336      7.846      0.000
    V2                42.850      5.518      7.766      0.000
    V3                42.850      5.518      7.766      0.000
    V4                42.850      5.518      7.766      0.000

Group D4

 P1       BY
    ABFI_O             1.000      0.000    999.000    999.000

 P2       BY
    BBFI_O             1.000      0.000    999.000    999.000

 P3       BY
    CBFI_O             1.000      0.000    999.000    999.000

 P4       BY
    DBFI_O             1.000      0.000    999.000    999.000

 V1       BY
    AASPFINC           1.000      0.000    999.000    999.000

 V2       BY
    BASPFINC           1.000      0.000    999.000    999.000

 V3       BY
    CASPFINC           1.000      0.000    999.000    999.000

 V4       BY
    DASPFINC           1.000      0.000    999.000    999.000

 P4         ON
    P3                 0.104      0.133      0.783      0.434
    V3                -0.064      0.084     -0.761      0.447

 P3         ON
    P2                 0.104      0.133      0.783      0.434
    V2                -0.064      0.084     -0.761      0.447

 P2         ON
    P1                 0.104      0.133      0.783      0.434
    V1                -0.064      0.084     -0.761      0.447

 V4         ON
    V3                 0.100      0.108      0.922      0.357
    P3                 0.092      0.090      1.024      0.306

 V3         ON
    V2                 0.100      0.108      0.922      0.357
    P2                 0.092      0.090      1.024      0.306

 V2         ON
    V1                 0.100      0.108      0.922      0.357
    P1                 0.092      0.090      1.024      0.306

 S_BFI_O  WITH
    I_BFI_O            1.068      0.570      1.873      0.061
    S_ASPFINC         -0.004      0.066     -0.057      0.955
    I_ASPFINC         -0.873      1.334     -0.655      0.513

 I_BFI_O  WITH
    S_ASPFINC          1.734      1.333      1.301      0.193
    I_ASPFINC        -27.271      8.764     -3.112      0.002

 S_ASPFIN WITH
    I_ASPFINC         -1.006      0.558     -1.802      0.072

 P1       WITH
    V1                 1.138      4.690      0.243      0.808

 P2       WITH
    V2                -0.607      3.888     -0.156      0.876

 P3       WITH
    V3                -0.607      3.888     -0.156      0.876

 P4       WITH
    V4                -0.607      3.888     -0.156      0.876

 Means
    P1                 0.000      0.000    999.000    999.000
    V1                 0.000      0.000    999.000    999.000
    I_BFI_O           73.548      0.500    147.165      0.000
    S_BFI_O           -0.109      0.047     -2.336      0.019
    I_ASPFINC         38.035      0.463     82.172      0.000
    S_ASPFINC         -0.009      0.041     -0.218      0.828

 Intercepts
    ABFI_O             0.000      0.000    999.000    999.000
    BBFI_O             0.000      0.000    999.000    999.000
    CBFI_O             0.000      0.000    999.000    999.000
    DBFI_O             0.000      0.000    999.000    999.000
    AASPFINC           0.000      0.000    999.000    999.000
    BASPFINC           0.000      0.000    999.000    999.000
    CASPFINC           0.000      0.000    999.000    999.000
    DASPFINC           0.000      0.000    999.000    999.000
    P2                 0.000      0.000    999.000    999.000
    P3                 0.000      0.000    999.000    999.000
    P4                 0.000      0.000    999.000    999.000
    V2                 0.000      0.000    999.000    999.000
    V3                 0.000      0.000    999.000    999.000
    V4                 0.000      0.000    999.000    999.000

 Variances
    P1                31.847      6.296      5.058      0.000
    V1                44.787      7.554      5.929      0.000
    I_BFI_O          173.736     12.876     13.493      0.000
    S_BFI_O            0.079      0.107      0.737      0.461
    I_ASPFINC        145.566     12.023     12.107      0.000
    S_ASPFINC          0.054      0.087      0.618      0.537

 Residual Variances
    ABFI_O             0.000      0.000    999.000    999.000
    BBFI_O             0.000      0.000    999.000    999.000
    CBFI_O             0.000      0.000    999.000    999.000
    DBFI_O             0.000      0.000    999.000    999.000
    AASPFINC           0.000      0.000    999.000    999.000
    BASPFINC           0.000      0.000    999.000    999.000
    CASPFINC           0.000      0.000    999.000    999.000
    DASPFINC           0.000      0.000    999.000    999.000
    P2                42.209      6.781      6.225      0.000
    P3                42.209      6.781      6.225      0.000
    P4                42.209      6.781      6.225      0.000
    V2                37.114      4.540      8.174      0.000
    V3                37.114      4.540      8.174      0.000
    V4                37.114      4.540      8.174      0.000

Group D5

 P1       BY
    ABFI_O             1.000      0.000    999.000    999.000

 P2       BY
    BBFI_O             1.000      0.000    999.000    999.000

 P3       BY
    CBFI_O             1.000      0.000    999.000    999.000

 P4       BY
    DBFI_O             1.000      0.000    999.000    999.000

 V1       BY
    AASPFINC           1.000      0.000    999.000    999.000

 V2       BY
    BASPFINC           1.000      0.000    999.000    999.000

 V3       BY
    CASPFINC           1.000      0.000    999.000    999.000

 V4       BY
    DASPFINC           1.000      0.000    999.000    999.000

 P4         ON
    P3                 0.227      0.120      1.893      0.058
    V3                 0.042      0.093      0.450      0.653

 P3         ON
    P2                 0.227      0.120      1.893      0.058
    V2                 0.042      0.093      0.450      0.653

 P2         ON
    P1                 0.227      0.120      1.893      0.058
    V1                 0.042      0.093      0.450      0.653

 V4         ON
    V3                 0.162      0.133      1.214      0.225
    P3                -0.003      0.094     -0.027      0.978

 V3         ON
    V2                 0.162      0.133      1.214      0.225
    P2                -0.003      0.094     -0.027      0.978

 V2         ON
    V1                 0.162      0.133      1.214      0.225
    P1                -0.003      0.094     -0.027      0.978

 S_BFI_O  WITH
    I_BFI_O            1.068      0.570      1.873      0.061
    S_ASPFINC         -0.004      0.066     -0.057      0.955
    I_ASPFINC         -0.873      1.334     -0.655      0.513

 I_BFI_O  WITH
    S_ASPFINC          1.734      1.333      1.301      0.193
    I_ASPFINC        -27.271      8.764     -3.112      0.002

 S_ASPFIN WITH
    I_ASPFINC         -1.006      0.558     -1.802      0.072

 P1       WITH
    V1                -6.248      7.239     -0.863      0.388

 P2       WITH
    V2                -4.372      4.168     -1.049      0.294

 P3       WITH
    V3                -4.372      4.168     -1.049      0.294

 P4       WITH
    V4                -4.372      4.168     -1.049      0.294

 Means
    P1                 0.000      0.000    999.000    999.000
    V1                 0.000      0.000    999.000    999.000
    I_BFI_O           73.548      0.500    147.165      0.000
    S_BFI_O           -0.109      0.047     -2.336      0.019
    I_ASPFINC         38.035      0.463     82.172      0.000
    S_ASPFINC         -0.009      0.041     -0.218      0.828

 Intercepts
    ABFI_O             0.000      0.000    999.000    999.000
    BBFI_O             0.000      0.000    999.000    999.000
    CBFI_O             0.000      0.000    999.000    999.000
    DBFI_O             0.000      0.000    999.000    999.000
    AASPFINC           0.000      0.000    999.000    999.000
    BASPFINC           0.000      0.000    999.000    999.000
    CASPFINC           0.000      0.000    999.000    999.000
    DASPFINC           0.000      0.000    999.000    999.000
    P2                 0.000      0.000    999.000    999.000
    P3                 0.000      0.000    999.000    999.000
    P4                 0.000      0.000    999.000    999.000
    V2                 0.000      0.000    999.000    999.000
    V3                 0.000      0.000    999.000    999.000
    V4                 0.000      0.000    999.000    999.000

 Variances
    P1                44.722     13.131      3.406      0.001
    V1                55.546     11.997      4.630      0.000
    I_BFI_O          173.736     12.876     13.493      0.000
    S_BFI_O            0.079      0.107      0.737      0.461
    I_ASPFINC        145.566     12.023     12.107      0.000
    S_ASPFINC          0.054      0.087      0.618      0.537

 Residual Variances
    ABFI_O             0.000      0.000    999.000    999.000
    BBFI_O             0.000      0.000    999.000    999.000
    CBFI_O             0.000      0.000    999.000    999.000
    DBFI_O             0.000      0.000    999.000    999.000
    AASPFINC           0.000      0.000    999.000    999.000
    BASPFINC           0.000      0.000    999.000    999.000
    CASPFINC           0.000      0.000    999.000    999.000
    DASPFINC           0.000      0.000    999.000    999.000
    P2                41.125      7.607      5.406      0.000
    P3                41.125      7.607      5.406      0.000
    P4                41.125      7.607      5.406      0.000
    V2                40.781      6.477      6.297      0.000
    V3                40.781      6.477      6.297      0.000
    V4                40.781      6.477      6.297      0.000


QUALITY OF NUMERICAL RESULTS

     Condition Number for the Information Matrix              0.467E-05
       (ratio of smallest to largest eigenvalue)


     Beginning Time:  13:23:46
        Ending Time:  13:24:01
       Elapsed Time:  00:00:15



MUTHEN & MUTHEN
3463 Stoner Ave.
Los Angeles, CA  90066

Tel: (310) 391-9971
Fax: (310) 391-8971
Web: www.StatModel.com
Support: Support@StatModel.com

Copyright (c) 1998-2017 Muthen & Muthen
