Mplus VERSION 8 (Linux)
MUTHEN & MUTHEN
07/07/2018   7:16 PM

INPUT INSTRUCTIONS


  title: PxVx Bivariate LCM-SR - decadegroup - Linear bfi_a6 with Linear aspfin_d;
  data: file = /home/jflournoy/code_new/lnt_pxvx/Data/lnt_nat_recalc.tsv;

  variable:
  names =
  subjid
  aage
  aaspfin
  aaspfin_d
  abfa_mt
  abfa_mt_d
  abfas_ac
  abfas_ap
  abfas_ci
  abfas_co
  abfas_ea
  abfas_ee
  abfas_nv
  abfas_nv9
  abfas_nw
  abfas_oi
  abfas_oo
  abfi_a
  abfi_a6
  abfi_c
  abfi_d_scale
  abfi_e
  abfi_hp8
  abfi_n
  abfi_o
  abfi_s_scale
  ahrz_col
  ahrz_col_d
  ahrz_ind
  ahrz_ind_d
  amvi
  ausi
  ausi_d
  avrt_col
  avrt_col_d
  avrt_ind
  avrt_ind_d
  bage
  baspfin
  baspfin_d
  bbfa_mt
  bbfa_mt_d
  bbfas_ac
  bbfas_ap
  bbfas_ci
  bbfas_co
  bbfas_ea
  bbfas_ee
  bbfas_nv
  bbfas_nv9
  bbfas_nw
  bbfas_oi
  bbfas_oo
  bbfi_a
  bbfi_a6
  bbfi_c
  bbfi_d_scale
  bbfi_e
  bbfi_hp8
  bbfi_n
  bbfi_o
  bbfi_s_scale
  bhrz_col
  bhrz_col_d
  bhrz_ind
  bhrz_ind_d
  bmvi
  busi
  busi_d
  bvrt_col
  bvrt_col_d
  bvrt_ind
  bvrt_ind_d
  cage
  caspfin
  caspfin_d
  cbfa_mt
  cbfa_mt_d
  cbfas_ac
  cbfas_ap
  cbfas_ci
  cbfas_co
  cbfas_ea
  cbfas_ee
  cbfas_nv
  cbfas_nv9
  cbfas_nw
  cbfas_oi
  cbfas_oo
  cbfi_a
  cbfi_a6
  cbfi_c
  cbfi_d_scale
  cbfi_e
  cbfi_hp8
  cbfi_n
  cbfi_o
  cbfi_s_scale
  chrz_col
  chrz_col_d
  chrz_ind
  chrz_ind_d
  cmvi
  cusi
  cusi_d
  cvrt_col
  cvrt_col_d
  cvrt_ind
  cvrt_ind_d
  dage
  daspfin
  daspfin_d
  dbfa_mt
  dbfa_mt_d
  dbfas_ac
  dbfas_ap
  dbfas_ci
  dbfas_co
  dbfas_ea
  dbfas_ee
  dbfas_nv
  dbfas_nv9
  dbfas_nw
  dbfas_oi
  dbfas_oo
  dbfi_a
  dbfi_a6
  dbfi_c
  dbfi_d_scale
  dbfi_e
  dbfi_hp8
  dbfi_n
  dbfi_o
  dbfi_s_scale
  dhrz_col
  dhrz_col_d
  dhrz_ind
  dhrz_ind_d
  dmvi
  dusi
  dusi_d
  dvrt_col
  dvrt_col_d
  dvrt_ind
  dvrt_ind_d;

  USEVARIABLES =
  abfi_a6
  bbfi_a6
  cbfi_a6
  dbfi_a6
  aaspfin_d
  baspfin_d
  caspfin_d
  daspfin_d
  a1
  a2
  a3
  a4
  ;

  missing = all (-9999);

  tscores = a1 a2 a3 a4;

  grouping = aage (0=d2, 1=d3, 2=d4, 3=d5);

  DEFINE:

  cut aage (29 39 49);

  a1 = aage + 0 - 36;
  a2 = aage + 1 - 36;
  a3 = aage + 2 - 36;
  a4 = aage + 3 - 36;

  ANALYSIS:
  TYPE=RANDOM;
  PROCESSORS = 6;
  model=nocovariances; ! supresses default estimation of certain covs in model;

  MODEL:

  i_bfi_a6 s_bfi_a6 | abfi_a6 bbfi_a6 cbfi_a6 dbfi_a6 AT a1 a2 a3 a4;
  i_aspfin_d s_aspfin_d | aaspfin_d baspfin_d caspfin_d daspfin_d AT a1 a2 a3 a4;

  ! freeing factor covs because of "nocovariances"
  s_bfi_a6 WITH i_bfi_a6 s_aspfin_d i_aspfin_d;
  i_bfi_a6 WITH s_aspfin_d i_aspfin_d;
  s_aspfin_d WITH i_aspfin_d;

  p1 BY abfi_a6@1; ! Residual "factors";
  p2 BY bbfi_a6@1;
  p3 BY cbfi_a6@1;
  p4 BY dbfi_a6@1;

  v1 BY aaspfin_d@1; ! Residual "factors";
  v2 BY baspfin_d@1;
  v3 BY caspfin_d@1;
  v4 BY daspfin_d@1;

  !residual variances on observed/manifest vars set to 0
  abfi_a6@0;
  bbfi_a6@0;
  cbfi_a6@0;
  dbfi_a6@0;

  !residual variances on observed/manifest vars set to 0
  aaspfin_d@0;
  baspfin_d@0;
  caspfin_d@0;
  daspfin_d@0;

  ! means of observed/manifest vars set to 0
  [abfi_a6@0];
  [bbfi_a6@0];
  [cbfi_a6@0];
  [dbfi_a6@0];

  ! means of observed/manifest vars set to 0
  [aaspfin_d@0];
  [baspfin_d@0];
  [caspfin_d@0];
  [daspfin_d@0];

  [p1@0]; ! means of residual "factors" set to 0
  [p2@0];
  [p3@0];
  [p4@0];

  [v1@0]; ! means of residual "factors" set to 0
  [v2@0];
  [v3@0];
  [v4@0];

  p4 on p3 (a); ! Autoregressive paths constrained to equality
  p3 on p2 (a);
  p2 on p1 (a);

  v4 on v3 (b); ! Autoregressive paths constrained to equality
  v3 on v2 (b);
  v2 on v1 (b);

  p4 on v3 (c); ! Cross-lagged paths constrained to equality
  p3 on v2 (c);
  p2 on v1 (c);

  v4 on p3 (d); ! Cross-lagged paths constrained to equality
  v3 on p2 (d);
  v2 on p1 (d);

  p1 with v1; !(this one is not like the others)

  p2 with v2 (e); ! Within-wave correlations constrained to equality
  p3 with v3 (e);
  p4 with v4 (e);

  p2 p3 p4 (f); ! estimate variances of residual "factors"
  v2 v3 v4 (g); ! estimate variances of residual "factors"

  MODEL d2:

  p4 on p3 (a2); ! Autoregressive paths constrained to equality
  p3 on p2 (a2);
  p2 on p1 (a2);

  v4 on v3 (b2); ! Autoregressive paths constrained to equality
  v3 on v2 (b2);
  v2 on v1 (b2);

  p4 on v3 (c2); ! Cross-lagged paths constrained to equality
  p3 on v2 (c2);
  p2 on v1 (c2);

  v4 on p3 (d2); ! Cross-lagged paths constrained to equality
  v3 on p2 (d2);
  v2 on p1 (d2);

  p1 with v1; !(this one is not like the others)

  p2 with v2 (e2); ! Within-wave correlations constrained to equality
  p3 with v3 (e2);
  p4 with v4 (e2);

  p2 p3 p4 (f2); ! estimate variances of residual "factors"
  v2 v3 v4 (g2); ! estimate variances of residual "factors"

  MODEL d3:

  p4 on p3 (a3); ! Autoregressive paths constrained to equality
  p3 on p2 (a3);
  p2 on p1 (a3);

  v4 on v3 (b3); ! Autoregressive paths constrained to equality
  v3 on v2 (b3);
  v2 on v1 (b3);

  p4 on v3 (c3); ! Cross-lagged paths constrained to equality
  p3 on v2 (c3);
  p2 on v1 (c3);

  v4 on p3 (d3); ! Cross-lagged paths constrained to equality
  v3 on p2 (d3);
  v2 on p1 (d3);

  p1 with v1; !(this one is not like the others)

  p2 with v2 (e3); ! Within-wave correlations constrained to equality
  p3 with v3 (e3);
  p4 with v4 (e3);

  p2 p3 p4 (f3); ! estimate variances of residual "factors"
  v2 v3 v4 (g3); ! estimate variances of residual "factors"

  MODEL d4:

  p4 on p3 (a4); ! Autoregressive paths constrained to equality
  p3 on p2 (a4);
  p2 on p1 (a4);

  v4 on v3 (b4); ! Autoregressive paths constrained to equality
  v3 on v2 (b4);
  v2 on v1 (b4);

  p4 on v3 (c4); ! Cross-lagged paths constrained to equality
  p3 on v2 (c4);
  p2 on v1 (c4);

  v4 on p3 (d4); ! Cross-lagged paths constrained to equality
  v3 on p2 (d4);
  v2 on p1 (d4);

  p1 with v1; !(this one is not like the others)

  p2 with v2 (e4); ! Within-wave correlations constrained to equality
  p3 with v3 (e4);
  p4 with v4 (e4);

  p2 p3 p4 (f4); ! estimate variances of residual "factors"
  v2 v3 v4 (g4); ! estimate variances of residual "factors"

  MODEL d5:

  p4 on p3 (a5); ! Autoregressive paths constrained to equality
  p3 on p2 (a5);
  p2 on p1 (a5);

  v4 on v3 (b5); ! Autoregressive paths constrained to equality
  v3 on v2 (b5);
  v2 on v1 (b5);

  p4 on v3 (c5); ! Cross-lagged paths constrained to equality
  p3 on v2 (c5);
  p2 on v1 (c5);

  v4 on p3 (d5); ! Cross-lagged paths constrained to equality
  v3 on p2 (d5);
  v2 on p1 (d5);

  p1 with v1; !(this one is not like the others)

  p2 with v2 (e5); ! Within-wave correlations constrained to equality
  p3 with v3 (e5);
  p4 with v4 (e5);

  p2 p3 p4 (f5); ! estimate variances of residual "factors"
  v2 v3 v4 (g5); ! estimate variances of residual "factors"

  OUTPUT: SAMPSTAT PATTERNS;



*** WARNING in VARIABLE command
  Note that only the first 8 characters of variable names are used in the output.
  Shorten variable names to avoid any confusion.
*** WARNING
  Data set contains unknown or missing values for GROUPING,
  PATTERN, COHORT, CLUSTER and/or STRATIFICATION variables.
  Number of cases with unknown or missing values:  5
   2 WARNING(S) FOUND IN THE INPUT INSTRUCTIONS



PxVx Bivariate LCM-SR - decadegroup - Linear bfi_a6 with Linear aspfin_d;

SUMMARY OF ANALYSIS

Number of groups                                                 4
Number of observations
   Group D2                                                    301
   Group D3                                                    233
   Group D4                                                    198
   Group D5                                                    132
   Total sample size                                           864

Number of dependent variables                                    8
Number of independent variables                                  0
Number of continuous latent variables                           12

Observed dependent variables

  Continuous
   ABFI_A6     BBFI_A6     CBFI_A6     DBFI_A6     AASPFIN_D   BASPFIN_D
   CASPFIN_D   DASPFIN_D

Continuous latent variables
   P1          P2          P3          P4          V1          V2
   V3          V4          I_BFI_A6    S_BFI_A6    I_ASPFIN    S_ASPFIN

Variables with special functions

  Grouping variable     AAGE

  Time scores
   A1          A2          A3          A4


Estimator                                                      MLR
Information matrix                                        OBSERVED
Maximum number of iterations                                   100
Convergence criterion                                    0.100D-05
Maximum number of EM iterations                                500
Convergence criteria for the EM algorithm
  Loglikelihood change                                   0.100D-02
  Relative loglikelihood change                          0.100D-05
  Derivative                                             0.100D-03
Minimum variance                                         0.100D-03
Maximum number of steepest descent iterations                   20
Maximum number of iterations for H1                           2000
Convergence criterion for H1                             0.100D-03
Optimization algorithm                                         EMA

Input data file(s)
  /home/jflournoy/code_new/lnt_pxvx/Data/lnt_nat_recalc.tsv
Input data format  FREE


SUMMARY OF DATA

   Group D2
     Number of missing data patterns            12

   Group D3
     Number of missing data patterns            11

   Group D4
     Number of missing data patterns            14

   Group D5
     Number of missing data patterns            10


SUMMARY OF MISSING DATA PATTERNS


     MISSING DATA PATTERNS (x = not missing) FOR D2

           1  2  3  4  5  6  7  8  9 10 11 12
 ABFI_A6   x  x  x  x  x  x  x  x  x  x  x  x
 BBFI_A6   x     x  x  x     x        x     x
 CBFI_A6   x           x        x  x  x  x  x
 DBFI_A6   x     x        x        x     x  x
 AASPFIN_  x  x  x  x  x  x     x  x  x  x  x
 BASPFIN_  x     x  x  x     x        x
 CASPFIN_  x           x        x  x  x  x  x
 DASPFIN_  x     x        x        x  x     x


     MISSING DATA PATTERN FREQUENCIES FOR D2

    Pattern   Frequency     Pattern   Frequency     Pattern   Frequency
          1         189           5          14           9           5
          2          57           6          11          10           1
          3           6           7           1          11           1
          4          11           8           4          12           1


     MISSING DATA PATTERNS (x = not missing) FOR D3

           1  2  3  4  5  6  7  8  9 10 11
 ABFI_A6   x  x  x  x  x  x  x  x  x  x  x
 BBFI_A6   x     x  x  x           x  x
 CBFI_A6   x           x     x  x  x
 DBFI_A6   x     x        x     x  x     x
 AASPFIN_  x  x  x  x  x  x  x  x  x  x  x
 BASPFIN_  x     x  x  x           x
 CASPFIN_  x           x     x  x  x
 DASPFIN_  x     x        x     x


     MISSING DATA PATTERN FREQUENCIES FOR D3

    Pattern   Frequency     Pattern   Frequency     Pattern   Frequency
          1         140           5           6           9           1
          2          43           6           3          10           1
          3           8           7           7          11           2
          4          15           8           7


     MISSING DATA PATTERNS (x = not missing) FOR D4

           1  2  3  4  5  6  7  8  9 10 11 12 13 14
 ABFI_A6   x  x  x  x  x  x  x  x  x  x  x  x  x  x
 BBFI_A6   x     x  x  x              x  x  x     x
 CBFI_A6   x           x     x  x  x  x     x
 DBFI_A6   x     x        x     x  x  x     x     x
 AASPFIN_  x  x  x  x  x  x  x  x  x  x  x  x     x
 BASPFIN_  x     x  x  x                    x
 CASPFIN_  x           x     x  x  x  x
 DASPFIN_  x     x        x     x     x     x     x


     MISSING DATA PATTERN FREQUENCIES FOR D4

    Pattern   Frequency     Pattern   Frequency     Pattern   Frequency
          1         104           6           4          11           2
          2          39           7           5          12           1
          3           7           8           5          13           1
          4          12           9           1          14           1
          5          15          10           1


     MISSING DATA PATTERNS (x = not missing) FOR D5

           1  2  3  4  5  6  7  8  9 10
 ABFI_A6   x  x  x  x  x  x  x  x     x
 BBFI_A6   x     x  x  x
 CBFI_A6   x           x     x  x     x
 DBFI_A6   x     x        x     x  x  x
 AASPFIN_  x  x  x  x  x  x  x  x  x  x
 BASPFIN_  x     x  x  x              x
 CASPFIN_  x           x     x  x     x
 DASPFIN_  x     x        x     x  x  x


     MISSING DATA PATTERN FREQUENCIES FOR D5

    Pattern   Frequency     Pattern   Frequency     Pattern   Frequency
          1          60           5          11           9           1
          2          29           6           5          10           1
          3           5           7           6
          4          10           8           4


COVARIANCE COVERAGE OF DATA

Minimum covariance coverage value   0.100


     PROPORTION OF DATA PRESENT FOR D2


           Covariance Coverage
              ABFI_A6       BBFI_A6       CBFI_A6       DBFI_A6       AASPFIN_
              ________      ________      ________      ________      ________
 ABFI_A6        1.000
 BBFI_A6        0.741         0.741
 CBFI_A6        0.714         0.681         0.714
 DBFI_A6        0.708         0.651         0.651         0.708
 AASPFIN_       0.997         0.738         0.714         0.708         0.997
 BASPFIN_       0.738         0.738         0.678         0.648         0.734
 CASPFIN_       0.714         0.681         0.714         0.651         0.714
 DASPFIN_       0.708         0.654         0.651         0.704         0.708


           Covariance Coverage
              BASPFIN_      CASPFIN_      DASPFIN_
              ________      ________      ________
 BASPFIN_       0.738
 CASPFIN_       0.678         0.714
 DASPFIN_       0.651         0.651         0.708


     PROPORTION OF DATA PRESENT FOR D3


           Covariance Coverage
              ABFI_A6       BBFI_A6       CBFI_A6       DBFI_A6       AASPFIN_
              ________      ________      ________      ________      ________
 ABFI_A6        1.000
 BBFI_A6        0.760         0.760
 CBFI_A6        0.674         0.631         0.674
 DBFI_A6        0.661         0.635         0.614         0.661
 AASPFIN_       0.970         0.730         0.674         0.661         0.970
 BASPFIN_       0.760         0.760         0.631         0.635         0.730
 CASPFIN_       0.674         0.631         0.674         0.614         0.674
 DASPFIN_       0.657         0.639         0.609         0.652         0.657


           Covariance Coverage
              BASPFIN_      CASPFIN_      DASPFIN_
              ________      ________      ________
 BASPFIN_       0.760
 CASPFIN_       0.631         0.674
 DASPFIN_       0.639         0.609         0.657


     PROPORTION OF DATA PRESENT FOR D4


           Covariance Coverage
              ABFI_A6       BBFI_A6       CBFI_A6       DBFI_A6       AASPFIN_
              ________      ________      ________      ________      ________
 ABFI_A6        1.000
 BBFI_A6        0.742         0.742
 CBFI_A6        0.657         0.616         0.657
 DBFI_A6        0.606         0.571         0.551         0.606
 AASPFIN_       0.975         0.717         0.657         0.606         0.975
 BASPFIN_       0.732         0.732         0.611         0.566         0.707
 CASPFIN_       0.657         0.616         0.657         0.551         0.657
 DASPFIN_       0.596         0.571         0.540         0.591         0.596


           Covariance Coverage
              BASPFIN_      CASPFIN_      DASPFIN_
              ________      ________      ________
 BASPFIN_       0.732
 CASPFIN_       0.611         0.657
 DASPFIN_       0.566         0.540         0.596


     PROPORTION OF DATA PRESENT FOR D5


           Covariance Coverage
              ABFI_A6       BBFI_A6       CBFI_A6       DBFI_A6       AASPFIN_
              ________      ________      ________      ________      ________
 ABFI_A6        1.000
 BBFI_A6        0.705         0.705
 CBFI_A6        0.583         0.545         0.583
 DBFI_A6        0.538         0.492         0.462         0.538
 AASPFIN_       0.955         0.659         0.583         0.538         0.955
 BASPFIN_       0.705         0.705         0.545         0.492         0.659
 CASPFIN_       0.583         0.545         0.583         0.462         0.583
 DASPFIN_       0.545         0.500         0.470         0.538         0.545


           Covariance Coverage
              BASPFIN_      CASPFIN_      DASPFIN_
              ________      ________      ________
 BASPFIN_       0.705
 CASPFIN_       0.545         0.583
 DASPFIN_       0.500         0.470         0.545


SAMPLE STATISTICS


     ESTIMATED SAMPLE STATISTICS FOR D2


           Means
              ABFI_A6       BBFI_A6       CBFI_A6       DBFI_A6       AASPFIN_
              ________      ________      ________      ________      ________
               56.906        55.334        55.870        55.714        45.244


           Means
              BASPFIN_      CASPFIN_      DASPFIN_
              ________      ________      ________
               46.683        45.462        45.374


           Covariances
              ABFI_A6       BBFI_A6       CBFI_A6       DBFI_A6       AASPFIN_
              ________      ________      ________      ________      ________
 ABFI_A6      366.710
 BBFI_A6      277.922       354.856
 CBFI_A6      264.923       280.713       347.413
 DBFI_A6      254.042       276.154       298.749       389.213
 AASPFIN_     -83.047      -115.066      -107.349      -104.070       622.450
 BASPFIN_     -89.942      -118.557      -112.307       -95.834       458.740
 CASPFIN_     -62.745      -117.106      -127.294      -102.088       475.589
 DASPFIN_     -64.958       -99.307      -118.959       -90.799       435.750


           Covariances
              BASPFIN_      CASPFIN_      DASPFIN_
              ________      ________      ________
 BASPFIN_     608.627
 CASPFIN_     492.120       661.199
 DASPFIN_     464.272       509.361       677.951


           Correlations
              ABFI_A6       BBFI_A6       CBFI_A6       DBFI_A6       AASPFIN_
              ________      ________      ________      ________      ________
 ABFI_A6        1.000
 BBFI_A6        0.770         1.000
 CBFI_A6        0.742         0.799         1.000
 DBFI_A6        0.672         0.743         0.812         1.000
 AASPFIN_      -0.174        -0.245        -0.231        -0.211         1.000
 BASPFIN_      -0.190        -0.255        -0.244        -0.197         0.745
 CASPFIN_      -0.127        -0.242        -0.266        -0.201         0.741
 DASPFIN_      -0.130        -0.202        -0.245        -0.177         0.671


           Correlations
              BASPFIN_      CASPFIN_      DASPFIN_
              ________      ________      ________
 BASPFIN_       1.000
 CASPFIN_       0.776         1.000
 DASPFIN_       0.723         0.761         1.000


     ESTIMATED SAMPLE STATISTICS FOR D3


           Means
              ABFI_A6       BBFI_A6       CBFI_A6       DBFI_A6       AASPFIN_
              ________      ________      ________      ________      ________
               59.503        61.074        60.468        61.072        42.793


           Means
              BASPFIN_      CASPFIN_      DASPFIN_
              ________      ________      ________
               43.756        43.715        44.078


           Covariances
              ABFI_A6       BBFI_A6       CBFI_A6       DBFI_A6       AASPFIN_
              ________      ________      ________      ________      ________
 ABFI_A6      323.498
 BBFI_A6      242.734       310.409
 CBFI_A6      232.445       240.442       323.374
 DBFI_A6      222.324       243.180       237.491       300.154
 AASPFIN_     -58.460       -68.519       -93.432       -71.734       558.235
 BASPFIN_     -27.683       -52.983       -32.064       -44.916       487.518
 CASPFIN_     -69.000       -88.023      -101.166      -106.961       481.412
 DASPFIN_     -55.839       -85.624       -90.819       -90.631       465.331


           Covariances
              BASPFIN_      CASPFIN_      DASPFIN_
              ________      ________      ________
 BASPFIN_     677.778
 CASPFIN_     527.478       662.696
 DASPFIN_     514.866       510.009       626.017


           Correlations
              ABFI_A6       BBFI_A6       CBFI_A6       DBFI_A6       AASPFIN_
              ________      ________      ________      ________      ________
 ABFI_A6        1.000
 BBFI_A6        0.766         1.000
 CBFI_A6        0.719         0.759         1.000
 DBFI_A6        0.713         0.797         0.762         1.000
 AASPFIN_      -0.138        -0.165        -0.220        -0.175         1.000
 BASPFIN_      -0.059        -0.116        -0.068        -0.100         0.793
 CASPFIN_      -0.149        -0.194        -0.219        -0.240         0.791
 DASPFIN_      -0.124        -0.194        -0.202        -0.209         0.787


           Correlations
              BASPFIN_      CASPFIN_      DASPFIN_
              ________      ________      ________
 BASPFIN_       1.000
 CASPFIN_       0.787         1.000
 DASPFIN_       0.790         0.792         1.000


     ESTIMATED SAMPLE STATISTICS FOR D4


           Means
              ABFI_A6       BBFI_A6       CBFI_A6       DBFI_A6       AASPFIN_
              ________      ________      ________      ________      ________
               61.596        62.428        61.854        62.456        39.793


           Means
              BASPFIN_      CASPFIN_      DASPFIN_
              ________      ________      ________
               40.546        41.451        42.979


           Covariances
              ABFI_A6       BBFI_A6       CBFI_A6       DBFI_A6       AASPFIN_
              ________      ________      ________      ________      ________
 ABFI_A6      316.223
 BBFI_A6      271.253       338.049
 CBFI_A6      287.214       290.252       371.235
 DBFI_A6      262.641       264.452       302.615       332.711
 AASPFIN_     -46.006       -53.007       -42.513       -26.186       549.789
 BASPFIN_     -13.421       -28.621         2.925        -1.545       407.388
 CASPFIN_     -32.911       -37.953       -17.180       -19.904       354.856
 DASPFIN_      -4.539       -15.921        13.203         7.151       381.431


           Covariances
              BASPFIN_      CASPFIN_      DASPFIN_
              ________      ________      ________
 BASPFIN_     537.065
 CASPFIN_     356.803       428.271
 DASPFIN_     354.338       348.833       497.947


           Correlations
              ABFI_A6       BBFI_A6       CBFI_A6       DBFI_A6       AASPFIN_
              ________      ________      ________      ________      ________
 ABFI_A6        1.000
 BBFI_A6        0.830         1.000
 CBFI_A6        0.838         0.819         1.000
 DBFI_A6        0.810         0.789         0.861         1.000
 AASPFIN_      -0.110        -0.123        -0.094        -0.061         1.000
 BASPFIN_      -0.033        -0.067         0.007        -0.004         0.750
 CASPFIN_      -0.089        -0.100        -0.043        -0.053         0.731
 DASPFIN_      -0.011        -0.039         0.031         0.018         0.729


           Correlations
              BASPFIN_      CASPFIN_      DASPFIN_
              ________      ________      ________
 BASPFIN_       1.000
 CASPFIN_       0.744         1.000
 DASPFIN_       0.685         0.755         1.000


     ESTIMATED SAMPLE STATISTICS FOR D5


           Means
              ABFI_A6       BBFI_A6       CBFI_A6       DBFI_A6       AASPFIN_
              ________      ________      ________      ________      ________
               64.020        65.958        66.357        66.834        39.615


           Means
              BASPFIN_      CASPFIN_      DASPFIN_
              ________      ________      ________
               40.329        40.328        41.112


           Covariances
              ABFI_A6       BBFI_A6       CBFI_A6       DBFI_A6       AASPFIN_
              ________      ________      ________      ________      ________
 ABFI_A6      356.724
 BBFI_A6      263.566       356.902
 CBFI_A6      271.925       264.085       312.727
 DBFI_A6      234.172       246.287       261.372       315.627
 AASPFIN_       4.485       -42.215       -11.428       -22.545       527.803
 BASPFIN_     -18.148       -72.119       -57.955       -44.982       381.711
 CASPFIN_       8.988        -2.197        -7.634        17.783       390.825
 DASPFIN_      50.356        -0.503         7.188        10.146       368.873


           Covariances
              BASPFIN_      CASPFIN_      DASPFIN_
              ________      ________      ________
 BASPFIN_     484.578
 CASPFIN_     377.694       533.208
 DASPFIN_     334.739       390.161       509.291


           Correlations
              ABFI_A6       BBFI_A6       CBFI_A6       DBFI_A6       AASPFIN_
              ________      ________      ________      ________      ________
 ABFI_A6        1.000
 BBFI_A6        0.739         1.000
 CBFI_A6        0.814         0.790         1.000
 DBFI_A6        0.698         0.734         0.832         1.000
 AASPFIN_       0.010        -0.097        -0.028        -0.055         1.000
 BASPFIN_      -0.044        -0.173        -0.149        -0.115         0.755
 CASPFIN_       0.021        -0.005        -0.019         0.043         0.737
 DASPFIN_       0.118        -0.001         0.018         0.025         0.711


           Correlations
              BASPFIN_      CASPFIN_      DASPFIN_
              ________      ________      ________
 BASPFIN_       1.000
 CASPFIN_       0.743         1.000
 DASPFIN_       0.674         0.749         1.000


     MAXIMUM LOG-LIKELIHOOD VALUE FOR THE UNRESTRICTED (H1) MODEL IS -21726.420


UNIVARIATE SAMPLE STATISTICS


     UNIVARIATE HIGHER-ORDER MOMENT DESCRIPTIVE STATISTICS FOR D2

         Variable/         Mean/     Skewness/   Minimum/ % with                Percentiles
        Sample Size      Variance    Kurtosis    Maximum  Min/Max      20%/60%    40%/80%    Median

     ABFI_A6              56.906      -0.118       0.000    0.33%      40.625     53.125     56.250
             301.000     366.710      -0.340     100.000    0.66%      62.500     75.000
     BBFI_A6              55.487      -0.292       3.125    0.45%      40.625     50.000     56.250
             223.000     345.312      -0.071     100.000    0.45%      62.500     71.875
     CBFI_A6              55.363      -0.172       6.250    0.47%      40.625     53.125     56.250
             215.000     344.917      -0.296      96.875    0.93%      59.375     71.875
     DBFI_A6              55.927      -0.177       3.125    0.47%      40.625     50.000     56.250
             213.000     383.277      -0.105     100.000    1.41%      59.375     71.875
     AASPFIN_D            45.319       0.184       0.000    3.67%      25.000     33.333     41.667
             300.000     621.900      -0.696     100.000    3.00%      50.000     66.667
     BASPFIN_D            46.115       0.245       0.000    2.25%      25.000     41.667     50.000
             222.000     599.348      -0.680     100.000    3.15%      50.000     66.667
     CASPFIN_D            45.659       0.288       0.000    3.72%      25.000     33.333     41.667
             215.000     653.636      -0.696     100.000    3.72%      50.000     66.667
     DASPFIN_D            45.207       0.196       0.000    3.29%      16.667     33.333     41.667
             213.000     677.099      -0.914     100.000    2.82%      50.000     66.667


     UNIVARIATE HIGHER-ORDER MOMENT DESCRIPTIVE STATISTICS FOR D3

         Variable/         Mean/     Skewness/   Minimum/ % with                Percentiles
        Sample Size      Variance    Kurtosis    Maximum  Min/Max      20%/60%    40%/80%    Median

     ABFI_A6              59.503      -0.222       3.125    0.43%      43.750     56.250     60.714
             233.000     323.498      -0.210     100.000    0.86%      65.625     75.000
     BBFI_A6              61.072      -0.479       9.375    1.17%      46.875     56.250     62.500
             171.000     315.485      -0.030      96.875    0.58%      65.625     78.125
     CBFI_A6              60.113      -0.250      12.500    0.62%      43.750     56.250     62.500
             161.000     319.720      -0.426     100.000    0.62%      65.625     75.000
     DBFI_A6              60.908      -0.499      12.500    0.62%      46.875     56.250     62.500
             161.000     305.114      -0.172      96.875    0.62%      68.750     75.000
     AASPFIN_D            42.793       0.515       0.000    2.58%      25.000     33.333     41.667
             233.000     558.235      -0.375     100.000    2.58%      50.000     58.333
     BASPFIN_D            44.412       0.484       0.000    3.53%      25.000     33.333     41.667
             170.000     699.777      -0.578     100.000    5.88%      50.000     66.667
     CASPFIN_D            43.996       0.471       0.000    1.86%      16.667     33.333     41.667
             161.000     680.824      -0.728     100.000    4.35%      50.000     66.667
     DASPFIN_D            44.594       0.350       0.000    0.63%      16.667     33.333     41.667
             158.000     646.429      -0.745     100.000    3.80%      50.000     66.667


     UNIVARIATE HIGHER-ORDER MOMENT DESCRIPTIVE STATISTICS FOR D4

         Variable/         Mean/     Skewness/   Minimum/ % with                Percentiles
        Sample Size      Variance    Kurtosis    Maximum  Min/Max      20%/60%    40%/80%    Median

     ABFI_A6              61.596      -0.371      12.500    0.51%      43.750     59.375     64.286
             198.000     316.223      -0.401      96.875    1.52%      68.750     78.125
     BBFI_A6              62.500      -0.342       3.125    0.70%      43.750     59.375     62.500
             143.000     356.011      -0.394      96.875    1.40%      68.750     78.125
     CBFI_A6              62.216      -0.422      12.500    0.76%      43.750     59.375     62.500
             132.000     374.860      -0.198     100.000    1.52%      68.750     78.125
     DBFI_A6              63.155      -0.583      12.500    0.81%      46.875     62.500     65.625
             124.000     356.961      -0.199     100.000    0.81%      68.750     78.125
     AASPFIN_D            39.784       0.424       0.000    6.60%      16.667     33.333     33.333
             197.000     549.809      -0.288     100.000    1.52%      41.667     58.333
     BASPFIN_D            39.778       0.518       0.000    4.32%      16.667     33.333     41.667
             139.000     529.632       0.110     100.000    2.88%      41.667     50.000
     CASPFIN_D            42.335       0.391       0.000    1.53%      25.000     33.333     41.667
             131.000     424.835      -0.251     100.000    0.76%      41.667     58.333
     DASPFIN_D            43.022       0.413       0.000    1.63%      25.000     33.333     41.667
             123.000     502.906      -0.423     100.000    0.81%      50.000     58.333


     UNIVARIATE HIGHER-ORDER MOMENT DESCRIPTIVE STATISTICS FOR D5

         Variable/         Mean/     Skewness/   Minimum/ % with                Percentiles
        Sample Size      Variance    Kurtosis    Maximum  Min/Max      20%/60%    40%/80%    Median

     ABFI_A6              64.170      -0.681       6.250    1.53%      46.875     62.500     65.625
             131.000     355.121       0.247     100.000    0.76%      71.875     78.125
     BBFI_A6              66.899      -0.889       3.125    1.16%      53.125     65.625     71.875
              86.000     368.066       0.602      96.875    1.16%      75.000     84.375
     CBFI_A6              67.950      -1.067       6.250    1.22%      53.125     65.625     71.875
              82.000     330.319       1.387      93.750    6.10%      75.000     81.250
     DBFI_A6              68.298      -0.902       9.375    1.32%      53.125     68.750     71.875
              76.000     311.653       0.638      96.875    3.95%      78.125     81.250
     AASPFIN_D            39.615       0.468       0.000    4.55%      16.667     33.333     41.667
             132.000     527.803      -0.196     100.000    1.52%      41.667     58.333
     BASPFIN_D            40.661       0.598       0.000    1.15%      25.000     33.333     33.333
              87.000     494.079      -0.161     100.000    2.30%      41.667     58.333
     CASPFIN_D            39.228       0.532       0.000    4.88%      16.667     33.333     37.500
              82.000     547.913      -0.111     100.000    2.44%      41.667     58.333
     DASPFIN_D            41.996       0.594       0.000    1.32%      16.667     33.333     33.333
              76.000     543.569      -0.314     100.000    2.63%      41.667     58.333


THE MODEL ESTIMATION TERMINATED NORMALLY



MODEL FIT INFORMATION

Number of Free Parameters                       96

Loglikelihood

          H0 Value                      -21768.111
          H0 Scaling Correction Factor      0.9918
            for MLR

Information Criteria

          Akaike (AIC)                   43728.222
          Bayesian (BIC)                 44185.333
          Sample-Size Adjusted BIC       43880.462
            (n* = (n + 2) / 24)



MODEL RESULTS

                                                    Two-Tailed
                    Estimate       S.E.  Est./S.E.    P-Value

Group D2

 P1       BY
    ABFI_A6            1.000      0.000    999.000    999.000

 P2       BY
    BBFI_A6            1.000      0.000    999.000    999.000

 P3       BY
    CBFI_A6            1.000      0.000    999.000    999.000

 P4       BY
    DBFI_A6            1.000      0.000    999.000    999.000

 V1       BY
    AASPFIN_D          1.000      0.000    999.000    999.000

 V2       BY
    BASPFIN_D          1.000      0.000    999.000    999.000

 V3       BY
    CASPFIN_D          1.000      0.000    999.000    999.000

 V4       BY
    DASPFIN_D          1.000      0.000    999.000    999.000

 P4         ON
    P3                 0.055      0.063      0.873      0.383
    V3                -0.086      0.047     -1.831      0.067

 P3         ON
    P2                 0.055      0.063      0.873      0.383
    V2                -0.086      0.047     -1.831      0.067

 P2         ON
    P1                 0.055      0.063      0.873      0.383
    V1                -0.086      0.047     -1.831      0.067

 V4         ON
    V3                -0.009      0.094     -0.100      0.920
    P3                -0.321      0.086     -3.717      0.000

 V3         ON
    V2                -0.009      0.094     -0.100      0.920
    P2                -0.321      0.086     -3.717      0.000

 V2         ON
    V1                -0.009      0.094     -0.100      0.920
    P1                -0.321      0.086     -3.717      0.000

 S_BFI_A6 WITH
    I_BFI_A6         332.322    100.092      3.320      0.001
    S_ASPFIN_D         3.715      2.564      1.449      0.147
    I_ASPFIN_D       120.154     91.073      1.319      0.187

 I_BFI_A6 WITH
    S_ASPFIN_D       131.710     90.392      1.457      0.145
    I_ASPFIN_D      4182.040   3208.768      1.303      0.192

 S_ASPFIN WITH
    I_ASPFIN_D       418.942    164.546      2.546      0.011

 P1       WITH
    V1               -20.026     10.835     -1.848      0.065

 P2       WITH
    V2               -22.106      7.628     -2.898      0.004

 P3       WITH
    V3               -22.106      7.628     -2.898      0.004

 P4       WITH
    V4               -22.106      7.628     -2.898      0.004

 Means
    P1                 0.000      0.000    999.000    999.000
    V1                 0.000      0.000    999.000    999.000
    I_BFI_A6          43.879     11.798      3.719      0.000
    S_BFI_A6          -0.353      0.337     -1.049      0.294
    I_ASPFIN_D        44.397     15.005      2.959      0.003
    S_ASPFIN_D        -0.034      0.428     -0.079      0.937

 Intercepts
    ABFI_A6            0.000      0.000    999.000    999.000
    BBFI_A6            0.000      0.000    999.000    999.000
    CBFI_A6            0.000      0.000    999.000    999.000
    DBFI_A6            0.000      0.000    999.000    999.000
    AASPFIN_D          0.000      0.000    999.000    999.000
    BASPFIN_D          0.000      0.000    999.000    999.000
    CASPFIN_D          0.000      0.000    999.000    999.000
    DASPFIN_D          0.000      0.000    999.000    999.000
    P2                 0.000      0.000    999.000    999.000
    P3                 0.000      0.000    999.000    999.000
    P4                 0.000      0.000    999.000    999.000
    V2                 0.000      0.000    999.000    999.000
    V3                 0.000      0.000    999.000    999.000
    V4                 0.000      0.000    999.000    999.000

 Variances
    P1                88.223     13.336      6.615      0.000
    V1               156.997     20.647      7.604      0.000
    I_BFI_A6       11908.311   3506.558      3.396      0.001
    S_BFI_A6           9.490      2.860      3.319      0.001
    I_ASPFIN_D     15259.388   5806.942      2.628      0.009
    S_ASPFIN_D        11.860      4.672      2.538      0.011

 Residual Variances
    ABFI_A6            0.000      0.000    999.000    999.000
    BBFI_A6            0.000      0.000    999.000    999.000
    CBFI_A6            0.000      0.000    999.000    999.000
    DBFI_A6            0.000      0.000    999.000    999.000
    AASPFIN_D          0.000      0.000    999.000    999.000
    BASPFIN_D          0.000      0.000    999.000    999.000
    CASPFIN_D          0.000      0.000    999.000    999.000
    DASPFIN_D          0.000      0.000    999.000    999.000
    P2                72.651      6.738     10.782      0.000
    P3                72.651      6.738     10.782      0.000
    P4                72.651      6.738     10.782      0.000
    V2               146.501     17.882      8.193      0.000
    V3               146.501     17.882      8.193      0.000
    V4               146.501     17.882      8.193      0.000

Group D3

 P1       BY
    ABFI_A6            1.000      0.000    999.000    999.000

 P2       BY
    BBFI_A6            1.000      0.000    999.000    999.000

 P3       BY
    CBFI_A6            1.000      0.000    999.000    999.000

 P4       BY
    DBFI_A6            1.000      0.000    999.000    999.000

 V1       BY
    AASPFIN_D          1.000      0.000    999.000    999.000

 V2       BY
    BASPFIN_D          1.000      0.000    999.000    999.000

 V3       BY
    CASPFIN_D          1.000      0.000    999.000    999.000

 V4       BY
    DASPFIN_D          1.000      0.000    999.000    999.000

 P4         ON
    P3                -0.067      0.089     -0.752      0.452
    V3                 0.095      0.055      1.722      0.085

 P3         ON
    P2                -0.067      0.089     -0.752      0.452
    V2                 0.095      0.055      1.722      0.085

 P2         ON
    P1                -0.067      0.089     -0.752      0.452
    V1                 0.095      0.055      1.722      0.085

 V4         ON
    V3                -0.030      0.111     -0.273      0.785
    P3                 0.067      0.094      0.712      0.477

 V3         ON
    V2                -0.030      0.111     -0.273      0.785
    P2                 0.067      0.094      0.712      0.477

 V2         ON
    V1                -0.030      0.111     -0.273      0.785
    P1                 0.067      0.094      0.712      0.477

 S_BFI_A6 WITH
    I_BFI_A6         152.352     99.374      1.533      0.125
    S_ASPFIN_D        -3.102      1.879     -1.651      0.099
    I_ASPFIN_D      -112.130     63.493     -1.766      0.077

 I_BFI_A6 WITH
    S_ASPFIN_D      -109.216     63.587     -1.718      0.086
    I_ASPFIN_D     -4009.924   2146.456     -1.868      0.062

 S_ASPFIN WITH
    I_ASPFIN_D       134.928     82.688      1.632      0.103

 P1       WITH
    V1                 6.791     11.174      0.608      0.543

 P2       WITH
    V2                 2.460      6.746      0.365      0.715

 P3       WITH
    V3                 2.460      6.746      0.365      0.715

 P4       WITH
    V4                 2.460      6.746      0.365      0.715

 Means
    P1                 0.000      0.000    999.000    999.000
    V1                 0.000      0.000    999.000    999.000
    I_BFI_A6          75.107     10.943      6.864      0.000
    S_BFI_A6           0.436      0.323      1.351      0.177
    I_ASPFIN_D        57.593     13.572      4.244      0.000
    S_ASPFIN_D         0.419      0.395      1.063      0.288

 Intercepts
    ABFI_A6            0.000      0.000    999.000    999.000
    BBFI_A6            0.000      0.000    999.000    999.000
    CBFI_A6            0.000      0.000    999.000    999.000
    DBFI_A6            0.000      0.000    999.000    999.000
    AASPFIN_D          0.000      0.000    999.000    999.000
    BASPFIN_D          0.000      0.000    999.000    999.000
    CASPFIN_D          0.000      0.000    999.000    999.000
    DASPFIN_D          0.000      0.000    999.000    999.000
    P2                 0.000      0.000    999.000    999.000
    P3                 0.000      0.000    999.000    999.000
    P4                 0.000      0.000    999.000    999.000
    V2                 0.000      0.000    999.000    999.000
    V3                 0.000      0.000    999.000    999.000
    V4                 0.000      0.000    999.000    999.000

 Variances
    P1                78.425     15.803      4.963      0.000
    V1                99.794     13.864      7.198      0.000
    I_BFI_A6        5338.458   3338.860      1.599      0.110
    S_BFI_A6           4.552      2.963      1.537      0.124
    I_ASPFIN_D      5291.289   2923.188      1.810      0.070
    S_ASPFIN_D         3.781      2.354      1.607      0.108

 Residual Variances
    ABFI_A6            0.000      0.000    999.000    999.000
    BBFI_A6            0.000      0.000    999.000    999.000
    CBFI_A6            0.000      0.000    999.000    999.000
    DBFI_A6            0.000      0.000    999.000    999.000
    AASPFIN_D          0.000      0.000    999.000    999.000
    BASPFIN_D          0.000      0.000    999.000    999.000
    CASPFIN_D          0.000      0.000    999.000    999.000
    DASPFIN_D          0.000      0.000    999.000    999.000
    P2                63.937      6.838      9.351      0.000
    P3                63.937      6.838      9.351      0.000
    P4                63.937      6.838      9.351      0.000
    V2               135.069     19.699      6.857      0.000
    V3               135.069     19.699      6.857      0.000
    V4               135.069     19.699      6.857      0.000

Group D4

 P1       BY
    ABFI_A6            1.000      0.000    999.000    999.000

 P2       BY
    BBFI_A6            1.000      0.000    999.000    999.000

 P3       BY
    CBFI_A6            1.000      0.000    999.000    999.000

 P4       BY
    DBFI_A6            1.000      0.000    999.000    999.000

 V1       BY
    AASPFIN_D          1.000      0.000    999.000    999.000

 V2       BY
    BASPFIN_D          1.000      0.000    999.000    999.000

 V3       BY
    CASPFIN_D          1.000      0.000    999.000    999.000

 V4       BY
    DASPFIN_D          1.000      0.000    999.000    999.000

 P4         ON
    P3                 0.096      0.128      0.752      0.452
    V3                 0.047      0.059      0.800      0.424

 P3         ON
    P2                 0.096      0.128      0.752      0.452
    V2                 0.047      0.059      0.800      0.424

 P2         ON
    P1                 0.096      0.128      0.752      0.452
    V1                 0.047      0.059      0.800      0.424

 V4         ON
    V3                 0.113      0.101      1.124      0.261
    P3                 0.129      0.158      0.819      0.413

 V3         ON
    V2                 0.113      0.101      1.124      0.261
    P2                 0.129      0.158      0.819      0.413

 V2         ON
    V1                 0.113      0.101      1.124      0.261
    P1                 0.129      0.158      0.819      0.413

 S_BFI_A6 WITH
    I_BFI_A6          69.907     58.824      1.188      0.235
    S_ASPFIN_D        -1.059      1.705     -0.621      0.534
    I_ASPFIN_D       -29.357     54.531     -0.538      0.590

 I_BFI_A6 WITH
    S_ASPFIN_D       -23.100     57.725     -0.400      0.689
    I_ASPFIN_D      -609.535   1851.230     -0.329      0.742

 S_ASPFIN WITH
    I_ASPFIN_D        97.478     82.459      1.182      0.237

 P1       WITH
    V1                 3.991     11.221      0.356      0.722

 P2       WITH
    V2                 2.937      9.797      0.300      0.764

 P3       WITH
    V3                 2.937      9.797      0.300      0.764

 P4       WITH
    V4                 2.937      9.797      0.300      0.764

 Means
    P1                 0.000      0.000    999.000    999.000
    V1                 0.000      0.000    999.000    999.000
    I_BFI_A6          69.766     10.725      6.505      0.000
    S_BFI_A6           0.237      0.321      0.739      0.460
    I_ASPFIN_D        73.842     15.154      4.873      0.000
    S_ASPFIN_D         1.005      0.463      2.170      0.030

 Intercepts
    ABFI_A6            0.000      0.000    999.000    999.000
    BBFI_A6            0.000      0.000    999.000    999.000
    CBFI_A6            0.000      0.000    999.000    999.000
    DBFI_A6            0.000      0.000    999.000    999.000
    AASPFIN_D          0.000      0.000    999.000    999.000
    BASPFIN_D          0.000      0.000    999.000    999.000
    CASPFIN_D          0.000      0.000    999.000    999.000
    DASPFIN_D          0.000      0.000    999.000    999.000
    P2                 0.000      0.000    999.000    999.000
    P3                 0.000      0.000    999.000    999.000
    P4                 0.000      0.000    999.000    999.000
    V2                 0.000      0.000    999.000    999.000
    V3                 0.000      0.000    999.000    999.000
    V4                 0.000      0.000    999.000    999.000

 Variances
    P1                46.779      9.534      4.906      0.000
    V1               129.102     25.012      5.162      0.000
    I_BFI_A6        2644.182   1977.207      1.337      0.181
    S_BFI_A6           2.060      1.760      1.170      0.242
    I_ASPFIN_D      3069.703   2572.507      1.193      0.233
    S_ASPFIN_D         3.437      2.660      1.292      0.196

 Residual Variances
    ABFI_A6            0.000      0.000    999.000    999.000
    BBFI_A6            0.000      0.000    999.000    999.000
    CBFI_A6            0.000      0.000    999.000    999.000
    DBFI_A6            0.000      0.000    999.000    999.000
    AASPFIN_D          0.000      0.000    999.000    999.000
    BASPFIN_D          0.000      0.000    999.000    999.000
    CASPFIN_D          0.000      0.000    999.000    999.000
    DASPFIN_D          0.000      0.000    999.000    999.000
    P2                63.514     11.041      5.753      0.000
    P3                63.514     11.041      5.753      0.000
    P4                63.514     11.041      5.753      0.000
    V2               140.525     22.377      6.280      0.000
    V3               140.525     22.377      6.280      0.000
    V4               140.525     22.377      6.280      0.000

Group D5

 P1       BY
    ABFI_A6            1.000      0.000    999.000    999.000

 P2       BY
    BBFI_A6            1.000      0.000    999.000    999.000

 P3       BY
    CBFI_A6            1.000      0.000    999.000    999.000

 P4       BY
    DBFI_A6            1.000      0.000    999.000    999.000

 V1       BY
    AASPFIN_D          1.000      0.000    999.000    999.000

 V2       BY
    BASPFIN_D          1.000      0.000    999.000    999.000

 V3       BY
    CASPFIN_D          1.000      0.000    999.000    999.000

 V4       BY
    DASPFIN_D          1.000      0.000    999.000    999.000

 P4         ON
    P3                -0.244      0.102     -2.393      0.017
    V3                -0.076      0.066     -1.151      0.250

 P3         ON
    P2                -0.244      0.102     -2.393      0.017
    V2                -0.076      0.066     -1.151      0.250

 P2         ON
    P1                -0.244      0.102     -2.393      0.017
    V1                -0.076      0.066     -1.151      0.250

 V4         ON
    V3                 0.090      0.138      0.654      0.513
    P3                 0.046      0.139      0.335      0.738

 V3         ON
    V2                 0.090      0.138      0.654      0.513
    P2                 0.046      0.139      0.335      0.738

 V2         ON
    V1                 0.090      0.138      0.654      0.513
    P1                 0.046      0.139      0.335      0.738

 S_BFI_A6 WITH
    I_BFI_A6         339.387    143.396      2.367      0.018
    S_ASPFIN_D         1.130      3.612      0.313      0.754
    I_ASPFIN_D        31.615    115.416      0.274      0.784

 I_BFI_A6 WITH
    S_ASPFIN_D        47.119    112.698      0.418      0.676
    I_ASPFIN_D      1352.303   3600.661      0.376      0.707

 S_ASPFIN WITH
    I_ASPFIN_D       151.122    133.598      1.131      0.258

 P1       WITH
    V1                 3.555     11.447      0.311      0.756

 P2       WITH
    V2               -11.395      9.759     -1.168      0.243

 P3       WITH
    V3               -11.395      9.759     -1.168      0.243

 P4       WITH
    V4               -11.395      9.759     -1.168      0.243

 Means
    P1                 0.000      0.000    999.000    999.000
    V1                 0.000      0.000    999.000    999.000
    I_BFI_A6          93.638     16.275      5.754      0.000
    S_BFI_A6           0.884      0.510      1.732      0.083
    I_ASPFIN_D        54.380     18.776      2.896      0.004
    S_ASPFIN_D         0.444      0.588      0.755      0.450

 Intercepts
    ABFI_A6            0.000      0.000    999.000    999.000
    BBFI_A6            0.000      0.000    999.000    999.000
    CBFI_A6            0.000      0.000    999.000    999.000
    DBFI_A6            0.000      0.000    999.000    999.000
    AASPFIN_D          0.000      0.000    999.000    999.000
    BASPFIN_D          0.000      0.000    999.000    999.000
    CASPFIN_D          0.000      0.000    999.000    999.000
    DASPFIN_D          0.000      0.000    999.000    999.000
    P2                 0.000      0.000    999.000    999.000
    P3                 0.000      0.000    999.000    999.000
    P4                 0.000      0.000    999.000    999.000
    V2                 0.000      0.000    999.000    999.000
    V3                 0.000      0.000    999.000    999.000
    V4                 0.000      0.000    999.000    999.000

 Variances
    P1                70.425     13.197      5.336      0.000
    V1               127.653     28.973      4.406      0.000
    I_BFI_A6       10787.314   4503.664      2.395      0.017
    S_BFI_A6          10.944      4.572      2.394      0.017
    I_ASPFIN_D      5040.230   4378.733      1.151      0.250
    S_ASPFIN_D         4.887      4.109      1.189      0.234

 Residual Variances
    ABFI_A6            0.000      0.000    999.000    999.000
    BBFI_A6            0.000      0.000    999.000    999.000
    CBFI_A6            0.000      0.000    999.000    999.000
    DBFI_A6            0.000      0.000    999.000    999.000
    AASPFIN_D          0.000      0.000    999.000    999.000
    BASPFIN_D          0.000      0.000    999.000    999.000
    CASPFIN_D          0.000      0.000    999.000    999.000
    DASPFIN_D          0.000      0.000    999.000    999.000
    P2                46.581      9.303      5.007      0.000
    P3                46.581      9.303      5.007      0.000
    P4                46.581      9.303      5.007      0.000
    V2               140.196     24.387      5.749      0.000
    V3               140.196     24.387      5.749      0.000
    V4               140.196     24.387      5.749      0.000


QUALITY OF NUMERICAL RESULTS

     Condition Number for the Information Matrix              0.450E-08
       (ratio of smallest to largest eigenvalue)


     Beginning Time:  19:16:54
        Ending Time:  19:17:10
       Elapsed Time:  00:00:16



MUTHEN & MUTHEN
3463 Stoner Ave.
Los Angeles, CA  90066

Tel: (310) 391-9971
Fax: (310) 391-8971
Web: www.StatModel.com
Support: Support@StatModel.com

Copyright (c) 1998-2017 Muthen & Muthen
