Mplus VERSION 6.12
MUTHEN & MUTHEN
03/09/2016   6:36 PM

INPUT INSTRUCTIONS


  title: PxVx Univariate - Col Lin BFI_C with Lin MVS_mc;
  data: file = E:\Projects\lnt_pxvx\Data\LT_227.txt;



  variable:
  names =
  subjid
  Sample
  aGENDER
  aAGE
  aethnic1
  aethnic2
  aedu_mom
  aedu_dad
  aEDUCATN
  bEDUCATN
  cEDUCATN
  aEMPLOYD
  bEMPLOYD
  cEMPLOYD
  dEMPLOYD
  aINCOME
  bINCOME
  cINCOME
  dINCOME
  aS_SCALE
  bS_SCALE
  cS_SCALE
  dS_SCALE
  aD_SCALE
  bD_SCALE
  cD_SCALE
  dD_SCALE
  aS_COMP
  bS_COMP
  cS_COMP
  dS_COMP
  aD_COMP
  bD_COMP
  cD_COMP
  dD_COMP
  aBFI_A
  aBFI_A6
  aBFI_C
  aBFI_E
  aBFI_HP
  aBFI_N
  aBFI_O
  bBFI_A
  bBFI_A6
  bBFI_C
  bBFI_E
  bBFI_HP
  bBFI_N
  bBFI_O
  cBFI_A
  cBFI_A6
  cBFI_C
  cBFI_E
  cBFI_HP
  cBFI_N
  cBFI_O
  dBFI_A
  dBFI_A6
  dBFI_C
  dBFI_E
  dBFI_HP
  dBFI_N
  dBFI_O
  aBFA_AC
  aBFA_AP
  aBFA_CI
  aBFA_CO
  aBFA_EA
  aBFA_EE
  aBFA_N9
  aBFA_NV
  aBFA_NW
  aBFA_OI
  aBFA_OO
  aBFA_PS
  aBFA_MT
  bBFA_AC
  bBFA_AP
  bBFA_CI
  bBFA_CO
  bBFA_EA
  bBFA_EE
  bBFA_N9
  bBFA_NV
  bBFA_NW
  bBFA_OI
  bBFA_OO
  bBFA_MT
  bBFA_PS
  cBFA_AC
  cBFA_AP
  cBFA_CI
  cBFA_CO
  cBFA_EA
  cBFA_EE
  cBFA_N9
  cBFA_NV
  cBFA_NW
  cBFA_OI
  cBFA_OO
  cBFA_MT
  cBFA_PS
  dBFA_AC
  dBFA_AP
  dBFA_CI
  dBFA_CO
  dBFA_EA
  dBFA_EE
  dBFA_N9
  dBFA_NV
  dBFA_NW
  dBFA_OI
  dBFA_OO
  dBFA_MT
  dBFA_PS
  aUSI
  bUSI
  cUSI
  dUSI
  aHRZ_IND
  bHRZ_IND
  cHRZ_IND
  dHRZ_IND
  aVRT_IND
  bVRT_IND
  cVRT_IND
  dVRT_IND
  aHRZ_COL
  bHRZ_COL
  cHRZ_COL
  dHRZ_COL
  aVRT_COL
  bVRT_COL
  cVRT_COL
  dVRT_COL
  aCOLLCTV
  bCOLLCTV
  cCOLLCTV
  dCOLLCTV
  aMVS
  bMVS
  cMVS
  dMVS
  aST
  bST
  cST
  dST
  aSD
  bSD
  cSD
  dSD
  aMVS_mc
  bMVS_mc
  cMVS_mc
  dMVS_mc
  aST_mc
  bST_mc
  cST_mc
  dST_mc
  aSD_mc
  bSD_mc
  cSD_mc
  dSD_mc
  bMEANING
  cMEANING
  dMEANING
  bMEAN_L
  cMEAN_L
  dMEAN_L
  bMEANNGc
  cMEANNGc
  dMEANNGc
  bMEANGlc
  cMEANGlc
  dMEANGlc
  bCLASSIC
  cCLASSIC
  dCLASSIC
  bCLASSCc
  cCLASSCc
  dCLASSCc
  bAGR_VAL
  cAGR_VAL
  dAGR_VAL
  bOPN_VAL
  cOPN_VAL
  dOPN_VAL
  bAGR_VLc
  cAGR_VLc
  dAGR_VLc
  bOPNVALc
  cOPNVALc
  dOPNVALc
  aMV_pomp
  bMV_pomp
  cMV_pomp
  dMV_pomp
  aST_pomp
  bST_pomp
  cST_pomp
  dST_pomp
  aSD_pomp
  bSD_pomp
  cSD_pomp
  dSD_pomp
  agoal_ec
  bgoal_ec
  cgoal_ec
  dgoal_ec
  aAspfinc
  bAspfinc
  cAspfinc
  dAspfinc
  abfi_hp8
  bbfi_hp8
  cbfi_hp8
  dbfi_hp8
  aP_S_BFI
  aP_D_BFI
  aECgoalc
  bECgoalC
  cECgoalC
  dECgoalC
  aaspfin
  baspfin
  caspfin
  daspfin;

  USEVARIABLES =
  aBFI_C
  bBFI_C
  cBFI_C
  dBFI_C
  aMVS_mc
  bMVS_mc
  cMVS_mc
  dMVS_mc
  bage_c
  cage_c
  dage_c
  ;

  missing = all (-9999);

  USEOBSERVATIONS are Sample == 2; ! College Sample

  tscores = bage_c cage_c dage_c;

  DEFINE:
  bage_c = aAGE + 1 - 20.5;
  cage_c = aAGE + 2 - 20.5;
  dage_c = aAGE + 3 - 20.5;

  ANALYSIS:
  TYPE=RANDOM;
  PROCESSORS = 8;

  MODEL:

  i_BFI_C s_BFI_C | bBFI_C cBFI_C dBFI_C AT bage_c cage_c dage_c;
  i_MVS_mc s_MVS_mc | bMVS_mc cMVS_mc dMVS_mc AT bage_c cage_c dage_c;


  !After Bollen and Curran initial observation is not part of LGM

  dBFI_C on cBFI_C (a); ! Autoregressive paths constrained to equality
  cBFI_C on bBFI_C (a);
  bBFI_C on aBFI_C (a);

  dMVS_mc on cMVS_mc (b); ! Autoregressive paths constrained to equality
  cMVS_mc on bMVS_mc (b);
  bMVS_mc on aMVS_mc (b);

  bBFI_C cBFI_C dBFI_C (c); !Equality constraint on residuals
  bMVS_mc cMVS_mc dMVS_mc (d); !Equality constraint on residuals

  dMVS_mc on cBFI_C (x); ! Cross-lagged paths constrained to equality
  cMVS_mc on bBFI_C (x);
  bMVS_mc on aBFI_C (x);

  dBFI_C on cMVS_mc (y); ! Cross-lagged paths constrained to equality
  cBFI_C on bMVS_mc (y);
  bBFI_C on aMVS_mc (y);

  dMVS_mc with dBFI_C (w); ! within-wave correlations constrained to equality
  cMVS_mc with cBFI_C (w);
  bMVS_mc with bBFI_C (w);

  aBFI_C aMVS_mc i_BFI_C i_MVS_mc
  s_BFI_C
  s_MVS_mc
  with
  s_BFI_C
  s_MVS_mc
  aBFI_C aMVS_mc i_BFI_C i_MVS_mc;



  OUTPUT: SAMPSTAT PATTERNS;



*** WARNING
  Data set contains cases with missing on all variables.
  These cases were not included in the analysis.
  Number of cases with missing on all variables:  1
   1 WARNING(S) FOUND IN THE INPUT INSTRUCTIONS



PxVx Univariate - Col Lin BFI_C with Lin MVS_mc;

SUMMARY OF ANALYSIS

Number of groups                                                 1
Number of observations                                         279

Number of dependent variables                                    6
Number of independent variables                                  2
Number of continuous latent variables                            4

Observed dependent variables

  Continuous
   BBFI_C      CBFI_C      DBFI_C      BMVS_MC     CMVS_MC     DMVS_MC

Observed independent variables
   ABFI_C      AMVS_MC

Continuous latent variables
   I_BFI_C     S_BFI_C     I_MVS_MC    S_MVS_MC

Variables with special functions

  Time scores
   BAGE_C      CAGE_C      DAGE_C


Estimator                                                      MLR
Information matrix                                        OBSERVED
Maximum number of iterations                                   100
Convergence criterion                                    0.100D-05
Maximum number of EM iterations                                500
Convergence criteria for the EM algorithm
  Loglikelihood change                                   0.100D-02
  Relative loglikelihood change                          0.100D-05
  Derivative                                             0.100D-03
Minimum variance                                         0.100D-03
Maximum number of steepest descent iterations                   20
Maximum number of iterations for H1                           2000
Convergence criterion for H1                             0.100D-03
Optimization algorithm                                         EMA

Input data file(s)
  E:\Projects\lnt_pxvx\Data\LT_227.txt
Input data format  FREE


SUMMARY OF DATA

     Number of missing data patterns            14


SUMMARY OF MISSING DATA PATTERNS


     MISSING DATA PATTERNS (x = not missing)

           1  2  3  4  5  6  7  8  9 10 11 12 13 14
 BBFI_C    x  x     x        x  x     x  x        x
 CBFI_C    x  x  x                 x  x     x     x
 DBFI_C    x     x        x  x  x  x  x  x        x
 BMVS_MC   x  x     x           x     x  x
 CMVS_MC   x  x  x                 x  x     x     x
 DMVS_MC   x              x  x  x  x              x
 ABFI_C    x  x  x  x  x  x  x  x  x  x  x  x  x  x
 AMVS_MC   x  x  x  x  x  x  x  x  x  x  x  x     x


     MISSING DATA PATTERN FREQUENCIES

    Pattern   Frequency     Pattern   Frequency     Pattern   Frequency
          1         140           6          11          11           1
          2          10           7           1          12           4
          3           1           8          16          13           1
          4          28           9          10          14           1
          5          53          10           2


COVARIANCE COVERAGE OF DATA

Minimum covariance coverage value   0.100


     PROPORTION OF DATA PRESENT


           Covariance Coverage
              BBFI_C        CBFI_C        DBFI_C        BMVS_MC       CMVS_MC
              ________      ________      ________      ________      ________
 BBFI_C         0.713
 CBFI_C         0.548         0.602
 DBFI_C         0.577         0.552         0.656
 BMVS_MC        0.706         0.545         0.570         0.706
 CMVS_MC        0.548         0.602         0.552         0.545         0.602
 DMVS_MC        0.566         0.541         0.642         0.559         0.541
 ABFI_C         0.713         0.602         0.656         0.706         0.602
 AMVS_MC        0.713         0.602         0.656         0.706         0.602


           Covariance Coverage
              DMVS_MC       ABFI_C        AMVS_MC
              ________      ________      ________
 DMVS_MC        0.642
 ABFI_C         0.642         1.000
 AMVS_MC        0.642         0.996         0.996


SAMPLE STATISTICS


     ESTIMATED SAMPLE STATISTICS


           Means
              BBFI_C        CBFI_C        DBFI_C        BMVS_MC       CMVS_MC
              ________      ________      ________      ________      ________
 1             66.189        65.583        67.228         3.333         3.346


           Means
              DMVS_MC       ABFI_C        AMVS_MC
              ________      ________      ________
 1              3.347        65.096         3.298


           Covariances
              BBFI_C        CBFI_C        DBFI_C        BMVS_MC       CMVS_MC
              ________      ________      ________      ________      ________
 BBFI_C       256.207
 CBFI_C       207.645       271.197
 DBFI_C       200.582       220.529       264.133
 BMVS_MC       -0.302         0.246        -0.199         0.532
 CMVS_MC        0.890         0.819         0.591         0.370         0.420
 DMVS_MC        0.108         0.296        -0.280         0.334         0.306
 ABFI_C       189.163       179.884       178.849        -0.620         0.299
 AMVS_MC       -0.293         0.317         0.021         0.405         0.333


           Covariances
              DMVS_MC       ABFI_C        AMVS_MC
              ________      ________      ________
 DMVS_MC        0.384
 ABFI_C         0.050       250.018
 AMVS_MC        0.321        -0.751         0.490


           Correlations
              BBFI_C        CBFI_C        DBFI_C        BMVS_MC       CMVS_MC
              ________      ________      ________      ________      ________
 BBFI_C         1.000
 CBFI_C         0.788         1.000
 DBFI_C         0.771         0.824         1.000
 BMVS_MC       -0.026         0.020        -0.017         1.000
 CMVS_MC        0.086         0.077         0.056         0.783         1.000
 DMVS_MC        0.011         0.029        -0.028         0.740         0.763
 ABFI_C         0.747         0.691         0.696        -0.054         0.029
 AMVS_MC       -0.026         0.027         0.002         0.792         0.734


           Correlations
              DMVS_MC       ABFI_C        AMVS_MC
              ________      ________      ________
 DMVS_MC        1.000
 ABFI_C         0.005         1.000
 AMVS_MC        0.740        -0.068         1.000


     MAXIMUM LOG-LIKELIHOOD VALUE FOR THE UNRESTRICTED (H1) MODEL IS -3763.207

     THE MODEL ESTIMATION DID NOT TERMINATE NORMALLY DUE TO AN ILL-CONDITIONED
     FISHER INFORMATION MATRIX.  CHANGE YOUR MODEL AND/OR STARTING VALUES.

     THE MODEL ESTIMATION DID NOT TERMINATE NORMALLY DUE TO A NON-POSITIVE
     DEFINITE FISHER INFORMATION MATRIX.  THIS MAY BE DUE TO THE STARTING VALUES
     BUT MAY ALSO BE AN INDICATION OF MODEL NONIDENTIFICATION.  THE CONDITION
     NUMBER IS       0.201D-10.

     THE STANDARD ERRORS OF THE MODEL PARAMETER ESTIMATES COULD NOT BE
     COMPUTED.  THIS IS OFTEN DUE TO THE STARTING VALUES BUT MAY ALSO BE
     AN INDICATION OF MODEL NONIDENTIFICATION.  CHANGE YOUR MODEL AND/OR
     STARTING VALUES.  PROBLEM INVOLVING PARAMETER 28.


     RESULTS ARE PRESENTED FOR THE MLF ESTIMATOR.


THE MODEL ESTIMATION TERMINATED NORMALLY



MODEL FIT INFORMATION

Number of Free Parameters                       34

Loglikelihood

          H0 Value                       -3768.037

Information Criteria

          Akaike (AIC)                    7604.074
          Bayesian (BIC)                  7727.535
          Sample-Size Adjusted BIC        7619.724
            (n* = (n + 2) / 24)



MODEL RESULTS

                                                    Two-Tailed
                    Estimate       S.E.  Est./S.E.    P-Value

 DBFI_C     ON
    CBFI_C             0.175      0.097      1.800      0.072
    CMVS_MC           -0.008      2.749     -0.003      0.998

 CBFI_C     ON
    BBFI_C             0.175      0.097      1.800      0.072
    BMVS_MC           -0.008      2.749     -0.003      0.998

 BBFI_C     ON
    ABFI_C             0.175      0.097      1.800      0.072
    AMVS_MC           -0.008      2.749     -0.003      0.998

 DMVS_MC    ON
    CMVS_MC            0.172      0.097      1.778      0.075
    CBFI_C             0.001      0.005      0.269      0.788

 CMVS_MC    ON
    BMVS_MC            0.172      0.097      1.778      0.075
    BBFI_C             0.001      0.005      0.269      0.788

 BMVS_MC    ON
    AMVS_MC            0.172      0.097      1.778      0.075
    ABFI_C             0.001      0.005      0.269      0.788

 S_BFI_C  WITH
    I_BFI_C           -7.677     12.384     -0.620      0.535

 I_MVS_MC WITH
    I_BFI_C            0.354      2.169      0.163      0.870
    S_BFI_C           -0.040      0.411     -0.098      0.922

 S_MVS_MC WITH
    I_BFI_C           -0.006      0.426     -0.013      0.989
    S_BFI_C           -0.049      0.145     -0.339      0.735
    I_MVS_MC          -0.032      0.024     -1.295      0.195

 ABFI_C   WITH
    I_BFI_C          135.890     35.635      3.813      0.000
    S_BFI_C            5.499      8.468      0.649      0.516
    I_MVS_MC          -0.638      1.524     -0.419      0.675
    S_MVS_MC           0.159      0.299      0.534      0.593

 AMVS_MC  WITH
    I_BFI_C            0.024      1.728      0.014      0.989
    S_BFI_C            0.003      0.355      0.008      0.993
    I_MVS_MC           0.323      0.077      4.190      0.000
    S_MVS_MC          -0.018      0.016     -1.118      0.264

 DMVS_MC  WITH
    DBFI_C            -0.188      0.313     -0.600      0.548

 CMVS_MC  WITH
    CBFI_C            -0.188      0.313     -0.600      0.548

 BMVS_MC  WITH
    BBFI_C            -0.188      0.313     -0.600      0.548

 AMVS_MC  WITH
    ABFI_C            -0.751      0.700     -1.072      0.284

 Means
    ABFI_C            65.096      1.051     61.951      0.000
    AMVS_MC            3.298      0.045     72.965      0.000
    I_BFI_C           54.184     10.977      4.936      0.000
    S_BFI_C            0.379      0.469      0.807      0.419
    I_MVS_MC           2.683      0.429      6.254      0.000
    S_MVS_MC           0.002      0.018      0.129      0.898

 Intercepts
    BBFI_C             0.000      0.000    999.000    999.000
    CBFI_C             0.000      0.000    999.000    999.000
    DBFI_C             0.000      0.000    999.000    999.000
    BMVS_MC            0.000      0.000    999.000    999.000
    CMVS_MC            0.000      0.000    999.000    999.000
    DMVS_MC            0.000      0.000    999.000    999.000

 Variances
    ABFI_C           250.018     24.250     10.310      0.000
    AMVS_MC            0.490      0.057      8.551      0.000
    I_BFI_C          148.349     58.376      2.541      0.011
    S_BFI_C            4.996      5.091      0.981      0.326
    I_MVS_MC           0.326      0.119      2.734      0.006
    S_MVS_MC           0.006      0.008      0.719      0.472

 Residual Variances
    BBFI_C            56.021      8.295      6.754      0.000
    CBFI_C            56.021      8.295      6.754      0.000
    DBFI_C            56.021      8.295      6.754      0.000
    BMVS_MC            0.114      0.015      7.786      0.000
    CMVS_MC            0.114      0.015      7.786      0.000
    DMVS_MC            0.114      0.015      7.786      0.000


QUALITY OF NUMERICAL RESULTS

     Condition Number for the Information Matrix              0.576E-09
       (ratio of smallest to largest eigenvalue)


TECHNICAL 1 OUTPUT


     PARAMETER SPECIFICATION


           NU
              BBFI_C        CBFI_C        DBFI_C        BMVS_MC       CMVS_MC
              ________      ________      ________      ________      ________
 1                  0             0             0             0             0


           NU
              DMVS_MC       ABFI_C        AMVS_MC
              ________      ________      ________
 1                  0             0             0


           LAMBDA
              I_BFI_C       S_BFI_C       I_MVS_MC      S_MVS_MC      BBFI_C
              ________      ________      ________      ________      ________
 BBFI_C             0             0             0             0             0
 CBFI_C             0             0             0             0             0
 DBFI_C             0             0             0             0             0
 BMVS_MC            0             0             0             0             0
 CMVS_MC            0             0             0             0             0
 DMVS_MC            0             0             0             0             0
 ABFI_C             0             0             0             0             0
 AMVS_MC            0             0             0             0             0


           LAMBDA
              CBFI_C        DBFI_C        BMVS_MC       CMVS_MC       DMVS_MC
              ________      ________      ________      ________      ________
 BBFI_C             0             0             0             0             0
 CBFI_C             0             0             0             0             0
 DBFI_C             0             0             0             0             0
 BMVS_MC            0             0             0             0             0
 CMVS_MC            0             0             0             0             0
 DMVS_MC            0             0             0             0             0
 ABFI_C             0             0             0             0             0
 AMVS_MC            0             0             0             0             0


           LAMBDA
              ABFI_C        AMVS_MC
              ________      ________
 BBFI_C             0             0
 CBFI_C             0             0
 DBFI_C             0             0
 BMVS_MC            0             0
 CMVS_MC            0             0
 DMVS_MC            0             0
 ABFI_C             0             0
 AMVS_MC            0             0


           THETA
              BBFI_C        CBFI_C        DBFI_C        BMVS_MC       CMVS_MC
              ________      ________      ________      ________      ________
 BBFI_C             0
 CBFI_C             0             0
 DBFI_C             0             0             0
 BMVS_MC            0             0             0             0
 CMVS_MC            0             0             0             0             0
 DMVS_MC            0             0             0             0             0
 ABFI_C             0             0             0             0             0
 AMVS_MC            0             0             0             0             0


           THETA
              DMVS_MC       ABFI_C        AMVS_MC
              ________      ________      ________
 DMVS_MC            0
 ABFI_C             0             0
 AMVS_MC            0             0             0


           ALPHA
              I_BFI_C       S_BFI_C       I_MVS_MC      S_MVS_MC      BBFI_C
              ________      ________      ________      ________      ________
 1                  1             2             3             4             0


           ALPHA
              CBFI_C        DBFI_C        BMVS_MC       CMVS_MC       DMVS_MC
              ________      ________      ________      ________      ________
 1                  0             0             0             0             0


           ALPHA
              ABFI_C        AMVS_MC
              ________      ________
 1                  5             6


           BETA
              I_BFI_C       S_BFI_C       I_MVS_MC      S_MVS_MC      BBFI_C
              ________      ________      ________      ________      ________
 I_BFI_C            0             0             0             0             0
 S_BFI_C            0             0             0             0             0
 I_MVS_MC           0             0             0             0             0
 S_MVS_MC           0             0             0             0             0
 BBFI_C             0             0             0             0             0
 CBFI_C             0             0             0             0             7
 DBFI_C             0             0             0             0             0
 BMVS_MC            0             0             0             0             0
 CMVS_MC            0             0             0             0             9
 DMVS_MC            0             0             0             0             0
 ABFI_C             0             0             0             0             0
 AMVS_MC            0             0             0             0             0


           BETA
              CBFI_C        DBFI_C        BMVS_MC       CMVS_MC       DMVS_MC
              ________      ________      ________      ________      ________
 I_BFI_C            0             0             0             0             0
 S_BFI_C            0             0             0             0             0
 I_MVS_MC           0             0             0             0             0
 S_MVS_MC           0             0             0             0             0
 BBFI_C             0             0             0             0             0
 CBFI_C             0             0             8             0             0
 DBFI_C             7             0             0             8             0
 BMVS_MC            0             0             0             0             0
 CMVS_MC            0             0            10             0             0
 DMVS_MC            9             0             0            10             0
 ABFI_C             0             0             0             0             0
 AMVS_MC            0             0             0             0             0


           BETA
              ABFI_C        AMVS_MC
              ________      ________
 I_BFI_C            0             0
 S_BFI_C            0             0
 I_MVS_MC           0             0
 S_MVS_MC           0             0
 BBFI_C             7             8
 CBFI_C             0             0
 DBFI_C             0             0
 BMVS_MC            9            10
 CMVS_MC            0             0
 DMVS_MC            0             0
 ABFI_C             0             0
 AMVS_MC            0             0


           PSI
              I_BFI_C       S_BFI_C       I_MVS_MC      S_MVS_MC      BBFI_C
              ________      ________      ________      ________      ________
 I_BFI_C           11
 S_BFI_C           12            13
 I_MVS_MC          14            15            16
 S_MVS_MC          17            18            19            20
 BBFI_C             0             0             0             0            21
 CBFI_C             0             0             0             0             0
 DBFI_C             0             0             0             0             0
 BMVS_MC            0             0             0             0            22
 CMVS_MC            0             0             0             0             0
 DMVS_MC            0             0             0             0             0
 ABFI_C            24            25            26            27             0
 AMVS_MC           29            30            31            32             0


           PSI
              CBFI_C        DBFI_C        BMVS_MC       CMVS_MC       DMVS_MC
              ________      ________      ________      ________      ________
 CBFI_C            21
 DBFI_C             0            21
 BMVS_MC            0             0            23
 CMVS_MC           22             0             0            23
 DMVS_MC            0            22             0             0            23
 ABFI_C             0             0             0             0             0
 AMVS_MC            0             0             0             0             0


           PSI
              ABFI_C        AMVS_MC
              ________      ________
 ABFI_C            28
 AMVS_MC           33            34


     STARTING VALUES


           NU
              BBFI_C        CBFI_C        DBFI_C        BMVS_MC       CMVS_MC
              ________      ________      ________      ________      ________
 1              0.000         0.000         0.000         0.000         0.000


           NU
              DMVS_MC       ABFI_C        AMVS_MC
              ________      ________      ________
 1              0.000         0.000         0.000


           LAMBDA
              I_BFI_C       S_BFI_C       I_MVS_MC      S_MVS_MC      BBFI_C
              ________      ________      ________      ________      ________
 BBFI_C         0.000         0.000         0.000         0.000         1.000
 CBFI_C         0.000         0.000         0.000         0.000         0.000
 DBFI_C         0.000         0.000         0.000         0.000         0.000
 BMVS_MC        0.000         0.000         0.000         0.000         0.000
 CMVS_MC        0.000         0.000         0.000         0.000         0.000
 DMVS_MC        0.000         0.000         0.000         0.000         0.000
 ABFI_C         0.000         0.000         0.000         0.000         0.000
 AMVS_MC        0.000         0.000         0.000         0.000         0.000


           LAMBDA
              CBFI_C        DBFI_C        BMVS_MC       CMVS_MC       DMVS_MC
              ________      ________      ________      ________      ________
 BBFI_C         0.000         0.000         0.000         0.000         0.000
 CBFI_C         1.000         0.000         0.000         0.000         0.000
 DBFI_C         0.000         1.000         0.000         0.000         0.000
 BMVS_MC        0.000         0.000         1.000         0.000         0.000
 CMVS_MC        0.000         0.000         0.000         1.000         0.000
 DMVS_MC        0.000         0.000         0.000         0.000         1.000
 ABFI_C         0.000         0.000         0.000         0.000         0.000
 AMVS_MC        0.000         0.000         0.000         0.000         0.000


           LAMBDA
              ABFI_C        AMVS_MC
              ________      ________
 BBFI_C         0.000         0.000
 CBFI_C         0.000         0.000
 DBFI_C         0.000         0.000
 BMVS_MC        0.000         0.000
 CMVS_MC        0.000         0.000
 DMVS_MC        0.000         0.000
 ABFI_C         1.000         0.000
 AMVS_MC        0.000         1.000


           THETA
              BBFI_C        CBFI_C        DBFI_C        BMVS_MC       CMVS_MC
              ________      ________      ________      ________      ________
 BBFI_C         0.000
 CBFI_C         0.000         0.000
 DBFI_C         0.000         0.000         0.000
 BMVS_MC        0.000         0.000         0.000         0.000
 CMVS_MC        0.000         0.000         0.000         0.000         0.000
 DMVS_MC        0.000         0.000         0.000         0.000         0.000
 ABFI_C         0.000         0.000         0.000         0.000         0.000
 AMVS_MC        0.000         0.000         0.000         0.000         0.000


           THETA
              DMVS_MC       ABFI_C        AMVS_MC
              ________      ________      ________
 DMVS_MC        0.000
 ABFI_C         0.000         0.000
 AMVS_MC        0.000         0.000         0.000


           ALPHA
              I_BFI_C       S_BFI_C       I_MVS_MC      S_MVS_MC      BBFI_C
              ________      ________      ________      ________      ________
 1             65.884         1.333         3.350        -0.006         0.000


           ALPHA
              CBFI_C        DBFI_C        BMVS_MC       CMVS_MC       DMVS_MC
              ________      ________      ________      ________      ________
 1              0.000         0.000         0.000         0.000         0.000


           ALPHA
              ABFI_C        AMVS_MC
              ________      ________
 1             65.096         3.298


           BETA
              I_BFI_C       S_BFI_C       I_MVS_MC      S_MVS_MC      BBFI_C
              ________      ________      ________      ________      ________
 I_BFI_C        0.000         0.000         0.000         0.000         0.000
 S_BFI_C        0.000         0.000         0.000         0.000         0.000
 I_MVS_MC       0.000         0.000         0.000         0.000         0.000
 S_MVS_MC       0.000         0.000         0.000         0.000         0.000
 BBFI_C         0.000         0.000         0.000         0.000         0.000
 CBFI_C         0.000         0.000         0.000         0.000         0.000
 DBFI_C         0.000         0.000         0.000         0.000         0.000
 BMVS_MC        0.000         0.000         0.000         0.000         0.000
 CMVS_MC        0.000         0.000         0.000         0.000         0.000
 DMVS_MC        0.000         0.000         0.000         0.000         0.000
 ABFI_C         0.000         0.000         0.000         0.000         0.000
 AMVS_MC        0.000         0.000         0.000         0.000         0.000


           BETA
              CBFI_C        DBFI_C        BMVS_MC       CMVS_MC       DMVS_MC
              ________      ________      ________      ________      ________
 I_BFI_C        0.000         0.000         0.000         0.000         0.000
 S_BFI_C        0.000         0.000         0.000         0.000         0.000
 I_MVS_MC       0.000         0.000         0.000         0.000         0.000
 S_MVS_MC       0.000         0.000         0.000         0.000         0.000
 BBFI_C         0.000         0.000         0.000         0.000         0.000
 CBFI_C         0.000         0.000         0.000         0.000         0.000
 DBFI_C         0.000         0.000         0.000         0.000         0.000
 BMVS_MC        0.000         0.000         0.000         0.000         0.000
 CMVS_MC        0.000         0.000         0.000         0.000         0.000
 DMVS_MC        0.000         0.000         0.000         0.000         0.000
 ABFI_C         0.000         0.000         0.000         0.000         0.000
 AMVS_MC        0.000         0.000         0.000         0.000         0.000


           BETA
              ABFI_C        AMVS_MC
              ________      ________
 I_BFI_C        0.000         0.000
 S_BFI_C        0.000         0.000
 I_MVS_MC       0.000         0.000
 S_MVS_MC       0.000         0.000
 BBFI_C         0.000         0.000
 CBFI_C         0.000         0.000
 DBFI_C         0.000         0.000
 BMVS_MC        0.000         0.000
 CMVS_MC        0.000         0.000
 DMVS_MC        0.000         0.000
 ABFI_C         0.000         0.000
 AMVS_MC        0.000         0.000


           PSI
              I_BFI_C       S_BFI_C       I_MVS_MC      S_MVS_MC      BBFI_C
              ________      ________      ________      ________      ________
 I_BFI_C      331.007
 S_BFI_C        0.000        36.204
 I_MVS_MC       0.000         0.000         0.688
 S_MVS_MC       0.000         0.000         0.000         0.079
 BBFI_C         0.000         0.000         0.000         0.000       129.965
 CBFI_C         0.000         0.000         0.000         0.000         0.000
 DBFI_C         0.000         0.000         0.000         0.000         0.000
 BMVS_MC        0.000         0.000         0.000         0.000         0.000
 CMVS_MC        0.000         0.000         0.000         0.000         0.000
 DMVS_MC        0.000         0.000         0.000         0.000         0.000
 ABFI_C         0.000         0.000         0.000         0.000         0.000
 AMVS_MC        0.000         0.000         0.000         0.000         0.000


           PSI
              CBFI_C        DBFI_C        BMVS_MC       CMVS_MC       DMVS_MC
              ________      ________      ________      ________      ________
 CBFI_C       136.350
 DBFI_C         0.000       132.863
 BMVS_MC        0.000         0.000         0.274
 CMVS_MC        0.000         0.000         0.000         0.207
 DMVS_MC        0.000         0.000         0.000         0.000         0.189
 ABFI_C         0.000         0.000         0.000         0.000         0.000
 AMVS_MC        0.000         0.000         0.000         0.000         0.000


           PSI
              ABFI_C        AMVS_MC
              ________      ________
 ABFI_C       125.459
 AMVS_MC        0.000         0.246


     Beginning Time:  18:36:47
        Ending Time:  18:36:49
       Elapsed Time:  00:00:02



MUTHEN & MUTHEN
3463 Stoner Ave.
Los Angeles, CA  90066

Tel: (310) 391-9971
Fax: (310) 391-8971
Web: www.StatModel.com
Support: Support@StatModel.com

Copyright (c) 1998-2011 Muthen & Muthen
