Mplus VERSION 6.12
MUTHEN & MUTHEN
03/21/2016  11:53 AM

INPUT INSTRUCTIONS


  title: PxVx Univariate - Col Lin BFI_N with MeanOnly VRT_IND;
  data: file = E:\Projects\lnt_pxvx\Data\LT_227.txt;



  variable:
  names =
  subjid
  Sample
  aGENDER
  aAGE
  aethnic1
  aethnic2
  aedu_mom
  aedu_dad
  aEDUCATN
  bEDUCATN
  cEDUCATN
  aEMPLOYD
  bEMPLOYD
  cEMPLOYD
  dEMPLOYD
  aINCOME
  bINCOME
  cINCOME
  dINCOME
  aS_SCALE
  bS_SCALE
  cS_SCALE
  dS_SCALE
  aD_SCALE
  bD_SCALE
  cD_SCALE
  dD_SCALE
  aS_COMP
  bS_COMP
  cS_COMP
  dS_COMP
  aD_COMP
  bD_COMP
  cD_COMP
  dD_COMP
  aBFI_A
  aBFI_A6
  aBFI_C
  aBFI_E
  aBFI_HP
  aBFI_N
  aBFI_O
  bBFI_A
  bBFI_A6
  bBFI_C
  bBFI_E
  bBFI_HP
  bBFI_N
  bBFI_O
  cBFI_A
  cBFI_A6
  cBFI_C
  cBFI_E
  cBFI_HP
  cBFI_N
  cBFI_O
  dBFI_A
  dBFI_A6
  dBFI_C
  dBFI_E
  dBFI_HP
  dBFI_N
  dBFI_O
  aBFA_AC
  aBFA_AP
  aBFA_CI
  aBFA_CO
  aBFA_EA
  aBFA_EE
  aBFA_N9
  aBFA_NV
  aBFA_NW
  aBFA_OI
  aBFA_OO
  aBFA_PS
  aBFA_MT
  bBFA_AC
  bBFA_AP
  bBFA_CI
  bBFA_CO
  bBFA_EA
  bBFA_EE
  bBFA_N9
  bBFA_NV
  bBFA_NW
  bBFA_OI
  bBFA_OO
  bBFA_MT
  bBFA_PS
  cBFA_AC
  cBFA_AP
  cBFA_CI
  cBFA_CO
  cBFA_EA
  cBFA_EE
  cBFA_N9
  cBFA_NV
  cBFA_NW
  cBFA_OI
  cBFA_OO
  cBFA_MT
  cBFA_PS
  dBFA_AC
  dBFA_AP
  dBFA_CI
  dBFA_CO
  dBFA_EA
  dBFA_EE
  dBFA_N9
  dBFA_NV
  dBFA_NW
  dBFA_OI
  dBFA_OO
  dBFA_MT
  dBFA_PS
  aUSI
  bUSI
  cUSI
  dUSI
  aHRZ_IND
  bHRZ_IND
  cHRZ_IND
  dHRZ_IND
  aVRT_IND
  bVRT_IND
  cVRT_IND
  dVRT_IND
  aHRZ_COL
  bHRZ_COL
  cHRZ_COL
  dHRZ_COL
  aVRT_COL
  bVRT_COL
  cVRT_COL
  dVRT_COL
  aCOLLCTV
  bCOLLCTV
  cCOLLCTV
  dCOLLCTV
  aMVS
  bMVS
  cMVS
  dMVS
  aST
  bST
  cST
  dST
  aSD
  bSD
  cSD
  dSD
  aMVS_mc
  bMVS_mc
  cMVS_mc
  dMVS_mc
  aST_mc
  bST_mc
  cST_mc
  dST_mc
  aSD_mc
  bSD_mc
  cSD_mc
  dSD_mc
  bMEANING
  cMEANING
  dMEANING
  bMEAN_L
  cMEAN_L
  dMEAN_L
  bMEANNGc
  cMEANNGc
  dMEANNGc
  bMEANGlc
  cMEANGlc
  dMEANGlc
  bCLASSIC
  cCLASSIC
  dCLASSIC
  bCLASSCc
  cCLASSCc
  dCLASSCc
  bAGR_VAL
  cAGR_VAL
  dAGR_VAL
  bOPN_VAL
  cOPN_VAL
  dOPN_VAL
  bAGR_VLc
  cAGR_VLc
  dAGR_VLc
  bOPNVALc
  cOPNVALc
  dOPNVALc
  aMV_pomp
  bMV_pomp
  cMV_pomp
  dMV_pomp
  aST_pomp
  bST_pomp
  cST_pomp
  dST_pomp
  aSD_pomp
  bSD_pomp
  cSD_pomp
  dSD_pomp
  agoal_ec
  bgoal_ec
  cgoal_ec
  dgoal_ec
  aAspfinc
  bAspfinc
  cAspfinc
  dAspfinc
  abfi_hp8
  bbfi_hp8
  cbfi_hp8
  dbfi_hp8
  aP_S_BFI
  aP_D_BFI
  aECgoalc
  bECgoalC
  cECgoalC
  dECgoalC
  aaspfin
  baspfin
  caspfin
  daspfin
  aMVI_POMP
  bMVI_POMP
  cMVI_POMP
  dMVI_POMP;

  USEVARIABLES =
  aBFI_N
  bBFI_N
  cBFI_N
  dBFI_N
  aVRT_IND
  bVRT_IND
  cVRT_IND
  dVRT_IND
  bage_c
  cage_c
  dage_c
  ;

  missing = all (-9999);

  USEOBSERVATIONS are Sample == 2; ! College Sample

  tscores = bage_c cage_c dage_c;

  DEFINE:
  bage_c = aAGE + 1 - 20.5;
  cage_c = aAGE + 2 - 20.5;
  dage_c = aAGE + 3 - 20.5;

  ANALYSIS:
  TYPE=RANDOM;
  PROCESSORS = 8;

  MODEL:

  i_BFI_N s_BFI_N | bBFI_N cBFI_N dBFI_N AT bage_c cage_c dage_c;
  i_VRT_IND s_VRT_IND | bVRT_IND cVRT_IND dVRT_IND AT bage_c cage_c dage_c;


  !After Bollen and Curran initial observation is not part of LGM

  dBFI_N on cBFI_N (a); ! Autoregressive paths constrained to equality
  cBFI_N on bBFI_N (a);
  bBFI_N on aBFI_N (a);

  dVRT_IND on cVRT_IND (b); ! Autoregressive paths constrained to equality
  cVRT_IND on bVRT_IND (b);
  bVRT_IND on aVRT_IND (b);

  bBFI_N cBFI_N dBFI_N (c); !Equality constraint on residuals
  bVRT_IND cVRT_IND dVRT_IND (d); !Equality constraint on residuals

  dVRT_IND on cBFI_N (x); ! Cross-lagged paths constrained to equality
  cVRT_IND on bBFI_N (x);
  bVRT_IND on aBFI_N (x);

  dBFI_N on cVRT_IND (y); ! Cross-lagged paths constrained to equality
  cBFI_N on bVRT_IND (y);
  bBFI_N on aVRT_IND (y);

  dVRT_IND with dBFI_N (w); ! within-wave correlations constrained to equality
  cVRT_IND with cBFI_N (w);
  bVRT_IND with bBFI_N (w);

  aBFI_N aVRT_IND i_BFI_N i_VRT_IND
  s_BFI_N
  with
  s_BFI_N
  aBFI_N aVRT_IND i_BFI_N i_VRT_IND;


  s_VRT_IND@0;

  OUTPUT: SAMPSTAT PATTERNS;



*** WARNING
  Variable name contains more than 8 characters.
  Only the first 8 characters will be printed in the output.
  Variable: AMVI_POMP
*** WARNING
  Variable name contains more than 8 characters.
  Only the first 8 characters will be printed in the output.
  Variable: BMVI_POMP
*** WARNING
  Variable name contains more than 8 characters.
  Only the first 8 characters will be printed in the output.
  Variable: CMVI_POMP
*** WARNING
  Variable name contains more than 8 characters.
  Only the first 8 characters will be printed in the output.
  Variable: DMVI_POMP
*** WARNING
  Variable name contains more than 8 characters.
  Only the first 8 characters will be printed in the output.
  Variable: I_VRT_IND
*** WARNING
  Variable name contains more than 8 characters.
  Only the first 8 characters will be printed in the output.
  Variable: S_VRT_IND
*** WARNING in MODEL command
  All continuous latent variable covariances involving S_VRT_IND have been fixed to 0
  because the variance of S_VRT_IND is fixed at 0.
*** WARNING
  Data set contains cases with missing on all variables.
  These cases were not included in the analysis.
  Number of cases with missing on all variables:  1
*** WARNING
  Data set contains cases with missing on time scores but non-missing on the
  corresponding dependent variables.  These cases were not included in the analysis.
  Number of such cases:  2
   9 WARNING(S) FOUND IN THE INPUT INSTRUCTIONS



PxVx Univariate - Col Lin BFI_N with MeanOnly VRT_IND;

SUMMARY OF ANALYSIS

Number of groups                                                 1
Number of observations                                         277

Number of dependent variables                                    6
Number of independent variables                                  2
Number of continuous latent variables                            4

Observed dependent variables

  Continuous
   BBFI_N      CBFI_N      DBFI_N      BVRT_IND    CVRT_IND    DVRT_IND

Observed independent variables
   ABFI_N      AVRT_IND

Continuous latent variables
   I_BFI_N     S_BFI_N     I_VRT_IN    S_VRT_IN

Variables with special functions

  Time scores
   BAGE_C      CAGE_C      DAGE_C


Estimator                                                      MLR
Information matrix                                        OBSERVED
Maximum number of iterations                                   100
Convergence criterion                                    0.100D-05
Maximum number of EM iterations                                500
Convergence criteria for the EM algorithm
  Loglikelihood change                                   0.100D-02
  Relative loglikelihood change                          0.100D-05
  Derivative                                             0.100D-03
Minimum variance                                         0.100D-03
Maximum number of steepest descent iterations                   20
Maximum number of iterations for H1                           2000
Convergence criterion for H1                             0.100D-03
Optimization algorithm                                         EMA

Input data file(s)
  E:\Projects\lnt_pxvx\Data\LT_227.txt
Input data format  FREE


SUMMARY OF DATA

     Number of missing data patterns            15


SUMMARY OF MISSING DATA PATTERNS


     MISSING DATA PATTERNS (x = not missing)

           1  2  3  4  5  6  7  8  9 10 11 12 13 14 15
 BBFI_N    x  x     x        x  x     x  x        x  x
 CBFI_N    x  x  x                 x  x     x        x
 DBFI_N    x     x        x  x  x  x  x  x           x
 BVRT_IND  x  x     x           x     x  x
 CVRT_IND  x  x  x                 x  x     x        x
 DVRT_IND  x              x     x  x                 x
 ABFI_N    x  x  x  x  x  x  x  x  x  x  x  x  x  x  x
 AVRT_IND  x  x  x  x  x  x  x  x  x  x  x  x     x  x


     MISSING DATA PATTERN FREQUENCIES

    Pattern   Frequency     Pattern   Frequency     Pattern   Frequency
          1         138           6          11          11           1
          2          10           7           1          12           4
          3           2           8          16          13           2
          4          26           9           9          14           2
          5          52          10           2          15           1


COVARIANCE COVERAGE OF DATA

Minimum covariance coverage value   0.100


     PROPORTION OF DATA PRESENT


           Covariance Coverage
              BBFI_N        CBFI_N        DBFI_N        BVRT_IND      CVRT_IND
              ________      ________      ________      ________      ________
 BBFI_N         0.711
 CBFI_N         0.545         0.599
 DBFI_N         0.574         0.549         0.653
 BVRT_IND       0.697         0.542         0.567         0.697
 CVRT_IND       0.545         0.599         0.549         0.542         0.599
 DVRT_IND       0.560         0.534         0.632         0.556         0.534
 ABFI_N         0.711         0.599         0.653         0.697         0.599
 AVRT_IND       0.711         0.599         0.653         0.697         0.599


           Covariance Coverage
              DVRT_IND      ABFI_N        AVRT_IND
              ________      ________      ________
 DVRT_IND       0.632
 ABFI_N         0.632         1.000
 AVRT_IND       0.632         0.993         0.993


SAMPLE STATISTICS


     ESTIMATED SAMPLE STATISTICS


           Means
              BBFI_N        CBFI_N        DBFI_N        BVRT_IND      CVRT_IND
              ________      ________      ________      ________      ________
 1             48.858        48.158        46.809        47.078        47.896


           Means
              DVRT_IND      ABFI_N        AVRT_IND
              ________      ________      ________
 1             46.941        50.100        49.302


           Covariances
              BBFI_N        CBFI_N        DBFI_N        BVRT_IND      CVRT_IND
              ________      ________      ________      ________      ________
 BBFI_N       373.433
 CBFI_N       292.312       398.955
 DBFI_N       290.233       326.224       419.486
 BVRT_IND      33.549        20.087        -0.192       383.304
 CVRT_IND      -1.376        18.581       -11.829       262.093       395.876
 DVRT_IND      46.391        54.648        49.346       246.530       271.366
 ABFI_N       265.462       266.993       281.606        24.762         8.161
 AVRT_IND      20.176        25.919        19.501       262.107       262.356


           Covariances
              DVRT_IND      ABFI_N        AVRT_IND
              ________      ________      ________
 DVRT_IND     392.119
 ABFI_N        46.782       379.813
 AVRT_IND     234.507        16.993       387.328


           Correlations
              BBFI_N        CBFI_N        DBFI_N        BVRT_IND      CVRT_IND
              ________      ________      ________      ________      ________
 BBFI_N         1.000
 CBFI_N         0.757         1.000
 DBFI_N         0.733         0.797         1.000
 BVRT_IND       0.089         0.051         0.000         1.000
 CVRT_IND      -0.004         0.047        -0.029         0.673         1.000
 DVRT_IND       0.121         0.138         0.122         0.636         0.689
 ABFI_N         0.705         0.686         0.706         0.065         0.021
 AVRT_IND       0.053         0.066         0.048         0.680         0.670


           Correlations
              DVRT_IND      ABFI_N        AVRT_IND
              ________      ________      ________
 DVRT_IND       1.000
 ABFI_N         0.121         1.000
 AVRT_IND       0.602         0.044         1.000


     MAXIMUM LOG-LIKELIHOOD VALUE FOR THE UNRESTRICTED (H1) MODEL IS -6731.832


THE MODEL ESTIMATION TERMINATED NORMALLY



MODEL FIT INFORMATION

Number of Free Parameters                       28

Loglikelihood

          H0 Value                       -6735.552
          H0 Scaling Correction Factor       1.046
            for MLR

Information Criteria

          Akaike (AIC)                   13527.104
          Bayesian (BIC)                 13628.576
          Sample-Size Adjusted BIC       13539.792
            (n* = (n + 2) / 24)



MODEL RESULTS

                                                    Two-Tailed
                    Estimate       S.E.  Est./S.E.    P-Value

 DBFI_N     ON
    CBFI_N             0.092      0.102      0.900      0.368
    CVRT_IND           0.025      0.061      0.411      0.681

 CBFI_N     ON
    BBFI_N             0.092      0.102      0.900      0.368
    BVRT_IND           0.025      0.061      0.411      0.681

 BBFI_N     ON
    ABFI_N             0.092      0.102      0.900      0.368
    AVRT_IND           0.025      0.061      0.411      0.681

 DVRT_IND   ON
    CVRT_IND           0.124      0.086      1.434      0.152
    CBFI_N             0.029      0.067      0.427      0.669

 CVRT_IND   ON
    BVRT_IND           0.124      0.086      1.434      0.152
    BBFI_N             0.029      0.067      0.427      0.669

 BVRT_IND   ON
    AVRT_IND           0.124      0.086      1.434      0.152
    ABFI_N             0.029      0.067      0.427      0.669

 S_BFI_N  WITH
    I_BFI_N          -11.353     15.297     -0.742      0.458

 I_VRT_IN WITH
    I_BFI_N           15.558     34.245      0.454      0.650
    S_BFI_N           -8.886      8.339     -1.066      0.287

 ABFI_N   WITH
    I_BFI_N          220.371     45.072      4.889      0.000
    S_BFI_N           12.415      9.269      1.339      0.180
    I_VRT_IND         15.620     27.661      0.565      0.572

 AVRT_IND WITH
    I_BFI_N            8.751     35.433      0.247      0.805
    S_BFI_N            0.148     10.298      0.014      0.989
    I_VRT_IND        215.321     34.948      6.161      0.000

 DVRT_IND WITH
    DBFI_N            19.640      7.411      2.650      0.008

 CVRT_IND WITH
    CBFI_N            19.640      7.411      2.650      0.008

 BVRT_IND WITH
    BBFI_N            19.640      7.411      2.650      0.008

 AVRT_IND WITH
    ABFI_N            17.000     24.462      0.695      0.487

 Means
    ABFI_N            50.100      1.171     42.771      0.000
    AVRT_IND          49.302      1.190     41.439      0.000
    I_BFI_N           43.720      5.141      8.504      0.000
    S_BFI_N           -0.769      0.529     -1.452      0.147
    I_VRT_IND         39.865      5.142      7.753      0.000
    S_VRT_IND          0.044      0.594      0.075      0.940

 Intercepts
    BBFI_N             0.000      0.000    999.000    999.000
    CBFI_N             0.000      0.000    999.000    999.000
    DBFI_N             0.000      0.000    999.000    999.000
    BVRT_IND           0.000      0.000    999.000    999.000
    CVRT_IND           0.000      0.000    999.000    999.000
    DVRT_IND           0.000      0.000    999.000    999.000

 Variances
    ABFI_N           379.807     28.564     13.296      0.000
    AVRT_IND         387.331     31.567     12.270      0.000
    I_BFI_N          251.394     80.152      3.136      0.002
    S_BFI_N           10.174      8.439      1.206      0.228
    I_VRT_IND        191.423     51.655      3.706      0.000
    S_VRT_IND          0.000      0.000    999.000    999.000

 Residual Variances
    BBFI_N            90.320     16.204      5.574      0.000
    CBFI_N            90.320     16.204      5.574      0.000
    DBFI_N            90.320     16.204      5.574      0.000
    BVRT_IND         139.965     14.050      9.962      0.000
    CVRT_IND         139.965     14.050      9.962      0.000
    DVRT_IND         139.965     14.050      9.962      0.000


QUALITY OF NUMERICAL RESULTS

     Condition Number for the Information Matrix              0.330E-06
       (ratio of smallest to largest eigenvalue)


     Beginning Time:  11:53:52
        Ending Time:  11:53:53
       Elapsed Time:  00:00:01



MUTHEN & MUTHEN
3463 Stoner Ave.
Los Angeles, CA  90066

Tel: (310) 391-9971
Fax: (310) 391-8971
Web: www.StatModel.com
Support: Support@StatModel.com

Copyright (c) 1998-2011 Muthen & Muthen
