Mplus VERSION 6.12
MUTHEN & MUTHEN
03/21/2016  11:52 AM

INPUT INSTRUCTIONS


  title: PxVx Univariate - Col Lin bfi_hp8 with MeanOnly VRT_COL;
  data: file = E:\Projects\lnt_pxvx\Data\LT_227.txt;



  variable:
  names =
  subjid
  Sample
  aGENDER
  aAGE
  aethnic1
  aethnic2
  aedu_mom
  aedu_dad
  aEDUCATN
  bEDUCATN
  cEDUCATN
  aEMPLOYD
  bEMPLOYD
  cEMPLOYD
  dEMPLOYD
  aINCOME
  bINCOME
  cINCOME
  dINCOME
  aS_SCALE
  bS_SCALE
  cS_SCALE
  dS_SCALE
  aD_SCALE
  bD_SCALE
  cD_SCALE
  dD_SCALE
  aS_COMP
  bS_COMP
  cS_COMP
  dS_COMP
  aD_COMP
  bD_COMP
  cD_COMP
  dD_COMP
  aBFI_A
  aBFI_A6
  aBFI_C
  aBFI_E
  aBFI_HP
  aBFI_N
  aBFI_O
  bBFI_A
  bBFI_A6
  bBFI_C
  bBFI_E
  bBFI_HP
  bBFI_N
  bBFI_O
  cBFI_A
  cBFI_A6
  cBFI_C
  cBFI_E
  cBFI_HP
  cBFI_N
  cBFI_O
  dBFI_A
  dBFI_A6
  dBFI_C
  dBFI_E
  dBFI_HP
  dBFI_N
  dBFI_O
  aBFA_AC
  aBFA_AP
  aBFA_CI
  aBFA_CO
  aBFA_EA
  aBFA_EE
  aBFA_N9
  aBFA_NV
  aBFA_NW
  aBFA_OI
  aBFA_OO
  aBFA_PS
  aBFA_MT
  bBFA_AC
  bBFA_AP
  bBFA_CI
  bBFA_CO
  bBFA_EA
  bBFA_EE
  bBFA_N9
  bBFA_NV
  bBFA_NW
  bBFA_OI
  bBFA_OO
  bBFA_MT
  bBFA_PS
  cBFA_AC
  cBFA_AP
  cBFA_CI
  cBFA_CO
  cBFA_EA
  cBFA_EE
  cBFA_N9
  cBFA_NV
  cBFA_NW
  cBFA_OI
  cBFA_OO
  cBFA_MT
  cBFA_PS
  dBFA_AC
  dBFA_AP
  dBFA_CI
  dBFA_CO
  dBFA_EA
  dBFA_EE
  dBFA_N9
  dBFA_NV
  dBFA_NW
  dBFA_OI
  dBFA_OO
  dBFA_MT
  dBFA_PS
  aUSI
  bUSI
  cUSI
  dUSI
  aHRZ_IND
  bHRZ_IND
  cHRZ_IND
  dHRZ_IND
  aVRT_IND
  bVRT_IND
  cVRT_IND
  dVRT_IND
  aHRZ_COL
  bHRZ_COL
  cHRZ_COL
  dHRZ_COL
  aVRT_COL
  bVRT_COL
  cVRT_COL
  dVRT_COL
  aCOLLCTV
  bCOLLCTV
  cCOLLCTV
  dCOLLCTV
  aMVS
  bMVS
  cMVS
  dMVS
  aST
  bST
  cST
  dST
  aSD
  bSD
  cSD
  dSD
  aMVS_mc
  bMVS_mc
  cMVS_mc
  dMVS_mc
  aST_mc
  bST_mc
  cST_mc
  dST_mc
  aSD_mc
  bSD_mc
  cSD_mc
  dSD_mc
  bMEANING
  cMEANING
  dMEANING
  bMEAN_L
  cMEAN_L
  dMEAN_L
  bMEANNGc
  cMEANNGc
  dMEANNGc
  bMEANGlc
  cMEANGlc
  dMEANGlc
  bCLASSIC
  cCLASSIC
  dCLASSIC
  bCLASSCc
  cCLASSCc
  dCLASSCc
  bAGR_VAL
  cAGR_VAL
  dAGR_VAL
  bOPN_VAL
  cOPN_VAL
  dOPN_VAL
  bAGR_VLc
  cAGR_VLc
  dAGR_VLc
  bOPNVALc
  cOPNVALc
  dOPNVALc
  aMV_pomp
  bMV_pomp
  cMV_pomp
  dMV_pomp
  aST_pomp
  bST_pomp
  cST_pomp
  dST_pomp
  aSD_pomp
  bSD_pomp
  cSD_pomp
  dSD_pomp
  agoal_ec
  bgoal_ec
  cgoal_ec
  dgoal_ec
  aAspfinc
  bAspfinc
  cAspfinc
  dAspfinc
  abfi_hp8
  bbfi_hp8
  cbfi_hp8
  dbfi_hp8
  aP_S_BFI
  aP_D_BFI
  aECgoalc
  bECgoalC
  cECgoalC
  dECgoalC
  aaspfin
  baspfin
  caspfin
  daspfin
  aMVI_POMP
  bMVI_POMP
  cMVI_POMP
  dMVI_POMP;

  USEVARIABLES =
  abfi_hp8
  bbfi_hp8
  cbfi_hp8
  dbfi_hp8
  aVRT_COL
  bVRT_COL
  cVRT_COL
  dVRT_COL
  bage_c
  cage_c
  dage_c
  ;

  missing = all (-9999);

  USEOBSERVATIONS are Sample == 2; ! College Sample

  tscores = bage_c cage_c dage_c;

  DEFINE:
  bage_c = aAGE + 1 - 20.5;
  cage_c = aAGE + 2 - 20.5;
  dage_c = aAGE + 3 - 20.5;

  ANALYSIS:
  TYPE=RANDOM;
  PROCESSORS = 8;

  MODEL:

  i_bfi_hp8 s_bfi_hp8 | bbfi_hp8 cbfi_hp8 dbfi_hp8 AT bage_c cage_c dage_c;
  i_VRT_COL s_VRT_COL | bVRT_COL cVRT_COL dVRT_COL AT bage_c cage_c dage_c;


  !After Bollen and Curran initial observation is not part of LGM

  dbfi_hp8 on cbfi_hp8 (a); ! Autoregressive paths constrained to equality
  cbfi_hp8 on bbfi_hp8 (a);
  bbfi_hp8 on abfi_hp8 (a);

  dVRT_COL on cVRT_COL (b); ! Autoregressive paths constrained to equality
  cVRT_COL on bVRT_COL (b);
  bVRT_COL on aVRT_COL (b);

  bbfi_hp8 cbfi_hp8 dbfi_hp8 (c); !Equality constraint on residuals
  bVRT_COL cVRT_COL dVRT_COL (d); !Equality constraint on residuals

  dVRT_COL on cbfi_hp8 (x); ! Cross-lagged paths constrained to equality
  cVRT_COL on bbfi_hp8 (x);
  bVRT_COL on abfi_hp8 (x);

  dbfi_hp8 on cVRT_COL (y); ! Cross-lagged paths constrained to equality
  cbfi_hp8 on bVRT_COL (y);
  bbfi_hp8 on aVRT_COL (y);

  dVRT_COL with dbfi_hp8 (w); ! within-wave correlations constrained to equality
  cVRT_COL with cbfi_hp8 (w);
  bVRT_COL with bbfi_hp8 (w);

  abfi_hp8 aVRT_COL i_bfi_hp8 i_VRT_COL
  s_bfi_hp8
  with
  s_bfi_hp8
  abfi_hp8 aVRT_COL i_bfi_hp8 i_VRT_COL;


  s_VRT_COL@0;

  OUTPUT: SAMPSTAT PATTERNS;



*** WARNING
  Variable name contains more than 8 characters.
  Only the first 8 characters will be printed in the output.
  Variable: AMVI_POMP
*** WARNING
  Variable name contains more than 8 characters.
  Only the first 8 characters will be printed in the output.
  Variable: BMVI_POMP
*** WARNING
  Variable name contains more than 8 characters.
  Only the first 8 characters will be printed in the output.
  Variable: CMVI_POMP
*** WARNING
  Variable name contains more than 8 characters.
  Only the first 8 characters will be printed in the output.
  Variable: DMVI_POMP
*** WARNING
  Variable name contains more than 8 characters.
  Only the first 8 characters will be printed in the output.
  Variable: I_BFI_HP8
*** WARNING
  Variable name contains more than 8 characters.
  Only the first 8 characters will be printed in the output.
  Variable: S_BFI_HP8
*** WARNING
  Variable name contains more than 8 characters.
  Only the first 8 characters will be printed in the output.
  Variable: I_VRT_COL
*** WARNING
  Variable name contains more than 8 characters.
  Only the first 8 characters will be printed in the output.
  Variable: S_VRT_COL
*** WARNING in MODEL command
  All continuous latent variable covariances involving S_VRT_COL have been fixed to 0
  because the variance of S_VRT_COL is fixed at 0.
*** WARNING
  Data set contains cases with missing on all variables.
  These cases were not included in the analysis.
  Number of cases with missing on all variables:  1
*** WARNING
  Data set contains cases with missing on time scores but non-missing on the
  corresponding dependent variables.  These cases were not included in the analysis.
  Number of such cases:  2
  11 WARNING(S) FOUND IN THE INPUT INSTRUCTIONS



PxVx Univariate - Col Lin bfi_hp8 with MeanOnly VRT_COL;

SUMMARY OF ANALYSIS

Number of groups                                                 1
Number of observations                                         277

Number of dependent variables                                    6
Number of independent variables                                  2
Number of continuous latent variables                            4

Observed dependent variables

  Continuous
   BBFI_HP8    CBFI_HP8    DBFI_HP8    BVRT_COL    CVRT_COL    DVRT_COL

Observed independent variables
   ABFI_HP8    AVRT_COL

Continuous latent variables
   I_BFI_HP    S_BFI_HP    I_VRT_CO    S_VRT_CO

Variables with special functions

  Time scores
   BAGE_C      CAGE_C      DAGE_C


Estimator                                                      MLR
Information matrix                                        OBSERVED
Maximum number of iterations                                   100
Convergence criterion                                    0.100D-05
Maximum number of EM iterations                                500
Convergence criteria for the EM algorithm
  Loglikelihood change                                   0.100D-02
  Relative loglikelihood change                          0.100D-05
  Derivative                                             0.100D-03
Minimum variance                                         0.100D-03
Maximum number of steepest descent iterations                   20
Maximum number of iterations for H1                           2000
Convergence criterion for H1                             0.100D-03
Optimization algorithm                                         EMA

Input data file(s)
  E:\Projects\lnt_pxvx\Data\LT_227.txt
Input data format  FREE


SUMMARY OF DATA

     Number of missing data patterns            15


SUMMARY OF MISSING DATA PATTERNS


     MISSING DATA PATTERNS (x = not missing)

           1  2  3  4  5  6  7  8  9 10 11 12 13 14 15
 BBFI_HP8  x  x     x        x  x     x  x        x  x
 CBFI_HP8  x  x  x                 x  x     x        x
 DBFI_HP8  x     x        x  x  x  x  x  x           x
 BVRT_COL  x  x     x           x     x  x
 CVRT_COL  x  x  x                 x  x     x        x
 DVRT_COL  x              x     x  x                 x
 ABFI_HP8  x  x  x  x  x  x  x  x  x  x  x  x  x  x  x
 AVRT_COL  x  x  x  x  x  x  x  x  x  x  x  x     x  x


     MISSING DATA PATTERN FREQUENCIES

    Pattern   Frequency     Pattern   Frequency     Pattern   Frequency
          1         138           6          11          11           1
          2          10           7           1          12           4
          3           2           8          16          13           2
          4          26           9           9          14           2
          5          52          10           2          15           1


COVARIANCE COVERAGE OF DATA

Minimum covariance coverage value   0.100


     PROPORTION OF DATA PRESENT


           Covariance Coverage
              BBFI_HP8      CBFI_HP8      DBFI_HP8      BVRT_COL      CVRT_COL
              ________      ________      ________      ________      ________
 BBFI_HP8       0.711
 CBFI_HP8       0.545         0.599
 DBFI_HP8       0.574         0.549         0.653
 BVRT_COL       0.697         0.542         0.567         0.697
 CVRT_COL       0.545         0.599         0.549         0.542         0.599
 DVRT_COL       0.560         0.534         0.632         0.556         0.534
 ABFI_HP8       0.711         0.599         0.653         0.697         0.599
 AVRT_COL       0.711         0.599         0.653         0.697         0.599


           Covariance Coverage
              DVRT_COL      ABFI_HP8      AVRT_COL
              ________      ________      ________
 DVRT_COL       0.632
 ABFI_HP8       0.632         1.000
 AVRT_COL       0.632         0.993         0.993


SAMPLE STATISTICS


     ESTIMATED SAMPLE STATISTICS


           Means
              BBFI_HP8      CBFI_HP8      DBFI_HP8      BVRT_COL      CVRT_COL
              ________      ________      ________      ________      ________
 1             65.920        65.583        68.313        66.200        64.073


           Means
              DVRT_COL      ABFI_HP8      AVRT_COL
              ________      ________      ________
 1             64.681        64.547        67.067


           Covariances
              BBFI_HP8      CBFI_HP8      DBFI_HP8      BVRT_COL      CVRT_COL
              ________      ________      ________      ________      ________
 BBFI_HP8     208.596
 CBFI_HP8     157.724       234.268
 DBFI_HP8     143.074       175.516       230.134
 BVRT_COL      52.151        49.181        70.934       312.599
 CVRT_COL      30.916        58.903        60.577       181.204       300.238
 DVRT_COL      16.344        39.685        79.759       204.365       204.187
 ABFI_HP8     152.764       152.457       156.686        47.355        47.367
 AVRT_COL      30.837        53.895        59.315       202.220       183.407


           Covariances
              DVRT_COL      ABFI_HP8      AVRT_COL
              ________      ________      ________
 DVRT_COL     346.543
 ABFI_HP8      39.525       217.396
 AVRT_COL     210.256        43.679       327.982


           Correlations
              BBFI_HP8      CBFI_HP8      DBFI_HP8      BVRT_COL      CVRT_COL
              ________      ________      ________      ________      ________
 BBFI_HP8       1.000
 CBFI_HP8       0.713         1.000
 DBFI_HP8       0.653         0.756         1.000
 BVRT_COL       0.204         0.182         0.264         1.000
 CVRT_COL       0.124         0.222         0.230         0.591         1.000
 DVRT_COL       0.061         0.139         0.282         0.621         0.633
 ABFI_HP8       0.717         0.676         0.701         0.182         0.185
 AVRT_COL       0.118         0.194         0.216         0.632         0.584


           Correlations
              DVRT_COL      ABFI_HP8      AVRT_COL
              ________      ________      ________
 DVRT_COL       1.000
 ABFI_HP8       0.144         1.000
 AVRT_COL       0.624         0.164         1.000


     MAXIMUM LOG-LIKELIHOOD VALUE FOR THE UNRESTRICTED (H1) MODEL IS -6460.610


THE MODEL ESTIMATION TERMINATED NORMALLY



MODEL FIT INFORMATION

Number of Free Parameters                       28

Loglikelihood

          H0 Value                       -6469.353
          H0 Scaling Correction Factor       1.027
            for MLR

Information Criteria

          Akaike (AIC)                   12994.707
          Bayesian (BIC)                 13096.179
          Sample-Size Adjusted BIC       13007.395
            (n* = (n + 2) / 24)



MODEL RESULTS

                                                    Two-Tailed
                    Estimate       S.E.  Est./S.E.    P-Value

 DBFI_HP8   ON
    CBFI_HP8           0.170      0.064      2.668      0.008
    CVRT_COL          -0.022      0.074     -0.295      0.768

 CBFI_HP8   ON
    BBFI_HP8           0.170      0.064      2.668      0.008
    BVRT_COL          -0.022      0.074     -0.295      0.768

 BBFI_HP8   ON
    ABFI_HP8           0.170      0.064      2.668      0.008
    AVRT_COL          -0.022      0.074     -0.295      0.768

 DVRT_COL   ON
    CVRT_COL           0.045      0.084      0.535      0.593
    CBFI_HP8          -0.036      0.065     -0.556      0.578

 CVRT_COL   ON
    BVRT_COL           0.045      0.084      0.535      0.593
    BBFI_HP8          -0.036      0.065     -0.556      0.578

 BVRT_COL   ON
    AVRT_COL           0.045      0.084      0.535      0.593
    ABFI_HP8          -0.036      0.065     -0.556      0.578

 S_BFI_HP WITH
    I_BFI_HP8        -10.016      8.415     -1.190      0.234

 I_VRT_CO WITH
    I_BFI_HP8         31.099     25.686      1.211      0.226
    S_BFI_HP8          7.798      6.657      1.171      0.241

 ABFI_HP8 WITH
    I_BFI_HP8        113.426     22.649      5.008      0.000
    S_BFI_HP8          5.675      6.585      0.862      0.389
    I_VRT_COL         49.509     18.242      2.714      0.007

 AVRT_COL WITH
    I_BFI_HP8         29.781     32.276      0.923      0.356
    S_BFI_HP8          8.066      8.463      0.953      0.341
    I_VRT_COL        188.160     26.009      7.234      0.000

 DVRT_COL WITH
    DBFI_HP8          17.897      8.357      2.142      0.032

 CVRT_COL WITH
    CBFI_HP8          17.897      8.357      2.142      0.032

 BVRT_COL WITH
    BBFI_HP8          17.897      8.357      2.142      0.032

 AVRT_COL WITH
    ABFI_HP8          43.679     16.688      2.617      0.009

 Means
    ABFI_HP8          64.547      0.885     72.943      0.000
    AVRT_COL          67.066      1.089     61.564      0.000
    I_BFI_HP8         55.199      7.065      7.813      0.000
    S_BFI_HP8          0.930      0.419      2.219      0.027
    I_VRT_COL         65.664      6.294     10.433      0.000
    S_VRT_COL         -0.597      0.598     -0.999      0.318

 Intercepts
    BBFI_HP8           0.000      0.000    999.000    999.000
    CBFI_HP8           0.000      0.000    999.000    999.000
    DBFI_HP8           0.000      0.000    999.000    999.000
    BVRT_COL           0.000      0.000    999.000    999.000
    CVRT_COL           0.000      0.000    999.000    999.000
    DVRT_COL           0.000      0.000    999.000    999.000

 Variances
    ABFI_HP8         217.396     15.350     14.163      0.000
    AVRT_COL         327.982     21.925     14.959      0.000
    I_BFI_HP8        117.275     27.687      4.236      0.000
    S_BFI_HP8          6.886      4.409      1.562      0.118
    I_VRT_COL        178.092     39.753      4.480      0.000
    S_VRT_COL          0.000      0.000    999.000    999.000

 Residual Variances
    BBFI_HP8          65.343      9.860      6.627      0.000
    CBFI_HP8          65.343      9.860      6.627      0.000
    DBFI_HP8          65.343      9.860      6.627      0.000
    BVRT_COL         126.521     12.943      9.775      0.000
    CVRT_COL         126.521     12.943      9.775      0.000
    DVRT_COL         126.521     12.943      9.775      0.000


QUALITY OF NUMERICAL RESULTS

     Condition Number for the Information Matrix              0.195E-05
       (ratio of smallest to largest eigenvalue)


     Beginning Time:  11:52:07
        Ending Time:  11:52:08
       Elapsed Time:  00:00:01



MUTHEN & MUTHEN
3463 Stoner Ave.
Los Angeles, CA  90066

Tel: (310) 391-9971
Fax: (310) 391-8971
Web: www.StatModel.com
Support: Support@StatModel.com

Copyright (c) 1998-2011 Muthen & Muthen
