Mplus VERSION 7 (Mac)
MUTHEN & MUTHEN
10/27/2017   4:16 PM

INPUT INSTRUCTIONS


  title: PxVx Bivariate LCM-SR-Uncons - Nat Linear BFI_E with Linear USI;
  data: file = /Users/johnflournoy/code/lnt_pxvx/Data/LT_227.txt;


  variable:
  names =
  subjid
  Sample
  aGENDER
  aAGE
  aethnic1
  aethnic2
  aedu_mom
  aedu_dad
  aEDUCATN
  bEDUCATN
  cEDUCATN
  aEMPLOYD
  bEMPLOYD
  cEMPLOYD
  dEMPLOYD
  aINCOME
  bINCOME
  cINCOME
  dINCOME
  aS_SCALE
  bS_SCALE
  cS_SCALE
  dS_SCALE
  aD_SCALE
  bD_SCALE
  cD_SCALE
  dD_SCALE
  aS_COMP
  bS_COMP
  cS_COMP
  dS_COMP
  aD_COMP
  bD_COMP
  cD_COMP
  dD_COMP
  aBFI_A
  aBFI_A6
  aBFI_C
  aBFI_E
  aBFI_HP
  aBFI_N
  aBFI_O
  bBFI_A
  bBFI_A6
  bBFI_C
  bBFI_E
  bBFI_HP
  bBFI_N
  bBFI_O
  cBFI_A
  cBFI_A6
  cBFI_C
  cBFI_E
  cBFI_HP
  cBFI_N
  cBFI_O
  dBFI_A
  dBFI_A6
  dBFI_C
  dBFI_E
  dBFI_HP
  dBFI_N
  dBFI_O
  aBFA_AC
  aBFA_AP
  aBFA_CI
  aBFA_CO
  aBFA_EA
  aBFA_EE
  aBFA_N9
  aBFA_NV
  aBFA_NW
  aBFA_OI
  aBFA_OO
  aBFA_PS
  aBFA_MT
  bBFA_AC
  bBFA_AP
  bBFA_CI
  bBFA_CO
  bBFA_EA
  bBFA_EE
  bBFA_N9
  bBFA_NV
  bBFA_NW
  bBFA_OI
  bBFA_OO
  bBFA_MT
  bBFA_PS
  cBFA_AC
  cBFA_AP
  cBFA_CI
  cBFA_CO
  cBFA_EA
  cBFA_EE
  cBFA_N9
  cBFA_NV
  cBFA_NW
  cBFA_OI
  cBFA_OO
  cBFA_MT
  cBFA_PS
  dBFA_AC
  dBFA_AP
  dBFA_CI
  dBFA_CO
  dBFA_EA
  dBFA_EE
  dBFA_N9
  dBFA_NV
  dBFA_NW
  dBFA_OI
  dBFA_OO
  dBFA_MT
  dBFA_PS
  aUSI
  bUSI
  cUSI
  dUSI
  aHRZ_IND
  bHRZ_IND
  cHRZ_IND
  dHRZ_IND
  aVRT_IND
  bVRT_IND
  cVRT_IND
  dVRT_IND
  aHRZ_COL
  bHRZ_COL
  cHRZ_COL
  dHRZ_COL
  aVRT_COL
  bVRT_COL
  cVRT_COL
  dVRT_COL
  aCOLLCTV
  bCOLLCTV
  cCOLLCTV
  dCOLLCTV
  aMVS
  bMVS
  cMVS
  dMVS
  aST
  bST
  cST
  dST
  aSD
  bSD
  cSD
  dSD
  aMVS_mc
  bMVS_mc
  cMVS_mc
  dMVS_mc
  aST_mc
  bST_mc
  cST_mc
  dST_mc
  aSD_mc
  bSD_mc
  cSD_mc
  dSD_mc
  bMEANING
  cMEANING
  dMEANING
  bMEAN_L
  cMEAN_L
  dMEAN_L
  bMEANNGc
  cMEANNGc
  dMEANNGc
  bMEANGlc
  cMEANGlc
  dMEANGlc
  bCLASSIC
  cCLASSIC
  dCLASSIC
  bCLASSCc
  cCLASSCc
  dCLASSCc
  bAGR_VAL
  cAGR_VAL
  dAGR_VAL
  bOPN_VAL
  cOPN_VAL
  dOPN_VAL
  bAGR_VLc
  cAGR_VLc
  dAGR_VLc
  bOPNVALc
  cOPNVALc
  dOPNVALc
  aMV_pomp
  bMV_pomp
  cMV_pomp
  dMV_pomp
  aST_pomp
  bST_pomp
  cST_pomp
  dST_pomp
  aSD_pomp
  bSD_pomp
  cSD_pomp
  dSD_pomp
  agoal_ec
  bgoal_ec
  cgoal_ec
  dgoal_ec
  aAspfinc
  bAspfinc
  cAspfinc
  dAspfinc
  abfi_hp8
  bbfi_hp8
  cbfi_hp8
  dbfi_hp8
  aP_S_BFI
  aP_D_BFI
  aECgoalc
  bECgoalC
  cECgoalC
  dECgoalC
  aaspfin
  baspfin
  caspfin
  daspfin
  aMVI_POMP
  bMVI_POMP
  cMVI_POMP
  dMVI_POMP;


  USEVARIABLES =
  aBFI_E
  bBFI_E
  cBFI_E
  dBFI_E
  aUSI
  bUSI
  cUSI
  dUSI
  a1
  a2
  a3
  a4
  ;

  missing = all (-9999);

  USEOBSERVATIONS are Sample == 1; ! National Sample

  tscores = a1 a2 a3 a4;

  DEFINE:
  a1 = aAGE + 0 - 36;
  a2 = aAGE + 1 - 36;
  a3 = aAGE + 2 - 36;
  a4 = aAGE + 3 - 36;

  ANALYSIS:
  TYPE=RANDOM;
  PROCESSORS = 4;
  model=nocovariances; ! supresses default estimation of certain covs in model;

  MODEL:

  i_BFI_E s_BFI_E | aBFI_E bBFI_E cBFI_E dBFI_E AT a1 a2 a3 a4;
  i_USI s_USI | aUSI bUSI cUSI dUSI AT a1 a2 a3 a4;

  ! freeing factor covs because of "nocovariances"
  s_BFI_E WITH i_BFI_E s_USI i_USI;
  i_BFI_E WITH s_USI i_USI;
  s_USI WITH i_USI;

  p1 BY aBFI_E@1; ! Residual "factors";
  p2 BY bBFI_E@1;
  p3 BY cBFI_E@1;
  p4 BY dBFI_E@1;

  v1 BY aUSI@1; ! Residual "factors";
  v2 BY bUSI@1;
  v3 BY cUSI@1;
  v4 BY dUSI@1;

  !residual variances on observed/manifest vars set to 0
  aBFI_E@0;
  bBFI_E@0;
  cBFI_E@0;
  dBFI_E@0;

  !residual variances on observed/manifest vars set to 0
  aUSI@0;
  bUSI@0;
  cUSI@0;
  dUSI@0;

  ! means of observed/manifest vars set to 0
  [aBFI_E@0];
  [bBFI_E@0];
  [cBFI_E@0];
  [dBFI_E@0];

  ! means of observed/manifest vars set to 0
  [aUSI@0];
  [bUSI@0];
  [cUSI@0];
  [dUSI@0];

  [p1@0]; ! means of residual "factors" set to 0
  [p2@0];
  [p3@0];
  [p4@0];

  [v1@0]; ! means of residual "factors" set to 0
  [v2@0];
  [v3@0];
  [v4@0];

  p4 on p3;
  p3 on p2;
  p2 on p1;

  v4 on v3;
  v3 on v2;
  v2 on v1;

  p4 on v3;
  p3 on v2;
  p2 on v1;

  v4 on p3;
  v3 on p2;
  v2 on p1;

  p1 with v1;

  p2 with v2;
  p3 with v3;
  p4 with v4;

  p2 p3 p4; ! estimate variances of residual "factors"
  v2 v3 v4; ! estimate variances of residual "factors"

  OUTPUT: SAMPSTAT PATTERNS;



*** WARNING
  Variable name contains more than 8 characters.
  Only the first 8 characters will be printed in the output.
  Variable: AMVI_POMP
*** WARNING
  Variable name contains more than 8 characters.
  Only the first 8 characters will be printed in the output.
  Variable: BMVI_POMP
*** WARNING
  Variable name contains more than 8 characters.
  Only the first 8 characters will be printed in the output.
  Variable: CMVI_POMP
*** WARNING
  Variable name contains more than 8 characters.
  Only the first 8 characters will be printed in the output.
  Variable: DMVI_POMP
*** WARNING
  Data set contains cases with missing on time scores but non-missing on the
  corresponding dependent variables.  These cases were not included in the analysis.
  Number of such cases:  16
   5 WARNING(S) FOUND IN THE INPUT INSTRUCTIONS



PxVx Bivariate LCM-SR-Uncons - Nat Linear BFI_E with Linear USI;

SUMMARY OF ANALYSIS

Number of groups                                                 1
Number of observations                                         863

Number of dependent variables                                    8
Number of independent variables                                  0
Number of continuous latent variables                           12

Observed dependent variables

  Continuous
   ABFI_E      BBFI_E      CBFI_E      DBFI_E      AUSI        BUSI
   CUSI        DUSI

Continuous latent variables
   P1          P2          P3          P4          V1          V2
   V3          V4          I_BFI_E     S_BFI_E     I_USI       S_USI

Variables with special functions

  Time scores
   A1          A2          A3          A4


Estimator                                                      MLR
Information matrix                                        OBSERVED
Maximum number of iterations                                   100
Convergence criterion                                    0.100D-05
Maximum number of EM iterations                                500
Convergence criteria for the EM algorithm
  Loglikelihood change                                   0.100D-02
  Relative loglikelihood change                          0.100D-05
  Derivative                                             0.100D-03
Minimum variance                                         0.100D-03
Maximum number of steepest descent iterations                   20
Maximum number of iterations for H1                           2000
Convergence criterion for H1                             0.100D-03
Optimization algorithm                                         EMA

Input data file(s)
  /Users/johnflournoy/code/lnt_pxvx/Data/LT_227.txt
Input data format  FREE


SUMMARY OF DATA

     Number of missing data patterns            22


SUMMARY OF MISSING DATA PATTERNS


     MISSING DATA PATTERNS (x = not missing)

           1  2  3  4  5  6  7  8  9 10 11 12 13 14 15 16 17 18 19 20
 ABFI_E    x  x  x  x  x  x  x  x  x  x  x  x  x        x  x  x  x  x
 BBFI_E    x     x  x     x     x     x  x  x  x     x     x     x
 CBFI_E    x           x  x     x  x     x  x  x     x        x  x  x
 DBFI_E    x     x     x  x  x           x     x  x  x     x        x
 AUSI      x  x  x  x  x  x  x  x  x  x  x  x  x  x        x  x  x  x
 BUSI      x     x  x     x     x        x  x        x           x
 CUSI      x           x        x  x     x     x     x           x  x
 DUSI      x     x     x  x  x                 x  x  x     x     x

          21 22
 ABFI_E    x
 BBFI_E
 CBFI_E       x
 DBFI_E    x  x
 AUSI      x
 BUSI
 CUSI         x
 DUSI         x


     MISSING DATA PATTERN FREQUENCIES

    Pattern   Frequency     Pattern   Frequency     Pattern   Frequency
          1         489           9          20          17           1
          2         168          10           5          18           1
          3          26          11           1          19           1
          4          47          12           1          20           2
          5          21          13           3          21           2
          6           2          14           1          22           1
          7          23          15           3
          8          44          16           1


COVARIANCE COVERAGE OF DATA

Minimum covariance coverage value   0.100


     PROPORTION OF DATA PRESENT


           Covariance Coverage
              ABFI_E        BBFI_E        CBFI_E        DBFI_E        AUSI
              ________      ________      ________      ________      ________
 ABFI_E         0.994
 BBFI_E         0.718         0.722
 CBFI_E         0.678         0.630         0.683
 DBFI_E         0.660         0.608         0.605         0.666
 AUSI           0.993         0.718         0.678         0.662         0.994
 BUSI           0.708         0.711         0.627         0.604         0.708
 CUSI           0.673         0.627         0.678         0.603         0.673
 DUSI           0.656         0.608         0.603         0.660         0.657


           Covariance Coverage
              BUSI          CUSI          DUSI
              ________      ________      ________
 BUSI           0.711
 CUSI           0.623         0.678
 DUSI           0.604         0.600         0.662


SAMPLE STATISTICS


     ESTIMATED SAMPLE STATISTICS


           Means
              ABFI_E        BBFI_E        CBFI_E        DBFI_E        AUSI
              ________      ________      ________      ________      ________
 1             54.888        54.588        54.222        53.870        28.985


           Means
              BUSI          CUSI          DUSI
              ________      ________      ________
 1             28.414        28.577        28.503


           Covariances
              ABFI_E        BBFI_E        CBFI_E        DBFI_E        AUSI
              ________      ________      ________      ________      ________
 ABFI_E       491.641
 BBFI_E       421.886       477.063
 CBFI_E       413.711       413.663       466.992
 DBFI_E       407.473       403.479       418.453       483.044
 AUSI          21.008        27.871        27.607        30.251       264.548
 BUSI          25.630        30.929        27.812        32.592       208.937
 CUSI          33.915        36.272        38.967        41.290       202.633
 DUSI          23.857        26.616        28.570        36.422       190.439


           Covariances
              BUSI          CUSI          DUSI
              ________      ________      ________
 BUSI         274.800
 CUSI         215.521       282.492
 DUSI         200.244       218.647       261.209


           Correlations
              ABFI_E        BBFI_E        CBFI_E        DBFI_E        AUSI
              ________      ________      ________      ________      ________
 ABFI_E         1.000
 BBFI_E         0.871         1.000
 CBFI_E         0.863         0.876         1.000
 DBFI_E         0.836         0.841         0.881         1.000
 AUSI           0.058         0.078         0.079         0.085         1.000
 BUSI           0.070         0.085         0.078         0.089         0.775
 CUSI           0.091         0.099         0.107         0.112         0.741
 DUSI           0.067         0.075         0.082         0.103         0.724


           Correlations
              BUSI          CUSI          DUSI
              ________      ________      ________
 BUSI           1.000
 CUSI           0.774         1.000
 DUSI           0.747         0.805         1.000


     MAXIMUM LOG-LIKELIHOOD VALUE FOR THE UNRESTRICTED (H1) MODEL IS -20704.377


THE MODEL ESTIMATION TERMINATED NORMALLY



MODEL FIT INFORMATION

Number of Free Parameters                       38

Loglikelihood

          H0 Value                      -20684.428
          H0 Scaling Correction Factor      1.0806
            for MLR

Information Criteria

          Akaike (AIC)                   41444.855
          Bayesian (BIC)                 41625.751
          Sample-Size Adjusted BIC       41505.073
            (n* = (n + 2) / 24)



MODEL RESULTS

                                                    Two-Tailed
                    Estimate       S.E.  Est./S.E.    P-Value

 P1       BY
    ABFI_E             1.000      0.000    999.000    999.000

 P2       BY
    BBFI_E             1.000      0.000    999.000    999.000

 P3       BY
    CBFI_E             1.000      0.000    999.000    999.000

 P4       BY
    DBFI_E             1.000      0.000    999.000    999.000

 V1       BY
    AUSI               1.000      0.000    999.000    999.000

 V2       BY
    BUSI               1.000      0.000    999.000    999.000

 V3       BY
    CUSI               1.000      0.000    999.000    999.000

 V4       BY
    DUSI               1.000      0.000    999.000    999.000

 P4         ON
    P3                 0.245      0.123      1.993      0.046
    V3                 0.038      0.072      0.525      0.599

 P3         ON
    P2                 0.088      0.093      0.954      0.340
    V2                -0.026      0.086     -0.296      0.767

 P2         ON
    P1                 0.157      0.109      1.433      0.152
    V1                -0.005      0.092     -0.050      0.960

 V4         ON
    V3                 0.279      0.071      3.913      0.000
    P3                 0.032      0.100      0.323      0.747

 V3         ON
    V2                 0.178      0.092      1.933      0.053
    P2                 0.012      0.085      0.143      0.886

 V2         ON
    V1                 0.152      0.097      1.570      0.116
    P1                -0.036      0.091     -0.393      0.694

 S_BFI_E  WITH
    I_BFI_E           -1.875      0.924     -2.029      0.042
    S_USI             -0.008      0.096     -0.084      0.933
    I_USI              1.826      2.092      0.873      0.383

 I_BFI_E  WITH
    S_USI             -0.547      2.147     -0.255      0.799
    I_USI             36.870     14.629      2.520      0.012

 S_USI    WITH
    I_USI             -0.154      0.467     -0.330      0.742

 P1       WITH
    V1                -6.396      6.265     -1.021      0.307

 P2       WITH
    V2                 0.691      6.401      0.108      0.914

 P3       WITH
    V3                 4.777      6.022      0.793      0.428

 P4       WITH
    V4                 6.497      4.797      1.355      0.176

 Means
    P1                 0.000      0.000    999.000    999.000
    V1                 0.000      0.000    999.000    999.000
    I_BFI_E           54.308      0.726     74.800      0.000
    S_BFI_E            0.178      0.065      2.757      0.006
    I_USI             29.070      0.519     56.065      0.000
    S_USI             -0.273      0.047     -5.837      0.000

 Intercepts
    ABFI_E             0.000      0.000    999.000    999.000
    BBFI_E             0.000      0.000    999.000    999.000
    CBFI_E             0.000      0.000    999.000    999.000
    DBFI_E             0.000      0.000    999.000    999.000
    AUSI               0.000      0.000    999.000    999.000
    BUSI               0.000      0.000    999.000    999.000
    CUSI               0.000      0.000    999.000    999.000
    DUSI               0.000      0.000    999.000    999.000
    P2                 0.000      0.000    999.000    999.000
    P3                 0.000      0.000    999.000    999.000
    P4                 0.000      0.000    999.000    999.000
    V2                 0.000      0.000    999.000    999.000
    V3                 0.000      0.000    999.000    999.000
    V4                 0.000      0.000    999.000    999.000

 Variances
    P1                76.802      9.271      8.284      0.000
    V1                69.688      7.766      8.973      0.000
    I_BFI_E          382.797     25.024     15.297      0.000
    S_BFI_E            0.219      0.160      1.366      0.172
    I_USI            185.446     13.290     13.954      0.000
    S_USI              0.026      0.083      0.309      0.757

 Residual Variances
    ABFI_E             0.000      0.000    999.000    999.000
    BBFI_E             0.000      0.000    999.000    999.000
    CBFI_E             0.000      0.000    999.000    999.000
    DBFI_E             0.000      0.000    999.000    999.000
    AUSI               0.000      0.000    999.000    999.000
    BUSI               0.000      0.000    999.000    999.000
    CUSI               0.000      0.000    999.000    999.000
    DUSI               0.000      0.000    999.000    999.000
    P2                70.214      9.366      7.497      0.000
    P3                56.827      7.609      7.469      0.000
    P4                80.276      8.473      9.474      0.000
    V2                71.647      8.467      8.461      0.000
    V3                76.707      8.344      9.193      0.000
    V4                65.692      6.029     10.897      0.000


QUALITY OF NUMERICAL RESULTS

     Condition Number for the Information Matrix              0.161E-04
       (ratio of smallest to largest eigenvalue)


     Beginning Time:  16:16:50
        Ending Time:  16:16:57
       Elapsed Time:  00:00:07



MUTHEN & MUTHEN
3463 Stoner Ave.
Los Angeles, CA  90066

Tel: (310) 391-9971
Fax: (310) 391-8971
Web: www.StatModel.com
Support: Support@StatModel.com

Copyright (c) 1998-2012 Muthen & Muthen
