Mplus VERSION 7 (Mac)
MUTHEN & MUTHEN
10/27/2017   2:06 PM

INPUT INSTRUCTIONS


  title: PxVx Bivariate LCM-SR-Uncons - Col Linear BFA_NW with Linear MVI_POMP;
  data: file = /Users/johnflournoy/code/lnt_pxvx/Data/LT_227.txt;



  variable:
  names =
  subjid
  Sample
  aGENDER
  aAGE
  aethnic1
  aethnic2
  aedu_mom
  aedu_dad
  aEDUCATN
  bEDUCATN
  cEDUCATN
  aEMPLOYD
  bEMPLOYD
  cEMPLOYD
  dEMPLOYD
  aINCOME
  bINCOME
  cINCOME
  dINCOME
  aS_SCALE
  bS_SCALE
  cS_SCALE
  dS_SCALE
  aD_SCALE
  bD_SCALE
  cD_SCALE
  dD_SCALE
  aS_COMP
  bS_COMP
  cS_COMP
  dS_COMP
  aD_COMP
  bD_COMP
  cD_COMP
  dD_COMP
  aBFI_A
  aBFI_A6
  aBFI_C
  aBFI_E
  aBFI_HP
  aBFI_N
  aBFI_O
  bBFI_A
  bBFI_A6
  bBFI_C
  bBFI_E
  bBFI_HP
  bBFI_N
  bBFI_O
  cBFI_A
  cBFI_A6
  cBFI_C
  cBFI_E
  cBFI_HP
  cBFI_N
  cBFI_O
  dBFI_A
  dBFI_A6
  dBFI_C
  dBFI_E
  dBFI_HP
  dBFI_N
  dBFI_O
  aBFA_AC
  aBFA_AP
  aBFA_CI
  aBFA_CO
  aBFA_EA
  aBFA_EE
  aBFA_N9
  aBFA_NV
  aBFA_NW
  aBFA_OI
  aBFA_OO
  aBFA_PS
  aBFA_MT
  bBFA_AC
  bBFA_AP
  bBFA_CI
  bBFA_CO
  bBFA_EA
  bBFA_EE
  bBFA_N9
  bBFA_NV
  bBFA_NW
  bBFA_OI
  bBFA_OO
  bBFA_MT
  bBFA_PS
  cBFA_AC
  cBFA_AP
  cBFA_CI
  cBFA_CO
  cBFA_EA
  cBFA_EE
  cBFA_N9
  cBFA_NV
  cBFA_NW
  cBFA_OI
  cBFA_OO
  cBFA_MT
  cBFA_PS
  dBFA_AC
  dBFA_AP
  dBFA_CI
  dBFA_CO
  dBFA_EA
  dBFA_EE
  dBFA_N9
  dBFA_NV
  dBFA_NW
  dBFA_OI
  dBFA_OO
  dBFA_MT
  dBFA_PS
  aUSI
  bUSI
  cUSI
  dUSI
  aHRZ_IND
  bHRZ_IND
  cHRZ_IND
  dHRZ_IND
  aVRT_IND
  bVRT_IND
  cVRT_IND
  dVRT_IND
  aHRZ_COL
  bHRZ_COL
  cHRZ_COL
  dHRZ_COL
  aVRT_COL
  bVRT_COL
  cVRT_COL
  dVRT_COL
  aCOLLCTV
  bCOLLCTV
  cCOLLCTV
  dCOLLCTV
  aMVS
  bMVS
  cMVS
  dMVS
  aST
  bST
  cST
  dST
  aSD
  bSD
  cSD
  dSD
  aMVS_mc
  bMVS_mc
  cMVS_mc
  dMVS_mc
  aST_mc
  bST_mc
  cST_mc
  dST_mc
  aSD_mc
  bSD_mc
  cSD_mc
  dSD_mc
  bMEANING
  cMEANING
  dMEANING
  bMEAN_L
  cMEAN_L
  dMEAN_L
  bMEANNGc
  cMEANNGc
  dMEANNGc
  bMEANGlc
  cMEANGlc
  dMEANGlc
  bCLASSIC
  cCLASSIC
  dCLASSIC
  bCLASSCc
  cCLASSCc
  dCLASSCc
  bAGR_VAL
  cAGR_VAL
  dAGR_VAL
  bOPN_VAL
  cOPN_VAL
  dOPN_VAL
  bAGR_VLc
  cAGR_VLc
  dAGR_VLc
  bOPNVALc
  cOPNVALc
  dOPNVALc
  aMV_pomp
  bMV_pomp
  cMV_pomp
  dMV_pomp
  aST_pomp
  bST_pomp
  cST_pomp
  dST_pomp
  aSD_pomp
  bSD_pomp
  cSD_pomp
  dSD_pomp
  agoal_ec
  bgoal_ec
  cgoal_ec
  dgoal_ec
  aAspfinc
  bAspfinc
  cAspfinc
  dAspfinc
  abfi_hp8
  bbfi_hp8
  cbfi_hp8
  dbfi_hp8
  aP_S_BFI
  aP_D_BFI
  aECgoalc
  bECgoalC
  cECgoalC
  dECgoalC
  aaspfin
  baspfin
  caspfin
  daspfin
  aMVI_POMP
  bMVI_POMP
  cMVI_POMP
  dMVI_POMP;

  USEVARIABLES =
  aBFA_NW
  bBFA_NW
  cBFA_NW
  dBFA_NW
  aMVI_POMP
  bMVI_POMP
  cMVI_POMP
  dMVI_POMP
  a1
  a2
  a3
  a4
  ;

  missing = all (-9999);

  USEOBSERVATIONS are Sample == 2; ! College Sample

  tscores = a1 a2 a3 a4;

  DEFINE:
  a1 = aAGE + 0 - 20.5;
  a2 = aAGE + 1 - 20.5;
  a3 = aAGE + 2 - 20.5;
  a4 = aAGE + 3 - 20.5;

  ANALYSIS:
  TYPE=RANDOM;
  PROCESSORS = 4;
  model=nocovariances; ! supresses default estimation of certain covs in model;

  MODEL:

  i_BFA_NW s_BFA_NW | aBFA_NW bBFA_NW cBFA_NW dBFA_NW AT a1 a2 a3 a4;
  i_MVI_POMP s_MVI_POMP | aMVI_POMP bMVI_POMP cMVI_POMP dMVI_POMP AT a1 a2 a3 a4;

  ! freeing factor covs because of "nocovariances"
  s_BFA_NW WITH i_BFA_NW s_MVI_POMP i_MVI_POMP;
  i_BFA_NW WITH s_MVI_POMP i_MVI_POMP;
  s_MVI_POMP WITH i_MVI_POMP;

  p1 BY aBFA_NW@1; ! Residual "factors";
  p2 BY bBFA_NW@1;
  p3 BY cBFA_NW@1;
  p4 BY dBFA_NW@1;

  v1 BY aMVI_POMP@1; ! Residual "factors";
  v2 BY bMVI_POMP@1;
  v3 BY cMVI_POMP@1;
  v4 BY dMVI_POMP@1;

  !residual variances on observed/manifest vars set to 0
  aBFA_NW@0;
  bBFA_NW@0;
  cBFA_NW@0;
  dBFA_NW@0;

  !residual variances on observed/manifest vars set to 0
  aMVI_POMP@0;
  bMVI_POMP@0;
  cMVI_POMP@0;
  dMVI_POMP@0;

  ! means of observed/manifest vars set to 0
  [aBFA_NW@0];
  [bBFA_NW@0];
  [cBFA_NW@0];
  [dBFA_NW@0];

  ! means of observed/manifest vars set to 0
  [aMVI_POMP@0];
  [bMVI_POMP@0];
  [cMVI_POMP@0];
  [dMVI_POMP@0];

  [p1@0]; ! means of residual "factors" set to 0
  [p2@0];
  [p3@0];
  [p4@0];

  [v1@0]; ! means of residual "factors" set to 0
  [v2@0];
  [v3@0];
  [v4@0];

  p4 on p3;
  p3 on p2;
  p2 on p1;

  v4 on v3;
  v3 on v2;
  v2 on v1;

  p4 on v3;
  p3 on v2;
  p2 on v1;

  v4 on p3;
  v3 on p2;
  v2 on p1;

  p1 with v1;

  p2 with v2;
  p3 with v3;
  p4 with v4;

  p2 p3 p4; ! estimate variances of residual "factors"
  v2 v3 v4; ! estimate variances of residual "factors"

  OUTPUT: SAMPSTAT PATTERNS;



*** WARNING
  Variable name contains more than 8 characters.
  Only the first 8 characters will be printed in the output.
  Variable: AMVI_POMP
*** WARNING
  Variable name contains more than 8 characters.
  Only the first 8 characters will be printed in the output.
  Variable: BMVI_POMP
*** WARNING
  Variable name contains more than 8 characters.
  Only the first 8 characters will be printed in the output.
  Variable: CMVI_POMP
*** WARNING
  Variable name contains more than 8 characters.
  Only the first 8 characters will be printed in the output.
  Variable: DMVI_POMP
*** WARNING
  Variable name contains more than 8 characters.
  Only the first 8 characters will be printed in the output.
  Variable: I_MVI_POMP
*** WARNING
  Variable name contains more than 8 characters.
  Only the first 8 characters will be printed in the output.
  Variable: S_MVI_POMP
*** WARNING
  Data set contains cases with missing on all variables.
  These cases were not included in the analysis.
  Number of cases with missing on all variables:  1
*** WARNING
  Data set contains cases with missing on time scores but non-missing on the
  corresponding dependent variables.  These cases were not included in the analysis.
  Number of such cases:  3
   8 WARNING(S) FOUND IN THE INPUT INSTRUCTIONS



PxVx Bivariate LCM-SR-Uncons - Col Linear BFA_NW with Linear MVI_POMP;

SUMMARY OF ANALYSIS

Number of groups                                                 1
Number of observations                                         276

Number of dependent variables                                    8
Number of independent variables                                  0
Number of continuous latent variables                           12

Observed dependent variables

  Continuous
   ABFA_NW     BBFA_NW     CBFA_NW     DBFA_NW     AMVI_POMP   BMVI_POMP
   CMVI_POMP   DMVI_POMP

Continuous latent variables
   P1          P2          P3          P4          V1          V2
   V3          V4          I_BFA_NW    S_BFA_NW    I_MVI_PO    S_MVI_PO

Variables with special functions

  Time scores
   A1          A2          A3          A4


Estimator                                                      MLR
Information matrix                                        OBSERVED
Maximum number of iterations                                   100
Convergence criterion                                    0.100D-05
Maximum number of EM iterations                                500
Convergence criteria for the EM algorithm
  Loglikelihood change                                   0.100D-02
  Relative loglikelihood change                          0.100D-05
  Derivative                                             0.100D-03
Minimum variance                                         0.100D-03
Maximum number of steepest descent iterations                   20
Maximum number of iterations for H1                           2000
Convergence criterion for H1                             0.100D-03
Optimization algorithm                                         EMA

Input data file(s)
  /Users/johnflournoy/code/lnt_pxvx/Data/LT_227.txt
Input data format  FREE


SUMMARY OF DATA

     Number of missing data patterns            10


SUMMARY OF MISSING DATA PATTERNS


     MISSING DATA PATTERNS (x = not missing)

           1  2  3  4  5  6  7  8  9 10
 ABFA_NW   x  x  x  x  x  x  x  x  x
 BBFA_NW   x  x     x        x  x
 CBFA_NW   x  x  x                 x
 DBFA_NW   x              x  x  x  x
 AMVI_POM  x  x  x  x  x  x  x  x  x  x
 BMVI_POM  x  x     x           x
 CMVI_POM  x  x  x                 x
 DMVI_POM  x              x  x  x  x


     MISSING DATA PATTERN FREQUENCIES

    Pattern   Frequency     Pattern   Frequency     Pattern   Frequency
          1         138           5          52           9          11
          2          12           6          11          10           1
          3           5           7           1
          4          29           8          16


COVARIANCE COVERAGE OF DATA

Minimum covariance coverage value   0.100


     PROPORTION OF DATA PRESENT


           Covariance Coverage
              ABFA_NW       BBFA_NW       CBFA_NW       DBFA_NW       AMVI_POM
              ________      ________      ________      ________      ________
 ABFA_NW        0.996
 BBFA_NW        0.710         0.710
 CBFA_NW        0.601         0.543         0.601
 DBFA_NW        0.641         0.562         0.540         0.641
 AMVI_POM       0.996         0.710         0.601         0.641         1.000
 BMVI_POM       0.707         0.707         0.543         0.558         0.707
 CMVI_POM       0.601         0.543         0.601         0.540         0.601
 DMVI_POM       0.641         0.562         0.540         0.641         0.641


           Covariance Coverage
              BMVI_POM      CMVI_POM      DMVI_POM
              ________      ________      ________
 BMVI_POM       0.707
 CMVI_POM       0.543         0.601
 DMVI_POM       0.558         0.540         0.641


SAMPLE STATISTICS


     ESTIMATED SAMPLE STATISTICS


           Means
              ABFA_NW       BBFA_NW       CBFA_NW       DBFA_NW       AMVI_POM
              ________      ________      ________      ________      ________
 1             48.403        47.556        47.349        47.033        60.804


           Means
              BMVI_POM      CMVI_POM      DMVI_POM
              ________      ________      ________
 1             61.258        61.376        61.390


           Covariances
              ABFA_NW       BBFA_NW       CBFA_NW       DBFA_NW       AMVI_POM
              ________      ________      ________      ________      ________
 ABFA_NW      333.097
 BBFA_NW      243.325       353.074
 CBFA_NW      221.219       255.477       359.361
 DBFA_NW      217.543       255.151       262.191       313.662
 AMVI_POM     -15.431       -12.594        -2.509         3.057        82.735
 BMVI_POM      -5.623        -7.759         5.396         8.721        70.008
 CMVI_POM      -7.089         3.859        -4.609         7.806        56.939
 DMVI_POM       1.743         1.261        -5.979         3.400        54.871


           Covariances
              BMVI_POM      CMVI_POM      DMVI_POM
              ________      ________      ________
 BMVI_POM      91.938
 CMVI_POM      64.204        71.597
 DMVI_POM      57.539        52.311        65.291


           Correlations
              ABFA_NW       BBFA_NW       CBFA_NW       DBFA_NW       AMVI_POM
              ________      ________      ________      ________      ________
 ABFA_NW        1.000
 BBFA_NW        0.710         1.000
 CBFA_NW        0.639         0.717         1.000
 DBFA_NW        0.673         0.767         0.781         1.000
 AMVI_POM      -0.093        -0.074        -0.015         0.019         1.000
 BMVI_POM      -0.032        -0.043         0.030         0.051         0.803
 CMVI_POM      -0.046         0.024        -0.029         0.052         0.740
 DMVI_POM       0.012         0.008        -0.039         0.024         0.747


           Correlations
              BMVI_POM      CMVI_POM      DMVI_POM
              ________      ________      ________
 BMVI_POM       1.000
 CMVI_POM       0.791         1.000
 DMVI_POM       0.743         0.765         1.000


     MAXIMUM LOG-LIKELIHOOD VALUE FOR THE UNRESTRICTED (H1) MODEL IS -5925.642

     WARNING: THE MODEL ESTIMATION HAS REACHED A SADDLE POINT OR A POINT WHERE THE
     OBSERVED AND THE EXPECTED INFORMATION MATRICES DO NOT MATCH.
     AN ADJUSTMENT TO THE ESTIMATION OF THE INFORMATION MATRIX HAS BEEN MADE.
     THE CONDITION NUMBER IS      -0.118D-04.
     THE PROBLEM MAY ALSO BE RESOLVED BY DECREASING THE VALUE OF THE
     MCONVERGENCE OR LOGCRITERION OPTIONS OR BY CHANGING THE STARTING VALUES
     OR BY USING THE MLF ESTIMATOR.


THE MODEL ESTIMATION TERMINATED NORMALLY



MODEL FIT INFORMATION

Number of Free Parameters                       38

Loglikelihood

          H0 Value                       -5931.560
          H0 Scaling Correction Factor      1.1148
            for MLR

Information Criteria

          Akaike (AIC)                   11939.120
          Bayesian (BIC)                 12076.695
          Sample-Size Adjusted BIC       11956.204
            (n* = (n + 2) / 24)



MODEL RESULTS

                                                    Two-Tailed
                    Estimate       S.E.  Est./S.E.    P-Value

 P1       BY
    ABFA_NW            1.000      0.000    999.000    999.000

 P2       BY
    BBFA_NW            1.000      0.000    999.000    999.000

 P3       BY
    CBFA_NW            1.000      0.000    999.000    999.000

 P4       BY
    DBFA_NW            1.000      0.000    999.000    999.000

 V1       BY
    AMVI_POMP          1.000      0.000    999.000    999.000

 V2       BY
    BMVI_POMP          1.000      0.000    999.000    999.000

 V3       BY
    CMVI_POMP          1.000      0.000    999.000    999.000

 V4       BY
    DMVI_POMP          1.000      0.000    999.000    999.000

 P4         ON
    P3                 0.002      0.280      0.006      0.996
    V3                 0.191      0.815      0.234      0.815

 P3         ON
    P2                 0.158      0.143      1.102      0.270
    V2                 0.099      0.293      0.338      0.735

 P2         ON
    P1                -1.591      0.595     -2.676      0.007
    V1                -0.934      2.384     -0.392      0.695

 V4         ON
    V3                -0.267      0.688     -0.389      0.698
    P3                -0.098      0.125     -0.784      0.433

 V3         ON
    V2                 0.245      0.145      1.690      0.091
    P2                 0.073      0.068      1.076      0.282

 V2         ON
    V1                -2.604      1.983     -1.313      0.189
    P1                 0.351      0.490      0.716      0.474

 S_BFA_NW WITH
    I_BFA_NW         -31.308      6.645     -4.711      0.000
    S_MVI_POMP        -1.939      2.500     -0.775      0.438
    I_MVI_POMP         7.563      3.122      2.422      0.015

 I_BFA_NW WITH
    S_MVI_POMP         5.392      2.984      1.807      0.071
    I_MVI_POMP       -17.311     10.227     -1.693      0.091

 S_MVI_PO WITH
    I_MVI_POMP        -9.356      1.379     -6.787      0.000

 P1       WITH
    V1                 1.670      3.721      0.449      0.654

 P2       WITH
    V2                -3.886      4.287     -0.907      0.365

 P3       WITH
    V3                -8.440     10.076     -0.838      0.402

 P4       WITH
    V4                -0.241     22.128     -0.011      0.991

 Means
    P1                 0.000      0.000    999.000    999.000
    V1                 0.000      0.000    999.000    999.000
    I_BFA_NW          48.517      1.093     44.373      0.000
    S_BFA_NW          -0.429      0.329     -1.303      0.192
    I_MVI_POMP        60.813      0.555    109.608      0.000
    S_MVI_POMP         0.201      0.143      1.402      0.161

 Intercepts
    ABFA_NW            0.000      0.000    999.000    999.000
    BBFA_NW            0.000      0.000    999.000    999.000
    CBFA_NW            0.000      0.000    999.000    999.000
    DBFA_NW            0.000      0.000    999.000    999.000
    AMVI_POMP          0.000      0.000    999.000    999.000
    BMVI_POMP          0.000      0.000    999.000    999.000
    CMVI_POMP          0.000      0.000    999.000    999.000
    DMVI_POMP          0.000      0.000    999.000    999.000
    P2                 0.000      0.000    999.000    999.000
    P3                 0.000      0.000    999.000    999.000
    P4                 0.000      0.000    999.000    999.000
    V2                 0.000      0.000    999.000    999.000
    V3                 0.000      0.000    999.000    999.000
    V4                 0.000      0.000    999.000    999.000

 Variances
    P1                22.557     11.404      1.978      0.048
    V1                 1.693      1.731      0.978      0.328
    I_BFA_NW         313.545     25.325     12.381      0.000
    S_BFA_NW          20.334      7.818      2.601      0.009
    I_MVI_POMP        83.361      6.079     13.713      0.000
    S_MVI_POMP         3.915      1.959      1.998      0.046

 Residual Variances
    ABFA_NW            0.000      0.000    999.000    999.000
    BBFA_NW            0.000      0.000    999.000    999.000
    CBFA_NW            0.000      0.000    999.000    999.000
    DBFA_NW            0.000      0.000    999.000    999.000
    AMVI_POMP          0.000      0.000    999.000    999.000
    BMVI_POMP          0.000      0.000    999.000    999.000
    CMVI_POMP          0.000      0.000    999.000    999.000
    DMVI_POMP          0.000      0.000    999.000    999.000
    P2                15.505      5.900      2.628      0.009
    P3               123.803     28.081      4.409      0.000
    P4                 2.535     47.094      0.054      0.957
    V2                10.257      2.124      4.829      0.000
    V3                16.890      6.850      2.466      0.014
    V4                 0.767     20.049      0.038      0.969


QUALITY OF NUMERICAL RESULTS

     Condition Number for the Information Matrix             -0.118E-04
       (ratio of smallest to largest eigenvalue)


     Beginning Time:  14:06:03
        Ending Time:  14:06:40
       Elapsed Time:  00:00:37



MUTHEN & MUTHEN
3463 Stoner Ave.
Los Angeles, CA  90066

Tel: (310) 391-9971
Fax: (310) 391-8971
Web: www.StatModel.com
Support: Support@StatModel.com

Copyright (c) 1998-2012 Muthen & Muthen
