Mplus VERSION 6.12
MUTHEN & MUTHEN
03/09/2016   6:29 PM

INPUT INSTRUCTIONS


  title: PxVx Univariate - Col Lin BFA_NW with Lin USI;
  data: file = E:\Projects\lnt_pxvx\Data\LT_227.txt;



  variable:
  names =
  subjid
  Sample
  aGENDER
  aAGE
  aethnic1
  aethnic2
  aedu_mom
  aedu_dad
  aEDUCATN
  bEDUCATN
  cEDUCATN
  aEMPLOYD
  bEMPLOYD
  cEMPLOYD
  dEMPLOYD
  aINCOME
  bINCOME
  cINCOME
  dINCOME
  aS_SCALE
  bS_SCALE
  cS_SCALE
  dS_SCALE
  aD_SCALE
  bD_SCALE
  cD_SCALE
  dD_SCALE
  aS_COMP
  bS_COMP
  cS_COMP
  dS_COMP
  aD_COMP
  bD_COMP
  cD_COMP
  dD_COMP
  aBFI_A
  aBFI_A6
  aBFI_C
  aBFI_E
  aBFI_HP
  aBFI_N
  aBFI_O
  bBFI_A
  bBFI_A6
  bBFI_C
  bBFI_E
  bBFI_HP
  bBFI_N
  bBFI_O
  cBFI_A
  cBFI_A6
  cBFI_C
  cBFI_E
  cBFI_HP
  cBFI_N
  cBFI_O
  dBFI_A
  dBFI_A6
  dBFI_C
  dBFI_E
  dBFI_HP
  dBFI_N
  dBFI_O
  aBFA_AC
  aBFA_AP
  aBFA_CI
  aBFA_CO
  aBFA_EA
  aBFA_EE
  aBFA_N9
  aBFA_NV
  aBFA_NW
  aBFA_OI
  aBFA_OO
  aBFA_PS
  aBFA_MT
  bBFA_AC
  bBFA_AP
  bBFA_CI
  bBFA_CO
  bBFA_EA
  bBFA_EE
  bBFA_N9
  bBFA_NV
  bBFA_NW
  bBFA_OI
  bBFA_OO
  bBFA_MT
  bBFA_PS
  cBFA_AC
  cBFA_AP
  cBFA_CI
  cBFA_CO
  cBFA_EA
  cBFA_EE
  cBFA_N9
  cBFA_NV
  cBFA_NW
  cBFA_OI
  cBFA_OO
  cBFA_MT
  cBFA_PS
  dBFA_AC
  dBFA_AP
  dBFA_CI
  dBFA_CO
  dBFA_EA
  dBFA_EE
  dBFA_N9
  dBFA_NV
  dBFA_NW
  dBFA_OI
  dBFA_OO
  dBFA_MT
  dBFA_PS
  aUSI
  bUSI
  cUSI
  dUSI
  aHRZ_IND
  bHRZ_IND
  cHRZ_IND
  dHRZ_IND
  aVRT_IND
  bVRT_IND
  cVRT_IND
  dVRT_IND
  aHRZ_COL
  bHRZ_COL
  cHRZ_COL
  dHRZ_COL
  aVRT_COL
  bVRT_COL
  cVRT_COL
  dVRT_COL
  aCOLLCTV
  bCOLLCTV
  cCOLLCTV
  dCOLLCTV
  aMVS
  bMVS
  cMVS
  dMVS
  aST
  bST
  cST
  dST
  aSD
  bSD
  cSD
  dSD
  aMVS_mc
  bMVS_mc
  cMVS_mc
  dMVS_mc
  aST_mc
  bST_mc
  cST_mc
  dST_mc
  aSD_mc
  bSD_mc
  cSD_mc
  dSD_mc
  bMEANING
  cMEANING
  dMEANING
  bMEAN_L
  cMEAN_L
  dMEAN_L
  bMEANNGc
  cMEANNGc
  dMEANNGc
  bMEANGlc
  cMEANGlc
  dMEANGlc
  bCLASSIC
  cCLASSIC
  dCLASSIC
  bCLASSCc
  cCLASSCc
  dCLASSCc
  bAGR_VAL
  cAGR_VAL
  dAGR_VAL
  bOPN_VAL
  cOPN_VAL
  dOPN_VAL
  bAGR_VLc
  cAGR_VLc
  dAGR_VLc
  bOPNVALc
  cOPNVALc
  dOPNVALc
  aMV_pomp
  bMV_pomp
  cMV_pomp
  dMV_pomp
  aST_pomp
  bST_pomp
  cST_pomp
  dST_pomp
  aSD_pomp
  bSD_pomp
  cSD_pomp
  dSD_pomp
  agoal_ec
  bgoal_ec
  cgoal_ec
  dgoal_ec
  aAspfinc
  bAspfinc
  cAspfinc
  dAspfinc
  abfi_hp8
  bbfi_hp8
  cbfi_hp8
  dbfi_hp8
  aP_S_BFI
  aP_D_BFI
  aECgoalc
  bECgoalC
  cECgoalC
  dECgoalC
  aaspfin
  baspfin
  caspfin
  daspfin;

  USEVARIABLES =
  aBFA_NW
  bBFA_NW
  cBFA_NW
  dBFA_NW
  aUSI
  bUSI
  cUSI
  dUSI
  bage_c
  cage_c
  dage_c
  ;

  missing = all (-9999);

  USEOBSERVATIONS are Sample == 2; ! College Sample

  tscores = bage_c cage_c dage_c;

  DEFINE:
  bage_c = aAGE + 1 - 20.5;
  cage_c = aAGE + 2 - 20.5;
  dage_c = aAGE + 3 - 20.5;

  ANALYSIS:
  TYPE=RANDOM;
  PROCESSORS = 8;

  MODEL:

  i_BFA_NW s_BFA_NW | bBFA_NW cBFA_NW dBFA_NW AT bage_c cage_c dage_c;
  i_USI s_USI | bUSI cUSI dUSI AT bage_c cage_c dage_c;


  !After Bollen and Curran initial observation is not part of LGM

  dBFA_NW on cBFA_NW (a); ! Autoregressive paths constrained to equality
  cBFA_NW on bBFA_NW (a);
  bBFA_NW on aBFA_NW (a);

  dUSI on cUSI (b); ! Autoregressive paths constrained to equality
  cUSI on bUSI (b);
  bUSI on aUSI (b);

  bBFA_NW cBFA_NW dBFA_NW (c); !Equality constraint on residuals
  bUSI cUSI dUSI (d); !Equality constraint on residuals

  dUSI on cBFA_NW (x); ! Cross-lagged paths constrained to equality
  cUSI on bBFA_NW (x);
  bUSI on aBFA_NW (x);

  dBFA_NW on cUSI (y); ! Cross-lagged paths constrained to equality
  cBFA_NW on bUSI (y);
  bBFA_NW on aUSI (y);

  dUSI with dBFA_NW (w); ! within-wave correlations constrained to equality
  cUSI with cBFA_NW (w);
  bUSI with bBFA_NW (w);

  aBFA_NW aUSI i_BFA_NW i_USI
  s_BFA_NW
  s_USI
  with
  s_BFA_NW
  s_USI
  aBFA_NW aUSI i_BFA_NW i_USI;



  OUTPUT: SAMPSTAT PATTERNS;



*** WARNING
  Data set contains cases with missing on all variables.
  These cases were not included in the analysis.
  Number of cases with missing on all variables:  1
   1 WARNING(S) FOUND IN THE INPUT INSTRUCTIONS



PxVx Univariate - Col Lin BFA_NW with Lin USI;

SUMMARY OF ANALYSIS

Number of groups                                                 1
Number of observations                                         279

Number of dependent variables                                    6
Number of independent variables                                  2
Number of continuous latent variables                            4

Observed dependent variables

  Continuous
   BBFA_NW     CBFA_NW     DBFA_NW     BUSI        CUSI        DUSI

Observed independent variables
   ABFA_NW     AUSI

Continuous latent variables
   I_BFA_NW    S_BFA_NW    I_USI       S_USI

Variables with special functions

  Time scores
   BAGE_C      CAGE_C      DAGE_C


Estimator                                                      MLR
Information matrix                                        OBSERVED
Maximum number of iterations                                   100
Convergence criterion                                    0.100D-05
Maximum number of EM iterations                                500
Convergence criteria for the EM algorithm
  Loglikelihood change                                   0.100D-02
  Relative loglikelihood change                          0.100D-05
  Derivative                                             0.100D-03
Minimum variance                                         0.100D-03
Maximum number of steepest descent iterations                   20
Maximum number of iterations for H1                           2000
Convergence criterion for H1                             0.100D-03
Optimization algorithm                                         EMA

Input data file(s)
  E:\Projects\lnt_pxvx\Data\LT_227.txt
Input data format  FREE


SUMMARY OF DATA

     Number of missing data patterns            13


SUMMARY OF MISSING DATA PATTERNS


     MISSING DATA PATTERNS (x = not missing)

           1  2  3  4  5  6  7  8  9 10 11 12 13
 BBFA_NW   x  x     x        x  x              x
 CBFA_NW   x  x  x                 x  x
 DBFA_NW   x              x  x  x  x  x
 BUSI      x  x     x           x
 CUSI      x  x  x                 x  x
 DUSI      x              x     x     x
 ABFA_NW   x  x  x  x  x  x  x  x  x  x  x     x
 AUSI      x  x  x  x  x  x  x  x  x  x     x  x


     MISSING DATA PATTERN FREQUENCIES

    Pattern   Frequency     Pattern   Frequency     Pattern   Frequency
          1         140           6          11          11           2
          2          12           7           1          12           1
          3           5           8          16          13           2
          4          27           9           1
          5          51          10          10


COVARIANCE COVERAGE OF DATA

Minimum covariance coverage value   0.100


     PROPORTION OF DATA PRESENT


           Covariance Coverage
              BBFA_NW       CBFA_NW       DBFA_NW       BUSI          CUSI
              ________      ________      ________      ________      ________
 BBFA_NW        0.710
 CBFA_NW        0.545         0.602
 DBFA_NW        0.563         0.541         0.642
 BUSI           0.699         0.545         0.559         0.699
 CUSI           0.545         0.602         0.541         0.545         0.602
 DUSI           0.559         0.538         0.634         0.559         0.538
 ABFA_NW        0.710         0.602         0.642         0.699         0.602
 AUSI           0.710         0.602         0.642         0.699         0.602


           Covariance Coverage
              DUSI          ABFA_NW       AUSI
              ________      ________      ________
 DUSI           0.634
 ABFA_NW        0.634         0.996
 AUSI           0.634         0.989         0.993


SAMPLE STATISTICS


     ESTIMATED SAMPLE STATISTICS


           Means
              BBFA_NW       CBFA_NW       DBFA_NW       BUSI          CUSI
              ________      ________      ________      ________      ________
 1             47.792        47.750        47.500        31.451        30.248


           Means
              DUSI          ABFA_NW       AUSI
              ________      ________      ________
 1             30.023        48.513        33.026


           Covariances
              BBFA_NW       CBFA_NW       DBFA_NW       BUSI          CUSI
              ________      ________      ________      ________      ________
 BBFA_NW      351.638
 CBFA_NW      257.272       363.460
 DBFA_NW      258.594       269.395       324.142
 BUSI           9.313        14.492         6.184       245.953
 CUSI           1.548        24.179         6.427       183.256       253.538
 DUSI          -6.558        15.871        -3.586       165.879       189.873
 ABFA_NW      240.926       222.828       220.261       -16.334         3.023
 AUSI           8.128        20.912        16.002       177.789       178.404


           Covariances
              DUSI          ABFA_NW       AUSI
              ________      ________      ________
 DUSI         274.918
 ABFA_NW      -15.100       334.156
 AUSI         173.740        12.336       248.518


           Correlations
              BBFA_NW       CBFA_NW       DBFA_NW       BUSI          CUSI
              ________      ________      ________      ________      ________
 BBFA_NW        1.000
 CBFA_NW        0.720         1.000
 DBFA_NW        0.766         0.785         1.000
 BUSI           0.032         0.048         0.022         1.000
 CUSI           0.005         0.080         0.022         0.734         1.000
 DUSI          -0.021         0.050        -0.012         0.638         0.719
 ABFA_NW        0.703         0.639         0.669        -0.057         0.010
 AUSI           0.027         0.070         0.056         0.719         0.711


           Correlations
              DUSI          ABFA_NW       AUSI
              ________      ________      ________
 DUSI           1.000
 ABFA_NW       -0.050         1.000
 AUSI           0.665         0.043         1.000


     MAXIMUM LOG-LIKELIHOOD VALUE FOR THE UNRESTRICTED (H1) MODEL IS -6526.793


THE MODEL ESTIMATION TERMINATED NORMALLY



MODEL FIT INFORMATION

Number of Free Parameters                       34

Loglikelihood

          H0 Value                       -6533.911
          H0 Scaling Correction Factor       1.122
            for MLR

Information Criteria

          Akaike (AIC)                   13135.823
          Bayesian (BIC)                 13259.284
          Sample-Size Adjusted BIC       13151.473
            (n* = (n + 2) / 24)



MODEL RESULTS

                                                    Two-Tailed
                    Estimate       S.E.  Est./S.E.    P-Value

 DBFA_NW    ON
    CBFA_NW            0.132      0.227      0.580      0.562
    CUSI              -0.121      0.266     -0.457      0.648

 CBFA_NW    ON
    BBFA_NW            0.132      0.227      0.580      0.562
    BUSI              -0.121      0.266     -0.457      0.648

 BBFA_NW    ON
    ABFA_NW            0.132      0.227      0.580      0.562
    AUSI              -0.121      0.266     -0.457      0.648

 DUSI       ON
    CUSI               0.273      0.353      0.773      0.440
    CBFA_NW           -0.123      0.146     -0.842      0.400

 CUSI       ON
    BUSI               0.273      0.353      0.773      0.440
    BBFA_NW           -0.123      0.146     -0.842      0.400

 BUSI       ON
    AUSI               0.273      0.353      0.773      0.440
    ABFA_NW           -0.123      0.146     -0.842      0.400

 S_BFA_NW WITH
    I_BFA_NW          -7.979     10.776     -0.740      0.459

 I_USI    WITH
    I_BFA_NW          52.527     62.549      0.840      0.401
    S_BFA_NW          -1.243      8.486     -0.146      0.884

 S_USI    WITH
    I_BFA_NW          -1.109      9.314     -0.119      0.905
    S_BFA_NW           0.882      2.912      0.303      0.762
    I_USI             -8.308     11.043     -0.752      0.452

 ABFA_NW  WITH
    I_BFA_NW         187.271     89.679      2.088      0.037
    S_BFA_NW           3.711     14.914      0.249      0.803
    I_USI             33.696     58.536      0.576      0.565
    S_USI             -5.363     11.140     -0.481      0.630

 AUSI     WITH
    I_BFA_NW          34.286     70.010      0.490      0.624
    S_BFA_NW           1.412     10.757      0.131      0.896
    I_USI            108.750     86.620      1.255      0.209
    S_USI              7.224     10.120      0.714      0.475

 DUSI     WITH
    DBFA_NW           -4.377     13.210     -0.331      0.740

 CUSI     WITH
    CBFA_NW           -4.377     13.210     -0.331      0.740

 BUSI     WITH
    BBFA_NW           -4.377     13.210     -0.331      0.740

 AUSI     WITH
    ABFA_NW           12.335     17.313      0.712      0.476

 Means
    ABFA_NW           48.508      1.095     44.287      0.000
    AUSI              33.029      0.947     34.895      0.000
    I_BFA_NW          45.855      5.408      8.478      0.000
    S_BFA_NW          -0.343      0.543     -0.633      0.527
    I_USI             28.351     10.345      2.740      0.006
    S_USI             -0.242      0.630     -0.384      0.701

 Intercepts
    BBFA_NW            0.000      0.000    999.000    999.000
    CBFA_NW            0.000      0.000    999.000    999.000
    DBFA_NW            0.000      0.000    999.000    999.000
    BUSI               0.000      0.000    999.000    999.000
    CUSI               0.000      0.000    999.000    999.000
    DUSI               0.000      0.000    999.000    999.000

 Variances
    ABFA_NW          334.156     27.036     12.360      0.000
    AUSI             248.518     16.851     14.748      0.000
    I_BFA_NW         221.353     94.615      2.340      0.019
    S_BFA_NW           2.268      4.012      0.565      0.572
    I_USI            103.799     99.559      1.043      0.297
    S_USI              4.507      4.305      1.047      0.295

 Residual Variances
    BBFA_NW           90.594     16.847      5.377      0.000
    CBFA_NW           90.594     16.847      5.377      0.000
    DBFA_NW           90.594     16.847      5.377      0.000
    BUSI              87.919     25.708      3.420      0.001
    CUSI              87.919     25.708      3.420      0.001
    DUSI              87.919     25.708      3.420      0.001


QUALITY OF NUMERICAL RESULTS

     Condition Number for the Information Matrix              0.234E-06
       (ratio of smallest to largest eigenvalue)


     Beginning Time:  18:29:05
        Ending Time:  18:29:10
       Elapsed Time:  00:00:05



MUTHEN & MUTHEN
3463 Stoner Ave.
Los Angeles, CA  90066

Tel: (310) 391-9971
Fax: (310) 391-8971
Web: www.StatModel.com
Support: Support@StatModel.com

Copyright (c) 1998-2011 Muthen & Muthen
