Mplus VERSION 6.12
MUTHEN & MUTHEN
03/09/2016   7:24 PM

INPUT INSTRUCTIONS


  title: PxVx Univariate - Nat MeanOnly BFA_EE with MeanOnly BFA_MT;
  data: file = E:\Projects\lnt_pxvx\Data\LT_227.txt;


  variable:
  names =
  subjid
  Sample
  aGENDER
  aAGE
  aethnic1
  aethnic2
  aedu_mom
  aedu_dad
  aEDUCATN
  bEDUCATN
  cEDUCATN
  aEMPLOYD
  bEMPLOYD
  cEMPLOYD
  dEMPLOYD
  aINCOME
  bINCOME
  cINCOME
  dINCOME
  aS_SCALE
  bS_SCALE
  cS_SCALE
  dS_SCALE
  aD_SCALE
  bD_SCALE
  cD_SCALE
  dD_SCALE
  aS_COMP
  bS_COMP
  cS_COMP
  dS_COMP
  aD_COMP
  bD_COMP
  cD_COMP
  dD_COMP
  aBFI_A
  aBFI_A6
  aBFI_C
  aBFI_E
  aBFI_HP
  aBFI_N
  aBFI_O
  bBFI_A
  bBFI_A6
  bBFI_C
  bBFI_E
  bBFI_HP
  bBFI_N
  bBFI_O
  cBFI_A
  cBFI_A6
  cBFI_C
  cBFI_E
  cBFI_HP
  cBFI_N
  cBFI_O
  dBFI_A
  dBFI_A6
  dBFI_C
  dBFI_E
  dBFI_HP
  dBFI_N
  dBFI_O
  aBFA_AC
  aBFA_AP
  aBFA_CI
  aBFA_CO
  aBFA_EA
  aBFA_EE
  aBFA_N9
  aBFA_NV
  aBFA_NW
  aBFA_OI
  aBFA_OO
  aBFA_PS
  aBFA_MT
  bBFA_AC
  bBFA_AP
  bBFA_CI
  bBFA_CO
  bBFA_EA
  bBFA_EE
  bBFA_N9
  bBFA_NV
  bBFA_NW
  bBFA_OI
  bBFA_OO
  bBFA_MT
  bBFA_PS
  cBFA_AC
  cBFA_AP
  cBFA_CI
  cBFA_CO
  cBFA_EA
  cBFA_EE
  cBFA_N9
  cBFA_NV
  cBFA_NW
  cBFA_OI
  cBFA_OO
  cBFA_MT
  cBFA_PS
  dBFA_AC
  dBFA_AP
  dBFA_CI
  dBFA_CO
  dBFA_EA
  dBFA_EE
  dBFA_N9
  dBFA_NV
  dBFA_NW
  dBFA_OI
  dBFA_OO
  dBFA_MT
  dBFA_PS
  aUSI
  bUSI
  cUSI
  dUSI
  aHRZ_IND
  bHRZ_IND
  cHRZ_IND
  dHRZ_IND
  aVRT_IND
  bVRT_IND
  cVRT_IND
  dVRT_IND
  aHRZ_COL
  bHRZ_COL
  cHRZ_COL
  dHRZ_COL
  aVRT_COL
  bVRT_COL
  cVRT_COL
  dVRT_COL
  aCOLLCTV
  bCOLLCTV
  cCOLLCTV
  dCOLLCTV
  aMVS
  bMVS
  cMVS
  dMVS
  aST
  bST
  cST
  dST
  aSD
  bSD
  cSD
  dSD
  aMVS_mc
  bMVS_mc
  cMVS_mc
  dMVS_mc
  aST_mc
  bST_mc
  cST_mc
  dST_mc
  aSD_mc
  bSD_mc
  cSD_mc
  dSD_mc
  bMEANING
  cMEANING
  dMEANING
  bMEAN_L
  cMEAN_L
  dMEAN_L
  bMEANNGc
  cMEANNGc
  dMEANNGc
  bMEANGlc
  cMEANGlc
  dMEANGlc
  bCLASSIC
  cCLASSIC
  dCLASSIC
  bCLASSCc
  cCLASSCc
  dCLASSCc
  bAGR_VAL
  cAGR_VAL
  dAGR_VAL
  bOPN_VAL
  cOPN_VAL
  dOPN_VAL
  bAGR_VLc
  cAGR_VLc
  dAGR_VLc
  bOPNVALc
  cOPNVALc
  dOPNVALc
  aMV_pomp
  bMV_pomp
  cMV_pomp
  dMV_pomp
  aST_pomp
  bST_pomp
  cST_pomp
  dST_pomp
  aSD_pomp
  bSD_pomp
  cSD_pomp
  dSD_pomp
  agoal_ec
  bgoal_ec
  cgoal_ec
  dgoal_ec
  aAspfinc
  bAspfinc
  cAspfinc
  dAspfinc
  abfi_hp8
  bbfi_hp8
  cbfi_hp8
  dbfi_hp8
  aP_S_BFI
  aP_D_BFI
  aECgoalc
  bECgoalC
  cECgoalC
  dECgoalC
  aaspfin
  baspfin
  caspfin
  daspfin;


  USEVARIABLES =
  aBFA_EE
  bBFA_EE
  cBFA_EE
  dBFA_EE
  aBFA_MT
  bBFA_MT
  cBFA_MT
  dBFA_MT
  bage_c
  cage_c
  dage_c
  ;

  missing = all (-9999);

  USEOBSERVATIONS are Sample == 1; ! National Sample

  tscores = bage_c cage_c dage_c;

  DEFINE:
  bage_c = aAGE + 1 - 36;
  cage_c = aAGE + 2 - 36;
  dage_c = aAGE + 3 - 36;

  ANALYSIS:
  TYPE=RANDOM;
  PROCESSORS = 8;

  MODEL:

  i_BFA_EE s_BFA_EE | bBFA_EE cBFA_EE dBFA_EE AT bage_c cage_c dage_c;
  i_BFA_MT s_BFA_MT | bBFA_MT cBFA_MT dBFA_MT AT bage_c cage_c dage_c;


  !After Bollen and Curran initial observation is not part of LGM

  dBFA_EE on cBFA_EE (a); ! Autoregressive paths constrained to equality
  cBFA_EE on bBFA_EE (a);
  bBFA_EE on aBFA_EE (a);

  dBFA_MT on cBFA_MT (b); ! Autoregressive paths constrained to equality
  cBFA_MT on bBFA_MT (b);
  bBFA_MT on aBFA_MT (b);

  bBFA_EE cBFA_EE dBFA_EE (c); !Equality constraint on residuals
  bBFA_MT cBFA_MT dBFA_MT (d); !Equality constraint on residuals

  dBFA_MT on cBFA_EE (x); ! Cross-lagged paths constrained to equality
  cBFA_MT on bBFA_EE (x);
  bBFA_MT on aBFA_EE (x);

  dBFA_EE on cBFA_MT (y); ! Cross-lagged paths constrained to equality
  cBFA_EE on bBFA_MT (y);
  bBFA_EE on aBFA_MT (y);

  dBFA_MT with dBFA_EE (w); ! within-wave correlations constrained to equality
  cBFA_MT with cBFA_EE (w);
  bBFA_MT with bBFA_EE (w);

  aBFA_EE aBFA_MT i_BFA_EE i_BFA_MT
  with
  aBFA_EE aBFA_MT i_BFA_EE i_BFA_MT;

  s_BFA_EE@0;

  s_BFA_MT@0;

  OUTPUT: SAMPSTAT PATTERNS;



*** WARNING in MODEL command
  All continuous latent variable covariances involving S_BFA_EE have been fixed to 0
  because the variance of S_BFA_EE is fixed at 0.
*** WARNING in MODEL command
  All continuous latent variable covariances involving S_BFA_MT have been fixed to 0
  because the variance of S_BFA_MT is fixed at 0.
*** WARNING
  Data set contains cases with missing on time scores but non-missing on the
  corresponding dependent variables.  These cases were not included in the analysis.
  Number of such cases:  5
   3 WARNING(S) FOUND IN THE INPUT INSTRUCTIONS



PxVx Univariate - Nat MeanOnly BFA_EE with MeanOnly BFA_MT;

SUMMARY OF ANALYSIS

Number of groups                                                 1
Number of observations                                         874

Number of dependent variables                                    6
Number of independent variables                                  2
Number of continuous latent variables                            4

Observed dependent variables

  Continuous
   BBFA_EE     CBFA_EE     DBFA_EE     BBFA_MT     CBFA_MT     DBFA_MT

Observed independent variables
   ABFA_EE     ABFA_MT

Continuous latent variables
   I_BFA_EE    S_BFA_EE    I_BFA_MT    S_BFA_MT

Variables with special functions

  Time scores
   BAGE_C      CAGE_C      DAGE_C


Estimator                                                      MLR
Information matrix                                        OBSERVED
Maximum number of iterations                                   100
Convergence criterion                                    0.100D-05
Maximum number of EM iterations                                500
Convergence criteria for the EM algorithm
  Loglikelihood change                                   0.100D-02
  Relative loglikelihood change                          0.100D-05
  Derivative                                             0.100D-03
Minimum variance                                         0.100D-03
Maximum number of steepest descent iterations                   20
Maximum number of iterations for H1                           2000
Convergence criterion for H1                             0.100D-03
Optimization algorithm                                         EMA

Input data file(s)
  E:\Projects\lnt_pxvx\Data\LT_227.txt
Input data format  FREE


SUMMARY OF DATA

     Number of missing data patterns            10


SUMMARY OF MISSING DATA PATTERNS


     MISSING DATA PATTERNS (x = not missing)

           1  2  3  4  5  6  7  8  9 10
 BBFA_EE   x     x  x        x     x  x
 CBFA_EE   x           x     x  x  x  x
 DBFA_EE   x     x     x  x        x  x
 BBFA_MT   x     x  x        x        x
 CBFA_MT   x           x     x  x  x  x
 DBFA_MT   x     x     x  x        x  x
 ABFA_EE   x  x  x  x  x  x  x  x  x
 ABFA_MT   x  x  x  x  x  x  x  x  x


     MISSING DATA PATTERN FREQUENCIES

    Pattern   Frequency     Pattern   Frequency     Pattern   Frequency
          1         498           5          22           9           1
          2         170           6          25          10           2
          3          27           7          48
          4          57           8          24


COVARIANCE COVERAGE OF DATA

Minimum covariance coverage value   0.100


     PROPORTION OF DATA PRESENT


           Covariance Coverage
              BBFA_EE       CBFA_EE       DBFA_EE       BBFA_MT       CBFA_MT
              ________      ________      ________      ________      ________
 BBFA_EE        0.724
 CBFA_EE        0.628         0.681
 DBFA_EE        0.604         0.598         0.658
 BBFA_MT        0.723         0.627         0.603         0.723
 CBFA_MT        0.628         0.681         0.598         0.627         0.681
 DBFA_MT        0.604         0.598         0.658         0.603         0.598
 ABFA_EE        0.722         0.678         0.656         0.721         0.678
 ABFA_MT        0.722         0.678         0.656         0.721         0.678


           Covariance Coverage
              DBFA_MT       ABFA_EE       ABFA_MT
              ________      ________      ________
 DBFA_MT        0.658
 ABFA_EE        0.656         0.998
 ABFA_MT        0.656         0.998         0.998


SAMPLE STATISTICS


     ESTIMATED SAMPLE STATISTICS


           Means
              BBFA_EE       CBFA_EE       DBFA_EE       BBFA_MT       CBFA_MT
              ________      ________      ________      ________      ________
 1             61.953        61.016        60.264        48.302        47.841


           Means
              DBFA_MT       ABFA_EE       ABFA_MT
              ________      ________      ________
 1             47.577        62.071        48.593


           Covariances
              BBFA_EE       CBFA_EE       DBFA_EE       BBFA_MT       CBFA_MT
              ________      ________      ________      ________      ________
 BBFA_EE      348.989
 CBFA_EE      295.514       356.234
 DBFA_EE      298.622       310.862       379.413
 BBFA_MT        3.364        -1.153        -7.578       232.459
 CBFA_MT       -3.245        -3.530        -6.419       192.104       239.168
 DBFA_MT       10.565         4.415        -2.434       188.750       202.025
 ABFA_EE      293.113       287.524       290.256        -1.825        -9.354
 ABFA_MT        0.271         2.968        -4.139       185.425       183.161


           Covariances
              DBFA_MT       ABFA_EE       ABFA_MT
              ________      ________      ________
 DBFA_MT      251.202
 ABFA_EE        7.122       350.958
 ABFA_MT      179.880       -10.508       237.222


           Correlations
              BBFA_EE       CBFA_EE       DBFA_EE       BBFA_MT       CBFA_MT
              ________      ________      ________      ________      ________
 BBFA_EE        1.000
 CBFA_EE        0.838         1.000
 DBFA_EE        0.821         0.846         1.000
 BBFA_MT        0.012        -0.004        -0.026         1.000
 CBFA_MT       -0.011        -0.012        -0.021         0.815         1.000
 DBFA_MT        0.036         0.015        -0.008         0.781         0.824
 ABFA_EE        0.838         0.813         0.795        -0.006        -0.032
 ABFA_MT        0.001         0.010        -0.014         0.790         0.769


           Correlations
              DBFA_MT       ABFA_EE       ABFA_MT
              ________      ________      ________
 DBFA_MT        1.000
 ABFA_EE        0.024         1.000
 ABFA_MT        0.737        -0.036         1.000


     MAXIMUM LOG-LIKELIHOOD VALUE FOR THE UNRESTRICTED (H1) MODEL IS -20555.251

     WARNING:  THE MLR STANDARD ERRORS COULD NOT BE COMPUTED.  THE MLF STANDARD
     ERRORS WERE COMPUTED INSTEAD.  THE MLR CONDITION NUMBER IS      -0.347D-05.
     PROBLEM INVOLVING PARAMETER 20.  THIS MAY BE DUE TO NEAR SINGULARITY
     OF THE RANDOM EFFECT VARIANCE/COVARIANCE OR INCOMPLETE CONVERGENCE.

THE MODEL ESTIMATION TERMINATED NORMALLY



MODEL FIT INFORMATION

Number of Free Parameters                       23

Loglikelihood

          H0 Value                      -20572.633

Information Criteria

          Akaike (AIC)                   41191.266
          Bayesian (BIC)                 41301.046
          Sample-Size Adjusted BIC       41228.004
            (n* = (n + 2) / 24)



MODEL RESULTS

                                                    Two-Tailed
                    Estimate       S.E.  Est./S.E.    P-Value

 DBFA_EE    ON
    CBFA_EE            0.189      0.042      4.545      0.000
    CBFA_MT            0.001      0.040      0.022      0.983

 CBFA_EE    ON
    BBFA_EE            0.189      0.042      4.545      0.000
    BBFA_MT            0.001      0.040      0.022      0.983

 BBFA_EE    ON
    ABFA_EE            0.189      0.042      4.545      0.000
    ABFA_MT            0.001      0.040      0.022      0.983

 DBFA_MT    ON
    CBFA_MT            0.179      0.034      5.334      0.000
    CBFA_EE           -0.008      0.031     -0.249      0.803

 CBFA_MT    ON
    BBFA_MT            0.179      0.034      5.334      0.000
    BBFA_EE           -0.008      0.031     -0.249      0.803

 BBFA_MT    ON
    ABFA_MT            0.179      0.034      5.334      0.000
    ABFA_EE           -0.008      0.031     -0.249      0.803

 I_BFA_MT WITH
    I_BFA_EE           2.297     13.389      0.172      0.864

 ABFA_EE  WITH
    I_BFA_EE         230.261     18.377     12.530      0.000
    I_BFA_MT           2.396     12.276      0.195      0.845

 ABFA_MT  WITH
    I_BFA_EE           1.370     11.053      0.124      0.901
    I_BFA_MT         145.963     10.518     13.877      0.000

 DBFA_MT  WITH
    DBFA_EE            0.083      2.068      0.040      0.968

 CBFA_MT  WITH
    CBFA_EE            0.083      2.068      0.040      0.968

 BBFA_MT  WITH
    BBFA_EE            0.083      2.068      0.040      0.968

 ABFA_MT  WITH
    ABFA_EE          -10.477      9.374     -1.118      0.264

 Means
    ABFA_EE           62.071      0.656     94.645      0.000
    ABFA_MT           48.594      0.529     91.845      0.000
    I_BFA_EE          49.357      3.246     15.207      0.000
    S_BFA_EE           0.041      0.029      1.399      0.162
    I_BFA_MT          39.817      2.770     14.373      0.000
    S_BFA_MT          -0.028      0.029     -0.966      0.334

 Intercepts
    BBFA_EE            0.000      0.000    999.000    999.000
    CBFA_EE            0.000      0.000    999.000    999.000
    DBFA_EE            0.000      0.000    999.000    999.000
    BBFA_MT            0.000      0.000    999.000    999.000
    CBFA_MT            0.000      0.000    999.000    999.000
    DBFA_MT            0.000      0.000    999.000    999.000

 Variances
    ABFA_EE          350.916     18.885     18.582      0.000
    ABFA_MT          237.212     11.594     20.459      0.000
    I_BFA_EE         191.490     24.464      7.827      0.000
    S_BFA_EE           0.000      0.000    999.000    999.000
    I_BFA_MT         126.559     13.337      9.489      0.000
    S_BFA_MT           0.000      0.000    999.000    999.000

 Residual Variances
    BBFA_EE           67.524      3.101     21.777      0.000
    CBFA_EE           67.524      3.101     21.777      0.000
    DBFA_EE           67.524      3.101     21.777      0.000
    BBFA_MT           51.723      1.845     28.040      0.000
    CBFA_MT           51.723      1.845     28.040      0.000
    DBFA_MT           51.723      1.845     28.040      0.000


QUALITY OF NUMERICAL RESULTS

     Condition Number for the Information Matrix              0.695E-07
       (ratio of smallest to largest eigenvalue)


     Beginning Time:  19:24:43
        Ending Time:  19:24:47
       Elapsed Time:  00:00:04



MUTHEN & MUTHEN
3463 Stoner Ave.
Los Angeles, CA  90066

Tel: (310) 391-9971
Fax: (310) 391-8971
Web: www.StatModel.com
Support: Support@StatModel.com

Copyright (c) 1998-2011 Muthen & Muthen
