Mplus VERSION 6.12
MUTHEN & MUTHEN
03/09/2016   6:17 PM

INPUT INSTRUCTIONS


  title: PxVx Univariate - Col MeanOnly BFA_CI with MeanOnly VRT_IND;
  data: file = E:\Projects\lnt_pxvx\Data\LT_227.txt;



  variable:
  names =
  subjid
  Sample
  aGENDER
  aAGE
  aethnic1
  aethnic2
  aedu_mom
  aedu_dad
  aEDUCATN
  bEDUCATN
  cEDUCATN
  aEMPLOYD
  bEMPLOYD
  cEMPLOYD
  dEMPLOYD
  aINCOME
  bINCOME
  cINCOME
  dINCOME
  aS_SCALE
  bS_SCALE
  cS_SCALE
  dS_SCALE
  aD_SCALE
  bD_SCALE
  cD_SCALE
  dD_SCALE
  aS_COMP
  bS_COMP
  cS_COMP
  dS_COMP
  aD_COMP
  bD_COMP
  cD_COMP
  dD_COMP
  aBFI_A
  aBFI_A6
  aBFI_C
  aBFI_E
  aBFI_HP
  aBFI_N
  aBFI_O
  bBFI_A
  bBFI_A6
  bBFI_C
  bBFI_E
  bBFI_HP
  bBFI_N
  bBFI_O
  cBFI_A
  cBFI_A6
  cBFI_C
  cBFI_E
  cBFI_HP
  cBFI_N
  cBFI_O
  dBFI_A
  dBFI_A6
  dBFI_C
  dBFI_E
  dBFI_HP
  dBFI_N
  dBFI_O
  aBFA_AC
  aBFA_AP
  aBFA_CI
  aBFA_CO
  aBFA_EA
  aBFA_EE
  aBFA_N9
  aBFA_NV
  aBFA_NW
  aBFA_OI
  aBFA_OO
  aBFA_PS
  aBFA_MT
  bBFA_AC
  bBFA_AP
  bBFA_CI
  bBFA_CO
  bBFA_EA
  bBFA_EE
  bBFA_N9
  bBFA_NV
  bBFA_NW
  bBFA_OI
  bBFA_OO
  bBFA_MT
  bBFA_PS
  cBFA_AC
  cBFA_AP
  cBFA_CI
  cBFA_CO
  cBFA_EA
  cBFA_EE
  cBFA_N9
  cBFA_NV
  cBFA_NW
  cBFA_OI
  cBFA_OO
  cBFA_MT
  cBFA_PS
  dBFA_AC
  dBFA_AP
  dBFA_CI
  dBFA_CO
  dBFA_EA
  dBFA_EE
  dBFA_N9
  dBFA_NV
  dBFA_NW
  dBFA_OI
  dBFA_OO
  dBFA_MT
  dBFA_PS
  aUSI
  bUSI
  cUSI
  dUSI
  aHRZ_IND
  bHRZ_IND
  cHRZ_IND
  dHRZ_IND
  aVRT_IND
  bVRT_IND
  cVRT_IND
  dVRT_IND
  aHRZ_COL
  bHRZ_COL
  cHRZ_COL
  dHRZ_COL
  aVRT_COL
  bVRT_COL
  cVRT_COL
  dVRT_COL
  aCOLLCTV
  bCOLLCTV
  cCOLLCTV
  dCOLLCTV
  aMVS
  bMVS
  cMVS
  dMVS
  aST
  bST
  cST
  dST
  aSD
  bSD
  cSD
  dSD
  aMVS_mc
  bMVS_mc
  cMVS_mc
  dMVS_mc
  aST_mc
  bST_mc
  cST_mc
  dST_mc
  aSD_mc
  bSD_mc
  cSD_mc
  dSD_mc
  bMEANING
  cMEANING
  dMEANING
  bMEAN_L
  cMEAN_L
  dMEAN_L
  bMEANNGc
  cMEANNGc
  dMEANNGc
  bMEANGlc
  cMEANGlc
  dMEANGlc
  bCLASSIC
  cCLASSIC
  dCLASSIC
  bCLASSCc
  cCLASSCc
  dCLASSCc
  bAGR_VAL
  cAGR_VAL
  dAGR_VAL
  bOPN_VAL
  cOPN_VAL
  dOPN_VAL
  bAGR_VLc
  cAGR_VLc
  dAGR_VLc
  bOPNVALc
  cOPNVALc
  dOPNVALc
  aMV_pomp
  bMV_pomp
  cMV_pomp
  dMV_pomp
  aST_pomp
  bST_pomp
  cST_pomp
  dST_pomp
  aSD_pomp
  bSD_pomp
  cSD_pomp
  dSD_pomp
  agoal_ec
  bgoal_ec
  cgoal_ec
  dgoal_ec
  aAspfinc
  bAspfinc
  cAspfinc
  dAspfinc
  abfi_hp8
  bbfi_hp8
  cbfi_hp8
  dbfi_hp8
  aP_S_BFI
  aP_D_BFI
  aECgoalc
  bECgoalC
  cECgoalC
  dECgoalC
  aaspfin
  baspfin
  caspfin
  daspfin;

  USEVARIABLES =
  aBFA_CI
  bBFA_CI
  cBFA_CI
  dBFA_CI
  aVRT_IND
  bVRT_IND
  cVRT_IND
  dVRT_IND
  bage_c
  cage_c
  dage_c
  ;

  missing = all (-9999);

  USEOBSERVATIONS are Sample == 2; ! College Sample

  tscores = bage_c cage_c dage_c;

  DEFINE:
  bage_c = aAGE + 1 - 20.5;
  cage_c = aAGE + 2 - 20.5;
  dage_c = aAGE + 3 - 20.5;

  ANALYSIS:
  TYPE=RANDOM;
  PROCESSORS = 8;

  MODEL:

  i_BFA_CI s_BFA_CI | bBFA_CI cBFA_CI dBFA_CI AT bage_c cage_c dage_c;
  i_VRT_IND s_VRT_IND | bVRT_IND cVRT_IND dVRT_IND AT bage_c cage_c dage_c;


  !After Bollen and Curran initial observation is not part of LGM

  dBFA_CI on cBFA_CI (a); ! Autoregressive paths constrained to equality
  cBFA_CI on bBFA_CI (a);
  bBFA_CI on aBFA_CI (a);

  dVRT_IND on cVRT_IND (b); ! Autoregressive paths constrained to equality
  cVRT_IND on bVRT_IND (b);
  bVRT_IND on aVRT_IND (b);

  bBFA_CI cBFA_CI dBFA_CI (c); !Equality constraint on residuals
  bVRT_IND cVRT_IND dVRT_IND (d); !Equality constraint on residuals

  dVRT_IND on cBFA_CI (x); ! Cross-lagged paths constrained to equality
  cVRT_IND on bBFA_CI (x);
  bVRT_IND on aBFA_CI (x);

  dBFA_CI on cVRT_IND (y); ! Cross-lagged paths constrained to equality
  cBFA_CI on bVRT_IND (y);
  bBFA_CI on aVRT_IND (y);

  dVRT_IND with dBFA_CI (w); ! within-wave correlations constrained to equality
  cVRT_IND with cBFA_CI (w);
  bVRT_IND with bBFA_CI (w);

  aBFA_CI aVRT_IND i_BFA_CI i_VRT_IND
  with
  aBFA_CI aVRT_IND i_BFA_CI i_VRT_IND;

  s_BFA_CI@0;

  s_VRT_IND@0;

  OUTPUT: SAMPSTAT PATTERNS;



*** WARNING
  Variable name contains more than 8 characters.
  Only the first 8 characters will be printed in the output.
  Variable: I_VRT_IND
*** WARNING
  Variable name contains more than 8 characters.
  Only the first 8 characters will be printed in the output.
  Variable: S_VRT_IND
*** WARNING in MODEL command
  All continuous latent variable covariances involving S_BFA_CI have been fixed to 0
  because the variance of S_BFA_CI is fixed at 0.
*** WARNING in MODEL command
  All continuous latent variable covariances involving S_VRT_IND have been fixed to 0
  because the variance of S_VRT_IND is fixed at 0.
*** WARNING
  Data set contains cases with missing on all variables.
  These cases were not included in the analysis.
  Number of cases with missing on all variables:  1
   5 WARNING(S) FOUND IN THE INPUT INSTRUCTIONS



PxVx Univariate - Col MeanOnly BFA_CI with MeanOnly VRT_IND;

SUMMARY OF ANALYSIS

Number of groups                                                 1
Number of observations                                         279

Number of dependent variables                                    6
Number of independent variables                                  2
Number of continuous latent variables                            4

Observed dependent variables

  Continuous
   BBFA_CI     CBFA_CI     DBFA_CI     BVRT_IND    CVRT_IND    DVRT_IND

Observed independent variables
   ABFA_CI     AVRT_IND

Continuous latent variables
   I_BFA_CI    S_BFA_CI    I_VRT_IN    S_VRT_IN

Variables with special functions

  Time scores
   BAGE_C      CAGE_C      DAGE_C


Estimator                                                      MLR
Information matrix                                        OBSERVED
Maximum number of iterations                                   100
Convergence criterion                                    0.100D-05
Maximum number of EM iterations                                500
Convergence criteria for the EM algorithm
  Loglikelihood change                                   0.100D-02
  Relative loglikelihood change                          0.100D-05
  Derivative                                             0.100D-03
Minimum variance                                         0.100D-03
Maximum number of steepest descent iterations                   20
Maximum number of iterations for H1                           2000
Convergence criterion for H1                             0.100D-03
Optimization algorithm                                         EMA

Input data file(s)
  E:\Projects\lnt_pxvx\Data\LT_227.txt
Input data format  FREE


SUMMARY OF DATA

     Number of missing data patterns            12


SUMMARY OF MISSING DATA PATTERNS


     MISSING DATA PATTERNS (x = not missing)

           1  2  3  4  5  6  7  8  9 10 11 12
 BBFA_CI   x  x     x        x  x           x
 CBFA_CI   x  x  x                 x  x
 DBFA_CI   x              x  x  x  x  x
 BVRT_IND  x  x     x           x
 CVRT_IND  x  x  x                 x  x
 DVRT_IND  x              x     x     x
 ABFA_CI   x  x  x  x  x  x  x  x  x  x  x  x
 AVRT_IND  x  x  x  x  x  x  x  x  x  x     x


     MISSING DATA PATTERN FREQUENCIES

    Pattern   Frequency     Pattern   Frequency     Pattern   Frequency
          1         140           5          52           9           1
          2          12           6          11          10          10
          3           5           7           1          11           2
          4          27           8          16          12           2


COVARIANCE COVERAGE OF DATA

Minimum covariance coverage value   0.100


     PROPORTION OF DATA PRESENT


           Covariance Coverage
              BBFA_CI       CBFA_CI       DBFA_CI       BVRT_IND      CVRT_IND
              ________      ________      ________      ________      ________
 BBFA_CI        0.710
 CBFA_CI        0.545         0.602
 DBFA_CI        0.563         0.541         0.642
 BVRT_IND       0.699         0.545         0.559         0.699
 CVRT_IND       0.545         0.602         0.541         0.545         0.602
 DVRT_IND       0.559         0.538         0.634         0.559         0.538
 ABFA_CI        0.710         0.602         0.642         0.699         0.602
 AVRT_IND       0.710         0.602         0.642         0.699         0.602


           Covariance Coverage
              DVRT_IND      ABFA_CI       AVRT_IND
              ________      ________      ________
 DVRT_IND       0.634
 ABFA_CI        0.634         1.000
 AVRT_IND       0.634         0.993         0.993


SAMPLE STATISTICS


     ESTIMATED SAMPLE STATISTICS


           Means
              BBFA_CI       CBFA_CI       DBFA_CI       BVRT_IND      CVRT_IND
              ________      ________      ________      ________      ________
 1             59.101        59.442        59.549        47.049        47.833


           Means
              DVRT_IND      ABFA_CI       AVRT_IND
              ________      ________      ________
 1             47.177        59.180        49.330


           Covariances
              BBFA_CI       CBFA_CI       DBFA_CI       BVRT_IND      CVRT_IND
              ________      ________      ________      ________      ________
 BBFA_CI      298.755
 CBFA_CI      208.744       271.054
 DBFA_CI      209.187       235.484       333.379
 BVRT_IND      53.594        40.006        48.970       382.287
 CVRT_IND      28.770        24.986        25.915       266.699       402.703
 DVRT_IND      24.451        23.596        16.555       253.595       282.344
 ABFA_CI      220.421       195.436       216.710        56.702        30.131
 AVRT_IND      38.898        40.389        42.826       263.024       267.159


           Covariances
              DVRT_IND      ABFA_CI       AVRT_IND
              ________      ________      ________
 DVRT_IND     406.464
 ABFA_CI        8.875       292.104
 AVRT_IND     240.527        35.436       388.090


           Correlations
              BBFA_CI       CBFA_CI       DBFA_CI       BVRT_IND      CVRT_IND
              ________      ________      ________      ________      ________
 BBFA_CI        1.000
 CBFA_CI        0.734         1.000
 DBFA_CI        0.663         0.783         1.000
 BVRT_IND       0.159         0.124         0.137         1.000
 CVRT_IND       0.083         0.076         0.071         0.680         1.000
 DVRT_IND       0.070         0.071         0.045         0.643         0.698
 ABFA_CI        0.746         0.695         0.694         0.170         0.088
 AVRT_IND       0.114         0.125         0.119         0.683         0.676


           Correlations
              DVRT_IND      ABFA_CI       AVRT_IND
              ________      ________      ________
 DVRT_IND       1.000
 ABFA_CI        0.026         1.000
 AVRT_IND       0.606         0.105         1.000


     MAXIMUM LOG-LIKELIHOOD VALUE FOR THE UNRESTRICTED (H1) MODEL IS -6672.740


THE MODEL ESTIMATION TERMINATED NORMALLY



MODEL FIT INFORMATION

Number of Free Parameters                       23

Loglikelihood

          H0 Value                       -6680.931
          H0 Scaling Correction Factor       1.049
            for MLR

Information Criteria

          Akaike (AIC)                   13407.862
          Bayesian (BIC)                 13491.380
          Sample-Size Adjusted BIC       13418.449
            (n* = (n + 2) / 24)



MODEL RESULTS

                                                    Two-Tailed
                    Estimate       S.E.  Est./S.E.    P-Value

 DBFA_CI    ON
    CBFA_CI            0.301      0.069      4.344      0.000
    CVRT_IND          -0.036      0.046     -0.791      0.429

 CBFA_CI    ON
    BBFA_CI            0.301      0.069      4.344      0.000
    BVRT_IND          -0.036      0.046     -0.791      0.429

 BBFA_CI    ON
    ABFA_CI            0.301      0.069      4.344      0.000
    AVRT_IND          -0.036      0.046     -0.791      0.429

 DVRT_IND   ON
    CVRT_IND           0.129      0.078      1.655      0.098
    CBFA_CI            0.074      0.062      1.195      0.232

 CVRT_IND   ON
    BVRT_IND           0.129      0.078      1.655      0.098
    BBFA_CI            0.074      0.062      1.195      0.232

 BVRT_IND   ON
    AVRT_IND           0.129      0.078      1.655      0.098
    ABFA_CI            0.074      0.062      1.195      0.232

 I_VRT_IN WITH
    I_BFA_CI          16.795     21.776      0.771      0.441

 ABFA_CI  WITH
    I_BFA_CI         141.197     22.570      6.256      0.000
    I_VRT_IND         10.734     21.445      0.501      0.617

 AVRT_IND WITH
    I_BFA_CI          40.279     20.587      1.957      0.050
    I_VRT_IND        214.324     32.432      6.608      0.000

 DVRT_IND WITH
    DBFA_CI           -0.540      7.542     -0.072      0.943

 CVRT_IND WITH
    CBFA_CI           -0.540      7.542     -0.072      0.943

 BVRT_IND WITH
    BBFA_CI           -0.540      7.542     -0.072      0.943

 AVRT_IND WITH
    ABFA_CI           35.436     21.484      1.649      0.099

 Means
    ABFA_CI           59.180      1.023     57.849      0.000
    AVRT_IND          49.330      1.176     41.948      0.000
    I_BFA_CI          42.566      4.486      9.489      0.000
    S_BFA_CI           0.366      0.487      0.751      0.453
    I_VRT_IND         36.609      4.075      8.984      0.000
    S_VRT_IND          0.033      0.595      0.056      0.956

 Intercepts
    BBFA_CI            0.000      0.000    999.000    999.000
    CBFA_CI            0.000      0.000    999.000    999.000
    DBFA_CI            0.000      0.000    999.000    999.000
    BVRT_IND           0.000      0.000    999.000    999.000
    CVRT_IND           0.000      0.000    999.000    999.000
    DVRT_IND           0.000      0.000    999.000    999.000

 Variances
    ABFA_CI          292.104     22.400     13.041      0.000
    AVRT_IND         388.090     31.344     12.382      0.000
    I_BFA_CI          98.267     26.294      3.737      0.000
    S_BFA_CI           0.000      0.000    999.000    999.000
    I_VRT_IND        191.812     47.129      4.070      0.000
    S_VRT_IND          0.000      0.000    999.000    999.000

 Residual Variances
    BBFA_CI           97.962     12.219      8.017      0.000
    CBFA_CI           97.962     12.219      8.017      0.000
    DBFA_CI           97.962     12.219      8.017      0.000
    BVRT_IND         138.980     13.187     10.539      0.000
    CVRT_IND         138.980     13.187     10.539      0.000
    DVRT_IND         138.980     13.187     10.539      0.000


QUALITY OF NUMERICAL RESULTS

     Condition Number for the Information Matrix              0.406E-06
       (ratio of smallest to largest eigenvalue)


     Beginning Time:  18:17:30
        Ending Time:  18:17:31
       Elapsed Time:  00:00:01



MUTHEN & MUTHEN
3463 Stoner Ave.
Los Angeles, CA  90066

Tel: (310) 391-9971
Fax: (310) 391-8971
Web: www.StatModel.com
Support: Support@StatModel.com

Copyright (c) 1998-2011 Muthen & Muthen
