Mplus VERSION 6.12
MUTHEN & MUTHEN
03/21/2016  11:08 AM

INPUT INSTRUCTIONS


  title: PxVx Univariate - Inf I_C AR_Lin;
  data: file = E:\Projects\lnt_pxvx\Data\LT_informants3.txt;

  variable:
  names =
  subjid
  Sample
  aGENDER
  aAGE
  aethnic1
  aethnic2
  aedu_mom
  aedu_dad
  aEDUCATN
  bEDUCATN
  cEDUCATN
  aEMPLOYD
  bEMPLOYD
  cEMPLOYD
  dEMPLOYD
  aINCOME
  bINCOME
  cINCOME
  dINCOME
  aS_SCALE
  bS_SCALE
  cS_SCALE
  dS_SCALE
  aD_SCALE
  bD_SCALE
  cD_SCALE
  dD_SCALE
  aS_COMP
  bS_COMP
  cS_COMP
  dS_COMP
  aD_COMP
  bD_COMP
  cD_COMP
  dD_COMP
  aBFI_A
  aBFI_A6
  aBFI_C
  aBFI_E
  aBFI_HP
  aBFI_N
  aBFI_O
  bBFI_A
  bBFI_A6
  bBFI_C
  bBFI_E
  bBFI_HP
  bBFI_N
  bBFI_O
  cBFI_A
  cBFI_A6
  cBFI_C
  cBFI_E
  cBFI_HP
  cBFI_N
  cBFI_O
  dBFI_A
  dBFI_A6
  dBFI_C
  dBFI_E
  dBFI_HP
  dBFI_N
  dBFI_O
  aBFA_AC
  aBFA_AP
  aBFA_CI
  aBFA_CO
  aBFA_EA
  aBFA_EE
  aBFA_N9
  aBFA_NV
  aBFA_NW
  aBFA_OI
  aBFA_OO
  aBFA_PS
  aBFA_MT
  bBFA_AC
  bBFA_AP
  bBFA_CI
  bBFA_CO
  bBFA_EA
  bBFA_EE
  bBFA_N9
  bBFA_NV
  bBFA_NW
  bBFA_OI
  bBFA_OO
  bBFA_MT
  bBFA_PS
  cBFA_AC
  cBFA_AP
  cBFA_CI
  cBFA_CO
  cBFA_EA
  cBFA_EE
  cBFA_N9
  cBFA_NV
  cBFA_NW
  cBFA_OI
  cBFA_OO
  cBFA_MT
  cBFA_PS
  dBFA_AC
  dBFA_AP
  dBFA_CI
  dBFA_CO
  dBFA_EA
  dBFA_EE
  dBFA_N9
  dBFA_NV
  dBFA_NW
  dBFA_OI
  dBFA_OO
  dBFA_MT
  dBFA_PS
  aUSI
  bUSI
  cUSI
  dUSI
  aHRZ_IND
  bHRZ_IND
  cHRZ_IND
  dHRZ_IND
  aVRT_IND
  bVRT_IND
  cVRT_IND
  dVRT_IND
  aHRZ_COL
  bHRZ_COL
  cHRZ_COL
  dHRZ_COL
  aVRT_COL
  bVRT_COL
  cVRT_COL
  dVRT_COL
  aCOLLCTV
  bCOLLCTV
  cCOLLCTV
  dCOLLCTV
  aMVS
  bMVS
  cMVS
  dMVS
  aST
  bST
  cST
  dST
  aSD
  bSD
  cSD
  dSD
  aMVS_mc
  bMVS_mc
  cMVS_mc
  dMVS_mc
  aST_mc
  bST_mc
  cST_mc
  dST_mc
  aSD_mc
  bSD_mc
  cSD_mc
  dSD_mc
  bMEANING
  cMEANING
  dMEANING
  bMEAN_L
  cMEAN_L
  dMEAN_L
  bMEANNGc
  cMEANNGc
  dMEANNGc
  bMEANGlc
  cMEANGlc
  dMEANGlc
  bCLASSIC
  cCLASSIC
  dCLASSIC
  bCLASSCc
  cCLASSCc
  dCLASSCc
  bAGR_VAL
  cAGR_VAL
  dAGR_VAL
  bOPN_VAL
  cOPN_VAL
  dOPN_VAL
  bAGR_VLc
  cAGR_VLc
  dAGR_VLc
  bOPNVALc
  cOPNVALc
  dOPNVALc
  aMV_pomp
  bMV_pomp
  cMV_pomp
  dMV_pomp
  aST_pomp
  bST_pomp
  cST_pomp
  dST_pomp
  aSD_pomp
  bSD_pomp
  cSD_pomp
  dSD_pomp
  agoal_eco
  bgoal_eco
  cgoal_eco
  dgoal_eco
  aAspfinc
  bAspfinc
  cAspfinc
  dAspfinc
  abfi_hp8
  bbfi_hp8
  cbfi_hp8
  dbfi_hp8
  aP_S_BFI
  aP_D_BFI
  aECgoalc
  bECgoalC
  cECgoalC
  dECgoalC
  aasp_fin
  basp_fin
  casp_fin
  dasp_fin
  aasp_mn2
  basp_mn2
  casp_mn2
  dasp_mn2
  aas12mc2
  aas13mc2
  aas14mc2
  aas15mc2
  aas16mc2
  bas12mc2
  bas13mc2
  bas14mc2
  bas15mc2
  bas16mc2
  cas12mc2
  cas13mc2
  cas14mc2
  cas15mc2
  cas16mc2
  das12mc2
  das13mc2
  das14mc2
  das15mc2
  das16mc2
  aas_f_c2
  bas_f_c2
  cas_f_c2
  das_f_c2
  aI_E
  aI_A
  aI_C
  aI_N
  aI_O
  aI_S
  aI_D
  bI_E
  bI_A
  bI_C
  bI_N
  bI_O
  bI_S
  bI_D
  cI_E
  cI_A
  cI_C
  cI_N
  cI_O
  cI_S
  cI_D
  dI_E
  dI_A
  dI_C
  dI_N
  dI_O
  dI_S
  dI_D
  T1_any_I
  T2_any_I
  T3_any_I
  T4_any_I
  aI_H
  bI_H
  cI_H
  dI_H
  aMVI_POMP
  bMVI_POMP
  cMVI_POMP
  dMVI_POMP;

  USEVARIABLES =
  aI_C
  bI_C
  cI_C
  dI_C
  bage_c
  cage_c
  dage_c
  ;

  missing = all (-9999);



  USEOBSERVATIONS are Sample == 1; ! National Sample, informant's data


  tscores = bage_c cage_c dage_c;

  DEFINE:
  bage_c = aAGE + 1 - 20.5;
  cage_c = aAGE + 2 - 20.5;
  dage_c = aAGE + 3 - 20.5;


  ANALYSIS:
  TYPE=RANDOM;
  PROCESSORS = 8;

  MODEL:


  i_I_C s_I_C | bI_C cI_C dI_C AT bage_c cage_c dage_c;

  !After Bollen and Curran initial observation is not part of LGM

  dI_C on cI_C (a); ! Autoregressive paths constrained to equality
  cI_C on bI_C (a);
  bI_C on aI_C (a);

  bI_C cI_C dI_C (c); !Equality constraint on residuals

  aI_C i_I_C
  WITH
  aI_C i_I_C;


  s_I_C WITH i_I_C aI_C;

  OUTPUT: SAMPSTAT PATTERNS;



*** WARNING
  Variable name contains more than 8 characters.
  Only the first 8 characters will be printed in the output.
  Variable: AGOAL_ECO
*** WARNING
  Variable name contains more than 8 characters.
  Only the first 8 characters will be printed in the output.
  Variable: BGOAL_ECO
*** WARNING
  Variable name contains more than 8 characters.
  Only the first 8 characters will be printed in the output.
  Variable: CGOAL_ECO
*** WARNING
  Variable name contains more than 8 characters.
  Only the first 8 characters will be printed in the output.
  Variable: DGOAL_ECO
*** WARNING
  Variable name contains more than 8 characters.
  Only the first 8 characters will be printed in the output.
  Variable: AMVI_POMP
*** WARNING
  Variable name contains more than 8 characters.
  Only the first 8 characters will be printed in the output.
  Variable: BMVI_POMP
*** WARNING
  Variable name contains more than 8 characters.
  Only the first 8 characters will be printed in the output.
  Variable: CMVI_POMP
*** WARNING
  Variable name contains more than 8 characters.
  Only the first 8 characters will be printed in the output.
  Variable: DMVI_POMP
*** WARNING
  Data set contains cases with missing on time scores but non-missing on the
  corresponding dependent variables.  These cases were not included in the analysis.
  Number of such cases:  9
   9 WARNING(S) FOUND IN THE INPUT INSTRUCTIONS



PxVx Univariate - Inf I_C AR_Lin;

SUMMARY OF ANALYSIS

Number of groups                                                 1
Number of observations                                         599

Number of dependent variables                                    3
Number of independent variables                                  1
Number of continuous latent variables                            2

Observed dependent variables

  Continuous
   BI_C        CI_C        DI_C

Observed independent variables
   AI_C

Continuous latent variables
   I_I_C       S_I_C

Variables with special functions

  Time scores
   BAGE_C      CAGE_C      DAGE_C


Estimator                                                      MLR
Information matrix                                        OBSERVED
Maximum number of iterations                                   100
Convergence criterion                                    0.100D-05
Maximum number of EM iterations                                500
Convergence criteria for the EM algorithm
  Loglikelihood change                                   0.100D-02
  Relative loglikelihood change                          0.100D-05
  Derivative                                             0.100D-03
Minimum variance                                         0.100D-03
Maximum number of steepest descent iterations                   20
Maximum number of iterations for H1                           2000
Convergence criterion for H1                             0.100D-03
Optimization algorithm                                         EMA

Input data file(s)
  E:\Projects\lnt_pxvx\Data\LT_informants3.txt
Input data format  FREE


SUMMARY OF DATA

     Number of missing data patterns            15


SUMMARY OF MISSING DATA PATTERNS


     MISSING DATA PATTERNS (x = not missing)

           1  2  3  4  5  6  7  8  9 10 11 12 13 14 15
 BI_C      x           x  x  x  x  x  x           x
 CI_C      x     x           x  x  x     x     x     x
 DI_C      x        x     x  x        x  x  x        x
 AI_C      x  x           x     x           x  x  x  x


     MISSING DATA PATTERN FREQUENCIES

    Pattern   Frequency     Pattern   Frequency     Pattern   Frequency
          1         173           6          23          11          16
          2         107           7          38          12          14
          3          25           8          40          13          17
          4          24           9          23          14          32
          5          24          10          20          15          23


COVARIANCE COVERAGE OF DATA

Minimum covariance coverage value   0.100


     PROPORTION OF DATA PRESENT


           Covariance Coverage
              BI_C          CI_C          DI_C          AI_C
              ________      ________      ________      ________
 BI_C           0.623
 CI_C           0.457         0.593
 DI_C           0.424         0.417         0.553
 AI_C           0.447         0.422         0.389         0.716


SAMPLE STATISTICS


     ESTIMATED SAMPLE STATISTICS


           Means
              BI_C          CI_C          DI_C          AI_C
              ________      ________      ________      ________
 1             81.604        80.786        81.341        82.688


           Covariances
              BI_C          CI_C          DI_C          AI_C
              ________      ________      ________      ________
 BI_C         376.388
 CI_C         224.165       411.040
 DI_C         233.274       292.489       416.177
 AI_C         228.725       236.885       231.514       396.712


           Correlations
              BI_C          CI_C          DI_C          AI_C
              ________      ________      ________      ________
 BI_C           1.000
 CI_C           0.570         1.000
 DI_C           0.589         0.707         1.000
 AI_C           0.592         0.587         0.570         1.000


     MAXIMUM LOG-LIKELIHOOD VALUE FOR THE UNRESTRICTED (H1) MODEL IS -6316.168


THE MODEL ESTIMATION TERMINATED NORMALLY



MODEL FIT INFORMATION

Number of Free Parameters                       11

Loglikelihood

          H0 Value                       -6317.485
          H0 Scaling Correction Factor       1.426
            for MLR

Information Criteria

          Akaike (AIC)                   12656.970
          Bayesian (BIC)                 12705.318
          Sample-Size Adjusted BIC       12670.396
            (n* = (n + 2) / 24)



MODEL RESULTS

                                                    Two-Tailed
                    Estimate       S.E.  Est./S.E.    P-Value

 DI_C       ON
    CI_C               0.067      0.072      0.936      0.349

 CI_C       ON
    BI_C               0.067      0.072      0.936      0.349

 BI_C       ON
    AI_C               0.067      0.072      0.936      0.349

 S_I_C    WITH
    I_I_C             -2.094      2.840     -0.737      0.461
    AI_C              -0.331      1.882     -0.176      0.860

 AI_C     WITH
    I_I_C            210.951     41.999      5.023      0.000

 Means
    AI_C              82.327      0.929     88.639      0.000
    I_I_C             72.550      5.840     12.424      0.000
    S_I_C              0.179      0.069      2.605      0.009

 Intercepts
    BI_C               0.000      0.000    999.000    999.000
    CI_C               0.000      0.000    999.000    999.000
    DI_C               0.000      0.000    999.000    999.000

 Variances
    AI_C             397.016     26.873     14.774      0.000
    I_I_C            251.123     68.656      3.658      0.000
    S_I_C              0.060      0.137      0.436      0.663

 Residual Variances
    BI_C             157.372     14.668     10.729      0.000
    CI_C             157.372     14.668     10.729      0.000
    DI_C             157.372     14.668     10.729      0.000


QUALITY OF NUMERICAL RESULTS

     Condition Number for the Information Matrix              0.689E-05
       (ratio of smallest to largest eigenvalue)


     Beginning Time:  11:08:23
        Ending Time:  11:08:26
       Elapsed Time:  00:00:03



MUTHEN & MUTHEN
3463 Stoner Ave.
Los Angeles, CA  90066

Tel: (310) 391-9971
Fax: (310) 391-8971
Web: www.StatModel.com
Support: Support@StatModel.com

Copyright (c) 1998-2011 Muthen & Muthen
