Mplus VERSION 6.12
MUTHEN & MUTHEN
03/09/2016   8:24 PM

INPUT INSTRUCTIONS


  title: PxVx Univariate - Nat Lin BFI_N with Lin USI;
  data: file = E:\Projects\lnt_pxvx\Data\LT_227.txt;


  variable:
  names =
  subjid
  Sample
  aGENDER
  aAGE
  aethnic1
  aethnic2
  aedu_mom
  aedu_dad
  aEDUCATN
  bEDUCATN
  cEDUCATN
  aEMPLOYD
  bEMPLOYD
  cEMPLOYD
  dEMPLOYD
  aINCOME
  bINCOME
  cINCOME
  dINCOME
  aS_SCALE
  bS_SCALE
  cS_SCALE
  dS_SCALE
  aD_SCALE
  bD_SCALE
  cD_SCALE
  dD_SCALE
  aS_COMP
  bS_COMP
  cS_COMP
  dS_COMP
  aD_COMP
  bD_COMP
  cD_COMP
  dD_COMP
  aBFI_A
  aBFI_A6
  aBFI_C
  aBFI_E
  aBFI_HP
  aBFI_N
  aBFI_O
  bBFI_A
  bBFI_A6
  bBFI_C
  bBFI_E
  bBFI_HP
  bBFI_N
  bBFI_O
  cBFI_A
  cBFI_A6
  cBFI_C
  cBFI_E
  cBFI_HP
  cBFI_N
  cBFI_O
  dBFI_A
  dBFI_A6
  dBFI_C
  dBFI_E
  dBFI_HP
  dBFI_N
  dBFI_O
  aBFA_AC
  aBFA_AP
  aBFA_CI
  aBFA_CO
  aBFA_EA
  aBFA_EE
  aBFA_N9
  aBFA_NV
  aBFA_NW
  aBFA_OI
  aBFA_OO
  aBFA_PS
  aBFA_MT
  bBFA_AC
  bBFA_AP
  bBFA_CI
  bBFA_CO
  bBFA_EA
  bBFA_EE
  bBFA_N9
  bBFA_NV
  bBFA_NW
  bBFA_OI
  bBFA_OO
  bBFA_MT
  bBFA_PS
  cBFA_AC
  cBFA_AP
  cBFA_CI
  cBFA_CO
  cBFA_EA
  cBFA_EE
  cBFA_N9
  cBFA_NV
  cBFA_NW
  cBFA_OI
  cBFA_OO
  cBFA_MT
  cBFA_PS
  dBFA_AC
  dBFA_AP
  dBFA_CI
  dBFA_CO
  dBFA_EA
  dBFA_EE
  dBFA_N9
  dBFA_NV
  dBFA_NW
  dBFA_OI
  dBFA_OO
  dBFA_MT
  dBFA_PS
  aUSI
  bUSI
  cUSI
  dUSI
  aHRZ_IND
  bHRZ_IND
  cHRZ_IND
  dHRZ_IND
  aVRT_IND
  bVRT_IND
  cVRT_IND
  dVRT_IND
  aHRZ_COL
  bHRZ_COL
  cHRZ_COL
  dHRZ_COL
  aVRT_COL
  bVRT_COL
  cVRT_COL
  dVRT_COL
  aCOLLCTV
  bCOLLCTV
  cCOLLCTV
  dCOLLCTV
  aMVS
  bMVS
  cMVS
  dMVS
  aST
  bST
  cST
  dST
  aSD
  bSD
  cSD
  dSD
  aMVS_mc
  bMVS_mc
  cMVS_mc
  dMVS_mc
  aST_mc
  bST_mc
  cST_mc
  dST_mc
  aSD_mc
  bSD_mc
  cSD_mc
  dSD_mc
  bMEANING
  cMEANING
  dMEANING
  bMEAN_L
  cMEAN_L
  dMEAN_L
  bMEANNGc
  cMEANNGc
  dMEANNGc
  bMEANGlc
  cMEANGlc
  dMEANGlc
  bCLASSIC
  cCLASSIC
  dCLASSIC
  bCLASSCc
  cCLASSCc
  dCLASSCc
  bAGR_VAL
  cAGR_VAL
  dAGR_VAL
  bOPN_VAL
  cOPN_VAL
  dOPN_VAL
  bAGR_VLc
  cAGR_VLc
  dAGR_VLc
  bOPNVALc
  cOPNVALc
  dOPNVALc
  aMV_pomp
  bMV_pomp
  cMV_pomp
  dMV_pomp
  aST_pomp
  bST_pomp
  cST_pomp
  dST_pomp
  aSD_pomp
  bSD_pomp
  cSD_pomp
  dSD_pomp
  agoal_ec
  bgoal_ec
  cgoal_ec
  dgoal_ec
  aAspfinc
  bAspfinc
  cAspfinc
  dAspfinc
  abfi_hp8
  bbfi_hp8
  cbfi_hp8
  dbfi_hp8
  aP_S_BFI
  aP_D_BFI
  aECgoalc
  bECgoalC
  cECgoalC
  dECgoalC
  aaspfin
  baspfin
  caspfin
  daspfin;


  USEVARIABLES =
  aBFI_N
  bBFI_N
  cBFI_N
  dBFI_N
  aUSI
  bUSI
  cUSI
  dUSI
  bage_c
  cage_c
  dage_c
  ;

  missing = all (-9999);

  USEOBSERVATIONS are Sample == 1; ! National Sample

  tscores = bage_c cage_c dage_c;

  DEFINE:
  bage_c = aAGE + 1 - 36;
  cage_c = aAGE + 2 - 36;
  dage_c = aAGE + 3 - 36;

  ANALYSIS:
  TYPE=RANDOM;
  PROCESSORS = 8;

  MODEL:

  i_BFI_N s_BFI_N | bBFI_N cBFI_N dBFI_N AT bage_c cage_c dage_c;
  i_USI s_USI | bUSI cUSI dUSI AT bage_c cage_c dage_c;


  !After Bollen and Curran initial observation is not part of LGM

  dBFI_N on cBFI_N (a); ! Autoregressive paths constrained to equality
  cBFI_N on bBFI_N (a);
  bBFI_N on aBFI_N (a);

  dUSI on cUSI (b); ! Autoregressive paths constrained to equality
  cUSI on bUSI (b);
  bUSI on aUSI (b);

  bBFI_N cBFI_N dBFI_N (c); !Equality constraint on residuals
  bUSI cUSI dUSI (d); !Equality constraint on residuals

  dUSI on cBFI_N (x); ! Cross-lagged paths constrained to equality
  cUSI on bBFI_N (x);
  bUSI on aBFI_N (x);

  dBFI_N on cUSI (y); ! Cross-lagged paths constrained to equality
  cBFI_N on bUSI (y);
  bBFI_N on aUSI (y);

  dUSI with dBFI_N (w); ! within-wave correlations constrained to equality
  cUSI with cBFI_N (w);
  bUSI with bBFI_N (w);

  aBFI_N aUSI i_BFI_N i_USI
  s_BFI_N
  s_USI
  with
  s_BFI_N
  s_USI
  aBFI_N aUSI i_BFI_N i_USI;



  OUTPUT: SAMPSTAT PATTERNS;



*** WARNING
  Data set contains cases with missing on time scores but non-missing on the
  corresponding dependent variables.  These cases were not included in the analysis.
  Number of such cases:  5
   1 WARNING(S) FOUND IN THE INPUT INSTRUCTIONS



PxVx Univariate - Nat Lin BFI_N with Lin USI;

SUMMARY OF ANALYSIS

Number of groups                                                 1
Number of observations                                         874

Number of dependent variables                                    6
Number of independent variables                                  2
Number of continuous latent variables                            4

Observed dependent variables

  Continuous
   BBFI_N      CBFI_N      DBFI_N      BUSI        CUSI        DUSI

Observed independent variables
   ABFI_N      AUSI

Continuous latent variables
   I_BFI_N     S_BFI_N     I_USI       S_USI

Variables with special functions

  Time scores
   BAGE_C      CAGE_C      DAGE_C


Estimator                                                      MLR
Information matrix                                        OBSERVED
Maximum number of iterations                                   100
Convergence criterion                                    0.100D-05
Maximum number of EM iterations                                500
Convergence criteria for the EM algorithm
  Loglikelihood change                                   0.100D-02
  Relative loglikelihood change                          0.100D-05
  Derivative                                             0.100D-03
Minimum variance                                         0.100D-03
Maximum number of steepest descent iterations                   20
Maximum number of iterations for H1                           2000
Convergence criterion for H1                             0.100D-03
Optimization algorithm                                         EMA

Input data file(s)
  E:\Projects\lnt_pxvx\Data\LT_227.txt
Input data format  FREE


SUMMARY OF DATA

     Number of missing data patterns            20


SUMMARY OF MISSING DATA PATTERNS


     MISSING DATA PATTERNS (x = not missing)

           1  2  3  4  5  6  7  8  9 10 11 12 13 14 15 16 17 18 19 20
 BBFI_N    x     x  x     x     x     x  x  x  x        x     x
 CBFI_N    x           x  x     x  x     x  x  x           x  x  x
 DBFI_N    x     x     x  x  x           x     x  x     x        x  x
 BUSI      x     x  x     x     x        x  x                 x
 CUSI      x           x        x  x     x     x              x  x
 DUSI      x     x     x  x  x                 x  x     x     x
 ABFI_N    x  x  x  x  x  x  x  x  x  x  x  x  x     x  x  x  x  x  x
 AUSI      x  x  x  x  x  x  x  x  x  x  x  x  x  x     x  x  x  x  x


     MISSING DATA PATTERN FREQUENCIES

    Pattern   Frequency     Pattern   Frequency     Pattern   Frequency
          1         497           8          45          15           1
          2         168           9          21          16           1
          3          26          10           5          17           1
          4          52          11           1          18           1
          5          21          12           1          19           2
          6           2          13           3          20           2
          7          23          14           1


COVARIANCE COVERAGE OF DATA

Minimum covariance coverage value   0.100


     PROPORTION OF DATA PRESENT


           Covariance Coverage
              BBFI_N        CBFI_N        DBFI_N        BUSI          CUSI
              ________      ________      ________      ________      ________
 BBFI_N         0.725
 CBFI_N         0.629         0.681
 DBFI_N         0.606         0.602         0.662
 BUSI           0.715         0.626         0.602         0.715
 CUSI           0.626         0.676         0.600         0.622         0.676
 DUSI           0.606         0.600         0.657         0.602         0.597
 ABFI_N         0.725         0.681         0.661         0.715         0.676
 AUSI           0.725         0.681         0.662         0.715         0.676


           Covariance Coverage
              DUSI          ABFI_N        AUSI
              ________      ________      ________
 DUSI           0.658
 ABFI_N         0.657         0.999
 AUSI           0.658         0.998         0.999


SAMPLE STATISTICS


     ESTIMATED SAMPLE STATISTICS


           Means
              BBFI_N        CBFI_N        DBFI_N        BUSI          CUSI
              ________      ________      ________      ________      ________
 1             49.028        48.044        47.851        28.569        28.590


           Means
              DUSI          ABFI_N        AUSI
              ________      ________      ________
 1             28.599        49.507        29.082


           Covariances
              BBFI_N        CBFI_N        DBFI_N        BUSI          CUSI
              ________      ________      ________      ________      ________
 BBFI_N       450.930
 CBFI_N       374.000       447.768
 DBFI_N       384.288       402.399       496.168
 BUSI          25.248        26.367        12.947       275.443
 CUSI          30.447        32.507        24.845       212.652       280.430
 DUSI          15.861        11.673         3.039       199.029       219.846
 ABFI_N       358.901       354.636       369.447         0.210        12.824
 AUSI          14.886        15.581         1.262       206.109       203.118


           Covariances
              DUSI          ABFI_N        AUSI
              ________      ________      ________
 DUSI         261.924
 ABFI_N         1.754       458.263
 AUSI         191.886        -1.823       267.131


           Correlations
              BBFI_N        CBFI_N        DBFI_N        BUSI          CUSI
              ________      ________      ________      ________      ________
 BBFI_N         1.000
 CBFI_N         0.832         1.000
 DBFI_N         0.812         0.854         1.000
 BUSI           0.072         0.075         0.035         1.000
 CUSI           0.086         0.092         0.067         0.765         1.000
 DUSI           0.046         0.034         0.008         0.741         0.811
 ABFI_N         0.790         0.783         0.775         0.001         0.036
 AUSI           0.043         0.045         0.003         0.760         0.742


           Correlations
              DUSI          ABFI_N        AUSI
              ________      ________      ________
 DUSI           1.000
 ABFI_N         0.005         1.000
 AUSI           0.725        -0.005         1.000


     MAXIMUM LOG-LIKELIHOOD VALUE FOR THE UNRESTRICTED (H1) MODEL IS -21232.991


THE MODEL ESTIMATION TERMINATED NORMALLY



MODEL FIT INFORMATION

Number of Free Parameters                       34

Loglikelihood

          H0 Value                      -21235.328
          H0 Scaling Correction Factor       1.112
            for MLR

Information Criteria

          Akaike (AIC)                   42538.655
          Bayesian (BIC)                 42700.940
          Sample-Size Adjusted BIC       42592.964
            (n* = (n + 2) / 24)



MODEL RESULTS

                                                    Two-Tailed
                    Estimate       S.E.  Est./S.E.    P-Value

 DBFI_N     ON
    CBFI_N             0.119      0.044      2.676      0.007
    CUSI               0.019      0.048      0.389      0.697

 CBFI_N     ON
    BBFI_N             0.119      0.044      2.676      0.007
    BUSI               0.019      0.048      0.389      0.697

 BBFI_N     ON
    ABFI_N             0.119      0.044      2.676      0.007
    AUSI               0.019      0.048      0.389      0.697

 DUSI       ON
    CUSI               0.152      0.055      2.749      0.006
    CBFI_N            -0.060      0.033     -1.787      0.074

 CUSI       ON
    BUSI               0.152      0.055      2.749      0.006
    BBFI_N            -0.060      0.033     -1.787      0.074

 BUSI       ON
    AUSI               0.152      0.055      2.749      0.006
    ABFI_N            -0.060      0.033     -1.787      0.074

 S_BFI_N  WITH
    I_BFI_N           -0.808      0.665     -1.215      0.224

 I_USI    WITH
    I_BFI_N           26.235     18.407      1.425      0.154
    S_BFI_N           -0.650      2.205     -0.295      0.768

 S_USI    WITH
    I_BFI_N           -0.433      2.192     -0.198      0.843
    S_BFI_N            0.056      0.029      1.937      0.053
    I_USI             -0.161      0.368     -0.438      0.661

 ABFI_N   WITH
    I_BFI_N          312.018     23.587     13.229      0.000
    S_BFI_N            0.627      0.799      0.785      0.433
    I_USI             28.155     16.595      1.697      0.090
    S_USI             -0.412      0.720     -0.573      0.567

 AUSI     WITH
    I_BFI_N            4.521     15.394      0.294      0.769
    S_BFI_N           -0.858      0.657     -1.305      0.192
    I_USI            164.193     15.123     10.857      0.000
    S_USI              0.755      0.534      1.413      0.158

 DUSI     WITH
    DBFI_N            -1.079      2.992     -0.361      0.718

 CUSI     WITH
    CBFI_N            -1.079      2.992     -0.361      0.718

 BUSI     WITH
    BBFI_N            -1.079      2.992     -0.361      0.718

 AUSI     WITH
    ABFI_N            -1.742     11.880     -0.147      0.883

 Means
    ABFI_N            49.484      0.721     68.615      0.000
    AUSI              29.082      0.553     52.572      0.000
    I_BFI_N           42.010      2.911     14.430      0.000
    S_BFI_N           -0.103      0.040     -2.575      0.010
    I_USI             27.206      2.458     11.067      0.000
    S_USI             -0.038      0.031     -1.207      0.228

 Intercepts
    BBFI_N             0.000      0.000    999.000    999.000
    CBFI_N             0.000      0.000    999.000    999.000
    DBFI_N             0.000      0.000    999.000    999.000
    BUSI               0.000      0.000    999.000    999.000
    CUSI               0.000      0.000    999.000    999.000
    DUSI               0.000      0.000    999.000    999.000

 Variances
    ABFI_N           458.414     18.370     24.954      0.000
    AUSI             267.131     10.767     24.811      0.000
    I_BFI_N          284.716     35.786      7.956      0.000
    S_BFI_N            0.111      0.089      1.239      0.215
    I_USI            140.617     22.840      6.157      0.000
    S_USI              0.069      0.038      1.838      0.066

 Residual Variances
    BBFI_N            83.795      5.313     15.770      0.000
    CBFI_N            83.795      5.313     15.770      0.000
    DBFI_N            83.795      5.313     15.770      0.000
    BUSI              67.932      4.674     14.533      0.000
    CUSI              67.932      4.674     14.533      0.000
    DUSI              67.932      4.674     14.533      0.000


QUALITY OF NUMERICAL RESULTS

     Condition Number for the Information Matrix              0.150E-06
       (ratio of smallest to largest eigenvalue)


     Beginning Time:  20:24:32
        Ending Time:  20:24:45
       Elapsed Time:  00:00:13



MUTHEN & MUTHEN
3463 Stoner Ave.
Los Angeles, CA  90066

Tel: (310) 391-9971
Fax: (310) 391-8971
Web: www.StatModel.com
Support: Support@StatModel.com

Copyright (c) 1998-2011 Muthen & Muthen
