Mplus VERSION 6.12
MUTHEN & MUTHEN
03/21/2016  11:58 AM

INPUT INSTRUCTIONS


  title: PxVx Univariate - Col Lin S_SCALE with Lin BFA_MT;
  data: file = E:\Projects\lnt_pxvx\Data\LT_227.txt;



  variable:
  names =
  subjid
  Sample
  aGENDER
  aAGE
  aethnic1
  aethnic2
  aedu_mom
  aedu_dad
  aEDUCATN
  bEDUCATN
  cEDUCATN
  aEMPLOYD
  bEMPLOYD
  cEMPLOYD
  dEMPLOYD
  aINCOME
  bINCOME
  cINCOME
  dINCOME
  aS_SCALE
  bS_SCALE
  cS_SCALE
  dS_SCALE
  aD_SCALE
  bD_SCALE
  cD_SCALE
  dD_SCALE
  aS_COMP
  bS_COMP
  cS_COMP
  dS_COMP
  aD_COMP
  bD_COMP
  cD_COMP
  dD_COMP
  aBFI_A
  aBFI_A6
  aBFI_C
  aBFI_E
  aBFI_HP
  aBFI_N
  aBFI_O
  bBFI_A
  bBFI_A6
  bBFI_C
  bBFI_E
  bBFI_HP
  bBFI_N
  bBFI_O
  cBFI_A
  cBFI_A6
  cBFI_C
  cBFI_E
  cBFI_HP
  cBFI_N
  cBFI_O
  dBFI_A
  dBFI_A6
  dBFI_C
  dBFI_E
  dBFI_HP
  dBFI_N
  dBFI_O
  aBFA_AC
  aBFA_AP
  aBFA_CI
  aBFA_CO
  aBFA_EA
  aBFA_EE
  aBFA_N9
  aBFA_NV
  aBFA_NW
  aBFA_OI
  aBFA_OO
  aBFA_PS
  aBFA_MT
  bBFA_AC
  bBFA_AP
  bBFA_CI
  bBFA_CO
  bBFA_EA
  bBFA_EE
  bBFA_N9
  bBFA_NV
  bBFA_NW
  bBFA_OI
  bBFA_OO
  bBFA_MT
  bBFA_PS
  cBFA_AC
  cBFA_AP
  cBFA_CI
  cBFA_CO
  cBFA_EA
  cBFA_EE
  cBFA_N9
  cBFA_NV
  cBFA_NW
  cBFA_OI
  cBFA_OO
  cBFA_MT
  cBFA_PS
  dBFA_AC
  dBFA_AP
  dBFA_CI
  dBFA_CO
  dBFA_EA
  dBFA_EE
  dBFA_N9
  dBFA_NV
  dBFA_NW
  dBFA_OI
  dBFA_OO
  dBFA_MT
  dBFA_PS
  aUSI
  bUSI
  cUSI
  dUSI
  aHRZ_IND
  bHRZ_IND
  cHRZ_IND
  dHRZ_IND
  aVRT_IND
  bVRT_IND
  cVRT_IND
  dVRT_IND
  aHRZ_COL
  bHRZ_COL
  cHRZ_COL
  dHRZ_COL
  aVRT_COL
  bVRT_COL
  cVRT_COL
  dVRT_COL
  aCOLLCTV
  bCOLLCTV
  cCOLLCTV
  dCOLLCTV
  aMVS
  bMVS
  cMVS
  dMVS
  aST
  bST
  cST
  dST
  aSD
  bSD
  cSD
  dSD
  aMVS_mc
  bMVS_mc
  cMVS_mc
  dMVS_mc
  aST_mc
  bST_mc
  cST_mc
  dST_mc
  aSD_mc
  bSD_mc
  cSD_mc
  dSD_mc
  bMEANING
  cMEANING
  dMEANING
  bMEAN_L
  cMEAN_L
  dMEAN_L
  bMEANNGc
  cMEANNGc
  dMEANNGc
  bMEANGlc
  cMEANGlc
  dMEANGlc
  bCLASSIC
  cCLASSIC
  dCLASSIC
  bCLASSCc
  cCLASSCc
  dCLASSCc
  bAGR_VAL
  cAGR_VAL
  dAGR_VAL
  bOPN_VAL
  cOPN_VAL
  dOPN_VAL
  bAGR_VLc
  cAGR_VLc
  dAGR_VLc
  bOPNVALc
  cOPNVALc
  dOPNVALc
  aMV_pomp
  bMV_pomp
  cMV_pomp
  dMV_pomp
  aST_pomp
  bST_pomp
  cST_pomp
  dST_pomp
  aSD_pomp
  bSD_pomp
  cSD_pomp
  dSD_pomp
  agoal_ec
  bgoal_ec
  cgoal_ec
  dgoal_ec
  aAspfinc
  bAspfinc
  cAspfinc
  dAspfinc
  abfi_hp8
  bbfi_hp8
  cbfi_hp8
  dbfi_hp8
  aP_S_BFI
  aP_D_BFI
  aECgoalc
  bECgoalC
  cECgoalC
  dECgoalC
  aaspfin
  baspfin
  caspfin
  daspfin
  aMVI_POMP
  bMVI_POMP
  cMVI_POMP
  dMVI_POMP;

  USEVARIABLES =
  aS_SCALE
  bS_SCALE
  cS_SCALE
  dS_SCALE
  aBFA_MT
  bBFA_MT
  cBFA_MT
  dBFA_MT
  bage_c
  cage_c
  dage_c
  ;

  missing = all (-9999);

  USEOBSERVATIONS are Sample == 2; ! College Sample

  tscores = bage_c cage_c dage_c;

  DEFINE:
  bage_c = aAGE + 1 - 20.5;
  cage_c = aAGE + 2 - 20.5;
  dage_c = aAGE + 3 - 20.5;

  ANALYSIS:
  TYPE=RANDOM;
  PROCESSORS = 8;

  MODEL:

  i_S_SCALE s_S_SCALE | bS_SCALE cS_SCALE dS_SCALE AT bage_c cage_c dage_c;
  i_BFA_MT s_BFA_MT | bBFA_MT cBFA_MT dBFA_MT AT bage_c cage_c dage_c;


  !After Bollen and Curran initial observation is not part of LGM

  dS_SCALE on cS_SCALE (a); ! Autoregressive paths constrained to equality
  cS_SCALE on bS_SCALE (a);
  bS_SCALE on aS_SCALE (a);

  dBFA_MT on cBFA_MT (b); ! Autoregressive paths constrained to equality
  cBFA_MT on bBFA_MT (b);
  bBFA_MT on aBFA_MT (b);

  bS_SCALE cS_SCALE dS_SCALE (c); !Equality constraint on residuals
  bBFA_MT cBFA_MT dBFA_MT (d); !Equality constraint on residuals

  dBFA_MT on cS_SCALE (x); ! Cross-lagged paths constrained to equality
  cBFA_MT on bS_SCALE (x);
  bBFA_MT on aS_SCALE (x);

  dS_SCALE on cBFA_MT (y); ! Cross-lagged paths constrained to equality
  cS_SCALE on bBFA_MT (y);
  bS_SCALE on aBFA_MT (y);

  dBFA_MT with dS_SCALE (w); ! within-wave correlations constrained to equality
  cBFA_MT with cS_SCALE (w);
  bBFA_MT with bS_SCALE (w);

  aS_SCALE aBFA_MT i_S_SCALE i_BFA_MT
  s_S_SCALE
  s_BFA_MT
  with
  s_S_SCALE
  s_BFA_MT
  aS_SCALE aBFA_MT i_S_SCALE i_BFA_MT;



  OUTPUT: SAMPSTAT PATTERNS;



*** WARNING
  Variable name contains more than 8 characters.
  Only the first 8 characters will be printed in the output.
  Variable: AMVI_POMP
*** WARNING
  Variable name contains more than 8 characters.
  Only the first 8 characters will be printed in the output.
  Variable: BMVI_POMP
*** WARNING
  Variable name contains more than 8 characters.
  Only the first 8 characters will be printed in the output.
  Variable: CMVI_POMP
*** WARNING
  Variable name contains more than 8 characters.
  Only the first 8 characters will be printed in the output.
  Variable: DMVI_POMP
*** WARNING
  Variable name contains more than 8 characters.
  Only the first 8 characters will be printed in the output.
  Variable: I_S_SCALE
*** WARNING
  Variable name contains more than 8 characters.
  Only the first 8 characters will be printed in the output.
  Variable: S_S_SCALE
*** WARNING
  Data set contains cases with missing on all variables.
  These cases were not included in the analysis.
  Number of cases with missing on all variables:  1
*** WARNING
  Data set contains cases with missing on time scores but non-missing on the
  corresponding dependent variables.  These cases were not included in the analysis.
  Number of such cases:  2
   8 WARNING(S) FOUND IN THE INPUT INSTRUCTIONS



PxVx Univariate - Col Lin S_SCALE with Lin BFA_MT;

SUMMARY OF ANALYSIS

Number of groups                                                 1
Number of observations                                         277

Number of dependent variables                                    6
Number of independent variables                                  2
Number of continuous latent variables                            4

Observed dependent variables

  Continuous
   BS_SCALE    CS_SCALE    DS_SCALE    BBFA_MT     CBFA_MT     DBFA_MT

Observed independent variables
   AS_SCALE    ABFA_MT

Continuous latent variables
   I_S_SCAL    S_S_SCAL    I_BFA_MT    S_BFA_MT

Variables with special functions

  Time scores
   BAGE_C      CAGE_C      DAGE_C


Estimator                                                      MLR
Information matrix                                        OBSERVED
Maximum number of iterations                                   100
Convergence criterion                                    0.100D-05
Maximum number of EM iterations                                500
Convergence criteria for the EM algorithm
  Loglikelihood change                                   0.100D-02
  Relative loglikelihood change                          0.100D-05
  Derivative                                             0.100D-03
Minimum variance                                         0.100D-03
Maximum number of steepest descent iterations                   20
Maximum number of iterations for H1                           2000
Convergence criterion for H1                             0.100D-03
Optimization algorithm                                         EMA

Input data file(s)
  E:\Projects\lnt_pxvx\Data\LT_227.txt
Input data format  FREE


SUMMARY OF DATA

     Number of missing data patterns            12


SUMMARY OF MISSING DATA PATTERNS


     MISSING DATA PATTERNS (x = not missing)

           1  2  3  4  5  6  7  8  9 10 11 12
 BS_SCALE  x  x     x        x     x  x     x
 CS_SCALE  x  x  x              x  x     x  x
 DS_SCALE  x     x        x  x  x  x  x     x
 BBFA_MT   x  x     x        x     x  x
 CBFA_MT   x  x  x              x  x     x  x
 DBFA_MT   x              x  x  x           x
 AS_SCALE  x  x  x  x  x  x  x  x  x  x  x  x
 ABFA_MT   x  x  x  x  x  x  x  x  x  x  x  x


     MISSING DATA PATTERN FREQUENCIES

    Pattern   Frequency     Pattern   Frequency     Pattern   Frequency
          1         138           5          54           9           2
          2          10           6          11          10           1
          3           1           7          17          11           4
          4          28           8          10          12           1


COVARIANCE COVERAGE OF DATA

Minimum covariance coverage value   0.100


     PROPORTION OF DATA PRESENT


           Covariance Coverage
              BS_SCALE      CS_SCALE      DS_SCALE      BBFA_MT       CBFA_MT
              ________      ________      ________      ________      ________
 BS_SCALE       0.711
 CS_SCALE       0.545         0.599
 DS_SCALE       0.574         0.549         0.653
 BBFA_MT        0.708         0.542         0.570         0.708
 CBFA_MT        0.545         0.599         0.549         0.542         0.599
 DBFA_MT        0.563         0.538         0.639         0.560         0.538
 AS_SCALE       0.711         0.599         0.653         0.708         0.599
 ABFA_MT        0.711         0.599         0.653         0.708         0.599


           Covariance Coverage
              DBFA_MT       AS_SCALE      ABFA_MT
              ________      ________      ________
 DBFA_MT        0.639
 AS_SCALE       0.639         1.000
 ABFA_MT        0.639         1.000         1.000


SAMPLE STATISTICS


     ESTIMATED SAMPLE STATISTICS


           Means
              BS_SCALE      CS_SCALE      DS_SCALE      BBFA_MT       CBFA_MT
              ________      ________      ________      ________      ________
 1             71.271        71.189        72.525        49.922        49.810


           Means
              DBFA_MT       AS_SCALE      ABFA_MT
              ________      ________      ________
 1             49.084        70.343        50.311


           Covariances
              BS_SCALE      CS_SCALE      DS_SCALE      BBFA_MT       CBFA_MT
              ________      ________      ________      ________      ________
 BS_SCALE     133.321
 CS_SCALE      87.991       140.639
 DS_SCALE      83.893       115.680       158.560
 BBFA_MT      -14.427       -31.785        -6.820       245.051
 CBFA_MT      -19.285       -45.652       -18.852       194.972       258.504
 DBFA_MT      -17.161       -42.533       -19.843       198.731       225.929
 AS_SCALE      97.394        84.747       102.090       -16.141       -20.465
 ABFA_MT       -9.721       -25.743       -16.869       183.821       165.703


           Covariances
              DBFA_MT       AS_SCALE      ABFA_MT
              ________      ________      ________
 DBFA_MT      279.297
 AS_SCALE     -18.852       145.197
 ABFA_MT      164.826       -24.892       223.768


           Correlations
              BS_SCALE      CS_SCALE      DS_SCALE      BBFA_MT       CBFA_MT
              ________      ________      ________      ________      ________
 BS_SCALE       1.000
 CS_SCALE       0.643         1.000
 DS_SCALE       0.577         0.775         1.000
 BBFA_MT       -0.080        -0.171        -0.035         1.000
 CBFA_MT       -0.104        -0.239        -0.093         0.775         1.000
 DBFA_MT       -0.089        -0.215        -0.094         0.760         0.841
 AS_SCALE       0.700         0.593         0.673        -0.086        -0.106
 ABFA_MT       -0.056        -0.145        -0.090         0.785         0.689


           Correlations
              DBFA_MT       AS_SCALE      ABFA_MT
              ________      ________      ________
 DBFA_MT        1.000
 AS_SCALE      -0.094         1.000
 ABFA_MT        0.659        -0.138         1.000


     MAXIMUM LOG-LIKELIHOOD VALUE FOR THE UNRESTRICTED (H1) MODEL IS -6108.836

     WARNING:  THE MLR STANDARD ERRORS COULD NOT BE COMPUTED.  THE MLF STANDARD
     ERRORS WERE COMPUTED INSTEAD.  THE MLR CONDITION NUMBER IS      -0.998D-04.
     PROBLEM INVOLVING PARAMETER 24.  THIS MAY BE DUE TO NEAR SINGULARITY
     OF THE RANDOM EFFECT VARIANCE/COVARIANCE OR INCOMPLETE CONVERGENCE.

THE MODEL ESTIMATION TERMINATED NORMALLY



MODEL FIT INFORMATION

Number of Free Parameters                       34

Loglikelihood

          H0 Value                       -6121.837

Information Criteria

          Akaike (AIC)                   12311.673
          Bayesian (BIC)                 12434.890
          Sample-Size Adjusted BIC       12327.081
            (n* = (n + 2) / 24)



MODEL RESULTS

                                                    Two-Tailed
                    Estimate       S.E.  Est./S.E.    P-Value

 DS_SCALE   ON
    CS_SCALE           0.172      0.127      1.346      0.178
    CBFA_MT           -0.193      0.117     -1.648      0.099

 CS_SCALE   ON
    BS_SCALE           0.172      0.127      1.346      0.178
    BBFA_MT           -0.193      0.117     -1.648      0.099

 BS_SCALE   ON
    AS_SCALE           0.172      0.127      1.346      0.178
    ABFA_MT           -0.193      0.117     -1.648      0.099

 DBFA_MT    ON
    CBFA_MT            0.303      0.118      2.574      0.010
    CS_SCALE          -0.192      0.120     -1.607      0.108

 CBFA_MT    ON
    BBFA_MT            0.303      0.118      2.574      0.010
    BS_SCALE          -0.192      0.120     -1.607      0.108

 BBFA_MT    ON
    ABFA_MT            0.303      0.118      2.574      0.010
    AS_SCALE          -0.192      0.120     -1.607      0.108

 S_S_SCAL WITH
    I_S_SCALE        -13.459     10.064     -1.337      0.181

 I_BFA_MT WITH
    I_S_SCALE         37.063     31.694      1.169      0.242
    S_S_SCALE          2.521      7.827      0.322      0.747

 S_BFA_MT WITH
    I_S_SCALE         -6.832      7.972     -0.857      0.391
    S_S_SCALE          1.535      3.259      0.471      0.638
    I_BFA_MT          -1.053      9.102     -0.116      0.908

 AS_SCALE WITH
    I_S_SCALE         62.289     24.276      2.566      0.010
    S_S_SCALE          5.471      5.615      0.974      0.330
    I_BFA_MT          25.441     24.192      1.052      0.293
    S_BFA_MT          -7.963      5.814     -1.370      0.171

 ABFA_MT  WITH
    I_S_SCALE         40.316     33.771      1.194      0.233
    S_S_SCALE         -8.651      7.730     -1.119      0.263
    I_BFA_MT         107.012     31.200      3.430      0.001
    S_BFA_MT           2.298      6.699      0.343      0.732

 DBFA_MT  WITH
    DS_SCALE         -14.047      6.858     -2.048      0.041

 CBFA_MT  WITH
    CS_SCALE         -14.047      6.858     -2.048      0.041

 BBFA_MT  WITH
    BS_SCALE         -14.047      6.858     -2.048      0.041

 ABFA_MT  WITH
    AS_SCALE         -24.892     11.088     -2.245      0.025

 Means
    AS_SCALE          70.343      0.780     90.133      0.000
    ABFA_MT           50.311      0.944     53.277      0.000
    I_S_SCALE         68.352      9.943      6.874      0.000
    S_S_SCALE          0.470      0.486      0.967      0.334
    I_BFA_MT          48.529     10.802      4.493      0.000
    S_BFA_MT          -0.214      0.486     -0.441      0.659

 Intercepts
    BS_SCALE           0.000      0.000    999.000    999.000
    CS_SCALE           0.000      0.000    999.000    999.000
    DS_SCALE           0.000      0.000    999.000    999.000
    BBFA_MT            0.000      0.000    999.000    999.000
    CBFA_MT            0.000      0.000    999.000    999.000
    DBFA_MT            0.000      0.000    999.000    999.000

 Variances
    AS_SCALE         145.197     15.766      9.209      0.000
    ABFA_MT          223.767     21.964     10.188      0.000
    I_S_SCALE         78.940     39.159      2.016      0.044
    S_S_SCALE          9.626      4.638      2.075      0.038
    I_BFA_MT          96.445     41.425      2.328      0.020
    S_BFA_MT           1.277      4.260      0.300      0.764

 Residual Variances
    BS_SCALE          44.804      7.822      5.728      0.000
    CS_SCALE          44.804      7.822      5.728      0.000
    DS_SCALE          44.804      7.822      5.728      0.000
    BBFA_MT           62.704      9.171      6.837      0.000
    CBFA_MT           62.704      9.171      6.837      0.000
    DBFA_MT           62.704      9.171      6.837      0.000


QUALITY OF NUMERICAL RESULTS

     Condition Number for the Information Matrix              0.190E-06
       (ratio of smallest to largest eigenvalue)


     Beginning Time:  11:58:07
        Ending Time:  11:58:13
       Elapsed Time:  00:00:06



MUTHEN & MUTHEN
3463 Stoner Ave.
Los Angeles, CA  90066

Tel: (310) 391-9971
Fax: (310) 391-8971
Web: www.StatModel.com
Support: Support@StatModel.com

Copyright (c) 1998-2011 Muthen & Muthen
