Mplus VERSION 6.12
MUTHEN & MUTHEN
03/21/2016  12:43 PM

INPUT INSTRUCTIONS


  title: PxVx Univariate - Nat MeanOnly BFA_NW with MeanOnly MVI_POMP;
  data: file = E:\Projects\lnt_pxvx\Data\LT_227.txt;


  variable:
  names =
  subjid
  Sample
  aGENDER
  aAGE
  aethnic1
  aethnic2
  aedu_mom
  aedu_dad
  aEDUCATN
  bEDUCATN
  cEDUCATN
  aEMPLOYD
  bEMPLOYD
  cEMPLOYD
  dEMPLOYD
  aINCOME
  bINCOME
  cINCOME
  dINCOME
  aS_SCALE
  bS_SCALE
  cS_SCALE
  dS_SCALE
  aD_SCALE
  bD_SCALE
  cD_SCALE
  dD_SCALE
  aS_COMP
  bS_COMP
  cS_COMP
  dS_COMP
  aD_COMP
  bD_COMP
  cD_COMP
  dD_COMP
  aBFI_A
  aBFI_A6
  aBFI_C
  aBFI_E
  aBFI_HP
  aBFI_N
  aBFI_O
  bBFI_A
  bBFI_A6
  bBFI_C
  bBFI_E
  bBFI_HP
  bBFI_N
  bBFI_O
  cBFI_A
  cBFI_A6
  cBFI_C
  cBFI_E
  cBFI_HP
  cBFI_N
  cBFI_O
  dBFI_A
  dBFI_A6
  dBFI_C
  dBFI_E
  dBFI_HP
  dBFI_N
  dBFI_O
  aBFA_AC
  aBFA_AP
  aBFA_CI
  aBFA_CO
  aBFA_EA
  aBFA_EE
  aBFA_N9
  aBFA_NV
  aBFA_NW
  aBFA_OI
  aBFA_OO
  aBFA_PS
  aBFA_MT
  bBFA_AC
  bBFA_AP
  bBFA_CI
  bBFA_CO
  bBFA_EA
  bBFA_EE
  bBFA_N9
  bBFA_NV
  bBFA_NW
  bBFA_OI
  bBFA_OO
  bBFA_MT
  bBFA_PS
  cBFA_AC
  cBFA_AP
  cBFA_CI
  cBFA_CO
  cBFA_EA
  cBFA_EE
  cBFA_N9
  cBFA_NV
  cBFA_NW
  cBFA_OI
  cBFA_OO
  cBFA_MT
  cBFA_PS
  dBFA_AC
  dBFA_AP
  dBFA_CI
  dBFA_CO
  dBFA_EA
  dBFA_EE
  dBFA_N9
  dBFA_NV
  dBFA_NW
  dBFA_OI
  dBFA_OO
  dBFA_MT
  dBFA_PS
  aUSI
  bUSI
  cUSI
  dUSI
  aHRZ_IND
  bHRZ_IND
  cHRZ_IND
  dHRZ_IND
  aVRT_IND
  bVRT_IND
  cVRT_IND
  dVRT_IND
  aHRZ_COL
  bHRZ_COL
  cHRZ_COL
  dHRZ_COL
  aVRT_COL
  bVRT_COL
  cVRT_COL
  dVRT_COL
  aCOLLCTV
  bCOLLCTV
  cCOLLCTV
  dCOLLCTV
  aMVS
  bMVS
  cMVS
  dMVS
  aST
  bST
  cST
  dST
  aSD
  bSD
  cSD
  dSD
  aMVS_mc
  bMVS_mc
  cMVS_mc
  dMVS_mc
  aST_mc
  bST_mc
  cST_mc
  dST_mc
  aSD_mc
  bSD_mc
  cSD_mc
  dSD_mc
  bMEANING
  cMEANING
  dMEANING
  bMEAN_L
  cMEAN_L
  dMEAN_L
  bMEANNGc
  cMEANNGc
  dMEANNGc
  bMEANGlc
  cMEANGlc
  dMEANGlc
  bCLASSIC
  cCLASSIC
  dCLASSIC
  bCLASSCc
  cCLASSCc
  dCLASSCc
  bAGR_VAL
  cAGR_VAL
  dAGR_VAL
  bOPN_VAL
  cOPN_VAL
  dOPN_VAL
  bAGR_VLc
  cAGR_VLc
  dAGR_VLc
  bOPNVALc
  cOPNVALc
  dOPNVALc
  aMV_pomp
  bMV_pomp
  cMV_pomp
  dMV_pomp
  aST_pomp
  bST_pomp
  cST_pomp
  dST_pomp
  aSD_pomp
  bSD_pomp
  cSD_pomp
  dSD_pomp
  agoal_ec
  bgoal_ec
  cgoal_ec
  dgoal_ec
  aAspfinc
  bAspfinc
  cAspfinc
  dAspfinc
  abfi_hp8
  bbfi_hp8
  cbfi_hp8
  dbfi_hp8
  aP_S_BFI
  aP_D_BFI
  aECgoalc
  bECgoalC
  cECgoalC
  dECgoalC
  aaspfin
  baspfin
  caspfin
  daspfin
  aMVI_POMP
  bMVI_POMP
  cMVI_POMP
  dMVI_POMP;


  USEVARIABLES =
  aBFA_NW
  bBFA_NW
  cBFA_NW
  dBFA_NW
  aMVI_POMP
  bMVI_POMP
  cMVI_POMP
  dMVI_POMP
  bage_c
  cage_c
  dage_c
  ;

  missing = all (-9999);

  USEOBSERVATIONS are Sample == 1; ! National Sample

  tscores = bage_c cage_c dage_c;

  DEFINE:
  bage_c = aAGE + 1 - 36;
  cage_c = aAGE + 2 - 36;
  dage_c = aAGE + 3 - 36;

  ANALYSIS:
  TYPE=RANDOM;
  PROCESSORS = 8;

  MODEL:

  i_BFA_NW s_BFA_NW | bBFA_NW cBFA_NW dBFA_NW AT bage_c cage_c dage_c;
  i_MVI_POMP s_MVI_POMP | bMVI_POMP cMVI_POMP dMVI_POMP AT bage_c cage_c dage_c;


  !After Bollen and Curran initial observation is not part of LGM

  dBFA_NW on cBFA_NW (a); ! Autoregressive paths constrained to equality
  cBFA_NW on bBFA_NW (a);
  bBFA_NW on aBFA_NW (a);

  dMVI_POMP on cMVI_POMP (b); ! Autoregressive paths constrained to equality
  cMVI_POMP on bMVI_POMP (b);
  bMVI_POMP on aMVI_POMP (b);

  bBFA_NW cBFA_NW dBFA_NW (c); !Equality constraint on residuals
  bMVI_POMP cMVI_POMP dMVI_POMP (d); !Equality constraint on residuals

  dMVI_POMP on cBFA_NW (x); ! Cross-lagged paths constrained to equality
  cMVI_POMP on bBFA_NW (x);
  bMVI_POMP on aBFA_NW (x);

  dBFA_NW on cMVI_POMP (y); ! Cross-lagged paths constrained to equality
  cBFA_NW on bMVI_POMP (y);
  bBFA_NW on aMVI_POMP (y);

  dMVI_POMP with dBFA_NW (w); ! within-wave correlations constrained to equality
  cMVI_POMP with cBFA_NW (w);
  bMVI_POMP with bBFA_NW (w);

  aBFA_NW aMVI_POMP i_BFA_NW i_MVI_POMP
  with
  aBFA_NW aMVI_POMP i_BFA_NW i_MVI_POMP;

  s_BFA_NW@0;

  s_MVI_POMP@0;

  OUTPUT: SAMPSTAT PATTERNS;



*** WARNING
  Variable name contains more than 8 characters.
  Only the first 8 characters will be printed in the output.
  Variable: AMVI_POMP
*** WARNING
  Variable name contains more than 8 characters.
  Only the first 8 characters will be printed in the output.
  Variable: BMVI_POMP
*** WARNING
  Variable name contains more than 8 characters.
  Only the first 8 characters will be printed in the output.
  Variable: CMVI_POMP
*** WARNING
  Variable name contains more than 8 characters.
  Only the first 8 characters will be printed in the output.
  Variable: DMVI_POMP
*** WARNING
  Variable name contains more than 8 characters.
  Only the first 8 characters will be printed in the output.
  Variable: I_MVI_POMP
*** WARNING
  Variable name contains more than 8 characters.
  Only the first 8 characters will be printed in the output.
  Variable: S_MVI_POMP
*** WARNING in MODEL command
  All continuous latent variable covariances involving S_BFA_NW have been fixed to 0
  because the variance of S_BFA_NW is fixed at 0.
*** WARNING in MODEL command
  All continuous latent variable covariances involving S_MVI_POMP have been fixed to 0
  because the variance of S_MVI_POMP is fixed at 0.
*** WARNING
  Data set contains cases with missing on time scores but non-missing on the
  corresponding dependent variables.  These cases were not included in the analysis.
  Number of such cases:  16
   9 WARNING(S) FOUND IN THE INPUT INSTRUCTIONS



PxVx Univariate - Nat MeanOnly BFA_NW with MeanOnly MVI_POMP;

SUMMARY OF ANALYSIS

Number of groups                                                 1
Number of observations                                         863

Number of dependent variables                                    6
Number of independent variables                                  2
Number of continuous latent variables                            4

Observed dependent variables

  Continuous
   BBFA_NW     CBFA_NW     DBFA_NW     BMVI_POMP   CMVI_POMP   DMVI_POMP

Observed independent variables
   ABFA_NW     AMVI_POM

Continuous latent variables
   I_BFA_NW    S_BFA_NW    I_MVI_PO    S_MVI_PO

Variables with special functions

  Time scores
   BAGE_C      CAGE_C      DAGE_C


Estimator                                                      MLR
Information matrix                                        OBSERVED
Maximum number of iterations                                   100
Convergence criterion                                    0.100D-05
Maximum number of EM iterations                                500
Convergence criteria for the EM algorithm
  Loglikelihood change                                   0.100D-02
  Relative loglikelihood change                          0.100D-05
  Derivative                                             0.100D-03
Minimum variance                                         0.100D-03
Maximum number of steepest descent iterations                   20
Maximum number of iterations for H1                           2000
Convergence criterion for H1                             0.100D-03
Optimization algorithm                                         EMA

Input data file(s)
  E:\Projects\lnt_pxvx\Data\LT_227.txt
Input data format  FREE


SUMMARY OF DATA

     Number of missing data patterns            17


SUMMARY OF MISSING DATA PATTERNS


     MISSING DATA PATTERNS (x = not missing)

           1  2  3  4  5  6  7  8  9 10 11 12 13 14 15 16 17
 BBFA_NW   x     x  x        x     x  x  x     x  x
 CBFA_NW   x           x     x  x        x  x  x  x        x
 DBFA_NW   x     x     x  x              x  x  x  x     x  x
 BMVI_POM  x     x  x        x     x        x  x  x
 CMVI_POM  x           x     x  x        x  x  x  x        x
 DMVI_POM  x     x     x  x              x  x  x  x        x
 ABFA_NW   x  x  x  x  x  x  x  x  x  x  x  x        x  x
 AMVI_POM  x  x  x  x  x  x  x  x     x  x  x  x        x


     MISSING DATA PATTERN FREQUENCIES

    Pattern   Frequency     Pattern   Frequency     Pattern   Frequency
          1         490           7          47          13           2
          2         169           8          23          14           3
          3          27           9           1          15           1
          4          48          10           3          16           1
          5          21          11           1          17           1
          6          24          12           1


COVARIANCE COVERAGE OF DATA

Minimum covariance coverage value   0.100


     PROPORTION OF DATA PRESENT


           Covariance Coverage
              BBFA_NW       CBFA_NW       DBFA_NW       BMVI_POM      CMVI_POM
              ________      ________      ________      ________      ________
 BBFA_NW        0.721
 CBFA_NW        0.629         0.683
 DBFA_NW        0.606         0.601         0.662
 BMVI_POM       0.716         0.629         0.606         0.717
 CMVI_POM       0.629         0.683         0.601         0.629         0.683
 DMVI_POM       0.606         0.601         0.660         0.606         0.601
 ABFA_NW        0.715         0.676         0.655         0.711         0.676
 AMVI_POM       0.716         0.678         0.657         0.713         0.678


           Covariance Coverage
              DMVI_POM      ABFA_NW       AMVI_POM
              ________      ________      ________
 DMVI_POM       0.660
 ABFA_NW        0.654         0.993
 AMVI_POM       0.656         0.991         0.993


SAMPLE STATISTICS


     ESTIMATED SAMPLE STATISTICS


           Means
              BBFA_NW       CBFA_NW       DBFA_NW       BMVI_POM      CMVI_POM
              ________      ________      ________      ________      ________
 1             46.062        46.251        45.888        61.330        61.536


           Means
              DMVI_POM      ABFA_NW       AMVI_POM
              ________      ________      ________
 1             61.297        45.958        61.706


           Covariances
              BBFA_NW       CBFA_NW       DBFA_NW       BMVI_POM      CMVI_POM
              ________      ________      ________      ________      ________
 BBFA_NW      411.873
 CBFA_NW      349.748       432.050
 DBFA_NW      356.702       378.548       445.907
 BMVI_POM     -12.935        -9.766        -7.787        68.723
 CMVI_POM     -11.084        -8.821        -5.949        57.788        74.875
 DMVI_POM     -11.785        -9.865       -12.122        53.647        56.132
 ABFA_NW      346.647       335.058       346.751        -6.244        -5.684
 AMVI_POM     -13.888       -12.498       -10.250        54.576        53.514


           Covariances
              DMVI_POM      ABFA_NW       AMVI_POM
              ________      ________      ________
 DMVI_POM      64.900
 ABFA_NW       -3.814       431.998
 AMVI_POM      50.495       -12.039        70.476


           Correlations
              BBFA_NW       CBFA_NW       DBFA_NW       BMVI_POM      CMVI_POM
              ________      ________      ________      ________      ________
 BBFA_NW        1.000
 CBFA_NW        0.829         1.000
 DBFA_NW        0.832         0.862         1.000
 BMVI_POM      -0.077        -0.057        -0.044         1.000
 CMVI_POM      -0.063        -0.049        -0.033         0.806         1.000
 DMVI_POM      -0.072        -0.059        -0.071         0.803         0.805
 ABFA_NW        0.822         0.776         0.790        -0.036        -0.032
 AMVI_POM      -0.082        -0.072        -0.058         0.784         0.737


           Correlations
              DMVI_POM      ABFA_NW       AMVI_POM
              ________      ________      ________
 DMVI_POM       1.000
 ABFA_NW       -0.023         1.000
 AMVI_POM       0.747        -0.069         1.000


     MAXIMUM LOG-LIKELIHOOD VALUE FOR THE UNRESTRICTED (H1) MODEL IS -18932.965

     WARNING:  THE MLR STANDARD ERRORS COULD NOT BE COMPUTED.  THE MLF STANDARD
     ERRORS WERE COMPUTED INSTEAD.  THE MLR CONDITION NUMBER IS      -0.138D-09.
     PROBLEM INVOLVING PARAMETER 21.  THIS MAY BE DUE TO NEAR SINGULARITY
     OF THE RANDOM EFFECT VARIANCE/COVARIANCE OR INCOMPLETE CONVERGENCE.

THE MODEL ESTIMATION TERMINATED NORMALLY



MODEL FIT INFORMATION

Number of Free Parameters                       23

Loglikelihood

          H0 Value                      -18942.876

Information Criteria

          Akaike (AIC)                   37931.751
          Bayesian (BIC)                 38041.241
          Sample-Size Adjusted BIC       37968.199
            (n* = (n + 2) / 24)



MODEL RESULTS

                                                    Two-Tailed
                    Estimate       S.E.  Est./S.E.    P-Value

 DBFA_NW    ON
    CBFA_NW            0.159      0.036      4.439      0.000
    CMVI_POMP          0.017      0.076      0.219      0.827

 CBFA_NW    ON
    BBFA_NW            0.159      0.036      4.439      0.000
    BMVI_POMP          0.017      0.076      0.219      0.827

 BBFA_NW    ON
    ABFA_NW            0.159      0.036      4.439      0.000
    AMVI_POMP          0.017      0.076      0.219      0.827

 DMVI_POMP  ON
    CMVI_POMP          0.096      0.038      2.511      0.012
    CBFA_NW           -0.011      0.014     -0.800      0.424

 CMVI_POMP  ON
    BMVI_POMP          0.096      0.038      2.511      0.012
    BBFA_NW           -0.011      0.014     -0.800      0.424

 BMVI_POMP  ON
    AMVI_POMP          0.096      0.038      2.511      0.012
    ABFA_NW           -0.011      0.014     -0.800      0.424

 I_MVI_PO WITH
    I_BFA_NW          -2.433      8.191     -0.297      0.766

 ABFA_NW  WITH
    I_BFA_NW         280.418     21.860     12.828      0.000
    I_MVI_POMP         1.472      7.247      0.203      0.839

 AMVI_POM WITH
    I_BFA_NW         -10.580      6.515     -1.624      0.104
    I_MVI_POMP        46.692      3.741     12.481      0.000

 DMVI_POM WITH
    DBFA_NW           -2.155      1.231     -1.751      0.080

 CMVI_POM WITH
    CBFA_NW           -2.155      1.231     -1.751      0.080

 BMVI_POM WITH
    BBFA_NW           -2.155      1.231     -1.751      0.080

 AMVI_POM WITH
    ABFA_NW          -12.043      6.072     -1.983      0.047

 Means
    ABFA_NW           45.962      0.726     63.314      0.000
    AMVI_POMP         61.707      0.297    207.913      0.000
    I_BFA_NW          37.851      5.118      7.396      0.000
    S_BFA_NW          -0.080      0.037     -2.183      0.029
    I_MVI_POMP        55.894      2.514     22.234      0.000
    S_MVI_POMP         0.052      0.017      3.019      0.003

 Intercepts
    BBFA_NW            0.000      0.000    999.000    999.000
    CBFA_NW            0.000      0.000    999.000    999.000
    DBFA_NW            0.000      0.000    999.000    999.000
    BMVI_POMP          0.000      0.000    999.000    999.000
    CMVI_POMP          0.000      0.000    999.000    999.000
    DMVI_POMP          0.000      0.000    999.000    999.000

 Variances
    ABFA_NW          431.831     23.597     18.301      0.000
    AMVI_POMP         70.501      3.563     19.788      0.000
    I_BFA_NW         247.079     27.825      8.880      0.000
    S_BFA_NW           0.000      0.000    999.000    999.000
    I_MVI_POMP        44.086      5.067      8.700      0.000
    S_MVI_POMP         0.000      0.000    999.000    999.000

 Residual Variances
    BBFA_NW           74.735      3.119     23.964      0.000
    CBFA_NW           74.735      3.119     23.964      0.000
    DBFA_NW           74.735      3.119     23.964      0.000
    BMVI_POMP         14.523      0.689     21.079      0.000
    CMVI_POMP         14.523      0.689     21.079      0.000
    DMVI_POMP         14.523      0.689     21.079      0.000


QUALITY OF NUMERICAL RESULTS

     Condition Number for the Information Matrix              0.421E-07
       (ratio of smallest to largest eigenvalue)


     Beginning Time:  12:43:52
        Ending Time:  12:43:54
       Elapsed Time:  00:00:02



MUTHEN & MUTHEN
3463 Stoner Ave.
Los Angeles, CA  90066

Tel: (310) 391-9971
Fax: (310) 391-8971
Web: www.StatModel.com
Support: Support@StatModel.com

Copyright (c) 1998-2011 Muthen & Muthen
