Mplus VERSION 7 (Mac)
MUTHEN & MUTHEN
10/27/2017   9:44 AM

INPUT INSTRUCTIONS


  title: PxVx Bivariate LCM-SR-Uncons - Col Linear BFA_EE with Linear HRZ_IND;
  data: file = /Users/johnflournoy/code/lnt_pxvx/Data/LT_227.txt;



  variable:
  names =
  subjid
  Sample
  aGENDER
  aAGE
  aethnic1
  aethnic2
  aedu_mom
  aedu_dad
  aEDUCATN
  bEDUCATN
  cEDUCATN
  aEMPLOYD
  bEMPLOYD
  cEMPLOYD
  dEMPLOYD
  aINCOME
  bINCOME
  cINCOME
  dINCOME
  aS_SCALE
  bS_SCALE
  cS_SCALE
  dS_SCALE
  aD_SCALE
  bD_SCALE
  cD_SCALE
  dD_SCALE
  aS_COMP
  bS_COMP
  cS_COMP
  dS_COMP
  aD_COMP
  bD_COMP
  cD_COMP
  dD_COMP
  aBFI_A
  aBFI_A6
  aBFI_C
  aBFI_E
  aBFI_HP
  aBFI_N
  aBFI_O
  bBFI_A
  bBFI_A6
  bBFI_C
  bBFI_E
  bBFI_HP
  bBFI_N
  bBFI_O
  cBFI_A
  cBFI_A6
  cBFI_C
  cBFI_E
  cBFI_HP
  cBFI_N
  cBFI_O
  dBFI_A
  dBFI_A6
  dBFI_C
  dBFI_E
  dBFI_HP
  dBFI_N
  dBFI_O
  aBFA_AC
  aBFA_AP
  aBFA_CI
  aBFA_CO
  aBFA_EA
  aBFA_EE
  aBFA_N9
  aBFA_NV
  aBFA_NW
  aBFA_OI
  aBFA_OO
  aBFA_PS
  aBFA_MT
  bBFA_AC
  bBFA_AP
  bBFA_CI
  bBFA_CO
  bBFA_EA
  bBFA_EE
  bBFA_N9
  bBFA_NV
  bBFA_NW
  bBFA_OI
  bBFA_OO
  bBFA_MT
  bBFA_PS
  cBFA_AC
  cBFA_AP
  cBFA_CI
  cBFA_CO
  cBFA_EA
  cBFA_EE
  cBFA_N9
  cBFA_NV
  cBFA_NW
  cBFA_OI
  cBFA_OO
  cBFA_MT
  cBFA_PS
  dBFA_AC
  dBFA_AP
  dBFA_CI
  dBFA_CO
  dBFA_EA
  dBFA_EE
  dBFA_N9
  dBFA_NV
  dBFA_NW
  dBFA_OI
  dBFA_OO
  dBFA_MT
  dBFA_PS
  aUSI
  bUSI
  cUSI
  dUSI
  aHRZ_IND
  bHRZ_IND
  cHRZ_IND
  dHRZ_IND
  aVRT_IND
  bVRT_IND
  cVRT_IND
  dVRT_IND
  aHRZ_COL
  bHRZ_COL
  cHRZ_COL
  dHRZ_COL
  aVRT_COL
  bVRT_COL
  cVRT_COL
  dVRT_COL
  aCOLLCTV
  bCOLLCTV
  cCOLLCTV
  dCOLLCTV
  aMVS
  bMVS
  cMVS
  dMVS
  aST
  bST
  cST
  dST
  aSD
  bSD
  cSD
  dSD
  aMVS_mc
  bMVS_mc
  cMVS_mc
  dMVS_mc
  aST_mc
  bST_mc
  cST_mc
  dST_mc
  aSD_mc
  bSD_mc
  cSD_mc
  dSD_mc
  bMEANING
  cMEANING
  dMEANING
  bMEAN_L
  cMEAN_L
  dMEAN_L
  bMEANNGc
  cMEANNGc
  dMEANNGc
  bMEANGlc
  cMEANGlc
  dMEANGlc
  bCLASSIC
  cCLASSIC
  dCLASSIC
  bCLASSCc
  cCLASSCc
  dCLASSCc
  bAGR_VAL
  cAGR_VAL
  dAGR_VAL
  bOPN_VAL
  cOPN_VAL
  dOPN_VAL
  bAGR_VLc
  cAGR_VLc
  dAGR_VLc
  bOPNVALc
  cOPNVALc
  dOPNVALc
  aMV_pomp
  bMV_pomp
  cMV_pomp
  dMV_pomp
  aST_pomp
  bST_pomp
  cST_pomp
  dST_pomp
  aSD_pomp
  bSD_pomp
  cSD_pomp
  dSD_pomp
  agoal_ec
  bgoal_ec
  cgoal_ec
  dgoal_ec
  aAspfinc
  bAspfinc
  cAspfinc
  dAspfinc
  abfi_hp8
  bbfi_hp8
  cbfi_hp8
  dbfi_hp8
  aP_S_BFI
  aP_D_BFI
  aECgoalc
  bECgoalC
  cECgoalC
  dECgoalC
  aaspfin
  baspfin
  caspfin
  daspfin
  aMVI_POMP
  bMVI_POMP
  cMVI_POMP
  dMVI_POMP;

  USEVARIABLES =
  aBFA_EE
  bBFA_EE
  cBFA_EE
  dBFA_EE
  aHRZ_IND
  bHRZ_IND
  cHRZ_IND
  dHRZ_IND
  a1
  a2
  a3
  a4
  ;

  missing = all (-9999);

  USEOBSERVATIONS are Sample == 2; ! College Sample

  tscores = a1 a2 a3 a4;

  DEFINE:
  a1 = aAGE + 0 - 20.5;
  a2 = aAGE + 1 - 20.5;
  a3 = aAGE + 2 - 20.5;
  a4 = aAGE + 3 - 20.5;

  ANALYSIS:
  TYPE=RANDOM;
  PROCESSORS = 4;
  model=nocovariances; ! supresses default estimation of certain covs in model;

  MODEL:

  i_BFA_EE s_BFA_EE | aBFA_EE bBFA_EE cBFA_EE dBFA_EE AT a1 a2 a3 a4;
  i_HRZ_IND s_HRZ_IND | aHRZ_IND bHRZ_IND cHRZ_IND dHRZ_IND AT a1 a2 a3 a4;

  ! freeing factor covs because of "nocovariances"
  s_BFA_EE WITH i_BFA_EE s_HRZ_IND i_HRZ_IND;
  i_BFA_EE WITH s_HRZ_IND i_HRZ_IND;
  s_HRZ_IND WITH i_HRZ_IND;

  p1 BY aBFA_EE@1; ! Residual "factors";
  p2 BY bBFA_EE@1;
  p3 BY cBFA_EE@1;
  p4 BY dBFA_EE@1;

  v1 BY aHRZ_IND@1; ! Residual "factors";
  v2 BY bHRZ_IND@1;
  v3 BY cHRZ_IND@1;
  v4 BY dHRZ_IND@1;

  !residual variances on observed/manifest vars set to 0
  aBFA_EE@0;
  bBFA_EE@0;
  cBFA_EE@0;
  dBFA_EE@0;

  !residual variances on observed/manifest vars set to 0
  aHRZ_IND@0;
  bHRZ_IND@0;
  cHRZ_IND@0;
  dHRZ_IND@0;

  ! means of observed/manifest vars set to 0
  [aBFA_EE@0];
  [bBFA_EE@0];
  [cBFA_EE@0];
  [dBFA_EE@0];

  ! means of observed/manifest vars set to 0
  [aHRZ_IND@0];
  [bHRZ_IND@0];
  [cHRZ_IND@0];
  [dHRZ_IND@0];

  [p1@0]; ! means of residual "factors" set to 0
  [p2@0];
  [p3@0];
  [p4@0];

  [v1@0]; ! means of residual "factors" set to 0
  [v2@0];
  [v3@0];
  [v4@0];

  p4 on p3;
  p3 on p2;
  p2 on p1;

  v4 on v3;
  v3 on v2;
  v2 on v1;

  p4 on v3;
  p3 on v2;
  p2 on v1;

  v4 on p3;
  v3 on p2;
  v2 on p1;

  p1 with v1;
  p2 with v2;
  p3 with v3;
  p4 with v4;

  p2 p3 p4; ! estimate variances of residual "factors"
  v2 v3 v4; ! estimate variances of residual "factors"

  OUTPUT: SAMPSTAT PATTERNS;



*** WARNING
  Variable name contains more than 8 characters.
  Only the first 8 characters will be printed in the output.
  Variable: AMVI_POMP
*** WARNING
  Variable name contains more than 8 characters.
  Only the first 8 characters will be printed in the output.
  Variable: BMVI_POMP
*** WARNING
  Variable name contains more than 8 characters.
  Only the first 8 characters will be printed in the output.
  Variable: CMVI_POMP
*** WARNING
  Variable name contains more than 8 characters.
  Only the first 8 characters will be printed in the output.
  Variable: DMVI_POMP
*** WARNING
  Variable name contains more than 8 characters.
  Only the first 8 characters will be printed in the output.
  Variable: I_HRZ_IND
*** WARNING
  Variable name contains more than 8 characters.
  Only the first 8 characters will be printed in the output.
  Variable: S_HRZ_IND
*** WARNING
  Data set contains cases with missing on all variables.
  These cases were not included in the analysis.
  Number of cases with missing on all variables:  1
*** WARNING
  Data set contains cases with missing on time scores but non-missing on the
  corresponding dependent variables.  These cases were not included in the analysis.
  Number of such cases:  3
   8 WARNING(S) FOUND IN THE INPUT INSTRUCTIONS



PxVx Bivariate LCM-SR-Uncons - Col Linear BFA_EE with Linear HRZ_IND;

SUMMARY OF ANALYSIS

Number of groups                                                 1
Number of observations                                         276

Number of dependent variables                                    8
Number of independent variables                                  0
Number of continuous latent variables                           12

Observed dependent variables

  Continuous
   ABFA_EE     BBFA_EE     CBFA_EE     DBFA_EE     AHRZ_IND    BHRZ_IND
   CHRZ_IND    DHRZ_IND

Continuous latent variables
   P1          P2          P3          P4          V1          V2
   V3          V4          I_BFA_EE    S_BFA_EE    I_HRZ_IN    S_HRZ_IN

Variables with special functions

  Time scores
   A1          A2          A3          A4


Estimator                                                      MLR
Information matrix                                        OBSERVED
Maximum number of iterations                                   100
Convergence criterion                                    0.100D-05
Maximum number of EM iterations                                500
Convergence criteria for the EM algorithm
  Loglikelihood change                                   0.100D-02
  Relative loglikelihood change                          0.100D-05
  Derivative                                             0.100D-03
Minimum variance                                         0.100D-03
Maximum number of steepest descent iterations                   20
Maximum number of iterations for H1                           2000
Convergence criterion for H1                             0.100D-03
Optimization algorithm                                         EMA

Input data file(s)
  /Users/johnflournoy/code/lnt_pxvx/Data/LT_227.txt
Input data format  FREE


SUMMARY OF DATA

     Number of missing data patterns            12


SUMMARY OF MISSING DATA PATTERNS


     MISSING DATA PATTERNS (x = not missing)

           1  2  3  4  5  6  7  8  9 10 11 12
 ABFA_EE   x  x  x  x  x  x  x  x  x  x  x  x
 BBFA_EE   x  x     x        x  x           x
 CBFA_EE   x  x  x                 x  x
 DBFA_EE   x              x  x  x  x  x
 AHRZ_IND  x  x  x  x  x  x  x  x  x  x     x
 BHRZ_IND  x  x     x           x
 CHRZ_IND  x  x  x                 x  x
 DHRZ_IND  x              x     x     x


     MISSING DATA PATTERN FREQUENCIES

    Pattern   Frequency     Pattern   Frequency     Pattern   Frequency
          1         138           5          52           9           1
          2          12           6          11          10          10
          3           5           7           1          11           1
          4          27           8          16          12           2


COVARIANCE COVERAGE OF DATA

Minimum covariance coverage value   0.100


     PROPORTION OF DATA PRESENT


           Covariance Coverage
              ABFA_EE       BBFA_EE       CBFA_EE       DBFA_EE       AHRZ_IND
              ________      ________      ________      ________      ________
 ABFA_EE        1.000
 BBFA_EE        0.710         0.710
 CBFA_EE        0.601         0.543         0.601
 DBFA_EE        0.641         0.562         0.540         0.641
 AHRZ_IND       0.996         0.710         0.601         0.641         0.996
 BHRZ_IND       0.699         0.699         0.543         0.558         0.699
 CHRZ_IND       0.601         0.543         0.601         0.540         0.601
 DHRZ_IND       0.634         0.558         0.536         0.634         0.634


           Covariance Coverage
              BHRZ_IND      CHRZ_IND      DHRZ_IND
              ________      ________      ________
 BHRZ_IND       0.699
 CHRZ_IND       0.543         0.601
 DHRZ_IND       0.558         0.536         0.634


SAMPLE STATISTICS


     ESTIMATED SAMPLE STATISTICS


           Means
              ABFA_EE       BBFA_EE       CBFA_EE       DBFA_EE       AHRZ_IND
              ________      ________      ________      ________      ________
 1             67.268        65.467        66.475        65.167        74.074


           Means
              BHRZ_IND      CHRZ_IND      DHRZ_IND
              ________      ________      ________
 1             73.072        73.596        75.340


           Covariances
              ABFA_EE       BBFA_EE       CBFA_EE       DBFA_EE       AHRZ_IND
              ________      ________      ________      ________      ________
 ABFA_EE      279.692
 BBFA_EE      236.362       307.023
 CBFA_EE      205.711       218.329       283.450
 DBFA_EE      224.387       232.121       242.808       333.254
 AHRZ_IND     -23.017       -44.444       -40.534       -37.833       239.586
 BHRZ_IND       0.418       -14.187       -24.954       -18.944       162.396
 CHRZ_IND      15.236        -6.897        -2.247         3.217       129.975
 DHRZ_IND     -27.253       -40.489       -35.597       -29.815       136.359


           Covariances
              BHRZ_IND      CHRZ_IND      DHRZ_IND
              ________      ________      ________
 BHRZ_IND     265.258
 CHRZ_IND     170.935       244.431
 DHRZ_IND     144.187       139.462       257.243


           Correlations
              ABFA_EE       BBFA_EE       CBFA_EE       DBFA_EE       AHRZ_IND
              ________      ________      ________      ________      ________
 ABFA_EE        1.000
 BBFA_EE        0.807         1.000
 CBFA_EE        0.731         0.740         1.000
 DBFA_EE        0.735         0.726         0.790         1.000
 AHRZ_IND      -0.089        -0.164        -0.156        -0.134         1.000
 BHRZ_IND       0.002        -0.050        -0.091        -0.064         0.644
 CHRZ_IND       0.058        -0.025        -0.009         0.011         0.537
 DHRZ_IND      -0.102        -0.144        -0.132        -0.102         0.549


           Correlations
              BHRZ_IND      CHRZ_IND      DHRZ_IND
              ________      ________      ________
 BHRZ_IND       1.000
 CHRZ_IND       0.671         1.000
 DHRZ_IND       0.552         0.556         1.000


     MAXIMUM LOG-LIKELIHOOD VALUE FOR THE UNRESTRICTED (H1) MODEL IS -6428.984


THE MODEL ESTIMATION TERMINATED NORMALLY



MODEL FIT INFORMATION

Number of Free Parameters                       38

Loglikelihood

          H0 Value                       -6437.232
          H0 Scaling Correction Factor      1.1574
            for MLR

Information Criteria

          Akaike (AIC)                   12950.463
          Bayesian (BIC)                 13088.039
          Sample-Size Adjusted BIC       12967.547
            (n* = (n + 2) / 24)



MODEL RESULTS

                                                    Two-Tailed
                    Estimate       S.E.  Est./S.E.    P-Value

 P1       BY
    ABFA_EE            1.000      0.000    999.000    999.000

 P2       BY
    BBFA_EE            1.000      0.000    999.000    999.000

 P3       BY
    CBFA_EE            1.000      0.000    999.000    999.000

 P4       BY
    DBFA_EE            1.000      0.000    999.000    999.000

 V1       BY
    AHRZ_IND           1.000      0.000    999.000    999.000

 V2       BY
    BHRZ_IND           1.000      0.000    999.000    999.000

 V3       BY
    CHRZ_IND           1.000      0.000    999.000    999.000

 V4       BY
    DHRZ_IND           1.000      0.000    999.000    999.000

 P4         ON
    P3                -0.083      0.972     -0.086      0.932
    V3                 0.390      0.726      0.537      0.591

 P3         ON
    P2                 0.065      0.184      0.353      0.724
    V2                 0.053      0.112      0.474      0.636

 P2         ON
    P1                 0.376      0.319      1.178      0.239
    V1                -0.165      0.133     -1.236      0.216

 V4         ON
    V3                -0.171      0.762     -0.224      0.823
    P3                 0.443      0.847      0.523      0.601

 V3         ON
    V2                 0.291      0.224      1.300      0.194
    P2                 0.074      0.177      0.417      0.676

 V2         ON
    V1                 0.299      0.154      1.935      0.053
    P1                 0.093      0.219      0.427      0.669

 S_BFA_EE WITH
    I_BFA_EE           3.016     14.745      0.205      0.838
    S_HRZ_IND         -1.076      2.342     -0.460      0.646
    I_HRZ_IND        -12.238     10.908     -1.122      0.262

 I_BFA_EE WITH
    S_HRZ_IND         -5.101     10.350     -0.493      0.622
    I_HRZ_IND         -3.496     28.253     -0.124      0.902

 S_HRZ_IN WITH
    I_HRZ_IND          1.296     16.724      0.077      0.938

 P1       WITH
    V1               -16.616     27.691     -0.600      0.548

 P2       WITH
    V2                 7.101     10.486      0.677      0.498

 P3       WITH
    V3                25.648     25.492      1.006      0.314

 P4       WITH
    V4                44.931     78.313      0.574      0.566

 Means
    P1                 0.000      0.000    999.000    999.000
    V1                 0.000      0.000    999.000    999.000
    I_BFA_EE          67.229      1.007     66.770      0.000
    S_BFA_EE          -0.685      0.302     -2.267      0.023
    I_HRZ_IND         73.794      0.937     78.784      0.000
    S_HRZ_IND          0.254      0.340      0.747      0.455

 Intercepts
    ABFA_EE            0.000      0.000    999.000    999.000
    BBFA_EE            0.000      0.000    999.000    999.000
    CBFA_EE            0.000      0.000    999.000    999.000
    DBFA_EE            0.000      0.000    999.000    999.000
    AHRZ_IND           0.000      0.000    999.000    999.000
    BHRZ_IND           0.000      0.000    999.000    999.000
    CHRZ_IND           0.000      0.000    999.000    999.000
    DHRZ_IND           0.000      0.000    999.000    999.000
    P2                 0.000      0.000    999.000    999.000
    P3                 0.000      0.000    999.000    999.000
    P4                 0.000      0.000    999.000    999.000
    V2                 0.000      0.000    999.000    999.000
    V3                 0.000      0.000    999.000    999.000
    V4                 0.000      0.000    999.000    999.000

 Variances
    P1                74.552     43.639      1.708      0.088
    V1               112.179     43.631      2.571      0.010
    I_BFA_EE         201.714     48.081      4.195      0.000
    S_BFA_EE           2.928      2.687      1.090      0.276
    I_HRZ_IND        128.587     42.486      3.027      0.002
    S_HRZ_IND          1.778      2.605      0.682      0.495

 Residual Variances
    ABFA_EE            0.000      0.000    999.000    999.000
    BBFA_EE            0.000      0.000    999.000    999.000
    CBFA_EE            0.000      0.000    999.000    999.000
    DBFA_EE            0.000      0.000    999.000    999.000
    AHRZ_IND           0.000      0.000    999.000    999.000
    BHRZ_IND           0.000      0.000    999.000    999.000
    CHRZ_IND           0.000      0.000    999.000    999.000
    DHRZ_IND           0.000      0.000    999.000    999.000
    P2                83.313     17.429      4.780      0.000
    P3                66.833     39.155      1.707      0.088
    P4                57.223     80.198      0.714      0.476
    V2               122.847     14.601      8.413      0.000
    V3                99.060     43.751      2.264      0.024
    V4                85.618     94.322      0.908      0.364


QUALITY OF NUMERICAL RESULTS

     Condition Number for the Information Matrix              0.676E-06
       (ratio of smallest to largest eigenvalue)


     Beginning Time:  09:44:12
        Ending Time:  09:44:32
       Elapsed Time:  00:00:20



MUTHEN & MUTHEN
3463 Stoner Ave.
Los Angeles, CA  90066

Tel: (310) 391-9971
Fax: (310) 391-8971
Web: www.StatModel.com
Support: Support@StatModel.com

Copyright (c) 1998-2012 Muthen & Muthen
