Mplus VERSION 6.12
MUTHEN & MUTHEN
03/21/2016  11:59 AM

INPUT INSTRUCTIONS


  title: PxVx Univariate - Col MeanOnly S_SCALE with MeanOnly USI;
  data: file = E:\Projects\lnt_pxvx\Data\LT_227.txt;



  variable:
  names =
  subjid
  Sample
  aGENDER
  aAGE
  aethnic1
  aethnic2
  aedu_mom
  aedu_dad
  aEDUCATN
  bEDUCATN
  cEDUCATN
  aEMPLOYD
  bEMPLOYD
  cEMPLOYD
  dEMPLOYD
  aINCOME
  bINCOME
  cINCOME
  dINCOME
  aS_SCALE
  bS_SCALE
  cS_SCALE
  dS_SCALE
  aD_SCALE
  bD_SCALE
  cD_SCALE
  dD_SCALE
  aS_COMP
  bS_COMP
  cS_COMP
  dS_COMP
  aD_COMP
  bD_COMP
  cD_COMP
  dD_COMP
  aBFI_A
  aBFI_A6
  aBFI_C
  aBFI_E
  aBFI_HP
  aBFI_N
  aBFI_O
  bBFI_A
  bBFI_A6
  bBFI_C
  bBFI_E
  bBFI_HP
  bBFI_N
  bBFI_O
  cBFI_A
  cBFI_A6
  cBFI_C
  cBFI_E
  cBFI_HP
  cBFI_N
  cBFI_O
  dBFI_A
  dBFI_A6
  dBFI_C
  dBFI_E
  dBFI_HP
  dBFI_N
  dBFI_O
  aBFA_AC
  aBFA_AP
  aBFA_CI
  aBFA_CO
  aBFA_EA
  aBFA_EE
  aBFA_N9
  aBFA_NV
  aBFA_NW
  aBFA_OI
  aBFA_OO
  aBFA_PS
  aBFA_MT
  bBFA_AC
  bBFA_AP
  bBFA_CI
  bBFA_CO
  bBFA_EA
  bBFA_EE
  bBFA_N9
  bBFA_NV
  bBFA_NW
  bBFA_OI
  bBFA_OO
  bBFA_MT
  bBFA_PS
  cBFA_AC
  cBFA_AP
  cBFA_CI
  cBFA_CO
  cBFA_EA
  cBFA_EE
  cBFA_N9
  cBFA_NV
  cBFA_NW
  cBFA_OI
  cBFA_OO
  cBFA_MT
  cBFA_PS
  dBFA_AC
  dBFA_AP
  dBFA_CI
  dBFA_CO
  dBFA_EA
  dBFA_EE
  dBFA_N9
  dBFA_NV
  dBFA_NW
  dBFA_OI
  dBFA_OO
  dBFA_MT
  dBFA_PS
  aUSI
  bUSI
  cUSI
  dUSI
  aHRZ_IND
  bHRZ_IND
  cHRZ_IND
  dHRZ_IND
  aVRT_IND
  bVRT_IND
  cVRT_IND
  dVRT_IND
  aHRZ_COL
  bHRZ_COL
  cHRZ_COL
  dHRZ_COL
  aVRT_COL
  bVRT_COL
  cVRT_COL
  dVRT_COL
  aCOLLCTV
  bCOLLCTV
  cCOLLCTV
  dCOLLCTV
  aMVS
  bMVS
  cMVS
  dMVS
  aST
  bST
  cST
  dST
  aSD
  bSD
  cSD
  dSD
  aMVS_mc
  bMVS_mc
  cMVS_mc
  dMVS_mc
  aST_mc
  bST_mc
  cST_mc
  dST_mc
  aSD_mc
  bSD_mc
  cSD_mc
  dSD_mc
  bMEANING
  cMEANING
  dMEANING
  bMEAN_L
  cMEAN_L
  dMEAN_L
  bMEANNGc
  cMEANNGc
  dMEANNGc
  bMEANGlc
  cMEANGlc
  dMEANGlc
  bCLASSIC
  cCLASSIC
  dCLASSIC
  bCLASSCc
  cCLASSCc
  dCLASSCc
  bAGR_VAL
  cAGR_VAL
  dAGR_VAL
  bOPN_VAL
  cOPN_VAL
  dOPN_VAL
  bAGR_VLc
  cAGR_VLc
  dAGR_VLc
  bOPNVALc
  cOPNVALc
  dOPNVALc
  aMV_pomp
  bMV_pomp
  cMV_pomp
  dMV_pomp
  aST_pomp
  bST_pomp
  cST_pomp
  dST_pomp
  aSD_pomp
  bSD_pomp
  cSD_pomp
  dSD_pomp
  agoal_ec
  bgoal_ec
  cgoal_ec
  dgoal_ec
  aAspfinc
  bAspfinc
  cAspfinc
  dAspfinc
  abfi_hp8
  bbfi_hp8
  cbfi_hp8
  dbfi_hp8
  aP_S_BFI
  aP_D_BFI
  aECgoalc
  bECgoalC
  cECgoalC
  dECgoalC
  aaspfin
  baspfin
  caspfin
  daspfin
  aMVI_POMP
  bMVI_POMP
  cMVI_POMP
  dMVI_POMP;

  USEVARIABLES =
  aS_SCALE
  bS_SCALE
  cS_SCALE
  dS_SCALE
  aUSI
  bUSI
  cUSI
  dUSI
  bage_c
  cage_c
  dage_c
  ;

  missing = all (-9999);

  USEOBSERVATIONS are Sample == 2; ! College Sample

  tscores = bage_c cage_c dage_c;

  DEFINE:
  bage_c = aAGE + 1 - 20.5;
  cage_c = aAGE + 2 - 20.5;
  dage_c = aAGE + 3 - 20.5;

  ANALYSIS:
  TYPE=RANDOM;
  PROCESSORS = 8;

  MODEL:

  i_S_SCALE s_S_SCALE | bS_SCALE cS_SCALE dS_SCALE AT bage_c cage_c dage_c;
  i_USI s_USI | bUSI cUSI dUSI AT bage_c cage_c dage_c;


  !After Bollen and Curran initial observation is not part of LGM

  dS_SCALE on cS_SCALE (a); ! Autoregressive paths constrained to equality
  cS_SCALE on bS_SCALE (a);
  bS_SCALE on aS_SCALE (a);

  dUSI on cUSI (b); ! Autoregressive paths constrained to equality
  cUSI on bUSI (b);
  bUSI on aUSI (b);

  bS_SCALE cS_SCALE dS_SCALE (c); !Equality constraint on residuals
  bUSI cUSI dUSI (d); !Equality constraint on residuals

  dUSI on cS_SCALE (x); ! Cross-lagged paths constrained to equality
  cUSI on bS_SCALE (x);
  bUSI on aS_SCALE (x);

  dS_SCALE on cUSI (y); ! Cross-lagged paths constrained to equality
  cS_SCALE on bUSI (y);
  bS_SCALE on aUSI (y);

  dUSI with dS_SCALE (w); ! within-wave correlations constrained to equality
  cUSI with cS_SCALE (w);
  bUSI with bS_SCALE (w);

  aS_SCALE aUSI i_S_SCALE i_USI
  with
  aS_SCALE aUSI i_S_SCALE i_USI;

  s_S_SCALE@0;

  s_USI@0;

  OUTPUT: SAMPSTAT PATTERNS;



*** WARNING
  Variable name contains more than 8 characters.
  Only the first 8 characters will be printed in the output.
  Variable: AMVI_POMP
*** WARNING
  Variable name contains more than 8 characters.
  Only the first 8 characters will be printed in the output.
  Variable: BMVI_POMP
*** WARNING
  Variable name contains more than 8 characters.
  Only the first 8 characters will be printed in the output.
  Variable: CMVI_POMP
*** WARNING
  Variable name contains more than 8 characters.
  Only the first 8 characters will be printed in the output.
  Variable: DMVI_POMP
*** WARNING
  Variable name contains more than 8 characters.
  Only the first 8 characters will be printed in the output.
  Variable: I_S_SCALE
*** WARNING
  Variable name contains more than 8 characters.
  Only the first 8 characters will be printed in the output.
  Variable: S_S_SCALE
*** WARNING in MODEL command
  All continuous latent variable covariances involving S_S_SCALE have been fixed to 0
  because the variance of S_S_SCALE is fixed at 0.
*** WARNING in MODEL command
  All continuous latent variable covariances involving S_USI have been fixed to 0
  because the variance of S_USI is fixed at 0.
*** WARNING
  Data set contains cases with missing on all variables.
  These cases were not included in the analysis.
  Number of cases with missing on all variables:  1
*** WARNING
  Data set contains cases with missing on time scores but non-missing on the
  corresponding dependent variables.  These cases were not included in the analysis.
  Number of such cases:  2
  10 WARNING(S) FOUND IN THE INPUT INSTRUCTIONS



PxVx Univariate - Col MeanOnly S_SCALE with MeanOnly USI;

SUMMARY OF ANALYSIS

Number of groups                                                 1
Number of observations                                         277

Number of dependent variables                                    6
Number of independent variables                                  2
Number of continuous latent variables                            4

Observed dependent variables

  Continuous
   BS_SCALE    CS_SCALE    DS_SCALE    BUSI        CUSI        DUSI

Observed independent variables
   AS_SCALE    AUSI

Continuous latent variables
   I_S_SCAL    S_S_SCAL    I_USI       S_USI

Variables with special functions

  Time scores
   BAGE_C      CAGE_C      DAGE_C


Estimator                                                      MLR
Information matrix                                        OBSERVED
Maximum number of iterations                                   100
Convergence criterion                                    0.100D-05
Maximum number of EM iterations                                500
Convergence criteria for the EM algorithm
  Loglikelihood change                                   0.100D-02
  Relative loglikelihood change                          0.100D-05
  Derivative                                             0.100D-03
Minimum variance                                         0.100D-03
Maximum number of steepest descent iterations                   20
Maximum number of iterations for H1                           2000
Convergence criterion for H1                             0.100D-03
Optimization algorithm                                         EMA

Input data file(s)
  E:\Projects\lnt_pxvx\Data\LT_227.txt
Input data format  FREE


SUMMARY OF DATA

     Number of missing data patterns            15


SUMMARY OF MISSING DATA PATTERNS


     MISSING DATA PATTERNS (x = not missing)

           1  2  3  4  5  6  7  8  9 10 11 12 13 14 15
 BS_SCALE  x  x     x        x  x     x  x        x  x
 CS_SCALE  x  x  x                 x  x     x        x
 DS_SCALE  x     x        x  x  x  x  x  x           x
 BUSI      x  x     x           x     x  x
 CUSI      x  x  x                 x  x     x        x
 DUSI      x              x     x  x                 x
 AS_SCALE  x  x  x  x  x  x  x  x  x  x  x  x  x  x  x
 AUSI      x  x  x  x  x  x  x  x  x  x  x  x     x  x


     MISSING DATA PATTERN FREQUENCIES

    Pattern   Frequency     Pattern   Frequency     Pattern   Frequency
          1         138           6          11          11           1
          2          10           7           1          12           4
          3           2           8          16          13           2
          4          26           9           9          14           2
          5          52          10           2          15           1


COVARIANCE COVERAGE OF DATA

Minimum covariance coverage value   0.100


     PROPORTION OF DATA PRESENT


           Covariance Coverage
              BS_SCALE      CS_SCALE      DS_SCALE      BUSI          CUSI
              ________      ________      ________      ________      ________
 BS_SCALE       0.711
 CS_SCALE       0.545         0.599
 DS_SCALE       0.574         0.549         0.653
 BUSI           0.697         0.542         0.567         0.697
 CUSI           0.545         0.599         0.549         0.542         0.599
 DUSI           0.560         0.534         0.632         0.556         0.534
 AS_SCALE       0.711         0.599         0.653         0.697         0.599
 AUSI           0.711         0.599         0.653         0.697         0.599


           Covariance Coverage
              DUSI          AS_SCALE      AUSI
              ________      ________      ________
 DUSI           0.632
 AS_SCALE       0.632         1.000
 AUSI           0.632         0.993         0.993


SAMPLE STATISTICS


     ESTIMATED SAMPLE STATISTICS


           Means
              BS_SCALE      CS_SCALE      DS_SCALE      BUSI          CUSI
              ________      ________      ________      ________      ________
 1             71.221        71.154        72.567        31.580        30.427


           Means
              DUSI          AS_SCALE      AUSI
              ________      ________      ________
 1             29.937        70.343        33.050


           Covariances
              BS_SCALE      CS_SCALE      DS_SCALE      BUSI          CUSI
              ________      ________      ________      ________      ________
 BS_SCALE     134.134
 CS_SCALE      89.042       140.474
 DS_SCALE      84.383       114.728       157.539
 BUSI         -38.584       -47.121       -30.057       244.478
 CUSI         -27.985       -41.707       -33.904       183.385       254.238
 DUSI         -43.456       -40.534       -24.700       168.390       192.056
 AS_SCALE      97.978        84.636       101.326       -28.177       -27.457
 AUSI         -42.521       -42.593       -29.496       181.332       179.702


           Covariances
              DUSI          AS_SCALE      AUSI
              ________      ________      ________
 DUSI         276.904
 AS_SCALE     -37.536       145.197
 AUSI         174.112       -36.603       249.484


           Correlations
              BS_SCALE      CS_SCALE      DS_SCALE      BUSI          CUSI
              ________      ________      ________      ________      ________
 BS_SCALE       1.000
 CS_SCALE       0.649         1.000
 DS_SCALE       0.580         0.771         1.000
 BUSI          -0.213        -0.254        -0.153         1.000
 CUSI          -0.152        -0.221        -0.169         0.736         1.000
 DUSI          -0.225        -0.206        -0.118         0.647         0.724
 AS_SCALE       0.702         0.593         0.670        -0.150        -0.143
 AUSI          -0.232        -0.228        -0.149         0.734         0.714


           Correlations
              DUSI          AS_SCALE      AUSI
              ________      ________      ________
 DUSI           1.000
 AS_SCALE      -0.187         1.000
 AUSI           0.662        -0.192         1.000


     MAXIMUM LOG-LIKELIHOOD VALUE FOR THE UNRESTRICTED (H1) MODEL IS -6149.402


THE MODEL ESTIMATION TERMINATED NORMALLY



MODEL FIT INFORMATION

Number of Free Parameters                       23

Loglikelihood

          H0 Value                       -6163.977
          H0 Scaling Correction Factor       1.033
            for MLR

Information Criteria

          Akaike (AIC)                   12373.955
          Bayesian (BIC)                 12457.307
          Sample-Size Adjusted BIC       12384.377
            (n* = (n + 2) / 24)



MODEL RESULTS

                                                    Two-Tailed
                    Estimate       S.E.  Est./S.E.    P-Value

 DS_SCALE   ON
    CS_SCALE           0.300      0.047      6.368      0.000
    CUSI              -0.058      0.062     -0.936      0.349

 CS_SCALE   ON
    BS_SCALE           0.300      0.047      6.368      0.000
    BUSI              -0.058      0.062     -0.936      0.349

 BS_SCALE   ON
    AS_SCALE           0.300      0.047      6.368      0.000
    AUSI              -0.058      0.062     -0.936      0.349

 DUSI       ON
    CUSI               0.235      0.122      1.930      0.054
    CS_SCALE           0.119      0.079      1.497      0.134

 CUSI       ON
    BUSI               0.235      0.122      1.930      0.054
    BS_SCALE           0.119      0.079      1.497      0.134

 BUSI       ON
    AUSI               0.235      0.122      1.930      0.054
    AS_SCALE           0.119      0.079      1.497      0.134

 I_USI    WITH
    I_S_SCALE        -20.235     16.610     -1.218      0.223

 AS_SCALE WITH
    I_S_SCALE         60.117      9.769      6.154      0.000
    I_USI            -37.286     15.642     -2.384      0.017

 AUSI     WITH
    I_S_SCALE        -14.374     17.403     -0.826      0.409
    I_USI            134.933     29.963      4.503      0.000

 DUSI     WITH
    DS_SCALE           2.119      4.536      0.467      0.640

 CUSI     WITH
    CS_SCALE           2.119      4.536      0.467      0.640

 BUSI     WITH
    BS_SCALE           2.119      4.536      0.467      0.640

 AUSI     WITH
    AS_SCALE         -36.603     11.626     -3.148      0.002

 Means
    AS_SCALE          70.343      0.724     97.163      0.000
    AUSI              33.050      0.952     34.730      0.000
    I_S_SCALE         51.380      2.429     21.155      0.000
    S_S_SCALE          0.406      0.358      1.134      0.257
    I_USI             15.715      2.876      5.464      0.000
    S_USI             -0.446      0.515     -0.866      0.387

 Intercepts
    BS_SCALE           0.000      0.000    999.000    999.000
    CS_SCALE           0.000      0.000    999.000    999.000
    DS_SCALE           0.000      0.000    999.000    999.000
    BUSI               0.000      0.000    999.000    999.000
    CUSI               0.000      0.000    999.000    999.000
    DUSI               0.000      0.000    999.000    999.000

 Variances
    AS_SCALE         145.197     10.591     13.710      0.000
    AUSI             249.484     16.972     14.699      0.000
    I_S_SCALE         38.964     10.269      3.794      0.000
    S_S_SCALE          0.000      0.000    999.000    999.000
    I_USI            105.280     46.887      2.245      0.025
    S_USI              0.000      0.000    999.000    999.000

 Residual Variances
    BS_SCALE          55.001      5.109     10.765      0.000
    CS_SCALE          55.001      5.109     10.765      0.000
    DS_SCALE          55.001      5.109     10.765      0.000
    BUSI              86.977     12.952      6.715      0.000
    CUSI              86.977     12.952      6.715      0.000
    DUSI              86.977     12.952      6.715      0.000


QUALITY OF NUMERICAL RESULTS

     Condition Number for the Information Matrix              0.553E-06
       (ratio of smallest to largest eigenvalue)


     Beginning Time:  11:59:36
        Ending Time:  11:59:37
       Elapsed Time:  00:00:01



MUTHEN & MUTHEN
3463 Stoner Ave.
Los Angeles, CA  90066

Tel: (310) 391-9971
Fax: (310) 391-8971
Web: www.StatModel.com
Support: Support@StatModel.com

Copyright (c) 1998-2011 Muthen & Muthen
