Mplus VERSION 6.12
MUTHEN & MUTHEN
03/21/2016  11:52 AM

INPUT INSTRUCTIONS


  title: PxVx Univariate - Col Lin bfi_hp8 with Lin USI;
  data: file = E:\Projects\lnt_pxvx\Data\LT_227.txt;



  variable:
  names =
  subjid
  Sample
  aGENDER
  aAGE
  aethnic1
  aethnic2
  aedu_mom
  aedu_dad
  aEDUCATN
  bEDUCATN
  cEDUCATN
  aEMPLOYD
  bEMPLOYD
  cEMPLOYD
  dEMPLOYD
  aINCOME
  bINCOME
  cINCOME
  dINCOME
  aS_SCALE
  bS_SCALE
  cS_SCALE
  dS_SCALE
  aD_SCALE
  bD_SCALE
  cD_SCALE
  dD_SCALE
  aS_COMP
  bS_COMP
  cS_COMP
  dS_COMP
  aD_COMP
  bD_COMP
  cD_COMP
  dD_COMP
  aBFI_A
  aBFI_A6
  aBFI_C
  aBFI_E
  aBFI_HP
  aBFI_N
  aBFI_O
  bBFI_A
  bBFI_A6
  bBFI_C
  bBFI_E
  bBFI_HP
  bBFI_N
  bBFI_O
  cBFI_A
  cBFI_A6
  cBFI_C
  cBFI_E
  cBFI_HP
  cBFI_N
  cBFI_O
  dBFI_A
  dBFI_A6
  dBFI_C
  dBFI_E
  dBFI_HP
  dBFI_N
  dBFI_O
  aBFA_AC
  aBFA_AP
  aBFA_CI
  aBFA_CO
  aBFA_EA
  aBFA_EE
  aBFA_N9
  aBFA_NV
  aBFA_NW
  aBFA_OI
  aBFA_OO
  aBFA_PS
  aBFA_MT
  bBFA_AC
  bBFA_AP
  bBFA_CI
  bBFA_CO
  bBFA_EA
  bBFA_EE
  bBFA_N9
  bBFA_NV
  bBFA_NW
  bBFA_OI
  bBFA_OO
  bBFA_MT
  bBFA_PS
  cBFA_AC
  cBFA_AP
  cBFA_CI
  cBFA_CO
  cBFA_EA
  cBFA_EE
  cBFA_N9
  cBFA_NV
  cBFA_NW
  cBFA_OI
  cBFA_OO
  cBFA_MT
  cBFA_PS
  dBFA_AC
  dBFA_AP
  dBFA_CI
  dBFA_CO
  dBFA_EA
  dBFA_EE
  dBFA_N9
  dBFA_NV
  dBFA_NW
  dBFA_OI
  dBFA_OO
  dBFA_MT
  dBFA_PS
  aUSI
  bUSI
  cUSI
  dUSI
  aHRZ_IND
  bHRZ_IND
  cHRZ_IND
  dHRZ_IND
  aVRT_IND
  bVRT_IND
  cVRT_IND
  dVRT_IND
  aHRZ_COL
  bHRZ_COL
  cHRZ_COL
  dHRZ_COL
  aVRT_COL
  bVRT_COL
  cVRT_COL
  dVRT_COL
  aCOLLCTV
  bCOLLCTV
  cCOLLCTV
  dCOLLCTV
  aMVS
  bMVS
  cMVS
  dMVS
  aST
  bST
  cST
  dST
  aSD
  bSD
  cSD
  dSD
  aMVS_mc
  bMVS_mc
  cMVS_mc
  dMVS_mc
  aST_mc
  bST_mc
  cST_mc
  dST_mc
  aSD_mc
  bSD_mc
  cSD_mc
  dSD_mc
  bMEANING
  cMEANING
  dMEANING
  bMEAN_L
  cMEAN_L
  dMEAN_L
  bMEANNGc
  cMEANNGc
  dMEANNGc
  bMEANGlc
  cMEANGlc
  dMEANGlc
  bCLASSIC
  cCLASSIC
  dCLASSIC
  bCLASSCc
  cCLASSCc
  dCLASSCc
  bAGR_VAL
  cAGR_VAL
  dAGR_VAL
  bOPN_VAL
  cOPN_VAL
  dOPN_VAL
  bAGR_VLc
  cAGR_VLc
  dAGR_VLc
  bOPNVALc
  cOPNVALc
  dOPNVALc
  aMV_pomp
  bMV_pomp
  cMV_pomp
  dMV_pomp
  aST_pomp
  bST_pomp
  cST_pomp
  dST_pomp
  aSD_pomp
  bSD_pomp
  cSD_pomp
  dSD_pomp
  agoal_ec
  bgoal_ec
  cgoal_ec
  dgoal_ec
  aAspfinc
  bAspfinc
  cAspfinc
  dAspfinc
  abfi_hp8
  bbfi_hp8
  cbfi_hp8
  dbfi_hp8
  aP_S_BFI
  aP_D_BFI
  aECgoalc
  bECgoalC
  cECgoalC
  dECgoalC
  aaspfin
  baspfin
  caspfin
  daspfin
  aMVI_POMP
  bMVI_POMP
  cMVI_POMP
  dMVI_POMP;

  USEVARIABLES =
  abfi_hp8
  bbfi_hp8
  cbfi_hp8
  dbfi_hp8
  aUSI
  bUSI
  cUSI
  dUSI
  bage_c
  cage_c
  dage_c
  ;

  missing = all (-9999);

  USEOBSERVATIONS are Sample == 2; ! College Sample

  tscores = bage_c cage_c dage_c;

  DEFINE:
  bage_c = aAGE + 1 - 20.5;
  cage_c = aAGE + 2 - 20.5;
  dage_c = aAGE + 3 - 20.5;

  ANALYSIS:
  TYPE=RANDOM;
  PROCESSORS = 8;

  MODEL:

  i_bfi_hp8 s_bfi_hp8 | bbfi_hp8 cbfi_hp8 dbfi_hp8 AT bage_c cage_c dage_c;
  i_USI s_USI | bUSI cUSI dUSI AT bage_c cage_c dage_c;


  !After Bollen and Curran initial observation is not part of LGM

  dbfi_hp8 on cbfi_hp8 (a); ! Autoregressive paths constrained to equality
  cbfi_hp8 on bbfi_hp8 (a);
  bbfi_hp8 on abfi_hp8 (a);

  dUSI on cUSI (b); ! Autoregressive paths constrained to equality
  cUSI on bUSI (b);
  bUSI on aUSI (b);

  bbfi_hp8 cbfi_hp8 dbfi_hp8 (c); !Equality constraint on residuals
  bUSI cUSI dUSI (d); !Equality constraint on residuals

  dUSI on cbfi_hp8 (x); ! Cross-lagged paths constrained to equality
  cUSI on bbfi_hp8 (x);
  bUSI on abfi_hp8 (x);

  dbfi_hp8 on cUSI (y); ! Cross-lagged paths constrained to equality
  cbfi_hp8 on bUSI (y);
  bbfi_hp8 on aUSI (y);

  dUSI with dbfi_hp8 (w); ! within-wave correlations constrained to equality
  cUSI with cbfi_hp8 (w);
  bUSI with bbfi_hp8 (w);

  abfi_hp8 aUSI i_bfi_hp8 i_USI
  s_bfi_hp8
  s_USI
  with
  s_bfi_hp8
  s_USI
  abfi_hp8 aUSI i_bfi_hp8 i_USI;



  OUTPUT: SAMPSTAT PATTERNS;



*** WARNING
  Variable name contains more than 8 characters.
  Only the first 8 characters will be printed in the output.
  Variable: AMVI_POMP
*** WARNING
  Variable name contains more than 8 characters.
  Only the first 8 characters will be printed in the output.
  Variable: BMVI_POMP
*** WARNING
  Variable name contains more than 8 characters.
  Only the first 8 characters will be printed in the output.
  Variable: CMVI_POMP
*** WARNING
  Variable name contains more than 8 characters.
  Only the first 8 characters will be printed in the output.
  Variable: DMVI_POMP
*** WARNING
  Variable name contains more than 8 characters.
  Only the first 8 characters will be printed in the output.
  Variable: I_BFI_HP8
*** WARNING
  Variable name contains more than 8 characters.
  Only the first 8 characters will be printed in the output.
  Variable: S_BFI_HP8
*** WARNING
  Data set contains cases with missing on all variables.
  These cases were not included in the analysis.
  Number of cases with missing on all variables:  1
*** WARNING
  Data set contains cases with missing on time scores but non-missing on the
  corresponding dependent variables.  These cases were not included in the analysis.
  Number of such cases:  2
   8 WARNING(S) FOUND IN THE INPUT INSTRUCTIONS



PxVx Univariate - Col Lin bfi_hp8 with Lin USI;

SUMMARY OF ANALYSIS

Number of groups                                                 1
Number of observations                                         277

Number of dependent variables                                    6
Number of independent variables                                  2
Number of continuous latent variables                            4

Observed dependent variables

  Continuous
   BBFI_HP8    CBFI_HP8    DBFI_HP8    BUSI        CUSI        DUSI

Observed independent variables
   ABFI_HP8    AUSI

Continuous latent variables
   I_BFI_HP    S_BFI_HP    I_USI       S_USI

Variables with special functions

  Time scores
   BAGE_C      CAGE_C      DAGE_C


Estimator                                                      MLR
Information matrix                                        OBSERVED
Maximum number of iterations                                   100
Convergence criterion                                    0.100D-05
Maximum number of EM iterations                                500
Convergence criteria for the EM algorithm
  Loglikelihood change                                   0.100D-02
  Relative loglikelihood change                          0.100D-05
  Derivative                                             0.100D-03
Minimum variance                                         0.100D-03
Maximum number of steepest descent iterations                   20
Maximum number of iterations for H1                           2000
Convergence criterion for H1                             0.100D-03
Optimization algorithm                                         EMA

Input data file(s)
  E:\Projects\lnt_pxvx\Data\LT_227.txt
Input data format  FREE


SUMMARY OF DATA

     Number of missing data patterns            15


SUMMARY OF MISSING DATA PATTERNS


     MISSING DATA PATTERNS (x = not missing)

           1  2  3  4  5  6  7  8  9 10 11 12 13 14 15
 BBFI_HP8  x  x     x        x  x     x  x        x  x
 CBFI_HP8  x  x  x                 x  x     x        x
 DBFI_HP8  x     x        x  x  x  x  x  x           x
 BUSI      x  x     x           x     x  x
 CUSI      x  x  x                 x  x     x        x
 DUSI      x              x     x  x                 x
 ABFI_HP8  x  x  x  x  x  x  x  x  x  x  x  x  x  x  x
 AUSI      x  x  x  x  x  x  x  x  x  x  x  x     x  x


     MISSING DATA PATTERN FREQUENCIES

    Pattern   Frequency     Pattern   Frequency     Pattern   Frequency
          1         138           6          11          11           1
          2          10           7           1          12           4
          3           2           8          16          13           2
          4          26           9           9          14           2
          5          52          10           2          15           1


COVARIANCE COVERAGE OF DATA

Minimum covariance coverage value   0.100


     PROPORTION OF DATA PRESENT


           Covariance Coverage
              BBFI_HP8      CBFI_HP8      DBFI_HP8      BUSI          CUSI
              ________      ________      ________      ________      ________
 BBFI_HP8       0.711
 CBFI_HP8       0.545         0.599
 DBFI_HP8       0.574         0.549         0.653
 BUSI           0.697         0.542         0.567         0.697
 CUSI           0.545         0.599         0.549         0.542         0.599
 DUSI           0.560         0.534         0.632         0.556         0.534
 ABFI_HP8       0.711         0.599         0.653         0.697         0.599
 AUSI           0.711         0.599         0.653         0.697         0.599


           Covariance Coverage
              DUSI          ABFI_HP8      AUSI
              ________      ________      ________
 DUSI           0.632
 ABFI_HP8       0.632         1.000
 AUSI           0.632         0.993         0.993


SAMPLE STATISTICS


     ESTIMATED SAMPLE STATISTICS


           Means
              BBFI_HP8      CBFI_HP8      DBFI_HP8      BUSI          CUSI
              ________      ________      ________      ________      ________
 1             65.957        65.640        68.170        31.645        30.414


           Means
              DUSI          ABFI_HP8      AUSI
              ________      ________      ________
 1             30.020        64.547        33.063


           Covariances
              BBFI_HP8      CBFI_HP8      DBFI_HP8      BUSI          CUSI
              ________      ________      ________      ________      ________
 BBFI_HP8     208.679
 CBFI_HP8     159.363       235.395
 DBFI_HP8     142.779       176.802       232.363
 BUSI         -58.225       -53.361       -67.756       244.612
 CUSI         -65.786       -68.063       -71.673       180.993       250.484
 DUSI         -61.821       -42.879       -58.233       166.376       189.031
 ABFI_HP8     153.002       152.621       157.517       -44.759       -63.981
 AUSI         -51.675       -44.492       -54.725       181.769       178.146


           Covariances
              DUSI          ABFI_HP8      AUSI
              ________      ________      ________
 DUSI         274.909
 ABFI_HP8     -54.681       217.396
 AUSI         172.834       -45.149       249.484


           Correlations
              BBFI_HP8      CBFI_HP8      DBFI_HP8      BUSI          CUSI
              ________      ________      ________      ________      ________
 BBFI_HP8       1.000
 CBFI_HP8       0.719         1.000
 DBFI_HP8       0.648         0.756         1.000
 BUSI          -0.258        -0.222        -0.284         1.000
 CUSI          -0.288        -0.280        -0.297         0.731         1.000
 DUSI          -0.258        -0.169        -0.230         0.642         0.720
 ABFI_HP8       0.718         0.675         0.701        -0.194        -0.274
 AUSI          -0.226        -0.184        -0.227         0.736         0.713


           Correlations
              DUSI          ABFI_HP8      AUSI
              ________      ________      ________
 DUSI           1.000
 ABFI_HP8      -0.224         1.000
 AUSI           0.660        -0.194         1.000


     MAXIMUM LOG-LIKELIHOOD VALUE FOR THE UNRESTRICTED (H1) MODEL IS -6304.768


THE MODEL ESTIMATION TERMINATED NORMALLY



MODEL FIT INFORMATION

Number of Free Parameters                       34

Loglikelihood

          H0 Value                       -6310.738
          H0 Scaling Correction Factor       0.987
            for MLR

Information Criteria

          Akaike (AIC)                   12689.477
          Bayesian (BIC)                 12812.693
          Sample-Size Adjusted BIC       12704.884
            (n* = (n + 2) / 24)



MODEL RESULTS

                                                    Two-Tailed
                    Estimate       S.E.  Est./S.E.    P-Value

 DBFI_HP8   ON
    CBFI_HP8           0.234      0.066      3.551      0.000
    CUSI               0.098      0.103      0.947      0.344

 CBFI_HP8   ON
    BBFI_HP8           0.234      0.066      3.551      0.000
    BUSI               0.098      0.103      0.947      0.344

 BBFI_HP8   ON
    ABFI_HP8           0.234      0.066      3.551      0.000
    AUSI               0.098      0.103      0.947      0.344

 DUSI       ON
    CUSI               0.258      0.125      2.069      0.039
    CBFI_HP8           0.191      0.087      2.196      0.028

 CUSI       ON
    BUSI               0.258      0.125      2.069      0.039
    BBFI_HP8           0.191      0.087      2.196      0.028

 BUSI       ON
    AUSI               0.258      0.125      2.069      0.039
    ABFI_HP8           0.191      0.087      2.196      0.028

 S_BFI_HP WITH
    I_BFI_HP8        -11.147      8.119     -1.373      0.170

 I_USI    WITH
    I_BFI_HP8        -69.122     42.599     -1.623      0.105
    S_BFI_HP8         -4.223      8.012     -0.527      0.598

 S_USI    WITH
    I_BFI_HP8          0.296      7.758      0.038      0.970
    S_BFI_HP8          0.085      3.207      0.027      0.979
    I_USI             -5.861     11.175     -0.525      0.600

 ABFI_HP8 WITH
    I_BFI_HP8        106.879     23.427      4.562      0.000
    S_BFI_HP8          5.472      6.171      0.887      0.375
    I_USI            -77.667     29.554     -2.628      0.009
    S_USI              1.806      6.690      0.270      0.787

 AUSI     WITH
    I_BFI_HP8        -63.193     34.963     -1.807      0.071
    S_BFI_HP8          2.040      7.701      0.265      0.791
    I_USI            125.842     39.222      3.208      0.001
    S_USI              4.499      8.052      0.559      0.576

 DUSI     WITH
    DBFI_HP8           5.586      7.274      0.768      0.443

 CUSI     WITH
    CBFI_HP8           5.586      7.274      0.768      0.443

 BUSI     WITH
    BBFI_HP8           5.586      7.274      0.768      0.443

 AUSI     WITH
    ABFI_HP8         -45.149     13.890     -3.250      0.001

 Means
    ABFI_HP8          64.547      0.886     72.847      0.000
    AUSI              33.063      0.952     34.726      0.000
    I_BFI_HP8         46.341      2.563     18.083      0.000
    S_BFI_HP8          0.952      0.445      2.140      0.032
    I_USI             11.205      2.481      4.516      0.000
    S_USI             -0.558      0.491     -1.136      0.256

 Intercepts
    BBFI_HP8           0.000      0.000    999.000    999.000
    CBFI_HP8           0.000      0.000    999.000    999.000
    DBFI_HP8           0.000      0.000    999.000    999.000
    BUSI               0.000      0.000    999.000    999.000
    CUSI               0.000      0.000    999.000    999.000
    DUSI               0.000      0.000    999.000    999.000

 Variances
    ABFI_HP8         217.397     15.350     14.163      0.000
    AUSI             249.484     16.971     14.701      0.000
    I_BFI_HP8        112.667     35.150      3.205      0.001
    S_BFI_HP8          6.504      4.049      1.606      0.108
    I_USI            124.163     62.797      1.977      0.048
    S_USI              2.921      4.243      0.689      0.491

 Residual Variances
    BBFI_HP8          70.994      9.000      7.888      0.000
    CBFI_HP8          70.994      9.000      7.888      0.000
    DBFI_HP8          70.994      9.000      7.888      0.000
    BUSI              85.382     10.064      8.484      0.000
    CUSI              85.382     10.064      8.484      0.000
    DUSI              85.382     10.064      8.484      0.000


QUALITY OF NUMERICAL RESULTS

     Condition Number for the Information Matrix              0.246E-06
       (ratio of smallest to largest eigenvalue)


     Beginning Time:  11:52:01
        Ending Time:  11:52:03
       Elapsed Time:  00:00:02



MUTHEN & MUTHEN
3463 Stoner Ave.
Los Angeles, CA  90066

Tel: (310) 391-9971
Fax: (310) 391-8971
Web: www.StatModel.com
Support: Support@StatModel.com

Copyright (c) 1998-2011 Muthen & Muthen
