Mplus VERSION 6.12
MUTHEN & MUTHEN
03/09/2016   8:26 PM

INPUT INSTRUCTIONS


  title: PxVx Univariate - Nat MeanOnly BFI_O with MeanOnly BFA_MT;
  data: file = E:\Projects\lnt_pxvx\Data\LT_227.txt;


  variable:
  names =
  subjid
  Sample
  aGENDER
  aAGE
  aethnic1
  aethnic2
  aedu_mom
  aedu_dad
  aEDUCATN
  bEDUCATN
  cEDUCATN
  aEMPLOYD
  bEMPLOYD
  cEMPLOYD
  dEMPLOYD
  aINCOME
  bINCOME
  cINCOME
  dINCOME
  aS_SCALE
  bS_SCALE
  cS_SCALE
  dS_SCALE
  aD_SCALE
  bD_SCALE
  cD_SCALE
  dD_SCALE
  aS_COMP
  bS_COMP
  cS_COMP
  dS_COMP
  aD_COMP
  bD_COMP
  cD_COMP
  dD_COMP
  aBFI_A
  aBFI_A6
  aBFI_C
  aBFI_E
  aBFI_HP
  aBFI_N
  aBFI_O
  bBFI_A
  bBFI_A6
  bBFI_C
  bBFI_E
  bBFI_HP
  bBFI_N
  bBFI_O
  cBFI_A
  cBFI_A6
  cBFI_C
  cBFI_E
  cBFI_HP
  cBFI_N
  cBFI_O
  dBFI_A
  dBFI_A6
  dBFI_C
  dBFI_E
  dBFI_HP
  dBFI_N
  dBFI_O
  aBFA_AC
  aBFA_AP
  aBFA_CI
  aBFA_CO
  aBFA_EA
  aBFA_EE
  aBFA_N9
  aBFA_NV
  aBFA_NW
  aBFA_OI
  aBFA_OO
  aBFA_PS
  aBFA_MT
  bBFA_AC
  bBFA_AP
  bBFA_CI
  bBFA_CO
  bBFA_EA
  bBFA_EE
  bBFA_N9
  bBFA_NV
  bBFA_NW
  bBFA_OI
  bBFA_OO
  bBFA_MT
  bBFA_PS
  cBFA_AC
  cBFA_AP
  cBFA_CI
  cBFA_CO
  cBFA_EA
  cBFA_EE
  cBFA_N9
  cBFA_NV
  cBFA_NW
  cBFA_OI
  cBFA_OO
  cBFA_MT
  cBFA_PS
  dBFA_AC
  dBFA_AP
  dBFA_CI
  dBFA_CO
  dBFA_EA
  dBFA_EE
  dBFA_N9
  dBFA_NV
  dBFA_NW
  dBFA_OI
  dBFA_OO
  dBFA_MT
  dBFA_PS
  aUSI
  bUSI
  cUSI
  dUSI
  aHRZ_IND
  bHRZ_IND
  cHRZ_IND
  dHRZ_IND
  aVRT_IND
  bVRT_IND
  cVRT_IND
  dVRT_IND
  aHRZ_COL
  bHRZ_COL
  cHRZ_COL
  dHRZ_COL
  aVRT_COL
  bVRT_COL
  cVRT_COL
  dVRT_COL
  aCOLLCTV
  bCOLLCTV
  cCOLLCTV
  dCOLLCTV
  aMVS
  bMVS
  cMVS
  dMVS
  aST
  bST
  cST
  dST
  aSD
  bSD
  cSD
  dSD
  aMVS_mc
  bMVS_mc
  cMVS_mc
  dMVS_mc
  aST_mc
  bST_mc
  cST_mc
  dST_mc
  aSD_mc
  bSD_mc
  cSD_mc
  dSD_mc
  bMEANING
  cMEANING
  dMEANING
  bMEAN_L
  cMEAN_L
  dMEAN_L
  bMEANNGc
  cMEANNGc
  dMEANNGc
  bMEANGlc
  cMEANGlc
  dMEANGlc
  bCLASSIC
  cCLASSIC
  dCLASSIC
  bCLASSCc
  cCLASSCc
  dCLASSCc
  bAGR_VAL
  cAGR_VAL
  dAGR_VAL
  bOPN_VAL
  cOPN_VAL
  dOPN_VAL
  bAGR_VLc
  cAGR_VLc
  dAGR_VLc
  bOPNVALc
  cOPNVALc
  dOPNVALc
  aMV_pomp
  bMV_pomp
  cMV_pomp
  dMV_pomp
  aST_pomp
  bST_pomp
  cST_pomp
  dST_pomp
  aSD_pomp
  bSD_pomp
  cSD_pomp
  dSD_pomp
  agoal_ec
  bgoal_ec
  cgoal_ec
  dgoal_ec
  aAspfinc
  bAspfinc
  cAspfinc
  dAspfinc
  abfi_hp8
  bbfi_hp8
  cbfi_hp8
  dbfi_hp8
  aP_S_BFI
  aP_D_BFI
  aECgoalc
  bECgoalC
  cECgoalC
  dECgoalC
  aaspfin
  baspfin
  caspfin
  daspfin;


  USEVARIABLES =
  aBFI_O
  bBFI_O
  cBFI_O
  dBFI_O
  aBFA_MT
  bBFA_MT
  cBFA_MT
  dBFA_MT
  bage_c
  cage_c
  dage_c
  ;

  missing = all (-9999);

  USEOBSERVATIONS are Sample == 1; ! National Sample

  tscores = bage_c cage_c dage_c;

  DEFINE:
  bage_c = aAGE + 1 - 36;
  cage_c = aAGE + 2 - 36;
  dage_c = aAGE + 3 - 36;

  ANALYSIS:
  TYPE=RANDOM;
  PROCESSORS = 8;

  MODEL:

  i_BFI_O s_BFI_O | bBFI_O cBFI_O dBFI_O AT bage_c cage_c dage_c;
  i_BFA_MT s_BFA_MT | bBFA_MT cBFA_MT dBFA_MT AT bage_c cage_c dage_c;


  !After Bollen and Curran initial observation is not part of LGM

  dBFI_O on cBFI_O (a); ! Autoregressive paths constrained to equality
  cBFI_O on bBFI_O (a);
  bBFI_O on aBFI_O (a);

  dBFA_MT on cBFA_MT (b); ! Autoregressive paths constrained to equality
  cBFA_MT on bBFA_MT (b);
  bBFA_MT on aBFA_MT (b);

  bBFI_O cBFI_O dBFI_O (c); !Equality constraint on residuals
  bBFA_MT cBFA_MT dBFA_MT (d); !Equality constraint on residuals

  dBFA_MT on cBFI_O (x); ! Cross-lagged paths constrained to equality
  cBFA_MT on bBFI_O (x);
  bBFA_MT on aBFI_O (x);

  dBFI_O on cBFA_MT (y); ! Cross-lagged paths constrained to equality
  cBFI_O on bBFA_MT (y);
  bBFI_O on aBFA_MT (y);

  dBFA_MT with dBFI_O (w); ! within-wave correlations constrained to equality
  cBFA_MT with cBFI_O (w);
  bBFA_MT with bBFI_O (w);

  aBFI_O aBFA_MT i_BFI_O i_BFA_MT
  with
  aBFI_O aBFA_MT i_BFI_O i_BFA_MT;

  s_BFI_O@0;

  s_BFA_MT@0;

  OUTPUT: SAMPSTAT PATTERNS;



*** WARNING in MODEL command
  All continuous latent variable covariances involving S_BFI_O have been fixed to 0
  because the variance of S_BFI_O is fixed at 0.
*** WARNING in MODEL command
  All continuous latent variable covariances involving S_BFA_MT have been fixed to 0
  because the variance of S_BFA_MT is fixed at 0.
*** WARNING
  Data set contains cases with missing on time scores but non-missing on the
  corresponding dependent variables.  These cases were not included in the analysis.
  Number of such cases:  5
   3 WARNING(S) FOUND IN THE INPUT INSTRUCTIONS



PxVx Univariate - Nat MeanOnly BFI_O with MeanOnly BFA_MT;

SUMMARY OF ANALYSIS

Number of groups                                                 1
Number of observations                                         874

Number of dependent variables                                    6
Number of independent variables                                  2
Number of continuous latent variables                            4

Observed dependent variables

  Continuous
   BBFI_O      CBFI_O      DBFI_O      BBFA_MT     CBFA_MT     DBFA_MT

Observed independent variables
   ABFI_O      ABFA_MT

Continuous latent variables
   I_BFI_O     S_BFI_O     I_BFA_MT    S_BFA_MT

Variables with special functions

  Time scores
   BAGE_C      CAGE_C      DAGE_C


Estimator                                                      MLR
Information matrix                                        OBSERVED
Maximum number of iterations                                   100
Convergence criterion                                    0.100D-05
Maximum number of EM iterations                                500
Convergence criteria for the EM algorithm
  Loglikelihood change                                   0.100D-02
  Relative loglikelihood change                          0.100D-05
  Derivative                                             0.100D-03
Minimum variance                                         0.100D-03
Maximum number of steepest descent iterations                   20
Maximum number of iterations for H1                           2000
Convergence criterion for H1                             0.100D-03
Optimization algorithm                                         EMA

Input data file(s)
  E:\Projects\lnt_pxvx\Data\LT_227.txt
Input data format  FREE


SUMMARY OF DATA

     Number of missing data patterns            14


SUMMARY OF MISSING DATA PATTERNS


     MISSING DATA PATTERNS (x = not missing)

           1  2  3  4  5  6  7  8  9 10 11 12 13 14
 BBFI_O    x     x  x        x     x  x     x
 CBFI_O    x           x     x  x  x  x     x  x
 DBFI_O    x     x     x  x        x  x  x  x  x  x
 BBFA_MT   x     x  x        x     x        x
 CBFA_MT   x           x     x  x  x  x     x  x
 DBFA_MT   x     x     x  x           x  x  x
 ABFI_O    x  x  x  x  x  x  x  x  x  x     x  x  x
 ABFA_MT   x  x  x  x  x  x  x  x  x  x  x     x  x


     MISSING DATA PATTERN FREQUENCIES

    Pattern   Frequency     Pattern   Frequency     Pattern   Frequency
          1         498           6          24          11           1
          2         169           7          47          12           2
          3          27           8          22          13           2
          4          57           9           1          14           1
          5          21          10           2


COVARIANCE COVERAGE OF DATA

Minimum covariance coverage value   0.100


     PROPORTION OF DATA PRESENT


           Covariance Coverage
              BBFI_O        CBFI_O        DBFI_O        BBFA_MT       CBFA_MT
              ________      ________      ________      ________      ________
 BBFI_O         0.725
 CBFI_O         0.629         0.681
 DBFI_O         0.606         0.602         0.662
 BBFA_MT        0.723         0.627         0.604         0.723
 CBFA_MT        0.629         0.681         0.602         0.627         0.681
 DBFA_MT        0.605         0.598         0.658         0.603         0.598
 ABFI_O         0.725         0.681         0.661         0.723         0.681
 ABFA_MT        0.723         0.678         0.660         0.721         0.678


           Covariance Coverage
              DBFA_MT       ABFI_O        ABFA_MT
              ________      ________      ________
 DBFA_MT        0.658
 ABFI_O         0.657         0.999
 ABFA_MT        0.656         0.997         0.998


SAMPLE STATISTICS


     ESTIMATED SAMPLE STATISTICS


           Means
              BBFI_O        CBFI_O        DBFI_O        BBFA_MT       CBFA_MT
              ________      ________      ________      ________      ________
 1             73.452        72.190        72.283        48.290        47.843


           Means
              DBFA_MT       ABFI_O        ABFA_MT
              ________      ________      ________
 1             47.596        74.227        48.593


           Covariances
              BBFI_O        CBFI_O        DBFI_O        BBFA_MT       CBFA_MT
              ________      ________      ________      ________      ________
 BBFI_O       230.946
 CBFI_O       200.486       261.346
 DBFI_O       191.899       217.685       254.224
 BBFA_MT      -18.513       -21.689       -27.500       232.799
 CBFA_MT      -21.312       -26.281       -34.911       192.589       239.867
 DBFA_MT       -9.457        -8.646       -23.681       188.988       202.507
 ABFI_O       186.347       195.307       184.641       -22.266       -27.240
 ABFA_MT      -21.086       -15.187       -23.190       185.725       183.593


           Covariances
              DBFA_MT       ABFI_O        ABFA_MT
              ________      ________      ________
 DBFA_MT      251.548
 ABFI_O       -18.439       224.768
 ABFA_MT      180.289       -27.394       237.276


           Correlations
              BBFI_O        CBFI_O        DBFI_O        BBFA_MT       CBFA_MT
              ________      ________      ________      ________      ________
 BBFI_O         1.000
 CBFI_O         0.816         1.000
 DBFI_O         0.792         0.845         1.000
 BBFA_MT       -0.080        -0.088        -0.113         1.000
 CBFA_MT       -0.091        -0.105        -0.141         0.815         1.000
 DBFA_MT       -0.039        -0.034        -0.094         0.781         0.824
 ABFI_O         0.818         0.806         0.772        -0.097        -0.117
 ABFA_MT       -0.090        -0.061        -0.094         0.790         0.770


           Correlations
              DBFA_MT       ABFI_O        ABFA_MT
              ________      ________      ________
 DBFA_MT        1.000
 ABFI_O        -0.078         1.000
 ABFA_MT        0.738        -0.119         1.000


     MAXIMUM LOG-LIKELIHOOD VALUE FOR THE UNRESTRICTED (H1) MODEL IS -20108.755


THE MODEL ESTIMATION TERMINATED NORMALLY



MODEL FIT INFORMATION

Number of Free Parameters                       23

Loglikelihood

          H0 Value                      -20127.910
          H0 Scaling Correction Factor       1.175
            for MLR

Information Criteria

          Akaike (AIC)                   40301.819
          Bayesian (BIC)                 40411.600
          Sample-Size Adjusted BIC       40338.558
            (n* = (n + 2) / 24)



MODEL RESULTS

                                                    Two-Tailed
                    Estimate       S.E.  Est./S.E.    P-Value

 DBFI_O     ON
    CBFI_O             0.208      0.056      3.721      0.000
    CBFA_MT           -0.088      0.031     -2.801      0.005

 CBFI_O     ON
    BBFI_O             0.208      0.056      3.721      0.000
    BBFA_MT           -0.088      0.031     -2.801      0.005

 BBFI_O     ON
    ABFI_O             0.208      0.056      3.721      0.000
    ABFA_MT           -0.088      0.031     -2.801      0.005

 DBFA_MT    ON
    CBFA_MT            0.178      0.042      4.255      0.000
    CBFI_O             0.045      0.040      1.135      0.256

 CBFA_MT    ON
    BBFA_MT            0.178      0.042      4.255      0.000
    BBFI_O             0.045      0.040      1.135      0.256

 BBFA_MT    ON
    ABFA_MT            0.178      0.042      4.255      0.000
    ABFI_O             0.045      0.040      1.135      0.256

 I_BFA_MT WITH
    I_BFI_O           -5.943     11.640     -0.511      0.610

 ABFI_O   WITH
    I_BFI_O          144.431     13.762     10.495      0.000
    I_BFA_MT         -27.323     10.557     -2.588      0.010

 ABFA_MT  WITH
    I_BFI_O            2.816      9.189      0.306      0.759
    I_BFA_MT         147.375     12.519     11.772      0.000

 DBFA_MT  WITH
    DBFI_O            -2.737      2.167     -1.263      0.207

 CBFA_MT  WITH
    CBFI_O            -2.737      2.167     -1.263      0.207

 BBFA_MT  WITH
    BBFI_O            -2.737      2.167     -1.263      0.207

 ABFA_MT  WITH
    ABFI_O           -27.377      7.614     -3.596      0.000

 Means
    ABFI_O            74.226      0.508    146.223      0.000
    ABFA_MT           48.594      0.522     93.180      0.000
    I_BFI_O           61.656      4.305     14.323      0.000
    S_BFI_O            0.012      0.025      0.462      0.644
    I_BFA_MT          36.046      3.403     10.594      0.000
    S_BFA_MT          -0.026      0.029     -0.886      0.376

 Intercepts
    BBFI_O             0.000      0.000    999.000    999.000
    CBFI_O             0.000      0.000    999.000    999.000
    DBFI_O             0.000      0.000    999.000    999.000
    BBFA_MT            0.000      0.000    999.000    999.000
    CBFA_MT            0.000      0.000    999.000    999.000
    DBFA_MT            0.000      0.000    999.000    999.000

 Variances
    ABFI_O           224.783      9.946     22.601      0.000
    ABFA_MT          237.245     11.309     20.978      0.000
    I_BFI_O          122.001     19.929      6.122      0.000
    S_BFI_O            0.000      0.000    999.000    999.000
    I_BFA_MT         128.995     16.987      7.594      0.000
    S_BFA_MT           0.000      0.000    999.000    999.000

 Residual Variances
    BBFI_O            51.532      3.609     14.279      0.000
    CBFI_O            51.532      3.609     14.279      0.000
    DBFI_O            51.532      3.609     14.279      0.000
    BBFA_MT           51.481      3.731     13.798      0.000
    CBFA_MT           51.481      3.731     13.798      0.000
    DBFA_MT           51.481      3.731     13.798      0.000


QUALITY OF NUMERICAL RESULTS

     Condition Number for the Information Matrix              0.135E-06
       (ratio of smallest to largest eigenvalue)


     Beginning Time:  20:26:39
        Ending Time:  20:26:43
       Elapsed Time:  00:00:04



MUTHEN & MUTHEN
3463 Stoner Ave.
Los Angeles, CA  90066

Tel: (310) 391-9971
Fax: (310) 391-8971
Web: www.StatModel.com
Support: Support@StatModel.com

Copyright (c) 1998-2011 Muthen & Muthen
