Mplus VERSION 6.12
MUTHEN & MUTHEN
03/21/2016  11:08 AM

INPUT INSTRUCTIONS


  title: PxVx Univariate - Col HRZ_COL AR_Int;
  data: file = E:\Projects\lnt_pxvx\Data\LT_227.txt;

  variable:
  names =
  subjid
  Sample
  aGENDER
  aAGE
  aethnic1
  aethnic2
  aedu_mom
  aedu_dad
  aEDUCATN
  bEDUCATN
  cEDUCATN
  aEMPLOYD
  bEMPLOYD
  cEMPLOYD
  dEMPLOYD
  aINCOME
  bINCOME
  cINCOME
  dINCOME
  aS_SCALE
  bS_SCALE
  cS_SCALE
  dS_SCALE
  aD_SCALE
  bD_SCALE
  cD_SCALE
  dD_SCALE
  aS_COMP
  bS_COMP
  cS_COMP
  dS_COMP
  aD_COMP
  bD_COMP
  cD_COMP
  dD_COMP
  aBFI_A
  aBFI_A6
  aBFI_C
  aBFI_E
  aBFI_HP
  aBFI_N
  aBFI_O
  bBFI_A
  bBFI_A6
  bBFI_C
  bBFI_E
  bBFI_HP
  bBFI_N
  bBFI_O
  cBFI_A
  cBFI_A6
  cBFI_C
  cBFI_E
  cBFI_HP
  cBFI_N
  cBFI_O
  dBFI_A
  dBFI_A6
  dBFI_C
  dBFI_E
  dBFI_HP
  dBFI_N
  dBFI_O
  aBFA_AC
  aBFA_AP
  aBFA_CI
  aBFA_CO
  aBFA_EA
  aBFA_EE
  aBFA_N9
  aBFA_NV
  aBFA_NW
  aBFA_OI
  aBFA_OO
  aBFA_PS
  aBFA_MT
  bBFA_AC
  bBFA_AP
  bBFA_CI
  bBFA_CO
  bBFA_EA
  bBFA_EE
  bBFA_N9
  bBFA_NV
  bBFA_NW
  bBFA_OI
  bBFA_OO
  bBFA_MT
  bBFA_PS
  cBFA_AC
  cBFA_AP
  cBFA_CI
  cBFA_CO
  cBFA_EA
  cBFA_EE
  cBFA_N9
  cBFA_NV
  cBFA_NW
  cBFA_OI
  cBFA_OO
  cBFA_MT
  cBFA_PS
  dBFA_AC
  dBFA_AP
  dBFA_CI
  dBFA_CO
  dBFA_EA
  dBFA_EE
  dBFA_N9
  dBFA_NV
  dBFA_NW
  dBFA_OI
  dBFA_OO
  dBFA_MT
  dBFA_PS
  aUSI
  bUSI
  cUSI
  dUSI
  aHRZ_IND
  bHRZ_IND
  cHRZ_IND
  dHRZ_IND
  aVRT_IND
  bVRT_IND
  cVRT_IND
  dVRT_IND
  aHRZ_COL
  bHRZ_COL
  cHRZ_COL
  dHRZ_COL
  aVRT_COL
  bVRT_COL
  cVRT_COL
  dVRT_COL
  aCOLLCTV
  bCOLLCTV
  cCOLLCTV
  dCOLLCTV
  aMVS
  bMVS
  cMVS
  dMVS
  aST
  bST
  cST
  dST
  aSD
  bSD
  cSD
  dSD
  aMVS_mc
  bMVS_mc
  cMVS_mc
  dMVS_mc
  aST_mc
  bST_mc
  cST_mc
  dST_mc
  aSD_mc
  bSD_mc
  cSD_mc
  dSD_mc
  bMEANING
  cMEANING
  dMEANING
  bMEAN_L
  cMEAN_L
  dMEAN_L
  bMEANNGc
  cMEANNGc
  dMEANNGc
  bMEANGlc
  cMEANGlc
  dMEANGlc
  bCLASSIC
  cCLASSIC
  dCLASSIC
  bCLASSCc
  cCLASSCc
  dCLASSCc
  bAGR_VAL
  cAGR_VAL
  dAGR_VAL
  bOPN_VAL
  cOPN_VAL
  dOPN_VAL
  bAGR_VLc
  cAGR_VLc
  dAGR_VLc
  bOPNVALc
  cOPNVALc
  dOPNVALc
  aMV_pomp
  bMV_pomp
  cMV_pomp
  dMV_pomp
  aST_pomp
  bST_pomp
  cST_pomp
  dST_pomp
  aSD_pomp
  bSD_pomp
  cSD_pomp
  dSD_pomp
  agoal_ec
  bgoal_ec
  cgoal_ec
  dgoal_ec
  aAspfinc
  bAspfinc
  cAspfinc
  dAspfinc
  abfi_hp8
  bbfi_hp8
  cbfi_hp8
  dbfi_hp8
  aP_S_BFI
  aP_D_BFI
  aECgoalc
  bECgoalC
  cECgoalC
  dECgoalC
  aaspfin
  baspfin
  caspfin
  daspfin
  aMVI_POMP
  bMVI_POMP
  cMVI_POMP
  dMVI_POMP;

  USEVARIABLES =
  aHRZ_COL
  bHRZ_COL
  cHRZ_COL
  dHRZ_COL
  bage_c
  cage_c
  dage_c
  ;

  missing = all (-9999);


  USEOBSERVATIONS are Sample == 2; ! College Sample



  tscores = bage_c cage_c dage_c;

  DEFINE:
  bage_c = aAGE + 1 - 36;
  cage_c = aAGE + 2 - 36;
  dage_c = aAGE + 3 - 36;


  ANALYSIS:
  TYPE=RANDOM;
  PROCESSORS = 8;

  MODEL:

  i_HRZ_COL | bHRZ_COL cHRZ_COL dHRZ_COL AT bage_c cage_c dage_c;


  !After Bollen and Curran initial observation is not part of LGM

  dHRZ_COL on cHRZ_COL (a); ! Autoregressive paths constrained to equality
  cHRZ_COL on bHRZ_COL (a);
  bHRZ_COL on aHRZ_COL (a);

  bHRZ_COL cHRZ_COL dHRZ_COL (c); !Equality constraint on residuals

  aHRZ_COL i_HRZ_COL
  WITH
  aHRZ_COL i_HRZ_COL;



  OUTPUT: SAMPSTAT PATTERNS;



*** WARNING
  Variable name contains more than 8 characters.
  Only the first 8 characters will be printed in the output.
  Variable: AMVI_POMP
*** WARNING
  Variable name contains more than 8 characters.
  Only the first 8 characters will be printed in the output.
  Variable: BMVI_POMP
*** WARNING
  Variable name contains more than 8 characters.
  Only the first 8 characters will be printed in the output.
  Variable: CMVI_POMP
*** WARNING
  Variable name contains more than 8 characters.
  Only the first 8 characters will be printed in the output.
  Variable: DMVI_POMP
*** WARNING
  Variable name contains more than 8 characters.
  Only the first 8 characters will be printed in the output.
  Variable: I_HRZ_COL
*** WARNING
  Data set contains cases with missing on all variables.
  These cases were not included in the analysis.
  Number of cases with missing on all variables:  3
*** WARNING
  Data set contains cases with missing on time scores but non-missing on the
  corresponding dependent variables.  These cases were not included in the analysis.
  Number of such cases:  2
   7 WARNING(S) FOUND IN THE INPUT INSTRUCTIONS



PxVx Univariate - Col HRZ_COL AR_Int;

SUMMARY OF ANALYSIS

Number of groups                                                 1
Number of observations                                         275

Number of dependent variables                                    3
Number of independent variables                                  1
Number of continuous latent variables                            1

Observed dependent variables

  Continuous
   BHRZ_COL    CHRZ_COL    DHRZ_COL

Observed independent variables
   AHRZ_COL

Continuous latent variables
   I_HRZ_CO

Variables with special functions

  Time scores
   BAGE_C      CAGE_C      DAGE_C


Estimator                                                      MLR
Information matrix                                        OBSERVED
Maximum number of iterations                                   100
Convergence criterion                                    0.100D-05
Maximum number of EM iterations                                500
Convergence criteria for the EM algorithm
  Loglikelihood change                                   0.100D-02
  Relative loglikelihood change                          0.100D-05
  Derivative                                             0.100D-03
Minimum variance                                         0.100D-03
Maximum number of steepest descent iterations                   20
Maximum number of iterations for H1                           2000
Convergence criterion for H1                             0.100D-03
Optimization algorithm                                         EMA

Input data file(s)
  E:\Projects\lnt_pxvx\Data\LT_227.txt
Input data format  FREE


SUMMARY OF DATA

     Number of missing data patterns             8


SUMMARY OF MISSING DATA PATTERNS


     MISSING DATA PATTERNS (x = not missing)

           1  2  3  4  5  6  7  8
 BHRZ_COL  x  x     x        x
 CHRZ_COL  x  x  x              x
 DHRZ_COL  x              x  x  x
 AHRZ_COL  x  x  x  x  x  x  x  x


     MISSING DATA PATTERN FREQUENCIES

    Pattern   Frequency     Pattern   Frequency     Pattern   Frequency
          1         138           4          27           7          16
          2          12           5          55           8          10
          3           6           6          11


COVARIANCE COVERAGE OF DATA

Minimum covariance coverage value   0.100


     PROPORTION OF DATA PRESENT


           Covariance Coverage
              BHRZ_COL      CHRZ_COL      DHRZ_COL      AHRZ_COL
              ________      ________      ________      ________
 BHRZ_COL       0.702
 CHRZ_COL       0.545         0.604
 DHRZ_COL       0.560         0.538         0.636
 AHRZ_COL       0.702         0.604         0.636         1.000


SAMPLE STATISTICS


     ESTIMATED SAMPLE STATISTICS


           Means
              BHRZ_COL      CHRZ_COL      DHRZ_COL      AHRZ_COL
              ________      ________      ________      ________
 1             73.937        73.980        74.875        71.636


           Covariances
              BHRZ_COL      CHRZ_COL      DHRZ_COL      AHRZ_COL
              ________      ________      ________      ________
 BHRZ_COL     207.681
 CHRZ_COL     132.564       179.100
 DHRZ_COL     125.437       114.013       209.493
 AHRZ_COL     110.621       106.744       119.385       191.211


           Correlations
              BHRZ_COL      CHRZ_COL      DHRZ_COL      AHRZ_COL
              ________      ________      ________      ________
 BHRZ_COL       1.000
 CHRZ_COL       0.687         1.000
 DHRZ_COL       0.601         0.589         1.000
 AHRZ_COL       0.555         0.577         0.596         1.000


     MAXIMUM LOG-LIKELIHOOD VALUE FOR THE UNRESTRICTED (H1) MODEL IS -3132.569


THE MODEL ESTIMATION TERMINATED NORMALLY



MODEL FIT INFORMATION

Number of Free Parameters                        7

Loglikelihood

          H0 Value                       -3137.229
          H0 Scaling Correction Factor       1.135
            for MLR

Information Criteria

          Akaike (AIC)                    6288.459
          Bayesian (BIC)                  6313.776
          Sample-Size Adjusted BIC        6291.581
            (n* = (n + 2) / 24)



MODEL RESULTS

                                                    Two-Tailed
                    Estimate       S.E.  Est./S.E.    P-Value

 DHRZ_COL   ON
    CHRZ_COL          -0.007      0.074     -0.090      0.928

 CHRZ_COL   ON
    BHRZ_COL          -0.007      0.074     -0.090      0.928

 BHRZ_COL   ON
    AHRZ_COL          -0.007      0.074     -0.090      0.928

 AHRZ_COL WITH
    I_HRZ_COL        113.778     15.817      7.193      0.000

 Means
    AHRZ_COL          71.636      0.833     85.970      0.000
    I_HRZ_COL         74.712      5.577     13.397      0.000

 Intercepts
    BHRZ_COL           0.000      0.000    999.000    999.000
    CHRZ_COL           0.000      0.000    999.000    999.000
    DHRZ_COL           0.000      0.000    999.000    999.000

 Variances
    AHRZ_COL         191.210     15.944     11.993      0.000
    I_HRZ_COL        127.084     24.596      5.167      0.000

 Residual Variances
    BHRZ_COL          74.809      8.690      8.608      0.000
    CHRZ_COL          74.809      8.690      8.608      0.000
    DHRZ_COL          74.809      8.690      8.608      0.000


QUALITY OF NUMERICAL RESULTS

     Condition Number for the Information Matrix              0.811E-04
       (ratio of smallest to largest eigenvalue)


     Beginning Time:  11:08:11
        Ending Time:  11:08:12
       Elapsed Time:  00:00:01



MUTHEN & MUTHEN
3463 Stoner Ave.
Los Angeles, CA  90066

Tel: (310) 391-9971
Fax: (310) 391-8971
Web: www.StatModel.com
Support: Support@StatModel.com

Copyright (c) 1998-2011 Muthen & Muthen
