Mplus VERSION 6.12
MUTHEN & MUTHEN
03/09/2016   6:45 PM

INPUT INSTRUCTIONS


  title: PxVx Univariate - Col Lin BFI_O with MeanOnly VRT_IND;
  data: file = E:\Projects\lnt_pxvx\Data\LT_227.txt;



  variable:
  names =
  subjid
  Sample
  aGENDER
  aAGE
  aethnic1
  aethnic2
  aedu_mom
  aedu_dad
  aEDUCATN
  bEDUCATN
  cEDUCATN
  aEMPLOYD
  bEMPLOYD
  cEMPLOYD
  dEMPLOYD
  aINCOME
  bINCOME
  cINCOME
  dINCOME
  aS_SCALE
  bS_SCALE
  cS_SCALE
  dS_SCALE
  aD_SCALE
  bD_SCALE
  cD_SCALE
  dD_SCALE
  aS_COMP
  bS_COMP
  cS_COMP
  dS_COMP
  aD_COMP
  bD_COMP
  cD_COMP
  dD_COMP
  aBFI_A
  aBFI_A6
  aBFI_C
  aBFI_E
  aBFI_HP
  aBFI_N
  aBFI_O
  bBFI_A
  bBFI_A6
  bBFI_C
  bBFI_E
  bBFI_HP
  bBFI_N
  bBFI_O
  cBFI_A
  cBFI_A6
  cBFI_C
  cBFI_E
  cBFI_HP
  cBFI_N
  cBFI_O
  dBFI_A
  dBFI_A6
  dBFI_C
  dBFI_E
  dBFI_HP
  dBFI_N
  dBFI_O
  aBFA_AC
  aBFA_AP
  aBFA_CI
  aBFA_CO
  aBFA_EA
  aBFA_EE
  aBFA_N9
  aBFA_NV
  aBFA_NW
  aBFA_OI
  aBFA_OO
  aBFA_PS
  aBFA_MT
  bBFA_AC
  bBFA_AP
  bBFA_CI
  bBFA_CO
  bBFA_EA
  bBFA_EE
  bBFA_N9
  bBFA_NV
  bBFA_NW
  bBFA_OI
  bBFA_OO
  bBFA_MT
  bBFA_PS
  cBFA_AC
  cBFA_AP
  cBFA_CI
  cBFA_CO
  cBFA_EA
  cBFA_EE
  cBFA_N9
  cBFA_NV
  cBFA_NW
  cBFA_OI
  cBFA_OO
  cBFA_MT
  cBFA_PS
  dBFA_AC
  dBFA_AP
  dBFA_CI
  dBFA_CO
  dBFA_EA
  dBFA_EE
  dBFA_N9
  dBFA_NV
  dBFA_NW
  dBFA_OI
  dBFA_OO
  dBFA_MT
  dBFA_PS
  aUSI
  bUSI
  cUSI
  dUSI
  aHRZ_IND
  bHRZ_IND
  cHRZ_IND
  dHRZ_IND
  aVRT_IND
  bVRT_IND
  cVRT_IND
  dVRT_IND
  aHRZ_COL
  bHRZ_COL
  cHRZ_COL
  dHRZ_COL
  aVRT_COL
  bVRT_COL
  cVRT_COL
  dVRT_COL
  aCOLLCTV
  bCOLLCTV
  cCOLLCTV
  dCOLLCTV
  aMVS
  bMVS
  cMVS
  dMVS
  aST
  bST
  cST
  dST
  aSD
  bSD
  cSD
  dSD
  aMVS_mc
  bMVS_mc
  cMVS_mc
  dMVS_mc
  aST_mc
  bST_mc
  cST_mc
  dST_mc
  aSD_mc
  bSD_mc
  cSD_mc
  dSD_mc
  bMEANING
  cMEANING
  dMEANING
  bMEAN_L
  cMEAN_L
  dMEAN_L
  bMEANNGc
  cMEANNGc
  dMEANNGc
  bMEANGlc
  cMEANGlc
  dMEANGlc
  bCLASSIC
  cCLASSIC
  dCLASSIC
  bCLASSCc
  cCLASSCc
  dCLASSCc
  bAGR_VAL
  cAGR_VAL
  dAGR_VAL
  bOPN_VAL
  cOPN_VAL
  dOPN_VAL
  bAGR_VLc
  cAGR_VLc
  dAGR_VLc
  bOPNVALc
  cOPNVALc
  dOPNVALc
  aMV_pomp
  bMV_pomp
  cMV_pomp
  dMV_pomp
  aST_pomp
  bST_pomp
  cST_pomp
  dST_pomp
  aSD_pomp
  bSD_pomp
  cSD_pomp
  dSD_pomp
  agoal_ec
  bgoal_ec
  cgoal_ec
  dgoal_ec
  aAspfinc
  bAspfinc
  cAspfinc
  dAspfinc
  abfi_hp8
  bbfi_hp8
  cbfi_hp8
  dbfi_hp8
  aP_S_BFI
  aP_D_BFI
  aECgoalc
  bECgoalC
  cECgoalC
  dECgoalC
  aaspfin
  baspfin
  caspfin
  daspfin;

  USEVARIABLES =
  aBFI_O
  bBFI_O
  cBFI_O
  dBFI_O
  aVRT_IND
  bVRT_IND
  cVRT_IND
  dVRT_IND
  bage_c
  cage_c
  dage_c
  ;

  missing = all (-9999);

  USEOBSERVATIONS are Sample == 2; ! College Sample

  tscores = bage_c cage_c dage_c;

  DEFINE:
  bage_c = aAGE + 1 - 20.5;
  cage_c = aAGE + 2 - 20.5;
  dage_c = aAGE + 3 - 20.5;

  ANALYSIS:
  TYPE=RANDOM;
  PROCESSORS = 8;

  MODEL:

  i_BFI_O s_BFI_O | bBFI_O cBFI_O dBFI_O AT bage_c cage_c dage_c;
  i_VRT_IND s_VRT_IND | bVRT_IND cVRT_IND dVRT_IND AT bage_c cage_c dage_c;


  !After Bollen and Curran initial observation is not part of LGM

  dBFI_O on cBFI_O (a); ! Autoregressive paths constrained to equality
  cBFI_O on bBFI_O (a);
  bBFI_O on aBFI_O (a);

  dVRT_IND on cVRT_IND (b); ! Autoregressive paths constrained to equality
  cVRT_IND on bVRT_IND (b);
  bVRT_IND on aVRT_IND (b);

  bBFI_O cBFI_O dBFI_O (c); !Equality constraint on residuals
  bVRT_IND cVRT_IND dVRT_IND (d); !Equality constraint on residuals

  dVRT_IND on cBFI_O (x); ! Cross-lagged paths constrained to equality
  cVRT_IND on bBFI_O (x);
  bVRT_IND on aBFI_O (x);

  dBFI_O on cVRT_IND (y); ! Cross-lagged paths constrained to equality
  cBFI_O on bVRT_IND (y);
  bBFI_O on aVRT_IND (y);

  dVRT_IND with dBFI_O (w); ! within-wave correlations constrained to equality
  cVRT_IND with cBFI_O (w);
  bVRT_IND with bBFI_O (w);

  aBFI_O aVRT_IND i_BFI_O i_VRT_IND
  s_BFI_O
  with
  s_BFI_O
  aBFI_O aVRT_IND i_BFI_O i_VRT_IND;


  s_VRT_IND@0;

  OUTPUT: SAMPSTAT PATTERNS;



*** WARNING
  Variable name contains more than 8 characters.
  Only the first 8 characters will be printed in the output.
  Variable: I_VRT_IND
*** WARNING
  Variable name contains more than 8 characters.
  Only the first 8 characters will be printed in the output.
  Variable: S_VRT_IND
*** WARNING in MODEL command
  All continuous latent variable covariances involving S_VRT_IND have been fixed to 0
  because the variance of S_VRT_IND is fixed at 0.
*** WARNING
  Data set contains cases with missing on all variables.
  These cases were not included in the analysis.
  Number of cases with missing on all variables:  1
   4 WARNING(S) FOUND IN THE INPUT INSTRUCTIONS



PxVx Univariate - Col Lin BFI_O with MeanOnly VRT_IND;

SUMMARY OF ANALYSIS

Number of groups                                                 1
Number of observations                                         279

Number of dependent variables                                    6
Number of independent variables                                  2
Number of continuous latent variables                            4

Observed dependent variables

  Continuous
   BBFI_O      CBFI_O      DBFI_O      BVRT_IND    CVRT_IND    DVRT_IND

Observed independent variables
   ABFI_O      AVRT_IND

Continuous latent variables
   I_BFI_O     S_BFI_O     I_VRT_IN    S_VRT_IN

Variables with special functions

  Time scores
   BAGE_C      CAGE_C      DAGE_C


Estimator                                                      MLR
Information matrix                                        OBSERVED
Maximum number of iterations                                   100
Convergence criterion                                    0.100D-05
Maximum number of EM iterations                                500
Convergence criteria for the EM algorithm
  Loglikelihood change                                   0.100D-02
  Relative loglikelihood change                          0.100D-05
  Derivative                                             0.100D-03
Minimum variance                                         0.100D-03
Maximum number of steepest descent iterations                   20
Maximum number of iterations for H1                           2000
Convergence criterion for H1                             0.100D-03
Optimization algorithm                                         EMA

Input data file(s)
  E:\Projects\lnt_pxvx\Data\LT_227.txt
Input data format  FREE


SUMMARY OF DATA

     Number of missing data patterns            15


SUMMARY OF MISSING DATA PATTERNS


     MISSING DATA PATTERNS (x = not missing)

           1  2  3  4  5  6  7  8  9 10 11 12 13 14 15
 BBFI_O    x  x     x        x  x     x  x        x  x
 CBFI_O    x  x  x                 x  x     x        x
 DBFI_O    x     x        x  x  x  x  x  x           x
 BVRT_IND  x  x     x           x     x  x
 CVRT_IND  x  x  x                 x  x     x        x
 DVRT_IND  x              x     x  x                 x
 ABFI_O    x  x  x  x  x  x  x  x  x  x  x  x  x  x  x
 AVRT_IND  x  x  x  x  x  x  x  x  x  x  x  x     x  x


     MISSING DATA PATTERN FREQUENCIES

    Pattern   Frequency     Pattern   Frequency     Pattern   Frequency
          1         140           6          11          11           1
          2          10           7           1          12           4
          3           2           8          16          13           2
          4          26           9           9          14           2
          5          52          10           2          15           1


COVARIANCE COVERAGE OF DATA

Minimum covariance coverage value   0.100


     PROPORTION OF DATA PRESENT


           Covariance Coverage
              BBFI_O        CBFI_O        DBFI_O        BVRT_IND      CVRT_IND
              ________      ________      ________      ________      ________
 BBFI_O         0.713
 CBFI_O         0.548         0.602
 DBFI_O         0.577         0.552         0.656
 BVRT_IND       0.699         0.545         0.570         0.699
 CVRT_IND       0.548         0.602         0.552         0.545         0.602
 DVRT_IND       0.563         0.538         0.634         0.559         0.538
 ABFI_O         0.713         0.602         0.656         0.699         0.602
 AVRT_IND       0.713         0.602         0.656         0.699         0.602


           Covariance Coverage
              DVRT_IND      ABFI_O        AVRT_IND
              ________      ________      ________
 DVRT_IND       0.634
 ABFI_O         0.634         1.000
 AVRT_IND       0.634         0.993         0.993


SAMPLE STATISTICS


     ESTIMATED SAMPLE STATISTICS


           Means
              BBFI_O        CBFI_O        DBFI_O        BVRT_IND      CVRT_IND
              ________      ________      ________      ________      ________
 1             71.350        72.136        73.894        47.129        47.766


           Means
              DVRT_IND      ABFI_O        AVRT_IND
              ________      ________      ________
 1             47.028        72.286        49.319


           Covariances
              BBFI_O        CBFI_O        DBFI_O        BVRT_IND      CVRT_IND
              ________      ________      ________      ________      ________
 BBFI_O       236.128
 CBFI_O       179.196       205.144
 DBFI_O       145.082       145.335       163.938
 BVRT_IND     -41.477       -35.621       -13.037       384.081
 CVRT_IND     -35.813       -27.236        -4.285       267.217       401.176
 DVRT_IND     -37.810       -23.905        -0.862       252.849       280.453
 ABFI_O       181.792       163.778       136.249       -20.539        -8.917
 AVRT_IND     -40.979       -28.943       -14.091       263.888       266.761


           Covariances
              DVRT_IND      ABFI_O        AVRT_IND
              ________      ________      ________
 DVRT_IND     405.140
 ABFI_O       -11.045       219.525
 AVRT_IND     239.714       -27.686       388.089


           Correlations
              BBFI_O        CBFI_O        DBFI_O        BVRT_IND      CVRT_IND
              ________      ________      ________      ________      ________
 BBFI_O         1.000
 CBFI_O         0.814         1.000
 DBFI_O         0.737         0.793         1.000
 BVRT_IND      -0.138        -0.127        -0.052         1.000
 CVRT_IND      -0.116        -0.095        -0.017         0.681         1.000
 DVRT_IND      -0.122        -0.083        -0.003         0.641         0.696
 ABFI_O         0.798         0.772         0.718        -0.071        -0.030
 AVRT_IND      -0.135        -0.103        -0.056         0.684         0.676


           Correlations
              DVRT_IND      ABFI_O        AVRT_IND
              ________      ________      ________
 DVRT_IND       1.000
 ABFI_O        -0.037         1.000
 AVRT_IND       0.605        -0.095         1.000


     MAXIMUM LOG-LIKELIHOOD VALUE FOR THE UNRESTRICTED (H1) MODEL IS -6490.176


THE MODEL ESTIMATION TERMINATED NORMALLY



MODEL FIT INFORMATION

Number of Free Parameters                       28

Loglikelihood

          H0 Value                       -6495.529
          H0 Scaling Correction Factor       1.058
            for MLR

Information Criteria

          Akaike (AIC)                   13047.057
          Bayesian (BIC)                 13148.731
          Sample-Size Adjusted BIC       13059.946
            (n* = (n + 2) / 24)



MODEL RESULTS

                                                    Two-Tailed
                    Estimate       S.E.  Est./S.E.    P-Value

 DBFI_O     ON
    CBFI_O             0.103      0.026      4.020      0.000
    CVRT_IND           0.019      0.035      0.539      0.590

 CBFI_O     ON
    BBFI_O             0.103      0.026      4.020      0.000
    BVRT_IND           0.019      0.035      0.539      0.590

 BBFI_O     ON
    ABFI_O             0.103      0.026      4.020      0.000
    AVRT_IND           0.019      0.035      0.539      0.590

 DVRT_IND   ON
    CVRT_IND           0.126      0.070      1.810      0.070
    CBFI_O             0.018      0.055      0.328      0.743

 CVRT_IND   ON
    BVRT_IND           0.126      0.070      1.810      0.070
    BBFI_O             0.018      0.055      0.328      0.743

 BVRT_IND   ON
    AVRT_IND           0.126      0.070      1.810      0.070
    ABFI_O             0.018      0.055      0.328      0.743

 S_BFI_O  WITH
    I_BFI_O          -27.149     12.359     -2.197      0.028

 I_VRT_IN WITH
    I_BFI_O          -48.957     25.577     -1.914      0.056
    S_BFI_O           10.408      6.040      1.723      0.085

 ABFI_O   WITH
    I_BFI_O          178.555     24.607      7.256      0.000
    S_BFI_O          -16.690      7.096     -2.352      0.019
    I_VRT_IND        -15.200     19.523     -0.779      0.436

 AVRT_IND WITH
    I_BFI_O          -57.094     27.645     -2.065      0.039
    S_BFI_O           13.568      7.420      1.829      0.067
    I_VRT_IND        218.430     31.270      6.985      0.000

 DVRT_IND WITH
    DBFI_O             3.462      4.489      0.771      0.441

 CVRT_IND WITH
    CBFI_O             3.462      4.489      0.771      0.441

 BVRT_IND WITH
    BBFI_O             3.462      4.489      0.771      0.441

 AVRT_IND WITH
    ABFI_O           -27.686     17.099     -1.619      0.105

 Means
    ABFI_O            72.286      0.886     81.551      0.000
    AVRT_IND          49.319      1.185     41.626      0.000
    I_BFI_O           61.862      3.086     20.047      0.000
    S_BFI_O            1.119      0.356      3.146      0.002
    I_VRT_IND         39.899      5.297      7.533      0.000
    S_VRT_IND          0.023      0.590      0.039      0.969

 Intercepts
    BBFI_O             0.000      0.000    999.000    999.000
    CBFI_O             0.000      0.000    999.000    999.000
    DBFI_O             0.000      0.000    999.000    999.000
    BVRT_IND           0.000      0.000    999.000    999.000
    CVRT_IND           0.000      0.000    999.000    999.000
    DVRT_IND           0.000      0.000    999.000    999.000

 Variances
    ABFI_O           219.525     21.029     10.439      0.000
    AVRT_IND         388.089     31.345     12.381      0.000
    I_BFI_O          211.129     41.793      5.052      0.000
    S_BFI_O            6.596      4.085      1.615      0.106
    I_VRT_IND        196.006     44.322      4.422      0.000
    S_VRT_IND          0.000      0.000    999.000    999.000

 Residual Variances
    BBFI_O            40.450      4.403      9.187      0.000
    CBFI_O            40.450      4.403      9.187      0.000
    DBFI_O            40.450      4.403      9.187      0.000
    BVRT_IND         139.757     13.295     10.512      0.000
    CVRT_IND         139.757     13.295     10.512      0.000
    DVRT_IND         139.757     13.295     10.512      0.000


QUALITY OF NUMERICAL RESULTS

     Condition Number for the Information Matrix              0.112E-05
       (ratio of smallest to largest eigenvalue)


     Beginning Time:  18:45:38
        Ending Time:  18:45:39
       Elapsed Time:  00:00:01



MUTHEN & MUTHEN
3463 Stoner Ave.
Los Angeles, CA  90066

Tel: (310) 391-9971
Fax: (310) 391-8971
Web: www.StatModel.com
Support: Support@StatModel.com

Copyright (c) 1998-2011 Muthen & Muthen
