Mplus VERSION 6.12
MUTHEN & MUTHEN
03/09/2016   6:18 PM

INPUT INSTRUCTIONS


  title: PxVx Univariate - Col MeanOnly BFA_CO with Lin HRZ_COL;
  data: file = E:\Projects\lnt_pxvx\Data\LT_227.txt;



  variable:
  names =
  subjid
  Sample
  aGENDER
  aAGE
  aethnic1
  aethnic2
  aedu_mom
  aedu_dad
  aEDUCATN
  bEDUCATN
  cEDUCATN
  aEMPLOYD
  bEMPLOYD
  cEMPLOYD
  dEMPLOYD
  aINCOME
  bINCOME
  cINCOME
  dINCOME
  aS_SCALE
  bS_SCALE
  cS_SCALE
  dS_SCALE
  aD_SCALE
  bD_SCALE
  cD_SCALE
  dD_SCALE
  aS_COMP
  bS_COMP
  cS_COMP
  dS_COMP
  aD_COMP
  bD_COMP
  cD_COMP
  dD_COMP
  aBFI_A
  aBFI_A6
  aBFI_C
  aBFI_E
  aBFI_HP
  aBFI_N
  aBFI_O
  bBFI_A
  bBFI_A6
  bBFI_C
  bBFI_E
  bBFI_HP
  bBFI_N
  bBFI_O
  cBFI_A
  cBFI_A6
  cBFI_C
  cBFI_E
  cBFI_HP
  cBFI_N
  cBFI_O
  dBFI_A
  dBFI_A6
  dBFI_C
  dBFI_E
  dBFI_HP
  dBFI_N
  dBFI_O
  aBFA_AC
  aBFA_AP
  aBFA_CI
  aBFA_CO
  aBFA_EA
  aBFA_EE
  aBFA_N9
  aBFA_NV
  aBFA_NW
  aBFA_OI
  aBFA_OO
  aBFA_PS
  aBFA_MT
  bBFA_AC
  bBFA_AP
  bBFA_CI
  bBFA_CO
  bBFA_EA
  bBFA_EE
  bBFA_N9
  bBFA_NV
  bBFA_NW
  bBFA_OI
  bBFA_OO
  bBFA_MT
  bBFA_PS
  cBFA_AC
  cBFA_AP
  cBFA_CI
  cBFA_CO
  cBFA_EA
  cBFA_EE
  cBFA_N9
  cBFA_NV
  cBFA_NW
  cBFA_OI
  cBFA_OO
  cBFA_MT
  cBFA_PS
  dBFA_AC
  dBFA_AP
  dBFA_CI
  dBFA_CO
  dBFA_EA
  dBFA_EE
  dBFA_N9
  dBFA_NV
  dBFA_NW
  dBFA_OI
  dBFA_OO
  dBFA_MT
  dBFA_PS
  aUSI
  bUSI
  cUSI
  dUSI
  aHRZ_IND
  bHRZ_IND
  cHRZ_IND
  dHRZ_IND
  aVRT_IND
  bVRT_IND
  cVRT_IND
  dVRT_IND
  aHRZ_COL
  bHRZ_COL
  cHRZ_COL
  dHRZ_COL
  aVRT_COL
  bVRT_COL
  cVRT_COL
  dVRT_COL
  aCOLLCTV
  bCOLLCTV
  cCOLLCTV
  dCOLLCTV
  aMVS
  bMVS
  cMVS
  dMVS
  aST
  bST
  cST
  dST
  aSD
  bSD
  cSD
  dSD
  aMVS_mc
  bMVS_mc
  cMVS_mc
  dMVS_mc
  aST_mc
  bST_mc
  cST_mc
  dST_mc
  aSD_mc
  bSD_mc
  cSD_mc
  dSD_mc
  bMEANING
  cMEANING
  dMEANING
  bMEAN_L
  cMEAN_L
  dMEAN_L
  bMEANNGc
  cMEANNGc
  dMEANNGc
  bMEANGlc
  cMEANGlc
  dMEANGlc
  bCLASSIC
  cCLASSIC
  dCLASSIC
  bCLASSCc
  cCLASSCc
  dCLASSCc
  bAGR_VAL
  cAGR_VAL
  dAGR_VAL
  bOPN_VAL
  cOPN_VAL
  dOPN_VAL
  bAGR_VLc
  cAGR_VLc
  dAGR_VLc
  bOPNVALc
  cOPNVALc
  dOPNVALc
  aMV_pomp
  bMV_pomp
  cMV_pomp
  dMV_pomp
  aST_pomp
  bST_pomp
  cST_pomp
  dST_pomp
  aSD_pomp
  bSD_pomp
  cSD_pomp
  dSD_pomp
  agoal_ec
  bgoal_ec
  cgoal_ec
  dgoal_ec
  aAspfinc
  bAspfinc
  cAspfinc
  dAspfinc
  abfi_hp8
  bbfi_hp8
  cbfi_hp8
  dbfi_hp8
  aP_S_BFI
  aP_D_BFI
  aECgoalc
  bECgoalC
  cECgoalC
  dECgoalC
  aaspfin
  baspfin
  caspfin
  daspfin;

  USEVARIABLES =
  aBFA_CO
  bBFA_CO
  cBFA_CO
  dBFA_CO
  aHRZ_COL
  bHRZ_COL
  cHRZ_COL
  dHRZ_COL
  bage_c
  cage_c
  dage_c
  ;

  missing = all (-9999);

  USEOBSERVATIONS are Sample == 2; ! College Sample

  tscores = bage_c cage_c dage_c;

  DEFINE:
  bage_c = aAGE + 1 - 20.5;
  cage_c = aAGE + 2 - 20.5;
  dage_c = aAGE + 3 - 20.5;

  ANALYSIS:
  TYPE=RANDOM;
  PROCESSORS = 8;

  MODEL:

  i_BFA_CO s_BFA_CO | bBFA_CO cBFA_CO dBFA_CO AT bage_c cage_c dage_c;
  i_HRZ_COL s_HRZ_COL | bHRZ_COL cHRZ_COL dHRZ_COL AT bage_c cage_c dage_c;


  !After Bollen and Curran initial observation is not part of LGM

  dBFA_CO on cBFA_CO (a); ! Autoregressive paths constrained to equality
  cBFA_CO on bBFA_CO (a);
  bBFA_CO on aBFA_CO (a);

  dHRZ_COL on cHRZ_COL (b); ! Autoregressive paths constrained to equality
  cHRZ_COL on bHRZ_COL (b);
  bHRZ_COL on aHRZ_COL (b);

  bBFA_CO cBFA_CO dBFA_CO (c); !Equality constraint on residuals
  bHRZ_COL cHRZ_COL dHRZ_COL (d); !Equality constraint on residuals

  dHRZ_COL on cBFA_CO (x); ! Cross-lagged paths constrained to equality
  cHRZ_COL on bBFA_CO (x);
  bHRZ_COL on aBFA_CO (x);

  dBFA_CO on cHRZ_COL (y); ! Cross-lagged paths constrained to equality
  cBFA_CO on bHRZ_COL (y);
  bBFA_CO on aHRZ_COL (y);

  dHRZ_COL with dBFA_CO (w); ! within-wave correlations constrained to equality
  cHRZ_COL with cBFA_CO (w);
  bHRZ_COL with bBFA_CO (w);

  aBFA_CO aHRZ_COL i_BFA_CO i_HRZ_COL
  s_HRZ_COL
  with
  s_HRZ_COL
  aBFA_CO aHRZ_COL i_BFA_CO i_HRZ_COL;

  s_BFA_CO@0;


  OUTPUT: SAMPSTAT PATTERNS;



*** WARNING
  Variable name contains more than 8 characters.
  Only the first 8 characters will be printed in the output.
  Variable: I_HRZ_COL
*** WARNING
  Variable name contains more than 8 characters.
  Only the first 8 characters will be printed in the output.
  Variable: S_HRZ_COL
*** WARNING in MODEL command
  All continuous latent variable covariances involving S_BFA_CO have been fixed to 0
  because the variance of S_BFA_CO is fixed at 0.
*** WARNING
  Data set contains cases with missing on all variables.
  These cases were not included in the analysis.
  Number of cases with missing on all variables:  1
   4 WARNING(S) FOUND IN THE INPUT INSTRUCTIONS



PxVx Univariate - Col MeanOnly BFA_CO with Lin HRZ_COL;

SUMMARY OF ANALYSIS

Number of groups                                                 1
Number of observations                                         279

Number of dependent variables                                    6
Number of independent variables                                  2
Number of continuous latent variables                            4

Observed dependent variables

  Continuous
   BBFA_CO     CBFA_CO     DBFA_CO     BHRZ_COL    CHRZ_COL    DHRZ_COL

Observed independent variables
   ABFA_CO     AHRZ_COL

Continuous latent variables
   I_BFA_CO    S_BFA_CO    I_HRZ_CO    S_HRZ_CO

Variables with special functions

  Time scores
   BAGE_C      CAGE_C      DAGE_C


Estimator                                                      MLR
Information matrix                                        OBSERVED
Maximum number of iterations                                   100
Convergence criterion                                    0.100D-05
Maximum number of EM iterations                                500
Convergence criteria for the EM algorithm
  Loglikelihood change                                   0.100D-02
  Relative loglikelihood change                          0.100D-05
  Derivative                                             0.100D-03
Minimum variance                                         0.100D-03
Maximum number of steepest descent iterations                   20
Maximum number of iterations for H1                           2000
Convergence criterion for H1                             0.100D-03
Optimization algorithm                                         EMA

Input data file(s)
  E:\Projects\lnt_pxvx\Data\LT_227.txt
Input data format  FREE


SUMMARY OF DATA

     Number of missing data patterns            13


SUMMARY OF MISSING DATA PATTERNS


     MISSING DATA PATTERNS (x = not missing)

           1  2  3  4  5  6  7  8  9 10 11 12 13
 BBFA_CO   x  x     x        x  x              x
 CBFA_CO   x  x  x                 x  x
 DBFA_CO   x              x  x  x  x  x
 BHRZ_COL  x  x     x           x
 CHRZ_COL  x  x  x                 x  x
 DHRZ_COL  x              x     x     x
 ABFA_CO   x  x  x  x  x  x  x  x  x  x  x     x
 AHRZ_COL  x  x  x  x  x  x  x  x  x  x     x  x


     MISSING DATA PATTERN FREQUENCIES

    Pattern   Frequency     Pattern   Frequency     Pattern   Frequency
          1         140           6          11          11           2
          2          12           7           1          12           1
          3           5           8          16          13           2
          4          27           9           1
          5          51          10          10


COVARIANCE COVERAGE OF DATA

Minimum covariance coverage value   0.100


     PROPORTION OF DATA PRESENT


           Covariance Coverage
              BBFA_CO       CBFA_CO       DBFA_CO       BHRZ_COL      CHRZ_COL
              ________      ________      ________      ________      ________
 BBFA_CO        0.710
 CBFA_CO        0.545         0.602
 DBFA_CO        0.563         0.541         0.642
 BHRZ_COL       0.699         0.545         0.559         0.699
 CHRZ_COL       0.545         0.602         0.541         0.545         0.602
 DHRZ_COL       0.559         0.538         0.634         0.559         0.538
 ABFA_CO        0.710         0.602         0.642         0.699         0.602
 AHRZ_COL       0.710         0.602         0.642         0.699         0.602


           Covariance Coverage
              DHRZ_COL      ABFA_CO       AHRZ_COL
              ________      ________      ________
 DHRZ_COL       0.634
 ABFA_CO        0.634         0.996
 AHRZ_COL       0.634         0.989         0.993


SAMPLE STATISTICS


     ESTIMATED SAMPLE STATISTICS


           Means
              BBFA_CO       CBFA_CO       DBFA_CO       BHRZ_COL      CHRZ_COL
              ________      ________      ________      ________      ________
 1             59.874        60.222        59.811        73.959        73.884


           Means
              DHRZ_COL      ABFA_CO       AHRZ_COL
              ________      ________      ________
 1             74.926        59.228        71.596


           Covariances
              BBFA_CO       CBFA_CO       DBFA_CO       BHRZ_COL      CHRZ_COL
              ________      ________      ________      ________      ________
 BBFA_CO      296.584
 CBFA_CO      216.067       290.293
 DBFA_CO      195.441       217.592       262.131
 BHRZ_COL      20.295         8.563        10.600       207.033
 CHRZ_COL       4.217        -5.502        18.364       129.433       179.165
 DHRZ_COL     -16.338       -26.959         2.502       122.021       113.118
 ABFA_CO      226.615       189.233       180.513        20.018         7.155
 AHRZ_COL       1.077         0.285        25.095       108.207       108.915


           Covariances
              DHRZ_COL      ABFA_CO       AHRZ_COL
              ________      ________      ________
 DHRZ_COL     207.338
 ABFA_CO       -6.882       284.270
 AHRZ_COL     119.104        15.632       193.541


           Correlations
              BBFA_CO       CBFA_CO       DBFA_CO       BHRZ_COL      CHRZ_COL
              ________      ________      ________      ________      ________
 BBFA_CO        1.000
 CBFA_CO        0.736         1.000
 DBFA_CO        0.701         0.789         1.000
 BHRZ_COL       0.082         0.035         0.045         1.000
 CHRZ_COL       0.018        -0.024         0.085         0.672         1.000
 DHRZ_COL      -0.066        -0.110         0.011         0.589         0.587
 ABFA_CO        0.780         0.659         0.661         0.083         0.032
 AHRZ_COL       0.004         0.001         0.111         0.541         0.585


           Correlations
              DHRZ_COL      ABFA_CO       AHRZ_COL
              ________      ________      ________
 DHRZ_COL       1.000
 ABFA_CO       -0.028         1.000
 AHRZ_COL       0.595         0.067         1.000


     MAXIMUM LOG-LIKELIHOOD VALUE FOR THE UNRESTRICTED (H1) MODEL IS -6396.892


THE MODEL ESTIMATION TERMINATED NORMALLY



MODEL FIT INFORMATION

Number of Free Parameters                       28

Loglikelihood

          H0 Value                       -6410.390
          H0 Scaling Correction Factor       1.075
            for MLR

Information Criteria

          Akaike (AIC)                   12876.780
          Bayesian (BIC)                 12978.454
          Sample-Size Adjusted BIC       12889.669
            (n* = (n + 2) / 24)



MODEL RESULTS

                                                    Two-Tailed
                    Estimate       S.E.  Est./S.E.    P-Value

 DBFA_CO    ON
    CBFA_CO            0.280      0.046      6.145      0.000
    CHRZ_COL          -0.050      0.150     -0.335      0.738

 CBFA_CO    ON
    BBFA_CO            0.280      0.046      6.145      0.000
    BHRZ_COL          -0.050      0.150     -0.335      0.738

 BBFA_CO    ON
    ABFA_CO            0.280      0.046      6.145      0.000
    AHRZ_COL          -0.050      0.150     -0.335      0.738

 DHRZ_COL   ON
    CHRZ_COL           0.018      0.172      0.107      0.915
    CBFA_CO           -0.032      0.073     -0.441      0.659

 CHRZ_COL   ON
    BHRZ_COL           0.018      0.172      0.107      0.915
    BBFA_CO           -0.032      0.073     -0.441      0.659

 BHRZ_COL   ON
    AHRZ_COL           0.018      0.172      0.107      0.915
    ABFA_CO           -0.032      0.073     -0.441      0.659

 I_HRZ_CO WITH
    I_BFA_CO          26.451     35.415      0.747      0.455

 S_HRZ_CO WITH
    I_BFA_CO          -6.696      5.331     -1.256      0.209
    I_HRZ_COL         -8.297      7.083     -1.171      0.241

 ABFA_CO  WITH
    I_BFA_CO         135.765     17.831      7.614      0.000
    I_HRZ_COL         35.418     27.390      1.293      0.196
    S_HRZ_COL        -10.167      7.393     -1.375      0.169

 AHRZ_COL WITH
    I_BFA_CO          13.898     22.161      0.627      0.531
    I_HRZ_COL         95.975     44.352      2.164      0.030
    S_HRZ_COL          6.691      9.654      0.693      0.488

 DHRZ_COL WITH
    DBFA_CO            3.366      7.937      0.424      0.672

 CHRZ_COL WITH
    CBFA_CO            3.366      7.937      0.424      0.672

 BHRZ_COL WITH
    BBFA_CO            3.366      7.937      0.424      0.672

 AHRZ_COL WITH
    ABFA_CO           15.631     15.012      1.041      0.298

 Means
    ABFA_CO           59.239      1.012     58.536      0.000
    AHRZ_COL          71.593      0.835     85.707      0.000
    I_BFA_CO          46.584     10.276      4.533      0.000
    S_BFA_CO           0.174      0.479      0.363      0.716
    I_HRZ_COL         74.134      9.066      8.177      0.000
    S_HRZ_COL          0.292      0.439      0.666      0.506

 Intercepts
    BBFA_CO            0.000      0.000    999.000    999.000
    CBFA_CO            0.000      0.000    999.000    999.000
    DBFA_CO            0.000      0.000    999.000    999.000
    BHRZ_COL           0.000      0.000    999.000    999.000
    CHRZ_COL           0.000      0.000    999.000    999.000
    DHRZ_COL           0.000      0.000    999.000    999.000

 Variances
    ABFA_CO          284.270     21.066     13.494      0.000
    AHRZ_COL         193.541     15.951     12.133      0.000
    I_BFA_CO         100.708     21.444      4.696      0.000
    S_BFA_CO           0.000      0.000    999.000    999.000
    I_HRZ_COL        141.605     49.207      2.878      0.004
    S_HRZ_COL          2.435      1.908      1.276      0.202

 Residual Variances
    BBFA_CO           84.028      7.853     10.700      0.000
    CBFA_CO           84.028      7.853     10.700      0.000
    DBFA_CO           84.028      7.853     10.700      0.000
    BHRZ_COL          74.684     11.788      6.335      0.000
    CHRZ_COL          74.684     11.788      6.335      0.000
    DHRZ_COL          74.684     11.788      6.335      0.000


QUALITY OF NUMERICAL RESULTS

     Condition Number for the Information Matrix              0.877E-06
       (ratio of smallest to largest eigenvalue)


     Beginning Time:  18:18:21
        Ending Time:  18:18:28
       Elapsed Time:  00:00:07



MUTHEN & MUTHEN
3463 Stoner Ave.
Los Angeles, CA  90066

Tel: (310) 391-9971
Fax: (310) 391-8971
Web: www.StatModel.com
Support: Support@StatModel.com

Copyright (c) 1998-2011 Muthen & Muthen
