Mplus VERSION 6.12
MUTHEN & MUTHEN
03/09/2016   9:04 PM

INPUT INSTRUCTIONS


  title: PxVx Univariate - Nat MeanOnly I_D with Lin USI;
  data: file = E:\Projects\lnt_pxvx\Data\LT_informants3.txt;

  variable:
  names =
  subjid
  Sample
  aGENDER
  aAGE
  aethnic1
  aethnic2
  aedu_mom
  aedu_dad
  aEDUCATN
  bEDUCATN
  cEDUCATN
  aEMPLOYD
  bEMPLOYD
  cEMPLOYD
  dEMPLOYD
  aINCOME
  bINCOME
  cINCOME
  dINCOME
  aS_SCALE
  bS_SCALE
  cS_SCALE
  dS_SCALE
  aD_SCALE
  bD_SCALE
  cD_SCALE
  dD_SCALE
  aS_COMP
  bS_COMP
  cS_COMP
  dS_COMP
  aD_COMP
  bD_COMP
  cD_COMP
  dD_COMP
  aBFI_A
  aBFI_A6
  aBFI_C
  aBFI_E
  aBFI_HP
  aBFI_N
  aBFI_O
  bBFI_A
  bBFI_A6
  bBFI_C
  bBFI_E
  bBFI_HP
  bBFI_N
  bBFI_O
  cBFI_A
  cBFI_A6
  cBFI_C
  cBFI_E
  cBFI_HP
  cBFI_N
  cBFI_O
  dBFI_A
  dBFI_A6
  dBFI_C
  dBFI_E
  dBFI_HP
  dBFI_N
  dBFI_O
  aBFA_AC
  aBFA_AP
  aBFA_CI
  aBFA_CO
  aBFA_EA
  aBFA_EE
  aBFA_N9
  aBFA_NV
  aBFA_NW
  aBFA_OI
  aBFA_OO
  aBFA_PS
  aBFA_MT
  bBFA_AC
  bBFA_AP
  bBFA_CI
  bBFA_CO
  bBFA_EA
  bBFA_EE
  bBFA_N9
  bBFA_NV
  bBFA_NW
  bBFA_OI
  bBFA_OO
  bBFA_MT
  bBFA_PS
  cBFA_AC
  cBFA_AP
  cBFA_CI
  cBFA_CO
  cBFA_EA
  cBFA_EE
  cBFA_N9
  cBFA_NV
  cBFA_NW
  cBFA_OI
  cBFA_OO
  cBFA_MT
  cBFA_PS
  dBFA_AC
  dBFA_AP
  dBFA_CI
  dBFA_CO
  dBFA_EA
  dBFA_EE
  dBFA_N9
  dBFA_NV
  dBFA_NW
  dBFA_OI
  dBFA_OO
  dBFA_MT
  dBFA_PS
  aUSI
  bUSI
  cUSI
  dUSI
  aHRZ_IND
  bHRZ_IND
  cHRZ_IND
  dHRZ_IND
  aVRT_IND
  bVRT_IND
  cVRT_IND
  dVRT_IND
  aHRZ_COL
  bHRZ_COL
  cHRZ_COL
  dHRZ_COL
  aVRT_COL
  bVRT_COL
  cVRT_COL
  dVRT_COL
  aCOLLCTV
  bCOLLCTV
  cCOLLCTV
  dCOLLCTV
  aMVS
  bMVS
  cMVS
  dMVS
  aST
  bST
  cST
  dST
  aSD
  bSD
  cSD
  dSD
  aMVS_mc
  bMVS_mc
  cMVS_mc
  dMVS_mc
  aST_mc
  bST_mc
  cST_mc
  dST_mc
  aSD_mc
  bSD_mc
  cSD_mc
  dSD_mc
  bMEANING
  cMEANING
  dMEANING
  bMEAN_L
  cMEAN_L
  dMEAN_L
  bMEANNGc
  cMEANNGc
  dMEANNGc
  bMEANGlc
  cMEANGlc
  dMEANGlc
  bCLASSIC
  cCLASSIC
  dCLASSIC
  bCLASSCc
  cCLASSCc
  dCLASSCc
  bAGR_VAL
  cAGR_VAL
  dAGR_VAL
  bOPN_VAL
  cOPN_VAL
  dOPN_VAL
  bAGR_VLc
  cAGR_VLc
  dAGR_VLc
  bOPNVALc
  cOPNVALc
  dOPNVALc
  aMV_pomp
  bMV_pomp
  cMV_pomp
  dMV_pomp
  aST_pomp
  bST_pomp
  cST_pomp
  dST_pomp
  aSD_pomp
  bSD_pomp
  cSD_pomp
  dSD_pomp
  agoal_eco
  bgoal_eco
  cgoal_eco
  dgoal_eco
  aAspfinc
  bAspfinc
  cAspfinc
  dAspfinc
  abfi_hp8
  bbfi_hp8
  cbfi_hp8
  dbfi_hp8
  aP_S_BFI
  aP_D_BFI
  aECgoalc
  bECgoalC
  cECgoalC
  dECgoalC
  aaspfin
  baspfin
  caspfin
  daspfin
  aasp_mn2
  basp_mn2
  casp_mn2
  dasp_mn2
  aas12mc2
  aas13mc2
  aas14mc2
  aas15mc2
  aas16mc2
  bas12mc2
  bas13mc2
  bas14mc2
  bas15mc2
  bas16mc2
  cas12mc2
  cas13mc2
  cas14mc2
  cas15mc2
  cas16mc2
  das12mc2
  das13mc2
  das14mc2
  das15mc2
  das16mc2
  aas_f_c2
  bas_f_c2
  cas_f_c2
  das_f_c2
  aI_E
  aI_A
  aI_C
  aI_N
  aI_O
  aI_S
  aI_D
  bI_E
  bI_A
  bI_C
  bI_N
  bI_O
  bI_S
  bI_D
  cI_E
  cI_A
  cI_C
  cI_N
  cI_O
  cI_S
  cI_D
  dI_E
  dI_A
  dI_C
  dI_N
  dI_O
  dI_S
  dI_D
  T1_any_I
  T2_any_I
  T3_any_I
  T4_any_I
  aI_H
  bI_H
  cI_H
  dI_H;



  USEVARIABLES =
  aI_D
  bI_D
  cI_D
  dI_D
  aUSI
  bUSI
  cUSI
  dUSI
  bage_c
  cage_c
  dage_c
  ;

  missing = all (-9999);

  USEOBSERVATIONS are Sample == 1; ! National Sample

  tscores = bage_c cage_c dage_c;

  DEFINE:
  bage_c = aAGE + 1 - 36;
  cage_c = aAGE + 2 - 36;
  dage_c = aAGE + 3 - 36;

  ANALYSIS:
  TYPE=RANDOM;
  PROCESSORS = 8;

  MODEL:

  i_I_D s_I_D | bI_D cI_D dI_D AT bage_c cage_c dage_c;
  i_USI s_USI | bUSI cUSI dUSI AT bage_c cage_c dage_c;


  !After Bollen and Curran initial observation is not part of LGM

  dI_D on cI_D (a); ! Autoregressive paths constrained to equality
  cI_D on bI_D (a);
  bI_D on aI_D (a);

  dUSI on cUSI (b); ! Autoregressive paths constrained to equality
  cUSI on bUSI (b);
  bUSI on aUSI (b);

  bI_D cI_D dI_D (c); !Equality constraint on residuals
  bUSI cUSI dUSI (d); !Equality constraint on residuals

  dUSI on cI_D (x); ! Cross-lagged paths constrained to equality
  cUSI on bI_D (x);
  bUSI on aI_D (x);

  dI_D on cUSI (y); ! Cross-lagged paths constrained to equality
  cI_D on bUSI (y);
  bI_D on aUSI (y);

  dUSI with dI_D (w); ! within-wave correlations constrained to equality
  cUSI with cI_D (w);
  bUSI with bI_D (w);

  aI_D aUSI i_I_D i_USI
  s_USI
  with
  s_USI
  aI_D aUSI i_I_D i_USI;

  s_I_D@0;


  OUTPUT: SAMPSTAT PATTERNS;



*** WARNING
  Variable name contains more than 8 characters.
  Only the first 8 characters will be printed in the output.
  Variable: AGOAL_ECO
*** WARNING
  Variable name contains more than 8 characters.
  Only the first 8 characters will be printed in the output.
  Variable: BGOAL_ECO
*** WARNING
  Variable name contains more than 8 characters.
  Only the first 8 characters will be printed in the output.
  Variable: CGOAL_ECO
*** WARNING
  Variable name contains more than 8 characters.
  Only the first 8 characters will be printed in the output.
  Variable: DGOAL_ECO
*** WARNING in MODEL command
  All continuous latent variable covariances involving S_I_D have been fixed to 0
  because the variance of S_I_D is fixed at 0.
*** WARNING
  Data set contains cases with missing on time scores but non-missing on the
  corresponding dependent variables.  These cases were not included in the analysis.
  Number of such cases:  4
   6 WARNING(S) FOUND IN THE INPUT INSTRUCTIONS



PxVx Univariate - Nat MeanOnly I_D with Lin USI;

SUMMARY OF ANALYSIS

Number of groups                                                 1
Number of observations                                         604

Number of dependent variables                                    6
Number of independent variables                                  2
Number of continuous latent variables                            4

Observed dependent variables

  Continuous
   BI_D        CI_D        DI_D        BUSI        CUSI        DUSI

Observed independent variables
   AI_D        AUSI

Continuous latent variables
   I_I_D       S_I_D       I_USI       S_USI

Variables with special functions

  Time scores
   BAGE_C      CAGE_C      DAGE_C


Estimator                                                      MLR
Information matrix                                        OBSERVED
Maximum number of iterations                                   100
Convergence criterion                                    0.100D-05
Maximum number of EM iterations                                500
Convergence criteria for the EM algorithm
  Loglikelihood change                                   0.100D-02
  Relative loglikelihood change                          0.100D-05
  Derivative                                             0.100D-03
Minimum variance                                         0.100D-03
Maximum number of steepest descent iterations                   20
Maximum number of iterations for H1                           2000
Convergence criterion for H1                             0.100D-03
Optimization algorithm                                         EMA

Input data file(s)
  E:\Projects\lnt_pxvx\Data\LT_informants3.txt
Input data format  FREE


SUMMARY OF DATA

     Number of missing data patterns            47


SUMMARY OF MISSING DATA PATTERNS


     MISSING DATA PATTERNS (x = not missing)

           1  2  3  4  5  6  7  8  9 10 11 12 13 14 15 16 17 18 19 20
 BI_D      x              x  x  x  x  x     x  x                    x
 CI_D      x        x           x  x  x                 x        x  x
 DI_D      x           x     x  x           x  x     x  x  x
 BUSI      x     x  x  x  x  x  x  x  x     x  x  x  x  x  x  x  x  x
 CUSI      x     x  x     x  x  x  x  x  x  x        x  x  x     x  x
 DUSI      x     x  x  x  x  x  x  x  x  x  x  x  x  x  x  x     x
 AI_D      x  x  x           x     x     x        x        x  x  x
 AUSI      x  x  x  x  x  x  x  x  x  x  x  x  x  x  x  x  x  x  x  x

          21 22 23 24 25 26 27 28 29 30 31 32 33 34 35 36 37 38 39 40
 BI_D      x  x        x     x     x           x        x
 CI_D            x  x        x        x  x        x           x  x
 DI_D            x                    x     x        x     x        x
 BUSI      x  x  x  x  x     x     x        x  x        x     x
 CUSI      x     x  x     x  x     x  x  x        x     x     x  x  x
 DUSI            x              x     x  x     x     x  x  x        x
 AI_D      x  x  x        x  x  x     x  x        x  x  x     x     x
 AUSI      x  x  x  x  x  x  x  x  x  x  x  x  x  x  x  x  x  x  x  x

          41 42 43 44 45 46 47
 BI_D      x  x  x  x
 CI_D               x        x
 DI_D         x     x     x  x
 BUSI         x     x  x
 CUSI            x  x  x  x  x
 DUSI         x  x        x  x
 AI_D      x  x  x     x
 AUSI      x  x  x  x  x  x  x


     MISSING DATA PATTERN FREQUENCIES

    Pattern   Frequency     Pattern   Frequency     Pattern   Frequency
          1         172          17           9          33           2
          2          34          18          18          34           3
          3          26          19          11          35           3
          4          19          20           5          36          13
          5           5          21           6          37           2
          6          15          22          12          38           2
          7          17          23          16          39           3
          8          39          24           4          40           2
          9          29          25           7          41           1
         10          17          26           6          42           6
         11           7          27          12          43           1
         12          18          28           8          44           1
         13           2          29           2          45           4
         14           3          30           7          46           1
         15          17          31           1          47           2
         16          13          32           1


COVARIANCE COVERAGE OF DATA

Minimum covariance coverage value   0.100


     PROPORTION OF DATA PRESENT


           Covariance Coverage
              BI_D          CI_D          DI_D          BUSI          CUSI
              ________      ________      ________      ________      ________
 BI_D           0.624
 CI_D           0.455         0.589
 DI_D           0.422         0.414         0.551
 BUSI           0.621         0.563         0.523         0.866
 CUSI           0.575         0.589         0.520         0.773         0.828
 DUSI           0.548         0.540         0.548         0.743         0.748
 AI_D           0.445         0.419         0.384         0.589         0.570
 AUSI           0.624         0.589         0.551         0.866         0.828


           Covariance Coverage
              DUSI          AI_D          AUSI
              ________      ________      ________
 DUSI           0.800
 AI_D           0.548         0.710
 AUSI           0.800         0.710         1.000


SAMPLE STATISTICS


     ESTIMATED SAMPLE STATISTICS


           Means
              BI_D          CI_D          DI_D          BUSI          CUSI
              ________      ________      ________      ________      ________
 1             67.050        64.782        65.372        27.617        27.523


           Means
              DUSI          AI_D          AUSI
              ________      ________      ________
 1             27.688        66.046        28.064


           Covariances
              BI_D          CI_D          DI_D          BUSI          CUSI
              ________      ________      ________      ________      ________
 BI_D         277.011
 CI_D         188.496       285.489
 DI_D         196.129       191.930       304.907
 BUSI         -26.000       -17.461        15.549       272.183
 CUSI         -36.284       -22.226         7.538       207.878       268.195
 DUSI         -29.924       -13.749         7.435       186.899       206.484
 AI_D         162.801       154.803       158.475         8.259         6.562
 AUSI         -21.973       -18.982         6.159       199.657       194.370


           Covariances
              DUSI          AI_D          AUSI
              ________      ________      ________
 DUSI         244.615
 AI_D           4.017       270.816
 AUSI         181.207        -6.650       250.379


           Correlations
              BI_D          CI_D          DI_D          BUSI          CUSI
              ________      ________      ________      ________      ________
 BI_D           1.000
 CI_D           0.670         1.000
 DI_D           0.675         0.651         1.000
 BUSI          -0.095        -0.063         0.054         1.000
 CUSI          -0.133        -0.080         0.026         0.769         1.000
 DUSI          -0.115        -0.052         0.027         0.724         0.806
 AI_D           0.594         0.557         0.551         0.030         0.024
 AUSI          -0.083        -0.071         0.022         0.765         0.750


           Correlations
              DUSI          AI_D          AUSI
              ________      ________      ________
 DUSI           1.000
 AI_D           0.016         1.000
 AUSI           0.732        -0.026         1.000


     MAXIMUM LOG-LIKELIHOOD VALUE FOR THE UNRESTRICTED (H1) MODEL IS -14144.032


THE MODEL ESTIMATION TERMINATED NORMALLY



MODEL FIT INFORMATION

Number of Free Parameters                       28

Loglikelihood

          H0 Value                      -14162.550
          H0 Scaling Correction Factor       1.088
            for MLR

Information Criteria

          Akaike (AIC)                   28381.099
          Bayesian (BIC)                 28504.399
          Sample-Size Adjusted BIC       28415.506
            (n* = (n + 2) / 24)



MODEL RESULTS

                                                    Two-Tailed
                    Estimate       S.E.  Est./S.E.    P-Value

 DI_D       ON
    CI_D               0.053      0.050      1.055      0.291
    CUSI               0.045      0.063      0.724      0.469

 CI_D       ON
    BI_D               0.053      0.050      1.055      0.291
    BUSI               0.045      0.063      0.724      0.469

 BI_D       ON
    AI_D               0.053      0.050      1.055      0.291
    AUSI               0.045      0.063      0.724      0.469

 DUSI       ON
    CUSI               0.184      0.057      3.264      0.001
    CI_D              -0.003      0.050     -0.058      0.954

 CUSI       ON
    BUSI               0.184      0.057      3.264      0.001
    BI_D              -0.003      0.050     -0.058      0.954

 BUSI       ON
    AUSI               0.184      0.057      3.264      0.001
    AI_D              -0.003      0.050     -0.058      0.954

 I_USI    WITH
    I_I_D            -16.062     20.951     -0.767      0.443

 S_USI    WITH
    I_I_D              0.485      0.496      0.977      0.328
    I_USI             -0.128      0.354     -0.361      0.718

 AI_D     WITH
    I_I_D            148.699     17.660      8.420      0.000
    I_USI              5.880     13.328      0.441      0.659
    S_USI              0.514      0.591      0.870      0.384

 AUSI     WITH
    I_I_D            -18.377     17.285     -1.063      0.288
    I_USI            150.147     14.606     10.279      0.000
    S_USI              0.282      0.507      0.557      0.578

 DUSI     WITH
    DI_D              -1.957      4.642     -0.422      0.673

 CUSI     WITH
    CI_D              -1.957      4.642     -0.422      0.673

 BUSI     WITH
    BI_D              -1.957      4.642     -0.422      0.673

 AUSI     WITH
    AI_D              -6.015     11.677     -0.515      0.607

 Means
    AI_D              66.072      0.757     87.322      0.000
    AUSI              28.064      0.644     43.605      0.000
    I_I_D             60.915      2.870     21.227      0.000
    S_I_D              0.065      0.053      1.230      0.219
    I_USI             22.709      3.682      6.168      0.000
    S_USI             -0.027      0.033     -0.827      0.408

 Intercepts
    BI_D               0.000      0.000    999.000    999.000
    CI_D               0.000      0.000    999.000    999.000
    DI_D               0.000      0.000    999.000    999.000
    BUSI               0.000      0.000    999.000    999.000
    CUSI               0.000      0.000    999.000    999.000
    DUSI               0.000      0.000    999.000    999.000

 Variances
    AI_D             270.324     16.968     15.931      0.000
    AUSI             250.379     12.040     20.795      0.000
    I_I_D            170.597     26.136      6.527      0.000
    S_I_D              0.000      0.000    999.000    999.000
    I_USI            121.195     21.560      5.621      0.000
    S_USI              0.039      0.036      1.072      0.284

 Residual Variances
    BI_D             101.656      8.270     12.292      0.000
    CI_D             101.656      8.270     12.292      0.000
    DI_D             101.656      8.270     12.292      0.000
    BUSI              68.621      5.186     13.231      0.000
    CUSI              68.621      5.186     13.231      0.000
    DUSI              68.621      5.186     13.231      0.000


QUALITY OF NUMERICAL RESULTS

     Condition Number for the Information Matrix              0.148E-05
       (ratio of smallest to largest eigenvalue)


     Beginning Time:  21:04:04
        Ending Time:  21:04:06
       Elapsed Time:  00:00:02



MUTHEN & MUTHEN
3463 Stoner Ave.
Los Angeles, CA  90066

Tel: (310) 391-9971
Fax: (310) 391-8971
Web: www.StatModel.com
Support: Support@StatModel.com

Copyright (c) 1998-2011 Muthen & Muthen
