Mplus VERSION 6.12
MUTHEN & MUTHEN
03/21/2016   2:39 PM

INPUT INSTRUCTIONS


  title: PxVx Univariate - Nat MeanOnly I_N with MeanOnly VRT_COL;
  data: file = E:\Projects\lnt_pxvx\Data\LT_informants3.txt;

  variable:
  names =
  subjid
  Sample
  aGENDER
  aAGE
  aethnic1
  aethnic2
  aedu_mom
  aedu_dad
  aEDUCATN
  bEDUCATN
  cEDUCATN
  aEMPLOYD
  bEMPLOYD
  cEMPLOYD
  dEMPLOYD
  aINCOME
  bINCOME
  cINCOME
  dINCOME
  aS_SCALE
  bS_SCALE
  cS_SCALE
  dS_SCALE
  aD_SCALE
  bD_SCALE
  cD_SCALE
  dD_SCALE
  aS_COMP
  bS_COMP
  cS_COMP
  dS_COMP
  aD_COMP
  bD_COMP
  cD_COMP
  dD_COMP
  aBFI_A
  aBFI_A6
  aBFI_C
  aBFI_E
  aBFI_HP
  aBFI_N
  aBFI_O
  bBFI_A
  bBFI_A6
  bBFI_C
  bBFI_E
  bBFI_HP
  bBFI_N
  bBFI_O
  cBFI_A
  cBFI_A6
  cBFI_C
  cBFI_E
  cBFI_HP
  cBFI_N
  cBFI_O
  dBFI_A
  dBFI_A6
  dBFI_C
  dBFI_E
  dBFI_HP
  dBFI_N
  dBFI_O
  aBFA_AC
  aBFA_AP
  aBFA_CI
  aBFA_CO
  aBFA_EA
  aBFA_EE
  aBFA_N9
  aBFA_NV
  aBFA_NW
  aBFA_OI
  aBFA_OO
  aBFA_PS
  aBFA_MT
  bBFA_AC
  bBFA_AP
  bBFA_CI
  bBFA_CO
  bBFA_EA
  bBFA_EE
  bBFA_N9
  bBFA_NV
  bBFA_NW
  bBFA_OI
  bBFA_OO
  bBFA_MT
  bBFA_PS
  cBFA_AC
  cBFA_AP
  cBFA_CI
  cBFA_CO
  cBFA_EA
  cBFA_EE
  cBFA_N9
  cBFA_NV
  cBFA_NW
  cBFA_OI
  cBFA_OO
  cBFA_MT
  cBFA_PS
  dBFA_AC
  dBFA_AP
  dBFA_CI
  dBFA_CO
  dBFA_EA
  dBFA_EE
  dBFA_N9
  dBFA_NV
  dBFA_NW
  dBFA_OI
  dBFA_OO
  dBFA_MT
  dBFA_PS
  aUSI
  bUSI
  cUSI
  dUSI
  aHRZ_IND
  bHRZ_IND
  cHRZ_IND
  dHRZ_IND
  aVRT_IND
  bVRT_IND
  cVRT_IND
  dVRT_IND
  aHRZ_COL
  bHRZ_COL
  cHRZ_COL
  dHRZ_COL
  aVRT_COL
  bVRT_COL
  cVRT_COL
  dVRT_COL
  aCOLLCTV
  bCOLLCTV
  cCOLLCTV
  dCOLLCTV
  aMVS
  bMVS
  cMVS
  dMVS
  aST
  bST
  cST
  dST
  aSD
  bSD
  cSD
  dSD
  aMVS_mc
  bMVS_mc
  cMVS_mc
  dMVS_mc
  aST_mc
  bST_mc
  cST_mc
  dST_mc
  aSD_mc
  bSD_mc
  cSD_mc
  dSD_mc
  bMEANING
  cMEANING
  dMEANING
  bMEAN_L
  cMEAN_L
  dMEAN_L
  bMEANNGc
  cMEANNGc
  dMEANNGc
  bMEANGlc
  cMEANGlc
  dMEANGlc
  bCLASSIC
  cCLASSIC
  dCLASSIC
  bCLASSCc
  cCLASSCc
  dCLASSCc
  bAGR_VAL
  cAGR_VAL
  dAGR_VAL
  bOPN_VAL
  cOPN_VAL
  dOPN_VAL
  bAGR_VLc
  cAGR_VLc
  dAGR_VLc
  bOPNVALc
  cOPNVALc
  dOPNVALc
  aMV_pomp
  bMV_pomp
  cMV_pomp
  dMV_pomp
  aST_pomp
  bST_pomp
  cST_pomp
  dST_pomp
  aSD_pomp
  bSD_pomp
  cSD_pomp
  dSD_pomp
  agoal_eco
  bgoal_eco
  cgoal_eco
  dgoal_eco
  aAspfinc
  bAspfinc
  cAspfinc
  dAspfinc
  abfi_hp8
  bbfi_hp8
  cbfi_hp8
  dbfi_hp8
  aP_S_BFI
  aP_D_BFI
  aECgoalc
  bECgoalC
  cECgoalC
  dECgoalC
  aaspfin
  baspfin
  caspfin
  daspfin
  aasp_mn2
  basp_mn2
  casp_mn2
  dasp_mn2
  aas12mc2
  aas13mc2
  aas14mc2
  aas15mc2
  aas16mc2
  bas12mc2
  bas13mc2
  bas14mc2
  bas15mc2
  bas16mc2
  cas12mc2
  cas13mc2
  cas14mc2
  cas15mc2
  cas16mc2
  das12mc2
  das13mc2
  das14mc2
  das15mc2
  das16mc2
  aas_f_c2
  bas_f_c2
  cas_f_c2
  das_f_c2
  aI_E
  aI_A
  aI_C
  aI_N
  aI_O
  aI_S
  aI_D
  bI_E
  bI_A
  bI_C
  bI_N
  bI_O
  bI_S
  bI_D
  cI_E
  cI_A
  cI_C
  cI_N
  cI_O
  cI_S
  cI_D
  dI_E
  dI_A
  dI_C
  dI_N
  dI_O
  dI_S
  dI_D
  T1_any_I
  T2_any_I
  T3_any_I
  T4_any_I
  aI_H
  bI_H
  cI_H
  dI_H
  aMVI_POMP
  bMVI_POMP
  cMVI_POMP
  dMVI_POMP;



  USEVARIABLES =
  aI_N
  bI_N
  cI_N
  dI_N
  aVRT_COL
  bVRT_COL
  cVRT_COL
  dVRT_COL
  bage_c
  cage_c
  dage_c
  ;

  missing = all (-9999);

  USEOBSERVATIONS are Sample == 1; ! National Sample

  tscores = bage_c cage_c dage_c;

  DEFINE:
  bage_c = aAGE + 1 - 36;
  cage_c = aAGE + 2 - 36;
  dage_c = aAGE + 3 - 36;

  ANALYSIS:
  TYPE=RANDOM;
  PROCESSORS = 8;

  MODEL:

  i_I_N s_I_N | bI_N cI_N dI_N AT bage_c cage_c dage_c;
  i_VRT_COL s_VRT_COL | bVRT_COL cVRT_COL dVRT_COL AT bage_c cage_c dage_c;


  !After Bollen and Curran initial observation is not part of LGM

  dI_N on cI_N (a); ! Autoregressive paths constrained to equality
  cI_N on bI_N (a);
  bI_N on aI_N (a);

  dVRT_COL on cVRT_COL (b); ! Autoregressive paths constrained to equality
  cVRT_COL on bVRT_COL (b);
  bVRT_COL on aVRT_COL (b);

  bI_N cI_N dI_N (c); !Equality constraint on residuals
  bVRT_COL cVRT_COL dVRT_COL (d); !Equality constraint on residuals

  dVRT_COL on cI_N (x); ! Cross-lagged paths constrained to equality
  cVRT_COL on bI_N (x);
  bVRT_COL on aI_N (x);

  dI_N on cVRT_COL (y); ! Cross-lagged paths constrained to equality
  cI_N on bVRT_COL (y);
  bI_N on aVRT_COL (y);

  dVRT_COL with dI_N (w); ! within-wave correlations constrained to equality
  cVRT_COL with cI_N (w);
  bVRT_COL with bI_N (w);

  aI_N aVRT_COL i_I_N i_VRT_COL
  with
  aI_N aVRT_COL i_I_N i_VRT_COL;

  s_I_N@0;

  s_VRT_COL@0;

  OUTPUT: SAMPSTAT PATTERNS;



*** WARNING
  Variable name contains more than 8 characters.
  Only the first 8 characters will be printed in the output.
  Variable: AGOAL_ECO
*** WARNING
  Variable name contains more than 8 characters.
  Only the first 8 characters will be printed in the output.
  Variable: BGOAL_ECO
*** WARNING
  Variable name contains more than 8 characters.
  Only the first 8 characters will be printed in the output.
  Variable: CGOAL_ECO
*** WARNING
  Variable name contains more than 8 characters.
  Only the first 8 characters will be printed in the output.
  Variable: DGOAL_ECO
*** WARNING
  Variable name contains more than 8 characters.
  Only the first 8 characters will be printed in the output.
  Variable: AMVI_POMP
*** WARNING
  Variable name contains more than 8 characters.
  Only the first 8 characters will be printed in the output.
  Variable: BMVI_POMP
*** WARNING
  Variable name contains more than 8 characters.
  Only the first 8 characters will be printed in the output.
  Variable: CMVI_POMP
*** WARNING
  Variable name contains more than 8 characters.
  Only the first 8 characters will be printed in the output.
  Variable: DMVI_POMP
*** WARNING
  Variable name contains more than 8 characters.
  Only the first 8 characters will be printed in the output.
  Variable: I_VRT_COL
*** WARNING
  Variable name contains more than 8 characters.
  Only the first 8 characters will be printed in the output.
  Variable: S_VRT_COL
*** WARNING in MODEL command
  All continuous latent variable covariances involving S_I_N have been fixed to 0
  because the variance of S_I_N is fixed at 0.
*** WARNING in MODEL command
  All continuous latent variable covariances involving S_VRT_COL have been fixed to 0
  because the variance of S_VRT_COL is fixed at 0.
*** WARNING
  Data set contains cases with missing on time scores but non-missing on the
  corresponding dependent variables.  These cases were not included in the analysis.
  Number of such cases:  13
  13 WARNING(S) FOUND IN THE INPUT INSTRUCTIONS



PxVx Univariate - Nat MeanOnly I_N with MeanOnly VRT_COL;

SUMMARY OF ANALYSIS

Number of groups                                                 1
Number of observations                                         595

Number of dependent variables                                    6
Number of independent variables                                  2
Number of continuous latent variables                            4

Observed dependent variables

  Continuous
   BI_N        CI_N        DI_N        BVRT_COL    CVRT_COL    DVRT_COL

Observed independent variables
   AI_N        AVRT_COL

Continuous latent variables
   I_I_N       S_I_N       I_VRT_CO    S_VRT_CO

Variables with special functions

  Time scores
   BAGE_C      CAGE_C      DAGE_C


Estimator                                                      MLR
Information matrix                                        OBSERVED
Maximum number of iterations                                   100
Convergence criterion                                    0.100D-05
Maximum number of EM iterations                                500
Convergence criteria for the EM algorithm
  Loglikelihood change                                   0.100D-02
  Relative loglikelihood change                          0.100D-05
  Derivative                                             0.100D-03
Minimum variance                                         0.100D-03
Maximum number of steepest descent iterations                   20
Maximum number of iterations for H1                           2000
Convergence criterion for H1                             0.100D-03
Optimization algorithm                                         EMA

Input data file(s)
  E:\Projects\lnt_pxvx\Data\LT_informants3.txt
Input data format  FREE


SUMMARY OF DATA

     Number of missing data patterns            48


SUMMARY OF MISSING DATA PATTERNS


     MISSING DATA PATTERNS (x = not missing)

           1  2  3  4  5  6  7  8  9 10 11 12 13 14 15 16 17 18 19 20
 BI_N      x              x  x  x  x  x     x  x                    x
 CI_N      x        x           x  x  x                 x        x  x
 DI_N      x           x     x  x           x  x     x  x  x
 BVRT_COL  x     x  x  x  x  x  x  x  x     x  x  x  x  x  x  x  x  x
 CVRT_COL  x     x  x     x  x  x  x  x  x  x        x  x  x     x  x
 DVRT_COL  x     x  x  x  x  x  x  x  x  x  x  x  x  x  x  x     x
 AI_N      x  x  x           x     x     x        x        x  x  x
 AVRT_COL  x  x  x  x  x  x  x  x  x  x  x  x  x  x  x  x  x  x  x  x

          21 22 23 24 25 26 27 28 29 30 31 32 33 34 35 36 37 38 39 40
 BI_N      x  x        x     x     x           x        x
 CI_N            x  x        x        x  x        x           x  x
 DI_N            x                    x     x        x     x        x
 BVRT_COL  x  x  x  x  x     x     x        x  x        x     x
 CVRT_COL  x     x  x     x  x     x  x  x        x     x     x  x  x
 DVRT_COL        x              x     x  x     x     x  x  x        x
 AI_N      x  x  x        x  x  x     x  x        x  x  x     x     x
 AVRT_COL  x  x  x  x  x  x  x  x  x  x  x  x  x  x  x  x  x  x  x  x

          41 42 43 44 45 46 47 48
 BI_N      x  x  x     x
 CI_N         x        x     x  x
 DI_N      x           x  x  x  x
 BVRT_COL  x  x     x  x
 CVRT_COL     x  x  x  x  x  x  x
 DVRT_COL  x  x  x     x  x  x  x
 AI_N      x     x  x  x
 AVRT_COL  x     x  x     x  x


     MISSING DATA PATTERN FREQUENCIES

    Pattern   Frequency     Pattern   Frequency     Pattern   Frequency
          1         172          17           9          33           2
          2          34          18          16          34           3
          3          25          19          11          35           3
          4          18          20           5          36          12
          5           5          21           6          37           2
          6          15          22          13          38           2
          7          17          23          16          39           3
          8          38          24           4          40           2
          9          28          25           5          41           6
         10          17          26           6          42           1
         11           7          27          12          43           1
         12          18          28           8          44           4
         13           2          29           2          45           1
         14           3          30           7          46           1
         15          15          31           1          47           2
         16          13          32           1          48           1


COVARIANCE COVERAGE OF DATA

Minimum covariance coverage value   0.100


     PROPORTION OF DATA PRESENT


           Covariance Coverage
              BI_N          CI_N          DI_N          BVRT_COL      CVRT_COL
              ________      ________      ________      ________      ________
 BI_N           0.627
 CI_N           0.461         0.597
 DI_N           0.427         0.420         0.556
 BVRT_COL       0.625         0.568         0.526         0.864
 CVRT_COL       0.580         0.597         0.524         0.775         0.832
 DVRT_COL       0.555         0.548         0.555         0.746         0.753
 AI_N           0.450         0.425         0.392         0.593         0.575
 AVRT_COL       0.624         0.592         0.553         0.861         0.827


           Covariance Coverage
              DVRT_COL      AI_N          AVRT_COL
              ________      ________      ________
 DVRT_COL       0.805
 AI_N           0.553         0.714
 AVRT_COL       0.800         0.713         0.995


SAMPLE STATISTICS


     ESTIMATED SAMPLE STATISTICS


           Means
              BI_N          CI_N          DI_N          BVRT_COL      CVRT_COL
              ________      ________      ________      ________      ________
 1             41.137        43.772        41.950        69.647        67.836


           Means
              DVRT_COL      AI_N          AVRT_COL
              ________      ________      ________
 1             68.249        41.993        71.224


           Covariances
              BI_N          CI_N          DI_N          BVRT_COL      CVRT_COL
              ________      ________      ________      ________      ________
 BI_N         682.338
 CI_N         467.732       710.821
 DI_N         477.914       512.249       755.548
 BVRT_COL     -37.298       -55.136       -44.525       351.513
 CVRT_COL     -32.634       -75.841       -75.955       255.098       370.321
 DVRT_COL     -51.343       -64.599       -66.271       262.273       274.011
 AI_N         427.223       405.189       430.032       -18.048       -45.130
 AVRT_COL     -42.609       -40.364       -61.351       241.327       231.588


           Covariances
              DVRT_COL      AI_N          AVRT_COL
              ________      ________      ________
 DVRT_COL     369.803
 AI_N         -54.858       748.055
 AVRT_COL     238.825       -44.450       328.449


           Correlations
              BI_N          CI_N          DI_N          BVRT_COL      CVRT_COL
              ________      ________      ________      ________      ________
 BI_N           1.000
 CI_N           0.672         1.000
 DI_N           0.666         0.699         1.000
 BVRT_COL      -0.076        -0.110        -0.086         1.000
 CVRT_COL      -0.065        -0.148        -0.144         0.707         1.000
 DVRT_COL      -0.102        -0.126        -0.125         0.727         0.740
 AI_N           0.598         0.556         0.572        -0.035        -0.086
 AVRT_COL      -0.090        -0.084        -0.123         0.710         0.664


           Correlations
              DVRT_COL      AI_N          AVRT_COL
              ________      ________      ________
 DVRT_COL       1.000
 AI_N          -0.104         1.000
 AVRT_COL       0.685        -0.090         1.000


     MAXIMUM LOG-LIKELIHOOD VALUE FOR THE UNRESTRICTED (H1) MODEL IS -15133.845


THE MODEL ESTIMATION TERMINATED NORMALLY



MODEL FIT INFORMATION

Number of Free Parameters                       23

Loglikelihood

          H0 Value                      -15142.526
          H0 Scaling Correction Factor       1.039
            for MLR

Information Criteria

          Akaike (AIC)                   30331.051
          Bayesian (BIC)                 30431.988
          Sample-Size Adjusted BIC       30358.970
            (n* = (n + 2) / 24)



MODEL RESULTS

                                                    Two-Tailed
                    Estimate       S.E.  Est./S.E.    P-Value

 DI_N       ON
    CI_N               0.073      0.088      0.827      0.408
    CVRT_COL          -0.092      0.048     -1.926      0.054

 CI_N       ON
    BI_N               0.073      0.088      0.827      0.408
    BVRT_COL          -0.092      0.048     -1.926      0.054

 BI_N       ON
    AI_N               0.073      0.088      0.827      0.408
    AVRT_COL          -0.092      0.048     -1.926      0.054

 DVRT_COL   ON
    CVRT_COL           0.100      0.042      2.375      0.018
    CI_N               0.035      0.029      1.187      0.235

 CVRT_COL   ON
    BVRT_COL           0.100      0.042      2.375      0.018
    BI_N               0.035      0.029      1.187      0.235

 BVRT_COL   ON
    AVRT_COL           0.100      0.042      2.375      0.018
    AI_N               0.035      0.029      1.187      0.235

 I_VRT_CO WITH
    I_I_N            -34.187     27.019     -1.265      0.206

 AI_N     WITH
    I_I_N            378.289     57.672      6.559      0.000
    I_VRT_COL        -52.382     25.130     -2.084      0.037

 AVRT_COL WITH
    I_I_N            -17.952     21.578     -0.832      0.405
    I_VRT_COL        209.777     19.159     10.949      0.000

 DVRT_COL WITH
    DI_N              -9.187      7.541     -1.218      0.223

 CVRT_COL WITH
    CI_N              -9.187      7.541     -1.218      0.223

 BVRT_COL WITH
    BI_N              -9.187      7.541     -1.218      0.223

 AVRT_COL WITH
    AI_N             -43.673     22.369     -1.952      0.051

 Means
    AI_N              42.035      1.260     33.350      0.000
    AVRT_COL          71.213      0.743     95.893      0.000
    I_I_N             45.874      5.779      7.938      0.000
    S_I_N             -0.132      0.082     -1.625      0.104
    I_VRT_COL         59.929      3.507     17.088      0.000
    S_VRT_COL          0.107      0.044      2.428      0.015

 Intercepts
    BI_N               0.000      0.000    999.000    999.000
    CI_N               0.000      0.000    999.000    999.000
    DI_N               0.000      0.000    999.000    999.000
    BVRT_COL           0.000      0.000    999.000    999.000
    CVRT_COL           0.000      0.000    999.000    999.000
    DVRT_COL           0.000      0.000    999.000    999.000

 Variances
    AI_N             748.085     39.629     18.877      0.000
    AVRT_COL         328.369     19.602     16.752      0.000
    I_I_N            399.333     88.019      4.537      0.000
    S_I_N              0.000      0.000    999.000    999.000
    I_VRT_COL        208.102     25.576      8.136      0.000
    S_VRT_COL          0.000      0.000    999.000    999.000

 Residual Variances
    BI_N             242.566     22.743     10.666      0.000
    CI_N             242.566     22.743     10.666      0.000
    DI_N             242.566     22.743     10.666      0.000
    BVRT_COL         106.962      6.968     15.350      0.000
    CVRT_COL         106.962      6.968     15.350      0.000
    DVRT_COL         106.962      6.968     15.350      0.000


QUALITY OF NUMERICAL RESULTS

     Condition Number for the Information Matrix              0.178E-05
       (ratio of smallest to largest eigenvalue)


     Beginning Time:  14:39:02
        Ending Time:  14:39:05
       Elapsed Time:  00:00:03



MUTHEN & MUTHEN
3463 Stoner Ave.
Los Angeles, CA  90066

Tel: (310) 391-9971
Fax: (310) 391-8971
Web: www.StatModel.com
Support: Support@StatModel.com

Copyright (c) 1998-2011 Muthen & Muthen
