Mplus VERSION 8 (Linux)
MUTHEN & MUTHEN
07/08/2018  11:46 AM

INPUT INSTRUCTIONS


  title: PxVx Bivariate LCM-SR - decadegroup - Linear bfas_ac with Linear vrt_ind_d;
  data: file = /home/jflournoy/code_new/lnt_pxvx/Data/lnt_nat_recalc.tsv;

  variable:
  names =
  subjid
  aage
  aaspfin
  aaspfin_d
  abfa_mt
  abfa_mt_d
  abfas_ac
  abfas_ap
  abfas_ci
  abfas_co
  abfas_ea
  abfas_ee
  abfas_nv
  abfas_nv9
  abfas_nw
  abfas_oi
  abfas_oo
  abfi_a
  abfi_a6
  abfi_c
  abfi_d_scale
  abfi_e
  abfi_hp8
  abfi_n
  abfi_o
  abfi_s_scale
  ahrz_col
  ahrz_col_d
  ahrz_ind
  ahrz_ind_d
  amvi
  ausi
  ausi_d
  avrt_col
  avrt_col_d
  avrt_ind
  avrt_ind_d
  bage
  baspfin
  baspfin_d
  bbfa_mt
  bbfa_mt_d
  bbfas_ac
  bbfas_ap
  bbfas_ci
  bbfas_co
  bbfas_ea
  bbfas_ee
  bbfas_nv
  bbfas_nv9
  bbfas_nw
  bbfas_oi
  bbfas_oo
  bbfi_a
  bbfi_a6
  bbfi_c
  bbfi_d_scale
  bbfi_e
  bbfi_hp8
  bbfi_n
  bbfi_o
  bbfi_s_scale
  bhrz_col
  bhrz_col_d
  bhrz_ind
  bhrz_ind_d
  bmvi
  busi
  busi_d
  bvrt_col
  bvrt_col_d
  bvrt_ind
  bvrt_ind_d
  cage
  caspfin
  caspfin_d
  cbfa_mt
  cbfa_mt_d
  cbfas_ac
  cbfas_ap
  cbfas_ci
  cbfas_co
  cbfas_ea
  cbfas_ee
  cbfas_nv
  cbfas_nv9
  cbfas_nw
  cbfas_oi
  cbfas_oo
  cbfi_a
  cbfi_a6
  cbfi_c
  cbfi_d_scale
  cbfi_e
  cbfi_hp8
  cbfi_n
  cbfi_o
  cbfi_s_scale
  chrz_col
  chrz_col_d
  chrz_ind
  chrz_ind_d
  cmvi
  cusi
  cusi_d
  cvrt_col
  cvrt_col_d
  cvrt_ind
  cvrt_ind_d
  dage
  daspfin
  daspfin_d
  dbfa_mt
  dbfa_mt_d
  dbfas_ac
  dbfas_ap
  dbfas_ci
  dbfas_co
  dbfas_ea
  dbfas_ee
  dbfas_nv
  dbfas_nv9
  dbfas_nw
  dbfas_oi
  dbfas_oo
  dbfi_a
  dbfi_a6
  dbfi_c
  dbfi_d_scale
  dbfi_e
  dbfi_hp8
  dbfi_n
  dbfi_o
  dbfi_s_scale
  dhrz_col
  dhrz_col_d
  dhrz_ind
  dhrz_ind_d
  dmvi
  dusi
  dusi_d
  dvrt_col
  dvrt_col_d
  dvrt_ind
  dvrt_ind_d;

  USEVARIABLES =
  abfas_ac
  bbfas_ac
  cbfas_ac
  dbfas_ac
  avrt_ind_d
  bvrt_ind_d
  cvrt_ind_d
  dvrt_ind_d
  a1
  a2
  a3
  a4
  aagegrp
  ;

  missing = all (-9999);

  tscores = a1 a2 a3 a4;

  grouping = aagegrp (0=d2, 1=d3, 2=d4, 3=d5);

  DEFINE:

  aagegrp = aage;

  cut aagegrp (29 39 49);

  a1 = aage + 0 - 36;
  a2 = aage + 1 - 36;
  a3 = aage + 2 - 36;
  a4 = aage + 3 - 36;

  ANALYSIS:
  TYPE=RANDOM;
  PROCESSORS = 6;
  model=nocovariances; ! supresses default estimation of certain covs in model;

  MODEL:

  i_bfas_ac s_bfas_ac | abfas_ac bbfas_ac cbfas_ac dbfas_ac AT a1 a2 a3 a4;
  i_vrt_ind_d s_vrt_ind_d | avrt_ind_d bvrt_ind_d cvrt_ind_d dvrt_ind_d AT a1 a2 a3 a4;

  ! freeing factor covs because of "nocovariances"
  s_bfas_ac WITH i_bfas_ac s_vrt_ind_d i_vrt_ind_d;
  i_bfas_ac WITH s_vrt_ind_d i_vrt_ind_d;
  s_vrt_ind_d WITH i_vrt_ind_d;

  p1 BY abfas_ac@1; ! Residual "factors";
  p2 BY bbfas_ac@1;
  p3 BY cbfas_ac@1;
  p4 BY dbfas_ac@1;

  v1 BY avrt_ind_d@1; ! Residual "factors";
  v2 BY bvrt_ind_d@1;
  v3 BY cvrt_ind_d@1;
  v4 BY dvrt_ind_d@1;

  !residual variances on observed/manifest vars set to 0
  abfas_ac@0;
  bbfas_ac@0;
  cbfas_ac@0;
  dbfas_ac@0;

  !residual variances on observed/manifest vars set to 0
  avrt_ind_d@0;
  bvrt_ind_d@0;
  cvrt_ind_d@0;
  dvrt_ind_d@0;

  ! means of observed/manifest vars set to 0
  [abfas_ac@0];
  [bbfas_ac@0];
  [cbfas_ac@0];
  [dbfas_ac@0];

  ! means of observed/manifest vars set to 0
  [avrt_ind_d@0];
  [bvrt_ind_d@0];
  [cvrt_ind_d@0];
  [dvrt_ind_d@0];

  [p1@0]; ! means of residual "factors" set to 0
  [p2@0];
  [p3@0];
  [p4@0];

  [v1@0]; ! means of residual "factors" set to 0
  [v2@0];
  [v3@0];
  [v4@0];

  p4 on p3 (a); ! Autoregressive paths constrained to equality
  p3 on p2 (a);
  p2 on p1 (a);

  v4 on v3 (b); ! Autoregressive paths constrained to equality
  v3 on v2 (b);
  v2 on v1 (b);

  p4 on v3 (c); ! Cross-lagged paths constrained to equality
  p3 on v2 (c);
  p2 on v1 (c);

  v4 on p3 (d); ! Cross-lagged paths constrained to equality
  v3 on p2 (d);
  v2 on p1 (d);

  p1 with v1; !(this one is not like the others)

  p2 with v2 (e); ! Within-wave correlations constrained to equality
  p3 with v3 (e);
  p4 with v4 (e);

  p2 p3 p4 (f); ! estimate variances of residual "factors"
  v2 v3 v4 (g); ! estimate variances of residual "factors"

  MODEL d2:

  p4 on p3 (a2); ! Autoregressive paths constrained to equality
  p3 on p2 (a2);
  p2 on p1 (a2);

  v4 on v3 (b2); ! Autoregressive paths constrained to equality
  v3 on v2 (b2);
  v2 on v1 (b2);

  p4 on v3 (c2); ! Cross-lagged paths constrained to equality
  p3 on v2 (c2);
  p2 on v1 (c2);

  v4 on p3 (d2); ! Cross-lagged paths constrained to equality
  v3 on p2 (d2);
  v2 on p1 (d2);

  p1 with v1; !(this one is not like the others)

  p2 with v2 (e2); ! Within-wave correlations constrained to equality
  p3 with v3 (e2);
  p4 with v4 (e2);

  p2 p3 p4 (f2); ! estimate variances of residual "factors"
  v2 v3 v4 (g2); ! estimate variances of residual "factors"

  MODEL d3:

  p4 on p3 (a3); ! Autoregressive paths constrained to equality
  p3 on p2 (a3);
  p2 on p1 (a3);

  v4 on v3 (b3); ! Autoregressive paths constrained to equality
  v3 on v2 (b3);
  v2 on v1 (b3);

  p4 on v3 (c3); ! Cross-lagged paths constrained to equality
  p3 on v2 (c3);
  p2 on v1 (c3);

  v4 on p3 (d3); ! Cross-lagged paths constrained to equality
  v3 on p2 (d3);
  v2 on p1 (d3);

  p1 with v1; !(this one is not like the others)

  p2 with v2 (e3); ! Within-wave correlations constrained to equality
  p3 with v3 (e3);
  p4 with v4 (e3);

  p2 p3 p4 (f3); ! estimate variances of residual "factors"
  v2 v3 v4 (g3); ! estimate variances of residual "factors"

  MODEL d4:

  p4 on p3 (a4); ! Autoregressive paths constrained to equality
  p3 on p2 (a4);
  p2 on p1 (a4);

  v4 on v3 (b4); ! Autoregressive paths constrained to equality
  v3 on v2 (b4);
  v2 on v1 (b4);

  p4 on v3 (c4); ! Cross-lagged paths constrained to equality
  p3 on v2 (c4);
  p2 on v1 (c4);

  v4 on p3 (d4); ! Cross-lagged paths constrained to equality
  v3 on p2 (d4);
  v2 on p1 (d4);

  p1 with v1; !(this one is not like the others)

  p2 with v2 (e4); ! Within-wave correlations constrained to equality
  p3 with v3 (e4);
  p4 with v4 (e4);

  p2 p3 p4 (f4); ! estimate variances of residual "factors"
  v2 v3 v4 (g4); ! estimate variances of residual "factors"

  MODEL d5:

  p4 on p3 (a5); ! Autoregressive paths constrained to equality
  p3 on p2 (a5);
  p2 on p1 (a5);

  v4 on v3 (b5); ! Autoregressive paths constrained to equality
  v3 on v2 (b5);
  v2 on v1 (b5);

  p4 on v3 (c5); ! Cross-lagged paths constrained to equality
  p3 on v2 (c5);
  p2 on v1 (c5);

  v4 on p3 (d5); ! Cross-lagged paths constrained to equality
  v3 on p2 (d5);
  v2 on p1 (d5);

  p1 with v1; !(this one is not like the others)

  p2 with v2 (e5); ! Within-wave correlations constrained to equality
  p3 with v3 (e5);
  p4 with v4 (e5);

  p2 p3 p4 (f5); ! estimate variances of residual "factors"
  v2 v3 v4 (g5); ! estimate variances of residual "factors"

  OUTPUT: SAMPSTAT PATTERNS;



*** WARNING in VARIABLE command
  Note that only the first 8 characters of variable names are used in the output.
  Shorten variable names to avoid any confusion.
*** WARNING
  Data set contains unknown or missing values for GROUPING,
  PATTERN, COHORT, CLUSTER and/or STRATIFICATION variables.
  Number of cases with unknown or missing values:  5
   2 WARNING(S) FOUND IN THE INPUT INSTRUCTIONS



PxVx Bivariate LCM-SR - decadegroup - Linear bfas_ac with Linear vrt_ind_d;

SUMMARY OF ANALYSIS

Number of groups                                                 4
Number of observations
   Group D2                                                    301
   Group D3                                                    233
   Group D4                                                    198
   Group D5                                                    132
   Total sample size                                           864

Number of dependent variables                                    8
Number of independent variables                                  0
Number of continuous latent variables                           12

Observed dependent variables

  Continuous
   ABFAS_AC    BBFAS_AC    CBFAS_AC    DBFAS_AC    AVRT_IND_D  BVRT_IND_D
   CVRT_IND_D  DVRT_IND_D

Continuous latent variables
   P1          P2          P3          P4          V1          V2
   V3          V4          I_BFAS_A    S_BFAS_A    I_VRT_IN    S_VRT_IN

Variables with special functions

  Grouping variable     AAGEGRP

  Time scores
   A1          A2          A3          A4


Estimator                                                      MLR
Information matrix                                        OBSERVED
Maximum number of iterations                                   100
Convergence criterion                                    0.100D-05
Maximum number of EM iterations                                500
Convergence criteria for the EM algorithm
  Loglikelihood change                                   0.100D-02
  Relative loglikelihood change                          0.100D-05
  Derivative                                             0.100D-03
Minimum variance                                         0.100D-03
Maximum number of steepest descent iterations                   20
Maximum number of iterations for H1                           2000
Convergence criterion for H1                             0.100D-03
Optimization algorithm                                         EMA

Input data file(s)
  /home/jflournoy/code_new/lnt_pxvx/Data/lnt_nat_recalc.tsv
Input data format  FREE


SUMMARY OF DATA

   Group D2
     Number of missing data patterns            15

   Group D3
     Number of missing data patterns            10

   Group D4
     Number of missing data patterns            14

   Group D5
     Number of missing data patterns             9


SUMMARY OF MISSING DATA PATTERNS


     MISSING DATA PATTERNS (x = not missing) FOR D2

           1  2  3  4  5  6  7  8  9 10 11 12 13 14 15
 ABFAS_AC  x  x  x  x  x  x  x  x  x  x     x  x  x  x
 BBFAS_AC  x     x  x  x  x           x  x  x  x  x
 CBFAS_AC  x        x     x     x  x  x  x  x  x     x
 DBFAS_AC  x     x  x        x     x     x  x        x
 AVRT_IND  x  x  x  x  x  x  x  x  x  x  x  x  x  x  x
 BVRT_IND  x     x  x  x  x           x  x     x     x
 CVRT_IND  x              x     x  x     x  x  x     x
 DVRT_IND  x     x  x        x     x     x  x  x     x


     MISSING DATA PATTERN FREQUENCIES FOR D2

    Pattern   Frequency     Pattern   Frequency     Pattern   Frequency
          1         185           6          13          11           1
          2          57           7          11          12           2
          3           6           8           5          13           1
          4           1           9           5          14           1
          5          11          10           1          15           1


     MISSING DATA PATTERNS (x = not missing) FOR D3

           1  2  3  4  5  6  7  8  9 10
 ABFAS_AC  x  x  x  x  x  x  x  x  x  x
 BBFAS_AC  x     x  x  x           x
 CBFAS_AC  x           x     x  x
 DBFAS_AC  x     x        x     x     x
 AVRT_IND  x  x  x  x  x  x  x  x  x  x
 BVRT_IND  x     x  x  x
 CVRT_IND  x           x     x  x
 DVRT_IND  x     x        x     x


     MISSING DATA PATTERN FREQUENCIES FOR D3

    Pattern   Frequency     Pattern   Frequency     Pattern   Frequency
          1         140           5           7           9           1
          2          44           6           3          10           1
          3           8           7           7
          4          15           8           7


     MISSING DATA PATTERNS (x = not missing) FOR D4

           1  2  3  4  5  6  7  8  9 10 11 12 13 14
 ABFAS_AC  x  x  x  x  x  x  x  x  x  x  x  x  x  x
 BBFAS_AC  x     x  x  x  x           x  x     x
 CBFAS_AC  x        x     x     x  x  x           x
 DBFAS_AC  x     x  x        x     x  x        x
 AVRT_IND  x  x  x  x  x  x  x  x  x  x  x     x  x
 BVRT_IND  x     x  x  x  x
 CVRT_IND  x              x     x  x  x
 DVRT_IND  x     x  x        x     x  x        x


     MISSING DATA PATTERN FREQUENCIES FOR D4

    Pattern   Frequency     Pattern   Frequency     Pattern   Frequency
          1         104           6          15          11           2
          2          39           7           4          12           1
          3           7           8           5          13           1
          4           1           9           5          14           1
          5          12          10           1


     MISSING DATA PATTERNS (x = not missing) FOR D5

           1  2  3  4  5  6  7  8  9
 ABFAS_AC  x  x  x  x  x  x  x  x
 BBFAS_AC  x     x  x  x           x
 CBFAS_AC  x           x     x  x  x
 DBFAS_AC  x     x        x     x  x
 AVRT_IND  x  x  x  x  x  x  x  x  x
 BVRT_IND  x     x  x  x           x
 CVRT_IND  x           x     x  x  x
 DVRT_IND  x     x        x     x  x


     MISSING DATA PATTERN FREQUENCIES FOR D5

    Pattern   Frequency     Pattern   Frequency     Pattern   Frequency
          1          60           4          10           7           6
          2          29           5          11           8           4
          3           5           6           6           9           1


COVARIANCE COVERAGE OF DATA

Minimum covariance coverage value   0.100


     PROPORTION OF DATA PRESENT FOR D2


           Covariance Coverage
              ABFAS_AC      BBFAS_AC      CBFAS_AC      DBFAS_AC      AVRT_IND
              ________      ________      ________      ________      ________
 ABFAS_AC       0.997
 BBFAS_AC       0.734         0.738
 CBFAS_AC       0.711         0.678         0.714
 DBFAS_AC       0.701         0.648         0.648         0.704
 AVRT_IND       0.997         0.738         0.714         0.704         1.000
 BVRT_IND       0.728         0.728         0.674         0.645         0.731
 CVRT_IND       0.704         0.671         0.708         0.645         0.708
 DVRT_IND       0.704         0.651         0.651         0.704         0.708


           Covariance Coverage
              BVRT_IND      CVRT_IND      DVRT_IND
              ________      ________      ________
 BVRT_IND       0.731
 CVRT_IND       0.668         0.708
 DVRT_IND       0.648         0.648         0.708


     PROPORTION OF DATA PRESENT FOR D3


           Covariance Coverage
              ABFAS_AC      BBFAS_AC      CBFAS_AC      DBFAS_AC      AVRT_IND
              ________      ________      ________      ________      ________
 ABFAS_AC       1.000
 BBFAS_AC       0.747         0.747
 CBFAS_AC       0.717         0.682         0.717
 DBFAS_AC       0.734         0.700         0.670         0.734
 AVRT_IND       1.000         0.747         0.717         0.734         1.000
 BVRT_IND       0.747         0.747         0.682         0.700         0.747
 CVRT_IND       0.648         0.614         0.648         0.605         0.648
 DVRT_IND       0.734         0.700         0.670         0.734         0.734


           Covariance Coverage
              BVRT_IND      CVRT_IND      DVRT_IND
              ________      ________      ________
 BVRT_IND       0.747
 CVRT_IND       0.614         0.648
 DVRT_IND       0.700         0.605         0.734


     PROPORTION OF DATA PRESENT FOR D4


           Covariance Coverage
              ABFAS_AC      BBFAS_AC      CBFAS_AC      DBFAS_AC      AVRT_IND
              ________      ________      ________      ________      ________
 ABFAS_AC       0.990
 BBFAS_AC       0.722         0.732
 CBFAS_AC       0.672         0.631         0.682
 DBFAS_AC       0.616         0.581         0.571         0.626
 AVRT_IND       0.990         0.732         0.682         0.626         1.000
 BVRT_IND       0.712         0.722         0.626         0.576         0.722
 CVRT_IND       0.662         0.621         0.672         0.566         0.672
 DVRT_IND       0.621         0.586         0.576         0.626         0.631


           Covariance Coverage
              BVRT_IND      CVRT_IND      DVRT_IND
              ________      ________      ________
 BVRT_IND       0.722
 CVRT_IND       0.616         0.672
 DVRT_IND       0.581         0.571         0.631


     PROPORTION OF DATA PRESENT FOR D5


           Covariance Coverage
              ABFAS_AC      BBFAS_AC      CBFAS_AC      DBFAS_AC      AVRT_IND
              ________      ________      ________      ________      ________
 ABFAS_AC       1.000
 BBFAS_AC       0.697         0.697
 CBFAS_AC       0.614         0.576         0.614
 DBFAS_AC       0.621         0.568         0.538         0.621
 AVRT_IND       1.000         0.697         0.614         0.621         1.000
 BVRT_IND       0.697         0.697         0.576         0.568         0.697
 CVRT_IND       0.538         0.500         0.538         0.462         0.538
 DVRT_IND       0.621         0.568         0.538         0.621         0.621


           Covariance Coverage
              BVRT_IND      CVRT_IND      DVRT_IND
              ________      ________      ________
 BVRT_IND       0.697
 CVRT_IND       0.500         0.538
 DVRT_IND       0.568         0.462         0.621


SAMPLE STATISTICS


     ESTIMATED SAMPLE STATISTICS FOR D2


           Means
              ABFAS_AC      BBFAS_AC      CBFAS_AC      DBFAS_AC      AVRT_IND
              ________      ________      ________      ________      ________
               76.101        75.070        75.848        75.948        52.381


           Means
              BVRT_IND      CVRT_IND      DVRT_IND
              ________      ________      ________
               53.890        52.309        51.490


           Covariances
              ABFAS_AC      BBFAS_AC      CBFAS_AC      DBFAS_AC      AVRT_IND
              ________      ________      ________      ________      ________
 ABFAS_AC     295.971
 BBFAS_AC     243.898       307.959
 CBFAS_AC     204.364       246.904       279.512
 DBFAS_AC     212.618       223.728       232.288       273.855
 AVRT_IND    -108.855      -124.526      -104.146       -96.493       479.865
 BVRT_IND     -77.621      -123.772      -136.163      -103.388       315.736
 CVRT_IND     -70.083       -97.710      -117.516       -97.933       299.742
 DVRT_IND     -47.178       -78.571       -96.049       -91.082       309.488


           Covariances
              BVRT_IND      CVRT_IND      DVRT_IND
              ________      ________      ________
 BVRT_IND     451.104
 CVRT_IND     352.539       465.694
 DVRT_IND     345.761       384.524       509.244


           Correlations
              ABFAS_AC      BBFAS_AC      CBFAS_AC      DBFAS_AC      AVRT_IND
              ________      ________      ________      ________      ________
 ABFAS_AC       1.000
 BBFAS_AC       0.808         1.000
 CBFAS_AC       0.711         0.842         1.000
 DBFAS_AC       0.747         0.770         0.840         1.000
 AVRT_IND      -0.289        -0.324        -0.284        -0.266         1.000
 BVRT_IND      -0.212        -0.332        -0.383        -0.294         0.679
 CVRT_IND      -0.189        -0.258        -0.326        -0.274         0.634
 DVRT_IND      -0.122        -0.198        -0.255        -0.244         0.626


           Correlations
              BVRT_IND      CVRT_IND      DVRT_IND
              ________      ________      ________
 BVRT_IND       1.000
 CVRT_IND       0.769         1.000
 DVRT_IND       0.721         0.790         1.000


     ESTIMATED SAMPLE STATISTICS FOR D3


           Means
              ABFAS_AC      BBFAS_AC      CBFAS_AC      DBFAS_AC      AVRT_IND
              ________      ________      ________      ________      ________
               77.302        78.233        76.339        78.847        51.824


           Means
              BVRT_IND      CVRT_IND      DVRT_IND
              ________      ________      ________
               51.246        50.805        51.343


           Covariances
              ABFAS_AC      BBFAS_AC      CBFAS_AC      DBFAS_AC      AVRT_IND
              ________      ________      ________      ________      ________
 ABFAS_AC     240.549
 BBFAS_AC     192.254       256.626
 CBFAS_AC     193.797       217.443       276.787
 DBFAS_AC     164.186       182.025       197.275       217.233
 AVRT_IND    -103.816      -106.231      -103.885       -90.888       404.100
 BVRT_IND    -110.446      -103.753      -108.550       -81.924       275.124
 CVRT_IND     -80.869       -67.096       -97.577       -75.487       274.378
 DVRT_IND     -69.224       -44.298       -52.213       -63.228       243.433


           Covariances
              BVRT_IND      CVRT_IND      DVRT_IND
              ________      ________      ________
 BVRT_IND     387.783
 CVRT_IND     254.721       440.570
 DVRT_IND     269.469       273.938       415.130


           Correlations
              ABFAS_AC      BBFAS_AC      CBFAS_AC      DBFAS_AC      AVRT_IND
              ________      ________      ________      ________      ________
 ABFAS_AC       1.000
 BBFAS_AC       0.774         1.000
 CBFAS_AC       0.751         0.816         1.000
 DBFAS_AC       0.718         0.771         0.805         1.000
 AVRT_IND      -0.333        -0.330        -0.311        -0.307         1.000
 BVRT_IND      -0.362        -0.329        -0.331        -0.282         0.695
 CVRT_IND      -0.248        -0.200        -0.279        -0.244         0.650
 DVRT_IND      -0.219        -0.136        -0.154        -0.211         0.594


           Correlations
              BVRT_IND      CVRT_IND      DVRT_IND
              ________      ________      ________
 BVRT_IND       1.000
 CVRT_IND       0.616         1.000
 DVRT_IND       0.672         0.641         1.000


     ESTIMATED SAMPLE STATISTICS FOR D4


           Means
              ABFAS_AC      BBFAS_AC      CBFAS_AC      DBFAS_AC      AVRT_IND
              ________      ________      ________      ________      ________
               77.276        78.770        78.291        77.443        49.640


           Means
              BVRT_IND      CVRT_IND      DVRT_IND
              ________      ________      ________
               48.043        46.854        49.707


           Covariances
              ABFAS_AC      BBFAS_AC      CBFAS_AC      DBFAS_AC      AVRT_IND
              ________      ________      ________      ________      ________
 ABFAS_AC     219.768
 BBFAS_AC     159.410       199.965
 CBFAS_AC     173.290       171.019       227.868
 DBFAS_AC     182.430       175.361       194.124       252.805
 AVRT_IND     -84.995       -93.053       -81.522       -95.894       356.484
 BVRT_IND     -51.908       -60.526       -47.792       -57.041       234.620
 CVRT_IND     -55.114       -42.572       -25.700       -53.582       227.802
 DVRT_IND     -64.244       -62.168       -37.870       -63.686       200.679


           Covariances
              BVRT_IND      CVRT_IND      DVRT_IND
              ________      ________      ________
 BVRT_IND     375.890
 CVRT_IND     258.201       373.899
 DVRT_IND     239.485       253.351       290.181


           Correlations
              ABFAS_AC      BBFAS_AC      CBFAS_AC      DBFAS_AC      AVRT_IND
              ________      ________      ________      ________      ________
 ABFAS_AC       1.000
 BBFAS_AC       0.760         1.000
 CBFAS_AC       0.774         0.801         1.000
 DBFAS_AC       0.774         0.780         0.809         1.000
 AVRT_IND      -0.304        -0.349        -0.286        -0.319         1.000
 BVRT_IND      -0.181        -0.221        -0.163        -0.185         0.641
 CVRT_IND      -0.192        -0.156        -0.088        -0.174         0.624
 DVRT_IND      -0.254        -0.258        -0.147        -0.235         0.624


           Correlations
              BVRT_IND      CVRT_IND      DVRT_IND
              ________      ________      ________
 BVRT_IND       1.000
 CVRT_IND       0.689         1.000
 DVRT_IND       0.725         0.769         1.000


     ESTIMATED SAMPLE STATISTICS FOR D5


           Means
              ABFAS_AC      BBFAS_AC      CBFAS_AC      DBFAS_AC      AVRT_IND
              ________      ________      ________      ________      ________
               82.452        81.916        80.599        79.828        46.717


           Means
              BVRT_IND      CVRT_IND      DVRT_IND
              ________      ________      ________
               47.055        45.760        44.614


           Covariances
              ABFAS_AC      BBFAS_AC      CBFAS_AC      DBFAS_AC      AVRT_IND
              ________      ________      ________      ________      ________
 ABFAS_AC     266.830
 BBFAS_AC     168.946       165.028
 CBFAS_AC     197.364       141.330       233.813
 DBFAS_AC     232.187       164.654       212.229       281.341
 AVRT_IND     -66.620       -30.338       -95.683       -77.339       389.055
 BVRT_IND     -50.312       -24.736       -74.823       -68.017       242.490
 CVRT_IND     -32.377       -20.600       -64.395       -63.263       250.614
 DVRT_IND    -112.245       -60.017      -111.657      -127.000       273.897


           Covariances
              BVRT_IND      CVRT_IND      DVRT_IND
              ________      ________      ________
 BVRT_IND     307.377
 CVRT_IND     217.673       365.341
 DVRT_IND     219.311       244.409       404.903


           Correlations
              ABFAS_AC      BBFAS_AC      CBFAS_AC      DBFAS_AC      AVRT_IND
              ________      ________      ________      ________      ________
 ABFAS_AC       1.000
 BBFAS_AC       0.805         1.000
 CBFAS_AC       0.790         0.719         1.000
 DBFAS_AC       0.847         0.764         0.827         1.000
 AVRT_IND      -0.207        -0.120        -0.317        -0.234         1.000
 BVRT_IND      -0.176        -0.110        -0.279        -0.231         0.701
 CVRT_IND      -0.104        -0.084        -0.220        -0.197         0.665
 DVRT_IND      -0.341        -0.232        -0.363        -0.376         0.690


           Correlations
              BVRT_IND      CVRT_IND      DVRT_IND
              ________      ________      ________
 BVRT_IND       1.000
 CVRT_IND       0.650         1.000
 DVRT_IND       0.622         0.635         1.000


     MAXIMUM LOG-LIKELIHOOD VALUE FOR THE UNRESTRICTED (H1) MODEL IS -20943.386


UNIVARIATE SAMPLE STATISTICS


     UNIVARIATE HIGHER-ORDER MOMENT DESCRIPTIVE STATISTICS FOR D2

         Variable/         Mean/     Skewness/   Minimum/ % with                Percentiles
        Sample Size      Variance    Kurtosis    Maximum  Min/Max      20%/60%    40%/80%    Median

     ABFAS_AC             76.056      -0.996      12.500    0.33%      62.500     75.000     80.000
             300.000     296.036       0.890     100.000    4.33%      82.500     90.000
     BBFAS_AC             75.413      -0.861      10.000    0.45%      61.111     75.000     77.500
             222.000     297.720       0.636     100.000    6.31%      82.500     90.000
     CBFAS_AC             75.775      -0.891      20.000    0.47%      65.000     75.000     77.500
             215.000     277.765       0.460     100.000    3.26%      82.500     90.000
     DBFAS_AC             76.226      -1.076      10.000    0.47%      65.000     75.000     80.000
             212.000     274.970       1.266     100.000    3.30%      82.500     90.000
     AVRT_IND_D           52.381      -0.002       0.000    1.00%      33.333     50.000     50.000
             301.000     479.865      -0.567     100.000    1.99%      58.333     75.000
     BVRT_IND_D           53.920      -0.196       0.000    0.45%      33.333     50.000     58.333
             220.000     444.463      -0.624     100.000    0.45%      58.333     75.000
     CVRT_IND_D           52.856       0.021       8.333    2.82%      33.333     50.000     50.000
             213.000     466.217      -0.493     100.000    1.88%      58.333     66.667
     DVRT_IND_D           51.663      -0.042       0.000    1.41%      33.333     41.667     50.000
             213.000     509.836      -0.667     100.000    0.94%      58.333     75.000


     UNIVARIATE HIGHER-ORDER MOMENT DESCRIPTIVE STATISTICS FOR D3

         Variable/         Mean/     Skewness/   Minimum/ % with                Percentiles
        Sample Size      Variance    Kurtosis    Maximum  Min/Max      20%/60%    40%/80%    Median

     ABFAS_AC             77.302      -0.508      40.000    0.86%      62.500     75.000     77.500
             233.000     240.549      -0.591     100.000    5.58%      82.500     92.500
     BBFAS_AC             78.577      -0.742      27.500    0.58%      65.000     77.500     80.000
             171.000     262.688       0.015     100.000    7.02%      85.000     95.000
     CBFAS_AC             76.347      -0.625      27.500    0.62%      60.000     75.000     80.000
             161.000     283.665      -0.216     100.000    8.07%      82.500     92.500
     DBFAS_AC             79.347      -0.697      35.000    0.63%      67.500     77.500     82.500
             159.000     212.902       0.124     100.000    7.55%      85.000     92.500
     AVRT_IND_D           51.824      -0.013       0.000    0.86%      33.333     50.000     50.000
             233.000     404.100      -0.360     100.000    1.29%      58.333     66.667
     BVRT_IND_D           51.642       0.081       8.333    1.18%      33.333     50.000     50.000
             170.000     393.239      -0.199     100.000    2.94%      58.333     66.667
     CVRT_IND_D           50.880       0.190       8.333    1.86%      33.333     41.667     50.000
             161.000     436.165      -0.554     100.000    1.86%      58.333     66.667
     DVRT_IND_D           51.424       0.030       8.333    0.63%      33.333     50.000     50.000
             158.000     415.078      -0.438     100.000    1.90%      58.333     66.667


     UNIVARIATE HIGHER-ORDER MOMENT DESCRIPTIVE STATISTICS FOR D4

         Variable/         Mean/     Skewness/   Minimum/ % with                Percentiles
        Sample Size      Variance    Kurtosis    Maximum  Min/Max      20%/60%    40%/80%    Median

     ABFAS_AC             77.276      -0.816      27.500    0.51%      67.500     75.000     77.500
             198.000     219.768       0.844     100.000    6.57%      80.556     90.000
     BBFAS_AC             78.640      -0.743      32.500    0.70%      70.000     77.500     77.778
             143.000     201.389       0.577     100.000    6.29%      82.500     92.500
     CBFAS_AC             78.655      -0.709      32.500    0.76%      67.500     75.000     78.889
             132.000     229.406       0.333     100.000    7.58%      82.500     92.500
     DBFAS_AC             77.667      -0.767      27.500    0.81%      67.500     75.000     80.000
             123.000     261.389       0.537     100.000   10.57%      82.500     92.500
     AVRT_IND_D           49.577       0.089       8.333    0.51%      33.333     50.000     50.000
             197.000     355.856      -0.406     100.000    1.02%      50.000     66.667
     BVRT_IND_D           48.201       0.200       8.333    2.16%      33.333     41.667     50.000
             139.000     373.464      -0.390     100.000    0.72%      50.000     66.667
     CVRT_IND_D           46.795       0.231       8.333    0.77%      25.000     41.667     45.833
             130.000     373.274      -0.678      91.667    1.54%      50.000     66.667
     DVRT_IND_D           49.458      -0.184       8.333    0.81%      33.333     50.000     50.000
             123.000     292.163      -0.587      83.333    3.25%      58.333     66.667


     UNIVARIATE HIGHER-ORDER MOMENT DESCRIPTIVE STATISTICS FOR D5

         Variable/         Mean/     Skewness/   Minimum/ % with                Percentiles
        Sample Size      Variance    Kurtosis    Maximum  Min/Max      20%/60%    40%/80%    Median

     ABFAS_AC             82.309      -1.385       7.500    0.76%      71.875     82.500     87.500
             131.000     265.739       2.524     100.000   12.21%      90.000     95.000
     BBFAS_AC             83.004      -1.094      42.500    1.15%      75.000     82.500     85.000
              87.000     171.564       1.006     100.000    9.20%      88.889     92.500
     CBFAS_AC             82.226      -1.341      17.500    1.22%      70.000     82.500     87.500
              82.000     236.891       2.422     100.000    8.54%      90.000     95.000
     DBFAS_AC             82.664      -1.804       5.000    1.32%      72.500     80.000     85.000
              76.000     262.720       5.417     100.000   14.47%      87.500     97.500
     AVRT_IND_D           46.717      -0.009       0.000    0.76%      25.000     41.667     41.667
             132.000     389.055      -0.560      91.667    0.76%      50.000     66.667
     BVRT_IND_D           46.456      -0.056       0.000    1.15%      33.333     41.667     50.000
              87.000     296.348      -0.354      83.333    2.30%      50.000     58.333
     CVRT_IND_D           44.004       0.160       0.000    1.22%      25.000     41.667     41.667
              82.000     349.381       0.075     100.000    1.22%      50.000     58.333
     DVRT_IND_D           42.982       0.368       8.333    3.95%      25.000     33.333     41.667
              76.000     365.593      -0.444      83.333    6.58%      50.000     58.333


THE MODEL ESTIMATION TERMINATED NORMALLY



MODEL FIT INFORMATION

Number of Free Parameters                       96

Loglikelihood

          H0 Value                      -21018.648
          H0 Scaling Correction Factor      1.1605
            for MLR

Information Criteria

          Akaike (AIC)                   42229.297
          Bayesian (BIC)                 42686.408
          Sample-Size Adjusted BIC       42381.537
            (n* = (n + 2) / 24)



MODEL RESULTS

                                                    Two-Tailed
                    Estimate       S.E.  Est./S.E.    P-Value

Group D2

 P1       BY
    ABFAS_AC           1.000      0.000    999.000    999.000

 P2       BY
    BBFAS_AC           1.000      0.000    999.000    999.000

 P3       BY
    CBFAS_AC           1.000      0.000    999.000    999.000

 P4       BY
    DBFAS_AC           1.000      0.000    999.000    999.000

 V1       BY
    AVRT_IND_D         1.000      0.000    999.000    999.000

 V2       BY
    BVRT_IND_D         1.000      0.000    999.000    999.000

 V3       BY
    CVRT_IND_D         1.000      0.000    999.000    999.000

 V4       BY
    DVRT_IND_D         1.000      0.000    999.000    999.000

 P4         ON
    P3                 0.328      0.110      2.991      0.003
    V3                -0.101      0.040     -2.507      0.012

 P3         ON
    P2                 0.328      0.110      2.991      0.003
    V2                -0.101      0.040     -2.507      0.012

 P2         ON
    P1                 0.328      0.110      2.991      0.003
    V1                -0.101      0.040     -2.507      0.012

 V4         ON
    V3                 0.163      0.089      1.834      0.067
    P3                -0.032      0.115     -0.278      0.781

 V3         ON
    V2                 0.163      0.089      1.834      0.067
    P2                -0.032      0.115     -0.278      0.781

 V2         ON
    V1                 0.163      0.089      1.834      0.067
    P1                -0.032      0.115     -0.278      0.781

 S_BFAS_A WITH
    I_BFAS_AC          1.524      6.667      0.229      0.819
    S_VRT_IND_        -0.132      0.626     -0.211      0.833
    I_VRT_IND_        -7.373      9.092     -0.811      0.417

 I_BFAS_A WITH
    S_VRT_IND_         2.950      6.854      0.430      0.667
    I_VRT_IND_      -113.924     89.643     -1.271      0.204

 S_VRT_IN WITH
    I_VRT_IND_        18.981     12.390      1.532      0.126

 P1       WITH
    V1               -41.321     14.196     -2.911      0.004

 P2       WITH
    V2               -16.792      7.621     -2.203      0.028

 P3       WITH
    V3               -16.792      7.621     -2.203      0.028

 P4       WITH
    V4               -16.792      7.621     -2.203      0.028

 Means
    P1                 0.000      0.000    999.000    999.000
    V1                 0.000      0.000    999.000    999.000
    I_BFAS_AC         77.395      2.116     36.574      0.000
    S_BFAS_AC          0.149      0.197      0.756      0.450
    I_VRT_IND_        51.665      3.228     16.008      0.000
    S_VRT_IND_        -0.080      0.298     -0.269      0.788

 Intercepts
    ABFAS_AC           0.000      0.000    999.000    999.000
    BBFAS_AC           0.000      0.000    999.000    999.000
    CBFAS_AC           0.000      0.000    999.000    999.000
    DBFAS_AC           0.000      0.000    999.000    999.000
    AVRT_IND_D         0.000      0.000    999.000    999.000
    BVRT_IND_D         0.000      0.000    999.000    999.000
    CVRT_IND_D         0.000      0.000    999.000    999.000
    DVRT_IND_D         0.000      0.000    999.000    999.000
    P2                 0.000      0.000    999.000    999.000
    P3                 0.000      0.000    999.000    999.000
    P4                 0.000      0.000    999.000    999.000
    V2                 0.000      0.000    999.000    999.000
    V3                 0.000      0.000    999.000    999.000
    V4                 0.000      0.000    999.000    999.000

 Variances
    P1                93.946     14.111      6.658      0.000
    V1               214.769     27.332      7.858      0.000
    I_BFAS_AC        195.696    103.499      1.891      0.059
    S_BFAS_AC          0.370      0.497      0.745      0.456
    I_VRT_IND_       563.897    160.575      3.512      0.000
    S_VRT_IND_         1.288      1.031      1.249      0.212

 Residual Variances
    ABFAS_AC           0.000      0.000    999.000    999.000
    BBFAS_AC           0.000      0.000    999.000    999.000
    CBFAS_AC           0.000      0.000    999.000    999.000
    DBFAS_AC           0.000      0.000    999.000    999.000
    AVRT_IND_D         0.000      0.000    999.000    999.000
    BVRT_IND_D         0.000      0.000    999.000    999.000
    CVRT_IND_D         0.000      0.000    999.000    999.000
    DVRT_IND_D         0.000      0.000    999.000    999.000
    P2                64.663      8.514      7.595      0.000
    P3                64.663      8.514      7.595      0.000
    P4                64.663      8.514      7.595      0.000
    V2               128.919     16.931      7.614      0.000
    V3               128.919     16.931      7.614      0.000
    V4               128.919     16.931      7.614      0.000

Group D3

 P1       BY
    ABFAS_AC           1.000      0.000    999.000    999.000

 P2       BY
    BBFAS_AC           1.000      0.000    999.000    999.000

 P3       BY
    CBFAS_AC           1.000      0.000    999.000    999.000

 P4       BY
    DBFAS_AC           1.000      0.000    999.000    999.000

 V1       BY
    AVRT_IND_D         1.000      0.000    999.000    999.000

 V2       BY
    BVRT_IND_D         1.000      0.000    999.000    999.000

 V3       BY
    CVRT_IND_D         1.000      0.000    999.000    999.000

 V4       BY
    DVRT_IND_D         1.000      0.000    999.000    999.000

 P4         ON
    P3                 0.130      0.121      1.079      0.281
    V3                -0.085      0.040     -2.154      0.031

 P3         ON
    P2                 0.130      0.121      1.079      0.281
    V2                -0.085      0.040     -2.154      0.031

 P2         ON
    P1                 0.130      0.121      1.079      0.281
    V1                -0.085      0.040     -2.154      0.031

 V4         ON
    V3                -0.019      0.102     -0.182      0.856
    P3                -0.046      0.122     -0.381      0.703

 V3         ON
    V2                -0.019      0.102     -0.182      0.856
    P2                -0.046      0.122     -0.381      0.703

 V2         ON
    V1                -0.019      0.102     -0.182      0.856
    P1                -0.046      0.122     -0.381      0.703

 S_BFAS_A WITH
    I_BFAS_AC         -3.147      2.937     -1.072      0.284
    S_VRT_IND_        -0.221      1.434     -0.154      0.878
    I_VRT_IND_         3.454      4.963      0.696      0.486

 I_BFAS_A WITH
    S_VRT_IND_         6.507      5.069      1.284      0.199
    I_VRT_IND_       -76.254     19.261     -3.959      0.000

 S_VRT_IN WITH
    I_VRT_IND_         0.804      4.113      0.196      0.845

 P1       WITH
    V1                 5.774     11.843      0.488      0.626

 P2       WITH
    V2               -19.296      7.335     -2.631      0.009

 P3       WITH
    V3               -19.296      7.335     -2.631      0.009

 P4       WITH
    V4               -19.296      7.335     -2.631      0.009

 Means
    P1                 0.000      0.000    999.000    999.000
    V1                 0.000      0.000    999.000    999.000
    I_BFAS_AC         77.711      0.962     80.787      0.000
    S_BFAS_AC          0.149      0.208      0.716      0.474
    I_VRT_IND_        51.341      1.205     42.616      0.000
    S_VRT_IND_        -0.334      0.305     -1.095      0.274

 Intercepts
    ABFAS_AC           0.000      0.000    999.000    999.000
    BBFAS_AC           0.000      0.000    999.000    999.000
    CBFAS_AC           0.000      0.000    999.000    999.000
    DBFAS_AC           0.000      0.000    999.000    999.000
    AVRT_IND_D         0.000      0.000    999.000    999.000
    BVRT_IND_D         0.000      0.000    999.000    999.000
    CVRT_IND_D         0.000      0.000    999.000    999.000
    DVRT_IND_D         0.000      0.000    999.000    999.000
    P2                 0.000      0.000    999.000    999.000
    P3                 0.000      0.000    999.000    999.000
    P4                 0.000      0.000    999.000    999.000
    V2                 0.000      0.000    999.000    999.000
    V3                 0.000      0.000    999.000    999.000
    V4                 0.000      0.000    999.000    999.000

 Variances
    P1                65.144     12.388      5.259      0.000
    V1               129.586     24.188      5.357      0.000
    I_BFAS_AC        180.316     20.174      8.938      0.000
    S_BFAS_AC          0.212      1.653      0.128      0.898
    I_VRT_IND_       258.066     32.528      7.934      0.000
    S_VRT_IND_         2.201      1.864      1.180      0.238

 Residual Variances
    ABFAS_AC           0.000      0.000    999.000    999.000
    BBFAS_AC           0.000      0.000    999.000    999.000
    CBFAS_AC           0.000      0.000    999.000    999.000
    DBFAS_AC           0.000      0.000    999.000    999.000
    AVRT_IND_D         0.000      0.000    999.000    999.000
    BVRT_IND_D         0.000      0.000    999.000    999.000
    CVRT_IND_D         0.000      0.000    999.000    999.000
    DVRT_IND_D         0.000      0.000    999.000    999.000
    P2                59.194      9.255      6.396      0.000
    P3                59.194      9.255      6.396      0.000
    P4                59.194      9.255      6.396      0.000
    V2               142.363     16.192      8.792      0.000
    V3               142.363     16.192      8.792      0.000
    V4               142.363     16.192      8.792      0.000

Group D4

 P1       BY
    ABFAS_AC           1.000      0.000    999.000    999.000

 P2       BY
    BBFAS_AC           1.000      0.000    999.000    999.000

 P3       BY
    CBFAS_AC           1.000      0.000    999.000    999.000

 P4       BY
    DBFAS_AC           1.000      0.000    999.000    999.000

 V1       BY
    AVRT_IND_D         1.000      0.000    999.000    999.000

 V2       BY
    BVRT_IND_D         1.000      0.000    999.000    999.000

 V3       BY
    CVRT_IND_D         1.000      0.000    999.000    999.000

 V4       BY
    DVRT_IND_D         1.000      0.000    999.000    999.000

 P4         ON
    P3                 0.045      0.105      0.433      0.665
    V3                -0.016      0.047     -0.339      0.735

 P3         ON
    P2                 0.045      0.105      0.433      0.665
    V2                -0.016      0.047     -0.339      0.735

 P2         ON
    P1                 0.045      0.105      0.433      0.665
    V1                -0.016      0.047     -0.339      0.735

 V4         ON
    V3                 0.013      0.123      0.104      0.918
    P3                 0.199      0.124      1.613      0.107

 V3         ON
    V2                 0.013      0.123      0.104      0.918
    P2                 0.199      0.124      1.613      0.107

 V2         ON
    V1                 0.013      0.123      0.104      0.918
    P1                 0.199      0.124      1.613      0.107

 S_BFAS_A WITH
    I_BFAS_AC          0.905      5.116      0.177      0.860
    S_VRT_IND_         0.304      0.924      0.329      0.742
    I_VRT_IND_        -0.674     10.666     -0.063      0.950

 I_BFAS_A WITH
    S_VRT_IND_         3.614      9.809      0.368      0.713
    I_VRT_IND_      -121.704    107.233     -1.135      0.256

 S_VRT_IN WITH
    I_VRT_IND_       -13.375     23.161     -0.577      0.564

 P1       WITH
    V1                 2.582     10.213      0.253      0.800

 P2       WITH
    V2                 2.890      5.827      0.496      0.620

 P3       WITH
    V3                 2.890      5.827      0.496      0.620

 P4       WITH
    V4                 2.890      5.827      0.496      0.620

 Means
    P1                 0.000      0.000    999.000    999.000
    V1                 0.000      0.000    999.000    999.000
    I_BFAS_AC         78.339      2.209     35.459      0.000
    S_BFAS_AC         -0.048      0.211     -0.226      0.821
    I_VRT_IND_        48.361      3.241     14.924      0.000
    S_VRT_IND_         0.053      0.315      0.167      0.868

 Intercepts
    ABFAS_AC           0.000      0.000    999.000    999.000
    BBFAS_AC           0.000      0.000    999.000    999.000
    CBFAS_AC           0.000      0.000    999.000    999.000
    DBFAS_AC           0.000      0.000    999.000    999.000
    AVRT_IND_D         0.000      0.000    999.000    999.000
    BVRT_IND_D         0.000      0.000    999.000    999.000
    CVRT_IND_D         0.000      0.000    999.000    999.000
    DVRT_IND_D         0.000      0.000    999.000    999.000
    P2                 0.000      0.000    999.000    999.000
    P3                 0.000      0.000    999.000    999.000
    P4                 0.000      0.000    999.000    999.000
    V2                 0.000      0.000    999.000    999.000
    V3                 0.000      0.000    999.000    999.000
    V4                 0.000      0.000    999.000    999.000

 Variances
    P1                56.529     11.344      4.983      0.000
    V1               142.797     21.074      6.776      0.000
    I_BFAS_AC        133.745     69.766      1.917      0.055
    S_BFAS_AC          0.236      0.484      0.487      0.626
    I_VRT_IND_       328.931    227.529      1.446      0.148
    S_VRT_IND_         1.601      2.230      0.718      0.473

 Residual Variances
    ABFAS_AC           0.000      0.000    999.000    999.000
    BBFAS_AC           0.000      0.000    999.000    999.000
    CBFAS_AC           0.000      0.000    999.000    999.000
    DBFAS_AC           0.000      0.000    999.000    999.000
    AVRT_IND_D         0.000      0.000    999.000    999.000
    BVRT_IND_D         0.000      0.000    999.000    999.000
    CVRT_IND_D         0.000      0.000    999.000    999.000
    DVRT_IND_D         0.000      0.000    999.000    999.000
    P2                47.954      7.196      6.664      0.000
    P3                47.954      7.196      6.664      0.000
    P4                47.954      7.196      6.664      0.000
    V2               101.210     18.241      5.549      0.000
    V3               101.210     18.241      5.549      0.000
    V4               101.210     18.241      5.549      0.000

Group D5

 P1       BY
    ABFAS_AC           1.000      0.000    999.000    999.000

 P2       BY
    BBFAS_AC           1.000      0.000    999.000    999.000

 P3       BY
    CBFAS_AC           1.000      0.000    999.000    999.000

 P4       BY
    DBFAS_AC           1.000      0.000    999.000    999.000

 V1       BY
    AVRT_IND_D         1.000      0.000    999.000    999.000

 V2       BY
    BVRT_IND_D         1.000      0.000    999.000    999.000

 V3       BY
    CVRT_IND_D         1.000      0.000    999.000    999.000

 V4       BY
    DVRT_IND_D         1.000      0.000    999.000    999.000

 P4         ON
    P3                -0.028      0.134     -0.210      0.833
    V3                -0.012      0.065     -0.189      0.850

 P3         ON
    P2                -0.028      0.134     -0.210      0.833
    V2                -0.012      0.065     -0.189      0.850

 P2         ON
    P1                -0.028      0.134     -0.210      0.833
    V1                -0.012      0.065     -0.189      0.850

 V4         ON
    V3                 0.039      0.106      0.370      0.712
    P3                -0.012      0.177     -0.066      0.947

 V3         ON
    V2                 0.039      0.106      0.370      0.712
    P2                -0.012      0.177     -0.066      0.947

 V2         ON
    V1                 0.039      0.106      0.370      0.712
    P1                -0.012      0.177     -0.066      0.947

 S_BFAS_A WITH
    I_BFAS_AC        -28.856     23.038     -1.253      0.210
    S_VRT_IND_         1.517      1.071      1.417      0.157
    I_VRT_IND_       -35.585     23.632     -1.506      0.132

 I_BFAS_A WITH
    S_VRT_IND_       -30.548     22.786     -1.341      0.180
    I_VRT_IND_       627.145    488.634      1.283      0.199

 S_VRT_IN WITH
    I_VRT_IND_       -40.577     28.786     -1.410      0.159

 P1       WITH
    V1               -12.539     11.383     -1.101      0.271

 P2       WITH
    V2                -4.475      9.307     -0.481      0.631

 P3       WITH
    V3                -4.475      9.307     -0.481      0.631

 P4       WITH
    V4                -4.475      9.307     -0.481      0.631

 Means
    P1                 0.000      0.000    999.000    999.000
    V1                 0.000      0.000    999.000    999.000
    I_BFAS_AC         89.211      6.098     14.629      0.000
    S_BFAS_AC         -0.435      0.340     -1.279      0.201
    I_VRT_IND_        58.590      7.695      7.614      0.000
    S_VRT_IND_        -0.704      0.424     -1.658      0.097

 Intercepts
    ABFAS_AC           0.000      0.000    999.000    999.000
    BBFAS_AC           0.000      0.000    999.000    999.000
    CBFAS_AC           0.000      0.000    999.000    999.000
    DBFAS_AC           0.000      0.000    999.000    999.000
    AVRT_IND_D         0.000      0.000    999.000    999.000
    BVRT_IND_D         0.000      0.000    999.000    999.000
    CVRT_IND_D         0.000      0.000    999.000    999.000
    DVRT_IND_D         0.000      0.000    999.000    999.000
    P2                 0.000      0.000    999.000    999.000
    P3                 0.000      0.000    999.000    999.000
    P4                 0.000      0.000    999.000    999.000
    V2                 0.000      0.000    999.000    999.000
    V3                 0.000      0.000    999.000    999.000
    V4                 0.000      0.000    999.000    999.000

 Variances
    P1                53.348     22.558      2.365      0.018
    V1               110.155     33.798      3.259      0.001
    I_BFAS_AC        711.111    465.128      1.529      0.126
    S_BFAS_AC          1.574      1.146      1.374      0.170
    I_VRT_IND_      1062.813    629.493      1.688      0.091
    S_VRT_IND_         1.949      1.298      1.502      0.133

 Residual Variances
    ABFAS_AC           0.000      0.000    999.000    999.000
    BBFAS_AC           0.000      0.000    999.000    999.000
    CBFAS_AC           0.000      0.000    999.000    999.000
    DBFAS_AC           0.000      0.000    999.000    999.000
    AVRT_IND_D         0.000      0.000    999.000    999.000
    BVRT_IND_D         0.000      0.000    999.000    999.000
    CVRT_IND_D         0.000      0.000    999.000    999.000
    DVRT_IND_D         0.000      0.000    999.000    999.000
    P2                44.976      8.041      5.594      0.000
    P3                44.976      8.041      5.594      0.000
    P4                44.976      8.041      5.594      0.000
    V2               127.207     15.907      7.997      0.000
    V3               127.207     15.907      7.997      0.000
    V4               127.207     15.907      7.997      0.000


QUALITY OF NUMERICAL RESULTS

     Condition Number for the Information Matrix              0.973E-06
       (ratio of smallest to largest eigenvalue)


     Beginning Time:  11:46:21
        Ending Time:  11:46:51
       Elapsed Time:  00:00:30



MUTHEN & MUTHEN
3463 Stoner Ave.
Los Angeles, CA  90066

Tel: (310) 391-9971
Fax: (310) 391-8971
Web: www.StatModel.com
Support: Support@StatModel.com

Copyright (c) 1998-2017 Muthen & Muthen
