Mplus VERSION 7 (Mac)
MUTHEN & MUTHEN
10/27/2017   2:49 PM

INPUT INSTRUCTIONS


  title: PxVx Bivariate LCM-SR-Uncons - Inf Linear I_D with Linear HRZ_COL;
  data: file = /Users/johnflournoy/code/lnt_pxvx/Data/LT_informants3.txt;

  variable:
  names =
  subjid
  Sample
  aGENDER
  aAGE
  aethnic1
  aethnic2
  aedu_mom
  aedu_dad
  aEDUCATN
  bEDUCATN
  cEDUCATN
  aEMPLOYD
  bEMPLOYD
  cEMPLOYD
  dEMPLOYD
  aINCOME
  bINCOME
  cINCOME
  dINCOME
  aS_SCALE
  bS_SCALE
  cS_SCALE
  dS_SCALE
  aD_SCALE
  bD_SCALE
  cD_SCALE
  dD_SCALE
  aS_COMP
  bS_COMP
  cS_COMP
  dS_COMP
  aD_COMP
  bD_COMP
  cD_COMP
  dD_COMP
  aBFI_A
  aBFI_A6
  aBFI_C
  aBFI_E
  aBFI_HP
  aBFI_N
  aBFI_O
  bBFI_A
  bBFI_A6
  bBFI_C
  bBFI_E
  bBFI_HP
  bBFI_N
  bBFI_O
  cBFI_A
  cBFI_A6
  cBFI_C
  cBFI_E
  cBFI_HP
  cBFI_N
  cBFI_O
  dBFI_A
  dBFI_A6
  dBFI_C
  dBFI_E
  dBFI_HP
  dBFI_N
  dBFI_O
  aBFA_AC
  aBFA_AP
  aBFA_CI
  aBFA_CO
  aBFA_EA
  aBFA_EE
  aBFA_N9
  aBFA_NV
  aBFA_NW
  aBFA_OI
  aBFA_OO
  aBFA_PS
  aBFA_MT
  bBFA_AC
  bBFA_AP
  bBFA_CI
  bBFA_CO
  bBFA_EA
  bBFA_EE
  bBFA_N9
  bBFA_NV
  bBFA_NW
  bBFA_OI
  bBFA_OO
  bBFA_MT
  bBFA_PS
  cBFA_AC
  cBFA_AP
  cBFA_CI
  cBFA_CO
  cBFA_EA
  cBFA_EE
  cBFA_N9
  cBFA_NV
  cBFA_NW
  cBFA_OI
  cBFA_OO
  cBFA_MT
  cBFA_PS
  dBFA_AC
  dBFA_AP
  dBFA_CI
  dBFA_CO
  dBFA_EA
  dBFA_EE
  dBFA_N9
  dBFA_NV
  dBFA_NW
  dBFA_OI
  dBFA_OO
  dBFA_MT
  dBFA_PS
  aUSI
  bUSI
  cUSI
  dUSI
  aHRZ_IND
  bHRZ_IND
  cHRZ_IND
  dHRZ_IND
  aVRT_IND
  bVRT_IND
  cVRT_IND
  dVRT_IND
  aHRZ_COL
  bHRZ_COL
  cHRZ_COL
  dHRZ_COL
  aVRT_COL
  bVRT_COL
  cVRT_COL
  dVRT_COL
  aCOLLCTV
  bCOLLCTV
  cCOLLCTV
  dCOLLCTV
  aMVS
  bMVS
  cMVS
  dMVS
  aST
  bST
  cST
  dST
  aSD
  bSD
  cSD
  dSD
  aMVS_mc
  bMVS_mc
  cMVS_mc
  dMVS_mc
  aST_mc
  bST_mc
  cST_mc
  dST_mc
  aSD_mc
  bSD_mc
  cSD_mc
  dSD_mc
  bMEANING
  cMEANING
  dMEANING
  bMEAN_L
  cMEAN_L
  dMEAN_L
  bMEANNGc
  cMEANNGc
  dMEANNGc
  bMEANGlc
  cMEANGlc
  dMEANGlc
  bCLASSIC
  cCLASSIC
  dCLASSIC
  bCLASSCc
  cCLASSCc
  dCLASSCc
  bAGR_VAL
  cAGR_VAL
  dAGR_VAL
  bOPN_VAL
  cOPN_VAL
  dOPN_VAL
  bAGR_VLc
  cAGR_VLc
  dAGR_VLc
  bOPNVALc
  cOPNVALc
  dOPNVALc
  aMV_pomp
  bMV_pomp
  cMV_pomp
  dMV_pomp
  aST_pomp
  bST_pomp
  cST_pomp
  dST_pomp
  aSD_pomp
  bSD_pomp
  cSD_pomp
  dSD_pomp
  agoal_eco
  bgoal_eco
  cgoal_eco
  dgoal_eco
  aAspfinc
  bAspfinc
  cAspfinc
  dAspfinc
  abfi_hp8
  bbfi_hp8
  cbfi_hp8
  dbfi_hp8
  aP_S_BFI
  aP_D_BFI
  aECgoalc
  bECgoalC
  cECgoalC
  dECgoalC
  aaspfin
  baspfin
  caspfin
  daspfin
  aasp_mn2
  basp_mn2
  casp_mn2
  dasp_mn2
  aas12mc2
  aas13mc2
  aas14mc2
  aas15mc2
  aas16mc2
  bas12mc2
  bas13mc2
  bas14mc2
  bas15mc2
  bas16mc2
  cas12mc2
  cas13mc2
  cas14mc2
  cas15mc2
  cas16mc2
  das12mc2
  das13mc2
  das14mc2
  das15mc2
  das16mc2
  aas_f_c2
  bas_f_c2
  cas_f_c2
  das_f_c2
  aI_E
  aI_A
  aI_C
  aI_N
  aI_O
  aI_S
  aI_D
  bI_E
  bI_A
  bI_C
  bI_N
  bI_O
  bI_S
  bI_D
  cI_E
  cI_A
  cI_C
  cI_N
  cI_O
  cI_S
  cI_D
  dI_E
  dI_A
  dI_C
  dI_N
  dI_O
  dI_S
  dI_D
  T1_any_I
  T2_any_I
  T3_any_I
  T4_any_I
  aI_H
  bI_H
  cI_H
  dI_H
  aMVI_POMP
  bMVI_POMP
  cMVI_POMP
  dMVI_POMP;



  USEVARIABLES =
  aI_D
  bI_D
  cI_D
  dI_D
  aHRZ_COL
  bHRZ_COL
  cHRZ_COL
  dHRZ_COL
  a1
  a2
  a3
  a4
  ;

  missing = all (-9999);

  USEOBSERVATIONS are Sample == 1; ! National Sample

  tscores = a1 a2 a3 a4;

  DEFINE:
  a1 = aAGE + 0 - 36;
  a2 = aAGE + 1 - 36;
  a3 = aAGE + 2 - 36;
  a4 = aAGE + 3 - 36;

  ANALYSIS:
  TYPE=RANDOM;
  PROCESSORS = 4;
  model=nocovariances; ! supresses default estimation of certain covs in model;

  MODEL:

  i_I_D s_I_D | aI_D bI_D cI_D dI_D AT a1 a2 a3 a4;
  i_HRZ_COL s_HRZ_COL | aHRZ_COL bHRZ_COL cHRZ_COL dHRZ_COL AT a1 a2 a3 a4;

  ! freeing factor covs because of "nocovariances"
  s_I_D WITH i_I_D s_HRZ_COL i_HRZ_COL;
  i_I_D WITH s_HRZ_COL i_HRZ_COL;
  s_HRZ_COL WITH i_HRZ_COL;

  p1 BY aI_D@1; ! Residual "factors";
  p2 BY bI_D@1;
  p3 BY cI_D@1;
  p4 BY dI_D@1;

  v1 BY aHRZ_COL@1; ! Residual "factors";
  v2 BY bHRZ_COL@1;
  v3 BY cHRZ_COL@1;
  v4 BY dHRZ_COL@1;

  !residual variances on observed/manifest vars set to 0
  aI_D@0;
  bI_D@0;
  cI_D@0;
  dI_D@0;

  !residual variances on observed/manifest vars set to 0
  aHRZ_COL@0;
  bHRZ_COL@0;
  cHRZ_COL@0;
  dHRZ_COL@0;

  ! means of observed/manifest vars set to 0
  [aI_D@0];
  [bI_D@0];
  [cI_D@0];
  [dI_D@0];

  ! means of observed/manifest vars set to 0
  [aHRZ_COL@0];
  [bHRZ_COL@0];
  [cHRZ_COL@0];
  [dHRZ_COL@0];

  [p1@0]; ! means of residual "factors" set to 0
  [p2@0];
  [p3@0];
  [p4@0];

  [v1@0]; ! means of residual "factors" set to 0
  [v2@0];
  [v3@0];
  [v4@0];

  p4 on p3;
  p3 on p2;
  p2 on p1;

  v4 on v3;
  v3 on v2;
  v2 on v1;

  p4 on v3;
  p3 on v2;
  p2 on v1;

  v4 on p3;
  v3 on p2;
  v2 on p1;

  p1 with v1;

  p2 with v2;
  p3 with v3;
  p4 with v4;

  p2 p3 p4; ! estimate variances of residual "factors"
  v2 v3 v4; ! estimate variances of residual "factors"

  OUTPUT: SAMPSTAT PATTERNS;



*** WARNING
  Variable name contains more than 8 characters.
  Only the first 8 characters will be printed in the output.
  Variable: AGOAL_ECO
*** WARNING
  Variable name contains more than 8 characters.
  Only the first 8 characters will be printed in the output.
  Variable: BGOAL_ECO
*** WARNING
  Variable name contains more than 8 characters.
  Only the first 8 characters will be printed in the output.
  Variable: CGOAL_ECO
*** WARNING
  Variable name contains more than 8 characters.
  Only the first 8 characters will be printed in the output.
  Variable: DGOAL_ECO
*** WARNING
  Variable name contains more than 8 characters.
  Only the first 8 characters will be printed in the output.
  Variable: AMVI_POMP
*** WARNING
  Variable name contains more than 8 characters.
  Only the first 8 characters will be printed in the output.
  Variable: BMVI_POMP
*** WARNING
  Variable name contains more than 8 characters.
  Only the first 8 characters will be printed in the output.
  Variable: CMVI_POMP
*** WARNING
  Variable name contains more than 8 characters.
  Only the first 8 characters will be printed in the output.
  Variable: DMVI_POMP
*** WARNING
  Variable name contains more than 8 characters.
  Only the first 8 characters will be printed in the output.
  Variable: I_HRZ_COL
*** WARNING
  Variable name contains more than 8 characters.
  Only the first 8 characters will be printed in the output.
  Variable: S_HRZ_COL
*** WARNING
  Data set contains cases with missing on time scores but non-missing on the
  corresponding dependent variables.  These cases were not included in the analysis.
  Number of such cases:  13
  11 WARNING(S) FOUND IN THE INPUT INSTRUCTIONS



PxVx Bivariate LCM-SR-Uncons - Inf Linear I_D with Linear HRZ_COL;

SUMMARY OF ANALYSIS

Number of groups                                                 1
Number of observations                                         595

Number of dependent variables                                    8
Number of independent variables                                  0
Number of continuous latent variables                           12

Observed dependent variables

  Continuous
   AI_D        BI_D        CI_D        DI_D        AHRZ_COL    BHRZ_COL
   CHRZ_COL    DHRZ_COL

Continuous latent variables
   P1          P2          P3          P4          V1          V2
   V3          V4          I_I_D       S_I_D       I_HRZ_CO    S_HRZ_CO

Variables with special functions

  Time scores
   A1          A2          A3          A4


Estimator                                                      MLR
Information matrix                                        OBSERVED
Maximum number of iterations                                   100
Convergence criterion                                    0.100D-05
Maximum number of EM iterations                                500
Convergence criteria for the EM algorithm
  Loglikelihood change                                   0.100D-02
  Relative loglikelihood change                          0.100D-05
  Derivative                                             0.100D-03
Minimum variance                                         0.100D-03
Maximum number of steepest descent iterations                   20
Maximum number of iterations for H1                           2000
Convergence criterion for H1                             0.100D-03
Optimization algorithm                                         EMA

Input data file(s)
  /Users/johnflournoy/code/lnt_pxvx/Data/LT_informants3.txt
Input data format  FREE


SUMMARY OF DATA

     Number of missing data patterns            48


SUMMARY OF MISSING DATA PATTERNS


     MISSING DATA PATTERNS (x = not missing)

           1  2  3  4  5  6  7  8  9 10 11 12 13 14 15 16 17 18 19 20
 AI_D      x  x  x           x     x     x        x        x  x  x
 BI_D      x              x  x  x  x  x     x  x                    x
 CI_D      x        x           x  x  x                 x        x  x
 DI_D      x           x     x  x           x  x     x  x  x
 AHRZ_COL  x  x  x  x  x  x  x  x  x  x  x  x  x  x  x  x  x  x  x  x
 BHRZ_COL  x     x  x  x  x  x  x  x  x     x  x  x  x  x  x  x  x  x
 CHRZ_COL  x     x  x     x  x  x  x  x  x  x        x  x  x     x  x
 DHRZ_COL  x     x  x  x  x  x  x  x  x  x  x  x  x  x  x  x     x

          21 22 23 24 25 26 27 28 29 30 31 32 33 34 35 36 37 38 39 40
 AI_D      x  x  x        x  x  x     x  x        x  x  x     x     x
 BI_D      x  x        x     x     x           x        x
 CI_D            x  x        x        x  x        x           x  x
 DI_D            x                    x     x        x     x        x
 AHRZ_COL  x  x  x  x  x  x  x  x  x  x  x  x  x  x  x  x  x  x  x  x
 BHRZ_COL  x  x  x  x  x     x     x        x  x        x     x
 CHRZ_COL  x     x  x     x  x     x  x  x        x     x     x  x  x
 DHRZ_COL        x              x     x  x     x     x  x  x        x

          41 42 43 44 45 46 47 48
 AI_D      x     x  x  x
 BI_D      x  x  x     x
 CI_D         x        x     x  x
 DI_D      x           x  x  x  x
 AHRZ_COL  x     x  x     x  x
 BHRZ_COL  x  x     x  x
 CHRZ_COL     x  x  x  x  x  x  x
 DHRZ_COL  x  x  x     x  x  x  x


     MISSING DATA PATTERN FREQUENCIES

    Pattern   Frequency     Pattern   Frequency     Pattern   Frequency
          1         172          17           9          33           2
          2          34          18          16          34           3
          3          25          19          11          35           3
          4          18          20           5          36          12
          5           5          21           6          37           2
          6          15          22          13          38           2
          7          17          23          16          39           3
          8          38          24           4          40           2
          9          28          25           5          41           6
         10          17          26           6          42           1
         11           7          27          12          43           1
         12          18          28           8          44           4
         13           2          29           2          45           1
         14           3          30           7          46           1
         15          15          31           1          47           2
         16          13          32           1          48           1


COVARIANCE COVERAGE OF DATA

Minimum covariance coverage value   0.100


     PROPORTION OF DATA PRESENT


           Covariance Coverage
              AI_D          BI_D          CI_D          DI_D          AHRZ_COL
              ________      ________      ________      ________      ________
 AI_D           0.714
 BI_D           0.450         0.627
 CI_D           0.425         0.461         0.597
 DI_D           0.392         0.427         0.420         0.556
 AHRZ_COL       0.713         0.624         0.592         0.553         0.995
 BHRZ_COL       0.593         0.625         0.568         0.526         0.861
 CHRZ_COL       0.575         0.580         0.597         0.524         0.827
 DHRZ_COL       0.553         0.555         0.548         0.555         0.800


           Covariance Coverage
              BHRZ_COL      CHRZ_COL      DHRZ_COL
              ________      ________      ________
 BHRZ_COL       0.864
 CHRZ_COL       0.775         0.832
 DHRZ_COL       0.746         0.753         0.805


SAMPLE STATISTICS


     ESTIMATED SAMPLE STATISTICS


           Means
              AI_D          BI_D          CI_D          DI_D          AHRZ_COL
              ________      ________      ________      ________      ________
 1             66.088        67.215        64.938        65.352        72.739


           Means
              BHRZ_COL      CHRZ_COL      DHRZ_COL
              ________      ________      ________
 1             71.716        72.911        71.904


           Covariances
              AI_D          BI_D          CI_D          DI_D          AHRZ_COL
              ________      ________      ________      ________      ________
 AI_D         270.744
 BI_D         165.854       279.890
 CI_D         154.266       190.193       286.239
 DI_D         157.941       199.187       193.226       307.861
 AHRZ_COL      25.674        38.078        60.021        50.554       279.386
 BHRZ_COL      29.497        43.338        67.764        57.325       201.969
 CHRZ_COL      32.797        40.368        66.167        46.150       191.137
 DHRZ_COL      39.559        45.366        75.747        48.091       197.155


           Covariances
              BHRZ_COL      CHRZ_COL      DHRZ_COL
              ________      ________      ________
 BHRZ_COL     271.862
 CHRZ_COL     200.266       283.956
 DHRZ_COL     196.758       209.629       291.388


           Correlations
              AI_D          BI_D          CI_D          DI_D          AHRZ_COL
              ________      ________      ________      ________      ________
 AI_D           1.000
 BI_D           0.602         1.000
 CI_D           0.554         0.672         1.000
 DI_D           0.547         0.679         0.651         1.000
 AHRZ_COL       0.093         0.136         0.212         0.172         1.000
 BHRZ_COL       0.109         0.157         0.243         0.198         0.733
 CHRZ_COL       0.118         0.143         0.232         0.156         0.679
 DHRZ_COL       0.141         0.159         0.262         0.161         0.691


           Correlations
              BHRZ_COL      CHRZ_COL      DHRZ_COL
              ________      ________      ________
 BHRZ_COL       1.000
 CHRZ_COL       0.721         1.000
 DHRZ_COL       0.699         0.729         1.000


     MAXIMUM LOG-LIKELIHOOD VALUE FOR THE UNRESTRICTED (H1) MODEL IS -14199.072


THE MODEL ESTIMATION TERMINATED NORMALLY



MODEL FIT INFORMATION

Number of Free Parameters                       38

Loglikelihood

          H0 Value                      -14202.947
          H0 Scaling Correction Factor      1.1619
            for MLR

Information Criteria

          Akaike (AIC)                   28481.894
          Bayesian (BIC)                 28648.659
          Sample-Size Adjusted BIC       28528.020
            (n* = (n + 2) / 24)



MODEL RESULTS

                                                    Two-Tailed
                    Estimate       S.E.  Est./S.E.    P-Value

 P1       BY
    AI_D               1.000      0.000    999.000    999.000

 P2       BY
    BI_D               1.000      0.000    999.000    999.000

 P3       BY
    CI_D               1.000      0.000    999.000    999.000

 P4       BY
    DI_D               1.000      0.000    999.000    999.000

 V1       BY
    AHRZ_COL           1.000      0.000    999.000    999.000

 V2       BY
    BHRZ_COL           1.000      0.000    999.000    999.000

 V3       BY
    CHRZ_COL           1.000      0.000    999.000    999.000

 V4       BY
    DHRZ_COL           1.000      0.000    999.000    999.000

 P4         ON
    P3                 0.181      0.117      1.548      0.122
    V3                -0.014      0.106     -0.131      0.896

 P3         ON
    P2                 0.133      0.134      0.994      0.320
    V2                 0.161      0.104      1.548      0.122

 P2         ON
    P1                -0.089      0.124     -0.717      0.473
    V1                -0.144      0.133     -1.087      0.277

 V4         ON
    V3                 0.171      0.087      1.969      0.049
    P3                 0.195      0.076      2.553      0.011

 V3         ON
    V2                 0.152      0.103      1.473      0.141
    P2                 0.017      0.096      0.174      0.862

 V2         ON
    V1                 0.060      0.113      0.532      0.594
    P1                -0.138      0.090     -1.531      0.126

 S_I_D    WITH
    I_I_D             -0.079      0.788     -0.100      0.920
    S_HRZ_COL          0.061      0.094      0.643      0.520
    I_HRZ_COL          0.061      2.561      0.024      0.981

 I_I_D    WITH
    S_HRZ_COL         -1.601      2.583     -0.620      0.535
    I_HRZ_COL         40.059     13.126      3.052      0.002

 S_HRZ_CO WITH
    I_HRZ_COL         -1.698      0.900     -1.888      0.059

 P1       WITH
    V1               -20.589      9.481     -2.172      0.030

 P2       WITH
    V2                -5.828      9.385     -0.621      0.535

 P3       WITH
    V3                15.049      8.551      1.760      0.078

 P4       WITH
    V4                -2.471      9.724     -0.254      0.799

 Means
    P1                 0.000      0.000    999.000    999.000
    V1                 0.000      0.000    999.000    999.000
    I_I_D             66.019      0.628    105.208      0.000
    S_I_D              0.061      0.060      1.021      0.307
    I_HRZ_COL         72.209      0.621    116.334      0.000
    S_HRZ_COL          0.199      0.055      3.613      0.000

 Intercepts
    AI_D               0.000      0.000    999.000    999.000
    BI_D               0.000      0.000    999.000    999.000
    CI_D               0.000      0.000    999.000    999.000
    DI_D               0.000      0.000    999.000    999.000
    AHRZ_COL           0.000      0.000    999.000    999.000
    BHRZ_COL           0.000      0.000    999.000    999.000
    CHRZ_COL           0.000      0.000    999.000    999.000
    DHRZ_COL           0.000      0.000    999.000    999.000
    P2                 0.000      0.000    999.000    999.000
    P3                 0.000      0.000    999.000    999.000
    P4                 0.000      0.000    999.000    999.000
    V2                 0.000      0.000    999.000    999.000
    V3                 0.000      0.000    999.000    999.000
    V4                 0.000      0.000    999.000    999.000

 Variances
    P1               111.932     14.823      7.551      0.000
    V1                83.196     12.006      6.929      0.000
    I_I_D            157.994     19.185      8.235      0.000
    S_I_D              0.128      0.149      0.860      0.390
    I_HRZ_COL        177.971     18.487      9.627      0.000
    S_HRZ_COL          0.111      0.140      0.794      0.427

 Residual Variances
    AI_D               0.000      0.000    999.000    999.000
    BI_D               0.000      0.000    999.000    999.000
    CI_D               0.000      0.000    999.000    999.000
    DI_D               0.000      0.000    999.000    999.000
    AHRZ_COL           0.000      0.000    999.000    999.000
    BHRZ_COL           0.000      0.000    999.000    999.000
    CHRZ_COL           0.000      0.000    999.000    999.000
    DHRZ_COL           0.000      0.000    999.000    999.000
    P2                91.240     15.844      5.759      0.000
    P3               116.074     15.324      7.574      0.000
    P4               125.857     15.123      8.322      0.000
    V2                78.313     11.600      6.751      0.000
    V3                97.484     10.935      8.915      0.000
    V4                89.781      9.876      9.090      0.000


QUALITY OF NUMERICAL RESULTS

     Condition Number for the Information Matrix              0.515E-05
       (ratio of smallest to largest eigenvalue)


     Beginning Time:  14:49:57
        Ending Time:  14:50:11
       Elapsed Time:  00:00:14



MUTHEN & MUTHEN
3463 Stoner Ave.
Los Angeles, CA  90066

Tel: (310) 391-9971
Fax: (310) 391-8971
Web: www.StatModel.com
Support: Support@StatModel.com

Copyright (c) 1998-2012 Muthen & Muthen
