Mplus VERSION 7 (Mac)
MUTHEN & MUTHEN
10/27/2017   9:29 AM

INPUT INSTRUCTIONS


  title: PxVx Bivariate LCM-SR - Col Linear BFA_AC with Linear USI;
  data: file = /Users/johnflournoy/code/lnt_pxvx/Data/LT_227.txt;



  variable:
  names =
  subjid
  Sample
  aGENDER
  aAGE
  aethnic1
  aethnic2
  aedu_mom
  aedu_dad
  aEDUCATN
  bEDUCATN
  cEDUCATN
  aEMPLOYD
  bEMPLOYD
  cEMPLOYD
  dEMPLOYD
  aINCOME
  bINCOME
  cINCOME
  dINCOME
  aS_SCALE
  bS_SCALE
  cS_SCALE
  dS_SCALE
  aD_SCALE
  bD_SCALE
  cD_SCALE
  dD_SCALE
  aS_COMP
  bS_COMP
  cS_COMP
  dS_COMP
  aD_COMP
  bD_COMP
  cD_COMP
  dD_COMP
  aBFI_A
  aBFI_A6
  aBFI_C
  aBFI_E
  aBFI_HP
  aBFI_N
  aBFI_O
  bBFI_A
  bBFI_A6
  bBFI_C
  bBFI_E
  bBFI_HP
  bBFI_N
  bBFI_O
  cBFI_A
  cBFI_A6
  cBFI_C
  cBFI_E
  cBFI_HP
  cBFI_N
  cBFI_O
  dBFI_A
  dBFI_A6
  dBFI_C
  dBFI_E
  dBFI_HP
  dBFI_N
  dBFI_O
  aBFA_AC
  aBFA_AP
  aBFA_CI
  aBFA_CO
  aBFA_EA
  aBFA_EE
  aBFA_N9
  aBFA_NV
  aBFA_NW
  aBFA_OI
  aBFA_OO
  aBFA_PS
  aBFA_MT
  bBFA_AC
  bBFA_AP
  bBFA_CI
  bBFA_CO
  bBFA_EA
  bBFA_EE
  bBFA_N9
  bBFA_NV
  bBFA_NW
  bBFA_OI
  bBFA_OO
  bBFA_MT
  bBFA_PS
  cBFA_AC
  cBFA_AP
  cBFA_CI
  cBFA_CO
  cBFA_EA
  cBFA_EE
  cBFA_N9
  cBFA_NV
  cBFA_NW
  cBFA_OI
  cBFA_OO
  cBFA_MT
  cBFA_PS
  dBFA_AC
  dBFA_AP
  dBFA_CI
  dBFA_CO
  dBFA_EA
  dBFA_EE
  dBFA_N9
  dBFA_NV
  dBFA_NW
  dBFA_OI
  dBFA_OO
  dBFA_MT
  dBFA_PS
  aUSI
  bUSI
  cUSI
  dUSI
  aHRZ_IND
  bHRZ_IND
  cHRZ_IND
  dHRZ_IND
  aVRT_IND
  bVRT_IND
  cVRT_IND
  dVRT_IND
  aHRZ_COL
  bHRZ_COL
  cHRZ_COL
  dHRZ_COL
  aVRT_COL
  bVRT_COL
  cVRT_COL
  dVRT_COL
  aCOLLCTV
  bCOLLCTV
  cCOLLCTV
  dCOLLCTV
  aMVS
  bMVS
  cMVS
  dMVS
  aST
  bST
  cST
  dST
  aSD
  bSD
  cSD
  dSD
  aMVS_mc
  bMVS_mc
  cMVS_mc
  dMVS_mc
  aST_mc
  bST_mc
  cST_mc
  dST_mc
  aSD_mc
  bSD_mc
  cSD_mc
  dSD_mc
  bMEANING
  cMEANING
  dMEANING
  bMEAN_L
  cMEAN_L
  dMEAN_L
  bMEANNGc
  cMEANNGc
  dMEANNGc
  bMEANGlc
  cMEANGlc
  dMEANGlc
  bCLASSIC
  cCLASSIC
  dCLASSIC
  bCLASSCc
  cCLASSCc
  dCLASSCc
  bAGR_VAL
  cAGR_VAL
  dAGR_VAL
  bOPN_VAL
  cOPN_VAL
  dOPN_VAL
  bAGR_VLc
  cAGR_VLc
  dAGR_VLc
  bOPNVALc
  cOPNVALc
  dOPNVALc
  aMV_pomp
  bMV_pomp
  cMV_pomp
  dMV_pomp
  aST_pomp
  bST_pomp
  cST_pomp
  dST_pomp
  aSD_pomp
  bSD_pomp
  cSD_pomp
  dSD_pomp
  agoal_ec
  bgoal_ec
  cgoal_ec
  dgoal_ec
  aAspfinc
  bAspfinc
  cAspfinc
  dAspfinc
  abfi_hp8
  bbfi_hp8
  cbfi_hp8
  dbfi_hp8
  aP_S_BFI
  aP_D_BFI
  aECgoalc
  bECgoalC
  cECgoalC
  dECgoalC
  aaspfin
  baspfin
  caspfin
  daspfin
  aMVI_POMP
  bMVI_POMP
  cMVI_POMP
  dMVI_POMP;

  USEVARIABLES =
  aBFA_AC
  bBFA_AC
  cBFA_AC
  dBFA_AC
  aUSI
  bUSI
  cUSI
  dUSI
  a1
  a2
  a3
  a4
  ;

  missing = all (-9999);

  USEOBSERVATIONS are Sample == 2; ! College Sample

  tscores = a1 a2 a3 a4;

  DEFINE:
  a1 = aAGE + 0 - 20.5;
  a2 = aAGE + 1 - 20.5;
  a3 = aAGE + 2 - 20.5;
  a4 = aAGE + 3 - 20.5;

  ANALYSIS:
  TYPE=RANDOM;
  PROCESSORS = 4;
  model=nocovariances; ! supresses default estimation of certain covs in model;

  MODEL:

  i_BFA_AC s_BFA_AC | aBFA_AC bBFA_AC cBFA_AC dBFA_AC AT a1 a2 a3 a4;
  i_USI s_USI | aUSI bUSI cUSI dUSI AT a1 a2 a3 a4;

  ! freeing factor covs because of "nocovariances"
  s_BFA_AC WITH i_BFA_AC s_USI i_USI;
  i_BFA_AC WITH s_USI i_USI;
  s_USI WITH i_USI;

  p1 BY aBFA_AC@1; ! Residual "factors";
  p2 BY bBFA_AC@1;
  p3 BY cBFA_AC@1;
  p4 BY dBFA_AC@1;

  v1 BY aUSI@1; ! Residual "factors";
  v2 BY bUSI@1;
  v3 BY cUSI@1;
  v4 BY dUSI@1;

  !residual variances on observed/manifest vars set to 0
  aBFA_AC@0;
  bBFA_AC@0;
  cBFA_AC@0;
  dBFA_AC@0;

  !residual variances on observed/manifest vars set to 0
  aUSI@0;
  bUSI@0;
  cUSI@0;
  dUSI@0;

  ! means of observed/manifest vars set to 0
  [aBFA_AC@0];
  [bBFA_AC@0];
  [cBFA_AC@0];
  [dBFA_AC@0];

  ! means of observed/manifest vars set to 0
  [aUSI@0];
  [bUSI@0];
  [cUSI@0];
  [dUSI@0];

  [p1@0]; ! means of residual "factors" set to 0
  [p2@0];
  [p3@0];
  [p4@0];

  [v1@0]; ! means of residual "factors" set to 0
  [v2@0];
  [v3@0];
  [v4@0];

  p4 on p3 (a); ! Autoregressive paths constrained to equality
  p3 on p2 (a);
  p2 on p1 (a);

  v4 on v3 (b); ! Autoregressive paths constrained to equality
  v3 on v2 (b);
  v2 on v1 (b);

  p4 on v3 (c); ! Cross-lagged paths constrained to equality
  p3 on v2 (c);
  p2 on v1 (c);

  v4 on p3 (d); ! Cross-lagged paths constrained to equality
  v3 on p2 (d);
  v2 on p1 (d);

  p1 with v1 (e); ! Within-wave correlations constrained to equality
  p2 with v2 (e);
  p3 with v3 (e);
  p4 with v4 (e);

  p2 p3 p4 (f); ! estimate variances of residual "factors"
  v2 v3 v4 (g); ! estimate variances of residual "factors"

  OUTPUT: SAMPSTAT PATTERNS;



*** WARNING
  Variable name contains more than 8 characters.
  Only the first 8 characters will be printed in the output.
  Variable: AMVI_POMP
*** WARNING
  Variable name contains more than 8 characters.
  Only the first 8 characters will be printed in the output.
  Variable: BMVI_POMP
*** WARNING
  Variable name contains more than 8 characters.
  Only the first 8 characters will be printed in the output.
  Variable: CMVI_POMP
*** WARNING
  Variable name contains more than 8 characters.
  Only the first 8 characters will be printed in the output.
  Variable: DMVI_POMP
*** WARNING
  Data set contains cases with missing on all variables.
  These cases were not included in the analysis.
  Number of cases with missing on all variables:  1
*** WARNING
  Data set contains cases with missing on time scores but non-missing on the
  corresponding dependent variables.  These cases were not included in the analysis.
  Number of such cases:  3
   6 WARNING(S) FOUND IN THE INPUT INSTRUCTIONS



PxVx Bivariate LCM-SR - Col Linear BFA_AC with Linear USI;

SUMMARY OF ANALYSIS

Number of groups                                                 1
Number of observations                                         276

Number of dependent variables                                    8
Number of independent variables                                  0
Number of continuous latent variables                           12

Observed dependent variables

  Continuous
   ABFA_AC     BBFA_AC     CBFA_AC     DBFA_AC     AUSI        BUSI
   CUSI        DUSI

Continuous latent variables
   P1          P2          P3          P4          V1          V2
   V3          V4          I_BFA_AC    S_BFA_AC    I_USI       S_USI

Variables with special functions

  Time scores
   A1          A2          A3          A4


Estimator                                                      MLR
Information matrix                                        OBSERVED
Maximum number of iterations                                   100
Convergence criterion                                    0.100D-05
Maximum number of EM iterations                                500
Convergence criteria for the EM algorithm
  Loglikelihood change                                   0.100D-02
  Relative loglikelihood change                          0.100D-05
  Derivative                                             0.100D-03
Minimum variance                                         0.100D-03
Maximum number of steepest descent iterations                   20
Maximum number of iterations for H1                           2000
Convergence criterion for H1                             0.100D-03
Optimization algorithm                                         EMA

Input data file(s)
  /Users/johnflournoy/code/lnt_pxvx/Data/LT_227.txt
Input data format  FREE


SUMMARY OF DATA

     Number of missing data patterns            12


SUMMARY OF MISSING DATA PATTERNS


     MISSING DATA PATTERNS (x = not missing)

           1  2  3  4  5  6  7  8  9 10 11 12
 ABFA_AC   x  x  x  x  x  x  x  x  x  x  x  x
 BBFA_AC   x  x     x        x  x           x
 CBFA_AC   x  x  x                 x  x
 DBFA_AC   x              x  x  x  x  x
 AUSI      x  x  x  x  x  x  x  x  x  x     x
 BUSI      x  x     x           x
 CUSI      x  x  x                 x  x
 DUSI      x              x     x     x


     MISSING DATA PATTERN FREQUENCIES

    Pattern   Frequency     Pattern   Frequency     Pattern   Frequency
          1         138           5          52           9           1
          2          12           6          11          10          10
          3           5           7           1          11           1
          4          27           8          16          12           2


COVARIANCE COVERAGE OF DATA

Minimum covariance coverage value   0.100


     PROPORTION OF DATA PRESENT


           Covariance Coverage
              ABFA_AC       BBFA_AC       CBFA_AC       DBFA_AC       AUSI
              ________      ________      ________      ________      ________
 ABFA_AC        1.000
 BBFA_AC        0.710         0.710
 CBFA_AC        0.601         0.543         0.601
 DBFA_AC        0.641         0.562         0.540         0.641
 AUSI           0.996         0.710         0.601         0.641         0.996
 BUSI           0.699         0.699         0.543         0.558         0.699
 CUSI           0.601         0.543         0.601         0.540         0.601
 DUSI           0.634         0.558         0.536         0.634         0.634


           Covariance Coverage
              BUSI          CUSI          DUSI
              ________      ________      ________
 BUSI           0.699
 CUSI           0.543         0.601
 DUSI           0.558         0.536         0.634


SAMPLE STATISTICS


     ESTIMATED SAMPLE STATISTICS


           Means
              ABFA_AC       BBFA_AC       CBFA_AC       DBFA_AC       AUSI
              ________      ________      ________      ________      ________
 1             78.866        78.783        78.322        79.220        33.087


           Means
              BUSI          CUSI          DUSI
              ________      ________      ________
 1             31.686        30.430        30.035


           Covariances
              ABFA_AC       BBFA_AC       CBFA_AC       DBFA_AC       AUSI
              ________      ________      ________      ________      ________
 ABFA_AC      240.466
 BBFA_AC      188.120       234.677
 CBFA_AC      163.231       171.706       218.838
 DBFA_AC      153.525       164.340       171.262       210.683
 AUSI        -103.104       -95.877       -94.641       -75.489       249.740
 BUSI         -89.279       -89.874       -99.890       -81.939       183.422
 CUSI         -59.376       -64.044       -81.684       -61.317       177.323
 DUSI         -72.777       -74.657       -74.197       -78.211       175.089


           Covariances
              BUSI          CUSI          DUSI
              ________      ________      ________
 BUSI         248.186
 CUSI         184.903       251.081
 DUSI         172.458       191.022       278.331


           Correlations
              ABFA_AC       BBFA_AC       CBFA_AC       DBFA_AC       AUSI
              ________      ________      ________      ________      ________
 ABFA_AC        1.000
 BBFA_AC        0.792         1.000
 CBFA_AC        0.712         0.758         1.000
 DBFA_AC        0.682         0.739         0.798         1.000
 AUSI          -0.421        -0.396        -0.405        -0.329         1.000
 BUSI          -0.365        -0.372        -0.429        -0.358         0.737
 CUSI          -0.242        -0.264        -0.348        -0.267         0.708
 DUSI          -0.281        -0.292        -0.301        -0.323         0.664


           Correlations
              BUSI          CUSI          DUSI
              ________      ________      ________
 BUSI           1.000
 CUSI           0.741         1.000
 DUSI           0.656         0.723         1.000


     MAXIMUM LOG-LIKELIHOOD VALUE FOR THE UNRESTRICTED (H1) MODEL IS -6225.792


THE MODEL ESTIMATION TERMINATED NORMALLY



MODEL FIT INFORMATION

Number of Free Parameters                       23

Loglikelihood

          H0 Value                       -6235.958
          H0 Scaling Correction Factor      1.0702
            for MLR

Information Criteria

          Akaike (AIC)                   12517.916
          Bayesian (BIC)                 12601.185
          Sample-Size Adjusted BIC       12528.256
            (n* = (n + 2) / 24)



MODEL RESULTS

                                                    Two-Tailed
                    Estimate       S.E.  Est./S.E.    P-Value

 P1       BY
    ABFA_AC            1.000      0.000    999.000    999.000

 P2       BY
    BBFA_AC            1.000      0.000    999.000    999.000

 P3       BY
    CBFA_AC            1.000      0.000    999.000    999.000

 P4       BY
    DBFA_AC            1.000      0.000    999.000    999.000

 V1       BY
    AUSI               1.000      0.000    999.000    999.000

 V2       BY
    BUSI               1.000      0.000    999.000    999.000

 V3       BY
    CUSI               1.000      0.000    999.000    999.000

 V4       BY
    DUSI               1.000      0.000    999.000    999.000

 P4         ON
    P3                 0.224      0.093      2.422      0.015
    V3                -0.070      0.070     -1.005      0.315

 P3         ON
    P2                 0.224      0.093      2.422      0.015
    V2                -0.070      0.070     -1.005      0.315

 P2         ON
    P1                 0.224      0.093      2.422      0.015
    V1                -0.070      0.070     -1.005      0.315

 V4         ON
    V3                 0.152      0.127      1.204      0.229
    P3                 0.036      0.092      0.391      0.695

 V3         ON
    V2                 0.152      0.127      1.204      0.229
    P2                 0.036      0.092      0.391      0.695

 V2         ON
    V1                 0.152      0.127      1.204      0.229
    P1                 0.036      0.092      0.391      0.695

 S_BFA_AC WITH
    I_BFA_AC          -2.564      4.659     -0.550      0.582
    S_USI             -1.625      1.311     -1.239      0.215
    I_USI              3.716      4.225      0.880      0.379

 I_BFA_AC WITH
    S_USI              8.233      4.588      1.794      0.073
    I_USI            -93.782     15.866     -5.911      0.000

 S_USI    WITH
    I_USI             -6.369      5.879     -1.083      0.279

 P1       WITH
    V1                -8.013      5.217     -1.536      0.125

 P2       WITH
    V2                -8.013      5.217     -1.536      0.125

 P3       WITH
    V3                -8.013      5.217     -1.536      0.125

 P4       WITH
    V4                -8.013      5.217     -1.536      0.125

 Means
    P1                 0.000      0.000    999.000    999.000
    V1                 0.000      0.000    999.000    999.000
    I_BFA_AC          78.815      0.920     85.685      0.000
    S_BFA_AC           0.031      0.278      0.110      0.912
    I_USI             33.064      0.944     35.042      0.000
    S_USI             -1.060      0.302     -3.515      0.000

 Intercepts
    ABFA_AC            0.000      0.000    999.000    999.000
    BBFA_AC            0.000      0.000    999.000    999.000
    CBFA_AC            0.000      0.000    999.000    999.000
    DBFA_AC            0.000      0.000    999.000    999.000
    AUSI               0.000      0.000    999.000    999.000
    BUSI               0.000      0.000    999.000    999.000
    CUSI               0.000      0.000    999.000    999.000
    DUSI               0.000      0.000    999.000    999.000
    P2                 0.000      0.000    999.000    999.000
    P3                 0.000      0.000    999.000    999.000
    P4                 0.000      0.000    999.000    999.000
    V2                 0.000      0.000    999.000    999.000
    V3                 0.000      0.000    999.000    999.000
    V4                 0.000      0.000    999.000    999.000

 Variances
    P1                72.699     13.249      5.487      0.000
    V1                59.954     12.170      4.926      0.000
    I_BFA_AC         164.987     22.284      7.404      0.000
    S_BFA_AC           1.317      1.010      1.304      0.192
    I_USI            189.397     19.582      9.672      0.000
    S_USI              3.393      1.994      1.702      0.089

 Residual Variances
    ABFA_AC            0.000      0.000    999.000    999.000
    BBFA_AC            0.000      0.000    999.000    999.000
    CBFA_AC            0.000      0.000    999.000    999.000
    DBFA_AC            0.000      0.000    999.000    999.000
    AUSI               0.000      0.000    999.000    999.000
    BUSI               0.000      0.000    999.000    999.000
    CUSI               0.000      0.000    999.000    999.000
    DUSI               0.000      0.000    999.000    999.000
    P2                57.633      8.667      6.650      0.000
    P3                57.633      8.667      6.650      0.000
    P4                57.633      8.667      6.650      0.000
    V2                80.371     13.056      6.156      0.000
    V3                80.371     13.056      6.156      0.000
    V4                80.371     13.056      6.156      0.000


QUALITY OF NUMERICAL RESULTS

     Condition Number for the Information Matrix              0.655E-05
       (ratio of smallest to largest eigenvalue)


     Beginning Time:  09:29:33
        Ending Time:  09:29:34
       Elapsed Time:  00:00:01



MUTHEN & MUTHEN
3463 Stoner Ave.
Los Angeles, CA  90066

Tel: (310) 391-9971
Fax: (310) 391-8971
Web: www.StatModel.com
Support: Support@StatModel.com

Copyright (c) 1998-2012 Muthen & Muthen
