Mplus VERSION 6.12
MUTHEN & MUTHEN
03/09/2016   6:29 PM

INPUT INSTRUCTIONS


  title: PxVx Univariate - Col MeanOnly BFA_NW with Lin VRT_IND;
  data: file = E:\Projects\lnt_pxvx\Data\LT_227.txt;



  variable:
  names =
  subjid
  Sample
  aGENDER
  aAGE
  aethnic1
  aethnic2
  aedu_mom
  aedu_dad
  aEDUCATN
  bEDUCATN
  cEDUCATN
  aEMPLOYD
  bEMPLOYD
  cEMPLOYD
  dEMPLOYD
  aINCOME
  bINCOME
  cINCOME
  dINCOME
  aS_SCALE
  bS_SCALE
  cS_SCALE
  dS_SCALE
  aD_SCALE
  bD_SCALE
  cD_SCALE
  dD_SCALE
  aS_COMP
  bS_COMP
  cS_COMP
  dS_COMP
  aD_COMP
  bD_COMP
  cD_COMP
  dD_COMP
  aBFI_A
  aBFI_A6
  aBFI_C
  aBFI_E
  aBFI_HP
  aBFI_N
  aBFI_O
  bBFI_A
  bBFI_A6
  bBFI_C
  bBFI_E
  bBFI_HP
  bBFI_N
  bBFI_O
  cBFI_A
  cBFI_A6
  cBFI_C
  cBFI_E
  cBFI_HP
  cBFI_N
  cBFI_O
  dBFI_A
  dBFI_A6
  dBFI_C
  dBFI_E
  dBFI_HP
  dBFI_N
  dBFI_O
  aBFA_AC
  aBFA_AP
  aBFA_CI
  aBFA_CO
  aBFA_EA
  aBFA_EE
  aBFA_N9
  aBFA_NV
  aBFA_NW
  aBFA_OI
  aBFA_OO
  aBFA_PS
  aBFA_MT
  bBFA_AC
  bBFA_AP
  bBFA_CI
  bBFA_CO
  bBFA_EA
  bBFA_EE
  bBFA_N9
  bBFA_NV
  bBFA_NW
  bBFA_OI
  bBFA_OO
  bBFA_MT
  bBFA_PS
  cBFA_AC
  cBFA_AP
  cBFA_CI
  cBFA_CO
  cBFA_EA
  cBFA_EE
  cBFA_N9
  cBFA_NV
  cBFA_NW
  cBFA_OI
  cBFA_OO
  cBFA_MT
  cBFA_PS
  dBFA_AC
  dBFA_AP
  dBFA_CI
  dBFA_CO
  dBFA_EA
  dBFA_EE
  dBFA_N9
  dBFA_NV
  dBFA_NW
  dBFA_OI
  dBFA_OO
  dBFA_MT
  dBFA_PS
  aUSI
  bUSI
  cUSI
  dUSI
  aHRZ_IND
  bHRZ_IND
  cHRZ_IND
  dHRZ_IND
  aVRT_IND
  bVRT_IND
  cVRT_IND
  dVRT_IND
  aHRZ_COL
  bHRZ_COL
  cHRZ_COL
  dHRZ_COL
  aVRT_COL
  bVRT_COL
  cVRT_COL
  dVRT_COL
  aCOLLCTV
  bCOLLCTV
  cCOLLCTV
  dCOLLCTV
  aMVS
  bMVS
  cMVS
  dMVS
  aST
  bST
  cST
  dST
  aSD
  bSD
  cSD
  dSD
  aMVS_mc
  bMVS_mc
  cMVS_mc
  dMVS_mc
  aST_mc
  bST_mc
  cST_mc
  dST_mc
  aSD_mc
  bSD_mc
  cSD_mc
  dSD_mc
  bMEANING
  cMEANING
  dMEANING
  bMEAN_L
  cMEAN_L
  dMEAN_L
  bMEANNGc
  cMEANNGc
  dMEANNGc
  bMEANGlc
  cMEANGlc
  dMEANGlc
  bCLASSIC
  cCLASSIC
  dCLASSIC
  bCLASSCc
  cCLASSCc
  dCLASSCc
  bAGR_VAL
  cAGR_VAL
  dAGR_VAL
  bOPN_VAL
  cOPN_VAL
  dOPN_VAL
  bAGR_VLc
  cAGR_VLc
  dAGR_VLc
  bOPNVALc
  cOPNVALc
  dOPNVALc
  aMV_pomp
  bMV_pomp
  cMV_pomp
  dMV_pomp
  aST_pomp
  bST_pomp
  cST_pomp
  dST_pomp
  aSD_pomp
  bSD_pomp
  cSD_pomp
  dSD_pomp
  agoal_ec
  bgoal_ec
  cgoal_ec
  dgoal_ec
  aAspfinc
  bAspfinc
  cAspfinc
  dAspfinc
  abfi_hp8
  bbfi_hp8
  cbfi_hp8
  dbfi_hp8
  aP_S_BFI
  aP_D_BFI
  aECgoalc
  bECgoalC
  cECgoalC
  dECgoalC
  aaspfin
  baspfin
  caspfin
  daspfin;

  USEVARIABLES =
  aBFA_NW
  bBFA_NW
  cBFA_NW
  dBFA_NW
  aVRT_IND
  bVRT_IND
  cVRT_IND
  dVRT_IND
  bage_c
  cage_c
  dage_c
  ;

  missing = all (-9999);

  USEOBSERVATIONS are Sample == 2; ! College Sample

  tscores = bage_c cage_c dage_c;

  DEFINE:
  bage_c = aAGE + 1 - 20.5;
  cage_c = aAGE + 2 - 20.5;
  dage_c = aAGE + 3 - 20.5;

  ANALYSIS:
  TYPE=RANDOM;
  PROCESSORS = 8;

  MODEL:

  i_BFA_NW s_BFA_NW | bBFA_NW cBFA_NW dBFA_NW AT bage_c cage_c dage_c;
  i_VRT_IND s_VRT_IND | bVRT_IND cVRT_IND dVRT_IND AT bage_c cage_c dage_c;


  !After Bollen and Curran initial observation is not part of LGM

  dBFA_NW on cBFA_NW (a); ! Autoregressive paths constrained to equality
  cBFA_NW on bBFA_NW (a);
  bBFA_NW on aBFA_NW (a);

  dVRT_IND on cVRT_IND (b); ! Autoregressive paths constrained to equality
  cVRT_IND on bVRT_IND (b);
  bVRT_IND on aVRT_IND (b);

  bBFA_NW cBFA_NW dBFA_NW (c); !Equality constraint on residuals
  bVRT_IND cVRT_IND dVRT_IND (d); !Equality constraint on residuals

  dVRT_IND on cBFA_NW (x); ! Cross-lagged paths constrained to equality
  cVRT_IND on bBFA_NW (x);
  bVRT_IND on aBFA_NW (x);

  dBFA_NW on cVRT_IND (y); ! Cross-lagged paths constrained to equality
  cBFA_NW on bVRT_IND (y);
  bBFA_NW on aVRT_IND (y);

  dVRT_IND with dBFA_NW (w); ! within-wave correlations constrained to equality
  cVRT_IND with cBFA_NW (w);
  bVRT_IND with bBFA_NW (w);

  aBFA_NW aVRT_IND i_BFA_NW i_VRT_IND
  s_VRT_IND
  with
  s_VRT_IND
  aBFA_NW aVRT_IND i_BFA_NW i_VRT_IND;

  s_BFA_NW@0;


  OUTPUT: SAMPSTAT PATTERNS;



*** WARNING
  Variable name contains more than 8 characters.
  Only the first 8 characters will be printed in the output.
  Variable: I_VRT_IND
*** WARNING
  Variable name contains more than 8 characters.
  Only the first 8 characters will be printed in the output.
  Variable: S_VRT_IND
*** WARNING in MODEL command
  All continuous latent variable covariances involving S_BFA_NW have been fixed to 0
  because the variance of S_BFA_NW is fixed at 0.
*** WARNING
  Data set contains cases with missing on all variables.
  These cases were not included in the analysis.
  Number of cases with missing on all variables:  1
   4 WARNING(S) FOUND IN THE INPUT INSTRUCTIONS



PxVx Univariate - Col MeanOnly BFA_NW with Lin VRT_IND;

SUMMARY OF ANALYSIS

Number of groups                                                 1
Number of observations                                         279

Number of dependent variables                                    6
Number of independent variables                                  2
Number of continuous latent variables                            4

Observed dependent variables

  Continuous
   BBFA_NW     CBFA_NW     DBFA_NW     BVRT_IND    CVRT_IND    DVRT_IND

Observed independent variables
   ABFA_NW     AVRT_IND

Continuous latent variables
   I_BFA_NW    S_BFA_NW    I_VRT_IN    S_VRT_IN

Variables with special functions

  Time scores
   BAGE_C      CAGE_C      DAGE_C


Estimator                                                      MLR
Information matrix                                        OBSERVED
Maximum number of iterations                                   100
Convergence criterion                                    0.100D-05
Maximum number of EM iterations                                500
Convergence criteria for the EM algorithm
  Loglikelihood change                                   0.100D-02
  Relative loglikelihood change                          0.100D-05
  Derivative                                             0.100D-03
Minimum variance                                         0.100D-03
Maximum number of steepest descent iterations                   20
Maximum number of iterations for H1                           2000
Convergence criterion for H1                             0.100D-03
Optimization algorithm                                         EMA

Input data file(s)
  E:\Projects\lnt_pxvx\Data\LT_227.txt
Input data format  FREE


SUMMARY OF DATA

     Number of missing data patterns            13


SUMMARY OF MISSING DATA PATTERNS


     MISSING DATA PATTERNS (x = not missing)

           1  2  3  4  5  6  7  8  9 10 11 12 13
 BBFA_NW   x  x     x        x  x              x
 CBFA_NW   x  x  x                 x  x
 DBFA_NW   x              x  x  x  x  x
 BVRT_IND  x  x     x           x
 CVRT_IND  x  x  x                 x  x
 DVRT_IND  x              x     x     x
 ABFA_NW   x  x  x  x  x  x  x  x  x  x  x     x
 AVRT_IND  x  x  x  x  x  x  x  x  x  x     x  x


     MISSING DATA PATTERN FREQUENCIES

    Pattern   Frequency     Pattern   Frequency     Pattern   Frequency
          1         140           6          11          11           2
          2          12           7           1          12           1
          3           5           8          16          13           2
          4          27           9           1
          5          51          10          10


COVARIANCE COVERAGE OF DATA

Minimum covariance coverage value   0.100


     PROPORTION OF DATA PRESENT


           Covariance Coverage
              BBFA_NW       CBFA_NW       DBFA_NW       BVRT_IND      CVRT_IND
              ________      ________      ________      ________      ________
 BBFA_NW        0.710
 CBFA_NW        0.545         0.602
 DBFA_NW        0.563         0.541         0.642
 BVRT_IND       0.699         0.545         0.559         0.699
 CVRT_IND       0.545         0.602         0.541         0.545         0.602
 DVRT_IND       0.559         0.538         0.634         0.559         0.538
 ABFA_NW        0.710         0.602         0.642         0.699         0.602
 AVRT_IND       0.710         0.602         0.642         0.699         0.602


           Covariance Coverage
              DVRT_IND      ABFA_NW       AVRT_IND
              ________      ________      ________
 DVRT_IND       0.634
 ABFA_NW        0.634         0.996
 AVRT_IND       0.634         0.989         0.993


SAMPLE STATISTICS


     ESTIMATED SAMPLE STATISTICS


           Means
              BBFA_NW       CBFA_NW       DBFA_NW       BVRT_IND      CVRT_IND
              ________      ________      ________      ________      ________
 1             47.806        47.754        47.494        47.091        47.851


           Means
              DVRT_IND      ABFA_NW       AVRT_IND
              ________      ________      ________
 1             47.057        48.511        49.320


           Covariances
              BBFA_NW       CBFA_NW       DBFA_NW       BVRT_IND      CVRT_IND
              ________      ________      ________      ________      ________
 BBFA_NW      351.213
 CBFA_NW      255.952       360.769
 DBFA_NW      258.245       268.093       323.925
 BVRT_IND      34.058       -10.858         8.613       383.996
 CVRT_IND      -3.421        -4.953        -1.391       267.320       402.224
 DVRT_IND      36.543        18.256        40.039       252.781       282.330
 ABFA_NW      240.603       220.219       220.260        32.228        19.328
 AVRT_IND      14.343       -16.738         5.566       264.178       266.533


           Covariances
              DVRT_IND      ABFA_NW       AVRT_IND
              ________      ________      ________
 DVRT_IND     405.791
 ABFA_NW       46.393       334.139
 AVRT_IND     240.327        40.198       388.111


           Correlations
              BBFA_NW       CBFA_NW       DBFA_NW       BVRT_IND      CVRT_IND
              ________      ________      ________      ________      ________
 BBFA_NW        1.000
 CBFA_NW        0.719         1.000
 DBFA_NW        0.766         0.784         1.000
 BVRT_IND       0.093        -0.029         0.024         1.000
 CVRT_IND      -0.009        -0.013        -0.004         0.680         1.000
 DVRT_IND       0.097         0.048         0.110         0.640         0.699
 ABFA_NW        0.702         0.634         0.669         0.090         0.053
 AVRT_IND       0.039        -0.045         0.016         0.684         0.675


           Correlations
              DVRT_IND      ABFA_NW       AVRT_IND
              ________      ________      ________
 DVRT_IND       1.000
 ABFA_NW        0.126         1.000
 AVRT_IND       0.606         0.112         1.000


     MAXIMUM LOG-LIKELIHOOD VALUE FOR THE UNRESTRICTED (H1) MODEL IS -6729.084


THE MODEL ESTIMATION TERMINATED NORMALLY



MODEL FIT INFORMATION

Number of Free Parameters                       28

Loglikelihood

          H0 Value                       -6734.703
          H0 Scaling Correction Factor       1.091
            for MLR

Information Criteria

          Akaike (AIC)                   13525.406
          Bayesian (BIC)                 13627.080
          Sample-Size Adjusted BIC       13538.294
            (n* = (n + 2) / 24)



MODEL RESULTS

                                                    Two-Tailed
                    Estimate       S.E.  Est./S.E.    P-Value

 DBFA_NW    ON
    CBFA_NW            0.078      0.060      1.310      0.190
    CVRT_IND          -0.001      0.057     -0.024      0.980

 CBFA_NW    ON
    BBFA_NW            0.078      0.060      1.310      0.190
    BVRT_IND          -0.001      0.057     -0.024      0.980

 BBFA_NW    ON
    ABFA_NW            0.078      0.060      1.310      0.190
    AVRT_IND          -0.001      0.057     -0.024      0.980

 DVRT_IND   ON
    CVRT_IND          -0.026      0.146     -0.179      0.858
    CBFA_NW           -0.018      0.090     -0.197      0.844

 CVRT_IND   ON
    BVRT_IND          -0.026      0.146     -0.179      0.858
    BBFA_NW           -0.018      0.090     -0.197      0.844

 BVRT_IND   ON
    AVRT_IND          -0.026      0.146     -0.179      0.858
    ABFA_NW           -0.018      0.090     -0.197      0.844

 I_VRT_IN WITH
    I_BFA_NW          -8.894     44.134     -0.202      0.840

 S_VRT_IN WITH
    I_BFA_NW          10.445     11.252      0.928      0.353
    I_VRT_IND        -33.921     21.012     -1.614      0.106

 ABFA_NW  WITH
    I_BFA_NW         207.797     28.400      7.317      0.000
    I_VRT_IND         23.654     46.739      0.506      0.613
    S_VRT_IND          7.547     12.354      0.611      0.541

 AVRT_IND WITH
    I_BFA_NW           1.138     27.839      0.041      0.967
    I_VRT_IND        289.080     63.277      4.569      0.000
    S_VRT_IND        -11.114     12.686     -0.876      0.381

 DVRT_IND WITH
    DBFA_NW           15.733      7.012      2.244      0.025

 CVRT_IND WITH
    CBFA_NW           15.733      7.012      2.244      0.025

 BVRT_IND WITH
    BBFA_NW           15.733      7.012      2.244      0.025

 AVRT_IND WITH
    ABFA_NW           40.198     24.706      1.627      0.104

 Means
    ABFA_NW           48.511      1.097     44.206      0.000
    AVRT_IND          49.320      1.186     41.570      0.000
    I_BFA_NW          44.380      4.082     10.872      0.000
    S_BFA_NW          -0.208      0.460     -0.452      0.651
    I_VRT_IND         49.738      7.443      6.682      0.000
    S_VRT_IND         -0.122      0.606     -0.201      0.841

 Intercepts
    BBFA_NW            0.000      0.000    999.000    999.000
    CBFA_NW            0.000      0.000    999.000    999.000
    DBFA_NW            0.000      0.000    999.000    999.000
    BVRT_IND           0.000      0.000    999.000    999.000
    CVRT_IND           0.000      0.000    999.000    999.000
    DVRT_IND           0.000      0.000    999.000    999.000

 Variances
    ABFA_NW          334.139     27.033     12.360      0.000
    AVRT_IND         388.111     31.345     12.382      0.000
    I_BFA_NW         220.246     40.357      5.457      0.000
    S_BFA_NW           0.000      0.000    999.000    999.000
    I_VRT_IND        347.174    123.724      2.806      0.005
    S_VRT_IND         18.166     10.709      1.696      0.090

 Residual Variances
    BBFA_NW           88.605      9.146      9.688      0.000
    CBFA_NW           88.605      9.146      9.688      0.000
    DBFA_NW           88.605      9.146      9.688      0.000
    BVRT_IND         109.793     19.372      5.667      0.000
    CVRT_IND         109.793     19.372      5.667      0.000
    DVRT_IND         109.793     19.372      5.667      0.000


QUALITY OF NUMERICAL RESULTS

     Condition Number for the Information Matrix              0.157E-06
       (ratio of smallest to largest eigenvalue)


     Beginning Time:  18:29:36
        Ending Time:  18:29:37
       Elapsed Time:  00:00:01



MUTHEN & MUTHEN
3463 Stoner Ave.
Los Angeles, CA  90066

Tel: (310) 391-9971
Fax: (310) 391-8971
Web: www.StatModel.com
Support: Support@StatModel.com

Copyright (c) 1998-2011 Muthen & Muthen
