Mplus VERSION 6.12
MUTHEN & MUTHEN
03/09/2016   7:37 PM

INPUT INSTRUCTIONS


  title: PxVx Univariate - Nat Lin BFA_NW with Lin USI;
  data: file = E:\Projects\lnt_pxvx\Data\LT_227.txt;


  variable:
  names =
  subjid
  Sample
  aGENDER
  aAGE
  aethnic1
  aethnic2
  aedu_mom
  aedu_dad
  aEDUCATN
  bEDUCATN
  cEDUCATN
  aEMPLOYD
  bEMPLOYD
  cEMPLOYD
  dEMPLOYD
  aINCOME
  bINCOME
  cINCOME
  dINCOME
  aS_SCALE
  bS_SCALE
  cS_SCALE
  dS_SCALE
  aD_SCALE
  bD_SCALE
  cD_SCALE
  dD_SCALE
  aS_COMP
  bS_COMP
  cS_COMP
  dS_COMP
  aD_COMP
  bD_COMP
  cD_COMP
  dD_COMP
  aBFI_A
  aBFI_A6
  aBFI_C
  aBFI_E
  aBFI_HP
  aBFI_N
  aBFI_O
  bBFI_A
  bBFI_A6
  bBFI_C
  bBFI_E
  bBFI_HP
  bBFI_N
  bBFI_O
  cBFI_A
  cBFI_A6
  cBFI_C
  cBFI_E
  cBFI_HP
  cBFI_N
  cBFI_O
  dBFI_A
  dBFI_A6
  dBFI_C
  dBFI_E
  dBFI_HP
  dBFI_N
  dBFI_O
  aBFA_AC
  aBFA_AP
  aBFA_CI
  aBFA_CO
  aBFA_EA
  aBFA_EE
  aBFA_N9
  aBFA_NV
  aBFA_NW
  aBFA_OI
  aBFA_OO
  aBFA_PS
  aBFA_MT
  bBFA_AC
  bBFA_AP
  bBFA_CI
  bBFA_CO
  bBFA_EA
  bBFA_EE
  bBFA_N9
  bBFA_NV
  bBFA_NW
  bBFA_OI
  bBFA_OO
  bBFA_MT
  bBFA_PS
  cBFA_AC
  cBFA_AP
  cBFA_CI
  cBFA_CO
  cBFA_EA
  cBFA_EE
  cBFA_N9
  cBFA_NV
  cBFA_NW
  cBFA_OI
  cBFA_OO
  cBFA_MT
  cBFA_PS
  dBFA_AC
  dBFA_AP
  dBFA_CI
  dBFA_CO
  dBFA_EA
  dBFA_EE
  dBFA_N9
  dBFA_NV
  dBFA_NW
  dBFA_OI
  dBFA_OO
  dBFA_MT
  dBFA_PS
  aUSI
  bUSI
  cUSI
  dUSI
  aHRZ_IND
  bHRZ_IND
  cHRZ_IND
  dHRZ_IND
  aVRT_IND
  bVRT_IND
  cVRT_IND
  dVRT_IND
  aHRZ_COL
  bHRZ_COL
  cHRZ_COL
  dHRZ_COL
  aVRT_COL
  bVRT_COL
  cVRT_COL
  dVRT_COL
  aCOLLCTV
  bCOLLCTV
  cCOLLCTV
  dCOLLCTV
  aMVS
  bMVS
  cMVS
  dMVS
  aST
  bST
  cST
  dST
  aSD
  bSD
  cSD
  dSD
  aMVS_mc
  bMVS_mc
  cMVS_mc
  dMVS_mc
  aST_mc
  bST_mc
  cST_mc
  dST_mc
  aSD_mc
  bSD_mc
  cSD_mc
  dSD_mc
  bMEANING
  cMEANING
  dMEANING
  bMEAN_L
  cMEAN_L
  dMEAN_L
  bMEANNGc
  cMEANNGc
  dMEANNGc
  bMEANGlc
  cMEANGlc
  dMEANGlc
  bCLASSIC
  cCLASSIC
  dCLASSIC
  bCLASSCc
  cCLASSCc
  dCLASSCc
  bAGR_VAL
  cAGR_VAL
  dAGR_VAL
  bOPN_VAL
  cOPN_VAL
  dOPN_VAL
  bAGR_VLc
  cAGR_VLc
  dAGR_VLc
  bOPNVALc
  cOPNVALc
  dOPNVALc
  aMV_pomp
  bMV_pomp
  cMV_pomp
  dMV_pomp
  aST_pomp
  bST_pomp
  cST_pomp
  dST_pomp
  aSD_pomp
  bSD_pomp
  cSD_pomp
  dSD_pomp
  agoal_ec
  bgoal_ec
  cgoal_ec
  dgoal_ec
  aAspfinc
  bAspfinc
  cAspfinc
  dAspfinc
  abfi_hp8
  bbfi_hp8
  cbfi_hp8
  dbfi_hp8
  aP_S_BFI
  aP_D_BFI
  aECgoalc
  bECgoalC
  cECgoalC
  dECgoalC
  aaspfin
  baspfin
  caspfin
  daspfin;


  USEVARIABLES =
  aBFA_NW
  bBFA_NW
  cBFA_NW
  dBFA_NW
  aUSI
  bUSI
  cUSI
  dUSI
  bage_c
  cage_c
  dage_c
  ;

  missing = all (-9999);

  USEOBSERVATIONS are Sample == 1; ! National Sample

  tscores = bage_c cage_c dage_c;

  DEFINE:
  bage_c = aAGE + 1 - 36;
  cage_c = aAGE + 2 - 36;
  dage_c = aAGE + 3 - 36;

  ANALYSIS:
  TYPE=RANDOM;
  PROCESSORS = 8;

  MODEL:

  i_BFA_NW s_BFA_NW | bBFA_NW cBFA_NW dBFA_NW AT bage_c cage_c dage_c;
  i_USI s_USI | bUSI cUSI dUSI AT bage_c cage_c dage_c;


  !After Bollen and Curran initial observation is not part of LGM

  dBFA_NW on cBFA_NW (a); ! Autoregressive paths constrained to equality
  cBFA_NW on bBFA_NW (a);
  bBFA_NW on aBFA_NW (a);

  dUSI on cUSI (b); ! Autoregressive paths constrained to equality
  cUSI on bUSI (b);
  bUSI on aUSI (b);

  bBFA_NW cBFA_NW dBFA_NW (c); !Equality constraint on residuals
  bUSI cUSI dUSI (d); !Equality constraint on residuals

  dUSI on cBFA_NW (x); ! Cross-lagged paths constrained to equality
  cUSI on bBFA_NW (x);
  bUSI on aBFA_NW (x);

  dBFA_NW on cUSI (y); ! Cross-lagged paths constrained to equality
  cBFA_NW on bUSI (y);
  bBFA_NW on aUSI (y);

  dUSI with dBFA_NW (w); ! within-wave correlations constrained to equality
  cUSI with cBFA_NW (w);
  bUSI with bBFA_NW (w);

  aBFA_NW aUSI i_BFA_NW i_USI
  s_BFA_NW
  s_USI
  with
  s_BFA_NW
  s_USI
  aBFA_NW aUSI i_BFA_NW i_USI;



  OUTPUT: SAMPSTAT PATTERNS;



*** WARNING
  Data set contains cases with missing on time scores but non-missing on the
  corresponding dependent variables.  These cases were not included in the analysis.
  Number of such cases:  5
   1 WARNING(S) FOUND IN THE INPUT INSTRUCTIONS



PxVx Univariate - Nat Lin BFA_NW with Lin USI;

SUMMARY OF ANALYSIS

Number of groups                                                 1
Number of observations                                         874

Number of dependent variables                                    6
Number of independent variables                                  2
Number of continuous latent variables                            4

Observed dependent variables

  Continuous
   BBFA_NW     CBFA_NW     DBFA_NW     BUSI        CUSI        DUSI

Observed independent variables
   ABFA_NW     AUSI

Continuous latent variables
   I_BFA_NW    S_BFA_NW    I_USI       S_USI

Variables with special functions

  Time scores
   BAGE_C      CAGE_C      DAGE_C


Estimator                                                      MLR
Information matrix                                        OBSERVED
Maximum number of iterations                                   100
Convergence criterion                                    0.100D-05
Maximum number of EM iterations                                500
Convergence criteria for the EM algorithm
  Loglikelihood change                                   0.100D-02
  Relative loglikelihood change                          0.100D-05
  Derivative                                             0.100D-03
Minimum variance                                         0.100D-03
Maximum number of steepest descent iterations                   20
Maximum number of iterations for H1                           2000
Convergence criterion for H1                             0.100D-03
Optimization algorithm                                         EMA

Input data file(s)
  E:\Projects\lnt_pxvx\Data\LT_227.txt
Input data format  FREE


SUMMARY OF DATA

     Number of missing data patterns            19


SUMMARY OF MISSING DATA PATTERNS


     MISSING DATA PATTERNS (x = not missing)

           1  2  3  4  5  6  7  8  9 10 11 12 13 14 15 16 17 18 19
 BBFA_NW   x     x  x     x     x     x  x  x     x     x     x
 CBFA_NW   x           x  x     x  x     x  x  x  x        x  x
 DBFA_NW   x     x     x  x  x              x  x  x     x        x
 BUSI      x     x  x     x     x        x     x  x           x
 CUSI      x           x        x  x        x  x  x           x
 DUSI      x     x     x  x  x              x  x  x     x     x
 ABFA_NW   x  x  x  x  x  x  x  x  x  x  x  x  x     x  x  x  x  x
 AUSI      x  x  x  x  x  x  x  x  x  x  x  x  x  x     x  x  x  x


     MISSING DATA PATTERN FREQUENCIES

    Pattern   Frequency     Pattern   Frequency     Pattern   Frequency
          1         492           8          46          15           1
          2         169           9          23          16           1
          3          26          10           5          17           1
          4          52          11           1          18           1
          5          21          12           3          19           1
          6           2          13           2
          7          24          14           3


COVARIANCE COVERAGE OF DATA

Minimum covariance coverage value   0.100


     PROPORTION OF DATA PRESENT


           Covariance Coverage
              BBFA_NW       CBFA_NW       DBFA_NW       BUSI          CUSI
              ________      ________      ________      ________      ________
 BBFA_NW        0.723
 CBFA_NW        0.627         0.681
 DBFA_NW        0.603         0.598         0.658
 BUSI           0.713         0.626         0.601         0.715
 CUSI           0.624         0.676         0.596         0.622         0.676
 DUSI           0.604         0.600         0.657         0.602         0.597
 ABFA_NW        0.720         0.677         0.654         0.712         0.673
 AUSI           0.723         0.681         0.658         0.715         0.676


           Covariance Coverage
              DUSI          ABFA_NW       AUSI
              ________      ________      ________
 DUSI           0.658
 ABFA_NW        0.654         0.997
 AUSI           0.658         0.995         0.999


SAMPLE STATISTICS


     ESTIMATED SAMPLE STATISTICS


           Means
              BBFA_NW       CBFA_NW       DBFA_NW       BUSI          CUSI
              ________      ________      ________      ________      ________
 1             46.035        46.215        46.015        28.570        28.573


           Means
              DUSI          ABFA_NW       AUSI
              ________      ________      ________
 1             28.594        45.922        29.082


           Covariances
              BBFA_NW       CBFA_NW       DBFA_NW       BUSI          CUSI
              ________      ________      ________      ________      ________
 BBFA_NW      406.636
 CBFA_NW      345.731       428.332
 DBFA_NW      349.521       372.033       436.812
 BUSI          31.089        26.016        29.879       275.265
 CUSI          30.218        39.881        35.741       212.938       280.940
 DUSI          25.832        20.670        22.569       198.871       220.102
 ABFA_NW      341.229       331.644       338.565        12.412        16.668
 AUSI          21.850        25.215        21.512       205.906       203.217


           Covariances
              DUSI          ABFA_NW       AUSI
              ________      ________      ________
 DUSI         261.686
 ABFA_NW        6.919       430.339
 AUSI         191.705        12.228       267.131


           Correlations
              BBFA_NW       CBFA_NW       DBFA_NW       BUSI          CUSI
              ________      ________      ________      ________      ________
 BBFA_NW        1.000
 CBFA_NW        0.828         1.000
 DBFA_NW        0.829         0.860         1.000
 BUSI           0.093         0.076         0.086         1.000
 CUSI           0.089         0.115         0.102         0.766         1.000
 DUSI           0.079         0.062         0.067         0.741         0.812
 ABFA_NW        0.816         0.772         0.781         0.036         0.048
 AUSI           0.066         0.075         0.063         0.759         0.742


           Correlations
              DUSI          ABFA_NW       AUSI
              ________      ________      ________
 DUSI           1.000
 ABFA_NW        0.021         1.000
 AUSI           0.725         0.036         1.000


     MAXIMUM LOG-LIKELIHOOD VALUE FOR THE UNRESTRICTED (H1) MODEL IS -21052.324


THE MODEL ESTIMATION TERMINATED NORMALLY



MODEL FIT INFORMATION

Number of Free Parameters                       34

Loglikelihood

          H0 Value                      -21058.963
          H0 Scaling Correction Factor       1.118
            for MLR

Information Criteria

          Akaike (AIC)                   42185.925
          Bayesian (BIC)                 42348.210
          Sample-Size Adjusted BIC       42240.234
            (n* = (n + 2) / 24)



MODEL RESULTS

                                                    Two-Tailed
                    Estimate       S.E.  Est./S.E.    P-Value

 DBFA_NW    ON
    CBFA_NW            0.159      0.043      3.689      0.000
    CUSI              -0.035      0.044     -0.803      0.422

 CBFA_NW    ON
    BBFA_NW            0.159      0.043      3.689      0.000
    BUSI              -0.035      0.044     -0.803      0.422

 BBFA_NW    ON
    ABFA_NW            0.159      0.043      3.689      0.000
    AUSI              -0.035      0.044     -0.803      0.422

 DUSI       ON
    CUSI               0.160      0.047      3.397      0.001
    CBFA_NW           -0.058      0.035     -1.656      0.098

 CUSI       ON
    BUSI               0.160      0.047      3.397      0.001
    BBFA_NW           -0.058      0.035     -1.656      0.098

 BUSI       ON
    AUSI               0.160      0.047      3.397      0.001
    ABFA_NW           -0.058      0.035     -1.656      0.098

 S_BFA_NW WITH
    I_BFA_NW          -0.150      0.509     -0.295      0.768

 I_USI    WITH
    I_BFA_NW          41.498     17.059      2.433      0.015
    S_BFA_NW          -0.383      2.276     -0.168      0.866

 S_USI    WITH
    I_BFA_NW           0.619      2.308      0.268      0.788
    S_BFA_NW           0.004      0.025      0.148      0.882
    I_USI             -0.066      0.352     -0.187      0.852

 ABFA_NW  WITH
    I_BFA_NW         275.849     21.830     12.636      0.000
    S_BFA_NW           0.137      0.731      0.187      0.852
    I_USI             30.855     16.699      1.848      0.065
    S_USI             -0.497      0.667     -0.745      0.456

 AUSI     WITH
    I_BFA_NW          25.271     13.743      1.839      0.066
    S_BFA_NW           0.221      0.642      0.344      0.731
    I_USI            162.647     13.388     12.149      0.000
    S_USI              0.750      0.518      1.449      0.147

 DUSI     WITH
    DBFA_NW            1.675      2.692      0.622      0.534

 CUSI     WITH
    CBFA_NW            1.675      2.692      0.622      0.534

 BUSI     WITH
    BBFA_NW            1.675      2.692      0.622      0.534

 AUSI     WITH
    ABFA_NW           12.213     11.309      1.080      0.280

 Means
    ABFA_NW           45.924      0.700     65.571      0.000
    AUSI              29.083      0.553     52.620      0.000
    I_BFA_NW          39.915      2.215     18.018      0.000
    S_BFA_NW          -0.072      0.037     -1.959      0.050
    I_USI             26.737      1.917     13.944      0.000
    S_USI             -0.038      0.032     -1.199      0.230

 Intercepts
    BBFA_NW            0.000      0.000    999.000    999.000
    CBFA_NW            0.000      0.000    999.000    999.000
    DBFA_NW            0.000      0.000    999.000    999.000
    BUSI               0.000      0.000    999.000    999.000
    CUSI               0.000      0.000    999.000    999.000
    DUSI               0.000      0.000    999.000    999.000

 Variances
    ABFA_NW          430.256     18.539     23.208      0.000
    AUSI             267.131     10.767     24.811      0.000
    I_BFA_NW         243.309     30.979      7.854      0.000
    S_BFA_NW           0.019      0.075      0.249      0.803
    I_USI            139.062     19.343      7.189      0.000
    S_USI              0.052      0.036      1.425      0.154

 Residual Variances
    BBFA_NW           74.572      4.885     15.267      0.000
    CBFA_NW           74.572      4.885     15.267      0.000
    DBFA_NW           74.572      4.885     15.267      0.000
    BUSI              68.394      4.525     15.116      0.000
    CUSI              68.394      4.525     15.116      0.000
    DUSI              68.394      4.525     15.116      0.000


QUALITY OF NUMERICAL RESULTS

     Condition Number for the Information Matrix              0.238E-05
       (ratio of smallest to largest eigenvalue)


     Beginning Time:  19:37:27
        Ending Time:  19:37:30
       Elapsed Time:  00:00:03



MUTHEN & MUTHEN
3463 Stoner Ave.
Los Angeles, CA  90066

Tel: (310) 391-9971
Fax: (310) 391-8971
Web: www.StatModel.com
Support: Support@StatModel.com

Copyright (c) 1998-2011 Muthen & Muthen
