Mplus VERSION 6.12
MUTHEN & MUTHEN
03/09/2016   8:59 PM

INPUT INSTRUCTIONS


  title: PxVx Univariate - Nat Lin I_D with Lin BFA_MT;
  data: file = E:\Projects\lnt_pxvx\Data\LT_informants3.txt;

  variable:
  names =
  subjid
  Sample
  aGENDER
  aAGE
  aethnic1
  aethnic2
  aedu_mom
  aedu_dad
  aEDUCATN
  bEDUCATN
  cEDUCATN
  aEMPLOYD
  bEMPLOYD
  cEMPLOYD
  dEMPLOYD
  aINCOME
  bINCOME
  cINCOME
  dINCOME
  aS_SCALE
  bS_SCALE
  cS_SCALE
  dS_SCALE
  aD_SCALE
  bD_SCALE
  cD_SCALE
  dD_SCALE
  aS_COMP
  bS_COMP
  cS_COMP
  dS_COMP
  aD_COMP
  bD_COMP
  cD_COMP
  dD_COMP
  aBFI_A
  aBFI_A6
  aBFI_C
  aBFI_E
  aBFI_HP
  aBFI_N
  aBFI_O
  bBFI_A
  bBFI_A6
  bBFI_C
  bBFI_E
  bBFI_HP
  bBFI_N
  bBFI_O
  cBFI_A
  cBFI_A6
  cBFI_C
  cBFI_E
  cBFI_HP
  cBFI_N
  cBFI_O
  dBFI_A
  dBFI_A6
  dBFI_C
  dBFI_E
  dBFI_HP
  dBFI_N
  dBFI_O
  aBFA_AC
  aBFA_AP
  aBFA_CI
  aBFA_CO
  aBFA_EA
  aBFA_EE
  aBFA_N9
  aBFA_NV
  aBFA_NW
  aBFA_OI
  aBFA_OO
  aBFA_PS
  aBFA_MT
  bBFA_AC
  bBFA_AP
  bBFA_CI
  bBFA_CO
  bBFA_EA
  bBFA_EE
  bBFA_N9
  bBFA_NV
  bBFA_NW
  bBFA_OI
  bBFA_OO
  bBFA_MT
  bBFA_PS
  cBFA_AC
  cBFA_AP
  cBFA_CI
  cBFA_CO
  cBFA_EA
  cBFA_EE
  cBFA_N9
  cBFA_NV
  cBFA_NW
  cBFA_OI
  cBFA_OO
  cBFA_MT
  cBFA_PS
  dBFA_AC
  dBFA_AP
  dBFA_CI
  dBFA_CO
  dBFA_EA
  dBFA_EE
  dBFA_N9
  dBFA_NV
  dBFA_NW
  dBFA_OI
  dBFA_OO
  dBFA_MT
  dBFA_PS
  aUSI
  bUSI
  cUSI
  dUSI
  aHRZ_IND
  bHRZ_IND
  cHRZ_IND
  dHRZ_IND
  aVRT_IND
  bVRT_IND
  cVRT_IND
  dVRT_IND
  aHRZ_COL
  bHRZ_COL
  cHRZ_COL
  dHRZ_COL
  aVRT_COL
  bVRT_COL
  cVRT_COL
  dVRT_COL
  aCOLLCTV
  bCOLLCTV
  cCOLLCTV
  dCOLLCTV
  aMVS
  bMVS
  cMVS
  dMVS
  aST
  bST
  cST
  dST
  aSD
  bSD
  cSD
  dSD
  aMVS_mc
  bMVS_mc
  cMVS_mc
  dMVS_mc
  aST_mc
  bST_mc
  cST_mc
  dST_mc
  aSD_mc
  bSD_mc
  cSD_mc
  dSD_mc
  bMEANING
  cMEANING
  dMEANING
  bMEAN_L
  cMEAN_L
  dMEAN_L
  bMEANNGc
  cMEANNGc
  dMEANNGc
  bMEANGlc
  cMEANGlc
  dMEANGlc
  bCLASSIC
  cCLASSIC
  dCLASSIC
  bCLASSCc
  cCLASSCc
  dCLASSCc
  bAGR_VAL
  cAGR_VAL
  dAGR_VAL
  bOPN_VAL
  cOPN_VAL
  dOPN_VAL
  bAGR_VLc
  cAGR_VLc
  dAGR_VLc
  bOPNVALc
  cOPNVALc
  dOPNVALc
  aMV_pomp
  bMV_pomp
  cMV_pomp
  dMV_pomp
  aST_pomp
  bST_pomp
  cST_pomp
  dST_pomp
  aSD_pomp
  bSD_pomp
  cSD_pomp
  dSD_pomp
  agoal_eco
  bgoal_eco
  cgoal_eco
  dgoal_eco
  aAspfinc
  bAspfinc
  cAspfinc
  dAspfinc
  abfi_hp8
  bbfi_hp8
  cbfi_hp8
  dbfi_hp8
  aP_S_BFI
  aP_D_BFI
  aECgoalc
  bECgoalC
  cECgoalC
  dECgoalC
  aaspfin
  baspfin
  caspfin
  daspfin
  aasp_mn2
  basp_mn2
  casp_mn2
  dasp_mn2
  aas12mc2
  aas13mc2
  aas14mc2
  aas15mc2
  aas16mc2
  bas12mc2
  bas13mc2
  bas14mc2
  bas15mc2
  bas16mc2
  cas12mc2
  cas13mc2
  cas14mc2
  cas15mc2
  cas16mc2
  das12mc2
  das13mc2
  das14mc2
  das15mc2
  das16mc2
  aas_f_c2
  bas_f_c2
  cas_f_c2
  das_f_c2
  aI_E
  aI_A
  aI_C
  aI_N
  aI_O
  aI_S
  aI_D
  bI_E
  bI_A
  bI_C
  bI_N
  bI_O
  bI_S
  bI_D
  cI_E
  cI_A
  cI_C
  cI_N
  cI_O
  cI_S
  cI_D
  dI_E
  dI_A
  dI_C
  dI_N
  dI_O
  dI_S
  dI_D
  T1_any_I
  T2_any_I
  T3_any_I
  T4_any_I
  aI_H
  bI_H
  cI_H
  dI_H;



  USEVARIABLES =
  aI_D
  bI_D
  cI_D
  dI_D
  aBFA_MT
  bBFA_MT
  cBFA_MT
  dBFA_MT
  bage_c
  cage_c
  dage_c
  ;

  missing = all (-9999);

  USEOBSERVATIONS are Sample == 1; ! National Sample

  tscores = bage_c cage_c dage_c;

  DEFINE:
  bage_c = aAGE + 1 - 36;
  cage_c = aAGE + 2 - 36;
  dage_c = aAGE + 3 - 36;

  ANALYSIS:
  TYPE=RANDOM;
  PROCESSORS = 8;

  MODEL:

  i_I_D s_I_D | bI_D cI_D dI_D AT bage_c cage_c dage_c;
  i_BFA_MT s_BFA_MT | bBFA_MT cBFA_MT dBFA_MT AT bage_c cage_c dage_c;


  !After Bollen and Curran initial observation is not part of LGM

  dI_D on cI_D (a); ! Autoregressive paths constrained to equality
  cI_D on bI_D (a);
  bI_D on aI_D (a);

  dBFA_MT on cBFA_MT (b); ! Autoregressive paths constrained to equality
  cBFA_MT on bBFA_MT (b);
  bBFA_MT on aBFA_MT (b);

  bI_D cI_D dI_D (c); !Equality constraint on residuals
  bBFA_MT cBFA_MT dBFA_MT (d); !Equality constraint on residuals

  dBFA_MT on cI_D (x); ! Cross-lagged paths constrained to equality
  cBFA_MT on bI_D (x);
  bBFA_MT on aI_D (x);

  dI_D on cBFA_MT (y); ! Cross-lagged paths constrained to equality
  cI_D on bBFA_MT (y);
  bI_D on aBFA_MT (y);

  dBFA_MT with dI_D (w); ! within-wave correlations constrained to equality
  cBFA_MT with cI_D (w);
  bBFA_MT with bI_D (w);

  aI_D aBFA_MT i_I_D i_BFA_MT
  s_I_D
  s_BFA_MT
  with
  s_I_D
  s_BFA_MT
  aI_D aBFA_MT i_I_D i_BFA_MT;



  OUTPUT: SAMPSTAT PATTERNS;



*** WARNING
  Variable name contains more than 8 characters.
  Only the first 8 characters will be printed in the output.
  Variable: AGOAL_ECO
*** WARNING
  Variable name contains more than 8 characters.
  Only the first 8 characters will be printed in the output.
  Variable: BGOAL_ECO
*** WARNING
  Variable name contains more than 8 characters.
  Only the first 8 characters will be printed in the output.
  Variable: CGOAL_ECO
*** WARNING
  Variable name contains more than 8 characters.
  Only the first 8 characters will be printed in the output.
  Variable: DGOAL_ECO
*** WARNING
  Data set contains cases with missing on time scores but non-missing on the
  corresponding dependent variables.  These cases were not included in the analysis.
  Number of such cases:  4
   5 WARNING(S) FOUND IN THE INPUT INSTRUCTIONS



PxVx Univariate - Nat Lin I_D with Lin BFA_MT;

SUMMARY OF ANALYSIS

Number of groups                                                 1
Number of observations                                         604

Number of dependent variables                                    6
Number of independent variables                                  2
Number of continuous latent variables                            4

Observed dependent variables

  Continuous
   BI_D        CI_D        DI_D        BBFA_MT     CBFA_MT     DBFA_MT

Observed independent variables
   AI_D        ABFA_MT

Continuous latent variables
   I_I_D       S_I_D       I_BFA_MT    S_BFA_MT

Variables with special functions

  Time scores
   BAGE_C      CAGE_C      DAGE_C


Estimator                                                      MLR
Information matrix                                        OBSERVED
Maximum number of iterations                                   100
Convergence criterion                                    0.100D-05
Maximum number of EM iterations                                500
Convergence criteria for the EM algorithm
  Loglikelihood change                                   0.100D-02
  Relative loglikelihood change                          0.100D-05
  Derivative                                             0.100D-03
Minimum variance                                         0.100D-03
Maximum number of steepest descent iterations                   20
Maximum number of iterations for H1                           2000
Convergence criterion for H1                             0.100D-03
Optimization algorithm                                         EMA

Input data file(s)
  E:\Projects\lnt_pxvx\Data\LT_informants3.txt
Input data format  FREE


SUMMARY OF DATA

     Number of missing data patterns            49


SUMMARY OF MISSING DATA PATTERNS


     MISSING DATA PATTERNS (x = not missing)

           1  2  3  4  5  6  7  8  9 10 11 12 13 14 15 16 17 18 19 20
 BI_D      x              x  x  x  x  x     x  x                    x
 CI_D      x        x           x  x  x                 x        x  x
 DI_D      x           x     x  x           x  x     x  x  x
 BBFA_MT   x     x  x  x  x  x  x  x  x     x  x  x  x  x  x  x  x  x
 CBFA_MT   x     x  x     x  x  x  x  x  x  x        x  x  x     x  x
 DBFA_MT   x     x  x  x  x  x  x  x  x  x  x  x  x  x  x  x     x
 AI_D      x  x  x           x     x     x        x        x  x  x
 ABFA_MT   x  x  x  x  x  x  x  x  x  x  x  x  x  x  x  x  x  x  x  x

          21 22 23 24 25 26 27 28 29 30 31 32 33 34 35 36 37 38 39 40
 BI_D      x  x        x     x     x           x     x     x
 CI_D            x  x        x        x  x        x  x           x  x
 DI_D            x                    x     x        x  x     x
 BBFA_MT   x  x  x  x  x     x     x        x  x           x     x
 CBFA_MT   x     x  x     x  x     x  x  x        x  x     x     x  x
 DBFA_MT         x              x     x  x     x     x  x  x  x
 AI_D      x  x  x        x  x  x     x  x        x  x  x  x     x
 ABFA_MT   x  x  x  x  x  x  x  x  x  x  x  x  x  x  x  x  x  x  x  x

          41 42 43 44 45 46 47 48 49
 BI_D         x        x  x     x
 CI_D            x     x  x     x  x
 DI_D      x  x     x  x  x     x  x
 BBFA_MT      x  x  x  x  x  x
 CBFA_MT   x     x     x  x  x  x  x
 DBFA_MT   x  x  x  x  x        x  x
 AI_D      x  x     x  x     x
 ABFA_MT   x  x     x     x  x  x  x


     MISSING DATA PATTERN FREQUENCIES

    Pattern   Frequency     Pattern   Frequency     Pattern   Frequency
          1         170          18          18          35           1
          2          34          19          11          36           2
          3          27          20           6          37          14
          4          18          21           7          38           2
          5           5          22          12          39           2
          6          15          23          16          40           3
          7          17          24           4          41           2
          8          38          25           7          42           6
          9          29          26           6          43           1
         10          16          27          12          44           1
         11           6          28           8          45           1
         12          18          29           2          46           1
         13           2          30           7          47           4
         14           3          31           1          48           1
         15          18          32           1          49           2
         16          13          33           2
         17           9          34           3


COVARIANCE COVERAGE OF DATA

Minimum covariance coverage value   0.100


     PROPORTION OF DATA PRESENT


           Covariance Coverage
              BI_D          CI_D          DI_D          BBFA_MT       CBFA_MT
              ________      ________      ________      ________      ________
 BI_D           0.624
 CI_D           0.455         0.589
 DI_D           0.422         0.414         0.551
 BBFA_MT        0.621         0.560         0.523         0.871
 CBFA_MT        0.576         0.589         0.520         0.776         0.829
 DBFA_MT        0.546         0.538         0.548         0.745         0.747
 AI_D           0.445         0.419         0.384         0.594         0.571
 ABFA_MT        0.623         0.586         0.550         0.868         0.826


           Covariance Coverage
              DBFA_MT       AI_D          ABFA_MT
              ________      ________      ________
 DBFA_MT        0.798
 AI_D           0.548         0.710
 ABFA_MT        0.795         0.709         0.997


SAMPLE STATISTICS


     ESTIMATED SAMPLE STATISTICS


           Means
              BI_D          CI_D          DI_D          BBFA_MT       CBFA_MT
              ________      ________      ________      ________      ________
 1             67.192        64.917        65.297        47.568        47.224


           Means
              DBFA_MT       AI_D          ABFA_MT
              ________      ________      ________
 1             47.305        66.004        47.883


           Covariances
              BI_D          CI_D          DI_D          BBFA_MT       CBFA_MT
              ________      ________      ________      ________      ________
 BI_D         277.718
 CI_D         188.862       284.525
 DI_D         195.479       192.809       305.129
 BBFA_MT      -11.270       -20.219        16.580       229.302
 CBFA_MT      -26.376       -33.960         1.758       189.880       235.099
 DBFA_MT      -13.453       -20.185         5.770       189.215       196.824
 AI_D         164.694       154.277       159.194        -1.026        -4.420
 ABFA_MT      -13.777       -22.487         7.445       185.230       183.713


           Covariances
              DBFA_MT       AI_D          ABFA_MT
              ________      ________      ________
 DBFA_MT      247.772
 AI_D          -1.916       271.554
 ABFA_MT      180.020       -12.168       242.643


           Correlations
              BI_D          CI_D          DI_D          BBFA_MT       CBFA_MT
              ________      ________      ________      ________      ________
 BI_D           1.000
 CI_D           0.672         1.000
 DI_D           0.672         0.654         1.000
 BBFA_MT       -0.045        -0.079         0.063         1.000
 CBFA_MT       -0.103        -0.131         0.007         0.818         1.000
 DBFA_MT       -0.051        -0.076         0.021         0.794         0.816
 AI_D           0.600         0.555         0.553        -0.004        -0.017
 ABFA_MT       -0.053        -0.086         0.027         0.785         0.769


           Correlations
              DBFA_MT       AI_D          ABFA_MT
              ________      ________      ________
 DBFA_MT        1.000
 AI_D          -0.007         1.000
 ABFA_MT        0.734        -0.047         1.000


     MAXIMUM LOG-LIKELIHOOD VALUE FOR THE UNRESTRICTED (H1) MODEL IS -13980.267


THE MODEL ESTIMATION TERMINATED NORMALLY



MODEL FIT INFORMATION

Number of Free Parameters                       34

Loglikelihood

          H0 Value                      -13985.798
          H0 Scaling Correction Factor       1.197
            for MLR

Information Criteria

          Akaike (AIC)                   28039.595
          Bayesian (BIC)                 28189.317
          Sample-Size Adjusted BIC       28081.375
            (n* = (n + 2) / 24)



MODEL RESULTS

                                                    Two-Tailed
                    Estimate       S.E.  Est./S.E.    P-Value

 DI_D       ON
    CI_D               0.050      0.096      0.522      0.602
    CBFA_MT           -0.042      0.082     -0.519      0.603

 CI_D       ON
    BI_D               0.050      0.096      0.522      0.602
    BBFA_MT           -0.042      0.082     -0.519      0.603

 BI_D       ON
    AI_D               0.050      0.096      0.522      0.602
    ABFA_MT           -0.042      0.082     -0.519      0.603

 DBFA_MT    ON
    CBFA_MT            0.120      0.092      1.305      0.192
    CI_D              -0.053      0.061     -0.872      0.383

 CBFA_MT    ON
    BBFA_MT            0.120      0.092      1.305      0.192
    BI_D              -0.053      0.061     -0.872      0.383

 BBFA_MT    ON
    ABFA_MT            0.120      0.092      1.305      0.192
    AI_D              -0.053      0.061     -0.872      0.383

 S_I_D    WITH
    I_I_D             -0.326      0.787     -0.414      0.679

 I_BFA_MT WITH
    I_I_D              8.821     16.390      0.538      0.590
    S_I_D              0.379      3.908      0.097      0.923

 S_BFA_MT WITH
    I_I_D              0.383      3.908      0.098      0.922
    S_I_D             -0.001      0.049     -0.012      0.991
    I_BFA_MT          -0.241      0.428     -0.562      0.574

 AI_D     WITH
    I_I_D            148.541     24.689      6.016      0.000
    S_I_D              0.370      1.105      0.334      0.738
    I_BFA_MT           6.707     14.636      0.458      0.647
    S_BFA_MT           0.238      0.659      0.362      0.718

 ABFA_MT  WITH
    I_I_D              1.365     19.206      0.071      0.943
    S_I_D             -0.145      0.951     -0.153      0.879
    I_BFA_MT         155.772     22.390      6.957      0.000
    S_BFA_MT           0.997      0.575      1.734      0.083

 DBFA_MT  WITH
    DI_D              -5.718      3.473     -1.646      0.100

 CBFA_MT  WITH
    CI_D              -5.718      3.473     -1.646      0.100

 BBFA_MT  WITH
    BI_D              -5.718      3.473     -1.646      0.100

 ABFA_MT  WITH
    AI_D             -11.109     10.404     -1.068      0.286

 Means
    AI_D              66.337      0.753     88.124      0.000
    ABFA_MT           47.896      0.635     75.401      0.000
    I_I_D             64.571      8.584      7.522      0.000
    S_I_D              0.062      0.054      1.148      0.251
    I_BFA_MT          45.257      7.536      6.006      0.000
    S_BFA_MT          -0.001      0.032     -0.019      0.985

 Intercepts
    BI_D               0.000      0.000    999.000    999.000
    CI_D               0.000      0.000    999.000    999.000
    DI_D               0.000      0.000    999.000    999.000
    BBFA_MT            0.000      0.000    999.000    999.000
    CBFA_MT            0.000      0.000    999.000    999.000
    DBFA_MT            0.000      0.000    999.000    999.000

 Variances
    AI_D             270.944     17.100     15.845      0.000
    ABFA_MT          242.669     13.948     17.399      0.000
    I_I_D            167.127     36.865      4.533      0.000
    S_I_D              0.040      0.144      0.278      0.781
    I_BFA_MT         138.920     35.226      3.944      0.000
    S_BFA_MT           0.065      0.043      1.505      0.132

 Residual Variances
    BI_D             101.710      9.925     10.248      0.000
    CI_D             101.710      9.925     10.248      0.000
    DI_D             101.710      9.925     10.248      0.000
    BBFA_MT           48.733      4.840     10.069      0.000
    CBFA_MT           48.733      4.840     10.069      0.000
    DBFA_MT           48.733      4.840     10.069      0.000


QUALITY OF NUMERICAL RESULTS

     Condition Number for the Information Matrix              0.331E-07
       (ratio of smallest to largest eigenvalue)


     Beginning Time:  20:59:15
        Ending Time:  20:59:24
       Elapsed Time:  00:00:09



MUTHEN & MUTHEN
3463 Stoner Ave.
Los Angeles, CA  90066

Tel: (310) 391-9971
Fax: (310) 391-8971
Web: www.StatModel.com
Support: Support@StatModel.com

Copyright (c) 1998-2011 Muthen & Muthen
