Mplus VERSION 6.12
MUTHEN & MUTHEN
03/21/2016   1:04 PM

INPUT INSTRUCTIONS


  title: PxVx Univariate - Nat Lin BFI_A6 with MeanOnly MVI_POMP;
  data: file = E:\Projects\lnt_pxvx\Data\LT_227.txt;


  variable:
  names =
  subjid
  Sample
  aGENDER
  aAGE
  aethnic1
  aethnic2
  aedu_mom
  aedu_dad
  aEDUCATN
  bEDUCATN
  cEDUCATN
  aEMPLOYD
  bEMPLOYD
  cEMPLOYD
  dEMPLOYD
  aINCOME
  bINCOME
  cINCOME
  dINCOME
  aS_SCALE
  bS_SCALE
  cS_SCALE
  dS_SCALE
  aD_SCALE
  bD_SCALE
  cD_SCALE
  dD_SCALE
  aS_COMP
  bS_COMP
  cS_COMP
  dS_COMP
  aD_COMP
  bD_COMP
  cD_COMP
  dD_COMP
  aBFI_A
  aBFI_A6
  aBFI_C
  aBFI_E
  aBFI_HP
  aBFI_N
  aBFI_O
  bBFI_A
  bBFI_A6
  bBFI_C
  bBFI_E
  bBFI_HP
  bBFI_N
  bBFI_O
  cBFI_A
  cBFI_A6
  cBFI_C
  cBFI_E
  cBFI_HP
  cBFI_N
  cBFI_O
  dBFI_A
  dBFI_A6
  dBFI_C
  dBFI_E
  dBFI_HP
  dBFI_N
  dBFI_O
  aBFA_AC
  aBFA_AP
  aBFA_CI
  aBFA_CO
  aBFA_EA
  aBFA_EE
  aBFA_N9
  aBFA_NV
  aBFA_NW
  aBFA_OI
  aBFA_OO
  aBFA_PS
  aBFA_MT
  bBFA_AC
  bBFA_AP
  bBFA_CI
  bBFA_CO
  bBFA_EA
  bBFA_EE
  bBFA_N9
  bBFA_NV
  bBFA_NW
  bBFA_OI
  bBFA_OO
  bBFA_MT
  bBFA_PS
  cBFA_AC
  cBFA_AP
  cBFA_CI
  cBFA_CO
  cBFA_EA
  cBFA_EE
  cBFA_N9
  cBFA_NV
  cBFA_NW
  cBFA_OI
  cBFA_OO
  cBFA_MT
  cBFA_PS
  dBFA_AC
  dBFA_AP
  dBFA_CI
  dBFA_CO
  dBFA_EA
  dBFA_EE
  dBFA_N9
  dBFA_NV
  dBFA_NW
  dBFA_OI
  dBFA_OO
  dBFA_MT
  dBFA_PS
  aUSI
  bUSI
  cUSI
  dUSI
  aHRZ_IND
  bHRZ_IND
  cHRZ_IND
  dHRZ_IND
  aVRT_IND
  bVRT_IND
  cVRT_IND
  dVRT_IND
  aHRZ_COL
  bHRZ_COL
  cHRZ_COL
  dHRZ_COL
  aVRT_COL
  bVRT_COL
  cVRT_COL
  dVRT_COL
  aCOLLCTV
  bCOLLCTV
  cCOLLCTV
  dCOLLCTV
  aMVS
  bMVS
  cMVS
  dMVS
  aST
  bST
  cST
  dST
  aSD
  bSD
  cSD
  dSD
  aMVS_mc
  bMVS_mc
  cMVS_mc
  dMVS_mc
  aST_mc
  bST_mc
  cST_mc
  dST_mc
  aSD_mc
  bSD_mc
  cSD_mc
  dSD_mc
  bMEANING
  cMEANING
  dMEANING
  bMEAN_L
  cMEAN_L
  dMEAN_L
  bMEANNGc
  cMEANNGc
  dMEANNGc
  bMEANGlc
  cMEANGlc
  dMEANGlc
  bCLASSIC
  cCLASSIC
  dCLASSIC
  bCLASSCc
  cCLASSCc
  dCLASSCc
  bAGR_VAL
  cAGR_VAL
  dAGR_VAL
  bOPN_VAL
  cOPN_VAL
  dOPN_VAL
  bAGR_VLc
  cAGR_VLc
  dAGR_VLc
  bOPNVALc
  cOPNVALc
  dOPNVALc
  aMV_pomp
  bMV_pomp
  cMV_pomp
  dMV_pomp
  aST_pomp
  bST_pomp
  cST_pomp
  dST_pomp
  aSD_pomp
  bSD_pomp
  cSD_pomp
  dSD_pomp
  agoal_ec
  bgoal_ec
  cgoal_ec
  dgoal_ec
  aAspfinc
  bAspfinc
  cAspfinc
  dAspfinc
  abfi_hp8
  bbfi_hp8
  cbfi_hp8
  dbfi_hp8
  aP_S_BFI
  aP_D_BFI
  aECgoalc
  bECgoalC
  cECgoalC
  dECgoalC
  aaspfin
  baspfin
  caspfin
  daspfin
  aMVI_POMP
  bMVI_POMP
  cMVI_POMP
  dMVI_POMP;


  USEVARIABLES =
  aBFI_A6
  bBFI_A6
  cBFI_A6
  dBFI_A6
  aMVI_POMP
  bMVI_POMP
  cMVI_POMP
  dMVI_POMP
  bage_c
  cage_c
  dage_c
  ;

  missing = all (-9999);

  USEOBSERVATIONS are Sample == 1; ! National Sample

  tscores = bage_c cage_c dage_c;

  DEFINE:
  bage_c = aAGE + 1 - 36;
  cage_c = aAGE + 2 - 36;
  dage_c = aAGE + 3 - 36;

  ANALYSIS:
  TYPE=RANDOM;
  PROCESSORS = 8;

  MODEL:

  i_BFI_A6 s_BFI_A6 | bBFI_A6 cBFI_A6 dBFI_A6 AT bage_c cage_c dage_c;
  i_MVI_POMP s_MVI_POMP | bMVI_POMP cMVI_POMP dMVI_POMP AT bage_c cage_c dage_c;


  !After Bollen and Curran initial observation is not part of LGM

  dBFI_A6 on cBFI_A6 (a); ! Autoregressive paths constrained to equality
  cBFI_A6 on bBFI_A6 (a);
  bBFI_A6 on aBFI_A6 (a);

  dMVI_POMP on cMVI_POMP (b); ! Autoregressive paths constrained to equality
  cMVI_POMP on bMVI_POMP (b);
  bMVI_POMP on aMVI_POMP (b);

  bBFI_A6 cBFI_A6 dBFI_A6 (c); !Equality constraint on residuals
  bMVI_POMP cMVI_POMP dMVI_POMP (d); !Equality constraint on residuals

  dMVI_POMP on cBFI_A6 (x); ! Cross-lagged paths constrained to equality
  cMVI_POMP on bBFI_A6 (x);
  bMVI_POMP on aBFI_A6 (x);

  dBFI_A6 on cMVI_POMP (y); ! Cross-lagged paths constrained to equality
  cBFI_A6 on bMVI_POMP (y);
  bBFI_A6 on aMVI_POMP (y);

  dMVI_POMP with dBFI_A6 (w); ! within-wave correlations constrained to equality
  cMVI_POMP with cBFI_A6 (w);
  bMVI_POMP with bBFI_A6 (w);

  aBFI_A6 aMVI_POMP i_BFI_A6 i_MVI_POMP
  s_BFI_A6
  with
  s_BFI_A6
  aBFI_A6 aMVI_POMP i_BFI_A6 i_MVI_POMP;


  s_MVI_POMP@0;

  OUTPUT: SAMPSTAT PATTERNS;



*** WARNING
  Variable name contains more than 8 characters.
  Only the first 8 characters will be printed in the output.
  Variable: AMVI_POMP
*** WARNING
  Variable name contains more than 8 characters.
  Only the first 8 characters will be printed in the output.
  Variable: BMVI_POMP
*** WARNING
  Variable name contains more than 8 characters.
  Only the first 8 characters will be printed in the output.
  Variable: CMVI_POMP
*** WARNING
  Variable name contains more than 8 characters.
  Only the first 8 characters will be printed in the output.
  Variable: DMVI_POMP
*** WARNING
  Variable name contains more than 8 characters.
  Only the first 8 characters will be printed in the output.
  Variable: I_MVI_POMP
*** WARNING
  Variable name contains more than 8 characters.
  Only the first 8 characters will be printed in the output.
  Variable: S_MVI_POMP
*** WARNING in MODEL command
  All continuous latent variable covariances involving S_MVI_POMP have been fixed to 0
  because the variance of S_MVI_POMP is fixed at 0.
*** WARNING
  Data set contains cases with missing on time scores but non-missing on the
  corresponding dependent variables.  These cases were not included in the analysis.
  Number of such cases:  16
   8 WARNING(S) FOUND IN THE INPUT INSTRUCTIONS



PxVx Univariate - Nat Lin BFI_A6 with MeanOnly MVI_POMP;

SUMMARY OF ANALYSIS

Number of groups                                                 1
Number of observations                                         863

Number of dependent variables                                    6
Number of independent variables                                  2
Number of continuous latent variables                            4

Observed dependent variables

  Continuous
   BBFI_A6     CBFI_A6     DBFI_A6     BMVI_POMP   CMVI_POMP   DMVI_POMP

Observed independent variables
   ABFI_A6     AMVI_POM

Continuous latent variables
   I_BFI_A6    S_BFI_A6    I_MVI_PO    S_MVI_PO

Variables with special functions

  Time scores
   BAGE_C      CAGE_C      DAGE_C


Estimator                                                      MLR
Information matrix                                        OBSERVED
Maximum number of iterations                                   100
Convergence criterion                                    0.100D-05
Maximum number of EM iterations                                500
Convergence criteria for the EM algorithm
  Loglikelihood change                                   0.100D-02
  Relative loglikelihood change                          0.100D-05
  Derivative                                             0.100D-03
Minimum variance                                         0.100D-03
Maximum number of steepest descent iterations                   20
Maximum number of iterations for H1                           2000
Convergence criterion for H1                             0.100D-03
Optimization algorithm                                         EMA

Input data file(s)
  E:\Projects\lnt_pxvx\Data\LT_227.txt
Input data format  FREE


SUMMARY OF DATA

     Number of missing data patterns            19


SUMMARY OF MISSING DATA PATTERNS


     MISSING DATA PATTERNS (x = not missing)

           1  2  3  4  5  6  7  8  9 10 11 12 13 14 15 16 17 18 19
 BBFI_A6   x     x  x        x     x  x  x  x     x
 CBFI_A6   x           x     x  x     x     x     x     x     x  x
 DBFI_A6   x     x     x  x           x     x  x  x     x  x  x  x
 BMVI_POM  x     x  x        x     x  x           x              x
 CMVI_POM  x           x     x  x     x     x     x     x     x  x
 DMVI_POM  x     x     x  x                 x  x  x           x  x
 ABFI_A6   x  x  x  x  x  x  x  x  x  x  x  x        x  x  x     x
 AMVI_POM  x  x  x  x  x  x  x  x     x  x  x  x        x  x     x


     MISSING DATA PATTERN FREQUENCIES

    Pattern   Frequency     Pattern   Frequency     Pattern   Frequency
          1         492           8          21          15           1
          2         168           9           1          16           2
          3          27          10           1          17           2
          4          48          11           3          18           1
          5          21          12           1          19           1
          6          23          13           1
          7          46          14           3


COVARIANCE COVERAGE OF DATA

Minimum covariance coverage value   0.100


     PROPORTION OF DATA PRESENT


           Covariance Coverage
              BBFI_A6       CBFI_A6       DBFI_A6       BMVI_POM      CMVI_POM
              ________      ________      ________      ________      ________
 BBFI_A6        0.721
 CBFI_A6        0.629         0.683
 DBFI_A6        0.607         0.605         0.666
 BMVI_POM       0.716         0.629         0.607         0.717
 CMVI_POM       0.629         0.683         0.605         0.629         0.683
 DMVI_POM       0.606         0.601         0.660         0.606         0.601
 ABFI_A6        0.717         0.678         0.660         0.714         0.678
 AMVI_POM       0.716         0.678         0.662         0.713         0.678


           Covariance Coverage
              DMVI_POM      ABFI_A6       AMVI_POM
              ________      ________      ________
 DMVI_POM       0.660
 ABFI_A6        0.655         0.994
 AMVI_POM       0.656         0.992         0.993


SAMPLE STATISTICS


     ESTIMATED SAMPLE STATISTICS


           Means
              BBFI_A6       CBFI_A6       DBFI_A6       BMVI_POM      CMVI_POM
              ________      ________      ________      ________      ________
 1             60.041        60.017        60.318        61.327        61.540


           Means
              DMVI_POM      ABFI_A6       AMVI_POM
              ________      ________      ________
 1             61.292        59.723        61.707


           Covariances
              BBFI_A6       CBFI_A6       DBFI_A6       BMVI_POM      CMVI_POM
              ________      ________      ________      ________      ________
 BBFI_A6      351.103
 CBFI_A6      280.521       352.441
 DBFI_A6      272.645       289.346       354.904
 BMVI_POM      48.871        44.318        37.316        68.758
 CMVI_POM      38.602        37.696        33.048        57.914        75.021
 DMVI_POM      37.866        36.292        35.192        53.642        56.248
 ABFI_A6      273.943       270.905       254.579        34.168        28.120
 AMVI_POM      47.346        43.769        37.978        54.572        53.551


           Covariances
              DMVI_POM      ABFI_A6       AMVI_POM
              ________      ________      ________
 DMVI_POM      64.950
 ABFI_A6       25.448       349.210
 AMVI_POM      50.507        38.400        70.434


           Correlations
              BBFI_A6       CBFI_A6       DBFI_A6       BMVI_POM      CMVI_POM
              ________      ________      ________      ________      ________
 BBFI_A6        1.000
 CBFI_A6        0.797         1.000
 DBFI_A6        0.772         0.818         1.000
 BMVI_POM       0.315         0.285         0.239         1.000
 CMVI_POM       0.238         0.232         0.203         0.806         1.000
 DMVI_POM       0.251         0.240         0.232         0.803         0.806
 ABFI_A6        0.782         0.772         0.723         0.221         0.174
 AMVI_POM       0.301         0.278         0.240         0.784         0.737


           Correlations
              DMVI_POM      ABFI_A6       AMVI_POM
              ________      ________      ________
 DMVI_POM       1.000
 ABFI_A6        0.169         1.000
 AMVI_POM       0.747         0.245         1.000


     MAXIMUM LOG-LIKELIHOOD VALUE FOR THE UNRESTRICTED (H1) MODEL IS -18816.766


THE MODEL ESTIMATION TERMINATED NORMALLY



MODEL FIT INFORMATION

Number of Free Parameters                       28

Loglikelihood

          H0 Value                      -18818.949
          H0 Scaling Correction Factor       1.199
            for MLR

Information Criteria

          Akaike (AIC)                   37693.897
          Bayesian (BIC)                 37827.189
          Sample-Size Adjusted BIC       37738.268
            (n* = (n + 2) / 24)



MODEL RESULTS

                                                    Two-Tailed
                    Estimate       S.E.  Est./S.E.    P-Value

 DBFI_A6    ON
    CBFI_A6            0.153      0.069      2.230      0.026
    CMVI_POMP          0.116      0.092      1.253      0.210

 CBFI_A6    ON
    BBFI_A6            0.153      0.069      2.230      0.026
    BMVI_POMP          0.116      0.092      1.253      0.210

 BBFI_A6    ON
    ABFI_A6            0.153      0.069      2.230      0.026
    AMVI_POMP          0.116      0.092      1.253      0.210

 DMVI_POMP  ON
    CMVI_POMP          0.097      0.035      2.770      0.006
    CBFI_A6            0.014      0.019      0.721      0.471

 CMVI_POMP  ON
    BMVI_POMP          0.097      0.035      2.770      0.006
    BBFI_A6            0.014      0.019      0.721      0.471

 BMVI_POMP  ON
    AMVI_POMP          0.097      0.035      2.770      0.006
    ABFI_A6            0.014      0.019      0.721      0.471

 S_BFI_A6 WITH
    I_BFI_A6          -0.340      0.472     -0.721      0.471

 I_MVI_PO WITH
    I_BFI_A6          16.788      9.195      1.826      0.068
    S_BFI_A6           0.045      0.247      0.184      0.854

 ABFI_A6  WITH
    I_BFI_A6         212.315     24.033      8.834      0.000
    S_BFI_A6           0.768      0.649      1.184      0.236
    I_MVI_POMP        20.800      7.227      2.878      0.004

 AMVI_POM WITH
    I_BFI_A6          28.107      7.862      3.575      0.000
    S_BFI_A6           0.323      0.270      1.197      0.231
    I_MVI_POMP        46.197      3.108     14.862      0.000

 DMVI_POM WITH
    DBFI_A6            3.749      1.398      2.682      0.007

 CMVI_POM WITH
    CBFI_A6            3.749      1.398      2.682      0.007

 BMVI_POM WITH
    BBFI_A6            3.749      1.398      2.682      0.007

 AMVI_POM WITH
    ABFI_A6           38.402      5.607      6.849      0.000

 Means
    ABFI_A6           59.722      0.636     93.924      0.000
    AMVI_POMP         61.707      0.286    215.585      0.000
    I_BFI_A6          43.532      6.723      6.475      0.000
    S_BFI_A6           0.125      0.035      3.586      0.000
    I_MVI_POMP        54.547      2.131     25.602      0.000
    S_MVI_POMP         0.046      0.016      2.855      0.004

 Intercepts
    BBFI_A6            0.000      0.000    999.000    999.000
    CBFI_A6            0.000      0.000    999.000    999.000
    DBFI_A6            0.000      0.000    999.000    999.000
    BMVI_POMP          0.000      0.000    999.000    999.000
    CMVI_POMP          0.000      0.000    999.000    999.000
    DMVI_POMP          0.000      0.000    999.000    999.000

 Variances
    ABFI_A6          349.150     15.475     22.562      0.000
    AMVI_POMP         70.458      3.446     20.444      0.000
    I_BFI_A6         175.632     35.957      4.884      0.000
    S_BFI_A6           0.067      0.055      1.214      0.225
    I_MVI_POMP        43.311      4.236     10.224      0.000
    S_MVI_POMP         0.000      0.000    999.000    999.000

 Residual Variances
    BBFI_A6           78.988      6.247     12.643      0.000
    CBFI_A6           78.988      6.247     12.643      0.000
    DBFI_A6           78.988      6.247     12.643      0.000
    BMVI_POMP         14.562      0.847     17.198      0.000
    CMVI_POMP         14.562      0.847     17.198      0.000
    DMVI_POMP         14.562      0.847     17.198      0.000


QUALITY OF NUMERICAL RESULTS

     Condition Number for the Information Matrix              0.182E-05
       (ratio of smallest to largest eigenvalue)


     Beginning Time:  13:04:32
        Ending Time:  13:04:35
       Elapsed Time:  00:00:03



MUTHEN & MUTHEN
3463 Stoner Ave.
Los Angeles, CA  90066

Tel: (310) 391-9971
Fax: (310) 391-8971
Web: www.StatModel.com
Support: Support@StatModel.com

Copyright (c) 1998-2011 Muthen & Muthen
