Mplus VERSION 7 (Mac)
MUTHEN & MUTHEN
10/27/2017   9:58 AM

INPUT INSTRUCTIONS


  title: PxVx Bivariate LCM-SR - Col Linear BFA_OO with Linear BFA_MT;
  data: file = /Users/johnflournoy/code/lnt_pxvx/Data/LT_227.txt;



  variable:
  names =
  subjid
  Sample
  aGENDER
  aAGE
  aethnic1
  aethnic2
  aedu_mom
  aedu_dad
  aEDUCATN
  bEDUCATN
  cEDUCATN
  aEMPLOYD
  bEMPLOYD
  cEMPLOYD
  dEMPLOYD
  aINCOME
  bINCOME
  cINCOME
  dINCOME
  aS_SCALE
  bS_SCALE
  cS_SCALE
  dS_SCALE
  aD_SCALE
  bD_SCALE
  cD_SCALE
  dD_SCALE
  aS_COMP
  bS_COMP
  cS_COMP
  dS_COMP
  aD_COMP
  bD_COMP
  cD_COMP
  dD_COMP
  aBFI_A
  aBFI_A6
  aBFI_C
  aBFI_E
  aBFI_HP
  aBFI_N
  aBFI_O
  bBFI_A
  bBFI_A6
  bBFI_C
  bBFI_E
  bBFI_HP
  bBFI_N
  bBFI_O
  cBFI_A
  cBFI_A6
  cBFI_C
  cBFI_E
  cBFI_HP
  cBFI_N
  cBFI_O
  dBFI_A
  dBFI_A6
  dBFI_C
  dBFI_E
  dBFI_HP
  dBFI_N
  dBFI_O
  aBFA_AC
  aBFA_AP
  aBFA_CI
  aBFA_CO
  aBFA_EA
  aBFA_EE
  aBFA_N9
  aBFA_NV
  aBFA_NW
  aBFA_OI
  aBFA_OO
  aBFA_PS
  aBFA_MT
  bBFA_AC
  bBFA_AP
  bBFA_CI
  bBFA_CO
  bBFA_EA
  bBFA_EE
  bBFA_N9
  bBFA_NV
  bBFA_NW
  bBFA_OI
  bBFA_OO
  bBFA_MT
  bBFA_PS
  cBFA_AC
  cBFA_AP
  cBFA_CI
  cBFA_CO
  cBFA_EA
  cBFA_EE
  cBFA_N9
  cBFA_NV
  cBFA_NW
  cBFA_OI
  cBFA_OO
  cBFA_MT
  cBFA_PS
  dBFA_AC
  dBFA_AP
  dBFA_CI
  dBFA_CO
  dBFA_EA
  dBFA_EE
  dBFA_N9
  dBFA_NV
  dBFA_NW
  dBFA_OI
  dBFA_OO
  dBFA_MT
  dBFA_PS
  aUSI
  bUSI
  cUSI
  dUSI
  aHRZ_IND
  bHRZ_IND
  cHRZ_IND
  dHRZ_IND
  aVRT_IND
  bVRT_IND
  cVRT_IND
  dVRT_IND
  aHRZ_COL
  bHRZ_COL
  cHRZ_COL
  dHRZ_COL
  aVRT_COL
  bVRT_COL
  cVRT_COL
  dVRT_COL
  aCOLLCTV
  bCOLLCTV
  cCOLLCTV
  dCOLLCTV
  aMVS
  bMVS
  cMVS
  dMVS
  aST
  bST
  cST
  dST
  aSD
  bSD
  cSD
  dSD
  aMVS_mc
  bMVS_mc
  cMVS_mc
  dMVS_mc
  aST_mc
  bST_mc
  cST_mc
  dST_mc
  aSD_mc
  bSD_mc
  cSD_mc
  dSD_mc
  bMEANING
  cMEANING
  dMEANING
  bMEAN_L
  cMEAN_L
  dMEAN_L
  bMEANNGc
  cMEANNGc
  dMEANNGc
  bMEANGlc
  cMEANGlc
  dMEANGlc
  bCLASSIC
  cCLASSIC
  dCLASSIC
  bCLASSCc
  cCLASSCc
  dCLASSCc
  bAGR_VAL
  cAGR_VAL
  dAGR_VAL
  bOPN_VAL
  cOPN_VAL
  dOPN_VAL
  bAGR_VLc
  cAGR_VLc
  dAGR_VLc
  bOPNVALc
  cOPNVALc
  dOPNVALc
  aMV_pomp
  bMV_pomp
  cMV_pomp
  dMV_pomp
  aST_pomp
  bST_pomp
  cST_pomp
  dST_pomp
  aSD_pomp
  bSD_pomp
  cSD_pomp
  dSD_pomp
  agoal_ec
  bgoal_ec
  cgoal_ec
  dgoal_ec
  aAspfinc
  bAspfinc
  cAspfinc
  dAspfinc
  abfi_hp8
  bbfi_hp8
  cbfi_hp8
  dbfi_hp8
  aP_S_BFI
  aP_D_BFI
  aECgoalc
  bECgoalC
  cECgoalC
  dECgoalC
  aaspfin
  baspfin
  caspfin
  daspfin
  aMVI_POMP
  bMVI_POMP
  cMVI_POMP
  dMVI_POMP;

  USEVARIABLES =
  aBFA_OO
  bBFA_OO
  cBFA_OO
  dBFA_OO
  aBFA_MT
  bBFA_MT
  cBFA_MT
  dBFA_MT
  a1
  a2
  a3
  a4
  ;

  missing = all (-9999);

  USEOBSERVATIONS are Sample == 2; ! College Sample

  tscores = a1 a2 a3 a4;

  DEFINE:
  a1 = aAGE + 0 - 20.5;
  a2 = aAGE + 1 - 20.5;
  a3 = aAGE + 2 - 20.5;
  a4 = aAGE + 3 - 20.5;

  ANALYSIS:
  TYPE=RANDOM;
  PROCESSORS = 4;
  model=nocovariances; ! supresses default estimation of certain covs in model;

  MODEL:

  i_BFA_OO s_BFA_OO | aBFA_OO bBFA_OO cBFA_OO dBFA_OO AT a1 a2 a3 a4;
  i_BFA_MT s_BFA_MT | aBFA_MT bBFA_MT cBFA_MT dBFA_MT AT a1 a2 a3 a4;

  ! freeing factor covs because of "nocovariances"
  s_BFA_OO WITH i_BFA_OO s_BFA_MT i_BFA_MT;
  i_BFA_OO WITH s_BFA_MT i_BFA_MT;
  s_BFA_MT WITH i_BFA_MT;

  p1 BY aBFA_OO@1; ! Residual "factors";
  p2 BY bBFA_OO@1;
  p3 BY cBFA_OO@1;
  p4 BY dBFA_OO@1;

  v1 BY aBFA_MT@1; ! Residual "factors";
  v2 BY bBFA_MT@1;
  v3 BY cBFA_MT@1;
  v4 BY dBFA_MT@1;

  !residual variances on observed/manifest vars set to 0
  aBFA_OO@0;
  bBFA_OO@0;
  cBFA_OO@0;
  dBFA_OO@0;

  !residual variances on observed/manifest vars set to 0
  aBFA_MT@0;
  bBFA_MT@0;
  cBFA_MT@0;
  dBFA_MT@0;

  ! means of observed/manifest vars set to 0
  [aBFA_OO@0];
  [bBFA_OO@0];
  [cBFA_OO@0];
  [dBFA_OO@0];

  ! means of observed/manifest vars set to 0
  [aBFA_MT@0];
  [bBFA_MT@0];
  [cBFA_MT@0];
  [dBFA_MT@0];

  [p1@0]; ! means of residual "factors" set to 0
  [p2@0];
  [p3@0];
  [p4@0];

  [v1@0]; ! means of residual "factors" set to 0
  [v2@0];
  [v3@0];
  [v4@0];

  p4 on p3 (a); ! Autoregressive paths constrained to equality
  p3 on p2 (a);
  p2 on p1 (a);

  v4 on v3 (b); ! Autoregressive paths constrained to equality
  v3 on v2 (b);
  v2 on v1 (b);

  p4 on v3 (c); ! Cross-lagged paths constrained to equality
  p3 on v2 (c);
  p2 on v1 (c);

  v4 on p3 (d); ! Cross-lagged paths constrained to equality
  v3 on p2 (d);
  v2 on p1 (d);

  p1 with v1 (e); ! Within-wave correlations constrained to equality
  p2 with v2 (e);
  p3 with v3 (e);
  p4 with v4 (e);

  p2 p3 p4 (f); ! estimate variances of residual "factors"
  v2 v3 v4 (g); ! estimate variances of residual "factors"

  OUTPUT: SAMPSTAT PATTERNS;



*** WARNING
  Variable name contains more than 8 characters.
  Only the first 8 characters will be printed in the output.
  Variable: AMVI_POMP
*** WARNING
  Variable name contains more than 8 characters.
  Only the first 8 characters will be printed in the output.
  Variable: BMVI_POMP
*** WARNING
  Variable name contains more than 8 characters.
  Only the first 8 characters will be printed in the output.
  Variable: CMVI_POMP
*** WARNING
  Variable name contains more than 8 characters.
  Only the first 8 characters will be printed in the output.
  Variable: DMVI_POMP
*** WARNING
  Data set contains cases with missing on all variables.
  These cases were not included in the analysis.
  Number of cases with missing on all variables:  1
*** WARNING
  Data set contains cases with missing on time scores but non-missing on the
  corresponding dependent variables.  These cases were not included in the analysis.
  Number of such cases:  3
   6 WARNING(S) FOUND IN THE INPUT INSTRUCTIONS



PxVx Bivariate LCM-SR - Col Linear BFA_OO with Linear BFA_MT;

SUMMARY OF ANALYSIS

Number of groups                                                 1
Number of observations                                         276

Number of dependent variables                                    8
Number of independent variables                                  0
Number of continuous latent variables                           12

Observed dependent variables

  Continuous
   ABFA_OO     BBFA_OO     CBFA_OO     DBFA_OO     ABFA_MT     BBFA_MT
   CBFA_MT     DBFA_MT

Continuous latent variables
   P1          P2          P3          P4          V1          V2
   V3          V4          I_BFA_OO    S_BFA_OO    I_BFA_MT    S_BFA_MT

Variables with special functions

  Time scores
   A1          A2          A3          A4


Estimator                                                      MLR
Information matrix                                        OBSERVED
Maximum number of iterations                                   100
Convergence criterion                                    0.100D-05
Maximum number of EM iterations                                500
Convergence criteria for the EM algorithm
  Loglikelihood change                                   0.100D-02
  Relative loglikelihood change                          0.100D-05
  Derivative                                             0.100D-03
Minimum variance                                         0.100D-03
Maximum number of steepest descent iterations                   20
Maximum number of iterations for H1                           2000
Convergence criterion for H1                             0.100D-03
Optimization algorithm                                         EMA

Input data file(s)
  /Users/johnflournoy/code/lnt_pxvx/Data/LT_227.txt
Input data format  FREE


SUMMARY OF DATA

     Number of missing data patterns             9


SUMMARY OF MISSING DATA PATTERNS


     MISSING DATA PATTERNS (x = not missing)

           1  2  3  4  5  6  7  8  9
 ABFA_OO   x  x  x  x  x  x  x  x
 BBFA_OO   x  x     x        x
 CBFA_OO   x  x  x              x
 DBFA_OO   x              x  x  x
 ABFA_MT   x  x  x  x  x  x  x  x  x
 BBFA_MT   x  x     x        x
 CBFA_MT   x  x  x              x
 DBFA_MT   x              x  x  x


     MISSING DATA PATTERN FREQUENCIES

    Pattern   Frequency     Pattern   Frequency     Pattern   Frequency
          1         138           4          29           7          17
          2          12           5          52           8          11
          3           5           6          11           9           1


COVARIANCE COVERAGE OF DATA

Minimum covariance coverage value   0.100


     PROPORTION OF DATA PRESENT


           Covariance Coverage
              ABFA_OO       BBFA_OO       CBFA_OO       DBFA_OO       ABFA_MT
              ________      ________      ________      ________      ________
 ABFA_OO        0.996
 BBFA_OO        0.710         0.710
 CBFA_OO        0.601         0.543         0.601
 DBFA_OO        0.641         0.562         0.540         0.641
 ABFA_MT        0.996         0.710         0.601         0.641         1.000
 BBFA_MT        0.710         0.710         0.543         0.562         0.710
 CBFA_MT        0.601         0.543         0.601         0.540         0.601
 DBFA_MT        0.641         0.562         0.540         0.641         0.641


           Covariance Coverage
              BBFA_MT       CBFA_MT       DBFA_MT
              ________      ________      ________
 BBFA_MT        0.710
 CBFA_MT        0.543         0.601
 DBFA_MT        0.562         0.540         0.641


SAMPLE STATISTICS


     ESTIMATED SAMPLE STATISTICS


           Means
              ABFA_OO       BBFA_OO       CBFA_OO       DBFA_OO       ABFA_MT
              ________      ________      ________      ________      ________
 1             74.978        74.160        73.005        75.081        50.312


           Means
              BBFA_MT       CBFA_MT       DBFA_MT
              ________      ________      ________
 1             49.960        49.874        49.127


           Covariances
              ABFA_OO       BBFA_OO       CBFA_OO       DBFA_OO       ABFA_MT
              ________      ________      ________      ________      ________
 ABFA_OO      230.259
 BBFA_OO      200.665       264.917
 CBFA_OO      180.672       216.169       239.494
 DBFA_OO      168.134       198.370       188.961       216.293
 ABFA_MT      -46.987       -62.571       -51.501       -32.982       224.578
 BBFA_MT      -55.436       -62.838       -58.353       -28.529       183.856
 CBFA_MT      -46.017       -58.952       -58.102       -33.127       166.277
 DBFA_MT      -51.732       -64.835       -62.011       -36.735       165.195


           Covariances
              BBFA_MT       CBFA_MT       DBFA_MT
              ________      ________      ________
 BBFA_MT      244.311
 CBFA_MT      194.843       259.553
 DBFA_MT      198.533       226.827       279.844


           Correlations
              ABFA_OO       BBFA_OO       CBFA_OO       DBFA_OO       ABFA_MT
              ________      ________      ________      ________      ________
 ABFA_OO        1.000
 BBFA_OO        0.812         1.000
 CBFA_OO        0.769         0.858         1.000
 DBFA_OO        0.753         0.829         0.830         1.000
 ABFA_MT       -0.207        -0.257        -0.222        -0.150         1.000
 BBFA_MT       -0.234        -0.247        -0.241        -0.124         0.785
 CBFA_MT       -0.188        -0.225        -0.233        -0.140         0.689
 DBFA_MT       -0.204        -0.238        -0.240        -0.149         0.659


           Correlations
              BBFA_MT       CBFA_MT       DBFA_MT
              ________      ________      ________
 BBFA_MT        1.000
 CBFA_MT        0.774         1.000
 DBFA_MT        0.759         0.842         1.000


     MAXIMUM LOG-LIKELIHOOD VALUE FOR THE UNRESTRICTED (H1) MODEL IS -6152.699


THE MODEL ESTIMATION TERMINATED NORMALLY



MODEL FIT INFORMATION

Number of Free Parameters                       23

Loglikelihood

          H0 Value                       -6170.791
          H0 Scaling Correction Factor      1.1319
            for MLR

Information Criteria

          Akaike (AIC)                   12387.582
          Bayesian (BIC)                 12470.851
          Sample-Size Adjusted BIC       12397.922
            (n* = (n + 2) / 24)



MODEL RESULTS

                                                    Two-Tailed
                    Estimate       S.E.  Est./S.E.    P-Value

 P1       BY
    ABFA_OO            1.000      0.000    999.000    999.000

 P2       BY
    BBFA_OO            1.000      0.000    999.000    999.000

 P3       BY
    CBFA_OO            1.000      0.000    999.000    999.000

 P4       BY
    DBFA_OO            1.000      0.000    999.000    999.000

 V1       BY
    ABFA_MT            1.000      0.000    999.000    999.000

 V2       BY
    BBFA_MT            1.000      0.000    999.000    999.000

 V3       BY
    CBFA_MT            1.000      0.000    999.000    999.000

 V4       BY
    DBFA_MT            1.000      0.000    999.000    999.000

 P4         ON
    P3                 0.102      0.144      0.709      0.478
    V3                -0.140      0.088     -1.583      0.113

 P3         ON
    P2                 0.102      0.144      0.709      0.478
    V2                -0.140      0.088     -1.583      0.113

 P2         ON
    P1                 0.102      0.144      0.709      0.478
    V1                -0.140      0.088     -1.583      0.113

 V4         ON
    V3                 0.198      0.189      1.049      0.294
    P3                -0.134      0.100     -1.351      0.177

 V3         ON
    V2                 0.198      0.189      1.049      0.294
    P2                -0.134      0.100     -1.351      0.177

 V2         ON
    V1                 0.198      0.189      1.049      0.294
    P1                -0.134      0.100     -1.351      0.177

 S_BFA_OO WITH
    I_BFA_OO          -0.618      7.048     -0.088      0.930
    S_BFA_MT           0.886      1.431      0.619      0.536
    I_BFA_MT           3.355      4.000      0.839      0.402

 I_BFA_OO WITH
    S_BFA_MT          -3.605      5.253     -0.686      0.493
    I_BFA_MT         -44.438     15.478     -2.871      0.004

 S_BFA_MT WITH
    I_BFA_MT          -0.115      8.114     -0.014      0.989

 P1       WITH
    V1                -5.919      5.100     -1.161      0.246

 P2       WITH
    V2                -5.919      5.100     -1.161      0.246

 P3       WITH
    V3                -5.919      5.100     -1.161      0.246

 P4       WITH
    V4                -5.919      5.100     -1.161      0.246

 Means
    P1                 0.000      0.000    999.000    999.000
    V1                 0.000      0.000    999.000    999.000
    I_BFA_OO          74.579      0.940     79.378      0.000
    S_BFA_OO          -0.090      0.244     -0.368      0.713
    I_BFA_MT          50.348      0.909     55.384      0.000
    S_BFA_MT          -0.340      0.305     -1.114      0.265

 Intercepts
    ABFA_OO            0.000      0.000    999.000    999.000
    BBFA_OO            0.000      0.000    999.000    999.000
    CBFA_OO            0.000      0.000    999.000    999.000
    DBFA_OO            0.000      0.000    999.000    999.000
    ABFA_MT            0.000      0.000    999.000    999.000
    BBFA_MT            0.000      0.000    999.000    999.000
    CBFA_MT            0.000      0.000    999.000    999.000
    DBFA_MT            0.000      0.000    999.000    999.000
    P2                 0.000      0.000    999.000    999.000
    P3                 0.000      0.000    999.000    999.000
    P4                 0.000      0.000    999.000    999.000
    V2                 0.000      0.000    999.000    999.000
    V3                 0.000      0.000    999.000    999.000
    V4                 0.000      0.000    999.000    999.000

 Variances
    P1                59.979     18.262      3.284      0.001
    V1                61.408     25.891      2.372      0.018
    I_BFA_OO         187.380     24.586      7.621      0.000
    S_BFA_OO           0.906      2.828      0.320      0.749
    I_BFA_MT         165.236     28.956      5.706      0.000
    S_BFA_MT           6.745      4.768      1.414      0.157

 Residual Variances
    ABFA_OO            0.000      0.000    999.000    999.000
    BBFA_OO            0.000      0.000    999.000    999.000
    CBFA_OO            0.000      0.000    999.000    999.000
    DBFA_OO            0.000      0.000    999.000    999.000
    ABFA_MT            0.000      0.000    999.000    999.000
    BBFA_MT            0.000      0.000    999.000    999.000
    CBFA_MT            0.000      0.000    999.000    999.000
    DBFA_MT            0.000      0.000    999.000    999.000
    P2                42.788      8.858      4.830      0.000
    P3                42.788      8.858      4.830      0.000
    P4                42.788      8.858      4.830      0.000
    V2                55.089     10.964      5.025      0.000
    V3                55.089     10.964      5.025      0.000
    V4                55.089     10.964      5.025      0.000


QUALITY OF NUMERICAL RESULTS

     Condition Number for the Information Matrix              0.100E-04
       (ratio of smallest to largest eigenvalue)


     Beginning Time:  09:58:13
        Ending Time:  09:58:18
       Elapsed Time:  00:00:05



MUTHEN & MUTHEN
3463 Stoner Ave.
Los Angeles, CA  90066

Tel: (310) 391-9971
Fax: (310) 391-8971
Web: www.StatModel.com
Support: Support@StatModel.com

Copyright (c) 1998-2012 Muthen & Muthen
