Mplus VERSION 7 (Mac)
MUTHEN & MUTHEN
10/27/2017   2:14 PM

INPUT INSTRUCTIONS


  title: PxVx Bivariate LCM-SR - Col Linear BFA_OO with Linear USI;
  data: file = /Users/johnflournoy/code/lnt_pxvx/Data/LT_227.txt;



  variable:
  names =
  subjid
  Sample
  aGENDER
  aAGE
  aethnic1
  aethnic2
  aedu_mom
  aedu_dad
  aEDUCATN
  bEDUCATN
  cEDUCATN
  aEMPLOYD
  bEMPLOYD
  cEMPLOYD
  dEMPLOYD
  aINCOME
  bINCOME
  cINCOME
  dINCOME
  aS_SCALE
  bS_SCALE
  cS_SCALE
  dS_SCALE
  aD_SCALE
  bD_SCALE
  cD_SCALE
  dD_SCALE
  aS_COMP
  bS_COMP
  cS_COMP
  dS_COMP
  aD_COMP
  bD_COMP
  cD_COMP
  dD_COMP
  aBFI_A
  aBFI_A6
  aBFI_C
  aBFI_E
  aBFI_HP
  aBFI_N
  aBFI_O
  bBFI_A
  bBFI_A6
  bBFI_C
  bBFI_E
  bBFI_HP
  bBFI_N
  bBFI_O
  cBFI_A
  cBFI_A6
  cBFI_C
  cBFI_E
  cBFI_HP
  cBFI_N
  cBFI_O
  dBFI_A
  dBFI_A6
  dBFI_C
  dBFI_E
  dBFI_HP
  dBFI_N
  dBFI_O
  aBFA_AC
  aBFA_AP
  aBFA_CI
  aBFA_CO
  aBFA_EA
  aBFA_EE
  aBFA_N9
  aBFA_NV
  aBFA_NW
  aBFA_OI
  aBFA_OO
  aBFA_PS
  aBFA_MT
  bBFA_AC
  bBFA_AP
  bBFA_CI
  bBFA_CO
  bBFA_EA
  bBFA_EE
  bBFA_N9
  bBFA_NV
  bBFA_NW
  bBFA_OI
  bBFA_OO
  bBFA_MT
  bBFA_PS
  cBFA_AC
  cBFA_AP
  cBFA_CI
  cBFA_CO
  cBFA_EA
  cBFA_EE
  cBFA_N9
  cBFA_NV
  cBFA_NW
  cBFA_OI
  cBFA_OO
  cBFA_MT
  cBFA_PS
  dBFA_AC
  dBFA_AP
  dBFA_CI
  dBFA_CO
  dBFA_EA
  dBFA_EE
  dBFA_N9
  dBFA_NV
  dBFA_NW
  dBFA_OI
  dBFA_OO
  dBFA_MT
  dBFA_PS
  aUSI
  bUSI
  cUSI
  dUSI
  aHRZ_IND
  bHRZ_IND
  cHRZ_IND
  dHRZ_IND
  aVRT_IND
  bVRT_IND
  cVRT_IND
  dVRT_IND
  aHRZ_COL
  bHRZ_COL
  cHRZ_COL
  dHRZ_COL
  aVRT_COL
  bVRT_COL
  cVRT_COL
  dVRT_COL
  aCOLLCTV
  bCOLLCTV
  cCOLLCTV
  dCOLLCTV
  aMVS
  bMVS
  cMVS
  dMVS
  aST
  bST
  cST
  dST
  aSD
  bSD
  cSD
  dSD
  aMVS_mc
  bMVS_mc
  cMVS_mc
  dMVS_mc
  aST_mc
  bST_mc
  cST_mc
  dST_mc
  aSD_mc
  bSD_mc
  cSD_mc
  dSD_mc
  bMEANING
  cMEANING
  dMEANING
  bMEAN_L
  cMEAN_L
  dMEAN_L
  bMEANNGc
  cMEANNGc
  dMEANNGc
  bMEANGlc
  cMEANGlc
  dMEANGlc
  bCLASSIC
  cCLASSIC
  dCLASSIC
  bCLASSCc
  cCLASSCc
  dCLASSCc
  bAGR_VAL
  cAGR_VAL
  dAGR_VAL
  bOPN_VAL
  cOPN_VAL
  dOPN_VAL
  bAGR_VLc
  cAGR_VLc
  dAGR_VLc
  bOPNVALc
  cOPNVALc
  dOPNVALc
  aMV_pomp
  bMV_pomp
  cMV_pomp
  dMV_pomp
  aST_pomp
  bST_pomp
  cST_pomp
  dST_pomp
  aSD_pomp
  bSD_pomp
  cSD_pomp
  dSD_pomp
  agoal_ec
  bgoal_ec
  cgoal_ec
  dgoal_ec
  aAspfinc
  bAspfinc
  cAspfinc
  dAspfinc
  abfi_hp8
  bbfi_hp8
  cbfi_hp8
  dbfi_hp8
  aP_S_BFI
  aP_D_BFI
  aECgoalc
  bECgoalC
  cECgoalC
  dECgoalC
  aaspfin
  baspfin
  caspfin
  daspfin
  aMVI_POMP
  bMVI_POMP
  cMVI_POMP
  dMVI_POMP;

  USEVARIABLES =
  aBFA_OO
  bBFA_OO
  cBFA_OO
  dBFA_OO
  aUSI
  bUSI
  cUSI
  dUSI
  a1
  a2
  a3
  a4
  ;

  missing = all (-9999);

  USEOBSERVATIONS are Sample == 2; ! College Sample

  tscores = a1 a2 a3 a4;

  DEFINE:
  a1 = aAGE + 0 - 20.5;
  a2 = aAGE + 1 - 20.5;
  a3 = aAGE + 2 - 20.5;
  a4 = aAGE + 3 - 20.5;

  ANALYSIS:
  TYPE=RANDOM;
  PROCESSORS = 4;
  model=nocovariances; ! supresses default estimation of certain covs in model;

  MODEL:

  i_BFA_OO s_BFA_OO | aBFA_OO bBFA_OO cBFA_OO dBFA_OO AT a1 a2 a3 a4;
  i_USI s_USI | aUSI bUSI cUSI dUSI AT a1 a2 a3 a4;

  ! freeing factor covs because of "nocovariances"
  s_BFA_OO WITH i_BFA_OO s_USI i_USI;
  i_BFA_OO WITH s_USI i_USI;
  s_USI WITH i_USI;

  p1 BY aBFA_OO@1; ! Residual "factors";
  p2 BY bBFA_OO@1;
  p3 BY cBFA_OO@1;
  p4 BY dBFA_OO@1;

  v1 BY aUSI@1; ! Residual "factors";
  v2 BY bUSI@1;
  v3 BY cUSI@1;
  v4 BY dUSI@1;

  !residual variances on observed/manifest vars set to 0
  aBFA_OO@0;
  bBFA_OO@0;
  cBFA_OO@0;
  dBFA_OO@0;

  !residual variances on observed/manifest vars set to 0
  aUSI@0;
  bUSI@0;
  cUSI@0;
  dUSI@0;

  ! means of observed/manifest vars set to 0
  [aBFA_OO@0];
  [bBFA_OO@0];
  [cBFA_OO@0];
  [dBFA_OO@0];

  ! means of observed/manifest vars set to 0
  [aUSI@0];
  [bUSI@0];
  [cUSI@0];
  [dUSI@0];

  [p1@0]; ! means of residual "factors" set to 0
  [p2@0];
  [p3@0];
  [p4@0];

  [v1@0]; ! means of residual "factors" set to 0
  [v2@0];
  [v3@0];
  [v4@0];

  p4 on p3 (a); ! Autoregressive paths constrained to equality
  p3 on p2 (a);
  p2 on p1 (a);

  v4 on v3 (b); ! Autoregressive paths constrained to equality
  v3 on v2 (b);
  v2 on v1 (b);

  p4 on v3 (c); ! Cross-lagged paths constrained to equality
  p3 on v2 (c);
  p2 on v1 (c);

  v4 on p3 (d); ! Cross-lagged paths constrained to equality
  v3 on p2 (d);
  v2 on p1 (d);

  p1 with v1; !(this one is not like the others)

  p2 with v2 (e); ! Within-wave correlations constrained to equality
  p3 with v3 (e);
  p4 with v4 (e);

  p2 p3 p4 (f); ! estimate variances of residual "factors"
  v2 v3 v4 (g); ! estimate variances of residual "factors"

  OUTPUT: SAMPSTAT PATTERNS;



*** WARNING
  Variable name contains more than 8 characters.
  Only the first 8 characters will be printed in the output.
  Variable: AMVI_POMP
*** WARNING
  Variable name contains more than 8 characters.
  Only the first 8 characters will be printed in the output.
  Variable: BMVI_POMP
*** WARNING
  Variable name contains more than 8 characters.
  Only the first 8 characters will be printed in the output.
  Variable: CMVI_POMP
*** WARNING
  Variable name contains more than 8 characters.
  Only the first 8 characters will be printed in the output.
  Variable: DMVI_POMP
*** WARNING
  Data set contains cases with missing on all variables.
  These cases were not included in the analysis.
  Number of cases with missing on all variables:  1
*** WARNING
  Data set contains cases with missing on time scores but non-missing on the
  corresponding dependent variables.  These cases were not included in the analysis.
  Number of such cases:  3
   6 WARNING(S) FOUND IN THE INPUT INSTRUCTIONS



PxVx Bivariate LCM-SR - Col Linear BFA_OO with Linear USI;

SUMMARY OF ANALYSIS

Number of groups                                                 1
Number of observations                                         276

Number of dependent variables                                    8
Number of independent variables                                  0
Number of continuous latent variables                           12

Observed dependent variables

  Continuous
   ABFA_OO     BBFA_OO     CBFA_OO     DBFA_OO     AUSI        BUSI
   CUSI        DUSI

Continuous latent variables
   P1          P2          P3          P4          V1          V2
   V3          V4          I_BFA_OO    S_BFA_OO    I_USI       S_USI

Variables with special functions

  Time scores
   A1          A2          A3          A4


Estimator                                                      MLR
Information matrix                                        OBSERVED
Maximum number of iterations                                   100
Convergence criterion                                    0.100D-05
Maximum number of EM iterations                                500
Convergence criteria for the EM algorithm
  Loglikelihood change                                   0.100D-02
  Relative loglikelihood change                          0.100D-05
  Derivative                                             0.100D-03
Minimum variance                                         0.100D-03
Maximum number of steepest descent iterations                   20
Maximum number of iterations for H1                           2000
Convergence criterion for H1                             0.100D-03
Optimization algorithm                                         EMA

Input data file(s)
  /Users/johnflournoy/code/lnt_pxvx/Data/LT_227.txt
Input data format  FREE


SUMMARY OF DATA

     Number of missing data patterns            13


SUMMARY OF MISSING DATA PATTERNS


     MISSING DATA PATTERNS (x = not missing)

           1  2  3  4  5  6  7  8  9 10 11 12 13
 ABFA_OO   x  x  x  x  x  x  x  x  x  x  x     x
 BBFA_OO   x  x     x        x  x              x
 CBFA_OO   x  x  x                 x  x
 DBFA_OO   x              x  x  x  x  x
 AUSI      x  x  x  x  x  x  x  x  x  x     x  x
 BUSI      x  x     x           x
 CUSI      x  x  x                 x  x
 DUSI      x              x     x     x


     MISSING DATA PATTERN FREQUENCIES

    Pattern   Frequency     Pattern   Frequency     Pattern   Frequency
          1         138           6          11          11           1
          2          12           7           1          12           1
          3           5           8          16          13           2
          4          27           9           1
          5          51          10          10


COVARIANCE COVERAGE OF DATA

Minimum covariance coverage value   0.100


     PROPORTION OF DATA PRESENT


           Covariance Coverage
              ABFA_OO       BBFA_OO       CBFA_OO       DBFA_OO       AUSI
              ________      ________      ________      ________      ________
 ABFA_OO        0.996
 BBFA_OO        0.710         0.710
 CBFA_OO        0.601         0.543         0.601
 DBFA_OO        0.641         0.562         0.540         0.641
 AUSI           0.993         0.710         0.601         0.641         0.996
 BUSI           0.699         0.699         0.543         0.558         0.699
 CUSI           0.601         0.543         0.601         0.540         0.601
 DUSI           0.634         0.558         0.536         0.634         0.634


           Covariance Coverage
              BUSI          CUSI          DUSI
              ________      ________      ________
 BUSI           0.699
 CUSI           0.543         0.601
 DUSI           0.558         0.536         0.634


SAMPLE STATISTICS


     ESTIMATED SAMPLE STATISTICS


           Means
              ABFA_OO       BBFA_OO       CBFA_OO       DBFA_OO       AUSI
              ________      ________      ________      ________      ________
 1             74.964        73.993        72.895        75.064        33.027


           Means
              BUSI          CUSI          DUSI
              ________      ________      ________
 1             31.569        30.331        29.941


           Covariances
              ABFA_OO       BBFA_OO       CBFA_OO       DBFA_OO       AUSI
              ________      ________      ________      ________      ________
 ABFA_OO      230.411
 BBFA_OO      201.718       266.061
 CBFA_OO      180.726       215.897       238.566
 DBFA_OO      168.481       198.805       188.197       216.211
 AUSI         -76.572      -101.420       -88.440       -53.616       249.433
 BUSI         -58.502       -93.925       -71.996       -49.002       181.482
 CUSI         -39.373       -68.416       -57.080       -34.678       179.060
 DUSI         -54.123       -73.717       -69.442       -47.299       175.175


           Covariances
              BUSI          CUSI          DUSI
              ________      ________      ________
 BUSI         244.699
 CUSI         183.446       253.620
 DUSI         170.600       192.875       278.709


           Correlations
              ABFA_OO       BBFA_OO       CBFA_OO       DBFA_OO       AUSI
              ________      ________      ________      ________      ________
 ABFA_OO        1.000
 BBFA_OO        0.815         1.000
 CBFA_OO        0.771         0.857         1.000
 DBFA_OO        0.755         0.829         0.829         1.000
 AUSI          -0.319        -0.394        -0.363        -0.231         1.000
 BUSI          -0.246        -0.368        -0.298        -0.213         0.735
 CUSI          -0.163        -0.263        -0.232        -0.148         0.712
 DUSI          -0.214        -0.271        -0.269        -0.193         0.664


           Correlations
              BUSI          CUSI          DUSI
              ________      ________      ________
 BUSI           1.000
 CUSI           0.736         1.000
 DUSI           0.653         0.725         1.000


     MAXIMUM LOG-LIKELIHOOD VALUE FOR THE UNRESTRICTED (H1) MODEL IS -6180.572

     WARNING: THE MODEL ESTIMATION HAS REACHED A SADDLE POINT OR A POINT WHERE THE
     OBSERVED AND THE EXPECTED INFORMATION MATRICES DO NOT MATCH.
     AN ADJUSTMENT TO THE ESTIMATION OF THE INFORMATION MATRIX HAS BEEN MADE.
     THE CONDITION NUMBER IS      -0.237D-09.
     THE PROBLEM MAY ALSO BE RESOLVED BY DECREASING THE VALUE OF THE
     MCONVERGENCE OR LOGCRITERION OPTIONS OR BY CHANGING THE STARTING VALUES
     OR BY USING THE MLF ESTIMATOR.


THE MODEL ESTIMATION TERMINATED NORMALLY



MODEL FIT INFORMATION

Number of Free Parameters                       24

Loglikelihood

          H0 Value                       -6204.478
          H0 Scaling Correction Factor      0.7673
            for MLR

Information Criteria

          Akaike (AIC)                   12456.955
          Bayesian (BIC)                 12543.845
          Sample-Size Adjusted BIC       12467.745
            (n* = (n + 2) / 24)



MODEL RESULTS

                                                    Two-Tailed
                    Estimate       S.E.  Est./S.E.    P-Value

 P1       BY
    ABFA_OO            1.000      0.000    999.000    999.000

 P2       BY
    BBFA_OO            1.000      0.000    999.000    999.000

 P3       BY
    CBFA_OO            1.000      0.000    999.000    999.000

 P4       BY
    DBFA_OO            1.000      0.000    999.000    999.000

 V1       BY
    AUSI               1.000      0.000    999.000    999.000

 V2       BY
    BUSI               1.000      0.000    999.000    999.000

 V3       BY
    CUSI               1.000      0.000    999.000    999.000

 V4       BY
    DUSI               1.000      0.000    999.000    999.000

 P4         ON
    P3                 0.087      0.094      0.932      0.352
    V3                -0.045      0.071     -0.629      0.529

 P3         ON
    P2                 0.087      0.094      0.932      0.352
    V2                -0.045      0.071     -0.629      0.529

 P2         ON
    P1                 0.087      0.094      0.932      0.352
    V1                -0.045      0.071     -0.629      0.529

 V4         ON
    V3                 0.210      0.110      1.907      0.057
    P3                -0.012      0.111     -0.104      0.917

 V3         ON
    V2                 0.210      0.110      1.907      0.057
    P2                -0.012      0.111     -0.104      0.917

 V2         ON
    V1                 0.210      0.110      1.907      0.057
    P1                -0.012      0.111     -0.104      0.917

 S_BFA_OO WITH
    I_BFA_OO          -0.754      0.000  -9473.800      0.000
    S_USI             -1.055      0.000  *********      0.000
    I_USI              6.725      0.000  *********      0.000

 I_BFA_OO WITH
    S_USI              8.527      0.000  44149.387      0.000
    I_USI            -84.718      0.002  *********      0.000

 S_USI    WITH
    I_USI             -4.835      0.000  *********      0.000

 P1       WITH
    V1                 0.911      7.987      0.114      0.909

 P2       WITH
    V2                -5.856      5.759     -1.017      0.309

 P3       WITH
    V3                -5.856      5.759     -1.017      0.309

 P4       WITH
    V4                -5.856      5.759     -1.017      0.309

 Means
    P1                 0.000      0.000    999.000    999.000
    V1                 0.000      0.000    999.000    999.000
    I_BFA_OO          74.513      0.935     79.658      0.000
    S_BFA_OO          -0.081      0.237     -0.340      0.734
    I_USI             32.971      0.943     34.970      0.000
    S_USI             -1.048      0.301     -3.482      0.000

 Intercepts
    ABFA_OO            0.000      0.000    999.000    999.000
    BBFA_OO            0.000      0.000    999.000    999.000
    CBFA_OO            0.000      0.000    999.000    999.000
    DBFA_OO            0.000      0.000    999.000    999.000
    AUSI               0.000      0.000    999.000    999.000
    BUSI               0.000      0.000    999.000    999.000
    CUSI               0.000      0.000    999.000    999.000
    DUSI               0.000      0.000    999.000    999.000
    P2                 0.000      0.000    999.000    999.000
    P3                 0.000      0.000    999.000    999.000
    P4                 0.000      0.000    999.000    999.000
    V2                 0.000      0.000    999.000    999.000
    V3                 0.000      0.000    999.000    999.000
    V4                 0.000      0.000    999.000    999.000

 Variances
    P1                59.659     10.269      5.810      0.000
    V1                63.446     10.002      6.343      0.000
    I_BFA_OO         189.665      0.004  51905.383      0.000
    S_BFA_OO           0.792      0.000  *********      0.000
    I_USI            182.207      0.002  75697.750      0.000
    S_USI              2.273      0.000  89012.586      0.000

 Residual Variances
    ABFA_OO            0.000      0.000    999.000    999.000
    BBFA_OO            0.000      0.000    999.000    999.000
    CBFA_OO            0.000      0.000    999.000    999.000
    DBFA_OO            0.000      0.000    999.000    999.000
    AUSI               0.000      0.000    999.000    999.000
    BUSI               0.000      0.000    999.000    999.000
    CUSI               0.000      0.000    999.000    999.000
    DUSI               0.000      0.000    999.000    999.000
    P2                42.409      5.797      7.315      0.000
    P3                42.409      5.797      7.315      0.000
    P4                42.409      5.797      7.315      0.000
    V2                85.283     10.313      8.269      0.000
    V3                85.283     10.313      8.269      0.000
    V4                85.283     10.313      8.269      0.000


QUALITY OF NUMERICAL RESULTS

     Condition Number for the Information Matrix             -0.237E-09
       (ratio of smallest to largest eigenvalue)


     Beginning Time:  14:14:26
        Ending Time:  14:14:32
       Elapsed Time:  00:00:06



MUTHEN & MUTHEN
3463 Stoner Ave.
Los Angeles, CA  90066

Tel: (310) 391-9971
Fax: (310) 391-8971
Web: www.StatModel.com
Support: Support@StatModel.com

Copyright (c) 1998-2012 Muthen & Muthen
