Mplus VERSION 6.12
MUTHEN & MUTHEN
02/15/2016   6:29 PM

INPUT INSTRUCTIONS


  title: PxVx Univariate - Inf BFA_NW NoAr_Lin;
  data: file = E:\Projects\LnT_Values\Data\LT_informants3.txt;

  variable:
  names =
  subjid
  Sample
  aGENDER
  aAGE
  aethnic1
  aethnic2
  aedu_mom
  aedu_dad
  aEDUCATN
  bEDUCATN
  cEDUCATN
  aEMPLOYD
  bEMPLOYD
  cEMPLOYD
  dEMPLOYD
  aINCOME
  bINCOME
  cINCOME
  dINCOME
  aS_SCALE
  bS_SCALE
  cS_SCALE
  dS_SCALE
  aD_SCALE
  bD_SCALE
  cD_SCALE
  dD_SCALE
  aS_COMP
  bS_COMP
  cS_COMP
  dS_COMP
  aD_COMP
  bD_COMP
  cD_COMP
  dD_COMP
  aBFI_A
  aBFI_A6
  aBFI_C
  aBFI_E
  aBFI_HP
  aBFI_N
  aBFI_O
  bBFI_A
  bBFI_A6
  bBFI_C
  bBFI_E
  bBFI_HP
  bBFI_N
  bBFI_O
  cBFI_A
  cBFI_A6
  cBFI_C
  cBFI_E
  cBFI_HP
  cBFI_N
  cBFI_O
  dBFI_A
  dBFI_A6
  dBFI_C
  dBFI_E
  dBFI_HP
  dBFI_N
  dBFI_O
  aBFA_AC
  aBFA_AP
  aBFA_CI
  aBFA_CO
  aBFA_EA
  aBFA_EE
  aBFA_N9
  aBFA_NV
  aBFA_NW
  aBFA_OI
  aBFA_OO
  aBFA_PS
  aBFA_MT
  bBFA_AC
  bBFA_AP
  bBFA_CI
  bBFA_CO
  bBFA_EA
  bBFA_EE
  bBFA_N9
  bBFA_NV
  bBFA_NW
  bBFA_OI
  bBFA_OO
  bBFA_MT
  bBFA_PS
  cBFA_AC
  cBFA_AP
  cBFA_CI
  cBFA_CO
  cBFA_EA
  cBFA_EE
  cBFA_N9
  cBFA_NV
  cBFA_NW
  cBFA_OI
  cBFA_OO
  cBFA_MT
  cBFA_PS
  dBFA_AC
  dBFA_AP
  dBFA_CI
  dBFA_CO
  dBFA_EA
  dBFA_EE
  dBFA_N9
  dBFA_NV
  dBFA_NW
  dBFA_OI
  dBFA_OO
  dBFA_MT
  dBFA_PS
  aUSI
  bUSI
  cUSI
  dUSI
  aHRZ_IND
  bHRZ_IND
  cHRZ_IND
  dHRZ_IND
  aVRT_IND
  bVRT_IND
  cVRT_IND
  dVRT_IND
  aHRZ_COL
  bHRZ_COL
  cHRZ_COL
  dHRZ_COL
  aVRT_COL
  bVRT_COL
  cVRT_COL
  dVRT_COL
  aCOLLCTV
  bCOLLCTV
  cCOLLCTV
  dCOLLCTV
  aMVS
  bMVS
  cMVS
  dMVS
  aST
  bST
  cST
  dST
  aSD
  bSD
  cSD
  dSD
  aMVS_mc
  bMVS_mc
  cMVS_mc
  dMVS_mc
  aST_mc
  bST_mc
  cST_mc
  dST_mc
  aSD_mc
  bSD_mc
  cSD_mc
  dSD_mc
  bMEANING
  cMEANING
  dMEANING
  bMEAN_L
  cMEAN_L
  dMEAN_L
  bMEANNGc
  cMEANNGc
  dMEANNGc
  bMEANGlc
  cMEANGlc
  dMEANGlc
  bCLASSIC
  cCLASSIC
  dCLASSIC
  bCLASSCc
  cCLASSCc
  dCLASSCc
  bAGR_VAL
  cAGR_VAL
  dAGR_VAL
  bOPN_VAL
  cOPN_VAL
  dOPN_VAL
  bAGR_VLc
  cAGR_VLc
  dAGR_VLc
  bOPNVALc
  cOPNVALc
  dOPNVALc
  aMV_pomp
  bMV_pomp
  cMV_pomp
  dMV_pomp
  aST_pomp
  bST_pomp
  cST_pomp
  dST_pomp
  aSD_pomp
  bSD_pomp
  cSD_pomp
  dSD_pomp
  agoal_eco
  bgoal_eco
  cgoal_eco
  dgoal_eco
  aAspfinc
  bAspfinc
  cAspfinc
  dAspfinc
  abfi_hp8
  bbfi_hp8
  cbfi_hp8
  dbfi_hp8
  aP_S_BFI
  aP_D_BFI
  aECgoalc
  bECgoalC
  cECgoalC
  dECgoalC
  aasp_fin
  basp_fin
  casp_fin
  dasp_fin
  aasp_mn2
  basp_mn2
  casp_mn2
  dasp_mn2
  aas12mc2
  aas13mc2
  aas14mc2
  aas15mc2
  aas16mc2
  bas12mc2
  bas13mc2
  bas14mc2
  bas15mc2
  bas16mc2
  cas12mc2
  cas13mc2
  cas14mc2
  cas15mc2
  cas16mc2
  das12mc2
  das13mc2
  das14mc2
  das15mc2
  das16mc2
  aas_f_c2
  bas_f_c2
  cas_f_c2
  das_f_c2
  aI_E
  aI_A
  aI_C
  aI_N
  aI_O
  aI_S
  aI_D
  bI_E
  bI_A
  bI_C
  bI_N
  bI_O
  bI_S
  bI_D
  cI_E
  cI_A
  cI_C
  cI_N
  cI_O
  cI_S
  cI_D
  dI_E
  dI_A
  dI_C
  dI_N
  dI_O
  dI_S
  dI_D
  T1_any_I
  T2_any_I
  T3_any_I
  T4_any_I
  aI_H
  bI_H
  cI_H
  dI_H;

  USEVARIABLES =
  aBFA_NW
  bBFA_NW
  cBFA_NW
  dBFA_NW
  bage_c
  cage_c
  dage_c
  ;

  missing = all (-9999);

  USEOBSERVATIONS are Sample == 1; ! National Sample, informant's data


  tscores = bage_c cage_c dage_c;

  DEFINE:
  bage_c = aAGE + 1 - 36;
  cage_c = aAGE + 2 - 36;
  dage_c = aAGE + 3 - 36;


  ANALYSIS:
  TYPE=RANDOM;
  PROCESSORS = 8;

  MODEL:

  i_BFA_NW s_BFA_NW | bBFA_NW cBFA_NW dBFA_NW AT bage_c cage_c dage_c;

  !After Bollen and Curran initial observation is not part of LGM

  dBFA_NW on cBFA_NW@0 (a); ! Autoregressive effect constrained to be 0
  cBFA_NW on bBFA_NW@0 (a);
  bBFA_NW on aBFA_NW@0 (a);

  bBFA_NW cBFA_NW dBFA_NW (c); !Equality constraint on residuals


  aBFA_NW i_BFA_NW
  WITH
  aBFA_NW i_BFA_NW;

  s_BFA_NW WITH i_BFA_NW aBFA_NW;


  OUTPUT: SAMPSTAT PATTERNS;



*** WARNING
  Variable name contains more than 8 characters.
  Only the first 8 characters will be printed in the output.
  Variable: AGOAL_ECO
*** WARNING
  Variable name contains more than 8 characters.
  Only the first 8 characters will be printed in the output.
  Variable: BGOAL_ECO
*** WARNING
  Variable name contains more than 8 characters.
  Only the first 8 characters will be printed in the output.
  Variable: CGOAL_ECO
*** WARNING
  Variable name contains more than 8 characters.
  Only the first 8 characters will be printed in the output.
  Variable: DGOAL_ECO
*** WARNING
  Data set contains cases with missing on time scores but non-missing on the
  corresponding dependent variables.  These cases were not included in the analysis.
  Number of such cases:  4
   5 WARNING(S) FOUND IN THE INPUT INSTRUCTIONS



PxVx Univariate - Inf BFA_NW NoAr_Lin;

SUMMARY OF ANALYSIS

Number of groups                                                 1
Number of observations                                         604

Number of dependent variables                                    3
Number of independent variables                                  1
Number of continuous latent variables                            2

Observed dependent variables

  Continuous
   BBFA_NW     CBFA_NW     DBFA_NW

Observed independent variables
   ABFA_NW

Continuous latent variables
   I_BFA_NW    S_BFA_NW

Variables with special functions

  Time scores
   BAGE_C      CAGE_C      DAGE_C


Estimator                                                      MLR
Information matrix                                        OBSERVED
Maximum number of iterations                                   100
Convergence criterion                                    0.100D-05
Maximum number of EM iterations                                500
Convergence criteria for the EM algorithm
  Loglikelihood change                                   0.100D-02
  Relative loglikelihood change                          0.100D-05
  Derivative                                             0.100D-03
Minimum variance                                         0.100D-03
Maximum number of steepest descent iterations                   20
Maximum number of iterations for H1                           2000
Convergence criterion for H1                             0.100D-03
Optimization algorithm                                         EMA

Input data file(s)
  E:\Projects\LnT_Values\Data\LT_informants3.txt
Input data format  FREE


SUMMARY OF DATA

     Number of missing data patterns             9


SUMMARY OF MISSING DATA PATTERNS


     MISSING DATA PATTERNS (x = not missing)

           1  2  3  4  5  6  7  8  9
 BBFA_NW   x     x     x  x        x
 CBFA_NW   x        x     x  x     x
 DBFA_NW   x     x  x           x  x
 ABFA_NW   x  x  x  x  x  x  x  x


     MISSING DATA PATTERN FREQUENCIES

    Pattern   Frequency     Pattern   Frequency     Pattern   Frequency
          1         428           4          20           7          12
          2          34           5          38           8          12
          3          19           6          38           9           3


COVARIANCE COVERAGE OF DATA

Minimum covariance coverage value   0.100


     PROPORTION OF DATA PRESENT


           Covariance Coverage
              BBFA_NW       CBFA_NW       DBFA_NW       ABFA_NW
              ________      ________      ________      ________
 BBFA_NW        0.871
 CBFA_NW        0.776         0.829
 DBFA_NW        0.745         0.747         0.798
 ABFA_NW        0.866         0.825         0.793         0.995


SAMPLE STATISTICS


     ESTIMATED SAMPLE STATISTICS


           Means
              BBFA_NW       CBFA_NW       DBFA_NW       ABFA_NW
              ________      ________      ________      ________
 1             45.542        45.614        45.476        45.432


           Covariances
              BBFA_NW       CBFA_NW       DBFA_NW       ABFA_NW
              ________      ________      ________      ________
 BBFA_NW      413.564
 CBFA_NW      353.953       425.277
 DBFA_NW      358.540       375.166       438.923
 ABFA_NW      345.956       333.830       340.137       425.723


           Correlations
              BBFA_NW       CBFA_NW       DBFA_NW       ABFA_NW
              ________      ________      ________      ________
 BBFA_NW        1.000
 CBFA_NW        0.844         1.000
 DBFA_NW        0.842         0.868         1.000
 ABFA_NW        0.824         0.785         0.787         1.000


     MAXIMUM LOG-LIKELIHOOD VALUE FOR THE UNRESTRICTED (H1) MODEL IS -8371.753


THE MODEL ESTIMATION TERMINATED NORMALLY



MODEL FIT INFORMATION

Number of Free Parameters                       10

Loglikelihood

          H0 Value                       -8380.194
          H0 Scaling Correction Factor       1.251
            for MLR

Information Criteria

          Akaike (AIC)                   16780.388
          Bayesian (BIC)                 16824.423
          Sample-Size Adjusted BIC       16792.676
            (n* = (n + 2) / 24)



MODEL RESULTS

                                                    Two-Tailed
                    Estimate       S.E.  Est./S.E.    P-Value

 DBFA_NW    ON
    CBFA_NW            0.000      0.000    999.000    999.000

 CBFA_NW    ON
    BBFA_NW            0.000      0.000    999.000    999.000

 BBFA_NW    ON
    ABFA_NW            0.000      0.000    999.000    999.000

 S_BFA_NW WITH
    I_BFA_NW          -0.270      0.755     -0.358      0.720
    ABFA_NW            0.044      0.913      0.048      0.962

 ABFA_NW  WITH
    I_BFA_NW         336.636     19.727     17.065      0.000

 Means
    ABFA_NW           45.459      0.839     54.170      0.000
    I_BFA_NW          45.771      0.817     56.047      0.000
    S_BFA_NW          -0.108      0.043     -2.524      0.012

 Intercepts
    BBFA_NW            0.000      0.000    999.000    999.000
    CBFA_NW            0.000      0.000    999.000    999.000
    DBFA_NW            0.000      0.000    999.000    999.000

 Variances
    ABFA_NW          425.377     21.768     19.541      0.000
    I_BFA_NW         352.080     22.281     15.801      0.000
    S_BFA_NW           0.044      0.104      0.424      0.672

 Residual Variances
    BBFA_NW           63.371      3.807     16.648      0.000
    CBFA_NW           63.371      3.807     16.648      0.000
    DBFA_NW           63.371      3.807     16.648      0.000


QUALITY OF NUMERICAL RESULTS

     Condition Number for the Information Matrix              0.868E-04
       (ratio of smallest to largest eigenvalue)


     Beginning Time:  18:29:15
        Ending Time:  18:29:17
       Elapsed Time:  00:00:02



MUTHEN & MUTHEN
3463 Stoner Ave.
Los Angeles, CA  90066

Tel: (310) 391-9971
Fax: (310) 391-8971
Web: www.StatModel.com
Support: Support@StatModel.com

Copyright (c) 1998-2011 Muthen & Muthen
