Mplus VERSION 8 (Linux)
MUTHEN & MUTHEN
07/08/2018   1:06 PM

INPUT INSTRUCTIONS


  title: PxVx Bivariate LCM-SR - 40splitgroup - Linear bfas_nv with Linear mvi;
  data: file = /home/jflournoy/code_new/lnt_pxvx/Data/lnt_nat_recalc.tsv;

  variable:
  names =
  subjid
  aage
  aaspfin
  aaspfin_d
  abfa_mt
  abfa_mt_d
  abfas_ac
  abfas_ap
  abfas_ci
  abfas_co
  abfas_ea
  abfas_ee
  abfas_nv
  abfas_nv9
  abfas_nw
  abfas_oi
  abfas_oo
  abfi_a
  abfi_a6
  abfi_c
  abfi_d_scale
  abfi_e
  abfi_hp8
  abfi_n
  abfi_o
  abfi_s_scale
  ahrz_col
  ahrz_col_d
  ahrz_ind
  ahrz_ind_d
  amvi
  ausi
  ausi_d
  avrt_col
  avrt_col_d
  avrt_ind
  avrt_ind_d
  bage
  baspfin
  baspfin_d
  bbfa_mt
  bbfa_mt_d
  bbfas_ac
  bbfas_ap
  bbfas_ci
  bbfas_co
  bbfas_ea
  bbfas_ee
  bbfas_nv
  bbfas_nv9
  bbfas_nw
  bbfas_oi
  bbfas_oo
  bbfi_a
  bbfi_a6
  bbfi_c
  bbfi_d_scale
  bbfi_e
  bbfi_hp8
  bbfi_n
  bbfi_o
  bbfi_s_scale
  bhrz_col
  bhrz_col_d
  bhrz_ind
  bhrz_ind_d
  bmvi
  busi
  busi_d
  bvrt_col
  bvrt_col_d
  bvrt_ind
  bvrt_ind_d
  cage
  caspfin
  caspfin_d
  cbfa_mt
  cbfa_mt_d
  cbfas_ac
  cbfas_ap
  cbfas_ci
  cbfas_co
  cbfas_ea
  cbfas_ee
  cbfas_nv
  cbfas_nv9
  cbfas_nw
  cbfas_oi
  cbfas_oo
  cbfi_a
  cbfi_a6
  cbfi_c
  cbfi_d_scale
  cbfi_e
  cbfi_hp8
  cbfi_n
  cbfi_o
  cbfi_s_scale
  chrz_col
  chrz_col_d
  chrz_ind
  chrz_ind_d
  cmvi
  cusi
  cusi_d
  cvrt_col
  cvrt_col_d
  cvrt_ind
  cvrt_ind_d
  dage
  daspfin
  daspfin_d
  dbfa_mt
  dbfa_mt_d
  dbfas_ac
  dbfas_ap
  dbfas_ci
  dbfas_co
  dbfas_ea
  dbfas_ee
  dbfas_nv
  dbfas_nv9
  dbfas_nw
  dbfas_oi
  dbfas_oo
  dbfi_a
  dbfi_a6
  dbfi_c
  dbfi_d_scale
  dbfi_e
  dbfi_hp8
  dbfi_n
  dbfi_o
  dbfi_s_scale
  dhrz_col
  dhrz_col_d
  dhrz_ind
  dhrz_ind_d
  dmvi
  dusi
  dusi_d
  dvrt_col
  dvrt_col_d
  dvrt_ind
  dvrt_ind_d;

  USEVARIABLES =
  abfas_nv
  bbfas_nv
  cbfas_nv
  dbfas_nv
  amvi
  bmvi
  cmvi
  dmvi
  a1
  a2
  a3
  a4
  aagegrp
  ;

  missing = all (-9999);

  tscores = a1 a2 a3 a4;

  grouping = aagegrp (0=earlier, 1=later);

  DEFINE:

  aagegrp = aage;

  cut aagegrp (39);

  a1 = aage + 0 - 36;
  a2 = aage + 1 - 36;
  a3 = aage + 2 - 36;
  a4 = aage + 3 - 36;

  ANALYSIS:
  TYPE=RANDOM;
  PROCESSORS = 6;
  model=nocovariances; ! supresses default estimation of certain covs in model;

  MODEL:

  i_bfas_nv s_bfas_nv | abfas_nv bbfas_nv cbfas_nv dbfas_nv AT a1 a2 a3 a4;
  i_mvi s_mvi | amvi bmvi cmvi dmvi AT a1 a2 a3 a4;

  ! freeing factor covs because of "nocovariances"
  s_bfas_nv WITH i_bfas_nv s_mvi i_mvi;
  i_bfas_nv WITH s_mvi i_mvi;
  s_mvi WITH i_mvi;

  p1 BY abfas_nv@1; ! Residual "factors";
  p2 BY bbfas_nv@1;
  p3 BY cbfas_nv@1;
  p4 BY dbfas_nv@1;

  v1 BY amvi@1; ! Residual "factors";
  v2 BY bmvi@1;
  v3 BY cmvi@1;
  v4 BY dmvi@1;

  !residual variances on observed/manifest vars set to 0
  abfas_nv@0;
  bbfas_nv@0;
  cbfas_nv@0;
  dbfas_nv@0;

  !residual variances on observed/manifest vars set to 0
  amvi@0;
  bmvi@0;
  cmvi@0;
  dmvi@0;

  ! means of observed/manifest vars set to 0
  [abfas_nv@0];
  [bbfas_nv@0];
  [cbfas_nv@0];
  [dbfas_nv@0];

  ! means of observed/manifest vars set to 0
  [amvi@0];
  [bmvi@0];
  [cmvi@0];
  [dmvi@0];

  [p1@0]; ! means of residual "factors" set to 0
  [p2@0];
  [p3@0];
  [p4@0];

  [v1@0]; ! means of residual "factors" set to 0
  [v2@0];
  [v3@0];
  [v4@0];

  p4 on p3 (a); ! Autoregressive paths constrained to equality
  p3 on p2 (a);
  p2 on p1 (a);

  v4 on v3 (b); ! Autoregressive paths constrained to equality
  v3 on v2 (b);
  v2 on v1 (b);

  p4 on v3 (c); ! Cross-lagged paths constrained to equality
  p3 on v2 (c);
  p2 on v1 (c);

  v4 on p3 (d); ! Cross-lagged paths constrained to equality
  v3 on p2 (d);
  v2 on p1 (d);

  p1 with v1; !(this one is not like the others)

  p2 with v2 (e); ! Within-wave correlations constrained to equality
  p3 with v3 (e);
  p4 with v4 (e);

  p2 p3 p4 (f); ! estimate variances of residual "factors"
  v2 v3 v4 (g); ! estimate variances of residual "factors"

  MODEL earlier:

  p4 on p3 (a23); ! Autoregressive paths constrained to equality
  p3 on p2 (a23);
  p2 on p1 (a23);

  v4 on v3 (b23); ! Autoregressive paths constrained to equality
  v3 on v2 (b23);
  v2 on v1 (b23);

  p4 on v3 (c23); ! Cross-lagged paths constrained to equality
  p3 on v2 (c23);
  p2 on v1 (c23);

  v4 on p3 (d23); ! Cross-lagged paths constrained to equality
  v3 on p2 (d23);
  v2 on p1 (d23);

  p1 with v1; !(this one is not like the others)

  p2 with v2 (e23); ! Within-wave correlations constrained to equality
  p3 with v3 (e23);
  p4 with v4 (e23);

  p2 p3 p4 (f23); ! estimate variances of residual "factors"
  v2 v3 v4 (g23); ! estimate variances of residual "factors"

  MODEL later:

  p4 on p3 (a45); ! Autoregressive paths constrained to equality
  p3 on p2 (a45);
  p2 on p1 (a45);

  v4 on v3 (b45); ! Autoregressive paths constrained to equality
  v3 on v2 (b45);
  v2 on v1 (b45);

  p4 on v3 (c45); ! Cross-lagged paths constrained to equality
  p3 on v2 (c45);
  p2 on v1 (c45);

  v4 on p3 (d45); ! Cross-lagged paths constrained to equality
  v3 on p2 (d45);
  v2 on p1 (d45);

  p1 with v1; !(this one is not like the others)

  p2 with v2 (e45); ! Within-wave correlations constrained to equality
  p3 with v3 (e45);
  p4 with v4 (e45);

  p2 p3 p4 (f45); ! estimate variances of residual "factors"
  v2 v3 v4 (g45); ! estimate variances of residual "factors"

  OUTPUT: SAMPSTAT PATTERNS;



*** WARNING
  Data set contains unknown or missing values for GROUPING,
  PATTERN, COHORT, CLUSTER and/or STRATIFICATION variables.
  Number of cases with unknown or missing values:  5
   1 WARNING(S) FOUND IN THE INPUT INSTRUCTIONS



PxVx Bivariate LCM-SR - 40splitgroup - Linear bfas_nv with Linear mvi;

SUMMARY OF ANALYSIS

Number of groups                                                 2
Number of observations
   Group EARLIER                                               534
   Group LATER                                                 330
   Total sample size                                           864

Number of dependent variables                                    8
Number of independent variables                                  0
Number of continuous latent variables                           12

Observed dependent variables

  Continuous
   ABFAS_NV    BBFAS_NV    CBFAS_NV    DBFAS_NV    AMVI        BMVI
   CMVI        DMVI

Continuous latent variables
   P1          P2          P3          P4          V1          V2
   V3          V4          I_BFAS_N    S_BFAS_N    I_MVI       S_MVI

Variables with special functions

  Grouping variable     AAGEGRP

  Time scores
   A1          A2          A3          A4


Estimator                                                      MLR
Information matrix                                        OBSERVED
Maximum number of iterations                                   100
Convergence criterion                                    0.100D-05
Maximum number of EM iterations                                500
Convergence criteria for the EM algorithm
  Loglikelihood change                                   0.100D-02
  Relative loglikelihood change                          0.100D-05
  Derivative                                             0.100D-03
Minimum variance                                         0.100D-03
Maximum number of steepest descent iterations                   20
Maximum number of iterations for H1                           2000
Convergence criterion for H1                             0.100D-03
Optimization algorithm                                         EMA

Input data file(s)
  /home/jflournoy/code_new/lnt_pxvx/Data/lnt_nat_recalc.tsv
Input data format  FREE


SUMMARY OF DATA

   Group EARLIER
     Number of missing data patterns            14

   Group LATER
     Number of missing data patterns            12


SUMMARY OF MISSING DATA PATTERNS


     MISSING DATA PATTERNS (x = not missing) FOR EARLIER

           1  2  3  4  5  6  7  8  9 10 11 12 13 14
 ABFAS_NV  x  x  x  x  x  x  x  x  x  x  x  x  x  x
 BBFAS_NV  x     x     x  x        x  x  x        x
 CBFAS_NV  x        x     x     x     x     x     x
 DBFAS_NV  x     x  x        x        x     x  x  x
 AMVI      x  x  x  x  x  x  x  x     x  x  x  x  x
 BMVI      x     x     x  x        x  x
 CMVI      x        x     x     x     x     x     x
 DMVI      x     x  x        x                    x


     MISSING DATA PATTERN FREQUENCIES FOR EARLIER

    Pattern   Frequency     Pattern   Frequency     Pattern   Frequency
          1         329           6          21          11           1
          2         100           7          14          12           1
          3          14           8          11          13           2
          4          12           9           1          14           1
          5          26          10           1


     MISSING DATA PATTERNS (x = not missing) FOR LATER

           1  2  3  4  5  6  7  8  9 10 11 12
 ABFAS_NV  x  x  x  x  x  x  x  x  x  x  x  x
 BBFAS_NV  x     x     x  x        x     x
 CBFAS_NV  x        x     x     x     x  x
 DBFAS_NV  x     x  x        x        x  x
 AMVI      x  x  x  x  x  x  x  x  x  x  x
 BMVI      x     x     x  x
 CMVI      x        x     x     x     x  x
 DMVI      x     x  x        x           x


     MISSING DATA PATTERN FREQUENCIES FOR LATER

    Pattern   Frequency     Pattern   Frequency     Pattern   Frequency
          1         166           5          22           9           2
          2          68           6          26          10           1
          3          13           7          10          11           1
          4           9           8          11          12           1


COVARIANCE COVERAGE OF DATA

Minimum covariance coverage value   0.100


     PROPORTION OF DATA PRESENT FOR EARLIER


           Covariance Coverage
              ABFAS_NV      BBFAS_NV      CBFAS_NV      DBFAS_NV      AMVI
              ________      ________      ________      ________      ________
 ABFAS_NV       1.000
 BBFAS_NV       0.738         0.738
 CBFAS_NV       0.704         0.659         0.704
 DBFAS_NV       0.700         0.646         0.644         0.700
 AMVI           0.998         0.736         0.704         0.700         0.998
 BMVI           0.734         0.734         0.657         0.644         0.732
 CMVI           0.704         0.659         0.704         0.644         0.704
 DMVI           0.693         0.644         0.640         0.693         0.693


           Covariance Coverage
              BMVI          CMVI          DMVI
              ________      ________      ________
 BMVI           0.734
 CMVI           0.657         0.704
 DMVI           0.642         0.640         0.693


     PROPORTION OF DATA PRESENT FOR LATER


           Covariance Coverage
              ABFAS_NV      BBFAS_NV      CBFAS_NV      DBFAS_NV      AMVI
              ________      ________      ________      ________      ________
 ABFAS_NV       1.000
 BBFAS_NV       0.700         0.700
 CBFAS_NV       0.648         0.585         0.648
 DBFAS_NV       0.606         0.545         0.536         0.606
 AMVI           0.994         0.694         0.648         0.606         0.994
 BMVI           0.697         0.697         0.585         0.545         0.691
 CMVI           0.648         0.585         0.648         0.536         0.648
 DMVI           0.600         0.542         0.530         0.600         0.600


           Covariance Coverage
              BMVI          CMVI          DMVI
              ________      ________      ________
 BMVI           0.697
 CMVI           0.585         0.648
 DMVI           0.542         0.530         0.600


SAMPLE STATISTICS


     ESTIMATED SAMPLE STATISTICS FOR EARLIER


           Means
              ABFAS_NV      BBFAS_NV      CBFAS_NV      DBFAS_NV      AMVI
              ________      ________      ________      ________      ________
               45.165        45.263        44.649        44.085        63.969


           Means
              BMVI          CMVI          DMVI
              ________      ________      ________
               63.092        63.640        63.270


           Covariances
              ABFAS_NV      BBFAS_NV      CBFAS_NV      DBFAS_NV      AMVI
              ________      ________      ________      ________      ________
 ABFAS_NV     511.345
 BBFAS_NV     371.938       430.923
 CBFAS_NV     365.990       355.329       444.227
 DBFAS_NV     373.809       365.581       383.523       493.140
 AMVI         -28.739       -19.516       -18.806       -12.485        64.663
 BMVI         -20.396       -24.396       -20.260       -18.779        49.861
 CMVI         -18.284       -17.148       -20.220       -21.366        49.669
 DMVI         -17.207       -22.148       -24.173       -28.544        44.321


           Covariances
              BMVI          CMVI          DMVI
              ________      ________      ________
 BMVI          63.620
 CMVI          53.961        75.721
 DMVI          48.602        53.841        63.033


           Correlations
              ABFAS_NV      BBFAS_NV      CBFAS_NV      DBFAS_NV      AMVI
              ________      ________      ________      ________      ________
 ABFAS_NV       1.000
 BBFAS_NV       0.792         1.000
 CBFAS_NV       0.768         0.812         1.000
 DBFAS_NV       0.744         0.793         0.819         1.000
 AMVI          -0.158        -0.117        -0.111        -0.070         1.000
 BMVI          -0.113        -0.147        -0.121        -0.106         0.777
 CMVI          -0.093        -0.095        -0.110        -0.111         0.710
 DMVI          -0.096        -0.134        -0.144        -0.162         0.694


           Correlations
              BMVI          CMVI          DMVI
              ________      ________      ________
 BMVI           1.000
 CMVI           0.777         1.000
 DMVI           0.767         0.779         1.000


     ESTIMATED SAMPLE STATISTICS FOR LATER


           Means
              ABFAS_NV      BBFAS_NV      CBFAS_NV      DBFAS_NV      AMVI
              ________      ________      ________      ________      ________
               41.580        40.982        40.106        41.290        65.808


           Means
              BMVI          CMVI          DMVI
              ________      ________      ________
               66.130        65.473        65.437


           Covariances
              ABFAS_NV      BBFAS_NV      CBFAS_NV      DBFAS_NV      AMVI
              ________      ________      ________      ________      ________
 ABFAS_NV     439.213
 BBFAS_NV     380.546       444.417
 CBFAS_NV     353.582       380.213       452.713
 DBFAS_NV     353.643       364.058       374.851       442.238
 AMVI         -20.425       -31.901       -23.810       -28.655        60.700
 BMVI         -15.742       -30.799       -18.874       -24.935        45.518
 CMVI          -8.088       -21.910       -14.606       -21.909        43.780
 DMVI         -17.556       -29.729       -18.013       -29.275        43.742


           Covariances
              BMVI          CMVI          DMVI
              ________      ________      ________
 BMVI          55.855
 CMVI          44.570        56.502
 DMVI          43.777        45.209        52.826


           Correlations
              ABFAS_NV      BBFAS_NV      CBFAS_NV      DBFAS_NV      AMVI
              ________      ________      ________      ________      ________
 ABFAS_NV       1.000
 BBFAS_NV       0.861         1.000
 CBFAS_NV       0.793         0.848         1.000
 DBFAS_NV       0.802         0.821         0.838         1.000
 AMVI          -0.125        -0.194        -0.144        -0.175         1.000
 BMVI          -0.101        -0.195        -0.119        -0.159         0.782
 CMVI          -0.051        -0.138        -0.091        -0.139         0.748
 DMVI          -0.115        -0.194        -0.116        -0.192         0.772


           Correlations
              BMVI          CMVI          DMVI
              ________      ________      ________
 BMVI           1.000
 CMVI           0.793         1.000
 DMVI           0.806         0.828         1.000


     MAXIMUM LOG-LIKELIHOOD VALUE FOR THE UNRESTRICTED (H1) MODEL IS -19046.916


UNIVARIATE SAMPLE STATISTICS


     UNIVARIATE HIGHER-ORDER MOMENT DESCRIPTIVE STATISTICS FOR EARLIER

         Variable/         Mean/     Skewness/   Minimum/ % with                Percentiles
        Sample Size      Variance    Kurtosis    Maximum  Min/Max      20%/60%    40%/80%    Median

     ABFAS_NV             45.165       0.071       0.000    0.94%      25.000     37.500     45.000
             534.000     511.345      -0.755     100.000    0.56%      52.500     66.667
     BBFAS_NV             45.506       0.116       0.000    0.76%      27.500     37.500     45.000
             394.000     428.451      -0.499      97.500    0.25%      50.000     63.889
     CBFAS_NV             45.250       0.043       0.000    0.53%      25.000     37.500     45.000
             376.000     448.253      -0.660     100.000    0.27%      52.500     65.000
     DBFAS_NV             44.542       0.076       0.000    1.87%      22.500     37.500     45.000
             374.000     503.810      -0.739     100.000    0.27%      50.000     65.000
     AMVI                 63.978      -0.011      32.353    0.19%      57.353     61.765     63.971
             533.000      64.696       0.264      86.765    0.19%      66.176     70.588
     BMVI                 63.022       0.005      40.441    0.26%      56.618     60.294     62.500
             392.000      64.075      -0.278      86.029    0.26%      64.706     70.312
     CMVI                 63.505      -0.025      33.088    0.27%      56.618     61.029     63.235
             376.000      75.533       0.137      87.500    0.27%      65.441     70.588
     DMVI                 63.393      -0.009      36.029    0.27%      57.353     61.029     63.235
             370.000      62.942       0.278      85.294    0.54%      65.441     69.853


     UNIVARIATE HIGHER-ORDER MOMENT DESCRIPTIVE STATISTICS FOR LATER

         Variable/         Mean/     Skewness/   Minimum/ % with                Percentiles
        Sample Size      Variance    Kurtosis    Maximum  Min/Max      20%/60%    40%/80%    Median

     ABFAS_NV             41.580       0.283       0.000    1.21%      22.500     35.000     40.000
             330.000     439.213      -0.386     100.000    0.30%      47.222     60.000
     BBFAS_NV             39.546       0.471       0.000    0.43%      22.500     30.000     35.000
             230.000     454.374      -0.469      97.500    0.43%      42.500     60.000
     CBFAS_NV             38.563       0.488       2.500    1.87%      20.000     30.000     35.000
             214.000     440.079      -0.474      92.500    0.47%      42.500     57.500
     DBFAS_NV             39.125       0.314       0.000    3.00%      22.500     30.000     35.000
             200.000     435.797      -0.352     100.000    1.00%      45.000     57.500
     AMVI                 65.808       0.122      43.382    0.30%      59.559     63.971     66.176
             329.000      60.703       0.096      92.647    0.30%      67.647     72.059
     BMVI                 66.201       0.100      48.529    0.44%      59.559     63.971     66.176
             227.000      56.189      -0.262      88.235    0.44%      68.382     72.059
     CMVI                 65.742      -0.046      44.853    0.93%      58.824     63.971     65.441
             214.000      58.260      -0.155      84.559    0.47%      66.912     73.529
     DMVI                 65.581       0.018      44.118    0.50%      59.559     63.235     65.441
             199.000      53.749      -0.157      83.088    1.51%      67.647     71.324


THE MODEL ESTIMATION TERMINATED NORMALLY



MODEL FIT INFORMATION

Number of Free Parameters                       48

Loglikelihood

          H0 Value                      -19077.542
          H0 Scaling Correction Factor      1.0970
            for MLR

Information Criteria

          Akaike (AIC)                   38251.084
          Bayesian (BIC)                 38479.640
          Sample-Size Adjusted BIC       38327.204
            (n* = (n + 2) / 24)



MODEL RESULTS

                                                    Two-Tailed
                    Estimate       S.E.  Est./S.E.    P-Value

Group EARLIER

 P1       BY
    ABFAS_NV           1.000      0.000    999.000    999.000

 P2       BY
    BBFAS_NV           1.000      0.000    999.000    999.000

 P3       BY
    CBFAS_NV           1.000      0.000    999.000    999.000

 P4       BY
    DBFAS_NV           1.000      0.000    999.000    999.000

 V1       BY
    AMVI               1.000      0.000    999.000    999.000

 V2       BY
    BMVI               1.000      0.000    999.000    999.000

 V3       BY
    CMVI               1.000      0.000    999.000    999.000

 V4       BY
    DMVI               1.000      0.000    999.000    999.000

 P4         ON
    P3                 0.121      0.062      1.945      0.052
    V3                -0.131      0.132     -0.993      0.321

 P3         ON
    P2                 0.121      0.062      1.945      0.052
    V2                -0.131      0.132     -0.993      0.321

 P2         ON
    P1                 0.121      0.062      1.945      0.052
    V1                -0.131      0.132     -0.993      0.321

 V4         ON
    V3                 0.182      0.070      2.607      0.009
    P3                -0.005      0.021     -0.244      0.807

 V3         ON
    V2                 0.182      0.070      2.607      0.009
    P2                -0.005      0.021     -0.244      0.807

 V2         ON
    V1                 0.182      0.070      2.607      0.009
    P1                -0.005      0.021     -0.244      0.807

 S_BFAS_N WITH
    I_BFAS_NV         -1.531      3.319     -0.461      0.645
    S_MVI             -0.044      0.184     -0.237      0.813
    I_MVI             -0.249      1.766     -0.141      0.888

 I_BFAS_N WITH
    S_MVI             -1.037      1.740     -0.596      0.551
    I_MVI            -22.037     10.641     -2.071      0.038

 S_MVI    WITH
    I_MVI              0.190      0.617      0.307      0.759

 P1       WITH
    V1               -15.108      3.474     -4.349      0.000

 P2       WITH
    V2                -4.744      2.075     -2.286      0.022

 P3       WITH
    V3                -4.744      2.075     -2.286      0.022

 P4       WITH
    V4                -4.744      2.075     -2.286      0.022

 Means
    P1                 0.000      0.000    999.000    999.000
    V1                 0.000      0.000    999.000    999.000
    I_BFAS_NV         42.255      1.115     37.889      0.000
    S_BFAS_NV         -0.460      0.134     -3.441      0.001
    I_MVI             63.353      0.442    143.180      0.000
    S_MVI             -0.036      0.052     -0.703      0.482

 Intercepts
    ABFAS_NV           0.000      0.000    999.000    999.000
    BBFAS_NV           0.000      0.000    999.000    999.000
    CBFAS_NV           0.000      0.000    999.000    999.000
    DBFAS_NV           0.000      0.000    999.000    999.000
    AMVI               0.000      0.000    999.000    999.000
    BMVI               0.000      0.000    999.000    999.000
    CMVI               0.000      0.000    999.000    999.000
    DMVI               0.000      0.000    999.000    999.000
    P2                 0.000      0.000    999.000    999.000
    P3                 0.000      0.000    999.000    999.000
    P4                 0.000      0.000    999.000    999.000
    V2                 0.000      0.000    999.000    999.000
    V3                 0.000      0.000    999.000    999.000
    V4                 0.000      0.000    999.000    999.000

 Variances
    P1               143.503     17.939      7.999      0.000
    V1                20.512      2.445      8.389      0.000
    I_BFAS_NV        317.861     28.103     11.311      0.000
    S_BFAS_NV          0.333      0.598      0.558      0.577
    I_MVI             47.474      5.391      8.806      0.000
    S_MVI              0.034      0.092      0.371      0.711

 Residual Variances
    ABFAS_NV           0.000      0.000    999.000    999.000
    BBFAS_NV           0.000      0.000    999.000    999.000
    CBFAS_NV           0.000      0.000    999.000    999.000
    DBFAS_NV           0.000      0.000    999.000    999.000
    AMVI               0.000      0.000    999.000    999.000
    BMVI               0.000      0.000    999.000    999.000
    CMVI               0.000      0.000    999.000    999.000
    DMVI               0.000      0.000    999.000    999.000
    P2                94.111      7.215     13.044      0.000
    P3                94.111      7.215     13.044      0.000
    P4                94.111      7.215     13.044      0.000
    V2                17.613      1.581     11.143      0.000
    V3                17.613      1.581     11.143      0.000
    V4                17.613      1.581     11.143      0.000

Group LATER

 P1       BY
    ABFAS_NV           1.000      0.000    999.000    999.000

 P2       BY
    BBFAS_NV           1.000      0.000    999.000    999.000

 P3       BY
    CBFAS_NV           1.000      0.000    999.000    999.000

 P4       BY
    DBFAS_NV           1.000      0.000    999.000    999.000

 V1       BY
    AMVI               1.000      0.000    999.000    999.000

 V2       BY
    BMVI               1.000      0.000    999.000    999.000

 V3       BY
    CMVI               1.000      0.000    999.000    999.000

 V4       BY
    DMVI               1.000      0.000    999.000    999.000

 P4         ON
    P3                 0.280      0.088      3.177      0.001
    V3                -0.059      0.150     -0.394      0.694

 P3         ON
    P2                 0.280      0.088      3.177      0.001
    V2                -0.059      0.150     -0.394      0.694

 P2         ON
    P1                 0.280      0.088      3.177      0.001
    V1                -0.059      0.150     -0.394      0.694

 V4         ON
    V3                 0.069      0.068      1.013      0.311
    P3                 0.002      0.024      0.079      0.937

 V3         ON
    V2                 0.069      0.068      1.013      0.311
    P2                 0.002      0.024      0.079      0.937

 V2         ON
    V1                 0.069      0.068      1.013      0.311
    P1                 0.002      0.024      0.079      0.937

 S_BFAS_N WITH
    I_BFAS_NV         -5.140     15.145     -0.339      0.734
    S_MVI             -0.023      0.263     -0.089      0.929
    I_MVI             -2.627      3.394     -0.774      0.439

 I_BFAS_N WITH
    S_MVI              1.170      3.989      0.293      0.769
    I_MVI              3.892     40.503      0.096      0.923

 S_MVI    WITH
    I_MVI             -0.293      1.693     -0.173      0.863

 P1       WITH
    V1                -0.920      3.720     -0.247      0.805

 P2       WITH
    V2                -3.109      1.793     -1.734      0.083

 P3       WITH
    V3                -3.109      1.793     -1.734      0.083

 P4       WITH
    V4                -3.109      1.793     -1.734      0.083

 Means
    P1                 0.000      0.000    999.000    999.000
    V1                 0.000      0.000    999.000    999.000
    I_BFAS_NV         44.457      2.525     17.604      0.000
    S_BFAS_NV         -0.245      0.183     -1.340      0.180
    I_MVI             65.047      0.898     72.448      0.000
    S_MVI              0.052      0.065      0.794      0.427

 Intercepts
    ABFAS_NV           0.000      0.000    999.000    999.000
    BBFAS_NV           0.000      0.000    999.000    999.000
    CBFAS_NV           0.000      0.000    999.000    999.000
    DBFAS_NV           0.000      0.000    999.000    999.000
    AMVI               0.000      0.000    999.000    999.000
    BMVI               0.000      0.000    999.000    999.000
    CMVI               0.000      0.000    999.000    999.000
    DMVI               0.000      0.000    999.000    999.000
    P2                 0.000      0.000    999.000    999.000
    P3                 0.000      0.000    999.000    999.000
    P4                 0.000      0.000    999.000    999.000
    V2                 0.000      0.000    999.000    999.000
    V3                 0.000      0.000    999.000    999.000
    V4                 0.000      0.000    999.000    999.000

 Variances
    P1                87.234     16.626      5.247      0.000
    V1                16.561      2.577      6.425      0.000
    I_BFAS_NV        403.801    187.504      2.154      0.031
    S_BFAS_NV          0.409      1.188      0.344      0.731
    I_MVI             44.843     19.974      2.245      0.025
    S_MVI              0.033      0.138      0.241      0.809

 Residual Variances
    ABFAS_NV           0.000      0.000    999.000    999.000
    BBFAS_NV           0.000      0.000    999.000    999.000
    CBFAS_NV           0.000      0.000    999.000    999.000
    DBFAS_NV           0.000      0.000    999.000    999.000
    AMVI               0.000      0.000    999.000    999.000
    BMVI               0.000      0.000    999.000    999.000
    CMVI               0.000      0.000    999.000    999.000
    DMVI               0.000      0.000    999.000    999.000
    P2                86.632      8.019     10.804      0.000
    P3                86.632      8.019     10.804      0.000
    P4                86.632      8.019     10.804      0.000
    V2                11.250      1.024     10.986      0.000
    V3                11.250      1.024     10.986      0.000
    V4                11.250      1.024     10.986      0.000


QUALITY OF NUMERICAL RESULTS

     Condition Number for the Information Matrix              0.164E-06
       (ratio of smallest to largest eigenvalue)


     Beginning Time:  13:06:53
        Ending Time:  13:07:12
       Elapsed Time:  00:00:19



MUTHEN & MUTHEN
3463 Stoner Ave.
Los Angeles, CA  90066

Tel: (310) 391-9971
Fax: (310) 391-8971
Web: www.StatModel.com
Support: Support@StatModel.com

Copyright (c) 1998-2017 Muthen & Muthen
