Mplus VERSION 6.12
MUTHEN & MUTHEN
03/09/2016   6:17 PM

INPUT INSTRUCTIONS


  title: PxVx Univariate - Col MeanOnly BFA_CO with Lin aspfin;
  data: file = E:\Projects\lnt_pxvx\Data\LT_227.txt;



  variable:
  names =
  subjid
  Sample
  aGENDER
  aAGE
  aethnic1
  aethnic2
  aedu_mom
  aedu_dad
  aEDUCATN
  bEDUCATN
  cEDUCATN
  aEMPLOYD
  bEMPLOYD
  cEMPLOYD
  dEMPLOYD
  aINCOME
  bINCOME
  cINCOME
  dINCOME
  aS_SCALE
  bS_SCALE
  cS_SCALE
  dS_SCALE
  aD_SCALE
  bD_SCALE
  cD_SCALE
  dD_SCALE
  aS_COMP
  bS_COMP
  cS_COMP
  dS_COMP
  aD_COMP
  bD_COMP
  cD_COMP
  dD_COMP
  aBFI_A
  aBFI_A6
  aBFI_C
  aBFI_E
  aBFI_HP
  aBFI_N
  aBFI_O
  bBFI_A
  bBFI_A6
  bBFI_C
  bBFI_E
  bBFI_HP
  bBFI_N
  bBFI_O
  cBFI_A
  cBFI_A6
  cBFI_C
  cBFI_E
  cBFI_HP
  cBFI_N
  cBFI_O
  dBFI_A
  dBFI_A6
  dBFI_C
  dBFI_E
  dBFI_HP
  dBFI_N
  dBFI_O
  aBFA_AC
  aBFA_AP
  aBFA_CI
  aBFA_CO
  aBFA_EA
  aBFA_EE
  aBFA_N9
  aBFA_NV
  aBFA_NW
  aBFA_OI
  aBFA_OO
  aBFA_PS
  aBFA_MT
  bBFA_AC
  bBFA_AP
  bBFA_CI
  bBFA_CO
  bBFA_EA
  bBFA_EE
  bBFA_N9
  bBFA_NV
  bBFA_NW
  bBFA_OI
  bBFA_OO
  bBFA_MT
  bBFA_PS
  cBFA_AC
  cBFA_AP
  cBFA_CI
  cBFA_CO
  cBFA_EA
  cBFA_EE
  cBFA_N9
  cBFA_NV
  cBFA_NW
  cBFA_OI
  cBFA_OO
  cBFA_MT
  cBFA_PS
  dBFA_AC
  dBFA_AP
  dBFA_CI
  dBFA_CO
  dBFA_EA
  dBFA_EE
  dBFA_N9
  dBFA_NV
  dBFA_NW
  dBFA_OI
  dBFA_OO
  dBFA_MT
  dBFA_PS
  aUSI
  bUSI
  cUSI
  dUSI
  aHRZ_IND
  bHRZ_IND
  cHRZ_IND
  dHRZ_IND
  aVRT_IND
  bVRT_IND
  cVRT_IND
  dVRT_IND
  aHRZ_COL
  bHRZ_COL
  cHRZ_COL
  dHRZ_COL
  aVRT_COL
  bVRT_COL
  cVRT_COL
  dVRT_COL
  aCOLLCTV
  bCOLLCTV
  cCOLLCTV
  dCOLLCTV
  aMVS
  bMVS
  cMVS
  dMVS
  aST
  bST
  cST
  dST
  aSD
  bSD
  cSD
  dSD
  aMVS_mc
  bMVS_mc
  cMVS_mc
  dMVS_mc
  aST_mc
  bST_mc
  cST_mc
  dST_mc
  aSD_mc
  bSD_mc
  cSD_mc
  dSD_mc
  bMEANING
  cMEANING
  dMEANING
  bMEAN_L
  cMEAN_L
  dMEAN_L
  bMEANNGc
  cMEANNGc
  dMEANNGc
  bMEANGlc
  cMEANGlc
  dMEANGlc
  bCLASSIC
  cCLASSIC
  dCLASSIC
  bCLASSCc
  cCLASSCc
  dCLASSCc
  bAGR_VAL
  cAGR_VAL
  dAGR_VAL
  bOPN_VAL
  cOPN_VAL
  dOPN_VAL
  bAGR_VLc
  cAGR_VLc
  dAGR_VLc
  bOPNVALc
  cOPNVALc
  dOPNVALc
  aMV_pomp
  bMV_pomp
  cMV_pomp
  dMV_pomp
  aST_pomp
  bST_pomp
  cST_pomp
  dST_pomp
  aSD_pomp
  bSD_pomp
  cSD_pomp
  dSD_pomp
  agoal_ec
  bgoal_ec
  cgoal_ec
  dgoal_ec
  aAspfinc
  bAspfinc
  cAspfinc
  dAspfinc
  abfi_hp8
  bbfi_hp8
  cbfi_hp8
  dbfi_hp8
  aP_S_BFI
  aP_D_BFI
  aECgoalc
  bECgoalC
  cECgoalC
  dECgoalC
  aaspfin
  baspfin
  caspfin
  daspfin;

  USEVARIABLES =
  aBFA_CO
  bBFA_CO
  cBFA_CO
  dBFA_CO
  aaspfin
  baspfin
  caspfin
  daspfin
  bage_c
  cage_c
  dage_c
  ;

  missing = all (-9999);

  USEOBSERVATIONS are Sample == 2; ! College Sample

  tscores = bage_c cage_c dage_c;

  DEFINE:
  bage_c = aAGE + 1 - 20.5;
  cage_c = aAGE + 2 - 20.5;
  dage_c = aAGE + 3 - 20.5;

  ANALYSIS:
  TYPE=RANDOM;
  PROCESSORS = 8;

  MODEL:

  i_BFA_CO s_BFA_CO | bBFA_CO cBFA_CO dBFA_CO AT bage_c cage_c dage_c;
  i_aspfin s_aspfin | baspfin caspfin daspfin AT bage_c cage_c dage_c;


  !After Bollen and Curran initial observation is not part of LGM

  dBFA_CO on cBFA_CO (a); ! Autoregressive paths constrained to equality
  cBFA_CO on bBFA_CO (a);
  bBFA_CO on aBFA_CO (a);

  daspfin on caspfin (b); ! Autoregressive paths constrained to equality
  caspfin on baspfin (b);
  baspfin on aaspfin (b);

  bBFA_CO cBFA_CO dBFA_CO (c); !Equality constraint on residuals
  baspfin caspfin daspfin (d); !Equality constraint on residuals

  daspfin on cBFA_CO (x); ! Cross-lagged paths constrained to equality
  caspfin on bBFA_CO (x);
  baspfin on aBFA_CO (x);

  dBFA_CO on caspfin (y); ! Cross-lagged paths constrained to equality
  cBFA_CO on baspfin (y);
  bBFA_CO on aaspfin (y);

  daspfin with dBFA_CO (w); ! within-wave correlations constrained to equality
  caspfin with cBFA_CO (w);
  baspfin with bBFA_CO (w);

  aBFA_CO aaspfin i_BFA_CO i_aspfin
  s_aspfin
  with
  s_aspfin
  aBFA_CO aaspfin i_BFA_CO i_aspfin;

  s_BFA_CO@0;


  OUTPUT: SAMPSTAT PATTERNS;



*** WARNING in MODEL command
  All continuous latent variable covariances involving S_BFA_CO have been fixed to 0
  because the variance of S_BFA_CO is fixed at 0.
*** WARNING
  Data set contains cases with missing on all variables.
  These cases were not included in the analysis.
  Number of cases with missing on all variables:  1
   2 WARNING(S) FOUND IN THE INPUT INSTRUCTIONS



PxVx Univariate - Col MeanOnly BFA_CO with Lin aspfin;

SUMMARY OF ANALYSIS

Number of groups                                                 1
Number of observations                                         279

Number of dependent variables                                    6
Number of independent variables                                  2
Number of continuous latent variables                            4

Observed dependent variables

  Continuous
   BBFA_CO     CBFA_CO     DBFA_CO     BASPFIN     CASPFIN     DASPFIN

Observed independent variables
   ABFA_CO     AASPFIN

Continuous latent variables
   I_BFA_CO    S_BFA_CO    I_ASPFIN    S_ASPFIN

Variables with special functions

  Time scores
   BAGE_C      CAGE_C      DAGE_C


Estimator                                                      MLR
Information matrix                                        OBSERVED
Maximum number of iterations                                   100
Convergence criterion                                    0.100D-05
Maximum number of EM iterations                                500
Convergence criteria for the EM algorithm
  Loglikelihood change                                   0.100D-02
  Relative loglikelihood change                          0.100D-05
  Derivative                                             0.100D-03
Minimum variance                                         0.100D-03
Maximum number of steepest descent iterations                   20
Maximum number of iterations for H1                           2000
Convergence criterion for H1                             0.100D-03
Optimization algorithm                                         EMA

Input data file(s)
  E:\Projects\lnt_pxvx\Data\LT_227.txt
Input data format  FREE


SUMMARY OF DATA

     Number of missing data patterns            12


SUMMARY OF MISSING DATA PATTERNS


     MISSING DATA PATTERNS (x = not missing)

           1  2  3  4  5  6  7  8  9 10 11 12
 BBFA_CO   x  x     x        x  x           x
 CBFA_CO   x  x  x                 x
 DBFA_CO   x              x  x  x  x
 BASPFIN   x  x     x           x
 CASPFIN   x  x  x                 x
 DASPFIN   x              x     x  x
 ABFA_CO   x  x  x  x  x  x  x  x  x  x     x
 AASPFIN   x  x  x  x  x  x  x  x  x     x  x


     MISSING DATA PATTERN FREQUENCIES

    Pattern   Frequency     Pattern   Frequency     Pattern   Frequency
          1         140           5          52           9          11
          2          12           6          11          10           1
          3           5           7           1          11           1
          4          28           8          16          12           1


COVARIANCE COVERAGE OF DATA

Minimum covariance coverage value   0.100


     PROPORTION OF DATA PRESENT


           Covariance Coverage
              BBFA_CO       CBFA_CO       DBFA_CO       BASPFIN       CASPFIN
              ________      ________      ________      ________      ________
 BBFA_CO        0.710
 CBFA_CO        0.545         0.602
 DBFA_CO        0.563         0.541         0.642
 BASPFIN        0.703         0.545         0.559         0.703
 CASPFIN        0.545         0.602         0.541         0.545         0.602
 DASPFIN        0.559         0.541         0.638         0.559         0.541
 ABFA_CO        0.710         0.602         0.642         0.703         0.602
 AASPFIN        0.710         0.602         0.642         0.703         0.602


           Covariance Coverage
              DASPFIN       ABFA_CO       AASPFIN
              ________      ________      ________
 DASPFIN        0.638
 ABFA_CO        0.638         0.996
 AASPFIN        0.638         0.993         0.996


SAMPLE STATISTICS


     ESTIMATED SAMPLE STATISTICS


           Means
              BBFA_CO       CBFA_CO       DBFA_CO       BASPFIN       CASPFIN
              ________      ________      ________      ________      ________
 1             59.762        60.129        59.862        47.423        46.344


           Means
              DASPFIN       ABFA_CO       AASPFIN
              ________      ________      ________
 1             48.057        59.255        47.413


           Covariances
              BBFA_CO       CBFA_CO       DBFA_CO       BASPFIN       CASPFIN
              ________      ________      ________      ________      ________
 BBFA_CO      300.639
 CBFA_CO      215.325       287.216
 DBFA_CO      197.515       215.779       261.721
 BASPFIN       82.378        62.724        68.975       539.632
 CASPFIN       64.908        75.240        78.465       344.888       494.792
 DASPFIN       16.143        21.420        35.778       398.723       395.558
 ABFA_CO      229.347       188.642       180.689        76.121        80.282
 AASPFIN       51.627        60.004        52.114       422.252       333.982


           Covariances
              DASPFIN       ABFA_CO       AASPFIN
              ________      ________      ________
 DASPFIN      561.333
 ABFA_CO       37.993       284.261
 AASPFIN      360.079        87.534       540.471


           Correlations
              BBFA_CO       CBFA_CO       DBFA_CO       BASPFIN       CASPFIN
              ________      ________      ________      ________      ________
 BBFA_CO        1.000
 CBFA_CO        0.733         1.000
 DBFA_CO        0.704         0.787         1.000
 BASPFIN        0.205         0.159         0.184         1.000
 CASPFIN        0.168         0.200         0.218         0.667         1.000
 DASPFIN        0.039         0.053         0.093         0.724         0.751
 ABFA_CO        0.785         0.660         0.662         0.194         0.214
 AASPFIN        0.128         0.152         0.139         0.782         0.646


           Correlations
              DASPFIN       ABFA_CO       AASPFIN
              ________      ________      ________
 DASPFIN        1.000
 ABFA_CO        0.095         1.000
 AASPFIN        0.654         0.223         1.000


     MAXIMUM LOG-LIKELIHOOD VALUE FOR THE UNRESTRICTED (H1) MODEL IS -6721.578


THE MODEL ESTIMATION TERMINATED NORMALLY



MODEL FIT INFORMATION

Number of Free Parameters                       28

Loglikelihood

          H0 Value                       -6735.098
          H0 Scaling Correction Factor       0.995
            for MLR

Information Criteria

          Akaike (AIC)                   13526.195
          Bayesian (BIC)                 13627.869
          Sample-Size Adjusted BIC       13539.084
            (n* = (n + 2) / 24)



MODEL RESULTS

                                                    Two-Tailed
                    Estimate       S.E.  Est./S.E.    P-Value

 DBFA_CO    ON
    CBFA_CO            0.284      0.065      4.385      0.000
    CASPFIN           -0.024      0.066     -0.361      0.718

 CBFA_CO    ON
    BBFA_CO            0.284      0.065      4.385      0.000
    BASPFIN           -0.024      0.066     -0.361      0.718

 BBFA_CO    ON
    ABFA_CO            0.284      0.065      4.385      0.000
    AASPFIN           -0.024      0.066     -0.361      0.718

 DASPFIN    ON
    CASPFIN            0.036      0.189      0.189      0.850
    CBFA_CO           -0.029      0.079     -0.372      0.710

 CASPFIN    ON
    BASPFIN            0.036      0.189      0.189      0.850
    BBFA_CO           -0.029      0.079     -0.372      0.710

 BASPFIN    ON
    AASPFIN            0.036      0.189      0.189      0.850
    ABFA_CO           -0.029      0.079     -0.372      0.710

 I_ASPFIN WITH
    I_BFA_CO          72.969     41.237      1.770      0.077

 S_ASPFIN WITH
    I_BFA_CO         -11.373      6.069     -1.874      0.061
    I_ASPFIN         -18.696     15.108     -1.238      0.216

 ABFA_CO  WITH
    I_BFA_CO         135.910     22.150      6.136      0.000
    I_ASPFIN         104.630     31.171      3.357      0.001
    S_ASPFIN         -17.079      8.572     -1.992      0.046

 AASPFIN  WITH
    I_BFA_CO          46.259     35.179      1.315      0.189
    I_ASPFIN         424.986    108.398      3.921      0.000
    S_ASPFIN         -33.144     16.066     -2.063      0.039

 DASPFIN  WITH
    DBFA_CO           11.474      7.225      1.588      0.112

 CASPFIN  WITH
    CBFA_CO           11.474      7.225      1.588      0.112

 BASPFIN  WITH
    BBFA_CO           11.474      7.225      1.588      0.112

 AASPFIN  WITH
    ABFA_CO           87.532     24.461      3.578      0.000

 Means
    ABFA_CO           59.239      1.010     58.667      0.000
    AASPFIN           47.415      1.402     33.824      0.000
    I_BFA_CO          43.724      5.143      8.501      0.000
    S_BFA_CO           0.174      0.455      0.383      0.702
    I_ASPFIN          46.667      7.674      6.081      0.000
    S_ASPFIN           0.280      0.641      0.437      0.662

 Intercepts
    BBFA_CO            0.000      0.000    999.000    999.000
    CBFA_CO            0.000      0.000    999.000    999.000
    DBFA_CO            0.000      0.000    999.000    999.000
    BASPFIN            0.000      0.000    999.000    999.000
    CASPFIN            0.000      0.000    999.000    999.000
    DASPFIN            0.000      0.000    999.000    999.000

 Variances
    ABFA_CO          284.261     21.054     13.502      0.000
    AASPFIN          540.471     37.701     14.336      0.000
    I_BFA_CO         100.918     28.743      3.511      0.000
    S_BFA_CO           0.000      0.000    999.000    999.000
    I_ASPFIN         389.312    165.125      2.358      0.018
    S_ASPFIN           9.499      6.386      1.487      0.137

 Residual Variances
    BBFA_CO           83.897      8.051     10.420      0.000
    CBFA_CO           83.897      8.051     10.420      0.000
    DBFA_CO           83.897      8.051     10.420      0.000
    BASPFIN          142.225     21.529      6.606      0.000
    CASPFIN          142.225     21.529      6.606      0.000
    DASPFIN          142.225     21.529      6.606      0.000


QUALITY OF NUMERICAL RESULTS

     Condition Number for the Information Matrix              0.295E-05
       (ratio of smallest to largest eigenvalue)


     Beginning Time:  18:17:38
        Ending Time:  18:17:44
       Elapsed Time:  00:00:06



MUTHEN & MUTHEN
3463 Stoner Ave.
Los Angeles, CA  90066

Tel: (310) 391-9971
Fax: (310) 391-8971
Web: www.StatModel.com
Support: Support@StatModel.com

Copyright (c) 1998-2011 Muthen & Muthen
