Mplus VERSION 7 (Mac)
MUTHEN & MUTHEN
10/27/2017  11:03 AM

INPUT INSTRUCTIONS


  title: PxVx Bivariate LCM-SR-Uncons - Nat Linear BFA_AP with Linear BFA_MT;
  data: file = /Users/johnflournoy/code/lnt_pxvx/Data/LT_227.txt;


  variable:
  names =
  subjid
  Sample
  aGENDER
  aAGE
  aethnic1
  aethnic2
  aedu_mom
  aedu_dad
  aEDUCATN
  bEDUCATN
  cEDUCATN
  aEMPLOYD
  bEMPLOYD
  cEMPLOYD
  dEMPLOYD
  aINCOME
  bINCOME
  cINCOME
  dINCOME
  aS_SCALE
  bS_SCALE
  cS_SCALE
  dS_SCALE
  aD_SCALE
  bD_SCALE
  cD_SCALE
  dD_SCALE
  aS_COMP
  bS_COMP
  cS_COMP
  dS_COMP
  aD_COMP
  bD_COMP
  cD_COMP
  dD_COMP
  aBFI_A
  aBFI_A6
  aBFI_C
  aBFI_E
  aBFI_HP
  aBFI_N
  aBFI_O
  bBFI_A
  bBFI_A6
  bBFI_C
  bBFI_E
  bBFI_HP
  bBFI_N
  bBFI_O
  cBFI_A
  cBFI_A6
  cBFI_C
  cBFI_E
  cBFI_HP
  cBFI_N
  cBFI_O
  dBFI_A
  dBFI_A6
  dBFI_C
  dBFI_E
  dBFI_HP
  dBFI_N
  dBFI_O
  aBFA_AC
  aBFA_AP
  aBFA_CI
  aBFA_CO
  aBFA_EA
  aBFA_EE
  aBFA_N9
  aBFA_NV
  aBFA_NW
  aBFA_OI
  aBFA_OO
  aBFA_PS
  aBFA_MT
  bBFA_AC
  bBFA_AP
  bBFA_CI
  bBFA_CO
  bBFA_EA
  bBFA_EE
  bBFA_N9
  bBFA_NV
  bBFA_NW
  bBFA_OI
  bBFA_OO
  bBFA_MT
  bBFA_PS
  cBFA_AC
  cBFA_AP
  cBFA_CI
  cBFA_CO
  cBFA_EA
  cBFA_EE
  cBFA_N9
  cBFA_NV
  cBFA_NW
  cBFA_OI
  cBFA_OO
  cBFA_MT
  cBFA_PS
  dBFA_AC
  dBFA_AP
  dBFA_CI
  dBFA_CO
  dBFA_EA
  dBFA_EE
  dBFA_N9
  dBFA_NV
  dBFA_NW
  dBFA_OI
  dBFA_OO
  dBFA_MT
  dBFA_PS
  aUSI
  bUSI
  cUSI
  dUSI
  aHRZ_IND
  bHRZ_IND
  cHRZ_IND
  dHRZ_IND
  aVRT_IND
  bVRT_IND
  cVRT_IND
  dVRT_IND
  aHRZ_COL
  bHRZ_COL
  cHRZ_COL
  dHRZ_COL
  aVRT_COL
  bVRT_COL
  cVRT_COL
  dVRT_COL
  aCOLLCTV
  bCOLLCTV
  cCOLLCTV
  dCOLLCTV
  aMVS
  bMVS
  cMVS
  dMVS
  aST
  bST
  cST
  dST
  aSD
  bSD
  cSD
  dSD
  aMVS_mc
  bMVS_mc
  cMVS_mc
  dMVS_mc
  aST_mc
  bST_mc
  cST_mc
  dST_mc
  aSD_mc
  bSD_mc
  cSD_mc
  dSD_mc
  bMEANING
  cMEANING
  dMEANING
  bMEAN_L
  cMEAN_L
  dMEAN_L
  bMEANNGc
  cMEANNGc
  dMEANNGc
  bMEANGlc
  cMEANGlc
  dMEANGlc
  bCLASSIC
  cCLASSIC
  dCLASSIC
  bCLASSCc
  cCLASSCc
  dCLASSCc
  bAGR_VAL
  cAGR_VAL
  dAGR_VAL
  bOPN_VAL
  cOPN_VAL
  dOPN_VAL
  bAGR_VLc
  cAGR_VLc
  dAGR_VLc
  bOPNVALc
  cOPNVALc
  dOPNVALc
  aMV_pomp
  bMV_pomp
  cMV_pomp
  dMV_pomp
  aST_pomp
  bST_pomp
  cST_pomp
  dST_pomp
  aSD_pomp
  bSD_pomp
  cSD_pomp
  dSD_pomp
  agoal_ec
  bgoal_ec
  cgoal_ec
  dgoal_ec
  aAspfinc
  bAspfinc
  cAspfinc
  dAspfinc
  abfi_hp8
  bbfi_hp8
  cbfi_hp8
  dbfi_hp8
  aP_S_BFI
  aP_D_BFI
  aECgoalc
  bECgoalC
  cECgoalC
  dECgoalC
  aaspfin
  baspfin
  caspfin
  daspfin
  aMVI_POMP
  bMVI_POMP
  cMVI_POMP
  dMVI_POMP;


  USEVARIABLES =
  aBFA_AP
  bBFA_AP
  cBFA_AP
  dBFA_AP
  aBFA_MT
  bBFA_MT
  cBFA_MT
  dBFA_MT
  a1
  a2
  a3
  a4
  ;

  missing = all (-9999);

  USEOBSERVATIONS are Sample == 1; ! National Sample

  tscores = a1 a2 a3 a4;

  DEFINE:
  a1 = aAGE + 0 - 36;
  a2 = aAGE + 1 - 36;
  a3 = aAGE + 2 - 36;
  a4 = aAGE + 3 - 36;

  ANALYSIS:
  TYPE=RANDOM;
  PROCESSORS = 4;
  model=nocovariances; ! supresses default estimation of certain covs in model;

  MODEL:

  i_BFA_AP s_BFA_AP | aBFA_AP bBFA_AP cBFA_AP dBFA_AP AT a1 a2 a3 a4;
  i_BFA_MT s_BFA_MT | aBFA_MT bBFA_MT cBFA_MT dBFA_MT AT a1 a2 a3 a4;

  ! freeing factor covs because of "nocovariances"
  s_BFA_AP WITH i_BFA_AP s_BFA_MT i_BFA_MT;
  i_BFA_AP WITH s_BFA_MT i_BFA_MT;
  s_BFA_MT WITH i_BFA_MT;

  p1 BY aBFA_AP@1; ! Residual "factors";
  p2 BY bBFA_AP@1;
  p3 BY cBFA_AP@1;
  p4 BY dBFA_AP@1;

  v1 BY aBFA_MT@1; ! Residual "factors";
  v2 BY bBFA_MT@1;
  v3 BY cBFA_MT@1;
  v4 BY dBFA_MT@1;

  !residual variances on observed/manifest vars set to 0
  aBFA_AP@0;
  bBFA_AP@0;
  cBFA_AP@0;
  dBFA_AP@0;

  !residual variances on observed/manifest vars set to 0
  aBFA_MT@0;
  bBFA_MT@0;
  cBFA_MT@0;
  dBFA_MT@0;

  ! means of observed/manifest vars set to 0
  [aBFA_AP@0];
  [bBFA_AP@0];
  [cBFA_AP@0];
  [dBFA_AP@0];

  ! means of observed/manifest vars set to 0
  [aBFA_MT@0];
  [bBFA_MT@0];
  [cBFA_MT@0];
  [dBFA_MT@0];

  [p1@0]; ! means of residual "factors" set to 0
  [p2@0];
  [p3@0];
  [p4@0];

  [v1@0]; ! means of residual "factors" set to 0
  [v2@0];
  [v3@0];
  [v4@0];

  p4 on p3;
  p3 on p2;
  p2 on p1;

  v4 on v3;
  v3 on v2;
  v2 on v1;

  p4 on v3;
  p3 on v2;
  p2 on v1;

  v4 on p3;
  v3 on p2;
  v2 on p1;

  p1 with v1;
  p2 with v2;
  p3 with v3;
  p4 with v4;

  p2 p3 p4; ! estimate variances of residual "factors"
  v2 v3 v4; ! estimate variances of residual "factors"

  OUTPUT: SAMPSTAT PATTERNS;



*** WARNING
  Variable name contains more than 8 characters.
  Only the first 8 characters will be printed in the output.
  Variable: AMVI_POMP
*** WARNING
  Variable name contains more than 8 characters.
  Only the first 8 characters will be printed in the output.
  Variable: BMVI_POMP
*** WARNING
  Variable name contains more than 8 characters.
  Only the first 8 characters will be printed in the output.
  Variable: CMVI_POMP
*** WARNING
  Variable name contains more than 8 characters.
  Only the first 8 characters will be printed in the output.
  Variable: DMVI_POMP
*** WARNING
  Data set contains cases with missing on time scores but non-missing on the
  corresponding dependent variables.  These cases were not included in the analysis.
  Number of such cases:  16
   5 WARNING(S) FOUND IN THE INPUT INSTRUCTIONS



PxVx Bivariate LCM-SR-Uncons - Nat Linear BFA_AP with Linear BFA_MT;

SUMMARY OF ANALYSIS

Number of groups                                                 1
Number of observations                                         863

Number of dependent variables                                    8
Number of independent variables                                  0
Number of continuous latent variables                           12

Observed dependent variables

  Continuous
   ABFA_AP     BBFA_AP     CBFA_AP     DBFA_AP     ABFA_MT     BBFA_MT
   CBFA_MT     DBFA_MT

Continuous latent variables
   P1          P2          P3          P4          V1          V2
   V3          V4          I_BFA_AP    S_BFA_AP    I_BFA_MT    S_BFA_MT

Variables with special functions

  Time scores
   A1          A2          A3          A4


Estimator                                                      MLR
Information matrix                                        OBSERVED
Maximum number of iterations                                   100
Convergence criterion                                    0.100D-05
Maximum number of EM iterations                                500
Convergence criteria for the EM algorithm
  Loglikelihood change                                   0.100D-02
  Relative loglikelihood change                          0.100D-05
  Derivative                                             0.100D-03
Minimum variance                                         0.100D-03
Maximum number of steepest descent iterations                   20
Maximum number of iterations for H1                           2000
Convergence criterion for H1                             0.100D-03
Optimization algorithm                                         EMA

Input data file(s)
  /Users/johnflournoy/code/lnt_pxvx/Data/LT_227.txt
Input data format  FREE


SUMMARY OF DATA

     Number of missing data patterns            11


SUMMARY OF MISSING DATA PATTERNS


     MISSING DATA PATTERNS (x = not missing)

           1  2  3  4  5  6  7  8  9 10 11
 ABFA_AP   x  x  x  x  x  x  x  x  x
 BBFA_AP   x     x  x        x     x  x
 CBFA_AP   x           x     x  x  x  x  x
 DBFA_AP   x     x     x  x        x  x  x
 ABFA_MT   x  x  x  x  x  x  x  x  x
 BBFA_MT   x     x  x        x        x
 CBFA_MT   x           x     x  x  x  x  x
 DBFA_MT   x     x     x  x        x  x  x


     MISSING DATA PATTERN FREQUENCIES

    Pattern   Frequency     Pattern   Frequency     Pattern   Frequency
          1         491           5          21           9           1
          2         170           6          25          10           5
          3          27           7          47          11           1
          4          52           8          23


COVARIANCE COVERAGE OF DATA

Minimum covariance coverage value   0.100


     PROPORTION OF DATA PRESENT


           Covariance Coverage
              ABFA_AP       BBFA_AP       CBFA_AP       DBFA_AP       ABFA_MT
              ________      ________      ________      ________      ________
 ABFA_AP        0.993
 BBFA_AP        0.716         0.722
 CBFA_AP        0.676         0.630         0.683
 DBFA_AP        0.655         0.607         0.601         0.662
 ABFA_MT        0.993         0.716         0.676         0.655         0.993
 BBFA_MT        0.715         0.721         0.629         0.606         0.715
 CBFA_MT        0.676         0.630         0.683         0.601         0.676
 DBFA_MT        0.655         0.607         0.601         0.662         0.655


           Covariance Coverage
              BBFA_MT       CBFA_MT       DBFA_MT
              ________      ________      ________
 BBFA_MT        0.721
 CBFA_MT        0.629         0.683
 DBFA_MT        0.606         0.601         0.662


SAMPLE STATISTICS


     ESTIMATED SAMPLE STATISTICS


           Means
              ABFA_AP       BBFA_AP       CBFA_AP       DBFA_AP       ABFA_MT
              ________      ________      ________      ________      ________
 1             69.733        70.692        70.817        70.970        48.529


           Means
              BBFA_MT       CBFA_MT       DBFA_MT
              ________      ________      ________
 1             48.256        47.865        47.651


           Covariances
              ABFA_AP       BBFA_AP       CBFA_AP       DBFA_AP       ABFA_MT
              ________      ________      ________      ________      ________
 ABFA_AP      265.191
 BBFA_AP      205.534       254.452
 CBFA_AP      194.523       199.505       245.369
 DBFA_AP      194.315       194.034       203.417       246.123
 ABFA_MT      -69.736       -60.420       -47.497       -47.692       237.681
 BBFA_MT      -62.148       -65.695       -50.087       -51.414       188.072
 CBFA_MT      -62.674       -66.052       -53.596       -58.813       185.181
 DBFA_MT      -65.512       -66.203       -55.600       -57.312       182.447


           Covariances
              BBFA_MT       CBFA_MT       DBFA_MT
              ________      ________      ________
 BBFA_MT      235.860
 CBFA_MT      195.893       242.585
 DBFA_MT      193.038       204.931       252.867


           Correlations
              ABFA_AP       BBFA_AP       CBFA_AP       DBFA_AP       ABFA_MT
              ________      ________      ________      ________      ________
 ABFA_AP        1.000
 BBFA_AP        0.791         1.000
 CBFA_AP        0.763         0.798         1.000
 DBFA_AP        0.761         0.775         0.828         1.000
 ABFA_MT       -0.278        -0.246        -0.197        -0.197         1.000
 BBFA_MT       -0.248        -0.268        -0.208        -0.213         0.794
 CBFA_MT       -0.247        -0.266        -0.220        -0.241         0.771
 DBFA_MT       -0.253        -0.261        -0.223        -0.230         0.744


           Correlations
              BBFA_MT       CBFA_MT       DBFA_MT
              ________      ________      ________
 BBFA_MT        1.000
 CBFA_MT        0.819         1.000
 DBFA_MT        0.790         0.827         1.000


     MAXIMUM LOG-LIKELIHOOD VALUE FOR THE UNRESTRICTED (H1) MODEL IS -19955.402


THE MODEL ESTIMATION TERMINATED NORMALLY



MODEL FIT INFORMATION

Number of Free Parameters                       38

Loglikelihood

          H0 Value                      -19932.948
          H0 Scaling Correction Factor      1.2093
            for MLR

Information Criteria

          Akaike (AIC)                   39941.897
          Bayesian (BIC)                 40122.793
          Sample-Size Adjusted BIC       40002.114
            (n* = (n + 2) / 24)



MODEL RESULTS

                                                    Two-Tailed
                    Estimate       S.E.  Est./S.E.    P-Value

 P1       BY
    ABFA_AP            1.000      0.000    999.000    999.000

 P2       BY
    BBFA_AP            1.000      0.000    999.000    999.000

 P3       BY
    CBFA_AP            1.000      0.000    999.000    999.000

 P4       BY
    DBFA_AP            1.000      0.000    999.000    999.000

 V1       BY
    ABFA_MT            1.000      0.000    999.000    999.000

 V2       BY
    BBFA_MT            1.000      0.000    999.000    999.000

 V3       BY
    CBFA_MT            1.000      0.000    999.000    999.000

 V4       BY
    DBFA_MT            1.000      0.000    999.000    999.000

 P4         ON
    P3                 0.253      0.083      3.043      0.002
    V3                -0.087      0.072     -1.219      0.223

 P3         ON
    P2                 0.106      0.099      1.072      0.284
    V2                 0.060      0.098      0.607      0.544

 P2         ON
    P1                 0.089      0.096      0.932      0.351
    V1                -0.092      0.107     -0.859      0.390

 V4         ON
    V3                 0.353      0.084      4.189      0.000
    P3                 0.025      0.088      0.281      0.778

 V3         ON
    V2                 0.125      0.124      1.011      0.312
    P2                -0.080      0.084     -0.945      0.345

 V2         ON
    V1                -0.042      0.115     -0.360      0.719
    P1                -0.050      0.088     -0.571      0.568

 S_BFA_AP WITH
    I_BFA_AP          -0.634      0.579     -1.094      0.274
    S_BFA_MT          -0.012      0.067     -0.177      0.860
    I_BFA_MT           1.631      1.581      1.032      0.302

 I_BFA_AP WITH
    S_BFA_MT          -2.084      1.614     -1.291      0.197
    I_BFA_MT         -46.555     10.106     -4.607      0.000

 S_BFA_MT WITH
    I_BFA_MT          -0.947      0.549     -1.726      0.084

 P1       WITH
    V1               -14.826      5.769     -2.570      0.010

 P2       WITH
    V2                -7.048      5.528     -1.275      0.202

 P3       WITH
    V3                 0.606      4.500      0.135      0.893

 P4       WITH
    V4                 1.092      3.544      0.308      0.758

 Means
    P1                 0.000      0.000    999.000    999.000
    V1                 0.000      0.000    999.000    999.000
    I_BFA_AP          70.058      0.504    139.001      0.000
    S_BFA_AP           0.292      0.045      6.550      0.000
    I_BFA_MT          48.453      0.491     98.694      0.000
    S_BFA_MT          -0.244      0.043     -5.626      0.000

 Intercepts
    ABFA_AP            0.000      0.000    999.000    999.000
    BBFA_AP            0.000      0.000    999.000    999.000
    CBFA_AP            0.000      0.000    999.000    999.000
    DBFA_AP            0.000      0.000    999.000    999.000
    ABFA_MT            0.000      0.000    999.000    999.000
    BBFA_MT            0.000      0.000    999.000    999.000
    CBFA_MT            0.000      0.000    999.000    999.000
    DBFA_MT            0.000      0.000    999.000    999.000
    P2                 0.000      0.000    999.000    999.000
    P3                 0.000      0.000    999.000    999.000
    P4                 0.000      0.000    999.000    999.000
    V2                 0.000      0.000    999.000    999.000
    V3                 0.000      0.000    999.000    999.000
    V4                 0.000      0.000    999.000    999.000

 Variances
    P1                67.329      7.236      9.305      0.000
    V1                53.231      6.873      7.744      0.000
    I_BFA_AP         180.701     13.143     13.748      0.000
    S_BFA_AP           0.066      0.098      0.671      0.502
    I_BFA_MT         174.808     13.402     13.043      0.000
    S_BFA_MT           0.075      0.093      0.807      0.420

 Residual Variances
    ABFA_AP            0.000      0.000    999.000    999.000
    BBFA_AP            0.000      0.000    999.000    999.000
    CBFA_AP            0.000      0.000    999.000    999.000
    DBFA_AP            0.000      0.000    999.000    999.000
    ABFA_MT            0.000      0.000    999.000    999.000
    BBFA_MT            0.000      0.000    999.000    999.000
    CBFA_MT            0.000      0.000    999.000    999.000
    DBFA_MT            0.000      0.000    999.000    999.000
    P2                55.332      7.357      7.521      0.000
    P3                54.530      7.159      7.617      0.000
    P4                53.266      5.305     10.040      0.000
    V2                40.853      8.348      4.894      0.000
    V3                55.784      5.887      9.475      0.000
    V4                61.755      5.895     10.476      0.000


QUALITY OF NUMERICAL RESULTS

     Condition Number for the Information Matrix              0.820E-05
       (ratio of smallest to largest eigenvalue)


     Beginning Time:  11:03:18
        Ending Time:  11:03:33
       Elapsed Time:  00:00:15



MUTHEN & MUTHEN
3463 Stoner Ave.
Los Angeles, CA  90066

Tel: (310) 391-9971
Fax: (310) 391-8971
Web: www.StatModel.com
Support: Support@StatModel.com

Copyright (c) 1998-2012 Muthen & Muthen
