Mplus VERSION 6.12
MUTHEN & MUTHEN
02/28/2016   5:43 PM

INPUT INSTRUCTIONS


  title: PxVx Univariate - Nat bfi_hp8 AR_LinM;
  data: file = E:\Projects\lnt_pxvx\Data\LT_227.txt;

  variable:
  names =
  subjid
  Sample
  aGENDER
  aAGE
  aethnic1
  aethnic2
  aedu_mom
  aedu_dad
  aEDUCATN
  bEDUCATN
  cEDUCATN
  aEMPLOYD
  bEMPLOYD
  cEMPLOYD
  dEMPLOYD
  aINCOME
  bINCOME
  cINCOME
  dINCOME
  aS_SCALE
  bS_SCALE
  cS_SCALE
  dS_SCALE
  aD_SCALE
  bD_SCALE
  cD_SCALE
  dD_SCALE
  aS_COMP
  bS_COMP
  cS_COMP
  dS_COMP
  aD_COMP
  bD_COMP
  cD_COMP
  dD_COMP
  aBFI_A
  aBFI_A6
  aBFI_C
  aBFI_E
  aBFI_HP
  aBFI_N
  aBFI_O
  bBFI_A
  bBFI_A6
  bBFI_C
  bBFI_E
  bBFI_HP
  bBFI_N
  bBFI_O
  cBFI_A
  cBFI_A6
  cBFI_C
  cBFI_E
  cBFI_HP
  cBFI_N
  cBFI_O
  dBFI_A
  dBFI_A6
  dBFI_C
  dBFI_E
  dBFI_HP
  dBFI_N
  dBFI_O
  aBFA_AC
  aBFA_AP
  aBFA_CI
  aBFA_CO
  aBFA_EA
  aBFA_EE
  aBFA_N9
  aBFA_NV
  aBFA_NW
  aBFA_OI
  aBFA_OO
  aBFA_PS
  aBFA_MT
  bBFA_AC
  bBFA_AP
  bBFA_CI
  bBFA_CO
  bBFA_EA
  bBFA_EE
  bBFA_N9
  bBFA_NV
  bBFA_NW
  bBFA_OI
  bBFA_OO
  bBFA_MT
  bBFA_PS
  cBFA_AC
  cBFA_AP
  cBFA_CI
  cBFA_CO
  cBFA_EA
  cBFA_EE
  cBFA_N9
  cBFA_NV
  cBFA_NW
  cBFA_OI
  cBFA_OO
  cBFA_MT
  cBFA_PS
  dBFA_AC
  dBFA_AP
  dBFA_CI
  dBFA_CO
  dBFA_EA
  dBFA_EE
  dBFA_N9
  dBFA_NV
  dBFA_NW
  dBFA_OI
  dBFA_OO
  dBFA_MT
  dBFA_PS
  aUSI
  bUSI
  cUSI
  dUSI
  aHRZ_IND
  bHRZ_IND
  cHRZ_IND
  dHRZ_IND
  aVRT_IND
  bVRT_IND
  cVRT_IND
  dVRT_IND
  aHRZ_COL
  bHRZ_COL
  cHRZ_COL
  dHRZ_COL
  aVRT_COL
  bVRT_COL
  cVRT_COL
  dVRT_COL
  aCOLLCTV
  bCOLLCTV
  cCOLLCTV
  dCOLLCTV
  aMVS
  bMVS
  cMVS
  dMVS
  aST
  bST
  cST
  dST
  aSD
  bSD
  cSD
  dSD
  aMVS_mc
  bMVS_mc
  cMVS_mc
  dMVS_mc
  aST_mc
  bST_mc
  cST_mc
  dST_mc
  aSD_mc
  bSD_mc
  cSD_mc
  dSD_mc
  bMEANING
  cMEANING
  dMEANING
  bMEAN_L
  cMEAN_L
  dMEAN_L
  bMEANNGc
  cMEANNGc
  dMEANNGc
  bMEANGlc
  cMEANGlc
  dMEANGlc
  bCLASSIC
  cCLASSIC
  dCLASSIC
  bCLASSCc
  cCLASSCc
  dCLASSCc
  bAGR_VAL
  cAGR_VAL
  dAGR_VAL
  bOPN_VAL
  cOPN_VAL
  dOPN_VAL
  bAGR_VLc
  cAGR_VLc
  dAGR_VLc
  bOPNVALc
  cOPNVALc
  dOPNVALc
  aMV_pomp
  bMV_pomp
  cMV_pomp
  dMV_pomp
  aST_pomp
  bST_pomp
  cST_pomp
  dST_pomp
  aSD_pomp
  bSD_pomp
  cSD_pomp
  dSD_pomp
  agoal_ec
  bgoal_ec
  cgoal_ec
  dgoal_ec
  aAspfinc
  bAspfinc
  cAspfinc
  dAspfinc
  abfi_hp8
  bbfi_hp8
  cbfi_hp8
  dbfi_hp8
  aP_S_BFI
  aP_D_BFI
  aECgoalc
  bECgoalC
  cECgoalC
  dECgoalC
  aaspfin
  baspfin
  caspfin
  daspfin;

  USEVARIABLES =
  abfi_hp8
  bbfi_hp8
  cbfi_hp8
  dbfi_hp8
  bage_c
  cage_c
  dage_c
  ;

  missing = all (-9999);

  USEOBSERVATIONS are Sample == 1; ! National Sample




  tscores = bage_c cage_c dage_c;

  DEFINE:
  bage_c = aAGE + 1 - 36;
  cage_c = aAGE + 2 - 36;
  dage_c = aAGE + 3 - 36;


  ANALYSIS:
  TYPE=RANDOM;
  PROCESSORS = 8;

  MODEL:


  i_bfi_hp8 s_bfi_hp8 | bbfi_hp8 cbfi_hp8 dbfi_hp8 AT bage_c cage_c dage_c;

  !After Bollen and Curran initial observation is not part of LGM

  dbfi_hp8 on cbfi_hp8 (a); ! Autoregressive paths constrained to equality
  cbfi_hp8 on bbfi_hp8 (a);
  bbfi_hp8 on abfi_hp8 (a);

  bbfi_hp8 cbfi_hp8 dbfi_hp8 (c); !Equality constraint on residuals

  abfi_hp8 i_bfi_hp8
  WITH
  abfi_hp8 i_bfi_hp8;

  s_bfi_hp8@0;


  OUTPUT: SAMPSTAT PATTERNS;



*** WARNING
  Variable name contains more than 8 characters.
  Only the first 8 characters will be printed in the output.
  Variable: I_BFI_HP8
*** WARNING
  Variable name contains more than 8 characters.
  Only the first 8 characters will be printed in the output.
  Variable: S_BFI_HP8
*** WARNING in MODEL command
  All continuous latent variable covariances involving S_BFI_HP8 have been fixed to 0
  because the variance of S_BFI_HP8 is fixed at 0.
*** WARNING
  Data set contains cases with missing on time scores but non-missing on the
  corresponding dependent variables.  These cases were not included in the analysis.
  Number of such cases:  5
   4 WARNING(S) FOUND IN THE INPUT INSTRUCTIONS



PxVx Univariate - Nat bfi_hp8 AR_LinM;

SUMMARY OF ANALYSIS

Number of groups                                                 1
Number of observations                                         874

Number of dependent variables                                    3
Number of independent variables                                  1
Number of continuous latent variables                            2

Observed dependent variables

  Continuous
   BBFI_HP8    CBFI_HP8    DBFI_HP8

Observed independent variables
   ABFI_HP8

Continuous latent variables
   I_BFI_HP    S_BFI_HP

Variables with special functions

  Time scores
   BAGE_C      CAGE_C      DAGE_C


Estimator                                                      MLR
Information matrix                                        OBSERVED
Maximum number of iterations                                   100
Convergence criterion                                    0.100D-05
Maximum number of EM iterations                                500
Convergence criteria for the EM algorithm
  Loglikelihood change                                   0.100D-02
  Relative loglikelihood change                          0.100D-05
  Derivative                                             0.100D-03
Minimum variance                                         0.100D-03
Maximum number of steepest descent iterations                   20
Maximum number of iterations for H1                           2000
Convergence criterion for H1                             0.100D-03
Optimization algorithm                                         EMA

Input data file(s)
  E:\Projects\lnt_pxvx\Data\LT_227.txt
Input data format  FREE


SUMMARY OF DATA

     Number of missing data patterns             9


SUMMARY OF MISSING DATA PATTERNS


     MISSING DATA PATTERNS (x = not missing)

           1  2  3  4  5  6  7  8  9
 BBFI_HP8  x     x  x        x
 CBFI_HP8  x           x     x  x
 DBFI_HP8  x     x     x  x        x
 ABFI_HP8  x  x  x  x  x  x  x  x


     MISSING DATA PATTERN FREQUENCIES

    Pattern   Frequency     Pattern   Frequency     Pattern   Frequency
          1         503           4          57           7          47
          2         169           5          23           8          22
          3          27           6          25           9           1


COVARIANCE COVERAGE OF DATA

Minimum covariance coverage value   0.100


     PROPORTION OF DATA PRESENT


           Covariance Coverage
              BBFI_HP8      CBFI_HP8      DBFI_HP8      ABFI_HP8
              ________      ________      ________      ________
 BBFI_HP8       0.725
 CBFI_HP8       0.629         0.681
 DBFI_HP8       0.606         0.602         0.662
 ABFI_HP8       0.725         0.681         0.661         0.999


SAMPLE STATISTICS


     ESTIMATED SAMPLE STATISTICS


           Means
              BBFI_HP8      CBFI_HP8      DBFI_HP8      ABFI_HP8
              ________      ________      ________      ________
 1             71.505        72.184        72.228        71.134


           Covariances
              BBFI_HP8      CBFI_HP8      DBFI_HP8      ABFI_HP8
              ________      ________      ________      ________
 BBFI_HP8     254.811
 CBFI_HP8     186.133       232.640
 DBFI_HP8     177.283       178.210       235.164
 ABFI_HP8     188.998       174.491       165.290       248.673


           Correlations
              BBFI_HP8      CBFI_HP8      DBFI_HP8      ABFI_HP8
              ________      ________      ________      ________
 BBFI_HP8       1.000
 CBFI_HP8       0.764         1.000
 DBFI_HP8       0.724         0.762         1.000
 ABFI_HP8       0.751         0.725         0.684         1.000


     MAXIMUM LOG-LIKELIHOOD VALUE FOR THE UNRESTRICTED (H1) MODEL IS -10324.924


THE MODEL ESTIMATION TERMINATED NORMALLY



MODEL FIT INFORMATION

Number of Free Parameters                        8

Loglikelihood

          H0 Value                      -10323.003
          H0 Scaling Correction Factor       1.075
            for MLR

Information Criteria

          Akaike (AIC)                   20662.006
          Bayesian (BIC)                 20700.191
          Sample-Size Adjusted BIC       20674.785
            (n* = (n + 2) / 24)



MODEL RESULTS

                                                    Two-Tailed
                    Estimate       S.E.  Est./S.E.    P-Value

 DBFI_HP8   ON
    CBFI_HP8           0.150      0.046      3.230      0.001

 CBFI_HP8   ON
    BBFI_HP8           0.150      0.046      3.230      0.001

 BBFI_HP8   ON
    ABFI_HP8           0.150      0.046      3.230      0.001

 ABFI_HP8 WITH
    I_BFI_HP8        143.203     11.927     12.007      0.000

 Means
    ABFI_HP8          71.132      0.533    133.508      0.000
    I_BFI_HP8         61.037      3.367     18.127      0.000
    S_BFI_HP8          0.108      0.030      3.601      0.000

 Intercepts
    BBFI_HP8           0.000      0.000    999.000    999.000
    CBFI_HP8           0.000      0.000    999.000    999.000
    DBFI_HP8           0.000      0.000    999.000    999.000

 Variances
    ABFI_HP8         248.636     10.696     23.247      0.000
    I_BFI_HP8        121.280     17.410      6.966      0.000
    S_BFI_HP8          0.000      0.000    999.000    999.000

 Residual Variances
    BBFI_HP8          65.992      4.205     15.694      0.000
    CBFI_HP8          65.992      4.205     15.694      0.000
    DBFI_HP8          65.992      4.205     15.694      0.000


QUALITY OF NUMERICAL RESULTS

     Condition Number for the Information Matrix              0.130E-03
       (ratio of smallest to largest eigenvalue)


     Beginning Time:  17:43:29
        Ending Time:  17:43:30
       Elapsed Time:  00:00:01



MUTHEN & MUTHEN
3463 Stoner Ave.
Los Angeles, CA  90066

Tel: (310) 391-9971
Fax: (310) 391-8971
Web: www.StatModel.com
Support: Support@StatModel.com

Copyright (c) 1998-2011 Muthen & Muthen
