Mplus VERSION 8 (Linux)
MUTHEN & MUTHEN
07/08/2018   1:25 PM

INPUT INSTRUCTIONS


  title: PxVx Bivariate LCM-SR - 40splitgroup - Linear bfi_a6 with Linear vrt_ind;
  data: file = /home/jflournoy/code_new/lnt_pxvx/Data/lnt_nat_recalc.tsv;

  variable:
  names =
  subjid
  aage
  aaspfin
  aaspfin_d
  abfa_mt
  abfa_mt_d
  abfas_ac
  abfas_ap
  abfas_ci
  abfas_co
  abfas_ea
  abfas_ee
  abfas_nv
  abfas_nv9
  abfas_nw
  abfas_oi
  abfas_oo
  abfi_a
  abfi_a6
  abfi_c
  abfi_d_scale
  abfi_e
  abfi_hp8
  abfi_n
  abfi_o
  abfi_s_scale
  ahrz_col
  ahrz_col_d
  ahrz_ind
  ahrz_ind_d
  amvi
  ausi
  ausi_d
  avrt_col
  avrt_col_d
  avrt_ind
  avrt_ind_d
  bage
  baspfin
  baspfin_d
  bbfa_mt
  bbfa_mt_d
  bbfas_ac
  bbfas_ap
  bbfas_ci
  bbfas_co
  bbfas_ea
  bbfas_ee
  bbfas_nv
  bbfas_nv9
  bbfas_nw
  bbfas_oi
  bbfas_oo
  bbfi_a
  bbfi_a6
  bbfi_c
  bbfi_d_scale
  bbfi_e
  bbfi_hp8
  bbfi_n
  bbfi_o
  bbfi_s_scale
  bhrz_col
  bhrz_col_d
  bhrz_ind
  bhrz_ind_d
  bmvi
  busi
  busi_d
  bvrt_col
  bvrt_col_d
  bvrt_ind
  bvrt_ind_d
  cage
  caspfin
  caspfin_d
  cbfa_mt
  cbfa_mt_d
  cbfas_ac
  cbfas_ap
  cbfas_ci
  cbfas_co
  cbfas_ea
  cbfas_ee
  cbfas_nv
  cbfas_nv9
  cbfas_nw
  cbfas_oi
  cbfas_oo
  cbfi_a
  cbfi_a6
  cbfi_c
  cbfi_d_scale
  cbfi_e
  cbfi_hp8
  cbfi_n
  cbfi_o
  cbfi_s_scale
  chrz_col
  chrz_col_d
  chrz_ind
  chrz_ind_d
  cmvi
  cusi
  cusi_d
  cvrt_col
  cvrt_col_d
  cvrt_ind
  cvrt_ind_d
  dage
  daspfin
  daspfin_d
  dbfa_mt
  dbfa_mt_d
  dbfas_ac
  dbfas_ap
  dbfas_ci
  dbfas_co
  dbfas_ea
  dbfas_ee
  dbfas_nv
  dbfas_nv9
  dbfas_nw
  dbfas_oi
  dbfas_oo
  dbfi_a
  dbfi_a6
  dbfi_c
  dbfi_d_scale
  dbfi_e
  dbfi_hp8
  dbfi_n
  dbfi_o
  dbfi_s_scale
  dhrz_col
  dhrz_col_d
  dhrz_ind
  dhrz_ind_d
  dmvi
  dusi
  dusi_d
  dvrt_col
  dvrt_col_d
  dvrt_ind
  dvrt_ind_d;

  USEVARIABLES =
  abfi_a6
  bbfi_a6
  cbfi_a6
  dbfi_a6
  avrt_ind
  bvrt_ind
  cvrt_ind
  dvrt_ind
  a1
  a2
  a3
  a4
  aagegrp
  ;

  missing = all (-9999);

  tscores = a1 a2 a3 a4;

  grouping = aagegrp (0=earlier, 1=later);

  DEFINE:

  aagegrp = aage;

  cut aagegrp (39);

  a1 = aage + 0 - 36;
  a2 = aage + 1 - 36;
  a3 = aage + 2 - 36;
  a4 = aage + 3 - 36;

  ANALYSIS:
  TYPE=RANDOM;
  PROCESSORS = 6;
  model=nocovariances; ! supresses default estimation of certain covs in model;

  MODEL:

  i_bfi_a6 s_bfi_a6 | abfi_a6 bbfi_a6 cbfi_a6 dbfi_a6 AT a1 a2 a3 a4;
  i_vrt_ind s_vrt_ind | avrt_ind bvrt_ind cvrt_ind dvrt_ind AT a1 a2 a3 a4;

  ! freeing factor covs because of "nocovariances"
  s_bfi_a6 WITH i_bfi_a6 s_vrt_ind i_vrt_ind;
  i_bfi_a6 WITH s_vrt_ind i_vrt_ind;
  s_vrt_ind WITH i_vrt_ind;

  p1 BY abfi_a6@1; ! Residual "factors";
  p2 BY bbfi_a6@1;
  p3 BY cbfi_a6@1;
  p4 BY dbfi_a6@1;

  v1 BY avrt_ind@1; ! Residual "factors";
  v2 BY bvrt_ind@1;
  v3 BY cvrt_ind@1;
  v4 BY dvrt_ind@1;

  !residual variances on observed/manifest vars set to 0
  abfi_a6@0;
  bbfi_a6@0;
  cbfi_a6@0;
  dbfi_a6@0;

  !residual variances on observed/manifest vars set to 0
  avrt_ind@0;
  bvrt_ind@0;
  cvrt_ind@0;
  dvrt_ind@0;

  ! means of observed/manifest vars set to 0
  [abfi_a6@0];
  [bbfi_a6@0];
  [cbfi_a6@0];
  [dbfi_a6@0];

  ! means of observed/manifest vars set to 0
  [avrt_ind@0];
  [bvrt_ind@0];
  [cvrt_ind@0];
  [dvrt_ind@0];

  [p1@0]; ! means of residual "factors" set to 0
  [p2@0];
  [p3@0];
  [p4@0];

  [v1@0]; ! means of residual "factors" set to 0
  [v2@0];
  [v3@0];
  [v4@0];

  p4 on p3 (a); ! Autoregressive paths constrained to equality
  p3 on p2 (a);
  p2 on p1 (a);

  v4 on v3 (b); ! Autoregressive paths constrained to equality
  v3 on v2 (b);
  v2 on v1 (b);

  p4 on v3 (c); ! Cross-lagged paths constrained to equality
  p3 on v2 (c);
  p2 on v1 (c);

  v4 on p3 (d); ! Cross-lagged paths constrained to equality
  v3 on p2 (d);
  v2 on p1 (d);

  p1 with v1; !(this one is not like the others)

  p2 with v2 (e); ! Within-wave correlations constrained to equality
  p3 with v3 (e);
  p4 with v4 (e);

  p2 p3 p4 (f); ! estimate variances of residual "factors"
  v2 v3 v4 (g); ! estimate variances of residual "factors"

  MODEL earlier:

  p4 on p3 (a23); ! Autoregressive paths constrained to equality
  p3 on p2 (a23);
  p2 on p1 (a23);

  v4 on v3 (b23); ! Autoregressive paths constrained to equality
  v3 on v2 (b23);
  v2 on v1 (b23);

  p4 on v3 (c23); ! Cross-lagged paths constrained to equality
  p3 on v2 (c23);
  p2 on v1 (c23);

  v4 on p3 (d23); ! Cross-lagged paths constrained to equality
  v3 on p2 (d23);
  v2 on p1 (d23);

  p1 with v1; !(this one is not like the others)

  p2 with v2 (e23); ! Within-wave correlations constrained to equality
  p3 with v3 (e23);
  p4 with v4 (e23);

  p2 p3 p4 (f23); ! estimate variances of residual "factors"
  v2 v3 v4 (g23); ! estimate variances of residual "factors"

  MODEL later:

  p4 on p3 (a45); ! Autoregressive paths constrained to equality
  p3 on p2 (a45);
  p2 on p1 (a45);

  v4 on v3 (b45); ! Autoregressive paths constrained to equality
  v3 on v2 (b45);
  v2 on v1 (b45);

  p4 on v3 (c45); ! Cross-lagged paths constrained to equality
  p3 on v2 (c45);
  p2 on v1 (c45);

  v4 on p3 (d45); ! Cross-lagged paths constrained to equality
  v3 on p2 (d45);
  v2 on p1 (d45);

  p1 with v1; !(this one is not like the others)

  p2 with v2 (e45); ! Within-wave correlations constrained to equality
  p3 with v3 (e45);
  p4 with v4 (e45);

  p2 p3 p4 (f45); ! estimate variances of residual "factors"
  v2 v3 v4 (g45); ! estimate variances of residual "factors"

  OUTPUT: SAMPSTAT PATTERNS;



*** WARNING
  Data set contains unknown or missing values for GROUPING,
  PATTERN, COHORT, CLUSTER and/or STRATIFICATION variables.
  Number of cases with unknown or missing values:  5
   1 WARNING(S) FOUND IN THE INPUT INSTRUCTIONS



PxVx Bivariate LCM-SR - 40splitgroup - Linear bfi_a6 with Linear vrt_ind;

SUMMARY OF ANALYSIS

Number of groups                                                 2
Number of observations
   Group EARLIER                                               534
   Group LATER                                                 330
   Total sample size                                           864

Number of dependent variables                                    8
Number of independent variables                                  0
Number of continuous latent variables                           12

Observed dependent variables

  Continuous
   ABFI_A6     BBFI_A6     CBFI_A6     DBFI_A6     AVRT_IND    BVRT_IND
   CVRT_IND    DVRT_IND

Continuous latent variables
   P1          P2          P3          P4          V1          V2
   V3          V4          I_BFI_A6    S_BFI_A6    I_VRT_IN    S_VRT_IN

Variables with special functions

  Grouping variable     AAGEGRP

  Time scores
   A1          A2          A3          A4


Estimator                                                      MLR
Information matrix                                        OBSERVED
Maximum number of iterations                                   100
Convergence criterion                                    0.100D-05
Maximum number of EM iterations                                500
Convergence criteria for the EM algorithm
  Loglikelihood change                                   0.100D-02
  Relative loglikelihood change                          0.100D-05
  Derivative                                             0.100D-03
Minimum variance                                         0.100D-03
Maximum number of steepest descent iterations                   20
Maximum number of iterations for H1                           2000
Convergence criterion for H1                             0.100D-03
Optimization algorithm                                         EMA

Input data file(s)
  /home/jflournoy/code_new/lnt_pxvx/Data/lnt_nat_recalc.tsv
Input data format  FREE


SUMMARY OF DATA

   Group EARLIER
     Number of missing data patterns            16

   Group LATER
     Number of missing data patterns            17


SUMMARY OF MISSING DATA PATTERNS


     MISSING DATA PATTERNS (x = not missing) FOR EARLIER

           1  2  3  4  5  6  7  8  9 10 11 12 13 14 15 16
 ABFI_A6   x  x  x  x  x  x  x  x  x  x  x  x  x  x  x  x
 BBFI_A6   x     x     x  x  x        x  x  x  x  x
 CBFI_A6   x        x  x     x     x  x  x     x  x  x
 DBFI_A6   x     x  x  x        x     x        x     x  x
 AVRT_IND  x  x  x  x  x  x  x  x  x  x  x  x  x  x  x  x
 BVRT_IND  x     x     x  x  x        x  x        x
 CVRT_IND  x        x        x     x  x        x  x  x
 DVRT_IND  x     x  x  x        x              x  x


     MISSING DATA PATTERN FREQUENCIES FOR EARLIER

    Pattern   Frequency     Pattern   Frequency     Pattern   Frequency
          1         327           7          19          13           2
          2         100           8          14          14           1
          3          14           9          11          15           1
          4          12          10           1          16           2
          5           1          11           1
          6          26          12           2


     MISSING DATA PATTERNS (x = not missing) FOR LATER

           1  2  3  4  5  6  7  8  9 10 11 12 13 14 15 16 17
 ABFI_A6   x  x  x  x  x  x  x  x  x  x  x  x     x  x  x  x
 BBFI_A6   x     x     x  x  x        x  x           x
 CBFI_A6   x        x  x     x     x     x  x           x  x
 DBFI_A6   x     x  x  x        x        x  x  x     x     x
 AVRT_IND  x  x  x  x  x  x  x  x  x  x  x  x  x     x  x  x
 BVRT_IND  x     x     x  x  x                             x
 CVRT_IND  x        x        x     x     x  x              x
 DVRT_IND  x     x  x  x        x        x     x     x     x


     MISSING DATA PATTERN FREQUENCIES FOR LATER

    Pattern   Frequency     Pattern   Frequency     Pattern   Frequency
          1         164           7          26          13           1
          2          68           8           9          14           1
          3          12           9          10          15           1
          4           9          10           2          16           1
          5           1          11           1          17           1
          6          22          12           1


COVARIANCE COVERAGE OF DATA

Minimum covariance coverage value   0.100


     PROPORTION OF DATA PRESENT FOR EARLIER


           Covariance Coverage
              ABFI_A6       BBFI_A6       CBFI_A6       DBFI_A6       AVRT_IND
              ________      ________      ________      ________      ________
 ABFI_A6        1.000
 BBFI_A6        0.738         0.738
 CBFI_A6        0.704         0.659         0.704
 DBFI_A6        0.700         0.646         0.644         0.700
 AVRT_IND       1.000         0.738         0.704         0.700         1.000
 BVRT_IND       0.730         0.730         0.655         0.642         0.730
 CVRT_IND       0.700         0.655         0.700         0.642         0.700
 DVRT_IND       0.695         0.646         0.642         0.693         0.695


           Covariance Coverage
              BVRT_IND      CVRT_IND      DVRT_IND
              ________      ________      ________
 BVRT_IND       0.730
 CVRT_IND       0.652         0.700
 DVRT_IND       0.642         0.640         0.695


     PROPORTION OF DATA PRESENT FOR LATER


           Covariance Coverage
              ABFI_A6       BBFI_A6       CBFI_A6       DBFI_A6       AVRT_IND
              ________      ________      ________      ________      ________
 ABFI_A6        0.997
 BBFI_A6        0.700         0.700
 CBFI_A6        0.655         0.594         0.655
 DBFI_A6        0.606         0.545         0.539         0.609
 AVRT_IND       0.997         0.700         0.655         0.609         1.000
 BVRT_IND       0.694         0.694         0.591         0.542         0.694
 CVRT_IND       0.648         0.588         0.648         0.536         0.648
 DVRT_IND       0.597         0.542         0.533         0.597         0.600


           Covariance Coverage
              BVRT_IND      CVRT_IND      DVRT_IND
              ________      ________      ________
 BVRT_IND       0.694
 CVRT_IND       0.585         0.648
 DVRT_IND       0.539         0.530         0.600


SAMPLE STATISTICS


     ESTIMATED SAMPLE STATISTICS FOR EARLIER


           Means
              ABFI_A6       BBFI_A6       CBFI_A6       DBFI_A6       AVRT_IND
              ________      ________      ________      ________      ________
               58.039        57.903        57.837        58.093        49.114


           Means
              BVRT_IND      CVRT_IND      DVRT_IND
              ________      ________      ________
               49.764        48.622        48.368


           Covariances
              ABFI_A6       BBFI_A6       CBFI_A6       DBFI_A6       AVRT_IND
              ________      ________      ________      ________      ________
 ABFI_A6      349.515
 BBFI_A6      264.555       340.826
 CBFI_A6      252.613       267.887       340.386
 DBFI_A6      242.289       265.971       275.289       354.319
 AVRT_IND    -118.456      -109.847      -107.489      -102.605       397.587
 BVRT_IND     -77.137       -98.595       -87.722       -98.068       270.520
 CVRT_IND     -65.658       -92.932      -100.967       -98.085       256.438
 DVRT_IND     -50.527       -77.163       -71.007       -95.593       259.799


           Covariances
              BVRT_IND      CVRT_IND      DVRT_IND
              ________      ________      ________
 BVRT_IND     380.626
 CVRT_IND     277.786       403.144
 DVRT_IND     277.730       300.138       416.777


           Correlations
              ABFI_A6       BBFI_A6       CBFI_A6       DBFI_A6       AVRT_IND
              ________      ________      ________      ________      ________
 ABFI_A6        1.000
 BBFI_A6        0.767         1.000
 CBFI_A6        0.732         0.787         1.000
 DBFI_A6        0.689         0.765         0.793         1.000
 AVRT_IND      -0.318        -0.298        -0.292        -0.273         1.000
 BVRT_IND      -0.211        -0.274        -0.244        -0.267         0.695
 CVRT_IND      -0.175        -0.251        -0.273        -0.260         0.641
 DVRT_IND      -0.132        -0.205        -0.189        -0.249         0.638


           Correlations
              BVRT_IND      CVRT_IND      DVRT_IND
              ________      ________      ________
 BVRT_IND       1.000
 CVRT_IND       0.709         1.000
 DVRT_IND       0.697         0.732         1.000


     ESTIMATED SAMPLE STATISTICS FOR LATER


           Means
              ABFI_A6       BBFI_A6       CBFI_A6       DBFI_A6       AVRT_IND
              ________      ________      ________      ________      ________
               62.567        63.712        63.573        63.998        44.168


           Means
              BVRT_IND      CVRT_IND      DVRT_IND
              ________      ________      ________
               42.644        42.786        43.071


           Covariances
              ABFI_A6       BBFI_A6       CBFI_A6       DBFI_A6       AVRT_IND
              ________      ________      ________      ________      ________
 ABFI_A6      333.631
 BBFI_A6      271.925       348.394
 CBFI_A6      285.964       284.354       356.498
 DBFI_A6      256.393       262.372       293.585       332.165
 AVRT_IND    -108.622      -101.920      -111.292       -94.138       312.622
 BVRT_IND     -86.537      -111.340       -84.594       -97.418       189.249
 CVRT_IND     -93.161      -107.612      -106.698      -114.064       200.934
 DVRT_IND     -80.778       -90.609       -90.065      -110.037       194.317


           Covariances
              BVRT_IND      CVRT_IND      DVRT_IND
              ________      ________      ________
 BVRT_IND     264.652
 CVRT_IND     194.479       317.259
 DVRT_IND     197.878       214.923       285.486


           Correlations
              ABFI_A6       BBFI_A6       CBFI_A6       DBFI_A6       AVRT_IND
              ________      ________      ________      ________      ________
 ABFI_A6        1.000
 BBFI_A6        0.798         1.000
 CBFI_A6        0.829         0.807         1.000
 DBFI_A6        0.770         0.771         0.853         1.000
 AVRT_IND      -0.336        -0.309        -0.333        -0.292         1.000
 BVRT_IND      -0.291        -0.367        -0.275        -0.329         0.658
 CVRT_IND      -0.286        -0.324        -0.317        -0.351         0.638
 DVRT_IND      -0.262        -0.287        -0.282        -0.357         0.650


           Correlations
              BVRT_IND      CVRT_IND      DVRT_IND
              ________      ________      ________
 BVRT_IND       1.000
 CVRT_IND       0.671         1.000
 DVRT_IND       0.720         0.714         1.000


     MAXIMUM LOG-LIKELIHOOD VALUE FOR THE UNRESTRICTED (H1) MODEL IS -21238.029


UNIVARIATE SAMPLE STATISTICS


     UNIVARIATE HIGHER-ORDER MOMENT DESCRIPTIVE STATISTICS FOR EARLIER

         Variable/         Mean/     Skewness/   Minimum/ % with                Percentiles
        Sample Size      Variance    Kurtosis    Maximum  Min/Max      20%/60%    40%/80%    Median

     ABFI_A6              58.039      -0.170       0.000    0.19%      43.750     53.125     57.143
             534.000     349.515      -0.288     100.000    0.75%      62.500     75.000
     BBFI_A6              57.911      -0.373       3.125    0.25%      43.750     53.125     59.375
             394.000     340.028      -0.088     100.000    0.25%      62.500     75.000
     CBFI_A6              57.397      -0.212       6.250    0.27%      40.625     53.125     59.375
             376.000     339.650      -0.347     100.000    0.27%      62.500     71.875
     DBFI_A6              58.072      -0.325       3.125    0.27%      43.750     53.125     59.375
             374.000     355.712      -0.143     100.000    0.80%      65.625     75.000
     AVRT_IND             49.114       0.039       0.000    0.56%      31.250     43.750     50.000
             534.000     397.587      -0.367     100.000    0.75%      56.250     68.750
     BVRT_IND             50.043       0.075       6.250    0.77%      31.250     43.750     50.000
             390.000     377.068      -0.367     100.000    1.28%      56.250     68.750
     CVRT_IND             49.070       0.147       6.250    0.53%      31.250     43.750     50.000
             374.000     404.811      -0.549     100.000    0.80%      56.250     68.750
     DVRT_IND             48.551       0.125       0.000    0.27%      31.250     43.750     50.000
             371.000     415.270      -0.515     100.000    0.81%      56.250     68.750


     UNIVARIATE HIGHER-ORDER MOMENT DESCRIPTIVE STATISTICS FOR LATER

         Variable/         Mean/     Skewness/   Minimum/ % with                Percentiles
        Sample Size      Variance    Kurtosis    Maximum  Min/Max      20%/60%    40%/80%    Median

     ABFI_A6              62.621      -0.492       6.250    0.61%      46.875     59.375     65.625
             329.000     333.299      -0.150     100.000    0.30%      68.750     78.125
     BBFI_A6              64.152      -0.538       3.125    0.87%      46.875     59.375     65.625
             229.000     365.076      -0.127      96.875    1.31%      71.875     81.250
     CBFI_A6              64.413      -0.646       6.250    0.47%      50.000     62.500     67.188
             214.000     365.563       0.176     100.000    0.93%      71.875     81.250
     DBFI_A6              65.109      -0.696       9.375    0.50%      50.000     62.500     68.750
             200.000     345.974       0.032     100.000    0.50%      71.875     81.250
     AVRT_IND             44.155       0.185       0.000    0.30%      31.250     37.500     43.750
             329.000     312.679      -0.195     100.000    0.30%      50.000     62.500
     BVRT_IND             42.423       0.198       0.000    0.44%      25.000     37.500     43.750
             226.000     266.644      -0.272      87.500    0.44%      43.750     56.250
     CVRT_IND             42.011       0.417       6.250    1.89%      25.000     37.500     43.750
             212.000     315.555       0.165     100.000    0.47%      43.750     56.250
     DVRT_IND             42.567       0.161       6.250    0.50%      25.000     37.500     43.750
             199.000     279.977      -0.393      87.500    1.01%      50.000     56.250


THE MODEL ESTIMATION TERMINATED NORMALLY



MODEL FIT INFORMATION

Number of Free Parameters                       48

Loglikelihood

          H0 Value                      -21259.635
          H0 Scaling Correction Factor      1.1907
            for MLR

Information Criteria

          Akaike (AIC)                   42615.270
          Bayesian (BIC)                 42843.825
          Sample-Size Adjusted BIC       42691.390
            (n* = (n + 2) / 24)



MODEL RESULTS

                                                    Two-Tailed
                    Estimate       S.E.  Est./S.E.    P-Value

Group EARLIER

 P1       BY
    ABFI_A6            1.000      0.000    999.000    999.000

 P2       BY
    BBFI_A6            1.000      0.000    999.000    999.000

 P3       BY
    CBFI_A6            1.000      0.000    999.000    999.000

 P4       BY
    DBFI_A6            1.000      0.000    999.000    999.000

 V1       BY
    AVRT_IND           1.000      0.000    999.000    999.000

 V2       BY
    BVRT_IND           1.000      0.000    999.000    999.000

 V3       BY
    CVRT_IND           1.000      0.000    999.000    999.000

 V4       BY
    DVRT_IND           1.000      0.000    999.000    999.000

 P4         ON
    P3                 0.162      0.064      2.522      0.012
    V3                -0.004      0.041     -0.089      0.929

 P3         ON
    P2                 0.162      0.064      2.522      0.012
    V2                -0.004      0.041     -0.089      0.929

 P2         ON
    P1                 0.162      0.064      2.522      0.012
    V1                -0.004      0.041     -0.089      0.929

 V4         ON
    V3                 0.146      0.075      1.941      0.052
    P3                 0.003      0.058      0.049      0.961

 V3         ON
    V2                 0.146      0.075      1.941      0.052
    P2                 0.003      0.058      0.049      0.961

 V2         ON
    V1                 0.146      0.075      1.941      0.052
    P1                 0.003      0.058      0.049      0.961

 S_BFI_A6 WITH
    I_BFI_A6           1.469      3.259      0.451      0.652
    S_VRT_IND         -0.326      0.405     -0.806      0.420
    I_VRT_IND         -7.091      3.926     -1.806      0.071

 I_BFI_A6 WITH
    S_VRT_IND          4.367      3.814      1.145      0.252
    I_VRT_IND        -77.265     19.988     -3.865      0.000

 S_VRT_IN WITH
    I_VRT_IND          0.982      3.019      0.325      0.745

 P1       WITH
    V1               -36.819     11.689     -3.150      0.002

 P2       WITH
    V2               -10.953      5.527     -1.982      0.048

 P3       WITH
    V3               -10.953      5.527     -1.982      0.048

 P4       WITH
    V4               -10.953      5.527     -1.982      0.048

 Means
    P1                 0.000      0.000    999.000    999.000
    V1                 0.000      0.000    999.000    999.000
    I_BFI_A6          59.282      1.003     59.108      0.000
    S_BFI_A6           0.234      0.119      1.961      0.050
    I_VRT_IND         46.903      1.040     45.095      0.000
    S_VRT_IND         -0.362      0.126     -2.862      0.004

 Intercepts
    ABFI_A6            0.000      0.000    999.000    999.000
    BBFI_A6            0.000      0.000    999.000    999.000
    CBFI_A6            0.000      0.000    999.000    999.000
    DBFI_A6            0.000      0.000    999.000    999.000
    AVRT_IND           0.000      0.000    999.000    999.000
    BVRT_IND           0.000      0.000    999.000    999.000
    CVRT_IND           0.000      0.000    999.000    999.000
    DVRT_IND           0.000      0.000    999.000    999.000
    P2                 0.000      0.000    999.000    999.000
    P3                 0.000      0.000    999.000    999.000
    P4                 0.000      0.000    999.000    999.000
    V2                 0.000      0.000    999.000    999.000
    V3                 0.000      0.000    999.000    999.000
    V4                 0.000      0.000    999.000    999.000

 Variances
    P1               110.381     13.440      8.213      0.000
    V1               149.813     16.656      8.994      0.000
    I_BFI_A6         231.648     25.328      9.146      0.000
    S_BFI_A6           0.528      0.555      0.950      0.342
    I_VRT_IND        236.599     29.552      8.006      0.000
    S_VRT_IND          0.501      0.480      1.043      0.297

 Residual Variances
    ABFI_A6            0.000      0.000    999.000    999.000
    BBFI_A6            0.000      0.000    999.000    999.000
    CBFI_A6            0.000      0.000    999.000    999.000
    DBFI_A6            0.000      0.000    999.000    999.000
    AVRT_IND           0.000      0.000    999.000    999.000
    BVRT_IND           0.000      0.000    999.000    999.000
    CVRT_IND           0.000      0.000    999.000    999.000
    DVRT_IND           0.000      0.000    999.000    999.000
    P2                84.390      6.755     12.493      0.000
    P3                84.390      6.755     12.493      0.000
    P4                84.390      6.755     12.493      0.000
    V2               128.391      9.792     13.112      0.000
    V3               128.391      9.792     13.112      0.000
    V4               128.391      9.792     13.112      0.000

Group LATER

 P1       BY
    ABFI_A6            1.000      0.000    999.000    999.000

 P2       BY
    BBFI_A6            1.000      0.000    999.000    999.000

 P3       BY
    CBFI_A6            1.000      0.000    999.000    999.000

 P4       BY
    DBFI_A6            1.000      0.000    999.000    999.000

 V1       BY
    AVRT_IND           1.000      0.000    999.000    999.000

 V2       BY
    BVRT_IND           1.000      0.000    999.000    999.000

 V3       BY
    CVRT_IND           1.000      0.000    999.000    999.000

 V4       BY
    DVRT_IND           1.000      0.000    999.000    999.000

 P4         ON
    P3                 0.141      0.111      1.267      0.205
    V3                 0.015      0.049      0.310      0.756

 P3         ON
    P2                 0.141      0.111      1.267      0.205
    V2                 0.015      0.049      0.310      0.756

 P2         ON
    P1                 0.141      0.111      1.267      0.205
    V1                 0.015      0.049      0.310      0.756

 V4         ON
    V3                -0.010      0.070     -0.137      0.891
    P3                -0.039      0.081     -0.485      0.628

 V3         ON
    V2                -0.010      0.070     -0.137      0.891
    P2                -0.039      0.081     -0.485      0.628

 V2         ON
    V1                -0.010      0.070     -0.137      0.891
    P1                -0.039      0.081     -0.485      0.628

 S_BFI_A6 WITH
    I_BFI_A6          -5.667      9.661     -0.587      0.557
    S_VRT_IND         -0.180      0.729     -0.246      0.805
    I_VRT_IND         -1.091      9.037     -0.121      0.904

 I_BFI_A6 WITH
    S_VRT_IND          4.083      9.226      0.443      0.658
    I_VRT_IND        -97.964     95.021     -1.031      0.303

 S_VRT_IN WITH
    I_VRT_IND         -1.400      9.141     -0.153      0.878

 P1       WITH
    V1               -16.910      8.731     -1.937      0.053

 P2       WITH
    V2               -12.403      5.837     -2.125      0.034

 P3       WITH
    V3               -12.403      5.837     -2.125      0.034

 P4       WITH
    V4               -12.403      5.837     -2.125      0.034

 Means
    P1                 0.000      0.000    999.000    999.000
    V1                 0.000      0.000    999.000    999.000
    I_BFI_A6          57.348      2.267     25.293      0.000
    S_BFI_A6           0.458      0.163      2.802      0.005
    I_VRT_IND         46.029      2.097     21.954      0.000
    S_VRT_IND         -0.205      0.160     -1.281      0.200

 Intercepts
    ABFI_A6            0.000      0.000    999.000    999.000
    BBFI_A6            0.000      0.000    999.000    999.000
    CBFI_A6            0.000      0.000    999.000    999.000
    DBFI_A6            0.000      0.000    999.000    999.000
    AVRT_IND           0.000      0.000    999.000    999.000
    BVRT_IND           0.000      0.000    999.000    999.000
    CVRT_IND           0.000      0.000    999.000    999.000
    DVRT_IND           0.000      0.000    999.000    999.000
    P2                 0.000      0.000    999.000    999.000
    P3                 0.000      0.000    999.000    999.000
    P4                 0.000      0.000    999.000    999.000
    V2                 0.000      0.000    999.000    999.000
    V3                 0.000      0.000    999.000    999.000
    V4                 0.000      0.000    999.000    999.000

 Variances
    P1                68.777     10.392      6.618      0.000
    V1               122.794     15.967      7.691      0.000
    I_BFI_A6         363.424    120.178      3.024      0.002
    S_BFI_A6           0.247      0.774      0.319      0.750
    I_VRT_IND        173.379     96.531      1.796      0.072
    S_VRT_IND          0.322      0.790      0.407      0.684

 Residual Variances
    ABFI_A6            0.000      0.000    999.000    999.000
    BBFI_A6            0.000      0.000    999.000    999.000
    CBFI_A6            0.000      0.000    999.000    999.000
    DBFI_A6            0.000      0.000    999.000    999.000
    AVRT_IND           0.000      0.000    999.000    999.000
    BVRT_IND           0.000      0.000    999.000    999.000
    CVRT_IND           0.000      0.000    999.000    999.000
    DVRT_IND           0.000      0.000    999.000    999.000
    P2                72.349     11.625      6.224      0.000
    P3                72.349     11.625      6.224      0.000
    P4                72.349     11.625      6.224      0.000
    V2                86.602      9.097      9.519      0.000
    V3                86.602      9.097      9.519      0.000
    V4                86.602      9.097      9.519      0.000


QUALITY OF NUMERICAL RESULTS

     Condition Number for the Information Matrix              0.339E-05
       (ratio of smallest to largest eigenvalue)


     Beginning Time:  13:25:39
        Ending Time:  13:25:53
       Elapsed Time:  00:00:14



MUTHEN & MUTHEN
3463 Stoner Ave.
Los Angeles, CA  90066

Tel: (310) 391-9971
Fax: (310) 391-8971
Web: www.StatModel.com
Support: Support@StatModel.com

Copyright (c) 1998-2017 Muthen & Muthen
