Mplus VERSION 6.12
MUTHEN & MUTHEN
03/09/2016   8:53 PM

INPUT INSTRUCTIONS


  title: PxVx Univariate - Nat Lin I_C with MeanOnly MVS_mc;
  data: file = E:\Projects\lnt_pxvx\Data\LT_informants3.txt;

  variable:
  names =
  subjid
  Sample
  aGENDER
  aAGE
  aethnic1
  aethnic2
  aedu_mom
  aedu_dad
  aEDUCATN
  bEDUCATN
  cEDUCATN
  aEMPLOYD
  bEMPLOYD
  cEMPLOYD
  dEMPLOYD
  aINCOME
  bINCOME
  cINCOME
  dINCOME
  aS_SCALE
  bS_SCALE
  cS_SCALE
  dS_SCALE
  aD_SCALE
  bD_SCALE
  cD_SCALE
  dD_SCALE
  aS_COMP
  bS_COMP
  cS_COMP
  dS_COMP
  aD_COMP
  bD_COMP
  cD_COMP
  dD_COMP
  aBFI_A
  aBFI_A6
  aBFI_C
  aBFI_E
  aBFI_HP
  aBFI_N
  aBFI_O
  bBFI_A
  bBFI_A6
  bBFI_C
  bBFI_E
  bBFI_HP
  bBFI_N
  bBFI_O
  cBFI_A
  cBFI_A6
  cBFI_C
  cBFI_E
  cBFI_HP
  cBFI_N
  cBFI_O
  dBFI_A
  dBFI_A6
  dBFI_C
  dBFI_E
  dBFI_HP
  dBFI_N
  dBFI_O
  aBFA_AC
  aBFA_AP
  aBFA_CI
  aBFA_CO
  aBFA_EA
  aBFA_EE
  aBFA_N9
  aBFA_NV
  aBFA_NW
  aBFA_OI
  aBFA_OO
  aBFA_PS
  aBFA_MT
  bBFA_AC
  bBFA_AP
  bBFA_CI
  bBFA_CO
  bBFA_EA
  bBFA_EE
  bBFA_N9
  bBFA_NV
  bBFA_NW
  bBFA_OI
  bBFA_OO
  bBFA_MT
  bBFA_PS
  cBFA_AC
  cBFA_AP
  cBFA_CI
  cBFA_CO
  cBFA_EA
  cBFA_EE
  cBFA_N9
  cBFA_NV
  cBFA_NW
  cBFA_OI
  cBFA_OO
  cBFA_MT
  cBFA_PS
  dBFA_AC
  dBFA_AP
  dBFA_CI
  dBFA_CO
  dBFA_EA
  dBFA_EE
  dBFA_N9
  dBFA_NV
  dBFA_NW
  dBFA_OI
  dBFA_OO
  dBFA_MT
  dBFA_PS
  aUSI
  bUSI
  cUSI
  dUSI
  aHRZ_IND
  bHRZ_IND
  cHRZ_IND
  dHRZ_IND
  aVRT_IND
  bVRT_IND
  cVRT_IND
  dVRT_IND
  aHRZ_COL
  bHRZ_COL
  cHRZ_COL
  dHRZ_COL
  aVRT_COL
  bVRT_COL
  cVRT_COL
  dVRT_COL
  aCOLLCTV
  bCOLLCTV
  cCOLLCTV
  dCOLLCTV
  aMVS
  bMVS
  cMVS
  dMVS
  aST
  bST
  cST
  dST
  aSD
  bSD
  cSD
  dSD
  aMVS_mc
  bMVS_mc
  cMVS_mc
  dMVS_mc
  aST_mc
  bST_mc
  cST_mc
  dST_mc
  aSD_mc
  bSD_mc
  cSD_mc
  dSD_mc
  bMEANING
  cMEANING
  dMEANING
  bMEAN_L
  cMEAN_L
  dMEAN_L
  bMEANNGc
  cMEANNGc
  dMEANNGc
  bMEANGlc
  cMEANGlc
  dMEANGlc
  bCLASSIC
  cCLASSIC
  dCLASSIC
  bCLASSCc
  cCLASSCc
  dCLASSCc
  bAGR_VAL
  cAGR_VAL
  dAGR_VAL
  bOPN_VAL
  cOPN_VAL
  dOPN_VAL
  bAGR_VLc
  cAGR_VLc
  dAGR_VLc
  bOPNVALc
  cOPNVALc
  dOPNVALc
  aMV_pomp
  bMV_pomp
  cMV_pomp
  dMV_pomp
  aST_pomp
  bST_pomp
  cST_pomp
  dST_pomp
  aSD_pomp
  bSD_pomp
  cSD_pomp
  dSD_pomp
  agoal_eco
  bgoal_eco
  cgoal_eco
  dgoal_eco
  aAspfinc
  bAspfinc
  cAspfinc
  dAspfinc
  abfi_hp8
  bbfi_hp8
  cbfi_hp8
  dbfi_hp8
  aP_S_BFI
  aP_D_BFI
  aECgoalc
  bECgoalC
  cECgoalC
  dECgoalC
  aaspfin
  baspfin
  caspfin
  daspfin
  aasp_mn2
  basp_mn2
  casp_mn2
  dasp_mn2
  aas12mc2
  aas13mc2
  aas14mc2
  aas15mc2
  aas16mc2
  bas12mc2
  bas13mc2
  bas14mc2
  bas15mc2
  bas16mc2
  cas12mc2
  cas13mc2
  cas14mc2
  cas15mc2
  cas16mc2
  das12mc2
  das13mc2
  das14mc2
  das15mc2
  das16mc2
  aas_f_c2
  bas_f_c2
  cas_f_c2
  das_f_c2
  aI_E
  aI_A
  aI_C
  aI_N
  aI_O
  aI_S
  aI_D
  bI_E
  bI_A
  bI_C
  bI_N
  bI_O
  bI_S
  bI_D
  cI_E
  cI_A
  cI_C
  cI_N
  cI_O
  cI_S
  cI_D
  dI_E
  dI_A
  dI_C
  dI_N
  dI_O
  dI_S
  dI_D
  T1_any_I
  T2_any_I
  T3_any_I
  T4_any_I
  aI_H
  bI_H
  cI_H
  dI_H;



  USEVARIABLES =
  aI_C
  bI_C
  cI_C
  dI_C
  aMVS_mc
  bMVS_mc
  cMVS_mc
  dMVS_mc
  bage_c
  cage_c
  dage_c
  ;

  missing = all (-9999);

  USEOBSERVATIONS are Sample == 1; ! National Sample

  tscores = bage_c cage_c dage_c;

  DEFINE:
  bage_c = aAGE + 1 - 36;
  cage_c = aAGE + 2 - 36;
  dage_c = aAGE + 3 - 36;

  ANALYSIS:
  TYPE=RANDOM;
  PROCESSORS = 8;

  MODEL:

  i_I_C s_I_C | bI_C cI_C dI_C AT bage_c cage_c dage_c;
  i_MVS_mc s_MVS_mc | bMVS_mc cMVS_mc dMVS_mc AT bage_c cage_c dage_c;


  !After Bollen and Curran initial observation is not part of LGM

  dI_C on cI_C (a); ! Autoregressive paths constrained to equality
  cI_C on bI_C (a);
  bI_C on aI_C (a);

  dMVS_mc on cMVS_mc (b); ! Autoregressive paths constrained to equality
  cMVS_mc on bMVS_mc (b);
  bMVS_mc on aMVS_mc (b);

  bI_C cI_C dI_C (c); !Equality constraint on residuals
  bMVS_mc cMVS_mc dMVS_mc (d); !Equality constraint on residuals

  dMVS_mc on cI_C (x); ! Cross-lagged paths constrained to equality
  cMVS_mc on bI_C (x);
  bMVS_mc on aI_C (x);

  dI_C on cMVS_mc (y); ! Cross-lagged paths constrained to equality
  cI_C on bMVS_mc (y);
  bI_C on aMVS_mc (y);

  dMVS_mc with dI_C (w); ! within-wave correlations constrained to equality
  cMVS_mc with cI_C (w);
  bMVS_mc with bI_C (w);

  aI_C aMVS_mc i_I_C i_MVS_mc
  s_I_C
  with
  s_I_C
  aI_C aMVS_mc i_I_C i_MVS_mc;


  s_MVS_mc@0;

  OUTPUT: SAMPSTAT PATTERNS;



*** WARNING
  Variable name contains more than 8 characters.
  Only the first 8 characters will be printed in the output.
  Variable: AGOAL_ECO
*** WARNING
  Variable name contains more than 8 characters.
  Only the first 8 characters will be printed in the output.
  Variable: BGOAL_ECO
*** WARNING
  Variable name contains more than 8 characters.
  Only the first 8 characters will be printed in the output.
  Variable: CGOAL_ECO
*** WARNING
  Variable name contains more than 8 characters.
  Only the first 8 characters will be printed in the output.
  Variable: DGOAL_ECO
*** WARNING in MODEL command
  All continuous latent variable covariances involving S_MVS_MC have been fixed to 0
  because the variance of S_MVS_MC is fixed at 0.
*** WARNING
  Data set contains cases with missing on time scores but non-missing on the
  corresponding dependent variables.  These cases were not included in the analysis.
  Number of such cases:  4
   6 WARNING(S) FOUND IN THE INPUT INSTRUCTIONS



PxVx Univariate - Nat Lin I_C with MeanOnly MVS_mc;

SUMMARY OF ANALYSIS

Number of groups                                                 1
Number of observations                                         604

Number of dependent variables                                    6
Number of independent variables                                  2
Number of continuous latent variables                            4

Observed dependent variables

  Continuous
   BI_C        CI_C        DI_C        BMVS_MC     CMVS_MC     DMVS_MC

Observed independent variables
   AI_C        AMVS_MC

Continuous latent variables
   I_I_C       S_I_C       I_MVS_MC    S_MVS_MC

Variables with special functions

  Time scores
   BAGE_C      CAGE_C      DAGE_C


Estimator                                                      MLR
Information matrix                                        OBSERVED
Maximum number of iterations                                   100
Convergence criterion                                    0.100D-05
Maximum number of EM iterations                                500
Convergence criteria for the EM algorithm
  Loglikelihood change                                   0.100D-02
  Relative loglikelihood change                          0.100D-05
  Derivative                                             0.100D-03
Minimum variance                                         0.100D-03
Maximum number of steepest descent iterations                   20
Maximum number of iterations for H1                           2000
Convergence criterion for H1                             0.100D-03
Optimization algorithm                                         EMA

Input data file(s)
  E:\Projects\lnt_pxvx\Data\LT_informants3.txt
Input data format  FREE


SUMMARY OF DATA

     Number of missing data patterns            47


SUMMARY OF MISSING DATA PATTERNS


     MISSING DATA PATTERNS (x = not missing)

           1  2  3  4  5  6  7  8  9 10 11 12 13 14 15 16 17 18 19 20
 BI_C      x              x  x  x  x  x     x  x                    x
 CI_C      x        x           x  x  x                 x        x  x
 DI_C      x           x     x  x           x  x     x  x  x
 BMVS_MC   x     x  x  x  x  x  x  x  x     x  x  x  x  x  x  x  x  x
 CMVS_MC   x     x  x     x  x  x  x  x  x  x        x  x  x     x  x
 DMVS_MC   x     x  x  x  x  x  x  x  x  x  x  x  x  x  x  x     x
 AI_C      x  x  x           x     x     x        x        x  x  x
 AMVS_MC   x  x  x  x  x  x  x  x  x  x  x  x  x  x  x  x  x  x  x  x

          21 22 23 24 25 26 27 28 29 30 31 32 33 34 35 36 37 38 39 40
 BI_C      x  x        x     x     x        x     x        x
 CI_C            x  x        x        x  x           x           x  x
 DI_C            x                    x        x        x     x
 BMVS_MC   x  x  x  x  x     x     x        x  x  x        x     x
 CMVS_MC   x     x  x     x  x     x  x  x           x     x     x  x
 DMVS_MC         x              x     x  x        x     x  x  x
 AI_C      x  x  x        x  x  x     x  x  x        x  x  x     x
 AMVS_MC   x  x  x  x  x  x  x  x  x  x  x     x  x  x  x  x  x  x  x

          41 42 43 44 45 46 47
 BI_C         x     x     x
 CI_C               x     x  x
 DI_C      x  x  x  x     x  x
 BMVS_MC      x  x  x  x
 CMVS_MC   x        x  x  x  x
 DMVS_MC   x  x  x        x  x
 AI_C      x  x  x     x
 AMVS_MC   x  x  x  x  x  x  x


     MISSING DATA PATTERN FREQUENCIES

    Pattern   Frequency     Pattern   Frequency     Pattern   Frequency
          1         172          17           9          33           1
          2          34          18          18          34           2
          3          26          19          11          35           3
          4          19          20           6          36           2
          5           5          21           7          37          14
          6          15          22          11          38           2
          7          17          23          16          39           2
          8          38          24           4          40           3
          9          29          25           7          41           2
         10          16          26           6          42           6
         11           7          27          12          43           1
         12          18          28           8          44           1
         13           2          29           2          45           4
         14           3          30           7          46           1
         15          18          31           1          47           2
         16          13          32           1


COVARIANCE COVERAGE OF DATA

Minimum covariance coverage value   0.100


     PROPORTION OF DATA PRESENT


           Covariance Coverage
              BI_C          CI_C          DI_C          BMVS_MC       CMVS_MC
              ________      ________      ________      ________      ________
 BI_C           0.624
 CI_C           0.455         0.589
 DI_C           0.422         0.414         0.551
 BMVS_MC        0.623         0.561         0.525         0.871
 CMVS_MC        0.576         0.589         0.520         0.776         0.829
 DMVS_MC        0.546         0.538         0.548         0.745         0.747
 AI_C           0.445         0.419         0.384         0.594         0.571
 AMVS_MC        0.623         0.589         0.551         0.869         0.829


           Covariance Coverage
              DMVS_MC       AI_C          AMVS_MC
              ________      ________      ________
 DMVS_MC        0.798
 AI_C           0.548         0.710
 AMVS_MC        0.798         0.709         0.998


SAMPLE STATISTICS


     ESTIMATED SAMPLE STATISTICS


           Means
              BI_C          CI_C          DI_C          BMVS_MC       CMVS_MC
              ________      ________      ________      ________      ________
 1             81.210        80.585        81.075         3.352         3.373


           Means
              DMVS_MC       AI_C          AMVS_MC
              ________      ________      ________
 1              3.358        82.601         3.387


           Covariances
              BI_C          CI_C          DI_C          BMVS_MC       CMVS_MC
              ________      ________      ________      ________      ________
 BI_C         383.978
 CI_C         230.534       415.781
 DI_C         237.863       296.718       418.484
 BMVS_MC        2.140         0.971         1.713         0.404
 CMVS_MC        1.228         0.817         1.618         0.330         0.418
 DMVS_MC        1.653         1.624         1.891         0.307         0.310
 AI_C         234.705       241.254       234.904         1.286         1.124
 AMVS_MC        1.196         1.225         1.692         0.318         0.307


           Covariances
              DMVS_MC       AI_C          AMVS_MC
              ________      ________      ________
 DMVS_MC        0.357
 AI_C           1.254       399.272
 AMVS_MC        0.286         1.160         0.410


           Correlations
              BI_C          CI_C          DI_C          BMVS_MC       CMVS_MC
              ________      ________      ________      ________      ________
 BI_C           1.000
 CI_C           0.577         1.000
 DI_C           0.593         0.711         1.000
 BMVS_MC        0.172         0.075         0.132         1.000
 CMVS_MC        0.097         0.062         0.122         0.804         1.000
 DMVS_MC        0.141         0.133         0.155         0.810         0.803
 AI_C           0.599         0.592         0.575         0.101         0.087
 AMVS_MC        0.095         0.094         0.129         0.782         0.742


           Correlations
              DMVS_MC       AI_C          AMVS_MC
              ________      ________      ________
 DMVS_MC        1.000
 AI_C           0.105         1.000
 AMVS_MC        0.748         0.091         1.000


     MAXIMUM LOG-LIKELIHOOD VALUE FOR THE UNRESTRICTED (H1) MODEL IS -7516.534


THE MODEL ESTIMATION TERMINATED NORMALLY



MODEL FIT INFORMATION

Number of Free Parameters                       28

Loglikelihood

          H0 Value                       -7532.649
          H0 Scaling Correction Factor       1.575
            for MLR

Information Criteria

          Akaike (AIC)                   15121.298
          Bayesian (BIC)                 15244.598
          Sample-Size Adjusted BIC       15155.705
            (n* = (n + 2) / 24)



MODEL RESULTS

                                                    Two-Tailed
                    Estimate       S.E.  Est./S.E.    P-Value

 DI_C       ON
    CI_C               0.108      0.428      0.251      0.802
    CMVS_MC           -2.760      7.481     -0.369      0.712

 CI_C       ON
    BI_C               0.108      0.428      0.251      0.802
    BMVS_MC           -2.760      7.481     -0.369      0.712

 BI_C       ON
    AI_C               0.108      0.428      0.251      0.802
    AMVS_MC           -2.760      7.481     -0.369      0.712

 DMVS_MC    ON
    CMVS_MC            0.034      0.059      0.569      0.570
    CI_C               0.000      0.002     -0.091      0.927

 CMVS_MC    ON
    BMVS_MC            0.034      0.059      0.569      0.570
    BI_C               0.000      0.002     -0.091      0.927

 BMVS_MC    ON
    AMVS_MC            0.034      0.059      0.569      0.570
    AI_C               0.000      0.002     -0.091      0.927

 S_I_C    WITH
    I_I_C             -1.097      1.352     -0.812      0.417

 I_MVS_MC WITH
    I_I_C              1.940      3.189      0.608      0.543
    S_I_C             -0.017      0.037     -0.446      0.655

 AI_C     WITH
    I_I_C            201.280    138.486      1.453      0.146
    S_I_C             -0.271      1.928     -0.141      0.888
    I_MVS_MC           1.065      0.626      1.701      0.089

 AMVS_MC  WITH
    I_I_C              2.104      3.190      0.659      0.510
    S_I_C             -0.012      0.047     -0.252      0.801
    I_MVS_MC           0.292      0.027     10.717      0.000

 DMVS_MC  WITH
    DI_C               0.128      0.303      0.423      0.672

 CMVS_MC  WITH
    CI_C               0.128      0.303      0.423      0.672

 BMVS_MC  WITH
    BI_C               0.128      0.303      0.423      0.672

 AMVS_MC  WITH
    AI_C               1.179      0.595      1.983      0.047

 Means
    AI_C              82.444      0.914     90.215      0.000
    AMVS_MC            3.387      0.026    129.842      0.000
    I_I_C             81.187     59.349      1.368      0.171
    S_I_C              0.182      0.103      1.758      0.079
    I_MVS_MC           3.250      0.206     15.775      0.000
    S_MVS_MC           0.005      0.001      3.367      0.001

 Intercepts
    BI_C               0.000      0.000    999.000    999.000
    CI_C               0.000      0.000    999.000    999.000
    DI_C               0.000      0.000    999.000    999.000
    BMVS_MC            0.000      0.000    999.000    999.000
    CMVS_MC            0.000      0.000    999.000    999.000
    DMVS_MC            0.000      0.000    999.000    999.000

 Variances
    AI_C             399.060     27.180     14.682      0.000
    AMVS_MC            0.410      0.022     18.415      0.000
    I_I_C            191.970    248.644      0.772      0.440
    S_I_C              0.059      0.154      0.382      0.703
    I_MVS_MC           0.283      0.042      6.740      0.000
    S_MVS_MC           0.000      0.000    999.000    999.000

 Residual Variances
    BI_C             160.862     45.783      3.514      0.000
    CI_C             160.862     45.783      3.514      0.000
    DI_C             160.862     45.783      3.514      0.000
    BMVS_MC            0.079      0.005     14.952      0.000
    CMVS_MC            0.079      0.005     14.952      0.000
    DMVS_MC            0.079      0.005     14.952      0.000


QUALITY OF NUMERICAL RESULTS

     Condition Number for the Information Matrix              0.784E-06
       (ratio of smallest to largest eigenvalue)


     Beginning Time:  20:53:33
        Ending Time:  20:53:41
       Elapsed Time:  00:00:08



MUTHEN & MUTHEN
3463 Stoner Ave.
Los Angeles, CA  90066

Tel: (310) 391-9971
Fax: (310) 391-8971
Web: www.StatModel.com
Support: Support@StatModel.com

Copyright (c) 1998-2011 Muthen & Muthen
