Mplus VERSION 6.12
MUTHEN & MUTHEN
03/21/2016   1:26 PM

INPUT INSTRUCTIONS


  title: PxVx Univariate - Nat MeanOnly bfi_hp8 with MeanOnly BFA_MT;
  data: file = E:\Projects\lnt_pxvx\Data\LT_227.txt;


  variable:
  names =
  subjid
  Sample
  aGENDER
  aAGE
  aethnic1
  aethnic2
  aedu_mom
  aedu_dad
  aEDUCATN
  bEDUCATN
  cEDUCATN
  aEMPLOYD
  bEMPLOYD
  cEMPLOYD
  dEMPLOYD
  aINCOME
  bINCOME
  cINCOME
  dINCOME
  aS_SCALE
  bS_SCALE
  cS_SCALE
  dS_SCALE
  aD_SCALE
  bD_SCALE
  cD_SCALE
  dD_SCALE
  aS_COMP
  bS_COMP
  cS_COMP
  dS_COMP
  aD_COMP
  bD_COMP
  cD_COMP
  dD_COMP
  aBFI_A
  aBFI_A6
  aBFI_C
  aBFI_E
  aBFI_HP
  aBFI_N
  aBFI_O
  bBFI_A
  bBFI_A6
  bBFI_C
  bBFI_E
  bBFI_HP
  bBFI_N
  bBFI_O
  cBFI_A
  cBFI_A6
  cBFI_C
  cBFI_E
  cBFI_HP
  cBFI_N
  cBFI_O
  dBFI_A
  dBFI_A6
  dBFI_C
  dBFI_E
  dBFI_HP
  dBFI_N
  dBFI_O
  aBFA_AC
  aBFA_AP
  aBFA_CI
  aBFA_CO
  aBFA_EA
  aBFA_EE
  aBFA_N9
  aBFA_NV
  aBFA_NW
  aBFA_OI
  aBFA_OO
  aBFA_PS
  aBFA_MT
  bBFA_AC
  bBFA_AP
  bBFA_CI
  bBFA_CO
  bBFA_EA
  bBFA_EE
  bBFA_N9
  bBFA_NV
  bBFA_NW
  bBFA_OI
  bBFA_OO
  bBFA_MT
  bBFA_PS
  cBFA_AC
  cBFA_AP
  cBFA_CI
  cBFA_CO
  cBFA_EA
  cBFA_EE
  cBFA_N9
  cBFA_NV
  cBFA_NW
  cBFA_OI
  cBFA_OO
  cBFA_MT
  cBFA_PS
  dBFA_AC
  dBFA_AP
  dBFA_CI
  dBFA_CO
  dBFA_EA
  dBFA_EE
  dBFA_N9
  dBFA_NV
  dBFA_NW
  dBFA_OI
  dBFA_OO
  dBFA_MT
  dBFA_PS
  aUSI
  bUSI
  cUSI
  dUSI
  aHRZ_IND
  bHRZ_IND
  cHRZ_IND
  dHRZ_IND
  aVRT_IND
  bVRT_IND
  cVRT_IND
  dVRT_IND
  aHRZ_COL
  bHRZ_COL
  cHRZ_COL
  dHRZ_COL
  aVRT_COL
  bVRT_COL
  cVRT_COL
  dVRT_COL
  aCOLLCTV
  bCOLLCTV
  cCOLLCTV
  dCOLLCTV
  aMVS
  bMVS
  cMVS
  dMVS
  aST
  bST
  cST
  dST
  aSD
  bSD
  cSD
  dSD
  aMVS_mc
  bMVS_mc
  cMVS_mc
  dMVS_mc
  aST_mc
  bST_mc
  cST_mc
  dST_mc
  aSD_mc
  bSD_mc
  cSD_mc
  dSD_mc
  bMEANING
  cMEANING
  dMEANING
  bMEAN_L
  cMEAN_L
  dMEAN_L
  bMEANNGc
  cMEANNGc
  dMEANNGc
  bMEANGlc
  cMEANGlc
  dMEANGlc
  bCLASSIC
  cCLASSIC
  dCLASSIC
  bCLASSCc
  cCLASSCc
  dCLASSCc
  bAGR_VAL
  cAGR_VAL
  dAGR_VAL
  bOPN_VAL
  cOPN_VAL
  dOPN_VAL
  bAGR_VLc
  cAGR_VLc
  dAGR_VLc
  bOPNVALc
  cOPNVALc
  dOPNVALc
  aMV_pomp
  bMV_pomp
  cMV_pomp
  dMV_pomp
  aST_pomp
  bST_pomp
  cST_pomp
  dST_pomp
  aSD_pomp
  bSD_pomp
  cSD_pomp
  dSD_pomp
  agoal_ec
  bgoal_ec
  cgoal_ec
  dgoal_ec
  aAspfinc
  bAspfinc
  cAspfinc
  dAspfinc
  abfi_hp8
  bbfi_hp8
  cbfi_hp8
  dbfi_hp8
  aP_S_BFI
  aP_D_BFI
  aECgoalc
  bECgoalC
  cECgoalC
  dECgoalC
  aaspfin
  baspfin
  caspfin
  daspfin
  aMVI_POMP
  bMVI_POMP
  cMVI_POMP
  dMVI_POMP;


  USEVARIABLES =
  abfi_hp8
  bbfi_hp8
  cbfi_hp8
  dbfi_hp8
  aBFA_MT
  bBFA_MT
  cBFA_MT
  dBFA_MT
  bage_c
  cage_c
  dage_c
  ;

  missing = all (-9999);

  USEOBSERVATIONS are Sample == 1; ! National Sample

  tscores = bage_c cage_c dage_c;

  DEFINE:
  bage_c = aAGE + 1 - 36;
  cage_c = aAGE + 2 - 36;
  dage_c = aAGE + 3 - 36;

  ANALYSIS:
  TYPE=RANDOM;
  PROCESSORS = 8;

  MODEL:

  i_bfi_hp8 s_bfi_hp8 | bbfi_hp8 cbfi_hp8 dbfi_hp8 AT bage_c cage_c dage_c;
  i_BFA_MT s_BFA_MT | bBFA_MT cBFA_MT dBFA_MT AT bage_c cage_c dage_c;


  !After Bollen and Curran initial observation is not part of LGM

  dbfi_hp8 on cbfi_hp8 (a); ! Autoregressive paths constrained to equality
  cbfi_hp8 on bbfi_hp8 (a);
  bbfi_hp8 on abfi_hp8 (a);

  dBFA_MT on cBFA_MT (b); ! Autoregressive paths constrained to equality
  cBFA_MT on bBFA_MT (b);
  bBFA_MT on aBFA_MT (b);

  bbfi_hp8 cbfi_hp8 dbfi_hp8 (c); !Equality constraint on residuals
  bBFA_MT cBFA_MT dBFA_MT (d); !Equality constraint on residuals

  dBFA_MT on cbfi_hp8 (x); ! Cross-lagged paths constrained to equality
  cBFA_MT on bbfi_hp8 (x);
  bBFA_MT on abfi_hp8 (x);

  dbfi_hp8 on cBFA_MT (y); ! Cross-lagged paths constrained to equality
  cbfi_hp8 on bBFA_MT (y);
  bbfi_hp8 on aBFA_MT (y);

  dBFA_MT with dbfi_hp8 (w); ! within-wave correlations constrained to equality
  cBFA_MT with cbfi_hp8 (w);
  bBFA_MT with bbfi_hp8 (w);

  abfi_hp8 aBFA_MT i_bfi_hp8 i_BFA_MT
  with
  abfi_hp8 aBFA_MT i_bfi_hp8 i_BFA_MT;

  s_bfi_hp8@0;

  s_BFA_MT@0;

  OUTPUT: SAMPSTAT PATTERNS;



*** WARNING
  Variable name contains more than 8 characters.
  Only the first 8 characters will be printed in the output.
  Variable: AMVI_POMP
*** WARNING
  Variable name contains more than 8 characters.
  Only the first 8 characters will be printed in the output.
  Variable: BMVI_POMP
*** WARNING
  Variable name contains more than 8 characters.
  Only the first 8 characters will be printed in the output.
  Variable: CMVI_POMP
*** WARNING
  Variable name contains more than 8 characters.
  Only the first 8 characters will be printed in the output.
  Variable: DMVI_POMP
*** WARNING
  Variable name contains more than 8 characters.
  Only the first 8 characters will be printed in the output.
  Variable: I_BFI_HP8
*** WARNING
  Variable name contains more than 8 characters.
  Only the first 8 characters will be printed in the output.
  Variable: S_BFI_HP8
*** WARNING in MODEL command
  All continuous latent variable covariances involving S_BFI_HP8 have been fixed to 0
  because the variance of S_BFI_HP8 is fixed at 0.
*** WARNING in MODEL command
  All continuous latent variable covariances involving S_BFA_MT have been fixed to 0
  because the variance of S_BFA_MT is fixed at 0.
*** WARNING
  Data set contains cases with missing on time scores but non-missing on the
  corresponding dependent variables.  These cases were not included in the analysis.
  Number of such cases:  16
   9 WARNING(S) FOUND IN THE INPUT INSTRUCTIONS



PxVx Univariate - Nat MeanOnly bfi_hp8 with MeanOnly BFA_MT;

SUMMARY OF ANALYSIS

Number of groups                                                 1
Number of observations                                         863

Number of dependent variables                                    6
Number of independent variables                                  2
Number of continuous latent variables                            4

Observed dependent variables

  Continuous
   BBFI_HP8    CBFI_HP8    DBFI_HP8    BBFA_MT     CBFA_MT     DBFA_MT

Observed independent variables
   ABFI_HP8    ABFA_MT

Continuous latent variables
   I_BFI_HP    S_BFI_HP    I_BFA_MT    S_BFA_MT

Variables with special functions

  Time scores
   BAGE_C      CAGE_C      DAGE_C


Estimator                                                      MLR
Information matrix                                        OBSERVED
Maximum number of iterations                                   100
Convergence criterion                                    0.100D-05
Maximum number of EM iterations                                500
Convergence criteria for the EM algorithm
  Loglikelihood change                                   0.100D-02
  Relative loglikelihood change                          0.100D-05
  Derivative                                             0.100D-03
Minimum variance                                         0.100D-03
Maximum number of steepest descent iterations                   20
Maximum number of iterations for H1                           2000
Convergence criterion for H1                             0.100D-03
Optimization algorithm                                         EMA

Input data file(s)
  E:\Projects\lnt_pxvx\Data\LT_227.txt
Input data format  FREE


SUMMARY OF DATA

     Number of missing data patterns            16


SUMMARY OF MISSING DATA PATTERNS


     MISSING DATA PATTERNS (x = not missing)

           1  2  3  4  5  6  7  8  9 10 11 12 13 14 15 16
 BBFI_HP8  x     x  x        x     x  x     x  x
 CBFI_HP8  x           x     x  x  x  x     x  x  x     x
 DBFI_HP8  x     x     x  x        x  x  x  x  x  x  x  x
 BBFA_MT   x     x  x        x     x        x  x
 CBFA_MT   x           x     x  x  x  x     x  x  x     x
 DBFA_MT   x     x     x  x           x  x  x  x        x
 ABFI_HP8  x  x  x  x  x  x  x  x  x  x     x     x  x
 ABFA_MT   x  x  x  x  x  x  x  x  x  x  x        x  x


     MISSING DATA PATTERN FREQUENCIES

    Pattern   Frequency     Pattern   Frequency     Pattern   Frequency
          1         491           7          46          13           3
          2         169           8          21          14           2
          3          27           9           1          15           1
          4          52          10           1          16           1
          5          21          11           1
          6          24          12           2


COVARIANCE COVERAGE OF DATA

Minimum covariance coverage value   0.100


     PROPORTION OF DATA PRESENT


           Covariance Coverage
              BBFI_HP8      CBFI_HP8      DBFI_HP8      BBFA_MT       CBFA_MT
              ________      ________      ________      ________      ________
 BBFI_HP8       0.722
 CBFI_HP8       0.630         0.683
 DBFI_HP8       0.608         0.605         0.666
 BBFA_MT        0.721         0.629         0.607         0.721
 CBFA_MT        0.630         0.683         0.605         0.629         0.683
 DBFA_MT        0.607         0.601         0.662         0.606         0.601
 ABFI_HP8       0.718         0.678         0.660         0.717         0.678
 ABFA_MT        0.716         0.676         0.659         0.715         0.676


           Covariance Coverage
              DBFA_MT       ABFI_HP8      ABFA_MT
              ________      ________      ________
 DBFA_MT        0.662
 ABFI_HP8       0.656         0.994
 ABFA_MT        0.655         0.992         0.993


SAMPLE STATISTICS


     ESTIMATED SAMPLE STATISTICS


           Means
              BBFI_HP8      CBFI_HP8      DBFI_HP8      BBFA_MT       CBFA_MT
              ________      ________      ________      ________      ________
 1             71.620        72.260        72.382        48.272        47.815


           Means
              DBFA_MT       ABFI_HP8      ABFA_MT
              ________      ________      ________
 1             47.666        71.157        48.531


           Covariances
              BBFI_HP8      CBFI_HP8      DBFI_HP8      BBFA_MT       CBFA_MT
              ________      ________      ________      ________      ________
 BBFI_HP8     252.891
 CBFI_HP8     186.178       233.649
 DBFI_HP8     175.767       177.089       230.750
 BBFA_MT      -73.023       -61.928       -49.424       235.509
 CBFA_MT      -67.883       -63.064       -59.181       195.623       242.812
 DBFA_MT      -74.878       -59.432       -57.112       192.889       204.912
 ABFI_HP8     188.314       175.216       164.306       -61.185       -49.008
 ABFA_MT      -66.005       -55.922       -45.763       188.021       185.572


           Covariances
              DBFA_MT       ABFI_HP8      ABFA_MT
              ________      ________      ________
 DBFA_MT      253.030
 ABFI_HP8     -61.769       248.599
 ABFA_MT      182.714       -63.056       237.767


           Correlations
              BBFI_HP8      CBFI_HP8      DBFI_HP8      BBFA_MT       CBFA_MT
              ________      ________      ________      ________      ________
 BBFI_HP8       1.000
 CBFI_HP8       0.766         1.000
 DBFI_HP8       0.728         0.763         1.000
 BBFA_MT       -0.299        -0.264        -0.212         1.000
 CBFA_MT       -0.274        -0.265        -0.250         0.818         1.000
 DBFA_MT       -0.296        -0.244        -0.236         0.790         0.827
 ABFI_HP8       0.751         0.727         0.686        -0.253        -0.199
 ABFA_MT       -0.269        -0.237        -0.195         0.795         0.772


           Correlations
              DBFA_MT       ABFI_HP8      ABFA_MT
              ________      ________      ________
 DBFA_MT        1.000
 ABFI_HP8      -0.246         1.000
 ABFA_MT        0.745        -0.259         1.000


     MAXIMUM LOG-LIKELIHOOD VALUE FOR THE UNRESTRICTED (H1) MODEL IS -20069.682


THE MODEL ESTIMATION TERMINATED NORMALLY



MODEL FIT INFORMATION

Number of Free Parameters                       23

Loglikelihood

          H0 Value                      -20084.453
          H0 Scaling Correction Factor       1.140
            for MLR

Information Criteria

          Akaike (AIC)                   40214.907
          Bayesian (BIC)                 40324.396
          Sample-Size Adjusted BIC       40251.354
            (n* = (n + 2) / 24)



MODEL RESULTS

                                                    Two-Tailed
                    Estimate       S.E.  Est./S.E.    P-Value

 DBFI_HP8   ON
    CBFI_HP8           0.129      0.047      2.748      0.006
    CBFA_MT           -0.077      0.041     -1.894      0.058

 CBFI_HP8   ON
    BBFI_HP8           0.129      0.047      2.748      0.006
    BBFA_MT           -0.077      0.041     -1.894      0.058

 BBFI_HP8   ON
    ABFI_HP8           0.129      0.047      2.748      0.006
    ABFA_MT           -0.077      0.041     -1.894      0.058

 DBFA_MT    ON
    CBFA_MT            0.166      0.056      2.968      0.003
    CBFI_HP8          -0.007      0.033     -0.202      0.840

 CBFA_MT    ON
    BBFA_MT            0.166      0.056      2.968      0.003
    BBFI_HP8          -0.007      0.033     -0.202      0.840

 BBFA_MT    ON
    ABFA_MT            0.166      0.056      2.968      0.003
    ABFI_HP8          -0.007      0.033     -0.202      0.840

 I_BFA_MT WITH
    I_BFI_HP8        -28.434     12.499     -2.275      0.023

 ABFI_HP8 WITH
    I_BFI_HP8        142.547     11.873     12.006      0.000
    I_BFA_MT         -45.861     10.588     -4.332      0.000

 ABFA_MT  WITH
    I_BFI_HP8        -29.685     10.558     -2.812      0.005
    I_BFA_MT         150.334     14.854     10.121      0.000

 DBFA_MT  WITH
    DBFI_HP8          -3.774      2.328     -1.621      0.105

 CBFA_MT  WITH
    CBFI_HP8          -3.774      2.328     -1.621      0.105

 BBFA_MT  WITH
    BBFI_HP8          -3.774      2.328     -1.621      0.105

 ABFA_MT  WITH
    ABFI_HP8         -63.028      8.369     -7.531      0.000

 Means
    ABFI_HP8          71.149      0.538    132.280      0.000
    ABFA_MT           48.530      0.527     92.150      0.000
    I_BFI_HP8         66.340      4.253     15.598      0.000
    S_BFI_HP8          0.103      0.031      3.345      0.001
    I_BFA_MT          40.429      3.868     10.453      0.000
    S_BFA_MT          -0.019      0.030     -0.650      0.516

 Intercepts
    BBFI_HP8           0.000      0.000    999.000    999.000
    CBFI_HP8           0.000      0.000    999.000    999.000
    DBFI_HP8           0.000      0.000    999.000    999.000
    BBFA_MT            0.000      0.000    999.000    999.000
    CBFA_MT            0.000      0.000    999.000    999.000
    DBFA_MT            0.000      0.000    999.000    999.000

 Variances
    ABFI_HP8         248.523     10.807     22.996      0.000
    ABFA_MT          237.661     11.470     20.720      0.000
    I_BFI_HP8        120.911     17.240      7.014      0.000
    S_BFI_HP8          0.000      0.000    999.000    999.000
    I_BFA_MT         132.900     21.393      6.212      0.000
    S_BFA_MT           0.000      0.000    999.000    999.000

 Residual Variances
    BBFI_HP8          64.161      4.128     15.542      0.000
    CBFI_HP8          64.161      4.128     15.542      0.000
    DBFI_HP8          64.161      4.128     15.542      0.000
    BBFA_MT           50.491      3.906     12.928      0.000
    CBFA_MT           50.491      3.906     12.928      0.000
    DBFA_MT           50.491      3.906     12.928      0.000


QUALITY OF NUMERICAL RESULTS

     Condition Number for the Information Matrix              0.506E-05
       (ratio of smallest to largest eigenvalue)


     Beginning Time:  13:26:08
        Ending Time:  13:26:11
       Elapsed Time:  00:00:03



MUTHEN & MUTHEN
3463 Stoner Ave.
Los Angeles, CA  90066

Tel: (310) 391-9971
Fax: (310) 391-8971
Web: www.StatModel.com
Support: Support@StatModel.com

Copyright (c) 1998-2011 Muthen & Muthen
