Mplus VERSION 6.12
MUTHEN & MUTHEN
03/21/2016  11:27 AM

INPUT INSTRUCTIONS


  title: PxVx Univariate - Col Lin BFA_EA with Lin USI;
  data: file = E:\Projects\lnt_pxvx\Data\LT_227.txt;



  variable:
  names =
  subjid
  Sample
  aGENDER
  aAGE
  aethnic1
  aethnic2
  aedu_mom
  aedu_dad
  aEDUCATN
  bEDUCATN
  cEDUCATN
  aEMPLOYD
  bEMPLOYD
  cEMPLOYD
  dEMPLOYD
  aINCOME
  bINCOME
  cINCOME
  dINCOME
  aS_SCALE
  bS_SCALE
  cS_SCALE
  dS_SCALE
  aD_SCALE
  bD_SCALE
  cD_SCALE
  dD_SCALE
  aS_COMP
  bS_COMP
  cS_COMP
  dS_COMP
  aD_COMP
  bD_COMP
  cD_COMP
  dD_COMP
  aBFI_A
  aBFI_A6
  aBFI_C
  aBFI_E
  aBFI_HP
  aBFI_N
  aBFI_O
  bBFI_A
  bBFI_A6
  bBFI_C
  bBFI_E
  bBFI_HP
  bBFI_N
  bBFI_O
  cBFI_A
  cBFI_A6
  cBFI_C
  cBFI_E
  cBFI_HP
  cBFI_N
  cBFI_O
  dBFI_A
  dBFI_A6
  dBFI_C
  dBFI_E
  dBFI_HP
  dBFI_N
  dBFI_O
  aBFA_AC
  aBFA_AP
  aBFA_CI
  aBFA_CO
  aBFA_EA
  aBFA_EE
  aBFA_N9
  aBFA_NV
  aBFA_NW
  aBFA_OI
  aBFA_OO
  aBFA_PS
  aBFA_MT
  bBFA_AC
  bBFA_AP
  bBFA_CI
  bBFA_CO
  bBFA_EA
  bBFA_EE
  bBFA_N9
  bBFA_NV
  bBFA_NW
  bBFA_OI
  bBFA_OO
  bBFA_MT
  bBFA_PS
  cBFA_AC
  cBFA_AP
  cBFA_CI
  cBFA_CO
  cBFA_EA
  cBFA_EE
  cBFA_N9
  cBFA_NV
  cBFA_NW
  cBFA_OI
  cBFA_OO
  cBFA_MT
  cBFA_PS
  dBFA_AC
  dBFA_AP
  dBFA_CI
  dBFA_CO
  dBFA_EA
  dBFA_EE
  dBFA_N9
  dBFA_NV
  dBFA_NW
  dBFA_OI
  dBFA_OO
  dBFA_MT
  dBFA_PS
  aUSI
  bUSI
  cUSI
  dUSI
  aHRZ_IND
  bHRZ_IND
  cHRZ_IND
  dHRZ_IND
  aVRT_IND
  bVRT_IND
  cVRT_IND
  dVRT_IND
  aHRZ_COL
  bHRZ_COL
  cHRZ_COL
  dHRZ_COL
  aVRT_COL
  bVRT_COL
  cVRT_COL
  dVRT_COL
  aCOLLCTV
  bCOLLCTV
  cCOLLCTV
  dCOLLCTV
  aMVS
  bMVS
  cMVS
  dMVS
  aST
  bST
  cST
  dST
  aSD
  bSD
  cSD
  dSD
  aMVS_mc
  bMVS_mc
  cMVS_mc
  dMVS_mc
  aST_mc
  bST_mc
  cST_mc
  dST_mc
  aSD_mc
  bSD_mc
  cSD_mc
  dSD_mc
  bMEANING
  cMEANING
  dMEANING
  bMEAN_L
  cMEAN_L
  dMEAN_L
  bMEANNGc
  cMEANNGc
  dMEANNGc
  bMEANGlc
  cMEANGlc
  dMEANGlc
  bCLASSIC
  cCLASSIC
  dCLASSIC
  bCLASSCc
  cCLASSCc
  dCLASSCc
  bAGR_VAL
  cAGR_VAL
  dAGR_VAL
  bOPN_VAL
  cOPN_VAL
  dOPN_VAL
  bAGR_VLc
  cAGR_VLc
  dAGR_VLc
  bOPNVALc
  cOPNVALc
  dOPNVALc
  aMV_pomp
  bMV_pomp
  cMV_pomp
  dMV_pomp
  aST_pomp
  bST_pomp
  cST_pomp
  dST_pomp
  aSD_pomp
  bSD_pomp
  cSD_pomp
  dSD_pomp
  agoal_ec
  bgoal_ec
  cgoal_ec
  dgoal_ec
  aAspfinc
  bAspfinc
  cAspfinc
  dAspfinc
  abfi_hp8
  bbfi_hp8
  cbfi_hp8
  dbfi_hp8
  aP_S_BFI
  aP_D_BFI
  aECgoalc
  bECgoalC
  cECgoalC
  dECgoalC
  aaspfin
  baspfin
  caspfin
  daspfin
  aMVI_POMP
  bMVI_POMP
  cMVI_POMP
  dMVI_POMP;

  USEVARIABLES =
  aBFA_EA
  bBFA_EA
  cBFA_EA
  dBFA_EA
  aUSI
  bUSI
  cUSI
  dUSI
  bage_c
  cage_c
  dage_c
  ;

  missing = all (-9999);

  USEOBSERVATIONS are Sample == 2; ! College Sample

  tscores = bage_c cage_c dage_c;

  DEFINE:
  bage_c = aAGE + 1 - 20.5;
  cage_c = aAGE + 2 - 20.5;
  dage_c = aAGE + 3 - 20.5;

  ANALYSIS:
  TYPE=RANDOM;
  PROCESSORS = 8;

  MODEL:

  i_BFA_EA s_BFA_EA | bBFA_EA cBFA_EA dBFA_EA AT bage_c cage_c dage_c;
  i_USI s_USI | bUSI cUSI dUSI AT bage_c cage_c dage_c;


  !After Bollen and Curran initial observation is not part of LGM

  dBFA_EA on cBFA_EA (a); ! Autoregressive paths constrained to equality
  cBFA_EA on bBFA_EA (a);
  bBFA_EA on aBFA_EA (a);

  dUSI on cUSI (b); ! Autoregressive paths constrained to equality
  cUSI on bUSI (b);
  bUSI on aUSI (b);

  bBFA_EA cBFA_EA dBFA_EA (c); !Equality constraint on residuals
  bUSI cUSI dUSI (d); !Equality constraint on residuals

  dUSI on cBFA_EA (x); ! Cross-lagged paths constrained to equality
  cUSI on bBFA_EA (x);
  bUSI on aBFA_EA (x);

  dBFA_EA on cUSI (y); ! Cross-lagged paths constrained to equality
  cBFA_EA on bUSI (y);
  bBFA_EA on aUSI (y);

  dUSI with dBFA_EA (w); ! within-wave correlations constrained to equality
  cUSI with cBFA_EA (w);
  bUSI with bBFA_EA (w);

  aBFA_EA aUSI i_BFA_EA i_USI
  s_BFA_EA
  s_USI
  with
  s_BFA_EA
  s_USI
  aBFA_EA aUSI i_BFA_EA i_USI;



  OUTPUT: SAMPSTAT PATTERNS;



*** WARNING
  Variable name contains more than 8 characters.
  Only the first 8 characters will be printed in the output.
  Variable: AMVI_POMP
*** WARNING
  Variable name contains more than 8 characters.
  Only the first 8 characters will be printed in the output.
  Variable: BMVI_POMP
*** WARNING
  Variable name contains more than 8 characters.
  Only the first 8 characters will be printed in the output.
  Variable: CMVI_POMP
*** WARNING
  Variable name contains more than 8 characters.
  Only the first 8 characters will be printed in the output.
  Variable: DMVI_POMP
*** WARNING
  Data set contains cases with missing on all variables.
  These cases were not included in the analysis.
  Number of cases with missing on all variables:  1
*** WARNING
  Data set contains cases with missing on time scores but non-missing on the
  corresponding dependent variables.  These cases were not included in the analysis.
  Number of such cases:  2
   6 WARNING(S) FOUND IN THE INPUT INSTRUCTIONS



PxVx Univariate - Col Lin BFA_EA with Lin USI;

SUMMARY OF ANALYSIS

Number of groups                                                 1
Number of observations                                         277

Number of dependent variables                                    6
Number of independent variables                                  2
Number of continuous latent variables                            4

Observed dependent variables

  Continuous
   BBFA_EA     CBFA_EA     DBFA_EA     BUSI        CUSI        DUSI

Observed independent variables
   ABFA_EA     AUSI

Continuous latent variables
   I_BFA_EA    S_BFA_EA    I_USI       S_USI

Variables with special functions

  Time scores
   BAGE_C      CAGE_C      DAGE_C


Estimator                                                      MLR
Information matrix                                        OBSERVED
Maximum number of iterations                                   100
Convergence criterion                                    0.100D-05
Maximum number of EM iterations                                500
Convergence criteria for the EM algorithm
  Loglikelihood change                                   0.100D-02
  Relative loglikelihood change                          0.100D-05
  Derivative                                             0.100D-03
Minimum variance                                         0.100D-03
Maximum number of steepest descent iterations                   20
Maximum number of iterations for H1                           2000
Convergence criterion for H1                             0.100D-03
Optimization algorithm                                         EMA

Input data file(s)
  E:\Projects\lnt_pxvx\Data\LT_227.txt
Input data format  FREE


SUMMARY OF DATA

     Number of missing data patterns            13


SUMMARY OF MISSING DATA PATTERNS


     MISSING DATA PATTERNS (x = not missing)

           1  2  3  4  5  6  7  8  9 10 11 12 13
 BBFA_EA   x  x     x        x  x              x
 CBFA_EA   x  x  x                 x  x
 DBFA_EA   x              x  x  x  x  x
 BUSI      x  x     x           x
 CUSI      x  x  x                 x  x
 DUSI      x              x     x     x
 ABFA_EA   x  x  x  x  x  x  x  x  x  x  x     x
 AUSI      x  x  x  x  x  x  x  x  x  x     x  x


     MISSING DATA PATTERN FREQUENCIES

    Pattern   Frequency     Pattern   Frequency     Pattern   Frequency
          1         138           6          11          11           2
          2          12           7           1          12           1
          3           5           8          16          13           2
          4          27           9           1
          5          51          10          10


COVARIANCE COVERAGE OF DATA

Minimum covariance coverage value   0.100


     PROPORTION OF DATA PRESENT


           Covariance Coverage
              BBFA_EA       CBFA_EA       DBFA_EA       BUSI          CUSI
              ________      ________      ________      ________      ________
 BBFA_EA        0.708
 CBFA_EA        0.542         0.599
 DBFA_EA        0.560         0.538         0.639
 BUSI           0.697         0.542         0.556         0.697
 CUSI           0.542         0.599         0.538         0.542         0.599
 DUSI           0.556         0.534         0.632         0.556         0.534
 ABFA_EA        0.708         0.599         0.639         0.697         0.599
 AUSI           0.708         0.599         0.639         0.697         0.599


           Covariance Coverage
              DUSI          ABFA_EA       AUSI
              ________      ________      ________
 DUSI           0.632
 ABFA_EA        0.632         0.996
 AUSI           0.632         0.989         0.993


SAMPLE STATISTICS


     ESTIMATED SAMPLE STATISTICS


           Means
              BBFA_EA       CBFA_EA       DBFA_EA       BUSI          CUSI
              ________      ________      ________      ________      ________
 1             60.809        60.537        61.162        31.669        30.335


           Means
              DUSI          ABFA_EA       AUSI
              ________      ________      ________
 1             30.004        62.947        33.045


           Covariances
              BBFA_EA       CBFA_EA       DBFA_EA       BUSI          CUSI
              ________      ________      ________      ________      ________
 BBFA_EA      339.699
 CBFA_EA      263.625       300.043
 DBFA_EA      241.126       254.363       290.209
 BUSI           3.887        20.936        30.792       244.858
 CUSI          14.325        29.870        35.728       182.236       251.055
 DUSI          19.656        24.334        36.778       169.605       190.699
 ABFA_EA      258.538       240.140       226.345        32.790        34.272
 AUSI          -1.783        14.523        32.853       181.606       177.314


           Covariances
              DUSI          ABFA_EA       AUSI
              ________      ________      ________
 DUSI         276.891
 ABFA_EA       31.046       310.450
 AUSI         174.254         3.408       249.435


           Correlations
              BBFA_EA       CBFA_EA       DBFA_EA       BUSI          CUSI
              ________      ________      ________      ________      ________
 BBFA_EA        1.000
 CBFA_EA        0.826         1.000
 DBFA_EA        0.768         0.862         1.000
 BUSI           0.013         0.077         0.116         1.000
 CUSI           0.049         0.109         0.132         0.735         1.000
 DUSI           0.064         0.084         0.130         0.651         0.723
 ABFA_EA        0.796         0.787         0.754         0.119         0.123
 AUSI          -0.006         0.053         0.122         0.735         0.709


           Correlations
              DUSI          ABFA_EA       AUSI
              ________      ________      ________
 DUSI           1.000
 ABFA_EA        0.106         1.000
 AUSI           0.663         0.012         1.000


     MAXIMUM LOG-LIKELIHOOD VALUE FOR THE UNRESTRICTED (H1) MODEL IS -6325.826


THE MODEL ESTIMATION TERMINATED NORMALLY



MODEL FIT INFORMATION

Number of Free Parameters                       34

Loglikelihood

          H0 Value                       -6325.118
          H0 Scaling Correction Factor       1.031
            for MLR

Information Criteria

          Akaike (AIC)                   12718.237
          Bayesian (BIC)                 12841.454
          Sample-Size Adjusted BIC       12733.644
            (n* = (n + 2) / 24)



MODEL RESULTS

                                                    Two-Tailed
                    Estimate       S.E.  Est./S.E.    P-Value

 DBFA_EA    ON
    CBFA_EA            0.191      0.051      3.748      0.000
    CUSI               0.050      0.061      0.825      0.409

 CBFA_EA    ON
    BBFA_EA            0.191      0.051      3.748      0.000
    BUSI               0.050      0.061      0.825      0.409

 BBFA_EA    ON
    ABFA_EA            0.191      0.051      3.748      0.000
    AUSI               0.050      0.061      0.825      0.409

 DUSI       ON
    CUSI               0.305      0.081      3.772      0.000
    CBFA_EA            0.007      0.053      0.129      0.897

 CUSI       ON
    BUSI               0.305      0.081      3.772      0.000
    BBFA_EA            0.007      0.053      0.129      0.897

 BUSI       ON
    AUSI               0.305      0.081      3.772      0.000
    ABFA_EA            0.007      0.053      0.129      0.897

 S_BFA_EA WITH
    I_BFA_EA         -35.261     12.395     -2.845      0.004

 I_USI    WITH
    I_BFA_EA         -20.059     28.683     -0.699      0.484
    S_BFA_EA           9.963      6.079      1.639      0.101

 S_USI    WITH
    I_BFA_EA           4.658      8.392      0.555      0.579
    S_BFA_EA          -1.161      2.277     -0.510      0.610
    I_USI             -4.157      4.794     -0.867      0.386

 ABFA_EA  WITH
    I_BFA_EA         203.965     28.709      7.105      0.000
    S_BFA_EA          -6.668      7.585     -0.879      0.379
    I_USI             38.261     25.550      1.497      0.134
    S_USI             -7.586      7.506     -1.011      0.312

 AUSI     WITH
    I_BFA_EA         -35.209     26.941     -1.307      0.191
    S_BFA_EA          19.400      8.077      2.402      0.016
    I_USI             99.658     23.170      4.301      0.000
    S_USI              8.018      6.483      1.237      0.216

 DUSI     WITH
    DBFA_EA            2.977      5.650      0.527      0.598

 CUSI     WITH
    CBFA_EA            2.977      5.650      0.527      0.598

 BUSI     WITH
    BBFA_EA            2.977      5.650      0.527      0.598

 AUSI     WITH
    ABFA_EA            3.407     18.089      0.188      0.851

 Means
    ABFA_EA           62.947      1.059     59.462      0.000
    AUSI              33.045      0.951     34.753      0.000
    I_BFA_EA          46.364      2.644     17.537      0.000
    S_BFA_EA           0.557      0.452      1.233      0.218
    I_USI             21.142      3.491      6.057      0.000
    S_USI             -0.270      0.465     -0.579      0.562

 Intercepts
    BBFA_EA            0.000      0.000    999.000    999.000
    CBFA_EA            0.000      0.000    999.000    999.000
    DBFA_EA            0.000      0.000    999.000    999.000
    BUSI               0.000      0.000    999.000    999.000
    CUSI               0.000      0.000    999.000    999.000
    DUSI               0.000      0.000    999.000    999.000

 Variances
    ABFA_EA          310.451     28.490     10.897      0.000
    AUSI             249.435     16.961     14.706      0.000
    I_BFA_EA         251.342     49.872      5.040      0.000
    S_BFA_EA          12.250      4.503      2.720      0.007
    I_USI             81.138     23.245      3.491      0.000
    S_USI              2.770      1.647      1.682      0.093

 Residual Variances
    BBFA_EA           51.763      7.353      7.040      0.000
    CBFA_EA           51.763      7.353      7.040      0.000
    DBFA_EA           51.763      7.353      7.040      0.000
    BUSI              89.024     10.573      8.420      0.000
    CUSI              89.024     10.573      8.420      0.000
    DUSI              89.024     10.573      8.420      0.000


QUALITY OF NUMERICAL RESULTS

     Condition Number for the Information Matrix              0.381E-06
       (ratio of smallest to largest eigenvalue)


     Beginning Time:  11:27:15
        Ending Time:  11:27:16
       Elapsed Time:  00:00:01



MUTHEN & MUTHEN
3463 Stoner Ave.
Los Angeles, CA  90066

Tel: (310) 391-9971
Fax: (310) 391-8971
Web: www.StatModel.com
Support: Support@StatModel.com

Copyright (c) 1998-2011 Muthen & Muthen
