Mplus VERSION 8 (Linux)
MUTHEN & MUTHEN
07/08/2018   1:20 PM

INPUT INSTRUCTIONS


  title: PxVx Bivariate LCM-SR - 40splitgroup - Linear bfas_oo with Linear vrt_ind;
  data: file = /home/jflournoy/code_new/lnt_pxvx/Data/lnt_nat_recalc.tsv;

  variable:
  names =
  subjid
  aage
  aaspfin
  aaspfin_d
  abfa_mt
  abfa_mt_d
  abfas_ac
  abfas_ap
  abfas_ci
  abfas_co
  abfas_ea
  abfas_ee
  abfas_nv
  abfas_nv9
  abfas_nw
  abfas_oi
  abfas_oo
  abfi_a
  abfi_a6
  abfi_c
  abfi_d_scale
  abfi_e
  abfi_hp8
  abfi_n
  abfi_o
  abfi_s_scale
  ahrz_col
  ahrz_col_d
  ahrz_ind
  ahrz_ind_d
  amvi
  ausi
  ausi_d
  avrt_col
  avrt_col_d
  avrt_ind
  avrt_ind_d
  bage
  baspfin
  baspfin_d
  bbfa_mt
  bbfa_mt_d
  bbfas_ac
  bbfas_ap
  bbfas_ci
  bbfas_co
  bbfas_ea
  bbfas_ee
  bbfas_nv
  bbfas_nv9
  bbfas_nw
  bbfas_oi
  bbfas_oo
  bbfi_a
  bbfi_a6
  bbfi_c
  bbfi_d_scale
  bbfi_e
  bbfi_hp8
  bbfi_n
  bbfi_o
  bbfi_s_scale
  bhrz_col
  bhrz_col_d
  bhrz_ind
  bhrz_ind_d
  bmvi
  busi
  busi_d
  bvrt_col
  bvrt_col_d
  bvrt_ind
  bvrt_ind_d
  cage
  caspfin
  caspfin_d
  cbfa_mt
  cbfa_mt_d
  cbfas_ac
  cbfas_ap
  cbfas_ci
  cbfas_co
  cbfas_ea
  cbfas_ee
  cbfas_nv
  cbfas_nv9
  cbfas_nw
  cbfas_oi
  cbfas_oo
  cbfi_a
  cbfi_a6
  cbfi_c
  cbfi_d_scale
  cbfi_e
  cbfi_hp8
  cbfi_n
  cbfi_o
  cbfi_s_scale
  chrz_col
  chrz_col_d
  chrz_ind
  chrz_ind_d
  cmvi
  cusi
  cusi_d
  cvrt_col
  cvrt_col_d
  cvrt_ind
  cvrt_ind_d
  dage
  daspfin
  daspfin_d
  dbfa_mt
  dbfa_mt_d
  dbfas_ac
  dbfas_ap
  dbfas_ci
  dbfas_co
  dbfas_ea
  dbfas_ee
  dbfas_nv
  dbfas_nv9
  dbfas_nw
  dbfas_oi
  dbfas_oo
  dbfi_a
  dbfi_a6
  dbfi_c
  dbfi_d_scale
  dbfi_e
  dbfi_hp8
  dbfi_n
  dbfi_o
  dbfi_s_scale
  dhrz_col
  dhrz_col_d
  dhrz_ind
  dhrz_ind_d
  dmvi
  dusi
  dusi_d
  dvrt_col
  dvrt_col_d
  dvrt_ind
  dvrt_ind_d;

  USEVARIABLES =
  abfas_oo
  bbfas_oo
  cbfas_oo
  dbfas_oo
  avrt_ind
  bvrt_ind
  cvrt_ind
  dvrt_ind
  a1
  a2
  a3
  a4
  aagegrp
  ;

  missing = all (-9999);

  tscores = a1 a2 a3 a4;

  grouping = aagegrp (0=earlier, 1=later);

  DEFINE:

  aagegrp = aage;

  cut aagegrp (39);

  a1 = aage + 0 - 36;
  a2 = aage + 1 - 36;
  a3 = aage + 2 - 36;
  a4 = aage + 3 - 36;

  ANALYSIS:
  TYPE=RANDOM;
  PROCESSORS = 6;
  model=nocovariances; ! supresses default estimation of certain covs in model;

  MODEL:

  i_bfas_oo s_bfas_oo | abfas_oo bbfas_oo cbfas_oo dbfas_oo AT a1 a2 a3 a4;
  i_vrt_ind s_vrt_ind | avrt_ind bvrt_ind cvrt_ind dvrt_ind AT a1 a2 a3 a4;

  ! freeing factor covs because of "nocovariances"
  s_bfas_oo WITH i_bfas_oo s_vrt_ind i_vrt_ind;
  i_bfas_oo WITH s_vrt_ind i_vrt_ind;
  s_vrt_ind WITH i_vrt_ind;

  p1 BY abfas_oo@1; ! Residual "factors";
  p2 BY bbfas_oo@1;
  p3 BY cbfas_oo@1;
  p4 BY dbfas_oo@1;

  v1 BY avrt_ind@1; ! Residual "factors";
  v2 BY bvrt_ind@1;
  v3 BY cvrt_ind@1;
  v4 BY dvrt_ind@1;

  !residual variances on observed/manifest vars set to 0
  abfas_oo@0;
  bbfas_oo@0;
  cbfas_oo@0;
  dbfas_oo@0;

  !residual variances on observed/manifest vars set to 0
  avrt_ind@0;
  bvrt_ind@0;
  cvrt_ind@0;
  dvrt_ind@0;

  ! means of observed/manifest vars set to 0
  [abfas_oo@0];
  [bbfas_oo@0];
  [cbfas_oo@0];
  [dbfas_oo@0];

  ! means of observed/manifest vars set to 0
  [avrt_ind@0];
  [bvrt_ind@0];
  [cvrt_ind@0];
  [dvrt_ind@0];

  [p1@0]; ! means of residual "factors" set to 0
  [p2@0];
  [p3@0];
  [p4@0];

  [v1@0]; ! means of residual "factors" set to 0
  [v2@0];
  [v3@0];
  [v4@0];

  p4 on p3 (a); ! Autoregressive paths constrained to equality
  p3 on p2 (a);
  p2 on p1 (a);

  v4 on v3 (b); ! Autoregressive paths constrained to equality
  v3 on v2 (b);
  v2 on v1 (b);

  p4 on v3 (c); ! Cross-lagged paths constrained to equality
  p3 on v2 (c);
  p2 on v1 (c);

  v4 on p3 (d); ! Cross-lagged paths constrained to equality
  v3 on p2 (d);
  v2 on p1 (d);

  p1 with v1; !(this one is not like the others)

  p2 with v2 (e); ! Within-wave correlations constrained to equality
  p3 with v3 (e);
  p4 with v4 (e);

  p2 p3 p4 (f); ! estimate variances of residual "factors"
  v2 v3 v4 (g); ! estimate variances of residual "factors"

  MODEL earlier:

  p4 on p3 (a23); ! Autoregressive paths constrained to equality
  p3 on p2 (a23);
  p2 on p1 (a23);

  v4 on v3 (b23); ! Autoregressive paths constrained to equality
  v3 on v2 (b23);
  v2 on v1 (b23);

  p4 on v3 (c23); ! Cross-lagged paths constrained to equality
  p3 on v2 (c23);
  p2 on v1 (c23);

  v4 on p3 (d23); ! Cross-lagged paths constrained to equality
  v3 on p2 (d23);
  v2 on p1 (d23);

  p1 with v1; !(this one is not like the others)

  p2 with v2 (e23); ! Within-wave correlations constrained to equality
  p3 with v3 (e23);
  p4 with v4 (e23);

  p2 p3 p4 (f23); ! estimate variances of residual "factors"
  v2 v3 v4 (g23); ! estimate variances of residual "factors"

  MODEL later:

  p4 on p3 (a45); ! Autoregressive paths constrained to equality
  p3 on p2 (a45);
  p2 on p1 (a45);

  v4 on v3 (b45); ! Autoregressive paths constrained to equality
  v3 on v2 (b45);
  v2 on v1 (b45);

  p4 on v3 (c45); ! Cross-lagged paths constrained to equality
  p3 on v2 (c45);
  p2 on v1 (c45);

  v4 on p3 (d45); ! Cross-lagged paths constrained to equality
  v3 on p2 (d45);
  v2 on p1 (d45);

  p1 with v1; !(this one is not like the others)

  p2 with v2 (e45); ! Within-wave correlations constrained to equality
  p3 with v3 (e45);
  p4 with v4 (e45);

  p2 p3 p4 (f45); ! estimate variances of residual "factors"
  v2 v3 v4 (g45); ! estimate variances of residual "factors"

  OUTPUT: SAMPSTAT PATTERNS;



*** WARNING
  Data set contains unknown or missing values for GROUPING,
  PATTERN, COHORT, CLUSTER and/or STRATIFICATION variables.
  Number of cases with unknown or missing values:  5
   1 WARNING(S) FOUND IN THE INPUT INSTRUCTIONS



PxVx Bivariate LCM-SR - 40splitgroup - Linear bfas_oo with Linear vrt_ind;

SUMMARY OF ANALYSIS

Number of groups                                                 2
Number of observations
   Group EARLIER                                               534
   Group LATER                                                 330
   Total sample size                                           864

Number of dependent variables                                    8
Number of independent variables                                  0
Number of continuous latent variables                           12

Observed dependent variables

  Continuous
   ABFAS_OO    BBFAS_OO    CBFAS_OO    DBFAS_OO    AVRT_IND    BVRT_IND
   CVRT_IND    DVRT_IND

Continuous latent variables
   P1          P2          P3          P4          V1          V2
   V3          V4          I_BFAS_O    S_BFAS_O    I_VRT_IN    S_VRT_IN

Variables with special functions

  Grouping variable     AAGEGRP

  Time scores
   A1          A2          A3          A4


Estimator                                                      MLR
Information matrix                                        OBSERVED
Maximum number of iterations                                   100
Convergence criterion                                    0.100D-05
Maximum number of EM iterations                                500
Convergence criteria for the EM algorithm
  Loglikelihood change                                   0.100D-02
  Relative loglikelihood change                          0.100D-05
  Derivative                                             0.100D-03
Minimum variance                                         0.100D-03
Maximum number of steepest descent iterations                   20
Maximum number of iterations for H1                           2000
Convergence criterion for H1                             0.100D-03
Optimization algorithm                                         EMA

Input data file(s)
  /home/jflournoy/code_new/lnt_pxvx/Data/lnt_nat_recalc.tsv
Input data format  FREE


SUMMARY OF DATA

   Group EARLIER
     Number of missing data patterns            15

   Group LATER
     Number of missing data patterns            16


SUMMARY OF MISSING DATA PATTERNS


     MISSING DATA PATTERNS (x = not missing) FOR EARLIER

           1  2  3  4  5  6  7  8  9 10 11 12 13 14 15
 ABFAS_OO  x  x  x  x  x  x  x  x  x  x  x  x  x  x  x
 BBFAS_OO  x     x     x  x  x        x  x  x  x
 CBFAS_OO  x        x  x     x     x  x     x  x  x
 DBFAS_OO  x     x  x  x        x           x     x  x
 AVRT_IND  x  x  x  x  x  x  x  x  x  x  x  x  x  x  x
 BVRT_IND  x     x     x  x  x        x        x  x
 CVRT_IND  x        x        x     x        x  x  x
 DVRT_IND  x     x  x  x        x           x  x  x


     MISSING DATA PATTERN FREQUENCIES FOR EARLIER

    Pattern   Frequency     Pattern   Frequency     Pattern   Frequency
          1         326           6          26          11           2
          2         101           7          20          12           2
          3          14           8          14          13           1
          4          12           9          12          14           1
          5           1          10           1          15           1


     MISSING DATA PATTERNS (x = not missing) FOR LATER

           1  2  3  4  5  6  7  8  9 10 11 12 13 14 15 16
 ABFAS_OO  x  x  x  x  x  x  x  x  x  x  x  x     x  x  x
 BBFAS_OO  x     x     x  x  x        x  x     x     x
 CBFAS_OO  x        x  x     x     x     x  x  x        x
 DBFAS_OO  x     x  x  x        x        x  x  x     x
 AVRT_IND  x  x  x  x  x  x  x  x  x  x  x  x  x     x  x
 BVRT_IND  x     x     x  x  x              x  x
 CVRT_IND  x        x        x     x     x  x  x
 DVRT_IND  x     x  x  x        x        x  x  x     x


     MISSING DATA PATTERN FREQUENCIES FOR LATER

    Pattern   Frequency     Pattern   Frequency     Pattern   Frequency
          1         163           7          26          13           1
          2          68           8          10          14           1
          3          12           9          11          15           1
          4           9          10           2          16           1
          5           1          11           1
          6          22          12           1


COVARIANCE COVERAGE OF DATA

Minimum covariance coverage value   0.100


     PROPORTION OF DATA PRESENT FOR EARLIER


           Covariance Coverage
              ABFAS_OO      BBFAS_OO      CBFAS_OO      DBFAS_OO      AVRT_IND
              ________      ________      ________      ________      ________
 ABFAS_OO       1.000
 BBFAS_OO       0.736         0.736
 CBFAS_OO       0.704         0.657         0.704
 DBFAS_OO       0.695         0.642         0.640         0.695
 AVRT_IND       1.000         0.736         0.704         0.695         1.000
 BVRT_IND       0.730         0.728         0.655         0.640         0.730
 CVRT_IND       0.700         0.654         0.700         0.639         0.700
 DVRT_IND       0.695         0.644         0.642         0.693         0.695


           Covariance Coverage
              BVRT_IND      CVRT_IND      DVRT_IND
              ________      ________      ________
 BVRT_IND       0.730
 CVRT_IND       0.652         0.700
 DVRT_IND       0.642         0.640         0.695


     PROPORTION OF DATA PRESENT FOR LATER


           Covariance Coverage
              ABFAS_OO      BBFAS_OO      CBFAS_OO      DBFAS_OO      AVRT_IND
              ________      ________      ________      ________      ________
 ABFAS_OO       0.997
 BBFAS_OO       0.694         0.697
 CBFAS_OO       0.652         0.591         0.655
 DBFAS_OO       0.600         0.539         0.533         0.603
 AVRT_IND       0.997         0.697         0.655         0.603         1.000
 BVRT_IND       0.691         0.691         0.591         0.539         0.694
 CVRT_IND       0.642         0.582         0.645         0.530         0.645
 DVRT_IND       0.600         0.542         0.536         0.600         0.603


           Covariance Coverage
              BVRT_IND      CVRT_IND      DVRT_IND
              ________      ________      ________
 BVRT_IND       0.694
 CVRT_IND       0.582         0.645
 DVRT_IND       0.542         0.533         0.603


SAMPLE STATISTICS


     ESTIMATED SAMPLE STATISTICS FOR EARLIER


           Means
              ABFAS_OO      BBFAS_OO      CBFAS_OO      DBFAS_OO      AVRT_IND
              ________      ________      ________      ________      ________
               73.573        73.169        72.571        72.371        49.114


           Means
              BVRT_IND      CVRT_IND      DVRT_IND
              ________      ________      ________
               49.755        48.611        48.352


           Covariances
              ABFAS_OO      BBFAS_OO      CBFAS_OO      DBFAS_OO      AVRT_IND
              ________      ________      ________      ________      ________
 ABFAS_OO     253.313
 BBFAS_OO     206.730       262.511
 CBFAS_OO     210.552       218.892       279.309
 DBFAS_OO     204.904       206.579       228.581       270.804
 AVRT_IND     -50.010       -69.373       -51.171       -52.482       397.587
 BVRT_IND     -59.539       -64.039       -73.284       -66.027       270.958
 CVRT_IND     -54.662       -61.702       -69.349       -66.638       256.896
 DVRT_IND     -24.774       -36.350       -47.589       -50.328       259.784


           Covariances
              BVRT_IND      CVRT_IND      DVRT_IND
              ________      ________      ________
 BVRT_IND     381.299
 CVRT_IND     279.091       405.069
 DVRT_IND     278.363       300.166       415.802


           Correlations
              ABFAS_OO      BBFAS_OO      CBFAS_OO      DBFAS_OO      AVRT_IND
              ________      ________      ________      ________      ________
 ABFAS_OO       1.000
 BBFAS_OO       0.802         1.000
 CBFAS_OO       0.792         0.808         1.000
 DBFAS_OO       0.782         0.775         0.831         1.000
 AVRT_IND      -0.158        -0.215        -0.154        -0.160         1.000
 BVRT_IND      -0.192        -0.202        -0.225        -0.205         0.696
 CVRT_IND      -0.171        -0.189        -0.206        -0.201         0.640
 DVRT_IND      -0.076        -0.110        -0.140        -0.150         0.639


           Correlations
              BVRT_IND      CVRT_IND      DVRT_IND
              ________      ________      ________
 BVRT_IND       1.000
 CVRT_IND       0.710         1.000
 DVRT_IND       0.699         0.731         1.000


     ESTIMATED SAMPLE STATISTICS FOR LATER


           Means
              ABFAS_OO      BBFAS_OO      CBFAS_OO      DBFAS_OO      AVRT_IND
              ________      ________      ________      ________      ________
               72.575        73.176        72.570        72.190        44.163


           Means
              BVRT_IND      CVRT_IND      DVRT_IND
              ________      ________      ________
               42.653        42.738        43.154


           Covariances
              ABFAS_OO      BBFAS_OO      CBFAS_OO      DBFAS_OO      AVRT_IND
              ________      ________      ________      ________      ________
 ABFAS_OO     245.062
 BBFAS_OO     204.244       249.245
 CBFAS_OO     196.168       215.319       251.331
 DBFAS_OO     195.960       212.161       211.737       241.329
 AVRT_IND     -32.110       -38.266       -35.011       -31.844       312.687
 BVRT_IND     -47.953       -46.479       -41.930       -45.030       191.763
 CVRT_IND     -19.652       -32.682       -42.762       -37.226       203.167
 DVRT_IND     -45.600       -51.381       -53.803       -47.352       195.557


           Covariances
              BVRT_IND      CVRT_IND      DVRT_IND
              ________      ________      ________
 BVRT_IND     266.979
 CVRT_IND     196.934       320.711
 DVRT_IND     200.476       217.060       287.533


           Correlations
              ABFAS_OO      BBFAS_OO      CBFAS_OO      DBFAS_OO      AVRT_IND
              ________      ________      ________      ________      ________
 ABFAS_OO       1.000
 BBFAS_OO       0.826         1.000
 CBFAS_OO       0.790         0.860         1.000
 DBFAS_OO       0.806         0.865         0.860         1.000
 AVRT_IND      -0.116        -0.137        -0.125        -0.116         1.000
 BVRT_IND      -0.187        -0.180        -0.162        -0.177         0.664
 CVRT_IND      -0.070        -0.116        -0.151        -0.134         0.642
 DVRT_IND      -0.172        -0.192        -0.200        -0.180         0.652


           Correlations
              BVRT_IND      CVRT_IND      DVRT_IND
              ________      ________      ________
 BVRT_IND       1.000
 CVRT_IND       0.673         1.000
 DVRT_IND       0.724         0.715         1.000


     MAXIMUM LOG-LIKELIHOOD VALUE FOR THE UNRESTRICTED (H1) MODEL IS -20748.807


UNIVARIATE SAMPLE STATISTICS


     UNIVARIATE HIGHER-ORDER MOMENT DESCRIPTIVE STATISTICS FOR EARLIER

         Variable/         Mean/     Skewness/   Minimum/ % with                Percentiles
        Sample Size      Variance    Kurtosis    Maximum  Min/Max      20%/60%    40%/80%    Median

     ABFAS_OO             73.573      -0.504      20.000    0.19%      60.000     70.000     75.000
             534.000     253.313      -0.288     100.000    2.06%      80.000     87.500
     BBFAS_OO             72.808      -0.531      22.500    0.25%      58.333     70.000     75.000
             393.000     261.274      -0.189     100.000    1.78%      80.000     87.500
     CBFAS_OO             72.455      -0.448      17.500    0.27%      57.500     69.444     72.500
             376.000     272.712      -0.303     100.000    3.46%      80.000     87.500
     DBFAS_OO             72.513      -0.640      22.500    0.54%      60.000     70.000     75.000
             371.000     263.067       0.031     100.000    2.43%      80.000     85.000
     AVRT_IND             49.114       0.039       0.000    0.56%      31.250     43.750     50.000
             534.000     397.587      -0.367     100.000    0.75%      56.250     68.750
     BVRT_IND             50.043       0.075       6.250    0.77%      31.250     43.750     50.000
             390.000     377.068      -0.367     100.000    1.28%      56.250     68.750
     CVRT_IND             49.070       0.147       6.250    0.53%      31.250     43.750     50.000
             374.000     404.811      -0.549     100.000    0.80%      56.250     68.750
     DVRT_IND             48.551       0.125       0.000    0.27%      31.250     43.750     50.000
             371.000     415.270      -0.515     100.000    0.81%      56.250     68.750


     UNIVARIATE HIGHER-ORDER MOMENT DESCRIPTIVE STATISTICS FOR LATER

         Variable/         Mean/     Skewness/   Minimum/ % with                Percentiles
        Sample Size      Variance    Kurtosis    Maximum  Min/Max      20%/60%    40%/80%    Median

     ABFAS_OO             72.521      -0.503      27.500    0.91%      58.333     70.000     75.000
             329.000     244.640      -0.263     100.000    1.82%      77.500     87.500
     BBFAS_OO             73.358      -0.555      17.500    0.44%      60.000     70.000     75.000
             229.000     245.530      -0.174     100.000    1.31%      80.000     87.500
     CBFAS_OO             73.689      -0.447      27.500    0.47%      60.000     70.000     75.000
             214.000     244.667      -0.413     100.000    4.67%      80.000     87.500
     DBFAS_OO             73.200      -0.741      15.000    0.50%      60.000     72.500     75.000
             199.000     249.292       0.176     100.000    1.51%      80.000     87.500
     AVRT_IND             44.155       0.185       0.000    0.30%      31.250     37.500     43.750
             329.000     312.679      -0.195     100.000    0.30%      50.000     62.500
     BVRT_IND             42.423       0.198       0.000    0.44%      25.000     37.500     43.750
             226.000     266.644      -0.272      87.500    0.44%      43.750     56.250
     CVRT_IND             42.011       0.417       6.250    1.89%      25.000     37.500     43.750
             212.000     315.555       0.165     100.000    0.47%      43.750     56.250
     DVRT_IND             42.567       0.161       6.250    0.50%      25.000     37.500     43.750
             199.000     279.977      -0.393      87.500    1.01%      50.000     56.250


THE MODEL ESTIMATION TERMINATED NORMALLY



MODEL FIT INFORMATION

Number of Free Parameters                       48

Loglikelihood

          H0 Value                      -20759.519
          H0 Scaling Correction Factor      1.1788
            for MLR

Information Criteria

          Akaike (AIC)                   41615.037
          Bayesian (BIC)                 41843.593
          Sample-Size Adjusted BIC       41691.157
            (n* = (n + 2) / 24)



MODEL RESULTS

                                                    Two-Tailed
                    Estimate       S.E.  Est./S.E.    P-Value

Group EARLIER

 P1       BY
    ABFAS_OO           1.000      0.000    999.000    999.000

 P2       BY
    BBFAS_OO           1.000      0.000    999.000    999.000

 P3       BY
    CBFAS_OO           1.000      0.000    999.000    999.000

 P4       BY
    DBFAS_OO           1.000      0.000    999.000    999.000

 V1       BY
    AVRT_IND           1.000      0.000    999.000    999.000

 V2       BY
    BVRT_IND           1.000      0.000    999.000    999.000

 V3       BY
    CVRT_IND           1.000      0.000    999.000    999.000

 V4       BY
    DVRT_IND           1.000      0.000    999.000    999.000

 P4         ON
    P3                 0.173      0.079      2.206      0.027
    V3                -0.117      0.035     -3.378      0.001

 P3         ON
    P2                 0.173      0.079      2.206      0.027
    V2                -0.117      0.035     -3.378      0.001

 P2         ON
    P1                 0.173      0.079      2.206      0.027
    V1                -0.117      0.035     -3.378      0.001

 V4         ON
    V3                 0.154      0.071      2.166      0.030
    P3                -0.185      0.079     -2.323      0.020

 V3         ON
    V2                 0.154      0.071      2.166      0.030
    P2                -0.185      0.079     -2.323      0.020

 V2         ON
    V1                 0.154      0.071      2.166      0.030
    P1                -0.185      0.079     -2.323      0.020

 S_BFAS_O WITH
    I_BFAS_OO          2.594      2.455      1.057      0.291
    S_VRT_IND          0.080      0.354      0.226      0.821
    I_VRT_IND         -2.253      3.500     -0.644      0.520

 I_BFAS_O WITH
    S_VRT_IND          3.317      3.427      0.968      0.333
    I_VRT_IND        -48.167     20.089     -2.398      0.016

 S_VRT_IN WITH
    I_VRT_IND          0.074      2.690      0.028      0.978

 P1       WITH
    V1                -5.224      8.010     -0.652      0.514

 P2       WITH
    V2               -10.532      5.062     -2.081      0.037

 P3       WITH
    V3               -10.532      5.062     -2.081      0.037

 P4       WITH
    V4               -10.532      5.062     -2.081      0.037

 Means
    P1                 0.000      0.000    999.000    999.000
    V1                 0.000      0.000    999.000    999.000
    I_BFAS_OO         70.943      0.916     77.459      0.000
    S_BFAS_OO         -0.361      0.099     -3.651      0.000
    I_VRT_IND         46.866      1.047     44.751      0.000
    S_VRT_IND         -0.363      0.128     -2.846      0.004

 Intercepts
    ABFAS_OO           0.000      0.000    999.000    999.000
    BBFAS_OO           0.000      0.000    999.000    999.000
    CBFAS_OO           0.000      0.000    999.000    999.000
    DBFAS_OO           0.000      0.000    999.000    999.000
    AVRT_IND           0.000      0.000    999.000    999.000
    BVRT_IND           0.000      0.000    999.000    999.000
    CVRT_IND           0.000      0.000    999.000    999.000
    DVRT_IND           0.000      0.000    999.000    999.000
    P2                 0.000      0.000    999.000    999.000
    P3                 0.000      0.000    999.000    999.000
    P4                 0.000      0.000    999.000    999.000
    V2                 0.000      0.000    999.000    999.000
    V3                 0.000      0.000    999.000    999.000
    V4                 0.000      0.000    999.000    999.000

 Variances
    P1                55.035      7.958      6.916      0.000
    V1               152.713     17.343      8.805      0.000
    I_BFAS_OO        222.633     21.697     10.261      0.000
    S_BFAS_OO          0.135      0.370      0.365      0.715
    I_VRT_IND        228.812     27.788      8.234      0.000
    S_VRT_IND          0.397      0.455      0.872      0.383

 Residual Variances
    ABFAS_OO           0.000      0.000    999.000    999.000
    BBFAS_OO           0.000      0.000    999.000    999.000
    CBFAS_OO           0.000      0.000    999.000    999.000
    DBFAS_OO           0.000      0.000    999.000    999.000
    AVRT_IND           0.000      0.000    999.000    999.000
    BVRT_IND           0.000      0.000    999.000    999.000
    CVRT_IND           0.000      0.000    999.000    999.000
    DVRT_IND           0.000      0.000    999.000    999.000
    P2                58.738      6.288      9.342      0.000
    P3                58.738      6.288      9.342      0.000
    P4                58.738      6.288      9.342      0.000
    V2               129.548      9.893     13.095      0.000
    V3               129.548      9.893     13.095      0.000
    V4               129.548      9.893     13.095      0.000

Group LATER

 P1       BY
    ABFAS_OO           1.000      0.000    999.000    999.000

 P2       BY
    BBFAS_OO           1.000      0.000    999.000    999.000

 P3       BY
    CBFAS_OO           1.000      0.000    999.000    999.000

 P4       BY
    DBFAS_OO           1.000      0.000    999.000    999.000

 V1       BY
    AVRT_IND           1.000      0.000    999.000    999.000

 V2       BY
    BVRT_IND           1.000      0.000    999.000    999.000

 V3       BY
    CVRT_IND           1.000      0.000    999.000    999.000

 V4       BY
    DVRT_IND           1.000      0.000    999.000    999.000

 P4         ON
    P3                 0.055      0.061      0.900      0.368
    V3                -0.007      0.034     -0.215      0.830

 P3         ON
    P2                 0.055      0.061      0.900      0.368
    V2                -0.007      0.034     -0.215      0.830

 P2         ON
    P1                 0.055      0.061      0.900      0.368
    V1                -0.007      0.034     -0.215      0.830

 V4         ON
    V3                -0.019      0.070     -0.266      0.790
    P3                -0.099      0.095     -1.044      0.296

 V3         ON
    V2                -0.019      0.070     -0.266      0.790
    P2                -0.099      0.095     -1.044      0.296

 V2         ON
    V1                -0.019      0.070     -0.266      0.790
    P1                -0.099      0.095     -1.044      0.296

 S_BFAS_O WITH
    I_BFAS_OO         -8.542      7.816     -1.093      0.274
    S_VRT_IND         -0.548      0.463     -1.184      0.236
    I_VRT_IND          7.709      6.690      1.152      0.249

 I_BFAS_O WITH
    S_VRT_IND          6.902      5.962      1.158      0.247
    I_VRT_IND       -122.026     70.859     -1.722      0.085

 S_VRT_IN WITH
    I_VRT_IND         -5.686      9.461     -0.601      0.548

 P1       WITH
    V1                -0.007      6.839     -0.001      0.999

 P2       WITH
    V2                -3.225      4.407     -0.732      0.464

 P3       WITH
    V3                -3.225      4.407     -0.732      0.464

 P4       WITH
    V4                -3.225      4.407     -0.732      0.464

 Means
    P1                 0.000      0.000    999.000    999.000
    V1                 0.000      0.000    999.000    999.000
    I_BFAS_OO         72.289      1.942     37.230      0.000
    S_BFAS_OO          0.023      0.138      0.165      0.869
    I_VRT_IND         46.169      2.137     21.605      0.000
    S_VRT_IND         -0.214      0.159     -1.346      0.178

 Intercepts
    ABFAS_OO           0.000      0.000    999.000    999.000
    BBFAS_OO           0.000      0.000    999.000    999.000
    CBFAS_OO           0.000      0.000    999.000    999.000
    DBFAS_OO           0.000      0.000    999.000    999.000
    AVRT_IND           0.000      0.000    999.000    999.000
    BVRT_IND           0.000      0.000    999.000    999.000
    CVRT_IND           0.000      0.000    999.000    999.000
    DVRT_IND           0.000      0.000    999.000    999.000
    P2                 0.000      0.000    999.000    999.000
    P3                 0.000      0.000    999.000    999.000
    P4                 0.000      0.000    999.000    999.000
    V2                 0.000      0.000    999.000    999.000
    V3                 0.000      0.000    999.000    999.000
    V4                 0.000      0.000    999.000    999.000

 Variances
    P1                56.526      8.217      6.879      0.000
    V1               120.586     15.962      7.555      0.000
    I_BFAS_OO        296.499    106.966      2.772      0.006
    S_BFAS_OO          0.660      0.563      1.172      0.241
    I_VRT_IND        223.335    104.761      2.132      0.033
    S_VRT_IND          0.655      0.795      0.824      0.410

 Residual Variances
    ABFAS_OO           0.000      0.000    999.000    999.000
    BBFAS_OO           0.000      0.000    999.000    999.000
    CBFAS_OO           0.000      0.000    999.000    999.000
    DBFAS_OO           0.000      0.000    999.000    999.000
    AVRT_IND           0.000      0.000    999.000    999.000
    BVRT_IND           0.000      0.000    999.000    999.000
    CVRT_IND           0.000      0.000    999.000    999.000
    DVRT_IND           0.000      0.000    999.000    999.000
    P2                35.966      4.255      8.453      0.000
    P3                35.966      4.255      8.453      0.000
    P4                35.966      4.255      8.453      0.000
    V2                85.200      8.768      9.717      0.000
    V3                85.200      8.768      9.717      0.000
    V4                85.200      8.768      9.717      0.000


QUALITY OF NUMERICAL RESULTS

     Condition Number for the Information Matrix              0.135E-07
       (ratio of smallest to largest eigenvalue)


     Beginning Time:  13:20:50
        Ending Time:  13:21:06
       Elapsed Time:  00:00:16



MUTHEN & MUTHEN
3463 Stoner Ave.
Los Angeles, CA  90066

Tel: (310) 391-9971
Fax: (310) 391-8971
Web: www.StatModel.com
Support: Support@StatModel.com

Copyright (c) 1998-2017 Muthen & Muthen
