Mplus VERSION 6.12
MUTHEN & MUTHEN
03/09/2016   8:35 PM

INPUT INSTRUCTIONS


  title: PxVx Univariate - Nat Lin D_SCALE with Lin BFA_MT;
  data: file = E:\Projects\lnt_pxvx\Data\LT_227.txt;


  variable:
  names =
  subjid
  Sample
  aGENDER
  aAGE
  aethnic1
  aethnic2
  aedu_mom
  aedu_dad
  aEDUCATN
  bEDUCATN
  cEDUCATN
  aEMPLOYD
  bEMPLOYD
  cEMPLOYD
  dEMPLOYD
  aINCOME
  bINCOME
  cINCOME
  dINCOME
  aS_SCALE
  bS_SCALE
  cS_SCALE
  dS_SCALE
  aD_SCALE
  bD_SCALE
  cD_SCALE
  dD_SCALE
  aS_COMP
  bS_COMP
  cS_COMP
  dS_COMP
  aD_COMP
  bD_COMP
  cD_COMP
  dD_COMP
  aBFI_A
  aBFI_A6
  aBFI_C
  aBFI_E
  aBFI_HP
  aBFI_N
  aBFI_O
  bBFI_A
  bBFI_A6
  bBFI_C
  bBFI_E
  bBFI_HP
  bBFI_N
  bBFI_O
  cBFI_A
  cBFI_A6
  cBFI_C
  cBFI_E
  cBFI_HP
  cBFI_N
  cBFI_O
  dBFI_A
  dBFI_A6
  dBFI_C
  dBFI_E
  dBFI_HP
  dBFI_N
  dBFI_O
  aBFA_AC
  aBFA_AP
  aBFA_CI
  aBFA_CO
  aBFA_EA
  aBFA_EE
  aBFA_N9
  aBFA_NV
  aBFA_NW
  aBFA_OI
  aBFA_OO
  aBFA_PS
  aBFA_MT
  bBFA_AC
  bBFA_AP
  bBFA_CI
  bBFA_CO
  bBFA_EA
  bBFA_EE
  bBFA_N9
  bBFA_NV
  bBFA_NW
  bBFA_OI
  bBFA_OO
  bBFA_MT
  bBFA_PS
  cBFA_AC
  cBFA_AP
  cBFA_CI
  cBFA_CO
  cBFA_EA
  cBFA_EE
  cBFA_N9
  cBFA_NV
  cBFA_NW
  cBFA_OI
  cBFA_OO
  cBFA_MT
  cBFA_PS
  dBFA_AC
  dBFA_AP
  dBFA_CI
  dBFA_CO
  dBFA_EA
  dBFA_EE
  dBFA_N9
  dBFA_NV
  dBFA_NW
  dBFA_OI
  dBFA_OO
  dBFA_MT
  dBFA_PS
  aUSI
  bUSI
  cUSI
  dUSI
  aHRZ_IND
  bHRZ_IND
  cHRZ_IND
  dHRZ_IND
  aVRT_IND
  bVRT_IND
  cVRT_IND
  dVRT_IND
  aHRZ_COL
  bHRZ_COL
  cHRZ_COL
  dHRZ_COL
  aVRT_COL
  bVRT_COL
  cVRT_COL
  dVRT_COL
  aCOLLCTV
  bCOLLCTV
  cCOLLCTV
  dCOLLCTV
  aMVS
  bMVS
  cMVS
  dMVS
  aST
  bST
  cST
  dST
  aSD
  bSD
  cSD
  dSD
  aMVS_mc
  bMVS_mc
  cMVS_mc
  dMVS_mc
  aST_mc
  bST_mc
  cST_mc
  dST_mc
  aSD_mc
  bSD_mc
  cSD_mc
  dSD_mc
  bMEANING
  cMEANING
  dMEANING
  bMEAN_L
  cMEAN_L
  dMEAN_L
  bMEANNGc
  cMEANNGc
  dMEANNGc
  bMEANGlc
  cMEANGlc
  dMEANGlc
  bCLASSIC
  cCLASSIC
  dCLASSIC
  bCLASSCc
  cCLASSCc
  dCLASSCc
  bAGR_VAL
  cAGR_VAL
  dAGR_VAL
  bOPN_VAL
  cOPN_VAL
  dOPN_VAL
  bAGR_VLc
  cAGR_VLc
  dAGR_VLc
  bOPNVALc
  cOPNVALc
  dOPNVALc
  aMV_pomp
  bMV_pomp
  cMV_pomp
  dMV_pomp
  aST_pomp
  bST_pomp
  cST_pomp
  dST_pomp
  aSD_pomp
  bSD_pomp
  cSD_pomp
  dSD_pomp
  agoal_ec
  bgoal_ec
  cgoal_ec
  dgoal_ec
  aAspfinc
  bAspfinc
  cAspfinc
  dAspfinc
  abfi_hp8
  bbfi_hp8
  cbfi_hp8
  dbfi_hp8
  aP_S_BFI
  aP_D_BFI
  aECgoalc
  bECgoalC
  cECgoalC
  dECgoalC
  aaspfin
  baspfin
  caspfin
  daspfin;


  USEVARIABLES =
  aD_SCALE
  bD_SCALE
  cD_SCALE
  dD_SCALE
  aBFA_MT
  bBFA_MT
  cBFA_MT
  dBFA_MT
  bage_c
  cage_c
  dage_c
  ;

  missing = all (-9999);

  USEOBSERVATIONS are Sample == 1; ! National Sample

  tscores = bage_c cage_c dage_c;

  DEFINE:
  bage_c = aAGE + 1 - 36;
  cage_c = aAGE + 2 - 36;
  dage_c = aAGE + 3 - 36;

  ANALYSIS:
  TYPE=RANDOM;
  PROCESSORS = 8;

  MODEL:

  i_D_SCALE s_D_SCALE | bD_SCALE cD_SCALE dD_SCALE AT bage_c cage_c dage_c;
  i_BFA_MT s_BFA_MT | bBFA_MT cBFA_MT dBFA_MT AT bage_c cage_c dage_c;


  !After Bollen and Curran initial observation is not part of LGM

  dD_SCALE on cD_SCALE (a); ! Autoregressive paths constrained to equality
  cD_SCALE on bD_SCALE (a);
  bD_SCALE on aD_SCALE (a);

  dBFA_MT on cBFA_MT (b); ! Autoregressive paths constrained to equality
  cBFA_MT on bBFA_MT (b);
  bBFA_MT on aBFA_MT (b);

  bD_SCALE cD_SCALE dD_SCALE (c); !Equality constraint on residuals
  bBFA_MT cBFA_MT dBFA_MT (d); !Equality constraint on residuals

  dBFA_MT on cD_SCALE (x); ! Cross-lagged paths constrained to equality
  cBFA_MT on bD_SCALE (x);
  bBFA_MT on aD_SCALE (x);

  dD_SCALE on cBFA_MT (y); ! Cross-lagged paths constrained to equality
  cD_SCALE on bBFA_MT (y);
  bD_SCALE on aBFA_MT (y);

  dBFA_MT with dD_SCALE (w); ! within-wave correlations constrained to equality
  cBFA_MT with cD_SCALE (w);
  bBFA_MT with bD_SCALE (w);

  aD_SCALE aBFA_MT i_D_SCALE i_BFA_MT
  s_D_SCALE
  s_BFA_MT
  with
  s_D_SCALE
  s_BFA_MT
  aD_SCALE aBFA_MT i_D_SCALE i_BFA_MT;



  OUTPUT: SAMPSTAT PATTERNS;



*** WARNING
  Variable name contains more than 8 characters.
  Only the first 8 characters will be printed in the output.
  Variable: I_D_SCALE
*** WARNING
  Variable name contains more than 8 characters.
  Only the first 8 characters will be printed in the output.
  Variable: S_D_SCALE
*** WARNING
  Data set contains cases with missing on time scores but non-missing on the
  corresponding dependent variables.  These cases were not included in the analysis.
  Number of such cases:  5
   3 WARNING(S) FOUND IN THE INPUT INSTRUCTIONS



PxVx Univariate - Nat Lin D_SCALE with Lin BFA_MT;

SUMMARY OF ANALYSIS

Number of groups                                                 1
Number of observations                                         874

Number of dependent variables                                    6
Number of independent variables                                  2
Number of continuous latent variables                            4

Observed dependent variables

  Continuous
   BD_SCALE    CD_SCALE    DD_SCALE    BBFA_MT     CBFA_MT     DBFA_MT

Observed independent variables
   AD_SCALE    ABFA_MT

Continuous latent variables
   I_D_SCAL    S_D_SCAL    I_BFA_MT    S_BFA_MT

Variables with special functions

  Time scores
   BAGE_C      CAGE_C      DAGE_C


Estimator                                                      MLR
Information matrix                                        OBSERVED
Maximum number of iterations                                   100
Convergence criterion                                    0.100D-05
Maximum number of EM iterations                                500
Convergence criteria for the EM algorithm
  Loglikelihood change                                   0.100D-02
  Relative loglikelihood change                          0.100D-05
  Derivative                                             0.100D-03
Minimum variance                                         0.100D-03
Maximum number of steepest descent iterations                   20
Maximum number of iterations for H1                           2000
Convergence criterion for H1                             0.100D-03
Optimization algorithm                                         EMA

Input data file(s)
  E:\Projects\lnt_pxvx\Data\LT_227.txt
Input data format  FREE


SUMMARY OF DATA

     Number of missing data patterns            14


SUMMARY OF MISSING DATA PATTERNS


     MISSING DATA PATTERNS (x = not missing)

           1  2  3  4  5  6  7  8  9 10 11 12 13 14
 BD_SCALE  x     x  x        x     x  x     x
 CD_SCALE  x           x     x  x  x  x     x  x
 DD_SCALE  x     x     x  x        x  x  x  x  x  x
 BBFA_MT   x     x  x        x     x        x
 CBFA_MT   x           x     x  x  x  x     x  x
 DBFA_MT   x     x     x  x           x  x  x
 AD_SCALE  x  x  x  x  x  x  x  x  x  x     x  x  x
 ABFA_MT   x  x  x  x  x  x  x  x  x  x  x     x  x


     MISSING DATA PATTERN FREQUENCIES

    Pattern   Frequency     Pattern   Frequency     Pattern   Frequency
          1         498           6          24          11           1
          2         169           7          47          12           2
          3          27           8          22          13           2
          4          57           9           1          14           1
          5          21          10           2


COVARIANCE COVERAGE OF DATA

Minimum covariance coverage value   0.100


     PROPORTION OF DATA PRESENT


           Covariance Coverage
              BD_SCALE      CD_SCALE      DD_SCALE      BBFA_MT       CBFA_MT
              ________      ________      ________      ________      ________
 BD_SCALE       0.725
 CD_SCALE       0.629         0.681
 DD_SCALE       0.606         0.602         0.662
 BBFA_MT        0.723         0.627         0.604         0.723
 CBFA_MT        0.629         0.681         0.602         0.627         0.681
 DBFA_MT        0.605         0.598         0.658         0.603         0.598
 AD_SCALE       0.725         0.681         0.661         0.723         0.681
 ABFA_MT        0.723         0.678         0.660         0.721         0.678


           Covariance Coverage
              DBFA_MT       AD_SCALE      ABFA_MT
              ________      ________      ________
 DBFA_MT        0.658
 AD_SCALE       0.657         0.999
 ABFA_MT        0.656         0.997         0.998


SAMPLE STATISTICS


     ESTIMATED SAMPLE STATISTICS


           Means
              BD_SCALE      CD_SCALE      DD_SCALE      BBFA_MT       CBFA_MT
              ________      ________      ________      ________      ________
 1             63.387        62.533        62.698        48.291        47.835


           Means
              DBFA_MT       AD_SCALE      ABFA_MT
              ________      ________      ________
 1             47.610        63.824        48.594


           Covariances
              BD_SCALE      CD_SCALE      DD_SCALE      BBFA_MT       CBFA_MT
              ________      ________      ________      ________      ________
 BD_SCALE     292.478
 CD_SCALE     250.121       295.739
 DD_SCALE     247.591       258.966       311.987
 BBFA_MT      -23.457       -19.430       -20.019       233.084
 CBFA_MT      -21.648       -22.057       -21.340       192.536       239.397
 DBFA_MT      -15.961       -12.630       -17.643       189.083       202.219
 AD_SCALE     244.296       240.716       242.216       -28.135       -30.682
 ABFA_MT      -19.621       -14.085       -13.645       185.927       183.359


           Covariances
              DBFA_MT       AD_SCALE      ABFA_MT
              ________      ________      ________
 DBFA_MT      251.527
 AD_SCALE     -21.662       294.614
 ABFA_MT      180.310       -29.851       237.280


           Correlations
              BD_SCALE      CD_SCALE      DD_SCALE      BBFA_MT       CBFA_MT
              ________      ________      ________      ________      ________
 BD_SCALE       1.000
 CD_SCALE       0.850         1.000
 DD_SCALE       0.820         0.853         1.000
 BBFA_MT       -0.090        -0.074        -0.074         1.000
 CBFA_MT       -0.082        -0.083        -0.078         0.815         1.000
 DBFA_MT       -0.059        -0.046        -0.063         0.781         0.824
 AD_SCALE       0.832         0.815         0.799        -0.107        -0.116
 ABFA_MT       -0.074        -0.053        -0.050         0.791         0.769


           Correlations
              DBFA_MT       AD_SCALE      ABFA_MT
              ________      ________      ________
 DBFA_MT        1.000
 AD_SCALE      -0.080         1.000
 ABFA_MT        0.738        -0.113         1.000


     MAXIMUM LOG-LIKELIHOOD VALUE FOR THE UNRESTRICTED (H1) MODEL IS -20316.550


THE MODEL ESTIMATION TERMINATED NORMALLY



MODEL FIT INFORMATION

Number of Free Parameters                       34

Loglikelihood

          H0 Value                      -20300.000
          H0 Scaling Correction Factor       1.161
            for MLR

Information Criteria

          Akaike (AIC)                   40668.000
          Bayesian (BIC)                 40830.285
          Sample-Size Adjusted BIC       40722.309
            (n* = (n + 2) / 24)



MODEL RESULTS

                                                    Two-Tailed
                    Estimate       S.E.  Est./S.E.    P-Value

 DD_SCALE   ON
    CD_SCALE           0.194      0.056      3.449      0.001
    CBFA_MT           -0.019      0.045     -0.414      0.679

 CD_SCALE   ON
    BD_SCALE           0.194      0.056      3.449      0.001
    BBFA_MT           -0.019      0.045     -0.414      0.679

 BD_SCALE   ON
    AD_SCALE           0.194      0.056      3.449      0.001
    ABFA_MT           -0.019      0.045     -0.414      0.679

 DBFA_MT    ON
    CBFA_MT            0.198      0.062      3.178      0.001
    CD_SCALE           0.019      0.047      0.405      0.685

 CBFA_MT    ON
    BBFA_MT            0.198      0.062      3.178      0.001
    BD_SCALE           0.019      0.047      0.405      0.685

 BBFA_MT    ON
    ABFA_MT            0.198      0.062      3.178      0.001
    AD_SCALE           0.019      0.047      0.405      0.685

 S_D_SCAL WITH
    I_D_SCALE          0.148      0.344      0.428      0.668

 I_BFA_MT WITH
    I_D_SCALE        -12.986     15.392     -0.844      0.399
    S_D_SCALE         -0.154      1.712     -0.090      0.928

 S_BFA_MT WITH
    I_D_SCALE          1.138      1.712      0.665      0.506
    S_D_SCALE          0.002      0.021      0.095      0.925
    I_BFA_MT          -0.462      0.329     -1.404      0.160

 AD_SCALE WITH
    I_D_SCALE        187.923     18.006     10.437      0.000
    S_D_SCALE          0.922      0.517      1.785      0.074
    I_BFA_MT         -28.324     15.023     -1.885      0.059
    S_BFA_MT           0.970      0.501      1.936      0.053

 ABFA_MT  WITH
    I_D_SCALE         -6.577     12.506     -0.526      0.599
    S_D_SCALE          0.238      0.461      0.515      0.606
    I_BFA_MT         140.963     15.982      8.820      0.000
    S_BFA_MT           0.708      0.475      1.490      0.136

 DBFA_MT  WITH
    DD_SCALE          -2.769      2.322     -1.193      0.233

 CBFA_MT  WITH
    CD_SCALE          -2.769      2.322     -1.193      0.233

 BBFA_MT  WITH
    BD_SCALE          -2.769      2.322     -1.193      0.233

 ABFA_MT  WITH
    AD_SCALE         -29.875      8.754     -3.413      0.001

 Means
    AD_SCALE          63.823      0.580    109.989      0.000
    ABFA_MT           48.592      0.522     93.073      0.000
    I_D_SCALE         51.437      3.855     13.344      0.000
    S_D_SCALE          0.068      0.030      2.287      0.022
    I_BFA_MT          37.214      3.497     10.642      0.000
    S_BFA_MT          -0.021      0.029     -0.736      0.462

 Intercepts
    BD_SCALE           0.000      0.000    999.000    999.000
    CD_SCALE           0.000      0.000    999.000    999.000
    DD_SCALE           0.000      0.000    999.000    999.000
    BBFA_MT            0.000      0.000    999.000    999.000
    CBFA_MT            0.000      0.000    999.000    999.000
    DBFA_MT            0.000      0.000    999.000    999.000

 Variances
    AD_SCALE         294.614     13.132     22.434      0.000
    ABFA_MT          237.316     11.312     20.980      0.000
    I_D_SCALE        147.945     25.350      5.836      0.000
    S_D_SCALE          0.073      0.032      2.283      0.022
    I_BFA_MT         115.268     23.535      4.898      0.000
    S_BFA_MT           0.059      0.037      1.614      0.106

 Residual Variances
    BD_SCALE          53.828      3.416     15.759      0.000
    CD_SCALE          53.828      3.416     15.759      0.000
    DD_SCALE          53.828      3.416     15.759      0.000
    BBFA_MT           52.489      4.433     11.840      0.000
    CBFA_MT           52.489      4.433     11.840      0.000
    DBFA_MT           52.489      4.433     11.840      0.000


QUALITY OF NUMERICAL RESULTS

     Condition Number for the Information Matrix              0.646E-06
       (ratio of smallest to largest eigenvalue)


     Beginning Time:  20:35:38
        Ending Time:  20:35:40
       Elapsed Time:  00:00:02



MUTHEN & MUTHEN
3463 Stoner Ave.
Los Angeles, CA  90066

Tel: (310) 391-9971
Fax: (310) 391-8971
Web: www.StatModel.com
Support: Support@StatModel.com

Copyright (c) 1998-2011 Muthen & Muthen
