Mplus VERSION 8 (Linux)
MUTHEN & MUTHEN
01/18/2019   2:26 PM

INPUT INSTRUCTIONS


  title: PxVx Bivariate LCM-SR - decadegroup - Linear bfas_oo with Linear aspfinc_d;

  data: file = /home/jflournoy/code_new/lnt_pxvx/Data/lnt_nat_recalc.tsv;

  variable:
  names =
  subjid
  aage
  aaspfin
  aaspfinc
  aaspfinc_d
  aaspfin_d
  abfa_mt
  abfa_mt_d
  abfas_ac
  abfas_ap
  abfas_ci
  abfas_co
  abfas_ea
  abfas_ee
  abfas_nv
  abfas_nv9
  abfas_nw
  abfas_oi
  abfas_oo
  abfi_a
  abfi_a6
  abfi_c
  abfi_d_scale
  abfi_e
  abfi_hp8
  abfi_n
  abfi_o
  abfi_s_scale
  ahrz_col
  ahrz_col_d
  ahrz_ind
  ahrz_ind_d
  amvi
  ausi
  ausi_d
  avrt_col
  avrt_col_d
  avrt_ind
  avrt_ind_d
  bage
  baspfin
  baspfinc
  baspfinc_d
  baspfin_d
  bbfa_mt
  bbfa_mt_d
  bbfas_ac
  bbfas_ap
  bbfas_ci
  bbfas_co
  bbfas_ea
  bbfas_ee
  bbfas_nv
  bbfas_nv9
  bbfas_nw
  bbfas_oi
  bbfas_oo
  bbfi_a
  bbfi_a6
  bbfi_c
  bbfi_d_scale
  bbfi_e
  bbfi_hp8
  bbfi_n
  bbfi_o
  bbfi_s_scale
  bhrz_col
  bhrz_col_d
  bhrz_ind
  bhrz_ind_d
  bmvi
  busi
  busi_d
  bvrt_col
  bvrt_col_d
  bvrt_ind
  bvrt_ind_d
  cage
  caspfin
  caspfinc
  caspfinc_d
  caspfin_d
  cbfa_mt
  cbfa_mt_d
  cbfas_ac
  cbfas_ap
  cbfas_ci
  cbfas_co
  cbfas_ea
  cbfas_ee
  cbfas_nv
  cbfas_nv9
  cbfas_nw
  cbfas_oi
  cbfas_oo
  cbfi_a
  cbfi_a6
  cbfi_c
  cbfi_d_scale
  cbfi_e
  cbfi_hp8
  cbfi_n
  cbfi_o
  cbfi_s_scale
  chrz_col
  chrz_col_d
  chrz_ind
  chrz_ind_d
  cmvi
  cusi
  cusi_d
  cvrt_col
  cvrt_col_d
  cvrt_ind
  cvrt_ind_d
  dage
  daspfin
  daspfinc
  daspfinc_d
  daspfin_d
  dbfa_mt
  dbfa_mt_d
  dbfas_ac
  dbfas_ap
  dbfas_ci
  dbfas_co
  dbfas_ea
  dbfas_ee
  dbfas_nv
  dbfas_nv9
  dbfas_nw
  dbfas_oi
  dbfas_oo
  dbfi_a
  dbfi_a6
  dbfi_c
  dbfi_d_scale
  dbfi_e
  dbfi_hp8
  dbfi_n
  dbfi_o
  dbfi_s_scale
  dhrz_col
  dhrz_col_d
  dhrz_ind
  dhrz_ind_d
  dmvi
  dusi
  dusi_d
  dvrt_col
  dvrt_col_d
  dvrt_ind
  dvrt_ind_d
  ;

  USEVARIABLES =
  abfas_oo
  bbfas_oo
  cbfas_oo
  dbfas_oo
  aaspfinc_d
  baspfinc_d
  caspfinc_d
  daspfinc_d
  a1
  a2
  a3
  a4
  aagegrp
  ;

  missing = all (-9999);

  tscores = a1 a2 a3 a4;

  grouping = aagegrp (0=d2, 1=d3, 2=d4, 3=d5);

  DEFINE:

  aagegrp = aage;

  cut aagegrp (29 39 49);

  a1 = aage + 0 - 36;
  a2 = aage + 1 - 36;
  a3 = aage + 2 - 36;
  a4 = aage + 3 - 36;

  ANALYSIS:
  TYPE=RANDOM;
  PROCESSORS = 6;
  model=nocovariances; ! supresses default estimation of certain covs in model;

  MODEL:

  i_bfas_oo s_bfas_oo | abfas_oo bbfas_oo cbfas_oo dbfas_oo AT a1 a2 a3 a4;
  i_aspfinc_d s_aspfinc_d | aaspfinc_d baspfinc_d caspfinc_d daspfinc_d AT a1 a2 a3 a4;

  ! freeing factor covs because of "nocovariances"
  ! But ensure they are constrained across groups
  s_bfas_oo WITH i_bfas_oo (p)
  s_aspfinc_d (q)
  i_aspfinc_d (r);
  i_bfas_oo WITH s_aspfinc_d (s)
  i_aspfinc_d (t);
  s_aspfinc_d WITH i_aspfinc_d (u);

  !constrain latent growth means across groups
  [i_bfas_oo] (v);
  [s_bfas_oo] (w);
  [i_aspfinc_d] (x);
  [s_aspfinc_d] (y);

  !constrain latent growth variances across groups
  i_bfas_oo (l);
  s_bfas_oo (m);
  i_aspfinc_d (n);
  s_aspfinc_d (o);

  p1 BY abfas_oo@1; ! Residual "factors";
  p2 BY bbfas_oo@1;
  p3 BY cbfas_oo@1;
  p4 BY dbfas_oo@1;

  v1 BY aaspfinc_d@1; ! Residual "factors";
  v2 BY baspfinc_d@1;
  v3 BY caspfinc_d@1;
  v4 BY daspfinc_d@1;

  !residual variances on observed/manifest vars set to 0
  abfas_oo@0;
  bbfas_oo@0;
  cbfas_oo@0;
  dbfas_oo@0;

  !residual variances on observed/manifest vars set to 0
  aaspfinc_d@0;
  baspfinc_d@0;
  caspfinc_d@0;
  daspfinc_d@0;

  ! means of observed/manifest vars set to 0
  [abfas_oo@0];
  [bbfas_oo@0];
  [cbfas_oo@0];
  [dbfas_oo@0];

  ! means of observed/manifest vars set to 0
  [aaspfinc_d@0];
  [baspfinc_d@0];
  [caspfinc_d@0];
  [daspfinc_d@0];

  [p1@0]; ! means of residual "factors" set to 0
  [p2@0];
  [p3@0];
  [p4@0];

  [v1@0]; ! means of residual "factors" set to 0
  [v2@0];
  [v3@0];
  [v4@0];

  p4 on p3 (a); ! Autoregressive paths constrained to equality
  p3 on p2 (a);
  p2 on p1 (a);

  v4 on v3 (b); ! Autoregressive paths constrained to equality
  v3 on v2 (b);
  v2 on v1 (b);

  p4 on v3 (c); ! Cross-lagged paths constrained to equality
  p3 on v2 (c);
  p2 on v1 (c);

  v4 on p3 (d); ! Cross-lagged paths constrained to equality
  v3 on p2 (d);
  v2 on p1 (d);

  p1 with v1; !(this one is not like the others)

  p2 with v2 (e); ! Within-wave correlations constrained to equality
  p3 with v3 (e);
  p4 with v4 (e);

  p2 p3 p4 (f); ! estimate variances of residual "factors"
  v2 v3 v4 (g); ! estimate variances of residual "factors"

  MODEL d2:

  p4 on p3 (a2); ! Autoregressive paths constrained to equality
  p3 on p2 (a2);
  p2 on p1 (a2);

  v4 on v3 (b2); ! Autoregressive paths constrained to equality
  v3 on v2 (b2);
  v2 on v1 (b2);

  p4 on v3 (c2); ! Cross-lagged paths constrained to equality
  p3 on v2 (c2);
  p2 on v1 (c2);

  v4 on p3 (d2); ! Cross-lagged paths constrained to equality
  v3 on p2 (d2);
  v2 on p1 (d2);

  p1 with v1; !(this one is not like the others)

  p2 with v2 (e2); ! Within-wave correlations constrained to equality
  p3 with v3 (e2);
  p4 with v4 (e2);

  p2 p3 p4 (f2); ! estimate variances of residual "factors"
  v2 v3 v4 (g2); ! estimate variances of residual "factors"

  MODEL d3:

  p4 on p3 (a3); ! Autoregressive paths constrained to equality
  p3 on p2 (a3);
  p2 on p1 (a3);

  v4 on v3 (b3); ! Autoregressive paths constrained to equality
  v3 on v2 (b3);
  v2 on v1 (b3);

  p4 on v3 (c3); ! Cross-lagged paths constrained to equality
  p3 on v2 (c3);
  p2 on v1 (c3);

  v4 on p3 (d3); ! Cross-lagged paths constrained to equality
  v3 on p2 (d3);
  v2 on p1 (d3);

  p1 with v1; !(this one is not like the others)

  p2 with v2 (e3); ! Within-wave correlations constrained to equality
  p3 with v3 (e3);
  p4 with v4 (e3);

  p2 p3 p4 (f3); ! estimate variances of residual "factors"
  v2 v3 v4 (g3); ! estimate variances of residual "factors"

  MODEL d4:

  p4 on p3 (a4); ! Autoregressive paths constrained to equality
  p3 on p2 (a4);
  p2 on p1 (a4);

  v4 on v3 (b4); ! Autoregressive paths constrained to equality
  v3 on v2 (b4);
  v2 on v1 (b4);

  p4 on v3 (c4); ! Cross-lagged paths constrained to equality
  p3 on v2 (c4);
  p2 on v1 (c4);

  v4 on p3 (d4); ! Cross-lagged paths constrained to equality
  v3 on p2 (d4);
  v2 on p1 (d4);

  p1 with v1; !(this one is not like the others)

  p2 with v2 (e4); ! Within-wave correlations constrained to equality
  p3 with v3 (e4);
  p4 with v4 (e4);

  p2 p3 p4 (f4); ! estimate variances of residual "factors"
  v2 v3 v4 (g4); ! estimate variances of residual "factors"

  MODEL d5:

  p4 on p3 (a5); ! Autoregressive paths constrained to equality
  p3 on p2 (a5);
  p2 on p1 (a5);

  v4 on v3 (b5); ! Autoregressive paths constrained to equality
  v3 on v2 (b5);
  v2 on v1 (b5);

  p4 on v3 (c5); ! Cross-lagged paths constrained to equality
  p3 on v2 (c5);
  p2 on v1 (c5);

  v4 on p3 (d5); ! Cross-lagged paths constrained to equality
  v3 on p2 (d5);
  v2 on p1 (d5);

  p1 with v1; !(this one is not like the others)

  p2 with v2 (e5); ! Within-wave correlations constrained to equality
  p3 with v3 (e5);
  p4 with v4 (e5);

  p2 p3 p4 (f5); ! estimate variances of residual "factors"
  v2 v3 v4 (g5); ! estimate variances of residual "factors"

  OUTPUT: SAMPSTAT PATTERNS;



*** WARNING in VARIABLE command
  Note that only the first 8 characters of variable names are used in the output.
  Shorten variable names to avoid any confusion.
*** WARNING
  Data set contains unknown or missing values for GROUPING,
  PATTERN, COHORT, CLUSTER and/or STRATIFICATION variables.
  Number of cases with unknown or missing values:  5
   2 WARNING(S) FOUND IN THE INPUT INSTRUCTIONS



PxVx Bivariate LCM-SR - decadegroup - Linear bfas_oo with Linear aspfinc_d;

SUMMARY OF ANALYSIS

Number of groups                                                 4
Number of observations
   Group D2                                                    301
   Group D3                                                    233
   Group D4                                                    198
   Group D5                                                    132
   Total sample size                                           864

Number of dependent variables                                    8
Number of independent variables                                  0
Number of continuous latent variables                           12

Observed dependent variables

  Continuous
   ABFAS_OO    BBFAS_OO    CBFAS_OO    DBFAS_OO    AASPFINC_D  BASPFINC_D
   CASPFINC_D  DASPFINC_D

Continuous latent variables
   P1          P2          P3          P4          V1          V2
   V3          V4          I_BFAS_O    S_BFAS_O    I_ASPFIN    S_ASPFIN

Variables with special functions

  Grouping variable     AAGEGRP

  Time scores
   A1          A2          A3          A4


Estimator                                                      MLR
Information matrix                                        OBSERVED
Maximum number of iterations                                   100
Convergence criterion                                    0.100D-05
Maximum number of EM iterations                                500
Convergence criteria for the EM algorithm
  Loglikelihood change                                   0.100D-02
  Relative loglikelihood change                          0.100D-05
  Derivative                                             0.100D-03
Minimum variance                                         0.100D-03
Maximum number of steepest descent iterations                   20
Maximum number of iterations for H1                           2000
Convergence criterion for H1                             0.100D-03
Optimization algorithm                                         EMA

Input data file(s)
  /home/jflournoy/code_new/lnt_pxvx/Data/lnt_nat_recalc.tsv
Input data format  FREE


SUMMARY OF DATA

   Group D2
     Number of missing data patterns            12

   Group D3
     Number of missing data patterns            10

   Group D4
     Number of missing data patterns            14

   Group D5
     Number of missing data patterns             9


SUMMARY OF MISSING DATA PATTERNS


     MISSING DATA PATTERNS (x = not missing) FOR D2

           1  2  3  4  5  6  7  8  9 10 11 12
 ABFAS_OO  x  x  x  x  x  x  x  x  x  x  x  x
 BBFAS_OO  x     x  x  x     x        x     x
 CBFAS_OO  x           x        x  x  x  x  x
 DBFAS_OO  x     x        x        x     x  x
 AASPFINC  x  x  x  x  x  x     x  x  x  x  x
 BASPFINC  x     x  x  x     x        x  x
 CASPFINC  x           x        x  x  x  x  x
 DASPFINC  x     x        x        x  x  x  x


     MISSING DATA PATTERN FREQUENCIES FOR D2

    Pattern   Frequency     Pattern   Frequency     Pattern   Frequency
          1         188           5          14           9           5
          2          57           6          11          10           1
          3           6           7           1          11           1
          4          11           8           5          12           1


     MISSING DATA PATTERNS (x = not missing) FOR D3

           1  2  3  4  5  6  7  8  9 10
 ABFAS_OO  x  x  x  x  x  x  x  x  x  x
 BBFAS_OO  x     x  x  x           x
 CBFAS_OO  x           x     x  x
 DBFAS_OO  x     x        x     x     x
 AASPFINC  x  x  x  x  x  x  x  x  x  x
 BASPFINC  x     x  x  x
 CASPFINC  x           x     x  x
 DASPFINC  x     x        x     x


     MISSING DATA PATTERN FREQUENCIES FOR D3

    Pattern   Frequency     Pattern   Frequency     Pattern   Frequency
          1         140           5           7           9           1
          2          44           6           3          10           1
          3           8           7           7
          4          15           8           7


     MISSING DATA PATTERNS (x = not missing) FOR D4

           1  2  3  4  5  6  7  8  9 10 11 12 13 14
 ABFAS_OO  x  x  x  x  x  x  x  x  x  x  x  x  x  x
 BBFAS_OO  x     x  x  x              x  x  x     x
 CBFAS_OO  x           x     x  x  x  x     x
 DBFAS_OO  x     x        x     x  x  x     x     x
 AASPFINC  x  x  x  x  x  x  x  x  x  x  x  x     x
 BASPFINC  x     x  x  x           x        x
 CASPFINC  x           x     x  x  x  x
 DASPFINC  x     x        x     x  x  x     x     x


     MISSING DATA PATTERN FREQUENCIES FOR D4

    Pattern   Frequency     Pattern   Frequency     Pattern   Frequency
          1         103           6           4          11           2
          2          39           7           6          12           1
          3           7           8           5          13           1
          4          12           9           1          14           1
          5          15          10           1


     MISSING DATA PATTERNS (x = not missing) FOR D5

           1  2  3  4  5  6  7  8  9
 ABFAS_OO  x  x  x  x  x  x  x  x
 BBFAS_OO  x     x  x  x           x
 CBFAS_OO  x           x     x  x  x
 DBFAS_OO  x     x        x     x  x
 AASPFINC  x  x  x  x  x  x  x  x  x
 BASPFINC  x     x  x  x           x
 CASPFINC  x           x     x  x  x
 DASPFINC  x     x        x     x  x


     MISSING DATA PATTERN FREQUENCIES FOR D5

    Pattern   Frequency     Pattern   Frequency     Pattern   Frequency
          1          60           4          10           7           6
          2          29           5          11           8           4
          3           5           6           6           9           1


COVARIANCE COVERAGE OF DATA

Minimum covariance coverage value   0.100


     PROPORTION OF DATA PRESENT FOR D2


           Covariance Coverage
              ABFAS_OO      BBFAS_OO      CBFAS_OO      DBFAS_OO      AASPFINC
              ________      ________      ________      ________      ________
 ABFAS_OO       1.000
 BBFAS_OO       0.738         0.738
 CBFAS_OO       0.714         0.678         0.714
 DBFAS_OO       0.704         0.648         0.648         0.704
 AASPFINC       0.997         0.734         0.714         0.704         0.997
 BASPFINC       0.738         0.734         0.678         0.648         0.734
 CASPFINC       0.714         0.678         0.714         0.648         0.714
 DASPFINC       0.708         0.651         0.651         0.704         0.708


           Covariance Coverage
              BASPFINC      CASPFINC      DASPFINC
              ________      ________      ________
 BASPFINC       0.738
 CASPFINC       0.678         0.714
 DASPFINC       0.651         0.651         0.708


     PROPORTION OF DATA PRESENT FOR D3


           Covariance Coverage
              ABFAS_OO      BBFAS_OO      CBFAS_OO      DBFAS_OO      AASPFINC
              ________      ________      ________      ________      ________
 ABFAS_OO       1.000
 BBFAS_OO       0.764         0.764
 CBFAS_OO       0.670         0.635         0.670
 DBFAS_OO       0.652         0.635         0.605         0.652
 AASPFINC       0.970         0.734         0.670         0.652         0.970
 BASPFINC       0.764         0.764         0.635         0.635         0.734
 CASPFINC       0.670         0.635         0.670         0.605         0.670
 DASPFINC       0.657         0.639         0.609         0.652         0.657


           Covariance Coverage
              BASPFINC      CASPFINC      DASPFINC
              ________      ________      ________
 BASPFINC       0.764
 CASPFINC       0.635         0.670
 DASPFINC       0.639         0.609         0.657


     PROPORTION OF DATA PRESENT FOR D4


           Covariance Coverage
              ABFAS_OO      BBFAS_OO      CBFAS_OO      DBFAS_OO      AASPFINC
              ________      ________      ________      ________      ________
 ABFAS_OO       1.000
 BBFAS_OO       0.737         0.737
 CBFAS_OO       0.646         0.606         0.646
 DBFAS_OO       0.601         0.561         0.540         0.601
 AASPFINC       0.970         0.707         0.646         0.601         0.970
 BASPFINC       0.737         0.727         0.611         0.566         0.707
 CASPFINC       0.646         0.606         0.646         0.540         0.646
 DASPFINC       0.601         0.566         0.545         0.596         0.601


           Covariance Coverage
              BASPFINC      CASPFINC      DASPFINC
              ________      ________      ________
 BASPFINC       0.737
 CASPFINC       0.611         0.646
 DASPFINC       0.571         0.545         0.601


     PROPORTION OF DATA PRESENT FOR D5


           Covariance Coverage
              ABFAS_OO      BBFAS_OO      CBFAS_OO      DBFAS_OO      AASPFINC
              ________      ________      ________      ________      ________
 ABFAS_OO       1.000
 BBFAS_OO       0.697         0.697
 CBFAS_OO       0.576         0.538         0.576
 DBFAS_OO       0.545         0.492         0.462         0.545
 AASPFINC       0.955         0.652         0.576         0.545         0.955
 BASPFINC       0.697         0.697         0.538         0.492         0.652
 CASPFINC       0.576         0.538         0.576         0.462         0.576
 DASPFINC       0.545         0.492         0.462         0.545         0.545


           Covariance Coverage
              BASPFINC      CASPFINC      DASPFINC
              ________      ________      ________
 BASPFINC       0.697
 CASPFINC       0.538         0.576
 DASPFINC       0.492         0.462         0.545


SAMPLE STATISTICS


     ESTIMATED SAMPLE STATISTICS FOR D2


           Means
              ABFAS_OO      BBFAS_OO      CBFAS_OO      DBFAS_OO      AASPFINC
              ________      ________      ________      ________      ________
               74.825        73.785        74.174        73.194        37.910


           Means
              BASPFINC      CASPFINC      DASPFINC
              ________      ________      ________
               39.742        39.153        40.511


           Covariances
              ABFAS_OO      BBFAS_OO      CBFAS_OO      DBFAS_OO      AASPFINC
              ________      ________      ________      ________      ________
 ABFAS_OO     250.201
 BBFAS_OO     199.218       256.734
 CBFAS_OO     201.439       215.416       278.173
 DBFAS_OO     193.667       196.409       226.110       261.445
 AASPFINC     -80.173       -88.725       -77.274       -59.109       247.576
 BASPFINC     -56.926       -87.354       -70.838       -68.398       188.594
 CASPFINC     -58.126       -79.507       -85.506       -67.773       185.988
 DASPFINC     -53.201       -71.474       -85.295       -72.047       165.814


           Covariances
              BASPFINC      CASPFINC      DASPFINC
              ________      ________      ________
 BASPFINC     263.210
 CASPFINC     198.454       267.697
 DASPFINC     188.488       202.164       262.002


           Correlations
              ABFAS_OO      BBFAS_OO      CBFAS_OO      DBFAS_OO      AASPFINC
              ________      ________      ________      ________      ________
 ABFAS_OO       1.000
 BBFAS_OO       0.786         1.000
 CBFAS_OO       0.764         0.806         1.000
 DBFAS_OO       0.757         0.758         0.838         1.000
 AASPFINC      -0.322        -0.352        -0.294        -0.232         1.000
 BASPFINC      -0.222        -0.336        -0.262        -0.261         0.739
 CASPFINC      -0.225        -0.303        -0.313        -0.256         0.722
 DASPFINC      -0.208        -0.276        -0.316        -0.275         0.651


           Correlations
              BASPFINC      CASPFINC      DASPFINC
              ________      ________      ________
 BASPFINC       1.000
 CASPFINC       0.748         1.000
 DASPFINC       0.718         0.763         1.000


     ESTIMATED SAMPLE STATISTICS FOR D3


           Means
              ABFAS_OO      BBFAS_OO      CBFAS_OO      DBFAS_OO      AASPFINC
              ________      ________      ________      ________      ________
               71.955        72.306        70.479        71.384        36.416


           Means
              BASPFINC      CASPFINC      DASPFINC
              ________      ________      ________
               37.837        37.354        38.098


           Covariances
              ABFAS_OO      BBFAS_OO      CBFAS_OO      DBFAS_OO      AASPFINC
              ________      ________      ________      ________      ________
 ABFAS_OO     252.689
 BBFAS_OO     213.476       267.705
 CBFAS_OO     215.927       217.877       270.351
 DBFAS_OO     215.445       216.921       226.634       280.701
 AASPFINC     -72.693       -71.415       -76.564       -64.083       217.253
 BASPFINC     -73.066       -75.038       -79.332       -75.872       164.475
 CASPFINC     -83.665       -74.787       -81.715       -74.352       179.002
 DASPFINC     -66.836       -69.592       -64.738       -79.432       164.359


           Covariances
              BASPFINC      CASPFINC      DASPFINC
              ________      ________      ________
 BASPFINC     216.175
 CASPFINC     167.702       234.343
 DASPFINC     168.051       183.521       234.864


           Correlations
              ABFAS_OO      BBFAS_OO      CBFAS_OO      DBFAS_OO      AASPFINC
              ________      ________      ________      ________      ________
 ABFAS_OO       1.000
 BBFAS_OO       0.821         1.000
 CBFAS_OO       0.826         0.810         1.000
 DBFAS_OO       0.809         0.791         0.823         1.000
 AASPFINC      -0.310        -0.296        -0.316        -0.259         1.000
 BASPFINC      -0.313        -0.312        -0.328        -0.308         0.759
 CASPFINC      -0.344        -0.299        -0.325        -0.290         0.793
 DASPFINC      -0.274        -0.278        -0.257        -0.309         0.728


           Correlations
              BASPFINC      CASPFINC      DASPFINC
              ________      ________      ________
 BASPFINC       1.000
 CASPFINC       0.745         1.000
 DASPFINC       0.746         0.782         1.000


     ESTIMATED SAMPLE STATISTICS FOR D4


           Means
              ABFAS_OO      BBFAS_OO      CBFAS_OO      DBFAS_OO      AASPFINC
              ________      ________      ________      ________      ________
               71.167        72.310        71.828        71.663        34.469


           Means
              BASPFINC      CASPFINC      DASPFINC
              ________      ________      ________
               35.771        36.601        38.431


           Covariances
              ABFAS_OO      BBFAS_OO      CBFAS_OO      DBFAS_OO      AASPFINC
              ________      ________      ________      ________      ________
 ABFAS_OO     240.478
 BBFAS_OO     218.698       266.929
 CBFAS_OO     201.110       224.128       244.242
 DBFAS_OO     193.672       216.610       205.082       224.776
 AASPFINC     -29.842       -23.864       -19.254       -15.347       195.988
 BASPFINC     -35.738       -22.915       -33.898       -28.466       133.672
 CASPFINC     -20.091       -13.580       -24.272       -18.424       121.535
 DASPFINC     -28.686       -30.283       -22.464       -29.613       139.089


           Covariances
              BASPFINC      CASPFINC      DASPFINC
              ________      ________      ________
 BASPFINC     180.965
 CASPFINC     117.689       145.061
 DASPFINC     120.099       116.001       174.608


           Correlations
              ABFAS_OO      BBFAS_OO      CBFAS_OO      DBFAS_OO      AASPFINC
              ________      ________      ________      ________      ________
 ABFAS_OO       1.000
 BBFAS_OO       0.863         1.000
 CBFAS_OO       0.830         0.878         1.000
 DBFAS_OO       0.833         0.884         0.875         1.000
 AASPFINC      -0.137        -0.104        -0.088        -0.073         1.000
 BASPFINC      -0.171        -0.104        -0.161        -0.141         0.710
 CASPFINC      -0.108        -0.069        -0.129        -0.102         0.721
 DASPFINC      -0.140        -0.140        -0.109        -0.149         0.752


           Correlations
              BASPFINC      CASPFINC      DASPFINC
              ________      ________      ________
 BASPFINC       1.000
 CASPFINC       0.726         1.000
 DASPFINC       0.676         0.729         1.000


     ESTIMATED SAMPLE STATISTICS FOR D5


           Means
              ABFAS_OO      BBFAS_OO      CBFAS_OO      DBFAS_OO      AASPFINC
              ________      ________      ________      ________      ________
               74.697        74.340        73.435        72.591        33.398


           Means
              BASPFINC      CASPFINC      DASPFINC
              ________      ________      ________
               34.308        34.593        35.835


           Covariances
              ABFAS_OO      BBFAS_OO      CBFAS_OO      DBFAS_OO      AASPFINC
              ________      ________      ________      ________      ________
 ABFAS_OO     244.937
 BBFAS_OO     173.789       213.958
 CBFAS_OO     185.852       196.730       260.456
 DBFAS_OO     199.031       203.291       222.284       269.634
 AASPFINC     -56.463       -51.791       -79.428       -63.510       217.613
 BASPFINC     -26.547       -45.358       -63.076       -70.912       146.689
 CASPFINC     -41.121       -63.391       -74.494       -70.103       158.434
 DASPFINC     -36.852       -35.685       -53.462       -48.226       134.688


           Covariances
              BASPFINC      CASPFINC      DASPFINC
              ________      ________      ________
 BASPFINC     174.640
 CASPFINC     141.706       213.039
 DASPFINC     115.250       144.041       180.648


           Correlations
              ABFAS_OO      BBFAS_OO      CBFAS_OO      DBFAS_OO      AASPFINC
              ________      ________      ________      ________      ________
 ABFAS_OO       1.000
 BBFAS_OO       0.759         1.000
 CBFAS_OO       0.736         0.833         1.000
 DBFAS_OO       0.774         0.846         0.839         1.000
 AASPFINC      -0.245        -0.240        -0.334        -0.262         1.000
 BASPFINC      -0.128        -0.235        -0.296        -0.327         0.752
 CASPFINC      -0.180        -0.297        -0.316        -0.292         0.736
 DASPFINC      -0.175        -0.182        -0.246        -0.219         0.679


           Correlations
              BASPFINC      CASPFINC      DASPFINC
              ________      ________      ________
 BASPFINC       1.000
 CASPFINC       0.735         1.000
 DASPFINC       0.649         0.734         1.000


     MAXIMUM LOG-LIKELIHOOD VALUE FOR THE UNRESTRICTED (H1) MODEL IS -19902.313


UNIVARIATE SAMPLE STATISTICS


     UNIVARIATE HIGHER-ORDER MOMENT DESCRIPTIVE STATISTICS FOR D2

         Variable/         Mean/     Skewness/   Minimum/ % with                Percentiles
        Sample Size      Variance    Kurtosis    Maximum  Min/Max      20%/60%    40%/80%    Median

     ABFAS_OO             74.825      -0.642      20.000    0.33%      62.500     72.500     77.500
             301.000     250.201      -0.012     100.000    1.99%      80.000     90.000
     BBFAS_OO             73.328      -0.645      27.500    0.90%      60.000     70.000     75.000
             222.000     260.277       0.016     100.000    1.80%      80.000     87.500
     CBFAS_OO             74.195      -0.668      17.500    0.47%      62.500     70.000     77.500
             215.000     278.827       0.145     100.000    5.12%      80.000     87.500
     DBFAS_OO             73.491      -0.746      22.500    0.94%      60.000     70.000     77.500
             212.000     259.219       0.228     100.000    1.89%      80.000     87.500
     AASPFINC_D           37.924       0.241       3.208    0.33%      22.989     32.369     36.355
             300.000     247.985      -0.191      98.104    0.33%      42.236     52.126
     BASPFINC_D           39.387       0.300       6.148    0.45%      25.128     33.682     37.424
             222.000     254.023      -0.514      81.264    0.45%      42.503     54.265
     CASPFINC_D           39.191       0.217       1.069    0.47%      23.256     33.682     38.761
             215.000     260.949      -0.217      97.303    0.47%      44.107     53.998
     DASPFINC_D           40.217       0.215       5.614    0.47%      25.662     34.216     39.563
             213.000     256.170      -0.486      87.412    0.47%      44.642     54.532


     UNIVARIATE HIGHER-ORDER MOMENT DESCRIPTIVE STATISTICS FOR D3

         Variable/         Mean/     Skewness/   Minimum/ % with                Percentiles
        Sample Size      Variance    Kurtosis    Maximum  Min/Max      20%/60%    40%/80%    Median

     ABFAS_OO             71.955      -0.338      27.500    0.43%      57.500     70.000     72.500
             233.000     252.689      -0.528     100.000    2.15%      77.500     87.500
     BBFAS_OO             72.134      -0.387      22.500    0.58%      57.500     67.500     75.000
             171.000     261.764      -0.410     100.000    1.75%      77.778     87.500
     CBFAS_OO             70.130      -0.178      27.500    0.62%      55.000     65.000     70.000
             161.000     255.098      -0.711     100.000    1.24%      75.000     85.000
     DBFAS_OO             71.209      -0.509      25.000    0.63%      57.500     67.500     72.500
             159.000     265.222      -0.153     100.000    3.14%      77.500     85.000
     AASPFINC_D           36.416       0.641       5.079    0.43%      23.256     31.009     35.018
             233.000     217.253       0.760     100.000    0.43%      39.295     48.858
     BASPFINC_D           38.328       0.297       5.881    0.59%      24.058     33.147     37.412
             170.000     215.804      -0.324      81.264    0.59%      41.166     52.126
     CASPFINC_D           37.674       0.346       9.356    0.62%      23.791     32.345     35.553
             161.000     236.778      -0.542      80.729    0.62%      40.097     53.196
     DASPFINC_D           38.465       0.485       7.217    0.63%      23.524     33.147     37.558
             158.000     238.178       0.075      87.679    0.63%      40.632     52.661


     UNIVARIATE HIGHER-ORDER MOMENT DESCRIPTIVE STATISTICS FOR D4

         Variable/         Mean/     Skewness/   Minimum/ % with                Percentiles
        Sample Size      Variance    Kurtosis    Maximum  Min/Max      20%/60%    40%/80%    Median

     ABFAS_OO             71.167      -0.457      27.500    1.01%      57.500     67.500     72.500
             198.000     240.478      -0.344     100.000    1.01%      77.500     85.000
     BBFAS_OO             72.790      -0.610      17.500    0.70%      57.500     70.000     75.000
             142.000     266.085      -0.093     100.000    0.70%      80.000     87.500
     CBFAS_OO             73.622      -0.403      32.500    0.76%      60.000     70.000     75.000
             132.000     235.955      -0.528     100.000    3.79%      80.000     87.500
     DBFAS_OO             72.373      -0.619      30.000    0.81%      57.500     70.000     75.000
             123.000     236.217      -0.486     100.000    1.63%      80.000     87.500
     AASPFINC_D           34.457       0.362       2.673    0.51%      22.187     30.474     33.147
             197.000     195.979       0.253      80.462    0.51%      36.355     46.513
     BASPFINC_D           35.712      -0.183       2.673    1.44%      23.524     32.078     36.355
             139.000     176.984      -0.365      65.225    0.72%      38.226     47.047
     CASPFINC_D           37.052       0.270      12.296    0.76%      26.731     33.949     37.424
             131.000     138.427      -0.129      69.235    0.76%      40.632     44.909
     DASPFINC_D           38.544       0.131      10.960    0.81%      28.068     34.751     37.691
             123.000     167.741      -0.232      73.779    0.81%      40.632     48.117


     UNIVARIATE HIGHER-ORDER MOMENT DESCRIPTIVE STATISTICS FOR D5

         Variable/         Mean/     Skewness/   Minimum/ % with                Percentiles
        Sample Size      Variance    Kurtosis    Maximum  Min/Max      20%/60%    40%/80%    Median

     ABFAS_OO             74.567      -0.598      27.500    0.76%      60.000     72.500     75.000
             131.000     243.975      -0.081     100.000    3.05%      80.000     87.500
     BBFAS_OO             74.284      -0.374      42.500    2.30%      60.000     70.000     75.000
              87.000     210.596      -0.633     100.000    2.30%      80.000     86.111
     CBFAS_OO             73.797      -0.510      27.500    1.22%      60.000     70.000     77.500
              82.000     258.672      -0.268     100.000    6.10%      80.000     87.500
     DBFAS_OO             74.539      -0.944      15.000    1.32%      60.000     72.500     76.250
              76.000     267.551       1.128     100.000    1.32%      80.000     90.000
     AASPFINC_D           33.398       0.080       0.000    0.76%      19.514     28.335     32.345
             132.000     217.613      -0.678      63.888    0.76%      37.691     47.315
     BASPFINC_D           33.816       0.154       5.881    1.15%      22.722     29.659     32.612
              87.000     174.902      -0.452      61.750    1.15%      35.286     46.245
     CASPFINC_D           33.657       0.222       8.821    1.22%      19.514     27.266     33.414
              82.000     226.343      -0.886      67.363    1.22%      37.157     47.582
     DASPFINC_D           34.882      -0.059       6.950    1.32%      24.593     32.078     34.751
              76.000     169.918      -0.490      60.680    1.32%      38.493     47.315


THE MODEL ESTIMATION TERMINATED NORMALLY



MODEL FIT INFORMATION

Number of Free Parameters                       54

Loglikelihood

          H0 Value                      -19994.152
          H0 Scaling Correction Factor      1.2640
            for MLR

Information Criteria

          Akaike (AIC)                   40096.303
          Bayesian (BIC)                 40353.428
          Sample-Size Adjusted BIC       40181.938
            (n* = (n + 2) / 24)



MODEL RESULTS

                                                    Two-Tailed
                    Estimate       S.E.  Est./S.E.    P-Value

Group D2

 P1       BY
    ABFAS_OO           1.000      0.000    999.000    999.000

 P2       BY
    BBFAS_OO           1.000      0.000    999.000    999.000

 P3       BY
    CBFAS_OO           1.000      0.000    999.000    999.000

 P4       BY
    DBFAS_OO           1.000      0.000    999.000    999.000

 V1       BY
    AASPFINC_D         1.000      0.000    999.000    999.000

 V2       BY
    BASPFINC_D         1.000      0.000    999.000    999.000

 V3       BY
    CASPFINC_D         1.000      0.000    999.000    999.000

 V4       BY
    DASPFINC_D         1.000      0.000    999.000    999.000

 P4         ON
    P3                 0.239      0.100      2.393      0.017
    V3                -0.037      0.079     -0.468      0.640

 P3         ON
    P2                 0.239      0.100      2.393      0.017
    V2                -0.037      0.079     -0.468      0.640

 P2         ON
    P1                 0.239      0.100      2.393      0.017
    V1                -0.037      0.079     -0.468      0.640

 V4         ON
    V3                 0.151      0.103      1.467      0.142
    P3                -0.073      0.082     -0.881      0.378

 V3         ON
    V2                 0.151      0.103      1.467      0.142
    P2                -0.073      0.082     -0.881      0.378

 V2         ON
    V1                 0.151      0.103      1.467      0.142
    P1                -0.073      0.082     -0.881      0.378

 S_BFAS_O WITH
    I_BFAS_OO          0.379      0.664      0.570      0.569
    S_ASPFINC_        -0.016      0.078     -0.204      0.838
    I_ASPFINC_         0.016      1.617      0.010      0.992

 I_BFAS_O WITH
    S_ASPFINC_         0.993      1.524      0.652      0.514
    I_ASPFINC_       -54.884      9.874     -5.559      0.000

 S_ASPFIN WITH
    I_ASPFINC_        -1.040      0.581     -1.790      0.073

 P1       WITH
    V1               -24.522      7.399     -3.314      0.001

 P2       WITH
    V2               -12.060      5.373     -2.244      0.025

 P3       WITH
    V3               -12.060      5.373     -2.244      0.025

 P4       WITH
    V4               -12.060      5.373     -2.244      0.025

 Means
    P1                 0.000      0.000    999.000    999.000
    V1                 0.000      0.000    999.000    999.000
    I_BFAS_OO         72.974      0.530    137.655      0.000
    S_BFAS_OO         -0.102      0.048     -2.111      0.035
    I_ASPFINC_        37.177      0.479     77.561      0.000
    S_ASPFINC_        -0.084      0.043     -1.952      0.051

 Intercepts
    ABFAS_OO           0.000      0.000    999.000    999.000
    BBFAS_OO           0.000      0.000    999.000    999.000
    CBFAS_OO           0.000      0.000    999.000    999.000
    DBFAS_OO           0.000      0.000    999.000    999.000
    AASPFINC_D         0.000      0.000    999.000    999.000
    BASPFINC_D         0.000      0.000    999.000    999.000
    CASPFINC_D         0.000      0.000    999.000    999.000
    DASPFINC_D         0.000      0.000    999.000    999.000
    P2                 0.000      0.000    999.000    999.000
    P3                 0.000      0.000    999.000    999.000
    P4                 0.000      0.000    999.000    999.000
    V2                 0.000      0.000    999.000    999.000
    V3                 0.000      0.000    999.000    999.000
    V4                 0.000      0.000    999.000    999.000

 Variances
    P1                65.482     11.907      5.500      0.000
    V1                84.781     11.558      7.335      0.000
    I_BFAS_OO        198.783     13.230     15.025      0.000
    S_BFAS_OO          0.036      0.102      0.349      0.727
    I_ASPFINC_       155.147     12.238     12.677      0.000
    S_ASPFINC_         0.054      0.094      0.576      0.564

 Residual Variances
    ABFAS_OO           0.000      0.000    999.000    999.000
    BBFAS_OO           0.000      0.000    999.000    999.000
    CBFAS_OO           0.000      0.000    999.000    999.000
    DBFAS_OO           0.000      0.000    999.000    999.000
    AASPFINC_D         0.000      0.000    999.000    999.000
    BASPFINC_D         0.000      0.000    999.000    999.000
    CASPFINC_D         0.000      0.000    999.000    999.000
    DASPFINC_D         0.000      0.000    999.000    999.000
    P2                62.615      9.759      6.416      0.000
    P3                62.615      9.759      6.416      0.000
    P4                62.615      9.759      6.416      0.000
    V2                77.405      8.042      9.625      0.000
    V3                77.405      8.042      9.625      0.000
    V4                77.405      8.042      9.625      0.000

Group D3

 P1       BY
    ABFAS_OO           1.000      0.000    999.000    999.000

 P2       BY
    BBFAS_OO           1.000      0.000    999.000    999.000

 P3       BY
    CBFAS_OO           1.000      0.000    999.000    999.000

 P4       BY
    DBFAS_OO           1.000      0.000    999.000    999.000

 V1       BY
    AASPFINC_D         1.000      0.000    999.000    999.000

 V2       BY
    BASPFINC_D         1.000      0.000    999.000    999.000

 V3       BY
    CASPFINC_D         1.000      0.000    999.000    999.000

 V4       BY
    DASPFINC_D         1.000      0.000    999.000    999.000

 P4         ON
    P3                 0.092      0.121      0.762      0.446
    V3                -0.025      0.066     -0.380      0.704

 P3         ON
    P2                 0.092      0.121      0.762      0.446
    V2                -0.025      0.066     -0.380      0.704

 P2         ON
    P1                 0.092      0.121      0.762      0.446
    V1                -0.025      0.066     -0.380      0.704

 V4         ON
    V3                 0.027      0.079      0.344      0.731
    P3                 0.066      0.085      0.779      0.436

 V3         ON
    V2                 0.027      0.079      0.344      0.731
    P2                 0.066      0.085      0.779      0.436

 V2         ON
    V1                 0.027      0.079      0.344      0.731
    P1                 0.066      0.085      0.779      0.436

 S_BFAS_O WITH
    I_BFAS_OO          0.379      0.664      0.570      0.569
    S_ASPFINC_        -0.016      0.078     -0.204      0.838
    I_ASPFINC_         0.016      1.617      0.010      0.992

 I_BFAS_O WITH
    S_ASPFINC_         0.993      1.524      0.652      0.514
    I_ASPFINC_       -54.884      9.874     -5.559      0.000

 S_ASPFIN WITH
    I_ASPFINC_        -1.040      0.581     -1.790      0.073

 P1       WITH
    V1                -0.788      6.232     -0.126      0.899

 P2       WITH
    V2                -5.337      4.148     -1.287      0.198

 P3       WITH
    V3                -5.337      4.148     -1.287      0.198

 P4       WITH
    V4                -5.337      4.148     -1.287      0.198

 Means
    P1                 0.000      0.000    999.000    999.000
    V1                 0.000      0.000    999.000    999.000
    I_BFAS_OO         72.974      0.530    137.655      0.000
    S_BFAS_OO         -0.102      0.048     -2.111      0.035
    I_ASPFINC_        37.177      0.479     77.561      0.000
    S_ASPFINC_        -0.084      0.043     -1.952      0.051

 Intercepts
    ABFAS_OO           0.000      0.000    999.000    999.000
    BBFAS_OO           0.000      0.000    999.000    999.000
    CBFAS_OO           0.000      0.000    999.000    999.000
    DBFAS_OO           0.000      0.000    999.000    999.000
    AASPFINC_D         0.000      0.000    999.000    999.000
    BASPFINC_D         0.000      0.000    999.000    999.000
    CASPFINC_D         0.000      0.000    999.000    999.000
    DASPFINC_D         0.000      0.000    999.000    999.000
    P2                 0.000      0.000    999.000    999.000
    P3                 0.000      0.000    999.000    999.000
    P4                 0.000      0.000    999.000    999.000
    V2                 0.000      0.000    999.000    999.000
    V3                 0.000      0.000    999.000    999.000
    V4                 0.000      0.000    999.000    999.000

 Variances
    P1                41.720      9.042      4.614      0.000
    V1                51.885      8.193      6.333      0.000
    I_BFAS_OO        198.783     13.230     15.025      0.000
    S_BFAS_OO          0.036      0.102      0.349      0.727
    I_ASPFINC_       155.147     12.238     12.677      0.000
    S_ASPFINC_         0.054      0.094      0.576      0.564

 Residual Variances
    ABFAS_OO           0.000      0.000    999.000    999.000
    BBFAS_OO           0.000      0.000    999.000    999.000
    CBFAS_OO           0.000      0.000    999.000    999.000
    DBFAS_OO           0.000      0.000    999.000    999.000
    AASPFINC_D         0.000      0.000    999.000    999.000
    BASPFINC_D         0.000      0.000    999.000    999.000
    CASPFINC_D         0.000      0.000    999.000    999.000
    DASPFINC_D         0.000      0.000    999.000    999.000
    P2                56.748      7.642      7.426      0.000
    P3                56.748      7.642      7.426      0.000
    P4                56.748      7.642      7.426      0.000
    V2                56.642      6.612      8.567      0.000
    V3                56.642      6.612      8.567      0.000
    V4                56.642      6.612      8.567      0.000

Group D4

 P1       BY
    ABFAS_OO           1.000      0.000    999.000    999.000

 P2       BY
    BBFAS_OO           1.000      0.000    999.000    999.000

 P3       BY
    CBFAS_OO           1.000      0.000    999.000    999.000

 P4       BY
    DBFAS_OO           1.000      0.000    999.000    999.000

 V1       BY
    AASPFINC_D         1.000      0.000    999.000    999.000

 V2       BY
    BASPFINC_D         1.000      0.000    999.000    999.000

 V3       BY
    CASPFINC_D         1.000      0.000    999.000    999.000

 V4       BY
    DASPFINC_D         1.000      0.000    999.000    999.000

 P4         ON
    P3                 0.069      0.073      0.951      0.342
    V3                -0.102      0.057     -1.773      0.076

 P3         ON
    P2                 0.069      0.073      0.951      0.342
    V2                -0.102      0.057     -1.773      0.076

 P2         ON
    P1                 0.069      0.073      0.951      0.342
    V1                -0.102      0.057     -1.773      0.076

 V4         ON
    V3                 0.072      0.089      0.800      0.424
    P3                 0.037      0.091      0.409      0.683

 V3         ON
    V2                 0.072      0.089      0.800      0.424
    P2                 0.037      0.091      0.409      0.683

 V2         ON
    V1                 0.072      0.089      0.800      0.424
    P1                 0.037      0.091      0.409      0.683

 S_BFAS_O WITH
    I_BFAS_OO          0.379      0.664      0.570      0.569
    S_ASPFINC_        -0.016      0.078     -0.204      0.838
    I_ASPFINC_         0.016      1.617      0.010      0.992

 I_BFAS_O WITH
    S_ASPFINC_         0.993      1.524      0.652      0.514
    I_ASPFINC_       -54.884      9.874     -5.559      0.000

 S_ASPFIN WITH
    I_ASPFINC_        -1.040      0.581     -1.790      0.073

 P1       WITH
    V1                -3.722      6.152     -0.605      0.545

 P2       WITH
    V2                -2.438      2.988     -0.816      0.414

 P3       WITH
    V3                -2.438      2.988     -0.816      0.414

 P4       WITH
    V4                -2.438      2.988     -0.816      0.414

 Means
    P1                 0.000      0.000    999.000    999.000
    V1                 0.000      0.000    999.000    999.000
    I_BFAS_OO         72.974      0.530    137.655      0.000
    S_BFAS_OO         -0.102      0.048     -2.111      0.035
    I_ASPFINC_        37.177      0.479     77.561      0.000
    S_ASPFINC_        -0.084      0.043     -1.952      0.051

 Intercepts
    ABFAS_OO           0.000      0.000    999.000    999.000
    BBFAS_OO           0.000      0.000    999.000    999.000
    CBFAS_OO           0.000      0.000    999.000    999.000
    DBFAS_OO           0.000      0.000    999.000    999.000
    AASPFINC_D         0.000      0.000    999.000    999.000
    BASPFINC_D         0.000      0.000    999.000    999.000
    CASPFINC_D         0.000      0.000    999.000    999.000
    DASPFINC_D         0.000      0.000    999.000    999.000
    P2                 0.000      0.000    999.000    999.000
    P3                 0.000      0.000    999.000    999.000
    P4                 0.000      0.000    999.000    999.000
    V2                 0.000      0.000    999.000    999.000
    V3                 0.000      0.000    999.000    999.000
    V4                 0.000      0.000    999.000    999.000

 Variances
    P1                45.840      8.543      5.366      0.000
    V1                59.918      8.900      6.732      0.000
    I_BFAS_OO        198.783     13.230     15.025      0.000
    S_BFAS_OO          0.036      0.102      0.349      0.727
    I_ASPFINC_       155.147     12.238     12.677      0.000
    S_ASPFINC_         0.054      0.094      0.576      0.564

 Residual Variances
    ABFAS_OO           0.000      0.000    999.000    999.000
    BBFAS_OO           0.000      0.000    999.000    999.000
    CBFAS_OO           0.000      0.000    999.000    999.000
    DBFAS_OO           0.000      0.000    999.000    999.000
    AASPFINC_D         0.000      0.000    999.000    999.000
    BASPFINC_D         0.000      0.000    999.000    999.000
    CASPFINC_D         0.000      0.000    999.000    999.000
    DASPFINC_D         0.000      0.000    999.000    999.000
    P2                31.897      3.631      8.784      0.000
    P3                31.897      3.631      8.784      0.000
    P4                31.897      3.631      8.784      0.000
    V2                51.648      6.877      7.510      0.000
    V3                51.648      6.877      7.510      0.000
    V4                51.648      6.877      7.510      0.000

Group D5

 P1       BY
    ABFAS_OO           1.000      0.000    999.000    999.000

 P2       BY
    BBFAS_OO           1.000      0.000    999.000    999.000

 P3       BY
    CBFAS_OO           1.000      0.000    999.000    999.000

 P4       BY
    DBFAS_OO           1.000      0.000    999.000    999.000

 V1       BY
    AASPFINC_D         1.000      0.000    999.000    999.000

 V2       BY
    BASPFINC_D         1.000      0.000    999.000    999.000

 V3       BY
    CASPFINC_D         1.000      0.000    999.000    999.000

 V4       BY
    DASPFINC_D         1.000      0.000    999.000    999.000

 P4         ON
    P3                 0.061      0.080      0.759      0.448
    V3                 0.061      0.084      0.720      0.472

 P3         ON
    P2                 0.061      0.080      0.759      0.448
    V2                 0.061      0.084      0.720      0.472

 P2         ON
    P1                 0.061      0.080      0.759      0.448
    V1                 0.061      0.084      0.720      0.472

 V4         ON
    V3                 0.147      0.106      1.389      0.165
    P3                 0.075      0.089      0.846      0.398

 V3         ON
    V2                 0.147      0.106      1.389      0.165
    P2                 0.075      0.089      0.846      0.398

 V2         ON
    V1                 0.147      0.106      1.389      0.165
    P1                 0.075      0.089      0.846      0.398

 S_BFAS_O WITH
    I_BFAS_OO          0.379      0.664      0.570      0.569
    S_ASPFINC_        -0.016      0.078     -0.204      0.838
    I_ASPFINC_         0.016      1.617      0.010      0.992

 I_BFAS_O WITH
    S_ASPFINC_         0.993      1.524      0.652      0.514
    I_ASPFINC_       -54.884      9.874     -5.559      0.000

 S_ASPFIN WITH
    I_ASPFINC_        -1.040      0.581     -1.790      0.073

 P1       WITH
    V1               -13.959      7.821     -1.785      0.074

 P2       WITH
    V2                 2.840      5.341      0.532      0.595

 P3       WITH
    V3                 2.840      5.341      0.532      0.595

 P4       WITH
    V4                 2.840      5.341      0.532      0.595

 Means
    P1                 0.000      0.000    999.000    999.000
    V1                 0.000      0.000    999.000    999.000
    I_BFAS_OO         72.974      0.530    137.655      0.000
    S_BFAS_OO         -0.102      0.048     -2.111      0.035
    I_ASPFINC_        37.177      0.479     77.561      0.000
    S_ASPFINC_        -0.084      0.043     -1.952      0.051

 Intercepts
    ABFAS_OO           0.000      0.000    999.000    999.000
    BBFAS_OO           0.000      0.000    999.000    999.000
    CBFAS_OO           0.000      0.000    999.000    999.000
    DBFAS_OO           0.000      0.000    999.000    999.000
    AASPFINC_D         0.000      0.000    999.000    999.000
    BASPFINC_D         0.000      0.000    999.000    999.000
    CASPFINC_D         0.000      0.000    999.000    999.000
    DASPFINC_D         0.000      0.000    999.000    999.000
    P2                 0.000      0.000    999.000    999.000
    P3                 0.000      0.000    999.000    999.000
    P4                 0.000      0.000    999.000    999.000
    V2                 0.000      0.000    999.000    999.000
    V3                 0.000      0.000    999.000    999.000
    V4                 0.000      0.000    999.000    999.000

 Variances
    P1                79.540     17.032      4.670      0.000
    V1                68.520     15.903      4.309      0.000
    I_BFAS_OO        198.783     13.230     15.025      0.000
    S_BFAS_OO          0.036      0.102      0.349      0.727
    I_ASPFINC_       155.147     12.238     12.677      0.000
    S_ASPFINC_         0.054      0.094      0.576      0.564

 Residual Variances
    ABFAS_OO           0.000      0.000    999.000    999.000
    BBFAS_OO           0.000      0.000    999.000    999.000
    CBFAS_OO           0.000      0.000    999.000    999.000
    DBFAS_OO           0.000      0.000    999.000    999.000
    AASPFINC_D         0.000      0.000    999.000    999.000
    BASPFINC_D         0.000      0.000    999.000    999.000
    CASPFINC_D         0.000      0.000    999.000    999.000
    DASPFINC_D         0.000      0.000    999.000    999.000
    P2                42.855      7.798      5.496      0.000
    P3                42.855      7.798      5.496      0.000
    P4                42.855      7.798      5.496      0.000
    V2                57.643      7.698      7.488      0.000
    V3                57.643      7.698      7.488      0.000
    V4                57.643      7.698      7.488      0.000


QUALITY OF NUMERICAL RESULTS

     Condition Number for the Information Matrix              0.649E-05
       (ratio of smallest to largest eigenvalue)


     Beginning Time:  14:26:05
        Ending Time:  14:26:19
       Elapsed Time:  00:00:14



MUTHEN & MUTHEN
3463 Stoner Ave.
Los Angeles, CA  90066

Tel: (310) 391-9971
Fax: (310) 391-8971
Web: www.StatModel.com
Support: Support@StatModel.com

Copyright (c) 1998-2017 Muthen & Muthen
