Mplus VERSION 8 (Linux)
MUTHEN & MUTHEN
07/07/2018   6:51 PM

INPUT INSTRUCTIONS


  title: PxVx Bivariate LCM-SR - decadegroup - Linear bfas_ee with Linear hrz_col_d;
  data: file = /home/jflournoy/code_new/lnt_pxvx/Data/lnt_nat_recalc.tsv;

  variable:
  names =
  subjid
  aage
  aaspfin
  aaspfin_d
  abfa_mt
  abfa_mt_d
  abfas_ac
  abfas_ap
  abfas_ci
  abfas_co
  abfas_ea
  abfas_ee
  abfas_nv
  abfas_nv9
  abfas_nw
  abfas_oi
  abfas_oo
  abfi_a
  abfi_a6
  abfi_c
  abfi_d_scale
  abfi_e
  abfi_hp8
  abfi_n
  abfi_o
  abfi_s_scale
  ahrz_col
  ahrz_col_d
  ahrz_ind
  ahrz_ind_d
  amvi
  ausi
  ausi_d
  avrt_col
  avrt_col_d
  avrt_ind
  avrt_ind_d
  bage
  baspfin
  baspfin_d
  bbfa_mt
  bbfa_mt_d
  bbfas_ac
  bbfas_ap
  bbfas_ci
  bbfas_co
  bbfas_ea
  bbfas_ee
  bbfas_nv
  bbfas_nv9
  bbfas_nw
  bbfas_oi
  bbfas_oo
  bbfi_a
  bbfi_a6
  bbfi_c
  bbfi_d_scale
  bbfi_e
  bbfi_hp8
  bbfi_n
  bbfi_o
  bbfi_s_scale
  bhrz_col
  bhrz_col_d
  bhrz_ind
  bhrz_ind_d
  bmvi
  busi
  busi_d
  bvrt_col
  bvrt_col_d
  bvrt_ind
  bvrt_ind_d
  cage
  caspfin
  caspfin_d
  cbfa_mt
  cbfa_mt_d
  cbfas_ac
  cbfas_ap
  cbfas_ci
  cbfas_co
  cbfas_ea
  cbfas_ee
  cbfas_nv
  cbfas_nv9
  cbfas_nw
  cbfas_oi
  cbfas_oo
  cbfi_a
  cbfi_a6
  cbfi_c
  cbfi_d_scale
  cbfi_e
  cbfi_hp8
  cbfi_n
  cbfi_o
  cbfi_s_scale
  chrz_col
  chrz_col_d
  chrz_ind
  chrz_ind_d
  cmvi
  cusi
  cusi_d
  cvrt_col
  cvrt_col_d
  cvrt_ind
  cvrt_ind_d
  dage
  daspfin
  daspfin_d
  dbfa_mt
  dbfa_mt_d
  dbfas_ac
  dbfas_ap
  dbfas_ci
  dbfas_co
  dbfas_ea
  dbfas_ee
  dbfas_nv
  dbfas_nv9
  dbfas_nw
  dbfas_oi
  dbfas_oo
  dbfi_a
  dbfi_a6
  dbfi_c
  dbfi_d_scale
  dbfi_e
  dbfi_hp8
  dbfi_n
  dbfi_o
  dbfi_s_scale
  dhrz_col
  dhrz_col_d
  dhrz_ind
  dhrz_ind_d
  dmvi
  dusi
  dusi_d
  dvrt_col
  dvrt_col_d
  dvrt_ind
  dvrt_ind_d;

  USEVARIABLES =
  abfas_ee
  bbfas_ee
  cbfas_ee
  dbfas_ee
  ahrz_col_d
  bhrz_col_d
  chrz_col_d
  dhrz_col_d
  a1
  a2
  a3
  a4
  ;

  missing = all (-9999);

  tscores = a1 a2 a3 a4;

  grouping = aage (0=d2, 1=d3, 2=d4, 3=d5);

  DEFINE:

  cut aage (29 39 49);

  a1 = aage + 0 - 36;
  a2 = aage + 1 - 36;
  a3 = aage + 2 - 36;
  a4 = aage + 3 - 36;

  ANALYSIS:
  TYPE=RANDOM;
  PROCESSORS = 6;
  model=nocovariances; ! supresses default estimation of certain covs in model;

  MODEL:

  i_bfas_ee s_bfas_ee | abfas_ee bbfas_ee cbfas_ee dbfas_ee AT a1 a2 a3 a4;
  i_hrz_col_d s_hrz_col_d | ahrz_col_d bhrz_col_d chrz_col_d dhrz_col_d AT a1 a2 a3 a4;

  ! freeing factor covs because of "nocovariances"
  s_bfas_ee WITH i_bfas_ee s_hrz_col_d i_hrz_col_d;
  i_bfas_ee WITH s_hrz_col_d i_hrz_col_d;
  s_hrz_col_d WITH i_hrz_col_d;

  p1 BY abfas_ee@1; ! Residual "factors";
  p2 BY bbfas_ee@1;
  p3 BY cbfas_ee@1;
  p4 BY dbfas_ee@1;

  v1 BY ahrz_col_d@1; ! Residual "factors";
  v2 BY bhrz_col_d@1;
  v3 BY chrz_col_d@1;
  v4 BY dhrz_col_d@1;

  !residual variances on observed/manifest vars set to 0
  abfas_ee@0;
  bbfas_ee@0;
  cbfas_ee@0;
  dbfas_ee@0;

  !residual variances on observed/manifest vars set to 0
  ahrz_col_d@0;
  bhrz_col_d@0;
  chrz_col_d@0;
  dhrz_col_d@0;

  ! means of observed/manifest vars set to 0
  [abfas_ee@0];
  [bbfas_ee@0];
  [cbfas_ee@0];
  [dbfas_ee@0];

  ! means of observed/manifest vars set to 0
  [ahrz_col_d@0];
  [bhrz_col_d@0];
  [chrz_col_d@0];
  [dhrz_col_d@0];

  [p1@0]; ! means of residual "factors" set to 0
  [p2@0];
  [p3@0];
  [p4@0];

  [v1@0]; ! means of residual "factors" set to 0
  [v2@0];
  [v3@0];
  [v4@0];

  p4 on p3 (a); ! Autoregressive paths constrained to equality
  p3 on p2 (a);
  p2 on p1 (a);

  v4 on v3 (b); ! Autoregressive paths constrained to equality
  v3 on v2 (b);
  v2 on v1 (b);

  p4 on v3 (c); ! Cross-lagged paths constrained to equality
  p3 on v2 (c);
  p2 on v1 (c);

  v4 on p3 (d); ! Cross-lagged paths constrained to equality
  v3 on p2 (d);
  v2 on p1 (d);

  p1 with v1; !(this one is not like the others)

  p2 with v2 (e); ! Within-wave correlations constrained to equality
  p3 with v3 (e);
  p4 with v4 (e);

  p2 p3 p4 (f); ! estimate variances of residual "factors"
  v2 v3 v4 (g); ! estimate variances of residual "factors"

  MODEL d2:

  p4 on p3 (a2); ! Autoregressive paths constrained to equality
  p3 on p2 (a2);
  p2 on p1 (a2);

  v4 on v3 (b2); ! Autoregressive paths constrained to equality
  v3 on v2 (b2);
  v2 on v1 (b2);

  p4 on v3 (c2); ! Cross-lagged paths constrained to equality
  p3 on v2 (c2);
  p2 on v1 (c2);

  v4 on p3 (d2); ! Cross-lagged paths constrained to equality
  v3 on p2 (d2);
  v2 on p1 (d2);

  p1 with v1; !(this one is not like the others)

  p2 with v2 (e2); ! Within-wave correlations constrained to equality
  p3 with v3 (e2);
  p4 with v4 (e2);

  p2 p3 p4 (f2); ! estimate variances of residual "factors"
  v2 v3 v4 (g2); ! estimate variances of residual "factors"

  MODEL d3:

  p4 on p3 (a3); ! Autoregressive paths constrained to equality
  p3 on p2 (a3);
  p2 on p1 (a3);

  v4 on v3 (b3); ! Autoregressive paths constrained to equality
  v3 on v2 (b3);
  v2 on v1 (b3);

  p4 on v3 (c3); ! Cross-lagged paths constrained to equality
  p3 on v2 (c3);
  p2 on v1 (c3);

  v4 on p3 (d3); ! Cross-lagged paths constrained to equality
  v3 on p2 (d3);
  v2 on p1 (d3);

  p1 with v1; !(this one is not like the others)

  p2 with v2 (e3); ! Within-wave correlations constrained to equality
  p3 with v3 (e3);
  p4 with v4 (e3);

  p2 p3 p4 (f3); ! estimate variances of residual "factors"
  v2 v3 v4 (g3); ! estimate variances of residual "factors"

  MODEL d4:

  p4 on p3 (a4); ! Autoregressive paths constrained to equality
  p3 on p2 (a4);
  p2 on p1 (a4);

  v4 on v3 (b4); ! Autoregressive paths constrained to equality
  v3 on v2 (b4);
  v2 on v1 (b4);

  p4 on v3 (c4); ! Cross-lagged paths constrained to equality
  p3 on v2 (c4);
  p2 on v1 (c4);

  v4 on p3 (d4); ! Cross-lagged paths constrained to equality
  v3 on p2 (d4);
  v2 on p1 (d4);

  p1 with v1; !(this one is not like the others)

  p2 with v2 (e4); ! Within-wave correlations constrained to equality
  p3 with v3 (e4);
  p4 with v4 (e4);

  p2 p3 p4 (f4); ! estimate variances of residual "factors"
  v2 v3 v4 (g4); ! estimate variances of residual "factors"

  MODEL d5:

  p4 on p3 (a5); ! Autoregressive paths constrained to equality
  p3 on p2 (a5);
  p2 on p1 (a5);

  v4 on v3 (b5); ! Autoregressive paths constrained to equality
  v3 on v2 (b5);
  v2 on v1 (b5);

  p4 on v3 (c5); ! Cross-lagged paths constrained to equality
  p3 on v2 (c5);
  p2 on v1 (c5);

  v4 on p3 (d5); ! Cross-lagged paths constrained to equality
  v3 on p2 (d5);
  v2 on p1 (d5);

  p1 with v1; !(this one is not like the others)

  p2 with v2 (e5); ! Within-wave correlations constrained to equality
  p3 with v3 (e5);
  p4 with v4 (e5);

  p2 p3 p4 (f5); ! estimate variances of residual "factors"
  v2 v3 v4 (g5); ! estimate variances of residual "factors"

  OUTPUT: SAMPSTAT PATTERNS;



*** WARNING in VARIABLE command
  Note that only the first 8 characters of variable names are used in the output.
  Shorten variable names to avoid any confusion.
*** WARNING
  Data set contains unknown or missing values for GROUPING,
  PATTERN, COHORT, CLUSTER and/or STRATIFICATION variables.
  Number of cases with unknown or missing values:  5
   2 WARNING(S) FOUND IN THE INPUT INSTRUCTIONS



PxVx Bivariate LCM-SR - decadegroup - Linear bfas_ee with Linear hrz_col_d;

SUMMARY OF ANALYSIS

Number of groups                                                 4
Number of observations
   Group D2                                                    301
   Group D3                                                    233
   Group D4                                                    198
   Group D5                                                    132
   Total sample size                                           864

Number of dependent variables                                    8
Number of independent variables                                  0
Number of continuous latent variables                           12

Observed dependent variables

  Continuous
   ABFAS_EE    BBFAS_EE    CBFAS_EE    DBFAS_EE    AHRZ_COL_D  BHRZ_COL_D
   CHRZ_COL_D  DHRZ_COL_D

Continuous latent variables
   P1          P2          P3          P4          V1          V2
   V3          V4          I_BFAS_E    S_BFAS_E    I_HRZ_CO    S_HRZ_CO

Variables with special functions

  Grouping variable     AAGE

  Time scores
   A1          A2          A3          A4


Estimator                                                      MLR
Information matrix                                        OBSERVED
Maximum number of iterations                                   100
Convergence criterion                                    0.100D-05
Maximum number of EM iterations                                500
Convergence criteria for the EM algorithm
  Loglikelihood change                                   0.100D-02
  Relative loglikelihood change                          0.100D-05
  Derivative                                             0.100D-03
Minimum variance                                         0.100D-03
Maximum number of steepest descent iterations                   20
Maximum number of iterations for H1                           2000
Convergence criterion for H1                             0.100D-03
Optimization algorithm                                         EMA

Input data file(s)
  /home/jflournoy/code_new/lnt_pxvx/Data/lnt_nat_recalc.tsv
Input data format  FREE


SUMMARY OF DATA

   Group D2
     Number of missing data patterns            15

   Group D3
     Number of missing data patterns            10

   Group D4
     Number of missing data patterns            14

   Group D5
     Number of missing data patterns             9


SUMMARY OF MISSING DATA PATTERNS


     MISSING DATA PATTERNS (x = not missing) FOR D2

           1  2  3  4  5  6  7  8  9 10 11 12 13 14 15
 ABFAS_EE  x  x  x  x  x  x  x  x  x  x     x  x  x  x
 BBFAS_EE  x     x  x  x  x           x  x  x  x  x
 CBFAS_EE  x        x     x     x  x  x  x  x  x     x
 DBFAS_EE  x     x  x        x     x     x  x        x
 AHRZ_COL  x  x  x  x  x  x  x  x  x  x  x  x  x  x  x
 BHRZ_COL  x     x  x  x  x           x  x     x     x
 CHRZ_COL  x              x     x  x     x  x  x     x
 DHRZ_COL  x     x  x        x     x     x  x  x     x


     MISSING DATA PATTERN FREQUENCIES FOR D2

    Pattern   Frequency     Pattern   Frequency     Pattern   Frequency
          1         185           6          13          11           1
          2          57           7          11          12           2
          3           6           8           5          13           1
          4           1           9           5          14           1
          5          11          10           1          15           1


     MISSING DATA PATTERNS (x = not missing) FOR D3

           1  2  3  4  5  6  7  8  9 10
 ABFAS_EE  x  x  x  x  x  x  x  x  x  x
 BBFAS_EE  x     x  x  x           x
 CBFAS_EE  x           x     x  x
 DBFAS_EE  x     x        x     x     x
 AHRZ_COL  x  x  x  x  x  x  x  x  x  x
 BHRZ_COL  x     x  x  x
 CHRZ_COL  x           x     x  x
 DHRZ_COL  x     x        x     x


     MISSING DATA PATTERN FREQUENCIES FOR D3

    Pattern   Frequency     Pattern   Frequency     Pattern   Frequency
          1         140           5           7           9           1
          2          44           6           3          10           1
          3           8           7           7
          4          15           8           7


     MISSING DATA PATTERNS (x = not missing) FOR D4

           1  2  3  4  5  6  7  8  9 10 11 12 13 14
 ABFAS_EE  x  x  x  x  x  x  x  x  x  x  x  x  x  x
 BBFAS_EE  x     x  x  x  x           x  x     x
 CBFAS_EE  x        x     x     x  x  x           x
 DBFAS_EE  x     x  x        x     x  x        x
 AHRZ_COL  x  x  x  x  x  x  x  x  x  x  x     x  x
 BHRZ_COL  x     x  x  x  x
 CHRZ_COL  x              x     x  x  x
 DHRZ_COL  x     x  x        x     x  x        x


     MISSING DATA PATTERN FREQUENCIES FOR D4

    Pattern   Frequency     Pattern   Frequency     Pattern   Frequency
          1         104           6          15          11           2
          2          39           7           4          12           1
          3           7           8           5          13           1
          4           1           9           5          14           1
          5          12          10           1


     MISSING DATA PATTERNS (x = not missing) FOR D5

           1  2  3  4  5  6  7  8  9
 ABFAS_EE  x  x  x  x  x  x  x  x
 BBFAS_EE  x     x  x  x           x
 CBFAS_EE  x           x     x  x  x
 DBFAS_EE  x     x        x     x  x
 AHRZ_COL  x  x  x  x  x  x  x  x  x
 BHRZ_COL  x     x  x  x           x
 CHRZ_COL  x           x     x  x  x
 DHRZ_COL  x     x        x     x  x


     MISSING DATA PATTERN FREQUENCIES FOR D5

    Pattern   Frequency     Pattern   Frequency     Pattern   Frequency
          1          60           4          10           7           6
          2          29           5          11           8           4
          3           5           6           6           9           1


COVARIANCE COVERAGE OF DATA

Minimum covariance coverage value   0.100


     PROPORTION OF DATA PRESENT FOR D2


           Covariance Coverage
              ABFAS_EE      BBFAS_EE      CBFAS_EE      DBFAS_EE      AHRZ_COL
              ________      ________      ________      ________      ________
 ABFAS_EE       0.997
 BBFAS_EE       0.734         0.738
 CBFAS_EE       0.711         0.678         0.714
 DBFAS_EE       0.701         0.648         0.648         0.704
 AHRZ_COL       0.997         0.738         0.714         0.704         1.000
 BHRZ_COL       0.728         0.728         0.674         0.645         0.731
 CHRZ_COL       0.704         0.671         0.708         0.645         0.708
 DHRZ_COL       0.704         0.651         0.651         0.704         0.708


           Covariance Coverage
              BHRZ_COL      CHRZ_COL      DHRZ_COL
              ________      ________      ________
 BHRZ_COL       0.731
 CHRZ_COL       0.668         0.708
 DHRZ_COL       0.648         0.648         0.708


     PROPORTION OF DATA PRESENT FOR D3


           Covariance Coverage
              ABFAS_EE      BBFAS_EE      CBFAS_EE      DBFAS_EE      AHRZ_COL
              ________      ________      ________      ________      ________
 ABFAS_EE       1.000
 BBFAS_EE       0.747         0.747
 CBFAS_EE       0.717         0.682         0.717
 DBFAS_EE       0.734         0.700         0.670         0.734
 AHRZ_COL       1.000         0.747         0.717         0.734         1.000
 BHRZ_COL       0.747         0.747         0.682         0.700         0.747
 CHRZ_COL       0.648         0.614         0.648         0.605         0.648
 DHRZ_COL       0.734         0.700         0.670         0.734         0.734


           Covariance Coverage
              BHRZ_COL      CHRZ_COL      DHRZ_COL
              ________      ________      ________
 BHRZ_COL       0.747
 CHRZ_COL       0.614         0.648
 DHRZ_COL       0.700         0.605         0.734


     PROPORTION OF DATA PRESENT FOR D4


           Covariance Coverage
              ABFAS_EE      BBFAS_EE      CBFAS_EE      DBFAS_EE      AHRZ_COL
              ________      ________      ________      ________      ________
 ABFAS_EE       0.990
 BBFAS_EE       0.722         0.732
 CBFAS_EE       0.672         0.631         0.682
 DBFAS_EE       0.616         0.581         0.571         0.626
 AHRZ_COL       0.990         0.732         0.682         0.626         1.000
 BHRZ_COL       0.712         0.722         0.626         0.576         0.722
 CHRZ_COL       0.662         0.621         0.672         0.566         0.672
 DHRZ_COL       0.621         0.586         0.576         0.626         0.631


           Covariance Coverage
              BHRZ_COL      CHRZ_COL      DHRZ_COL
              ________      ________      ________
 BHRZ_COL       0.722
 CHRZ_COL       0.616         0.672
 DHRZ_COL       0.581         0.571         0.631


     PROPORTION OF DATA PRESENT FOR D5


           Covariance Coverage
              ABFAS_EE      BBFAS_EE      CBFAS_EE      DBFAS_EE      AHRZ_COL
              ________      ________      ________      ________      ________
 ABFAS_EE       1.000
 BBFAS_EE       0.697         0.697
 CBFAS_EE       0.614         0.576         0.614
 DBFAS_EE       0.621         0.568         0.538         0.621
 AHRZ_COL       1.000         0.697         0.614         0.621         1.000
 BHRZ_COL       0.697         0.697         0.576         0.568         0.697
 CHRZ_COL       0.538         0.500         0.538         0.462         0.538
 DHRZ_COL       0.621         0.568         0.538         0.621         0.621


           Covariance Coverage
              BHRZ_COL      CHRZ_COL      DHRZ_COL
              ________      ________      ________
 BHRZ_COL       0.697
 CHRZ_COL       0.500         0.538
 DHRZ_COL       0.568         0.462         0.621


SAMPLE STATISTICS


     ESTIMATED SAMPLE STATISTICS FOR D2


           Means
              ABFAS_EE      BBFAS_EE      CBFAS_EE      DBFAS_EE      AHRZ_COL
              ________      ________      ________      ________      ________
               60.737        60.570        59.223        58.250        70.460


           Means
              BHRZ_COL      CHRZ_COL      DHRZ_COL
              ________      ________      ________
               69.228        68.689        68.088


           Covariances
              ABFAS_EE      BBFAS_EE      CBFAS_EE      DBFAS_EE      AHRZ_COL
              ________      ________      ________      ________      ________
 ABFAS_EE     355.714
 BBFAS_EE     277.367       325.564
 CBFAS_EE     279.552       277.653       367.401
 DBFAS_EE     284.278       282.724       305.966       384.597
 AHRZ_COL     150.250       128.054       146.431       146.472       328.222
 BHRZ_COL     155.454       146.565       156.505       143.923       210.198
 CHRZ_COL     144.655       154.532       199.956       163.392       206.141
 DHRZ_COL     158.697       150.973       168.535       194.259       216.475


           Covariances
              BHRZ_COL      CHRZ_COL      DHRZ_COL
              ________      ________      ________
 BHRZ_COL     331.239
 CHRZ_COL     222.339       367.883
 DHRZ_COL     219.998       253.680       367.434


           Correlations
              ABFAS_EE      BBFAS_EE      CBFAS_EE      DBFAS_EE      AHRZ_COL
              ________      ________      ________      ________      ________
 ABFAS_EE       1.000
 BBFAS_EE       0.815         1.000
 CBFAS_EE       0.773         0.803         1.000
 DBFAS_EE       0.769         0.799         0.814         1.000
 AHRZ_COL       0.440         0.392         0.422         0.412         1.000
 BHRZ_COL       0.453         0.446         0.449         0.403         0.637
 CHRZ_COL       0.400         0.447         0.544         0.434         0.593
 DHRZ_COL       0.439         0.437         0.459         0.517         0.623


           Correlations
              BHRZ_COL      CHRZ_COL      DHRZ_COL
              ________      ________      ________
 BHRZ_COL       1.000
 CHRZ_COL       0.637         1.000
 DHRZ_COL       0.631         0.690         1.000


     ESTIMATED SAMPLE STATISTICS FOR D3


           Means
              ABFAS_EE      BBFAS_EE      CBFAS_EE      DBFAS_EE      AHRZ_COL
              ________      ________      ________      ________      ________
               62.302        62.245        60.450        60.312        72.979


           Means
              BHRZ_COL      CHRZ_COL      DHRZ_COL
              ________      ________      ________
               72.850        73.488        73.440


           Covariances
              ABFAS_EE      BBFAS_EE      CBFAS_EE      DBFAS_EE      AHRZ_COL
              ________      ________      ________      ________      ________
 ABFAS_EE     364.446
 BBFAS_EE     304.517       329.400
 CBFAS_EE     309.120       299.273       367.046
 DBFAS_EE     301.844       295.719       311.131       372.909
 AHRZ_COL     155.526       146.647       151.040       127.193       292.844
 BHRZ_COL     148.739       153.817       152.786       141.409       211.926
 CHRZ_COL     114.530       117.334       134.364       107.898       206.010
 DHRZ_COL     116.093       121.387       124.185       119.908       187.782


           Covariances
              BHRZ_COL      CHRZ_COL      DHRZ_COL
              ________      ________      ________
 BHRZ_COL     320.492
 CHRZ_COL     235.791       332.438
 DHRZ_COL     223.624       213.103       297.004


           Correlations
              ABFAS_EE      BBFAS_EE      CBFAS_EE      DBFAS_EE      AHRZ_COL
              ________      ________      ________      ________      ________
 ABFAS_EE       1.000
 BBFAS_EE       0.879         1.000
 CBFAS_EE       0.845         0.861         1.000
 DBFAS_EE       0.819         0.844         0.841         1.000
 AHRZ_COL       0.476         0.472         0.461         0.385         1.000
 BHRZ_COL       0.435         0.473         0.445         0.409         0.692
 CHRZ_COL       0.329         0.355         0.385         0.306         0.660
 DHRZ_COL       0.353         0.388         0.376         0.360         0.637


           Correlations
              BHRZ_COL      CHRZ_COL      DHRZ_COL
              ________      ________      ________
 BHRZ_COL       1.000
 CHRZ_COL       0.722         1.000
 DHRZ_COL       0.725         0.678         1.000


     ESTIMATED SAMPLE STATISTICS FOR D4


           Means
              ABFAS_EE      BBFAS_EE      CBFAS_EE      DBFAS_EE      AHRZ_COL
              ________      ________      ________      ________      ________
               61.272        60.882        61.267        60.301        72.865


           Means
              BHRZ_COL      CHRZ_COL      DHRZ_COL
              ________      ________      ________
               71.751        72.984        71.634


           Covariances
              ABFAS_EE      BBFAS_EE      CBFAS_EE      DBFAS_EE      AHRZ_COL
              ________      ________      ________      ________      ________
 ABFAS_EE     327.511
 BBFAS_EE     291.843       375.918
 CBFAS_EE     261.482       291.260       319.357
 DBFAS_EE     275.322       297.740       292.619       352.951
 AHRZ_COL     142.522       130.079       128.723       123.471       257.644
 BHRZ_COL     102.186       127.168       115.029       112.981       162.506
 CHRZ_COL      99.947       104.146       121.585       115.032       154.192
 DHRZ_COL     117.537       113.875       121.864       134.954       151.060


           Covariances
              BHRZ_COL      CHRZ_COL      DHRZ_COL
              ________      ________      ________
 BHRZ_COL     250.380
 CHRZ_COL     164.369       229.151
 DHRZ_COL     158.797       158.647       247.225


           Correlations
              ABFAS_EE      BBFAS_EE      CBFAS_EE      DBFAS_EE      AHRZ_COL
              ________      ________      ________      ________      ________
 ABFAS_EE       1.000
 BBFAS_EE       0.832         1.000
 CBFAS_EE       0.809         0.841         1.000
 DBFAS_EE       0.810         0.817         0.872         1.000
 AHRZ_COL       0.491         0.418         0.449         0.409         1.000
 BHRZ_COL       0.357         0.415         0.407         0.380         0.640
 CHRZ_COL       0.365         0.355         0.449         0.404         0.635
 DHRZ_COL       0.413         0.374         0.434         0.457         0.599


           Correlations
              BHRZ_COL      CHRZ_COL      DHRZ_COL
              ________      ________      ________
 BHRZ_COL       1.000
 CHRZ_COL       0.686         1.000
 DHRZ_COL       0.638         0.667         1.000


     ESTIMATED SAMPLE STATISTICS FOR D5


           Means
              ABFAS_EE      BBFAS_EE      CBFAS_EE      DBFAS_EE      AHRZ_COL
              ________      ________      ________      ________      ________
               66.261        65.993        65.894        64.296        78.314


           Means
              BHRZ_COL      CHRZ_COL      DHRZ_COL
              ________      ________      ________
               75.069        74.869        74.688


           Covariances
              ABFAS_EE      BBFAS_EE      CBFAS_EE      DBFAS_EE      AHRZ_COL
              ________      ________      ________      ________      ________
 ABFAS_EE     343.938
 BBFAS_EE     309.125       407.462
 CBFAS_EE     299.913       345.829       357.431
 DBFAS_EE     296.974       349.210       345.962       408.944
 AHRZ_COL     129.382       162.502       141.564       144.970       230.624
 BHRZ_COL     102.543       163.338       122.510       135.932       203.072
 CHRZ_COL     125.372       167.653       153.751       167.338       156.474
 DHRZ_COL     154.799       186.837       163.106       198.906       168.270


           Covariances
              BHRZ_COL      CHRZ_COL      DHRZ_COL
              ________      ________      ________
 BHRZ_COL     288.264
 CHRZ_COL     205.937       266.308
 DHRZ_COL     208.849       198.339       299.704


           Correlations
              ABFAS_EE      BBFAS_EE      CBFAS_EE      DBFAS_EE      AHRZ_COL
              ________      ________      ________      ________      ________
 ABFAS_EE       1.000
 BBFAS_EE       0.826         1.000
 CBFAS_EE       0.855         0.906         1.000
 DBFAS_EE       0.792         0.855         0.905         1.000
 AHRZ_COL       0.459         0.530         0.493         0.472         1.000
 BHRZ_COL       0.326         0.477         0.382         0.396         0.788
 CHRZ_COL       0.414         0.509         0.498         0.507         0.631
 DHRZ_COL       0.482         0.535         0.498         0.568         0.640


           Correlations
              BHRZ_COL      CHRZ_COL      DHRZ_COL
              ________      ________      ________
 BHRZ_COL       1.000
 CHRZ_COL       0.743         1.000
 DHRZ_COL       0.711         0.702         1.000


     MAXIMUM LOG-LIKELIHOOD VALUE FOR THE UNRESTRICTED (H1) MODEL IS -20742.677


UNIVARIATE SAMPLE STATISTICS


     UNIVARIATE HIGHER-ORDER MOMENT DESCRIPTIVE STATISTICS FOR D2

         Variable/         Mean/     Skewness/   Minimum/ % with                Percentiles
        Sample Size      Variance    Kurtosis    Maximum  Min/Max      20%/60%    40%/80%    Median

     ABFAS_EE             60.717      -0.183       7.500    0.33%      45.000     57.500     60.000
             300.000     356.472      -0.422     100.000    1.00%      65.000     77.500
     BBFAS_EE             60.126       0.035      20.000    0.90%      45.000     55.000     60.000
             222.000     319.133      -0.566     100.000    0.90%      65.000     77.500
     CBFAS_EE             59.085      -0.013       7.500    0.47%      40.000     52.500     60.000
             215.000     364.932      -0.571     100.000    1.40%      65.000     77.500
     DBFAS_EE             58.432      -0.030      10.000    0.47%      42.500     52.500     57.500
             212.000     377.935      -0.566     100.000    1.42%      62.500     77.500
     AHRZ_COL_D           70.460      -0.737       8.333    0.33%      58.333     66.667     75.000
             301.000     328.222       0.603     100.000    6.64%      75.000     83.333
     BHRZ_COL_D           69.508      -0.819      16.667    1.82%      58.333     66.667     75.000
             220.000     326.841       0.565     100.000    4.55%      75.000     83.333
     CHRZ_COL_D           68.818      -0.706       8.333    1.41%      58.333     66.667     75.000
             213.000     370.631       0.581     100.000    6.10%      75.000     83.333
     DHRZ_COL_D           68.545      -0.716       0.000    0.47%      50.000     66.667     75.000
             213.000     369.452       0.673     100.000    6.10%      75.000     83.333


     UNIVARIATE HIGHER-ORDER MOMENT DESCRIPTIVE STATISTICS FOR D3

         Variable/         Mean/     Skewness/   Minimum/ % with                Percentiles
        Sample Size      Variance    Kurtosis    Maximum  Min/Max      20%/60%    40%/80%    Median

     ABFAS_EE             62.302      -0.213      11.111    0.43%      45.000     57.500     60.000
             233.000     364.446      -0.407     100.000    0.86%      67.500     80.000
     BBFAS_EE             62.217      -0.192      15.000    0.58%      47.500     57.500     62.500
             171.000     341.011      -0.663      95.000    1.75%      67.500     80.000
     CBFAS_EE             59.984      -0.147       7.500    0.62%      45.000     55.000     60.000
             161.000     379.619      -0.250      95.000    4.35%      62.500     80.000
     DBFAS_EE             60.456      -0.199       7.500    0.63%      42.500     55.000     60.000
             159.000     391.219      -0.353      97.500    2.52%      65.000     77.500
     AHRZ_COL_D           72.979      -0.581      25.000    1.29%      58.333     75.000     75.000
             233.000     292.844      -0.001     100.000    8.15%      75.000     83.333
     BHRZ_COL_D           72.451      -0.674      16.667    1.18%      58.333     75.000     75.000
             170.000     312.743       0.242     100.000    7.06%      75.000     91.667
     CHRZ_COL_D           73.292      -0.616      16.667    0.62%      58.333     75.000     75.000
             161.000     323.601      -0.003     100.000    9.32%      75.000     91.667
     DHRZ_COL_D           73.049      -1.005       0.000    0.63%      66.667     66.667     75.000
             158.000     298.143       1.975     100.000    7.59%      75.000     83.333


     UNIVARIATE HIGHER-ORDER MOMENT DESCRIPTIVE STATISTICS FOR D4

         Variable/         Mean/     Skewness/   Minimum/ % with                Percentiles
        Sample Size      Variance    Kurtosis    Maximum  Min/Max      20%/60%    40%/80%    Median

     ABFAS_EE             61.272      -0.226      10.000    0.51%      45.000     57.500     61.806
             198.000     327.511      -0.263     100.000    0.51%      67.500     77.500
     BBFAS_EE             60.293      -0.234       5.000    0.70%      42.500     55.000     60.000
             143.000     397.168      -0.496     100.000    1.40%      66.667     77.500
     CBFAS_EE             61.686      -0.329      12.500    0.76%      45.000     57.500     62.500
             132.000     335.748      -0.392     100.000    0.76%      67.500     80.000
     DBFAS_EE             61.536      -0.138       7.500    0.81%      45.000     55.000     60.000
             123.000     376.683      -0.475     100.000    1.63%      67.500     77.500
     AHRZ_COL_D           72.906      -0.450      16.667    0.51%      58.333     75.000     75.000
             197.000     257.619       0.470     100.000   10.15%      75.000     83.333
     BHRZ_COL_D           70.923      -0.496      16.667    0.72%      58.333     66.667     75.000
             139.000     261.158       0.224     100.000    5.04%      75.000     83.333
     CHRZ_COL_D           73.077      -0.153      25.000    0.77%      58.333     66.667     75.000
             130.000     230.276      -0.240     100.000    7.69%      75.000     83.333
     DHRZ_COL_D           71.816      -0.512      25.000    1.63%      58.333     66.667     75.000
             123.000     247.878       0.275     100.000    4.88%      75.000     83.333


     UNIVARIATE HIGHER-ORDER MOMENT DESCRIPTIVE STATISTICS FOR D5

         Variable/         Mean/     Skewness/   Minimum/ % with                Percentiles
        Sample Size      Variance    Kurtosis    Maximum  Min/Max      20%/60%    40%/80%    Median

     ABFAS_EE             66.137      -0.563       0.000    0.76%      50.000     62.500     70.000
             131.000     343.891       0.400     100.000    0.76%      72.500     82.500
     BBFAS_EE             65.125      -0.678       5.000    1.15%      50.000     62.500     67.500
              87.000     432.357       0.281     100.000    3.45%      72.500     85.000
     CBFAS_EE             65.732      -0.619      10.000    1.22%      52.500     60.000     67.500
              82.000     410.440       0.197     100.000    1.22%      72.500     82.500
     DBFAS_EE             64.145      -0.302       2.500    1.32%      45.000     60.000     65.000
              76.000     413.084      -0.039     100.000    5.26%      67.500     80.000
     AHRZ_COL_D           78.314      -0.627      41.667    3.79%      66.667     75.000     83.333
             132.000     230.624      -0.165     100.000   12.12%      83.333     91.667
     BHRZ_COL_D           75.718      -0.963      16.667    1.15%      66.667     75.000     75.000
              87.000     279.058       1.070     100.000    8.05%      83.333     91.667
     CHRZ_COL_D           74.695      -0.720      16.667    1.22%      58.333     75.000     75.000
              82.000     275.144       1.141     100.000   10.98%      75.000     91.667
     DHRZ_COL_D           75.987      -1.306       0.000    1.32%      66.667     75.000     75.000
              76.000     288.683       3.856     100.000   10.53%      83.333     91.667


THE MODEL ESTIMATION TERMINATED NORMALLY



MODEL FIT INFORMATION

Number of Free Parameters                       96

Loglikelihood

          H0 Value                      -20784.537
          H0 Scaling Correction Factor      1.0363
            for MLR

Information Criteria

          Akaike (AIC)                   41761.074
          Bayesian (BIC)                 42218.185
          Sample-Size Adjusted BIC       41913.314
            (n* = (n + 2) / 24)



MODEL RESULTS

                                                    Two-Tailed
                    Estimate       S.E.  Est./S.E.    P-Value

Group D2

 P1       BY
    ABFAS_EE           1.000      0.000    999.000    999.000

 P2       BY
    BBFAS_EE           1.000      0.000    999.000    999.000

 P3       BY
    CBFAS_EE           1.000      0.000    999.000    999.000

 P4       BY
    DBFAS_EE           1.000      0.000    999.000    999.000

 V1       BY
    AHRZ_COL_D         1.000      0.000    999.000    999.000

 V2       BY
    BHRZ_COL_D         1.000      0.000    999.000    999.000

 V3       BY
    CHRZ_COL_D         1.000      0.000    999.000    999.000

 V4       BY
    DHRZ_COL_D         1.000      0.000    999.000    999.000

 P4         ON
    P3                 0.016      0.074      0.215      0.829
    V3                 0.049      0.045      1.082      0.279

 P3         ON
    P2                 0.016      0.074      0.215      0.829
    V2                 0.049      0.045      1.082      0.279

 P2         ON
    P1                 0.016      0.074      0.215      0.829
    V1                 0.049      0.045      1.082      0.279

 V4         ON
    V3                 0.056      0.071      0.793      0.428
    P3                 0.170      0.111      1.531      0.126

 V3         ON
    V2                 0.056      0.071      0.793      0.428
    P2                 0.170      0.111      1.531      0.126

 V2         ON
    V1                 0.056      0.071      0.793      0.428
    P1                 0.170      0.111      1.531      0.126

 S_BFAS_E WITH
    I_BFAS_EE        155.235     77.194      2.011      0.044
    S_HRZ_COL_        -0.926      1.479     -0.626      0.531
    I_HRZ_COL_       -27.193     52.742     -0.516      0.606

 I_BFAS_E WITH
    S_HRZ_COL_       -24.780     52.740     -0.470      0.638
    I_HRZ_COL_      -543.185   1886.858     -0.288      0.773

 S_HRZ_CO WITH
    I_HRZ_COL_       108.248     63.443      1.706      0.088

 P1       WITH
    V1                18.877      9.492      1.989      0.047

 P2       WITH
    V2                30.149      5.989      5.034      0.000

 P3       WITH
    V3                30.149      5.989      5.034      0.000

 P4       WITH
    V4                30.149      5.989      5.034      0.000

 Means
    P1                 0.000      0.000    999.000    999.000
    V1                 0.000      0.000    999.000    999.000
    I_BFAS_EE         29.456     10.048      2.931      0.003
    S_BFAS_EE         -0.876      0.285     -3.071      0.002
    I_HRZ_COL_        43.234     12.571      3.439      0.001
    S_HRZ_COL_        -0.751      0.358     -2.099      0.036

 Intercepts
    ABFAS_EE           0.000      0.000    999.000    999.000
    BBFAS_EE           0.000      0.000    999.000    999.000
    CBFAS_EE           0.000      0.000    999.000    999.000
    DBFAS_EE           0.000      0.000    999.000    999.000
    AHRZ_COL_D         0.000      0.000    999.000    999.000
    BHRZ_COL_D         0.000      0.000    999.000    999.000
    CHRZ_COL_D         0.000      0.000    999.000    999.000
    DHRZ_COL_D         0.000      0.000    999.000    999.000
    P2                 0.000      0.000    999.000    999.000
    P3                 0.000      0.000    999.000    999.000
    P4                 0.000      0.000    999.000    999.000
    V2                 0.000      0.000    999.000    999.000
    V3                 0.000      0.000    999.000    999.000
    V4                 0.000      0.000    999.000    999.000

 Variances
    P1                71.337     11.027      6.469      0.000
    V1               126.899     23.533      5.392      0.000
    I_BFAS_EE       5856.284   2710.611      2.161      0.031
    S_BFAS_EE          4.319      2.202      1.962      0.050
    I_HRZ_COL_      4214.224   2326.797      1.811      0.070
    S_HRZ_COL_         2.917      1.733      1.683      0.092

 Residual Variances
    ABFAS_EE           0.000      0.000    999.000    999.000
    BBFAS_EE           0.000      0.000    999.000    999.000
    CBFAS_EE           0.000      0.000    999.000    999.000
    DBFAS_EE           0.000      0.000    999.000    999.000
    AHRZ_COL_D         0.000      0.000    999.000    999.000
    BHRZ_COL_D         0.000      0.000    999.000    999.000
    CHRZ_COL_D         0.000      0.000    999.000    999.000
    DHRZ_COL_D         0.000      0.000    999.000    999.000
    P2                66.632      5.575     11.951      0.000
    P3                66.632      5.575     11.951      0.000
    P4                66.632      5.575     11.951      0.000
    V2               126.920     11.392     11.141      0.000
    V3               126.920     11.392     11.141      0.000
    V4               126.920     11.392     11.141      0.000

Group D3

 P1       BY
    ABFAS_EE           1.000      0.000    999.000    999.000

 P2       BY
    BBFAS_EE           1.000      0.000    999.000    999.000

 P3       BY
    CBFAS_EE           1.000      0.000    999.000    999.000

 P4       BY
    DBFAS_EE           1.000      0.000    999.000    999.000

 V1       BY
    AHRZ_COL_D         1.000      0.000    999.000    999.000

 V2       BY
    BHRZ_COL_D         1.000      0.000    999.000    999.000

 V3       BY
    CHRZ_COL_D         1.000      0.000    999.000    999.000

 V4       BY
    DHRZ_COL_D         1.000      0.000    999.000    999.000

 P4         ON
    P3                -0.047      0.088     -0.533      0.594
    V3                -0.011      0.052     -0.205      0.838

 P3         ON
    P2                -0.047      0.088     -0.533      0.594
    V2                -0.011      0.052     -0.205      0.838

 P2         ON
    P1                -0.047      0.088     -0.533      0.594
    V1                -0.011      0.052     -0.205      0.838

 V4         ON
    V3                -0.038      0.088     -0.429      0.668
    P3                -0.039      0.080     -0.493      0.622

 V3         ON
    V2                -0.038      0.088     -0.429      0.668
    P2                -0.039      0.080     -0.493      0.622

 V2         ON
    V1                -0.038      0.088     -0.429      0.668
    P1                -0.039      0.080     -0.493      0.622

 S_BFAS_E WITH
    I_BFAS_EE        180.200     76.678      2.350      0.019
    S_HRZ_COL_         2.311      1.290      1.792      0.073
    I_HRZ_COL_        75.150     43.651      1.722      0.085

 I_BFAS_E WITH
    S_HRZ_COL_        66.543     43.144      1.542      0.123
    I_HRZ_COL_      2284.549   1467.826      1.556      0.120

 S_HRZ_CO WITH
    I_HRZ_COL_       117.726     45.084      2.611      0.009

 P1       WITH
    V1                 2.817      6.501      0.433      0.665

 P2       WITH
    V2                 6.410      4.790      1.338      0.181

 P3       WITH
    V3                 6.410      4.790      1.338      0.181

 P4       WITH
    V4                 6.410      4.790      1.338      0.181

 Means
    P1                 0.000      0.000    999.000    999.000
    V1                 0.000      0.000    999.000    999.000
    I_BFAS_EE         36.306      9.580      3.790      0.000
    S_BFAS_EE         -0.746      0.280     -2.661      0.008
    I_HRZ_COL_        80.736     12.013      6.720      0.000
    S_HRZ_COL_         0.225      0.353      0.636      0.525

 Intercepts
    ABFAS_EE           0.000      0.000    999.000    999.000
    BBFAS_EE           0.000      0.000    999.000    999.000
    CBFAS_EE           0.000      0.000    999.000    999.000
    DBFAS_EE           0.000      0.000    999.000    999.000
    AHRZ_COL_D         0.000      0.000    999.000    999.000
    BHRZ_COL_D         0.000      0.000    999.000    999.000
    CHRZ_COL_D         0.000      0.000    999.000    999.000
    DHRZ_COL_D         0.000      0.000    999.000    999.000
    P2                 0.000      0.000    999.000    999.000
    P3                 0.000      0.000    999.000    999.000
    P4                 0.000      0.000    999.000    999.000
    V2                 0.000      0.000    999.000    999.000
    V3                 0.000      0.000    999.000    999.000
    V4                 0.000      0.000    999.000    999.000

 Variances
    P1                38.364      7.440      5.156      0.000
    V1                92.048     22.425      4.105      0.000
    I_BFAS_EE       6360.388   2604.297      2.442      0.015
    S_BFAS_EE          5.365      2.266      2.368      0.018
    I_HRZ_COL_      4234.098   1600.481      2.646      0.008
    S_HRZ_COL_         3.446      1.283      2.686      0.007

 Residual Variances
    ABFAS_EE           0.000      0.000    999.000    999.000
    BBFAS_EE           0.000      0.000    999.000    999.000
    CBFAS_EE           0.000      0.000    999.000    999.000
    DBFAS_EE           0.000      0.000    999.000    999.000
    AHRZ_COL_D         0.000      0.000    999.000    999.000
    BHRZ_COL_D         0.000      0.000    999.000    999.000
    CHRZ_COL_D         0.000      0.000    999.000    999.000
    DHRZ_COL_D         0.000      0.000    999.000    999.000
    P2                47.131      5.233      9.007      0.000
    P3                47.131      5.233      9.007      0.000
    P4                47.131      5.233      9.007      0.000
    V2                89.735     11.323      7.925      0.000
    V3                89.735     11.323      7.925      0.000
    V4                89.735     11.323      7.925      0.000

Group D4

 P1       BY
    ABFAS_EE           1.000      0.000    999.000    999.000

 P2       BY
    BBFAS_EE           1.000      0.000    999.000    999.000

 P3       BY
    CBFAS_EE           1.000      0.000    999.000    999.000

 P4       BY
    DBFAS_EE           1.000      0.000    999.000    999.000

 V1       BY
    AHRZ_COL_D         1.000      0.000    999.000    999.000

 V2       BY
    BHRZ_COL_D         1.000      0.000    999.000    999.000

 V3       BY
    CHRZ_COL_D         1.000      0.000    999.000    999.000

 V4       BY
    DHRZ_COL_D         1.000      0.000    999.000    999.000

 P4         ON
    P3                 0.177      0.095      1.859      0.063
    V3                 0.014      0.085      0.162      0.871

 P3         ON
    P2                 0.177      0.095      1.859      0.063
    V2                 0.014      0.085      0.162      0.871

 P2         ON
    P1                 0.177      0.095      1.859      0.063
    V1                 0.014      0.085      0.162      0.871

 V4         ON
    V3                 0.022      0.129      0.174      0.862
    P3                -0.040      0.105     -0.385      0.700

 V3         ON
    V2                 0.022      0.129      0.174      0.862
    P2                -0.040      0.105     -0.385      0.700

 V2         ON
    V1                 0.022      0.129      0.174      0.862
    P1                -0.040      0.105     -0.385      0.700

 S_BFAS_E WITH
    I_BFAS_EE         37.586     47.337      0.794      0.427
    S_HRZ_COL_         0.200      1.725      0.116      0.908
    I_HRZ_COL_         9.186     57.298      0.160      0.873

 I_BFAS_E WITH
    S_HRZ_COL_         4.570     56.245      0.081      0.935
    I_HRZ_COL_       350.961   1868.186      0.188      0.851

 S_HRZ_CO WITH
    I_HRZ_COL_        89.847    128.768      0.698      0.485

 P1       WITH
    V1                25.000      8.925      2.801      0.005

 P2       WITH
    V2                14.213      7.373      1.928      0.054

 P3       WITH
    V3                14.213      7.373      1.928      0.054

 P4       WITH
    V4                14.213      7.373      1.928      0.054

 Means
    P1                 0.000      0.000    999.000    999.000
    V1                 0.000      0.000    999.000    999.000
    I_BFAS_EE         52.460     10.635      4.933      0.000
    S_BFAS_EE         -0.259      0.319     -0.812      0.417
    I_HRZ_COL_        64.233     12.437      5.165      0.000
    S_HRZ_COL_        -0.249      0.379     -0.657      0.511

 Intercepts
    ABFAS_EE           0.000      0.000    999.000    999.000
    BBFAS_EE           0.000      0.000    999.000    999.000
    CBFAS_EE           0.000      0.000    999.000    999.000
    DBFAS_EE           0.000      0.000    999.000    999.000
    AHRZ_COL_D         0.000      0.000    999.000    999.000
    BHRZ_COL_D         0.000      0.000    999.000    999.000
    CHRZ_COL_D         0.000      0.000    999.000    999.000
    DHRZ_COL_D         0.000      0.000    999.000    999.000
    P2                 0.000      0.000    999.000    999.000
    P3                 0.000      0.000    999.000    999.000
    P4                 0.000      0.000    999.000    999.000
    V2                 0.000      0.000    999.000    999.000
    V3                 0.000      0.000    999.000    999.000
    V4                 0.000      0.000    999.000    999.000

 Variances
    P1                64.123     12.047      5.323      0.000
    V1                93.577     16.887      5.541      0.000
    I_BFAS_EE       1621.804   1621.316      1.000      0.317
    S_BFAS_EE          1.040      1.392      0.747      0.455
    I_HRZ_COL_      3070.733   4241.337      0.724      0.469
    S_HRZ_COL_         2.773      3.917      0.708      0.479

 Residual Variances
    ABFAS_EE           0.000      0.000    999.000    999.000
    BBFAS_EE           0.000      0.000    999.000    999.000
    CBFAS_EE           0.000      0.000    999.000    999.000
    DBFAS_EE           0.000      0.000    999.000    999.000
    AHRZ_COL_D         0.000      0.000    999.000    999.000
    BHRZ_COL_D         0.000      0.000    999.000    999.000
    CHRZ_COL_D         0.000      0.000    999.000    999.000
    DHRZ_COL_D         0.000      0.000    999.000    999.000
    P2                62.583      8.998      6.955      0.000
    P3                62.583      8.998      6.955      0.000
    P4                62.583      8.998      6.955      0.000
    V2                80.801      9.208      8.775      0.000
    V3                80.801      9.208      8.775      0.000
    V4                80.801      9.208      8.775      0.000

Group D5

 P1       BY
    ABFAS_EE           1.000      0.000    999.000    999.000

 P2       BY
    BBFAS_EE           1.000      0.000    999.000    999.000

 P3       BY
    CBFAS_EE           1.000      0.000    999.000    999.000

 P4       BY
    DBFAS_EE           1.000      0.000    999.000    999.000

 V1       BY
    AHRZ_COL_D         1.000      0.000    999.000    999.000

 V2       BY
    BHRZ_COL_D         1.000      0.000    999.000    999.000

 V3       BY
    CHRZ_COL_D         1.000      0.000    999.000    999.000

 V4       BY
    DHRZ_COL_D         1.000      0.000    999.000    999.000

 P4         ON
    P3                -0.129      0.092     -1.404      0.160
    V3                -0.070      0.091     -0.765      0.444

 P3         ON
    P2                -0.129      0.092     -1.404      0.160
    V2                -0.070      0.091     -0.765      0.444

 P2         ON
    P1                -0.129      0.092     -1.404      0.160
    V1                -0.070      0.091     -0.765      0.444

 V4         ON
    V3                 0.454      0.143      3.182      0.001
    P3                -0.294      0.146     -2.007      0.045

 V3         ON
    V2                 0.454      0.143      3.182      0.001
    P2                -0.294      0.146     -2.007      0.045

 V2         ON
    V1                 0.454      0.143      3.182      0.001
    P1                -0.294      0.146     -2.007      0.045

 S_BFAS_E WITH
    I_BFAS_EE        249.783    157.504      1.586      0.113
    S_HRZ_COL_         3.506      2.747      1.277      0.202
    I_HRZ_COL_       116.173     86.390      1.345      0.179

 I_BFAS_E WITH
    S_HRZ_COL_       118.088     87.772      1.345      0.178
    I_HRZ_COL_      4056.277   2762.866      1.468      0.142

 S_HRZ_CO WITH
    I_HRZ_COL_       143.865     76.417      1.883      0.060

 P1       WITH
    V1                -9.047     11.766     -0.769      0.442

 P2       WITH
    V2                 4.858      5.141      0.945      0.345

 P3       WITH
    V3                 4.858      5.141      0.945      0.345

 P4       WITH
    V4                 4.858      5.141      0.945      0.345

 Means
    P1                 0.000      0.000    999.000    999.000
    V1                 0.000      0.000    999.000    999.000
    I_BFAS_EE         47.130     13.395      3.518      0.000
    S_BFAS_EE         -0.586      0.412     -1.421      0.155
    I_HRZ_COL_        34.663     16.293      2.128      0.033
    S_HRZ_COL_        -1.317      0.504     -2.611      0.009

 Intercepts
    ABFAS_EE           0.000      0.000    999.000    999.000
    BBFAS_EE           0.000      0.000    999.000    999.000
    CBFAS_EE           0.000      0.000    999.000    999.000
    DBFAS_EE           0.000      0.000    999.000    999.000
    AHRZ_COL_D         0.000      0.000    999.000    999.000
    BHRZ_COL_D         0.000      0.000    999.000    999.000
    CHRZ_COL_D         0.000      0.000    999.000    999.000
    DHRZ_COL_D         0.000      0.000    999.000    999.000
    P2                 0.000      0.000    999.000    999.000
    P3                 0.000      0.000    999.000    999.000
    P4                 0.000      0.000    999.000    999.000
    V2                 0.000      0.000    999.000    999.000
    V3                 0.000      0.000    999.000    999.000
    V4                 0.000      0.000    999.000    999.000

 Variances
    P1                59.611     12.443      4.791      0.000
    V1                52.063     13.154      3.958      0.000
    I_BFAS_EE       8524.589   5039.006      1.692      0.091
    S_BFAS_EE          7.600      4.918      1.545      0.122
    I_HRZ_COL_      4615.517   2368.133      1.949      0.051
    S_HRZ_COL_         4.642      2.483      1.870      0.062

 Residual Variances
    ABFAS_EE           0.000      0.000    999.000    999.000
    BBFAS_EE           0.000      0.000    999.000    999.000
    CBFAS_EE           0.000      0.000    999.000    999.000
    DBFAS_EE           0.000      0.000    999.000    999.000
    AHRZ_COL_D         0.000      0.000    999.000    999.000
    BHRZ_COL_D         0.000      0.000    999.000    999.000
    CHRZ_COL_D         0.000      0.000    999.000    999.000
    DHRZ_COL_D         0.000      0.000    999.000    999.000
    P2                32.552      5.654      5.758      0.000
    P3                32.552      5.654      5.758      0.000
    P4                32.552      5.654      5.758      0.000
    V2               100.506     12.813      7.844      0.000
    V3               100.506     12.813      7.844      0.000
    V4               100.506     12.813      7.844      0.000


QUALITY OF NUMERICAL RESULTS

     Condition Number for the Information Matrix              0.667E-09
       (ratio of smallest to largest eigenvalue)


     Beginning Time:  18:51:16
        Ending Time:  18:51:32
       Elapsed Time:  00:00:16



MUTHEN & MUTHEN
3463 Stoner Ave.
Los Angeles, CA  90066

Tel: (310) 391-9971
Fax: (310) 391-8971
Web: www.StatModel.com
Support: Support@StatModel.com

Copyright (c) 1998-2017 Muthen & Muthen
