Mplus VERSION 6.12
MUTHEN & MUTHEN
03/21/2016   2:32 PM

INPUT INSTRUCTIONS


  title: PxVx Univariate - Nat MeanOnly I_N with Lin HRZ_COL;
  data: file = E:\Projects\lnt_pxvx\Data\LT_informants3.txt;

  variable:
  names =
  subjid
  Sample
  aGENDER
  aAGE
  aethnic1
  aethnic2
  aedu_mom
  aedu_dad
  aEDUCATN
  bEDUCATN
  cEDUCATN
  aEMPLOYD
  bEMPLOYD
  cEMPLOYD
  dEMPLOYD
  aINCOME
  bINCOME
  cINCOME
  dINCOME
  aS_SCALE
  bS_SCALE
  cS_SCALE
  dS_SCALE
  aD_SCALE
  bD_SCALE
  cD_SCALE
  dD_SCALE
  aS_COMP
  bS_COMP
  cS_COMP
  dS_COMP
  aD_COMP
  bD_COMP
  cD_COMP
  dD_COMP
  aBFI_A
  aBFI_A6
  aBFI_C
  aBFI_E
  aBFI_HP
  aBFI_N
  aBFI_O
  bBFI_A
  bBFI_A6
  bBFI_C
  bBFI_E
  bBFI_HP
  bBFI_N
  bBFI_O
  cBFI_A
  cBFI_A6
  cBFI_C
  cBFI_E
  cBFI_HP
  cBFI_N
  cBFI_O
  dBFI_A
  dBFI_A6
  dBFI_C
  dBFI_E
  dBFI_HP
  dBFI_N
  dBFI_O
  aBFA_AC
  aBFA_AP
  aBFA_CI
  aBFA_CO
  aBFA_EA
  aBFA_EE
  aBFA_N9
  aBFA_NV
  aBFA_NW
  aBFA_OI
  aBFA_OO
  aBFA_PS
  aBFA_MT
  bBFA_AC
  bBFA_AP
  bBFA_CI
  bBFA_CO
  bBFA_EA
  bBFA_EE
  bBFA_N9
  bBFA_NV
  bBFA_NW
  bBFA_OI
  bBFA_OO
  bBFA_MT
  bBFA_PS
  cBFA_AC
  cBFA_AP
  cBFA_CI
  cBFA_CO
  cBFA_EA
  cBFA_EE
  cBFA_N9
  cBFA_NV
  cBFA_NW
  cBFA_OI
  cBFA_OO
  cBFA_MT
  cBFA_PS
  dBFA_AC
  dBFA_AP
  dBFA_CI
  dBFA_CO
  dBFA_EA
  dBFA_EE
  dBFA_N9
  dBFA_NV
  dBFA_NW
  dBFA_OI
  dBFA_OO
  dBFA_MT
  dBFA_PS
  aUSI
  bUSI
  cUSI
  dUSI
  aHRZ_IND
  bHRZ_IND
  cHRZ_IND
  dHRZ_IND
  aVRT_IND
  bVRT_IND
  cVRT_IND
  dVRT_IND
  aHRZ_COL
  bHRZ_COL
  cHRZ_COL
  dHRZ_COL
  aVRT_COL
  bVRT_COL
  cVRT_COL
  dVRT_COL
  aCOLLCTV
  bCOLLCTV
  cCOLLCTV
  dCOLLCTV
  aMVS
  bMVS
  cMVS
  dMVS
  aST
  bST
  cST
  dST
  aSD
  bSD
  cSD
  dSD
  aMVS_mc
  bMVS_mc
  cMVS_mc
  dMVS_mc
  aST_mc
  bST_mc
  cST_mc
  dST_mc
  aSD_mc
  bSD_mc
  cSD_mc
  dSD_mc
  bMEANING
  cMEANING
  dMEANING
  bMEAN_L
  cMEAN_L
  dMEAN_L
  bMEANNGc
  cMEANNGc
  dMEANNGc
  bMEANGlc
  cMEANGlc
  dMEANGlc
  bCLASSIC
  cCLASSIC
  dCLASSIC
  bCLASSCc
  cCLASSCc
  dCLASSCc
  bAGR_VAL
  cAGR_VAL
  dAGR_VAL
  bOPN_VAL
  cOPN_VAL
  dOPN_VAL
  bAGR_VLc
  cAGR_VLc
  dAGR_VLc
  bOPNVALc
  cOPNVALc
  dOPNVALc
  aMV_pomp
  bMV_pomp
  cMV_pomp
  dMV_pomp
  aST_pomp
  bST_pomp
  cST_pomp
  dST_pomp
  aSD_pomp
  bSD_pomp
  cSD_pomp
  dSD_pomp
  agoal_eco
  bgoal_eco
  cgoal_eco
  dgoal_eco
  aAspfinc
  bAspfinc
  cAspfinc
  dAspfinc
  abfi_hp8
  bbfi_hp8
  cbfi_hp8
  dbfi_hp8
  aP_S_BFI
  aP_D_BFI
  aECgoalc
  bECgoalC
  cECgoalC
  dECgoalC
  aaspfin
  baspfin
  caspfin
  daspfin
  aasp_mn2
  basp_mn2
  casp_mn2
  dasp_mn2
  aas12mc2
  aas13mc2
  aas14mc2
  aas15mc2
  aas16mc2
  bas12mc2
  bas13mc2
  bas14mc2
  bas15mc2
  bas16mc2
  cas12mc2
  cas13mc2
  cas14mc2
  cas15mc2
  cas16mc2
  das12mc2
  das13mc2
  das14mc2
  das15mc2
  das16mc2
  aas_f_c2
  bas_f_c2
  cas_f_c2
  das_f_c2
  aI_E
  aI_A
  aI_C
  aI_N
  aI_O
  aI_S
  aI_D
  bI_E
  bI_A
  bI_C
  bI_N
  bI_O
  bI_S
  bI_D
  cI_E
  cI_A
  cI_C
  cI_N
  cI_O
  cI_S
  cI_D
  dI_E
  dI_A
  dI_C
  dI_N
  dI_O
  dI_S
  dI_D
  T1_any_I
  T2_any_I
  T3_any_I
  T4_any_I
  aI_H
  bI_H
  cI_H
  dI_H
  aMVI_POMP
  bMVI_POMP
  cMVI_POMP
  dMVI_POMP;



  USEVARIABLES =
  aI_N
  bI_N
  cI_N
  dI_N
  aHRZ_COL
  bHRZ_COL
  cHRZ_COL
  dHRZ_COL
  bage_c
  cage_c
  dage_c
  ;

  missing = all (-9999);

  USEOBSERVATIONS are Sample == 1; ! National Sample

  tscores = bage_c cage_c dage_c;

  DEFINE:
  bage_c = aAGE + 1 - 36;
  cage_c = aAGE + 2 - 36;
  dage_c = aAGE + 3 - 36;

  ANALYSIS:
  TYPE=RANDOM;
  PROCESSORS = 8;

  MODEL:

  i_I_N s_I_N | bI_N cI_N dI_N AT bage_c cage_c dage_c;
  i_HRZ_COL s_HRZ_COL | bHRZ_COL cHRZ_COL dHRZ_COL AT bage_c cage_c dage_c;


  !After Bollen and Curran initial observation is not part of LGM

  dI_N on cI_N (a); ! Autoregressive paths constrained to equality
  cI_N on bI_N (a);
  bI_N on aI_N (a);

  dHRZ_COL on cHRZ_COL (b); ! Autoregressive paths constrained to equality
  cHRZ_COL on bHRZ_COL (b);
  bHRZ_COL on aHRZ_COL (b);

  bI_N cI_N dI_N (c); !Equality constraint on residuals
  bHRZ_COL cHRZ_COL dHRZ_COL (d); !Equality constraint on residuals

  dHRZ_COL on cI_N (x); ! Cross-lagged paths constrained to equality
  cHRZ_COL on bI_N (x);
  bHRZ_COL on aI_N (x);

  dI_N on cHRZ_COL (y); ! Cross-lagged paths constrained to equality
  cI_N on bHRZ_COL (y);
  bI_N on aHRZ_COL (y);

  dHRZ_COL with dI_N (w); ! within-wave correlations constrained to equality
  cHRZ_COL with cI_N (w);
  bHRZ_COL with bI_N (w);

  aI_N aHRZ_COL i_I_N i_HRZ_COL
  s_HRZ_COL
  with
  s_HRZ_COL
  aI_N aHRZ_COL i_I_N i_HRZ_COL;

  s_I_N@0;


  OUTPUT: SAMPSTAT PATTERNS;



*** WARNING
  Variable name contains more than 8 characters.
  Only the first 8 characters will be printed in the output.
  Variable: AGOAL_ECO
*** WARNING
  Variable name contains more than 8 characters.
  Only the first 8 characters will be printed in the output.
  Variable: BGOAL_ECO
*** WARNING
  Variable name contains more than 8 characters.
  Only the first 8 characters will be printed in the output.
  Variable: CGOAL_ECO
*** WARNING
  Variable name contains more than 8 characters.
  Only the first 8 characters will be printed in the output.
  Variable: DGOAL_ECO
*** WARNING
  Variable name contains more than 8 characters.
  Only the first 8 characters will be printed in the output.
  Variable: AMVI_POMP
*** WARNING
  Variable name contains more than 8 characters.
  Only the first 8 characters will be printed in the output.
  Variable: BMVI_POMP
*** WARNING
  Variable name contains more than 8 characters.
  Only the first 8 characters will be printed in the output.
  Variable: CMVI_POMP
*** WARNING
  Variable name contains more than 8 characters.
  Only the first 8 characters will be printed in the output.
  Variable: DMVI_POMP
*** WARNING
  Variable name contains more than 8 characters.
  Only the first 8 characters will be printed in the output.
  Variable: I_HRZ_COL
*** WARNING
  Variable name contains more than 8 characters.
  Only the first 8 characters will be printed in the output.
  Variable: S_HRZ_COL
*** WARNING in MODEL command
  All continuous latent variable covariances involving S_I_N have been fixed to 0
  because the variance of S_I_N is fixed at 0.
*** WARNING
  Data set contains cases with missing on time scores but non-missing on the
  corresponding dependent variables.  These cases were not included in the analysis.
  Number of such cases:  13
  12 WARNING(S) FOUND IN THE INPUT INSTRUCTIONS



PxVx Univariate - Nat MeanOnly I_N with Lin HRZ_COL;

SUMMARY OF ANALYSIS

Number of groups                                                 1
Number of observations                                         595

Number of dependent variables                                    6
Number of independent variables                                  2
Number of continuous latent variables                            4

Observed dependent variables

  Continuous
   BI_N        CI_N        DI_N        BHRZ_COL    CHRZ_COL    DHRZ_COL

Observed independent variables
   AI_N        AHRZ_COL

Continuous latent variables
   I_I_N       S_I_N       I_HRZ_CO    S_HRZ_CO

Variables with special functions

  Time scores
   BAGE_C      CAGE_C      DAGE_C


Estimator                                                      MLR
Information matrix                                        OBSERVED
Maximum number of iterations                                   100
Convergence criterion                                    0.100D-05
Maximum number of EM iterations                                500
Convergence criteria for the EM algorithm
  Loglikelihood change                                   0.100D-02
  Relative loglikelihood change                          0.100D-05
  Derivative                                             0.100D-03
Minimum variance                                         0.100D-03
Maximum number of steepest descent iterations                   20
Maximum number of iterations for H1                           2000
Convergence criterion for H1                             0.100D-03
Optimization algorithm                                         EMA

Input data file(s)
  E:\Projects\lnt_pxvx\Data\LT_informants3.txt
Input data format  FREE


SUMMARY OF DATA

     Number of missing data patterns            48


SUMMARY OF MISSING DATA PATTERNS


     MISSING DATA PATTERNS (x = not missing)

           1  2  3  4  5  6  7  8  9 10 11 12 13 14 15 16 17 18 19 20
 BI_N      x              x  x  x  x  x     x  x                    x
 CI_N      x        x           x  x  x                 x        x  x
 DI_N      x           x     x  x           x  x     x  x  x
 BHRZ_COL  x     x  x  x  x  x  x  x  x     x  x  x  x  x  x  x  x  x
 CHRZ_COL  x     x  x     x  x  x  x  x  x  x        x  x  x     x  x
 DHRZ_COL  x     x  x  x  x  x  x  x  x  x  x  x  x  x  x  x     x
 AI_N      x  x  x           x     x     x        x        x  x  x
 AHRZ_COL  x  x  x  x  x  x  x  x  x  x  x  x  x  x  x  x  x  x  x  x

          21 22 23 24 25 26 27 28 29 30 31 32 33 34 35 36 37 38 39 40
 BI_N      x  x        x     x     x           x        x
 CI_N            x  x        x        x  x        x           x  x
 DI_N            x                    x     x        x     x        x
 BHRZ_COL  x  x  x  x  x     x     x        x  x        x     x
 CHRZ_COL  x     x  x     x  x     x  x  x        x     x     x  x  x
 DHRZ_COL        x              x     x  x     x     x  x  x        x
 AI_N      x  x  x        x  x  x     x  x        x  x  x     x     x
 AHRZ_COL  x  x  x  x  x  x  x  x  x  x  x  x  x  x  x  x  x  x  x  x

          41 42 43 44 45 46 47 48
 BI_N      x  x  x     x
 CI_N         x        x     x  x
 DI_N      x           x  x  x  x
 BHRZ_COL  x  x     x  x
 CHRZ_COL     x  x  x  x  x  x  x
 DHRZ_COL  x  x  x     x  x  x  x
 AI_N      x     x  x  x
 AHRZ_COL  x     x  x     x  x


     MISSING DATA PATTERN FREQUENCIES

    Pattern   Frequency     Pattern   Frequency     Pattern   Frequency
          1         172          17           9          33           2
          2          34          18          16          34           3
          3          25          19          11          35           3
          4          18          20           5          36          12
          5           5          21           6          37           2
          6          15          22          13          38           2
          7          17          23          16          39           3
          8          38          24           4          40           2
          9          28          25           5          41           6
         10          17          26           6          42           1
         11           7          27          12          43           1
         12          18          28           8          44           4
         13           2          29           2          45           1
         14           3          30           7          46           1
         15          15          31           1          47           2
         16          13          32           1          48           1


COVARIANCE COVERAGE OF DATA

Minimum covariance coverage value   0.100


     PROPORTION OF DATA PRESENT


           Covariance Coverage
              BI_N          CI_N          DI_N          BHRZ_COL      CHRZ_COL
              ________      ________      ________      ________      ________
 BI_N           0.627
 CI_N           0.461         0.597
 DI_N           0.427         0.420         0.556
 BHRZ_COL       0.625         0.568         0.526         0.864
 CHRZ_COL       0.580         0.597         0.524         0.775         0.832
 DHRZ_COL       0.555         0.548         0.555         0.746         0.753
 AI_N           0.450         0.425         0.392         0.593         0.575
 AHRZ_COL       0.624         0.592         0.553         0.861         0.827


           Covariance Coverage
              DHRZ_COL      AI_N          AHRZ_COL
              ________      ________      ________
 DHRZ_COL       0.805
 AI_N           0.553         0.714
 AHRZ_COL       0.800         0.713         0.995


SAMPLE STATISTICS


     ESTIMATED SAMPLE STATISTICS


           Means
              BI_N          CI_N          DI_N          BHRZ_COL      CHRZ_COL
              ________      ________      ________      ________      ________
 1             41.144        43.735        42.185        71.700        72.902


           Means
              DHRZ_COL      AI_N          AHRZ_COL
              ________      ________      ________
 1             71.899        42.046        72.738


           Covariances
              BI_N          CI_N          DI_N          BHRZ_COL      CHRZ_COL
              ________      ________      ________      ________      ________
 BI_N         680.685
 CI_N         469.901       715.513
 DI_N         476.744       518.587       759.445
 BHRZ_COL     -49.221       -98.278       -61.240       272.430
 CHRZ_COL     -73.151      -101.911       -80.737       200.560       283.966
 DHRZ_COL     -27.821       -86.375       -63.965       197.200       209.964
 AI_N         427.045       406.526       428.044       -65.435       -66.602
 AHRZ_COL     -40.080       -86.171       -69.785       202.406       191.040


           Covariances
              DHRZ_COL      AI_N          AHRZ_COL
              ________      ________      ________
 DHRZ_COL     291.831
 AI_N         -55.158       746.988
 AHRZ_COL     197.391       -46.335       279.398


           Correlations
              BI_N          CI_N          DI_N          BHRZ_COL      CHRZ_COL
              ________      ________      ________      ________      ________
 BI_N           1.000
 CI_N           0.673         1.000
 DI_N           0.663         0.704         1.000
 BHRZ_COL      -0.114        -0.223        -0.135         1.000
 CHRZ_COL      -0.166        -0.226        -0.174         0.721         1.000
 DHRZ_COL      -0.062        -0.189        -0.136         0.699         0.729
 AI_N           0.599         0.556         0.568        -0.145        -0.145
 AHRZ_COL      -0.092        -0.193        -0.151         0.734         0.678


           Correlations
              DHRZ_COL      AI_N          AHRZ_COL
              ________      ________      ________
 DHRZ_COL       1.000
 AI_N          -0.118         1.000
 AHRZ_COL       0.691        -0.101         1.000


     MAXIMUM LOG-LIKELIHOOD VALUE FOR THE UNRESTRICTED (H1) MODEL IS -14881.947


THE MODEL ESTIMATION TERMINATED NORMALLY



MODEL FIT INFORMATION

Number of Free Parameters                       28

Loglikelihood

          H0 Value                      -14886.471
          H0 Scaling Correction Factor       1.130
            for MLR

Information Criteria

          Akaike (AIC)                   29828.942
          Bayesian (BIC)                 29951.822
          Sample-Size Adjusted BIC       29862.930
            (n* = (n + 2) / 24)



MODEL RESULTS

                                                    Two-Tailed
                    Estimate       S.E.  Est./S.E.    P-Value

 DI_N       ON
    CI_N               0.095      0.077      1.239      0.215
    CHRZ_COL          -0.075      0.050     -1.506      0.132

 CI_N       ON
    BI_N               0.095      0.077      1.239      0.215
    BHRZ_COL          -0.075      0.050     -1.506      0.132

 BI_N       ON
    AI_N               0.095      0.077      1.239      0.215
    AHRZ_COL          -0.075      0.050     -1.506      0.132

 DHRZ_COL   ON
    CHRZ_COL           0.151      0.059      2.562      0.010
    CI_N              -0.050      0.024     -2.057      0.040

 CHRZ_COL   ON
    BHRZ_COL           0.151      0.059      2.562      0.010
    BI_N              -0.050      0.024     -2.057      0.040

 BHRZ_COL   ON
    AHRZ_COL           0.151      0.059      2.562      0.010
    AI_N              -0.050      0.024     -2.057      0.040

 I_HRZ_CO WITH
    I_I_N            -14.486     20.778     -0.697      0.486

 S_HRZ_CO WITH
    I_I_N             -0.261      0.824     -0.317      0.751
    I_HRZ_COL         -0.792      0.473     -1.675      0.094

 AI_N     WITH
    I_I_N            366.143     52.431      6.983      0.000
    I_HRZ_COL        -22.901     21.492     -1.066      0.287
    S_HRZ_COL         -1.553      1.192     -1.302      0.193

 AHRZ_COL WITH
    I_I_N            -40.449     19.704     -2.053      0.040
    I_HRZ_COL        157.756     18.788      8.397      0.000
    S_HRZ_COL          0.148      0.752      0.196      0.844

 DHRZ_COL WITH
    DI_N              -5.597      6.333     -0.884      0.377

 CHRZ_COL WITH
    CI_N              -5.597      6.333     -0.884      0.377

 BHRZ_COL WITH
    BI_N              -5.597      6.333     -0.884      0.377

 AHRZ_COL WITH
    AI_N             -45.600     19.469     -2.342      0.019

 Means
    AI_N              42.066      1.222     34.435      0.000
    AHRZ_COL          72.740      0.686    106.074      0.000
    I_I_N             43.935      5.047      8.705      0.000
    S_I_N             -0.105      0.079     -1.322      0.186
    I_HRZ_COL         63.217      4.494     14.067      0.000
    S_HRZ_COL          0.058      0.036      1.614      0.107

 Intercepts
    BI_N               0.000      0.000    999.000    999.000
    CI_N               0.000      0.000    999.000    999.000
    DI_N               0.000      0.000    999.000    999.000
    BHRZ_COL           0.000      0.000    999.000    999.000
    CHRZ_COL           0.000      0.000    999.000    999.000
    DHRZ_COL           0.000      0.000    999.000    999.000

 Variances
    AI_N             748.201     39.535     18.925      0.000
    AHRZ_COL         279.366     19.271     14.497      0.000
    I_I_N            375.809     77.070      4.876      0.000
    S_I_N              0.000      0.000    999.000    999.000
    I_HRZ_COL        130.608     24.379      5.357      0.000
    S_HRZ_COL          0.037      0.055      0.679      0.497

 Residual Variances
    BI_N             247.389     22.580     10.956      0.000
    CI_N             247.389     22.580     10.956      0.000
    DI_N             247.389     22.580     10.956      0.000
    BHRZ_COL          88.197      5.841     15.100      0.000
    CHRZ_COL          88.197      5.841     15.100      0.000
    DHRZ_COL          88.197      5.841     15.100      0.000


QUALITY OF NUMERICAL RESULTS

     Condition Number for the Information Matrix              0.542E-06
       (ratio of smallest to largest eigenvalue)


     Beginning Time:  14:32:55
        Ending Time:  14:32:59
       Elapsed Time:  00:00:04



MUTHEN & MUTHEN
3463 Stoner Ave.
Los Angeles, CA  90066

Tel: (310) 391-9971
Fax: (310) 391-8971
Web: www.StatModel.com
Support: Support@StatModel.com

Copyright (c) 1998-2011 Muthen & Muthen
