Mplus VERSION 6.12
MUTHEN & MUTHEN
03/31/2016   9:19 AM

INPUT INSTRUCTIONS


  title: PxVx Univariate - Nat MeanOnly I_H with MeanOnly VRT_COL;
  data: file = E:\Projects\lnt_pxvx\Data\LT_informants3.txt;

  variable:
  names =
  subjid
  Sample
  aGENDER
  aAGE
  aethnic1
  aethnic2
  aedu_mom
  aedu_dad
  aEDUCATN
  bEDUCATN
  cEDUCATN
  aEMPLOYD
  bEMPLOYD
  cEMPLOYD
  dEMPLOYD
  aINCOME
  bINCOME
  cINCOME
  dINCOME
  aS_SCALE
  bS_SCALE
  cS_SCALE
  dS_SCALE
  aD_SCALE
  bD_SCALE
  cD_SCALE
  dD_SCALE
  aS_COMP
  bS_COMP
  cS_COMP
  dS_COMP
  aD_COMP
  bD_COMP
  cD_COMP
  dD_COMP
  aBFI_A
  aBFI_A6
  aBFI_C
  aBFI_E
  aBFI_HP
  aBFI_N
  aBFI_O
  bBFI_A
  bBFI_A6
  bBFI_C
  bBFI_E
  bBFI_HP
  bBFI_N
  bBFI_O
  cBFI_A
  cBFI_A6
  cBFI_C
  cBFI_E
  cBFI_HP
  cBFI_N
  cBFI_O
  dBFI_A
  dBFI_A6
  dBFI_C
  dBFI_E
  dBFI_HP
  dBFI_N
  dBFI_O
  aBFA_AC
  aBFA_AP
  aBFA_CI
  aBFA_CO
  aBFA_EA
  aBFA_EE
  aBFA_N9
  aBFA_NV
  aBFA_NW
  aBFA_OI
  aBFA_OO
  aBFA_PS
  aBFA_MT
  bBFA_AC
  bBFA_AP
  bBFA_CI
  bBFA_CO
  bBFA_EA
  bBFA_EE
  bBFA_N9
  bBFA_NV
  bBFA_NW
  bBFA_OI
  bBFA_OO
  bBFA_MT
  bBFA_PS
  cBFA_AC
  cBFA_AP
  cBFA_CI
  cBFA_CO
  cBFA_EA
  cBFA_EE
  cBFA_N9
  cBFA_NV
  cBFA_NW
  cBFA_OI
  cBFA_OO
  cBFA_MT
  cBFA_PS
  dBFA_AC
  dBFA_AP
  dBFA_CI
  dBFA_CO
  dBFA_EA
  dBFA_EE
  dBFA_N9
  dBFA_NV
  dBFA_NW
  dBFA_OI
  dBFA_OO
  dBFA_MT
  dBFA_PS
  aUSI
  bUSI
  cUSI
  dUSI
  aHRZ_IND
  bHRZ_IND
  cHRZ_IND
  dHRZ_IND
  aVRT_IND
  bVRT_IND
  cVRT_IND
  dVRT_IND
  aHRZ_COL
  bHRZ_COL
  cHRZ_COL
  dHRZ_COL
  aVRT_COL
  bVRT_COL
  cVRT_COL
  dVRT_COL
  aCOLLCTV
  bCOLLCTV
  cCOLLCTV
  dCOLLCTV
  aMVS
  bMVS
  cMVS
  dMVS
  aST
  bST
  cST
  dST
  aSD
  bSD
  cSD
  dSD
  aMVS_mc
  bMVS_mc
  cMVS_mc
  dMVS_mc
  aST_mc
  bST_mc
  cST_mc
  dST_mc
  aSD_mc
  bSD_mc
  cSD_mc
  dSD_mc
  bMEANING
  cMEANING
  dMEANING
  bMEAN_L
  cMEAN_L
  dMEAN_L
  bMEANNGc
  cMEANNGc
  dMEANNGc
  bMEANGlc
  cMEANGlc
  dMEANGlc
  bCLASSIC
  cCLASSIC
  dCLASSIC
  bCLASSCc
  cCLASSCc
  dCLASSCc
  bAGR_VAL
  cAGR_VAL
  dAGR_VAL
  bOPN_VAL
  cOPN_VAL
  dOPN_VAL
  bAGR_VLc
  cAGR_VLc
  dAGR_VLc
  bOPNVALc
  cOPNVALc
  dOPNVALc
  aMV_pomp
  bMV_pomp
  cMV_pomp
  dMV_pomp
  aST_pomp
  bST_pomp
  cST_pomp
  dST_pomp
  aSD_pomp
  bSD_pomp
  cSD_pomp
  dSD_pomp
  agoal_eco
  bgoal_eco
  cgoal_eco
  dgoal_eco
  aAspfinc
  bAspfinc
  cAspfinc
  dAspfinc
  abfi_hp8
  bbfi_hp8
  cbfi_hp8
  dbfi_hp8
  aP_S_BFI
  aP_D_BFI
  aECgoalc
  bECgoalC
  cECgoalC
  dECgoalC
  aaspfin
  baspfin
  caspfin
  daspfin
  aasp_mn2
  basp_mn2
  casp_mn2
  dasp_mn2
  aas12mc2
  aas13mc2
  aas14mc2
  aas15mc2
  aas16mc2
  bas12mc2
  bas13mc2
  bas14mc2
  bas15mc2
  bas16mc2
  cas12mc2
  cas13mc2
  cas14mc2
  cas15mc2
  cas16mc2
  das12mc2
  das13mc2
  das14mc2
  das15mc2
  das16mc2
  aas_f_c2
  bas_f_c2
  cas_f_c2
  das_f_c2
  aI_E
  aI_A
  aI_C
  aI_N
  aI_O
  aI_S
  aI_D
  bI_E
  bI_A
  bI_C
  bI_N
  bI_O
  bI_S
  bI_D
  cI_E
  cI_A
  cI_C
  cI_N
  cI_O
  cI_S
  cI_D
  dI_E
  dI_A
  dI_C
  dI_N
  dI_O
  dI_S
  dI_D
  T1_any_I
  T2_any_I
  T3_any_I
  T4_any_I
  aI_H
  bI_H
  cI_H
  dI_H
  aMVI_POMP
  bMVI_POMP
  cMVI_POMP
  dMVI_POMP;



  USEVARIABLES =
  aI_H
  bI_H
  cI_H
  dI_H
  aVRT_COL
  bVRT_COL
  cVRT_COL
  dVRT_COL
  bage_c
  cage_c
  dage_c
  ;

  missing = all (-9999);

  USEOBSERVATIONS are Sample == 1; ! National Sample

  tscores = bage_c cage_c dage_c;

  DEFINE:
  bage_c = aAGE + 1 - 36;
  cage_c = aAGE + 2 - 36;
  dage_c = aAGE + 3 - 36;

  ANALYSIS:
  TYPE=RANDOM;
  PROCESSORS = 8;

  MODEL:

  i_I_H s_I_H | bI_H cI_H dI_H AT bage_c cage_c dage_c;
  i_VRT_COL s_VRT_COL | bVRT_COL cVRT_COL dVRT_COL AT bage_c cage_c dage_c;


  !After Bollen and Curran initial observation is not part of LGM

  dI_H on cI_H (a); ! Autoregressive paths constrained to equality
  cI_H on bI_H (a);
  bI_H on aI_H (a);

  dVRT_COL on cVRT_COL (b); ! Autoregressive paths constrained to equality
  cVRT_COL on bVRT_COL (b);
  bVRT_COL on aVRT_COL (b);

  bI_H cI_H dI_H (c); !Equality constraint on residuals
  bVRT_COL cVRT_COL dVRT_COL (d); !Equality constraint on residuals

  dVRT_COL on cI_H (x); ! Cross-lagged paths constrained to equality
  cVRT_COL on bI_H (x);
  bVRT_COL on aI_H (x);

  dI_H on cVRT_COL (y); ! Cross-lagged paths constrained to equality
  cI_H on bVRT_COL (y);
  bI_H on aVRT_COL (y);

  dVRT_COL with dI_H (w); ! within-wave correlations constrained to equality
  cVRT_COL with cI_H (w);
  bVRT_COL with bI_H (w);

  aI_H aVRT_COL i_I_H i_VRT_COL
  with
  aI_H aVRT_COL i_I_H i_VRT_COL;

  s_I_H@0;

  s_VRT_COL@0;

  OUTPUT: SAMPSTAT PATTERNS;



*** WARNING
  Variable name contains more than 8 characters.
  Only the first 8 characters will be printed in the output.
  Variable: AGOAL_ECO
*** WARNING
  Variable name contains more than 8 characters.
  Only the first 8 characters will be printed in the output.
  Variable: BGOAL_ECO
*** WARNING
  Variable name contains more than 8 characters.
  Only the first 8 characters will be printed in the output.
  Variable: CGOAL_ECO
*** WARNING
  Variable name contains more than 8 characters.
  Only the first 8 characters will be printed in the output.
  Variable: DGOAL_ECO
*** WARNING
  Variable name contains more than 8 characters.
  Only the first 8 characters will be printed in the output.
  Variable: AMVI_POMP
*** WARNING
  Variable name contains more than 8 characters.
  Only the first 8 characters will be printed in the output.
  Variable: BMVI_POMP
*** WARNING
  Variable name contains more than 8 characters.
  Only the first 8 characters will be printed in the output.
  Variable: CMVI_POMP
*** WARNING
  Variable name contains more than 8 characters.
  Only the first 8 characters will be printed in the output.
  Variable: DMVI_POMP
*** WARNING
  Variable name contains more than 8 characters.
  Only the first 8 characters will be printed in the output.
  Variable: I_VRT_COL
*** WARNING
  Variable name contains more than 8 characters.
  Only the first 8 characters will be printed in the output.
  Variable: S_VRT_COL
*** WARNING in MODEL command
  All continuous latent variable covariances involving S_I_H have been fixed to 0
  because the variance of S_I_H is fixed at 0.
*** WARNING in MODEL command
  All continuous latent variable covariances involving S_VRT_COL have been fixed to 0
  because the variance of S_VRT_COL is fixed at 0.
*** WARNING
  Data set contains cases with missing on time scores but non-missing on the
  corresponding dependent variables.  These cases were not included in the analysis.
  Number of such cases:  13
  13 WARNING(S) FOUND IN THE INPUT INSTRUCTIONS



PxVx Univariate - Nat MeanOnly I_H with MeanOnly VRT_COL;

SUMMARY OF ANALYSIS

Number of groups                                                 1
Number of observations                                         595

Number of dependent variables                                    6
Number of independent variables                                  2
Number of continuous latent variables                            4

Observed dependent variables

  Continuous
   BI_H        CI_H        DI_H        BVRT_COL    CVRT_COL    DVRT_COL

Observed independent variables
   AI_H        AVRT_COL

Continuous latent variables
   I_I_H       S_I_H       I_VRT_CO    S_VRT_CO

Variables with special functions

  Time scores
   BAGE_C      CAGE_C      DAGE_C


Estimator                                                      MLR
Information matrix                                        OBSERVED
Maximum number of iterations                                   100
Convergence criterion                                    0.100D-05
Maximum number of EM iterations                                500
Convergence criteria for the EM algorithm
  Loglikelihood change                                   0.100D-02
  Relative loglikelihood change                          0.100D-05
  Derivative                                             0.100D-03
Minimum variance                                         0.100D-03
Maximum number of steepest descent iterations                   20
Maximum number of iterations for H1                           2000
Convergence criterion for H1                             0.100D-03
Optimization algorithm                                         EMA

Input data file(s)
  E:\Projects\lnt_pxvx\Data\LT_informants3.txt
Input data format  FREE


SUMMARY OF DATA

     Number of missing data patterns            48


SUMMARY OF MISSING DATA PATTERNS


     MISSING DATA PATTERNS (x = not missing)

           1  2  3  4  5  6  7  8  9 10 11 12 13 14 15 16 17 18 19 20
 BI_H      x              x  x  x  x  x     x  x                    x
 CI_H      x        x           x  x  x                 x        x  x
 DI_H      x           x     x  x           x  x     x  x  x
 BVRT_COL  x     x  x  x  x  x  x  x  x     x  x  x  x  x  x  x  x  x
 CVRT_COL  x     x  x     x  x  x  x  x  x  x        x  x  x     x  x
 DVRT_COL  x     x  x  x  x  x  x  x  x  x  x  x  x  x  x  x     x
 AI_H      x  x  x           x     x     x        x        x  x  x
 AVRT_COL  x  x  x  x  x  x  x  x  x  x  x  x  x  x  x  x  x  x  x  x

          21 22 23 24 25 26 27 28 29 30 31 32 33 34 35 36 37 38 39 40
 BI_H      x  x        x     x     x           x        x
 CI_H            x  x        x        x  x        x           x  x
 DI_H            x                    x     x        x     x        x
 BVRT_COL  x  x  x  x  x     x     x        x  x        x     x
 CVRT_COL  x     x  x     x  x     x  x  x        x     x     x  x  x
 DVRT_COL        x              x     x  x     x     x  x  x        x
 AI_H      x  x  x        x  x  x     x  x        x  x  x     x     x
 AVRT_COL  x  x  x  x  x  x  x  x  x  x  x  x  x  x  x  x  x  x  x  x

          41 42 43 44 45 46 47 48
 BI_H      x  x  x     x
 CI_H         x        x     x  x
 DI_H      x           x  x  x  x
 BVRT_COL  x  x     x  x
 CVRT_COL     x  x  x  x  x  x  x
 DVRT_COL  x  x  x     x  x  x  x
 AI_H      x     x  x  x
 AVRT_COL  x     x  x     x  x


     MISSING DATA PATTERN FREQUENCIES

    Pattern   Frequency     Pattern   Frequency     Pattern   Frequency
          1         172          17           9          33           2
          2          34          18          16          34           3
          3          25          19          11          35           3
          4          18          20           5          36          12
          5           5          21           6          37           2
          6          15          22          13          38           2
          7          17          23          16          39           3
          8          38          24           4          40           2
          9          28          25           5          41           6
         10          17          26           6          42           1
         11           7          27          12          43           1
         12          18          28           8          44           4
         13           2          29           2          45           1
         14           3          30           7          46           1
         15          15          31           1          47           2
         16          13          32           1          48           1


COVARIANCE COVERAGE OF DATA

Minimum covariance coverage value   0.100


     PROPORTION OF DATA PRESENT


           Covariance Coverage
              BI_H          CI_H          DI_H          BVRT_COL      CVRT_COL
              ________      ________      ________      ________      ________
 BI_H           0.627
 CI_H           0.461         0.597
 DI_H           0.427         0.420         0.556
 BVRT_COL       0.625         0.568         0.526         0.864
 CVRT_COL       0.580         0.597         0.524         0.775         0.832
 DVRT_COL       0.555         0.548         0.555         0.746         0.753
 AI_H           0.450         0.425         0.392         0.593         0.575
 AVRT_COL       0.624         0.592         0.553         0.861         0.827


           Covariance Coverage
              DVRT_COL      AI_H          AVRT_COL
              ________      ________      ________
 DVRT_COL       0.805
 AI_H           0.553         0.714
 AVRT_COL       0.800         0.713         0.995


SAMPLE STATISTICS


     ESTIMATED SAMPLE STATISTICS


           Means
              BI_H          CI_H          DI_H          BVRT_COL      CVRT_COL
              ________      ________      ________      ________      ________
 1             69.328        69.067        69.291        69.593        67.829


           Means
              DVRT_COL      AI_H          AVRT_COL
              ________      ________      ________
 1             68.227        68.174        71.219


           Covariances
              BI_H          CI_H          DI_H          BVRT_COL      CVRT_COL
              ________      ________      ________      ________      ________
 BI_H         326.210
 CI_H         186.637       366.821
 DI_H         182.323       231.559       324.494
 BVRT_COL      60.296        47.573        60.189       351.386
 CVRT_COL      32.729        58.631        53.142       255.288       370.715
 DVRT_COL      52.243        62.572        52.410       261.595       273.760
 AI_H         191.114       163.090       167.730        53.847        34.423
 AVRT_COL      48.814        59.027        61.554       241.370       231.933


           Covariances
              DVRT_COL      AI_H          AVRT_COL
              ________      ________      ________
 DVRT_COL     369.186
 AI_H          48.858       377.308
 AVRT_COL     238.440        45.544       328.399


           Correlations
              BI_H          CI_H          DI_H          BVRT_COL      CVRT_COL
              ________      ________      ________      ________      ________
 BI_H           1.000
 CI_H           0.540         1.000
 DI_H           0.560         0.671         1.000
 BVRT_COL       0.178         0.133         0.178         1.000
 CVRT_COL       0.094         0.159         0.153         0.707         1.000
 DVRT_COL       0.151         0.170         0.151         0.726         0.740
 AI_H           0.545         0.438         0.479         0.148         0.092
 AVRT_COL       0.149         0.170         0.189         0.711         0.665


           Correlations
              DVRT_COL      AI_H          AVRT_COL
              ________      ________      ________
 DVRT_COL       1.000
 AI_H           0.131         1.000
 AVRT_COL       0.685         0.129         1.000


     MAXIMUM LOG-LIKELIHOOD VALUE FOR THE UNRESTRICTED (H1) MODEL IS -14661.839


THE MODEL ESTIMATION TERMINATED NORMALLY



MODEL FIT INFORMATION

Number of Free Parameters                       23

Loglikelihood

          H0 Value                      -14674.450
          H0 Scaling Correction Factor       1.090
            for MLR

Information Criteria

          Akaike (AIC)                   29394.901
          Bayesian (BIC)                 29495.838
          Sample-Size Adjusted BIC       29422.820
            (n* = (n + 2) / 24)



MODEL RESULTS

                                                    Two-Tailed
                    Estimate       S.E.  Est./S.E.    P-Value

 DI_H       ON
    CI_H               0.137      0.064      2.140      0.032
    CVRT_COL          -0.042      0.048     -0.869      0.385

 CI_H       ON
    BI_H               0.137      0.064      2.140      0.032
    BVRT_COL          -0.042      0.048     -0.869      0.385

 BI_H       ON
    AI_H               0.137      0.064      2.140      0.032
    AVRT_COL          -0.042      0.048     -0.869      0.385

 DVRT_COL   ON
    CVRT_COL           0.099      0.044      2.242      0.025
    CI_H              -0.010      0.034     -0.304      0.761

 CVRT_COL   ON
    BVRT_COL           0.099      0.044      2.242      0.025
    BI_H              -0.010      0.034     -0.304      0.761

 BVRT_COL   ON
    AVRT_COL           0.099      0.044      2.242      0.025
    AI_H              -0.010      0.034     -0.304      0.761

 I_VRT_CO WITH
    I_I_H             49.500     18.539      2.670      0.008

 AI_H     WITH
    I_I_H            138.838     24.236      5.729      0.000
    I_VRT_COL         41.258     16.480      2.504      0.012

 AVRT_COL WITH
    I_I_H             58.962     17.085      3.451      0.001
    I_VRT_COL        208.953     19.363     10.792      0.000

 DVRT_COL WITH
    DI_H               5.503      5.354      1.028      0.304

 CVRT_COL WITH
    CI_H               5.503      5.354      1.028      0.304

 BVRT_COL WITH
    BI_H               5.503      5.354      1.028      0.304

 AVRT_COL WITH
    AI_H              46.608     17.345      2.687      0.007

 Means
    AI_H              68.161      0.909     74.986      0.000
    AVRT_COL          71.214      0.743     95.835      0.000
    I_I_H             62.536      4.899     12.765      0.000
    S_I_H              0.083      0.056      1.485      0.138
    I_VRT_COL         62.169      3.712     16.748      0.000
    S_VRT_COL          0.104      0.045      2.325      0.020

 Intercepts
    BI_H               0.000      0.000    999.000    999.000
    CI_H               0.000      0.000    999.000    999.000
    DI_H               0.000      0.000    999.000    999.000
    BVRT_COL           0.000      0.000    999.000    999.000
    CVRT_COL           0.000      0.000    999.000    999.000
    DVRT_COL           0.000      0.000    999.000    999.000

 Variances
    AI_H             376.162     22.567     16.669      0.000
    AVRT_COL         328.404     19.607     16.749      0.000
    I_I_H            142.154     28.403      5.005      0.000
    S_I_H              0.000      0.000    999.000    999.000
    I_VRT_COL        205.558     26.329      7.807      0.000
    S_VRT_COL          0.000      0.000    999.000    999.000

 Residual Variances
    BI_H             150.776     14.454     10.431      0.000
    CI_H             150.776     14.454     10.431      0.000
    DI_H             150.776     14.454     10.431      0.000
    BVRT_COL         107.620      7.023     15.324      0.000
    CVRT_COL         107.620      7.023     15.324      0.000
    DVRT_COL         107.620      7.023     15.324      0.000


QUALITY OF NUMERICAL RESULTS

     Condition Number for the Information Matrix              0.256E-05
       (ratio of smallest to largest eigenvalue)


     Beginning Time:  09:19:50
        Ending Time:  09:19:54
       Elapsed Time:  00:00:04



MUTHEN & MUTHEN
3463 Stoner Ave.
Los Angeles, CA  90066

Tel: (310) 391-9971
Fax: (310) 391-8971
Web: www.StatModel.com
Support: Support@StatModel.com

Copyright (c) 1998-2011 Muthen & Muthen
