Mplus VERSION 7 (Mac)
MUTHEN & MUTHEN
10/27/2017   4:03 PM

INPUT INSTRUCTIONS


  title: PxVx Bivariate LCM-SR - Nat Linear BFI_A6 with Linear aspfin;
  data: file = /Users/johnflournoy/code/lnt_pxvx/Data/LT_227.txt;


  variable:
  names =
  subjid
  Sample
  aGENDER
  aAGE
  aethnic1
  aethnic2
  aedu_mom
  aedu_dad
  aEDUCATN
  bEDUCATN
  cEDUCATN
  aEMPLOYD
  bEMPLOYD
  cEMPLOYD
  dEMPLOYD
  aINCOME
  bINCOME
  cINCOME
  dINCOME
  aS_SCALE
  bS_SCALE
  cS_SCALE
  dS_SCALE
  aD_SCALE
  bD_SCALE
  cD_SCALE
  dD_SCALE
  aS_COMP
  bS_COMP
  cS_COMP
  dS_COMP
  aD_COMP
  bD_COMP
  cD_COMP
  dD_COMP
  aBFI_A
  aBFI_A6
  aBFI_C
  aBFI_E
  aBFI_HP
  aBFI_N
  aBFI_O
  bBFI_A
  bBFI_A6
  bBFI_C
  bBFI_E
  bBFI_HP
  bBFI_N
  bBFI_O
  cBFI_A
  cBFI_A6
  cBFI_C
  cBFI_E
  cBFI_HP
  cBFI_N
  cBFI_O
  dBFI_A
  dBFI_A6
  dBFI_C
  dBFI_E
  dBFI_HP
  dBFI_N
  dBFI_O
  aBFA_AC
  aBFA_AP
  aBFA_CI
  aBFA_CO
  aBFA_EA
  aBFA_EE
  aBFA_N9
  aBFA_NV
  aBFA_NW
  aBFA_OI
  aBFA_OO
  aBFA_PS
  aBFA_MT
  bBFA_AC
  bBFA_AP
  bBFA_CI
  bBFA_CO
  bBFA_EA
  bBFA_EE
  bBFA_N9
  bBFA_NV
  bBFA_NW
  bBFA_OI
  bBFA_OO
  bBFA_MT
  bBFA_PS
  cBFA_AC
  cBFA_AP
  cBFA_CI
  cBFA_CO
  cBFA_EA
  cBFA_EE
  cBFA_N9
  cBFA_NV
  cBFA_NW
  cBFA_OI
  cBFA_OO
  cBFA_MT
  cBFA_PS
  dBFA_AC
  dBFA_AP
  dBFA_CI
  dBFA_CO
  dBFA_EA
  dBFA_EE
  dBFA_N9
  dBFA_NV
  dBFA_NW
  dBFA_OI
  dBFA_OO
  dBFA_MT
  dBFA_PS
  aUSI
  bUSI
  cUSI
  dUSI
  aHRZ_IND
  bHRZ_IND
  cHRZ_IND
  dHRZ_IND
  aVRT_IND
  bVRT_IND
  cVRT_IND
  dVRT_IND
  aHRZ_COL
  bHRZ_COL
  cHRZ_COL
  dHRZ_COL
  aVRT_COL
  bVRT_COL
  cVRT_COL
  dVRT_COL
  aCOLLCTV
  bCOLLCTV
  cCOLLCTV
  dCOLLCTV
  aMVS
  bMVS
  cMVS
  dMVS
  aST
  bST
  cST
  dST
  aSD
  bSD
  cSD
  dSD
  aMVS_mc
  bMVS_mc
  cMVS_mc
  dMVS_mc
  aST_mc
  bST_mc
  cST_mc
  dST_mc
  aSD_mc
  bSD_mc
  cSD_mc
  dSD_mc
  bMEANING
  cMEANING
  dMEANING
  bMEAN_L
  cMEAN_L
  dMEAN_L
  bMEANNGc
  cMEANNGc
  dMEANNGc
  bMEANGlc
  cMEANGlc
  dMEANGlc
  bCLASSIC
  cCLASSIC
  dCLASSIC
  bCLASSCc
  cCLASSCc
  dCLASSCc
  bAGR_VAL
  cAGR_VAL
  dAGR_VAL
  bOPN_VAL
  cOPN_VAL
  dOPN_VAL
  bAGR_VLc
  cAGR_VLc
  dAGR_VLc
  bOPNVALc
  cOPNVALc
  dOPNVALc
  aMV_pomp
  bMV_pomp
  cMV_pomp
  dMV_pomp
  aST_pomp
  bST_pomp
  cST_pomp
  dST_pomp
  aSD_pomp
  bSD_pomp
  cSD_pomp
  dSD_pomp
  agoal_ec
  bgoal_ec
  cgoal_ec
  dgoal_ec
  aAspfinc
  bAspfinc
  cAspfinc
  dAspfinc
  abfi_hp8
  bbfi_hp8
  cbfi_hp8
  dbfi_hp8
  aP_S_BFI
  aP_D_BFI
  aECgoalc
  bECgoalC
  cECgoalC
  dECgoalC
  aaspfin
  baspfin
  caspfin
  daspfin
  aMVI_POMP
  bMVI_POMP
  cMVI_POMP
  dMVI_POMP;


  USEVARIABLES =
  aBFI_A6
  bBFI_A6
  cBFI_A6
  dBFI_A6
  aaspfin
  baspfin
  caspfin
  daspfin
  a1
  a2
  a3
  a4
  ;

  missing = all (-9999);

  USEOBSERVATIONS are Sample == 1; ! National Sample

  tscores = a1 a2 a3 a4;

  DEFINE:
  a1 = aAGE + 0 - 36;
  a2 = aAGE + 1 - 36;
  a3 = aAGE + 2 - 36;
  a4 = aAGE + 3 - 36;

  ANALYSIS:
  TYPE=RANDOM;
  PROCESSORS = 4;
  model=nocovariances; ! supresses default estimation of certain covs in model;

  MODEL:

  i_BFI_A6 s_BFI_A6 | aBFI_A6 bBFI_A6 cBFI_A6 dBFI_A6 AT a1 a2 a3 a4;
  i_aspfin s_aspfin | aaspfin baspfin caspfin daspfin AT a1 a2 a3 a4;

  ! freeing factor covs because of "nocovariances"
  s_BFI_A6 WITH i_BFI_A6 s_aspfin i_aspfin;
  i_BFI_A6 WITH s_aspfin i_aspfin;
  s_aspfin WITH i_aspfin;

  p1 BY aBFI_A6@1; ! Residual "factors";
  p2 BY bBFI_A6@1;
  p3 BY cBFI_A6@1;
  p4 BY dBFI_A6@1;

  v1 BY aaspfin@1; ! Residual "factors";
  v2 BY baspfin@1;
  v3 BY caspfin@1;
  v4 BY daspfin@1;

  !residual variances on observed/manifest vars set to 0
  aBFI_A6@0;
  bBFI_A6@0;
  cBFI_A6@0;
  dBFI_A6@0;

  !residual variances on observed/manifest vars set to 0
  aaspfin@0;
  baspfin@0;
  caspfin@0;
  daspfin@0;

  ! means of observed/manifest vars set to 0
  [aBFI_A6@0];
  [bBFI_A6@0];
  [cBFI_A6@0];
  [dBFI_A6@0];

  ! means of observed/manifest vars set to 0
  [aaspfin@0];
  [baspfin@0];
  [caspfin@0];
  [daspfin@0];

  [p1@0]; ! means of residual "factors" set to 0
  [p2@0];
  [p3@0];
  [p4@0];

  [v1@0]; ! means of residual "factors" set to 0
  [v2@0];
  [v3@0];
  [v4@0];

  p4 on p3 (a); ! Autoregressive paths constrained to equality
  p3 on p2 (a);
  p2 on p1 (a);

  v4 on v3 (b); ! Autoregressive paths constrained to equality
  v3 on v2 (b);
  v2 on v1 (b);

  p4 on v3 (c); ! Cross-lagged paths constrained to equality
  p3 on v2 (c);
  p2 on v1 (c);

  v4 on p3 (d); ! Cross-lagged paths constrained to equality
  v3 on p2 (d);
  v2 on p1 (d);

  p1 with v1; !(this one is not like the others)

  p2 with v2 (e); ! Within-wave correlations constrained to equality
  p3 with v3 (e);
  p4 with v4 (e);

  p2 p3 p4 (f); ! estimate variances of residual "factors"
  v2 v3 v4 (g); ! estimate variances of residual "factors"

  OUTPUT: SAMPSTAT PATTERNS;



*** WARNING
  Variable name contains more than 8 characters.
  Only the first 8 characters will be printed in the output.
  Variable: AMVI_POMP
*** WARNING
  Variable name contains more than 8 characters.
  Only the first 8 characters will be printed in the output.
  Variable: BMVI_POMP
*** WARNING
  Variable name contains more than 8 characters.
  Only the first 8 characters will be printed in the output.
  Variable: CMVI_POMP
*** WARNING
  Variable name contains more than 8 characters.
  Only the first 8 characters will be printed in the output.
  Variable: DMVI_POMP
*** WARNING
  Data set contains cases with missing on time scores but non-missing on the
  corresponding dependent variables.  These cases were not included in the analysis.
  Number of such cases:  16
   5 WARNING(S) FOUND IN THE INPUT INSTRUCTIONS



PxVx Bivariate LCM-SR - Nat Linear BFI_A6 with Linear aspfin;

SUMMARY OF ANALYSIS

Number of groups                                                 1
Number of observations                                         863

Number of dependent variables                                    8
Number of independent variables                                  0
Number of continuous latent variables                           12

Observed dependent variables

  Continuous
   ABFI_A6     BBFI_A6     CBFI_A6     DBFI_A6     AASPFIN     BASPFIN
   CASPFIN     DASPFIN

Continuous latent variables
   P1          P2          P3          P4          V1          V2
   V3          V4          I_BFI_A6    S_BFI_A6    I_ASPFIN    S_ASPFIN

Variables with special functions

  Time scores
   A1          A2          A3          A4


Estimator                                                      MLR
Information matrix                                        OBSERVED
Maximum number of iterations                                   100
Convergence criterion                                    0.100D-05
Maximum number of EM iterations                                500
Convergence criteria for the EM algorithm
  Loglikelihood change                                   0.100D-02
  Relative loglikelihood change                          0.100D-05
  Derivative                                             0.100D-03
Minimum variance                                         0.100D-03
Maximum number of steepest descent iterations                   20
Maximum number of iterations for H1                           2000
Convergence criterion for H1                             0.100D-03
Optimization algorithm                                         EMA

Input data file(s)
  /Users/johnflournoy/code/lnt_pxvx/Data/LT_227.txt
Input data format  FREE


SUMMARY OF DATA

     Number of missing data patterns            22


SUMMARY OF MISSING DATA PATTERNS


     MISSING DATA PATTERNS (x = not missing)

           1  2  3  4  5  6  7  8  9 10 11 12 13 14 15 16 17 18 19 20
 ABFI_A6   x  x  x  x  x  x  x  x  x  x  x  x  x        x  x  x  x  x
 BBFI_A6   x     x  x        x     x  x  x  x  x     x     x  x
 CBFI_A6   x           x     x  x        x  x  x     x        x  x
 DBFI_A6   x     x     x  x              x  x  x  x  x     x     x  x
 AASPFIN   x  x  x  x  x  x  x  x     x  x  x  x  x        x  x  x  x
 BASPFIN   x     x  x        x     x     x     x     x        x
 CASPFIN   x           x     x  x        x  x        x        x  x
 DASPFIN   x     x     x  x                 x  x  x  x     x  x

          21 22
 ABFI_A6      x
 BBFI_A6
 CBFI_A6   x  x
 DBFI_A6   x  x
 AASPFIN      x
 BASPFIN      x
 CASPFIN   x  x
 DASPFIN   x  x


     MISSING DATA PATTERN FREQUENCIES

    Pattern   Frequency     Pattern   Frequency     Pattern   Frequency
          1         490           9           1          17           1
          2         168          10           3          18           1
          3          26          11           1          19           2
          4          48          12           2          20           2
          5          21          13           1          21           1
          6          23          14           1          22           1
          7          45          15           3
          8          21          16           1


COVARIANCE COVERAGE OF DATA

Minimum covariance coverage value   0.100


     PROPORTION OF DATA PRESENT


           Covariance Coverage
              ABFI_A6       BBFI_A6       CBFI_A6       DBFI_A6       AASPFIN
              ________      ________      ________      ________      ________
 ABFI_A6        0.994
 BBFI_A6        0.717         0.721
 CBFI_A6        0.678         0.629         0.683
 DBFI_A6        0.660         0.607         0.605         0.666
 AASPFIN        0.992         0.716         0.678         0.662         0.993
 BASPFIN        0.711         0.714         0.628         0.605         0.710
 CASPFIN        0.677         0.628         0.681         0.604         0.677
 DASPFIN        0.656         0.607         0.603         0.660         0.657


           Covariance Coverage
              BASPFIN       CASPFIN       DASPFIN
              ________      ________      ________
 BASPFIN        0.715
 CASPFIN        0.627         0.681
 DASPFIN        0.605         0.601         0.662


SAMPLE STATISTICS


     ESTIMATED SAMPLE STATISTICS


           Means
              ABFI_A6       BBFI_A6       CBFI_A6       DBFI_A6       AASPFIN
              ________      ________      ________      ________      ________
 1             59.726        60.018        59.997        60.304        48.500


           Means
              BASPFIN       CASPFIN       DASPFIN
              ________      ________      ________
 1             48.432        48.784        48.512


           Covariances
              ABFI_A6       BBFI_A6       CBFI_A6       DBFI_A6       AASPFIN
              ________      ________      ________      ________      ________
 ABFI_A6      349.088
 BBFI_A6      274.429       351.988
 CBFI_A6      271.684       281.694       353.758
 DBFI_A6      254.832       273.287       290.074       355.291
 AASPFIN      -67.217       -81.266       -80.230       -68.940       493.872
 BASPFIN      -45.067       -73.474       -64.098       -57.647       393.255
 CASPFIN      -52.843       -76.242       -79.513       -70.563       381.939
 DASPFIN      -32.590       -51.231       -57.725       -50.017       375.548


           Covariances
              BASPFIN       CASPFIN       DASPFIN
              ________      ________      ________
 BASPFIN      524.022
 CASPFIN      423.274       532.370
 DASPFIN      410.724       418.110       541.381


           Correlations
              ABFI_A6       BBFI_A6       CBFI_A6       DBFI_A6       AASPFIN
              ________      ________      ________      ________      ________
 ABFI_A6        1.000
 BBFI_A6        0.783         1.000
 CBFI_A6        0.773         0.798         1.000
 DBFI_A6        0.724         0.773         0.818         1.000
 AASPFIN       -0.162        -0.195        -0.192        -0.165         1.000
 BASPFIN       -0.105        -0.171        -0.149        -0.134         0.773
 CASPFIN       -0.123        -0.176        -0.183        -0.162         0.745
 DASPFIN       -0.075        -0.117        -0.132        -0.114         0.726


           Correlations
              BASPFIN       CASPFIN       DASPFIN
              ________      ________      ________
 BASPFIN        1.000
 CASPFIN        0.801         1.000
 DASPFIN        0.771         0.779         1.000


     MAXIMUM LOG-LIKELIHOOD VALUE FOR THE UNRESTRICTED (H1) MODEL IS -21538.541


THE MODEL ESTIMATION TERMINATED NORMALLY



MODEL FIT INFORMATION

Number of Free Parameters                       24

Loglikelihood

          H0 Value                      -21539.905
          H0 Scaling Correction Factor      1.1653
            for MLR

Information Criteria

          Akaike (AIC)                   43127.811
          Bayesian (BIC)                 43242.061
          Sample-Size Adjusted BIC       43165.843
            (n* = (n + 2) / 24)



MODEL RESULTS

                                                    Two-Tailed
                    Estimate       S.E.  Est./S.E.    P-Value

 P1       BY
    ABFI_A6            1.000      0.000    999.000    999.000

 P2       BY
    BBFI_A6            1.000      0.000    999.000    999.000

 P3       BY
    CBFI_A6            1.000      0.000    999.000    999.000

 P4       BY
    DBFI_A6            1.000      0.000    999.000    999.000

 V1       BY
    AASPFIN            1.000      0.000    999.000    999.000

 V2       BY
    BASPFIN            1.000      0.000    999.000    999.000

 V3       BY
    CASPFIN            1.000      0.000    999.000    999.000

 V4       BY
    DASPFIN            1.000      0.000    999.000    999.000

 P4         ON
    P3                 0.152      0.052      2.933      0.003
    V3                -0.021      0.035     -0.605      0.545

 P3         ON
    P2                 0.152      0.052      2.933      0.003
    V2                -0.021      0.035     -0.605      0.545

 P2         ON
    P1                 0.152      0.052      2.933      0.003
    V1                -0.021      0.035     -0.605      0.545

 V4         ON
    V3                 0.141      0.057      2.472      0.013
    P3                -0.031      0.053     -0.589      0.556

 V3         ON
    V2                 0.141      0.057      2.472      0.013
    P2                -0.031      0.053     -0.589      0.556

 V2         ON
    V1                 0.141      0.057      2.472      0.013
    P1                -0.031      0.053     -0.589      0.556

 S_BFI_A6 WITH
    I_BFI_A6          -0.479      0.722     -0.663      0.507
    S_ASPFIN           0.033      0.134      0.244      0.808
    I_ASPFIN          -1.823      2.664     -0.684      0.494

 I_BFI_A6 WITH
    S_ASPFIN           4.178      2.628      1.590      0.112
    I_ASPFIN         -62.640     16.961     -3.693      0.000

 S_ASPFIN WITH
    I_ASPFIN          -2.290      1.092     -2.096      0.036

 P1       WITH
    V1                -9.867      6.758     -1.460      0.144

 P2       WITH
    V2                -7.227      4.427     -1.633      0.103

 P3       WITH
    V3                -7.227      4.427     -1.633      0.103

 P4       WITH
    V4                -7.227      4.427     -1.633      0.103

 Means
    P1                 0.000      0.000    999.000    999.000
    V1                 0.000      0.000    999.000    999.000
    I_BFI_A6          59.556      0.596    100.003      0.000
    S_BFI_A6           0.287      0.056      5.156      0.000
    I_ASPFIN          48.557      0.732     66.300      0.000
    S_ASPFIN          -0.074      0.064     -1.155      0.248

 Intercepts
    ABFI_A6            0.000      0.000    999.000    999.000
    BBFI_A6            0.000      0.000    999.000    999.000
    CBFI_A6            0.000      0.000    999.000    999.000
    DBFI_A6            0.000      0.000    999.000    999.000
    AASPFIN            0.000      0.000    999.000    999.000
    BASPFIN            0.000      0.000    999.000    999.000
    CASPFIN            0.000      0.000    999.000    999.000
    DASPFIN            0.000      0.000    999.000    999.000
    P2                 0.000      0.000    999.000    999.000
    P3                 0.000      0.000    999.000    999.000
    P4                 0.000      0.000    999.000    999.000
    V2                 0.000      0.000    999.000    999.000
    V3                 0.000      0.000    999.000    999.000
    V4                 0.000      0.000    999.000    999.000

 Variances
    P1                96.919      9.075     10.680      0.000
    V1               133.680     10.956     12.202      0.000
    I_BFI_A6         242.557     19.315     12.558      0.000
    S_BFI_A6           0.113      0.145      0.777      0.437
    I_ASPFIN         370.204     24.637     15.027      0.000
    S_ASPFIN           0.174      0.178      0.977      0.329

 Residual Variances
    ABFI_A6            0.000      0.000    999.000    999.000
    BBFI_A6            0.000      0.000    999.000    999.000
    CBFI_A6            0.000      0.000    999.000    999.000
    DBFI_A6            0.000      0.000    999.000    999.000
    AASPFIN            0.000      0.000    999.000    999.000
    BASPFIN            0.000      0.000    999.000    999.000
    CASPFIN            0.000      0.000    999.000    999.000
    DASPFIN            0.000      0.000    999.000    999.000
    P2                79.698      5.618     14.186      0.000
    P3                79.698      5.618     14.186      0.000
    P4                79.698      5.618     14.186      0.000
    V2               129.791      9.360     13.866      0.000
    V3               129.791      9.360     13.866      0.000
    V4               129.791      9.360     13.866      0.000


QUALITY OF NUMERICAL RESULTS

     Condition Number for the Information Matrix              0.431E-04
       (ratio of smallest to largest eigenvalue)


     Beginning Time:  16:03:11
        Ending Time:  16:03:29
       Elapsed Time:  00:00:18



MUTHEN & MUTHEN
3463 Stoner Ave.
Los Angeles, CA  90066

Tel: (310) 391-9971
Fax: (310) 391-8971
Web: www.StatModel.com
Support: Support@StatModel.com

Copyright (c) 1998-2012 Muthen & Muthen
