Mplus VERSION 6.12
MUTHEN & MUTHEN
03/21/2016  11:44 AM

INPUT INSTRUCTIONS


  title: PxVx Univariate - Col Lin BFI_A6 with Lin MVI_POMP;
  data: file = E:\Projects\lnt_pxvx\Data\LT_227.txt;



  variable:
  names =
  subjid
  Sample
  aGENDER
  aAGE
  aethnic1
  aethnic2
  aedu_mom
  aedu_dad
  aEDUCATN
  bEDUCATN
  cEDUCATN
  aEMPLOYD
  bEMPLOYD
  cEMPLOYD
  dEMPLOYD
  aINCOME
  bINCOME
  cINCOME
  dINCOME
  aS_SCALE
  bS_SCALE
  cS_SCALE
  dS_SCALE
  aD_SCALE
  bD_SCALE
  cD_SCALE
  dD_SCALE
  aS_COMP
  bS_COMP
  cS_COMP
  dS_COMP
  aD_COMP
  bD_COMP
  cD_COMP
  dD_COMP
  aBFI_A
  aBFI_A6
  aBFI_C
  aBFI_E
  aBFI_HP
  aBFI_N
  aBFI_O
  bBFI_A
  bBFI_A6
  bBFI_C
  bBFI_E
  bBFI_HP
  bBFI_N
  bBFI_O
  cBFI_A
  cBFI_A6
  cBFI_C
  cBFI_E
  cBFI_HP
  cBFI_N
  cBFI_O
  dBFI_A
  dBFI_A6
  dBFI_C
  dBFI_E
  dBFI_HP
  dBFI_N
  dBFI_O
  aBFA_AC
  aBFA_AP
  aBFA_CI
  aBFA_CO
  aBFA_EA
  aBFA_EE
  aBFA_N9
  aBFA_NV
  aBFA_NW
  aBFA_OI
  aBFA_OO
  aBFA_PS
  aBFA_MT
  bBFA_AC
  bBFA_AP
  bBFA_CI
  bBFA_CO
  bBFA_EA
  bBFA_EE
  bBFA_N9
  bBFA_NV
  bBFA_NW
  bBFA_OI
  bBFA_OO
  bBFA_MT
  bBFA_PS
  cBFA_AC
  cBFA_AP
  cBFA_CI
  cBFA_CO
  cBFA_EA
  cBFA_EE
  cBFA_N9
  cBFA_NV
  cBFA_NW
  cBFA_OI
  cBFA_OO
  cBFA_MT
  cBFA_PS
  dBFA_AC
  dBFA_AP
  dBFA_CI
  dBFA_CO
  dBFA_EA
  dBFA_EE
  dBFA_N9
  dBFA_NV
  dBFA_NW
  dBFA_OI
  dBFA_OO
  dBFA_MT
  dBFA_PS
  aUSI
  bUSI
  cUSI
  dUSI
  aHRZ_IND
  bHRZ_IND
  cHRZ_IND
  dHRZ_IND
  aVRT_IND
  bVRT_IND
  cVRT_IND
  dVRT_IND
  aHRZ_COL
  bHRZ_COL
  cHRZ_COL
  dHRZ_COL
  aVRT_COL
  bVRT_COL
  cVRT_COL
  dVRT_COL
  aCOLLCTV
  bCOLLCTV
  cCOLLCTV
  dCOLLCTV
  aMVS
  bMVS
  cMVS
  dMVS
  aST
  bST
  cST
  dST
  aSD
  bSD
  cSD
  dSD
  aMVS_mc
  bMVS_mc
  cMVS_mc
  dMVS_mc
  aST_mc
  bST_mc
  cST_mc
  dST_mc
  aSD_mc
  bSD_mc
  cSD_mc
  dSD_mc
  bMEANING
  cMEANING
  dMEANING
  bMEAN_L
  cMEAN_L
  dMEAN_L
  bMEANNGc
  cMEANNGc
  dMEANNGc
  bMEANGlc
  cMEANGlc
  dMEANGlc
  bCLASSIC
  cCLASSIC
  dCLASSIC
  bCLASSCc
  cCLASSCc
  dCLASSCc
  bAGR_VAL
  cAGR_VAL
  dAGR_VAL
  bOPN_VAL
  cOPN_VAL
  dOPN_VAL
  bAGR_VLc
  cAGR_VLc
  dAGR_VLc
  bOPNVALc
  cOPNVALc
  dOPNVALc
  aMV_pomp
  bMV_pomp
  cMV_pomp
  dMV_pomp
  aST_pomp
  bST_pomp
  cST_pomp
  dST_pomp
  aSD_pomp
  bSD_pomp
  cSD_pomp
  dSD_pomp
  agoal_ec
  bgoal_ec
  cgoal_ec
  dgoal_ec
  aAspfinc
  bAspfinc
  cAspfinc
  dAspfinc
  abfi_hp8
  bbfi_hp8
  cbfi_hp8
  dbfi_hp8
  aP_S_BFI
  aP_D_BFI
  aECgoalc
  bECgoalC
  cECgoalC
  dECgoalC
  aaspfin
  baspfin
  caspfin
  daspfin
  aMVI_POMP
  bMVI_POMP
  cMVI_POMP
  dMVI_POMP;

  USEVARIABLES =
  aBFI_A6
  bBFI_A6
  cBFI_A6
  dBFI_A6
  aMVI_POMP
  bMVI_POMP
  cMVI_POMP
  dMVI_POMP
  bage_c
  cage_c
  dage_c
  ;

  missing = all (-9999);

  USEOBSERVATIONS are Sample == 2; ! College Sample

  tscores = bage_c cage_c dage_c;

  DEFINE:
  bage_c = aAGE + 1 - 20.5;
  cage_c = aAGE + 2 - 20.5;
  dage_c = aAGE + 3 - 20.5;

  ANALYSIS:
  TYPE=RANDOM;
  PROCESSORS = 8;

  MODEL:

  i_BFI_A6 s_BFI_A6 | bBFI_A6 cBFI_A6 dBFI_A6 AT bage_c cage_c dage_c;
  i_MVI_POMP s_MVI_POMP | bMVI_POMP cMVI_POMP dMVI_POMP AT bage_c cage_c dage_c;


  !After Bollen and Curran initial observation is not part of LGM

  dBFI_A6 on cBFI_A6 (a); ! Autoregressive paths constrained to equality
  cBFI_A6 on bBFI_A6 (a);
  bBFI_A6 on aBFI_A6 (a);

  dMVI_POMP on cMVI_POMP (b); ! Autoregressive paths constrained to equality
  cMVI_POMP on bMVI_POMP (b);
  bMVI_POMP on aMVI_POMP (b);

  bBFI_A6 cBFI_A6 dBFI_A6 (c); !Equality constraint on residuals
  bMVI_POMP cMVI_POMP dMVI_POMP (d); !Equality constraint on residuals

  dMVI_POMP on cBFI_A6 (x); ! Cross-lagged paths constrained to equality
  cMVI_POMP on bBFI_A6 (x);
  bMVI_POMP on aBFI_A6 (x);

  dBFI_A6 on cMVI_POMP (y); ! Cross-lagged paths constrained to equality
  cBFI_A6 on bMVI_POMP (y);
  bBFI_A6 on aMVI_POMP (y);

  dMVI_POMP with dBFI_A6 (w); ! within-wave correlations constrained to equality
  cMVI_POMP with cBFI_A6 (w);
  bMVI_POMP with bBFI_A6 (w);

  aBFI_A6 aMVI_POMP i_BFI_A6 i_MVI_POMP
  s_BFI_A6
  s_MVI_POMP
  with
  s_BFI_A6
  s_MVI_POMP
  aBFI_A6 aMVI_POMP i_BFI_A6 i_MVI_POMP;



  OUTPUT: SAMPSTAT PATTERNS;



*** WARNING
  Variable name contains more than 8 characters.
  Only the first 8 characters will be printed in the output.
  Variable: AMVI_POMP
*** WARNING
  Variable name contains more than 8 characters.
  Only the first 8 characters will be printed in the output.
  Variable: BMVI_POMP
*** WARNING
  Variable name contains more than 8 characters.
  Only the first 8 characters will be printed in the output.
  Variable: CMVI_POMP
*** WARNING
  Variable name contains more than 8 characters.
  Only the first 8 characters will be printed in the output.
  Variable: DMVI_POMP
*** WARNING
  Variable name contains more than 8 characters.
  Only the first 8 characters will be printed in the output.
  Variable: I_MVI_POMP
*** WARNING
  Variable name contains more than 8 characters.
  Only the first 8 characters will be printed in the output.
  Variable: S_MVI_POMP
*** WARNING
  Data set contains cases with missing on all variables.
  These cases were not included in the analysis.
  Number of cases with missing on all variables:  1
*** WARNING
  Data set contains cases with missing on time scores but non-missing on the
  corresponding dependent variables.  These cases were not included in the analysis.
  Number of such cases:  2
   8 WARNING(S) FOUND IN THE INPUT INSTRUCTIONS



PxVx Univariate - Col Lin BFI_A6 with Lin MVI_POMP;

SUMMARY OF ANALYSIS

Number of groups                                                 1
Number of observations                                         277

Number of dependent variables                                    6
Number of independent variables                                  2
Number of continuous latent variables                            4

Observed dependent variables

  Continuous
   BBFI_A6     CBFI_A6     DBFI_A6     BMVI_POMP   CMVI_POMP   DMVI_POMP

Observed independent variables
   ABFI_A6     AMVI_POM

Continuous latent variables
   I_BFI_A6    S_BFI_A6    I_MVI_PO    S_MVI_PO

Variables with special functions

  Time scores
   BAGE_C      CAGE_C      DAGE_C


Estimator                                                      MLR
Information matrix                                        OBSERVED
Maximum number of iterations                                   100
Convergence criterion                                    0.100D-05
Maximum number of EM iterations                                500
Convergence criteria for the EM algorithm
  Loglikelihood change                                   0.100D-02
  Relative loglikelihood change                          0.100D-05
  Derivative                                             0.100D-03
Minimum variance                                         0.100D-03
Maximum number of steepest descent iterations                   20
Maximum number of iterations for H1                           2000
Convergence criterion for H1                             0.100D-03
Optimization algorithm                                         EMA

Input data file(s)
  E:\Projects\lnt_pxvx\Data\LT_227.txt
Input data format  FREE


SUMMARY OF DATA

     Number of missing data patterns            14


SUMMARY OF MISSING DATA PATTERNS


     MISSING DATA PATTERNS (x = not missing)

           1  2  3  4  5  6  7  8  9 10 11 12 13 14
 BBFI_A6   x  x     x        x  x     x  x        x
 CBFI_A6   x  x  x                 x  x     x     x
 DBFI_A6   x     x        x  x  x  x  x  x        x
 BMVI_POM  x  x     x           x     x  x
 CMVI_POM  x  x  x                 x  x     x     x
 DMVI_POM  x              x  x  x  x              x
 ABFI_A6   x  x  x  x  x  x  x  x  x  x  x  x  x  x
 AMVI_POM  x  x  x  x  x  x  x  x  x  x  x  x     x


     MISSING DATA PATTERN FREQUENCIES

    Pattern   Frequency     Pattern   Frequency     Pattern   Frequency
          1         138           6          11          11           1
          2          10           7           1          12           4
          3           1           8          16          13           1
          4          28           9          10          14           1
          5          53          10           2


COVARIANCE COVERAGE OF DATA

Minimum covariance coverage value   0.100


     PROPORTION OF DATA PRESENT


           Covariance Coverage
              BBFI_A6       CBFI_A6       DBFI_A6       BMVI_POM      CMVI_POM
              ________      ________      ________      ________      ________
 BBFI_A6        0.711
 CBFI_A6        0.545         0.599
 DBFI_A6        0.574         0.549         0.653
 BMVI_POM       0.704         0.542         0.567         0.704
 CMVI_POM       0.545         0.599         0.549         0.542         0.599
 DMVI_POM       0.563         0.538         0.639         0.556         0.538
 ABFI_A6        0.711         0.599         0.653         0.704         0.599
 AMVI_POM       0.711         0.599         0.653         0.704         0.599


           Covariance Coverage
              DMVI_POM      ABFI_A6       AMVI_POM
              ________      ________      ________
 DMVI_POM       0.639
 ABFI_A6        0.639         1.000
 AMVI_POM       0.639         0.996         0.996


SAMPLE STATISTICS


     ESTIMATED SAMPLE STATISTICS


           Means
              BBFI_A6       CBFI_A6       DBFI_A6       BMVI_POM      CMVI_POM
              ________      ________      ________      ________      ________
 1             60.219        59.888        63.298        61.263        61.369


           Means
              DMVI_POM      ABFI_A6       AMVI_POM
              ________      ________      ________
 1             61.388        60.922        60.791


           Covariances
              BBFI_A6       CBFI_A6       DBFI_A6       BMVI_POM      CMVI_POM
              ________      ________      ________      ________      ________
 BBFI_A6      267.781
 CBFI_A6      177.527       237.830
 DBFI_A6      172.639       149.105       229.232
 BMVI_POM      41.631        43.990        25.318        91.824
 CMVI_POM      35.567        39.293        17.161        63.391        70.919
 DMVI_POM      27.456        33.843        19.532        57.574        52.372
 ABFI_A6      209.154       175.204       150.318        41.627        37.463
 AMVI_POM      33.623        42.009        27.614        69.935        56.606


           Covariances
              DMVI_POM      ABFI_A6       AMVI_POM
              ________      ________      ________
 DMVI_POM      65.489
 ABFI_A6       28.244       292.272
 AMVI_POM      54.977        43.426        82.756


           Correlations
              BBFI_A6       CBFI_A6       DBFI_A6       BMVI_POM      CMVI_POM
              ________      ________      ________      ________      ________
 BBFI_A6        1.000
 CBFI_A6        0.703         1.000
 DBFI_A6        0.697         0.639         1.000
 BMVI_POM       0.265         0.298         0.175         1.000
 CMVI_POM       0.258         0.303         0.135         0.786         1.000
 DMVI_POM       0.207         0.271         0.159         0.742         0.768
 ABFI_A6        0.748         0.665         0.581         0.254         0.260
 AMVI_POM       0.226         0.299         0.200         0.802         0.739


           Correlations
              DMVI_POM      ABFI_A6       AMVI_POM
              ________      ________      ________
 DMVI_POM       1.000
 ABFI_A6        0.204         1.000
 AMVI_POM       0.747         0.279         1.000


     MAXIMUM LOG-LIKELIHOOD VALUE FOR THE UNRESTRICTED (H1) MODEL IS -5867.451


THE MODEL ESTIMATION TERMINATED NORMALLY



MODEL FIT INFORMATION

Number of Free Parameters                       34

Loglikelihood

          H0 Value                       -5879.052
          H0 Scaling Correction Factor       0.916
            for MLR

Information Criteria

          Akaike (AIC)                   11826.104
          Bayesian (BIC)                 11949.320
          Sample-Size Adjusted BIC       11841.511
            (n* = (n + 2) / 24)



MODEL RESULTS

                                                    Two-Tailed
                    Estimate       S.E.  Est./S.E.    P-Value

 DBFI_A6    ON
    CBFI_A6           -0.010      0.041     -0.234      0.815
    CMVI_POMP         -0.032      0.094     -0.345      0.730

 CBFI_A6    ON
    BBFI_A6           -0.010      0.041     -0.234      0.815
    BMVI_POMP         -0.032      0.094     -0.345      0.730

 BBFI_A6    ON
    ABFI_A6           -0.010      0.041     -0.234      0.815
    AMVI_POMP         -0.032      0.094     -0.345      0.730

 DMVI_POMP  ON
    CMVI_POMP          0.049      0.061      0.809      0.418
    CBFI_A6           -0.029      0.022     -1.302      0.193

 CMVI_POMP  ON
    BMVI_POMP          0.049      0.061      0.809      0.418
    BBFI_A6           -0.029      0.022     -1.302      0.193

 BMVI_POMP  ON
    AMVI_POMP          0.049      0.061      0.809      0.418
    ABFI_A6           -0.029      0.022     -1.302      0.193

 S_BFI_A6 WITH
    I_BFI_A6         -21.086      6.839     -3.083      0.002

 I_MVI_PO WITH
    I_BFI_A6          64.022     15.316      4.180      0.000
    S_BFI_A6          -9.132      4.325     -2.111      0.035

 S_MVI_PO WITH
    I_BFI_A6          -7.859      3.936     -1.997      0.046
    S_BFI_A6           1.690      0.945      1.787      0.074
    I_MVI_POMP        -7.928      3.130     -2.533      0.011

 ABFI_A6  WITH
    I_BFI_A6         236.182     28.114      8.401      0.000
    S_BFI_A6         -26.040      7.371     -3.533      0.000
    I_MVI_POMP        57.647     14.096      4.090      0.000
    S_MVI_POMP        -8.852      4.529     -1.955      0.051

 AMVI_POM WITH
    I_BFI_A6          40.979     12.913      3.173      0.002
    S_BFI_A6          -2.196      3.812     -0.576      0.565
    I_MVI_POMP        68.766      8.234      8.351      0.000
    S_MVI_POMP        -4.867      1.965     -2.477      0.013

 DMVI_POM WITH
    DBFI_A6            0.776      2.236      0.347      0.729

 CMVI_POM WITH
    CBFI_A6            0.776      2.236      0.347      0.729

 BMVI_POM WITH
    BBFI_A6            0.776      2.236      0.347      0.729

 AMVI_POM WITH
    ABFI_A6           43.424      9.364      4.637      0.000

 Means
    ABFI_A6           60.922      1.026     59.352      0.000
    AMVI_POMP         60.804      0.548    111.012      0.000
    I_BFI_A6          60.964      4.584     13.299      0.000
    S_BFI_A6           1.290      0.425      3.035      0.002
    I_MVI_POMP        60.009      3.080     19.483      0.000
    S_MVI_POMP         0.042      0.221      0.189      0.850

 Intercepts
    BBFI_A6            0.000      0.000    999.000    999.000
    CBFI_A6            0.000      0.000    999.000    999.000
    DBFI_A6            0.000      0.000    999.000    999.000
    BMVI_POMP          0.000      0.000    999.000    999.000
    CMVI_POMP          0.000      0.000    999.000    999.000
    DMVI_POMP          0.000      0.000    999.000    999.000

 Variances
    ABFI_A6          292.271     23.261     12.565      0.000
    AMVI_POMP         82.755      5.768     14.346      0.000
    I_BFI_A6         239.081     34.094      7.012      0.000
    S_BFI_A6           5.169      1.957      2.641      0.008
    I_MVI_POMP        80.006     14.106      5.672      0.000
    S_MVI_POMP         1.663      1.013      1.642      0.101

 Residual Variances
    BBFI_A6           73.163      6.726     10.878      0.000
    CBFI_A6           73.163      6.726     10.878      0.000
    DBFI_A6           73.163      6.726     10.878      0.000
    BMVI_POMP         17.030      2.060      8.268      0.000
    CMVI_POMP         17.030      2.060      8.268      0.000
    DMVI_POMP         17.030      2.060      8.268      0.000


QUALITY OF NUMERICAL RESULTS

     Condition Number for the Information Matrix              0.306E-06
       (ratio of smallest to largest eigenvalue)


     Beginning Time:  11:44:10
        Ending Time:  11:44:17
       Elapsed Time:  00:00:07



MUTHEN & MUTHEN
3463 Stoner Ave.
Los Angeles, CA  90066

Tel: (310) 391-9971
Fax: (310) 391-8971
Web: www.StatModel.com
Support: Support@StatModel.com

Copyright (c) 1998-2011 Muthen & Muthen
