Mplus VERSION 6.12
MUTHEN & MUTHEN
03/21/2016  11:24 AM

INPUT INSTRUCTIONS


  title: PxVx Univariate - Col Lin BFA_CO with Lin HRZ_IND;
  data: file = E:\Projects\lnt_pxvx\Data\LT_227.txt;



  variable:
  names =
  subjid
  Sample
  aGENDER
  aAGE
  aethnic1
  aethnic2
  aedu_mom
  aedu_dad
  aEDUCATN
  bEDUCATN
  cEDUCATN
  aEMPLOYD
  bEMPLOYD
  cEMPLOYD
  dEMPLOYD
  aINCOME
  bINCOME
  cINCOME
  dINCOME
  aS_SCALE
  bS_SCALE
  cS_SCALE
  dS_SCALE
  aD_SCALE
  bD_SCALE
  cD_SCALE
  dD_SCALE
  aS_COMP
  bS_COMP
  cS_COMP
  dS_COMP
  aD_COMP
  bD_COMP
  cD_COMP
  dD_COMP
  aBFI_A
  aBFI_A6
  aBFI_C
  aBFI_E
  aBFI_HP
  aBFI_N
  aBFI_O
  bBFI_A
  bBFI_A6
  bBFI_C
  bBFI_E
  bBFI_HP
  bBFI_N
  bBFI_O
  cBFI_A
  cBFI_A6
  cBFI_C
  cBFI_E
  cBFI_HP
  cBFI_N
  cBFI_O
  dBFI_A
  dBFI_A6
  dBFI_C
  dBFI_E
  dBFI_HP
  dBFI_N
  dBFI_O
  aBFA_AC
  aBFA_AP
  aBFA_CI
  aBFA_CO
  aBFA_EA
  aBFA_EE
  aBFA_N9
  aBFA_NV
  aBFA_NW
  aBFA_OI
  aBFA_OO
  aBFA_PS
  aBFA_MT
  bBFA_AC
  bBFA_AP
  bBFA_CI
  bBFA_CO
  bBFA_EA
  bBFA_EE
  bBFA_N9
  bBFA_NV
  bBFA_NW
  bBFA_OI
  bBFA_OO
  bBFA_MT
  bBFA_PS
  cBFA_AC
  cBFA_AP
  cBFA_CI
  cBFA_CO
  cBFA_EA
  cBFA_EE
  cBFA_N9
  cBFA_NV
  cBFA_NW
  cBFA_OI
  cBFA_OO
  cBFA_MT
  cBFA_PS
  dBFA_AC
  dBFA_AP
  dBFA_CI
  dBFA_CO
  dBFA_EA
  dBFA_EE
  dBFA_N9
  dBFA_NV
  dBFA_NW
  dBFA_OI
  dBFA_OO
  dBFA_MT
  dBFA_PS
  aUSI
  bUSI
  cUSI
  dUSI
  aHRZ_IND
  bHRZ_IND
  cHRZ_IND
  dHRZ_IND
  aVRT_IND
  bVRT_IND
  cVRT_IND
  dVRT_IND
  aHRZ_COL
  bHRZ_COL
  cHRZ_COL
  dHRZ_COL
  aVRT_COL
  bVRT_COL
  cVRT_COL
  dVRT_COL
  aCOLLCTV
  bCOLLCTV
  cCOLLCTV
  dCOLLCTV
  aMVS
  bMVS
  cMVS
  dMVS
  aST
  bST
  cST
  dST
  aSD
  bSD
  cSD
  dSD
  aMVS_mc
  bMVS_mc
  cMVS_mc
  dMVS_mc
  aST_mc
  bST_mc
  cST_mc
  dST_mc
  aSD_mc
  bSD_mc
  cSD_mc
  dSD_mc
  bMEANING
  cMEANING
  dMEANING
  bMEAN_L
  cMEAN_L
  dMEAN_L
  bMEANNGc
  cMEANNGc
  dMEANNGc
  bMEANGlc
  cMEANGlc
  dMEANGlc
  bCLASSIC
  cCLASSIC
  dCLASSIC
  bCLASSCc
  cCLASSCc
  dCLASSCc
  bAGR_VAL
  cAGR_VAL
  dAGR_VAL
  bOPN_VAL
  cOPN_VAL
  dOPN_VAL
  bAGR_VLc
  cAGR_VLc
  dAGR_VLc
  bOPNVALc
  cOPNVALc
  dOPNVALc
  aMV_pomp
  bMV_pomp
  cMV_pomp
  dMV_pomp
  aST_pomp
  bST_pomp
  cST_pomp
  dST_pomp
  aSD_pomp
  bSD_pomp
  cSD_pomp
  dSD_pomp
  agoal_ec
  bgoal_ec
  cgoal_ec
  dgoal_ec
  aAspfinc
  bAspfinc
  cAspfinc
  dAspfinc
  abfi_hp8
  bbfi_hp8
  cbfi_hp8
  dbfi_hp8
  aP_S_BFI
  aP_D_BFI
  aECgoalc
  bECgoalC
  cECgoalC
  dECgoalC
  aaspfin
  baspfin
  caspfin
  daspfin
  aMVI_POMP
  bMVI_POMP
  cMVI_POMP
  dMVI_POMP;

  USEVARIABLES =
  aBFA_CO
  bBFA_CO
  cBFA_CO
  dBFA_CO
  aHRZ_IND
  bHRZ_IND
  cHRZ_IND
  dHRZ_IND
  bage_c
  cage_c
  dage_c
  ;

  missing = all (-9999);

  USEOBSERVATIONS are Sample == 2; ! College Sample

  tscores = bage_c cage_c dage_c;

  DEFINE:
  bage_c = aAGE + 1 - 20.5;
  cage_c = aAGE + 2 - 20.5;
  dage_c = aAGE + 3 - 20.5;

  ANALYSIS:
  TYPE=RANDOM;
  PROCESSORS = 8;

  MODEL:

  i_BFA_CO s_BFA_CO | bBFA_CO cBFA_CO dBFA_CO AT bage_c cage_c dage_c;
  i_HRZ_IND s_HRZ_IND | bHRZ_IND cHRZ_IND dHRZ_IND AT bage_c cage_c dage_c;


  !After Bollen and Curran initial observation is not part of LGM

  dBFA_CO on cBFA_CO (a); ! Autoregressive paths constrained to equality
  cBFA_CO on bBFA_CO (a);
  bBFA_CO on aBFA_CO (a);

  dHRZ_IND on cHRZ_IND (b); ! Autoregressive paths constrained to equality
  cHRZ_IND on bHRZ_IND (b);
  bHRZ_IND on aHRZ_IND (b);

  bBFA_CO cBFA_CO dBFA_CO (c); !Equality constraint on residuals
  bHRZ_IND cHRZ_IND dHRZ_IND (d); !Equality constraint on residuals

  dHRZ_IND on cBFA_CO (x); ! Cross-lagged paths constrained to equality
  cHRZ_IND on bBFA_CO (x);
  bHRZ_IND on aBFA_CO (x);

  dBFA_CO on cHRZ_IND (y); ! Cross-lagged paths constrained to equality
  cBFA_CO on bHRZ_IND (y);
  bBFA_CO on aHRZ_IND (y);

  dHRZ_IND with dBFA_CO (w); ! within-wave correlations constrained to equality
  cHRZ_IND with cBFA_CO (w);
  bHRZ_IND with bBFA_CO (w);

  aBFA_CO aHRZ_IND i_BFA_CO i_HRZ_IND
  s_BFA_CO
  s_HRZ_IND
  with
  s_BFA_CO
  s_HRZ_IND
  aBFA_CO aHRZ_IND i_BFA_CO i_HRZ_IND;



  OUTPUT: SAMPSTAT PATTERNS;



*** WARNING
  Variable name contains more than 8 characters.
  Only the first 8 characters will be printed in the output.
  Variable: AMVI_POMP
*** WARNING
  Variable name contains more than 8 characters.
  Only the first 8 characters will be printed in the output.
  Variable: BMVI_POMP
*** WARNING
  Variable name contains more than 8 characters.
  Only the first 8 characters will be printed in the output.
  Variable: CMVI_POMP
*** WARNING
  Variable name contains more than 8 characters.
  Only the first 8 characters will be printed in the output.
  Variable: DMVI_POMP
*** WARNING
  Variable name contains more than 8 characters.
  Only the first 8 characters will be printed in the output.
  Variable: I_HRZ_IND
*** WARNING
  Variable name contains more than 8 characters.
  Only the first 8 characters will be printed in the output.
  Variable: S_HRZ_IND
*** WARNING
  Data set contains cases with missing on all variables.
  These cases were not included in the analysis.
  Number of cases with missing on all variables:  1
*** WARNING
  Data set contains cases with missing on time scores but non-missing on the
  corresponding dependent variables.  These cases were not included in the analysis.
  Number of such cases:  2
   8 WARNING(S) FOUND IN THE INPUT INSTRUCTIONS



PxVx Univariate - Col Lin BFA_CO with Lin HRZ_IND;

SUMMARY OF ANALYSIS

Number of groups                                                 1
Number of observations                                         277

Number of dependent variables                                    6
Number of independent variables                                  2
Number of continuous latent variables                            4

Observed dependent variables

  Continuous
   BBFA_CO     CBFA_CO     DBFA_CO     BHRZ_IND    CHRZ_IND    DHRZ_IND

Observed independent variables
   ABFA_CO     AHRZ_IND

Continuous latent variables
   I_BFA_CO    S_BFA_CO    I_HRZ_IN    S_HRZ_IN

Variables with special functions

  Time scores
   BAGE_C      CAGE_C      DAGE_C


Estimator                                                      MLR
Information matrix                                        OBSERVED
Maximum number of iterations                                   100
Convergence criterion                                    0.100D-05
Maximum number of EM iterations                                500
Convergence criteria for the EM algorithm
  Loglikelihood change                                   0.100D-02
  Relative loglikelihood change                          0.100D-05
  Derivative                                             0.100D-03
Minimum variance                                         0.100D-03
Maximum number of steepest descent iterations                   20
Maximum number of iterations for H1                           2000
Convergence criterion for H1                             0.100D-03
Optimization algorithm                                         EMA

Input data file(s)
  E:\Projects\lnt_pxvx\Data\LT_227.txt
Input data format  FREE


SUMMARY OF DATA

     Number of missing data patterns            13


SUMMARY OF MISSING DATA PATTERNS


     MISSING DATA PATTERNS (x = not missing)

           1  2  3  4  5  6  7  8  9 10 11 12 13
 BBFA_CO   x  x     x        x  x              x
 CBFA_CO   x  x  x                 x  x
 DBFA_CO   x              x  x  x  x  x
 BHRZ_IND  x  x     x           x
 CHRZ_IND  x  x  x                 x  x
 DHRZ_IND  x              x     x     x
 ABFA_CO   x  x  x  x  x  x  x  x  x  x  x     x
 AHRZ_IND  x  x  x  x  x  x  x  x  x  x     x  x


     MISSING DATA PATTERN FREQUENCIES

    Pattern   Frequency     Pattern   Frequency     Pattern   Frequency
          1         138           6          11          11           2
          2          12           7           1          12           1
          3           5           8          16          13           2
          4          27           9           1
          5          51          10          10


COVARIANCE COVERAGE OF DATA

Minimum covariance coverage value   0.100


     PROPORTION OF DATA PRESENT


           Covariance Coverage
              BBFA_CO       CBFA_CO       DBFA_CO       BHRZ_IND      CHRZ_IND
              ________      ________      ________      ________      ________
 BBFA_CO        0.708
 CBFA_CO        0.542         0.599
 DBFA_CO        0.560         0.538         0.639
 BHRZ_IND       0.697         0.542         0.556         0.697
 CHRZ_IND       0.542         0.599         0.538         0.542         0.599
 DHRZ_IND       0.556         0.534         0.632         0.556         0.534
 ABFA_CO        0.708         0.599         0.639         0.697         0.599
 AHRZ_IND       0.708         0.599         0.639         0.697         0.599


           Covariance Coverage
              DHRZ_IND      ABFA_CO       AHRZ_IND
              ________      ________      ________
 DHRZ_IND       0.632
 ABFA_CO        0.632         0.996
 AHRZ_IND       0.632         0.989         0.993


SAMPLE STATISTICS


     ESTIMATED SAMPLE STATISTICS


           Means
              BBFA_CO       CBFA_CO       DBFA_CO       BHRZ_IND      CHRZ_IND
              ________      ________      ________      ________      ________
 1             59.668        60.194        59.912        72.819        73.530


           Means
              DHRZ_IND      ABFA_CO       AHRZ_IND
              ________      ________      ________
 1             75.160        59.166        74.070


           Covariances
              BBFA_CO       CBFA_CO       DBFA_CO       BHRZ_IND      CHRZ_IND
              ________      ________      ________      ________      ________
 BBFA_CO      299.250
 CBFA_CO      218.609       288.895
 DBFA_CO      201.386       219.218       266.415
 BHRZ_IND      56.692        42.419        42.982       267.406
 CHRZ_IND      48.314        42.134        38.629       173.952       248.302
 DHRZ_IND      25.104        40.962        33.202       146.461       143.124
 ABFA_CO      228.686       188.590       183.379        39.197        24.064
 AHRZ_IND      14.480        23.507        31.957       163.738       132.061


           Covariances
              DHRZ_IND      ABFA_CO       AHRZ_IND
              ________      ________      ________
 DHRZ_IND     259.605
 ABFA_CO       30.477       285.072
 AHRZ_IND     137.534        10.204       239.582


           Correlations
              BBFA_CO       CBFA_CO       DBFA_CO       BHRZ_IND      CHRZ_IND
              ________      ________      ________      ________      ________
 BBFA_CO        1.000
 CBFA_CO        0.743         1.000
 DBFA_CO        0.713         0.790         1.000
 BHRZ_IND       0.200         0.153         0.161         1.000
 CHRZ_IND       0.177         0.157         0.150         0.675         1.000
 DHRZ_IND       0.090         0.150         0.126         0.556         0.564
 ABFA_CO        0.783         0.657         0.665         0.142         0.090
 AHRZ_IND       0.054         0.089         0.126         0.647         0.541


           Correlations
              DHRZ_IND      ABFA_CO       AHRZ_IND
              ________      ________      ________
 DHRZ_IND       1.000
 ABFA_CO        0.112         1.000
 AHRZ_IND       0.551         0.039         1.000


     MAXIMUM LOG-LIKELIHOOD VALUE FOR THE UNRESTRICTED (H1) MODEL IS -6432.292


THE MODEL ESTIMATION TERMINATED NORMALLY



MODEL FIT INFORMATION

Number of Free Parameters                       34

Loglikelihood

          H0 Value                       -6438.087
          H0 Scaling Correction Factor       1.014
            for MLR

Information Criteria

          Akaike (AIC)                   12944.174
          Bayesian (BIC)                 13067.391
          Sample-Size Adjusted BIC       12959.582
            (n* = (n + 2) / 24)



MODEL RESULTS

                                                    Two-Tailed
                    Estimate       S.E.  Est./S.E.    P-Value

 DBFA_CO    ON
    CBFA_CO            0.183      0.288      0.638      0.524
    CHRZ_IND          -0.088      0.090     -0.977      0.329

 CBFA_CO    ON
    BBFA_CO            0.183      0.288      0.638      0.524
    BHRZ_IND          -0.088      0.090     -0.977      0.329

 BBFA_CO    ON
    ABFA_CO            0.183      0.288      0.638      0.524
    AHRZ_IND          -0.088      0.090     -0.977      0.329

 DHRZ_IND   ON
    CHRZ_IND           0.024      0.083      0.295      0.768
    CBFA_CO            0.171      0.168      1.020      0.308

 CHRZ_IND   ON
    BHRZ_IND           0.024      0.083      0.295      0.768
    BBFA_CO            0.171      0.168      1.020      0.308

 BHRZ_IND   ON
    AHRZ_IND           0.024      0.083      0.295      0.768
    ABFA_CO            0.171      0.168      1.020      0.308

 S_BFA_CO WITH
    I_BFA_CO         -18.841     16.947     -1.112      0.266

 I_HRZ_IN WITH
    I_BFA_CO          35.129     60.822      0.578      0.564
    S_BFA_CO          -1.051     13.817     -0.076      0.939

 S_HRZ_IN WITH
    I_BFA_CO         -12.931     11.723     -1.103      0.270
    S_BFA_CO           2.651      4.607      0.575      0.565
    I_HRZ_IND        -23.771     12.635     -1.881      0.060

 ABFA_CO  WITH
    I_BFA_CO         181.561     91.562      1.983      0.047
    S_BFA_CO         -10.525     14.340     -0.734      0.463
    I_HRZ_IND        -24.644     56.173     -0.439      0.661
    S_HRZ_IND          8.756     10.349      0.846      0.397

 AHRZ_IND WITH
    I_BFA_CO          28.999     30.936      0.937      0.349
    S_BFA_CO           3.992      9.548      0.418      0.676
    I_HRZ_IND        170.940     32.814      5.209      0.000
    S_HRZ_IND        -15.638      8.733     -1.791      0.073

 DHRZ_IND WITH
    DBFA_CO            2.187      8.958      0.244      0.807

 CHRZ_IND WITH
    CBFA_CO            2.187      8.958      0.244      0.807

 BHRZ_IND WITH
    BBFA_CO            2.187      8.958      0.244      0.807

 AHRZ_IND WITH
    ABFA_CO           10.205     16.548      0.617      0.537

 Means
    ABFA_CO           59.166      1.014     58.342      0.000
    AHRZ_IND          74.068      0.934     79.303      0.000
    I_BFA_CO          55.545     10.992      5.053      0.000
    S_BFA_CO          -0.039      0.507     -0.077      0.938
    I_HRZ_IND         60.455      5.346     11.309      0.000
    S_HRZ_IND          0.666      0.528      1.261      0.207

 Intercepts
    BBFA_CO            0.000      0.000    999.000    999.000
    CBFA_CO            0.000      0.000    999.000    999.000
    DBFA_CO            0.000      0.000    999.000    999.000
    BHRZ_IND           0.000      0.000    999.000    999.000
    CHRZ_IND           0.000      0.000    999.000    999.000
    DHRZ_IND           0.000      0.000    999.000    999.000

 Variances
    ABFA_CO          285.073     21.185     13.456      0.000
    AHRZ_IND         239.582     21.284     11.257      0.000
    I_BFA_CO         187.289    137.730      1.360      0.174
    S_BFA_CO           7.593      7.180      1.057      0.290
    I_HRZ_IND        204.128     53.694      3.802      0.000
    S_HRZ_IND          8.292      5.285      1.569      0.117

 Residual Variances
    BBFA_CO           69.016     18.599      3.711      0.000
    CBFA_CO           69.016     18.599      3.711      0.000
    DBFA_CO           69.016     18.599      3.711      0.000
    BHRZ_IND          96.657     13.398      7.214      0.000
    CHRZ_IND          96.657     13.398      7.214      0.000
    DHRZ_IND          96.657     13.398      7.214      0.000


QUALITY OF NUMERICAL RESULTS

     Condition Number for the Information Matrix              0.125E-06
       (ratio of smallest to largest eigenvalue)


     Beginning Time:  11:24:12
        Ending Time:  11:24:23
       Elapsed Time:  00:00:11



MUTHEN & MUTHEN
3463 Stoner Ave.
Los Angeles, CA  90066

Tel: (310) 391-9971
Fax: (310) 391-8971
Web: www.StatModel.com
Support: Support@StatModel.com

Copyright (c) 1998-2011 Muthen & Muthen
