Mplus VERSION 6.12
MUTHEN & MUTHEN
03/09/2016   6:26 PM

INPUT INSTRUCTIONS


  title: PxVx Univariate - Col MeanOnly BFA_NV with Lin USI;
  data: file = E:\Projects\lnt_pxvx\Data\LT_227.txt;



  variable:
  names =
  subjid
  Sample
  aGENDER
  aAGE
  aethnic1
  aethnic2
  aedu_mom
  aedu_dad
  aEDUCATN
  bEDUCATN
  cEDUCATN
  aEMPLOYD
  bEMPLOYD
  cEMPLOYD
  dEMPLOYD
  aINCOME
  bINCOME
  cINCOME
  dINCOME
  aS_SCALE
  bS_SCALE
  cS_SCALE
  dS_SCALE
  aD_SCALE
  bD_SCALE
  cD_SCALE
  dD_SCALE
  aS_COMP
  bS_COMP
  cS_COMP
  dS_COMP
  aD_COMP
  bD_COMP
  cD_COMP
  dD_COMP
  aBFI_A
  aBFI_A6
  aBFI_C
  aBFI_E
  aBFI_HP
  aBFI_N
  aBFI_O
  bBFI_A
  bBFI_A6
  bBFI_C
  bBFI_E
  bBFI_HP
  bBFI_N
  bBFI_O
  cBFI_A
  cBFI_A6
  cBFI_C
  cBFI_E
  cBFI_HP
  cBFI_N
  cBFI_O
  dBFI_A
  dBFI_A6
  dBFI_C
  dBFI_E
  dBFI_HP
  dBFI_N
  dBFI_O
  aBFA_AC
  aBFA_AP
  aBFA_CI
  aBFA_CO
  aBFA_EA
  aBFA_EE
  aBFA_N9
  aBFA_NV
  aBFA_NW
  aBFA_OI
  aBFA_OO
  aBFA_PS
  aBFA_MT
  bBFA_AC
  bBFA_AP
  bBFA_CI
  bBFA_CO
  bBFA_EA
  bBFA_EE
  bBFA_N9
  bBFA_NV
  bBFA_NW
  bBFA_OI
  bBFA_OO
  bBFA_MT
  bBFA_PS
  cBFA_AC
  cBFA_AP
  cBFA_CI
  cBFA_CO
  cBFA_EA
  cBFA_EE
  cBFA_N9
  cBFA_NV
  cBFA_NW
  cBFA_OI
  cBFA_OO
  cBFA_MT
  cBFA_PS
  dBFA_AC
  dBFA_AP
  dBFA_CI
  dBFA_CO
  dBFA_EA
  dBFA_EE
  dBFA_N9
  dBFA_NV
  dBFA_NW
  dBFA_OI
  dBFA_OO
  dBFA_MT
  dBFA_PS
  aUSI
  bUSI
  cUSI
  dUSI
  aHRZ_IND
  bHRZ_IND
  cHRZ_IND
  dHRZ_IND
  aVRT_IND
  bVRT_IND
  cVRT_IND
  dVRT_IND
  aHRZ_COL
  bHRZ_COL
  cHRZ_COL
  dHRZ_COL
  aVRT_COL
  bVRT_COL
  cVRT_COL
  dVRT_COL
  aCOLLCTV
  bCOLLCTV
  cCOLLCTV
  dCOLLCTV
  aMVS
  bMVS
  cMVS
  dMVS
  aST
  bST
  cST
  dST
  aSD
  bSD
  cSD
  dSD
  aMVS_mc
  bMVS_mc
  cMVS_mc
  dMVS_mc
  aST_mc
  bST_mc
  cST_mc
  dST_mc
  aSD_mc
  bSD_mc
  cSD_mc
  dSD_mc
  bMEANING
  cMEANING
  dMEANING
  bMEAN_L
  cMEAN_L
  dMEAN_L
  bMEANNGc
  cMEANNGc
  dMEANNGc
  bMEANGlc
  cMEANGlc
  dMEANGlc
  bCLASSIC
  cCLASSIC
  dCLASSIC
  bCLASSCc
  cCLASSCc
  dCLASSCc
  bAGR_VAL
  cAGR_VAL
  dAGR_VAL
  bOPN_VAL
  cOPN_VAL
  dOPN_VAL
  bAGR_VLc
  cAGR_VLc
  dAGR_VLc
  bOPNVALc
  cOPNVALc
  dOPNVALc
  aMV_pomp
  bMV_pomp
  cMV_pomp
  dMV_pomp
  aST_pomp
  bST_pomp
  cST_pomp
  dST_pomp
  aSD_pomp
  bSD_pomp
  cSD_pomp
  dSD_pomp
  agoal_ec
  bgoal_ec
  cgoal_ec
  dgoal_ec
  aAspfinc
  bAspfinc
  cAspfinc
  dAspfinc
  abfi_hp8
  bbfi_hp8
  cbfi_hp8
  dbfi_hp8
  aP_S_BFI
  aP_D_BFI
  aECgoalc
  bECgoalC
  cECgoalC
  dECgoalC
  aaspfin
  baspfin
  caspfin
  daspfin;

  USEVARIABLES =
  aBFA_NV
  bBFA_NV
  cBFA_NV
  dBFA_NV
  aUSI
  bUSI
  cUSI
  dUSI
  bage_c
  cage_c
  dage_c
  ;

  missing = all (-9999);

  USEOBSERVATIONS are Sample == 2; ! College Sample

  tscores = bage_c cage_c dage_c;

  DEFINE:
  bage_c = aAGE + 1 - 20.5;
  cage_c = aAGE + 2 - 20.5;
  dage_c = aAGE + 3 - 20.5;

  ANALYSIS:
  TYPE=RANDOM;
  PROCESSORS = 8;

  MODEL:

  i_BFA_NV s_BFA_NV | bBFA_NV cBFA_NV dBFA_NV AT bage_c cage_c dage_c;
  i_USI s_USI | bUSI cUSI dUSI AT bage_c cage_c dage_c;


  !After Bollen and Curran initial observation is not part of LGM

  dBFA_NV on cBFA_NV (a); ! Autoregressive paths constrained to equality
  cBFA_NV on bBFA_NV (a);
  bBFA_NV on aBFA_NV (a);

  dUSI on cUSI (b); ! Autoregressive paths constrained to equality
  cUSI on bUSI (b);
  bUSI on aUSI (b);

  bBFA_NV cBFA_NV dBFA_NV (c); !Equality constraint on residuals
  bUSI cUSI dUSI (d); !Equality constraint on residuals

  dUSI on cBFA_NV (x); ! Cross-lagged paths constrained to equality
  cUSI on bBFA_NV (x);
  bUSI on aBFA_NV (x);

  dBFA_NV on cUSI (y); ! Cross-lagged paths constrained to equality
  cBFA_NV on bUSI (y);
  bBFA_NV on aUSI (y);

  dUSI with dBFA_NV (w); ! within-wave correlations constrained to equality
  cUSI with cBFA_NV (w);
  bUSI with bBFA_NV (w);

  aBFA_NV aUSI i_BFA_NV i_USI
  s_USI
  with
  s_USI
  aBFA_NV aUSI i_BFA_NV i_USI;

  s_BFA_NV@0;


  OUTPUT: SAMPSTAT PATTERNS;



*** WARNING in MODEL command
  All continuous latent variable covariances involving S_BFA_NV have been fixed to 0
  because the variance of S_BFA_NV is fixed at 0.
*** WARNING
  Data set contains cases with missing on all variables.
  These cases were not included in the analysis.
  Number of cases with missing on all variables:  1
   2 WARNING(S) FOUND IN THE INPUT INSTRUCTIONS



PxVx Univariate - Col MeanOnly BFA_NV with Lin USI;

SUMMARY OF ANALYSIS

Number of groups                                                 1
Number of observations                                         279

Number of dependent variables                                    6
Number of independent variables                                  2
Number of continuous latent variables                            4

Observed dependent variables

  Continuous
   BBFA_NV     CBFA_NV     DBFA_NV     BUSI        CUSI        DUSI

Observed independent variables
   ABFA_NV     AUSI

Continuous latent variables
   I_BFA_NV    S_BFA_NV    I_USI       S_USI

Variables with special functions

  Time scores
   BAGE_C      CAGE_C      DAGE_C


Estimator                                                      MLR
Information matrix                                        OBSERVED
Maximum number of iterations                                   100
Convergence criterion                                    0.100D-05
Maximum number of EM iterations                                500
Convergence criteria for the EM algorithm
  Loglikelihood change                                   0.100D-02
  Relative loglikelihood change                          0.100D-05
  Derivative                                             0.100D-03
Minimum variance                                         0.100D-03
Maximum number of steepest descent iterations                   20
Maximum number of iterations for H1                           2000
Convergence criterion for H1                             0.100D-03
Optimization algorithm                                         EMA

Input data file(s)
  E:\Projects\lnt_pxvx\Data\LT_227.txt
Input data format  FREE


SUMMARY OF DATA

     Number of missing data patterns            12


SUMMARY OF MISSING DATA PATTERNS


     MISSING DATA PATTERNS (x = not missing)

           1  2  3  4  5  6  7  8  9 10 11 12
 BBFA_NV   x  x     x        x  x        x  x
 CBFA_NV   x  x  x                 x        x
 DBFA_NV   x  x  x        x  x  x  x        x
 BUSI      x  x     x           x
 CUSI      x  x  x                 x        x
 DUSI      x              x     x  x        x
 ABFA_NV   x  x  x  x  x  x  x  x  x  x  x  x
 AUSI      x  x  x  x  x  x  x  x  x     x  x


     MISSING DATA PATTERN FREQUENCIES

    Pattern   Frequency     Pattern   Frequency     Pattern   Frequency
          1         140           5          52           9           9
          2          12           6          11          10           2
          3           6           7           1          11           2
          4          27           8          16          12           1


COVARIANCE COVERAGE OF DATA

Minimum covariance coverage value   0.100


     PROPORTION OF DATA PRESENT


           Covariance Coverage
              BBFA_NV       CBFA_NV       DBFA_NV       BUSI          CUSI
              ________      ________      ________      ________      ________
 BBFA_NV        0.713
 CBFA_NV        0.548         0.602
 DBFA_NV        0.609         0.602         0.703
 BUSI           0.699         0.545         0.602         0.699
 CUSI           0.548         0.602         0.602         0.545         0.602
 DUSI           0.563         0.538         0.634         0.559         0.538
 ABFA_NV        0.713         0.602         0.703         0.699         0.602
 AUSI           0.713         0.602         0.703         0.699         0.602


           Covariance Coverage
              DUSI          ABFA_NV       AUSI
              ________      ________      ________
 DUSI           0.634
 ABFA_NV        0.634         1.000
 AUSI           0.634         0.993         0.993


SAMPLE STATISTICS


     ESTIMATED SAMPLE STATISTICS


           Means
              BBFA_NV       CBFA_NV       DBFA_NV       BUSI          CUSI
              ________      ________      ________      ________      ________
 1             43.173        42.398        41.762        31.325        30.285


           Means
              DUSI          ABFA_NV       AUSI
              ________      ________      ________
 1             29.935        43.268        33.031


           Covariances
              BBFA_NV       CBFA_NV       DBFA_NV       BUSI          CUSI
              ________      ________      ________      ________      ________
 BBFA_NV      393.633
 CBFA_NV      274.345       412.016
 DBFA_NV      271.542       316.081       433.684
 BUSI          41.021        28.154        22.411       244.912
 CUSI          26.727        32.046        36.716       182.823       254.401
 DUSI          49.071        50.222        38.634       161.797       186.684
 ABFA_NV      304.821       246.210       267.453       -10.358         8.706
 AUSI          37.229        23.679        41.006       177.148       178.565


           Covariances
              DUSI          ABFA_NV       AUSI
              ________      ________      ________
 DUSI         269.349
 ABFA_NV        4.099       415.289
 AUSI         170.904        21.404       248.510


           Correlations
              BBFA_NV       CBFA_NV       DBFA_NV       BUSI          CUSI
              ________      ________      ________      ________      ________
 BBFA_NV        1.000
 CBFA_NV        0.681         1.000
 DBFA_NV        0.657         0.748         1.000
 BUSI           0.132         0.089         0.069         1.000
 CUSI           0.084         0.099         0.111         0.732         1.000
 DUSI           0.151         0.151         0.113         0.630         0.713
 ABFA_NV        0.754         0.595         0.630        -0.032         0.027
 AUSI           0.119         0.074         0.125         0.718         0.710


           Correlations
              DUSI          ABFA_NV       AUSI
              ________      ________      ________
 DUSI           1.000
 ABFA_NV        0.012         1.000
 AUSI           0.661         0.067         1.000


     MAXIMUM LOG-LIKELIHOOD VALUE FOR THE UNRESTRICTED (H1) MODEL IS -6692.594


THE MODEL ESTIMATION TERMINATED NORMALLY



MODEL FIT INFORMATION

Number of Free Parameters                       28

Loglikelihood

          H0 Value                       -6704.266
          H0 Scaling Correction Factor       0.961
            for MLR

Information Criteria

          Akaike (AIC)                   13464.531
          Bayesian (BIC)                 13566.205
          Sample-Size Adjusted BIC       13477.420
            (n* = (n + 2) / 24)



MODEL RESULTS

                                                    Two-Tailed
                    Estimate       S.E.  Est./S.E.    P-Value

 DBFA_NV    ON
    CBFA_NV            0.338      0.076      4.462      0.000
    CUSI              -0.056      0.074     -0.750      0.453

 CBFA_NV    ON
    BBFA_NV            0.338      0.076      4.462      0.000
    BUSI              -0.056      0.074     -0.750      0.453

 BBFA_NV    ON
    ABFA_NV            0.338      0.076      4.462      0.000
    AUSI              -0.056      0.074     -0.750      0.453

 DUSI       ON
    CUSI               0.294      0.090      3.255      0.001
    CBFA_NV           -0.064      0.052     -1.221      0.222

 CUSI       ON
    BUSI               0.294      0.090      3.255      0.001
    BBFA_NV           -0.064      0.052     -1.221      0.222

 BUSI       ON
    AUSI               0.294      0.090      3.255      0.001
    ABFA_NV           -0.064      0.052     -1.221      0.222

 I_USI    WITH
    I_BFA_NV          26.222     24.597      1.066      0.286

 S_USI    WITH
    I_BFA_NV           7.258      5.349      1.357      0.175
    I_USI             -7.091      7.903     -0.897      0.370

 ABFA_NV  WITH
    I_BFA_NV         164.529     30.747      5.351      0.000
    I_USI              8.380     35.330      0.237      0.813
    S_USI              5.258     10.210      0.515      0.607

 AUSI     WITH
    I_BFA_NV          36.578     19.664      1.860      0.063
    I_USI            103.930     26.374      3.941      0.000
    S_USI              7.323      7.378      0.993      0.321

 DUSI     WITH
    DBFA_NV            0.474      7.563      0.063      0.950

 CUSI     WITH
    CBFA_NV            0.474      7.563      0.063      0.950

 BUSI     WITH
    BBFA_NV            0.474      7.563      0.063      0.950

 AUSI     WITH
    ABFA_NV           21.404     19.133      1.119      0.263

 Means
    ABFA_NV           43.268      1.222     35.414      0.000
    AUSI              33.031      0.947     34.886      0.000
    I_BFA_NV          30.171      4.041      7.466      0.000
    S_BFA_NV          -0.244      0.536     -0.456      0.649
    I_USI             24.465      3.868      6.324      0.000
    S_USI             -0.260      0.471     -0.552      0.581

 Intercepts
    BBFA_NV            0.000      0.000    999.000    999.000
    CBFA_NV            0.000      0.000    999.000    999.000
    DBFA_NV            0.000      0.000    999.000    999.000
    BUSI               0.000      0.000    999.000    999.000
    CUSI               0.000      0.000    999.000    999.000
    DUSI               0.000      0.000    999.000    999.000

 Variances
    ABFA_NV          415.293     30.911     13.435      0.000
    AUSI             248.504     16.852     14.746      0.000
    I_BFA_NV         112.620     34.622      3.253      0.001
    S_BFA_NV           0.000      0.000    999.000    999.000
    I_USI             93.061     31.942      2.913      0.004
    S_USI              3.985      2.814      1.416      0.157

 Residual Variances
    BBFA_NV          147.564     15.695      9.402      0.000
    CBFA_NV          147.564     15.695      9.402      0.000
    DBFA_NV          147.564     15.695      9.402      0.000
    BUSI              89.871      9.718      9.248      0.000
    CUSI              89.871      9.718      9.248      0.000
    DUSI              89.871      9.718      9.248      0.000


QUALITY OF NUMERICAL RESULTS

     Condition Number for the Information Matrix              0.312E-06
       (ratio of smallest to largest eigenvalue)


     Beginning Time:  18:26:56
        Ending Time:  18:26:57
       Elapsed Time:  00:00:01



MUTHEN & MUTHEN
3463 Stoner Ave.
Los Angeles, CA  90066

Tel: (310) 391-9971
Fax: (310) 391-8971
Web: www.StatModel.com
Support: Support@StatModel.com

Copyright (c) 1998-2011 Muthen & Muthen
