Mplus VERSION 6.12
MUTHEN & MUTHEN
05/15/2016   6:20 PM

INPUT INSTRUCTIONS


  title: Stability of values - Nat USI group;
  data: file = E:\Projects\lnt_pxvx\Data\LT_227.txt;

  variable:
  names =
  subjid
  Sample
  aGENDER
  aAGE
  aethnic1
  aethnic2
  aedu_mom
  aedu_dad
  aEDUCATN
  bEDUCATN
  cEDUCATN
  aEMPLOYD
  bEMPLOYD
  cEMPLOYD
  dEMPLOYD
  aINCOME
  bINCOME
  cINCOME
  dINCOME
  aS_SCALE
  bS_SCALE
  cS_SCALE
  dS_SCALE
  aD_SCALE
  bD_SCALE
  cD_SCALE
  dD_SCALE
  aS_COMP
  bS_COMP
  cS_COMP
  dS_COMP
  aD_COMP
  bD_COMP
  cD_COMP
  dD_COMP
  aBFI_A
  aBFI_A6
  aBFI_C
  aBFI_E
  aBFI_HP
  aBFI_N
  aBFI_O
  bBFI_A
  bBFI_A6
  bBFI_C
  bBFI_E
  bBFI_HP
  bBFI_N
  bBFI_O
  cBFI_A
  cBFI_A6
  cBFI_C
  cBFI_E
  cBFI_HP
  cBFI_N
  cBFI_O
  dBFI_A
  dBFI_A6
  dBFI_C
  dBFI_E
  dBFI_HP
  dBFI_N
  dBFI_O
  aBFA_AC
  aBFA_AP
  aBFA_CI
  aBFA_CO
  aBFA_EA
  aBFA_EE
  aBFA_N9
  aBFA_NV
  aBFA_NW
  aBFA_OI
  aBFA_OO
  aBFA_PS
  aBFA_MT
  bBFA_AC
  bBFA_AP
  bBFA_CI
  bBFA_CO
  bBFA_EA
  bBFA_EE
  bBFA_N9
  bBFA_NV
  bBFA_NW
  bBFA_OI
  bBFA_OO
  bBFA_MT
  bBFA_PS
  cBFA_AC
  cBFA_AP
  cBFA_CI
  cBFA_CO
  cBFA_EA
  cBFA_EE
  cBFA_N9
  cBFA_NV
  cBFA_NW
  cBFA_OI
  cBFA_OO
  cBFA_MT
  cBFA_PS
  dBFA_AC
  dBFA_AP
  dBFA_CI
  dBFA_CO
  dBFA_EA
  dBFA_EE
  dBFA_N9
  dBFA_NV
  dBFA_NW
  dBFA_OI
  dBFA_OO
  dBFA_MT
  dBFA_PS
  aUSI
  bUSI
  cUSI
  dUSI
  aHRZ_IND
  bHRZ_IND
  cHRZ_IND
  dHRZ_IND
  aVRT_IND
  bVRT_IND
  cVRT_IND
  dVRT_IND
  aHRZ_COL
  bHRZ_COL
  cHRZ_COL
  dHRZ_COL
  aVRT_COL
  bVRT_COL
  cVRT_COL
  dVRT_COL
  aCOLLCTV
  bCOLLCTV
  cCOLLCTV
  dCOLLCTV
  aMVS
  bMVS
  cMVS
  dMVS
  aST
  bST
  cST
  dST
  aSD
  bSD
  cSD
  dSD
  aMVS_mc
  bMVS_mc
  cMVS_mc
  dMVS_mc
  aST_mc
  bST_mc
  cST_mc
  dST_mc
  aSD_mc
  bSD_mc
  cSD_mc
  dSD_mc
  bMEANING
  cMEANING
  dMEANING
  bMEAN_L
  cMEAN_L
  dMEAN_L
  bMEANNGc
  cMEANNGc
  dMEANNGc
  bMEANGlc
  cMEANGlc
  dMEANGlc
  bCLASSIC
  cCLASSIC
  dCLASSIC
  bCLASSCc
  cCLASSCc
  dCLASSCc
  bAGR_VAL
  cAGR_VAL
  dAGR_VAL
  bOPN_VAL
  cOPN_VAL
  dOPN_VAL
  bAGR_VLc
  cAGR_VLc
  dAGR_VLc
  bOPNVALc
  cOPNVALc
  dOPNVALc
  aMV_pomp
  bMV_pomp
  cMV_pomp
  dMV_pomp
  aST_pomp
  bST_pomp
  cST_pomp
  dST_pomp
  aSD_pomp
  bSD_pomp
  cSD_pomp
  dSD_pomp
  agoal_ec
  bgoal_ec
  cgoal_ec
  dgoal_ec
  aAspfinc
  bAspfinc
  cAspfinc
  dAspfinc
  abfi_hp8
  bbfi_hp8
  cbfi_hp8
  dbfi_hp8
  aP_S_BFI
  aP_D_BFI
  aECgoalc
  bECgoalC
  cECgoalC
  dECgoalC
  aaspfin
  baspfin
  caspfin
  daspfin
  aMVI_POMP
  bMVI_POMP
  cMVI_POMP
  dMVI_POMP;

  USEVARIABLES =
  aUSI
  bUSI
  cUSI
  dUSI
  aAGE
  ;


  missing = all (-9999);

  USEOBSERVATIONS are Sample == 1; ! National Sample


  grouping = aAGE (0=d2, 1=d3, 2=d4, 3=d5);

  DEFINE:

  cut aAGE (29 39 49);

  ANALYSIS:
  type = general;
  estimator = ml;
  processors = 8;


  MODEL:

  aUSI WITH bUSI (a);
  bUSI WITH cUSI (a);
  cUSI WITH dUSI (a);

  aUSI WITH cUSI (b);
  bUSI WITH dUSI (b);

  aUSI WITH dUSI (c);

  aUSI bUSI cUSI dUSI (e);



  OUTPUT: SAMPSTAT PATTERNS STDYX;



*** WARNING
  Variable name contains more than 8 characters.
  Only the first 8 characters will be printed in the output.
  Variable: AMVI_POMP
*** WARNING
  Variable name contains more than 8 characters.
  Only the first 8 characters will be printed in the output.
  Variable: BMVI_POMP
*** WARNING
  Variable name contains more than 8 characters.
  Only the first 8 characters will be printed in the output.
  Variable: CMVI_POMP
*** WARNING
  Variable name contains more than 8 characters.
  Only the first 8 characters will be printed in the output.
  Variable: DMVI_POMP
*** WARNING
  Data set contains unknown or missing values for GROUPING,
  PATTERN, COHORT, CLUSTER and/or STRATIFICATION variables.
  Number of cases with unknown or missing values:  16
*** WARNING
  Data set contains cases with missing on all variables.
  These cases were not included in the analysis.
  Number of cases with missing on all variables:  1
   6 WARNING(S) FOUND IN THE INPUT INSTRUCTIONS



Stability of values - Nat USI group;

SUMMARY OF ANALYSIS

Number of groups                                                 4
Number of observations
   Group D2                                                    304
   Group D3                                                    227
   Group D4                                                    199
   Group D5                                                    132

Number of dependent variables                                    4
Number of independent variables                                  0
Number of continuous latent variables                            0

Observed dependent variables

  Continuous
   AUSI        BUSI        CUSI        DUSI

Variables with special functions

  Grouping variable     AAGE

Estimator                                                       ML
Information matrix                                        OBSERVED
Maximum number of iterations                                  1000
Convergence criterion                                    0.500D-04
Maximum number of steepest descent iterations                   20
Maximum number of iterations for H1                           2000
Convergence criterion for H1                             0.100D-03

Input data file(s)
  E:\Projects\lnt_pxvx\Data\LT_227.txt

Input data format  FREE


SUMMARY OF DATA

   Group D2
     Number of missing data patterns             9

   Group D3
     Number of missing data patterns             9

   Group D4
     Number of missing data patterns             9

   Group D5
     Number of missing data patterns             9


SUMMARY OF MISSING DATA PATTERNS


     MISSING DATA PATTERNS FOR D2 (x = not missing)

           1  2  3  4  5  6  7  8  9
 AUSI      x  x  x  x  x  x  x  x
 BUSI      x  x  x  x              x
 CUSI      x  x        x  x        x
 DUSI      x     x     x     x     x


     MISSING DATA PATTERN FREQUENCIES FOR D2

    Pattern   Frequency     Pattern   Frequency     Pattern   Frequency
          1         190           4          12           7          11
          2          13           5           7           8          58
          3           7           6           5           9           1


     MISSING DATA PATTERNS FOR D3 (x = not missing)

           1  2  3  4  5  6  7  8  9
 AUSI      x  x  x  x  x  x  x  x
 BUSI      x  x  x  x              x
 CUSI      x  x        x  x        x
 DUSI      x     x     x     x     x


     MISSING DATA PATTERN FREQUENCIES FOR D3

    Pattern   Frequency     Pattern   Frequency     Pattern   Frequency
          1         135           4          15           7           3
          2           6           5           7           8          46
          3           8           6           6           9           1


     MISSING DATA PATTERNS FOR D4 (x = not missing)

           1  2  3  4  5  6  7  8  9
 AUSI      x  x  x  x  x  x  x  x
 BUSI      x  x  x  x
 CUSI      x  x        x  x        x
 DUSI      x     x     x     x     x


     MISSING DATA PATTERN FREQUENCIES FOR D4

    Pattern   Frequency     Pattern   Frequency     Pattern   Frequency
          1         104           4          11           7           5
          2          15           5           7           8          43
          3           8           6           5           9           1


     MISSING DATA PATTERNS FOR D5 (x = not missing)

           1  2  3  4  5  6  7  8  9
 AUSI      x  x  x  x  x  x  x  x
 BUSI      x  x  x  x              x
 CUSI      x  x        x  x        x
 DUSI      x     x     x     x     x


     MISSING DATA PATTERN FREQUENCIES FOR D5

    Pattern   Frequency     Pattern   Frequency     Pattern   Frequency
          1          61           4          10           7           6
          2          11           5           3           8          29
          3           5           6           6           9           1


COVARIANCE COVERAGE OF DATA

Minimum covariance coverage value   0.100


     PROPORTION OF DATA PRESENT FOR D2


           Covariance Coverage
              AUSI          BUSI          CUSI          DUSI
              ________      ________      ________      ________
 AUSI           0.997
 BUSI           0.730         0.734
 CUSI           0.707         0.671         0.711
 DUSI           0.707         0.651         0.651         0.711


     PROPORTION OF DATA PRESENT FOR D3


           Covariance Coverage
              AUSI          BUSI          CUSI          DUSI
              ________      ________      ________      ________
 AUSI           0.996
 BUSI           0.722         0.727
 CUSI           0.678         0.626         0.683
 DUSI           0.674         0.634         0.630         0.678


     PROPORTION OF DATA PRESENT FOR D4


           Covariance Coverage
              AUSI          BUSI          CUSI          DUSI
              ________      ________      ________      ________
 AUSI           0.995
 BUSI           0.693         0.693
 CUSI           0.658         0.598         0.663
 DUSI           0.623         0.563         0.563         0.628


     PROPORTION OF DATA PRESENT FOR D5


           Covariance Coverage
              AUSI          BUSI          CUSI          DUSI
              ________      ________      ________      ________
 AUSI           0.992
 BUSI           0.659         0.667
 CUSI           0.614         0.553         0.621
 DUSI           0.568         0.508         0.492         0.576


SAMPLE STATISTICS


     ESTIMATED SAMPLE STATISTICS FOR D2


           Means
              AUSI          BUSI          CUSI          DUSI
              ________      ________      ________      ________
      1        32.600        31.933        31.605        31.815


           Covariances
              AUSI          BUSI          CUSI          DUSI
              ________      ________      ________      ________
 AUSI         259.907
 BUSI         209.212       286.261
 CUSI         192.533       216.027       279.106
 DUSI         195.854       211.766       224.332       275.155


           Correlations
              AUSI          BUSI          CUSI          DUSI
              ________      ________      ________      ________
 AUSI           1.000
 BUSI           0.767         1.000
 CUSI           0.715         0.764         1.000
 DUSI           0.732         0.755         0.810         1.000


     ESTIMATED SAMPLE STATISTICS FOR D3


           Means
              AUSI          BUSI          CUSI          DUSI
              ________      ________      ________      ________
      1        28.747        28.413        28.612        27.393


           Covariances
              AUSI          BUSI          CUSI          DUSI
              ________      ________      ________      ________
 AUSI         250.383
 BUSI         177.370       227.655
 CUSI         169.413       181.049       253.267
 DUSI         150.266       157.811       184.140       226.558


           Correlations
              AUSI          BUSI          CUSI          DUSI
              ________      ________      ________      ________
 AUSI           1.000
 BUSI           0.743         1.000
 CUSI           0.673         0.754         1.000
 DUSI           0.631         0.695         0.769         1.000


     ESTIMATED SAMPLE STATISTICS FOR D4


           Means
              AUSI          BUSI          CUSI          DUSI
              ________      ________      ________      ________
      1        26.709        26.010        25.710        26.809


           Covariances
              AUSI          BUSI          CUSI          DUSI
              ________      ________      ________      ________
 AUSI         283.189
 BUSI         232.772       302.257
 CUSI         232.933       231.675       275.041
 DUSI         200.680       203.968       214.957       243.931


           Correlations
              AUSI          BUSI          CUSI          DUSI
              ________      ________      ________      ________
 AUSI           1.000
 BUSI           0.796         1.000
 CUSI           0.835         0.804         1.000
 DUSI           0.764         0.751         0.830         1.000


     ESTIMATED SAMPLE STATISTICS FOR D5


           Means
              AUSI          BUSI          CUSI          DUSI
              ________      ________      ________      ________
      1        24.555        23.484        25.563        25.324


           Covariances
              AUSI          BUSI          CUSI          DUSI
              ________      ________      ________      ________
 AUSI         216.026
 BUSI         170.798       228.989
 CUSI         202.012       206.461       326.322
 DUSI         187.392       196.589       240.813       276.782


           Correlations
              AUSI          BUSI          CUSI          DUSI
              ________      ________      ________      ________
 AUSI           1.000
 BUSI           0.768         1.000
 CUSI           0.761         0.755         1.000
 DUSI           0.766         0.781         0.801         1.000


     MAXIMUM LOG-LIKELIHOOD VALUE FOR THE UNRESTRICTED (H1) MODEL IS  -10137.060


THE MODEL ESTIMATION TERMINATED NORMALLY



MODEL FIT INFORMATION

Number of Free Parameters                       20

Loglikelihood

          H0 Value                      -10158.982
          H1 Value                      -10137.060

Information Criteria

          Akaike (AIC)                   20357.964
          Bayesian (BIC)                 20453.149
          Sample-Size Adjusted BIC       20389.634
            (n* = (n + 2) / 24)

Chi-Square Test of Model Fit

          Value                             43.843
          Degrees of Freedom                    36
          P-Value                           0.1731

Chi-Square Contributions From Each Group

          D2                                 6.729
          D3                                 7.541
          D4                                16.667
          D5                                12.906

RMSEA (Root Mean Square Error Of Approximation)

          Estimate                           0.032
          90 Percent C.I.                    0.000  0.061
          Probability RMSEA <= .05           0.827

CFI/TLI

          CFI                                0.996
          TLI                                0.997

Chi-Square Test of Model Fit for the Baseline Model

          Value                           1776.294
          Degrees of Freedom                    24
          P-Value                           0.0000

SRMR (Standardized Root Mean Square Residual)

          Value                              0.075



MODEL RESULTS

                                                    Two-Tailed
                    Estimate       S.E.  Est./S.E.    P-Value

Group D2

 AUSI     WITH
    BUSI             202.482     10.831     18.695      0.000
    CUSI             192.189     10.906     17.622      0.000
    DUSI             186.465     11.381     16.384      0.000

 BUSI     WITH
    CUSI             202.482     10.831     18.695      0.000
    DUSI             192.189     10.906     17.622      0.000

 CUSI     WITH
    DUSI             202.482     10.831     18.695      0.000

 Means
    AUSI              32.596      0.927     35.158      0.000
    BUSI              31.944      0.987     32.375      0.000
    CUSI              31.627      1.000     31.633      0.000
    DUSI              31.801      1.006     31.616      0.000

 Variances
    AUSI             261.008     10.822     24.117      0.000
    BUSI             261.008     10.822     24.117      0.000
    CUSI             261.008     10.822     24.117      0.000
    DUSI             261.008     10.822     24.117      0.000

Group D3

 AUSI     WITH
    BUSI             202.482     10.831     18.695      0.000
    CUSI             192.189     10.906     17.622      0.000
    DUSI             186.465     11.381     16.384      0.000

 BUSI     WITH
    CUSI             202.482     10.831     18.695      0.000
    DUSI             192.189     10.906     17.622      0.000

 CUSI     WITH
    DUSI             202.482     10.831     18.695      0.000

 Means
    AUSI              28.742      1.073     26.784      0.000
    BUSI              28.477      1.144     24.889      0.000
    CUSI              28.659      1.168     24.542      0.000
    DUSI              27.503      1.178     23.341      0.000

 Variances
    AUSI             261.008     10.822     24.117      0.000
    BUSI             261.008     10.822     24.117      0.000
    CUSI             261.008     10.822     24.117      0.000
    DUSI             261.008     10.822     24.117      0.000

Group D4

 AUSI     WITH
    BUSI             202.482     10.831     18.695      0.000
    CUSI             192.189     10.906     17.622      0.000
    DUSI             186.465     11.381     16.384      0.000

 BUSI     WITH
    CUSI             202.482     10.831     18.695      0.000
    DUSI             192.189     10.906     17.622      0.000

 CUSI     WITH
    DUSI             202.482     10.831     18.695      0.000

 Means
    AUSI              26.681      1.146     23.273      0.000
    BUSI              26.030      1.234     21.094      0.000
    CUSI              25.781      1.256     20.533      0.000
    DUSI              26.765      1.280     20.904      0.000

 Variances
    AUSI             261.008     10.822     24.117      0.000
    BUSI             261.008     10.822     24.117      0.000
    CUSI             261.008     10.822     24.117      0.000
    DUSI             261.008     10.822     24.117      0.000

Group D5

 AUSI     WITH
    BUSI             202.482     10.831     18.695      0.000
    CUSI             192.189     10.906     17.622      0.000
    DUSI             186.465     11.381     16.384      0.000

 BUSI     WITH
    CUSI             202.482     10.831     18.695      0.000
    DUSI             192.189     10.906     17.622      0.000

 CUSI     WITH
    DUSI             202.482     10.831     18.695      0.000

 Means
    AUSI              24.576      1.408     17.455      0.000
    BUSI              23.615      1.528     15.455      0.000
    CUSI              25.438      1.564     16.266      0.000
    DUSI              25.188      1.605     15.689      0.000

 Variances
    AUSI             261.008     10.822     24.117      0.000
    BUSI             261.008     10.822     24.117      0.000
    CUSI             261.008     10.822     24.117      0.000
    DUSI             261.008     10.822     24.117      0.000


STANDARDIZED MODEL RESULTS


STDYX Standardization

                                                    Two-Tailed
                    Estimate       S.E.  Est./S.E.    P-Value

Group D2

 AUSI     WITH
    BUSI               0.776      0.012     65.116      0.000
    CUSI               0.736      0.015     49.998      0.000
    DUSI               0.714      0.020     35.750      0.000

 BUSI     WITH
    CUSI               0.776      0.012     65.116      0.000
    DUSI               0.736      0.015     49.998      0.000

 CUSI     WITH
    DUSI               0.776      0.012     65.116      0.000

 Means
    AUSI               2.018      0.071     28.415      0.000
    BUSI               1.977      0.074     26.885      0.000
    CUSI               1.958      0.074     26.425      0.000
    DUSI               1.968      0.074     26.450      0.000

 Variances
    AUSI               1.000      0.000    999.000    999.000
    BUSI               1.000      0.000    999.000    999.000
    CUSI               1.000      0.000    999.000    999.000
    DUSI               1.000      0.000    999.000    999.000

Group D3

 AUSI     WITH
    BUSI               0.776      0.012     65.116      0.000
    CUSI               0.736      0.015     49.998      0.000
    DUSI               0.714      0.020     35.750      0.000

 BUSI     WITH
    CUSI               0.776      0.012     65.116      0.000
    DUSI               0.736      0.015     49.998      0.000

 CUSI     WITH
    DUSI               0.776      0.012     65.116      0.000

 Means
    AUSI               1.779      0.076     23.419      0.000
    BUSI               1.763      0.079     22.175      0.000
    CUSI               1.774      0.081     21.924      0.000
    DUSI               1.702      0.081     21.082      0.000

 Variances
    AUSI               1.000      0.000    999.000    999.000
    BUSI               1.000      0.000    999.000    999.000
    CUSI               1.000      0.000    999.000    999.000
    DUSI               1.000      0.000    999.000    999.000

Group D4

 AUSI     WITH
    BUSI               0.776      0.012     65.116      0.000
    CUSI               0.736      0.015     49.998      0.000
    DUSI               0.714      0.020     35.750      0.000

 BUSI     WITH
    CUSI               0.776      0.012     65.116      0.000
    DUSI               0.736      0.015     49.998      0.000

 CUSI     WITH
    DUSI               0.776      0.012     65.116      0.000

 Means
    AUSI               1.651      0.079     20.970      0.000
    BUSI               1.611      0.083     19.306      0.000
    CUSI               1.596      0.085     18.847      0.000
    DUSI               1.657      0.087     19.130      0.000

 Variances
    AUSI               1.000      0.000    999.000    999.000
    BUSI               1.000      0.000    999.000    999.000
    CUSI               1.000      0.000    999.000    999.000
    DUSI               1.000      0.000    999.000    999.000

Group D5

 AUSI     WITH
    BUSI               0.776      0.012     65.116      0.000
    CUSI               0.736      0.015     49.998      0.000
    DUSI               0.714      0.020     35.750      0.000

 BUSI     WITH
    CUSI               0.776      0.012     65.116      0.000
    DUSI               0.736      0.015     49.998      0.000

 CUSI     WITH
    DUSI               0.776      0.012     65.116      0.000

 Means
    AUSI               1.521      0.093     16.417      0.000
    BUSI               1.462      0.099     14.727      0.000
    CUSI               1.575      0.102     15.419      0.000
    DUSI               1.559      0.104     14.936      0.000

 Variances
    AUSI               1.000      0.000    999.000    999.000
    BUSI               1.000      0.000    999.000    999.000
    CUSI               1.000      0.000    999.000    999.000
    DUSI               1.000      0.000    999.000    999.000


R-SQUARE

Group D2

Group D3

Group D4

Group D5


QUALITY OF NUMERICAL RESULTS

     Condition Number for the Information Matrix              0.375E-02
       (ratio of smallest to largest eigenvalue)


     Beginning Time:  18:20:36
        Ending Time:  18:20:36
       Elapsed Time:  00:00:00



MUTHEN & MUTHEN
3463 Stoner Ave.
Los Angeles, CA  90066

Tel: (310) 391-9971
Fax: (310) 391-8971
Web: www.StatModel.com
Support: Support@StatModel.com

Copyright (c) 1998-2011 Muthen & Muthen
