Mplus VERSION 6.12
MUTHEN & MUTHEN
03/09/2016   8:37 PM

INPUT INSTRUCTIONS


  title: PxVx Univariate - Nat Lin D_SCALE with Lin USI;
  data: file = E:\Projects\lnt_pxvx\Data\LT_227.txt;


  variable:
  names =
  subjid
  Sample
  aGENDER
  aAGE
  aethnic1
  aethnic2
  aedu_mom
  aedu_dad
  aEDUCATN
  bEDUCATN
  cEDUCATN
  aEMPLOYD
  bEMPLOYD
  cEMPLOYD
  dEMPLOYD
  aINCOME
  bINCOME
  cINCOME
  dINCOME
  aS_SCALE
  bS_SCALE
  cS_SCALE
  dS_SCALE
  aD_SCALE
  bD_SCALE
  cD_SCALE
  dD_SCALE
  aS_COMP
  bS_COMP
  cS_COMP
  dS_COMP
  aD_COMP
  bD_COMP
  cD_COMP
  dD_COMP
  aBFI_A
  aBFI_A6
  aBFI_C
  aBFI_E
  aBFI_HP
  aBFI_N
  aBFI_O
  bBFI_A
  bBFI_A6
  bBFI_C
  bBFI_E
  bBFI_HP
  bBFI_N
  bBFI_O
  cBFI_A
  cBFI_A6
  cBFI_C
  cBFI_E
  cBFI_HP
  cBFI_N
  cBFI_O
  dBFI_A
  dBFI_A6
  dBFI_C
  dBFI_E
  dBFI_HP
  dBFI_N
  dBFI_O
  aBFA_AC
  aBFA_AP
  aBFA_CI
  aBFA_CO
  aBFA_EA
  aBFA_EE
  aBFA_N9
  aBFA_NV
  aBFA_NW
  aBFA_OI
  aBFA_OO
  aBFA_PS
  aBFA_MT
  bBFA_AC
  bBFA_AP
  bBFA_CI
  bBFA_CO
  bBFA_EA
  bBFA_EE
  bBFA_N9
  bBFA_NV
  bBFA_NW
  bBFA_OI
  bBFA_OO
  bBFA_MT
  bBFA_PS
  cBFA_AC
  cBFA_AP
  cBFA_CI
  cBFA_CO
  cBFA_EA
  cBFA_EE
  cBFA_N9
  cBFA_NV
  cBFA_NW
  cBFA_OI
  cBFA_OO
  cBFA_MT
  cBFA_PS
  dBFA_AC
  dBFA_AP
  dBFA_CI
  dBFA_CO
  dBFA_EA
  dBFA_EE
  dBFA_N9
  dBFA_NV
  dBFA_NW
  dBFA_OI
  dBFA_OO
  dBFA_MT
  dBFA_PS
  aUSI
  bUSI
  cUSI
  dUSI
  aHRZ_IND
  bHRZ_IND
  cHRZ_IND
  dHRZ_IND
  aVRT_IND
  bVRT_IND
  cVRT_IND
  dVRT_IND
  aHRZ_COL
  bHRZ_COL
  cHRZ_COL
  dHRZ_COL
  aVRT_COL
  bVRT_COL
  cVRT_COL
  dVRT_COL
  aCOLLCTV
  bCOLLCTV
  cCOLLCTV
  dCOLLCTV
  aMVS
  bMVS
  cMVS
  dMVS
  aST
  bST
  cST
  dST
  aSD
  bSD
  cSD
  dSD
  aMVS_mc
  bMVS_mc
  cMVS_mc
  dMVS_mc
  aST_mc
  bST_mc
  cST_mc
  dST_mc
  aSD_mc
  bSD_mc
  cSD_mc
  dSD_mc
  bMEANING
  cMEANING
  dMEANING
  bMEAN_L
  cMEAN_L
  dMEAN_L
  bMEANNGc
  cMEANNGc
  dMEANNGc
  bMEANGlc
  cMEANGlc
  dMEANGlc
  bCLASSIC
  cCLASSIC
  dCLASSIC
  bCLASSCc
  cCLASSCc
  dCLASSCc
  bAGR_VAL
  cAGR_VAL
  dAGR_VAL
  bOPN_VAL
  cOPN_VAL
  dOPN_VAL
  bAGR_VLc
  cAGR_VLc
  dAGR_VLc
  bOPNVALc
  cOPNVALc
  dOPNVALc
  aMV_pomp
  bMV_pomp
  cMV_pomp
  dMV_pomp
  aST_pomp
  bST_pomp
  cST_pomp
  dST_pomp
  aSD_pomp
  bSD_pomp
  cSD_pomp
  dSD_pomp
  agoal_ec
  bgoal_ec
  cgoal_ec
  dgoal_ec
  aAspfinc
  bAspfinc
  cAspfinc
  dAspfinc
  abfi_hp8
  bbfi_hp8
  cbfi_hp8
  dbfi_hp8
  aP_S_BFI
  aP_D_BFI
  aECgoalc
  bECgoalC
  cECgoalC
  dECgoalC
  aaspfin
  baspfin
  caspfin
  daspfin;


  USEVARIABLES =
  aD_SCALE
  bD_SCALE
  cD_SCALE
  dD_SCALE
  aUSI
  bUSI
  cUSI
  dUSI
  bage_c
  cage_c
  dage_c
  ;

  missing = all (-9999);

  USEOBSERVATIONS are Sample == 1; ! National Sample

  tscores = bage_c cage_c dage_c;

  DEFINE:
  bage_c = aAGE + 1 - 36;
  cage_c = aAGE + 2 - 36;
  dage_c = aAGE + 3 - 36;

  ANALYSIS:
  TYPE=RANDOM;
  PROCESSORS = 8;

  MODEL:

  i_D_SCALE s_D_SCALE | bD_SCALE cD_SCALE dD_SCALE AT bage_c cage_c dage_c;
  i_USI s_USI | bUSI cUSI dUSI AT bage_c cage_c dage_c;


  !After Bollen and Curran initial observation is not part of LGM

  dD_SCALE on cD_SCALE (a); ! Autoregressive paths constrained to equality
  cD_SCALE on bD_SCALE (a);
  bD_SCALE on aD_SCALE (a);

  dUSI on cUSI (b); ! Autoregressive paths constrained to equality
  cUSI on bUSI (b);
  bUSI on aUSI (b);

  bD_SCALE cD_SCALE dD_SCALE (c); !Equality constraint on residuals
  bUSI cUSI dUSI (d); !Equality constraint on residuals

  dUSI on cD_SCALE (x); ! Cross-lagged paths constrained to equality
  cUSI on bD_SCALE (x);
  bUSI on aD_SCALE (x);

  dD_SCALE on cUSI (y); ! Cross-lagged paths constrained to equality
  cD_SCALE on bUSI (y);
  bD_SCALE on aUSI (y);

  dUSI with dD_SCALE (w); ! within-wave correlations constrained to equality
  cUSI with cD_SCALE (w);
  bUSI with bD_SCALE (w);

  aD_SCALE aUSI i_D_SCALE i_USI
  s_D_SCALE
  s_USI
  with
  s_D_SCALE
  s_USI
  aD_SCALE aUSI i_D_SCALE i_USI;



  OUTPUT: SAMPSTAT PATTERNS;



*** WARNING
  Variable name contains more than 8 characters.
  Only the first 8 characters will be printed in the output.
  Variable: I_D_SCALE
*** WARNING
  Variable name contains more than 8 characters.
  Only the first 8 characters will be printed in the output.
  Variable: S_D_SCALE
*** WARNING
  Data set contains cases with missing on time scores but non-missing on the
  corresponding dependent variables.  These cases were not included in the analysis.
  Number of such cases:  5
   3 WARNING(S) FOUND IN THE INPUT INSTRUCTIONS



PxVx Univariate - Nat Lin D_SCALE with Lin USI;

SUMMARY OF ANALYSIS

Number of groups                                                 1
Number of observations                                         874

Number of dependent variables                                    6
Number of independent variables                                  2
Number of continuous latent variables                            4

Observed dependent variables

  Continuous
   BD_SCALE    CD_SCALE    DD_SCALE    BUSI        CUSI        DUSI

Observed independent variables
   AD_SCALE    AUSI

Continuous latent variables
   I_D_SCAL    S_D_SCAL    I_USI       S_USI

Variables with special functions

  Time scores
   BAGE_C      CAGE_C      DAGE_C


Estimator                                                      MLR
Information matrix                                        OBSERVED
Maximum number of iterations                                   100
Convergence criterion                                    0.100D-05
Maximum number of EM iterations                                500
Convergence criteria for the EM algorithm
  Loglikelihood change                                   0.100D-02
  Relative loglikelihood change                          0.100D-05
  Derivative                                             0.100D-03
Minimum variance                                         0.100D-03
Maximum number of steepest descent iterations                   20
Maximum number of iterations for H1                           2000
Convergence criterion for H1                             0.100D-03
Optimization algorithm                                         EMA

Input data file(s)
  E:\Projects\lnt_pxvx\Data\LT_227.txt
Input data format  FREE


SUMMARY OF DATA

     Number of missing data patterns            20


SUMMARY OF MISSING DATA PATTERNS


     MISSING DATA PATTERNS (x = not missing)

           1  2  3  4  5  6  7  8  9 10 11 12 13 14 15 16 17 18 19 20
 BD_SCALE  x     x  x     x     x     x  x  x  x        x     x
 CD_SCALE  x           x  x     x  x     x  x  x           x  x  x
 DD_SCALE  x     x     x  x  x           x     x  x     x        x  x
 BUSI      x     x  x     x     x        x  x                 x
 CUSI      x           x        x  x     x     x              x  x
 DUSI      x     x     x  x  x                 x  x     x     x
 AD_SCALE  x  x  x  x  x  x  x  x  x  x  x  x  x     x  x  x  x  x  x
 AUSI      x  x  x  x  x  x  x  x  x  x  x  x  x  x     x  x  x  x  x


     MISSING DATA PATTERN FREQUENCIES

    Pattern   Frequency     Pattern   Frequency     Pattern   Frequency
          1         497           8          45          15           1
          2         168           9          21          16           1
          3          26          10           5          17           1
          4          52          11           1          18           1
          5          21          12           1          19           2
          6           2          13           3          20           2
          7          23          14           1


COVARIANCE COVERAGE OF DATA

Minimum covariance coverage value   0.100


     PROPORTION OF DATA PRESENT


           Covariance Coverage
              BD_SCALE      CD_SCALE      DD_SCALE      BUSI          CUSI
              ________      ________      ________      ________      ________
 BD_SCALE       0.725
 CD_SCALE       0.629         0.681
 DD_SCALE       0.606         0.602         0.662
 BUSI           0.715         0.626         0.602         0.715
 CUSI           0.626         0.676         0.600         0.622         0.676
 DUSI           0.606         0.600         0.657         0.602         0.597
 AD_SCALE       0.725         0.681         0.661         0.715         0.676
 AUSI           0.725         0.681         0.662         0.715         0.676


           Covariance Coverage
              DUSI          AD_SCALE      AUSI
              ________      ________      ________
 DUSI           0.658
 AD_SCALE       0.657         0.999
 AUSI           0.658         0.998         0.999


SAMPLE STATISTICS


     ESTIMATED SAMPLE STATISTICS


           Means
              BD_SCALE      CD_SCALE      DD_SCALE      BUSI          CUSI
              ________      ________      ________      ________      ________
 1             63.393        62.551        62.714        28.545        28.579


           Means
              DUSI          AD_SCALE      AUSI
              ________      ________      ________
 1             28.580        63.822        29.082


           Covariances
              BD_SCALE      CD_SCALE      DD_SCALE      BUSI          CUSI
              ________      ________      ________      ________      ________
 BD_SCALE     292.769
 CD_SCALE     250.560       296.103
 DD_SCALE     248.060       259.466       312.661
 BUSI           5.158         3.275        11.871       275.882
 CUSI          17.704        15.639        18.568       213.367       281.146
 DUSI          15.091        11.637        20.885       199.189       220.183
 AD_SCALE     244.473       240.854       242.634         6.197        14.721
 AUSI          10.194        10.748        15.093       206.263       203.406


           Covariances
              DUSI          AD_SCALE      AUSI
              ________      ________      ________
 DUSI         261.669
 AD_SCALE      12.006       294.647
 AUSI         191.543         5.605       267.131


           Correlations
              BD_SCALE      CD_SCALE      DD_SCALE      BUSI          CUSI
              ________      ________      ________      ________      ________
 BD_SCALE       1.000
 CD_SCALE       0.851         1.000
 DD_SCALE       0.820         0.853         1.000
 BUSI           0.018         0.011         0.040         1.000
 CUSI           0.062         0.054         0.063         0.766         1.000
 DUSI           0.055         0.042         0.073         0.741         0.812
 AD_SCALE       0.832         0.815         0.799         0.022         0.051
 AUSI           0.036         0.038         0.052         0.760         0.742


           Correlations
              DUSI          AD_SCALE      AUSI
              ________      ________      ________
 DUSI           1.000
 AD_SCALE       0.043         1.000
 AUSI           0.724         0.020         1.000


     MAXIMUM LOG-LIKELIHOOD VALUE FOR THE UNRESTRICTED (H1) MODEL IS -20555.744


THE MODEL ESTIMATION TERMINATED NORMALLY



MODEL FIT INFORMATION

Number of Free Parameters                       34

Loglikelihood

          H0 Value                      -20553.194
          H0 Scaling Correction Factor       1.074
            for MLR

Information Criteria

          Akaike (AIC)                   41174.388
          Bayesian (BIC)                 41336.673
          Sample-Size Adjusted BIC       41228.697
            (n* = (n + 2) / 24)



MODEL RESULTS

                                                    Two-Tailed
                    Estimate       S.E.  Est./S.E.    P-Value

 DD_SCALE   ON
    CD_SCALE           0.161      0.049      3.261      0.001
    CUSI              -0.032      0.034     -0.941      0.347

 CD_SCALE   ON
    BD_SCALE           0.161      0.049      3.261      0.001
    BUSI              -0.032      0.034     -0.941      0.347

 BD_SCALE   ON
    AD_SCALE           0.161      0.049      3.261      0.001
    AUSI              -0.032      0.034     -0.941      0.347

 DUSI       ON
    CUSI               0.153      0.045      3.393      0.001
    CD_SCALE           0.003      0.046      0.060      0.952

 CUSI       ON
    BUSI               0.153      0.045      3.393      0.001
    BD_SCALE           0.003      0.046      0.060      0.952

 BUSI       ON
    AUSI               0.153      0.045      3.393      0.001
    AD_SCALE           0.003      0.046      0.060      0.952

 S_D_SCAL WITH
    I_D_SCALE          0.269      0.376      0.715      0.475

 I_USI    WITH
    I_D_SCALE         20.337     13.870      1.466      0.143
    S_D_SCALE          0.548      1.849      0.296      0.767

 S_USI    WITH
    I_D_SCALE          0.326      1.854      0.176      0.861
    S_D_SCALE         -0.038      0.024     -1.633      0.102
    I_USI             -0.036      0.354     -0.102      0.919

 AD_SCALE WITH
    I_D_SCALE        197.776     16.593     11.920      0.000
    S_D_SCALE          1.032      0.534      1.932      0.053
    I_USI              9.693     14.508      0.668      0.504
    S_USI              0.197      0.510      0.387      0.699

 AUSI     WITH
    I_D_SCALE         18.984     10.926      1.738      0.082
    S_D_SCALE          0.562      0.512      1.099      0.272
    I_USI            163.247     13.079     12.482      0.000
    S_USI              0.774      0.521      1.486      0.137

 DUSI     WITH
    DD_SCALE           0.177      2.400      0.074      0.941

 CUSI     WITH
    CD_SCALE           0.177      2.400      0.074      0.941

 BUSI     WITH
    BD_SCALE           0.177      2.400      0.074      0.941

 AUSI     WITH
    AD_SCALE           5.560      9.657      0.576      0.565

 Means
    AD_SCALE          63.831      0.581    109.848      0.000
    AUSI              29.082      0.552     52.651      0.000
    I_D_SCALE         53.603      3.259     16.449      0.000
    S_D_SCALE          0.071      0.029      2.441      0.015
    I_USI             24.085      3.075      7.832      0.000
    S_USI             -0.042      0.032     -1.318      0.188

 Intercepts
    BD_SCALE           0.000      0.000    999.000    999.000
    CD_SCALE           0.000      0.000    999.000    999.000
    DD_SCALE           0.000      0.000    999.000    999.000
    BUSI               0.000      0.000    999.000    999.000
    CUSI               0.000      0.000    999.000    999.000
    DUSI               0.000      0.000    999.000    999.000

 Variances
    AD_SCALE         294.675     13.133     22.438      0.000
    AUSI             267.131     10.767     24.811      0.000
    I_D_SCALE        164.427     23.704      6.937      0.000
    S_D_SCALE          0.071      0.034      2.105      0.035
    I_USI            138.390     18.710      7.396      0.000
    S_USI              0.052      0.035      1.508      0.132

 Residual Variances
    BD_SCALE          52.462      3.088     16.989      0.000
    CD_SCALE          52.462      3.088     16.989      0.000
    DD_SCALE          52.462      3.088     16.989      0.000
    BUSI              68.240      4.467     15.276      0.000
    CUSI              68.240      4.467     15.276      0.000
    DUSI              68.240      4.467     15.276      0.000


QUALITY OF NUMERICAL RESULTS

     Condition Number for the Information Matrix              0.725E-06
       (ratio of smallest to largest eigenvalue)


     Beginning Time:  20:37:12
        Ending Time:  20:37:28
       Elapsed Time:  00:00:16



MUTHEN & MUTHEN
3463 Stoner Ave.
Los Angeles, CA  90066

Tel: (310) 391-9971
Fax: (310) 391-8971
Web: www.StatModel.com
Support: Support@StatModel.com

Copyright (c) 1998-2011 Muthen & Muthen
