Mplus VERSION 6.12
MUTHEN & MUTHEN
03/21/2016   1:48 PM

INPUT INSTRUCTIONS


  title: PxVx Univariate - Nat MeanOnly D_SCALE with MeanOnly USI;
  data: file = E:\Projects\lnt_pxvx\Data\LT_227.txt;


  variable:
  names =
  subjid
  Sample
  aGENDER
  aAGE
  aethnic1
  aethnic2
  aedu_mom
  aedu_dad
  aEDUCATN
  bEDUCATN
  cEDUCATN
  aEMPLOYD
  bEMPLOYD
  cEMPLOYD
  dEMPLOYD
  aINCOME
  bINCOME
  cINCOME
  dINCOME
  aS_SCALE
  bS_SCALE
  cS_SCALE
  dS_SCALE
  aD_SCALE
  bD_SCALE
  cD_SCALE
  dD_SCALE
  aS_COMP
  bS_COMP
  cS_COMP
  dS_COMP
  aD_COMP
  bD_COMP
  cD_COMP
  dD_COMP
  aBFI_A
  aBFI_A6
  aBFI_C
  aBFI_E
  aBFI_HP
  aBFI_N
  aBFI_O
  bBFI_A
  bBFI_A6
  bBFI_C
  bBFI_E
  bBFI_HP
  bBFI_N
  bBFI_O
  cBFI_A
  cBFI_A6
  cBFI_C
  cBFI_E
  cBFI_HP
  cBFI_N
  cBFI_O
  dBFI_A
  dBFI_A6
  dBFI_C
  dBFI_E
  dBFI_HP
  dBFI_N
  dBFI_O
  aBFA_AC
  aBFA_AP
  aBFA_CI
  aBFA_CO
  aBFA_EA
  aBFA_EE
  aBFA_N9
  aBFA_NV
  aBFA_NW
  aBFA_OI
  aBFA_OO
  aBFA_PS
  aBFA_MT
  bBFA_AC
  bBFA_AP
  bBFA_CI
  bBFA_CO
  bBFA_EA
  bBFA_EE
  bBFA_N9
  bBFA_NV
  bBFA_NW
  bBFA_OI
  bBFA_OO
  bBFA_MT
  bBFA_PS
  cBFA_AC
  cBFA_AP
  cBFA_CI
  cBFA_CO
  cBFA_EA
  cBFA_EE
  cBFA_N9
  cBFA_NV
  cBFA_NW
  cBFA_OI
  cBFA_OO
  cBFA_MT
  cBFA_PS
  dBFA_AC
  dBFA_AP
  dBFA_CI
  dBFA_CO
  dBFA_EA
  dBFA_EE
  dBFA_N9
  dBFA_NV
  dBFA_NW
  dBFA_OI
  dBFA_OO
  dBFA_MT
  dBFA_PS
  aUSI
  bUSI
  cUSI
  dUSI
  aHRZ_IND
  bHRZ_IND
  cHRZ_IND
  dHRZ_IND
  aVRT_IND
  bVRT_IND
  cVRT_IND
  dVRT_IND
  aHRZ_COL
  bHRZ_COL
  cHRZ_COL
  dHRZ_COL
  aVRT_COL
  bVRT_COL
  cVRT_COL
  dVRT_COL
  aCOLLCTV
  bCOLLCTV
  cCOLLCTV
  dCOLLCTV
  aMVS
  bMVS
  cMVS
  dMVS
  aST
  bST
  cST
  dST
  aSD
  bSD
  cSD
  dSD
  aMVS_mc
  bMVS_mc
  cMVS_mc
  dMVS_mc
  aST_mc
  bST_mc
  cST_mc
  dST_mc
  aSD_mc
  bSD_mc
  cSD_mc
  dSD_mc
  bMEANING
  cMEANING
  dMEANING
  bMEAN_L
  cMEAN_L
  dMEAN_L
  bMEANNGc
  cMEANNGc
  dMEANNGc
  bMEANGlc
  cMEANGlc
  dMEANGlc
  bCLASSIC
  cCLASSIC
  dCLASSIC
  bCLASSCc
  cCLASSCc
  dCLASSCc
  bAGR_VAL
  cAGR_VAL
  dAGR_VAL
  bOPN_VAL
  cOPN_VAL
  dOPN_VAL
  bAGR_VLc
  cAGR_VLc
  dAGR_VLc
  bOPNVALc
  cOPNVALc
  dOPNVALc
  aMV_pomp
  bMV_pomp
  cMV_pomp
  dMV_pomp
  aST_pomp
  bST_pomp
  cST_pomp
  dST_pomp
  aSD_pomp
  bSD_pomp
  cSD_pomp
  dSD_pomp
  agoal_ec
  bgoal_ec
  cgoal_ec
  dgoal_ec
  aAspfinc
  bAspfinc
  cAspfinc
  dAspfinc
  abfi_hp8
  bbfi_hp8
  cbfi_hp8
  dbfi_hp8
  aP_S_BFI
  aP_D_BFI
  aECgoalc
  bECgoalC
  cECgoalC
  dECgoalC
  aaspfin
  baspfin
  caspfin
  daspfin
  aMVI_POMP
  bMVI_POMP
  cMVI_POMP
  dMVI_POMP;


  USEVARIABLES =
  aD_SCALE
  bD_SCALE
  cD_SCALE
  dD_SCALE
  aUSI
  bUSI
  cUSI
  dUSI
  bage_c
  cage_c
  dage_c
  ;

  missing = all (-9999);

  USEOBSERVATIONS are Sample == 1; ! National Sample

  tscores = bage_c cage_c dage_c;

  DEFINE:
  bage_c = aAGE + 1 - 36;
  cage_c = aAGE + 2 - 36;
  dage_c = aAGE + 3 - 36;

  ANALYSIS:
  TYPE=RANDOM;
  PROCESSORS = 8;

  MODEL:

  i_D_SCALE s_D_SCALE | bD_SCALE cD_SCALE dD_SCALE AT bage_c cage_c dage_c;
  i_USI s_USI | bUSI cUSI dUSI AT bage_c cage_c dage_c;


  !After Bollen and Curran initial observation is not part of LGM

  dD_SCALE on cD_SCALE (a); ! Autoregressive paths constrained to equality
  cD_SCALE on bD_SCALE (a);
  bD_SCALE on aD_SCALE (a);

  dUSI on cUSI (b); ! Autoregressive paths constrained to equality
  cUSI on bUSI (b);
  bUSI on aUSI (b);

  bD_SCALE cD_SCALE dD_SCALE (c); !Equality constraint on residuals
  bUSI cUSI dUSI (d); !Equality constraint on residuals

  dUSI on cD_SCALE (x); ! Cross-lagged paths constrained to equality
  cUSI on bD_SCALE (x);
  bUSI on aD_SCALE (x);

  dD_SCALE on cUSI (y); ! Cross-lagged paths constrained to equality
  cD_SCALE on bUSI (y);
  bD_SCALE on aUSI (y);

  dUSI with dD_SCALE (w); ! within-wave correlations constrained to equality
  cUSI with cD_SCALE (w);
  bUSI with bD_SCALE (w);

  aD_SCALE aUSI i_D_SCALE i_USI
  with
  aD_SCALE aUSI i_D_SCALE i_USI;

  s_D_SCALE@0;

  s_USI@0;

  OUTPUT: SAMPSTAT PATTERNS;



*** WARNING
  Variable name contains more than 8 characters.
  Only the first 8 characters will be printed in the output.
  Variable: AMVI_POMP
*** WARNING
  Variable name contains more than 8 characters.
  Only the first 8 characters will be printed in the output.
  Variable: BMVI_POMP
*** WARNING
  Variable name contains more than 8 characters.
  Only the first 8 characters will be printed in the output.
  Variable: CMVI_POMP
*** WARNING
  Variable name contains more than 8 characters.
  Only the first 8 characters will be printed in the output.
  Variable: DMVI_POMP
*** WARNING
  Variable name contains more than 8 characters.
  Only the first 8 characters will be printed in the output.
  Variable: I_D_SCALE
*** WARNING
  Variable name contains more than 8 characters.
  Only the first 8 characters will be printed in the output.
  Variable: S_D_SCALE
*** WARNING in MODEL command
  All continuous latent variable covariances involving S_D_SCALE have been fixed to 0
  because the variance of S_D_SCALE is fixed at 0.
*** WARNING in MODEL command
  All continuous latent variable covariances involving S_USI have been fixed to 0
  because the variance of S_USI is fixed at 0.
*** WARNING
  Data set contains cases with missing on time scores but non-missing on the
  corresponding dependent variables.  These cases were not included in the analysis.
  Number of such cases:  16
   9 WARNING(S) FOUND IN THE INPUT INSTRUCTIONS



PxVx Univariate - Nat MeanOnly D_SCALE with MeanOnly USI;

SUMMARY OF ANALYSIS

Number of groups                                                 1
Number of observations                                         863

Number of dependent variables                                    6
Number of independent variables                                  2
Number of continuous latent variables                            4

Observed dependent variables

  Continuous
   BD_SCALE    CD_SCALE    DD_SCALE    BUSI        CUSI        DUSI

Observed independent variables
   AD_SCALE    AUSI

Continuous latent variables
   I_D_SCAL    S_D_SCAL    I_USI       S_USI

Variables with special functions

  Time scores
   BAGE_C      CAGE_C      DAGE_C


Estimator                                                      MLR
Information matrix                                        OBSERVED
Maximum number of iterations                                   100
Convergence criterion                                    0.100D-05
Maximum number of EM iterations                                500
Convergence criteria for the EM algorithm
  Loglikelihood change                                   0.100D-02
  Relative loglikelihood change                          0.100D-05
  Derivative                                             0.100D-03
Minimum variance                                         0.100D-03
Maximum number of steepest descent iterations                   20
Maximum number of iterations for H1                           2000
Convergence criterion for H1                             0.100D-03
Optimization algorithm                                         EMA

Input data file(s)
  E:\Projects\lnt_pxvx\Data\LT_227.txt
Input data format  FREE


SUMMARY OF DATA

     Number of missing data patterns            22


SUMMARY OF MISSING DATA PATTERNS


     MISSING DATA PATTERNS (x = not missing)

           1  2  3  4  5  6  7  8  9 10 11 12 13 14 15 16 17 18 19 20
 BD_SCALE  x     x  x     x     x     x  x  x  x     x     x     x
 CD_SCALE  x           x  x     x  x     x  x  x     x        x  x  x
 DD_SCALE  x     x     x  x  x           x     x  x  x     x        x
 BUSI      x     x  x     x     x        x  x        x           x
 CUSI      x           x        x  x     x     x     x           x  x
 DUSI      x     x     x  x  x                 x  x  x     x     x
 AD_SCALE  x  x  x  x  x  x  x  x  x  x  x  x  x        x  x  x  x  x
 AUSI      x  x  x  x  x  x  x  x  x  x  x  x  x  x        x  x  x  x

          21 22
 BD_SCALE
 CD_SCALE     x
 DD_SCALE  x  x
 BUSI
 CUSI         x
 DUSI         x
 AD_SCALE  x
 AUSI      x


     MISSING DATA PATTERN FREQUENCIES

    Pattern   Frequency     Pattern   Frequency     Pattern   Frequency
          1         489           9          20          17           1
          2         168          10           5          18           1
          3          26          11           1          19           1
          4          47          12           1          20           2
          5          21          13           3          21           2
          6           2          14           1          22           1
          7          23          15           3
          8          44          16           1


COVARIANCE COVERAGE OF DATA

Minimum covariance coverage value   0.100


     PROPORTION OF DATA PRESENT


           Covariance Coverage
              BD_SCALE      CD_SCALE      DD_SCALE      BUSI          CUSI
              ________      ________      ________      ________      ________
 BD_SCALE       0.722
 CD_SCALE       0.630         0.683
 DD_SCALE       0.608         0.605         0.666
 BUSI           0.711         0.627         0.604         0.711
 CUSI           0.627         0.678         0.603         0.623         0.678
 DUSI           0.608         0.603         0.660         0.604         0.600
 AD_SCALE       0.718         0.678         0.660         0.708         0.673
 AUSI           0.718         0.678         0.662         0.708         0.673


           Covariance Coverage
              DUSI          AD_SCALE      AUSI
              ________      ________      ________
 DUSI           0.662
 AD_SCALE       0.656         0.994
 AUSI           0.657         0.993         0.994


SAMPLE STATISTICS


     ESTIMATED SAMPLE STATISTICS


           Means
              BD_SCALE      CD_SCALE      DD_SCALE      BUSI          CUSI
              ________      ________      ________      ________      ________
 1             63.427        62.522        62.742        28.376        28.552


           Means
              DUSI          AD_SCALE      AUSI
              ________      ________      ________
 1             28.484        63.885        28.986


           Covariances
              BD_SCALE      CD_SCALE      DD_SCALE      BUSI          CUSI
              ________      ________      ________      ________      ________
 BD_SCALE     294.110
 CD_SCALE     252.409       296.437
 DD_SCALE     250.976       260.467       314.063
 BUSI           3.723        -0.152        10.093       274.976
 CUSI          16.279        14.226        19.506       215.781       282.858
 DUSI          14.527        10.137        22.600       200.392       218.911
 AD_SCALE     246.100       241.093       244.149         4.274        14.465
 AUSI           9.628        10.227        16.990       209.061       202.914


           Covariances
              DUSI          AD_SCALE      AUSI
              ________      ________      ________
 DUSI         261.290
 AD_SCALE      11.906       295.379
 AUSI         190.370         7.292       264.581


           Correlations
              BD_SCALE      CD_SCALE      DD_SCALE      BUSI          CUSI
              ________      ________      ________      ________      ________
 BD_SCALE       1.000
 CD_SCALE       0.855         1.000
 DD_SCALE       0.826         0.854         1.000
 BUSI           0.013        -0.001         0.034         1.000
 CUSI           0.056         0.049         0.065         0.774         1.000
 DUSI           0.052         0.036         0.079         0.748         0.805
 AD_SCALE       0.835         0.815         0.802         0.015         0.050
 AUSI           0.035         0.037         0.059         0.775         0.742


           Correlations
              DUSI          AD_SCALE      AUSI
              ________      ________      ________
 DUSI           1.000
 AD_SCALE       0.043         1.000
 AUSI           0.724         0.026         1.000


     MAXIMUM LOG-LIKELIHOOD VALUE FOR THE UNRESTRICTED (H1) MODEL IS -20253.999


THE MODEL ESTIMATION TERMINATED NORMALLY



MODEL FIT INFORMATION

Number of Free Parameters                       23

Loglikelihood

          H0 Value                      -20261.155
          H0 Scaling Correction Factor       1.052
            for MLR

Information Criteria

          Akaike (AIC)                   40568.310
          Bayesian (BIC)                 40677.799
          Sample-Size Adjusted BIC       40604.757
            (n* = (n + 2) / 24)



MODEL RESULTS

                                                    Two-Tailed
                    Estimate       S.E.  Est./S.E.    P-Value

 DD_SCALE   ON
    CD_SCALE           0.179      0.043      4.147      0.000
    CUSI              -0.026      0.027     -0.955      0.340

 CD_SCALE   ON
    BD_SCALE           0.179      0.043      4.147      0.000
    BUSI              -0.026      0.027     -0.955      0.340

 BD_SCALE   ON
    AD_SCALE           0.179      0.043      4.147      0.000
    AUSI              -0.026      0.027     -0.955      0.340

 DUSI       ON
    CUSI               0.173      0.039      4.456      0.000
    CD_SCALE           0.005      0.037      0.136      0.892

 CUSI       ON
    BUSI               0.173      0.039      4.456      0.000
    BD_SCALE           0.005      0.037      0.136      0.892

 BUSI       ON
    AUSI               0.173      0.039      4.456      0.000
    AD_SCALE           0.005      0.037      0.136      0.892

 I_USI    WITH
    I_D_SCALE         13.973     12.335      1.133      0.257

 AD_SCALE WITH
    I_D_SCALE        195.930     15.408     12.716      0.000
    I_USI              8.108     12.652      0.641      0.522

 AUSI     WITH
    I_D_SCALE         18.493     10.005      1.848      0.065
    I_USI            160.427     12.057     13.305      0.000

 DUSI     WITH
    DD_SCALE           1.395      2.167      0.644      0.520

 CUSI     WITH
    CD_SCALE           1.395      2.167      0.644      0.520

 BUSI     WITH
    BD_SCALE           1.395      2.167      0.644      0.520

 AUSI     WITH
    AD_SCALE           7.269      9.664      0.752      0.452

 Means
    AD_SCALE          63.883      0.585    109.219      0.000
    AUSI              28.987      0.554     52.284      0.000
    I_D_SCALE         52.216      2.912     17.931      0.000
    S_D_SCALE          0.065      0.030      2.214      0.027
    I_USI             23.264      2.602      8.941      0.000
    S_USI             -0.042      0.032     -1.337      0.181

 Intercepts
    BD_SCALE           0.000      0.000    999.000    999.000
    CD_SCALE           0.000      0.000    999.000    999.000
    DD_SCALE           0.000      0.000    999.000    999.000
    BUSI               0.000      0.000    999.000    999.000
    CUSI               0.000      0.000    999.000    999.000
    DUSI               0.000      0.000    999.000    999.000

 Variances
    AD_SCALE         295.381     13.305     22.200      0.000
    AUSI             264.641     10.611     24.940      0.000
    I_D_SCALE        166.628     20.802      8.010      0.000
    S_D_SCALE          0.000      0.000    999.000    999.000
    I_USI            136.975     16.192      8.459      0.000
    S_USI              0.000      0.000    999.000    999.000

 Residual Variances
    BD_SCALE          52.300      3.021     17.312      0.000
    CD_SCALE          52.300      3.021     17.312      0.000
    DD_SCALE          52.300      3.021     17.312      0.000
    BUSI              68.115      4.075     16.717      0.000
    CUSI              68.115      4.075     16.717      0.000
    DUSI              68.115      4.075     16.717      0.000


QUALITY OF NUMERICAL RESULTS

     Condition Number for the Information Matrix              0.757E-06
       (ratio of smallest to largest eigenvalue)


     Beginning Time:  13:48:22
        Ending Time:  13:48:27
       Elapsed Time:  00:00:05



MUTHEN & MUTHEN
3463 Stoner Ave.
Los Angeles, CA  90066

Tel: (310) 391-9971
Fax: (310) 391-8971
Web: www.StatModel.com
Support: Support@StatModel.com

Copyright (c) 1998-2011 Muthen & Muthen
