Mplus VERSION 6.12
MUTHEN & MUTHEN
03/09/2016   8:46 PM

INPUT INSTRUCTIONS


  title: PxVx Univariate - Nat Lin I_A with Lin VRT_COL;
  data: file = E:\Projects\lnt_pxvx\Data\LT_informants3.txt;

  variable:
  names =
  subjid
  Sample
  aGENDER
  aAGE
  aethnic1
  aethnic2
  aedu_mom
  aedu_dad
  aEDUCATN
  bEDUCATN
  cEDUCATN
  aEMPLOYD
  bEMPLOYD
  cEMPLOYD
  dEMPLOYD
  aINCOME
  bINCOME
  cINCOME
  dINCOME
  aS_SCALE
  bS_SCALE
  cS_SCALE
  dS_SCALE
  aD_SCALE
  bD_SCALE
  cD_SCALE
  dD_SCALE
  aS_COMP
  bS_COMP
  cS_COMP
  dS_COMP
  aD_COMP
  bD_COMP
  cD_COMP
  dD_COMP
  aBFI_A
  aBFI_A6
  aBFI_C
  aBFI_E
  aBFI_HP
  aBFI_N
  aBFI_O
  bBFI_A
  bBFI_A6
  bBFI_C
  bBFI_E
  bBFI_HP
  bBFI_N
  bBFI_O
  cBFI_A
  cBFI_A6
  cBFI_C
  cBFI_E
  cBFI_HP
  cBFI_N
  cBFI_O
  dBFI_A
  dBFI_A6
  dBFI_C
  dBFI_E
  dBFI_HP
  dBFI_N
  dBFI_O
  aBFA_AC
  aBFA_AP
  aBFA_CI
  aBFA_CO
  aBFA_EA
  aBFA_EE
  aBFA_N9
  aBFA_NV
  aBFA_NW
  aBFA_OI
  aBFA_OO
  aBFA_PS
  aBFA_MT
  bBFA_AC
  bBFA_AP
  bBFA_CI
  bBFA_CO
  bBFA_EA
  bBFA_EE
  bBFA_N9
  bBFA_NV
  bBFA_NW
  bBFA_OI
  bBFA_OO
  bBFA_MT
  bBFA_PS
  cBFA_AC
  cBFA_AP
  cBFA_CI
  cBFA_CO
  cBFA_EA
  cBFA_EE
  cBFA_N9
  cBFA_NV
  cBFA_NW
  cBFA_OI
  cBFA_OO
  cBFA_MT
  cBFA_PS
  dBFA_AC
  dBFA_AP
  dBFA_CI
  dBFA_CO
  dBFA_EA
  dBFA_EE
  dBFA_N9
  dBFA_NV
  dBFA_NW
  dBFA_OI
  dBFA_OO
  dBFA_MT
  dBFA_PS
  aUSI
  bUSI
  cUSI
  dUSI
  aHRZ_IND
  bHRZ_IND
  cHRZ_IND
  dHRZ_IND
  aVRT_IND
  bVRT_IND
  cVRT_IND
  dVRT_IND
  aHRZ_COL
  bHRZ_COL
  cHRZ_COL
  dHRZ_COL
  aVRT_COL
  bVRT_COL
  cVRT_COL
  dVRT_COL
  aCOLLCTV
  bCOLLCTV
  cCOLLCTV
  dCOLLCTV
  aMVS
  bMVS
  cMVS
  dMVS
  aST
  bST
  cST
  dST
  aSD
  bSD
  cSD
  dSD
  aMVS_mc
  bMVS_mc
  cMVS_mc
  dMVS_mc
  aST_mc
  bST_mc
  cST_mc
  dST_mc
  aSD_mc
  bSD_mc
  cSD_mc
  dSD_mc
  bMEANING
  cMEANING
  dMEANING
  bMEAN_L
  cMEAN_L
  dMEAN_L
  bMEANNGc
  cMEANNGc
  dMEANNGc
  bMEANGlc
  cMEANGlc
  dMEANGlc
  bCLASSIC
  cCLASSIC
  dCLASSIC
  bCLASSCc
  cCLASSCc
  dCLASSCc
  bAGR_VAL
  cAGR_VAL
  dAGR_VAL
  bOPN_VAL
  cOPN_VAL
  dOPN_VAL
  bAGR_VLc
  cAGR_VLc
  dAGR_VLc
  bOPNVALc
  cOPNVALc
  dOPNVALc
  aMV_pomp
  bMV_pomp
  cMV_pomp
  dMV_pomp
  aST_pomp
  bST_pomp
  cST_pomp
  dST_pomp
  aSD_pomp
  bSD_pomp
  cSD_pomp
  dSD_pomp
  agoal_eco
  bgoal_eco
  cgoal_eco
  dgoal_eco
  aAspfinc
  bAspfinc
  cAspfinc
  dAspfinc
  abfi_hp8
  bbfi_hp8
  cbfi_hp8
  dbfi_hp8
  aP_S_BFI
  aP_D_BFI
  aECgoalc
  bECgoalC
  cECgoalC
  dECgoalC
  aaspfin
  baspfin
  caspfin
  daspfin
  aasp_mn2
  basp_mn2
  casp_mn2
  dasp_mn2
  aas12mc2
  aas13mc2
  aas14mc2
  aas15mc2
  aas16mc2
  bas12mc2
  bas13mc2
  bas14mc2
  bas15mc2
  bas16mc2
  cas12mc2
  cas13mc2
  cas14mc2
  cas15mc2
  cas16mc2
  das12mc2
  das13mc2
  das14mc2
  das15mc2
  das16mc2
  aas_f_c2
  bas_f_c2
  cas_f_c2
  das_f_c2
  aI_E
  aI_A
  aI_C
  aI_N
  aI_O
  aI_S
  aI_D
  bI_E
  bI_A
  bI_C
  bI_N
  bI_O
  bI_S
  bI_D
  cI_E
  cI_A
  cI_C
  cI_N
  cI_O
  cI_S
  cI_D
  dI_E
  dI_A
  dI_C
  dI_N
  dI_O
  dI_S
  dI_D
  T1_any_I
  T2_any_I
  T3_any_I
  T4_any_I
  aI_H
  bI_H
  cI_H
  dI_H;



  USEVARIABLES =
  aI_A
  bI_A
  cI_A
  dI_A
  aVRT_COL
  bVRT_COL
  cVRT_COL
  dVRT_COL
  bage_c
  cage_c
  dage_c
  ;

  missing = all (-9999);

  USEOBSERVATIONS are Sample == 1; ! National Sample

  tscores = bage_c cage_c dage_c;

  DEFINE:
  bage_c = aAGE + 1 - 36;
  cage_c = aAGE + 2 - 36;
  dage_c = aAGE + 3 - 36;

  ANALYSIS:
  TYPE=RANDOM;
  PROCESSORS = 8;

  MODEL:

  i_I_A s_I_A | bI_A cI_A dI_A AT bage_c cage_c dage_c;
  i_VRT_COL s_VRT_COL | bVRT_COL cVRT_COL dVRT_COL AT bage_c cage_c dage_c;


  !After Bollen and Curran initial observation is not part of LGM

  dI_A on cI_A (a); ! Autoregressive paths constrained to equality
  cI_A on bI_A (a);
  bI_A on aI_A (a);

  dVRT_COL on cVRT_COL (b); ! Autoregressive paths constrained to equality
  cVRT_COL on bVRT_COL (b);
  bVRT_COL on aVRT_COL (b);

  bI_A cI_A dI_A (c); !Equality constraint on residuals
  bVRT_COL cVRT_COL dVRT_COL (d); !Equality constraint on residuals

  dVRT_COL on cI_A (x); ! Cross-lagged paths constrained to equality
  cVRT_COL on bI_A (x);
  bVRT_COL on aI_A (x);

  dI_A on cVRT_COL (y); ! Cross-lagged paths constrained to equality
  cI_A on bVRT_COL (y);
  bI_A on aVRT_COL (y);

  dVRT_COL with dI_A (w); ! within-wave correlations constrained to equality
  cVRT_COL with cI_A (w);
  bVRT_COL with bI_A (w);

  aI_A aVRT_COL i_I_A i_VRT_COL
  s_I_A
  s_VRT_COL
  with
  s_I_A
  s_VRT_COL
  aI_A aVRT_COL i_I_A i_VRT_COL;



  OUTPUT: SAMPSTAT PATTERNS;



*** WARNING
  Variable name contains more than 8 characters.
  Only the first 8 characters will be printed in the output.
  Variable: AGOAL_ECO
*** WARNING
  Variable name contains more than 8 characters.
  Only the first 8 characters will be printed in the output.
  Variable: BGOAL_ECO
*** WARNING
  Variable name contains more than 8 characters.
  Only the first 8 characters will be printed in the output.
  Variable: CGOAL_ECO
*** WARNING
  Variable name contains more than 8 characters.
  Only the first 8 characters will be printed in the output.
  Variable: DGOAL_ECO
*** WARNING
  Variable name contains more than 8 characters.
  Only the first 8 characters will be printed in the output.
  Variable: I_VRT_COL
*** WARNING
  Variable name contains more than 8 characters.
  Only the first 8 characters will be printed in the output.
  Variable: S_VRT_COL
*** WARNING
  Data set contains cases with missing on time scores but non-missing on the
  corresponding dependent variables.  These cases were not included in the analysis.
  Number of such cases:  4
   7 WARNING(S) FOUND IN THE INPUT INSTRUCTIONS



PxVx Univariate - Nat Lin I_A with Lin VRT_COL;

SUMMARY OF ANALYSIS

Number of groups                                                 1
Number of observations                                         604

Number of dependent variables                                    6
Number of independent variables                                  2
Number of continuous latent variables                            4

Observed dependent variables

  Continuous
   BI_A        CI_A        DI_A        BVRT_COL    CVRT_COL    DVRT_COL

Observed independent variables
   AI_A        AVRT_COL

Continuous latent variables
   I_I_A       S_I_A       I_VRT_CO    S_VRT_CO

Variables with special functions

  Time scores
   BAGE_C      CAGE_C      DAGE_C


Estimator                                                      MLR
Information matrix                                        OBSERVED
Maximum number of iterations                                   100
Convergence criterion                                    0.100D-05
Maximum number of EM iterations                                500
Convergence criteria for the EM algorithm
  Loglikelihood change                                   0.100D-02
  Relative loglikelihood change                          0.100D-05
  Derivative                                             0.100D-03
Minimum variance                                         0.100D-03
Maximum number of steepest descent iterations                   20
Maximum number of iterations for H1                           2000
Convergence criterion for H1                             0.100D-03
Optimization algorithm                                         EMA

Input data file(s)
  E:\Projects\lnt_pxvx\Data\LT_informants3.txt
Input data format  FREE


SUMMARY OF DATA

     Number of missing data patterns            46


SUMMARY OF MISSING DATA PATTERNS


     MISSING DATA PATTERNS (x = not missing)

           1  2  3  4  5  6  7  8  9 10 11 12 13 14 15 16 17 18 19 20
 BI_A      x              x  x  x  x  x     x  x                    x
 CI_A      x        x           x  x  x                 x        x  x
 DI_A      x           x     x  x           x  x     x  x  x
 BVRT_COL  x     x  x  x  x  x  x  x  x     x  x  x  x  x  x  x  x  x
 CVRT_COL  x     x  x     x  x  x  x  x  x  x        x  x  x     x  x
 DVRT_COL  x     x  x  x  x  x  x  x  x  x  x  x  x  x  x  x     x
 AI_A      x  x  x           x     x     x        x        x  x  x
 AVRT_COL  x  x  x  x  x  x  x  x  x  x  x  x  x  x  x  x  x  x  x  x

          21 22 23 24 25 26 27 28 29 30 31 32 33 34 35 36 37 38 39 40
 BI_A      x  x        x     x     x           x        x
 CI_A            x  x        x        x  x        x           x  x
 DI_A            x                    x     x        x     x        x
 BVRT_COL  x  x  x  x  x     x     x        x  x        x     x
 CVRT_COL  x     x  x     x  x     x  x  x        x     x     x  x  x
 DVRT_COL        x              x     x  x     x     x  x  x        x
 AI_A      x  x  x        x  x  x     x  x        x  x  x     x     x
 AVRT_COL  x  x  x  x  x  x  x  x  x  x  x  x  x  x  x  x  x  x  x  x

          41 42 43 44 45 46
 BI_A      x  x  x
 CI_A            x        x
 DI_A      x     x     x  x
 BVRT_COL  x     x  x
 CVRT_COL     x  x  x  x  x
 DVRT_COL  x  x        x  x
 AI_A      x  x     x
 AVRT_COL  x  x  x  x  x  x


     MISSING DATA PATTERN FREQUENCIES

    Pattern   Frequency     Pattern   Frequency     Pattern   Frequency
          1         172          17           9          33           2
          2          34          18          18          34           3
          3          26          19          11          35           3
          4          19          20           5          36          13
          5           5          21           6          37           2
          6          15          22          13          38           2
          7          17          23          16          39           3
          8          39          24           4          40           2
          9          29          25           7          41           6
         10          17          26           6          42           1
         11           7          27          12          43           1
         12          18          28           8          44           4
         13           2          29           2          45           1
         14           3          30           7          46           2
         15          17          31           1
         16          13          32           1


COVARIANCE COVERAGE OF DATA

Minimum covariance coverage value   0.100


     PROPORTION OF DATA PRESENT


           Covariance Coverage
              BI_A          CI_A          DI_A          BVRT_COL      CVRT_COL
              ________      ________      ________      ________      ________
 BI_A           0.624
 CI_A           0.455         0.589
 DI_A           0.422         0.414         0.551
 BVRT_COL       0.623         0.563         0.523         0.868
 CVRT_COL       0.575         0.589         0.520         0.773         0.828
 DVRT_COL       0.548         0.540         0.548         0.743         0.748
 AI_A           0.445         0.419         0.384         0.591         0.570
 AVRT_COL       0.624         0.589         0.551         0.868         0.828


           Covariance Coverage
              DVRT_COL      AI_A          AVRT_COL
              ________      ________      ________
 DVRT_COL       0.800
 AI_A           0.548         0.710
 AVRT_COL       0.800         0.710         1.000


SAMPLE STATISTICS


     ESTIMATED SAMPLE STATISTICS


           Means
              BI_A          CI_A          DI_A          BVRT_COL      CVRT_COL
              ________      ________      ________      ________      ________
 1             69.913        70.530        70.338        69.656        67.975


           Means
              DVRT_COL      AI_A          AVRT_COL
              ________      ________      ________
 1             68.468        69.780        71.382


           Covariances
              BI_A          CI_A          DI_A          BVRT_COL      CVRT_COL
              ________      ________      ________      ________      ________
 BI_A         513.080
 CI_A         315.824       574.776
 DI_A         314.533       400.339       556.984
 BVRT_COL      85.386       108.574        97.508       348.418
 CVRT_COL      77.578       101.049       117.120       251.990       360.830
 DVRT_COL      82.009        93.204        99.874       258.255       269.726
 AI_A         274.682       267.288       291.742        97.516        61.149
 AVRT_COL      75.534        89.518       110.690       236.300       227.087


           Covariances
              DVRT_COL      AI_A          AVRT_COL
              ________      ________      ________
 DVRT_COL     363.530
 AI_A          64.313       526.211
 AVRT_COL     235.649        73.975       327.512


           Correlations
              BI_A          CI_A          DI_A          BVRT_COL      CVRT_COL
              ________      ________      ________      ________      ________
 BI_A           1.000
 CI_A           0.582         1.000
 DI_A           0.588         0.708         1.000
 BVRT_COL       0.202         0.243         0.221         1.000
 CVRT_COL       0.180         0.222         0.261         0.711         1.000
 DVRT_COL       0.190         0.204         0.222         0.726         0.745
 AI_A           0.529         0.486         0.539         0.228         0.140
 AVRT_COL       0.184         0.206         0.259         0.700         0.661


           Correlations
              DVRT_COL      AI_A          AVRT_COL
              ________      ________      ________
 DVRT_COL       1.000
 AI_A           0.147         1.000
 AVRT_COL       0.683         0.178         1.000


     MAXIMUM LOG-LIKELIHOOD VALUE FOR THE UNRESTRICTED (H1) MODEL IS -15113.336


THE MODEL ESTIMATION TERMINATED NORMALLY



MODEL FIT INFORMATION

Number of Free Parameters                       34

Loglikelihood

          H0 Value                      -15120.113
          H0 Scaling Correction Factor       1.137
            for MLR

Information Criteria

          Akaike (AIC)                   30308.226
          Bayesian (BIC)                 30457.948
          Sample-Size Adjusted BIC       30350.006
            (n* = (n + 2) / 24)



MODEL RESULTS

                                                    Two-Tailed
                    Estimate       S.E.  Est./S.E.    P-Value

 DI_A       ON
    CI_A               0.092      0.058      1.581      0.114
    CVRT_COL           0.057      0.067      0.855      0.393

 CI_A       ON
    BI_A               0.092      0.058      1.581      0.114
    BVRT_COL           0.057      0.067      0.855      0.393

 BI_A       ON
    AI_A               0.092      0.058      1.581      0.114
    AVRT_COL           0.057      0.067      0.855      0.393

 DVRT_COL   ON
    CVRT_COL           0.085      0.045      1.899      0.058
    CI_A               0.032      0.032      0.979      0.327

 CVRT_COL   ON
    BVRT_COL           0.085      0.045      1.899      0.058
    BI_A               0.032      0.032      0.979      0.327

 BVRT_COL   ON
    AVRT_COL           0.085      0.045      1.899      0.058
    AI_A               0.032      0.032      0.979      0.327

 S_I_A    WITH
    I_I_A             -0.738      1.408     -0.524      0.600

 I_VRT_CO WITH
    I_I_A             55.266     23.762      2.326      0.020
    S_I_A             -0.267      5.752     -0.046      0.963

 S_VRT_CO WITH
    I_I_A              0.935      5.633      0.166      0.868
    S_I_A             -0.038      0.113     -0.339      0.735
    I_VRT_COL         -0.856      0.634     -1.349      0.177

 AI_A     WITH
    I_I_A            235.504     32.022      7.354      0.000
    S_I_A              0.999      2.322      0.430      0.667
    I_VRT_COL         53.257     21.729      2.451      0.014
    S_VRT_COL          1.253      1.269      0.987      0.324

 AVRT_COL WITH
    I_I_A             67.163     22.530      2.981      0.003
    S_I_A             -0.285      1.246     -0.229      0.819
    I_VRT_COL        206.427     19.308     10.691      0.000
    S_VRT_COL          0.520      0.771      0.674      0.500

 DVRT_COL WITH
    DI_A               3.448      7.650      0.451      0.652

 CVRT_COL WITH
    CI_A               3.448      7.650      0.451      0.652

 BVRT_COL WITH
    BI_A               3.448      7.650      0.451      0.652

 AVRT_COL WITH
    AI_A              73.964     20.920      3.536      0.000

 Means
    AI_A              69.496      1.059     65.653      0.000
    AVRT_COL          71.382      0.737     96.875      0.000
    I_I_A             59.323      4.221     14.055      0.000
    S_I_A              0.156      0.082      1.901      0.057
    I_VRT_COL         60.430      3.763     16.057      0.000
    S_VRT_COL          0.088      0.044      1.995      0.046

 Intercepts
    BI_A               0.000      0.000    999.000    999.000
    CI_A               0.000      0.000    999.000    999.000
    DI_A               0.000      0.000    999.000    999.000
    BVRT_COL           0.000      0.000    999.000    999.000
    CVRT_COL           0.000      0.000    999.000    999.000
    DVRT_COL           0.000      0.000    999.000    999.000

 Variances
    AI_A             528.219     33.218     15.902      0.000
    AVRT_COL         327.512     19.350     16.925      0.000
    I_I_A            255.130     46.705      5.463      0.000
    S_I_A              0.069      0.428      0.161      0.872
    I_VRT_COL        198.295     26.309      7.537      0.000
    S_VRT_COL          0.106      0.081      1.310      0.190

 Residual Variances
    BI_A             216.929     19.148     11.329      0.000
    CI_A             216.929     19.148     11.329      0.000
    DI_A             216.929     19.148     11.329      0.000
    BVRT_COL         103.797      6.692     15.512      0.000
    CVRT_COL         103.797      6.692     15.512      0.000
    DVRT_COL         103.797      6.692     15.512      0.000


QUALITY OF NUMERICAL RESULTS

     Condition Number for the Information Matrix              0.226E-06
       (ratio of smallest to largest eigenvalue)


     Beginning Time:  20:46:25
        Ending Time:  20:46:39
       Elapsed Time:  00:00:14



MUTHEN & MUTHEN
3463 Stoner Ave.
Los Angeles, CA  90066

Tel: (310) 391-9971
Fax: (310) 391-8971
Web: www.StatModel.com
Support: Support@StatModel.com

Copyright (c) 1998-2011 Muthen & Muthen
