Mplus VERSION 8 (Linux)
MUTHEN & MUTHEN
01/08/2019   3:26 PM

INPUT INSTRUCTIONS


  title: PxVx Univariate LCM-SR - post mi - aspfinc;


  data: file = /home/jflournoy/code_new/lnt_pxvx/Data/lnt_nat_recalc_famc.tsv;

  variable:
  names =
  subjid
  aage
  aaspfin
  aaspfin_d
  abfa_mt
  abfa_mt_d
  abfas_ac
  abfas_ap
  abfas_ci
  abfas_co
  abfas_ea
  abfas_ee
  abfas_nv
  abfas_nv9
  abfas_nw
  abfas_oi
  abfas_oo
  abfi_a
  abfi_a6
  abfi_c
  abfi_d_scale
  abfi_e
  abfi_hp8
  abfi_n
  abfi_o
  abfi_s_scale
  ahrz_col
  ahrz_col_d
  ahrz_ind
  ahrz_ind_d
  amvi
  ausi
  ausi_d
  avrt_col
  avrt_col_d
  avrt_ind
  avrt_ind_d
  bage
  baspfin
  baspfin_d
  bbfa_mt
  bbfa_mt_d
  bbfas_ac
  bbfas_ap
  bbfas_ci
  bbfas_co
  bbfas_ea
  bbfas_ee
  bbfas_nv
  bbfas_nv9
  bbfas_nw
  bbfas_oi
  bbfas_oo
  bbfi_a
  bbfi_a6
  bbfi_c
  bbfi_d_scale
  bbfi_e
  bbfi_hp8
  bbfi_n
  bbfi_o
  bbfi_s_scale
  bhrz_col
  bhrz_col_d
  bhrz_ind
  bhrz_ind_d
  bmvi
  busi
  busi_d
  bvrt_col
  bvrt_col_d
  bvrt_ind
  bvrt_ind_d
  cage
  caspfin
  caspfin_d
  cbfa_mt
  cbfa_mt_d
  cbfas_ac
  cbfas_ap
  cbfas_ci
  cbfas_co
  cbfas_ea
  cbfas_ee
  cbfas_nv
  cbfas_nv9
  cbfas_nw
  cbfas_oi
  cbfas_oo
  cbfi_a
  cbfi_a6
  cbfi_c
  cbfi_d_scale
  cbfi_e
  cbfi_hp8
  cbfi_n
  cbfi_o
  cbfi_s_scale
  chrz_col
  chrz_col_d
  chrz_ind
  chrz_ind_d
  cmvi
  cusi
  cusi_d
  cvrt_col
  cvrt_col_d
  cvrt_ind
  cvrt_ind_d
  dage
  daspfin
  daspfin_d
  dbfa_mt
  dbfa_mt_d
  dbfas_ac
  dbfas_ap
  dbfas_ci
  dbfas_co
  dbfas_ea
  dbfas_ee
  dbfas_nv
  dbfas_nv9
  dbfas_nw
  dbfas_oi
  dbfas_oo
  dbfi_a
  dbfi_a6
  dbfi_c
  dbfi_d_scale
  dbfi_e
  dbfi_hp8
  dbfi_n
  dbfi_o
  dbfi_s_scale
  dhrz_col
  dhrz_col_d
  dhrz_ind
  dhrz_ind_d
  dmvi
  dusi
  dusi_d
  dvrt_col
  dvrt_col_d
  dvrt_ind
  dvrt_ind_d
  aaspfinc
  baspfinc
  caspfinc
  daspfinc
  ;

  USEVARIABLES =
  aaspfinc
  baspfinc
  caspfinc
  daspfinc
  a1
  a2
  a3
  a4
  ;

  missing = all (-9999);

  tscores = a1 a2 a3 a4;

  DEFINE:
  a1 = aage + 0 - 36;
  a2 = aage + 1 - 36;
  a3 = aage + 2 - 36;
  a4 = aage + 3 - 36;


  ANALYSIS:
  TYPE=RANDOM;
  PROCESSORS = 4;
  model=nocovariances; ! supresses default estimation of certain covs in model;

  MODEL:

  i_aspfinc s_aspfinc |  aaspfinc baspfinc caspfinc daspfinc AT a1 a2 a3 a4;

  s_aspfinc WITH i_aspfinc; ! freeing factor covs because of "nocovariances";

  p1 BY aaspfinc@1; ! Residual "factors";
  p2 BY baspfinc@1;
  p3 BY caspfinc@1;
  p4 BY daspfinc@1;

  !residual variances on observed/manifest vars set to 0
  aaspfinc@0;
  baspfinc@0;
  caspfinc@0;
  daspfinc@0;

  ! means of observed/manifest vars set to 0
  [aaspfinc@0];
  [baspfinc@0];
  [caspfinc@0];
  [daspfinc@0];

  p2 p3 p4 (c); ! estimate variances of residual "factors"

  [p1@0]; ! means of residual "factors" set to 0
  [p2@0];
  [p3@0];
  [p4@0];

  p4 on p3 (a); ! Autoregressive paths constrained to equality
  p3 on p2 (a);
  p2 on p1 (a);


  OUTPUT: SAMPSTAT PATTERNS;



*** WARNING
  Data set contains cases with missing on all variables.
  These cases were not included in the analysis.
  Number of cases with missing on all variables:  1
*** WARNING
  Data set contains cases with missing on time scores but non-missing on the
  corresponding dependent variables.  These cases were not included in the analysis.
  Number of such cases:  5
   2 WARNING(S) FOUND IN THE INPUT INSTRUCTIONS



PxVx Univariate LCM-SR - post mi - aspfinc;

SUMMARY OF ANALYSIS

Number of groups                                                 1
Number of observations                                         863

Number of dependent variables                                    4
Number of independent variables                                  0
Number of continuous latent variables                            6

Observed dependent variables

  Continuous
   AASPFINC    BASPFINC    CASPFINC    DASPFINC

Continuous latent variables
   P1          P2          P3          P4          I_ASPFIN    S_ASPFIN

Variables with special functions

  Time scores
   A1          A2          A3          A4


Estimator                                                      MLR
Information matrix                                        OBSERVED
Maximum number of iterations                                   100
Convergence criterion                                    0.100D-05
Maximum number of EM iterations                                500
Convergence criteria for the EM algorithm
  Loglikelihood change                                   0.100D-02
  Relative loglikelihood change                          0.100D-05
  Derivative                                             0.100D-03
Minimum variance                                         0.100D-03
Maximum number of steepest descent iterations                   20
Maximum number of iterations for H1                           2000
Convergence criterion for H1                             0.100D-03
Optimization algorithm                                         EMA

Input data file(s)
  /home/jflournoy/code_new/lnt_pxvx/Data/lnt_nat_recalc_famc.tsv
Input data format  FREE


SUMMARY OF DATA

     Number of missing data patterns             9


SUMMARY OF MISSING DATA PATTERNS


     MISSING DATA PATTERNS (x = not missing)

           1  2  3  4  5  6  7  8  9
 AASPFINC  x  x  x  x  x  x  x  x
 BASPFINC  x     x  x        x     x
 CASPFINC  x           x     x  x
 DASPFINC  x     x     x  x


     MISSING DATA PATTERN FREQUENCIES

    Pattern   Frequency     Pattern   Frequency     Pattern   Frequency
          1         495           4          48           7          47
          2         173           5          23           8          24
          3          27           6          25           9           1


COVARIANCE COVERAGE OF DATA

Minimum covariance coverage value   0.100


     PROPORTION OF DATA PRESENT


           Covariance Coverage
              AASPFINC      BASPFINC      CASPFINC      DASPFINC
              ________      ________      ________      ________
 AASPFINC       0.999
 BASPFINC       0.715         0.716
 CASPFINC       0.683         0.628         0.683
 DASPFINC       0.660         0.605         0.600         0.660


SAMPLE STATISTICS


     ESTIMATED SAMPLE STATISTICS


           Means
              AASPFINC      BASPFINC      CASPFINC      DASPFINC
              ________      ________      ________      ________
               37.469        38.164        38.484        39.200


           Covariances
              AASPFINC      BASPFINC      CASPFINC      DASPFINC
              ________      ________      ________      ________
 AASPFINC     196.948
 BASPFINC     154.134       198.390
 CASPFINC     152.716       162.060       207.405
 DASPFINC     147.040       157.985       164.316       209.949


           Correlations
              AASPFINC      BASPFINC      CASPFINC      DASPFINC
              ________      ________      ________      ________
 AASPFINC       1.000
 BASPFINC       0.780         1.000
 CASPFINC       0.756         0.799         1.000
 DASPFINC       0.723         0.774         0.787         1.000


     MAXIMUM LOG-LIKELIHOOD VALUE FOR THE UNRESTRICTED (H1) MODEL IS -9807.464


UNIVARIATE SAMPLE STATISTICS


     UNIVARIATE HIGHER-ORDER MOMENT DESCRIPTIVE STATISTICS

         Variable/         Mean/     Skewness/   Minimum/ % with                Percentiles
        Sample Size      Variance    Kurtosis    Maximum  Min/Max      20%/60%    40%/80%    Median

     AASPFINC             37.475       0.295       0.337    0.12%      25.092     33.803     36.880
             862.000     197.063       0.423     100.000    0.12%      40.080     50.015
     BASPFINC             38.030       0.188       2.021    0.16%      25.765     33.680     37.554
             618.000     192.416      -0.264      84.201    0.16%      41.901     50.521
     CASPFINC             38.458       0.229       6.231    0.17%      25.260     34.522     38.396
             589.000     204.498      -0.044      97.168    0.17%      42.100     50.689
     DASPFINC             38.857       0.237       0.000    0.18%      26.102     35.196     38.901
             570.000     207.530      -0.006      88.074    0.18%      42.437     51.363


THE MODEL ESTIMATION TERMINATED NORMALLY



MODEL FIT INFORMATION

Number of Free Parameters                        8

Loglikelihood

          H0 Value                       -9818.164
          H0 Scaling Correction Factor      1.2418
            for MLR

Information Criteria

          Akaike (AIC)                   19652.329
          Bayesian (BIC)                 19690.412
          Sample-Size Adjusted BIC       19665.006
            (n* = (n + 2) / 24)



MODEL RESULTS

                                                    Two-Tailed
                    Estimate       S.E.  Est./S.E.    P-Value

 P1       BY
    AASPFINC           1.000      0.000    999.000    999.000

 P2       BY
    BASPFINC           1.000      0.000    999.000    999.000

 P3       BY
    CASPFINC           1.000      0.000    999.000    999.000

 P4       BY
    DASPFINC           1.000      0.000    999.000    999.000

 P4         ON
    P3                 0.152      0.058      2.605      0.009

 P3         ON
    P2                 0.152      0.058      2.605      0.009

 P2         ON
    P1                 0.152      0.058      2.605      0.009

 S_ASPFIN WITH
    I_ASPFINC         -1.197      0.525     -2.281      0.023

 Means
    P1                 0.000      0.000    999.000    999.000
    I_ASPFINC         38.139      0.459     83.118      0.000
    S_ASPFINC         -0.024      0.040     -0.609      0.542

 Intercepts
    AASPFINC           0.000      0.000    999.000    999.000
    BASPFINC           0.000      0.000    999.000    999.000
    CASPFINC           0.000      0.000    999.000    999.000
    DASPFINC           0.000      0.000    999.000    999.000
    P2                 0.000      0.000    999.000    999.000
    P3                 0.000      0.000    999.000    999.000
    P4                 0.000      0.000    999.000    999.000

 Variances
    P1                55.426      4.988     11.112      0.000
    I_ASPFINC        146.297     11.849     12.346      0.000
    S_ASPFINC          0.051      0.081      0.627      0.531

 Residual Variances
    AASPFINC           0.000      0.000    999.000    999.000
    BASPFINC           0.000      0.000    999.000    999.000
    CASPFINC           0.000      0.000    999.000    999.000
    DASPFINC           0.000      0.000    999.000    999.000
    P2                49.397      3.543     13.943      0.000
    P3                49.397      3.543     13.943      0.000
    P4                49.397      3.543     13.943      0.000


QUALITY OF NUMERICAL RESULTS

     Condition Number for the Information Matrix              0.190E-02
       (ratio of smallest to largest eigenvalue)


     Beginning Time:  15:26:13
        Ending Time:  15:26:17
       Elapsed Time:  00:00:04



MUTHEN & MUTHEN
3463 Stoner Ave.
Los Angeles, CA  90066

Tel: (310) 391-9971
Fax: (310) 391-8971
Web: www.StatModel.com
Support: Support@StatModel.com

Copyright (c) 1998-2017 Muthen & Muthen
