Mplus VERSION 7 (Mac)
MUTHEN & MUTHEN
10/27/2017   9:36 AM

INPUT INSTRUCTIONS


  title: PxVx Bivariate LCM-SR - Col Linear BFA_CO with Linear HRZ_COL;
  data: file = /Users/johnflournoy/code/lnt_pxvx/Data/LT_227.txt;



  variable:
  names =
  subjid
  Sample
  aGENDER
  aAGE
  aethnic1
  aethnic2
  aedu_mom
  aedu_dad
  aEDUCATN
  bEDUCATN
  cEDUCATN
  aEMPLOYD
  bEMPLOYD
  cEMPLOYD
  dEMPLOYD
  aINCOME
  bINCOME
  cINCOME
  dINCOME
  aS_SCALE
  bS_SCALE
  cS_SCALE
  dS_SCALE
  aD_SCALE
  bD_SCALE
  cD_SCALE
  dD_SCALE
  aS_COMP
  bS_COMP
  cS_COMP
  dS_COMP
  aD_COMP
  bD_COMP
  cD_COMP
  dD_COMP
  aBFI_A
  aBFI_A6
  aBFI_C
  aBFI_E
  aBFI_HP
  aBFI_N
  aBFI_O
  bBFI_A
  bBFI_A6
  bBFI_C
  bBFI_E
  bBFI_HP
  bBFI_N
  bBFI_O
  cBFI_A
  cBFI_A6
  cBFI_C
  cBFI_E
  cBFI_HP
  cBFI_N
  cBFI_O
  dBFI_A
  dBFI_A6
  dBFI_C
  dBFI_E
  dBFI_HP
  dBFI_N
  dBFI_O
  aBFA_AC
  aBFA_AP
  aBFA_CI
  aBFA_CO
  aBFA_EA
  aBFA_EE
  aBFA_N9
  aBFA_NV
  aBFA_NW
  aBFA_OI
  aBFA_OO
  aBFA_PS
  aBFA_MT
  bBFA_AC
  bBFA_AP
  bBFA_CI
  bBFA_CO
  bBFA_EA
  bBFA_EE
  bBFA_N9
  bBFA_NV
  bBFA_NW
  bBFA_OI
  bBFA_OO
  bBFA_MT
  bBFA_PS
  cBFA_AC
  cBFA_AP
  cBFA_CI
  cBFA_CO
  cBFA_EA
  cBFA_EE
  cBFA_N9
  cBFA_NV
  cBFA_NW
  cBFA_OI
  cBFA_OO
  cBFA_MT
  cBFA_PS
  dBFA_AC
  dBFA_AP
  dBFA_CI
  dBFA_CO
  dBFA_EA
  dBFA_EE
  dBFA_N9
  dBFA_NV
  dBFA_NW
  dBFA_OI
  dBFA_OO
  dBFA_MT
  dBFA_PS
  aUSI
  bUSI
  cUSI
  dUSI
  aHRZ_IND
  bHRZ_IND
  cHRZ_IND
  dHRZ_IND
  aVRT_IND
  bVRT_IND
  cVRT_IND
  dVRT_IND
  aHRZ_COL
  bHRZ_COL
  cHRZ_COL
  dHRZ_COL
  aVRT_COL
  bVRT_COL
  cVRT_COL
  dVRT_COL
  aCOLLCTV
  bCOLLCTV
  cCOLLCTV
  dCOLLCTV
  aMVS
  bMVS
  cMVS
  dMVS
  aST
  bST
  cST
  dST
  aSD
  bSD
  cSD
  dSD
  aMVS_mc
  bMVS_mc
  cMVS_mc
  dMVS_mc
  aST_mc
  bST_mc
  cST_mc
  dST_mc
  aSD_mc
  bSD_mc
  cSD_mc
  dSD_mc
  bMEANING
  cMEANING
  dMEANING
  bMEAN_L
  cMEAN_L
  dMEAN_L
  bMEANNGc
  cMEANNGc
  dMEANNGc
  bMEANGlc
  cMEANGlc
  dMEANGlc
  bCLASSIC
  cCLASSIC
  dCLASSIC
  bCLASSCc
  cCLASSCc
  dCLASSCc
  bAGR_VAL
  cAGR_VAL
  dAGR_VAL
  bOPN_VAL
  cOPN_VAL
  dOPN_VAL
  bAGR_VLc
  cAGR_VLc
  dAGR_VLc
  bOPNVALc
  cOPNVALc
  dOPNVALc
  aMV_pomp
  bMV_pomp
  cMV_pomp
  dMV_pomp
  aST_pomp
  bST_pomp
  cST_pomp
  dST_pomp
  aSD_pomp
  bSD_pomp
  cSD_pomp
  dSD_pomp
  agoal_ec
  bgoal_ec
  cgoal_ec
  dgoal_ec
  aAspfinc
  bAspfinc
  cAspfinc
  dAspfinc
  abfi_hp8
  bbfi_hp8
  cbfi_hp8
  dbfi_hp8
  aP_S_BFI
  aP_D_BFI
  aECgoalc
  bECgoalC
  cECgoalC
  dECgoalC
  aaspfin
  baspfin
  caspfin
  daspfin
  aMVI_POMP
  bMVI_POMP
  cMVI_POMP
  dMVI_POMP;

  USEVARIABLES =
  aBFA_CO
  bBFA_CO
  cBFA_CO
  dBFA_CO
  aHRZ_COL
  bHRZ_COL
  cHRZ_COL
  dHRZ_COL
  a1
  a2
  a3
  a4
  ;

  missing = all (-9999);

  USEOBSERVATIONS are Sample == 2; ! College Sample

  tscores = a1 a2 a3 a4;

  DEFINE:
  a1 = aAGE + 0 - 20.5;
  a2 = aAGE + 1 - 20.5;
  a3 = aAGE + 2 - 20.5;
  a4 = aAGE + 3 - 20.5;

  ANALYSIS:
  TYPE=RANDOM;
  PROCESSORS = 4;
  model=nocovariances; ! supresses default estimation of certain covs in model;

  MODEL:

  i_BFA_CO s_BFA_CO | aBFA_CO bBFA_CO cBFA_CO dBFA_CO AT a1 a2 a3 a4;
  i_HRZ_COL s_HRZ_COL | aHRZ_COL bHRZ_COL cHRZ_COL dHRZ_COL AT a1 a2 a3 a4;

  ! freeing factor covs because of "nocovariances"
  s_BFA_CO WITH i_BFA_CO s_HRZ_COL i_HRZ_COL;
  i_BFA_CO WITH s_HRZ_COL i_HRZ_COL;
  s_HRZ_COL WITH i_HRZ_COL;

  p1 BY aBFA_CO@1; ! Residual "factors";
  p2 BY bBFA_CO@1;
  p3 BY cBFA_CO@1;
  p4 BY dBFA_CO@1;

  v1 BY aHRZ_COL@1; ! Residual "factors";
  v2 BY bHRZ_COL@1;
  v3 BY cHRZ_COL@1;
  v4 BY dHRZ_COL@1;

  !residual variances on observed/manifest vars set to 0
  aBFA_CO@0;
  bBFA_CO@0;
  cBFA_CO@0;
  dBFA_CO@0;

  !residual variances on observed/manifest vars set to 0
  aHRZ_COL@0;
  bHRZ_COL@0;
  cHRZ_COL@0;
  dHRZ_COL@0;

  ! means of observed/manifest vars set to 0
  [aBFA_CO@0];
  [bBFA_CO@0];
  [cBFA_CO@0];
  [dBFA_CO@0];

  ! means of observed/manifest vars set to 0
  [aHRZ_COL@0];
  [bHRZ_COL@0];
  [cHRZ_COL@0];
  [dHRZ_COL@0];

  [p1@0]; ! means of residual "factors" set to 0
  [p2@0];
  [p3@0];
  [p4@0];

  [v1@0]; ! means of residual "factors" set to 0
  [v2@0];
  [v3@0];
  [v4@0];

  p4 on p3 (a); ! Autoregressive paths constrained to equality
  p3 on p2 (a);
  p2 on p1 (a);

  v4 on v3 (b); ! Autoregressive paths constrained to equality
  v3 on v2 (b);
  v2 on v1 (b);

  p4 on v3 (c); ! Cross-lagged paths constrained to equality
  p3 on v2 (c);
  p2 on v1 (c);

  v4 on p3 (d); ! Cross-lagged paths constrained to equality
  v3 on p2 (d);
  v2 on p1 (d);

  p1 with v1 (e); ! Within-wave correlations constrained to equality
  p2 with v2 (e);
  p3 with v3 (e);
  p4 with v4 (e);

  p2 p3 p4 (f); ! estimate variances of residual "factors"
  v2 v3 v4 (g); ! estimate variances of residual "factors"

  OUTPUT: SAMPSTAT PATTERNS;



*** WARNING
  Variable name contains more than 8 characters.
  Only the first 8 characters will be printed in the output.
  Variable: AMVI_POMP
*** WARNING
  Variable name contains more than 8 characters.
  Only the first 8 characters will be printed in the output.
  Variable: BMVI_POMP
*** WARNING
  Variable name contains more than 8 characters.
  Only the first 8 characters will be printed in the output.
  Variable: CMVI_POMP
*** WARNING
  Variable name contains more than 8 characters.
  Only the first 8 characters will be printed in the output.
  Variable: DMVI_POMP
*** WARNING
  Variable name contains more than 8 characters.
  Only the first 8 characters will be printed in the output.
  Variable: I_HRZ_COL
*** WARNING
  Variable name contains more than 8 characters.
  Only the first 8 characters will be printed in the output.
  Variable: S_HRZ_COL
*** WARNING
  Data set contains cases with missing on all variables.
  These cases were not included in the analysis.
  Number of cases with missing on all variables:  1
*** WARNING
  Data set contains cases with missing on time scores but non-missing on the
  corresponding dependent variables.  These cases were not included in the analysis.
  Number of such cases:  3
   8 WARNING(S) FOUND IN THE INPUT INSTRUCTIONS



PxVx Bivariate LCM-SR - Col Linear BFA_CO with Linear HRZ_COL;

SUMMARY OF ANALYSIS

Number of groups                                                 1
Number of observations                                         276

Number of dependent variables                                    8
Number of independent variables                                  0
Number of continuous latent variables                           12

Observed dependent variables

  Continuous
   ABFA_CO     BBFA_CO     CBFA_CO     DBFA_CO     AHRZ_COL    BHRZ_COL
   CHRZ_COL    DHRZ_COL

Continuous latent variables
   P1          P2          P3          P4          V1          V2
   V3          V4          I_BFA_CO    S_BFA_CO    I_HRZ_CO    S_HRZ_CO

Variables with special functions

  Time scores
   A1          A2          A3          A4


Estimator                                                      MLR
Information matrix                                        OBSERVED
Maximum number of iterations                                   100
Convergence criterion                                    0.100D-05
Maximum number of EM iterations                                500
Convergence criteria for the EM algorithm
  Loglikelihood change                                   0.100D-02
  Relative loglikelihood change                          0.100D-05
  Derivative                                             0.100D-03
Minimum variance                                         0.100D-03
Maximum number of steepest descent iterations                   20
Maximum number of iterations for H1                           2000
Convergence criterion for H1                             0.100D-03
Optimization algorithm                                         EMA

Input data file(s)
  /Users/johnflournoy/code/lnt_pxvx/Data/LT_227.txt
Input data format  FREE


SUMMARY OF DATA

     Number of missing data patterns            13


SUMMARY OF MISSING DATA PATTERNS


     MISSING DATA PATTERNS (x = not missing)

           1  2  3  4  5  6  7  8  9 10 11 12 13
 ABFA_CO   x  x  x  x  x  x  x  x  x  x  x     x
 BBFA_CO   x  x     x        x  x              x
 CBFA_CO   x  x  x                 x  x
 DBFA_CO   x              x  x  x  x  x
 AHRZ_COL  x  x  x  x  x  x  x  x  x  x     x  x
 BHRZ_COL  x  x     x           x
 CHRZ_COL  x  x  x                 x  x
 DHRZ_COL  x              x     x     x


     MISSING DATA PATTERN FREQUENCIES

    Pattern   Frequency     Pattern   Frequency     Pattern   Frequency
          1         138           6          11          11           1
          2          12           7           1          12           1
          3           5           8          16          13           2
          4          27           9           1
          5          51          10          10


COVARIANCE COVERAGE OF DATA

Minimum covariance coverage value   0.100


     PROPORTION OF DATA PRESENT


           Covariance Coverage
              ABFA_CO       BBFA_CO       CBFA_CO       DBFA_CO       AHRZ_COL
              ________      ________      ________      ________      ________
 ABFA_CO        0.996
 BBFA_CO        0.710         0.710
 CBFA_CO        0.601         0.543         0.601
 DBFA_CO        0.641         0.562         0.540         0.641
 AHRZ_COL       0.993         0.710         0.601         0.641         0.996
 BHRZ_COL       0.699         0.699         0.543         0.558         0.699
 CHRZ_COL       0.601         0.543         0.601         0.540         0.601
 DHRZ_COL       0.634         0.558         0.536         0.634         0.634


           Covariance Coverage
              BHRZ_COL      CHRZ_COL      DHRZ_COL
              ________      ________      ________
 BHRZ_COL       0.699
 CHRZ_COL       0.543         0.601
 DHRZ_COL       0.558         0.536         0.634


SAMPLE STATISTICS


     ESTIMATED SAMPLE STATISTICS


           Means
              ABFA_CO       BBFA_CO       CBFA_CO       DBFA_CO       AHRZ_COL
              ________      ________      ________      ________      ________
 1             59.159        59.753        60.264        59.869        71.640


           Means
              BHRZ_COL      CHRZ_COL      DHRZ_COL
              ________      ________      ________
 1             73.874        73.937        75.034


           Covariances
              ABFA_CO       BBFA_CO       CBFA_CO       DBFA_CO       AHRZ_COL
              ________      ________      ________      ________      ________
 ABFA_CO      286.140
 BBFA_CO      227.792       297.550
 CBFA_CO      190.273       218.908       290.817
 DBFA_CO      182.451       198.317       219.168       264.696
 AHRZ_COL      17.618         1.342         4.154        26.120       191.211
 BHRZ_COL      18.935        19.136         7.425        10.575       111.790
 CHRZ_COL       8.820         5.230        -3.023        18.926       106.626
 DHRZ_COL      -6.143       -15.195       -26.939         2.200       119.462


           Covariances
              BHRZ_COL      CHRZ_COL      DHRZ_COL
              ________      ________      ________
 BHRZ_COL     208.577
 CHRZ_COL     132.377       178.748
 DHRZ_COL     124.411       112.931       208.577


           Correlations
              ABFA_CO       BBFA_CO       CBFA_CO       DBFA_CO       AHRZ_COL
              ________      ________      ________      ________      ________
 ABFA_CO        1.000
 BBFA_CO        0.781         1.000
 CBFA_CO        0.660         0.744         1.000
 DBFA_CO        0.663         0.707         0.790         1.000
 AHRZ_COL       0.075         0.006         0.018         0.116         1.000
 BHRZ_COL       0.078         0.077         0.030         0.045         0.560
 CHRZ_COL       0.039         0.023        -0.013         0.087         0.577
 DHRZ_COL      -0.025        -0.061        -0.109         0.009         0.598


           Correlations
              BHRZ_COL      CHRZ_COL      DHRZ_COL
              ________      ________      ________
 BHRZ_COL       1.000
 CHRZ_COL       0.686         1.000
 DHRZ_COL       0.596         0.585         1.000


     MAXIMUM LOG-LIKELIHOOD VALUE FOR THE UNRESTRICTED (H1) MODEL IS -6326.721


THE MODEL ESTIMATION TERMINATED NORMALLY



MODEL FIT INFORMATION

Number of Free Parameters                       23

Loglikelihood

          H0 Value                       -6343.357
          H0 Scaling Correction Factor      1.1011
            for MLR

Information Criteria

          Akaike (AIC)                   12732.714
          Bayesian (BIC)                 12815.983
          Sample-Size Adjusted BIC       12743.054
            (n* = (n + 2) / 24)



MODEL RESULTS

                                                    Two-Tailed
                    Estimate       S.E.  Est./S.E.    P-Value

 P1       BY
    ABFA_CO            1.000      0.000    999.000    999.000

 P2       BY
    BBFA_CO            1.000      0.000    999.000    999.000

 P3       BY
    CBFA_CO            1.000      0.000    999.000    999.000

 P4       BY
    DBFA_CO            1.000      0.000    999.000    999.000

 V1       BY
    AHRZ_COL           1.000      0.000    999.000    999.000

 V2       BY
    BHRZ_COL           1.000      0.000    999.000    999.000

 V3       BY
    CHRZ_COL           1.000      0.000    999.000    999.000

 V4       BY
    DHRZ_COL           1.000      0.000    999.000    999.000

 P4         ON
    P3                 0.300      0.128      2.355      0.019
    V3                -0.032      0.088     -0.365      0.715

 P3         ON
    P2                 0.300      0.128      2.355      0.019
    V2                -0.032      0.088     -0.365      0.715

 P2         ON
    P1                 0.300      0.128      2.355      0.019
    V1                -0.032      0.088     -0.365      0.715

 V4         ON
    V3                -0.017      0.105     -0.163      0.871
    P3                -0.025      0.107     -0.238      0.812

 V3         ON
    V2                -0.017      0.105     -0.163      0.871
    P2                -0.025      0.107     -0.238      0.812

 V2         ON
    V1                -0.017      0.105     -0.163      0.871
    P1                -0.025      0.107     -0.238      0.812

 S_BFA_CO WITH
    I_BFA_CO          -9.384     10.160     -0.924      0.356
    S_HRZ_COL          0.165      2.198      0.075      0.940
    I_HRZ_COL          0.331      5.557      0.060      0.952

 I_BFA_CO WITH
    S_HRZ_COL         -6.779      5.740     -1.181      0.238
    I_HRZ_COL         18.003     17.367      1.037      0.300

 S_HRZ_CO WITH
    I_HRZ_COL          1.305      6.189      0.211      0.833

 P1       WITH
    V1                 3.518      7.575      0.464      0.642

 P2       WITH
    V2                 3.518      7.575      0.464      0.642

 P3       WITH
    V3                 3.518      7.575      0.464      0.642

 P4       WITH
    V4                 3.518      7.575      0.464      0.642

 Means
    P1                 0.000      0.000    999.000    999.000
    V1                 0.000      0.000    999.000    999.000
    I_BFA_CO          59.355      1.028     57.749      0.000
    S_BFA_CO           0.163      0.325      0.502      0.616
    I_HRZ_COL         72.037      0.807     89.270      0.000
    S_HRZ_COL          0.927      0.277      3.341      0.001

 Intercepts
    ABFA_CO            0.000      0.000    999.000    999.000
    BBFA_CO            0.000      0.000    999.000    999.000
    CBFA_CO            0.000      0.000    999.000    999.000
    DBFA_CO            0.000      0.000    999.000    999.000
    AHRZ_COL           0.000      0.000    999.000    999.000
    BHRZ_COL           0.000      0.000    999.000    999.000
    CHRZ_COL           0.000      0.000    999.000    999.000
    DHRZ_COL           0.000      0.000    999.000    999.000
    P2                 0.000      0.000    999.000    999.000
    P3                 0.000      0.000    999.000    999.000
    P4                 0.000      0.000    999.000    999.000
    V2                 0.000      0.000    999.000    999.000
    V3                 0.000      0.000    999.000    999.000
    V4                 0.000      0.000    999.000    999.000

 Variances
    P1                80.675     25.424      3.173      0.002
    V1                83.979     16.767      5.009      0.000
    I_BFA_CO         210.443     31.213      6.742      0.000
    S_BFA_CO           3.266      3.886      0.841      0.401
    I_HRZ_COL        113.279     20.373      5.560      0.000
    S_HRZ_COL          0.947      3.708      0.255      0.799

 Residual Variances
    ABFA_CO            0.000      0.000    999.000    999.000
    BBFA_CO            0.000      0.000    999.000    999.000
    CBFA_CO            0.000      0.000    999.000    999.000
    DBFA_CO            0.000      0.000    999.000    999.000
    AHRZ_COL           0.000      0.000    999.000    999.000
    BHRZ_COL           0.000      0.000    999.000    999.000
    CHRZ_COL           0.000      0.000    999.000    999.000
    DHRZ_COL           0.000      0.000    999.000    999.000
    P2                84.242     11.164      7.546      0.000
    P3                84.242     11.164      7.546      0.000
    P4                84.242     11.164      7.546      0.000
    V2                74.775     13.469      5.551      0.000
    V3                74.775     13.469      5.551      0.000
    V4                74.775     13.469      5.551      0.000


QUALITY OF NUMERICAL RESULTS

     Condition Number for the Information Matrix              0.888E-05
       (ratio of smallest to largest eigenvalue)


     Beginning Time:  09:36:38
        Ending Time:  09:36:47
       Elapsed Time:  00:00:09



MUTHEN & MUTHEN
3463 Stoner Ave.
Los Angeles, CA  90066

Tel: (310) 391-9971
Fax: (310) 391-8971
Web: www.StatModel.com
Support: Support@StatModel.com

Copyright (c) 1998-2012 Muthen & Muthen
