Mplus VERSION 7 (Mac)
MUTHEN & MUTHEN
10/27/2017   9:34 AM

INPUT INSTRUCTIONS


  title: PxVx Bivariate LCM-SR - Col Linear BFA_CI with Linear HRZ_IND;
  data: file = /Users/johnflournoy/code/lnt_pxvx/Data/LT_227.txt;



  variable:
  names =
  subjid
  Sample
  aGENDER
  aAGE
  aethnic1
  aethnic2
  aedu_mom
  aedu_dad
  aEDUCATN
  bEDUCATN
  cEDUCATN
  aEMPLOYD
  bEMPLOYD
  cEMPLOYD
  dEMPLOYD
  aINCOME
  bINCOME
  cINCOME
  dINCOME
  aS_SCALE
  bS_SCALE
  cS_SCALE
  dS_SCALE
  aD_SCALE
  bD_SCALE
  cD_SCALE
  dD_SCALE
  aS_COMP
  bS_COMP
  cS_COMP
  dS_COMP
  aD_COMP
  bD_COMP
  cD_COMP
  dD_COMP
  aBFI_A
  aBFI_A6
  aBFI_C
  aBFI_E
  aBFI_HP
  aBFI_N
  aBFI_O
  bBFI_A
  bBFI_A6
  bBFI_C
  bBFI_E
  bBFI_HP
  bBFI_N
  bBFI_O
  cBFI_A
  cBFI_A6
  cBFI_C
  cBFI_E
  cBFI_HP
  cBFI_N
  cBFI_O
  dBFI_A
  dBFI_A6
  dBFI_C
  dBFI_E
  dBFI_HP
  dBFI_N
  dBFI_O
  aBFA_AC
  aBFA_AP
  aBFA_CI
  aBFA_CO
  aBFA_EA
  aBFA_EE
  aBFA_N9
  aBFA_NV
  aBFA_NW
  aBFA_OI
  aBFA_OO
  aBFA_PS
  aBFA_MT
  bBFA_AC
  bBFA_AP
  bBFA_CI
  bBFA_CO
  bBFA_EA
  bBFA_EE
  bBFA_N9
  bBFA_NV
  bBFA_NW
  bBFA_OI
  bBFA_OO
  bBFA_MT
  bBFA_PS
  cBFA_AC
  cBFA_AP
  cBFA_CI
  cBFA_CO
  cBFA_EA
  cBFA_EE
  cBFA_N9
  cBFA_NV
  cBFA_NW
  cBFA_OI
  cBFA_OO
  cBFA_MT
  cBFA_PS
  dBFA_AC
  dBFA_AP
  dBFA_CI
  dBFA_CO
  dBFA_EA
  dBFA_EE
  dBFA_N9
  dBFA_NV
  dBFA_NW
  dBFA_OI
  dBFA_OO
  dBFA_MT
  dBFA_PS
  aUSI
  bUSI
  cUSI
  dUSI
  aHRZ_IND
  bHRZ_IND
  cHRZ_IND
  dHRZ_IND
  aVRT_IND
  bVRT_IND
  cVRT_IND
  dVRT_IND
  aHRZ_COL
  bHRZ_COL
  cHRZ_COL
  dHRZ_COL
  aVRT_COL
  bVRT_COL
  cVRT_COL
  dVRT_COL
  aCOLLCTV
  bCOLLCTV
  cCOLLCTV
  dCOLLCTV
  aMVS
  bMVS
  cMVS
  dMVS
  aST
  bST
  cST
  dST
  aSD
  bSD
  cSD
  dSD
  aMVS_mc
  bMVS_mc
  cMVS_mc
  dMVS_mc
  aST_mc
  bST_mc
  cST_mc
  dST_mc
  aSD_mc
  bSD_mc
  cSD_mc
  dSD_mc
  bMEANING
  cMEANING
  dMEANING
  bMEAN_L
  cMEAN_L
  dMEAN_L
  bMEANNGc
  cMEANNGc
  dMEANNGc
  bMEANGlc
  cMEANGlc
  dMEANGlc
  bCLASSIC
  cCLASSIC
  dCLASSIC
  bCLASSCc
  cCLASSCc
  dCLASSCc
  bAGR_VAL
  cAGR_VAL
  dAGR_VAL
  bOPN_VAL
  cOPN_VAL
  dOPN_VAL
  bAGR_VLc
  cAGR_VLc
  dAGR_VLc
  bOPNVALc
  cOPNVALc
  dOPNVALc
  aMV_pomp
  bMV_pomp
  cMV_pomp
  dMV_pomp
  aST_pomp
  bST_pomp
  cST_pomp
  dST_pomp
  aSD_pomp
  bSD_pomp
  cSD_pomp
  dSD_pomp
  agoal_ec
  bgoal_ec
  cgoal_ec
  dgoal_ec
  aAspfinc
  bAspfinc
  cAspfinc
  dAspfinc
  abfi_hp8
  bbfi_hp8
  cbfi_hp8
  dbfi_hp8
  aP_S_BFI
  aP_D_BFI
  aECgoalc
  bECgoalC
  cECgoalC
  dECgoalC
  aaspfin
  baspfin
  caspfin
  daspfin
  aMVI_POMP
  bMVI_POMP
  cMVI_POMP
  dMVI_POMP;

  USEVARIABLES =
  aBFA_CI
  bBFA_CI
  cBFA_CI
  dBFA_CI
  aHRZ_IND
  bHRZ_IND
  cHRZ_IND
  dHRZ_IND
  a1
  a2
  a3
  a4
  ;

  missing = all (-9999);

  USEOBSERVATIONS are Sample == 2; ! College Sample

  tscores = a1 a2 a3 a4;

  DEFINE:
  a1 = aAGE + 0 - 20.5;
  a2 = aAGE + 1 - 20.5;
  a3 = aAGE + 2 - 20.5;
  a4 = aAGE + 3 - 20.5;

  ANALYSIS:
  TYPE=RANDOM;
  PROCESSORS = 4;
  model=nocovariances; ! supresses default estimation of certain covs in model;

  MODEL:

  i_BFA_CI s_BFA_CI | aBFA_CI bBFA_CI cBFA_CI dBFA_CI AT a1 a2 a3 a4;
  i_HRZ_IND s_HRZ_IND | aHRZ_IND bHRZ_IND cHRZ_IND dHRZ_IND AT a1 a2 a3 a4;

  ! freeing factor covs because of "nocovariances"
  s_BFA_CI WITH i_BFA_CI s_HRZ_IND i_HRZ_IND;
  i_BFA_CI WITH s_HRZ_IND i_HRZ_IND;
  s_HRZ_IND WITH i_HRZ_IND;

  p1 BY aBFA_CI@1; ! Residual "factors";
  p2 BY bBFA_CI@1;
  p3 BY cBFA_CI@1;
  p4 BY dBFA_CI@1;

  v1 BY aHRZ_IND@1; ! Residual "factors";
  v2 BY bHRZ_IND@1;
  v3 BY cHRZ_IND@1;
  v4 BY dHRZ_IND@1;

  !residual variances on observed/manifest vars set to 0
  aBFA_CI@0;
  bBFA_CI@0;
  cBFA_CI@0;
  dBFA_CI@0;

  !residual variances on observed/manifest vars set to 0
  aHRZ_IND@0;
  bHRZ_IND@0;
  cHRZ_IND@0;
  dHRZ_IND@0;

  ! means of observed/manifest vars set to 0
  [aBFA_CI@0];
  [bBFA_CI@0];
  [cBFA_CI@0];
  [dBFA_CI@0];

  ! means of observed/manifest vars set to 0
  [aHRZ_IND@0];
  [bHRZ_IND@0];
  [cHRZ_IND@0];
  [dHRZ_IND@0];

  [p1@0]; ! means of residual "factors" set to 0
  [p2@0];
  [p3@0];
  [p4@0];

  [v1@0]; ! means of residual "factors" set to 0
  [v2@0];
  [v3@0];
  [v4@0];

  p4 on p3 (a); ! Autoregressive paths constrained to equality
  p3 on p2 (a);
  p2 on p1 (a);

  v4 on v3 (b); ! Autoregressive paths constrained to equality
  v3 on v2 (b);
  v2 on v1 (b);

  p4 on v3 (c); ! Cross-lagged paths constrained to equality
  p3 on v2 (c);
  p2 on v1 (c);

  v4 on p3 (d); ! Cross-lagged paths constrained to equality
  v3 on p2 (d);
  v2 on p1 (d);

  p1 with v1 (e); ! Within-wave correlations constrained to equality
  p2 with v2 (e);
  p3 with v3 (e);
  p4 with v4 (e);

  p2 p3 p4 (f); ! estimate variances of residual "factors"
  v2 v3 v4 (g); ! estimate variances of residual "factors"

  OUTPUT: SAMPSTAT PATTERNS;



*** WARNING
  Variable name contains more than 8 characters.
  Only the first 8 characters will be printed in the output.
  Variable: AMVI_POMP
*** WARNING
  Variable name contains more than 8 characters.
  Only the first 8 characters will be printed in the output.
  Variable: BMVI_POMP
*** WARNING
  Variable name contains more than 8 characters.
  Only the first 8 characters will be printed in the output.
  Variable: CMVI_POMP
*** WARNING
  Variable name contains more than 8 characters.
  Only the first 8 characters will be printed in the output.
  Variable: DMVI_POMP
*** WARNING
  Variable name contains more than 8 characters.
  Only the first 8 characters will be printed in the output.
  Variable: I_HRZ_IND
*** WARNING
  Variable name contains more than 8 characters.
  Only the first 8 characters will be printed in the output.
  Variable: S_HRZ_IND
*** WARNING
  Data set contains cases with missing on all variables.
  These cases were not included in the analysis.
  Number of cases with missing on all variables:  1
*** WARNING
  Data set contains cases with missing on time scores but non-missing on the
  corresponding dependent variables.  These cases were not included in the analysis.
  Number of such cases:  3
   8 WARNING(S) FOUND IN THE INPUT INSTRUCTIONS



PxVx Bivariate LCM-SR - Col Linear BFA_CI with Linear HRZ_IND;

SUMMARY OF ANALYSIS

Number of groups                                                 1
Number of observations                                         276

Number of dependent variables                                    8
Number of independent variables                                  0
Number of continuous latent variables                           12

Observed dependent variables

  Continuous
   ABFA_CI     BBFA_CI     CBFA_CI     DBFA_CI     AHRZ_IND    BHRZ_IND
   CHRZ_IND    DHRZ_IND

Continuous latent variables
   P1          P2          P3          P4          V1          V2
   V3          V4          I_BFA_CI    S_BFA_CI    I_HRZ_IN    S_HRZ_IN

Variables with special functions

  Time scores
   A1          A2          A3          A4


Estimator                                                      MLR
Information matrix                                        OBSERVED
Maximum number of iterations                                   100
Convergence criterion                                    0.100D-05
Maximum number of EM iterations                                500
Convergence criteria for the EM algorithm
  Loglikelihood change                                   0.100D-02
  Relative loglikelihood change                          0.100D-05
  Derivative                                             0.100D-03
Minimum variance                                         0.100D-03
Maximum number of steepest descent iterations                   20
Maximum number of iterations for H1                           2000
Convergence criterion for H1                             0.100D-03
Optimization algorithm                                         EMA

Input data file(s)
  /Users/johnflournoy/code/lnt_pxvx/Data/LT_227.txt
Input data format  FREE


SUMMARY OF DATA

     Number of missing data patterns            12


SUMMARY OF MISSING DATA PATTERNS


     MISSING DATA PATTERNS (x = not missing)

           1  2  3  4  5  6  7  8  9 10 11 12
 ABFA_CI   x  x  x  x  x  x  x  x  x  x  x  x
 BBFA_CI   x  x     x        x  x           x
 CBFA_CI   x  x  x                 x  x
 DBFA_CI   x              x  x  x  x  x
 AHRZ_IND  x  x  x  x  x  x  x  x  x  x     x
 BHRZ_IND  x  x     x           x
 CHRZ_IND  x  x  x                 x  x
 DHRZ_IND  x              x     x     x


     MISSING DATA PATTERN FREQUENCIES

    Pattern   Frequency     Pattern   Frequency     Pattern   Frequency
          1         138           5          52           9           1
          2          12           6          11          10          10
          3           5           7           1          11           1
          4          27           8          16          12           2


COVARIANCE COVERAGE OF DATA

Minimum covariance coverage value   0.100


     PROPORTION OF DATA PRESENT


           Covariance Coverage
              ABFA_CI       BBFA_CI       CBFA_CI       DBFA_CI       AHRZ_IND
              ________      ________      ________      ________      ________
 ABFA_CI        1.000
 BBFA_CI        0.710         0.710
 CBFA_CI        0.601         0.543         0.601
 DBFA_CI        0.641         0.562         0.540         0.641
 AHRZ_IND       0.996         0.710         0.601         0.641         0.996
 BHRZ_IND       0.699         0.699         0.543         0.558         0.699
 CHRZ_IND       0.601         0.543         0.601         0.540         0.601
 DHRZ_IND       0.634         0.558         0.536         0.634         0.634


           Covariance Coverage
              BHRZ_IND      CHRZ_IND      DHRZ_IND
              ________      ________      ________
 BHRZ_IND       0.699
 CHRZ_IND       0.543         0.601
 DHRZ_IND       0.558         0.536         0.634


SAMPLE STATISTICS


     ESTIMATED SAMPLE STATISTICS


           Means
              ABFA_CI       BBFA_CI       CBFA_CI       DBFA_CI       AHRZ_IND
              ________      ________      ________      ________      ________
 1             59.370        59.255        59.610        59.820        74.073


           Means
              BHRZ_IND      CHRZ_IND      DHRZ_IND
              ________      ________      ________
 1             73.007        73.538        75.447


           Covariances
              ABFA_CI       BBFA_CI       CBFA_CI       DBFA_CI       AHRZ_IND
              ________      ________      ________      ________      ________
 ABFA_CI      291.894
 BBFA_CI      220.191       297.010
 CBFA_CI      196.787       210.028       273.980
 DBFA_CI      213.900       208.082       235.403       327.730
 AHRZ_IND      27.097        19.399        12.757        22.486       239.582
 BHRZ_IND      55.002        52.992        19.502        39.491       163.408
 CHRZ_IND      48.421        43.967        35.527        63.443       129.624
 DHRZ_IND      11.446        14.874         8.198        13.505       137.046


           Covariances
              BHRZ_IND      CHRZ_IND      DHRZ_IND
              ________      ________      ________
 BHRZ_IND     266.040
 CHRZ_IND     170.011       243.289
 DHRZ_IND     146.104       138.797       258.602


           Correlations
              ABFA_CI       BBFA_CI       CBFA_CI       DBFA_CI       AHRZ_IND
              ________      ________      ________      ________      ________
 ABFA_CI        1.000
 BBFA_CI        0.748         1.000
 CBFA_CI        0.696         0.736         1.000
 DBFA_CI        0.692         0.667         0.786         1.000
 AHRZ_IND       0.102         0.073         0.050         0.080         1.000
 BHRZ_IND       0.197         0.189         0.072         0.134         0.647
 CHRZ_IND       0.182         0.164         0.138         0.225         0.537
 DHRZ_IND       0.042         0.054         0.031         0.046         0.551


           Correlations
              BHRZ_IND      CHRZ_IND      DHRZ_IND
              ________      ________      ________
 BHRZ_IND       1.000
 CHRZ_IND       0.668         1.000
 DHRZ_IND       0.557         0.553         1.000


     MAXIMUM LOG-LIKELIHOOD VALUE FOR THE UNRESTRICTED (H1) MODEL IS -6457.048


THE MODEL ESTIMATION TERMINATED NORMALLY



MODEL FIT INFORMATION

Number of Free Parameters                       23

Loglikelihood

          H0 Value                       -6472.036
          H0 Scaling Correction Factor      1.0815
            for MLR

Information Criteria

          Akaike (AIC)                   12990.071
          Bayesian (BIC)                 13073.341
          Sample-Size Adjusted BIC       13000.411
            (n* = (n + 2) / 24)



MODEL RESULTS

                                                    Two-Tailed
                    Estimate       S.E.  Est./S.E.    P-Value

 P1       BY
    ABFA_CI            1.000      0.000    999.000    999.000

 P2       BY
    BBFA_CI            1.000      0.000    999.000    999.000

 P3       BY
    CBFA_CI            1.000      0.000    999.000    999.000

 P4       BY
    DBFA_CI            1.000      0.000    999.000    999.000

 V1       BY
    AHRZ_IND           1.000      0.000    999.000    999.000

 V2       BY
    BHRZ_IND           1.000      0.000    999.000    999.000

 V3       BY
    CHRZ_IND           1.000      0.000    999.000    999.000

 V4       BY
    DHRZ_IND           1.000      0.000    999.000    999.000

 P4         ON
    P3                 0.215      0.108      1.986      0.047
    V3                -0.021      0.073     -0.293      0.769

 P3         ON
    P2                 0.215      0.108      1.986      0.047
    V2                -0.021      0.073     -0.293      0.769

 P2         ON
    P1                 0.215      0.108      1.986      0.047
    V1                -0.021      0.073     -0.293      0.769

 V4         ON
    V3                 0.185      0.102      1.811      0.070
    P3                 0.074      0.105      0.711      0.477

 V3         ON
    V2                 0.185      0.102      1.811      0.070
    P2                 0.074      0.105      0.711      0.477

 V2         ON
    V1                 0.185      0.102      1.811      0.070
    P1                 0.074      0.105      0.711      0.477

 S_BFA_CI WITH
    I_BFA_CI          -3.577      9.225     -0.388      0.698
    S_HRZ_IND          0.554      2.324      0.239      0.811
    I_HRZ_IND         -2.341      5.841     -0.401      0.689

 I_BFA_CI WITH
    S_HRZ_IND         -2.666      6.313     -0.422      0.673
    I_HRZ_IND         33.043     18.153      1.820      0.069

 S_HRZ_IN WITH
    I_HRZ_IND         -4.650      8.128     -0.572      0.567

 P1       WITH
    V1                 1.825      8.588      0.213      0.832

 P2       WITH
    V2                 1.825      8.588      0.213      0.832

 P3       WITH
    V3                 1.825      8.588      0.213      0.832

 P4       WITH
    V4                 1.825      8.588      0.213      0.832

 Means
    P1                 0.000      0.000    999.000    999.000
    V1                 0.000      0.000    999.000    999.000
    I_BFA_CI          59.365      1.016     58.403      0.000
    S_BFA_CI           0.100      0.333      0.301      0.764
    I_HRZ_IND         73.789      0.943     78.251      0.000
    S_HRZ_IND          0.222      0.346      0.642      0.521

 Intercepts
    ABFA_CI            0.000      0.000    999.000    999.000
    BBFA_CI            0.000      0.000    999.000    999.000
    CBFA_CI            0.000      0.000    999.000    999.000
    DBFA_CI            0.000      0.000    999.000    999.000
    AHRZ_IND           0.000      0.000    999.000    999.000
    BHRZ_IND           0.000      0.000    999.000    999.000
    CHRZ_IND           0.000      0.000    999.000    999.000
    DHRZ_IND           0.000      0.000    999.000    999.000
    P2                 0.000      0.000    999.000    999.000
    P3                 0.000      0.000    999.000    999.000
    P4                 0.000      0.000    999.000    999.000
    V2                 0.000      0.000    999.000    999.000
    V3                 0.000      0.000    999.000    999.000
    V4                 0.000      0.000    999.000    999.000

 Variances
    P1                79.708     22.844      3.489      0.000
    V1                97.753     22.464      4.352      0.000
    I_BFA_CI         207.265     28.852      7.184      0.000
    S_BFA_CI           3.776      4.323      0.874      0.382
    I_HRZ_IND        146.458     28.593      5.122      0.000
    S_HRZ_IND          1.728      3.042      0.568      0.570

 Residual Variances
    ABFA_CI            0.000      0.000    999.000    999.000
    BBFA_CI            0.000      0.000    999.000    999.000
    CBFA_CI            0.000      0.000    999.000    999.000
    DBFA_CI            0.000      0.000    999.000    999.000
    AHRZ_IND           0.000      0.000    999.000    999.000
    BHRZ_IND           0.000      0.000    999.000    999.000
    CHRZ_IND           0.000      0.000    999.000    999.000
    DHRZ_IND           0.000      0.000    999.000    999.000
    P2                86.726     13.986      6.201      0.000
    P3                86.726     13.986      6.201      0.000
    P4                86.726     13.986      6.201      0.000
    V2               115.129     15.827      7.274      0.000
    V3               115.129     15.827      7.274      0.000
    V4               115.129     15.827      7.274      0.000


QUALITY OF NUMERICAL RESULTS

     Condition Number for the Information Matrix              0.398E-05
       (ratio of smallest to largest eigenvalue)


     Beginning Time:  09:34:28
        Ending Time:  09:34:42
       Elapsed Time:  00:00:14



MUTHEN & MUTHEN
3463 Stoner Ave.
Los Angeles, CA  90066

Tel: (310) 391-9971
Fax: (310) 391-8971
Web: www.StatModel.com
Support: Support@StatModel.com

Copyright (c) 1998-2012 Muthen & Muthen
