Mplus VERSION 6.12
MUTHEN & MUTHEN
03/21/2016   1:15 PM

INPUT INSTRUCTIONS


  title: PxVx Univariate - Nat MeanOnly BFI_C with MeanOnly MVI_POMP;
  data: file = E:\Projects\lnt_pxvx\Data\LT_227.txt;


  variable:
  names =
  subjid
  Sample
  aGENDER
  aAGE
  aethnic1
  aethnic2
  aedu_mom
  aedu_dad
  aEDUCATN
  bEDUCATN
  cEDUCATN
  aEMPLOYD
  bEMPLOYD
  cEMPLOYD
  dEMPLOYD
  aINCOME
  bINCOME
  cINCOME
  dINCOME
  aS_SCALE
  bS_SCALE
  cS_SCALE
  dS_SCALE
  aD_SCALE
  bD_SCALE
  cD_SCALE
  dD_SCALE
  aS_COMP
  bS_COMP
  cS_COMP
  dS_COMP
  aD_COMP
  bD_COMP
  cD_COMP
  dD_COMP
  aBFI_A
  aBFI_A6
  aBFI_C
  aBFI_E
  aBFI_HP
  aBFI_N
  aBFI_O
  bBFI_A
  bBFI_A6
  bBFI_C
  bBFI_E
  bBFI_HP
  bBFI_N
  bBFI_O
  cBFI_A
  cBFI_A6
  cBFI_C
  cBFI_E
  cBFI_HP
  cBFI_N
  cBFI_O
  dBFI_A
  dBFI_A6
  dBFI_C
  dBFI_E
  dBFI_HP
  dBFI_N
  dBFI_O
  aBFA_AC
  aBFA_AP
  aBFA_CI
  aBFA_CO
  aBFA_EA
  aBFA_EE
  aBFA_N9
  aBFA_NV
  aBFA_NW
  aBFA_OI
  aBFA_OO
  aBFA_PS
  aBFA_MT
  bBFA_AC
  bBFA_AP
  bBFA_CI
  bBFA_CO
  bBFA_EA
  bBFA_EE
  bBFA_N9
  bBFA_NV
  bBFA_NW
  bBFA_OI
  bBFA_OO
  bBFA_MT
  bBFA_PS
  cBFA_AC
  cBFA_AP
  cBFA_CI
  cBFA_CO
  cBFA_EA
  cBFA_EE
  cBFA_N9
  cBFA_NV
  cBFA_NW
  cBFA_OI
  cBFA_OO
  cBFA_MT
  cBFA_PS
  dBFA_AC
  dBFA_AP
  dBFA_CI
  dBFA_CO
  dBFA_EA
  dBFA_EE
  dBFA_N9
  dBFA_NV
  dBFA_NW
  dBFA_OI
  dBFA_OO
  dBFA_MT
  dBFA_PS
  aUSI
  bUSI
  cUSI
  dUSI
  aHRZ_IND
  bHRZ_IND
  cHRZ_IND
  dHRZ_IND
  aVRT_IND
  bVRT_IND
  cVRT_IND
  dVRT_IND
  aHRZ_COL
  bHRZ_COL
  cHRZ_COL
  dHRZ_COL
  aVRT_COL
  bVRT_COL
  cVRT_COL
  dVRT_COL
  aCOLLCTV
  bCOLLCTV
  cCOLLCTV
  dCOLLCTV
  aMVS
  bMVS
  cMVS
  dMVS
  aST
  bST
  cST
  dST
  aSD
  bSD
  cSD
  dSD
  aMVS_mc
  bMVS_mc
  cMVS_mc
  dMVS_mc
  aST_mc
  bST_mc
  cST_mc
  dST_mc
  aSD_mc
  bSD_mc
  cSD_mc
  dSD_mc
  bMEANING
  cMEANING
  dMEANING
  bMEAN_L
  cMEAN_L
  dMEAN_L
  bMEANNGc
  cMEANNGc
  dMEANNGc
  bMEANGlc
  cMEANGlc
  dMEANGlc
  bCLASSIC
  cCLASSIC
  dCLASSIC
  bCLASSCc
  cCLASSCc
  dCLASSCc
  bAGR_VAL
  cAGR_VAL
  dAGR_VAL
  bOPN_VAL
  cOPN_VAL
  dOPN_VAL
  bAGR_VLc
  cAGR_VLc
  dAGR_VLc
  bOPNVALc
  cOPNVALc
  dOPNVALc
  aMV_pomp
  bMV_pomp
  cMV_pomp
  dMV_pomp
  aST_pomp
  bST_pomp
  cST_pomp
  dST_pomp
  aSD_pomp
  bSD_pomp
  cSD_pomp
  dSD_pomp
  agoal_ec
  bgoal_ec
  cgoal_ec
  dgoal_ec
  aAspfinc
  bAspfinc
  cAspfinc
  dAspfinc
  abfi_hp8
  bbfi_hp8
  cbfi_hp8
  dbfi_hp8
  aP_S_BFI
  aP_D_BFI
  aECgoalc
  bECgoalC
  cECgoalC
  dECgoalC
  aaspfin
  baspfin
  caspfin
  daspfin
  aMVI_POMP
  bMVI_POMP
  cMVI_POMP
  dMVI_POMP;


  USEVARIABLES =
  aBFI_C
  bBFI_C
  cBFI_C
  dBFI_C
  aMVI_POMP
  bMVI_POMP
  cMVI_POMP
  dMVI_POMP
  bage_c
  cage_c
  dage_c
  ;

  missing = all (-9999);

  USEOBSERVATIONS are Sample == 1; ! National Sample

  tscores = bage_c cage_c dage_c;

  DEFINE:
  bage_c = aAGE + 1 - 36;
  cage_c = aAGE + 2 - 36;
  dage_c = aAGE + 3 - 36;

  ANALYSIS:
  TYPE=RANDOM;
  PROCESSORS = 8;

  MODEL:

  i_BFI_C s_BFI_C | bBFI_C cBFI_C dBFI_C AT bage_c cage_c dage_c;
  i_MVI_POMP s_MVI_POMP | bMVI_POMP cMVI_POMP dMVI_POMP AT bage_c cage_c dage_c;


  !After Bollen and Curran initial observation is not part of LGM

  dBFI_C on cBFI_C (a); ! Autoregressive paths constrained to equality
  cBFI_C on bBFI_C (a);
  bBFI_C on aBFI_C (a);

  dMVI_POMP on cMVI_POMP (b); ! Autoregressive paths constrained to equality
  cMVI_POMP on bMVI_POMP (b);
  bMVI_POMP on aMVI_POMP (b);

  bBFI_C cBFI_C dBFI_C (c); !Equality constraint on residuals
  bMVI_POMP cMVI_POMP dMVI_POMP (d); !Equality constraint on residuals

  dMVI_POMP on cBFI_C (x); ! Cross-lagged paths constrained to equality
  cMVI_POMP on bBFI_C (x);
  bMVI_POMP on aBFI_C (x);

  dBFI_C on cMVI_POMP (y); ! Cross-lagged paths constrained to equality
  cBFI_C on bMVI_POMP (y);
  bBFI_C on aMVI_POMP (y);

  dMVI_POMP with dBFI_C (w); ! within-wave correlations constrained to equality
  cMVI_POMP with cBFI_C (w);
  bMVI_POMP with bBFI_C (w);

  aBFI_C aMVI_POMP i_BFI_C i_MVI_POMP
  with
  aBFI_C aMVI_POMP i_BFI_C i_MVI_POMP;

  s_BFI_C@0;

  s_MVI_POMP@0;

  OUTPUT: SAMPSTAT PATTERNS;



*** WARNING
  Variable name contains more than 8 characters.
  Only the first 8 characters will be printed in the output.
  Variable: AMVI_POMP
*** WARNING
  Variable name contains more than 8 characters.
  Only the first 8 characters will be printed in the output.
  Variable: BMVI_POMP
*** WARNING
  Variable name contains more than 8 characters.
  Only the first 8 characters will be printed in the output.
  Variable: CMVI_POMP
*** WARNING
  Variable name contains more than 8 characters.
  Only the first 8 characters will be printed in the output.
  Variable: DMVI_POMP
*** WARNING
  Variable name contains more than 8 characters.
  Only the first 8 characters will be printed in the output.
  Variable: I_MVI_POMP
*** WARNING
  Variable name contains more than 8 characters.
  Only the first 8 characters will be printed in the output.
  Variable: S_MVI_POMP
*** WARNING in MODEL command
  All continuous latent variable covariances involving S_BFI_C have been fixed to 0
  because the variance of S_BFI_C is fixed at 0.
*** WARNING in MODEL command
  All continuous latent variable covariances involving S_MVI_POMP have been fixed to 0
  because the variance of S_MVI_POMP is fixed at 0.
*** WARNING
  Data set contains cases with missing on time scores but non-missing on the
  corresponding dependent variables.  These cases were not included in the analysis.
  Number of such cases:  16
   9 WARNING(S) FOUND IN THE INPUT INSTRUCTIONS



PxVx Univariate - Nat MeanOnly BFI_C with MeanOnly MVI_POMP;

SUMMARY OF ANALYSIS

Number of groups                                                 1
Number of observations                                         863

Number of dependent variables                                    6
Number of independent variables                                  2
Number of continuous latent variables                            4

Observed dependent variables

  Continuous
   BBFI_C      CBFI_C      DBFI_C      BMVI_POMP   CMVI_POMP   DMVI_POMP

Observed independent variables
   ABFI_C      AMVI_POM

Continuous latent variables
   I_BFI_C     S_BFI_C     I_MVI_PO    S_MVI_PO

Variables with special functions

  Time scores
   BAGE_C      CAGE_C      DAGE_C


Estimator                                                      MLR
Information matrix                                        OBSERVED
Maximum number of iterations                                   100
Convergence criterion                                    0.100D-05
Maximum number of EM iterations                                500
Convergence criteria for the EM algorithm
  Loglikelihood change                                   0.100D-02
  Relative loglikelihood change                          0.100D-05
  Derivative                                             0.100D-03
Minimum variance                                         0.100D-03
Maximum number of steepest descent iterations                   20
Maximum number of iterations for H1                           2000
Convergence criterion for H1                             0.100D-03
Optimization algorithm                                         EMA

Input data file(s)
  E:\Projects\lnt_pxvx\Data\LT_227.txt
Input data format  FREE


SUMMARY OF DATA

     Number of missing data patterns            18


SUMMARY OF MISSING DATA PATTERNS


     MISSING DATA PATTERNS (x = not missing)

           1  2  3  4  5  6  7  8  9 10 11 12 13 14 15 16 17 18
 BBFI_C    x     x  x        x     x  x  x  x     x
 CBFI_C    x           x     x  x     x     x     x     x     x
 DBFI_C    x     x     x  x           x     x  x  x     x  x  x
 BMVI_POM  x     x  x        x     x  x           x
 CMVI_POM  x           x     x  x     x     x     x     x     x
 DMVI_POM  x     x     x  x                 x  x  x           x
 ABFI_C    x  x  x  x  x  x  x  x  x  x  x  x        x  x  x
 AMVI_POM  x  x  x  x  x  x  x  x     x  x  x  x        x  x


     MISSING DATA PATTERN FREQUENCIES

    Pattern   Frequency     Pattern   Frequency     Pattern   Frequency
          1         493           7          46          13           1
          2         168           8          21          14           3
          3          27           9           1          15           1
          4          48          10           1          16           2
          5          21          11           3          17           2
          6          23          12           1          18           1


COVARIANCE COVERAGE OF DATA

Minimum covariance coverage value   0.100


     PROPORTION OF DATA PRESENT


           Covariance Coverage
              BBFI_C        CBFI_C        DBFI_C        BMVI_POM      CMVI_POM
              ________      ________      ________      ________      ________
 BBFI_C         0.722
 CBFI_C         0.630         0.683
 DBFI_C         0.608         0.605         0.666
 BMVI_POM       0.717         0.629         0.607         0.717
 CMVI_POM       0.630         0.683         0.605         0.629         0.683
 DMVI_POM       0.607         0.601         0.660         0.606         0.601
 ABFI_C         0.718         0.678         0.660         0.714         0.678
 AMVI_POM       0.717         0.678         0.662         0.713         0.678


           Covariance Coverage
              DMVI_POM      ABFI_C        AMVI_POM
              ________      ________      ________
 DMVI_POM       0.660
 ABFI_C         0.655         0.994
 AMVI_POM       0.656         0.992         0.993


SAMPLE STATISTICS


     ESTIMATED SAMPLE STATISTICS


           Means
              BBFI_C        CBFI_C        DBFI_C        BMVI_POM      CMVI_POM
              ________      ________      ________      ________      ________
 1             68.588        68.675        68.878        61.329        61.541


           Means
              DMVI_POM      ABFI_C        AMVI_POM
              ________      ________      ________
 1             61.278        68.621        61.706


           Covariances
              BBFI_C        CBFI_C        DBFI_C        BMVI_POM      CMVI_POM
              ________      ________      ________      ________      ________
 BBFI_C       283.388
 CBFI_C       230.473       293.851
 DBFI_C       224.578       240.637       296.466
 BMVI_POM       7.173         3.559         2.152        68.730
 CMVI_POM       5.287         0.046         2.875        57.919        75.115
 DMVI_POM       9.241         6.560         9.130        53.687        56.302
 ABFI_C       234.971       229.212       224.808        -3.791        -9.637
 AMVI_POM       5.115         1.012        -0.628        54.600        53.708


           Covariances
              DMVI_POM      ABFI_C        AMVI_POM
              ________      ________      ________
 DMVI_POM      64.995
 ABFI_C         0.051       299.197
 AMVI_POM      50.580        -3.864        70.520


           Correlations
              BBFI_C        CBFI_C        DBFI_C        BMVI_POM      CMVI_POM
              ________      ________      ________      ________      ________
 BBFI_C         1.000
 CBFI_C         0.799         1.000
 DBFI_C         0.775         0.815         1.000
 BMVI_POM       0.051         0.025         0.015         1.000
 CMVI_POM       0.036         0.000         0.019         0.806         1.000
 DMVI_POM       0.068         0.047         0.066         0.803         0.806
 ABFI_C         0.807         0.773         0.755        -0.026        -0.064
 AMVI_POM       0.036         0.007        -0.004         0.784         0.738


           Correlations
              DMVI_POM      ABFI_C        AMVI_POM
              ________      ________      ________
 DMVI_POM       1.000
 ABFI_C         0.000         1.000
 AMVI_POM       0.747        -0.027         1.000


     MAXIMUM LOG-LIKELIHOOD VALUE FOR THE UNRESTRICTED (H1) MODEL IS -18586.800


THE MODEL ESTIMATION TERMINATED NORMALLY



MODEL FIT INFORMATION

Number of Free Parameters                       23

Loglikelihood

          H0 Value                      -18593.898
          H0 Scaling Correction Factor       1.184
            for MLR

Information Criteria

          Akaike (AIC)                   37233.795
          Bayesian (BIC)                 37343.285
          Sample-Size Adjusted BIC       37270.243
            (n* = (n + 2) / 24)



MODEL RESULTS

                                                    Two-Tailed
                    Estimate       S.E.  Est./S.E.    P-Value

 DBFI_C     ON
    CBFI_C             0.175      0.045      3.920      0.000
    CMVI_POMP          0.119      0.078      1.519      0.129

 CBFI_C     ON
    BBFI_C             0.175      0.045      3.920      0.000
    BMVI_POMP          0.119      0.078      1.519      0.129

 BBFI_C     ON
    ABFI_C             0.175      0.045      3.920      0.000
    AMVI_POMP          0.119      0.078      1.519      0.129

 DMVI_POMP  ON
    CMVI_POMP          0.094      0.036      2.626      0.009
    CBFI_C             0.028      0.018      1.530      0.126

 CMVI_POMP  ON
    BMVI_POMP          0.094      0.036      2.626      0.009
    BBFI_C             0.028      0.018      1.530      0.126

 BMVI_POMP  ON
    AMVI_POMP          0.094      0.036      2.626      0.009
    ABFI_C             0.028      0.018      1.530      0.126

 I_MVI_PO WITH
    I_BFI_C           -9.469      7.688     -1.232      0.218

 ABFI_C   WITH
    I_BFI_C          183.341     15.718     11.664      0.000
    I_MVI_POMP       -12.564      7.057     -1.780      0.075

 AMVI_POM WITH
    I_BFI_C           -5.942      6.218     -0.956      0.339
    I_MVI_POMP        46.985      3.256     14.429      0.000

 DMVI_POM WITH
    DBFI_C             1.440      1.118      1.288      0.198

 CMVI_POM WITH
    CBFI_C             1.440      1.118      1.288      0.198

 BMVI_POM WITH
    BBFI_C             1.440      1.118      1.288      0.198

 AMVI_POM WITH
    ABFI_C            -3.849      4.756     -0.809      0.418

 Means
    ABFI_C            68.620      0.589    116.601      0.000
    AMVI_POMP         61.707      0.286    215.462      0.000
    I_BFI_C           49.261      3.116     15.811      0.000
    S_BFI_C            0.084      0.029      2.907      0.004
    I_MVI_POMP        53.589      1.461     36.673      0.000
    S_MVI_POMP         0.048      0.016      3.025      0.002

 Intercepts
    BBFI_C             0.000      0.000    999.000    999.000
    CBFI_C             0.000      0.000    999.000    999.000
    DBFI_C             0.000      0.000    999.000    999.000
    BMVI_POMP          0.000      0.000    999.000    999.000
    CMVI_POMP          0.000      0.000    999.000    999.000
    DMVI_POMP          0.000      0.000    999.000    999.000

 Variances
    ABFI_C           299.210     13.464     22.224      0.000
    AMVI_POMP         70.547      3.454     20.425      0.000
    I_BFI_C          148.717     21.170      7.025      0.000
    S_BFI_C            0.000      0.000    999.000    999.000
    I_MVI_POMP        44.596      4.648      9.595      0.000
    S_MVI_POMP         0.000      0.000    999.000    999.000

 Residual Variances
    BBFI_C            65.400      4.456     14.676      0.000
    CBFI_C            65.400      4.456     14.676      0.000
    DBFI_C            65.400      4.456     14.676      0.000
    BMVI_POMP         14.496      0.837     17.322      0.000
    CMVI_POMP         14.496      0.837     17.322      0.000
    DMVI_POMP         14.496      0.837     17.322      0.000


QUALITY OF NUMERICAL RESULTS

     Condition Number for the Information Matrix              0.283E-06
       (ratio of smallest to largest eigenvalue)


     Beginning Time:  13:15:15
        Ending Time:  13:15:18
       Elapsed Time:  00:00:03



MUTHEN & MUTHEN
3463 Stoner Ave.
Los Angeles, CA  90066

Tel: (310) 391-9971
Fax: (310) 391-8971
Web: www.StatModel.com
Support: Support@StatModel.com

Copyright (c) 1998-2011 Muthen & Muthen
