Mplus VERSION 6.12
MUTHEN & MUTHEN
03/21/2016   1:14 PM

INPUT INSTRUCTIONS


  title: PxVx Univariate - Nat Lin BFI_C with MeanOnly MVI_POMP;
  data: file = E:\Projects\lnt_pxvx\Data\LT_227.txt;


  variable:
  names =
  subjid
  Sample
  aGENDER
  aAGE
  aethnic1
  aethnic2
  aedu_mom
  aedu_dad
  aEDUCATN
  bEDUCATN
  cEDUCATN
  aEMPLOYD
  bEMPLOYD
  cEMPLOYD
  dEMPLOYD
  aINCOME
  bINCOME
  cINCOME
  dINCOME
  aS_SCALE
  bS_SCALE
  cS_SCALE
  dS_SCALE
  aD_SCALE
  bD_SCALE
  cD_SCALE
  dD_SCALE
  aS_COMP
  bS_COMP
  cS_COMP
  dS_COMP
  aD_COMP
  bD_COMP
  cD_COMP
  dD_COMP
  aBFI_A
  aBFI_A6
  aBFI_C
  aBFI_E
  aBFI_HP
  aBFI_N
  aBFI_O
  bBFI_A
  bBFI_A6
  bBFI_C
  bBFI_E
  bBFI_HP
  bBFI_N
  bBFI_O
  cBFI_A
  cBFI_A6
  cBFI_C
  cBFI_E
  cBFI_HP
  cBFI_N
  cBFI_O
  dBFI_A
  dBFI_A6
  dBFI_C
  dBFI_E
  dBFI_HP
  dBFI_N
  dBFI_O
  aBFA_AC
  aBFA_AP
  aBFA_CI
  aBFA_CO
  aBFA_EA
  aBFA_EE
  aBFA_N9
  aBFA_NV
  aBFA_NW
  aBFA_OI
  aBFA_OO
  aBFA_PS
  aBFA_MT
  bBFA_AC
  bBFA_AP
  bBFA_CI
  bBFA_CO
  bBFA_EA
  bBFA_EE
  bBFA_N9
  bBFA_NV
  bBFA_NW
  bBFA_OI
  bBFA_OO
  bBFA_MT
  bBFA_PS
  cBFA_AC
  cBFA_AP
  cBFA_CI
  cBFA_CO
  cBFA_EA
  cBFA_EE
  cBFA_N9
  cBFA_NV
  cBFA_NW
  cBFA_OI
  cBFA_OO
  cBFA_MT
  cBFA_PS
  dBFA_AC
  dBFA_AP
  dBFA_CI
  dBFA_CO
  dBFA_EA
  dBFA_EE
  dBFA_N9
  dBFA_NV
  dBFA_NW
  dBFA_OI
  dBFA_OO
  dBFA_MT
  dBFA_PS
  aUSI
  bUSI
  cUSI
  dUSI
  aHRZ_IND
  bHRZ_IND
  cHRZ_IND
  dHRZ_IND
  aVRT_IND
  bVRT_IND
  cVRT_IND
  dVRT_IND
  aHRZ_COL
  bHRZ_COL
  cHRZ_COL
  dHRZ_COL
  aVRT_COL
  bVRT_COL
  cVRT_COL
  dVRT_COL
  aCOLLCTV
  bCOLLCTV
  cCOLLCTV
  dCOLLCTV
  aMVS
  bMVS
  cMVS
  dMVS
  aST
  bST
  cST
  dST
  aSD
  bSD
  cSD
  dSD
  aMVS_mc
  bMVS_mc
  cMVS_mc
  dMVS_mc
  aST_mc
  bST_mc
  cST_mc
  dST_mc
  aSD_mc
  bSD_mc
  cSD_mc
  dSD_mc
  bMEANING
  cMEANING
  dMEANING
  bMEAN_L
  cMEAN_L
  dMEAN_L
  bMEANNGc
  cMEANNGc
  dMEANNGc
  bMEANGlc
  cMEANGlc
  dMEANGlc
  bCLASSIC
  cCLASSIC
  dCLASSIC
  bCLASSCc
  cCLASSCc
  dCLASSCc
  bAGR_VAL
  cAGR_VAL
  dAGR_VAL
  bOPN_VAL
  cOPN_VAL
  dOPN_VAL
  bAGR_VLc
  cAGR_VLc
  dAGR_VLc
  bOPNVALc
  cOPNVALc
  dOPNVALc
  aMV_pomp
  bMV_pomp
  cMV_pomp
  dMV_pomp
  aST_pomp
  bST_pomp
  cST_pomp
  dST_pomp
  aSD_pomp
  bSD_pomp
  cSD_pomp
  dSD_pomp
  agoal_ec
  bgoal_ec
  cgoal_ec
  dgoal_ec
  aAspfinc
  bAspfinc
  cAspfinc
  dAspfinc
  abfi_hp8
  bbfi_hp8
  cbfi_hp8
  dbfi_hp8
  aP_S_BFI
  aP_D_BFI
  aECgoalc
  bECgoalC
  cECgoalC
  dECgoalC
  aaspfin
  baspfin
  caspfin
  daspfin
  aMVI_POMP
  bMVI_POMP
  cMVI_POMP
  dMVI_POMP;


  USEVARIABLES =
  aBFI_C
  bBFI_C
  cBFI_C
  dBFI_C
  aMVI_POMP
  bMVI_POMP
  cMVI_POMP
  dMVI_POMP
  bage_c
  cage_c
  dage_c
  ;

  missing = all (-9999);

  USEOBSERVATIONS are Sample == 1; ! National Sample

  tscores = bage_c cage_c dage_c;

  DEFINE:
  bage_c = aAGE + 1 - 36;
  cage_c = aAGE + 2 - 36;
  dage_c = aAGE + 3 - 36;

  ANALYSIS:
  TYPE=RANDOM;
  PROCESSORS = 8;

  MODEL:

  i_BFI_C s_BFI_C | bBFI_C cBFI_C dBFI_C AT bage_c cage_c dage_c;
  i_MVI_POMP s_MVI_POMP | bMVI_POMP cMVI_POMP dMVI_POMP AT bage_c cage_c dage_c;


  !After Bollen and Curran initial observation is not part of LGM

  dBFI_C on cBFI_C (a); ! Autoregressive paths constrained to equality
  cBFI_C on bBFI_C (a);
  bBFI_C on aBFI_C (a);

  dMVI_POMP on cMVI_POMP (b); ! Autoregressive paths constrained to equality
  cMVI_POMP on bMVI_POMP (b);
  bMVI_POMP on aMVI_POMP (b);

  bBFI_C cBFI_C dBFI_C (c); !Equality constraint on residuals
  bMVI_POMP cMVI_POMP dMVI_POMP (d); !Equality constraint on residuals

  dMVI_POMP on cBFI_C (x); ! Cross-lagged paths constrained to equality
  cMVI_POMP on bBFI_C (x);
  bMVI_POMP on aBFI_C (x);

  dBFI_C on cMVI_POMP (y); ! Cross-lagged paths constrained to equality
  cBFI_C on bMVI_POMP (y);
  bBFI_C on aMVI_POMP (y);

  dMVI_POMP with dBFI_C (w); ! within-wave correlations constrained to equality
  cMVI_POMP with cBFI_C (w);
  bMVI_POMP with bBFI_C (w);

  aBFI_C aMVI_POMP i_BFI_C i_MVI_POMP
  s_BFI_C
  with
  s_BFI_C
  aBFI_C aMVI_POMP i_BFI_C i_MVI_POMP;


  s_MVI_POMP@0;

  OUTPUT: SAMPSTAT PATTERNS;



*** WARNING
  Variable name contains more than 8 characters.
  Only the first 8 characters will be printed in the output.
  Variable: AMVI_POMP
*** WARNING
  Variable name contains more than 8 characters.
  Only the first 8 characters will be printed in the output.
  Variable: BMVI_POMP
*** WARNING
  Variable name contains more than 8 characters.
  Only the first 8 characters will be printed in the output.
  Variable: CMVI_POMP
*** WARNING
  Variable name contains more than 8 characters.
  Only the first 8 characters will be printed in the output.
  Variable: DMVI_POMP
*** WARNING
  Variable name contains more than 8 characters.
  Only the first 8 characters will be printed in the output.
  Variable: I_MVI_POMP
*** WARNING
  Variable name contains more than 8 characters.
  Only the first 8 characters will be printed in the output.
  Variable: S_MVI_POMP
*** WARNING in MODEL command
  All continuous latent variable covariances involving S_MVI_POMP have been fixed to 0
  because the variance of S_MVI_POMP is fixed at 0.
*** WARNING
  Data set contains cases with missing on time scores but non-missing on the
  corresponding dependent variables.  These cases were not included in the analysis.
  Number of such cases:  16
   8 WARNING(S) FOUND IN THE INPUT INSTRUCTIONS



PxVx Univariate - Nat Lin BFI_C with MeanOnly MVI_POMP;

SUMMARY OF ANALYSIS

Number of groups                                                 1
Number of observations                                         863

Number of dependent variables                                    6
Number of independent variables                                  2
Number of continuous latent variables                            4

Observed dependent variables

  Continuous
   BBFI_C      CBFI_C      DBFI_C      BMVI_POMP   CMVI_POMP   DMVI_POMP

Observed independent variables
   ABFI_C      AMVI_POM

Continuous latent variables
   I_BFI_C     S_BFI_C     I_MVI_PO    S_MVI_PO

Variables with special functions

  Time scores
   BAGE_C      CAGE_C      DAGE_C


Estimator                                                      MLR
Information matrix                                        OBSERVED
Maximum number of iterations                                   100
Convergence criterion                                    0.100D-05
Maximum number of EM iterations                                500
Convergence criteria for the EM algorithm
  Loglikelihood change                                   0.100D-02
  Relative loglikelihood change                          0.100D-05
  Derivative                                             0.100D-03
Minimum variance                                         0.100D-03
Maximum number of steepest descent iterations                   20
Maximum number of iterations for H1                           2000
Convergence criterion for H1                             0.100D-03
Optimization algorithm                                         EMA

Input data file(s)
  E:\Projects\lnt_pxvx\Data\LT_227.txt
Input data format  FREE


SUMMARY OF DATA

     Number of missing data patterns            18


SUMMARY OF MISSING DATA PATTERNS


     MISSING DATA PATTERNS (x = not missing)

           1  2  3  4  5  6  7  8  9 10 11 12 13 14 15 16 17 18
 BBFI_C    x     x  x        x     x  x  x  x     x
 CBFI_C    x           x     x  x     x     x     x     x     x
 DBFI_C    x     x     x  x           x     x  x  x     x  x  x
 BMVI_POM  x     x  x        x     x  x           x
 CMVI_POM  x           x     x  x     x     x     x     x     x
 DMVI_POM  x     x     x  x                 x  x  x           x
 ABFI_C    x  x  x  x  x  x  x  x  x  x  x  x        x  x  x
 AMVI_POM  x  x  x  x  x  x  x  x     x  x  x  x        x  x


     MISSING DATA PATTERN FREQUENCIES

    Pattern   Frequency     Pattern   Frequency     Pattern   Frequency
          1         493           7          46          13           1
          2         168           8          21          14           3
          3          27           9           1          15           1
          4          48          10           1          16           2
          5          21          11           3          17           2
          6          23          12           1          18           1


COVARIANCE COVERAGE OF DATA

Minimum covariance coverage value   0.100


     PROPORTION OF DATA PRESENT


           Covariance Coverage
              BBFI_C        CBFI_C        DBFI_C        BMVI_POM      CMVI_POM
              ________      ________      ________      ________      ________
 BBFI_C         0.722
 CBFI_C         0.630         0.683
 DBFI_C         0.608         0.605         0.666
 BMVI_POM       0.717         0.629         0.607         0.717
 CMVI_POM       0.630         0.683         0.605         0.629         0.683
 DMVI_POM       0.607         0.601         0.660         0.606         0.601
 ABFI_C         0.718         0.678         0.660         0.714         0.678
 AMVI_POM       0.717         0.678         0.662         0.713         0.678


           Covariance Coverage
              DMVI_POM      ABFI_C        AMVI_POM
              ________      ________      ________
 DMVI_POM       0.660
 ABFI_C         0.655         0.994
 AMVI_POM       0.656         0.992         0.993


SAMPLE STATISTICS


     ESTIMATED SAMPLE STATISTICS


           Means
              BBFI_C        CBFI_C        DBFI_C        BMVI_POM      CMVI_POM
              ________      ________      ________      ________      ________
 1             68.588        68.675        68.878        61.329        61.541


           Means
              DMVI_POM      ABFI_C        AMVI_POM
              ________      ________      ________
 1             61.278        68.621        61.706


           Covariances
              BBFI_C        CBFI_C        DBFI_C        BMVI_POM      CMVI_POM
              ________      ________      ________      ________      ________
 BBFI_C       283.388
 CBFI_C       230.473       293.851
 DBFI_C       224.578       240.637       296.466
 BMVI_POM       7.173         3.559         2.152        68.730
 CMVI_POM       5.287         0.046         2.875        57.919        75.115
 DMVI_POM       9.241         6.560         9.130        53.687        56.302
 ABFI_C       234.971       229.212       224.808        -3.791        -9.637
 AMVI_POM       5.115         1.012        -0.628        54.600        53.708


           Covariances
              DMVI_POM      ABFI_C        AMVI_POM
              ________      ________      ________
 DMVI_POM      64.995
 ABFI_C         0.051       299.197
 AMVI_POM      50.580        -3.864        70.520


           Correlations
              BBFI_C        CBFI_C        DBFI_C        BMVI_POM      CMVI_POM
              ________      ________      ________      ________      ________
 BBFI_C         1.000
 CBFI_C         0.799         1.000
 DBFI_C         0.775         0.815         1.000
 BMVI_POM       0.051         0.025         0.015         1.000
 CMVI_POM       0.036         0.000         0.019         0.806         1.000
 DMVI_POM       0.068         0.047         0.066         0.803         0.806
 ABFI_C         0.807         0.773         0.755        -0.026        -0.064
 AMVI_POM       0.036         0.007        -0.004         0.784         0.738


           Correlations
              DMVI_POM      ABFI_C        AMVI_POM
              ________      ________      ________
 DMVI_POM       1.000
 ABFI_C         0.000         1.000
 AMVI_POM       0.747        -0.027         1.000


     MAXIMUM LOG-LIKELIHOOD VALUE FOR THE UNRESTRICTED (H1) MODEL IS -18586.800

     THE MODEL ESTIMATION DID NOT TERMINATE NORMALLY DUE TO A CHANGE IN THE
     LOGLIKELIHOOD DURING THE LAST E STEP.

     AN INSUFFICENT NUMBER OF E STEP ITERATIONS MAY HAVE BEEN USED.  INCREASE
     THE NUMBER OF MITERATIONS OR INCREASE THE MCONVERGENCE VALUE.  ESTIMATES
     CANNOT BE TRUSTED.
     SLOW CONVERGENCE DUE TO PARAMETER 4.
     THE LOGLIKELIHOOD DERIVATIVE FOR THIS PARAMETER IS -0.13935667D+00.






MODEL RESULTS

                    Estimate

 DBFI_C     ON
    CBFI_C             0.172
    CMVI_POMP          0.089

 CBFI_C     ON
    BBFI_C             0.172
    BMVI_POMP          0.089

 BBFI_C     ON
    ABFI_C             0.172
    AMVI_POMP          0.089

 DMVI_POMP  ON
    CMVI_POMP          0.065
    CBFI_C             0.022

 CMVI_POMP  ON
    BMVI_POMP          0.065
    BBFI_C             0.022

 BMVI_POMP  ON
    AMVI_POMP          0.065
    ABFI_C             0.022

 S_BFI_C  WITH
    I_BFI_C            0.518

 I_MVI_PO WITH
    I_BFI_C           -7.671
    S_BFI_C           -0.083

 ABFI_C   WITH
    I_BFI_C          182.520
    S_BFI_C            1.462
    I_MVI_POMP       -12.076

 AMVI_POM WITH
    I_BFI_C           -4.555
    S_BFI_C            0.116
    I_MVI_POMP        48.473

 DMVI_POM WITH
    DBFI_C             1.096

 CMVI_POM WITH
    CBFI_C             1.096

 BMVI_POM WITH
    BBFI_C             1.096

 AMVI_POM WITH
    ABFI_C            -3.884

 Means
    ABFI_C            68.569
    AMVI_POMP         61.731
    I_BFI_C           51.138
    S_BFI_C            0.082
    I_MVI_POMP        55.757
    S_MVI_POMP         0.081

 Intercepts
    BBFI_C             0.000
    CBFI_C             0.000
    DBFI_C             0.000
    BMVI_POMP          0.000
    CMVI_POMP          0.000
    DMVI_POMP          0.000

 Variances
    ABFI_C           299.216
    AMVI_POMP         70.551
    I_BFI_C          147.423
    S_BFI_C            0.016
    I_MVI_POMP        47.499
    S_MVI_POMP         0.000

 Residual Variances
    BBFI_C            65.254
    CBFI_C            65.254
    DBFI_C            65.254
    BMVI_POMP         14.209
    CMVI_POMP         14.209
    DMVI_POMP         14.209


MODEL COMMAND WITH FINAL ESTIMATES USED AS STARTING VALUES

     i_bfi_c s_bfi_c | bbfi_c cbfi_c dbfi_c AT bage_c cage_c dage_c;
     i_mvi_pomp s_mvi_pomp | bmvi_pomp cmvi_pomp dmvi_pomp AT bage_c cage_c dage_c;

     dbfi_c ON cbfi_c*0.172 (a);
     dbfi_c ON cmvi_pomp*0.089 (y);
     cbfi_c ON bbfi_c*0.172 (a);
     cbfi_c ON bmvi_pomp*0.089 (y);
     bbfi_c ON abfi_c*0.172 (a);
     bbfi_c ON amvi_pomp*0.089 (y);
     dmvi_pomp ON cmvi_pomp*0.065 (b);
     dmvi_pomp ON cbfi_c*0.022 (x);
     cmvi_pomp ON bmvi_pomp*0.065 (b);
     cmvi_pomp ON bbfi_c*0.022 (x);
     bmvi_pomp ON amvi_pomp*0.065 (b);
     bmvi_pomp ON abfi_c*0.022 (x);

     dmvi_pomp WITH dbfi_c*1.096 (w);
     cmvi_pomp WITH cbfi_c*1.096 (w);
     bmvi_pomp WITH bbfi_c*1.096 (w);
     amvi_pomp WITH abfi_c*-3.884;
     s_bfi_c WITH i_bfi_c*0.518;
     i_mvi_pomp WITH i_bfi_c*-7.671;
     i_mvi_pomp WITH s_bfi_c*-0.083;
     abfi_c WITH i_bfi_c*182.520;
     abfi_c WITH s_bfi_c*1.462;
     abfi_c WITH i_mvi_pomp*-12.076;
     amvi_pomp WITH i_bfi_c*-4.555;
     amvi_pomp WITH s_bfi_c*0.116;
     amvi_pomp WITH i_mvi_pomp*48.473;

     [ bbfi_c@0 ];
     [ cbfi_c@0 ];
     [ dbfi_c@0 ];
     [ bmvi_pomp@0 ];
     [ cmvi_pomp@0 ];
     [ dmvi_pomp@0 ];
     [ abfi_c*68.569 ];
     [ amvi_pomp*61.731 ];
     [ i_bfi_c*51.138 ];
     [ s_bfi_c*0.082 ];
     [ i_mvi_pomp*55.757 ];
     [ s_mvi_pomp*0.081 ];

     bbfi_c*65.254 (c);
     cbfi_c*65.254 (c);
     dbfi_c*65.254 (c);
     bmvi_pomp*14.209 (d);
     cmvi_pomp*14.209 (d);
     dmvi_pomp*14.209 (d);
     abfi_c*299.216;
     amvi_pomp*70.551;
     i_bfi_c*147.423;
     s_bfi_c*0.016;
     i_mvi_pomp*47.499;
     s_mvi_pomp@0;



     Beginning Time:  13:14:07
        Ending Time:  13:15:12
       Elapsed Time:  00:01:05



MUTHEN & MUTHEN
3463 Stoner Ave.
Los Angeles, CA  90066

Tel: (310) 391-9971
Fax: (310) 391-8971
Web: www.StatModel.com
Support: Support@StatModel.com

Copyright (c) 1998-2011 Muthen & Muthen
