Mplus VERSION 7 (Mac)
MUTHEN & MUTHEN
10/27/2017   9:33 AM

INPUT INSTRUCTIONS


  title: PxVx Bivariate LCM-SR-Uncons - Col Linear BFA_CI with Linear aspfin;
  data: file = /Users/johnflournoy/code/lnt_pxvx/Data/LT_227.txt;



  variable:
  names =
  subjid
  Sample
  aGENDER
  aAGE
  aethnic1
  aethnic2
  aedu_mom
  aedu_dad
  aEDUCATN
  bEDUCATN
  cEDUCATN
  aEMPLOYD
  bEMPLOYD
  cEMPLOYD
  dEMPLOYD
  aINCOME
  bINCOME
  cINCOME
  dINCOME
  aS_SCALE
  bS_SCALE
  cS_SCALE
  dS_SCALE
  aD_SCALE
  bD_SCALE
  cD_SCALE
  dD_SCALE
  aS_COMP
  bS_COMP
  cS_COMP
  dS_COMP
  aD_COMP
  bD_COMP
  cD_COMP
  dD_COMP
  aBFI_A
  aBFI_A6
  aBFI_C
  aBFI_E
  aBFI_HP
  aBFI_N
  aBFI_O
  bBFI_A
  bBFI_A6
  bBFI_C
  bBFI_E
  bBFI_HP
  bBFI_N
  bBFI_O
  cBFI_A
  cBFI_A6
  cBFI_C
  cBFI_E
  cBFI_HP
  cBFI_N
  cBFI_O
  dBFI_A
  dBFI_A6
  dBFI_C
  dBFI_E
  dBFI_HP
  dBFI_N
  dBFI_O
  aBFA_AC
  aBFA_AP
  aBFA_CI
  aBFA_CO
  aBFA_EA
  aBFA_EE
  aBFA_N9
  aBFA_NV
  aBFA_NW
  aBFA_OI
  aBFA_OO
  aBFA_PS
  aBFA_MT
  bBFA_AC
  bBFA_AP
  bBFA_CI
  bBFA_CO
  bBFA_EA
  bBFA_EE
  bBFA_N9
  bBFA_NV
  bBFA_NW
  bBFA_OI
  bBFA_OO
  bBFA_MT
  bBFA_PS
  cBFA_AC
  cBFA_AP
  cBFA_CI
  cBFA_CO
  cBFA_EA
  cBFA_EE
  cBFA_N9
  cBFA_NV
  cBFA_NW
  cBFA_OI
  cBFA_OO
  cBFA_MT
  cBFA_PS
  dBFA_AC
  dBFA_AP
  dBFA_CI
  dBFA_CO
  dBFA_EA
  dBFA_EE
  dBFA_N9
  dBFA_NV
  dBFA_NW
  dBFA_OI
  dBFA_OO
  dBFA_MT
  dBFA_PS
  aUSI
  bUSI
  cUSI
  dUSI
  aHRZ_IND
  bHRZ_IND
  cHRZ_IND
  dHRZ_IND
  aVRT_IND
  bVRT_IND
  cVRT_IND
  dVRT_IND
  aHRZ_COL
  bHRZ_COL
  cHRZ_COL
  dHRZ_COL
  aVRT_COL
  bVRT_COL
  cVRT_COL
  dVRT_COL
  aCOLLCTV
  bCOLLCTV
  cCOLLCTV
  dCOLLCTV
  aMVS
  bMVS
  cMVS
  dMVS
  aST
  bST
  cST
  dST
  aSD
  bSD
  cSD
  dSD
  aMVS_mc
  bMVS_mc
  cMVS_mc
  dMVS_mc
  aST_mc
  bST_mc
  cST_mc
  dST_mc
  aSD_mc
  bSD_mc
  cSD_mc
  dSD_mc
  bMEANING
  cMEANING
  dMEANING
  bMEAN_L
  cMEAN_L
  dMEAN_L
  bMEANNGc
  cMEANNGc
  dMEANNGc
  bMEANGlc
  cMEANGlc
  dMEANGlc
  bCLASSIC
  cCLASSIC
  dCLASSIC
  bCLASSCc
  cCLASSCc
  dCLASSCc
  bAGR_VAL
  cAGR_VAL
  dAGR_VAL
  bOPN_VAL
  cOPN_VAL
  dOPN_VAL
  bAGR_VLc
  cAGR_VLc
  dAGR_VLc
  bOPNVALc
  cOPNVALc
  dOPNVALc
  aMV_pomp
  bMV_pomp
  cMV_pomp
  dMV_pomp
  aST_pomp
  bST_pomp
  cST_pomp
  dST_pomp
  aSD_pomp
  bSD_pomp
  cSD_pomp
  dSD_pomp
  agoal_ec
  bgoal_ec
  cgoal_ec
  dgoal_ec
  aAspfinc
  bAspfinc
  cAspfinc
  dAspfinc
  abfi_hp8
  bbfi_hp8
  cbfi_hp8
  dbfi_hp8
  aP_S_BFI
  aP_D_BFI
  aECgoalc
  bECgoalC
  cECgoalC
  dECgoalC
  aaspfin
  baspfin
  caspfin
  daspfin
  aMVI_POMP
  bMVI_POMP
  cMVI_POMP
  dMVI_POMP;

  USEVARIABLES =
  aBFA_CI
  bBFA_CI
  cBFA_CI
  dBFA_CI
  aaspfin
  baspfin
  caspfin
  daspfin
  a1
  a2
  a3
  a4
  ;

  missing = all (-9999);

  USEOBSERVATIONS are Sample == 2; ! College Sample

  tscores = a1 a2 a3 a4;

  DEFINE:
  a1 = aAGE + 0 - 20.5;
  a2 = aAGE + 1 - 20.5;
  a3 = aAGE + 2 - 20.5;
  a4 = aAGE + 3 - 20.5;

  ANALYSIS:
  TYPE=RANDOM;
  PROCESSORS = 4;
  model=nocovariances; ! supresses default estimation of certain covs in model;

  MODEL:

  i_BFA_CI s_BFA_CI | aBFA_CI bBFA_CI cBFA_CI dBFA_CI AT a1 a2 a3 a4;
  i_aspfin s_aspfin | aaspfin baspfin caspfin daspfin AT a1 a2 a3 a4;

  ! freeing factor covs because of "nocovariances"
  s_BFA_CI WITH i_BFA_CI s_aspfin i_aspfin;
  i_BFA_CI WITH s_aspfin i_aspfin;
  s_aspfin WITH i_aspfin;

  p1 BY aBFA_CI@1; ! Residual "factors";
  p2 BY bBFA_CI@1;
  p3 BY cBFA_CI@1;
  p4 BY dBFA_CI@1;

  v1 BY aaspfin@1; ! Residual "factors";
  v2 BY baspfin@1;
  v3 BY caspfin@1;
  v4 BY daspfin@1;

  !residual variances on observed/manifest vars set to 0
  aBFA_CI@0;
  bBFA_CI@0;
  cBFA_CI@0;
  dBFA_CI@0;

  !residual variances on observed/manifest vars set to 0
  aaspfin@0;
  baspfin@0;
  caspfin@0;
  daspfin@0;

  ! means of observed/manifest vars set to 0
  [aBFA_CI@0];
  [bBFA_CI@0];
  [cBFA_CI@0];
  [dBFA_CI@0];

  ! means of observed/manifest vars set to 0
  [aaspfin@0];
  [baspfin@0];
  [caspfin@0];
  [daspfin@0];

  [p1@0]; ! means of residual "factors" set to 0
  [p2@0];
  [p3@0];
  [p4@0];

  [v1@0]; ! means of residual "factors" set to 0
  [v2@0];
  [v3@0];
  [v4@0];

  p4 on p3;
  p3 on p2;
  p2 on p1;

  v4 on v3;
  v3 on v2;
  v2 on v1;

  p4 on v3;
  p3 on v2;
  p2 on v1;

  v4 on p3;
  v3 on p2;
  v2 on p1;

  p1 with v1;
  p2 with v2;
  p3 with v3;
  p4 with v4;

  p2 p3 p4; ! estimate variances of residual "factors"
  v2 v3 v4; ! estimate variances of residual "factors"

  OUTPUT: SAMPSTAT PATTERNS;



*** WARNING
  Variable name contains more than 8 characters.
  Only the first 8 characters will be printed in the output.
  Variable: AMVI_POMP
*** WARNING
  Variable name contains more than 8 characters.
  Only the first 8 characters will be printed in the output.
  Variable: BMVI_POMP
*** WARNING
  Variable name contains more than 8 characters.
  Only the first 8 characters will be printed in the output.
  Variable: CMVI_POMP
*** WARNING
  Variable name contains more than 8 characters.
  Only the first 8 characters will be printed in the output.
  Variable: DMVI_POMP
*** WARNING
  Data set contains cases with missing on all variables.
  These cases were not included in the analysis.
  Number of cases with missing on all variables:  1
*** WARNING
  Data set contains cases with missing on time scores but non-missing on the
  corresponding dependent variables.  These cases were not included in the analysis.
  Number of such cases:  3
   6 WARNING(S) FOUND IN THE INPUT INSTRUCTIONS



PxVx Bivariate LCM-SR-Uncons - Col Linear BFA_CI with Linear aspfin;

SUMMARY OF ANALYSIS

Number of groups                                                 1
Number of observations                                         276

Number of dependent variables                                    8
Number of independent variables                                  0
Number of continuous latent variables                           12

Observed dependent variables

  Continuous
   ABFA_CI     BBFA_CI     CBFA_CI     DBFA_CI     AASPFIN     BASPFIN
   CASPFIN     DASPFIN

Continuous latent variables
   P1          P2          P3          P4          V1          V2
   V3          V4          I_BFA_CI    S_BFA_CI    I_ASPFIN    S_ASPFIN

Variables with special functions

  Time scores
   A1          A2          A3          A4


Estimator                                                      MLR
Information matrix                                        OBSERVED
Maximum number of iterations                                   100
Convergence criterion                                    0.100D-05
Maximum number of EM iterations                                500
Convergence criteria for the EM algorithm
  Loglikelihood change                                   0.100D-02
  Relative loglikelihood change                          0.100D-05
  Derivative                                             0.100D-03
Minimum variance                                         0.100D-03
Maximum number of steepest descent iterations                   20
Maximum number of iterations for H1                           2000
Convergence criterion for H1                             0.100D-03
Optimization algorithm                                         EMA

Input data file(s)
  /Users/johnflournoy/code/lnt_pxvx/Data/LT_227.txt
Input data format  FREE


SUMMARY OF DATA

     Number of missing data patterns            10


SUMMARY OF MISSING DATA PATTERNS


     MISSING DATA PATTERNS (x = not missing)

           1  2  3  4  5  6  7  8  9 10
 ABFA_CI   x  x  x  x  x  x  x  x  x  x
 BBFA_CI   x  x     x        x  x     x
 CBFA_CI   x  x  x                 x
 DBFA_CI   x              x  x  x  x
 AASPFIN   x  x  x  x  x  x  x  x  x  x
 BASPFIN   x  x     x           x
 CASPFIN   x  x  x                 x
 DASPFIN   x              x     x  x


     MISSING DATA PATTERN FREQUENCIES

    Pattern   Frequency     Pattern   Frequency     Pattern   Frequency
          1         138           5          53           9          11
          2          12           6          11          10           1
          3           5           7           1
          4          28           8          16


COVARIANCE COVERAGE OF DATA

Minimum covariance coverage value   0.100


     PROPORTION OF DATA PRESENT


           Covariance Coverage
              ABFA_CI       BBFA_CI       CBFA_CI       DBFA_CI       AASPFIN
              ________      ________      ________      ________      ________
 ABFA_CI        1.000
 BBFA_CI        0.710         0.710
 CBFA_CI        0.601         0.543         0.601
 DBFA_CI        0.641         0.562         0.540         0.641
 AASPFIN        1.000         0.710         0.601         0.641         1.000
 BASPFIN        0.703         0.703         0.543         0.558         0.703
 CASPFIN        0.601         0.543         0.601         0.540         0.601
 DASPFIN        0.638         0.558         0.540         0.638         0.638


           Covariance Coverage
              BASPFIN       CASPFIN       DASPFIN
              ________      ________      ________
 BASPFIN        0.703
 CASPFIN        0.543         0.601
 DASPFIN        0.558         0.540         0.638


SAMPLE STATISTICS


     ESTIMATED SAMPLE STATISTICS


           Means
              ABFA_CI       BBFA_CI       CBFA_CI       DBFA_CI       AASPFIN
              ________      ________      ________      ________      ________
 1             59.370        59.192        59.556        59.870        47.360


           Means
              BASPFIN       CASPFIN       DASPFIN
              ________      ________      ________
 1             47.486        46.407        48.113


           Covariances
              ABFA_CI       BBFA_CI       CBFA_CI       DBFA_CI       AASPFIN
              ________      ________      ________      ________      ________
 ABFA_CI      291.894
 BBFA_CI      219.738       295.907
 CBFA_CI      196.631       210.037       274.546
 DBFA_CI      213.845       208.755       236.310       328.371
 AASPFIN       66.758        56.692        63.985        43.815       535.187
 BASPFIN       98.733        91.095        79.333        74.567       418.146
 CASPFIN       71.178        43.412        54.202        50.077       327.886
 DASPFIN       47.990        13.284        34.628        20.889       349.452


           Covariances
              BASPFIN       CASPFIN       DASPFIN
              ________      ________      ________
 BASPFIN      537.706
 CASPFIN      339.901       490.065
 DASPFIN      393.543       388.240       546.593


           Correlations
              ABFA_CI       BBFA_CI       CBFA_CI       DBFA_CI       AASPFIN
              ________      ________      ________      ________      ________
 ABFA_CI        1.000
 BBFA_CI        0.748         1.000
 CBFA_CI        0.695         0.737         1.000
 DBFA_CI        0.691         0.670         0.787         1.000
 AASPFIN        0.169         0.142         0.167         0.105         1.000
 BASPFIN        0.249         0.228         0.206         0.177         0.779
 CASPFIN        0.188         0.114         0.148         0.125         0.640
 DASPFIN        0.120         0.033         0.089         0.049         0.646


           Correlations
              BASPFIN       CASPFIN       DASPFIN
              ________      ________      ________
 BASPFIN        1.000
 CASPFIN        0.662         1.000
 DASPFIN        0.726         0.750         1.000


     MAXIMUM LOG-LIKELIHOOD VALUE FOR THE UNRESTRICTED (H1) MODEL IS -6685.300


THE MODEL ESTIMATION TERMINATED NORMALLY



MODEL FIT INFORMATION

Number of Free Parameters                       38

Loglikelihood

          H0 Value                       -6690.789
          H0 Scaling Correction Factor      1.0759
            for MLR

Information Criteria

          Akaike (AIC)                   13457.578
          Bayesian (BIC)                 13595.153
          Sample-Size Adjusted BIC       13474.661
            (n* = (n + 2) / 24)



MODEL RESULTS

                                                    Two-Tailed
                    Estimate       S.E.  Est./S.E.    P-Value

 P1       BY
    ABFA_CI            1.000      0.000    999.000    999.000

 P2       BY
    BBFA_CI            1.000      0.000    999.000    999.000

 P3       BY
    CBFA_CI            1.000      0.000    999.000    999.000

 P4       BY
    DBFA_CI            1.000      0.000    999.000    999.000

 V1       BY
    AASPFIN            1.000      0.000    999.000    999.000

 V2       BY
    BASPFIN            1.000      0.000    999.000    999.000

 V3       BY
    CASPFIN            1.000      0.000    999.000    999.000

 V4       BY
    DASPFIN            1.000      0.000    999.000    999.000

 P4         ON
    P3                 0.366      0.365      1.001      0.317
    V3                -0.151      0.245     -0.614      0.539

 P3         ON
    P2                 0.224      0.175      1.282      0.200
    V2                 0.016      0.156      0.103      0.918

 P2         ON
    P1                 0.250      0.278      0.900      0.368
    V1                 0.077      0.145      0.533      0.594

 V4         ON
    V3                -0.391      0.523     -0.748      0.454
    P3                -0.340      0.787     -0.432      0.666

 V3         ON
    V2                -0.230      0.152     -1.513      0.130
    P2                 0.101      0.201      0.499      0.618

 V2         ON
    V1                 0.359      0.167      2.143      0.032
    P1                 0.313      0.236      1.327      0.185

 S_BFA_CI WITH
    I_BFA_CI          -4.766     12.124     -0.393      0.694
    S_ASPFIN           4.258      3.220      1.322      0.186
    I_ASPFIN          -7.928     12.167     -0.652      0.515

 I_BFA_CI WITH
    S_ASPFIN          -8.175     15.671     -0.522      0.602
    I_ASPFIN          77.464     39.452      1.964      0.050

 S_ASPFIN WITH
    I_ASPFIN         -13.890     20.456     -0.679      0.497

 P1       WITH
    V1                -9.694     37.437     -0.259      0.796

 P2       WITH
    V2                32.801     15.793      2.077      0.038

 P3       WITH
    V3               -15.283     42.337     -0.361      0.718

 P4       WITH
    V4               -37.368     41.254     -0.906      0.365

 Means
    P1                 0.000      0.000    999.000    999.000
    V1                 0.000      0.000    999.000    999.000
    I_BFA_CI          59.324      1.017     58.357      0.000
    S_BFA_CI           0.125      0.336      0.373      0.709
    I_ASPFIN          47.146      1.400     33.670      0.000
    S_ASPFIN           0.103      0.456      0.225      0.822

 Intercepts
    ABFA_CI            0.000      0.000    999.000    999.000
    BBFA_CI            0.000      0.000    999.000    999.000
    CBFA_CI            0.000      0.000    999.000    999.000
    DBFA_CI            0.000      0.000    999.000    999.000
    AASPFIN            0.000      0.000    999.000    999.000
    BASPFIN            0.000      0.000    999.000    999.000
    CASPFIN            0.000      0.000    999.000    999.000
    DASPFIN            0.000      0.000    999.000    999.000
    P2                 0.000      0.000    999.000    999.000
    P3                 0.000      0.000    999.000    999.000
    P4                 0.000      0.000    999.000    999.000
    V2                 0.000      0.000    999.000    999.000
    V3                 0.000      0.000    999.000    999.000
    V4                 0.000      0.000    999.000    999.000

 Variances
    P1                78.745     37.725      2.087      0.037
    V1               172.333     46.079      3.740      0.000
    I_BFA_CI         208.090     41.424      5.023      0.000
    S_BFA_CI           2.142      1.666      1.286      0.199
    I_ASPFIN         383.526     57.257      6.698      0.000
    S_ASPFIN          15.627      7.327      2.133      0.033

 Residual Variances
    ABFA_CI            0.000      0.000    999.000    999.000
    BBFA_CI            0.000      0.000    999.000    999.000
    CBFA_CI            0.000      0.000    999.000    999.000
    DBFA_CI            0.000      0.000    999.000    999.000
    AASPFIN            0.000      0.000    999.000    999.000
    BASPFIN            0.000      0.000    999.000    999.000
    CASPFIN            0.000      0.000    999.000    999.000
    DASPFIN            0.000      0.000    999.000    999.000
    P2               100.613     22.228      4.526      0.000
    P3                82.681     24.566      3.366      0.001
    P4                94.902     27.545      3.445      0.001
    V2               138.007     23.072      5.982      0.000
    V3                89.766     45.148      1.988      0.047
    V4                61.733     74.704      0.826      0.409


QUALITY OF NUMERICAL RESULTS

     Condition Number for the Information Matrix              0.935E-05
       (ratio of smallest to largest eigenvalue)


     Beginning Time:  09:33:54
        Ending Time:  09:33:57
       Elapsed Time:  00:00:03



MUTHEN & MUTHEN
3463 Stoner Ave.
Los Angeles, CA  90066

Tel: (310) 391-9971
Fax: (310) 391-8971
Web: www.StatModel.com
Support: Support@StatModel.com

Copyright (c) 1998-2012 Muthen & Muthen
