Mplus VERSION 8 (Linux)
MUTHEN & MUTHEN
07/07/2018   6:34 PM

INPUT INSTRUCTIONS


  title: PxVx Bivariate LCM-SR - decadegroup - Linear bfas_ci with Linear aspfin;
  data: file = /home/jflournoy/code_new/lnt_pxvx/Data/lnt_nat_recalc.tsv;

  variable:
  names =
  subjid
  aage
  aaspfin
  aaspfin_d
  abfa_mt
  abfa_mt_d
  abfas_ac
  abfas_ap
  abfas_ci
  abfas_co
  abfas_ea
  abfas_ee
  abfas_nv
  abfas_nv9
  abfas_nw
  abfas_oi
  abfas_oo
  abfi_a
  abfi_a6
  abfi_c
  abfi_d_scale
  abfi_e
  abfi_hp8
  abfi_n
  abfi_o
  abfi_s_scale
  ahrz_col
  ahrz_col_d
  ahrz_ind
  ahrz_ind_d
  amvi
  ausi
  ausi_d
  avrt_col
  avrt_col_d
  avrt_ind
  avrt_ind_d
  bage
  baspfin
  baspfin_d
  bbfa_mt
  bbfa_mt_d
  bbfas_ac
  bbfas_ap
  bbfas_ci
  bbfas_co
  bbfas_ea
  bbfas_ee
  bbfas_nv
  bbfas_nv9
  bbfas_nw
  bbfas_oi
  bbfas_oo
  bbfi_a
  bbfi_a6
  bbfi_c
  bbfi_d_scale
  bbfi_e
  bbfi_hp8
  bbfi_n
  bbfi_o
  bbfi_s_scale
  bhrz_col
  bhrz_col_d
  bhrz_ind
  bhrz_ind_d
  bmvi
  busi
  busi_d
  bvrt_col
  bvrt_col_d
  bvrt_ind
  bvrt_ind_d
  cage
  caspfin
  caspfin_d
  cbfa_mt
  cbfa_mt_d
  cbfas_ac
  cbfas_ap
  cbfas_ci
  cbfas_co
  cbfas_ea
  cbfas_ee
  cbfas_nv
  cbfas_nv9
  cbfas_nw
  cbfas_oi
  cbfas_oo
  cbfi_a
  cbfi_a6
  cbfi_c
  cbfi_d_scale
  cbfi_e
  cbfi_hp8
  cbfi_n
  cbfi_o
  cbfi_s_scale
  chrz_col
  chrz_col_d
  chrz_ind
  chrz_ind_d
  cmvi
  cusi
  cusi_d
  cvrt_col
  cvrt_col_d
  cvrt_ind
  cvrt_ind_d
  dage
  daspfin
  daspfin_d
  dbfa_mt
  dbfa_mt_d
  dbfas_ac
  dbfas_ap
  dbfas_ci
  dbfas_co
  dbfas_ea
  dbfas_ee
  dbfas_nv
  dbfas_nv9
  dbfas_nw
  dbfas_oi
  dbfas_oo
  dbfi_a
  dbfi_a6
  dbfi_c
  dbfi_d_scale
  dbfi_e
  dbfi_hp8
  dbfi_n
  dbfi_o
  dbfi_s_scale
  dhrz_col
  dhrz_col_d
  dhrz_ind
  dhrz_ind_d
  dmvi
  dusi
  dusi_d
  dvrt_col
  dvrt_col_d
  dvrt_ind
  dvrt_ind_d;

  USEVARIABLES =
  abfas_ci
  bbfas_ci
  cbfas_ci
  dbfas_ci
  aaspfin
  baspfin
  caspfin
  daspfin
  a1
  a2
  a3
  a4
  ;

  missing = all (-9999);

  tscores = a1 a2 a3 a4;

  grouping = aage (0=d2, 1=d3, 2=d4, 3=d5);

  DEFINE:

  cut aage (29 39 49);

  a1 = aage + 0 - 36;
  a2 = aage + 1 - 36;
  a3 = aage + 2 - 36;
  a4 = aage + 3 - 36;

  ANALYSIS:
  TYPE=RANDOM;
  PROCESSORS = 6;
  model=nocovariances; ! supresses default estimation of certain covs in model;

  MODEL:

  i_bfas_ci s_bfas_ci | abfas_ci bbfas_ci cbfas_ci dbfas_ci AT a1 a2 a3 a4;
  i_aspfin s_aspfin | aaspfin baspfin caspfin daspfin AT a1 a2 a3 a4;

  ! freeing factor covs because of "nocovariances"
  s_bfas_ci WITH i_bfas_ci s_aspfin i_aspfin;
  i_bfas_ci WITH s_aspfin i_aspfin;
  s_aspfin WITH i_aspfin;

  p1 BY abfas_ci@1; ! Residual "factors";
  p2 BY bbfas_ci@1;
  p3 BY cbfas_ci@1;
  p4 BY dbfas_ci@1;

  v1 BY aaspfin@1; ! Residual "factors";
  v2 BY baspfin@1;
  v3 BY caspfin@1;
  v4 BY daspfin@1;

  !residual variances on observed/manifest vars set to 0
  abfas_ci@0;
  bbfas_ci@0;
  cbfas_ci@0;
  dbfas_ci@0;

  !residual variances on observed/manifest vars set to 0
  aaspfin@0;
  baspfin@0;
  caspfin@0;
  daspfin@0;

  ! means of observed/manifest vars set to 0
  [abfas_ci@0];
  [bbfas_ci@0];
  [cbfas_ci@0];
  [dbfas_ci@0];

  ! means of observed/manifest vars set to 0
  [aaspfin@0];
  [baspfin@0];
  [caspfin@0];
  [daspfin@0];

  [p1@0]; ! means of residual "factors" set to 0
  [p2@0];
  [p3@0];
  [p4@0];

  [v1@0]; ! means of residual "factors" set to 0
  [v2@0];
  [v3@0];
  [v4@0];

  p4 on p3 (a); ! Autoregressive paths constrained to equality
  p3 on p2 (a);
  p2 on p1 (a);

  v4 on v3 (b); ! Autoregressive paths constrained to equality
  v3 on v2 (b);
  v2 on v1 (b);

  p4 on v3 (c); ! Cross-lagged paths constrained to equality
  p3 on v2 (c);
  p2 on v1 (c);

  v4 on p3 (d); ! Cross-lagged paths constrained to equality
  v3 on p2 (d);
  v2 on p1 (d);

  p1 with v1; !(this one is not like the others)

  p2 with v2 (e); ! Within-wave correlations constrained to equality
  p3 with v3 (e);
  p4 with v4 (e);

  p2 p3 p4 (f); ! estimate variances of residual "factors"
  v2 v3 v4 (g); ! estimate variances of residual "factors"

  MODEL d2:

  p4 on p3 (a2); ! Autoregressive paths constrained to equality
  p3 on p2 (a2);
  p2 on p1 (a2);

  v4 on v3 (b2); ! Autoregressive paths constrained to equality
  v3 on v2 (b2);
  v2 on v1 (b2);

  p4 on v3 (c2); ! Cross-lagged paths constrained to equality
  p3 on v2 (c2);
  p2 on v1 (c2);

  v4 on p3 (d2); ! Cross-lagged paths constrained to equality
  v3 on p2 (d2);
  v2 on p1 (d2);

  p1 with v1; !(this one is not like the others)

  p2 with v2 (e2); ! Within-wave correlations constrained to equality
  p3 with v3 (e2);
  p4 with v4 (e2);

  p2 p3 p4 (f2); ! estimate variances of residual "factors"
  v2 v3 v4 (g2); ! estimate variances of residual "factors"

  MODEL d3:

  p4 on p3 (a3); ! Autoregressive paths constrained to equality
  p3 on p2 (a3);
  p2 on p1 (a3);

  v4 on v3 (b3); ! Autoregressive paths constrained to equality
  v3 on v2 (b3);
  v2 on v1 (b3);

  p4 on v3 (c3); ! Cross-lagged paths constrained to equality
  p3 on v2 (c3);
  p2 on v1 (c3);

  v4 on p3 (d3); ! Cross-lagged paths constrained to equality
  v3 on p2 (d3);
  v2 on p1 (d3);

  p1 with v1; !(this one is not like the others)

  p2 with v2 (e3); ! Within-wave correlations constrained to equality
  p3 with v3 (e3);
  p4 with v4 (e3);

  p2 p3 p4 (f3); ! estimate variances of residual "factors"
  v2 v3 v4 (g3); ! estimate variances of residual "factors"

  MODEL d4:

  p4 on p3 (a4); ! Autoregressive paths constrained to equality
  p3 on p2 (a4);
  p2 on p1 (a4);

  v4 on v3 (b4); ! Autoregressive paths constrained to equality
  v3 on v2 (b4);
  v2 on v1 (b4);

  p4 on v3 (c4); ! Cross-lagged paths constrained to equality
  p3 on v2 (c4);
  p2 on v1 (c4);

  v4 on p3 (d4); ! Cross-lagged paths constrained to equality
  v3 on p2 (d4);
  v2 on p1 (d4);

  p1 with v1; !(this one is not like the others)

  p2 with v2 (e4); ! Within-wave correlations constrained to equality
  p3 with v3 (e4);
  p4 with v4 (e4);

  p2 p3 p4 (f4); ! estimate variances of residual "factors"
  v2 v3 v4 (g4); ! estimate variances of residual "factors"

  MODEL d5:

  p4 on p3 (a5); ! Autoregressive paths constrained to equality
  p3 on p2 (a5);
  p2 on p1 (a5);

  v4 on v3 (b5); ! Autoregressive paths constrained to equality
  v3 on v2 (b5);
  v2 on v1 (b5);

  p4 on v3 (c5); ! Cross-lagged paths constrained to equality
  p3 on v2 (c5);
  p2 on v1 (c5);

  v4 on p3 (d5); ! Cross-lagged paths constrained to equality
  v3 on p2 (d5);
  v2 on p1 (d5);

  p1 with v1; !(this one is not like the others)

  p2 with v2 (e5); ! Within-wave correlations constrained to equality
  p3 with v3 (e5);
  p4 with v4 (e5);

  p2 p3 p4 (f5); ! estimate variances of residual "factors"
  v2 v3 v4 (g5); ! estimate variances of residual "factors"

  OUTPUT: SAMPSTAT PATTERNS;



*** WARNING
  Data set contains unknown or missing values for GROUPING,
  PATTERN, COHORT, CLUSTER and/or STRATIFICATION variables.
  Number of cases with unknown or missing values:  5
   1 WARNING(S) FOUND IN THE INPUT INSTRUCTIONS



PxVx Bivariate LCM-SR - decadegroup - Linear bfas_ci with Linear aspfin;

SUMMARY OF ANALYSIS

Number of groups                                                 4
Number of observations
   Group D2                                                    301
   Group D3                                                    233
   Group D4                                                    198
   Group D5                                                    132
   Total sample size                                           864

Number of dependent variables                                    8
Number of independent variables                                  0
Number of continuous latent variables                           12

Observed dependent variables

  Continuous
   ABFAS_CI    BBFAS_CI    CBFAS_CI    DBFAS_CI    AASPFIN     BASPFIN
   CASPFIN     DASPFIN

Continuous latent variables
   P1          P2          P3          P4          V1          V2
   V3          V4          I_BFAS_C    S_BFAS_C    I_ASPFIN    S_ASPFIN

Variables with special functions

  Grouping variable     AAGE

  Time scores
   A1          A2          A3          A4


Estimator                                                      MLR
Information matrix                                        OBSERVED
Maximum number of iterations                                   100
Convergence criterion                                    0.100D-05
Maximum number of EM iterations                                500
Convergence criteria for the EM algorithm
  Loglikelihood change                                   0.100D-02
  Relative loglikelihood change                          0.100D-05
  Derivative                                             0.100D-03
Minimum variance                                         0.100D-03
Maximum number of steepest descent iterations                   20
Maximum number of iterations for H1                           2000
Convergence criterion for H1                             0.100D-03
Optimization algorithm                                         EMA

Input data file(s)
  /home/jflournoy/code_new/lnt_pxvx/Data/lnt_nat_recalc.tsv
Input data format  FREE


SUMMARY OF DATA

   Group D2
     Number of missing data patterns            13

   Group D3
     Number of missing data patterns            10

   Group D4
     Number of missing data patterns            13

   Group D5
     Number of missing data patterns             9


SUMMARY OF MISSING DATA PATTERNS


     MISSING DATA PATTERNS (x = not missing) FOR D2

           1  2  3  4  5  6  7  8  9 10 11 12 13
 ABFAS_CI  x  x  x  x  x  x  x  x  x     x  x  x
 BBFAS_CI  x     x  x  x     x        x  x     x
 CBFAS_CI  x           x        x  x  x  x  x  x
 DBFAS_CI  x     x        x        x  x     x  x
 AASPFIN   x  x  x  x  x  x     x  x  x  x  x  x
 BASPFIN   x     x  x  x     x        x  x  x
 CASPFIN   x           x        x  x  x  x  x  x
 DASPFIN   x     x        x        x  x  x  x  x


     MISSING DATA PATTERN FREQUENCIES FOR D2

    Pattern   Frequency     Pattern   Frequency     Pattern   Frequency
          1         187           6          11          11           1
          2          57           7           1          12           1
          3           6           8           5          13           1
          4          11           9           5
          5          14          10           1


     MISSING DATA PATTERNS (x = not missing) FOR D3

           1  2  3  4  5  6  7  8  9 10
 ABFAS_CI  x  x  x  x  x  x  x  x  x  x
 BBFAS_CI  x     x  x  x           x
 CBFAS_CI  x           x     x  x
 DBFAS_CI  x     x        x     x     x
 AASPFIN   x  x  x  x  x  x  x  x  x  x
 BASPFIN   x     x  x  x
 CASPFIN   x           x     x  x
 DASPFIN   x     x        x     x


     MISSING DATA PATTERN FREQUENCIES FOR D3

    Pattern   Frequency     Pattern   Frequency     Pattern   Frequency
          1         140           5           7           9           1
          2          44           6           3          10           1
          3           8           7           7
          4          15           8           7


     MISSING DATA PATTERNS (x = not missing) FOR D4

           1  2  3  4  5  6  7  8  9 10 11 12 13
 ABFAS_CI  x  x  x  x  x  x  x  x  x  x  x  x  x
 BBFAS_CI  x     x  x  x           x  x  x     x
 CBFAS_CI  x           x     x  x  x     x
 DBFAS_CI  x     x        x     x  x     x     x
 AASPFIN   x  x  x  x  x  x  x  x  x  x  x     x
 BASPFIN   x     x  x  x                 x
 CASPFIN   x           x     x  x  x
 DASPFIN   x     x        x     x  x     x     x


     MISSING DATA PATTERN FREQUENCIES FOR D4

    Pattern   Frequency     Pattern   Frequency     Pattern   Frequency
          1         104           6           4          11           1
          2          39           7           6          12           1
          3           7           8           5          13           1
          4          12           9           1
          5          15          10           2


     MISSING DATA PATTERNS (x = not missing) FOR D5

           1  2  3  4  5  6  7  8  9
 ABFAS_CI  x  x  x  x  x  x  x  x
 BBFAS_CI  x     x  x  x           x
 CBFAS_CI  x           x     x  x  x
 DBFAS_CI  x     x        x     x  x
 AASPFIN   x  x  x  x  x  x  x  x  x
 BASPFIN   x     x  x  x           x
 CASPFIN   x           x     x  x  x
 DASPFIN   x     x        x     x  x


     MISSING DATA PATTERN FREQUENCIES FOR D5

    Pattern   Frequency     Pattern   Frequency     Pattern   Frequency
          1          60           4          10           7           6
          2          29           5          11           8           4
          3           5           6           6           9           1


COVARIANCE COVERAGE OF DATA

Minimum covariance coverage value   0.100


     PROPORTION OF DATA PRESENT FOR D2


           Covariance Coverage
              ABFAS_CI      BBFAS_CI      CBFAS_CI      DBFAS_CI      AASPFIN
              ________      ________      ________      ________      ________
 ABFAS_CI       0.997
 BBFAS_CI       0.734         0.738
 CBFAS_CI       0.711         0.678         0.714
 DBFAS_CI       0.701         0.648         0.648         0.704
 AASPFIN        0.993         0.734         0.714         0.704         0.997
 BASPFIN        0.734         0.734         0.678         0.648         0.734
 CASPFIN        0.711         0.678         0.714         0.648         0.714
 DASPFIN        0.704         0.651         0.651         0.704         0.708


           Covariance Coverage
              BASPFIN       CASPFIN       DASPFIN
              ________      ________      ________
 BASPFIN        0.738
 CASPFIN        0.678         0.714
 DASPFIN        0.651         0.651         0.708


     PROPORTION OF DATA PRESENT FOR D3


           Covariance Coverage
              ABFAS_CI      BBFAS_CI      CBFAS_CI      DBFAS_CI      AASPFIN
              ________      ________      ________      ________      ________
 ABFAS_CI       0.996
 BBFAS_CI       0.760         0.764
 CBFAS_CI       0.665         0.635         0.670
 DBFAS_CI       0.652         0.639         0.609         0.657
 AASPFIN        0.966         0.734         0.670         0.657         0.970
 BASPFIN        0.760         0.764         0.635         0.639         0.734
 CASPFIN        0.665         0.635         0.670         0.609         0.670
 DASPFIN        0.652         0.639         0.609         0.657         0.657


           Covariance Coverage
              BASPFIN       CASPFIN       DASPFIN
              ________      ________      ________
 BASPFIN        0.764
 CASPFIN        0.635         0.670
 DASPFIN        0.639         0.609         0.657


     PROPORTION OF DATA PRESENT FOR D4


           Covariance Coverage
              ABFAS_CI      BBFAS_CI      CBFAS_CI      DBFAS_CI      AASPFIN
              ________      ________      ________      ________      ________
 ABFAS_CI       0.990
 BBFAS_CI       0.737         0.747
 CBFAS_CI       0.646         0.621         0.657
 DBFAS_CI       0.596         0.576         0.551         0.606
 AASPFIN        0.960         0.717         0.657         0.606         0.970
 BASPFIN        0.737         0.742         0.621         0.576         0.717
 CASPFIN        0.646         0.621         0.657         0.551         0.657
 DASPFIN        0.601         0.581         0.556         0.606         0.611


           Covariance Coverage
              BASPFIN       CASPFIN       DASPFIN
              ________      ________      ________
 BASPFIN        0.747
 CASPFIN        0.621         0.657
 DASPFIN        0.581         0.556         0.611


     PROPORTION OF DATA PRESENT FOR D5


           Covariance Coverage
              ABFAS_CI      BBFAS_CI      CBFAS_CI      DBFAS_CI      AASPFIN
              ________      ________      ________      ________      ________
 ABFAS_CI       1.000
 BBFAS_CI       0.697         0.697
 CBFAS_CI       0.576         0.538         0.576
 DBFAS_CI       0.545         0.492         0.462         0.545
 AASPFIN        0.955         0.652         0.576         0.545         0.955
 BASPFIN        0.697         0.697         0.538         0.492         0.652
 CASPFIN        0.576         0.538         0.576         0.462         0.576
 DASPFIN        0.545         0.492         0.462         0.545         0.545


           Covariance Coverage
              BASPFIN       CASPFIN       DASPFIN
              ________      ________      ________
 BASPFIN        0.697
 CASPFIN        0.538         0.576
 DASPFIN        0.492         0.462         0.545


SAMPLE STATISTICS


     ESTIMATED SAMPLE STATISTICS FOR D2


           Means
              ABFAS_CI      BBFAS_CI      CBFAS_CI      DBFAS_CI      AASPFIN
              ________      ________      ________      ________      ________
               59.812        59.017        58.199        59.161        49.956


           Means
              BASPFIN       CASPFIN       DASPFIN
              ________      ________      ________
               50.036        49.674        48.314


           Covariances
              ABFAS_CI      BBFAS_CI      CBFAS_CI      DBFAS_CI      AASPFIN
              ________      ________      ________      ________      ________
 ABFAS_CI     358.138
 BBFAS_CI     260.976       322.322
 CBFAS_CI     232.986       240.417       291.168
 DBFAS_CI     249.569       244.790       245.851       326.536
 AASPFIN       35.347         9.467        13.822        21.040       543.257
 BASPFIN       37.542        11.051        21.538        46.682       397.519
 CASPFIN       63.463        37.336        44.711        56.674       410.334
 DASPFIN       13.964         1.413        24.125        28.472       390.854


           Covariances
              BASPFIN       CASPFIN       DASPFIN
              ________      ________      ________
 BASPFIN      516.303
 CASPFIN      433.497       575.369
 DASPFIN      417.321       449.357       608.661


           Correlations
              ABFAS_CI      BBFAS_CI      CBFAS_CI      DBFAS_CI      AASPFIN
              ________      ________      ________      ________      ________
 ABFAS_CI       1.000
 BBFAS_CI       0.768         1.000
 CBFAS_CI       0.721         0.785         1.000
 DBFAS_CI       0.730         0.755         0.797         1.000
 AASPFIN        0.080         0.023         0.035         0.050         1.000
 BASPFIN        0.087         0.027         0.056         0.114         0.751
 CASPFIN        0.140         0.087         0.109         0.131         0.734
 DASPFIN        0.030         0.003         0.057         0.064         0.680


           Correlations
              BASPFIN       CASPFIN       DASPFIN
              ________      ________      ________
 BASPFIN        1.000
 CASPFIN        0.795         1.000
 DASPFIN        0.744         0.759         1.000


     ESTIMATED SAMPLE STATISTICS FOR D3


           Means
              ABFAS_CI      BBFAS_CI      CBFAS_CI      DBFAS_CI      AASPFIN
              ________      ________      ________      ________      ________
               65.332        65.546        66.049        65.931        48.677


           Means
              BASPFIN       CASPFIN       DASPFIN
              ________      ________      ________
               48.435        49.163        49.062


           Covariances
              ABFAS_CI      BBFAS_CI      CBFAS_CI      DBFAS_CI      AASPFIN
              ________      ________      ________      ________      ________
 ABFAS_CI     337.280
 BBFAS_CI     284.329       344.116
 CBFAS_CI     249.495       270.356       321.415
 DBFAS_CI     238.139       262.649       241.056       306.111
 AASPFIN       79.615        48.588        32.566        18.521       503.648
 BASPFIN      106.622        74.263        41.634        33.327       448.242
 CASPFIN       78.387        54.979        18.595         5.080       413.510
 DASPFIN       67.166        45.409        22.718         1.529       428.895


           Covariances
              BASPFIN       CASPFIN       DASPFIN
              ________      ________      ________
 BASPFIN      605.368
 CASPFIN      492.308       588.465
 DASPFIN      475.917       450.567       558.295


           Correlations
              ABFAS_CI      BBFAS_CI      CBFAS_CI      DBFAS_CI      AASPFIN
              ________      ________      ________      ________      ________
 ABFAS_CI       1.000
 BBFAS_CI       0.835         1.000
 CBFAS_CI       0.758         0.813         1.000
 DBFAS_CI       0.741         0.809         0.769         1.000
 AASPFIN        0.193         0.117         0.081         0.047         1.000
 BASPFIN        0.236         0.163         0.094         0.077         0.812
 CASPFIN        0.176         0.122         0.043         0.012         0.760
 DASPFIN        0.155         0.104         0.054         0.004         0.809


           Correlations
              BASPFIN       CASPFIN       DASPFIN
              ________      ________      ________
 BASPFIN        1.000
 CASPFIN        0.825         1.000
 DASPFIN        0.819         0.786         1.000


     ESTIMATED SAMPLE STATISTICS FOR D4


           Means
              ABFAS_CI      BBFAS_CI      CBFAS_CI      DBFAS_CI      AASPFIN
              ________      ________      ________      ________      ________
               64.874        64.397        65.430        64.063        46.827


           Means
              BASPFIN       CASPFIN       DASPFIN
              ________      ________      ________
               46.179        47.677        48.505


           Covariances
              ABFAS_CI      BBFAS_CI      CBFAS_CI      DBFAS_CI      AASPFIN
              ________      ________      ________      ________      ________
 ABFAS_CI     320.088
 BBFAS_CI     241.860       276.882
 CBFAS_CI     257.147       259.768       352.258
 DBFAS_CI     213.275       229.287       277.745       306.629
 AASPFIN       58.573        61.274        59.723        41.934       466.032
 BASPFIN       77.188        69.366        33.766        22.345       363.957
 CASPFIN       72.866        73.891        70.127        34.043       316.304
 DASPFIN       81.593        75.166        77.659        57.120       322.377


           Covariances
              BASPFIN       CASPFIN       DASPFIN
              ________      ________      ________
 BASPFIN      477.379
 CASPFIN      344.631       416.512
 DASPFIN      344.725       342.946       441.898


           Correlations
              ABFAS_CI      BBFAS_CI      CBFAS_CI      DBFAS_CI      AASPFIN
              ________      ________      ________      ________      ________
 ABFAS_CI       1.000
 BBFAS_CI       0.812         1.000
 CBFAS_CI       0.766         0.832         1.000
 DBFAS_CI       0.681         0.787         0.845         1.000
 AASPFIN        0.152         0.171         0.147         0.111         1.000
 BASPFIN        0.197         0.191         0.082         0.058         0.772
 CASPFIN        0.200         0.218         0.183         0.095         0.718
 DASPFIN        0.217         0.215         0.197         0.155         0.710


           Correlations
              BASPFIN       CASPFIN       DASPFIN
              ________      ________      ________
 BASPFIN        1.000
 CASPFIN        0.773         1.000
 DASPFIN        0.751         0.799         1.000


     ESTIMATED SAMPLE STATISTICS FOR D5


           Means
              ABFAS_CI      BBFAS_CI      CBFAS_CI      DBFAS_CI      AASPFIN
              ________      ________      ________      ________      ________
               64.620        65.312        65.514        65.283        47.112


           Means
              BASPFIN       CASPFIN       DASPFIN
              ________      ________      ________
               47.285        47.146        47.767


           Covariances
              ABFAS_CI      BBFAS_CI      CBFAS_CI      DBFAS_CI      AASPFIN
              ________      ________      ________      ________      ________
 ABFAS_CI     304.217
 BBFAS_CI     239.945       311.850
 CBFAS_CI     224.049       231.214       277.548
 DBFAS_CI     241.381       259.806       237.808       316.912
 AASPFIN       38.678        15.961        27.943        26.740       395.410
 BASPFIN       52.291        13.287         9.824        12.976       306.122
 CASPFIN       61.312        34.150        24.783        29.568       307.202
 DASPFIN       60.871        -0.190        56.622        41.105       294.443


           Covariances
              BASPFIN       CASPFIN       DASPFIN
              ________      ________      ________
 BASPFIN      421.640
 CASPFIN      341.031       444.432
 DASPFIN      334.706       338.811       432.189


           Correlations
              ABFAS_CI      BBFAS_CI      CBFAS_CI      DBFAS_CI      AASPFIN
              ________      ________      ________      ________      ________
 ABFAS_CI       1.000
 BBFAS_CI       0.779         1.000
 CBFAS_CI       0.771         0.786         1.000
 DBFAS_CI       0.777         0.826         0.802         1.000
 AASPFIN        0.112         0.045         0.084         0.076         1.000
 BASPFIN        0.146         0.037         0.029         0.035         0.750
 CASPFIN        0.167         0.092         0.071         0.079         0.733
 DASPFIN        0.168        -0.001         0.163         0.111         0.712


           Correlations
              BASPFIN       CASPFIN       DASPFIN
              ________      ________      ________
 BASPFIN        1.000
 CASPFIN        0.788         1.000
 DASPFIN        0.784         0.773         1.000


     MAXIMUM LOG-LIKELIHOOD VALUE FOR THE UNRESTRICTED (H1) MODEL IS -21385.376


UNIVARIATE SAMPLE STATISTICS


     UNIVARIATE HIGHER-ORDER MOMENT DESCRIPTIVE STATISTICS FOR D2

         Variable/         Mean/     Skewness/   Minimum/ % with                Percentiles
        Sample Size      Variance    Kurtosis    Maximum  Min/Max      20%/60%    40%/80%    Median

     ABFAS_CI             59.766      -0.230       7.500    0.33%      45.000     55.000     60.000
             300.000     358.296      -0.261     100.000    0.67%      65.000     77.500
     BBFAS_CI             59.170      -0.067       2.500    0.45%      44.444     55.000     60.000
             222.000     302.066      -0.226     100.000    0.45%      62.500     75.000
     CBFAS_CI             58.339      -0.095      17.500    0.93%      45.000     55.000     57.500
             215.000     275.273      -0.351      95.000    0.47%      60.000     75.000
     DBFAS_CI             59.835      -0.120       7.500    0.47%      42.500     55.000     60.000
             212.000     314.654      -0.317      97.500    1.42%      65.000     75.000
     AASPFIN              50.022       0.093       0.000    2.00%      30.000     45.000     50.000
             300.000     542.967      -0.569     100.000    2.33%      55.000     70.000
     BASPFIN              49.510       0.182       0.000    0.90%      30.000     40.000     50.000
             222.000     518.770      -0.686     100.000    2.25%      55.000     70.000
     CASPFIN              49.953       0.245       0.000    0.47%      25.000     40.000     50.000
             215.000     571.161      -0.808     100.000    2.79%      55.000     70.000
     DASPFIN              47.958       0.215       0.000    0.94%      25.000     40.000     45.000
             213.000     612.144      -0.854     100.000    2.82%      55.000     70.000


     UNIVARIATE HIGHER-ORDER MOMENT DESCRIPTIVE STATISTICS FOR D3

         Variable/         Mean/     Skewness/   Minimum/ % with                Percentiles
        Sample Size      Variance    Kurtosis    Maximum  Min/Max      20%/60%    40%/80%    Median

     ABFAS_CI             65.332      -0.404      11.111    0.43%      50.000     62.500     67.500
             233.000     337.280      -0.305     100.000    1.29%      72.500     82.500
     BBFAS_CI             66.093      -0.309      22.500    1.75%      50.000     60.000     66.667
             171.000     330.869      -0.559     100.000    0.58%      72.500     82.500
     CBFAS_CI             66.149      -0.364      17.500    1.24%      52.500     62.500     67.500
             161.000     321.972      -0.224     100.000    1.24%      70.000     82.500
     DBFAS_CI             66.441      -0.006      22.500    0.63%      50.000     62.500     65.000
             159.000     296.093      -0.743     100.000    1.26%      70.000     82.500
     AASPFIN              48.677       0.286       0.000    1.29%      30.000     40.000     45.000
             233.000     503.648      -0.457     100.000    2.58%      50.000     70.000
     BASPFIN              48.493       0.297       0.000    1.18%      25.000     40.000     45.000
             170.000     621.009      -0.678     100.000    4.71%      55.000     70.000
     CASPFIN              48.665       0.321       0.000    0.62%      25.000     40.000     45.000
             161.000     609.552      -0.724     100.000    3.11%      50.000     70.000
     DASPFIN              48.679       0.221       5.000    1.27%      25.000     40.000     45.000
             158.000     581.650      -0.853     100.000    3.80%      55.000     70.000


     UNIVARIATE HIGHER-ORDER MOMENT DESCRIPTIVE STATISTICS FOR D4

         Variable/         Mean/     Skewness/   Minimum/ % with                Percentiles
        Sample Size      Variance    Kurtosis    Maximum  Min/Max      20%/60%    40%/80%    Median

     ABFAS_CI             64.874      -0.297      16.667    0.51%      50.000     60.000     65.000
             198.000     320.088      -0.193     100.000    2.02%      70.000     80.000
     BBFAS_CI             64.204      -0.176      15.000    0.70%      50.000     60.000     65.000
             143.000     279.334      -0.136     100.000    1.40%      67.500     80.000
     CBFAS_CI             65.985      -0.324      10.000    0.76%      47.500     62.500     67.500
             132.000     354.522      -0.038     100.000    2.27%      70.000     82.500
     DBFAS_CI             64.634      -0.160      10.000    0.81%      47.500     57.500     65.000
             123.000     322.529      -0.222      97.500    3.25%      70.000     80.000
     AASPFIN              46.846       0.347       0.000    1.02%      25.000     40.000     45.000
             197.000     466.015      -0.307     100.000    1.52%      50.000     65.000
     BASPFIN              45.902       0.447       5.000    0.72%      25.000     40.000     45.000
             139.000     457.670      -0.142     100.000    2.16%      45.000     60.000
     CASPFIN              48.330       0.228       0.000    1.53%      30.000     40.000     50.000
             131.000     415.926      -0.373     100.000    0.76%      50.000     65.000
     DASPFIN              48.333       0.233       0.000    0.81%      30.000     40.000     45.000
             123.000     439.702      -0.438      95.000    4.07%      55.000     65.000


     UNIVARIATE HIGHER-ORDER MOMENT DESCRIPTIVE STATISTICS FOR D5

         Variable/         Mean/     Skewness/   Minimum/ % with                Percentiles
        Sample Size      Variance    Kurtosis    Maximum  Min/Max      20%/60%    40%/80%    Median

     ABFAS_CI             64.574      -0.382      15.000    0.76%      50.000     60.000     65.000
             131.000     305.581      -0.319      97.500    1.53%      70.000     80.000
     BBFAS_CI             67.283      -0.230      33.333    1.15%      50.000     62.500     67.500
              87.000     294.655      -0.749     100.000    1.15%      72.500     82.500
     CBFAS_CI             66.463      -0.560      17.500    1.22%      52.500     65.000     70.000
              82.000     271.944       0.189      95.000    3.66%      70.000     80.000
     DBFAS_CI             66.955      -0.476      17.500    1.32%      50.000     62.500     70.000
              76.000     300.898      -0.146      95.000    5.26%      72.500     82.500
     AASPFIN              47.112       0.407       0.000    0.76%      30.000     40.000     45.000
             132.000     395.410       0.099     100.000    1.52%      50.000     60.000
     BASPFIN              47.874       0.483      10.000    1.15%      30.000     40.000     45.000
              87.000     418.323      -0.313     100.000    2.30%      50.000     65.000
     CASPFIN              46.768       0.356       5.000    1.22%      25.000     40.000     45.000
              82.000     458.763      -0.244     100.000    2.44%      50.000     65.000
     DASPFIN              48.783       0.545      15.000    1.32%      30.000     40.000     45.000
              76.000     447.943      -0.500     100.000    2.63%      50.000     70.000


THE MODEL ESTIMATION TERMINATED NORMALLY



MODEL FIT INFORMATION

Number of Free Parameters                       96

Loglikelihood

          H0 Value                      -21420.984
          H0 Scaling Correction Factor      0.9957
            for MLR

Information Criteria

          Akaike (AIC)                   43033.968
          Bayesian (BIC)                 43491.079
          Sample-Size Adjusted BIC       43186.207
            (n* = (n + 2) / 24)



MODEL RESULTS

                                                    Two-Tailed
                    Estimate       S.E.  Est./S.E.    P-Value

Group D2

 P1       BY
    ABFAS_CI           1.000      0.000    999.000    999.000

 P2       BY
    BBFAS_CI           1.000      0.000    999.000    999.000

 P3       BY
    CBFAS_CI           1.000      0.000    999.000    999.000

 P4       BY
    DBFAS_CI           1.000      0.000    999.000    999.000

 V1       BY
    AASPFIN            1.000      0.000    999.000    999.000

 V2       BY
    BASPFIN            1.000      0.000    999.000    999.000

 V3       BY
    CASPFIN            1.000      0.000    999.000    999.000

 V4       BY
    DASPFIN            1.000      0.000    999.000    999.000

 P4         ON
    P3                 0.088      0.077      1.135      0.256
    V3                -0.065      0.052     -1.240      0.215

 P3         ON
    P2                 0.088      0.077      1.135      0.256
    V2                -0.065      0.052     -1.240      0.215

 P2         ON
    P1                 0.088      0.077      1.135      0.256
    V1                -0.065      0.052     -1.240      0.215

 V4         ON
    V3                -0.004      0.079     -0.053      0.958
    P3                -0.033      0.098     -0.339      0.734

 V3         ON
    V2                -0.004      0.079     -0.053      0.958
    P2                -0.033      0.098     -0.339      0.734

 V2         ON
    V1                -0.004      0.079     -0.053      0.958
    P1                -0.033      0.098     -0.339      0.734

 S_BFAS_C WITH
    I_BFAS_CI         92.013     81.476      1.129      0.259
    S_ASPFIN           4.011      2.521      1.591      0.112
    I_ASPFIN         141.595     88.945      1.592      0.111

 I_BFAS_C WITH
    S_ASPFIN         140.103     86.690      1.616      0.106
    I_ASPFIN        4977.178   3062.365      1.625      0.104

 S_ASPFIN WITH
    I_ASPFIN         427.037    132.306      3.228      0.001

 P1       WITH
    V1                -0.176     12.279     -0.014      0.989

 P2       WITH
    V2               -11.567      7.530     -1.536      0.125

 P3       WITH
    V3               -11.567      7.530     -1.536      0.125

 P4       WITH
    V4               -11.567      7.530     -1.536      0.125

 Means
    P1                 0.000      0.000    999.000    999.000
    V1                 0.000      0.000    999.000    999.000
    I_BFAS_CI         50.492      9.994      5.052      0.000
    S_BFAS_CI         -0.250      0.287     -0.872      0.383
    I_ASPFIN          32.018     14.144      2.264      0.024
    S_ASPFIN          -0.504      0.402     -1.255      0.209

 Intercepts
    ABFAS_CI           0.000      0.000    999.000    999.000
    BBFAS_CI           0.000      0.000    999.000    999.000
    CBFAS_CI           0.000      0.000    999.000    999.000
    DBFAS_CI           0.000      0.000    999.000    999.000
    AASPFIN            0.000      0.000    999.000    999.000
    BASPFIN            0.000      0.000    999.000    999.000
    CASPFIN            0.000      0.000    999.000    999.000
    DASPFIN            0.000      0.000    999.000    999.000
    P2                 0.000      0.000    999.000    999.000
    P3                 0.000      0.000    999.000    999.000
    P4                 0.000      0.000    999.000    999.000
    V2                 0.000      0.000    999.000    999.000
    V3                 0.000      0.000    999.000    999.000
    V4                 0.000      0.000    999.000    999.000

 Variances
    P1                99.669     21.900      4.551      0.000
    V1               133.831     18.199      7.354      0.000
    I_BFAS_CI       3368.037   2838.384      1.187      0.235
    S_BFAS_CI          2.710      2.346      1.155      0.248
    I_ASPFIN       15618.666   4670.099      3.344      0.001
    S_ASPFIN          11.987      3.756      3.192      0.001

 Residual Variances
    ABFAS_CI           0.000      0.000    999.000    999.000
    BBFAS_CI           0.000      0.000    999.000    999.000
    CBFAS_CI           0.000      0.000    999.000    999.000
    DBFAS_CI           0.000      0.000    999.000    999.000
    AASPFIN            0.000      0.000    999.000    999.000
    BASPFIN            0.000      0.000    999.000    999.000
    CASPFIN            0.000      0.000    999.000    999.000
    DASPFIN            0.000      0.000    999.000    999.000
    P2                70.392      8.550      8.233      0.000
    P3                70.392      8.550      8.233      0.000
    P4                70.392      8.550      8.233      0.000
    V2               121.549     13.034      9.326      0.000
    V3               121.549     13.034      9.326      0.000
    V4               121.549     13.034      9.326      0.000

Group D3

 P1       BY
    ABFAS_CI           1.000      0.000    999.000    999.000

 P2       BY
    BBFAS_CI           1.000      0.000    999.000    999.000

 P3       BY
    CBFAS_CI           1.000      0.000    999.000    999.000

 P4       BY
    DBFAS_CI           1.000      0.000    999.000    999.000

 V1       BY
    AASPFIN            1.000      0.000    999.000    999.000

 V2       BY
    BASPFIN            1.000      0.000    999.000    999.000

 V3       BY
    CASPFIN            1.000      0.000    999.000    999.000

 V4       BY
    DASPFIN            1.000      0.000    999.000    999.000

 P4         ON
    P3                 0.019      0.115      0.164      0.870
    V3                -0.075      0.046     -1.635      0.102

 P3         ON
    P2                 0.019      0.115      0.164      0.870
    V2                -0.075      0.046     -1.635      0.102

 P2         ON
    P1                 0.019      0.115      0.164      0.870
    V1                -0.075      0.046     -1.635      0.102

 V4         ON
    V3                 0.050      0.096      0.516      0.606
    P3                 0.053      0.092      0.572      0.568

 V3         ON
    V2                 0.050      0.096      0.516      0.606
    P2                 0.053      0.092      0.572      0.568

 V2         ON
    V1                 0.050      0.096      0.516      0.606
    P1                 0.053      0.092      0.572      0.568

 S_BFAS_C WITH
    I_BFAS_CI        150.869    135.785      1.111      0.267
    S_ASPFIN          -0.145      0.888     -0.163      0.870
    I_ASPFIN         -26.083     32.577     -0.801      0.423

 I_BFAS_C WITH
    S_ASPFIN         -10.330     29.508     -0.350      0.726
    I_ASPFIN       -1011.188   1088.159     -0.929      0.353

 S_ASPFIN WITH
    I_ASPFIN          41.118     33.081      1.243      0.214

 P1       WITH
    V1                 0.219      9.307      0.023      0.981

 P2       WITH
    V2                -5.308      5.614     -0.946      0.344

 P3       WITH
    V3                -5.308      5.614     -0.946      0.344

 P4       WITH
    V4                -5.308      5.614     -0.946      0.344

 Means
    P1                 0.000      0.000    999.000    999.000
    V1                 0.000      0.000    999.000    999.000
    I_BFAS_CI         73.217     10.592      6.913      0.000
    S_BFAS_CI          0.224      0.314      0.714      0.475
    I_ASPFIN          55.006     12.353      4.453      0.000
    S_ASPFIN           0.183      0.359      0.509      0.611

 Intercepts
    ABFAS_CI           0.000      0.000    999.000    999.000
    BBFAS_CI           0.000      0.000    999.000    999.000
    CBFAS_CI           0.000      0.000    999.000    999.000
    DBFAS_CI           0.000      0.000    999.000    999.000
    AASPFIN            0.000      0.000    999.000    999.000
    BASPFIN            0.000      0.000    999.000    999.000
    CASPFIN            0.000      0.000    999.000    999.000
    DASPFIN            0.000      0.000    999.000    999.000
    P2                 0.000      0.000    999.000    999.000
    P3                 0.000      0.000    999.000    999.000
    P4                 0.000      0.000    999.000    999.000
    V2                 0.000      0.000    999.000    999.000
    V3                 0.000      0.000    999.000    999.000
    V4                 0.000      0.000    999.000    999.000

 Variances
    P1                59.710     17.174      3.477      0.001
    V1               106.631     17.545      6.077      0.000
    I_BFAS_CI       5109.768   4521.232      1.130      0.258
    S_BFAS_CI          4.683      4.083      1.147      0.251
    I_ASPFIN        2107.791   1220.039      1.728      0.084
    S_ASPFIN           0.971      0.922      1.053      0.292

 Residual Variances
    ABFAS_CI           0.000      0.000    999.000    999.000
    BBFAS_CI           0.000      0.000    999.000    999.000
    CBFAS_CI           0.000      0.000    999.000    999.000
    DBFAS_CI           0.000      0.000    999.000    999.000
    AASPFIN            0.000      0.000    999.000    999.000
    BASPFIN            0.000      0.000    999.000    999.000
    CASPFIN            0.000      0.000    999.000    999.000
    DASPFIN            0.000      0.000    999.000    999.000
    P2                62.540      7.736      8.085      0.000
    P3                62.540      7.736      8.085      0.000
    P4                62.540      7.736      8.085      0.000
    V2               115.965     15.841      7.321      0.000
    V3               115.965     15.841      7.321      0.000
    V4               115.965     15.841      7.321      0.000

Group D4

 P1       BY
    ABFAS_CI           1.000      0.000    999.000    999.000

 P2       BY
    BBFAS_CI           1.000      0.000    999.000    999.000

 P3       BY
    CBFAS_CI           1.000      0.000    999.000    999.000

 P4       BY
    DBFAS_CI           1.000      0.000    999.000    999.000

 V1       BY
    AASPFIN            1.000      0.000    999.000    999.000

 V2       BY
    BASPFIN            1.000      0.000    999.000    999.000

 V3       BY
    CASPFIN            1.000      0.000    999.000    999.000

 V4       BY
    DASPFIN            1.000      0.000    999.000    999.000

 P4         ON
    P3                -0.032      0.067     -0.482      0.630
    V3                -0.084      0.057     -1.483      0.138

 P3         ON
    P2                -0.032      0.067     -0.482      0.630
    V2                -0.084      0.057     -1.483      0.138

 P2         ON
    P1                -0.032      0.067     -0.482      0.630
    V1                -0.084      0.057     -1.483      0.138

 V4         ON
    V3                 0.110      0.121      0.905      0.366
    P3                 0.184      0.105      1.744      0.081

 V3         ON
    V2                 0.110      0.121      0.905      0.366
    P2                 0.184      0.105      1.744      0.081

 V2         ON
    V1                 0.110      0.121      0.905      0.366
    P1                 0.184      0.105      1.744      0.081

 S_BFAS_C WITH
    I_BFAS_CI        348.531    102.109      3.413      0.001
    S_ASPFIN           0.955      2.622      0.364      0.716
    I_ASPFIN          20.052     83.314      0.241      0.810

 I_BFAS_C WITH
    S_ASPFIN          32.452     85.231      0.381      0.703
    I_ASPFIN         757.551   2713.254      0.279      0.780

 S_ASPFIN WITH
    I_ASPFIN         148.909    167.686      0.888      0.375

 P1       WITH
    V1               -22.101     11.526     -1.918      0.055

 P2       WITH
    V2                12.630      4.744      2.663      0.008

 P3       WITH
    V3                12.630      4.744      2.663      0.008

 P4       WITH
    V4                12.630      4.744      2.663      0.008

 Means
    P1                 0.000      0.000    999.000    999.000
    V1                 0.000      0.000    999.000    999.000
    I_BFAS_CI         58.290     12.567      4.638      0.000
    S_BFAS_CI         -0.197      0.380     -0.520      0.603
    I_ASPFIN          66.244     14.630      4.528      0.000
    S_ASPFIN           0.581      0.444      1.309      0.191

 Intercepts
    ABFAS_CI           0.000      0.000    999.000    999.000
    BBFAS_CI           0.000      0.000    999.000    999.000
    CBFAS_CI           0.000      0.000    999.000    999.000
    DBFAS_CI           0.000      0.000    999.000    999.000
    AASPFIN            0.000      0.000    999.000    999.000
    BASPFIN            0.000      0.000    999.000    999.000
    CASPFIN            0.000      0.000    999.000    999.000
    DASPFIN            0.000      0.000    999.000    999.000
    P2                 0.000      0.000    999.000    999.000
    P3                 0.000      0.000    999.000    999.000
    P4                 0.000      0.000    999.000    999.000
    V2                 0.000      0.000    999.000    999.000
    V3                 0.000      0.000    999.000    999.000
    V4                 0.000      0.000    999.000    999.000

 Variances
    P1                58.919      9.936      5.930      0.000
    V1               119.371     27.543      4.334      0.000
    I_BFAS_CI      11698.369   3303.640      3.541      0.000
    S_BFAS_CI         10.612      3.162      3.356      0.001
    I_ASPFIN        5075.606   5449.226      0.931      0.352
    S_ASPFIN           4.674      5.175      0.903      0.366

 Residual Variances
    ABFAS_CI           0.000      0.000    999.000    999.000
    BBFAS_CI           0.000      0.000    999.000    999.000
    CBFAS_CI           0.000      0.000    999.000    999.000
    DBFAS_CI           0.000      0.000    999.000    999.000
    AASPFIN            0.000      0.000    999.000    999.000
    BASPFIN            0.000      0.000    999.000    999.000
    CASPFIN            0.000      0.000    999.000    999.000
    DASPFIN            0.000      0.000    999.000    999.000
    P2                44.463      4.360     10.198      0.000
    P3                44.463      4.360     10.198      0.000
    P4                44.463      4.360     10.198      0.000
    V2               103.732     16.586      6.254      0.000
    V3               103.732     16.586      6.254      0.000
    V4               103.732     16.586      6.254      0.000

Group D5

 P1       BY
    ABFAS_CI           1.000      0.000    999.000    999.000

 P2       BY
    BBFAS_CI           1.000      0.000    999.000    999.000

 P3       BY
    CBFAS_CI           1.000      0.000    999.000    999.000

 P4       BY
    DBFAS_CI           1.000      0.000    999.000    999.000

 V1       BY
    AASPFIN            1.000      0.000    999.000    999.000

 V2       BY
    BASPFIN            1.000      0.000    999.000    999.000

 V3       BY
    CASPFIN            1.000      0.000    999.000    999.000

 V4       BY
    DASPFIN            1.000      0.000    999.000    999.000

 P4         ON
    P3                -0.119      0.146     -0.818      0.413
    V3                -0.039      0.092     -0.420      0.674

 P3         ON
    P2                -0.119      0.146     -0.818      0.413
    V2                -0.039      0.092     -0.420      0.674

 P2         ON
    P1                -0.119      0.146     -0.818      0.413
    V1                -0.039      0.092     -0.420      0.674

 V4         ON
    V3                -0.002      0.118     -0.021      0.984
    P3                 0.273      0.114      2.389      0.017

 V3         ON
    V2                -0.002      0.118     -0.021      0.984
    P2                 0.273      0.114      2.389      0.017

 V2         ON
    V1                -0.002      0.118     -0.021      0.984
    P1                 0.273      0.114      2.389      0.017

 S_BFAS_C WITH
    I_BFAS_CI         77.466     82.479      0.939      0.348
    S_ASPFIN           1.492      2.584      0.577      0.564
    I_ASPFIN          41.924     84.049      0.499      0.618

 I_BFAS_C WITH
    S_ASPFIN          48.974     81.126      0.604      0.546
    I_ASPFIN        1415.230   2638.413      0.536      0.592

 S_ASPFIN WITH
    I_ASPFIN         140.954    114.761      1.228      0.219

 P1       WITH
    V1               -15.449     12.025     -1.285      0.199

 P2       WITH
    V2                 4.104      9.691      0.423      0.672

 P3       WITH
    V3                 4.104      9.691      0.423      0.672

 P4       WITH
    V4                 4.104      9.691      0.423      0.672

 Means
    P1                 0.000      0.000    999.000    999.000
    V1                 0.000      0.000    999.000    999.000
    I_BFAS_CI         71.695     12.880      5.566      0.000
    S_BFAS_CI          0.207      0.399      0.519      0.603
    I_ASPFIN          56.033     16.456      3.405      0.001
    S_ASPFIN           0.274      0.510      0.537      0.591

 Intercepts
    ABFAS_CI           0.000      0.000    999.000    999.000
    BBFAS_CI           0.000      0.000    999.000    999.000
    CBFAS_CI           0.000      0.000    999.000    999.000
    DBFAS_CI           0.000      0.000    999.000    999.000
    AASPFIN            0.000      0.000    999.000    999.000
    BASPFIN            0.000      0.000    999.000    999.000
    CASPFIN            0.000      0.000    999.000    999.000
    DASPFIN            0.000      0.000    999.000    999.000
    P2                 0.000      0.000    999.000    999.000
    P3                 0.000      0.000    999.000    999.000
    P4                 0.000      0.000    999.000    999.000
    V2                 0.000      0.000    999.000    999.000
    V3                 0.000      0.000    999.000    999.000
    V4                 0.000      0.000    999.000    999.000

 Variances
    P1                65.219     18.876      3.455      0.001
    V1               104.783     21.660      4.838      0.000
    I_BFAS_CI       2723.588   2597.899      1.048      0.294
    S_BFAS_CI          2.418      2.634      0.918      0.359
    I_ASPFIN        5049.086   3750.051      1.346      0.178
    S_ASPFIN           4.185      3.527      1.187      0.235

 Residual Variances
    ABFAS_CI           0.000      0.000    999.000    999.000
    BBFAS_CI           0.000      0.000    999.000    999.000
    CBFAS_CI           0.000      0.000    999.000    999.000
    DBFAS_CI           0.000      0.000    999.000    999.000
    AASPFIN            0.000      0.000    999.000    999.000
    BASPFIN            0.000      0.000    999.000    999.000
    CASPFIN            0.000      0.000    999.000    999.000
    DASPFIN            0.000      0.000    999.000    999.000
    P2                52.406     14.671      3.572      0.000
    P3                52.406     14.671      3.572      0.000
    P4                52.406     14.671      3.572      0.000
    V2                87.117     13.271      6.564      0.000
    V3                87.117     13.271      6.564      0.000
    V4                87.117     13.271      6.564      0.000


QUALITY OF NUMERICAL RESULTS

     Condition Number for the Information Matrix              0.296E-08
       (ratio of smallest to largest eigenvalue)


     Beginning Time:  18:34:32
        Ending Time:  18:34:52
       Elapsed Time:  00:00:20



MUTHEN & MUTHEN
3463 Stoner Ave.
Los Angeles, CA  90066

Tel: (310) 391-9971
Fax: (310) 391-8971
Web: www.StatModel.com
Support: Support@StatModel.com

Copyright (c) 1998-2017 Muthen & Muthen
