Mplus VERSION 6.12
MUTHEN & MUTHEN
03/21/2016  11:46 AM

INPUT INSTRUCTIONS


  title: PxVx Univariate - Col Lin BFI_C with Lin USI;
  data: file = E:\Projects\lnt_pxvx\Data\LT_227.txt;



  variable:
  names =
  subjid
  Sample
  aGENDER
  aAGE
  aethnic1
  aethnic2
  aedu_mom
  aedu_dad
  aEDUCATN
  bEDUCATN
  cEDUCATN
  aEMPLOYD
  bEMPLOYD
  cEMPLOYD
  dEMPLOYD
  aINCOME
  bINCOME
  cINCOME
  dINCOME
  aS_SCALE
  bS_SCALE
  cS_SCALE
  dS_SCALE
  aD_SCALE
  bD_SCALE
  cD_SCALE
  dD_SCALE
  aS_COMP
  bS_COMP
  cS_COMP
  dS_COMP
  aD_COMP
  bD_COMP
  cD_COMP
  dD_COMP
  aBFI_A
  aBFI_A6
  aBFI_C
  aBFI_E
  aBFI_HP
  aBFI_N
  aBFI_O
  bBFI_A
  bBFI_A6
  bBFI_C
  bBFI_E
  bBFI_HP
  bBFI_N
  bBFI_O
  cBFI_A
  cBFI_A6
  cBFI_C
  cBFI_E
  cBFI_HP
  cBFI_N
  cBFI_O
  dBFI_A
  dBFI_A6
  dBFI_C
  dBFI_E
  dBFI_HP
  dBFI_N
  dBFI_O
  aBFA_AC
  aBFA_AP
  aBFA_CI
  aBFA_CO
  aBFA_EA
  aBFA_EE
  aBFA_N9
  aBFA_NV
  aBFA_NW
  aBFA_OI
  aBFA_OO
  aBFA_PS
  aBFA_MT
  bBFA_AC
  bBFA_AP
  bBFA_CI
  bBFA_CO
  bBFA_EA
  bBFA_EE
  bBFA_N9
  bBFA_NV
  bBFA_NW
  bBFA_OI
  bBFA_OO
  bBFA_MT
  bBFA_PS
  cBFA_AC
  cBFA_AP
  cBFA_CI
  cBFA_CO
  cBFA_EA
  cBFA_EE
  cBFA_N9
  cBFA_NV
  cBFA_NW
  cBFA_OI
  cBFA_OO
  cBFA_MT
  cBFA_PS
  dBFA_AC
  dBFA_AP
  dBFA_CI
  dBFA_CO
  dBFA_EA
  dBFA_EE
  dBFA_N9
  dBFA_NV
  dBFA_NW
  dBFA_OI
  dBFA_OO
  dBFA_MT
  dBFA_PS
  aUSI
  bUSI
  cUSI
  dUSI
  aHRZ_IND
  bHRZ_IND
  cHRZ_IND
  dHRZ_IND
  aVRT_IND
  bVRT_IND
  cVRT_IND
  dVRT_IND
  aHRZ_COL
  bHRZ_COL
  cHRZ_COL
  dHRZ_COL
  aVRT_COL
  bVRT_COL
  cVRT_COL
  dVRT_COL
  aCOLLCTV
  bCOLLCTV
  cCOLLCTV
  dCOLLCTV
  aMVS
  bMVS
  cMVS
  dMVS
  aST
  bST
  cST
  dST
  aSD
  bSD
  cSD
  dSD
  aMVS_mc
  bMVS_mc
  cMVS_mc
  dMVS_mc
  aST_mc
  bST_mc
  cST_mc
  dST_mc
  aSD_mc
  bSD_mc
  cSD_mc
  dSD_mc
  bMEANING
  cMEANING
  dMEANING
  bMEAN_L
  cMEAN_L
  dMEAN_L
  bMEANNGc
  cMEANNGc
  dMEANNGc
  bMEANGlc
  cMEANGlc
  dMEANGlc
  bCLASSIC
  cCLASSIC
  dCLASSIC
  bCLASSCc
  cCLASSCc
  dCLASSCc
  bAGR_VAL
  cAGR_VAL
  dAGR_VAL
  bOPN_VAL
  cOPN_VAL
  dOPN_VAL
  bAGR_VLc
  cAGR_VLc
  dAGR_VLc
  bOPNVALc
  cOPNVALc
  dOPNVALc
  aMV_pomp
  bMV_pomp
  cMV_pomp
  dMV_pomp
  aST_pomp
  bST_pomp
  cST_pomp
  dST_pomp
  aSD_pomp
  bSD_pomp
  cSD_pomp
  dSD_pomp
  agoal_ec
  bgoal_ec
  cgoal_ec
  dgoal_ec
  aAspfinc
  bAspfinc
  cAspfinc
  dAspfinc
  abfi_hp8
  bbfi_hp8
  cbfi_hp8
  dbfi_hp8
  aP_S_BFI
  aP_D_BFI
  aECgoalc
  bECgoalC
  cECgoalC
  dECgoalC
  aaspfin
  baspfin
  caspfin
  daspfin
  aMVI_POMP
  bMVI_POMP
  cMVI_POMP
  dMVI_POMP;

  USEVARIABLES =
  aBFI_C
  bBFI_C
  cBFI_C
  dBFI_C
  aUSI
  bUSI
  cUSI
  dUSI
  bage_c
  cage_c
  dage_c
  ;

  missing = all (-9999);

  USEOBSERVATIONS are Sample == 2; ! College Sample

  tscores = bage_c cage_c dage_c;

  DEFINE:
  bage_c = aAGE + 1 - 20.5;
  cage_c = aAGE + 2 - 20.5;
  dage_c = aAGE + 3 - 20.5;

  ANALYSIS:
  TYPE=RANDOM;
  PROCESSORS = 8;

  MODEL:

  i_BFI_C s_BFI_C | bBFI_C cBFI_C dBFI_C AT bage_c cage_c dage_c;
  i_USI s_USI | bUSI cUSI dUSI AT bage_c cage_c dage_c;


  !After Bollen and Curran initial observation is not part of LGM

  dBFI_C on cBFI_C (a); ! Autoregressive paths constrained to equality
  cBFI_C on bBFI_C (a);
  bBFI_C on aBFI_C (a);

  dUSI on cUSI (b); ! Autoregressive paths constrained to equality
  cUSI on bUSI (b);
  bUSI on aUSI (b);

  bBFI_C cBFI_C dBFI_C (c); !Equality constraint on residuals
  bUSI cUSI dUSI (d); !Equality constraint on residuals

  dUSI on cBFI_C (x); ! Cross-lagged paths constrained to equality
  cUSI on bBFI_C (x);
  bUSI on aBFI_C (x);

  dBFI_C on cUSI (y); ! Cross-lagged paths constrained to equality
  cBFI_C on bUSI (y);
  bBFI_C on aUSI (y);

  dUSI with dBFI_C (w); ! within-wave correlations constrained to equality
  cUSI with cBFI_C (w);
  bUSI with bBFI_C (w);

  aBFI_C aUSI i_BFI_C i_USI
  s_BFI_C
  s_USI
  with
  s_BFI_C
  s_USI
  aBFI_C aUSI i_BFI_C i_USI;



  OUTPUT: SAMPSTAT PATTERNS;



*** WARNING
  Variable name contains more than 8 characters.
  Only the first 8 characters will be printed in the output.
  Variable: AMVI_POMP
*** WARNING
  Variable name contains more than 8 characters.
  Only the first 8 characters will be printed in the output.
  Variable: BMVI_POMP
*** WARNING
  Variable name contains more than 8 characters.
  Only the first 8 characters will be printed in the output.
  Variable: CMVI_POMP
*** WARNING
  Variable name contains more than 8 characters.
  Only the first 8 characters will be printed in the output.
  Variable: DMVI_POMP
*** WARNING
  Data set contains cases with missing on all variables.
  These cases were not included in the analysis.
  Number of cases with missing on all variables:  1
*** WARNING
  Data set contains cases with missing on time scores but non-missing on the
  corresponding dependent variables.  These cases were not included in the analysis.
  Number of such cases:  2
   6 WARNING(S) FOUND IN THE INPUT INSTRUCTIONS



PxVx Univariate - Col Lin BFI_C with Lin USI;

SUMMARY OF ANALYSIS

Number of groups                                                 1
Number of observations                                         277

Number of dependent variables                                    6
Number of independent variables                                  2
Number of continuous latent variables                            4

Observed dependent variables

  Continuous
   BBFI_C      CBFI_C      DBFI_C      BUSI        CUSI        DUSI

Observed independent variables
   ABFI_C      AUSI

Continuous latent variables
   I_BFI_C     S_BFI_C     I_USI       S_USI

Variables with special functions

  Time scores
   BAGE_C      CAGE_C      DAGE_C


Estimator                                                      MLR
Information matrix                                        OBSERVED
Maximum number of iterations                                   100
Convergence criterion                                    0.100D-05
Maximum number of EM iterations                                500
Convergence criteria for the EM algorithm
  Loglikelihood change                                   0.100D-02
  Relative loglikelihood change                          0.100D-05
  Derivative                                             0.100D-03
Minimum variance                                         0.100D-03
Maximum number of steepest descent iterations                   20
Maximum number of iterations for H1                           2000
Convergence criterion for H1                             0.100D-03
Optimization algorithm                                         EMA

Input data file(s)
  E:\Projects\lnt_pxvx\Data\LT_227.txt
Input data format  FREE


SUMMARY OF DATA

     Number of missing data patterns            15


SUMMARY OF MISSING DATA PATTERNS


     MISSING DATA PATTERNS (x = not missing)

           1  2  3  4  5  6  7  8  9 10 11 12 13 14 15
 BBFI_C    x  x     x        x  x     x  x        x  x
 CBFI_C    x  x  x                 x  x     x        x
 DBFI_C    x     x        x  x  x  x  x  x           x
 BUSI      x  x     x           x     x  x
 CUSI      x  x  x                 x  x     x        x
 DUSI      x              x     x  x                 x
 ABFI_C    x  x  x  x  x  x  x  x  x  x  x  x  x  x  x
 AUSI      x  x  x  x  x  x  x  x  x  x  x  x     x  x


     MISSING DATA PATTERN FREQUENCIES

    Pattern   Frequency     Pattern   Frequency     Pattern   Frequency
          1         138           6          11          11           1
          2          10           7           1          12           4
          3           2           8          16          13           2
          4          26           9           9          14           2
          5          52          10           2          15           1


COVARIANCE COVERAGE OF DATA

Minimum covariance coverage value   0.100


     PROPORTION OF DATA PRESENT


           Covariance Coverage
              BBFI_C        CBFI_C        DBFI_C        BUSI          CUSI
              ________      ________      ________      ________      ________
 BBFI_C         0.711
 CBFI_C         0.545         0.599
 DBFI_C         0.574         0.549         0.653
 BUSI           0.697         0.542         0.567         0.697
 CUSI           0.545         0.599         0.549         0.542         0.599
 DUSI           0.560         0.534         0.632         0.556         0.534
 ABFI_C         0.711         0.599         0.653         0.697         0.599
 AUSI           0.711         0.599         0.653         0.697         0.599


           Covariance Coverage
              DUSI          ABFI_C        AUSI
              ________      ________      ________
 DUSI           0.632
 ABFI_C         0.632         1.000
 AUSI           0.632         0.993         0.993


SAMPLE STATISTICS


     ESTIMATED SAMPLE STATISTICS


           Means
              BBFI_C        CBFI_C        DBFI_C        BUSI          CUSI
              ________      ________      ________      ________      ________
 1             66.286        65.748        67.418        31.621        30.372


           Means
              DUSI          ABFI_C        AUSI
              ________      ________      ________
 1             30.042        65.099        33.043


           Covariances
              BBFI_C        CBFI_C        DBFI_C        BUSI          CUSI
              ________      ________      ________      ________      ________
 BBFI_C       254.470
 CBFI_C       207.248       267.846
 DBFI_C       200.170       216.671       261.375
 BUSI         -34.970       -40.929       -28.325       243.916
 CUSI         -17.310       -20.286       -11.039       182.828       252.802
 DUSI         -19.401       -24.772       -18.761       169.675       191.998
 ABFI_C       190.023       180.635       180.509       -22.439       -20.460
 AUSI         -26.225       -23.297        -8.378       181.081       178.114


           Covariances
              DUSI          ABFI_C        AUSI
              ________      ________      ________
 DUSI         277.707
 ABFI_C       -22.724       251.817
 AUSI         174.626       -11.289       249.436


           Correlations
              BBFI_C        CBFI_C        DBFI_C        BUSI          CUSI
              ________      ________      ________      ________      ________
 BBFI_C         1.000
 CBFI_C         0.794         1.000
 DBFI_C         0.776         0.819         1.000
 BUSI          -0.140        -0.160        -0.112         1.000
 CUSI          -0.068        -0.078        -0.043         0.736         1.000
 DUSI          -0.073        -0.091        -0.070         0.652         0.725
 ABFI_C         0.751         0.696         0.704        -0.091        -0.081
 AUSI          -0.104        -0.090        -0.033         0.734         0.709


           Correlations
              DUSI          ABFI_C        AUSI
              ________      ________      ________
 DUSI           1.000
 ABFI_C        -0.086         1.000
 AUSI           0.663        -0.045         1.000


     MAXIMUM LOG-LIKELIHOOD VALUE FOR THE UNRESTRICTED (H1) MODEL IS -6327.455


THE MODEL ESTIMATION TERMINATED NORMALLY



MODEL FIT INFORMATION

Number of Free Parameters                       34

Loglikelihood

          H0 Value                       -6330.401
          H0 Scaling Correction Factor       1.091
            for MLR

Information Criteria

          Akaike (AIC)                   12728.803
          Bayesian (BIC)                 12852.019
          Sample-Size Adjusted BIC       12744.210
            (n* = (n + 2) / 24)



MODEL RESULTS

                                                    Two-Tailed
                    Estimate       S.E.  Est./S.E.    P-Value

 DBFI_C     ON
    CBFI_C             0.116      0.111      1.040      0.298
    CUSI              -0.001      0.077     -0.010      0.992

 CBFI_C     ON
    BBFI_C             0.116      0.111      1.040      0.298
    BUSI              -0.001      0.077     -0.010      0.992

 BBFI_C     ON
    ABFI_C             0.116      0.111      1.040      0.298
    AUSI              -0.001      0.077     -0.010      0.992

 DUSI       ON
    CUSI               0.226      0.089      2.554      0.011
    CBFI_C             0.025      0.094      0.269      0.788

 CUSI       ON
    BUSI               0.226      0.089      2.554      0.011
    BBFI_C             0.025      0.094      0.269      0.788

 BUSI       ON
    AUSI               0.226      0.089      2.554      0.011
    ABFI_C             0.025      0.094      0.269      0.788

 S_BFI_C  WITH
    I_BFI_C           -8.950      7.057     -1.268      0.205

 I_USI    WITH
    I_BFI_C          -37.741     36.815     -1.025      0.305
    S_BFI_C            3.806      6.755      0.563      0.573

 S_USI    WITH
    I_BFI_C            7.728      7.761      0.996      0.319
    S_BFI_C           -1.714      2.388     -0.718      0.473
    I_USI             -6.223      9.335     -0.667      0.505

 ABFI_C   WITH
    I_BFI_C          154.840     42.262      3.664      0.000
    S_BFI_C            2.777      8.566      0.324      0.746
    I_USI            -26.664     32.394     -0.823      0.410
    S_USI              1.704      7.019      0.243      0.808

 AUSI     WITH
    I_BFI_C          -35.992     28.691     -1.254      0.210
    S_BFI_C            9.624      6.811      1.413      0.158
    I_USI            122.315     26.629      4.593      0.000
    S_USI              5.487      7.299      0.752      0.452

 DUSI     WITH
    DBFI_C             2.007      5.925      0.339      0.735

 CUSI     WITH
    CBFI_C             2.007      5.925      0.339      0.735

 BUSI     WITH
    BBFI_C             2.007      5.925      0.339      0.735

 AUSI     WITH
    ABFI_C           -11.289     15.946     -0.708      0.479

 Means
    ABFI_C            65.099      0.954     68.255      0.000
    AUSI              33.045      0.952     34.722      0.000
    I_BFI_C           58.038      5.840      9.938      0.000
    S_BFI_C            0.495      0.414      1.197      0.231
    I_USI             22.713      4.669      4.864      0.000
    S_USI             -0.414      0.491     -0.844      0.399

 Intercepts
    BBFI_C             0.000      0.000    999.000    999.000
    CBFI_C             0.000      0.000    999.000    999.000
    DBFI_C             0.000      0.000    999.000    999.000
    BUSI               0.000      0.000    999.000    999.000
    CUSI               0.000      0.000    999.000    999.000
    DUSI               0.000      0.000    999.000    999.000

 Variances
    ABFI_C           251.817     20.318     12.394      0.000
    AUSI             249.436     16.968     14.701      0.000
    I_BFI_C          174.157     46.543      3.742      0.000
    S_BFI_C            5.209      2.962      1.759      0.079
    I_USI            112.444     38.632      2.911      0.004
    S_USI              3.641      3.635      1.002      0.317

 Residual Variances
    BBFI_C            52.102      7.086      7.353      0.000
    CBFI_C            52.102      7.086      7.353      0.000
    DBFI_C            52.102      7.086      7.353      0.000
    BUSI              83.083     10.816      7.682      0.000
    CUSI              83.083     10.816      7.682      0.000
    DUSI              83.083     10.816      7.682      0.000


QUALITY OF NUMERICAL RESULTS

     Condition Number for the Information Matrix              0.436E-06
       (ratio of smallest to largest eigenvalue)


     Beginning Time:  11:46:58
        Ending Time:  11:47:05
       Elapsed Time:  00:00:07



MUTHEN & MUTHEN
3463 Stoner Ave.
Los Angeles, CA  90066

Tel: (310) 391-9971
Fax: (310) 391-8971
Web: www.StatModel.com
Support: Support@StatModel.com

Copyright (c) 1998-2011 Muthen & Muthen
