Mplus VERSION 8 (Linux)
MUTHEN & MUTHEN
07/08/2018  12:25 PM

INPUT INSTRUCTIONS


  title: PxVx Bivariate LCM-SR - decadegroup - Linear bfas_nw with Linear bfa_mt_d;
  data: file = /home/jflournoy/code_new/lnt_pxvx/Data/lnt_nat_recalc.tsv;

  variable:
  names =
  subjid
  aage
  aaspfin
  aaspfin_d
  abfa_mt
  abfa_mt_d
  abfas_ac
  abfas_ap
  abfas_ci
  abfas_co
  abfas_ea
  abfas_ee
  abfas_nv
  abfas_nv9
  abfas_nw
  abfas_oi
  abfas_oo
  abfi_a
  abfi_a6
  abfi_c
  abfi_d_scale
  abfi_e
  abfi_hp8
  abfi_n
  abfi_o
  abfi_s_scale
  ahrz_col
  ahrz_col_d
  ahrz_ind
  ahrz_ind_d
  amvi
  ausi
  ausi_d
  avrt_col
  avrt_col_d
  avrt_ind
  avrt_ind_d
  bage
  baspfin
  baspfin_d
  bbfa_mt
  bbfa_mt_d
  bbfas_ac
  bbfas_ap
  bbfas_ci
  bbfas_co
  bbfas_ea
  bbfas_ee
  bbfas_nv
  bbfas_nv9
  bbfas_nw
  bbfas_oi
  bbfas_oo
  bbfi_a
  bbfi_a6
  bbfi_c
  bbfi_d_scale
  bbfi_e
  bbfi_hp8
  bbfi_n
  bbfi_o
  bbfi_s_scale
  bhrz_col
  bhrz_col_d
  bhrz_ind
  bhrz_ind_d
  bmvi
  busi
  busi_d
  bvrt_col
  bvrt_col_d
  bvrt_ind
  bvrt_ind_d
  cage
  caspfin
  caspfin_d
  cbfa_mt
  cbfa_mt_d
  cbfas_ac
  cbfas_ap
  cbfas_ci
  cbfas_co
  cbfas_ea
  cbfas_ee
  cbfas_nv
  cbfas_nv9
  cbfas_nw
  cbfas_oi
  cbfas_oo
  cbfi_a
  cbfi_a6
  cbfi_c
  cbfi_d_scale
  cbfi_e
  cbfi_hp8
  cbfi_n
  cbfi_o
  cbfi_s_scale
  chrz_col
  chrz_col_d
  chrz_ind
  chrz_ind_d
  cmvi
  cusi
  cusi_d
  cvrt_col
  cvrt_col_d
  cvrt_ind
  cvrt_ind_d
  dage
  daspfin
  daspfin_d
  dbfa_mt
  dbfa_mt_d
  dbfas_ac
  dbfas_ap
  dbfas_ci
  dbfas_co
  dbfas_ea
  dbfas_ee
  dbfas_nv
  dbfas_nv9
  dbfas_nw
  dbfas_oi
  dbfas_oo
  dbfi_a
  dbfi_a6
  dbfi_c
  dbfi_d_scale
  dbfi_e
  dbfi_hp8
  dbfi_n
  dbfi_o
  dbfi_s_scale
  dhrz_col
  dhrz_col_d
  dhrz_ind
  dhrz_ind_d
  dmvi
  dusi
  dusi_d
  dvrt_col
  dvrt_col_d
  dvrt_ind
  dvrt_ind_d;

  USEVARIABLES =
  abfas_nw
  bbfas_nw
  cbfas_nw
  dbfas_nw
  abfa_mt_d
  bbfa_mt_d
  cbfa_mt_d
  dbfa_mt_d
  a1
  a2
  a3
  a4
  aagegrp
  ;

  missing = all (-9999);

  tscores = a1 a2 a3 a4;

  grouping = aagegrp (0=d2, 1=d3, 2=d4, 3=d5);

  DEFINE:

  aagegrp = aage;

  cut aagegrp (29 39 49);

  a1 = aage + 0 - 36;
  a2 = aage + 1 - 36;
  a3 = aage + 2 - 36;
  a4 = aage + 3 - 36;

  ANALYSIS:
  TYPE=RANDOM;
  PROCESSORS = 6;
  model=nocovariances; ! supresses default estimation of certain covs in model;

  MODEL:

  i_bfas_nw s_bfas_nw | abfas_nw bbfas_nw cbfas_nw dbfas_nw AT a1 a2 a3 a4;
  i_bfa_mt_d s_bfa_mt_d | abfa_mt_d bbfa_mt_d cbfa_mt_d dbfa_mt_d AT a1 a2 a3 a4;

  ! freeing factor covs because of "nocovariances"
  s_bfas_nw WITH i_bfas_nw s_bfa_mt_d i_bfa_mt_d;
  i_bfas_nw WITH s_bfa_mt_d i_bfa_mt_d;
  s_bfa_mt_d WITH i_bfa_mt_d;

  p1 BY abfas_nw@1; ! Residual "factors";
  p2 BY bbfas_nw@1;
  p3 BY cbfas_nw@1;
  p4 BY dbfas_nw@1;

  v1 BY abfa_mt_d@1; ! Residual "factors";
  v2 BY bbfa_mt_d@1;
  v3 BY cbfa_mt_d@1;
  v4 BY dbfa_mt_d@1;

  !residual variances on observed/manifest vars set to 0
  abfas_nw@0;
  bbfas_nw@0;
  cbfas_nw@0;
  dbfas_nw@0;

  !residual variances on observed/manifest vars set to 0
  abfa_mt_d@0;
  bbfa_mt_d@0;
  cbfa_mt_d@0;
  dbfa_mt_d@0;

  ! means of observed/manifest vars set to 0
  [abfas_nw@0];
  [bbfas_nw@0];
  [cbfas_nw@0];
  [dbfas_nw@0];

  ! means of observed/manifest vars set to 0
  [abfa_mt_d@0];
  [bbfa_mt_d@0];
  [cbfa_mt_d@0];
  [dbfa_mt_d@0];

  [p1@0]; ! means of residual "factors" set to 0
  [p2@0];
  [p3@0];
  [p4@0];

  [v1@0]; ! means of residual "factors" set to 0
  [v2@0];
  [v3@0];
  [v4@0];

  p4 on p3 (a); ! Autoregressive paths constrained to equality
  p3 on p2 (a);
  p2 on p1 (a);

  v4 on v3 (b); ! Autoregressive paths constrained to equality
  v3 on v2 (b);
  v2 on v1 (b);

  p4 on v3 (c); ! Cross-lagged paths constrained to equality
  p3 on v2 (c);
  p2 on v1 (c);

  v4 on p3 (d); ! Cross-lagged paths constrained to equality
  v3 on p2 (d);
  v2 on p1 (d);

  p1 with v1; !(this one is not like the others)

  p2 with v2 (e); ! Within-wave correlations constrained to equality
  p3 with v3 (e);
  p4 with v4 (e);

  p2 p3 p4 (f); ! estimate variances of residual "factors"
  v2 v3 v4 (g); ! estimate variances of residual "factors"

  MODEL d2:

  p4 on p3 (a2); ! Autoregressive paths constrained to equality
  p3 on p2 (a2);
  p2 on p1 (a2);

  v4 on v3 (b2); ! Autoregressive paths constrained to equality
  v3 on v2 (b2);
  v2 on v1 (b2);

  p4 on v3 (c2); ! Cross-lagged paths constrained to equality
  p3 on v2 (c2);
  p2 on v1 (c2);

  v4 on p3 (d2); ! Cross-lagged paths constrained to equality
  v3 on p2 (d2);
  v2 on p1 (d2);

  p1 with v1; !(this one is not like the others)

  p2 with v2 (e2); ! Within-wave correlations constrained to equality
  p3 with v3 (e2);
  p4 with v4 (e2);

  p2 p3 p4 (f2); ! estimate variances of residual "factors"
  v2 v3 v4 (g2); ! estimate variances of residual "factors"

  MODEL d3:

  p4 on p3 (a3); ! Autoregressive paths constrained to equality
  p3 on p2 (a3);
  p2 on p1 (a3);

  v4 on v3 (b3); ! Autoregressive paths constrained to equality
  v3 on v2 (b3);
  v2 on v1 (b3);

  p4 on v3 (c3); ! Cross-lagged paths constrained to equality
  p3 on v2 (c3);
  p2 on v1 (c3);

  v4 on p3 (d3); ! Cross-lagged paths constrained to equality
  v3 on p2 (d3);
  v2 on p1 (d3);

  p1 with v1; !(this one is not like the others)

  p2 with v2 (e3); ! Within-wave correlations constrained to equality
  p3 with v3 (e3);
  p4 with v4 (e3);

  p2 p3 p4 (f3); ! estimate variances of residual "factors"
  v2 v3 v4 (g3); ! estimate variances of residual "factors"

  MODEL d4:

  p4 on p3 (a4); ! Autoregressive paths constrained to equality
  p3 on p2 (a4);
  p2 on p1 (a4);

  v4 on v3 (b4); ! Autoregressive paths constrained to equality
  v3 on v2 (b4);
  v2 on v1 (b4);

  p4 on v3 (c4); ! Cross-lagged paths constrained to equality
  p3 on v2 (c4);
  p2 on v1 (c4);

  v4 on p3 (d4); ! Cross-lagged paths constrained to equality
  v3 on p2 (d4);
  v2 on p1 (d4);

  p1 with v1; !(this one is not like the others)

  p2 with v2 (e4); ! Within-wave correlations constrained to equality
  p3 with v3 (e4);
  p4 with v4 (e4);

  p2 p3 p4 (f4); ! estimate variances of residual "factors"
  v2 v3 v4 (g4); ! estimate variances of residual "factors"

  MODEL d5:

  p4 on p3 (a5); ! Autoregressive paths constrained to equality
  p3 on p2 (a5);
  p2 on p1 (a5);

  v4 on v3 (b5); ! Autoregressive paths constrained to equality
  v3 on v2 (b5);
  v2 on v1 (b5);

  p4 on v3 (c5); ! Cross-lagged paths constrained to equality
  p3 on v2 (c5);
  p2 on v1 (c5);

  v4 on p3 (d5); ! Cross-lagged paths constrained to equality
  v3 on p2 (d5);
  v2 on p1 (d5);

  p1 with v1; !(this one is not like the others)

  p2 with v2 (e5); ! Within-wave correlations constrained to equality
  p3 with v3 (e5);
  p4 with v4 (e5);

  p2 p3 p4 (f5); ! estimate variances of residual "factors"
  v2 v3 v4 (g5); ! estimate variances of residual "factors"

  OUTPUT: SAMPSTAT PATTERNS;



*** WARNING in VARIABLE command
  Note that only the first 8 characters of variable names are used in the output.
  Shorten variable names to avoid any confusion.
*** WARNING
  Data set contains unknown or missing values for GROUPING,
  PATTERN, COHORT, CLUSTER and/or STRATIFICATION variables.
  Number of cases with unknown or missing values:  5
   2 WARNING(S) FOUND IN THE INPUT INSTRUCTIONS



PxVx Bivariate LCM-SR - decadegroup - Linear bfas_nw with Linear bfa_mt_d;

SUMMARY OF ANALYSIS

Number of groups                                                 4
Number of observations
   Group D2                                                    301
   Group D3                                                    233
   Group D4                                                    198
   Group D5                                                    132
   Total sample size                                           864

Number of dependent variables                                    8
Number of independent variables                                  0
Number of continuous latent variables                           12

Observed dependent variables

  Continuous
   ABFAS_NW    BBFAS_NW    CBFAS_NW    DBFAS_NW    ABFA_MT_D   BBFA_MT_D
   CBFA_MT_D   DBFA_MT_D

Continuous latent variables
   P1          P2          P3          P4          V1          V2
   V3          V4          I_BFAS_N    S_BFAS_N    I_BFA_MT    S_BFA_MT

Variables with special functions

  Grouping variable     AAGEGRP

  Time scores
   A1          A2          A3          A4


Estimator                                                      MLR
Information matrix                                        OBSERVED
Maximum number of iterations                                   100
Convergence criterion                                    0.100D-05
Maximum number of EM iterations                                500
Convergence criteria for the EM algorithm
  Loglikelihood change                                   0.100D-02
  Relative loglikelihood change                          0.100D-05
  Derivative                                             0.100D-03
Minimum variance                                         0.100D-03
Maximum number of steepest descent iterations                   20
Maximum number of iterations for H1                           2000
Convergence criterion for H1                             0.100D-03
Optimization algorithm                                         EMA

Input data file(s)
  /home/jflournoy/code_new/lnt_pxvx/Data/lnt_nat_recalc.tsv
Input data format  FREE


SUMMARY OF DATA

   Group D2
     Number of missing data patterns             9

   Group D3
     Number of missing data patterns            10

   Group D4
     Number of missing data patterns             8

   Group D5
     Number of missing data patterns             9


SUMMARY OF MISSING DATA PATTERNS


     MISSING DATA PATTERNS (x = not missing) FOR D2

           1  2  3  4  5  6  7  8  9
 ABFAS_NW  x  x  x  x  x  x  x  x
 BBFAS_NW  x     x  x  x           x
 CBFAS_NW  x           x     x  x  x
 DBFAS_NW  x     x        x     x  x
 ABFA_MT_  x  x  x  x  x  x  x  x
 BBFA_MT_  x     x  x  x           x
 CBFA_MT_  x           x     x  x  x
 DBFA_MT_  x     x        x     x  x


     MISSING DATA PATTERN FREQUENCIES FOR D2

    Pattern   Frequency     Pattern   Frequency     Pattern   Frequency
          1         188           4          12           7           5
          2          57           5          15           8           6
          3           6           6          11           9           1


     MISSING DATA PATTERNS (x = not missing) FOR D3

           1  2  3  4  5  6  7  8  9 10
 ABFAS_NW  x  x  x  x  x  x  x  x     x
 BBFAS_NW  x     x  x  x           x  x
 CBFAS_NW  x           x     x  x  x  x
 DBFAS_NW  x     x        x     x  x  x
 ABFA_MT_  x  x  x  x  x  x  x  x  x
 BBFA_MT_  x     x  x  x           x  x
 CBFA_MT_  x           x     x  x  x  x
 DBFA_MT_  x     x        x     x  x  x


     MISSING DATA PATTERN FREQUENCIES FOR D3

    Pattern   Frequency     Pattern   Frequency     Pattern   Frequency
          1         138           5           7           9           1
          2          44           6           4          10           1
          3           8           7           7
          4          16           8           7


     MISSING DATA PATTERNS (x = not missing) FOR D4

           1  2  3  4  5  6  7  8
 ABFAS_NW  x  x  x  x  x  x  x  x
 BBFAS_NW  x     x  x  x
 CBFAS_NW  x           x     x  x
 DBFAS_NW  x     x        x     x
 ABFA_MT_  x  x  x  x  x  x  x  x
 BBFA_MT_  x     x  x  x
 CBFA_MT_  x           x     x  x
 DBFA_MT_  x     x        x     x


     MISSING DATA PATTERN FREQUENCIES FOR D4

    Pattern   Frequency     Pattern   Frequency     Pattern   Frequency
          1         105           4          14           7           6
          2          40           5          15           8           6
          3           8           6           4


     MISSING DATA PATTERNS (x = not missing) FOR D5

           1  2  3  4  5  6  7  8  9
 ABFAS_NW  x  x  x  x  x  x  x  x
 BBFAS_NW  x     x  x  x           x
 CBFAS_NW  x           x     x  x  x
 DBFAS_NW  x     x        x     x  x
 ABFA_MT_  x  x  x  x  x  x  x  x
 BBFA_MT_  x     x  x  x           x
 CBFA_MT_  x           x     x  x  x
 DBFA_MT_  x     x        x     x  x


     MISSING DATA PATTERN FREQUENCIES FOR D5

    Pattern   Frequency     Pattern   Frequency     Pattern   Frequency
          1          60           4          10           7           6
          2          29           5          11           8           4
          3           5           6           6           9           1


COVARIANCE COVERAGE OF DATA

Minimum covariance coverage value   0.100


     PROPORTION OF DATA PRESENT FOR D2


           Covariance Coverage
              ABFAS_NW      BBFAS_NW      CBFAS_NW      DBFAS_NW      ABFA_MT_
              ________      ________      ________      ________      ________
 ABFAS_NW       0.997
 BBFAS_NW       0.734         0.738
 CBFAS_NW       0.711         0.678         0.714
 DBFAS_NW       0.701         0.648         0.648         0.704
 ABFA_MT_       0.997         0.734         0.711         0.701         0.997
 BBFA_MT_       0.734         0.738         0.678         0.648         0.734
 CBFA_MT_       0.711         0.678         0.714         0.648         0.711
 DBFA_MT_       0.701         0.648         0.648         0.704         0.701


           Covariance Coverage
              BBFA_MT_      CBFA_MT_      DBFA_MT_
              ________      ________      ________
 BBFA_MT_       0.738
 CBFA_MT_       0.678         0.714
 DBFA_MT_       0.648         0.648         0.704


     PROPORTION OF DATA PRESENT FOR D3


           Covariance Coverage
              ABFAS_NW      BBFAS_NW      CBFAS_NW      DBFAS_NW      ABFA_MT_
              ________      ________      ________      ________      ________
 ABFAS_NW       0.991
 BBFAS_NW       0.725         0.734
 CBFAS_NW       0.682         0.631         0.691
 DBFAS_NW       0.674         0.635         0.631         0.682
 ABFA_MT_       0.991         0.730         0.687         0.678         0.996
 BBFA_MT_       0.725         0.734         0.631         0.635         0.730
 CBFA_MT_       0.682         0.631         0.691         0.631         0.687
 DBFA_MT_       0.674         0.635         0.631         0.682         0.678


           Covariance Coverage
              BBFA_MT_      CBFA_MT_      DBFA_MT_
              ________      ________      ________
 BBFA_MT_       0.734
 CBFA_MT_       0.631         0.691
 DBFA_MT_       0.635         0.631         0.682


     PROPORTION OF DATA PRESENT FOR D4


           Covariance Coverage
              ABFAS_NW      BBFAS_NW      CBFAS_NW      DBFAS_NW      ABFA_MT_
              ________      ________      ________      ________      ________
 ABFAS_NW       1.000
 BBFAS_NW       0.717         0.717
 CBFAS_NW       0.667         0.606         0.667
 DBFAS_NW       0.621         0.571         0.561         0.621
 ABFA_MT_       1.000         0.717         0.667         0.621         1.000
 BBFA_MT_       0.717         0.717         0.606         0.571         0.717
 CBFA_MT_       0.667         0.606         0.667         0.561         0.667
 DBFA_MT_       0.621         0.571         0.561         0.621         0.621


           Covariance Coverage
              BBFA_MT_      CBFA_MT_      DBFA_MT_
              ________      ________      ________
 BBFA_MT_       0.717
 CBFA_MT_       0.606         0.667
 DBFA_MT_       0.571         0.561         0.621


     PROPORTION OF DATA PRESENT FOR D5


           Covariance Coverage
              ABFAS_NW      BBFAS_NW      CBFAS_NW      DBFAS_NW      ABFA_MT_
              ________      ________      ________      ________      ________
 ABFAS_NW       0.992
 BBFAS_NW       0.652         0.659
 CBFAS_NW       0.614         0.545         0.621
 DBFAS_NW       0.568         0.500         0.492         0.576
 ABFA_MT_       0.992         0.652         0.614         0.568         0.992
 BBFA_MT_       0.652         0.659         0.545         0.500         0.652
 CBFA_MT_       0.614         0.545         0.621         0.492         0.614
 DBFA_MT_       0.568         0.500         0.492         0.576         0.568


           Covariance Coverage
              BBFA_MT_      CBFA_MT_      DBFA_MT_
              ________      ________      ________
 BBFA_MT_       0.659
 CBFA_MT_       0.545         0.621
 DBFA_MT_       0.500         0.492         0.576


SAMPLE STATISTICS


     ESTIMATED SAMPLE STATISTICS FOR D2


           Means
              ABFAS_NW      BBFAS_NW      CBFAS_NW      DBFAS_NW      ABFA_MT_
              ________      ________      ________      ________      ________
               50.304        50.541        50.379        50.854        42.120


           Means
              BBFA_MT_      CBFA_MT_      DBFA_MT_
              ________      ________      ________
               42.175        43.214        40.146


           Covariances
              ABFAS_NW      BBFAS_NW      CBFAS_NW      DBFAS_NW      ABFA_MT_
              ________      ________      ________      ________      ________
 ABFAS_NW     445.962
 BBFAS_NW     367.832       442.601
 CBFAS_NW     351.977       372.868       479.433
 DBFAS_NW     351.636       368.189       393.734       450.374
 ABFA_MT_      87.621        40.494        24.035        44.381       480.040
 BBFA_MT_      83.785       101.335        61.645        60.852       307.485
 CBFA_MT_      94.635        82.102        77.099        94.457       304.827
 DBFA_MT_     102.015        94.016        78.388       102.513       286.785


           Covariances
              BBFA_MT_      CBFA_MT_      DBFA_MT_
              ________      ________      ________
 BBFA_MT_     507.262
 CBFA_MT_     374.253       516.696
 DBFA_MT_     365.628       406.927       546.404


           Correlations
              ABFAS_NW      BBFAS_NW      CBFAS_NW      DBFAS_NW      ABFA_MT_
              ________      ________      ________      ________      ________
 ABFAS_NW       1.000
 BBFAS_NW       0.828         1.000
 CBFAS_NW       0.761         0.809         1.000
 DBFAS_NW       0.785         0.825         0.847         1.000
 ABFA_MT_       0.189         0.088         0.050         0.095         1.000
 BBFA_MT_       0.176         0.214         0.125         0.127         0.623
 CBFA_MT_       0.197         0.172         0.155         0.196         0.612
 DBFA_MT_       0.207         0.191         0.153         0.207         0.560


           Correlations
              BBFA_MT_      CBFA_MT_      DBFA_MT_
              ________      ________      ________
 BBFA_MT_       1.000
 CBFA_MT_       0.731         1.000
 DBFA_MT_       0.694         0.766         1.000


     ESTIMATED SAMPLE STATISTICS FOR D3


           Means
              ABFAS_NW      BBFAS_NW      CBFAS_NW      DBFAS_NW      ABFA_MT_
              ________      ________      ________      ________      ________
               43.702        43.041        44.126        43.756        40.633


           Means
              BBFA_MT_      CBFA_MT_      DBFA_MT_
              ________      ________      ________
               38.902        39.004        41.158


           Covariances
              ABFAS_NW      BBFAS_NW      CBFAS_NW      DBFAS_NW      ABFA_MT_
              ________      ________      ________      ________      ________
 ABFAS_NW     411.915
 BBFAS_NW     301.282       352.363
 CBFAS_NW     295.937       274.414       352.931
 DBFAS_NW     300.376       280.908       307.265       375.055
 ABFA_MT_      93.621        66.288        92.066        75.397       444.283
 BBFA_MT_      61.982        72.308        93.001        89.039       310.210
 CBFA_MT_      44.027        50.402        93.386        65.630       310.751
 DBFA_MT_      48.880        51.175        63.857        60.013       261.877


           Covariances
              BBFA_MT_      CBFA_MT_      DBFA_MT_
              ________      ________      ________
 BBFA_MT_     447.639
 CBFA_MT_     340.049       464.750
 DBFA_MT_     323.507       306.700       414.566


           Correlations
              ABFAS_NW      BBFAS_NW      CBFAS_NW      DBFAS_NW      ABFA_MT_
              ________      ________      ________      ________      ________
 ABFAS_NW       1.000
 BBFAS_NW       0.791         1.000
 CBFAS_NW       0.776         0.778         1.000
 DBFAS_NW       0.764         0.773         0.845         1.000
 ABFA_MT_       0.219         0.168         0.233         0.185         1.000
 BBFA_MT_       0.144         0.182         0.234         0.217         0.696
 CBFA_MT_       0.101         0.125         0.231         0.157         0.684
 DBFA_MT_       0.118         0.134         0.167         0.152         0.610


           Correlations
              BBFA_MT_      CBFA_MT_      DBFA_MT_
              ________      ________      ________
 BBFA_MT_       1.000
 CBFA_MT_       0.746         1.000
 DBFA_MT_       0.751         0.699         1.000


     ESTIMATED SAMPLE STATISTICS FOR D4


           Means
              ABFAS_NW      BBFAS_NW      CBFAS_NW      DBFAS_NW      ABFA_MT_
              ________      ________      ________      ________      ________
               43.566        45.242        44.145        43.785        36.258


           Means
              BBFA_MT_      CBFA_MT_      DBFA_MT_
              ________      ________      ________
               38.048        36.908        38.055


           Covariances
              ABFAS_NW      BBFAS_NW      CBFAS_NW      DBFAS_NW      ABFA_MT_
              ________      ________      ________      ________      ________
 ABFAS_NW     395.442
 BBFAS_NW     308.719       362.501
 CBFAS_NW     316.003       352.756       418.650
 DBFAS_NW     324.970       340.847       364.911       428.704
 ABFA_MT_      55.097        36.597        45.654        63.380       427.708
 BBFA_MT_      55.179        58.271        54.484        84.778       283.261
 CBFA_MT_      42.390        50.699        74.906        80.777       294.877
 DBFA_MT_      43.759        58.296        49.441       102.838       261.103


           Covariances
              BBFA_MT_      CBFA_MT_      DBFA_MT_
              ________      ________      ________
 BBFA_MT_     407.448
 CBFA_MT_     293.971       417.234
 DBFA_MT_     255.372       234.936       377.360


           Correlations
              ABFAS_NW      BBFAS_NW      CBFAS_NW      DBFAS_NW      ABFA_MT_
              ________      ________      ________      ________      ________
 ABFAS_NW       1.000
 BBFAS_NW       0.815         1.000
 CBFAS_NW       0.777         0.906         1.000
 DBFAS_NW       0.789         0.865         0.861         1.000
 ABFA_MT_       0.134         0.093         0.108         0.148         1.000
 BBFA_MT_       0.137         0.152         0.132         0.203         0.679
 CBFA_MT_       0.104         0.130         0.179         0.191         0.698
 DBFA_MT_       0.113         0.158         0.124         0.256         0.650


           Correlations
              BBFA_MT_      CBFA_MT_      DBFA_MT_
              ________      ________      ________
 BBFA_MT_       1.000
 CBFA_MT_       0.713         1.000
 DBFA_MT_       0.651         0.592         1.000


     ESTIMATED SAMPLE STATISTICS FOR D5


           Means
              ABFAS_NW      BBFAS_NW      CBFAS_NW      DBFAS_NW      ABFA_MT_
              ________      ________      ________      ________      ________
               43.761        42.292        43.226        42.085        34.662


           Means
              BBFA_MT_      CBFA_MT_      DBFA_MT_
              ________      ________      ________
               35.094        36.506        35.013


           Covariances
              ABFAS_NW      BBFAS_NW      CBFAS_NW      DBFAS_NW      ABFA_MT_
              ________      ________      ________      ________      ________
 ABFAS_NW     421.873
 BBFAS_NW     355.342       426.136
 CBFAS_NW     325.753       339.531       398.848
 DBFAS_NW     348.552       385.375       392.517       459.710
 ABFA_MT_      79.912       142.137       105.997        99.344       407.380
 BBFA_MT_      97.905       149.155       114.743       115.551       319.282
 CBFA_MT_      49.642       106.043        98.987       107.527       312.558
 DBFA_MT_      36.080       105.989        87.831       107.949       334.243


           Covariances
              BBFA_MT_      CBFA_MT_      DBFA_MT_
              ________      ________      ________
 BBFA_MT_     464.799
 CBFA_MT_     343.752       485.133
 DBFA_MT_     333.813       342.954       521.818


           Correlations
              ABFAS_NW      BBFAS_NW      CBFAS_NW      DBFAS_NW      ABFA_MT_
              ________      ________      ________      ________      ________
 ABFAS_NW       1.000
 BBFAS_NW       0.838         1.000
 CBFAS_NW       0.794         0.824         1.000
 DBFAS_NW       0.791         0.871         0.917         1.000
 ABFA_MT_       0.193         0.341         0.263         0.230         1.000
 BBFA_MT_       0.221         0.335         0.266         0.250         0.734
 CBFA_MT_       0.110         0.233         0.225         0.228         0.703
 DBFA_MT_       0.077         0.225         0.193         0.220         0.725


           Correlations
              BBFA_MT_      CBFA_MT_      DBFA_MT_
              ________      ________      ________
 BBFA_MT_       1.000
 CBFA_MT_       0.724         1.000
 DBFA_MT_       0.678         0.682         1.000


     MAXIMUM LOG-LIKELIHOOD VALUE FOR THE UNRESTRICTED (H1) MODEL IS -21653.220


UNIVARIATE SAMPLE STATISTICS


     UNIVARIATE HIGHER-ORDER MOMENT DESCRIPTIVE STATISTICS FOR D2

         Variable/         Mean/     Skewness/   Minimum/ % with                Percentiles
        Sample Size      Variance    Kurtosis    Maximum  Min/Max      20%/60%    40%/80%    Median

     ABFAS_NW             50.250       0.069       0.000    0.33%      30.000     42.500     50.000
             300.000     446.164      -0.500     100.000    0.33%      57.500     67.500
     BBFAS_NW             51.471      -0.152       5.000    0.90%      32.500     50.000     52.500
             222.000     449.311      -0.614      97.500    0.45%      57.500     70.000
     CBFAS_NW             50.634      -0.042       0.000    0.93%      30.000     45.000     50.000
             215.000     500.110      -0.470      97.500    1.86%      55.000     72.500
     DBFAS_NW             51.619      -0.150       0.000    0.47%      32.500     47.500     52.500
             212.000     460.651      -0.506      97.500    0.94%      57.500     70.000
     ABFA_MT_D            42.153       0.202       0.000    2.00%      18.750     33.333     43.750
             300.000     480.435      -0.684     100.000    0.67%      50.000     62.500
     BBFA_MT_D            42.089       0.238       0.000    2.70%      18.750     33.333     43.750
             222.000     507.380      -0.561     100.000    0.90%      50.000     62.500
     CBFA_MT_D            42.810       0.239       0.000    4.19%      25.000     37.500     43.750
             215.000     525.663      -0.333     100.000    1.86%      50.000     62.500
     DBFA_MT_D            40.389       0.334       0.000    6.60%      18.750     31.250     37.500
             212.000     558.428      -0.411     100.000    1.42%      43.750     62.500


     UNIVARIATE HIGHER-ORDER MOMENT DESCRIPTIVE STATISTICS FOR D3

         Variable/         Mean/     Skewness/   Minimum/ % with                Percentiles
        Sample Size      Variance    Kurtosis    Maximum  Min/Max      20%/60%    40%/80%    Median

     ABFAS_NW             43.803       0.229       0.000    1.29%      27.500     40.000     42.500
             232.000     410.817      -0.199      97.500    0.43%      47.500     60.000
     BBFAS_NW             42.550       0.177       0.000    0.58%      27.500     35.000     42.500
             171.000     346.007      -0.300      97.500    0.58%      47.500     57.500
     CBFAS_NW             44.580      -0.008       2.500    1.24%      27.500     37.500     45.000
             161.000     352.499      -0.646      87.500    0.62%      50.000     62.500
     DBFAS_NW             43.985       0.211       0.000    0.63%      27.500     37.500     45.000
             159.000     368.531      -0.177      97.500    0.63%      50.000     60.000
     ABFA_MT_D            40.706       0.337       0.000    3.02%      25.000     31.250     37.500
             232.000     444.161      -0.106     100.000    1.29%      43.750     56.250
     BBFA_MT_D            39.693       0.240       0.000    4.09%      18.750     31.250     37.500
             171.000     458.052      -0.485     100.000    0.58%      50.000     56.250
     CBFA_MT_D            39.648       0.275       0.000    3.11%      25.000     31.250     37.500
             161.000     445.319      -0.356     100.000    0.62%      43.750     56.250
     DBFA_MT_D            41.903       0.025       0.000    3.77%      25.000     37.500     43.750
             159.000     416.939      -0.348     100.000    0.63%      50.000     56.250


     UNIVARIATE HIGHER-ORDER MOMENT DESCRIPTIVE STATISTICS FOR D4

         Variable/         Mean/     Skewness/   Minimum/ % with                Percentiles
        Sample Size      Variance    Kurtosis    Maximum  Min/Max      20%/60%    40%/80%    Median

     ABFAS_NW             43.566       0.052       0.000    1.01%      25.000     37.500     43.750
             198.000     395.442      -0.511      94.444    0.51%      47.500     60.000
     BBFAS_NW             44.993       0.054       2.500    1.41%      27.500     40.000     45.000
             142.000     384.869      -0.529      87.500    1.41%      50.000     62.500
     CBFAS_NW             43.083       0.030       0.000    2.27%      25.000     37.500     42.500
             132.000     431.795      -0.374      90.000    0.76%      47.500     60.000
     DBFAS_NW             41.402       0.125       2.500    2.44%      22.500     35.000     40.000
             123.000     440.360      -0.713      92.500    0.81%      47.500     60.000
     ABFA_MT_D            36.258       0.329       0.000    4.04%      18.750     25.000     37.500
             198.000     427.708      -0.254     100.000    0.51%      43.750     56.250
     BBFA_MT_D            37.837       0.273       0.000    2.82%      18.750     31.250     37.500
             142.000     407.964      -0.402      93.750    0.70%      43.750     56.250
     CBFA_MT_D            38.305       0.318       0.000    3.79%      18.750     31.250     37.500
             132.000     424.009      -0.414      93.750    0.76%      43.750     56.250
     DBFA_MT_D            38.770       0.256       0.000    2.44%      18.750     31.250     37.500
             123.000     377.896      -0.440      87.500    0.81%      43.750     56.250


     UNIVARIATE HIGHER-ORDER MOMENT DESCRIPTIVE STATISTICS FOR D5

         Variable/         Mean/     Skewness/   Minimum/ % with                Percentiles
        Sample Size      Variance    Kurtosis    Maximum  Min/Max      20%/60%    40%/80%    Median

     ABFAS_NW             43.831       0.024       0.000    0.76%      27.500     40.000     42.500
             131.000     423.646      -0.324     100.000    0.76%      50.000     62.500
     BBFAS_NW             41.505       0.400       0.000    3.45%      22.500     35.000     40.000
              87.000     429.591       0.147      97.500    1.15%      47.222     58.333
     CBFAS_NW             42.988       0.219       0.000    1.22%      25.000     37.500     40.000
              82.000     419.732      -0.370      92.500    1.22%      47.500     60.000
     DBFAS_NW             39.770       0.440       0.000    2.63%      20.000     35.000     38.750
              76.000     437.036       0.202     100.000    1.32%      45.000     57.500
     ABFA_MT_D            34.749       0.411       0.000    5.34%      18.750     25.000     31.250
             131.000     408.534      -0.283      87.500    0.76%      37.500     50.000
     BBFA_MT_D            34.363       0.133       0.000   10.34%      18.750     25.000     31.250
              87.000     420.146      -0.555      87.500    1.15%      37.500     50.000
     CBFA_MT_D            35.976       0.023       0.000    8.54%      12.500     31.250     37.500
              82.000     464.521      -0.868      81.250    1.22%      37.500     56.250
     DBFA_MT_D            35.033       0.531       0.000    7.89%      18.750     25.000     37.500
              76.000     463.691       0.070      93.750    1.32%      37.500     50.000


THE MODEL ESTIMATION TERMINATED NORMALLY



MODEL FIT INFORMATION

Number of Free Parameters                       96

Loglikelihood

          H0 Value                      -21711.064
          H0 Scaling Correction Factor      1.0575
            for MLR

Information Criteria

          Akaike (AIC)                   43614.127
          Bayesian (BIC)                 44071.238
          Sample-Size Adjusted BIC       43766.367
            (n* = (n + 2) / 24)



MODEL RESULTS

                                                    Two-Tailed
                    Estimate       S.E.  Est./S.E.    P-Value

Group D2

 P1       BY
    ABFAS_NW           1.000      0.000    999.000    999.000

 P2       BY
    BBFAS_NW           1.000      0.000    999.000    999.000

 P3       BY
    CBFAS_NW           1.000      0.000    999.000    999.000

 P4       BY
    DBFAS_NW           1.000      0.000    999.000    999.000

 V1       BY
    ABFA_MT_D          1.000      0.000    999.000    999.000

 V2       BY
    BBFA_MT_D          1.000      0.000    999.000    999.000

 V3       BY
    CBFA_MT_D          1.000      0.000    999.000    999.000

 V4       BY
    DBFA_MT_D          1.000      0.000    999.000    999.000

 P4         ON
    P3                 0.166      0.080      2.083      0.037
    V3                 0.003      0.050      0.056      0.956

 P3         ON
    P2                 0.166      0.080      2.083      0.037
    V2                 0.003      0.050      0.056      0.956

 P2         ON
    P1                 0.166      0.080      2.083      0.037
    V1                 0.003      0.050      0.056      0.956

 V4         ON
    V3                 0.130      0.093      1.401      0.161
    P3                -0.057      0.092     -0.617      0.537

 V3         ON
    V2                 0.130      0.093      1.401      0.161
    P2                -0.057      0.092     -0.617      0.537

 V2         ON
    V1                 0.130      0.093      1.401      0.161
    P1                -0.057      0.092     -0.617      0.537

 S_BFAS_N WITH
    I_BFAS_NW          8.476      9.929      0.854      0.393
    S_BFA_MT_D         0.013      1.001      0.013      0.989
    I_BFA_MT_D        -8.001     12.192     -0.656      0.512

 I_BFAS_N WITH
    S_BFA_MT_D        11.582     11.811      0.981      0.327
    I_BFA_MT_D       104.223    131.602      0.792      0.428

 S_BFA_MT WITH
    I_BFA_MT_D        27.049     15.521      1.743      0.081

 P1       WITH
    V1                36.478     16.058      2.272      0.023

 P2       WITH
    V2                15.223     10.244      1.486      0.137

 P3       WITH
    V3                15.223     10.244      1.486      0.137

 P4       WITH
    V4                15.223     10.244      1.486      0.137

 Means
    P1                 0.000      0.000    999.000    999.000
    V1                 0.000      0.000    999.000    999.000
    I_BFAS_NW         50.545      2.777     18.200      0.000
    S_BFAS_NW         -0.003      0.250     -0.013      0.990
    I_BFA_MT_D        42.537      3.482     12.215      0.000
    S_BFA_MT_D         0.059      0.323      0.182      0.855

 Intercepts
    ABFAS_NW           0.000      0.000    999.000    999.000
    BBFAS_NW           0.000      0.000    999.000    999.000
    CBFAS_NW           0.000      0.000    999.000    999.000
    DBFAS_NW           0.000      0.000    999.000    999.000
    ABFA_MT_D          0.000      0.000    999.000    999.000
    BBFA_MT_D          0.000      0.000    999.000    999.000
    CBFA_MT_D          0.000      0.000    999.000    999.000
    DBFA_MT_D          0.000      0.000    999.000    999.000
    P2                 0.000      0.000    999.000    999.000
    P3                 0.000      0.000    999.000    999.000
    P4                 0.000      0.000    999.000    999.000
    V2                 0.000      0.000    999.000    999.000
    V3                 0.000      0.000    999.000    999.000
    V4                 0.000      0.000    999.000    999.000

 Variances
    P1               105.955     19.825      5.345      0.000
    V1               229.775     24.630      9.329      0.000
    I_BFAS_NW        452.038    127.316      3.551      0.000
    S_BFAS_NW          0.699      0.911      0.768      0.443
    I_BFA_MT_D       667.140    175.465      3.802      0.000
    S_BFA_MT_D         1.854      1.438      1.289      0.197

 Residual Variances
    ABFAS_NW           0.000      0.000    999.000    999.000
    BBFAS_NW           0.000      0.000    999.000    999.000
    CBFAS_NW           0.000      0.000    999.000    999.000
    DBFAS_NW           0.000      0.000    999.000    999.000
    ABFA_MT_D          0.000      0.000    999.000    999.000
    BBFA_MT_D          0.000      0.000    999.000    999.000
    CBFA_MT_D          0.000      0.000    999.000    999.000
    DBFA_MT_D          0.000      0.000    999.000    999.000
    P2                88.180      9.680      9.110      0.000
    P3                88.180      9.680      9.110      0.000
    P4                88.180      9.680      9.110      0.000
    V2               160.090     20.555      7.788      0.000
    V3               160.090     20.555      7.788      0.000
    V4               160.090     20.555      7.788      0.000

Group D3

 P1       BY
    ABFAS_NW           1.000      0.000    999.000    999.000

 P2       BY
    BBFAS_NW           1.000      0.000    999.000    999.000

 P3       BY
    CBFAS_NW           1.000      0.000    999.000    999.000

 P4       BY
    DBFAS_NW           1.000      0.000    999.000    999.000

 V1       BY
    ABFA_MT_D          1.000      0.000    999.000    999.000

 V2       BY
    BBFA_MT_D          1.000      0.000    999.000    999.000

 V3       BY
    CBFA_MT_D          1.000      0.000    999.000    999.000

 V4       BY
    DBFA_MT_D          1.000      0.000    999.000    999.000

 P4         ON
    P3                 0.169      0.105      1.613      0.107
    V3                -0.057      0.064     -0.900      0.368

 P3         ON
    P2                 0.169      0.105      1.613      0.107
    V2                -0.057      0.064     -0.900      0.368

 P2         ON
    P1                 0.169      0.105      1.613      0.107
    V1                -0.057      0.064     -0.900      0.368

 V4         ON
    V3                 0.007      0.095      0.071      0.944
    P3                -0.109      0.097     -1.115      0.265

 V3         ON
    V2                 0.007      0.095      0.071      0.944
    P2                -0.109      0.097     -1.115      0.265

 V2         ON
    V1                 0.007      0.095      0.071      0.944
    P1                -0.109      0.097     -1.115      0.265

 S_BFAS_N WITH
    I_BFAS_NW        -10.005      5.265     -1.900      0.057
    S_BFA_MT_D         0.298      1.405      0.212      0.832
    I_BFA_MT_D         6.141      5.999      1.024      0.306

 I_BFAS_N WITH
    S_BFA_MT_D        -1.189      6.699     -0.177      0.859
    I_BFA_MT_D        71.605     24.742      2.894      0.004

 S_BFA_MT WITH
    I_BFA_MT_D         1.808      4.915      0.368      0.713

 P1       WITH
    V1                29.322     15.065      1.946      0.052

 P2       WITH
    V2                 2.407      8.981      0.268      0.789

 P3       WITH
    V3                 2.407      8.981      0.268      0.789

 P4       WITH
    V4                 2.407      8.981      0.268      0.789

 Means
    P1                 0.000      0.000    999.000    999.000
    V1                 0.000      0.000    999.000    999.000
    I_BFAS_NW         43.117      1.168     36.907      0.000
    S_BFAS_NW         -0.407      0.251     -1.619      0.105
    I_BFA_MT_D        39.999      1.293     30.932      0.000
    S_BFA_MT_D         0.096      0.296      0.323      0.747

 Intercepts
    ABFAS_NW           0.000      0.000    999.000    999.000
    BBFAS_NW           0.000      0.000    999.000    999.000
    CBFAS_NW           0.000      0.000    999.000    999.000
    DBFAS_NW           0.000      0.000    999.000    999.000
    ABFA_MT_D          0.000      0.000    999.000    999.000
    BBFA_MT_D          0.000      0.000    999.000    999.000
    CBFA_MT_D          0.000      0.000    999.000    999.000
    DBFA_MT_D          0.000      0.000    999.000    999.000
    P2                 0.000      0.000    999.000    999.000
    P3                 0.000      0.000    999.000    999.000
    P4                 0.000      0.000    999.000    999.000
    V2                 0.000      0.000    999.000    999.000
    V3                 0.000      0.000    999.000    999.000
    V4                 0.000      0.000    999.000    999.000

 Variances
    P1               103.433     19.255      5.372      0.000
    V1               163.416     27.418      5.960      0.000
    I_BFAS_NW        258.082     29.559      8.731      0.000
    S_BFAS_NW          0.830      2.275      0.365      0.715
    I_BFA_MT_D       302.492     36.093      8.381      0.000
    S_BFA_MT_D         0.914      2.204      0.415      0.678

 Residual Variances
    ABFAS_NW           0.000      0.000    999.000    999.000
    BBFAS_NW           0.000      0.000    999.000    999.000
    CBFAS_NW           0.000      0.000    999.000    999.000
    DBFAS_NW           0.000      0.000    999.000    999.000
    ABFA_MT_D          0.000      0.000    999.000    999.000
    BBFA_MT_D          0.000      0.000    999.000    999.000
    CBFA_MT_D          0.000      0.000    999.000    999.000
    DBFA_MT_D          0.000      0.000    999.000    999.000
    P2                81.003     11.631      6.965      0.000
    P3                81.003     11.631      6.965      0.000
    P4                81.003     11.631      6.965      0.000
    V2               121.602     13.113      9.273      0.000
    V3               121.602     13.113      9.273      0.000
    V4               121.602     13.113      9.273      0.000

Group D4

 P1       BY
    ABFAS_NW           1.000      0.000    999.000    999.000

 P2       BY
    BBFAS_NW           1.000      0.000    999.000    999.000

 P3       BY
    CBFAS_NW           1.000      0.000    999.000    999.000

 P4       BY
    DBFAS_NW           1.000      0.000    999.000    999.000

 V1       BY
    ABFA_MT_D          1.000      0.000    999.000    999.000

 V2       BY
    BBFA_MT_D          1.000      0.000    999.000    999.000

 V3       BY
    CBFA_MT_D          1.000      0.000    999.000    999.000

 V4       BY
    DBFA_MT_D          1.000      0.000    999.000    999.000

 P4         ON
    P3                 0.114      0.073      1.570      0.116
    V3                -0.021      0.044     -0.479      0.632

 P3         ON
    P2                 0.114      0.073      1.570      0.116
    V2                -0.021      0.044     -0.479      0.632

 P2         ON
    P1                 0.114      0.073      1.570      0.116
    V1                -0.021      0.044     -0.479      0.632

 V4         ON
    V3                -0.071      0.102     -0.693      0.488
    P3                 0.023      0.109      0.210      0.834

 V3         ON
    V2                -0.071      0.102     -0.693      0.488
    P2                 0.023      0.109      0.210      0.834

 V2         ON
    V1                -0.071      0.102     -0.693      0.488
    P1                 0.023      0.109      0.210      0.834

 S_BFAS_N WITH
    I_BFAS_NW         -0.074     11.349     -0.007      0.995
    S_BFA_MT_D         0.274      1.278      0.214      0.830
    I_BFA_MT_D         7.051     14.611      0.483      0.629

 I_BFAS_N WITH
    S_BFA_MT_D        -4.977     14.440     -0.345      0.730
    I_BFA_MT_D         7.370    140.441      0.052      0.958

 S_BFA_MT WITH
    I_BFA_MT_D        -9.217     18.699     -0.493      0.622

 P1       WITH
    V1                21.904     14.510      1.510      0.131

 P2       WITH
    V2                15.221      7.091      2.146      0.032

 P3       WITH
    V3                15.221      7.091      2.146      0.032

 P4       WITH
    V4                15.221      7.091      2.146      0.032

 Means
    P1                 0.000      0.000    999.000    999.000
    V1                 0.000      0.000    999.000    999.000
    I_BFAS_NW         49.727      2.790     17.821      0.000
    S_BFAS_NW         -0.568      0.275     -2.064      0.039
    I_BFA_MT_D        33.564      3.404      9.860      0.000
    S_BFA_MT_D         0.375      0.328      1.144      0.253

 Intercepts
    ABFAS_NW           0.000      0.000    999.000    999.000
    BBFAS_NW           0.000      0.000    999.000    999.000
    CBFAS_NW           0.000      0.000    999.000    999.000
    DBFAS_NW           0.000      0.000    999.000    999.000
    ABFA_MT_D          0.000      0.000    999.000    999.000
    BBFA_MT_D          0.000      0.000    999.000    999.000
    CBFA_MT_D          0.000      0.000    999.000    999.000
    DBFA_MT_D          0.000      0.000    999.000    999.000
    P2                 0.000      0.000    999.000    999.000
    P3                 0.000      0.000    999.000    999.000
    P4                 0.000      0.000    999.000    999.000
    V2                 0.000      0.000    999.000    999.000
    V3                 0.000      0.000    999.000    999.000
    V4                 0.000      0.000    999.000    999.000

 Variances
    P1               117.004     17.872      6.547      0.000
    V1               134.574     25.633      5.250      0.000
    I_BFAS_NW        249.544    123.304      2.024      0.043
    S_BFAS_NW          0.771      1.071      0.720      0.472
    I_BFA_MT_D       351.295    196.044      1.792      0.073
    S_BFA_MT_D         1.007      1.807      0.557      0.577

 Residual Variances
    ABFAS_NW           0.000      0.000    999.000    999.000
    BBFAS_NW           0.000      0.000    999.000    999.000
    CBFAS_NW           0.000      0.000    999.000    999.000
    DBFAS_NW           0.000      0.000    999.000    999.000
    ABFA_MT_D          0.000      0.000    999.000    999.000
    BBFA_MT_D          0.000      0.000    999.000    999.000
    CBFA_MT_D          0.000      0.000    999.000    999.000
    DBFA_MT_D          0.000      0.000    999.000    999.000
    P2                52.778      6.646      7.941      0.000
    P3                52.778      6.646      7.941      0.000
    P4                52.778      6.646      7.941      0.000
    V2               129.559     21.564      6.008      0.000
    V3               129.559     21.564      6.008      0.000
    V4               129.559     21.564      6.008      0.000

Group D5

 P1       BY
    ABFAS_NW           1.000      0.000    999.000    999.000

 P2       BY
    BBFAS_NW           1.000      0.000    999.000    999.000

 P3       BY
    CBFAS_NW           1.000      0.000    999.000    999.000

 P4       BY
    DBFAS_NW           1.000      0.000    999.000    999.000

 V1       BY
    ABFA_MT_D          1.000      0.000    999.000    999.000

 V2       BY
    BBFA_MT_D          1.000      0.000    999.000    999.000

 V3       BY
    CBFA_MT_D          1.000      0.000    999.000    999.000

 V4       BY
    DBFA_MT_D          1.000      0.000    999.000    999.000

 P4         ON
    P3                 0.126      0.125      1.003      0.316
    V3                 0.125      0.067      1.885      0.059

 P3         ON
    P2                 0.126      0.125      1.003      0.316
    V2                 0.125      0.067      1.885      0.059

 P2         ON
    P1                 0.126      0.125      1.003      0.316
    V1                 0.125      0.067      1.885      0.059

 V4         ON
    V3                 0.086      0.127      0.680      0.496
    P3                 0.176      0.125      1.411      0.158

 V3         ON
    V2                 0.086      0.127      0.680      0.496
    P2                 0.176      0.125      1.411      0.158

 V2         ON
    V1                 0.086      0.127      0.680      0.496
    P1                 0.176      0.125      1.411      0.158

 S_BFAS_N WITH
    I_BFAS_NW        -30.705     42.180     -0.728      0.467
    S_BFA_MT_D         1.503      1.973      0.762      0.446
    I_BFA_MT_D       -20.814     34.654     -0.601      0.548

 I_BFAS_N WITH
    S_BFA_MT_D       -32.874     38.898     -0.845      0.398
    I_BFA_MT_D       553.442    672.745      0.823      0.411

 S_BFA_MT WITH
    I_BFA_MT_D       -22.802     33.525     -0.680      0.496

 P1       WITH
    V1                -4.847     19.494     -0.249      0.804

 P2       WITH
    V2                23.887      9.523      2.508      0.012

 P3       WITH
    V3                23.887      9.523      2.508      0.012

 P4       WITH
    V4                23.887      9.523      2.508      0.012

 Means
    P1                 0.000      0.000    999.000    999.000
    V1                 0.000      0.000    999.000    999.000
    I_BFAS_NW         51.424      7.248      7.095      0.000
    S_BFAS_NW         -0.487      0.394     -1.235      0.217
    I_BFA_MT_D        35.689      7.581      4.708      0.000
    S_BFA_MT_D        -0.040      0.442     -0.090      0.928

 Intercepts
    ABFAS_NW           0.000      0.000    999.000    999.000
    BBFAS_NW           0.000      0.000    999.000    999.000
    CBFAS_NW           0.000      0.000    999.000    999.000
    DBFAS_NW           0.000      0.000    999.000    999.000
    ABFA_MT_D          0.000      0.000    999.000    999.000
    BBFA_MT_D          0.000      0.000    999.000    999.000
    CBFA_MT_D          0.000      0.000    999.000    999.000
    DBFA_MT_D          0.000      0.000    999.000    999.000
    P2                 0.000      0.000    999.000    999.000
    P3                 0.000      0.000    999.000    999.000
    P4                 0.000      0.000    999.000    999.000
    V2                 0.000      0.000    999.000    999.000
    V3                 0.000      0.000    999.000    999.000
    V4                 0.000      0.000    999.000    999.000

 Variances
    P1                93.009     25.821      3.602      0.000
    V1                99.641     28.617      3.482      0.000
    I_BFAS_NW        898.351    820.803      1.094      0.274
    S_BFAS_NW          1.682      2.195      0.766      0.444
    I_BFA_MT_D       487.320    600.056      0.812      0.417
    S_BFA_MT_D         1.994      1.943      1.027      0.305

 Residual Variances
    ABFAS_NW           0.000      0.000    999.000    999.000
    BBFAS_NW           0.000      0.000    999.000    999.000
    CBFAS_NW           0.000      0.000    999.000    999.000
    DBFAS_NW           0.000      0.000    999.000    999.000
    ABFA_MT_D          0.000      0.000    999.000    999.000
    BBFA_MT_D          0.000      0.000    999.000    999.000
    CBFA_MT_D          0.000      0.000    999.000    999.000
    DBFA_MT_D          0.000      0.000    999.000    999.000
    P2                61.344     11.481      5.343      0.000
    P3                61.344     11.481      5.343      0.000
    P4                61.344     11.481      5.343      0.000
    V2               156.265     21.195      7.373      0.000
    V3               156.265     21.195      7.373      0.000
    V4               156.265     21.195      7.373      0.000


QUALITY OF NUMERICAL RESULTS

     Condition Number for the Information Matrix              0.764E-06
       (ratio of smallest to largest eigenvalue)


     Beginning Time:  12:25:33
        Ending Time:  12:25:58
       Elapsed Time:  00:00:25



MUTHEN & MUTHEN
3463 Stoner Ave.
Los Angeles, CA  90066

Tel: (310) 391-9971
Fax: (310) 391-8971
Web: www.StatModel.com
Support: Support@StatModel.com

Copyright (c) 1998-2017 Muthen & Muthen
