Mplus VERSION 6.12
MUTHEN & MUTHEN
03/21/2016  11:23 AM

INPUT INSTRUCTIONS


  title: PxVx Univariate - Col MeanOnly BFA_CI with MeanOnly USI;
  data: file = E:\Projects\lnt_pxvx\Data\LT_227.txt;



  variable:
  names =
  subjid
  Sample
  aGENDER
  aAGE
  aethnic1
  aethnic2
  aedu_mom
  aedu_dad
  aEDUCATN
  bEDUCATN
  cEDUCATN
  aEMPLOYD
  bEMPLOYD
  cEMPLOYD
  dEMPLOYD
  aINCOME
  bINCOME
  cINCOME
  dINCOME
  aS_SCALE
  bS_SCALE
  cS_SCALE
  dS_SCALE
  aD_SCALE
  bD_SCALE
  cD_SCALE
  dD_SCALE
  aS_COMP
  bS_COMP
  cS_COMP
  dS_COMP
  aD_COMP
  bD_COMP
  cD_COMP
  dD_COMP
  aBFI_A
  aBFI_A6
  aBFI_C
  aBFI_E
  aBFI_HP
  aBFI_N
  aBFI_O
  bBFI_A
  bBFI_A6
  bBFI_C
  bBFI_E
  bBFI_HP
  bBFI_N
  bBFI_O
  cBFI_A
  cBFI_A6
  cBFI_C
  cBFI_E
  cBFI_HP
  cBFI_N
  cBFI_O
  dBFI_A
  dBFI_A6
  dBFI_C
  dBFI_E
  dBFI_HP
  dBFI_N
  dBFI_O
  aBFA_AC
  aBFA_AP
  aBFA_CI
  aBFA_CO
  aBFA_EA
  aBFA_EE
  aBFA_N9
  aBFA_NV
  aBFA_NW
  aBFA_OI
  aBFA_OO
  aBFA_PS
  aBFA_MT
  bBFA_AC
  bBFA_AP
  bBFA_CI
  bBFA_CO
  bBFA_EA
  bBFA_EE
  bBFA_N9
  bBFA_NV
  bBFA_NW
  bBFA_OI
  bBFA_OO
  bBFA_MT
  bBFA_PS
  cBFA_AC
  cBFA_AP
  cBFA_CI
  cBFA_CO
  cBFA_EA
  cBFA_EE
  cBFA_N9
  cBFA_NV
  cBFA_NW
  cBFA_OI
  cBFA_OO
  cBFA_MT
  cBFA_PS
  dBFA_AC
  dBFA_AP
  dBFA_CI
  dBFA_CO
  dBFA_EA
  dBFA_EE
  dBFA_N9
  dBFA_NV
  dBFA_NW
  dBFA_OI
  dBFA_OO
  dBFA_MT
  dBFA_PS
  aUSI
  bUSI
  cUSI
  dUSI
  aHRZ_IND
  bHRZ_IND
  cHRZ_IND
  dHRZ_IND
  aVRT_IND
  bVRT_IND
  cVRT_IND
  dVRT_IND
  aHRZ_COL
  bHRZ_COL
  cHRZ_COL
  dHRZ_COL
  aVRT_COL
  bVRT_COL
  cVRT_COL
  dVRT_COL
  aCOLLCTV
  bCOLLCTV
  cCOLLCTV
  dCOLLCTV
  aMVS
  bMVS
  cMVS
  dMVS
  aST
  bST
  cST
  dST
  aSD
  bSD
  cSD
  dSD
  aMVS_mc
  bMVS_mc
  cMVS_mc
  dMVS_mc
  aST_mc
  bST_mc
  cST_mc
  dST_mc
  aSD_mc
  bSD_mc
  cSD_mc
  dSD_mc
  bMEANING
  cMEANING
  dMEANING
  bMEAN_L
  cMEAN_L
  dMEAN_L
  bMEANNGc
  cMEANNGc
  dMEANNGc
  bMEANGlc
  cMEANGlc
  dMEANGlc
  bCLASSIC
  cCLASSIC
  dCLASSIC
  bCLASSCc
  cCLASSCc
  dCLASSCc
  bAGR_VAL
  cAGR_VAL
  dAGR_VAL
  bOPN_VAL
  cOPN_VAL
  dOPN_VAL
  bAGR_VLc
  cAGR_VLc
  dAGR_VLc
  bOPNVALc
  cOPNVALc
  dOPNVALc
  aMV_pomp
  bMV_pomp
  cMV_pomp
  dMV_pomp
  aST_pomp
  bST_pomp
  cST_pomp
  dST_pomp
  aSD_pomp
  bSD_pomp
  cSD_pomp
  dSD_pomp
  agoal_ec
  bgoal_ec
  cgoal_ec
  dgoal_ec
  aAspfinc
  bAspfinc
  cAspfinc
  dAspfinc
  abfi_hp8
  bbfi_hp8
  cbfi_hp8
  dbfi_hp8
  aP_S_BFI
  aP_D_BFI
  aECgoalc
  bECgoalC
  cECgoalC
  dECgoalC
  aaspfin
  baspfin
  caspfin
  daspfin
  aMVI_POMP
  bMVI_POMP
  cMVI_POMP
  dMVI_POMP;

  USEVARIABLES =
  aBFA_CI
  bBFA_CI
  cBFA_CI
  dBFA_CI
  aUSI
  bUSI
  cUSI
  dUSI
  bage_c
  cage_c
  dage_c
  ;

  missing = all (-9999);

  USEOBSERVATIONS are Sample == 2; ! College Sample

  tscores = bage_c cage_c dage_c;

  DEFINE:
  bage_c = aAGE + 1 - 20.5;
  cage_c = aAGE + 2 - 20.5;
  dage_c = aAGE + 3 - 20.5;

  ANALYSIS:
  TYPE=RANDOM;
  PROCESSORS = 8;

  MODEL:

  i_BFA_CI s_BFA_CI | bBFA_CI cBFA_CI dBFA_CI AT bage_c cage_c dage_c;
  i_USI s_USI | bUSI cUSI dUSI AT bage_c cage_c dage_c;


  !After Bollen and Curran initial observation is not part of LGM

  dBFA_CI on cBFA_CI (a); ! Autoregressive paths constrained to equality
  cBFA_CI on bBFA_CI (a);
  bBFA_CI on aBFA_CI (a);

  dUSI on cUSI (b); ! Autoregressive paths constrained to equality
  cUSI on bUSI (b);
  bUSI on aUSI (b);

  bBFA_CI cBFA_CI dBFA_CI (c); !Equality constraint on residuals
  bUSI cUSI dUSI (d); !Equality constraint on residuals

  dUSI on cBFA_CI (x); ! Cross-lagged paths constrained to equality
  cUSI on bBFA_CI (x);
  bUSI on aBFA_CI (x);

  dBFA_CI on cUSI (y); ! Cross-lagged paths constrained to equality
  cBFA_CI on bUSI (y);
  bBFA_CI on aUSI (y);

  dUSI with dBFA_CI (w); ! within-wave correlations constrained to equality
  cUSI with cBFA_CI (w);
  bUSI with bBFA_CI (w);

  aBFA_CI aUSI i_BFA_CI i_USI
  with
  aBFA_CI aUSI i_BFA_CI i_USI;

  s_BFA_CI@0;

  s_USI@0;

  OUTPUT: SAMPSTAT PATTERNS;



*** WARNING
  Variable name contains more than 8 characters.
  Only the first 8 characters will be printed in the output.
  Variable: AMVI_POMP
*** WARNING
  Variable name contains more than 8 characters.
  Only the first 8 characters will be printed in the output.
  Variable: BMVI_POMP
*** WARNING
  Variable name contains more than 8 characters.
  Only the first 8 characters will be printed in the output.
  Variable: CMVI_POMP
*** WARNING
  Variable name contains more than 8 characters.
  Only the first 8 characters will be printed in the output.
  Variable: DMVI_POMP
*** WARNING in MODEL command
  All continuous latent variable covariances involving S_BFA_CI have been fixed to 0
  because the variance of S_BFA_CI is fixed at 0.
*** WARNING in MODEL command
  All continuous latent variable covariances involving S_USI have been fixed to 0
  because the variance of S_USI is fixed at 0.
*** WARNING
  Data set contains cases with missing on all variables.
  These cases were not included in the analysis.
  Number of cases with missing on all variables:  1
*** WARNING
  Data set contains cases with missing on time scores but non-missing on the
  corresponding dependent variables.  These cases were not included in the analysis.
  Number of such cases:  2
   8 WARNING(S) FOUND IN THE INPUT INSTRUCTIONS



PxVx Univariate - Col MeanOnly BFA_CI with MeanOnly USI;

SUMMARY OF ANALYSIS

Number of groups                                                 1
Number of observations                                         277

Number of dependent variables                                    6
Number of independent variables                                  2
Number of continuous latent variables                            4

Observed dependent variables

  Continuous
   BBFA_CI     CBFA_CI     DBFA_CI     BUSI        CUSI        DUSI

Observed independent variables
   ABFA_CI     AUSI

Continuous latent variables
   I_BFA_CI    S_BFA_CI    I_USI       S_USI

Variables with special functions

  Time scores
   BAGE_C      CAGE_C      DAGE_C


Estimator                                                      MLR
Information matrix                                        OBSERVED
Maximum number of iterations                                   100
Convergence criterion                                    0.100D-05
Maximum number of EM iterations                                500
Convergence criteria for the EM algorithm
  Loglikelihood change                                   0.100D-02
  Relative loglikelihood change                          0.100D-05
  Derivative                                             0.100D-03
Minimum variance                                         0.100D-03
Maximum number of steepest descent iterations                   20
Maximum number of iterations for H1                           2000
Convergence criterion for H1                             0.100D-03
Optimization algorithm                                         EMA

Input data file(s)
  E:\Projects\lnt_pxvx\Data\LT_227.txt
Input data format  FREE


SUMMARY OF DATA

     Number of missing data patterns            12


SUMMARY OF MISSING DATA PATTERNS


     MISSING DATA PATTERNS (x = not missing)

           1  2  3  4  5  6  7  8  9 10 11 12
 BBFA_CI   x  x     x        x  x           x
 CBFA_CI   x  x  x                 x  x
 DBFA_CI   x              x  x  x  x  x
 BUSI      x  x     x           x
 CUSI      x  x  x                 x  x
 DUSI      x              x     x     x
 ABFA_CI   x  x  x  x  x  x  x  x  x  x  x  x
 AUSI      x  x  x  x  x  x  x  x  x  x     x


     MISSING DATA PATTERN FREQUENCIES

    Pattern   Frequency     Pattern   Frequency     Pattern   Frequency
          1         138           5          52           9           1
          2          12           6          11          10          10
          3           5           7           1          11           2
          4          27           8          16          12           2


COVARIANCE COVERAGE OF DATA

Minimum covariance coverage value   0.100


     PROPORTION OF DATA PRESENT


           Covariance Coverage
              BBFA_CI       CBFA_CI       DBFA_CI       BUSI          CUSI
              ________      ________      ________      ________      ________
 BBFA_CI        0.708
 CBFA_CI        0.542         0.599
 DBFA_CI        0.560         0.538         0.639
 BUSI           0.697         0.542         0.556         0.697
 CUSI           0.542         0.599         0.538         0.542         0.599
 DUSI           0.556         0.534         0.632         0.556         0.534
 ABFA_CI        0.708         0.599         0.639         0.697         0.599
 AUSI           0.708         0.599         0.639         0.697         0.599


           Covariance Coverage
              DUSI          ABFA_CI       AUSI
              ________      ________      ________
 DUSI           0.632
 ABFA_CI        0.632         1.000
 AUSI           0.632         0.993         0.993


SAMPLE STATISTICS


     ESTIMATED SAMPLE STATISTICS


           Means
              BBFA_CI       CBFA_CI       DBFA_CI       BUSI          CUSI
              ________      ________      ________      ________      ________
 1             59.149        59.558        59.858        31.564        30.352


           Means
              DUSI          ABFA_CI       AUSI
              ________      ________      ________
 1             29.970        59.309        33.045


           Covariances
              BBFA_CI       CBFA_CI       DBFA_CI       BUSI          CUSI
              ________      ________      ________      ________      ________
 BBFA_CI      296.706
 CBFA_CI      211.532       272.159
 DBFA_CI      209.502       232.647       328.055
 BUSI          -5.122       -10.047        -2.272       244.540
 CUSI           0.831         0.319        -2.981       183.147       252.635
 DUSI           1.011         2.901        -4.527       169.933       191.810
 ABFA_CI      220.319       194.774       213.835         8.169         1.782
 AUSI          -7.276        10.133        -6.342       181.306       178.424


           Covariances
              DUSI          ABFA_CI       AUSI
              ________      ________      ________
 DUSI         277.683
 ABFA_CI        2.705       291.864
 AUSI         174.592         1.270       249.435


           Correlations
              BBFA_CI       CBFA_CI       DBFA_CI       BUSI          CUSI
              ________      ________      ________      ________      ________
 BBFA_CI        1.000
 CBFA_CI        0.744         1.000
 DBFA_CI        0.672         0.779         1.000
 BUSI          -0.019        -0.039        -0.008         1.000
 CUSI           0.003         0.001        -0.010         0.737         1.000
 DUSI           0.004         0.011        -0.015         0.652         0.724
 ABFA_CI        0.749         0.691         0.691         0.031         0.007
 AUSI          -0.027         0.039        -0.022         0.734         0.711


           Correlations
              DUSI          ABFA_CI       AUSI
              ________      ________      ________
 DUSI           1.000
 ABFA_CI        0.010         1.000
 AUSI           0.663         0.005         1.000


     MAXIMUM LOG-LIKELIHOOD VALUE FOR THE UNRESTRICTED (H1) MODEL IS -6399.102


THE MODEL ESTIMATION TERMINATED NORMALLY



MODEL FIT INFORMATION

Number of Free Parameters                       23

Loglikelihood

          H0 Value                       -6406.839
          H0 Scaling Correction Factor       1.055
            for MLR

Information Criteria

          Akaike (AIC)                   12859.678
          Bayesian (BIC)                 12943.031
          Sample-Size Adjusted BIC       12870.101
            (n* = (n + 2) / 24)



MODEL RESULTS

                                                    Two-Tailed
                    Estimate       S.E.  Est./S.E.    P-Value

 DBFA_CI    ON
    CBFA_CI            0.294      0.079      3.720      0.000
    CUSI              -0.101      0.081     -1.254      0.210

 CBFA_CI    ON
    BBFA_CI            0.294      0.079      3.720      0.000
    BUSI              -0.101      0.081     -1.254      0.210

 BBFA_CI    ON
    ABFA_CI            0.294      0.079      3.720      0.000
    AUSI              -0.101      0.081     -1.254      0.210

 DUSI       ON
    CUSI               0.237      0.100      2.368      0.018
    CBFA_CI            0.024      0.059      0.399      0.690

 CUSI       ON
    BUSI               0.237      0.100      2.368      0.018
    BBFA_CI            0.024      0.059      0.399      0.690

 BUSI       ON
    AUSI               0.237      0.100      2.368      0.018
    ABFA_CI            0.024      0.059      0.399      0.690

 I_USI    WITH
    I_BFA_CI          10.357     19.887      0.521      0.602

 ABFA_CI  WITH
    I_BFA_CI         141.008     24.731      5.702      0.000
    I_USI             -2.500     18.346     -0.136      0.892

 AUSI     WITH
    I_BFA_CI          18.677     20.753      0.900      0.368
    I_USI            129.373     23.473      5.512      0.000

 DUSI     WITH
    DBFA_CI           -3.935      5.659     -0.695      0.487

 CUSI     WITH
    CBFA_CI           -3.935      5.659     -0.695      0.487

 BUSI     WITH
    BBFA_CI           -3.935      5.659     -0.695      0.487

 AUSI     WITH
    ABFA_CI            1.270     16.568      0.077      0.939

 Means
    ABFA_CI           59.309      1.025     57.867      0.000
    AUSI              33.046      0.952     34.703      0.000
    I_BFA_CI          44.539      5.251      8.481      0.000
    S_BFA_CI           0.379      0.487      0.778      0.437
    I_USI             22.424      3.859      5.811      0.000
    S_USI             -0.338      0.488     -0.693      0.488

 Intercepts
    BBFA_CI            0.000      0.000    999.000    999.000
    CBFA_CI            0.000      0.000    999.000    999.000
    DBFA_CI            0.000      0.000    999.000    999.000
    BUSI               0.000      0.000    999.000    999.000
    CUSI               0.000      0.000    999.000    999.000
    DUSI               0.000      0.000    999.000    999.000

 Variances
    ABFA_CI          291.863     22.589     12.920      0.000
    AUSI             249.435     16.967     14.701      0.000
    I_BFA_CI         100.625     29.460      3.416      0.001
    S_BFA_CI           0.000      0.000    999.000    999.000
    I_USI             96.064     33.793      2.843      0.004
    S_USI              0.000      0.000    999.000    999.000

 Residual Variances
    BBFA_CI           94.663     12.612      7.506      0.000
    CBFA_CI           94.663     12.612      7.506      0.000
    DBFA_CI           94.663     12.612      7.506      0.000
    BUSI              87.748     11.934      7.353      0.000
    CUSI              87.748     11.934      7.353      0.000
    DUSI              87.748     11.934      7.353      0.000


QUALITY OF NUMERICAL RESULTS

     Condition Number for the Information Matrix              0.126E-06
       (ratio of smallest to largest eigenvalue)


     Beginning Time:  11:23:01
        Ending Time:  11:23:02
       Elapsed Time:  00:00:01



MUTHEN & MUTHEN
3463 Stoner Ave.
Los Angeles, CA  90066

Tel: (310) 391-9971
Fax: (310) 391-8971
Web: www.StatModel.com
Support: Support@StatModel.com

Copyright (c) 1998-2011 Muthen & Muthen
