Mplus VERSION 6.12
MUTHEN & MUTHEN
03/09/2016   6:31 PM

INPUT INSTRUCTIONS


  title: PxVx Univariate - Col Lin BFA_OI with Lin VRT_IND;
  data: file = E:\Projects\lnt_pxvx\Data\LT_227.txt;



  variable:
  names =
  subjid
  Sample
  aGENDER
  aAGE
  aethnic1
  aethnic2
  aedu_mom
  aedu_dad
  aEDUCATN
  bEDUCATN
  cEDUCATN
  aEMPLOYD
  bEMPLOYD
  cEMPLOYD
  dEMPLOYD
  aINCOME
  bINCOME
  cINCOME
  dINCOME
  aS_SCALE
  bS_SCALE
  cS_SCALE
  dS_SCALE
  aD_SCALE
  bD_SCALE
  cD_SCALE
  dD_SCALE
  aS_COMP
  bS_COMP
  cS_COMP
  dS_COMP
  aD_COMP
  bD_COMP
  cD_COMP
  dD_COMP
  aBFI_A
  aBFI_A6
  aBFI_C
  aBFI_E
  aBFI_HP
  aBFI_N
  aBFI_O
  bBFI_A
  bBFI_A6
  bBFI_C
  bBFI_E
  bBFI_HP
  bBFI_N
  bBFI_O
  cBFI_A
  cBFI_A6
  cBFI_C
  cBFI_E
  cBFI_HP
  cBFI_N
  cBFI_O
  dBFI_A
  dBFI_A6
  dBFI_C
  dBFI_E
  dBFI_HP
  dBFI_N
  dBFI_O
  aBFA_AC
  aBFA_AP
  aBFA_CI
  aBFA_CO
  aBFA_EA
  aBFA_EE
  aBFA_N9
  aBFA_NV
  aBFA_NW
  aBFA_OI
  aBFA_OO
  aBFA_PS
  aBFA_MT
  bBFA_AC
  bBFA_AP
  bBFA_CI
  bBFA_CO
  bBFA_EA
  bBFA_EE
  bBFA_N9
  bBFA_NV
  bBFA_NW
  bBFA_OI
  bBFA_OO
  bBFA_MT
  bBFA_PS
  cBFA_AC
  cBFA_AP
  cBFA_CI
  cBFA_CO
  cBFA_EA
  cBFA_EE
  cBFA_N9
  cBFA_NV
  cBFA_NW
  cBFA_OI
  cBFA_OO
  cBFA_MT
  cBFA_PS
  dBFA_AC
  dBFA_AP
  dBFA_CI
  dBFA_CO
  dBFA_EA
  dBFA_EE
  dBFA_N9
  dBFA_NV
  dBFA_NW
  dBFA_OI
  dBFA_OO
  dBFA_MT
  dBFA_PS
  aUSI
  bUSI
  cUSI
  dUSI
  aHRZ_IND
  bHRZ_IND
  cHRZ_IND
  dHRZ_IND
  aVRT_IND
  bVRT_IND
  cVRT_IND
  dVRT_IND
  aHRZ_COL
  bHRZ_COL
  cHRZ_COL
  dHRZ_COL
  aVRT_COL
  bVRT_COL
  cVRT_COL
  dVRT_COL
  aCOLLCTV
  bCOLLCTV
  cCOLLCTV
  dCOLLCTV
  aMVS
  bMVS
  cMVS
  dMVS
  aST
  bST
  cST
  dST
  aSD
  bSD
  cSD
  dSD
  aMVS_mc
  bMVS_mc
  cMVS_mc
  dMVS_mc
  aST_mc
  bST_mc
  cST_mc
  dST_mc
  aSD_mc
  bSD_mc
  cSD_mc
  dSD_mc
  bMEANING
  cMEANING
  dMEANING
  bMEAN_L
  cMEAN_L
  dMEAN_L
  bMEANNGc
  cMEANNGc
  dMEANNGc
  bMEANGlc
  cMEANGlc
  dMEANGlc
  bCLASSIC
  cCLASSIC
  dCLASSIC
  bCLASSCc
  cCLASSCc
  dCLASSCc
  bAGR_VAL
  cAGR_VAL
  dAGR_VAL
  bOPN_VAL
  cOPN_VAL
  dOPN_VAL
  bAGR_VLc
  cAGR_VLc
  dAGR_VLc
  bOPNVALc
  cOPNVALc
  dOPNVALc
  aMV_pomp
  bMV_pomp
  cMV_pomp
  dMV_pomp
  aST_pomp
  bST_pomp
  cST_pomp
  dST_pomp
  aSD_pomp
  bSD_pomp
  cSD_pomp
  dSD_pomp
  agoal_ec
  bgoal_ec
  cgoal_ec
  dgoal_ec
  aAspfinc
  bAspfinc
  cAspfinc
  dAspfinc
  abfi_hp8
  bbfi_hp8
  cbfi_hp8
  dbfi_hp8
  aP_S_BFI
  aP_D_BFI
  aECgoalc
  bECgoalC
  cECgoalC
  dECgoalC
  aaspfin
  baspfin
  caspfin
  daspfin;

  USEVARIABLES =
  aBFA_OI
  bBFA_OI
  cBFA_OI
  dBFA_OI
  aVRT_IND
  bVRT_IND
  cVRT_IND
  dVRT_IND
  bage_c
  cage_c
  dage_c
  ;

  missing = all (-9999);

  USEOBSERVATIONS are Sample == 2; ! College Sample

  tscores = bage_c cage_c dage_c;

  DEFINE:
  bage_c = aAGE + 1 - 20.5;
  cage_c = aAGE + 2 - 20.5;
  dage_c = aAGE + 3 - 20.5;

  ANALYSIS:
  TYPE=RANDOM;
  PROCESSORS = 8;

  MODEL:

  i_BFA_OI s_BFA_OI | bBFA_OI cBFA_OI dBFA_OI AT bage_c cage_c dage_c;
  i_VRT_IND s_VRT_IND | bVRT_IND cVRT_IND dVRT_IND AT bage_c cage_c dage_c;


  !After Bollen and Curran initial observation is not part of LGM

  dBFA_OI on cBFA_OI (a); ! Autoregressive paths constrained to equality
  cBFA_OI on bBFA_OI (a);
  bBFA_OI on aBFA_OI (a);

  dVRT_IND on cVRT_IND (b); ! Autoregressive paths constrained to equality
  cVRT_IND on bVRT_IND (b);
  bVRT_IND on aVRT_IND (b);

  bBFA_OI cBFA_OI dBFA_OI (c); !Equality constraint on residuals
  bVRT_IND cVRT_IND dVRT_IND (d); !Equality constraint on residuals

  dVRT_IND on cBFA_OI (x); ! Cross-lagged paths constrained to equality
  cVRT_IND on bBFA_OI (x);
  bVRT_IND on aBFA_OI (x);

  dBFA_OI on cVRT_IND (y); ! Cross-lagged paths constrained to equality
  cBFA_OI on bVRT_IND (y);
  bBFA_OI on aVRT_IND (y);

  dVRT_IND with dBFA_OI (w); ! within-wave correlations constrained to equality
  cVRT_IND with cBFA_OI (w);
  bVRT_IND with bBFA_OI (w);

  aBFA_OI aVRT_IND i_BFA_OI i_VRT_IND
  s_BFA_OI
  s_VRT_IND
  with
  s_BFA_OI
  s_VRT_IND
  aBFA_OI aVRT_IND i_BFA_OI i_VRT_IND;



  OUTPUT: SAMPSTAT PATTERNS;



*** WARNING
  Variable name contains more than 8 characters.
  Only the first 8 characters will be printed in the output.
  Variable: I_VRT_IND
*** WARNING
  Variable name contains more than 8 characters.
  Only the first 8 characters will be printed in the output.
  Variable: S_VRT_IND
*** WARNING
  Data set contains cases with missing on all variables.
  These cases were not included in the analysis.
  Number of cases with missing on all variables:  1
   3 WARNING(S) FOUND IN THE INPUT INSTRUCTIONS



PxVx Univariate - Col Lin BFA_OI with Lin VRT_IND;

SUMMARY OF ANALYSIS

Number of groups                                                 1
Number of observations                                         279

Number of dependent variables                                    6
Number of independent variables                                  2
Number of continuous latent variables                            4

Observed dependent variables

  Continuous
   BBFA_OI     CBFA_OI     DBFA_OI     BVRT_IND    CVRT_IND    DVRT_IND

Observed independent variables
   ABFA_OI     AVRT_IND

Continuous latent variables
   I_BFA_OI    S_BFA_OI    I_VRT_IN    S_VRT_IN

Variables with special functions

  Time scores
   BAGE_C      CAGE_C      DAGE_C


Estimator                                                      MLR
Information matrix                                        OBSERVED
Maximum number of iterations                                   100
Convergence criterion                                    0.100D-05
Maximum number of EM iterations                                500
Convergence criteria for the EM algorithm
  Loglikelihood change                                   0.100D-02
  Relative loglikelihood change                          0.100D-05
  Derivative                                             0.100D-03
Minimum variance                                         0.100D-03
Maximum number of steepest descent iterations                   20
Maximum number of iterations for H1                           2000
Convergence criterion for H1                             0.100D-03
Optimization algorithm                                         EMA

Input data file(s)
  E:\Projects\lnt_pxvx\Data\LT_227.txt
Input data format  FREE


SUMMARY OF DATA

     Number of missing data patterns            12


SUMMARY OF MISSING DATA PATTERNS


     MISSING DATA PATTERNS (x = not missing)

           1  2  3  4  5  6  7  8  9 10 11 12
 BBFA_OI   x  x     x        x  x           x
 CBFA_OI   x  x  x                 x  x
 DBFA_OI   x              x  x  x  x  x
 BVRT_IND  x  x     x           x
 CVRT_IND  x  x  x                 x  x
 DVRT_IND  x              x     x     x
 ABFA_OI   x  x  x  x  x  x  x  x  x  x  x  x
 AVRT_IND  x  x  x  x  x  x  x  x  x  x     x


     MISSING DATA PATTERN FREQUENCIES

    Pattern   Frequency     Pattern   Frequency     Pattern   Frequency
          1         140           5          52           9           1
          2          12           6          11          10          10
          3           5           7           1          11           2
          4          27           8          16          12           2


COVARIANCE COVERAGE OF DATA

Minimum covariance coverage value   0.100


     PROPORTION OF DATA PRESENT


           Covariance Coverage
              BBFA_OI       CBFA_OI       DBFA_OI       BVRT_IND      CVRT_IND
              ________      ________      ________      ________      ________
 BBFA_OI        0.710
 CBFA_OI        0.545         0.602
 DBFA_OI        0.563         0.541         0.642
 BVRT_IND       0.699         0.545         0.559         0.699
 CVRT_IND       0.545         0.602         0.541         0.545         0.602
 DVRT_IND       0.559         0.538         0.634         0.559         0.538
 ABFA_OI        0.710         0.602         0.642         0.699         0.602
 AVRT_IND       0.710         0.602         0.642         0.699         0.602


           Covariance Coverage
              DVRT_IND      ABFA_OI       AVRT_IND
              ________      ________      ________
 DVRT_IND       0.634
 ABFA_OI        0.634         1.000
 AVRT_IND       0.634         0.993         0.993


SAMPLE STATISTICS


     ESTIMATED SAMPLE STATISTICS


           Means
              BBFA_OI       CBFA_OI       DBFA_OI       BVRT_IND      CVRT_IND
              ________      ________      ________      ________      ________
 1             71.015        70.162        72.134        47.147        47.752


           Means
              DVRT_IND      ABFA_OI       AVRT_IND
              ________      ________      ________
 1             47.298        71.262        49.332


           Covariances
              BBFA_OI       CBFA_OI       DBFA_OI       BVRT_IND      CVRT_IND
              ________      ________      ________      ________      ________
 BBFA_OI      211.578
 CBFA_OI      182.275       245.589
 DBFA_OI      176.357       193.473       226.267
 BVRT_IND      -1.803       -11.429        18.536       383.012
 CVRT_IND      13.528        21.327        35.866       266.198       400.275
 DVRT_IND     -16.361       -36.282         4.798       254.986       283.170
 ABFA_OI      166.739       169.183       161.768         3.796        13.269
 AVRT_IND       0.733       -14.782        18.047       263.201       264.854


           Covariances
              DVRT_IND      ABFA_OI       AVRT_IND
              ________      ________      ________
 DVRT_IND     409.305
 ABFA_OI      -10.740       216.189
 AVRT_IND     241.237        -8.531       388.092


           Correlations
              BBFA_OI       CBFA_OI       DBFA_OI       BVRT_IND      CVRT_IND
              ________      ________      ________      ________      ________
 BBFA_OI        1.000
 CBFA_OI        0.800         1.000
 DBFA_OI        0.806         0.821         1.000
 BVRT_IND      -0.006        -0.037         0.063         1.000
 CVRT_IND       0.046         0.068         0.119         0.680         1.000
 DVRT_IND      -0.056        -0.114         0.016         0.644         0.700
 ABFA_OI        0.780         0.734         0.731         0.013         0.045
 AVRT_IND       0.003        -0.048         0.061         0.683         0.672


           Correlations
              DVRT_IND      ABFA_OI       AVRT_IND
              ________      ________      ________
 DVRT_IND       1.000
 ABFA_OI       -0.036         1.000
 AVRT_IND       0.605        -0.029         1.000


     MAXIMUM LOG-LIKELIHOOD VALUE FOR THE UNRESTRICTED (H1) MODEL IS -6494.654


THE MODEL ESTIMATION TERMINATED NORMALLY



MODEL FIT INFORMATION

Number of Free Parameters                       34

Loglikelihood

          H0 Value                       -6503.783
          H0 Scaling Correction Factor       1.017
            for MLR

Information Criteria

          Akaike (AIC)                   13075.566
          Bayesian (BIC)                 13199.028
          Sample-Size Adjusted BIC       13091.217
            (n* = (n + 2) / 24)



MODEL RESULTS

                                                    Two-Tailed
                    Estimate       S.E.  Est./S.E.    P-Value

 DBFA_OI    ON
    CBFA_OI            0.019      0.077      0.252      0.801
    CVRT_IND           0.044      0.063      0.690      0.490

 CBFA_OI    ON
    BBFA_OI            0.019      0.077      0.252      0.801
    BVRT_IND           0.044      0.063      0.690      0.490

 BBFA_OI    ON
    ABFA_OI            0.019      0.077      0.252      0.801
    AVRT_IND           0.044      0.063      0.690      0.490

 DVRT_IND   ON
    CVRT_IND          -0.048      0.158     -0.305      0.760
    CBFA_OI            0.018      0.102      0.175      0.861

 CVRT_IND   ON
    BVRT_IND          -0.048      0.158     -0.305      0.760
    BBFA_OI            0.018      0.102      0.175      0.861

 BVRT_IND   ON
    AVRT_IND          -0.048      0.158     -0.305      0.760
    ABFA_OI            0.018      0.102      0.175      0.861

 S_BFA_OI WITH
    I_BFA_OI          -3.323      5.802     -0.573      0.567

 I_VRT_IN WITH
    I_BFA_OI         -37.896     54.896     -0.690      0.490
    S_BFA_OI          17.420     10.322      1.688      0.091

 S_VRT_IN WITH
    I_BFA_OI          -0.550     10.298     -0.053      0.957
    S_BFA_OI          -3.098      3.808     -0.814      0.416
    I_VRT_IND        -37.903     23.190     -1.634      0.102

 ABFA_OI  WITH
    I_BFA_OI         166.820     24.286      6.869      0.000
    S_BFA_OI          -2.290      4.922     -0.465      0.642
    I_VRT_IND         11.986     35.822      0.335      0.738
    S_VRT_IND         -6.414      9.425     -0.681      0.496

 AVRT_IND WITH
    I_BFA_OI         -38.264     36.258     -1.055      0.291
    S_BFA_OI          13.654      7.618      1.792      0.073
    I_VRT_IND        295.676     68.823      4.296      0.000
    S_VRT_IND        -11.460     12.755     -0.898      0.369

 DVRT_IND WITH
    DBFA_OI           11.843      6.403      1.850      0.064

 CVRT_IND WITH
    CBFA_OI           11.843      6.403      1.850      0.064

 BVRT_IND WITH
    BBFA_OI           11.843      6.403      1.850      0.064

 AVRT_IND WITH
    ABFA_OI           -8.531     18.303     -0.466      0.641

 Means
    ABFA_OI           71.262      0.880     80.994      0.000
    AVRT_IND          49.331      1.179     41.838      0.000
    I_BFA_OI          66.295      6.265     10.581      0.000
    S_BFA_OI           0.662      0.352      1.883      0.060
    I_VRT_IND         48.636      6.924      7.025      0.000
    S_VRT_IND         -0.064      0.620     -0.103      0.918

 Intercepts
    BBFA_OI            0.000      0.000    999.000    999.000
    CBFA_OI            0.000      0.000    999.000    999.000
    DBFA_OI            0.000      0.000    999.000    999.000
    BVRT_IND           0.000      0.000    999.000    999.000
    CVRT_IND           0.000      0.000    999.000    999.000
    DVRT_IND           0.000      0.000    999.000    999.000

 Variances
    ABFA_OI          216.189     16.212     13.335      0.000
    AVRT_IND         388.092     31.344     12.382      0.000
    I_BFA_OI         181.032     34.511      5.246      0.000
    S_BFA_OI           1.925      1.339      1.438      0.150
    I_VRT_IND        368.214    138.916      2.651      0.008
    S_VRT_IND         20.389     12.599      1.618      0.106

 Residual Variances
    BBFA_OI           42.720      4.803      8.894      0.000
    CBFA_OI           42.720      4.803      8.894      0.000
    DBFA_OI           42.720      4.803      8.894      0.000
    BVRT_IND         105.755     21.219      4.984      0.000
    CVRT_IND         105.755     21.219      4.984      0.000
    DVRT_IND         105.755     21.219      4.984      0.000


QUALITY OF NUMERICAL RESULTS

     Condition Number for the Information Matrix              0.126E-06
       (ratio of smallest to largest eigenvalue)


     Beginning Time:  18:31:34
        Ending Time:  18:31:39
       Elapsed Time:  00:00:05



MUTHEN & MUTHEN
3463 Stoner Ave.
Los Angeles, CA  90066

Tel: (310) 391-9971
Fax: (310) 391-8971
Web: www.StatModel.com
Support: Support@StatModel.com

Copyright (c) 1998-2011 Muthen & Muthen
