Mplus VERSION 8 (Linux)
MUTHEN & MUTHEN
01/07/2019   1:11 PM

INPUT INSTRUCTIONS


  title: PxVx Bivariate LCM-SR - post mi - Linear bfas_oo with Linear aspfinc;


  data: file = /home/jflournoy/code_new/lnt_pxvx/Data/lnt_nat_recalc_famc.tsv;

  variable:
  names =
  subjid
  aage
  aaspfin
  aaspfin_d
  abfa_mt
  abfa_mt_d
  abfas_ac
  abfas_ap
  abfas_ci
  abfas_co
  abfas_ea
  abfas_ee
  abfas_nv
  abfas_nv9
  abfas_nw
  abfas_oi
  abfas_oo
  abfi_a
  abfi_a6
  abfi_c
  abfi_d_scale
  abfi_e
  abfi_hp8
  abfi_n
  abfi_o
  abfi_s_scale
  ahrz_col
  ahrz_col_d
  ahrz_ind
  ahrz_ind_d
  amvi
  ausi
  ausi_d
  avrt_col
  avrt_col_d
  avrt_ind
  avrt_ind_d
  bage
  baspfin
  baspfin_d
  bbfa_mt
  bbfa_mt_d
  bbfas_ac
  bbfas_ap
  bbfas_ci
  bbfas_co
  bbfas_ea
  bbfas_ee
  bbfas_nv
  bbfas_nv9
  bbfas_nw
  bbfas_oi
  bbfas_oo
  bbfi_a
  bbfi_a6
  bbfi_c
  bbfi_d_scale
  bbfi_e
  bbfi_hp8
  bbfi_n
  bbfi_o
  bbfi_s_scale
  bhrz_col
  bhrz_col_d
  bhrz_ind
  bhrz_ind_d
  bmvi
  busi
  busi_d
  bvrt_col
  bvrt_col_d
  bvrt_ind
  bvrt_ind_d
  cage
  caspfin
  caspfin_d
  cbfa_mt
  cbfa_mt_d
  cbfas_ac
  cbfas_ap
  cbfas_ci
  cbfas_co
  cbfas_ea
  cbfas_ee
  cbfas_nv
  cbfas_nv9
  cbfas_nw
  cbfas_oi
  cbfas_oo
  cbfi_a
  cbfi_a6
  cbfi_c
  cbfi_d_scale
  cbfi_e
  cbfi_hp8
  cbfi_n
  cbfi_o
  cbfi_s_scale
  chrz_col
  chrz_col_d
  chrz_ind
  chrz_ind_d
  cmvi
  cusi
  cusi_d
  cvrt_col
  cvrt_col_d
  cvrt_ind
  cvrt_ind_d
  dage
  daspfin
  daspfin_d
  dbfa_mt
  dbfa_mt_d
  dbfas_ac
  dbfas_ap
  dbfas_ci
  dbfas_co
  dbfas_ea
  dbfas_ee
  dbfas_nv
  dbfas_nv9
  dbfas_nw
  dbfas_oi
  dbfas_oo
  dbfi_a
  dbfi_a6
  dbfi_c
  dbfi_d_scale
  dbfi_e
  dbfi_hp8
  dbfi_n
  dbfi_o
  dbfi_s_scale
  dhrz_col
  dhrz_col_d
  dhrz_ind
  dhrz_ind_d
  dmvi
  dusi
  dusi_d
  dvrt_col
  dvrt_col_d
  dvrt_ind
  dvrt_ind_d
  aaspfinc
  baspfinc
  caspfinc
  daspfinc
  ;

  USEVARIABLES =
  abfas_oo
  bbfas_oo
  cbfas_oo
  dbfas_oo
  aaspfinc
  baspfinc
  caspfinc
  daspfinc
  a1
  a2
  a3
  a4
  ;

  missing = all (-9999);

  tscores = a1 a2 a3 a4;

  DEFINE:
  a1 = aage + 0 - 36;
  a2 = aage + 1 - 36;
  a3 = aage + 2 - 36;
  a4 = aage + 3 - 36;

  ANALYSIS:
  TYPE=RANDOM;
  PROCESSORS = 6;
  model=nocovariances; ! supresses default estimation of certain covs in model;

  MODEL:

  i_bfas_oo s_bfas_oo | abfas_oo bbfas_oo cbfas_oo dbfas_oo AT a1 a2 a3 a4;
  i_aspfinc s_aspfinc | aaspfinc baspfinc caspfinc daspfinc AT a1 a2 a3 a4;

  ! freeing factor covs because of "nocovariances"
  s_bfas_oo WITH i_bfas_oo s_aspfinc i_aspfinc;
  i_bfas_oo WITH s_aspfinc i_aspfinc;
  s_aspfinc WITH i_aspfinc;

  p1 BY abfas_oo@1; ! Residual "factors";
  p2 BY bbfas_oo@1;
  p3 BY cbfas_oo@1;
  p4 BY dbfas_oo@1;

  v1 BY aaspfinc@1; ! Residual "factors";
  v2 BY baspfinc@1;
  v3 BY caspfinc@1;
  v4 BY daspfinc@1;

  !residual variances on observed/manifest vars set to 0
  abfas_oo@0;
  bbfas_oo@0;
  cbfas_oo@0;
  dbfas_oo@0;

  !residual variances on observed/manifest vars set to 0
  aaspfinc@0;
  baspfinc@0;
  caspfinc@0;
  daspfinc@0;

  ! means of observed/manifest vars set to 0
  [abfas_oo@0];
  [bbfas_oo@0];
  [cbfas_oo@0];
  [dbfas_oo@0];

  ! means of observed/manifest vars set to 0
  [aaspfinc@0];
  [baspfinc@0];
  [caspfinc@0];
  [daspfinc@0];

  [p1@0]; ! means of residual "factors" set to 0
  [p2@0];
  [p3@0];
  [p4@0];

  [v1@0]; ! means of residual "factors" set to 0
  [v2@0];
  [v3@0];
  [v4@0];

  p4 on p3 (a); ! Autoregressive paths constrained to equality
  p3 on p2 (a);
  p2 on p1 (a);

  v4 on v3 (b); ! Autoregressive paths constrained to equality
  v3 on v2 (b);
  v2 on v1 (b);

  p4 on v3 (c); ! Cross-lagged paths constrained to equality
  p3 on v2 (c);
  p2 on v1 (c);

  v4 on p3 (d); ! Cross-lagged paths constrained to equality
  v3 on p2 (d);
  v2 on p1 (d);

  p1 with v1; !(this one is not like the others)

  p2 with v2 (e); ! Within-wave correlations constrained to equality
  p3 with v3 (e);
  p4 with v4 (e);

  p2 p3 p4 (f); ! estimate variances of residual "factors"
  v2 v3 v4 (g); ! estimate variances of residual "factors"

  OUTPUT: SAMPSTAT PATTERNS;



*** WARNING
  Data set contains cases with missing on time scores but non-missing on the
  corresponding dependent variables.  These cases were not included in the analysis.
  Number of such cases:  5
   1 WARNING(S) FOUND IN THE INPUT INSTRUCTIONS



PxVx Bivariate LCM-SR - post mi - Linear bfas_oo with Linear aspfinc;

SUMMARY OF ANALYSIS

Number of groups                                                 1
Number of observations                                         864

Number of dependent variables                                    8
Number of independent variables                                  0
Number of continuous latent variables                           12

Observed dependent variables

  Continuous
   ABFAS_OO    BBFAS_OO    CBFAS_OO    DBFAS_OO    AASPFINC    BASPFINC
   CASPFINC    DASPFINC

Continuous latent variables
   P1          P2          P3          P4          V1          V2
   V3          V4          I_BFAS_O    S_BFAS_O    I_ASPFIN    S_ASPFIN

Variables with special functions

  Time scores
   A1          A2          A3          A4


Estimator                                                      MLR
Information matrix                                        OBSERVED
Maximum number of iterations                                   100
Convergence criterion                                    0.100D-05
Maximum number of EM iterations                                500
Convergence criteria for the EM algorithm
  Loglikelihood change                                   0.100D-02
  Relative loglikelihood change                          0.100D-05
  Derivative                                             0.100D-03
Minimum variance                                         0.100D-03
Maximum number of steepest descent iterations                   20
Maximum number of iterations for H1                           2000
Convergence criterion for H1                             0.100D-03
Optimization algorithm                                         EMA

Input data file(s)
  /home/jflournoy/code_new/lnt_pxvx/Data/lnt_nat_recalc_famc.tsv
Input data format  FREE


SUMMARY OF DATA

     Number of missing data patterns            18


SUMMARY OF MISSING DATA PATTERNS


     MISSING DATA PATTERNS (x = not missing)

           1  2  3  4  5  6  7  8  9 10 11 12 13 14 15 16 17 18
 ABFAS_OO  x  x  x  x  x  x  x  x  x  x  x  x  x     x  x  x  x
 BBFAS_OO  x     x  x        x     x  x  x     x  x     x  x
 CBFAS_OO  x           x     x  x        x  x  x  x        x
 DBFAS_OO  x     x     x  x              x  x  x  x     x     x
 AASPFINC  x  x  x  x  x  x  x  x     x  x  x  x  x     x  x  x
 BASPFINC  x     x  x        x     x        x  x  x        x
 CASPFINC  x           x     x  x        x  x     x        x
 DASPFINC  x     x     x  x              x  x  x  x     x  x


     MISSING DATA PATTERN FREQUENCIES

    Pattern   Frequency     Pattern   Frequency     Pattern   Frequency
          1         491           7          47          13           1
          2         169           8          24          14           1
          3          26           9           1          15           1
          4          48          10           3          16           1
          5          21          11           2          17           1
          6          24          12           2          18           1


COVARIANCE COVERAGE OF DATA

Minimum covariance coverage value   0.100


     PROPORTION OF DATA PRESENT


           Covariance Coverage
              ABFAS_OO      BBFAS_OO      CBFAS_OO      DBFAS_OO      AASPFINC
              ________      ________      ________      ________      ________
 ABFAS_OO       0.999
 BBFAS_OO       0.719         0.720
 CBFAS_OO       0.682         0.628         0.683
 DBFAS_OO       0.659         0.604         0.600         0.660
 AASPFINC       0.997         0.719         0.683         0.660         0.998
 BASPFINC       0.714         0.713         0.628         0.603         0.714
 CASPFINC       0.681         0.627         0.682         0.598         0.682
 DASPFINC       0.659         0.605         0.601         0.659         0.660


           Covariance Coverage
              BASPFINC      CASPFINC      DASPFINC
              ________      ________      ________
 BASPFINC       0.715
 CASPFINC       0.627         0.682
 DASPFINC       0.604         0.600         0.660


SAMPLE STATISTICS


     ESTIMATED SAMPLE STATISTICS


           Means
              ABFAS_OO      BBFAS_OO      CBFAS_OO      DBFAS_OO      AASPFINC
              ________      ________      ________      ________      ________
               73.192        73.167        72.559        72.319        37.476


           Means
              BASPFINC      CASPFINC      DASPFINC
              ________      ________      ________
               38.169        38.498        39.201


           Covariances
              ABFAS_OO      BBFAS_OO      CBFAS_OO      DBFAS_OO      AASPFINC
              ________      ________      ________      ________      ________
 ABFAS_OO     250.402
 BBFAS_OO     205.687       257.175
 CBFAS_OO     204.687       216.609       268.259
 DBFAS_OO     200.867       207.555       221.329       259.121
 AASPFINC     -54.525       -55.867       -54.350       -42.134       196.943
 BASPFINC     -42.656       -53.787       -53.657       -48.215       154.243
 CASPFINC     -45.082       -48.063       -58.153       -45.740       152.816
 DASPFINC     -37.730       -44.162       -49.215       -48.327       147.021


           Covariances
              BASPFINC      CASPFINC      DASPFINC
              ________      ________      ________
 BASPFINC     198.687
 CASPFINC     162.293       207.594
 DASPFINC     158.192       164.503       209.980


           Correlations
              ABFAS_OO      BBFAS_OO      CBFAS_OO      DBFAS_OO      AASPFINC
              ________      ________      ________      ________      ________
 ABFAS_OO       1.000
 BBFAS_OO       0.811         1.000
 CBFAS_OO       0.790         0.825         1.000
 DBFAS_OO       0.789         0.804         0.839         1.000
 AASPFINC      -0.246        -0.248        -0.236        -0.187         1.000
 BASPFINC      -0.191        -0.238        -0.232        -0.212         0.780
 CASPFINC      -0.198        -0.208        -0.246        -0.197         0.756
 DASPFINC      -0.165        -0.190        -0.207        -0.207         0.723


           Correlations
              BASPFINC      CASPFINC      DASPFINC
              ________      ________      ________
 BASPFINC       1.000
 CASPFINC       0.799         1.000
 DASPFINC       0.774         0.788         1.000


     MAXIMUM LOG-LIKELIHOOD VALUE FOR THE UNRESTRICTED (H1) MODEL IS -19748.603


UNIVARIATE SAMPLE STATISTICS


     UNIVARIATE HIGHER-ORDER MOMENT DESCRIPTIVE STATISTICS

         Variable/         Mean/     Skewness/   Minimum/ % with                Percentiles
        Sample Size      Variance    Kurtosis    Maximum  Min/Max      20%/60%    40%/80%    Median

     ABFAS_OO             73.172      -0.501      20.000    0.12%      60.000     70.000     75.000
             863.000     250.267      -0.279     100.000    1.97%      77.778     87.500
     BBFAS_OO             73.011      -0.541      17.500    0.16%      58.333     70.000     75.000
             622.000     255.547      -0.180     100.000    1.61%      80.000     87.500
     CBFAS_OO             72.902      -0.453      17.500    0.17%      60.000     70.000     75.000
             590.000     262.892      -0.325     100.000    3.90%      80.000     87.500
     DBFAS_OO             72.753      -0.675      15.000    0.18%      60.000     70.000     75.000
             570.000     258.365       0.078     100.000    2.11%      80.000     87.500
     AASPFINC             37.475       0.295       0.337    0.12%      25.092     33.803     36.880
             862.000     197.063       0.423     100.000    0.12%      40.080     50.015
     BASPFINC             38.030       0.188       2.021    0.16%      25.765     33.680     37.554
             618.000     192.416      -0.264      84.201    0.16%      41.901     50.521
     CASPFINC             38.458       0.229       6.231    0.17%      25.260     34.522     38.396
             589.000     204.498      -0.044      97.168    0.17%      42.100     50.689
     DASPFINC             38.857       0.237       0.000    0.18%      26.102     35.196     38.901
             570.000     207.530      -0.006      88.074    0.18%      42.437     51.363


THE MODEL ESTIMATION TERMINATED NORMALLY



MODEL FIT INFORMATION

Number of Free Parameters                       24

Loglikelihood

          H0 Value                      -19767.741
          H0 Scaling Correction Factor      1.2323
            for MLR

Information Criteria

          Akaike (AIC)                   39583.481
          Bayesian (BIC)                 39697.759
          Sample-Size Adjusted BIC       39621.541
            (n* = (n + 2) / 24)



MODEL RESULTS

                                                    Two-Tailed
                    Estimate       S.E.  Est./S.E.    P-Value

 P1       BY
    ABFAS_OO           1.000      0.000    999.000    999.000

 P2       BY
    BBFAS_OO           1.000      0.000    999.000    999.000

 P3       BY
    CBFAS_OO           1.000      0.000    999.000    999.000

 P4       BY
    DBFAS_OO           1.000      0.000    999.000    999.000

 V1       BY
    AASPFINC           1.000      0.000    999.000    999.000

 V2       BY
    BASPFINC           1.000      0.000    999.000    999.000

 V3       BY
    CASPFINC           1.000      0.000    999.000    999.000

 V4       BY
    DASPFINC           1.000      0.000    999.000    999.000

 P4         ON
    P3                 0.145      0.057      2.561      0.010
    V3                -0.058      0.045     -1.292      0.196

 P3         ON
    P2                 0.145      0.057      2.561      0.010
    V2                -0.058      0.045     -1.292      0.196

 P2         ON
    P1                 0.145      0.057      2.561      0.010
    V1                -0.058      0.045     -1.292      0.196

 V4         ON
    V3                 0.152      0.058      2.605      0.009
    P3                 0.012      0.041      0.293      0.770

 V3         ON
    V2                 0.152      0.058      2.605      0.009
    P2                 0.012      0.041      0.293      0.770

 V2         ON
    V1                 0.152      0.058      2.605      0.009
    P1                 0.012      0.041      0.293      0.770

 S_BFAS_O WITH
    I_BFAS_OO          0.200      0.620      0.322      0.747
    S_ASPFINC         -0.010      0.072     -0.135      0.893
    I_ASPFINC         -0.097      1.540     -0.063      0.950

 I_BFAS_O WITH
    S_ASPFINC          1.267      1.452      0.873      0.383
    I_ASPFINC        -46.058      9.440     -4.879      0.000

 S_ASPFIN WITH
    I_ASPFINC         -1.166      0.525     -2.221      0.026

 P1       WITH
    V1               -11.038      3.736     -2.954      0.003

 P2       WITH
    V2                -6.578      2.336     -2.815      0.005

 P3       WITH
    V3                -6.578      2.336     -2.815      0.005

 P4       WITH
    V4                -6.578      2.336     -2.815      0.005

 Means
    P1                 0.000      0.000    999.000    999.000
    V1                 0.000      0.000    999.000    999.000
    I_BFAS_OO         72.954      0.527    138.383      0.000
    S_BFAS_OO         -0.096      0.048     -1.989      0.047
    I_ASPFINC         38.136      0.460     82.907      0.000
    S_ASPFINC         -0.025      0.040     -0.632      0.527

 Intercepts
    ABFAS_OO           0.000      0.000    999.000    999.000
    BBFAS_OO           0.000      0.000    999.000    999.000
    CBFAS_OO           0.000      0.000    999.000    999.000
    DBFAS_OO           0.000      0.000    999.000    999.000
    AASPFINC           0.000      0.000    999.000    999.000
    BASPFINC           0.000      0.000    999.000    999.000
    CASPFINC           0.000      0.000    999.000    999.000
    DASPFINC           0.000      0.000    999.000    999.000
    P2                 0.000      0.000    999.000    999.000
    P3                 0.000      0.000    999.000    999.000
    P4                 0.000      0.000    999.000    999.000
    V2                 0.000      0.000    999.000    999.000
    V3                 0.000      0.000    999.000    999.000
    V4                 0.000      0.000    999.000    999.000

 Variances
    P1                56.749      5.816      9.757      0.000
    V1                55.300      5.026     11.002      0.000
    I_BFAS_OO        198.512     13.075     15.182      0.000
    S_BFAS_OO          0.031      0.097      0.319      0.750
    I_ASPFINC        147.118     12.002     12.258      0.000
    S_ASPFINC          0.043      0.082      0.525      0.599

 Residual Variances
    ABFAS_OO           0.000      0.000    999.000    999.000
    BBFAS_OO           0.000      0.000    999.000    999.000
    CBFAS_OO           0.000      0.000    999.000    999.000
    DBFAS_OO           0.000      0.000    999.000    999.000
    AASPFINC           0.000      0.000    999.000    999.000
    BASPFINC           0.000      0.000    999.000    999.000
    CASPFINC           0.000      0.000    999.000    999.000
    DASPFINC           0.000      0.000    999.000    999.000
    P2                51.783      4.322     11.980      0.000
    P3                51.783      4.322     11.980      0.000
    P4                51.783      4.322     11.980      0.000
    V2                49.327      3.549     13.898      0.000
    V3                49.327      3.549     13.898      0.000
    V4                49.327      3.549     13.898      0.000


QUALITY OF NUMERICAL RESULTS

     Condition Number for the Information Matrix              0.501E-04
       (ratio of smallest to largest eigenvalue)


     Beginning Time:  13:11:34
        Ending Time:  13:11:45
       Elapsed Time:  00:00:11



MUTHEN & MUTHEN
3463 Stoner Ave.
Los Angeles, CA  90066

Tel: (310) 391-9971
Fax: (310) 391-8971
Web: www.StatModel.com
Support: Support@StatModel.com

Copyright (c) 1998-2017 Muthen & Muthen
