Mplus VERSION 7 (Mac)
MUTHEN & MUTHEN
08/04/2017  11:25 AM

INPUT INSTRUCTIONS


  title: PxVx Univariate LCM-SR - Col S_SCALE AR_LinM;
  data: file = /Users/johnflournoy/Documents/lnt_pxvx/Data/LT_227.txt;

  variable:
  names =
  subjid
  Sample
  aGENDER
  aAGE
  aethnic1
  aethnic2
  aedu_mom
  aedu_dad
  aEDUCATN
  bEDUCATN
  cEDUCATN
  aEMPLOYD
  bEMPLOYD
  cEMPLOYD
  dEMPLOYD
  aINCOME
  bINCOME
  cINCOME
  dINCOME
  aS_SCALE
  bS_SCALE
  cS_SCALE
  dS_SCALE
  aD_SCALE
  bD_SCALE
  cD_SCALE
  dD_SCALE
  aS_COMP
  bS_COMP
  cS_COMP
  dS_COMP
  aD_COMP
  bD_COMP
  cD_COMP
  dD_COMP
  aBFI_A
  aBFI_A6
  aBFI_C
  aBFI_E
  aBFI_HP
  aBFI_N
  aBFI_O
  bBFI_A
  bBFI_A6
  bBFI_C
  bBFI_E
  bBFI_HP
  bBFI_N
  bBFI_O
  cBFI_A
  cBFI_A6
  cBFI_C
  cBFI_E
  cBFI_HP
  cBFI_N
  cBFI_O
  dBFI_A
  dBFI_A6
  dBFI_C
  dBFI_E
  dBFI_HP
  dBFI_N
  dBFI_O
  aBFA_AC
  aBFA_AP
  aBFA_CI
  aBFA_CO
  aBFA_EA
  aBFA_EE
  aBFA_N9
  aBFA_NV
  aBFA_NW
  aBFA_OI
  aBFA_OO
  aBFA_PS
  aBFA_MT
  bBFA_AC
  bBFA_AP
  bBFA_CI
  bBFA_CO
  bBFA_EA
  bBFA_EE
  bBFA_N9
  bBFA_NV
  bBFA_NW
  bBFA_OI
  bBFA_OO
  bBFA_MT
  bBFA_PS
  cBFA_AC
  cBFA_AP
  cBFA_CI
  cBFA_CO
  cBFA_EA
  cBFA_EE
  cBFA_N9
  cBFA_NV
  cBFA_NW
  cBFA_OI
  cBFA_OO
  cBFA_MT
  cBFA_PS
  dBFA_AC
  dBFA_AP
  dBFA_CI
  dBFA_CO
  dBFA_EA
  dBFA_EE
  dBFA_N9
  dBFA_NV
  dBFA_NW
  dBFA_OI
  dBFA_OO
  dBFA_MT
  dBFA_PS
  aUSI
  bUSI
  cUSI
  dUSI
  aHRZ_IND
  bHRZ_IND
  cHRZ_IND
  dHRZ_IND
  aVRT_IND
  bVRT_IND
  cVRT_IND
  dVRT_IND
  aHRZ_COL
  bHRZ_COL
  cHRZ_COL
  dHRZ_COL
  aVRT_COL
  bVRT_COL
  cVRT_COL
  dVRT_COL
  aCOLLCTV
  bCOLLCTV
  cCOLLCTV
  dCOLLCTV
  aMVS
  bMVS
  cMVS
  dMVS
  aST
  bST
  cST
  dST
  aSD
  bSD
  cSD
  dSD
  aMVS_mc
  bMVS_mc
  cMVS_mc
  dMVS_mc
  aST_mc
  bST_mc
  cST_mc
  dST_mc
  aSD_mc
  bSD_mc
  cSD_mc
  dSD_mc
  bMEANING
  cMEANING
  dMEANING
  bMEAN_L
  cMEAN_L
  dMEAN_L
  bMEANNGc
  cMEANNGc
  dMEANNGc
  bMEANGlc
  cMEANGlc
  dMEANGlc
  bCLASSIC
  cCLASSIC
  dCLASSIC
  bCLASSCc
  cCLASSCc
  dCLASSCc
  bAGR_VAL
  cAGR_VAL
  dAGR_VAL
  bOPN_VAL
  cOPN_VAL
  dOPN_VAL
  bAGR_VLc
  cAGR_VLc
  dAGR_VLc
  bOPNVALc
  cOPNVALc
  dOPNVALc
  aMV_pomp
  bMV_pomp
  cMV_pomp
  dMV_pomp
  aST_pomp
  bST_pomp
  cST_pomp
  dST_pomp
  aSD_pomp
  bSD_pomp
  cSD_pomp
  dSD_pomp
  agoal_ec
  bgoal_ec
  cgoal_ec
  dgoal_ec
  aAspfinc
  bAspfinc
  cAspfinc
  dAspfinc
  abfi_hp8
  bbfi_hp8
  cbfi_hp8
  dbfi_hp8
  aP_S_BFI
  aP_D_BFI
  aECgoalc
  bECgoalC
  cECgoalC
  dECgoalC
  aaspfin
  baspfin
  caspfin
  daspfin
  aMVI_POMP
  bMVI_POMP
  cMVI_POMP
  dMVI_POMP;

  USEVARIABLES =
  aS_SCALE
  bS_SCALE
  cS_SCALE
  dS_SCALE
  a1
  a2
  a3
  a4
  ;

  missing = all (-9999);


  USEOBSERVATIONS are Sample == 2; ! College Sample



  tscores = a1 a2 a3 a4;

  DEFINE:
  a1 = aAGE + 0 - 36;
  a2 = aAGE + 1 - 36;
  a3 = aAGE + 2 - 36;
  a4 = aAGE + 3 - 36;


  ANALYSIS:
  TYPE=RANDOM;
  PROCESSORS = 4;
  model=nocovariances; ! supresses default estimation of certain covs in model;

  MODEL:


  i_S_SCALE s_S_SCALE |  aS_SCALE bS_SCALE cS_SCALE dS_SCALE AT a1 a2 a3 a4;

  s_S_SCALE@0; ! fix slope covar to 0


  p1 BY aS_SCALE@1; ! Residual "factors";
  p2 BY bS_SCALE@1;
  p3 BY cS_SCALE@1;
  p4 BY dS_SCALE@1;

  !residual variances on observed/manifest vars set to 0
  aS_SCALE@0;
  bS_SCALE@0;
  cS_SCALE@0;
  dS_SCALE@0;

  ! means of observed/manifest vars set to 0
  [aS_SCALE@0];
  [bS_SCALE@0];
  [cS_SCALE@0];
  [dS_SCALE@0];

  p2 p3 p4 (c); ! estimate variances of residual "factors"

  [p1@0]; ! means of residual "factors" set to 0
  [p2@0];
  [p3@0];
  [p4@0];

  p4 on p3 (a); ! Autoregressive paths constrained to equality
  p3 on p2 (a);
  p2 on p1 (a);


  OUTPUT: SAMPSTAT PATTERNS;



*** WARNING
  Variable name contains more than 8 characters.
  Only the first 8 characters will be printed in the output.
  Variable: AMVI_POMP
*** WARNING
  Variable name contains more than 8 characters.
  Only the first 8 characters will be printed in the output.
  Variable: BMVI_POMP
*** WARNING
  Variable name contains more than 8 characters.
  Only the first 8 characters will be printed in the output.
  Variable: CMVI_POMP
*** WARNING
  Variable name contains more than 8 characters.
  Only the first 8 characters will be printed in the output.
  Variable: DMVI_POMP
*** WARNING
  Variable name contains more than 8 characters.
  Only the first 8 characters will be printed in the output.
  Variable: I_S_SCALE
*** WARNING
  Variable name contains more than 8 characters.
  Only the first 8 characters will be printed in the output.
  Variable: S_S_SCALE
*** WARNING
  Data set contains cases with missing on all variables.
  These cases were not included in the analysis.
  Number of cases with missing on all variables:  1
*** WARNING
  Data set contains cases with missing on time scores but non-missing on the
  corresponding dependent variables.  These cases were not included in the analysis.
  Number of such cases:  3
   8 WARNING(S) FOUND IN THE INPUT INSTRUCTIONS



PxVx Univariate LCM-SR - Col S_SCALE AR_LinM;

SUMMARY OF ANALYSIS

Number of groups                                                 1
Number of observations                                         276

Number of dependent variables                                    4
Number of independent variables                                  0
Number of continuous latent variables                            6

Observed dependent variables

  Continuous
   AS_SCALE    BS_SCALE    CS_SCALE    DS_SCALE

Continuous latent variables
   P1          P2          P3          P4          I_S_SCAL    S_S_SCAL

Variables with special functions

  Time scores
   A1          A2          A3          A4


Estimator                                                      MLR
Information matrix                                        OBSERVED
Maximum number of iterations                                   100
Convergence criterion                                    0.100D-05
Maximum number of EM iterations                                500
Convergence criteria for the EM algorithm
  Loglikelihood change                                   0.100D-02
  Relative loglikelihood change                          0.100D-05
  Derivative                                             0.100D-03
Minimum variance                                         0.100D-03
Maximum number of steepest descent iterations                   20
Maximum number of iterations for H1                           2000
Convergence criterion for H1                             0.100D-03
Optimization algorithm                                         EMA

Input data file(s)
  /Users/johnflournoy/Documents/lnt_pxvx/Data/LT_227.txt
Input data format  FREE


SUMMARY OF DATA

     Number of missing data patterns             8


SUMMARY OF MISSING DATA PATTERNS


     MISSING DATA PATTERNS (x = not missing)

           1  2  3  4  5  6  7  8
 AS_SCALE  x  x  x  x  x  x  x  x
 BS_SCALE  x  x     x        x
 CS_SCALE  x  x  x              x
 DS_SCALE  x     x        x  x


     MISSING DATA PATTERN FREQUENCIES

    Pattern   Frequency     Pattern   Frequency     Pattern   Frequency
          1         141           4          28           7          18
          2          10           5          53           8           4
          3          11           6          11


COVARIANCE COVERAGE OF DATA

Minimum covariance coverage value   0.100


     PROPORTION OF DATA PRESENT


           Covariance Coverage
              AS_SCALE      BS_SCALE      CS_SCALE      DS_SCALE
              ________      ________      ________      ________
 AS_SCALE       1.000
 BS_SCALE       0.714         0.714
 CS_SCALE       0.601         0.547         0.601
 DS_SCALE       0.656         0.576         0.551         0.656


SAMPLE STATISTICS


     ESTIMATED SAMPLE STATISTICS


           Means
              AS_SCALE      BS_SCALE      CS_SCALE      DS_SCALE
              ________      ________      ________      ________
 1             70.409        71.323        71.276        72.580


           Covariances
              AS_SCALE      BS_SCALE      CS_SCALE      DS_SCALE
              ________      ________      ________      ________
 AS_SCALE     144.511
 BS_SCALE      96.744       132.919
 CS_SCALE      84.605        88.668       140.411
 DS_SCALE     101.640        83.734       115.017       158.313


           Correlations
              AS_SCALE      BS_SCALE      CS_SCALE      DS_SCALE
              ________      ________      ________      ________
 AS_SCALE       1.000
 BS_SCALE       0.698         1.000
 CS_SCALE       0.594         0.649         1.000
 DS_SCALE       0.672         0.577         0.771         1.000


     MAXIMUM LOG-LIKELIHOOD VALUE FOR THE UNRESTRICTED (H1) MODEL IS -2991.910


THE MODEL ESTIMATION TERMINATED NORMALLY



MODEL FIT INFORMATION

Number of Free Parameters                        6

Loglikelihood

          H0 Value                       -3002.214
          H0 Scaling Correction Factor      1.0626
            for MLR

Information Criteria

          Akaike (AIC)                    6016.428
          Bayesian (BIC)                  6038.150
          Sample-Size Adjusted BIC        6019.125
            (n* = (n + 2) / 24)



MODEL RESULTS

                                                    Two-Tailed
                    Estimate       S.E.  Est./S.E.    P-Value

 P1       BY
    AS_SCALE           1.000      0.000    999.000    999.000

 P2       BY
    BS_SCALE           1.000      0.000    999.000    999.000

 P3       BY
    CS_SCALE           1.000      0.000    999.000    999.000

 P4       BY
    DS_SCALE           1.000      0.000    999.000    999.000

 P4         ON
    P3                 0.301      0.069      4.380      0.000

 P3         ON
    P2                 0.301      0.069      4.380      0.000

 P2         ON
    P1                 0.301      0.069      4.380      0.000

 Means
    P1                 0.000      0.000    999.000    999.000
    I_S_SCALE         79.607      3.569     22.304      0.000
    S_S_SCALE          0.590      0.243      2.430      0.015

 Intercepts
    AS_SCALE           0.000      0.000    999.000    999.000
    BS_SCALE           0.000      0.000    999.000    999.000
    CS_SCALE           0.000      0.000    999.000    999.000
    DS_SCALE           0.000      0.000    999.000    999.000
    P2                 0.000      0.000    999.000    999.000
    P3                 0.000      0.000    999.000    999.000
    P4                 0.000      0.000    999.000    999.000

 Variances
    P1                55.589      9.001      6.176      0.000
    I_S_SCALE         87.645     10.035      8.734      0.000
    S_S_SCALE          0.000      0.000    999.000    999.000

 Residual Variances
    AS_SCALE           0.000      0.000    999.000    999.000
    BS_SCALE           0.000      0.000    999.000    999.000
    CS_SCALE           0.000      0.000    999.000    999.000
    DS_SCALE           0.000      0.000    999.000    999.000
    P2                54.662      5.140     10.634      0.000
    P3                54.662      5.140     10.634      0.000
    P4                54.662      5.140     10.634      0.000


QUALITY OF NUMERICAL RESULTS

     Condition Number for the Information Matrix              0.235E-02
       (ratio of smallest to largest eigenvalue)


     Beginning Time:  11:25:28
        Ending Time:  11:25:28
       Elapsed Time:  00:00:00



MUTHEN & MUTHEN
3463 Stoner Ave.
Los Angeles, CA  90066

Tel: (310) 391-9971
Fax: (310) 391-8971
Web: www.StatModel.com
Support: Support@StatModel.com

Copyright (c) 1998-2012 Muthen & Muthen
