Mplus VERSION 8 (Linux)
MUTHEN & MUTHEN
01/07/2019   1:09 PM

INPUT INSTRUCTIONS


  title: PxVx Bivariate LCM-SR - post mi - Linear bfas_ac with Linear aspfinc;


  data: file = /home/jflournoy/code_new/lnt_pxvx/Data/lnt_nat_recalc_famc.tsv;

  variable:
  names =
  subjid
  aage
  aaspfin
  aaspfin_d
  abfa_mt
  abfa_mt_d
  abfas_ac
  abfas_ap
  abfas_ci
  abfas_co
  abfas_ea
  abfas_ee
  abfas_nv
  abfas_nv9
  abfas_nw
  abfas_oi
  abfas_oo
  abfi_a
  abfi_a6
  abfi_c
  abfi_d_scale
  abfi_e
  abfi_hp8
  abfi_n
  abfi_o
  abfi_s_scale
  ahrz_col
  ahrz_col_d
  ahrz_ind
  ahrz_ind_d
  amvi
  ausi
  ausi_d
  avrt_col
  avrt_col_d
  avrt_ind
  avrt_ind_d
  bage
  baspfin
  baspfin_d
  bbfa_mt
  bbfa_mt_d
  bbfas_ac
  bbfas_ap
  bbfas_ci
  bbfas_co
  bbfas_ea
  bbfas_ee
  bbfas_nv
  bbfas_nv9
  bbfas_nw
  bbfas_oi
  bbfas_oo
  bbfi_a
  bbfi_a6
  bbfi_c
  bbfi_d_scale
  bbfi_e
  bbfi_hp8
  bbfi_n
  bbfi_o
  bbfi_s_scale
  bhrz_col
  bhrz_col_d
  bhrz_ind
  bhrz_ind_d
  bmvi
  busi
  busi_d
  bvrt_col
  bvrt_col_d
  bvrt_ind
  bvrt_ind_d
  cage
  caspfin
  caspfin_d
  cbfa_mt
  cbfa_mt_d
  cbfas_ac
  cbfas_ap
  cbfas_ci
  cbfas_co
  cbfas_ea
  cbfas_ee
  cbfas_nv
  cbfas_nv9
  cbfas_nw
  cbfas_oi
  cbfas_oo
  cbfi_a
  cbfi_a6
  cbfi_c
  cbfi_d_scale
  cbfi_e
  cbfi_hp8
  cbfi_n
  cbfi_o
  cbfi_s_scale
  chrz_col
  chrz_col_d
  chrz_ind
  chrz_ind_d
  cmvi
  cusi
  cusi_d
  cvrt_col
  cvrt_col_d
  cvrt_ind
  cvrt_ind_d
  dage
  daspfin
  daspfin_d
  dbfa_mt
  dbfa_mt_d
  dbfas_ac
  dbfas_ap
  dbfas_ci
  dbfas_co
  dbfas_ea
  dbfas_ee
  dbfas_nv
  dbfas_nv9
  dbfas_nw
  dbfas_oi
  dbfas_oo
  dbfi_a
  dbfi_a6
  dbfi_c
  dbfi_d_scale
  dbfi_e
  dbfi_hp8
  dbfi_n
  dbfi_o
  dbfi_s_scale
  dhrz_col
  dhrz_col_d
  dhrz_ind
  dhrz_ind_d
  dmvi
  dusi
  dusi_d
  dvrt_col
  dvrt_col_d
  dvrt_ind
  dvrt_ind_d
  aaspfinc
  baspfinc
  caspfinc
  daspfinc
  ;

  USEVARIABLES =
  abfas_ac
  bbfas_ac
  cbfas_ac
  dbfas_ac
  aaspfinc
  baspfinc
  caspfinc
  daspfinc
  a1
  a2
  a3
  a4
  ;

  missing = all (-9999);

  tscores = a1 a2 a3 a4;

  DEFINE:
  a1 = aage + 0 - 36;
  a2 = aage + 1 - 36;
  a3 = aage + 2 - 36;
  a4 = aage + 3 - 36;

  ANALYSIS:
  TYPE=RANDOM;
  PROCESSORS = 6;
  model=nocovariances; ! supresses default estimation of certain covs in model;

  MODEL:

  i_bfas_ac s_bfas_ac | abfas_ac bbfas_ac cbfas_ac dbfas_ac AT a1 a2 a3 a4;
  i_aspfinc s_aspfinc | aaspfinc baspfinc caspfinc daspfinc AT a1 a2 a3 a4;

  ! freeing factor covs because of "nocovariances"
  s_bfas_ac WITH i_bfas_ac s_aspfinc i_aspfinc;
  i_bfas_ac WITH s_aspfinc i_aspfinc;
  s_aspfinc WITH i_aspfinc;

  p1 BY abfas_ac@1; ! Residual "factors";
  p2 BY bbfas_ac@1;
  p3 BY cbfas_ac@1;
  p4 BY dbfas_ac@1;

  v1 BY aaspfinc@1; ! Residual "factors";
  v2 BY baspfinc@1;
  v3 BY caspfinc@1;
  v4 BY daspfinc@1;

  !residual variances on observed/manifest vars set to 0
  abfas_ac@0;
  bbfas_ac@0;
  cbfas_ac@0;
  dbfas_ac@0;

  !residual variances on observed/manifest vars set to 0
  aaspfinc@0;
  baspfinc@0;
  caspfinc@0;
  daspfinc@0;

  ! means of observed/manifest vars set to 0
  [abfas_ac@0];
  [bbfas_ac@0];
  [cbfas_ac@0];
  [dbfas_ac@0];

  ! means of observed/manifest vars set to 0
  [aaspfinc@0];
  [baspfinc@0];
  [caspfinc@0];
  [daspfinc@0];

  [p1@0]; ! means of residual "factors" set to 0
  [p2@0];
  [p3@0];
  [p4@0];

  [v1@0]; ! means of residual "factors" set to 0
  [v2@0];
  [v3@0];
  [v4@0];

  p4 on p3 (a); ! Autoregressive paths constrained to equality
  p3 on p2 (a);
  p2 on p1 (a);

  v4 on v3 (b); ! Autoregressive paths constrained to equality
  v3 on v2 (b);
  v2 on v1 (b);

  p4 on v3 (c); ! Cross-lagged paths constrained to equality
  p3 on v2 (c);
  p2 on v1 (c);

  v4 on p3 (d); ! Cross-lagged paths constrained to equality
  v3 on p2 (d);
  v2 on p1 (d);

  p1 with v1; !(this one is not like the others)

  p2 with v2 (e); ! Within-wave correlations constrained to equality
  p3 with v3 (e);
  p4 with v4 (e);

  p2 p3 p4 (f); ! estimate variances of residual "factors"
  v2 v3 v4 (g); ! estimate variances of residual "factors"

  OUTPUT: SAMPSTAT PATTERNS;



*** WARNING
  Data set contains cases with missing on time scores but non-missing on the
  corresponding dependent variables.  These cases were not included in the analysis.
  Number of such cases:  5
   1 WARNING(S) FOUND IN THE INPUT INSTRUCTIONS



PxVx Bivariate LCM-SR - post mi - Linear bfas_ac with Linear aspfinc;

SUMMARY OF ANALYSIS

Number of groups                                                 1
Number of observations                                         864

Number of dependent variables                                    8
Number of independent variables                                  0
Number of continuous latent variables                           12

Observed dependent variables

  Continuous
   ABFAS_AC    BBFAS_AC    CBFAS_AC    DBFAS_AC    AASPFINC    BASPFINC
   CASPFINC    DASPFINC

Continuous latent variables
   P1          P2          P3          P4          V1          V2
   V3          V4          I_BFAS_A    S_BFAS_A    I_ASPFIN    S_ASPFIN

Variables with special functions

  Time scores
   A1          A2          A3          A4


Estimator                                                      MLR
Information matrix                                        OBSERVED
Maximum number of iterations                                   100
Convergence criterion                                    0.100D-05
Maximum number of EM iterations                                500
Convergence criteria for the EM algorithm
  Loglikelihood change                                   0.100D-02
  Relative loglikelihood change                          0.100D-05
  Derivative                                             0.100D-03
Minimum variance                                         0.100D-03
Maximum number of steepest descent iterations                   20
Maximum number of iterations for H1                           2000
Convergence criterion for H1                             0.100D-03
Optimization algorithm                                         EMA

Input data file(s)
  /home/jflournoy/code_new/lnt_pxvx/Data/lnt_nat_recalc_famc.tsv
Input data format  FREE


SUMMARY OF DATA

     Number of missing data patterns            18


SUMMARY OF MISSING DATA PATTERNS


     MISSING DATA PATTERNS (x = not missing)

           1  2  3  4  5  6  7  8  9 10 11 12 13 14 15 16 17 18
 ABFAS_AC  x  x  x  x  x  x  x  x  x  x  x  x     x  x  x  x  x
 BBFAS_AC  x     x  x        x     x  x  x  x  x     x  x
 CBFAS_AC  x           x     x  x        x  x  x        x  x
 DBFAS_AC  x     x     x  x              x  x  x     x     x  x
 AASPFINC  x  x  x  x  x  x  x  x     x  x  x  x     x  x  x  x
 BASPFINC  x     x  x        x     x        x  x        x  x
 CASPFINC  x           x     x  x        x     x        x  x
 DASPFINC  x     x     x  x              x  x  x     x  x  x


     MISSING DATA PATTERN FREQUENCIES

    Pattern   Frequency     Pattern   Frequency     Pattern   Frequency
          1         491           7          47          13           2
          2         169           8          24          14           1
          3          26           9           1          15           1
          4          48          10           3          16           1
          5          21          11           2          17           1
          6          24          12           1          18           1


COVARIANCE COVERAGE OF DATA

Minimum covariance coverage value   0.100


     PROPORTION OF DATA PRESENT


           Covariance Coverage
              ABFAS_AC      BBFAS_AC      CBFAS_AC      DBFAS_AC      AASPFINC
              ________      ________      ________      ________      ________
 ABFAS_AC       0.998
 BBFAS_AC       0.719         0.721
 CBFAS_AC       0.681         0.630         0.683
 DBFAS_AC       0.657         0.605         0.600         0.660
 AASPFINC       0.995         0.720         0.683         0.660         0.998
 BASPFINC       0.713         0.714         0.628         0.603         0.714
 CASPFINC       0.679         0.628         0.682         0.598         0.682
 DASPFINC       0.657         0.606         0.601         0.659         0.660


           Covariance Coverage
              BASPFINC      CASPFINC      DASPFINC
              ________      ________      ________
 BASPFINC       0.715
 CASPFINC       0.627         0.682
 DASPFINC       0.604         0.600         0.660


SAMPLE STATISTICS


     ESTIMATED SAMPLE STATISTICS


           Means
              ABFAS_AC      BBFAS_AC      CBFAS_AC      DBFAS_AC      AASPFINC
              ________      ________      ________      ________      ________
               77.658        77.741        77.317        77.755        37.487


           Means
              BASPFINC      CASPFINC      DASPFINC
              ________      ________      ________
               38.205        38.537        39.232


           Covariances
              ABFAS_AC      BBFAS_AC      CBFAS_AC      DBFAS_AC      AASPFINC
              ________      ________      ________      ________      ________
 ABFAS_AC     263.350
 BBFAS_AC     202.990       253.141
 CBFAS_AC     195.934       210.150       263.596
 DBFAS_AC     195.106       195.161       212.241       253.901
 AASPFINC    -107.863      -102.372      -104.638       -88.491       197.083
 BASPFINC     -95.852      -110.426      -112.898       -98.950       154.487
 CASPFINC     -93.808      -102.558      -115.745      -100.866       153.181
 DASPFINC     -90.419       -99.423      -104.415       -99.041       147.327


           Covariances
              BASPFINC      CASPFINC      DASPFINC
              ________      ________      ________
 BASPFINC     199.107
 CASPFINC     162.756       208.226
 DASPFINC     158.636       165.045       210.296


           Correlations
              ABFAS_AC      BBFAS_AC      CBFAS_AC      DBFAS_AC      AASPFINC
              ________      ________      ________      ________      ________
 ABFAS_AC       1.000
 BBFAS_AC       0.786         1.000
 CBFAS_AC       0.744         0.814         1.000
 DBFAS_AC       0.755         0.770         0.820         1.000
 AASPFINC      -0.473        -0.458        -0.459        -0.396         1.000
 BASPFINC      -0.419        -0.492        -0.493        -0.440         0.780
 CASPFINC      -0.401        -0.447        -0.494        -0.439         0.756
 DASPFINC      -0.384        -0.431        -0.443        -0.429         0.724


           Correlations
              BASPFINC      CASPFINC      DASPFINC
              ________      ________      ________
 BASPFINC       1.000
 CASPFINC       0.799         1.000
 DASPFINC       0.775         0.789         1.000


     MAXIMUM LOG-LIKELIHOOD VALUE FOR THE UNRESTRICTED (H1) MODEL IS -19740.506


UNIVARIATE SAMPLE STATISTICS


     UNIVARIATE HIGHER-ORDER MOMENT DESCRIPTIVE STATISTICS

         Variable/         Mean/     Skewness/   Minimum/ % with                Percentiles
        Sample Size      Variance    Kurtosis    Maximum  Min/Max      20%/60%    40%/80%    Median

     ABFAS_AC             77.623      -0.894       7.500    0.12%      65.000     75.000     80.000
             862.000     263.162       0.765     100.000    6.38%      85.000     92.500
     BBFAS_AC             78.082      -0.881      10.000    0.16%      65.000     77.500     80.000
             623.000     254.437       0.665     100.000    6.90%      85.000     92.500
     CBFAS_AC             77.472      -0.835      17.500    0.17%      65.000     75.000     80.000
             590.000     267.723       0.426     100.000    6.27%      83.333     92.500
     DBFAS_AC             78.266      -1.020       5.000    0.18%      67.500     77.500     80.000
             570.000     257.622       1.403     100.000    7.54%      82.500     92.500
     AASPFINC             37.475       0.295       0.337    0.12%      25.092     33.803     36.880
             862.000     197.063       0.423     100.000    0.12%      40.080     50.015
     BASPFINC             38.030       0.188       2.021    0.16%      25.765     33.680     37.554
             618.000     192.416      -0.264      84.201    0.16%      41.901     50.521
     CASPFINC             38.458       0.229       6.231    0.17%      25.260     34.522     38.396
             589.000     204.498      -0.044      97.168    0.17%      42.100     50.689
     DASPFINC             38.857       0.237       0.000    0.18%      26.102     35.196     38.901
             570.000     207.530      -0.006      88.074    0.18%      42.437     51.363


THE MODEL ESTIMATION TERMINATED NORMALLY



MODEL FIT INFORMATION

Number of Free Parameters                       24

Loglikelihood

          H0 Value                      -19754.818
          H0 Scaling Correction Factor      1.2414
            for MLR

Information Criteria

          Akaike (AIC)                   39557.636
          Bayesian (BIC)                 39671.913
          Sample-Size Adjusted BIC       39595.696
            (n* = (n + 2) / 24)



MODEL RESULTS

                                                    Two-Tailed
                    Estimate       S.E.  Est./S.E.    P-Value

 P1       BY
    ABFAS_AC           1.000      0.000    999.000    999.000

 P2       BY
    BBFAS_AC           1.000      0.000    999.000    999.000

 P3       BY
    CBFAS_AC           1.000      0.000    999.000    999.000

 P4       BY
    DBFAS_AC           1.000      0.000    999.000    999.000

 V1       BY
    AASPFINC           1.000      0.000    999.000    999.000

 V2       BY
    BASPFINC           1.000      0.000    999.000    999.000

 V3       BY
    CASPFINC           1.000      0.000    999.000    999.000

 V4       BY
    DASPFINC           1.000      0.000    999.000    999.000

 P4         ON
    P3                 0.166      0.049      3.386      0.001
    V3                -0.071      0.040     -1.798      0.072

 P3         ON
    P2                 0.166      0.049      3.386      0.001
    V2                -0.071      0.040     -1.798      0.072

 P2         ON
    P1                 0.166      0.049      3.386      0.001
    V1                -0.071      0.040     -1.798      0.072

 V4         ON
    V3                 0.148      0.056      2.640      0.008
    P3                 0.016      0.034      0.470      0.639

 V3         ON
    V2                 0.148      0.056      2.640      0.008
    P2                 0.016      0.034      0.470      0.639

 V2         ON
    V1                 0.148      0.056      2.640      0.008
    P1                 0.016      0.034      0.470      0.639

 S_BFAS_A WITH
    I_BFAS_AC         -1.275      0.729     -1.750      0.080
    S_ASPFINC         -0.018      0.083     -0.217      0.828
    I_ASPFINC          0.818      1.481      0.552      0.581

 I_BFAS_A WITH
    S_ASPFINC          0.968      1.467      0.660      0.509
    I_ASPFINC        -94.670     10.872     -8.708      0.000

 S_ASPFIN WITH
    I_ASPFINC         -1.181      0.534     -2.213      0.027

 P1       WITH
    V1               -19.992      4.205     -4.755      0.000

 P2       WITH
    V2                -7.009      2.199     -3.187      0.001

 P3       WITH
    V3                -7.009      2.199     -3.187      0.001

 P4       WITH
    V4                -7.009      2.199     -3.187      0.001

 Means
    P1                 0.000      0.000    999.000    999.000
    V1                 0.000      0.000    999.000    999.000
    I_BFAS_AC         77.442      0.519    149.313      0.000
    S_BFAS_AC          0.130      0.048      2.713      0.007
    I_ASPFINC         38.168      0.459     83.101      0.000
    S_ASPFINC         -0.022      0.040     -0.557      0.577

 Intercepts
    ABFAS_AC           0.000      0.000    999.000    999.000
    BBFAS_AC           0.000      0.000    999.000    999.000
    CBFAS_AC           0.000      0.000    999.000    999.000
    DBFAS_AC           0.000      0.000    999.000    999.000
    AASPFINC           0.000      0.000    999.000    999.000
    BASPFINC           0.000      0.000    999.000    999.000
    CASPFINC           0.000      0.000    999.000    999.000
    DASPFINC           0.000      0.000    999.000    999.000
    P2                 0.000      0.000    999.000    999.000
    P3                 0.000      0.000    999.000    999.000
    P4                 0.000      0.000    999.000    999.000
    V2                 0.000      0.000    999.000    999.000
    V3                 0.000      0.000    999.000    999.000
    V4                 0.000      0.000    999.000    999.000

 Variances
    P1                75.206      6.804     11.053      0.000
    V1                55.505      4.899     11.329      0.000
    I_BFAS_AC        179.471     15.487     11.589      0.000
    S_BFAS_AC          0.136      0.128      1.068      0.285
    I_ASPFINC        147.685     11.932     12.377      0.000
    S_ASPFINC          0.046      0.084      0.553      0.580

 Residual Variances
    ABFAS_AC           0.000      0.000    999.000    999.000
    BBFAS_AC           0.000      0.000    999.000    999.000
    CBFAS_AC           0.000      0.000    999.000    999.000
    DBFAS_AC           0.000      0.000    999.000    999.000
    AASPFINC           0.000      0.000    999.000    999.000
    BASPFINC           0.000      0.000    999.000    999.000
    CASPFINC           0.000      0.000    999.000    999.000
    DASPFINC           0.000      0.000    999.000    999.000
    P2                56.553      3.788     14.929      0.000
    P3                56.553      3.788     14.929      0.000
    P4                56.553      3.788     14.929      0.000
    V2                48.943      3.425     14.291      0.000
    V3                48.943      3.425     14.291      0.000
    V4                48.943      3.425     14.291      0.000


QUALITY OF NUMERICAL RESULTS

     Condition Number for the Information Matrix              0.347E-04
       (ratio of smallest to largest eigenvalue)


     Beginning Time:  13:09:10
        Ending Time:  13:09:21
       Elapsed Time:  00:00:11



MUTHEN & MUTHEN
3463 Stoner Ave.
Los Angeles, CA  90066

Tel: (310) 391-9971
Fax: (310) 391-8971
Web: www.StatModel.com
Support: Support@StatModel.com

Copyright (c) 1998-2017 Muthen & Muthen
