Mplus VERSION 6.12
MUTHEN & MUTHEN
03/21/2016  11:22 AM

INPUT INSTRUCTIONS


  title: PxVx Univariate - Col Lin BFA_CI with MeanOnly MVI_POMP;
  data: file = E:\Projects\lnt_pxvx\Data\LT_227.txt;



  variable:
  names =
  subjid
  Sample
  aGENDER
  aAGE
  aethnic1
  aethnic2
  aedu_mom
  aedu_dad
  aEDUCATN
  bEDUCATN
  cEDUCATN
  aEMPLOYD
  bEMPLOYD
  cEMPLOYD
  dEMPLOYD
  aINCOME
  bINCOME
  cINCOME
  dINCOME
  aS_SCALE
  bS_SCALE
  cS_SCALE
  dS_SCALE
  aD_SCALE
  bD_SCALE
  cD_SCALE
  dD_SCALE
  aS_COMP
  bS_COMP
  cS_COMP
  dS_COMP
  aD_COMP
  bD_COMP
  cD_COMP
  dD_COMP
  aBFI_A
  aBFI_A6
  aBFI_C
  aBFI_E
  aBFI_HP
  aBFI_N
  aBFI_O
  bBFI_A
  bBFI_A6
  bBFI_C
  bBFI_E
  bBFI_HP
  bBFI_N
  bBFI_O
  cBFI_A
  cBFI_A6
  cBFI_C
  cBFI_E
  cBFI_HP
  cBFI_N
  cBFI_O
  dBFI_A
  dBFI_A6
  dBFI_C
  dBFI_E
  dBFI_HP
  dBFI_N
  dBFI_O
  aBFA_AC
  aBFA_AP
  aBFA_CI
  aBFA_CO
  aBFA_EA
  aBFA_EE
  aBFA_N9
  aBFA_NV
  aBFA_NW
  aBFA_OI
  aBFA_OO
  aBFA_PS
  aBFA_MT
  bBFA_AC
  bBFA_AP
  bBFA_CI
  bBFA_CO
  bBFA_EA
  bBFA_EE
  bBFA_N9
  bBFA_NV
  bBFA_NW
  bBFA_OI
  bBFA_OO
  bBFA_MT
  bBFA_PS
  cBFA_AC
  cBFA_AP
  cBFA_CI
  cBFA_CO
  cBFA_EA
  cBFA_EE
  cBFA_N9
  cBFA_NV
  cBFA_NW
  cBFA_OI
  cBFA_OO
  cBFA_MT
  cBFA_PS
  dBFA_AC
  dBFA_AP
  dBFA_CI
  dBFA_CO
  dBFA_EA
  dBFA_EE
  dBFA_N9
  dBFA_NV
  dBFA_NW
  dBFA_OI
  dBFA_OO
  dBFA_MT
  dBFA_PS
  aUSI
  bUSI
  cUSI
  dUSI
  aHRZ_IND
  bHRZ_IND
  cHRZ_IND
  dHRZ_IND
  aVRT_IND
  bVRT_IND
  cVRT_IND
  dVRT_IND
  aHRZ_COL
  bHRZ_COL
  cHRZ_COL
  dHRZ_COL
  aVRT_COL
  bVRT_COL
  cVRT_COL
  dVRT_COL
  aCOLLCTV
  bCOLLCTV
  cCOLLCTV
  dCOLLCTV
  aMVS
  bMVS
  cMVS
  dMVS
  aST
  bST
  cST
  dST
  aSD
  bSD
  cSD
  dSD
  aMVS_mc
  bMVS_mc
  cMVS_mc
  dMVS_mc
  aST_mc
  bST_mc
  cST_mc
  dST_mc
  aSD_mc
  bSD_mc
  cSD_mc
  dSD_mc
  bMEANING
  cMEANING
  dMEANING
  bMEAN_L
  cMEAN_L
  dMEAN_L
  bMEANNGc
  cMEANNGc
  dMEANNGc
  bMEANGlc
  cMEANGlc
  dMEANGlc
  bCLASSIC
  cCLASSIC
  dCLASSIC
  bCLASSCc
  cCLASSCc
  dCLASSCc
  bAGR_VAL
  cAGR_VAL
  dAGR_VAL
  bOPN_VAL
  cOPN_VAL
  dOPN_VAL
  bAGR_VLc
  cAGR_VLc
  dAGR_VLc
  bOPNVALc
  cOPNVALc
  dOPNVALc
  aMV_pomp
  bMV_pomp
  cMV_pomp
  dMV_pomp
  aST_pomp
  bST_pomp
  cST_pomp
  dST_pomp
  aSD_pomp
  bSD_pomp
  cSD_pomp
  dSD_pomp
  agoal_ec
  bgoal_ec
  cgoal_ec
  dgoal_ec
  aAspfinc
  bAspfinc
  cAspfinc
  dAspfinc
  abfi_hp8
  bbfi_hp8
  cbfi_hp8
  dbfi_hp8
  aP_S_BFI
  aP_D_BFI
  aECgoalc
  bECgoalC
  cECgoalC
  dECgoalC
  aaspfin
  baspfin
  caspfin
  daspfin
  aMVI_POMP
  bMVI_POMP
  cMVI_POMP
  dMVI_POMP;

  USEVARIABLES =
  aBFA_CI
  bBFA_CI
  cBFA_CI
  dBFA_CI
  aMVI_POMP
  bMVI_POMP
  cMVI_POMP
  dMVI_POMP
  bage_c
  cage_c
  dage_c
  ;

  missing = all (-9999);

  USEOBSERVATIONS are Sample == 2; ! College Sample

  tscores = bage_c cage_c dage_c;

  DEFINE:
  bage_c = aAGE + 1 - 20.5;
  cage_c = aAGE + 2 - 20.5;
  dage_c = aAGE + 3 - 20.5;

  ANALYSIS:
  TYPE=RANDOM;
  PROCESSORS = 8;

  MODEL:

  i_BFA_CI s_BFA_CI | bBFA_CI cBFA_CI dBFA_CI AT bage_c cage_c dage_c;
  i_MVI_POMP s_MVI_POMP | bMVI_POMP cMVI_POMP dMVI_POMP AT bage_c cage_c dage_c;


  !After Bollen and Curran initial observation is not part of LGM

  dBFA_CI on cBFA_CI (a); ! Autoregressive paths constrained to equality
  cBFA_CI on bBFA_CI (a);
  bBFA_CI on aBFA_CI (a);

  dMVI_POMP on cMVI_POMP (b); ! Autoregressive paths constrained to equality
  cMVI_POMP on bMVI_POMP (b);
  bMVI_POMP on aMVI_POMP (b);

  bBFA_CI cBFA_CI dBFA_CI (c); !Equality constraint on residuals
  bMVI_POMP cMVI_POMP dMVI_POMP (d); !Equality constraint on residuals

  dMVI_POMP on cBFA_CI (x); ! Cross-lagged paths constrained to equality
  cMVI_POMP on bBFA_CI (x);
  bMVI_POMP on aBFA_CI (x);

  dBFA_CI on cMVI_POMP (y); ! Cross-lagged paths constrained to equality
  cBFA_CI on bMVI_POMP (y);
  bBFA_CI on aMVI_POMP (y);

  dMVI_POMP with dBFA_CI (w); ! within-wave correlations constrained to equality
  cMVI_POMP with cBFA_CI (w);
  bMVI_POMP with bBFA_CI (w);

  aBFA_CI aMVI_POMP i_BFA_CI i_MVI_POMP
  s_BFA_CI
  with
  s_BFA_CI
  aBFA_CI aMVI_POMP i_BFA_CI i_MVI_POMP;


  s_MVI_POMP@0;

  OUTPUT: SAMPSTAT PATTERNS;



*** WARNING
  Variable name contains more than 8 characters.
  Only the first 8 characters will be printed in the output.
  Variable: AMVI_POMP
*** WARNING
  Variable name contains more than 8 characters.
  Only the first 8 characters will be printed in the output.
  Variable: BMVI_POMP
*** WARNING
  Variable name contains more than 8 characters.
  Only the first 8 characters will be printed in the output.
  Variable: CMVI_POMP
*** WARNING
  Variable name contains more than 8 characters.
  Only the first 8 characters will be printed in the output.
  Variable: DMVI_POMP
*** WARNING
  Variable name contains more than 8 characters.
  Only the first 8 characters will be printed in the output.
  Variable: I_MVI_POMP
*** WARNING
  Variable name contains more than 8 characters.
  Only the first 8 characters will be printed in the output.
  Variable: S_MVI_POMP
*** WARNING in MODEL command
  All continuous latent variable covariances involving S_MVI_POMP have been fixed to 0
  because the variance of S_MVI_POMP is fixed at 0.
*** WARNING
  Data set contains cases with missing on all variables.
  These cases were not included in the analysis.
  Number of cases with missing on all variables:  1
*** WARNING
  Data set contains cases with missing on time scores but non-missing on the
  corresponding dependent variables.  These cases were not included in the analysis.
  Number of such cases:  2
   9 WARNING(S) FOUND IN THE INPUT INSTRUCTIONS



PxVx Univariate - Col Lin BFA_CI with MeanOnly MVI_POMP;

SUMMARY OF ANALYSIS

Number of groups                                                 1
Number of observations                                         277

Number of dependent variables                                    6
Number of independent variables                                  2
Number of continuous latent variables                            4

Observed dependent variables

  Continuous
   BBFA_CI     CBFA_CI     DBFA_CI     BMVI_POMP   CMVI_POMP   DMVI_POMP

Observed independent variables
   ABFA_CI     AMVI_POM

Continuous latent variables
   I_BFA_CI    S_BFA_CI    I_MVI_PO    S_MVI_PO

Variables with special functions

  Time scores
   BAGE_C      CAGE_C      DAGE_C


Estimator                                                      MLR
Information matrix                                        OBSERVED
Maximum number of iterations                                   100
Convergence criterion                                    0.100D-05
Maximum number of EM iterations                                500
Convergence criteria for the EM algorithm
  Loglikelihood change                                   0.100D-02
  Relative loglikelihood change                          0.100D-05
  Derivative                                             0.100D-03
Minimum variance                                         0.100D-03
Maximum number of steepest descent iterations                   20
Maximum number of iterations for H1                           2000
Convergence criterion for H1                             0.100D-03
Optimization algorithm                                         EMA

Input data file(s)
  E:\Projects\lnt_pxvx\Data\LT_227.txt
Input data format  FREE


SUMMARY OF DATA

     Number of missing data patterns            10


SUMMARY OF MISSING DATA PATTERNS


     MISSING DATA PATTERNS (x = not missing)

           1  2  3  4  5  6  7  8  9 10
 BBFA_CI   x  x     x        x  x
 CBFA_CI   x  x  x                 x
 DBFA_CI   x              x  x  x  x
 BMVI_POM  x  x     x           x
 CMVI_POM  x  x  x                 x
 DMVI_POM  x              x  x  x  x
 ABFA_CI   x  x  x  x  x  x  x  x  x  x
 AMVI_POM  x  x  x  x  x  x  x  x  x


     MISSING DATA PATTERN FREQUENCIES

    Pattern   Frequency     Pattern   Frequency     Pattern   Frequency
          1         138           5          53           9          11
          2          12           6          11          10           1
          3           5           7           1
          4          29           8          16


COVARIANCE COVERAGE OF DATA

Minimum covariance coverage value   0.100


     PROPORTION OF DATA PRESENT


           Covariance Coverage
              BBFA_CI       CBFA_CI       DBFA_CI       BMVI_POM      CMVI_POM
              ________      ________      ________      ________      ________
 BBFA_CI        0.708
 CBFA_CI        0.542         0.599
 DBFA_CI        0.560         0.538         0.639
 BMVI_POM       0.704         0.542         0.556         0.704
 CMVI_POM       0.542         0.599         0.538         0.542         0.599
 DMVI_POM       0.560         0.538         0.639         0.556         0.538
 ABFA_CI        0.708         0.599         0.639         0.704         0.599
 AMVI_POM       0.708         0.599         0.639         0.704         0.599


           Covariance Coverage
              DMVI_POM      ABFA_CI       AMVI_POM
              ________      ________      ________
 DMVI_POM       0.639
 ABFA_CI        0.639         1.000
 AMVI_POM       0.639         0.996         0.996


SAMPLE STATISTICS


     ESTIMATED SAMPLE STATISTICS


           Means
              BBFA_CI       CBFA_CI       DBFA_CI       BMVI_POM      CMVI_POM
              ________      ________      ________      ________      ________
 1             59.158        59.463        59.785        61.277        61.381


           Means
              DMVI_POM      ABFA_CI       AMVI_POM
              ________      ________      ________
 1             61.365        59.309        60.807


           Covariances
              BBFA_CI       CBFA_CI       DBFA_CI       BMVI_POM      CMVI_POM
              ________      ________      ________      ________      ________
 BBFA_CI      297.051
 CBFA_CI      210.791       275.348
 DBFA_CI      209.510       237.417       329.043
 BMVI_POM     -11.140       -21.805       -16.017        91.540
 CMVI_POM       0.853        -7.299        -3.361        63.666        71.471
 DMVI_POM      -1.696       -10.538        -4.459        57.754        52.764
 ABFA_CI      220.225       196.732       214.684       -23.103        -4.918
 AMVI_POM      -9.824       -16.586       -19.668        69.826        56.837


           Covariances
              DMVI_POM      ABFA_CI       AMVI_POM
              ________      ________      ________
 DMVI_POM      65.652
 ABFA_CI       -5.845       291.864
 AMVI_POM      55.048       -14.966        82.735


           Correlations
              BBFA_CI       CBFA_CI       DBFA_CI       BMVI_POM      CMVI_POM
              ________      ________      ________      ________      ________
 BBFA_CI        1.000
 CBFA_CI        0.737         1.000
 DBFA_CI        0.670         0.789         1.000
 BMVI_POM      -0.068        -0.137        -0.092         1.000
 CMVI_POM       0.006        -0.052        -0.022         0.787         1.000
 DMVI_POM      -0.012        -0.078        -0.030         0.745         0.770
 ABFA_CI        0.748         0.694         0.693        -0.141        -0.034
 AMVI_POM      -0.063        -0.110        -0.119         0.802         0.739


           Correlations
              DMVI_POM      ABFA_CI       AMVI_POM
              ________      ________      ________
 DMVI_POM       1.000
 ABFA_CI       -0.042         1.000
 AMVI_POM       0.747        -0.096         1.000


     MAXIMUM LOG-LIKELIHOOD VALUE FOR THE UNRESTRICTED (H1) MODEL IS -5877.614

     WARNING:  THE MLR STANDARD ERRORS COULD NOT BE COMPUTED.  THE MLF STANDARD
     ERRORS WERE COMPUTED INSTEAD.  THE MLR CONDITION NUMBER IS      -0.141D-04.
     PROBLEM INVOLVING PARAMETER 20.  THIS MAY BE DUE TO NEAR SINGULARITY
     OF THE RANDOM EFFECT VARIANCE/COVARIANCE OR INCOMPLETE CONVERGENCE.

THE MODEL ESTIMATION TERMINATED NORMALLY



MODEL FIT INFORMATION

Number of Free Parameters                       28

Loglikelihood

          H0 Value                       -5885.659

Information Criteria

          Akaike (AIC)                   11827.318
          Bayesian (BIC)                 11928.790
          Sample-Size Adjusted BIC       11840.006
            (n* = (n + 2) / 24)



MODEL RESULTS

                                                    Two-Tailed
                    Estimate       S.E.  Est./S.E.    P-Value

 DBFA_CI    ON
    CBFA_CI            0.345      0.143      2.416      0.016
    CMVI_POMP         -0.321      0.248     -1.292      0.196

 CBFA_CI    ON
    BBFA_CI            0.345      0.143      2.416      0.016
    BMVI_POMP         -0.321      0.248     -1.292      0.196

 BBFA_CI    ON
    ABFA_CI            0.345      0.143      2.416      0.016
    AMVI_POMP         -0.321      0.248     -1.292      0.196

 DMVI_POMP  ON
    CMVI_POMP          0.151      0.085      1.785      0.074
    CBFA_CI           -0.094      0.034     -2.772      0.006

 CMVI_POMP  ON
    BMVI_POMP          0.151      0.085      1.785      0.074
    BBFA_CI           -0.094      0.034     -2.772      0.006

 BMVI_POMP  ON
    AMVI_POMP          0.151      0.085      1.785      0.074
    ABFA_CI           -0.094      0.034     -2.772      0.006

 S_BFA_CI WITH
    I_BFA_CI          -7.922     13.559     -0.584      0.559

 I_MVI_PO WITH
    I_BFA_CI          35.531     17.562      2.023      0.043
    S_BFA_CI          -3.269      3.980     -0.821      0.411

 ABFA_CI  WITH
    I_BFA_CI          92.966     50.299      1.848      0.065
    S_BFA_CI          16.239     10.383      1.564      0.118
    I_MVI_POMP        12.310     12.154      1.013      0.311

 AMVI_POM WITH
    I_BFA_CI          31.580     24.627      1.282      0.200
    S_BFA_CI          -9.861      4.864     -2.027      0.043
    I_MVI_POMP        49.383      9.189      5.374      0.000

 DMVI_POM WITH
    DBFA_CI           -4.707      3.183     -1.479      0.139

 CMVI_POM WITH
    CBFA_CI           -4.707      3.183     -1.479      0.139

 BMVI_POM WITH
    BBFA_CI           -4.707      3.183     -1.479      0.139

 AMVI_POM WITH
    ABFA_CI          -14.966     10.023     -1.493      0.135

 Means
    ABFA_CI           59.309      1.081     54.861      0.000
    AMVI_POMP         60.804      0.588    103.420      0.000
    I_BFA_CI          57.678     16.597      3.475      0.001
    S_BFA_CI           0.506      0.591      0.856      0.392
    I_MVI_POMP        57.825      5.356     10.797      0.000
    S_MVI_POMP        -0.085      0.222     -0.384      0.701

 Intercepts
    BBFA_CI            0.000      0.000    999.000    999.000
    CBFA_CI            0.000      0.000    999.000    999.000
    DBFA_CI            0.000      0.000    999.000    999.000
    BMVI_POMP          0.000      0.000    999.000    999.000
    CMVI_POMP          0.000      0.000    999.000    999.000
    DMVI_POMP          0.000      0.000    999.000    999.000

 Variances
    ABFA_CI          291.864     29.580      9.867      0.000
    AMVI_POMP         82.735      9.525      8.686      0.000
    I_BFA_CI          83.240     59.788      1.392      0.164
    S_BFA_CI           8.423      6.438      1.308      0.191
    I_MVI_POMP        40.781     10.998      3.708      0.000
    S_MVI_POMP         0.000      0.000    999.000    999.000

 Residual Variances
    BBFA_CI           92.247     14.987      6.155      0.000
    CBFA_CI           92.247     14.987      6.155      0.000
    DBFA_CI           92.247     14.987      6.155      0.000
    BMVI_POMP         20.144      2.167      9.296      0.000
    CMVI_POMP         20.144      2.167      9.296      0.000
    DMVI_POMP         20.144      2.167      9.296      0.000


QUALITY OF NUMERICAL RESULTS

     Condition Number for the Information Matrix              0.509E-06
       (ratio of smallest to largest eigenvalue)


     Beginning Time:  11:22:33
        Ending Time:  11:22:40
       Elapsed Time:  00:00:07



MUTHEN & MUTHEN
3463 Stoner Ave.
Los Angeles, CA  90066

Tel: (310) 391-9971
Fax: (310) 391-8971
Web: www.StatModel.com
Support: Support@StatModel.com

Copyright (c) 1998-2011 Muthen & Muthen
