Mplus VERSION 8 (Linux)
MUTHEN & MUTHEN
06/07/2018   5:15 PM

INPUT INSTRUCTIONS


  title: Stability of values - Nat mvi group;
  data: file = /home/jflournoy/code_new/lnt_pxvx/Data/lnt_nat_recalc.tsv;

  variable:
  names =
  subjid
  aage
  aaspfin
  aaspfin_d
  abfa_mt
  abfa_mt_d
  abfas_ac
  abfas_ap
  abfas_ci
  abfas_co
  abfas_ea
  abfas_ee
  abfas_nv
  abfas_nv9
  abfas_nw
  abfas_oi
  abfas_oo
  abfi_a
  abfi_a6
  abfi_c
  abfi_d_scale
  abfi_e
  abfi_hp8
  abfi_n
  abfi_o
  abfi_s_scale
  ahrz_col
  ahrz_col_d
  ahrz_ind
  ahrz_ind_d
  amvi
  ausi
  ausi_d
  avrt_col
  avrt_col_d
  avrt_ind
  avrt_ind_d
  bage
  baspfin
  baspfin_d
  bbfa_mt
  bbfa_mt_d
  bbfas_ac
  bbfas_ap
  bbfas_ci
  bbfas_co
  bbfas_ea
  bbfas_ee
  bbfas_nv
  bbfas_nv9
  bbfas_nw
  bbfas_oi
  bbfas_oo
  bbfi_a
  bbfi_a6
  bbfi_c
  bbfi_d_scale
  bbfi_e
  bbfi_hp8
  bbfi_n
  bbfi_o
  bbfi_s_scale
  bhrz_col
  bhrz_col_d
  bhrz_ind
  bhrz_ind_d
  bmvi
  busi
  busi_d
  bvrt_col
  bvrt_col_d
  bvrt_ind
  bvrt_ind_d
  cage
  caspfin
  caspfin_d
  cbfa_mt
  cbfa_mt_d
  cbfas_ac
  cbfas_ap
  cbfas_ci
  cbfas_co
  cbfas_ea
  cbfas_ee
  cbfas_nv
  cbfas_nv9
  cbfas_nw
  cbfas_oi
  cbfas_oo
  cbfi_a
  cbfi_a6
  cbfi_c
  cbfi_d_scale
  cbfi_e
  cbfi_hp8
  cbfi_n
  cbfi_o
  cbfi_s_scale
  chrz_col
  chrz_col_d
  chrz_ind
  chrz_ind_d
  cmvi
  cusi
  cusi_d
  cvrt_col
  cvrt_col_d
  cvrt_ind
  cvrt_ind_d
  dage
  daspfin
  daspfin_d
  dbfa_mt
  dbfa_mt_d
  dbfas_ac
  dbfas_ap
  dbfas_ci
  dbfas_co
  dbfas_ea
  dbfas_ee
  dbfas_nv
  dbfas_nv9
  dbfas_nw
  dbfas_oi
  dbfas_oo
  dbfi_a
  dbfi_a6
  dbfi_c
  dbfi_d_scale
  dbfi_e
  dbfi_hp8
  dbfi_n
  dbfi_o
  dbfi_s_scale
  dhrz_col
  dhrz_col_d
  dhrz_ind
  dhrz_ind_d
  dmvi
  dusi
  dusi_d
  dvrt_col
  dvrt_col_d
  dvrt_ind
  dvrt_ind_d;

  USEVARIABLES =
  amvi
  bmvi
  cmvi
  dmvi
  aage
  ;

  missing = all (-9999);

  grouping = aage (0=d2, 1=d3, 2=d4, 3=d5);

  DEFINE:

  cut aage (29 39 49);

  ANALYSIS:
  type = general;
  estimator = ml;
  processors = 8;


  MODEL:

  amvi WITH bmvi (a);
  bmvi WITH cmvi (a);
  cmvi WITH dmvi (a);

  amvi WITH cmvi (b);
  bmvi WITH dmvi (b);

  amvi WITH dmvi (c);

  amvi bmvi cmvi dmvi (e);



  OUTPUT: SAMPSTAT PATTERNS STDYX;



*** WARNING
  Data set contains unknown or missing values for GROUPING,
  PATTERN, COHORT, CLUSTER and/or STRATIFICATION variables.
  Number of cases with unknown or missing values:  5
*** WARNING
  Data set contains cases with missing on all variables.
  These cases were not included in the analysis.
  Number of cases with missing on all variables:  1
   2 WARNING(S) FOUND IN THE INPUT INSTRUCTIONS



Stability of values - Nat mvi group;

SUMMARY OF ANALYSIS

Number of groups                                                 4
Number of observations
   Group D2                                                    301
   Group D3                                                    233
   Group D4                                                    197
   Group D5                                                    132
   Total sample size                                           863

Number of dependent variables                                    4
Number of independent variables                                  0
Number of continuous latent variables                            0

Observed dependent variables

  Continuous
   AMVI        BMVI        CMVI        DMVI

Variables with special functions

  Grouping variable     AAGE

Estimator                                                       ML
Information matrix                                        OBSERVED
Maximum number of iterations                                  1000
Convergence criterion                                    0.500D-04
Maximum number of steepest descent iterations                   20
Maximum number of iterations for H1                           2000
Convergence criterion for H1                             0.100D-03

Input data file(s)
  /home/jflournoy/code_new/lnt_pxvx/Data/lnt_nat_recalc.tsv

Input data format  FREE


SUMMARY OF DATA

   Group D2
     Number of missing data patterns             9

   Group D3
     Number of missing data patterns             8

   Group D4
     Number of missing data patterns             8

   Group D5
     Number of missing data patterns             8


SUMMARY OF MISSING DATA PATTERNS


     MISSING DATA PATTERNS FOR D2 (x = not missing)

           1  2  3  4  5  6  7  8  9
 AMVI      x  x  x  x  x  x  x  x
 BMVI      x  x  x  x              x
 CMVI      x  x        x  x
 DMVI      x     x     x     x


     MISSING DATA PATTERN FREQUENCIES FOR D2

    Pattern   Frequency     Pattern   Frequency     Pattern   Frequency
          1         189           4          11           7          11
          2          15           5           6           8          57
          3           6           6           5           9           1


     MISSING DATA PATTERNS FOR D3 (x = not missing)

           1  2  3  4  5  6  7  8
 AMVI      x  x  x  x  x  x  x  x
 BMVI      x  x  x  x
 CMVI      x  x        x  x
 DMVI      x     x     x     x


     MISSING DATA PATTERN FREQUENCIES FOR D3

    Pattern   Frequency     Pattern   Frequency     Pattern   Frequency
          1         140           4          15           7           3
          2           7           5           7           8          46
          3           8           6           7


     MISSING DATA PATTERNS FOR D4 (x = not missing)

           1  2  3  4  5  6  7  8
 AMVI      x  x  x  x  x  x  x  x
 BMVI      x  x  x  x
 CMVI      x  x        x  x
 DMVI      x     x     x     x


     MISSING DATA PATTERN FREQUENCIES FOR D4

    Pattern   Frequency     Pattern   Frequency     Pattern   Frequency
          1         105           4          12           7           4
          2          15           5           6           8          41
          3           8           6           6


     MISSING DATA PATTERNS FOR D5 (x = not missing)

           1  2  3  4  5  6  7  8
 AMVI      x  x  x  x  x  x  x  x
 BMVI      x  x  x  x
 CMVI      x  x        x  x
 DMVI      x     x     x     x


     MISSING DATA PATTERN FREQUENCIES FOR D5

    Pattern   Frequency     Pattern   Frequency     Pattern   Frequency
          1          61           4          10           7           6
          2          11           5           4           8          29
          3           5           6           6


COVARIANCE COVERAGE OF DATA

Minimum covariance coverage value   0.100


     PROPORTION OF DATA PRESENT FOR D2


           Covariance Coverage
              AMVI          BMVI          CMVI          DMVI
              ________      ________      ________      ________
 AMVI           0.997
 BMVI           0.734         0.738
 CMVI           0.714         0.678         0.714
 DMVI           0.704         0.648         0.648         0.704


     PROPORTION OF DATA PRESENT FOR D3


           Covariance Coverage
              AMVI          BMVI          CMVI          DMVI
              ________      ________      ________      ________
 AMVI           1.000
 BMVI           0.730         0.730
 CMVI           0.691         0.631         0.691
 DMVI           0.678         0.635         0.631         0.678


     PROPORTION OF DATA PRESENT FOR D4


           Covariance Coverage
              AMVI          BMVI          CMVI          DMVI
              ________      ________      ________      ________
 AMVI           1.000
 BMVI           0.711         0.711
 CMVI           0.670         0.609         0.670
 DMVI           0.624         0.574         0.563         0.624


     PROPORTION OF DATA PRESENT FOR D5


           Covariance Coverage
              AMVI          BMVI          CMVI          DMVI
              ________      ________      ________      ________
 AMVI           1.000
 BMVI           0.659         0.659
 CMVI           0.621         0.545         0.621
 DMVI           0.576         0.500         0.492         0.576


SAMPLE STATISTICS


     ESTIMATED SAMPLE STATISTICS FOR D2


           Means
              AMVI          BMVI          CMVI          DMVI
              ________      ________      ________      ________
               63.768        62.612        63.303        62.754


           Covariances
              AMVI          BMVI          CMVI          DMVI
              ________      ________      ________      ________
 AMVI          64.057
 BMVI          50.650        68.042
 CMVI          48.376        57.616        80.296
 DMVI          42.195        49.944        56.844        63.458


           Correlations
              AMVI          BMVI          CMVI          DMVI
              ________      ________      ________      ________
 AMVI           1.000
 BMVI           0.767         1.000
 CMVI           0.675         0.779         1.000
 DMVI           0.662         0.760         0.796         1.000


     ESTIMATED SAMPLE STATISTICS FOR D3


           Means
              AMVI          BMVI          CMVI          DMVI
              ________      ________      ________      ________
               64.232        63.688        64.092        63.985


           Covariances
              AMVI          BMVI          CMVI          DMVI
              ________      ________      ________      ________
 AMVI          65.308
 BMVI          48.917        57.989
 CMVI          51.392        49.627        69.982
 DMVI          47.126        47.064        50.052        62.364


           Correlations
              AMVI          BMVI          CMVI          DMVI
              ________      ________      ________      ________
 AMVI           1.000
 BMVI           0.795         1.000
 CMVI           0.760         0.779         1.000
 DMVI           0.738         0.783         0.758         1.000


     ESTIMATED SAMPLE STATISTICS FOR D4


           Means
              AMVI          BMVI          CMVI          DMVI
              ________      ________      ________      ________
               65.223        65.484        64.534        64.863


           Covariances
              AMVI          BMVI          CMVI          DMVI
              ________      ________      ________      ________
 AMVI          55.873
 BMVI          41.139        52.661
 CMVI          40.767        40.983        51.157
 DMVI          39.771        40.216        41.564        49.065


           Correlations
              AMVI          BMVI          CMVI          DMVI
              ________      ________      ________      ________
 AMVI           1.000
 BMVI           0.758         1.000
 CMVI           0.763         0.790         1.000
 DMVI           0.760         0.791         0.830         1.000


     ESTIMATED SAMPLE STATISTICS FOR D5


           Means
              AMVI          BMVI          CMVI          DMVI
              ________      ________      ________      ________
               66.683        67.140        66.926        66.378


           Covariances
              AMVI          BMVI          CMVI          DMVI
              ________      ________      ________      ________
 AMVI          66.635
 BMVI          50.389        58.562
 CMVI          44.873        46.840        59.863
 DMVI          49.771        48.606        48.215        58.867


           Correlations
              AMVI          BMVI          CMVI          DMVI
              ________      ________      ________      ________
 AMVI           1.000
 BMVI           0.807         1.000
 CMVI           0.710         0.791         1.000
 DMVI           0.795         0.828         0.812         1.000


     MAXIMUM LOG-LIKELIHOOD VALUE FOR THE UNRESTRICTED (H1) MODEL IS -8261.579


UNIVARIATE SAMPLE STATISTICS


     UNIVARIATE HIGHER-ORDER MOMENT DESCRIPTIVE STATISTICS FOR D2

         Variable/         Mean/     Skewness/   Minimum/ % with                Percentiles
        Sample Size      Variance    Kurtosis    Maximum  Min/Max      20%/60%    40%/80%    Median

     AMVI                 63.781       0.026      39.062    0.33%      57.353     61.029     63.235
             300.000      64.132       0.128      86.765    0.33%      65.441     70.588
     BMVI                 62.699       0.015      41.912    0.45%      55.882     59.559     62.500
             222.000      66.807      -0.454      80.882    0.45%      63.971     70.588
     CMVI                 63.293      -0.063      33.088    0.47%      55.882     61.029     62.500
             215.000      79.579       0.245      86.765    0.47%      65.441     70.588
     DMVI                 63.000      -0.073      36.029    0.47%      56.618     61.029     63.235
             212.000      63.144       0.524      85.294    0.47%      64.706     69.118


     UNIVARIATE HIGHER-ORDER MOMENT DESCRIPTIVE STATISTICS FOR D3

         Variable/         Mean/     Skewness/   Minimum/ % with                Percentiles
        Sample Size      Variance    Kurtosis    Maximum  Min/Max      20%/60%    40%/80%    Median

     AMVI                 64.232      -0.060      32.353    0.43%      56.618     61.765     63.971
             233.000      65.308       0.444      86.029    0.43%      66.912     71.324
     BMVI                 63.443       0.007      40.441    0.59%      56.618     61.029     62.868
             170.000      60.193      -0.013      86.029    0.59%      65.441     69.853
     CMVI                 63.788       0.049      39.706    0.62%      56.618     61.029     63.235
             161.000      69.990      -0.097      87.500    0.62%      65.441     71.324
     DMVI                 63.920       0.081      42.647    0.63%      57.353     61.029     63.603
             158.000      62.185      -0.100      85.294    0.63%      65.441     71.324


     UNIVARIATE HIGHER-ORDER MOMENT DESCRIPTIVE STATISTICS FOR D4

         Variable/         Mean/     Skewness/   Minimum/ % with                Percentiles
        Sample Size      Variance    Kurtosis    Maximum  Min/Max      20%/60%    40%/80%    Median

     AMVI                 65.223      -0.002      47.794    1.52%      58.824     63.235     65.441
             197.000      55.873      -0.325      82.812    0.51%      66.912     71.324
     BMVI                 65.398       0.236      49.265    0.71%      59.559     63.235     64.706
             140.000      52.404       0.150      88.235    0.71%      66.912     71.324
     CMVI                 64.509       0.114      44.853    0.76%      58.088     62.500     63.971
             132.000      52.452      -0.116      81.618    1.52%      65.441     69.853
     DMVI                 64.485       0.112      46.324    0.81%      58.824     62.500     63.971
             123.000      49.125      -0.337      83.088    0.81%      66.176     71.324


     UNIVARIATE HIGHER-ORDER MOMENT DESCRIPTIVE STATISTICS FOR D5

         Variable/         Mean/     Skewness/   Minimum/ % with                Percentiles
        Sample Size      Variance    Kurtosis    Maximum  Min/Max      20%/60%    40%/80%    Median

     AMVI                 66.683       0.214      43.382    0.76%      60.294     63.971     66.176
             132.000      66.635       0.397      92.647    0.76%      67.647     72.794
     BMVI                 67.492      -0.138      48.529    1.15%      60.294     65.441     67.647
              87.000      59.577      -0.604      82.353    1.15%      69.853     73.529
     CMVI                 67.726      -0.376      44.853    1.22%      60.294     66.176     67.647
              82.000      61.225       0.192      84.559    1.22%      69.853     75.000
     DMVI                 67.355      -0.200      44.118    1.32%      61.029     65.441     67.279
              76.000      56.142       0.278      83.088    2.63%      68.382     72.794


THE MODEL ESTIMATION TERMINATED NORMALLY



MODEL FIT INFORMATION

Number of Free Parameters                       20

Loglikelihood

          H0 Value                       -8297.187
          H1 Value                       -8261.579

Information Criteria

          Akaike (AIC)                   16634.373
          Bayesian (BIC)                 16729.581
          Sample-Size Adjusted BIC       16666.067
            (n* = (n + 2) / 24)

Chi-Square Test of Model Fit

          Value                             71.216
          Degrees of Freedom                    36
          P-Value                           0.0004

Chi-Square Contribution From Each Group

          D2                                29.250
          D3                                 9.023
          D4                                21.578
          D5                                11.365

RMSEA (Root Mean Square Error Of Approximation)

          Estimate                           0.067
          90 Percent C.I.                    0.044  0.090
          Probability RMSEA <= .05           0.104

CFI/TLI

          CFI                                0.981
          TLI                                0.987

Chi-Square Test of Model Fit for the Baseline Model

          Value                           1878.531
          Degrees of Freedom                    24
          P-Value                           0.0000

SRMR (Standardized Root Mean Square Residual)

          Value                              0.287



MODEL RESULTS

                                                    Two-Tailed
                    Estimate       S.E.  Est./S.E.    P-Value

Group D2

 AMVI     WITH
    BMVI              48.882      2.595     18.834      0.000
    CMVI              46.574      2.614     17.816      0.000
    DMVI              44.890      2.723     16.484      0.000

 BMVI     WITH
    CMVI              48.882      2.595     18.834      0.000
    DMVI              46.574      2.614     17.816      0.000

 CMVI     WITH
    DMVI              48.882      2.595     18.834      0.000

 Means
    AMVI              63.767      0.456    139.790      0.000
    BMVI              62.611      0.484    129.299      0.000
    CMVI              63.318      0.490    129.112      0.000
    DMVI              62.727      0.495    126.648      0.000

 Variances
    AMVI              62.552      2.596     24.100      0.000
    BMVI              62.552      2.596     24.100      0.000
    CMVI              62.552      2.596     24.100      0.000
    DMVI              62.552      2.596     24.100      0.000

Group D3

 AMVI     WITH
    BMVI              48.882      2.595     18.834      0.000
    CMVI              46.574      2.614     17.816      0.000
    DMVI              44.890      2.723     16.484      0.000

 BMVI     WITH
    CMVI              48.882      2.595     18.834      0.000
    DMVI              46.574      2.614     17.816      0.000

 CMVI     WITH
    DMVI              48.882      2.595     18.834      0.000

 Means
    AMVI              64.232      0.518    123.968      0.000
    BMVI              63.695      0.551    115.502      0.000
    CMVI              64.070      0.561    114.111      0.000
    DMVI              63.972      0.568    112.532      0.000

 Variances
    AMVI              62.552      2.596     24.100      0.000
    BMVI              62.552      2.596     24.100      0.000
    CMVI              62.552      2.596     24.100      0.000
    DMVI              62.552      2.596     24.100      0.000

Group D4

 AMVI     WITH
    BMVI              48.882      2.595     18.834      0.000
    CMVI              46.574      2.614     17.816      0.000
    DMVI              44.890      2.723     16.484      0.000

 BMVI     WITH
    CMVI              48.882      2.595     18.834      0.000
    DMVI              46.574      2.614     17.816      0.000

 CMVI     WITH
    DMVI              48.882      2.595     18.834      0.000

 Means
    AMVI              65.223      0.563    115.747      0.000
    BMVI              65.479      0.603    108.576      0.000
    CMVI              64.532      0.615    104.982      0.000
    DMVI              64.854      0.630    103.022      0.000

 Variances
    AMVI              62.552      2.596     24.100      0.000
    BMVI              62.552      2.596     24.100      0.000
    CMVI              62.552      2.596     24.100      0.000
    DMVI              62.552      2.596     24.100      0.000

Group D5

 AMVI     WITH
    BMVI              48.882      2.595     18.834      0.000
    CMVI              46.574      2.614     17.816      0.000
    DMVI              44.890      2.723     16.484      0.000

 BMVI     WITH
    CMVI              48.882      2.595     18.834      0.000
    DMVI              46.574      2.614     17.816      0.000

 CMVI     WITH
    DMVI              48.882      2.595     18.834      0.000

 Means
    AMVI              66.683      0.688     96.868      0.000
    BMVI              67.104      0.748     89.697      0.000
    CMVI              66.818      0.764     87.498      0.000
    DMVI              66.384      0.785     84.596      0.000

 Variances
    AMVI              62.552      2.596     24.100      0.000
    BMVI              62.552      2.596     24.100      0.000
    CMVI              62.552      2.596     24.100      0.000
    DMVI              62.552      2.596     24.100      0.000


STANDARDIZED MODEL RESULTS


STDYX Standardization

                                                    Two-Tailed
                    Estimate       S.E.  Est./S.E.    P-Value

Group D2

 AMVI     WITH
    BMVI               0.781      0.012     67.329      0.000
    CMVI               0.745      0.014     52.108      0.000
    DMVI               0.718      0.020     36.508      0.000

 BMVI     WITH
    CMVI               0.781      0.012     67.329      0.000
    DMVI               0.745      0.014     52.108      0.000

 CMVI     WITH
    DMVI               0.781      0.012     67.329      0.000

 Means
    AMVI               8.063      0.177     45.563      0.000
    BMVI               7.916      0.175     45.159      0.000
    CMVI               8.006      0.177     45.154      0.000
    DMVI               7.931      0.176     44.984      0.000

 Variances
    AMVI               1.000      0.000    999.000    999.000
    BMVI               1.000      0.000    999.000    999.000
    CMVI               1.000      0.000    999.000    999.000
    DMVI               1.000      0.000    999.000    999.000

Group D3

 AMVI     WITH
    BMVI               0.781      0.012     67.329      0.000
    CMVI               0.745      0.014     52.108      0.000
    DMVI               0.718      0.020     36.508      0.000

 BMVI     WITH
    CMVI               0.781      0.012     67.329      0.000
    DMVI               0.745      0.014     52.108      0.000

 CMVI     WITH
    DMVI               0.781      0.012     67.329      0.000

 Means
    AMVI               8.121      0.181     44.924      0.000
    BMVI               8.054      0.181     44.554      0.000
    CMVI               8.101      0.182     44.490      0.000
    DMVI               8.089      0.182     44.369      0.000

 Variances
    AMVI               1.000      0.000    999.000    999.000
    BMVI               1.000      0.000    999.000    999.000
    CMVI               1.000      0.000    999.000    999.000
    DMVI               1.000      0.000    999.000    999.000

Group D4

 AMVI     WITH
    BMVI               0.781      0.012     67.329      0.000
    CMVI               0.745      0.014     52.108      0.000
    DMVI               0.718      0.020     36.508      0.000

 BMVI     WITH
    CMVI               0.781      0.012     67.329      0.000
    DMVI               0.745      0.014     52.108      0.000

 CMVI     WITH
    DMVI               0.781      0.012     67.329      0.000

 Means
    AMVI               8.247      0.185     44.496      0.000
    BMVI               8.279      0.188     44.069      0.000
    CMVI               8.159      0.186     43.820      0.000
    DMVI               8.200      0.187     43.741      0.000

 Variances
    AMVI               1.000      0.000    999.000    999.000
    BMVI               1.000      0.000    999.000    999.000
    CMVI               1.000      0.000    999.000    999.000
    DMVI               1.000      0.000    999.000    999.000

Group D5

 AMVI     WITH
    BMVI               0.781      0.012     67.329      0.000
    CMVI               0.745      0.014     52.108      0.000
    DMVI               0.718      0.020     36.508      0.000

 BMVI     WITH
    CMVI               0.781      0.012     67.329      0.000
    DMVI               0.745      0.014     52.108      0.000

 CMVI     WITH
    DMVI               0.781      0.012     67.329      0.000

 Means
    AMVI               8.431      0.195     43.153      0.000
    BMVI               8.485      0.200     42.362      0.000
    CMVI               8.448      0.201     42.038      0.000
    DMVI               8.393      0.201     41.663      0.000

 Variances
    AMVI               1.000      0.000    999.000    999.000
    BMVI               1.000      0.000    999.000    999.000
    CMVI               1.000      0.000    999.000    999.000
    DMVI               1.000      0.000    999.000    999.000


R-SQUARE

Group D2

Group D3

Group D4

Group D5


QUALITY OF NUMERICAL RESULTS

     Condition Number for the Information Matrix              0.132E-02
       (ratio of smallest to largest eigenvalue)


     Beginning Time:  17:15:26
        Ending Time:  17:15:26
       Elapsed Time:  00:00:00



MUTHEN & MUTHEN
3463 Stoner Ave.
Los Angeles, CA  90066

Tel: (310) 391-9971
Fax: (310) 391-8971
Web: www.StatModel.com
Support: Support@StatModel.com

Copyright (c) 1998-2017 Muthen & Muthen
