Mplus VERSION 7 (Mac)
MUTHEN & MUTHEN
10/27/2017   9:56 AM

INPUT INSTRUCTIONS


  title: PxVx Bivariate LCM-SR-Uncons - Col Linear BFA_OI with Linear VRT_COL;
  data: file = /Users/johnflournoy/code/lnt_pxvx/Data/LT_227.txt;



  variable:
  names =
  subjid
  Sample
  aGENDER
  aAGE
  aethnic1
  aethnic2
  aedu_mom
  aedu_dad
  aEDUCATN
  bEDUCATN
  cEDUCATN
  aEMPLOYD
  bEMPLOYD
  cEMPLOYD
  dEMPLOYD
  aINCOME
  bINCOME
  cINCOME
  dINCOME
  aS_SCALE
  bS_SCALE
  cS_SCALE
  dS_SCALE
  aD_SCALE
  bD_SCALE
  cD_SCALE
  dD_SCALE
  aS_COMP
  bS_COMP
  cS_COMP
  dS_COMP
  aD_COMP
  bD_COMP
  cD_COMP
  dD_COMP
  aBFI_A
  aBFI_A6
  aBFI_C
  aBFI_E
  aBFI_HP
  aBFI_N
  aBFI_O
  bBFI_A
  bBFI_A6
  bBFI_C
  bBFI_E
  bBFI_HP
  bBFI_N
  bBFI_O
  cBFI_A
  cBFI_A6
  cBFI_C
  cBFI_E
  cBFI_HP
  cBFI_N
  cBFI_O
  dBFI_A
  dBFI_A6
  dBFI_C
  dBFI_E
  dBFI_HP
  dBFI_N
  dBFI_O
  aBFA_AC
  aBFA_AP
  aBFA_CI
  aBFA_CO
  aBFA_EA
  aBFA_EE
  aBFA_N9
  aBFA_NV
  aBFA_NW
  aBFA_OI
  aBFA_OO
  aBFA_PS
  aBFA_MT
  bBFA_AC
  bBFA_AP
  bBFA_CI
  bBFA_CO
  bBFA_EA
  bBFA_EE
  bBFA_N9
  bBFA_NV
  bBFA_NW
  bBFA_OI
  bBFA_OO
  bBFA_MT
  bBFA_PS
  cBFA_AC
  cBFA_AP
  cBFA_CI
  cBFA_CO
  cBFA_EA
  cBFA_EE
  cBFA_N9
  cBFA_NV
  cBFA_NW
  cBFA_OI
  cBFA_OO
  cBFA_MT
  cBFA_PS
  dBFA_AC
  dBFA_AP
  dBFA_CI
  dBFA_CO
  dBFA_EA
  dBFA_EE
  dBFA_N9
  dBFA_NV
  dBFA_NW
  dBFA_OI
  dBFA_OO
  dBFA_MT
  dBFA_PS
  aUSI
  bUSI
  cUSI
  dUSI
  aHRZ_IND
  bHRZ_IND
  cHRZ_IND
  dHRZ_IND
  aVRT_IND
  bVRT_IND
  cVRT_IND
  dVRT_IND
  aHRZ_COL
  bHRZ_COL
  cHRZ_COL
  dHRZ_COL
  aVRT_COL
  bVRT_COL
  cVRT_COL
  dVRT_COL
  aCOLLCTV
  bCOLLCTV
  cCOLLCTV
  dCOLLCTV
  aMVS
  bMVS
  cMVS
  dMVS
  aST
  bST
  cST
  dST
  aSD
  bSD
  cSD
  dSD
  aMVS_mc
  bMVS_mc
  cMVS_mc
  dMVS_mc
  aST_mc
  bST_mc
  cST_mc
  dST_mc
  aSD_mc
  bSD_mc
  cSD_mc
  dSD_mc
  bMEANING
  cMEANING
  dMEANING
  bMEAN_L
  cMEAN_L
  dMEAN_L
  bMEANNGc
  cMEANNGc
  dMEANNGc
  bMEANGlc
  cMEANGlc
  dMEANGlc
  bCLASSIC
  cCLASSIC
  dCLASSIC
  bCLASSCc
  cCLASSCc
  dCLASSCc
  bAGR_VAL
  cAGR_VAL
  dAGR_VAL
  bOPN_VAL
  cOPN_VAL
  dOPN_VAL
  bAGR_VLc
  cAGR_VLc
  dAGR_VLc
  bOPNVALc
  cOPNVALc
  dOPNVALc
  aMV_pomp
  bMV_pomp
  cMV_pomp
  dMV_pomp
  aST_pomp
  bST_pomp
  cST_pomp
  dST_pomp
  aSD_pomp
  bSD_pomp
  cSD_pomp
  dSD_pomp
  agoal_ec
  bgoal_ec
  cgoal_ec
  dgoal_ec
  aAspfinc
  bAspfinc
  cAspfinc
  dAspfinc
  abfi_hp8
  bbfi_hp8
  cbfi_hp8
  dbfi_hp8
  aP_S_BFI
  aP_D_BFI
  aECgoalc
  bECgoalC
  cECgoalC
  dECgoalC
  aaspfin
  baspfin
  caspfin
  daspfin
  aMVI_POMP
  bMVI_POMP
  cMVI_POMP
  dMVI_POMP;

  USEVARIABLES =
  aBFA_OI
  bBFA_OI
  cBFA_OI
  dBFA_OI
  aVRT_COL
  bVRT_COL
  cVRT_COL
  dVRT_COL
  a1
  a2
  a3
  a4
  ;

  missing = all (-9999);

  USEOBSERVATIONS are Sample == 2; ! College Sample

  tscores = a1 a2 a3 a4;

  DEFINE:
  a1 = aAGE + 0 - 20.5;
  a2 = aAGE + 1 - 20.5;
  a3 = aAGE + 2 - 20.5;
  a4 = aAGE + 3 - 20.5;

  ANALYSIS:
  TYPE=RANDOM;
  PROCESSORS = 4;
  model=nocovariances; ! supresses default estimation of certain covs in model;

  MODEL:

  i_BFA_OI s_BFA_OI | aBFA_OI bBFA_OI cBFA_OI dBFA_OI AT a1 a2 a3 a4;
  i_VRT_COL s_VRT_COL | aVRT_COL bVRT_COL cVRT_COL dVRT_COL AT a1 a2 a3 a4;

  ! freeing factor covs because of "nocovariances"
  s_BFA_OI WITH i_BFA_OI s_VRT_COL i_VRT_COL;
  i_BFA_OI WITH s_VRT_COL i_VRT_COL;
  s_VRT_COL WITH i_VRT_COL;

  p1 BY aBFA_OI@1; ! Residual "factors";
  p2 BY bBFA_OI@1;
  p3 BY cBFA_OI@1;
  p4 BY dBFA_OI@1;

  v1 BY aVRT_COL@1; ! Residual "factors";
  v2 BY bVRT_COL@1;
  v3 BY cVRT_COL@1;
  v4 BY dVRT_COL@1;

  !residual variances on observed/manifest vars set to 0
  aBFA_OI@0;
  bBFA_OI@0;
  cBFA_OI@0;
  dBFA_OI@0;

  !residual variances on observed/manifest vars set to 0
  aVRT_COL@0;
  bVRT_COL@0;
  cVRT_COL@0;
  dVRT_COL@0;

  ! means of observed/manifest vars set to 0
  [aBFA_OI@0];
  [bBFA_OI@0];
  [cBFA_OI@0];
  [dBFA_OI@0];

  ! means of observed/manifest vars set to 0
  [aVRT_COL@0];
  [bVRT_COL@0];
  [cVRT_COL@0];
  [dVRT_COL@0];

  [p1@0]; ! means of residual "factors" set to 0
  [p2@0];
  [p3@0];
  [p4@0];

  [v1@0]; ! means of residual "factors" set to 0
  [v2@0];
  [v3@0];
  [v4@0];

  p4 on p3;
  p3 on p2;
  p2 on p1;

  v4 on v3;
  v3 on v2;
  v2 on v1;

  p4 on v3;
  p3 on v2;
  p2 on v1;

  v4 on p3;
  v3 on p2;
  v2 on p1;

  p1 with v1;
  p2 with v2;
  p3 with v3;
  p4 with v4;

  p2 p3 p4; ! estimate variances of residual "factors"
  v2 v3 v4; ! estimate variances of residual "factors"

  OUTPUT: SAMPSTAT PATTERNS;



*** WARNING
  Variable name contains more than 8 characters.
  Only the first 8 characters will be printed in the output.
  Variable: AMVI_POMP
*** WARNING
  Variable name contains more than 8 characters.
  Only the first 8 characters will be printed in the output.
  Variable: BMVI_POMP
*** WARNING
  Variable name contains more than 8 characters.
  Only the first 8 characters will be printed in the output.
  Variable: CMVI_POMP
*** WARNING
  Variable name contains more than 8 characters.
  Only the first 8 characters will be printed in the output.
  Variable: DMVI_POMP
*** WARNING
  Variable name contains more than 8 characters.
  Only the first 8 characters will be printed in the output.
  Variable: I_VRT_COL
*** WARNING
  Variable name contains more than 8 characters.
  Only the first 8 characters will be printed in the output.
  Variable: S_VRT_COL
*** WARNING
  Data set contains cases with missing on all variables.
  These cases were not included in the analysis.
  Number of cases with missing on all variables:  1
*** WARNING
  Data set contains cases with missing on time scores but non-missing on the
  corresponding dependent variables.  These cases were not included in the analysis.
  Number of such cases:  3
   8 WARNING(S) FOUND IN THE INPUT INSTRUCTIONS



PxVx Bivariate LCM-SR-Uncons - Col Linear BFA_OI with Linear VRT_COL;

SUMMARY OF ANALYSIS

Number of groups                                                 1
Number of observations                                         276

Number of dependent variables                                    8
Number of independent variables                                  0
Number of continuous latent variables                           12

Observed dependent variables

  Continuous
   ABFA_OI     BBFA_OI     CBFA_OI     DBFA_OI     AVRT_COL    BVRT_COL
   CVRT_COL    DVRT_COL

Continuous latent variables
   P1          P2          P3          P4          V1          V2
   V3          V4          I_BFA_OI    S_BFA_OI    I_VRT_CO    S_VRT_CO

Variables with special functions

  Time scores
   A1          A2          A3          A4


Estimator                                                      MLR
Information matrix                                        OBSERVED
Maximum number of iterations                                   100
Convergence criterion                                    0.100D-05
Maximum number of EM iterations                                500
Convergence criteria for the EM algorithm
  Loglikelihood change                                   0.100D-02
  Relative loglikelihood change                          0.100D-05
  Derivative                                             0.100D-03
Minimum variance                                         0.100D-03
Maximum number of steepest descent iterations                   20
Maximum number of iterations for H1                           2000
Convergence criterion for H1                             0.100D-03
Optimization algorithm                                         EMA

Input data file(s)
  /Users/johnflournoy/code/lnt_pxvx/Data/LT_227.txt
Input data format  FREE


SUMMARY OF DATA

     Number of missing data patterns            12


SUMMARY OF MISSING DATA PATTERNS


     MISSING DATA PATTERNS (x = not missing)

           1  2  3  4  5  6  7  8  9 10 11 12
 ABFA_OI   x  x  x  x  x  x  x  x  x  x  x  x
 BBFA_OI   x  x     x        x  x           x
 CBFA_OI   x  x  x                 x  x
 DBFA_OI   x              x  x  x  x  x
 AVRT_COL  x  x  x  x  x  x  x  x  x  x     x
 BVRT_COL  x  x     x           x
 CVRT_COL  x  x  x                 x  x
 DVRT_COL  x              x     x     x


     MISSING DATA PATTERN FREQUENCIES

    Pattern   Frequency     Pattern   Frequency     Pattern   Frequency
          1         138           5          52           9           1
          2          12           6          11          10          10
          3           5           7           1          11           1
          4          27           8          16          12           2


COVARIANCE COVERAGE OF DATA

Minimum covariance coverage value   0.100


     PROPORTION OF DATA PRESENT


           Covariance Coverage
              ABFA_OI       BBFA_OI       CBFA_OI       DBFA_OI       AVRT_COL
              ________      ________      ________      ________      ________
 ABFA_OI        1.000
 BBFA_OI        0.710         0.710
 CBFA_OI        0.601         0.543         0.601
 DBFA_OI        0.641         0.562         0.540         0.641
 AVRT_COL       0.996         0.710         0.601         0.641         0.996
 BVRT_COL       0.699         0.699         0.543         0.558         0.699
 CVRT_COL       0.601         0.543         0.601         0.540         0.601
 DVRT_COL       0.634         0.558         0.536         0.634         0.634


           Covariance Coverage
              BVRT_COL      CVRT_COL      DVRT_COL
              ________      ________      ________
 BVRT_COL       0.699
 CVRT_COL       0.543         0.601
 DVRT_COL       0.558         0.536         0.634


SAMPLE STATISTICS


     ESTIMATED SAMPLE STATISTICS


           Means
              ABFA_OI       BBFA_OI       CBFA_OI       DBFA_OI       AVRT_COL
              ________      ________      ________      ________      ________
 1             71.450        71.224        70.421        72.576        67.083


           Means
              BVRT_COL      CVRT_COL      DVRT_COL
              ________      ________      ________
 1             66.370        64.167        64.839


           Covariances
              ABFA_OI       BBFA_OI       CBFA_OI       DBFA_OI       AVRT_COL
              ________      ________      ________      ________      ________
 ABFA_OI      213.042
 BBFA_OI      162.122       206.232
 CBFA_OI      164.559       175.217       237.891
 DBFA_OI      154.813       168.555       182.624       213.341
 AVRT_COL       8.091        20.392        20.400        25.945       327.934
 BVRT_COL       7.335        31.311        22.386        29.626       201.756
 CVRT_COL      -0.887         0.550         8.858         5.670       183.128
 DVRT_COL     -31.775       -34.755       -24.241       -30.218       212.272


           Covariances
              BVRT_COL      CVRT_COL      DVRT_COL
              ________      ________      ________
 BVRT_COL     311.360
 CVRT_COL     179.344       300.160
 DVRT_COL     203.726       204.963       347.911


           Correlations
              ABFA_OI       BBFA_OI       CBFA_OI       DBFA_OI       AVRT_COL
              ________      ________      ________      ________      ________
 ABFA_OI        1.000
 BBFA_OI        0.773         1.000
 CBFA_OI        0.731         0.791         1.000
 DBFA_OI        0.726         0.804         0.811         1.000
 AVRT_COL       0.031         0.078         0.073         0.098         1.000
 BVRT_COL       0.028         0.124         0.082         0.115         0.631
 CVRT_COL      -0.004         0.002         0.033         0.022         0.584
 DVRT_COL      -0.117        -0.130        -0.084        -0.111         0.628


           Correlations
              BVRT_COL      CVRT_COL      DVRT_COL
              ________      ________      ________
 BVRT_COL       1.000
 CVRT_COL       0.587         1.000
 DVRT_COL       0.619         0.634         1.000


     MAXIMUM LOG-LIKELIHOOD VALUE FOR THE UNRESTRICTED (H1) MODEL IS -6373.061


THE MODEL ESTIMATION TERMINATED NORMALLY



MODEL FIT INFORMATION

Number of Free Parameters                       38

Loglikelihood

          H0 Value                       -6379.992
          H0 Scaling Correction Factor      1.0610
            for MLR

Information Criteria

          Akaike (AIC)                   12835.985
          Bayesian (BIC)                 12973.560
          Sample-Size Adjusted BIC       12853.069
            (n* = (n + 2) / 24)



MODEL RESULTS

                                                    Two-Tailed
                    Estimate       S.E.  Est./S.E.    P-Value

 P1       BY
    ABFA_OI            1.000      0.000    999.000    999.000

 P2       BY
    BBFA_OI            1.000      0.000    999.000    999.000

 P3       BY
    CBFA_OI            1.000      0.000    999.000    999.000

 P4       BY
    DBFA_OI            1.000      0.000    999.000    999.000

 V1       BY
    AVRT_COL           1.000      0.000    999.000    999.000

 V2       BY
    BVRT_COL           1.000      0.000    999.000    999.000

 V3       BY
    CVRT_COL           1.000      0.000    999.000    999.000

 V4       BY
    DVRT_COL           1.000      0.000    999.000    999.000

 P4         ON
    P3                 0.241      0.212      1.137      0.256
    V3                -0.079      0.149     -0.532      0.595

 P3         ON
    P2                 0.175      0.309      0.568      0.570
    V2                 0.027      0.131      0.205      0.838

 P2         ON
    P1                -0.072      0.462     -0.156      0.876
    V1                 0.037      0.138      0.265      0.791

 V4         ON
    V3                -0.040      0.227     -0.177      0.860
    P3                -0.043      0.227     -0.190      0.849

 V3         ON
    V2                -0.120      0.184     -0.653      0.514
    P2                 0.186      0.407      0.455      0.649

 V2         ON
    V1                 0.059      0.161      0.364      0.716
    P1                -0.003      0.367     -0.007      0.994

 S_BFA_OI WITH
    I_BFA_OI          -2.678      8.407     -0.319      0.750
    S_VRT_COL          0.750      1.451      0.517      0.605
    I_VRT_COL          5.160      6.955      0.742      0.458

 I_BFA_OI WITH
    S_VRT_COL        -14.032      7.195     -1.950      0.051
    I_VRT_COL         15.956     26.191      0.609      0.542

 S_VRT_CO WITH
    I_VRT_COL         -0.135      7.974     -0.017      0.986

 P1       WITH
    V1                -5.939     20.419     -0.291      0.771

 P2       WITH
    V2                21.730     16.477      1.319      0.187

 P3       WITH
    V3                 5.438     19.285      0.282      0.778

 P4       WITH
    V4               -18.140     15.826     -1.146      0.252

 Means
    P1                 0.000      0.000    999.000    999.000
    V1                 0.000      0.000    999.000    999.000
    I_BFA_OI          71.114      0.864     82.277      0.000
    S_BFA_OI           0.357      0.255      1.402      0.161
    I_VRT_COL         67.241      1.061     63.401      0.000
    S_VRT_COL         -0.911      0.362     -2.518      0.012

 Intercepts
    ABFA_OI            0.000      0.000    999.000    999.000
    BBFA_OI            0.000      0.000    999.000    999.000
    CBFA_OI            0.000      0.000    999.000    999.000
    DBFA_OI            0.000      0.000    999.000    999.000
    AVRT_COL           0.000      0.000    999.000    999.000
    BVRT_COL           0.000      0.000    999.000    999.000
    CVRT_COL           0.000      0.000    999.000    999.000
    DVRT_COL           0.000      0.000    999.000    999.000
    P2                 0.000      0.000    999.000    999.000
    P3                 0.000      0.000    999.000    999.000
    P4                 0.000      0.000    999.000    999.000
    V2                 0.000      0.000    999.000    999.000
    V3                 0.000      0.000    999.000    999.000
    V4                 0.000      0.000    999.000    999.000

 Variances
    P1                50.401     28.111      1.793      0.073
    V1               132.566     26.574      4.989      0.000
    I_BFA_OI         167.562     34.083      4.916      0.000
    S_BFA_OI           1.549      1.901      0.815      0.415
    I_VRT_COL        194.700     27.553      7.066      0.000
    S_VRT_COL          2.135      1.530      1.396      0.163

 Residual Variances
    ABFA_OI            0.000      0.000    999.000    999.000
    BBFA_OI            0.000      0.000    999.000    999.000
    CBFA_OI            0.000      0.000    999.000    999.000
    DBFA_OI            0.000      0.000    999.000    999.000
    AVRT_COL           0.000      0.000    999.000    999.000
    BVRT_COL           0.000      0.000    999.000    999.000
    CVRT_COL           0.000      0.000    999.000    999.000
    DVRT_COL           0.000      0.000    999.000    999.000
    P2                34.597     19.955      1.734      0.083
    P3                69.803     17.182      4.062      0.000
    P4                44.308     15.489      2.861      0.004
    V2               117.499     23.654      4.967      0.000
    V3               111.738     39.487      2.830      0.005
    V4               112.304     27.010      4.158      0.000


QUALITY OF NUMERICAL RESULTS

     Condition Number for the Information Matrix              0.155E-05
       (ratio of smallest to largest eigenvalue)


     Beginning Time:  09:56:28
        Ending Time:  09:57:06
       Elapsed Time:  00:00:38



MUTHEN & MUTHEN
3463 Stoner Ave.
Los Angeles, CA  90066

Tel: (310) 391-9971
Fax: (310) 391-8971
Web: www.StatModel.com
Support: Support@StatModel.com

Copyright (c) 1998-2012 Muthen & Muthen
