Mplus VERSION 8 (Linux)
MUTHEN & MUTHEN
07/07/2018   6:58 PM

INPUT INSTRUCTIONS


  title: PxVx Bivariate LCM-SR - decadegroup - Linear bfas_nv with Linear vrt_col_d;
  data: file = /home/jflournoy/code_new/lnt_pxvx/Data/lnt_nat_recalc.tsv;

  variable:
  names =
  subjid
  aage
  aaspfin
  aaspfin_d
  abfa_mt
  abfa_mt_d
  abfas_ac
  abfas_ap
  abfas_ci
  abfas_co
  abfas_ea
  abfas_ee
  abfas_nv
  abfas_nv9
  abfas_nw
  abfas_oi
  abfas_oo
  abfi_a
  abfi_a6
  abfi_c
  abfi_d_scale
  abfi_e
  abfi_hp8
  abfi_n
  abfi_o
  abfi_s_scale
  ahrz_col
  ahrz_col_d
  ahrz_ind
  ahrz_ind_d
  amvi
  ausi
  ausi_d
  avrt_col
  avrt_col_d
  avrt_ind
  avrt_ind_d
  bage
  baspfin
  baspfin_d
  bbfa_mt
  bbfa_mt_d
  bbfas_ac
  bbfas_ap
  bbfas_ci
  bbfas_co
  bbfas_ea
  bbfas_ee
  bbfas_nv
  bbfas_nv9
  bbfas_nw
  bbfas_oi
  bbfas_oo
  bbfi_a
  bbfi_a6
  bbfi_c
  bbfi_d_scale
  bbfi_e
  bbfi_hp8
  bbfi_n
  bbfi_o
  bbfi_s_scale
  bhrz_col
  bhrz_col_d
  bhrz_ind
  bhrz_ind_d
  bmvi
  busi
  busi_d
  bvrt_col
  bvrt_col_d
  bvrt_ind
  bvrt_ind_d
  cage
  caspfin
  caspfin_d
  cbfa_mt
  cbfa_mt_d
  cbfas_ac
  cbfas_ap
  cbfas_ci
  cbfas_co
  cbfas_ea
  cbfas_ee
  cbfas_nv
  cbfas_nv9
  cbfas_nw
  cbfas_oi
  cbfas_oo
  cbfi_a
  cbfi_a6
  cbfi_c
  cbfi_d_scale
  cbfi_e
  cbfi_hp8
  cbfi_n
  cbfi_o
  cbfi_s_scale
  chrz_col
  chrz_col_d
  chrz_ind
  chrz_ind_d
  cmvi
  cusi
  cusi_d
  cvrt_col
  cvrt_col_d
  cvrt_ind
  cvrt_ind_d
  dage
  daspfin
  daspfin_d
  dbfa_mt
  dbfa_mt_d
  dbfas_ac
  dbfas_ap
  dbfas_ci
  dbfas_co
  dbfas_ea
  dbfas_ee
  dbfas_nv
  dbfas_nv9
  dbfas_nw
  dbfas_oi
  dbfas_oo
  dbfi_a
  dbfi_a6
  dbfi_c
  dbfi_d_scale
  dbfi_e
  dbfi_hp8
  dbfi_n
  dbfi_o
  dbfi_s_scale
  dhrz_col
  dhrz_col_d
  dhrz_ind
  dhrz_ind_d
  dmvi
  dusi
  dusi_d
  dvrt_col
  dvrt_col_d
  dvrt_ind
  dvrt_ind_d;

  USEVARIABLES =
  abfas_nv
  bbfas_nv
  cbfas_nv
  dbfas_nv
  avrt_col_d
  bvrt_col_d
  cvrt_col_d
  dvrt_col_d
  a1
  a2
  a3
  a4
  ;

  missing = all (-9999);

  tscores = a1 a2 a3 a4;

  grouping = aage (0=d2, 1=d3, 2=d4, 3=d5);

  DEFINE:

  cut aage (29 39 49);

  a1 = aage + 0 - 36;
  a2 = aage + 1 - 36;
  a3 = aage + 2 - 36;
  a4 = aage + 3 - 36;

  ANALYSIS:
  TYPE=RANDOM;
  PROCESSORS = 6;
  model=nocovariances; ! supresses default estimation of certain covs in model;

  MODEL:

  i_bfas_nv s_bfas_nv | abfas_nv bbfas_nv cbfas_nv dbfas_nv AT a1 a2 a3 a4;
  i_vrt_col_d s_vrt_col_d | avrt_col_d bvrt_col_d cvrt_col_d dvrt_col_d AT a1 a2 a3 a4;

  ! freeing factor covs because of "nocovariances"
  s_bfas_nv WITH i_bfas_nv s_vrt_col_d i_vrt_col_d;
  i_bfas_nv WITH s_vrt_col_d i_vrt_col_d;
  s_vrt_col_d WITH i_vrt_col_d;

  p1 BY abfas_nv@1; ! Residual "factors";
  p2 BY bbfas_nv@1;
  p3 BY cbfas_nv@1;
  p4 BY dbfas_nv@1;

  v1 BY avrt_col_d@1; ! Residual "factors";
  v2 BY bvrt_col_d@1;
  v3 BY cvrt_col_d@1;
  v4 BY dvrt_col_d@1;

  !residual variances on observed/manifest vars set to 0
  abfas_nv@0;
  bbfas_nv@0;
  cbfas_nv@0;
  dbfas_nv@0;

  !residual variances on observed/manifest vars set to 0
  avrt_col_d@0;
  bvrt_col_d@0;
  cvrt_col_d@0;
  dvrt_col_d@0;

  ! means of observed/manifest vars set to 0
  [abfas_nv@0];
  [bbfas_nv@0];
  [cbfas_nv@0];
  [dbfas_nv@0];

  ! means of observed/manifest vars set to 0
  [avrt_col_d@0];
  [bvrt_col_d@0];
  [cvrt_col_d@0];
  [dvrt_col_d@0];

  [p1@0]; ! means of residual "factors" set to 0
  [p2@0];
  [p3@0];
  [p4@0];

  [v1@0]; ! means of residual "factors" set to 0
  [v2@0];
  [v3@0];
  [v4@0];

  p4 on p3 (a); ! Autoregressive paths constrained to equality
  p3 on p2 (a);
  p2 on p1 (a);

  v4 on v3 (b); ! Autoregressive paths constrained to equality
  v3 on v2 (b);
  v2 on v1 (b);

  p4 on v3 (c); ! Cross-lagged paths constrained to equality
  p3 on v2 (c);
  p2 on v1 (c);

  v4 on p3 (d); ! Cross-lagged paths constrained to equality
  v3 on p2 (d);
  v2 on p1 (d);

  p1 with v1; !(this one is not like the others)

  p2 with v2 (e); ! Within-wave correlations constrained to equality
  p3 with v3 (e);
  p4 with v4 (e);

  p2 p3 p4 (f); ! estimate variances of residual "factors"
  v2 v3 v4 (g); ! estimate variances of residual "factors"

  MODEL d2:

  p4 on p3 (a2); ! Autoregressive paths constrained to equality
  p3 on p2 (a2);
  p2 on p1 (a2);

  v4 on v3 (b2); ! Autoregressive paths constrained to equality
  v3 on v2 (b2);
  v2 on v1 (b2);

  p4 on v3 (c2); ! Cross-lagged paths constrained to equality
  p3 on v2 (c2);
  p2 on v1 (c2);

  v4 on p3 (d2); ! Cross-lagged paths constrained to equality
  v3 on p2 (d2);
  v2 on p1 (d2);

  p1 with v1; !(this one is not like the others)

  p2 with v2 (e2); ! Within-wave correlations constrained to equality
  p3 with v3 (e2);
  p4 with v4 (e2);

  p2 p3 p4 (f2); ! estimate variances of residual "factors"
  v2 v3 v4 (g2); ! estimate variances of residual "factors"

  MODEL d3:

  p4 on p3 (a3); ! Autoregressive paths constrained to equality
  p3 on p2 (a3);
  p2 on p1 (a3);

  v4 on v3 (b3); ! Autoregressive paths constrained to equality
  v3 on v2 (b3);
  v2 on v1 (b3);

  p4 on v3 (c3); ! Cross-lagged paths constrained to equality
  p3 on v2 (c3);
  p2 on v1 (c3);

  v4 on p3 (d3); ! Cross-lagged paths constrained to equality
  v3 on p2 (d3);
  v2 on p1 (d3);

  p1 with v1; !(this one is not like the others)

  p2 with v2 (e3); ! Within-wave correlations constrained to equality
  p3 with v3 (e3);
  p4 with v4 (e3);

  p2 p3 p4 (f3); ! estimate variances of residual "factors"
  v2 v3 v4 (g3); ! estimate variances of residual "factors"

  MODEL d4:

  p4 on p3 (a4); ! Autoregressive paths constrained to equality
  p3 on p2 (a4);
  p2 on p1 (a4);

  v4 on v3 (b4); ! Autoregressive paths constrained to equality
  v3 on v2 (b4);
  v2 on v1 (b4);

  p4 on v3 (c4); ! Cross-lagged paths constrained to equality
  p3 on v2 (c4);
  p2 on v1 (c4);

  v4 on p3 (d4); ! Cross-lagged paths constrained to equality
  v3 on p2 (d4);
  v2 on p1 (d4);

  p1 with v1; !(this one is not like the others)

  p2 with v2 (e4); ! Within-wave correlations constrained to equality
  p3 with v3 (e4);
  p4 with v4 (e4);

  p2 p3 p4 (f4); ! estimate variances of residual "factors"
  v2 v3 v4 (g4); ! estimate variances of residual "factors"

  MODEL d5:

  p4 on p3 (a5); ! Autoregressive paths constrained to equality
  p3 on p2 (a5);
  p2 on p1 (a5);

  v4 on v3 (b5); ! Autoregressive paths constrained to equality
  v3 on v2 (b5);
  v2 on v1 (b5);

  p4 on v3 (c5); ! Cross-lagged paths constrained to equality
  p3 on v2 (c5);
  p2 on v1 (c5);

  v4 on p3 (d5); ! Cross-lagged paths constrained to equality
  v3 on p2 (d5);
  v2 on p1 (d5);

  p1 with v1; !(this one is not like the others)

  p2 with v2 (e5); ! Within-wave correlations constrained to equality
  p3 with v3 (e5);
  p4 with v4 (e5);

  p2 p3 p4 (f5); ! estimate variances of residual "factors"
  v2 v3 v4 (g5); ! estimate variances of residual "factors"

  OUTPUT: SAMPSTAT PATTERNS;



*** WARNING in VARIABLE command
  Note that only the first 8 characters of variable names are used in the output.
  Shorten variable names to avoid any confusion.
*** WARNING
  Data set contains unknown or missing values for GROUPING,
  PATTERN, COHORT, CLUSTER and/or STRATIFICATION variables.
  Number of cases with unknown or missing values:  5
   2 WARNING(S) FOUND IN THE INPUT INSTRUCTIONS



PxVx Bivariate LCM-SR - decadegroup - Linear bfas_nv with Linear vrt_col_d;

SUMMARY OF ANALYSIS

Number of groups                                                 4
Number of observations
   Group D2                                                    301
   Group D3                                                    233
   Group D4                                                    198
   Group D5                                                    132
   Total sample size                                           864

Number of dependent variables                                    8
Number of independent variables                                  0
Number of continuous latent variables                           12

Observed dependent variables

  Continuous
   ABFAS_NV    BBFAS_NV    CBFAS_NV    DBFAS_NV    AVRT_COL_D  BVRT_COL_D
   CVRT_COL_D  DVRT_COL_D

Continuous latent variables
   P1          P2          P3          P4          V1          V2
   V3          V4          I_BFAS_N    S_BFAS_N    I_VRT_CO    S_VRT_CO

Variables with special functions

  Grouping variable     AAGE

  Time scores
   A1          A2          A3          A4


Estimator                                                      MLR
Information matrix                                        OBSERVED
Maximum number of iterations                                   100
Convergence criterion                                    0.100D-05
Maximum number of EM iterations                                500
Convergence criteria for the EM algorithm
  Loglikelihood change                                   0.100D-02
  Relative loglikelihood change                          0.100D-05
  Derivative                                             0.100D-03
Minimum variance                                         0.100D-03
Maximum number of steepest descent iterations                   20
Maximum number of iterations for H1                           2000
Convergence criterion for H1                             0.100D-03
Optimization algorithm                                         EMA

Input data file(s)
  /home/jflournoy/code_new/lnt_pxvx/Data/lnt_nat_recalc.tsv
Input data format  FREE


SUMMARY OF DATA

   Group D2
     Number of missing data patterns            14

   Group D3
     Number of missing data patterns            11

   Group D4
     Number of missing data patterns            15

   Group D5
     Number of missing data patterns             8


SUMMARY OF MISSING DATA PATTERNS


     MISSING DATA PATTERNS (x = not missing) FOR D2

           1  2  3  4  5  6  7  8  9 10 11 12 13 14
 ABFAS_NV  x  x  x  x  x  x  x  x  x  x  x  x  x  x
 BBFAS_NV  x     x  x  x  x           x  x  x     x
 CBFAS_NV  x        x     x     x  x  x  x  x  x
 DBFAS_NV  x     x  x        x     x     x     x
 AVRT_COL  x  x  x  x  x  x  x  x  x  x  x  x  x  x
 BVRT_COL  x     x  x  x  x           x     x
 CVRT_COL  x              x     x  x     x  x  x
 DVRT_COL  x     x  x        x     x     x  x


     MISSING DATA PATTERN FREQUENCIES FOR D2

    Pattern   Frequency     Pattern   Frequency     Pattern   Frequency
          1         187           6          13          11           2
          2          57           7          11          12           1
          3           6           8           4          13           1
          4           1           9           5          14           1
          5          11          10           1


     MISSING DATA PATTERNS (x = not missing) FOR D3

           1  2  3  4  5  6  7  8  9 10 11
 ABFAS_NV  x  x  x  x  x  x  x  x  x  x  x
 BBFAS_NV  x     x  x  x           x  x
 CBFAS_NV  x           x     x  x     x
 DBFAS_NV  x     x        x     x     x  x
 AVRT_COL  x  x  x  x  x  x  x  x  x  x  x
 BVRT_COL  x     x  x  x              x
 CVRT_COL  x           x     x  x     x
 DVRT_COL  x     x        x     x


     MISSING DATA PATTERN FREQUENCIES FOR D3

    Pattern   Frequency     Pattern   Frequency     Pattern   Frequency
          1         140           5           6           9           1
          2          43           6           3          10           1
          3           8           7           7          11           2
          4          15           8           7


     MISSING DATA PATTERNS (x = not missing) FOR D4

           1  2  3  4  5  6  7  8  9 10 11 12 13 14 15
 ABFAS_NV  x  x  x  x  x  x  x  x  x  x  x  x  x  x  x
 BBFAS_NV  x     x  x  x  x           x     x     x
 CBFAS_NV  x        x     x     x  x  x  x           x
 DBFAS_NV  x     x  x        x     x  x  x        x
 AVRT_COL  x  x  x  x  x  x  x  x  x  x  x  x     x  x
 BVRT_COL  x     x  x  x  x
 CVRT_COL  x              x     x  x  x  x
 DVRT_COL  x     x  x        x     x  x           x


     MISSING DATA PATTERN FREQUENCIES FOR D4

    Pattern   Frequency     Pattern   Frequency     Pattern   Frequency
          1         104           6          15          11           1
          2          39           7           4          12           2
          3           7           8           4          13           1
          4           1           9           5          14           1
          5          12          10           1          15           1


     MISSING DATA PATTERNS (x = not missing) FOR D5

           1  2  3  4  5  6  7  8
 ABFAS_NV  x  x  x  x  x  x  x  x
 BBFAS_NV  x     x  x  x
 CBFAS_NV  x           x     x  x
 DBFAS_NV  x     x        x     x
 AVRT_COL  x  x  x  x  x  x  x  x
 BVRT_COL  x     x  x  x
 CVRT_COL  x           x     x  x
 DVRT_COL  x     x        x     x


     MISSING DATA PATTERN FREQUENCIES FOR D5

    Pattern   Frequency     Pattern   Frequency     Pattern   Frequency
          1          61           4          10           7           6
          2          29           5          11           8           4
          3           5           6           6


COVARIANCE COVERAGE OF DATA

Minimum covariance coverage value   0.100


     PROPORTION OF DATA PRESENT FOR D2


           Covariance Coverage
              ABFAS_NV      BBFAS_NV      CBFAS_NV      DBFAS_NV      AVRT_COL
              ________      ________      ________      ________      ________
 ABFAS_NV       1.000
 BBFAS_NV       0.741         0.741
 CBFAS_NV       0.714         0.681         0.714
 DBFAS_NV       0.708         0.651         0.651         0.708
 AVRT_COL       1.000         0.741         0.714         0.708         1.000
 BVRT_COL       0.731         0.731         0.674         0.645         0.731
 CVRT_COL       0.708         0.674         0.708         0.648         0.708
 DVRT_COL       0.708         0.654         0.651         0.704         0.708


           Covariance Coverage
              BVRT_COL      CVRT_COL      DVRT_COL
              ________      ________      ________
 BVRT_COL       0.731
 CVRT_COL       0.668         0.708
 DVRT_COL       0.648         0.648         0.708


     PROPORTION OF DATA PRESENT FOR D3


           Covariance Coverage
              ABFAS_NV      BBFAS_NV      CBFAS_NV      DBFAS_NV      AVRT_COL
              ________      ________      ________      ________      ________
 ABFAS_NV       1.000
 BBFAS_NV       0.751         0.751
 CBFAS_NV       0.725         0.691         0.725
 DBFAS_NV       0.742         0.708         0.678         0.742
 AVRT_COL       1.000         0.751         0.725         0.742         1.000
 BVRT_COL       0.742         0.742         0.682         0.700         0.742
 CVRT_COL       0.657         0.622         0.657         0.614         0.657
 DVRT_COL       0.742         0.708         0.678         0.742         0.742


           Covariance Coverage
              BVRT_COL      CVRT_COL      DVRT_COL
              ________      ________      ________
 BVRT_COL       0.742
 CVRT_COL       0.614         0.657
 DVRT_COL       0.700         0.614         0.742


     PROPORTION OF DATA PRESENT FOR D4


           Covariance Coverage
              ABFAS_NV      BBFAS_NV      CBFAS_NV      DBFAS_NV      AVRT_COL
              ________      ________      ________      ________      ________
 ABFAS_NV       1.000
 BBFAS_NV       0.732         0.732
 CBFAS_NV       0.682         0.631         0.682
 DBFAS_NV       0.626         0.576         0.571         0.626
 AVRT_COL       1.000         0.732         0.682         0.626         1.000
 BVRT_COL       0.722         0.722         0.626         0.571         0.722
 CVRT_COL       0.672         0.621         0.672         0.566         0.672
 DVRT_COL       0.626         0.581         0.571         0.616         0.626


           Covariance Coverage
              BVRT_COL      CVRT_COL      DVRT_COL
              ________      ________      ________
 BVRT_COL       0.722
 CVRT_COL       0.616         0.672
 DVRT_COL       0.576         0.566         0.626


     PROPORTION OF DATA PRESENT FOR D5


           Covariance Coverage
              ABFAS_NV      BBFAS_NV      CBFAS_NV      DBFAS_NV      AVRT_COL
              ________      ________      ________      ________      ________
 ABFAS_NV       1.000
 BBFAS_NV       0.705         0.705
 CBFAS_NV       0.614         0.583         0.614
 DBFAS_NV       0.621         0.576         0.538         0.621
 AVRT_COL       1.000         0.705         0.614         0.621         1.000
 BVRT_COL       0.705         0.705         0.583         0.576         0.705
 CVRT_COL       0.538         0.508         0.538         0.462         0.538
 DVRT_COL       0.621         0.576         0.538         0.621         0.621


           Covariance Coverage
              BVRT_COL      CVRT_COL      DVRT_COL
              ________      ________      ________
 BVRT_COL       0.705
 CVRT_COL       0.508         0.538
 DVRT_COL       0.576         0.462         0.621


SAMPLE STATISTICS


     ESTIMATED SAMPLE STATISTICS FOR D2


           Means
              ABFAS_NV      BBFAS_NV      CBFAS_NV      DBFAS_NV      AVRT_COL
              ________      ________      ________      ________      ________
               46.768        47.519        46.286        47.069        64.729


           Means
              BVRT_COL      CVRT_COL      DVRT_COL
              ________      ________      ________
               62.315        62.475        61.027


           Covariances
              ABFAS_NV      BBFAS_NV      CBFAS_NV      DBFAS_NV      AVRT_COL
              ________      ________      ________      ________      ________
 ABFAS_NV     541.380
 BBFAS_NV     392.120       442.755
 CBFAS_NV     390.415       364.872       481.029
 DBFAS_NV     399.186       376.201       415.573       525.785
 AVRT_COL    -103.882       -69.180       -58.013       -72.012       370.460
 BVRT_COL     -75.356       -65.885       -75.580       -61.549       264.341
 CVRT_COL     -85.241       -74.741       -85.063       -59.747       229.668
 DVRT_COL     -41.440       -29.943       -40.532       -16.075       259.385


           Covariances
              BVRT_COL      CVRT_COL      DVRT_COL
              ________      ________      ________
 BVRT_COL     430.347
 CVRT_COL     271.247       438.266
 DVRT_COL     303.188       291.231       458.170


           Correlations
              ABFAS_NV      BBFAS_NV      CBFAS_NV      DBFAS_NV      AVRT_COL
              ________      ________      ________      ________      ________
 ABFAS_NV       1.000
 BBFAS_NV       0.801         1.000
 CBFAS_NV       0.765         0.791         1.000
 DBFAS_NV       0.748         0.780         0.826         1.000
 AVRT_COL      -0.232        -0.171        -0.137        -0.163         1.000
 BVRT_COL      -0.156        -0.151        -0.166        -0.129         0.662
 CVRT_COL      -0.175        -0.170        -0.185        -0.124         0.570
 DVRT_COL      -0.083        -0.066        -0.086        -0.033         0.630


           Correlations
              BVRT_COL      CVRT_COL      DVRT_COL
              ________      ________      ________
 BVRT_COL       1.000
 CVRT_COL       0.625         1.000
 DVRT_COL       0.683         0.650         1.000


     ESTIMATED SAMPLE STATISTICS FOR D3


           Means
              ABFAS_NV      BBFAS_NV      CBFAS_NV      DBFAS_NV      AVRT_COL
              ________      ________      ________      ________      ________
               43.095        42.442        42.575        40.257        68.526


           Means
              BVRT_COL      CVRT_COL      DVRT_COL
              ________      ________      ________
               67.329        65.252        66.027


           Covariances
              ABFAS_NV      BBFAS_NV      CBFAS_NV      DBFAS_NV      AVRT_COL
              ________      ________      ________      ________      ________
 ABFAS_NV     464.939
 BBFAS_NV     335.046       398.285
 CBFAS_NV     328.742       333.145       391.689
 DBFAS_NV     326.656       331.809       329.621       424.461
 AVRT_COL     -40.761        -0.361       -24.437       -22.152       410.972
 BVRT_COL     -49.946       -47.314       -48.358       -40.724       267.064
 CVRT_COL      -8.104        17.525        -3.805         3.526       275.965
 DVRT_COL     -37.997       -16.996        -7.330         3.520       281.933


           Covariances
              BVRT_COL      CVRT_COL      DVRT_COL
              ________      ________      ________
 BVRT_COL     392.863
 CVRT_COL     288.077       470.155
 DVRT_COL     262.041       336.081       416.411


           Correlations
              ABFAS_NV      BBFAS_NV      CBFAS_NV      DBFAS_NV      AVRT_COL
              ________      ________      ________      ________      ________
 ABFAS_NV       1.000
 BBFAS_NV       0.779         1.000
 CBFAS_NV       0.770         0.843         1.000
 DBFAS_NV       0.735         0.807         0.808         1.000
 AVRT_COL      -0.093        -0.001        -0.061        -0.053         1.000
 BVRT_COL      -0.117        -0.120        -0.123        -0.100         0.665
 CVRT_COL      -0.017         0.040        -0.009         0.008         0.628
 DVRT_COL      -0.086        -0.042        -0.018         0.008         0.682


           Correlations
              BVRT_COL      CVRT_COL      DVRT_COL
              ________      ________      ________
 BVRT_COL       1.000
 CVRT_COL       0.670         1.000
 DVRT_COL       0.648         0.760         1.000


     ESTIMATED SAMPLE STATISTICS FOR D4


           Means
              ABFAS_NV      BBFAS_NV      CBFAS_NV      DBFAS_NV      AVRT_COL
              ________      ________      ________      ________      ________
               41.431        41.719        40.647        41.808        68.253


           Means
              BVRT_COL      CVRT_COL      DVRT_COL
              ________      ________      ________
               69.394        65.365        66.273


           Covariances
              ABFAS_NV      BBFAS_NV      CBFAS_NV      DBFAS_NV      AVRT_COL
              ________      ________      ________      ________      ________
 ABFAS_NV     422.494
 BBFAS_NV     368.053       416.253
 CBFAS_NV     349.223       359.894       447.909
 DBFAS_NV     336.490       340.003       364.749       447.669
 AVRT_COL     -11.436         4.086       -20.899       -13.544       362.418
 BVRT_COL     -21.778       -23.034       -17.466       -36.086       273.174
 CVRT_COL     -56.362       -76.639       -69.244       -74.239       253.506
 DVRT_COL     -19.132       -32.500       -45.392       -45.374       256.784


           Covariances
              BVRT_COL      CVRT_COL      DVRT_COL
              ________      ________      ________
 BVRT_COL     360.781
 CVRT_COL     286.304       417.702
 DVRT_COL     292.373       306.347       387.693


           Correlations
              ABFAS_NV      BBFAS_NV      CBFAS_NV      DBFAS_NV      AVRT_COL
              ________      ________      ________      ________      ________
 ABFAS_NV       1.000
 BBFAS_NV       0.878         1.000
 CBFAS_NV       0.803         0.833         1.000
 DBFAS_NV       0.774         0.788         0.815         1.000
 AVRT_COL      -0.029         0.011        -0.052        -0.034         1.000
 BVRT_COL      -0.056        -0.059        -0.043        -0.090         0.755
 CVRT_COL      -0.134        -0.184        -0.160        -0.172         0.652
 DVRT_COL      -0.047        -0.081        -0.109        -0.109         0.685


           Correlations
              BVRT_COL      CVRT_COL      DVRT_COL
              ________      ________      ________
 BVRT_COL       1.000
 CVRT_COL       0.738         1.000
 DVRT_COL       0.782         0.761         1.000


     ESTIMATED SAMPLE STATISTICS FOR D5


           Means
              ABFAS_NV      BBFAS_NV      CBFAS_NV      DBFAS_NV      AVRT_COL
              ________      ________      ________      ________      ________
               41.805        39.887        39.233        40.249        70.423


           Means
              BVRT_COL      CVRT_COL      DVRT_COL
              ________      ________      ________
               70.246        66.648        67.916


           Covariances
              ABFAS_NV      BBFAS_NV      CBFAS_NV      DBFAS_NV      AVRT_COL
              ________      ________      ________      ________      ________
 ABFAS_NV     464.207
 BBFAS_NV     399.937       488.572
 CBFAS_NV     355.254       404.429       448.706
 DBFAS_NV     383.002       397.884       382.990       428.585
 AVRT_COL     -72.373       -73.175       -66.421       -72.009       454.772
 BVRT_COL     -28.163       -22.725         7.757        -9.810       301.573
 CVRT_COL     -32.724       -13.465        -1.929        -8.182       314.902
 DVRT_COL     -33.167       -20.704        -7.580       -15.234       322.336


           Covariances
              BVRT_COL      CVRT_COL      DVRT_COL
              ________      ________      ________
 BVRT_COL     435.878
 CVRT_COL     309.271       433.123
 DVRT_COL     343.931       336.337       420.237


           Correlations
              ABFAS_NV      BBFAS_NV      CBFAS_NV      DBFAS_NV      AVRT_COL
              ________      ________      ________      ________      ________
 ABFAS_NV       1.000
 BBFAS_NV       0.840         1.000
 CBFAS_NV       0.778         0.864         1.000
 DBFAS_NV       0.859         0.870         0.873         1.000
 AVRT_COL      -0.158        -0.155        -0.147        -0.163         1.000
 BVRT_COL      -0.063        -0.049         0.018        -0.023         0.677
 CVRT_COL      -0.073        -0.029        -0.004        -0.019         0.710
 DVRT_COL      -0.075        -0.046        -0.017        -0.036         0.737


           Correlations
              BVRT_COL      CVRT_COL      DVRT_COL
              ________      ________      ________
 BVRT_COL       1.000
 CVRT_COL       0.712         1.000
 DVRT_COL       0.804         0.788         1.000


     MAXIMUM LOG-LIKELIHOOD VALUE FOR THE UNRESTRICTED (H1) MODEL IS -21719.051


UNIVARIATE SAMPLE STATISTICS


     UNIVARIATE HIGHER-ORDER MOMENT DESCRIPTIVE STATISTICS FOR D2

         Variable/         Mean/     Skewness/   Minimum/ % with                Percentiles
        Sample Size      Variance    Kurtosis    Maximum  Min/Max      20%/60%    40%/80%    Median

     ABFAS_NV             46.768       0.085       0.000    0.66%      25.000     37.500     47.500
             301.000     541.380      -0.852     100.000    1.00%      52.500     70.000
     BBFAS_NV             47.895       0.094       0.000    0.45%      30.000     42.500     47.500
             223.000     442.349      -0.627      97.500    0.45%      52.500     65.000
     CBFAS_NV             46.752       0.005       0.000    0.93%      27.500     40.000     47.500
             215.000     490.002      -0.637     100.000    0.47%      52.778     67.500
     DBFAS_NV             47.277       0.039       0.000    2.35%      25.000     40.000     47.500
             213.000     541.529      -0.791     100.000    0.47%      52.500     67.500
     AVRT_COL_D           64.729      -0.395       8.333    0.66%      50.000     58.333     66.667
             301.000     370.460      -0.022     100.000    4.65%      75.000     83.333
     BVRT_COL_D           61.761      -0.215       8.333    0.45%      41.667     58.333     58.333
             220.000     424.249      -0.614     100.000    4.09%      66.667     83.333
     CVRT_COL_D           61.894      -0.349       8.333    0.94%      41.667     58.333     66.667
             213.000     440.833      -0.434     100.000    3.76%      66.667     83.333
     DVRT_COL_D           60.876      -0.257       8.333    0.47%      41.667     58.333     66.667
             213.000     462.691      -0.782     100.000    2.82%      66.667     83.333


     UNIVARIATE HIGHER-ORDER MOMENT DESCRIPTIVE STATISTICS FOR D3

         Variable/         Mean/     Skewness/   Minimum/ % with                Percentiles
        Sample Size      Variance    Kurtosis    Maximum  Min/Max      20%/60%    40%/80%    Median

     ABFAS_NV             43.095       0.004       0.000    1.29%      22.500     37.500     42.500
             233.000     464.939      -0.685      95.000    0.43%      50.000     62.500
     BBFAS_NV             42.391       0.100       0.000    1.17%      25.000     35.000     42.500
             171.000     393.182      -0.359      95.000    0.58%      47.500     60.000
     CBFAS_NV             43.245       0.034       2.500    0.62%      25.000     35.000     42.500
             161.000     385.469      -0.822      90.000    0.62%      50.000     62.500
     DBFAS_NV             40.923       0.019       0.000    1.24%      22.500     35.000     42.500
             161.000     430.915      -0.818      90.000    0.62%      47.500     60.000
     AVRT_COL_D           68.526      -0.469      16.667    1.29%      50.000     66.667     66.667
             233.000     410.972      -0.406     100.000    7.30%      75.000     87.500
     BVRT_COL_D           66.716      -0.333      16.667    2.35%      50.000     58.333     66.667
             170.000     400.733      -0.242     100.000    7.65%      75.000     83.333
     CVRT_COL_D           64.674      -0.672       0.000    0.62%      50.000     58.333     66.667
             161.000     474.915       0.262     100.000    5.59%      75.000     83.333
     DVRT_COL_D           65.295      -0.687       0.000    0.63%      50.000     66.667     66.667
             158.000     437.641       0.430     100.000    6.33%      75.000     83.333


     UNIVARIATE HIGHER-ORDER MOMENT DESCRIPTIVE STATISTICS FOR D4

         Variable/         Mean/     Skewness/   Minimum/ % with                Percentiles
        Sample Size      Variance    Kurtosis    Maximum  Min/Max      20%/60%    40%/80%    Median

     ABFAS_NV             41.431       0.360       0.000    1.52%      22.500     35.000     40.000
             198.000     422.494      -0.219      97.500    1.01%      45.000     57.500
     BBFAS_NV             40.593       0.498       2.500    2.10%      22.500     32.500     37.500
             143.000     431.239      -0.327      97.500    0.70%      42.500     60.000
     CBFAS_NV             38.826       0.431       2.500    3.03%      20.000     30.000     35.000
             132.000     437.542      -0.383      92.500    0.76%      42.500     57.500
     DBFAS_NV             39.778       0.137       0.000    4.03%      22.500     32.500     36.250
             124.000     442.743      -0.476     100.000    0.81%      45.000     60.000
     AVRT_COL_D           68.253      -0.371       8.333    0.51%      50.000     66.667     75.000
             197.000     362.420      -0.416     100.000    5.58%      75.000     83.333
     BVRT_COL_D           67.806      -0.167      25.000    1.44%      50.000     58.333     66.667
             139.000     380.647      -0.975     100.000    5.76%      75.000     87.500
     CVRT_COL_D           64.936      -0.327       0.000    0.77%      50.000     58.333     66.667
             130.000     439.846      -0.261     100.000    6.92%      66.667     83.333
     DVRT_COL_D           64.905      -0.365       0.000    0.81%      50.000     58.333     66.667
             123.000     423.726      -0.127     100.000    6.50%      75.000     83.333


     UNIVARIATE HIGHER-ORDER MOMENT DESCRIPTIVE STATISTICS FOR D5

         Variable/         Mean/     Skewness/   Minimum/ % with                Percentiles
        Sample Size      Variance    Kurtosis    Maximum  Min/Max      20%/60%    40%/80%    Median

     ABFAS_NV             41.805       0.179       0.000    0.76%      19.444     32.500     40.000
             132.000     464.207      -0.602     100.000    0.76%      50.000     61.111
     BBFAS_NV             37.826       0.467       0.000    1.15%      17.500     27.500     32.500
              87.000     487.639      -0.665      97.222    1.15%      40.000     60.000
     CBFAS_NV             38.140       0.580       5.000    1.22%      20.000     27.500     33.750
              82.000     443.874      -0.604      90.000    2.44%      40.000     60.000
     DBFAS_NV             38.059       0.619       0.000    1.32%      20.000     27.500     33.750
              76.000     422.631      -0.037     100.000    1.32%      37.500     57.500
     AVRT_COL_D           70.423      -0.656       8.333    0.76%      50.000     66.667     75.000
             132.000     454.772      -0.147     100.000   10.61%      75.000     91.667
     BVRT_COL_D           72.318      -0.634       8.333    1.15%      58.333     66.667     75.000
              87.000     366.370       0.352     100.000   10.34%      75.000     91.667
     CVRT_COL_D           67.581      -0.640       8.333    2.44%      50.000     66.667     66.667
              82.000     411.596       0.284     100.000    6.10%      75.000     83.333
     DVRT_COL_D           69.298      -0.768       0.000    1.32%      50.000     66.667     75.000
              76.000     378.674       0.869     100.000    6.58%      75.000     83.333


THE MODEL ESTIMATION TERMINATED NORMALLY



MODEL FIT INFORMATION

Number of Free Parameters                       96

Loglikelihood

          H0 Value                      -21769.646
          H0 Scaling Correction Factor      0.9148
            for MLR

Information Criteria

          Akaike (AIC)                   43731.291
          Bayesian (BIC)                 44188.402
          Sample-Size Adjusted BIC       43883.531
            (n* = (n + 2) / 24)



MODEL RESULTS

                                                    Two-Tailed
                    Estimate       S.E.  Est./S.E.    P-Value

Group D2

 P1       BY
    ABFAS_NV           1.000      0.000    999.000    999.000

 P2       BY
    BBFAS_NV           1.000      0.000    999.000    999.000

 P3       BY
    CBFAS_NV           1.000      0.000    999.000    999.000

 P4       BY
    DBFAS_NV           1.000      0.000    999.000    999.000

 V1       BY
    AVRT_COL_D         1.000      0.000    999.000    999.000

 V2       BY
    BVRT_COL_D         1.000      0.000    999.000    999.000

 V3       BY
    CVRT_COL_D         1.000      0.000    999.000    999.000

 V4       BY
    DVRT_COL_D         1.000      0.000    999.000    999.000

 P4         ON
    P3                 0.009      0.078      0.117      0.907
    V3                -0.063      0.043     -1.454      0.146

 P3         ON
    P2                 0.009      0.078      0.117      0.907
    V2                -0.063      0.043     -1.454      0.146

 P2         ON
    P1                 0.009      0.078      0.117      0.907
    V1                -0.063      0.043     -1.454      0.146

 V4         ON
    V3                -0.004      0.064     -0.068      0.946
    P3                -0.097      0.081     -1.192      0.233

 V3         ON
    V2                -0.004      0.064     -0.068      0.946
    P2                -0.097      0.081     -1.192      0.233

 V2         ON
    V1                -0.004      0.064     -0.068      0.946
    P1                -0.097      0.081     -1.192      0.233

 S_BFAS_N WITH
    I_BFAS_NV        308.088     96.211      3.202      0.001
    S_VRT_COL_         4.533      1.407      3.221      0.001
    I_VRT_COL_       161.150     51.871      3.107      0.002

 I_BFAS_N WITH
    S_VRT_COL_       164.679     49.668      3.316      0.001
    I_VRT_COL_      5792.619   1826.338      3.172      0.002

 S_VRT_CO WITH
    I_VRT_COL_       167.045     45.601      3.663      0.000

 P1       WITH
    V1               -42.853     12.438     -3.445      0.001

 P2       WITH
    V2               -10.406      6.835     -1.523      0.128

 P3       WITH
    V3               -10.406      6.835     -1.523      0.128

 P4       WITH
    V4               -10.406      6.835     -1.523      0.128

 Means
    P1                 0.000      0.000    999.000    999.000
    V1                 0.000      0.000    999.000    999.000
    I_BFAS_NV         45.326     12.434      3.645      0.000
    S_BFAS_NV         -0.045      0.355     -0.127      0.899
    I_VRT_COL_        23.833     13.394      1.779      0.075
    S_VRT_COL_        -1.127      0.380     -2.964      0.003

 Intercepts
    ABFAS_NV           0.000      0.000    999.000    999.000
    BBFAS_NV           0.000      0.000    999.000    999.000
    CBFAS_NV           0.000      0.000    999.000    999.000
    DBFAS_NV           0.000      0.000    999.000    999.000
    AVRT_COL_D         0.000      0.000    999.000    999.000
    BVRT_COL_D         0.000      0.000    999.000    999.000
    CVRT_COL_D         0.000      0.000    999.000    999.000
    DVRT_COL_D         0.000      0.000    999.000    999.000
    P2                 0.000      0.000    999.000    999.000
    P3                 0.000      0.000    999.000    999.000
    P4                 0.000      0.000    999.000    999.000
    V2                 0.000      0.000    999.000    999.000
    V3                 0.000      0.000    999.000    999.000
    V4                 0.000      0.000    999.000    999.000

 Variances
    P1               116.739     21.517      5.425      0.000
    V1               137.425     18.547      7.410      0.000
    I_BFAS_NV      11131.781   3323.435      3.349      0.001
    S_BFAS_NV          8.838      2.795      3.162      0.002
    I_VRT_COL_      6468.832   1711.862      3.779      0.000
    S_VRT_COL_         4.474      1.216      3.680      0.000

 Residual Variances
    ABFAS_NV           0.000      0.000    999.000    999.000
    BBFAS_NV           0.000      0.000    999.000    999.000
    CBFAS_NV           0.000      0.000    999.000    999.000
    DBFAS_NV           0.000      0.000    999.000    999.000
    AVRT_COL_D         0.000      0.000    999.000    999.000
    BVRT_COL_D         0.000      0.000    999.000    999.000
    CVRT_COL_D         0.000      0.000    999.000    999.000
    DVRT_COL_D         0.000      0.000    999.000    999.000
    P2                87.628      8.868      9.882      0.000
    P3                87.628      8.868      9.882      0.000
    P4                87.628      8.868      9.882      0.000
    V2               151.630     12.055     12.578      0.000
    V3               151.630     12.055     12.578      0.000
    V4               151.630     12.055     12.578      0.000

Group D3

 P1       BY
    ABFAS_NV           1.000      0.000    999.000    999.000

 P2       BY
    BBFAS_NV           1.000      0.000    999.000    999.000

 P3       BY
    CBFAS_NV           1.000      0.000    999.000    999.000

 P4       BY
    DBFAS_NV           1.000      0.000    999.000    999.000

 V1       BY
    AVRT_COL_D         1.000      0.000    999.000    999.000

 V2       BY
    BVRT_COL_D         1.000      0.000    999.000    999.000

 V3       BY
    CVRT_COL_D         1.000      0.000    999.000    999.000

 V4       BY
    DVRT_COL_D         1.000      0.000    999.000    999.000

 P4         ON
    P3                -0.065      0.077     -0.839      0.401
    V3                 0.023      0.056      0.406      0.685

 P3         ON
    P2                -0.065      0.077     -0.839      0.401
    V2                 0.023      0.056      0.406      0.685

 P2         ON
    P1                -0.065      0.077     -0.839      0.401
    V1                 0.023      0.056      0.406      0.685

 V4         ON
    V3                 0.122      0.070      1.735      0.083
    P3                 0.168      0.081      2.075      0.038

 V3         ON
    V2                 0.122      0.070      1.735      0.083
    P2                 0.168      0.081      2.075      0.038

 V2         ON
    V1                 0.122      0.070      1.735      0.083
    P1                 0.168      0.081      2.075      0.038

 S_BFAS_N WITH
    I_BFAS_NV        241.194     97.401      2.476      0.013
    S_VRT_COL_         3.548      1.324      2.680      0.007
    I_VRT_COL_       122.133     46.168      2.645      0.008

 I_BFAS_N WITH
    S_VRT_COL_       122.148     45.330      2.695      0.007
    I_VRT_COL_      4180.968   1583.868      2.640      0.008

 S_VRT_CO WITH
    I_VRT_COL_        97.512     37.767      2.582      0.010

 P1       WITH
    V1               -22.152     12.953     -1.710      0.087

 P2       WITH
    V2                 1.276      6.006      0.212      0.832

 P3       WITH
    V3                 1.276      6.006      0.212      0.832

 P4       WITH
    V4                 1.276      6.006      0.212      0.832

 Means
    P1                 0.000      0.000    999.000    999.000
    V1                 0.000      0.000    999.000    999.000
    I_BFAS_NV         13.716     12.073      1.136      0.256
    S_BFAS_NV         -0.847      0.356     -2.377      0.017
    I_VRT_COL_        33.465     14.220      2.353      0.019
    S_VRT_COL_        -0.996      0.417     -2.389      0.017

 Intercepts
    ABFAS_NV           0.000      0.000    999.000    999.000
    BBFAS_NV           0.000      0.000    999.000    999.000
    CBFAS_NV           0.000      0.000    999.000    999.000
    DBFAS_NV           0.000      0.000    999.000    999.000
    AVRT_COL_D         0.000      0.000    999.000    999.000
    BVRT_COL_D         0.000      0.000    999.000    999.000
    CVRT_COL_D         0.000      0.000    999.000    999.000
    DVRT_COL_D         0.000      0.000    999.000    999.000
    P2                 0.000      0.000    999.000    999.000
    P3                 0.000      0.000    999.000    999.000
    P4                 0.000      0.000    999.000    999.000
    V2                 0.000      0.000    999.000    999.000
    V3                 0.000      0.000    999.000    999.000
    V4                 0.000      0.000    999.000    999.000

 Variances
    P1               108.513     21.075      5.149      0.000
    V1               147.708     21.043      7.019      0.000
    I_BFAS_NV       8359.115   3290.093      2.541      0.011
    S_BFAS_NV          7.252      2.889      2.510      0.012
    I_VRT_COL_      3813.979   1437.134      2.654      0.008
    S_VRT_COL_         2.669      0.999      2.672      0.008

 Residual Variances
    ABFAS_NV           0.000      0.000    999.000    999.000
    BBFAS_NV           0.000      0.000    999.000    999.000
    CBFAS_NV           0.000      0.000    999.000    999.000
    DBFAS_NV           0.000      0.000    999.000    999.000
    AVRT_COL_D         0.000      0.000    999.000    999.000
    BVRT_COL_D         0.000      0.000    999.000    999.000
    CVRT_COL_D         0.000      0.000    999.000    999.000
    DVRT_COL_D         0.000      0.000    999.000    999.000
    P2                63.474      8.849      7.173      0.000
    P3                63.474      8.849      7.173      0.000
    P4                63.474      8.849      7.173      0.000
    V2               137.376     12.692     10.824      0.000
    V3               137.376     12.692     10.824      0.000
    V4               137.376     12.692     10.824      0.000

Group D4

 P1       BY
    ABFAS_NV           1.000      0.000    999.000    999.000

 P2       BY
    BBFAS_NV           1.000      0.000    999.000    999.000

 P3       BY
    CBFAS_NV           1.000      0.000    999.000    999.000

 P4       BY
    DBFAS_NV           1.000      0.000    999.000    999.000

 V1       BY
    AVRT_COL_D         1.000      0.000    999.000    999.000

 V2       BY
    BVRT_COL_D         1.000      0.000    999.000    999.000

 V3       BY
    CVRT_COL_D         1.000      0.000    999.000    999.000

 V4       BY
    DVRT_COL_D         1.000      0.000    999.000    999.000

 P4         ON
    P3                 0.139      0.117      1.195      0.232
    V3                 0.157      0.074      2.130      0.033

 P3         ON
    P2                 0.139      0.117      1.195      0.232
    V2                 0.157      0.074      2.130      0.033

 P2         ON
    P1                 0.139      0.117      1.195      0.232
    V1                 0.157      0.074      2.130      0.033

 V4         ON
    V3                 0.027      0.091      0.296      0.767
    P3                -0.042      0.101     -0.416      0.677

 V3         ON
    V2                 0.027      0.091      0.296      0.767
    P2                -0.042      0.101     -0.416      0.677

 V2         ON
    V1                 0.027      0.091      0.296      0.767
    P1                -0.042      0.101     -0.416      0.677

 S_BFAS_N WITH
    I_BFAS_NV        315.111    112.275      2.807      0.005
    S_VRT_COL_        -3.481      2.257     -1.542      0.123
    I_VRT_COL_      -121.234     76.581     -1.583      0.113

 I_BFAS_N WITH
    S_VRT_COL_      -124.729     74.449     -1.675      0.094
    I_VRT_COL_     -4354.315   2527.258     -1.723      0.085

 S_VRT_CO WITH
    I_VRT_COL_       164.358     89.770      1.831      0.067

 P1       WITH
    V1                 0.983      7.961      0.124      0.902

 P2       WITH
    V2                 8.677      6.953      1.248      0.212

 P3       WITH
    V3                 8.677      6.953      1.248      0.212

 P4       WITH
    V4                 8.677      6.953      1.248      0.212

 Means
    P1                 0.000      0.000    999.000    999.000
    V1                 0.000      0.000    999.000    999.000
    I_BFAS_NV         41.236     13.082      3.152      0.002
    S_BFAS_NV         -0.005      0.394     -0.014      0.989
    I_VRT_COL_        35.381     14.370      2.462      0.014
    S_VRT_COL_        -0.982      0.433     -2.266      0.023

 Intercepts
    ABFAS_NV           0.000      0.000    999.000    999.000
    BBFAS_NV           0.000      0.000    999.000    999.000
    CBFAS_NV           0.000      0.000    999.000    999.000
    DBFAS_NV           0.000      0.000    999.000    999.000
    AVRT_COL_D         0.000      0.000    999.000    999.000
    BVRT_COL_D         0.000      0.000    999.000    999.000
    CVRT_COL_D         0.000      0.000    999.000    999.000
    DVRT_COL_D         0.000      0.000    999.000    999.000
    P2                 0.000      0.000    999.000    999.000
    P3                 0.000      0.000    999.000    999.000
    P4                 0.000      0.000    999.000    999.000
    V2                 0.000      0.000    999.000    999.000
    V3                 0.000      0.000    999.000    999.000
    V4                 0.000      0.000    999.000    999.000

 Variances
    P1                35.621      4.711      7.561      0.000
    V1               111.285     18.602      5.982      0.000
    I_BFAS_NV      10502.012   3690.740      2.846      0.004
    S_BFAS_NV          9.784      3.424      2.858      0.004
    I_VRT_COL_      5933.494   3065.281      1.936      0.053
    S_VRT_COL_         4.759      2.638      1.804      0.071

 Residual Variances
    ABFAS_NV           0.000      0.000    999.000    999.000
    BBFAS_NV           0.000      0.000    999.000    999.000
    CBFAS_NV           0.000      0.000    999.000    999.000
    DBFAS_NV           0.000      0.000    999.000    999.000
    AVRT_COL_D         0.000      0.000    999.000    999.000
    BVRT_COL_D         0.000      0.000    999.000    999.000
    CVRT_COL_D         0.000      0.000    999.000    999.000
    DVRT_COL_D         0.000      0.000    999.000    999.000
    P2                77.446      8.251      9.386      0.000
    P3                77.446      8.251      9.386      0.000
    P4                77.446      8.251      9.386      0.000
    V2                93.655     10.561      8.868      0.000
    V3                93.655     10.561      8.868      0.000
    V4                93.655     10.561      8.868      0.000

Group D5

 P1       BY
    ABFAS_NV           1.000      0.000    999.000    999.000

 P2       BY
    BBFAS_NV           1.000      0.000    999.000    999.000

 P3       BY
    CBFAS_NV           1.000      0.000    999.000    999.000

 P4       BY
    DBFAS_NV           1.000      0.000    999.000    999.000

 V1       BY
    AVRT_COL_D         1.000      0.000    999.000    999.000

 V2       BY
    BVRT_COL_D         1.000      0.000    999.000    999.000

 V3       BY
    CVRT_COL_D         1.000      0.000    999.000    999.000

 V4       BY
    DVRT_COL_D         1.000      0.000    999.000    999.000

 P4         ON
    P3                 0.084      0.084      0.995      0.320
    V3                 0.052      0.069      0.758      0.448

 P3         ON
    P2                 0.084      0.084      0.995      0.320
    V2                 0.052      0.069      0.758      0.448

 P2         ON
    P1                 0.084      0.084      0.995      0.320
    V1                 0.052      0.069      0.758      0.448

 V4         ON
    V3                -0.148      0.086     -1.712      0.087
    P3                 0.031      0.092      0.339      0.734

 V3         ON
    V2                -0.148      0.086     -1.712      0.087
    P2                 0.031      0.092      0.339      0.734

 V2         ON
    V1                -0.148      0.086     -1.712      0.087
    P1                 0.031      0.092      0.339      0.734

 S_BFAS_N WITH
    I_BFAS_NV         14.574     28.562      0.510      0.610
    S_VRT_COL_         0.091      1.152      0.079      0.937
    I_VRT_COL_         9.739     37.943      0.257      0.797

 I_BFAS_N WITH
    S_VRT_COL_        18.362     38.728      0.474      0.635
    I_VRT_COL_       759.580   1280.648      0.593      0.553

 S_VRT_CO WITH
    I_VRT_COL_        66.344     82.392      0.805      0.421

 P1       WITH
    V1                13.812     14.056      0.983      0.326

 P2       WITH
    V2                 0.970      7.584      0.128      0.898

 P3       WITH
    V3                 0.970      7.584      0.128      0.898

 P4       WITH
    V4                 0.970      7.584      0.128      0.898

 Means
    P1                 0.000      0.000    999.000    999.000
    V1                 0.000      0.000    999.000    999.000
    I_BFAS_NV         23.283     13.531      1.721      0.085
    S_BFAS_NV         -0.543      0.421     -1.289      0.197
    I_VRT_COL_        32.507     17.708      1.836      0.066
    S_VRT_COL_        -1.151      0.549     -2.096      0.036

 Intercepts
    ABFAS_NV           0.000      0.000    999.000    999.000
    BBFAS_NV           0.000      0.000    999.000    999.000
    CBFAS_NV           0.000      0.000    999.000    999.000
    DBFAS_NV           0.000      0.000    999.000    999.000
    AVRT_COL_D         0.000      0.000    999.000    999.000
    BVRT_COL_D         0.000      0.000    999.000    999.000
    CVRT_COL_D         0.000      0.000    999.000    999.000
    DVRT_COL_D         0.000      0.000    999.000    999.000
    P2                 0.000      0.000    999.000    999.000
    P3                 0.000      0.000    999.000    999.000
    P4                 0.000      0.000    999.000    999.000
    V2                 0.000      0.000    999.000    999.000
    V3                 0.000      0.000    999.000    999.000
    V4                 0.000      0.000    999.000    999.000

 Variances
    P1               102.723     27.897      3.682      0.000
    V1               141.152     28.133      5.017      0.000
    I_BFAS_NV        823.607    964.468      0.854      0.393
    S_BFAS_NV          0.482      0.912      0.528      0.597
    I_VRT_COL_      2596.821   2760.011      0.941      0.347
    S_VRT_COL_         1.929      2.494      0.773      0.439

 Residual Variances
    ABFAS_NV           0.000      0.000    999.000    999.000
    BBFAS_NV           0.000      0.000    999.000    999.000
    CBFAS_NV           0.000      0.000    999.000    999.000
    DBFAS_NV           0.000      0.000    999.000    999.000
    AVRT_COL_D         0.000      0.000    999.000    999.000
    BVRT_COL_D         0.000      0.000    999.000    999.000
    CVRT_COL_D         0.000      0.000    999.000    999.000
    DVRT_COL_D         0.000      0.000    999.000    999.000
    P2                63.270      9.684      6.533      0.000
    P3                63.270      9.684      6.533      0.000
    P4                63.270      9.684      6.533      0.000
    V2                91.300     17.960      5.084      0.000
    V3                91.300     17.960      5.084      0.000
    V4                91.300     17.960      5.084      0.000


QUALITY OF NUMERICAL RESULTS

     Condition Number for the Information Matrix              0.242E-08
       (ratio of smallest to largest eigenvalue)


     Beginning Time:  18:58:55
        Ending Time:  18:59:16
       Elapsed Time:  00:00:21



MUTHEN & MUTHEN
3463 Stoner Ave.
Los Angeles, CA  90066

Tel: (310) 391-9971
Fax: (310) 391-8971
Web: www.StatModel.com
Support: Support@StatModel.com

Copyright (c) 1998-2017 Muthen & Muthen
