Mplus VERSION 8 (Linux)
MUTHEN & MUTHEN
01/07/2019   1:09 PM

INPUT INSTRUCTIONS


  title: PxVx Bivariate LCM-SR - post mi - Linear bfas_co with Linear aspfinc;


  data: file = /home/jflournoy/code_new/lnt_pxvx/Data/lnt_nat_recalc_famc.tsv;

  variable:
  names =
  subjid
  aage
  aaspfin
  aaspfin_d
  abfa_mt
  abfa_mt_d
  abfas_ac
  abfas_ap
  abfas_ci
  abfas_co
  abfas_ea
  abfas_ee
  abfas_nv
  abfas_nv9
  abfas_nw
  abfas_oi
  abfas_oo
  abfi_a
  abfi_a6
  abfi_c
  abfi_d_scale
  abfi_e
  abfi_hp8
  abfi_n
  abfi_o
  abfi_s_scale
  ahrz_col
  ahrz_col_d
  ahrz_ind
  ahrz_ind_d
  amvi
  ausi
  ausi_d
  avrt_col
  avrt_col_d
  avrt_ind
  avrt_ind_d
  bage
  baspfin
  baspfin_d
  bbfa_mt
  bbfa_mt_d
  bbfas_ac
  bbfas_ap
  bbfas_ci
  bbfas_co
  bbfas_ea
  bbfas_ee
  bbfas_nv
  bbfas_nv9
  bbfas_nw
  bbfas_oi
  bbfas_oo
  bbfi_a
  bbfi_a6
  bbfi_c
  bbfi_d_scale
  bbfi_e
  bbfi_hp8
  bbfi_n
  bbfi_o
  bbfi_s_scale
  bhrz_col
  bhrz_col_d
  bhrz_ind
  bhrz_ind_d
  bmvi
  busi
  busi_d
  bvrt_col
  bvrt_col_d
  bvrt_ind
  bvrt_ind_d
  cage
  caspfin
  caspfin_d
  cbfa_mt
  cbfa_mt_d
  cbfas_ac
  cbfas_ap
  cbfas_ci
  cbfas_co
  cbfas_ea
  cbfas_ee
  cbfas_nv
  cbfas_nv9
  cbfas_nw
  cbfas_oi
  cbfas_oo
  cbfi_a
  cbfi_a6
  cbfi_c
  cbfi_d_scale
  cbfi_e
  cbfi_hp8
  cbfi_n
  cbfi_o
  cbfi_s_scale
  chrz_col
  chrz_col_d
  chrz_ind
  chrz_ind_d
  cmvi
  cusi
  cusi_d
  cvrt_col
  cvrt_col_d
  cvrt_ind
  cvrt_ind_d
  dage
  daspfin
  daspfin_d
  dbfa_mt
  dbfa_mt_d
  dbfas_ac
  dbfas_ap
  dbfas_ci
  dbfas_co
  dbfas_ea
  dbfas_ee
  dbfas_nv
  dbfas_nv9
  dbfas_nw
  dbfas_oi
  dbfas_oo
  dbfi_a
  dbfi_a6
  dbfi_c
  dbfi_d_scale
  dbfi_e
  dbfi_hp8
  dbfi_n
  dbfi_o
  dbfi_s_scale
  dhrz_col
  dhrz_col_d
  dhrz_ind
  dhrz_ind_d
  dmvi
  dusi
  dusi_d
  dvrt_col
  dvrt_col_d
  dvrt_ind
  dvrt_ind_d
  aaspfinc
  baspfinc
  caspfinc
  daspfinc
  ;

  USEVARIABLES =
  abfas_co
  bbfas_co
  cbfas_co
  dbfas_co
  aaspfinc
  baspfinc
  caspfinc
  daspfinc
  a1
  a2
  a3
  a4
  ;

  missing = all (-9999);

  tscores = a1 a2 a3 a4;

  DEFINE:
  a1 = aage + 0 - 36;
  a2 = aage + 1 - 36;
  a3 = aage + 2 - 36;
  a4 = aage + 3 - 36;

  ANALYSIS:
  TYPE=RANDOM;
  PROCESSORS = 6;
  model=nocovariances; ! supresses default estimation of certain covs in model;

  MODEL:

  i_bfas_co s_bfas_co | abfas_co bbfas_co cbfas_co dbfas_co AT a1 a2 a3 a4;
  i_aspfinc s_aspfinc | aaspfinc baspfinc caspfinc daspfinc AT a1 a2 a3 a4;

  ! freeing factor covs because of "nocovariances"
  s_bfas_co WITH i_bfas_co s_aspfinc i_aspfinc;
  i_bfas_co WITH s_aspfinc i_aspfinc;
  s_aspfinc WITH i_aspfinc;

  p1 BY abfas_co@1; ! Residual "factors";
  p2 BY bbfas_co@1;
  p3 BY cbfas_co@1;
  p4 BY dbfas_co@1;

  v1 BY aaspfinc@1; ! Residual "factors";
  v2 BY baspfinc@1;
  v3 BY caspfinc@1;
  v4 BY daspfinc@1;

  !residual variances on observed/manifest vars set to 0
  abfas_co@0;
  bbfas_co@0;
  cbfas_co@0;
  dbfas_co@0;

  !residual variances on observed/manifest vars set to 0
  aaspfinc@0;
  baspfinc@0;
  caspfinc@0;
  daspfinc@0;

  ! means of observed/manifest vars set to 0
  [abfas_co@0];
  [bbfas_co@0];
  [cbfas_co@0];
  [dbfas_co@0];

  ! means of observed/manifest vars set to 0
  [aaspfinc@0];
  [baspfinc@0];
  [caspfinc@0];
  [daspfinc@0];

  [p1@0]; ! means of residual "factors" set to 0
  [p2@0];
  [p3@0];
  [p4@0];

  [v1@0]; ! means of residual "factors" set to 0
  [v2@0];
  [v3@0];
  [v4@0];

  p4 on p3 (a); ! Autoregressive paths constrained to equality
  p3 on p2 (a);
  p2 on p1 (a);

  v4 on v3 (b); ! Autoregressive paths constrained to equality
  v3 on v2 (b);
  v2 on v1 (b);

  p4 on v3 (c); ! Cross-lagged paths constrained to equality
  p3 on v2 (c);
  p2 on v1 (c);

  v4 on p3 (d); ! Cross-lagged paths constrained to equality
  v3 on p2 (d);
  v2 on p1 (d);

  p1 with v1; !(this one is not like the others)

  p2 with v2 (e); ! Within-wave correlations constrained to equality
  p3 with v3 (e);
  p4 with v4 (e);

  p2 p3 p4 (f); ! estimate variances of residual "factors"
  v2 v3 v4 (g); ! estimate variances of residual "factors"

  OUTPUT: SAMPSTAT PATTERNS;



*** WARNING
  Data set contains cases with missing on time scores but non-missing on the
  corresponding dependent variables.  These cases were not included in the analysis.
  Number of such cases:  5
   1 WARNING(S) FOUND IN THE INPUT INSTRUCTIONS



PxVx Bivariate LCM-SR - post mi - Linear bfas_co with Linear aspfinc;

SUMMARY OF ANALYSIS

Number of groups                                                 1
Number of observations                                         864

Number of dependent variables                                    8
Number of independent variables                                  0
Number of continuous latent variables                           12

Observed dependent variables

  Continuous
   ABFAS_CO    BBFAS_CO    CBFAS_CO    DBFAS_CO    AASPFINC    BASPFINC
   CASPFINC    DASPFINC

Continuous latent variables
   P1          P2          P3          P4          V1          V2
   V3          V4          I_BFAS_C    S_BFAS_C    I_ASPFIN    S_ASPFIN

Variables with special functions

  Time scores
   A1          A2          A3          A4


Estimator                                                      MLR
Information matrix                                        OBSERVED
Maximum number of iterations                                   100
Convergence criterion                                    0.100D-05
Maximum number of EM iterations                                500
Convergence criteria for the EM algorithm
  Loglikelihood change                                   0.100D-02
  Relative loglikelihood change                          0.100D-05
  Derivative                                             0.100D-03
Minimum variance                                         0.100D-03
Maximum number of steepest descent iterations                   20
Maximum number of iterations for H1                           2000
Convergence criterion for H1                             0.100D-03
Optimization algorithm                                         EMA

Input data file(s)
  /home/jflournoy/code_new/lnt_pxvx/Data/lnt_nat_recalc_famc.tsv
Input data format  FREE


SUMMARY OF DATA

     Number of missing data patterns            18


SUMMARY OF MISSING DATA PATTERNS


     MISSING DATA PATTERNS (x = not missing)

           1  2  3  4  5  6  7  8  9 10 11 12 13 14 15 16 17 18
 ABFAS_CO  x  x  x  x  x  x  x  x  x  x  x  x  x     x  x  x  x
 BBFAS_CO  x     x  x        x     x  x  x     x  x     x  x
 CBFAS_CO  x           x     x  x        x  x  x  x        x
 DBFAS_CO  x     x     x  x              x  x  x  x     x     x
 AASPFINC  x  x  x  x  x  x  x  x     x  x  x  x  x     x  x  x
 BASPFINC  x     x  x        x     x        x  x  x        x
 CASPFINC  x           x     x  x        x  x     x        x
 DASPFINC  x     x     x  x              x  x  x  x     x  x


     MISSING DATA PATTERN FREQUENCIES

    Pattern   Frequency     Pattern   Frequency     Pattern   Frequency
          1         490           7          47          13           1
          2         169           8          24          14           2
          3          26           9           1          15           1
          4          48          10           3          16           1
          5          21          11           2          17           1
          6          24          12           2          18           1


COVARIANCE COVERAGE OF DATA

Minimum covariance coverage value   0.100


     PROPORTION OF DATA PRESENT


           Covariance Coverage
              ABFAS_CO      BBFAS_CO      CBFAS_CO      DBFAS_CO      AASPFINC
              ________      ________      ________      ________      ________
 ABFAS_CO       0.998
 BBFAS_CO       0.718         0.720
 CBFAS_CO       0.681         0.628         0.683
 DBFAS_CO       0.657         0.604         0.600         0.660
 AASPFINC       0.995         0.719         0.683         0.660         0.998
 BASPFINC       0.713         0.713         0.628         0.603         0.714
 CASPFINC       0.679         0.627         0.682         0.598         0.682
 DASPFINC       0.657         0.605         0.601         0.659         0.660


           Covariance Coverage
              BASPFINC      CASPFINC      DASPFINC
              ________      ________      ________
 BASPFINC       0.715
 CASPFINC       0.627         0.682
 DASPFINC       0.604         0.600         0.660


SAMPLE STATISTICS


     ESTIMATED SAMPLE STATISTICS


           Means
              ABFAS_CO      BBFAS_CO      CBFAS_CO      DBFAS_CO      AASPFINC
              ________      ________      ________      ________      ________
               61.832        61.626        62.083        62.150        37.468


           Means
              BASPFINC      CASPFINC      DASPFINC
              ________      ________      ________
               38.153        38.483        39.197


           Covariances
              ABFAS_CO      BBFAS_CO      CBFAS_CO      DBFAS_CO      AASPFINC
              ________      ________      ________      ________      ________
 ABFAS_CO     272.291
 BBFAS_CO     219.414       275.753
 CBFAS_CO     212.257       222.664       264.381
 DBFAS_CO     206.901       212.623       218.970       269.532
 AASPFINC      27.788        13.088        25.984        21.293       196.946
 BASPFINC      24.501        10.346        22.329        23.102       154.080
 CASPFINC      24.237        10.842        16.337        14.342       152.776
 DASPFINC      20.410         5.778        20.160        18.715       147.088


           Covariances
              BASPFINC      CASPFINC      DASPFINC
              ________      ________      ________
 BASPFINC     198.356
 CASPFINC     162.161       207.633
 DASPFINC     157.996       164.447       209.902


           Correlations
              ABFAS_CO      BBFAS_CO      CBFAS_CO      DBFAS_CO      AASPFINC
              ________      ________      ________      ________      ________
 ABFAS_CO       1.000
 BBFAS_CO       0.801         1.000
 CBFAS_CO       0.791         0.825         1.000
 DBFAS_CO       0.764         0.780         0.820         1.000
 AASPFINC       0.120         0.056         0.114         0.092         1.000
 BASPFINC       0.105         0.044         0.098         0.100         0.780
 CASPFINC       0.102         0.045         0.070         0.061         0.755
 DASPFINC       0.085         0.024         0.086         0.079         0.723


           Correlations
              BASPFINC      CASPFINC      DASPFINC
              ________      ________      ________
 BASPFINC       1.000
 CASPFINC       0.799         1.000
 DASPFINC       0.774         0.788         1.000


     MAXIMUM LOG-LIKELIHOOD VALUE FOR THE UNRESTRICTED (H1) MODEL IS -19898.882


UNIVARIATE SAMPLE STATISTICS


     UNIVARIATE HIGHER-ORDER MOMENT DESCRIPTIVE STATISTICS

         Variable/         Mean/     Skewness/   Minimum/ % with                Percentiles
        Sample Size      Variance    Kurtosis    Maximum  Min/Max      20%/60%    40%/80%    Median

     ABFAS_CO             61.830      -0.239      10.000    0.35%      47.500     57.500     62.500
             862.000     271.916      -0.249     100.000    0.35%      67.500     77.500
     BBFAS_CO             61.984      -0.077      12.500    0.16%      47.500     57.500     62.500
             622.000     276.394      -0.550     100.000    0.32%      66.667     77.500
     CBFAS_CO             62.020      -0.137      20.000    0.34%      47.500     57.500     62.500
             590.000     270.946      -0.525     100.000    0.34%      67.500     77.500
     DBFAS_CO             62.558      -0.215       7.500    0.18%      47.500     60.000     62.500
             570.000     274.604      -0.343     100.000    0.88%      67.500     77.500
     AASPFINC             37.475       0.295       0.337    0.12%      25.092     33.803     36.880
             862.000     197.063       0.423     100.000    0.12%      40.080     50.015
     BASPFINC             38.030       0.188       2.021    0.16%      25.765     33.680     37.554
             618.000     192.416      -0.264      84.201    0.16%      41.901     50.521
     CASPFINC             38.458       0.229       6.231    0.17%      25.260     34.522     38.396
             589.000     204.498      -0.044      97.168    0.17%      42.100     50.689
     DASPFINC             38.857       0.237       0.000    0.18%      26.102     35.196     38.901
             570.000     207.530      -0.006      88.074    0.18%      42.437     51.363


THE MODEL ESTIMATION TERMINATED NORMALLY



MODEL FIT INFORMATION

Number of Free Parameters                       24

Loglikelihood

          H0 Value                      -19918.128
          H0 Scaling Correction Factor      1.1489
            for MLR

Information Criteria

          Akaike (AIC)                   39884.256
          Bayesian (BIC)                 39998.534
          Sample-Size Adjusted BIC       39922.316
            (n* = (n + 2) / 24)



MODEL RESULTS

                                                    Two-Tailed
                    Estimate       S.E.  Est./S.E.    P-Value

 P1       BY
    ABFAS_CO           1.000      0.000    999.000    999.000

 P2       BY
    BBFAS_CO           1.000      0.000    999.000    999.000

 P3       BY
    CBFAS_CO           1.000      0.000    999.000    999.000

 P4       BY
    DBFAS_CO           1.000      0.000    999.000    999.000

 V1       BY
    AASPFINC           1.000      0.000    999.000    999.000

 V2       BY
    BASPFINC           1.000      0.000    999.000    999.000

 V3       BY
    CASPFINC           1.000      0.000    999.000    999.000

 V4       BY
    DASPFINC           1.000      0.000    999.000    999.000

 P4         ON
    P3                 0.156      0.056      2.760      0.006
    V3                -0.043      0.044     -0.968      0.333

 P3         ON
    P2                 0.156      0.056      2.760      0.006
    V2                -0.043      0.044     -0.968      0.333

 P2         ON
    P1                 0.156      0.056      2.760      0.006
    V1                -0.043      0.044     -0.968      0.333

 V4         ON
    V3                 0.156      0.059      2.631      0.009
    P3                 0.012      0.037      0.323      0.747

 V3         ON
    V2                 0.156      0.059      2.631      0.009
    P2                 0.012      0.037      0.323      0.747

 V2         ON
    V1                 0.156      0.059      2.631      0.009
    P1                 0.012      0.037      0.323      0.747

 S_BFAS_C WITH
    I_BFAS_CO         -0.821      0.583     -1.407      0.159
    S_ASPFINC          0.039      0.067      0.578      0.564
    I_ASPFINC          0.070      1.430      0.049      0.961

 I_BFAS_C WITH
    S_ASPFINC         -1.355      1.501     -0.903      0.367
    I_ASPFINC         18.924      9.883      1.915      0.056

 S_ASPFIN WITH
    I_ASPFINC         -1.192      0.527     -2.262      0.024

 P1       WITH
    V1                 2.442      3.381      0.722      0.470

 P2       WITH
    V2                -2.164      2.193     -0.986      0.324

 P3       WITH
    V3                -2.164      2.193     -0.986      0.324

 P4       WITH
    V4                -2.164      2.193     -0.986      0.324

 Means
    P1                 0.000      0.000    999.000    999.000
    V1                 0.000      0.000    999.000    999.000
    I_BFAS_CO         61.918      0.538    115.028      0.000
    S_BFAS_CO          0.091      0.048      1.887      0.059
    I_ASPFINC         38.159      0.461     82.690      0.000
    S_ASPFINC         -0.027      0.040     -0.687      0.492

 Intercepts
    ABFAS_CO           0.000      0.000    999.000    999.000
    BBFAS_CO           0.000      0.000    999.000    999.000
    CBFAS_CO           0.000      0.000    999.000    999.000
    DBFAS_CO           0.000      0.000    999.000    999.000
    AASPFINC           0.000      0.000    999.000    999.000
    BASPFINC           0.000      0.000    999.000    999.000
    CASPFINC           0.000      0.000    999.000    999.000
    DASPFINC           0.000      0.000    999.000    999.000
    P2                 0.000      0.000    999.000    999.000
    P3                 0.000      0.000    999.000    999.000
    P4                 0.000      0.000    999.000    999.000
    V2                 0.000      0.000    999.000    999.000
    V3                 0.000      0.000    999.000    999.000
    V4                 0.000      0.000    999.000    999.000

 Variances
    P1                63.151      5.327     11.856      0.000
    V1                55.402      4.963     11.163      0.000
    I_BFAS_CO        194.920     14.249     13.679      0.000
    S_BFAS_CO          0.152      0.114      1.340      0.180
    I_ASPFINC        144.997     11.788     12.300      0.000
    S_ASPFINC          0.058      0.082      0.714      0.475

 Residual Variances
    ABFAS_CO           0.000      0.000    999.000    999.000
    BBFAS_CO           0.000      0.000    999.000    999.000
    CBFAS_CO           0.000      0.000    999.000    999.000
    DBFAS_CO           0.000      0.000    999.000    999.000
    AASPFINC           0.000      0.000    999.000    999.000
    BASPFINC           0.000      0.000    999.000    999.000
    CASPFINC           0.000      0.000    999.000    999.000
    DASPFINC           0.000      0.000    999.000    999.000
    P2                57.472      4.051     14.186      0.000
    P3                57.472      4.051     14.186      0.000
    P4                57.472      4.051     14.186      0.000
    V2                49.561      3.566     13.899      0.000
    V3                49.561      3.566     13.899      0.000
    V4                49.561      3.566     13.899      0.000


QUALITY OF NUMERICAL RESULTS

     Condition Number for the Information Matrix              0.346E-04
       (ratio of smallest to largest eigenvalue)


     Beginning Time:  13:09:46
        Ending Time:  13:09:56
       Elapsed Time:  00:00:10



MUTHEN & MUTHEN
3463 Stoner Ave.
Los Angeles, CA  90066

Tel: (310) 391-9971
Fax: (310) 391-8971
Web: www.StatModel.com
Support: Support@StatModel.com

Copyright (c) 1998-2017 Muthen & Muthen
