Mplus VERSION 6.12
MUTHEN & MUTHEN
03/21/2016   2:32 PM

INPUT INSTRUCTIONS


  title: PxVx Univariate - Nat MeanOnly I_N with Lin BFA_MT;
  data: file = E:\Projects\lnt_pxvx\Data\LT_informants3.txt;

  variable:
  names =
  subjid
  Sample
  aGENDER
  aAGE
  aethnic1
  aethnic2
  aedu_mom
  aedu_dad
  aEDUCATN
  bEDUCATN
  cEDUCATN
  aEMPLOYD
  bEMPLOYD
  cEMPLOYD
  dEMPLOYD
  aINCOME
  bINCOME
  cINCOME
  dINCOME
  aS_SCALE
  bS_SCALE
  cS_SCALE
  dS_SCALE
  aD_SCALE
  bD_SCALE
  cD_SCALE
  dD_SCALE
  aS_COMP
  bS_COMP
  cS_COMP
  dS_COMP
  aD_COMP
  bD_COMP
  cD_COMP
  dD_COMP
  aBFI_A
  aBFI_A6
  aBFI_C
  aBFI_E
  aBFI_HP
  aBFI_N
  aBFI_O
  bBFI_A
  bBFI_A6
  bBFI_C
  bBFI_E
  bBFI_HP
  bBFI_N
  bBFI_O
  cBFI_A
  cBFI_A6
  cBFI_C
  cBFI_E
  cBFI_HP
  cBFI_N
  cBFI_O
  dBFI_A
  dBFI_A6
  dBFI_C
  dBFI_E
  dBFI_HP
  dBFI_N
  dBFI_O
  aBFA_AC
  aBFA_AP
  aBFA_CI
  aBFA_CO
  aBFA_EA
  aBFA_EE
  aBFA_N9
  aBFA_NV
  aBFA_NW
  aBFA_OI
  aBFA_OO
  aBFA_PS
  aBFA_MT
  bBFA_AC
  bBFA_AP
  bBFA_CI
  bBFA_CO
  bBFA_EA
  bBFA_EE
  bBFA_N9
  bBFA_NV
  bBFA_NW
  bBFA_OI
  bBFA_OO
  bBFA_MT
  bBFA_PS
  cBFA_AC
  cBFA_AP
  cBFA_CI
  cBFA_CO
  cBFA_EA
  cBFA_EE
  cBFA_N9
  cBFA_NV
  cBFA_NW
  cBFA_OI
  cBFA_OO
  cBFA_MT
  cBFA_PS
  dBFA_AC
  dBFA_AP
  dBFA_CI
  dBFA_CO
  dBFA_EA
  dBFA_EE
  dBFA_N9
  dBFA_NV
  dBFA_NW
  dBFA_OI
  dBFA_OO
  dBFA_MT
  dBFA_PS
  aUSI
  bUSI
  cUSI
  dUSI
  aHRZ_IND
  bHRZ_IND
  cHRZ_IND
  dHRZ_IND
  aVRT_IND
  bVRT_IND
  cVRT_IND
  dVRT_IND
  aHRZ_COL
  bHRZ_COL
  cHRZ_COL
  dHRZ_COL
  aVRT_COL
  bVRT_COL
  cVRT_COL
  dVRT_COL
  aCOLLCTV
  bCOLLCTV
  cCOLLCTV
  dCOLLCTV
  aMVS
  bMVS
  cMVS
  dMVS
  aST
  bST
  cST
  dST
  aSD
  bSD
  cSD
  dSD
  aMVS_mc
  bMVS_mc
  cMVS_mc
  dMVS_mc
  aST_mc
  bST_mc
  cST_mc
  dST_mc
  aSD_mc
  bSD_mc
  cSD_mc
  dSD_mc
  bMEANING
  cMEANING
  dMEANING
  bMEAN_L
  cMEAN_L
  dMEAN_L
  bMEANNGc
  cMEANNGc
  dMEANNGc
  bMEANGlc
  cMEANGlc
  dMEANGlc
  bCLASSIC
  cCLASSIC
  dCLASSIC
  bCLASSCc
  cCLASSCc
  dCLASSCc
  bAGR_VAL
  cAGR_VAL
  dAGR_VAL
  bOPN_VAL
  cOPN_VAL
  dOPN_VAL
  bAGR_VLc
  cAGR_VLc
  dAGR_VLc
  bOPNVALc
  cOPNVALc
  dOPNVALc
  aMV_pomp
  bMV_pomp
  cMV_pomp
  dMV_pomp
  aST_pomp
  bST_pomp
  cST_pomp
  dST_pomp
  aSD_pomp
  bSD_pomp
  cSD_pomp
  dSD_pomp
  agoal_eco
  bgoal_eco
  cgoal_eco
  dgoal_eco
  aAspfinc
  bAspfinc
  cAspfinc
  dAspfinc
  abfi_hp8
  bbfi_hp8
  cbfi_hp8
  dbfi_hp8
  aP_S_BFI
  aP_D_BFI
  aECgoalc
  bECgoalC
  cECgoalC
  dECgoalC
  aaspfin
  baspfin
  caspfin
  daspfin
  aasp_mn2
  basp_mn2
  casp_mn2
  dasp_mn2
  aas12mc2
  aas13mc2
  aas14mc2
  aas15mc2
  aas16mc2
  bas12mc2
  bas13mc2
  bas14mc2
  bas15mc2
  bas16mc2
  cas12mc2
  cas13mc2
  cas14mc2
  cas15mc2
  cas16mc2
  das12mc2
  das13mc2
  das14mc2
  das15mc2
  das16mc2
  aas_f_c2
  bas_f_c2
  cas_f_c2
  das_f_c2
  aI_E
  aI_A
  aI_C
  aI_N
  aI_O
  aI_S
  aI_D
  bI_E
  bI_A
  bI_C
  bI_N
  bI_O
  bI_S
  bI_D
  cI_E
  cI_A
  cI_C
  cI_N
  cI_O
  cI_S
  cI_D
  dI_E
  dI_A
  dI_C
  dI_N
  dI_O
  dI_S
  dI_D
  T1_any_I
  T2_any_I
  T3_any_I
  T4_any_I
  aI_H
  bI_H
  cI_H
  dI_H
  aMVI_POMP
  bMVI_POMP
  cMVI_POMP
  dMVI_POMP;



  USEVARIABLES =
  aI_N
  bI_N
  cI_N
  dI_N
  aBFA_MT
  bBFA_MT
  cBFA_MT
  dBFA_MT
  bage_c
  cage_c
  dage_c
  ;

  missing = all (-9999);

  USEOBSERVATIONS are Sample == 1; ! National Sample

  tscores = bage_c cage_c dage_c;

  DEFINE:
  bage_c = aAGE + 1 - 36;
  cage_c = aAGE + 2 - 36;
  dage_c = aAGE + 3 - 36;

  ANALYSIS:
  TYPE=RANDOM;
  PROCESSORS = 8;

  MODEL:

  i_I_N s_I_N | bI_N cI_N dI_N AT bage_c cage_c dage_c;
  i_BFA_MT s_BFA_MT | bBFA_MT cBFA_MT dBFA_MT AT bage_c cage_c dage_c;


  !After Bollen and Curran initial observation is not part of LGM

  dI_N on cI_N (a); ! Autoregressive paths constrained to equality
  cI_N on bI_N (a);
  bI_N on aI_N (a);

  dBFA_MT on cBFA_MT (b); ! Autoregressive paths constrained to equality
  cBFA_MT on bBFA_MT (b);
  bBFA_MT on aBFA_MT (b);

  bI_N cI_N dI_N (c); !Equality constraint on residuals
  bBFA_MT cBFA_MT dBFA_MT (d); !Equality constraint on residuals

  dBFA_MT on cI_N (x); ! Cross-lagged paths constrained to equality
  cBFA_MT on bI_N (x);
  bBFA_MT on aI_N (x);

  dI_N on cBFA_MT (y); ! Cross-lagged paths constrained to equality
  cI_N on bBFA_MT (y);
  bI_N on aBFA_MT (y);

  dBFA_MT with dI_N (w); ! within-wave correlations constrained to equality
  cBFA_MT with cI_N (w);
  bBFA_MT with bI_N (w);

  aI_N aBFA_MT i_I_N i_BFA_MT
  s_BFA_MT
  with
  s_BFA_MT
  aI_N aBFA_MT i_I_N i_BFA_MT;

  s_I_N@0;


  OUTPUT: SAMPSTAT PATTERNS;



*** WARNING
  Variable name contains more than 8 characters.
  Only the first 8 characters will be printed in the output.
  Variable: AGOAL_ECO
*** WARNING
  Variable name contains more than 8 characters.
  Only the first 8 characters will be printed in the output.
  Variable: BGOAL_ECO
*** WARNING
  Variable name contains more than 8 characters.
  Only the first 8 characters will be printed in the output.
  Variable: CGOAL_ECO
*** WARNING
  Variable name contains more than 8 characters.
  Only the first 8 characters will be printed in the output.
  Variable: DGOAL_ECO
*** WARNING
  Variable name contains more than 8 characters.
  Only the first 8 characters will be printed in the output.
  Variable: AMVI_POMP
*** WARNING
  Variable name contains more than 8 characters.
  Only the first 8 characters will be printed in the output.
  Variable: BMVI_POMP
*** WARNING
  Variable name contains more than 8 characters.
  Only the first 8 characters will be printed in the output.
  Variable: CMVI_POMP
*** WARNING
  Variable name contains more than 8 characters.
  Only the first 8 characters will be printed in the output.
  Variable: DMVI_POMP
*** WARNING in MODEL command
  All continuous latent variable covariances involving S_I_N have been fixed to 0
  because the variance of S_I_N is fixed at 0.
*** WARNING
  Data set contains cases with missing on time scores but non-missing on the
  corresponding dependent variables.  These cases were not included in the analysis.
  Number of such cases:  13
  10 WARNING(S) FOUND IN THE INPUT INSTRUCTIONS



PxVx Univariate - Nat MeanOnly I_N with Lin BFA_MT;

SUMMARY OF ANALYSIS

Number of groups                                                 1
Number of observations                                         595

Number of dependent variables                                    6
Number of independent variables                                  2
Number of continuous latent variables                            4

Observed dependent variables

  Continuous
   BI_N        CI_N        DI_N        BBFA_MT     CBFA_MT     DBFA_MT

Observed independent variables
   AI_N        ABFA_MT

Continuous latent variables
   I_I_N       S_I_N       I_BFA_MT    S_BFA_MT

Variables with special functions

  Time scores
   BAGE_C      CAGE_C      DAGE_C


Estimator                                                      MLR
Information matrix                                        OBSERVED
Maximum number of iterations                                   100
Convergence criterion                                    0.100D-05
Maximum number of EM iterations                                500
Convergence criteria for the EM algorithm
  Loglikelihood change                                   0.100D-02
  Relative loglikelihood change                          0.100D-05
  Derivative                                             0.100D-03
Minimum variance                                         0.100D-03
Maximum number of steepest descent iterations                   20
Maximum number of iterations for H1                           2000
Convergence criterion for H1                             0.100D-03
Optimization algorithm                                         EMA

Input data file(s)
  E:\Projects\lnt_pxvx\Data\LT_informants3.txt
Input data format  FREE


SUMMARY OF DATA

     Number of missing data patterns            49


SUMMARY OF MISSING DATA PATTERNS


     MISSING DATA PATTERNS (x = not missing)

           1  2  3  4  5  6  7  8  9 10 11 12 13 14 15 16 17 18 19 20
 BI_N      x              x  x  x  x  x     x  x                    x
 CI_N      x        x           x  x  x                 x        x  x
 DI_N      x           x     x  x           x  x     x  x  x
 BBFA_MT   x     x  x  x  x  x  x  x  x     x  x  x  x  x  x  x  x  x
 CBFA_MT   x     x  x     x  x  x  x  x  x  x        x  x  x     x  x
 DBFA_MT   x     x  x  x  x  x  x  x  x  x  x  x  x  x  x  x     x
 AI_N      x  x  x           x     x     x        x        x  x  x
 ABFA_MT   x  x  x  x  x  x  x  x  x  x  x  x  x  x  x  x  x  x  x  x

          21 22 23 24 25 26 27 28 29 30 31 32 33 34 35 36 37 38 39 40
 BI_N      x  x        x     x     x           x     x     x
 CI_N            x  x        x        x  x        x  x           x  x
 DI_N            x                    x     x        x  x     x
 BBFA_MT   x  x  x  x  x     x     x        x  x           x     x
 CBFA_MT   x     x  x     x  x     x  x  x        x  x     x     x  x
 DBFA_MT         x              x     x  x     x     x  x  x  x
 AI_N      x  x  x        x  x  x     x  x        x  x  x  x     x
 ABFA_MT   x  x  x  x  x  x  x  x  x  x  x  x  x  x  x  x  x  x  x  x

          41 42 43 44 45 46 47 48 49
 BI_N         x     x     x
 CI_N            x  x     x     x  x
 DI_N      x  x        x  x     x  x
 BBFA_MT      x  x  x  x  x  x
 CBFA_MT   x     x  x     x  x  x  x
 DBFA_MT   x  x  x  x  x  x     x  x
 AI_N      x  x        x  x  x
 ABFA_MT   x  x        x     x  x


     MISSING DATA PATTERN FREQUENCIES

    Pattern   Frequency     Pattern   Frequency     Pattern   Frequency
          1         170          18          16          35           1
          2          34          19          11          36           2
          3          26          20           6          37          13
          4          17          21           7          38           2
          5           5          22          12          39           2
          6          15          23          16          40           3
          7          17          24           4          41           2
          8          38          25           5          42           6
          9          28          26           6          43           1
         10          16          27          12          44           1
         11           6          28           8          45           1
         12          18          29           2          46           2
         13           2          30           7          47           4
         14           3          31           1          48           2
         15          16          32           1          49           1
         16          13          33           2
         17           9          34           3


COVARIANCE COVERAGE OF DATA

Minimum covariance coverage value   0.100


     PROPORTION OF DATA PRESENT


           Covariance Coverage
              BI_N          CI_N          DI_N          BBFA_MT       CBFA_MT
              ________      ________      ________      ________      ________
 BI_N           0.627
 CI_N           0.461         0.597
 DI_N           0.427         0.420         0.556
 BBFA_MT        0.625         0.566         0.528         0.869
 CBFA_MT        0.582         0.597         0.524         0.780         0.834
 DBFA_MT        0.553         0.546         0.555         0.750         0.751
 AI_N           0.450         0.425         0.392         0.597         0.576
 ABFA_MT        0.622         0.588         0.551         0.862         0.825


           Covariance Coverage
              DBFA_MT       AI_N          ABFA_MT
              ________      ________      ________
 DBFA_MT        0.803
 AI_N           0.553         0.714
 ABFA_MT        0.795         0.711         0.992


SAMPLE STATISTICS


     ESTIMATED SAMPLE STATISTICS


           Means
              BI_N          CI_N          DI_N          BBFA_MT       CBFA_MT
              ________      ________      ________      ________      ________
 1             41.209        43.891        42.104        47.485        47.211


           Means
              DBFA_MT       AI_N          ABFA_MT
              ________      ________      ________
 1             47.317        42.069        47.752


           Covariances
              BI_N          CI_N          DI_N          BBFA_MT       CBFA_MT
              ________      ________      ________      ________      ________
 BI_N         680.888
 CI_N         466.353       710.034
 DI_N         476.657       510.400       755.494
 BBFA_MT       29.727        44.496        21.269       233.695
 CBFA_MT       33.873        42.477        39.803       194.369       238.613
 DBFA_MT       30.410        40.474        32.977       194.083       199.548
 AI_N         428.768       398.236       424.532        29.101        37.373
 ABFA_MT       23.766        29.343        25.435       188.046       185.367


           Covariances
              DBFA_MT       AI_N          ABFA_MT
              ________      ________      ________
 DBFA_MT      248.723
 AI_N          46.035       744.947
 ABFA_MT      182.377        45.647       243.182


           Correlations
              BI_N          CI_N          DI_N          BBFA_MT       CBFA_MT
              ________      ________      ________      ________      ________
 BI_N           1.000
 CI_N           0.671         1.000
 DI_N           0.665         0.697         1.000
 BBFA_MT        0.075         0.109         0.051         1.000
 CBFA_MT        0.084         0.103         0.094         0.823         1.000
 DBFA_MT        0.074         0.096         0.076         0.805         0.819
 AI_N           0.602         0.548         0.566         0.070         0.089
 ABFA_MT        0.058         0.071         0.059         0.789         0.770


           Correlations
              DBFA_MT       AI_N          ABFA_MT
              ________      ________      ________
 DBFA_MT        1.000
 AI_N           0.107         1.000
 ABFA_MT        0.742         0.107         1.000


     MAXIMUM LOG-LIKELIHOOD VALUE FOR THE UNRESTRICTED (H1) MODEL IS -14503.015


THE MODEL ESTIMATION TERMINATED NORMALLY



MODEL FIT INFORMATION

Number of Free Parameters                       28

Loglikelihood

          H0 Value                      -14498.761
          H0 Scaling Correction Factor       1.116
            for MLR

Information Criteria

          Akaike (AIC)                   29053.522
          Bayesian (BIC)                 29176.402
          Sample-Size Adjusted BIC       29087.510
            (n* = (n + 2) / 24)



MODEL RESULTS

                                                    Two-Tailed
                    Estimate       S.E.  Est./S.E.    P-Value

 DI_N       ON
    CI_N               0.091      0.062      1.467      0.142
    CBFA_MT            0.093      0.087      1.072      0.284

 CI_N       ON
    BI_N               0.091      0.062      1.467      0.142
    BBFA_MT            0.093      0.087      1.072      0.284

 BI_N       ON
    AI_N               0.091      0.062      1.467      0.142
    ABFA_MT            0.093      0.087      1.072      0.284

 DBFA_MT    ON
    CBFA_MT            0.127      0.060      2.122      0.034
    CI_N              -0.011      0.022     -0.471      0.637

 CBFA_MT    ON
    BBFA_MT            0.127      0.060      2.122      0.034
    BI_N              -0.011      0.022     -0.471      0.637

 BBFA_MT    ON
    ABFA_MT            0.127      0.060      2.122      0.034
    AI_N              -0.011      0.022     -0.471      0.637

 I_BFA_MT WITH
    I_I_N             15.684     23.197      0.676      0.499

 S_BFA_MT WITH
    I_I_N             -1.243      0.751     -1.654      0.098
    I_BFA_MT          -0.297      0.439     -0.676      0.499

 AI_N     WITH
    I_I_N            363.430     44.861      8.101      0.000
    I_BFA_MT          40.350     18.341      2.200      0.028
    S_BFA_MT          -0.718      0.936     -0.767      0.443

 ABFA_MT  WITH
    I_I_N              0.147     21.873      0.007      0.995
    I_BFA_MT         157.478     17.016      9.255      0.000
    S_BFA_MT           0.981      0.599      1.638      0.101

 DBFA_MT  WITH
    DI_N               0.499      4.849      0.103      0.918

 CBFA_MT  WITH
    CI_N               0.499      4.849      0.103      0.918

 BBFA_MT  WITH
    BI_N               0.499      4.849      0.103      0.918

 ABFA_MT  WITH
    AI_N              45.575     18.543      2.458      0.014

 Means
    AI_N              42.017      1.245     33.742      0.000
    ABFA_MT           47.751      0.640     74.643      0.000
    I_I_N             34.420      3.673      9.371      0.000
    S_I_N             -0.145      0.079     -1.831      0.067
    I_BFA_MT          41.847      2.735     15.300      0.000
    S_BFA_MT          -0.004      0.033     -0.127      0.899

 Intercepts
    BI_N               0.000      0.000    999.000    999.000
    CI_N               0.000      0.000    999.000    999.000
    DI_N               0.000      0.000    999.000    999.000
    BBFA_MT            0.000      0.000    999.000    999.000
    CBFA_MT            0.000      0.000    999.000    999.000
    DBFA_MT            0.000      0.000    999.000    999.000

 Variances
    AI_N             743.048     39.178     18.966      0.000
    ABFA_MT          243.469     14.232     17.108      0.000
    I_I_N            383.945     62.844      6.109      0.000
    S_I_N              0.000      0.000    999.000    999.000
    I_BFA_MT         140.372     24.346      5.766      0.000
    S_BFA_MT           0.072      0.043      1.656      0.098

 Residual Variances
    BI_N             245.740     21.060     11.669      0.000
    CI_N             245.740     21.060     11.669      0.000
    DI_N             245.740     21.060     11.669      0.000
    BBFA_MT           47.810      3.812     12.543      0.000
    CBFA_MT           47.810      3.812     12.543      0.000
    DBFA_MT           47.810      3.812     12.543      0.000


QUALITY OF NUMERICAL RESULTS

     Condition Number for the Information Matrix              0.219E-07
       (ratio of smallest to largest eigenvalue)


     Beginning Time:  14:32:08
        Ending Time:  14:32:12
       Elapsed Time:  00:00:04



MUTHEN & MUTHEN
3463 Stoner Ave.
Los Angeles, CA  90066

Tel: (310) 391-9971
Fax: (310) 391-8971
Web: www.StatModel.com
Support: Support@StatModel.com

Copyright (c) 1998-2011 Muthen & Muthen
