Mplus VERSION 7 (Mac)
MUTHEN & MUTHEN
10/27/2017   9:54 AM

INPUT INSTRUCTIONS


  title: PxVx Bivariate LCM-SR - Col Linear BFA_OI with Linear HRZ_IND;
  data: file = /Users/johnflournoy/code/lnt_pxvx/Data/LT_227.txt;



  variable:
  names =
  subjid
  Sample
  aGENDER
  aAGE
  aethnic1
  aethnic2
  aedu_mom
  aedu_dad
  aEDUCATN
  bEDUCATN
  cEDUCATN
  aEMPLOYD
  bEMPLOYD
  cEMPLOYD
  dEMPLOYD
  aINCOME
  bINCOME
  cINCOME
  dINCOME
  aS_SCALE
  bS_SCALE
  cS_SCALE
  dS_SCALE
  aD_SCALE
  bD_SCALE
  cD_SCALE
  dD_SCALE
  aS_COMP
  bS_COMP
  cS_COMP
  dS_COMP
  aD_COMP
  bD_COMP
  cD_COMP
  dD_COMP
  aBFI_A
  aBFI_A6
  aBFI_C
  aBFI_E
  aBFI_HP
  aBFI_N
  aBFI_O
  bBFI_A
  bBFI_A6
  bBFI_C
  bBFI_E
  bBFI_HP
  bBFI_N
  bBFI_O
  cBFI_A
  cBFI_A6
  cBFI_C
  cBFI_E
  cBFI_HP
  cBFI_N
  cBFI_O
  dBFI_A
  dBFI_A6
  dBFI_C
  dBFI_E
  dBFI_HP
  dBFI_N
  dBFI_O
  aBFA_AC
  aBFA_AP
  aBFA_CI
  aBFA_CO
  aBFA_EA
  aBFA_EE
  aBFA_N9
  aBFA_NV
  aBFA_NW
  aBFA_OI
  aBFA_OO
  aBFA_PS
  aBFA_MT
  bBFA_AC
  bBFA_AP
  bBFA_CI
  bBFA_CO
  bBFA_EA
  bBFA_EE
  bBFA_N9
  bBFA_NV
  bBFA_NW
  bBFA_OI
  bBFA_OO
  bBFA_MT
  bBFA_PS
  cBFA_AC
  cBFA_AP
  cBFA_CI
  cBFA_CO
  cBFA_EA
  cBFA_EE
  cBFA_N9
  cBFA_NV
  cBFA_NW
  cBFA_OI
  cBFA_OO
  cBFA_MT
  cBFA_PS
  dBFA_AC
  dBFA_AP
  dBFA_CI
  dBFA_CO
  dBFA_EA
  dBFA_EE
  dBFA_N9
  dBFA_NV
  dBFA_NW
  dBFA_OI
  dBFA_OO
  dBFA_MT
  dBFA_PS
  aUSI
  bUSI
  cUSI
  dUSI
  aHRZ_IND
  bHRZ_IND
  cHRZ_IND
  dHRZ_IND
  aVRT_IND
  bVRT_IND
  cVRT_IND
  dVRT_IND
  aHRZ_COL
  bHRZ_COL
  cHRZ_COL
  dHRZ_COL
  aVRT_COL
  bVRT_COL
  cVRT_COL
  dVRT_COL
  aCOLLCTV
  bCOLLCTV
  cCOLLCTV
  dCOLLCTV
  aMVS
  bMVS
  cMVS
  dMVS
  aST
  bST
  cST
  dST
  aSD
  bSD
  cSD
  dSD
  aMVS_mc
  bMVS_mc
  cMVS_mc
  dMVS_mc
  aST_mc
  bST_mc
  cST_mc
  dST_mc
  aSD_mc
  bSD_mc
  cSD_mc
  dSD_mc
  bMEANING
  cMEANING
  dMEANING
  bMEAN_L
  cMEAN_L
  dMEAN_L
  bMEANNGc
  cMEANNGc
  dMEANNGc
  bMEANGlc
  cMEANGlc
  dMEANGlc
  bCLASSIC
  cCLASSIC
  dCLASSIC
  bCLASSCc
  cCLASSCc
  dCLASSCc
  bAGR_VAL
  cAGR_VAL
  dAGR_VAL
  bOPN_VAL
  cOPN_VAL
  dOPN_VAL
  bAGR_VLc
  cAGR_VLc
  dAGR_VLc
  bOPNVALc
  cOPNVALc
  dOPNVALc
  aMV_pomp
  bMV_pomp
  cMV_pomp
  dMV_pomp
  aST_pomp
  bST_pomp
  cST_pomp
  dST_pomp
  aSD_pomp
  bSD_pomp
  cSD_pomp
  dSD_pomp
  agoal_ec
  bgoal_ec
  cgoal_ec
  dgoal_ec
  aAspfinc
  bAspfinc
  cAspfinc
  dAspfinc
  abfi_hp8
  bbfi_hp8
  cbfi_hp8
  dbfi_hp8
  aP_S_BFI
  aP_D_BFI
  aECgoalc
  bECgoalC
  cECgoalC
  dECgoalC
  aaspfin
  baspfin
  caspfin
  daspfin
  aMVI_POMP
  bMVI_POMP
  cMVI_POMP
  dMVI_POMP;

  USEVARIABLES =
  aBFA_OI
  bBFA_OI
  cBFA_OI
  dBFA_OI
  aHRZ_IND
  bHRZ_IND
  cHRZ_IND
  dHRZ_IND
  a1
  a2
  a3
  a4
  ;

  missing = all (-9999);

  USEOBSERVATIONS are Sample == 2; ! College Sample

  tscores = a1 a2 a3 a4;

  DEFINE:
  a1 = aAGE + 0 - 20.5;
  a2 = aAGE + 1 - 20.5;
  a3 = aAGE + 2 - 20.5;
  a4 = aAGE + 3 - 20.5;

  ANALYSIS:
  TYPE=RANDOM;
  PROCESSORS = 4;
  model=nocovariances; ! supresses default estimation of certain covs in model;

  MODEL:

  i_BFA_OI s_BFA_OI | aBFA_OI bBFA_OI cBFA_OI dBFA_OI AT a1 a2 a3 a4;
  i_HRZ_IND s_HRZ_IND | aHRZ_IND bHRZ_IND cHRZ_IND dHRZ_IND AT a1 a2 a3 a4;

  ! freeing factor covs because of "nocovariances"
  s_BFA_OI WITH i_BFA_OI s_HRZ_IND i_HRZ_IND;
  i_BFA_OI WITH s_HRZ_IND i_HRZ_IND;
  s_HRZ_IND WITH i_HRZ_IND;

  p1 BY aBFA_OI@1; ! Residual "factors";
  p2 BY bBFA_OI@1;
  p3 BY cBFA_OI@1;
  p4 BY dBFA_OI@1;

  v1 BY aHRZ_IND@1; ! Residual "factors";
  v2 BY bHRZ_IND@1;
  v3 BY cHRZ_IND@1;
  v4 BY dHRZ_IND@1;

  !residual variances on observed/manifest vars set to 0
  aBFA_OI@0;
  bBFA_OI@0;
  cBFA_OI@0;
  dBFA_OI@0;

  !residual variances on observed/manifest vars set to 0
  aHRZ_IND@0;
  bHRZ_IND@0;
  cHRZ_IND@0;
  dHRZ_IND@0;

  ! means of observed/manifest vars set to 0
  [aBFA_OI@0];
  [bBFA_OI@0];
  [cBFA_OI@0];
  [dBFA_OI@0];

  ! means of observed/manifest vars set to 0
  [aHRZ_IND@0];
  [bHRZ_IND@0];
  [cHRZ_IND@0];
  [dHRZ_IND@0];

  [p1@0]; ! means of residual "factors" set to 0
  [p2@0];
  [p3@0];
  [p4@0];

  [v1@0]; ! means of residual "factors" set to 0
  [v2@0];
  [v3@0];
  [v4@0];

  p4 on p3 (a); ! Autoregressive paths constrained to equality
  p3 on p2 (a);
  p2 on p1 (a);

  v4 on v3 (b); ! Autoregressive paths constrained to equality
  v3 on v2 (b);
  v2 on v1 (b);

  p4 on v3 (c); ! Cross-lagged paths constrained to equality
  p3 on v2 (c);
  p2 on v1 (c);

  v4 on p3 (d); ! Cross-lagged paths constrained to equality
  v3 on p2 (d);
  v2 on p1 (d);

  p1 with v1 (e); ! Within-wave correlations constrained to equality
  p2 with v2 (e);
  p3 with v3 (e);
  p4 with v4 (e);

  p2 p3 p4 (f); ! estimate variances of residual "factors"
  v2 v3 v4 (g); ! estimate variances of residual "factors"

  OUTPUT: SAMPSTAT PATTERNS;



*** WARNING
  Variable name contains more than 8 characters.
  Only the first 8 characters will be printed in the output.
  Variable: AMVI_POMP
*** WARNING
  Variable name contains more than 8 characters.
  Only the first 8 characters will be printed in the output.
  Variable: BMVI_POMP
*** WARNING
  Variable name contains more than 8 characters.
  Only the first 8 characters will be printed in the output.
  Variable: CMVI_POMP
*** WARNING
  Variable name contains more than 8 characters.
  Only the first 8 characters will be printed in the output.
  Variable: DMVI_POMP
*** WARNING
  Variable name contains more than 8 characters.
  Only the first 8 characters will be printed in the output.
  Variable: I_HRZ_IND
*** WARNING
  Variable name contains more than 8 characters.
  Only the first 8 characters will be printed in the output.
  Variable: S_HRZ_IND
*** WARNING
  Data set contains cases with missing on all variables.
  These cases were not included in the analysis.
  Number of cases with missing on all variables:  1
*** WARNING
  Data set contains cases with missing on time scores but non-missing on the
  corresponding dependent variables.  These cases were not included in the analysis.
  Number of such cases:  3
   8 WARNING(S) FOUND IN THE INPUT INSTRUCTIONS



PxVx Bivariate LCM-SR - Col Linear BFA_OI with Linear HRZ_IND;

SUMMARY OF ANALYSIS

Number of groups                                                 1
Number of observations                                         276

Number of dependent variables                                    8
Number of independent variables                                  0
Number of continuous latent variables                           12

Observed dependent variables

  Continuous
   ABFA_OI     BBFA_OI     CBFA_OI     DBFA_OI     AHRZ_IND    BHRZ_IND
   CHRZ_IND    DHRZ_IND

Continuous latent variables
   P1          P2          P3          P4          V1          V2
   V3          V4          I_BFA_OI    S_BFA_OI    I_HRZ_IN    S_HRZ_IN

Variables with special functions

  Time scores
   A1          A2          A3          A4


Estimator                                                      MLR
Information matrix                                        OBSERVED
Maximum number of iterations                                   100
Convergence criterion                                    0.100D-05
Maximum number of EM iterations                                500
Convergence criteria for the EM algorithm
  Loglikelihood change                                   0.100D-02
  Relative loglikelihood change                          0.100D-05
  Derivative                                             0.100D-03
Minimum variance                                         0.100D-03
Maximum number of steepest descent iterations                   20
Maximum number of iterations for H1                           2000
Convergence criterion for H1                             0.100D-03
Optimization algorithm                                         EMA

Input data file(s)
  /Users/johnflournoy/code/lnt_pxvx/Data/LT_227.txt
Input data format  FREE


SUMMARY OF DATA

     Number of missing data patterns            12


SUMMARY OF MISSING DATA PATTERNS


     MISSING DATA PATTERNS (x = not missing)

           1  2  3  4  5  6  7  8  9 10 11 12
 ABFA_OI   x  x  x  x  x  x  x  x  x  x  x  x
 BBFA_OI   x  x     x        x  x           x
 CBFA_OI   x  x  x                 x  x
 DBFA_OI   x              x  x  x  x  x
 AHRZ_IND  x  x  x  x  x  x  x  x  x  x     x
 BHRZ_IND  x  x     x           x
 CHRZ_IND  x  x  x                 x  x
 DHRZ_IND  x              x     x     x


     MISSING DATA PATTERN FREQUENCIES

    Pattern   Frequency     Pattern   Frequency     Pattern   Frequency
          1         138           5          52           9           1
          2          12           6          11          10          10
          3           5           7           1          11           1
          4          27           8          16          12           2


COVARIANCE COVERAGE OF DATA

Minimum covariance coverage value   0.100


     PROPORTION OF DATA PRESENT


           Covariance Coverage
              ABFA_OI       BBFA_OI       CBFA_OI       DBFA_OI       AHRZ_IND
              ________      ________      ________      ________      ________
 ABFA_OI        1.000
 BBFA_OI        0.710         0.710
 CBFA_OI        0.601         0.543         0.601
 DBFA_OI        0.641         0.562         0.540         0.641
 AHRZ_IND       0.996         0.710         0.601         0.641         0.996
 BHRZ_IND       0.699         0.699         0.543         0.558         0.699
 CHRZ_IND       0.601         0.543         0.601         0.540         0.601
 DHRZ_IND       0.634         0.558         0.536         0.634         0.634


           Covariance Coverage
              BHRZ_IND      CHRZ_IND      DHRZ_IND
              ________      ________      ________
 BHRZ_IND       0.699
 CHRZ_IND       0.543         0.601
 DHRZ_IND       0.558         0.536         0.634


SAMPLE STATISTICS


     ESTIMATED SAMPLE STATISTICS


           Means
              ABFA_OI       BBFA_OI       CBFA_OI       DBFA_OI       AHRZ_IND
              ________      ________      ________      ________      ________
 1             71.450        71.217        70.410        72.628        74.069


           Means
              BHRZ_IND      CHRZ_IND      DHRZ_IND
              ________      ________      ________
 1             73.112        73.486        75.524


           Covariances
              ABFA_OI       BBFA_OI       CBFA_OI       DBFA_OI       AHRZ_IND
              ________      ________      ________      ________      ________
 ABFA_OI      213.042
 BBFA_OI      162.366       206.541
 CBFA_OI      164.282       175.692       238.174
 DBFA_OI      155.535       168.737       183.202       213.989
 AHRZ_IND      40.648        38.613        21.611        35.917       239.555
 BHRZ_IND      61.472        73.668        58.188        60.835       163.113
 CHRZ_IND      75.331        67.455        89.184        58.843       132.734
 DHRZ_IND       7.614         8.015         2.676        17.696       135.809


           Covariances
              BHRZ_IND      CHRZ_IND      DHRZ_IND
              ________      ________      ________
 BHRZ_IND     266.679
 CHRZ_IND     173.371       247.424
 DHRZ_IND     145.419       141.139       257.324


           Correlations
              ABFA_OI       BBFA_OI       CBFA_OI       DBFA_OI       AHRZ_IND
              ________      ________      ________      ________      ________
 ABFA_OI        1.000
 BBFA_OI        0.774         1.000
 CBFA_OI        0.729         0.792         1.000
 DBFA_OI        0.728         0.803         0.811         1.000
 AHRZ_IND       0.180         0.174         0.090         0.159         1.000
 BHRZ_IND       0.258         0.314         0.231         0.255         0.645
 CHRZ_IND       0.328         0.298         0.367         0.256         0.545
 DHRZ_IND       0.033         0.035         0.011         0.075         0.547


           Correlations
              BHRZ_IND      CHRZ_IND      DHRZ_IND
              ________      ________      ________
 BHRZ_IND       1.000
 CHRZ_IND       0.675         1.000
 DHRZ_IND       0.555         0.559         1.000


     MAXIMUM LOG-LIKELIHOOD VALUE FOR THE UNRESTRICTED (H1) MODEL IS -6258.848


THE MODEL ESTIMATION TERMINATED NORMALLY



MODEL FIT INFORMATION

Number of Free Parameters                       23

Loglikelihood

          H0 Value                       -6285.114
          H0 Scaling Correction Factor      1.0300
            for MLR

Information Criteria

          Akaike (AIC)                   12616.229
          Bayesian (BIC)                 12699.498
          Sample-Size Adjusted BIC       12626.569
            (n* = (n + 2) / 24)



MODEL RESULTS

                                                    Two-Tailed
                    Estimate       S.E.  Est./S.E.    P-Value

 P1       BY
    ABFA_OI            1.000      0.000    999.000    999.000

 P2       BY
    BBFA_OI            1.000      0.000    999.000    999.000

 P3       BY
    CBFA_OI            1.000      0.000    999.000    999.000

 P4       BY
    DBFA_OI            1.000      0.000    999.000    999.000

 V1       BY
    AHRZ_IND           1.000      0.000    999.000    999.000

 V2       BY
    BHRZ_IND           1.000      0.000    999.000    999.000

 V3       BY
    CHRZ_IND           1.000      0.000    999.000    999.000

 V4       BY
    DHRZ_IND           1.000      0.000    999.000    999.000

 P4         ON
    P3                 0.082      0.104      0.786      0.432
    V3                 0.011      0.057      0.190      0.849

 P3         ON
    P2                 0.082      0.104      0.786      0.432
    V2                 0.011      0.057      0.190      0.849

 P2         ON
    P1                 0.082      0.104      0.786      0.432
    V1                 0.011      0.057      0.190      0.849

 V4         ON
    V3                 0.168      0.093      1.805      0.071
    P3                 0.030      0.128      0.234      0.815

 V3         ON
    V2                 0.168      0.093      1.805      0.071
    P2                 0.030      0.128      0.234      0.815

 V2         ON
    V1                 0.168      0.093      1.805      0.071
    P1                 0.030      0.128      0.234      0.815

 S_BFA_OI WITH
    I_BFA_OI           3.752      3.595      1.044      0.297
    S_HRZ_IND         -0.631      0.992     -0.636      0.525
    I_HRZ_IND          0.512      3.345      0.153      0.878

 I_BFA_OI WITH
    S_HRZ_IND         -4.431      4.846     -0.914      0.360
    I_HRZ_IND         40.725     15.598      2.611      0.009

 S_HRZ_IN WITH
    I_HRZ_IND         -2.520      6.595     -0.382      0.702

 P1       WITH
    V1                17.887      6.139      2.914      0.004

 P2       WITH
    V2                17.887      6.139      2.914      0.004

 P3       WITH
    V3                17.887      6.139      2.914      0.004

 P4       WITH
    V4                17.887      6.139      2.914      0.004

 Means
    P1                 0.000      0.000    999.000    999.000
    V1                 0.000      0.000    999.000    999.000
    I_BFA_OI          71.077      0.860     82.654      0.000
    S_BFA_OI           0.265      0.249      1.065      0.287
    I_HRZ_IND         73.795      0.938     78.714      0.000
    S_HRZ_IND          0.254      0.342      0.743      0.457

 Intercepts
    ABFA_OI            0.000      0.000    999.000    999.000
    BBFA_OI            0.000      0.000    999.000    999.000
    CBFA_OI            0.000      0.000    999.000    999.000
    DBFA_OI            0.000      0.000    999.000    999.000
    AHRZ_IND           0.000      0.000    999.000    999.000
    BHRZ_IND           0.000      0.000    999.000    999.000
    CHRZ_IND           0.000      0.000    999.000    999.000
    DHRZ_IND           0.000      0.000    999.000    999.000
    P2                 0.000      0.000    999.000    999.000
    P3                 0.000      0.000    999.000    999.000
    P4                 0.000      0.000    999.000    999.000
    V2                 0.000      0.000    999.000    999.000
    V3                 0.000      0.000    999.000    999.000
    V4                 0.000      0.000    999.000    999.000

 Variances
    P1                68.765     15.073      4.562      0.000
    V1               109.944     20.741      5.301      0.000
    I_BFA_OI         149.707     19.573      7.648      0.000
    S_BFA_OI           1.018      1.181      0.862      0.389
    I_HRZ_IND        139.933     25.882      5.406      0.000
    S_HRZ_IND          1.559      1.913      0.815      0.415

 Residual Variances
    ABFA_OI            0.000      0.000    999.000    999.000
    BBFA_OI            0.000      0.000    999.000    999.000
    CBFA_OI            0.000      0.000    999.000    999.000
    DBFA_OI            0.000      0.000    999.000    999.000
    AHRZ_IND           0.000      0.000    999.000    999.000
    BHRZ_IND           0.000      0.000    999.000    999.000
    CHRZ_IND           0.000      0.000    999.000    999.000
    DHRZ_IND           0.000      0.000    999.000    999.000
    P2                44.802      5.165      8.674      0.000
    P3                44.802      5.165      8.674      0.000
    P4                44.802      5.165      8.674      0.000
    V2               110.726     13.479      8.215      0.000
    V3               110.726     13.479      8.215      0.000
    V4               110.726     13.479      8.215      0.000


QUALITY OF NUMERICAL RESULTS

     Condition Number for the Information Matrix              0.560E-05
       (ratio of smallest to largest eigenvalue)


     Beginning Time:  09:54:36
        Ending Time:  09:54:46
       Elapsed Time:  00:00:10



MUTHEN & MUTHEN
3463 Stoner Ave.
Los Angeles, CA  90066

Tel: (310) 391-9971
Fax: (310) 391-8971
Web: www.StatModel.com
Support: Support@StatModel.com

Copyright (c) 1998-2012 Muthen & Muthen
