Mplus VERSION 6.12
MUTHEN & MUTHEN
03/09/2016   6:31 PM

INPUT INSTRUCTIONS


  title: PxVx Univariate - Col Lin BFA_OI with MeanOnly VRT_COL;
  data: file = E:\Projects\lnt_pxvx\Data\LT_227.txt;



  variable:
  names =
  subjid
  Sample
  aGENDER
  aAGE
  aethnic1
  aethnic2
  aedu_mom
  aedu_dad
  aEDUCATN
  bEDUCATN
  cEDUCATN
  aEMPLOYD
  bEMPLOYD
  cEMPLOYD
  dEMPLOYD
  aINCOME
  bINCOME
  cINCOME
  dINCOME
  aS_SCALE
  bS_SCALE
  cS_SCALE
  dS_SCALE
  aD_SCALE
  bD_SCALE
  cD_SCALE
  dD_SCALE
  aS_COMP
  bS_COMP
  cS_COMP
  dS_COMP
  aD_COMP
  bD_COMP
  cD_COMP
  dD_COMP
  aBFI_A
  aBFI_A6
  aBFI_C
  aBFI_E
  aBFI_HP
  aBFI_N
  aBFI_O
  bBFI_A
  bBFI_A6
  bBFI_C
  bBFI_E
  bBFI_HP
  bBFI_N
  bBFI_O
  cBFI_A
  cBFI_A6
  cBFI_C
  cBFI_E
  cBFI_HP
  cBFI_N
  cBFI_O
  dBFI_A
  dBFI_A6
  dBFI_C
  dBFI_E
  dBFI_HP
  dBFI_N
  dBFI_O
  aBFA_AC
  aBFA_AP
  aBFA_CI
  aBFA_CO
  aBFA_EA
  aBFA_EE
  aBFA_N9
  aBFA_NV
  aBFA_NW
  aBFA_OI
  aBFA_OO
  aBFA_PS
  aBFA_MT
  bBFA_AC
  bBFA_AP
  bBFA_CI
  bBFA_CO
  bBFA_EA
  bBFA_EE
  bBFA_N9
  bBFA_NV
  bBFA_NW
  bBFA_OI
  bBFA_OO
  bBFA_MT
  bBFA_PS
  cBFA_AC
  cBFA_AP
  cBFA_CI
  cBFA_CO
  cBFA_EA
  cBFA_EE
  cBFA_N9
  cBFA_NV
  cBFA_NW
  cBFA_OI
  cBFA_OO
  cBFA_MT
  cBFA_PS
  dBFA_AC
  dBFA_AP
  dBFA_CI
  dBFA_CO
  dBFA_EA
  dBFA_EE
  dBFA_N9
  dBFA_NV
  dBFA_NW
  dBFA_OI
  dBFA_OO
  dBFA_MT
  dBFA_PS
  aUSI
  bUSI
  cUSI
  dUSI
  aHRZ_IND
  bHRZ_IND
  cHRZ_IND
  dHRZ_IND
  aVRT_IND
  bVRT_IND
  cVRT_IND
  dVRT_IND
  aHRZ_COL
  bHRZ_COL
  cHRZ_COL
  dHRZ_COL
  aVRT_COL
  bVRT_COL
  cVRT_COL
  dVRT_COL
  aCOLLCTV
  bCOLLCTV
  cCOLLCTV
  dCOLLCTV
  aMVS
  bMVS
  cMVS
  dMVS
  aST
  bST
  cST
  dST
  aSD
  bSD
  cSD
  dSD
  aMVS_mc
  bMVS_mc
  cMVS_mc
  dMVS_mc
  aST_mc
  bST_mc
  cST_mc
  dST_mc
  aSD_mc
  bSD_mc
  cSD_mc
  dSD_mc
  bMEANING
  cMEANING
  dMEANING
  bMEAN_L
  cMEAN_L
  dMEAN_L
  bMEANNGc
  cMEANNGc
  dMEANNGc
  bMEANGlc
  cMEANGlc
  dMEANGlc
  bCLASSIC
  cCLASSIC
  dCLASSIC
  bCLASSCc
  cCLASSCc
  dCLASSCc
  bAGR_VAL
  cAGR_VAL
  dAGR_VAL
  bOPN_VAL
  cOPN_VAL
  dOPN_VAL
  bAGR_VLc
  cAGR_VLc
  dAGR_VLc
  bOPNVALc
  cOPNVALc
  dOPNVALc
  aMV_pomp
  bMV_pomp
  cMV_pomp
  dMV_pomp
  aST_pomp
  bST_pomp
  cST_pomp
  dST_pomp
  aSD_pomp
  bSD_pomp
  cSD_pomp
  dSD_pomp
  agoal_ec
  bgoal_ec
  cgoal_ec
  dgoal_ec
  aAspfinc
  bAspfinc
  cAspfinc
  dAspfinc
  abfi_hp8
  bbfi_hp8
  cbfi_hp8
  dbfi_hp8
  aP_S_BFI
  aP_D_BFI
  aECgoalc
  bECgoalC
  cECgoalC
  dECgoalC
  aaspfin
  baspfin
  caspfin
  daspfin;

  USEVARIABLES =
  aBFA_OI
  bBFA_OI
  cBFA_OI
  dBFA_OI
  aVRT_COL
  bVRT_COL
  cVRT_COL
  dVRT_COL
  bage_c
  cage_c
  dage_c
  ;

  missing = all (-9999);

  USEOBSERVATIONS are Sample == 2; ! College Sample

  tscores = bage_c cage_c dage_c;

  DEFINE:
  bage_c = aAGE + 1 - 20.5;
  cage_c = aAGE + 2 - 20.5;
  dage_c = aAGE + 3 - 20.5;

  ANALYSIS:
  TYPE=RANDOM;
  PROCESSORS = 8;

  MODEL:

  i_BFA_OI s_BFA_OI | bBFA_OI cBFA_OI dBFA_OI AT bage_c cage_c dage_c;
  i_VRT_COL s_VRT_COL | bVRT_COL cVRT_COL dVRT_COL AT bage_c cage_c dage_c;


  !After Bollen and Curran initial observation is not part of LGM

  dBFA_OI on cBFA_OI (a); ! Autoregressive paths constrained to equality
  cBFA_OI on bBFA_OI (a);
  bBFA_OI on aBFA_OI (a);

  dVRT_COL on cVRT_COL (b); ! Autoregressive paths constrained to equality
  cVRT_COL on bVRT_COL (b);
  bVRT_COL on aVRT_COL (b);

  bBFA_OI cBFA_OI dBFA_OI (c); !Equality constraint on residuals
  bVRT_COL cVRT_COL dVRT_COL (d); !Equality constraint on residuals

  dVRT_COL on cBFA_OI (x); ! Cross-lagged paths constrained to equality
  cVRT_COL on bBFA_OI (x);
  bVRT_COL on aBFA_OI (x);

  dBFA_OI on cVRT_COL (y); ! Cross-lagged paths constrained to equality
  cBFA_OI on bVRT_COL (y);
  bBFA_OI on aVRT_COL (y);

  dVRT_COL with dBFA_OI (w); ! within-wave correlations constrained to equality
  cVRT_COL with cBFA_OI (w);
  bVRT_COL with bBFA_OI (w);

  aBFA_OI aVRT_COL i_BFA_OI i_VRT_COL
  s_BFA_OI
  with
  s_BFA_OI
  aBFA_OI aVRT_COL i_BFA_OI i_VRT_COL;


  s_VRT_COL@0;

  OUTPUT: SAMPSTAT PATTERNS;



*** WARNING
  Variable name contains more than 8 characters.
  Only the first 8 characters will be printed in the output.
  Variable: I_VRT_COL
*** WARNING
  Variable name contains more than 8 characters.
  Only the first 8 characters will be printed in the output.
  Variable: S_VRT_COL
*** WARNING in MODEL command
  All continuous latent variable covariances involving S_VRT_COL have been fixed to 0
  because the variance of S_VRT_COL is fixed at 0.
*** WARNING
  Data set contains cases with missing on all variables.
  These cases were not included in the analysis.
  Number of cases with missing on all variables:  1
   4 WARNING(S) FOUND IN THE INPUT INSTRUCTIONS



PxVx Univariate - Col Lin BFA_OI with MeanOnly VRT_COL;

SUMMARY OF ANALYSIS

Number of groups                                                 1
Number of observations                                         279

Number of dependent variables                                    6
Number of independent variables                                  2
Number of continuous latent variables                            4

Observed dependent variables

  Continuous
   BBFA_OI     CBFA_OI     DBFA_OI     BVRT_COL    CVRT_COL    DVRT_COL

Observed independent variables
   ABFA_OI     AVRT_COL

Continuous latent variables
   I_BFA_OI    S_BFA_OI    I_VRT_CO    S_VRT_CO

Variables with special functions

  Time scores
   BAGE_C      CAGE_C      DAGE_C


Estimator                                                      MLR
Information matrix                                        OBSERVED
Maximum number of iterations                                   100
Convergence criterion                                    0.100D-05
Maximum number of EM iterations                                500
Convergence criteria for the EM algorithm
  Loglikelihood change                                   0.100D-02
  Relative loglikelihood change                          0.100D-05
  Derivative                                             0.100D-03
Minimum variance                                         0.100D-03
Maximum number of steepest descent iterations                   20
Maximum number of iterations for H1                           2000
Convergence criterion for H1                             0.100D-03
Optimization algorithm                                         EMA

Input data file(s)
  E:\Projects\lnt_pxvx\Data\LT_227.txt
Input data format  FREE


SUMMARY OF DATA

     Number of missing data patterns            12


SUMMARY OF MISSING DATA PATTERNS


     MISSING DATA PATTERNS (x = not missing)

           1  2  3  4  5  6  7  8  9 10 11 12
 BBFA_OI   x  x     x        x  x           x
 CBFA_OI   x  x  x                 x  x
 DBFA_OI   x              x  x  x  x  x
 BVRT_COL  x  x     x           x
 CVRT_COL  x  x  x                 x  x
 DVRT_COL  x              x     x     x
 ABFA_OI   x  x  x  x  x  x  x  x  x  x  x  x
 AVRT_COL  x  x  x  x  x  x  x  x  x  x     x


     MISSING DATA PATTERN FREQUENCIES

    Pattern   Frequency     Pattern   Frequency     Pattern   Frequency
          1         140           5          52           9           1
          2          12           6          11          10          10
          3           5           7           1          11           2
          4          27           8          16          12           2


COVARIANCE COVERAGE OF DATA

Minimum covariance coverage value   0.100


     PROPORTION OF DATA PRESENT


           Covariance Coverage
              BBFA_OI       CBFA_OI       DBFA_OI       BVRT_COL      CVRT_COL
              ________      ________      ________      ________      ________
 BBFA_OI        0.710
 CBFA_OI        0.545         0.602
 DBFA_OI        0.563         0.541         0.642
 BVRT_COL       0.699         0.545         0.559         0.699
 CVRT_COL       0.545         0.602         0.541         0.545         0.602
 DVRT_COL       0.559         0.538         0.634         0.559         0.538
 ABFA_OI        0.710         0.602         0.642         0.699         0.602
 AVRT_COL       0.710         0.602         0.642         0.699         0.602


           Covariance Coverage
              DVRT_COL      ABFA_OI       AVRT_COL
              ________      ________      ________
 DVRT_COL       0.634
 ABFA_OI        0.634         1.000
 AVRT_COL       0.634         0.993         0.993


SAMPLE STATISTICS


     ESTIMATED SAMPLE STATISTICS


           Means
              BBFA_OI       CBFA_OI       DBFA_OI       BVRT_COL      CVRT_COL
              ________      ________      ________      ________      ________
 1             71.039        70.171        72.162        66.497        64.167


           Means
              DVRT_COL      ABFA_OI       AVRT_COL
              ________      ________      ________
 1             64.811        71.262        67.094


           Covariances
              BBFA_OI       CBFA_OI       DBFA_OI       BVRT_COL      CVRT_COL
              ________      ________      ________      ________      ________
 BBFA_OI      211.275
 CBFA_OI      180.979       243.715
 DBFA_OI      176.501       192.300       226.966
 BVRT_COL      31.739        21.439        26.675       312.822
 CVRT_COL       2.703        10.304         7.102       179.982       298.061
 DVRT_COL     -34.896       -24.245       -30.180       201.937       203.009
 ABFA_OI      166.685       169.608       162.140         7.637         0.655
 AVRT_COL      21.029        20.732        26.115       201.564       182.351


           Covariances
              DVRT_COL      ABFA_OI       AVRT_COL
              ________      ________      ________
 DVRT_COL     345.003
 ABFA_OI      -31.852       216.189
 AVRT_COL     210.747         8.575       325.868


           Correlations
              BBFA_OI       CBFA_OI       DBFA_OI       BVRT_COL      CVRT_COL
              ________      ________      ________      ________      ________
 BBFA_OI        1.000
 CBFA_OI        0.798         1.000
 DBFA_OI        0.806         0.818         1.000
 BVRT_COL       0.123         0.078         0.100         1.000
 CVRT_COL       0.011         0.038         0.027         0.589         1.000
 DVRT_COL      -0.129        -0.084        -0.108         0.615         0.633
 ABFA_OI        0.780         0.739         0.732         0.029         0.003
 AVRT_COL       0.080         0.074         0.096         0.631         0.585


           Correlations
              DVRT_COL      ABFA_OI       AVRT_COL
              ________      ________      ________
 DVRT_COL       1.000
 ABFA_OI       -0.117         1.000
 AVRT_COL       0.629         0.032         1.000


     MAXIMUM LOG-LIKELIHOOD VALUE FOR THE UNRESTRICTED (H1) MODEL IS -6443.212


THE MODEL ESTIMATION TERMINATED NORMALLY



MODEL FIT INFORMATION

Number of Free Parameters                       28

Loglikelihood

          H0 Value                       -6458.106
          H0 Scaling Correction Factor       1.077
            for MLR

Information Criteria

          Akaike (AIC)                   12972.213
          Bayesian (BIC)                 13073.887
          Sample-Size Adjusted BIC       12985.101
            (n* = (n + 2) / 24)



MODEL RESULTS

                                                    Two-Tailed
                    Estimate       S.E.  Est./S.E.    P-Value

 DBFA_OI    ON
    CBFA_OI            0.030      0.100      0.300      0.764
    CVRT_COL          -0.005      0.058     -0.086      0.932

 CBFA_OI    ON
    BBFA_OI            0.030      0.100      0.300      0.764
    BVRT_COL          -0.005      0.058     -0.086      0.932

 BBFA_OI    ON
    ABFA_OI            0.030      0.100      0.300      0.764
    AVRT_COL          -0.005      0.058     -0.086      0.932

 DVRT_COL   ON
    CVRT_COL           0.057      0.086      0.662      0.508
    CBFA_OI           -0.061      0.102     -0.597      0.551

 CVRT_COL   ON
    BVRT_COL           0.057      0.086      0.662      0.508
    BBFA_OI           -0.061      0.102     -0.597      0.551

 BVRT_COL   ON
    AVRT_COL           0.057      0.086      0.662      0.508
    ABFA_OI           -0.061      0.102     -0.597      0.551

 S_BFA_OI WITH
    I_BFA_OI          -0.180      6.740     -0.027      0.979

 I_VRT_CO WITH
    I_BFA_OI          11.412     28.289      0.403      0.687
    S_BFA_OI           0.376      4.829      0.078      0.938

 ABFA_OI  WITH
    I_BFA_OI         162.587     28.237      5.758      0.000
    S_BFA_OI          -1.044      5.215     -0.200      0.841
    I_VRT_COL          4.073     24.734      0.165      0.869

 AVRT_COL WITH
    I_BFA_OI          16.278     33.872      0.481      0.631
    S_BFA_OI           3.507      8.416      0.417      0.677
    I_VRT_COL        184.308     26.632      6.921      0.000

 DVRT_COL WITH
    DBFA_OI            4.639      6.345      0.731      0.465

 CVRT_COL WITH
    CBFA_OI            4.639      6.345      0.731      0.465

 BVRT_COL WITH
    BBFA_OI            4.639      6.345      0.731      0.465

 AVRT_COL WITH
    ABFA_OI            8.574     17.215      0.498      0.618

 Means
    ABFA_OI           71.262      0.880     80.952      0.000
    AVRT_COL          67.095      1.087     61.702      0.000
    I_BFA_OI          68.148      8.426      8.088      0.000
    S_BFA_OI           0.603      0.355      1.701      0.089
    I_VRT_COL         67.118     10.401      6.453      0.000
    S_VRT_COL         -0.643      0.600     -1.072      0.284

 Intercepts
    BBFA_OI            0.000      0.000    999.000    999.000
    CBFA_OI            0.000      0.000    999.000    999.000
    DBFA_OI            0.000      0.000    999.000    999.000
    BVRT_COL           0.000      0.000    999.000    999.000
    CVRT_COL           0.000      0.000    999.000    999.000
    DVRT_COL           0.000      0.000    999.000    999.000

 Variances
    ABFA_OI          216.189     16.213     13.334      0.000
    AVRT_COL         325.868     21.811     14.940      0.000
    I_BFA_OI         166.958     39.119      4.268      0.000
    S_BFA_OI           1.224      2.175      0.563      0.573
    I_VRT_COL        169.361     40.879      4.143      0.000
    S_VRT_COL          0.000      0.000    999.000    999.000

 Residual Variances
    BBFA_OI           43.805      5.483      7.989      0.000
    CBFA_OI           43.805      5.483      7.989      0.000
    DBFA_OI           43.805      5.483      7.989      0.000
    BVRT_COL         127.544     13.454      9.480      0.000
    CVRT_COL         127.544     13.454      9.480      0.000
    DVRT_COL         127.544     13.454      9.480      0.000


QUALITY OF NUMERICAL RESULTS

     Condition Number for the Information Matrix              0.228E-06
       (ratio of smallest to largest eigenvalue)


     Beginning Time:  18:31:29
        Ending Time:  18:31:32
       Elapsed Time:  00:00:03



MUTHEN & MUTHEN
3463 Stoner Ave.
Los Angeles, CA  90066

Tel: (310) 391-9971
Fax: (310) 391-8971
Web: www.StatModel.com
Support: Support@StatModel.com

Copyright (c) 1998-2011 Muthen & Muthen
