Mplus VERSION 7 (Mac)
MUTHEN & MUTHEN
10/27/2017   2:20 PM

INPUT INSTRUCTIONS


  title: PxVx Bivariate LCM-SR - Col Linear BFI_C with Linear HRZ_IND;
  data: file = /Users/johnflournoy/code/lnt_pxvx/Data/LT_227.txt;



  variable:
  names =
  subjid
  Sample
  aGENDER
  aAGE
  aethnic1
  aethnic2
  aedu_mom
  aedu_dad
  aEDUCATN
  bEDUCATN
  cEDUCATN
  aEMPLOYD
  bEMPLOYD
  cEMPLOYD
  dEMPLOYD
  aINCOME
  bINCOME
  cINCOME
  dINCOME
  aS_SCALE
  bS_SCALE
  cS_SCALE
  dS_SCALE
  aD_SCALE
  bD_SCALE
  cD_SCALE
  dD_SCALE
  aS_COMP
  bS_COMP
  cS_COMP
  dS_COMP
  aD_COMP
  bD_COMP
  cD_COMP
  dD_COMP
  aBFI_A
  aBFI_A6
  aBFI_C
  aBFI_E
  aBFI_HP
  aBFI_N
  aBFI_O
  bBFI_A
  bBFI_A6
  bBFI_C
  bBFI_E
  bBFI_HP
  bBFI_N
  bBFI_O
  cBFI_A
  cBFI_A6
  cBFI_C
  cBFI_E
  cBFI_HP
  cBFI_N
  cBFI_O
  dBFI_A
  dBFI_A6
  dBFI_C
  dBFI_E
  dBFI_HP
  dBFI_N
  dBFI_O
  aBFA_AC
  aBFA_AP
  aBFA_CI
  aBFA_CO
  aBFA_EA
  aBFA_EE
  aBFA_N9
  aBFA_NV
  aBFA_NW
  aBFA_OI
  aBFA_OO
  aBFA_PS
  aBFA_MT
  bBFA_AC
  bBFA_AP
  bBFA_CI
  bBFA_CO
  bBFA_EA
  bBFA_EE
  bBFA_N9
  bBFA_NV
  bBFA_NW
  bBFA_OI
  bBFA_OO
  bBFA_MT
  bBFA_PS
  cBFA_AC
  cBFA_AP
  cBFA_CI
  cBFA_CO
  cBFA_EA
  cBFA_EE
  cBFA_N9
  cBFA_NV
  cBFA_NW
  cBFA_OI
  cBFA_OO
  cBFA_MT
  cBFA_PS
  dBFA_AC
  dBFA_AP
  dBFA_CI
  dBFA_CO
  dBFA_EA
  dBFA_EE
  dBFA_N9
  dBFA_NV
  dBFA_NW
  dBFA_OI
  dBFA_OO
  dBFA_MT
  dBFA_PS
  aUSI
  bUSI
  cUSI
  dUSI
  aHRZ_IND
  bHRZ_IND
  cHRZ_IND
  dHRZ_IND
  aVRT_IND
  bVRT_IND
  cVRT_IND
  dVRT_IND
  aHRZ_COL
  bHRZ_COL
  cHRZ_COL
  dHRZ_COL
  aVRT_COL
  bVRT_COL
  cVRT_COL
  dVRT_COL
  aCOLLCTV
  bCOLLCTV
  cCOLLCTV
  dCOLLCTV
  aMVS
  bMVS
  cMVS
  dMVS
  aST
  bST
  cST
  dST
  aSD
  bSD
  cSD
  dSD
  aMVS_mc
  bMVS_mc
  cMVS_mc
  dMVS_mc
  aST_mc
  bST_mc
  cST_mc
  dST_mc
  aSD_mc
  bSD_mc
  cSD_mc
  dSD_mc
  bMEANING
  cMEANING
  dMEANING
  bMEAN_L
  cMEAN_L
  dMEAN_L
  bMEANNGc
  cMEANNGc
  dMEANNGc
  bMEANGlc
  cMEANGlc
  dMEANGlc
  bCLASSIC
  cCLASSIC
  dCLASSIC
  bCLASSCc
  cCLASSCc
  dCLASSCc
  bAGR_VAL
  cAGR_VAL
  dAGR_VAL
  bOPN_VAL
  cOPN_VAL
  dOPN_VAL
  bAGR_VLc
  cAGR_VLc
  dAGR_VLc
  bOPNVALc
  cOPNVALc
  dOPNVALc
  aMV_pomp
  bMV_pomp
  cMV_pomp
  dMV_pomp
  aST_pomp
  bST_pomp
  cST_pomp
  dST_pomp
  aSD_pomp
  bSD_pomp
  cSD_pomp
  dSD_pomp
  agoal_ec
  bgoal_ec
  cgoal_ec
  dgoal_ec
  aAspfinc
  bAspfinc
  cAspfinc
  dAspfinc
  abfi_hp8
  bbfi_hp8
  cbfi_hp8
  dbfi_hp8
  aP_S_BFI
  aP_D_BFI
  aECgoalc
  bECgoalC
  cECgoalC
  dECgoalC
  aaspfin
  baspfin
  caspfin
  daspfin
  aMVI_POMP
  bMVI_POMP
  cMVI_POMP
  dMVI_POMP;

  USEVARIABLES =
  aBFI_C
  bBFI_C
  cBFI_C
  dBFI_C
  aHRZ_IND
  bHRZ_IND
  cHRZ_IND
  dHRZ_IND
  a1
  a2
  a3
  a4
  ;

  missing = all (-9999);

  USEOBSERVATIONS are Sample == 2; ! College Sample

  tscores = a1 a2 a3 a4;

  DEFINE:
  a1 = aAGE + 0 - 20.5;
  a2 = aAGE + 1 - 20.5;
  a3 = aAGE + 2 - 20.5;
  a4 = aAGE + 3 - 20.5;

  ANALYSIS:
  TYPE=RANDOM;
  PROCESSORS = 4;
  model=nocovariances; ! supresses default estimation of certain covs in model;

  MODEL:

  i_BFI_C s_BFI_C | aBFI_C bBFI_C cBFI_C dBFI_C AT a1 a2 a3 a4;
  i_HRZ_IND s_HRZ_IND | aHRZ_IND bHRZ_IND cHRZ_IND dHRZ_IND AT a1 a2 a3 a4;

  ! freeing factor covs because of "nocovariances"
  s_BFI_C WITH i_BFI_C s_HRZ_IND i_HRZ_IND;
  i_BFI_C WITH s_HRZ_IND i_HRZ_IND;
  s_HRZ_IND WITH i_HRZ_IND;

  p1 BY aBFI_C@1; ! Residual "factors";
  p2 BY bBFI_C@1;
  p3 BY cBFI_C@1;
  p4 BY dBFI_C@1;

  v1 BY aHRZ_IND@1; ! Residual "factors";
  v2 BY bHRZ_IND@1;
  v3 BY cHRZ_IND@1;
  v4 BY dHRZ_IND@1;

  !residual variances on observed/manifest vars set to 0
  aBFI_C@0;
  bBFI_C@0;
  cBFI_C@0;
  dBFI_C@0;

  !residual variances on observed/manifest vars set to 0
  aHRZ_IND@0;
  bHRZ_IND@0;
  cHRZ_IND@0;
  dHRZ_IND@0;

  ! means of observed/manifest vars set to 0
  [aBFI_C@0];
  [bBFI_C@0];
  [cBFI_C@0];
  [dBFI_C@0];

  ! means of observed/manifest vars set to 0
  [aHRZ_IND@0];
  [bHRZ_IND@0];
  [cHRZ_IND@0];
  [dHRZ_IND@0];

  [p1@0]; ! means of residual "factors" set to 0
  [p2@0];
  [p3@0];
  [p4@0];

  [v1@0]; ! means of residual "factors" set to 0
  [v2@0];
  [v3@0];
  [v4@0];

  p4 on p3 (a); ! Autoregressive paths constrained to equality
  p3 on p2 (a);
  p2 on p1 (a);

  v4 on v3 (b); ! Autoregressive paths constrained to equality
  v3 on v2 (b);
  v2 on v1 (b);

  p4 on v3 (c); ! Cross-lagged paths constrained to equality
  p3 on v2 (c);
  p2 on v1 (c);

  v4 on p3 (d); ! Cross-lagged paths constrained to equality
  v3 on p2 (d);
  v2 on p1 (d);

  p1 with v1; !(this one is not like the others)

  p2 with v2 (e); ! Within-wave correlations constrained to equality
  p3 with v3 (e);
  p4 with v4 (e);

  p2 p3 p4 (f); ! estimate variances of residual "factors"
  v2 v3 v4 (g); ! estimate variances of residual "factors"

  OUTPUT: SAMPSTAT PATTERNS;



*** WARNING
  Variable name contains more than 8 characters.
  Only the first 8 characters will be printed in the output.
  Variable: AMVI_POMP
*** WARNING
  Variable name contains more than 8 characters.
  Only the first 8 characters will be printed in the output.
  Variable: BMVI_POMP
*** WARNING
  Variable name contains more than 8 characters.
  Only the first 8 characters will be printed in the output.
  Variable: CMVI_POMP
*** WARNING
  Variable name contains more than 8 characters.
  Only the first 8 characters will be printed in the output.
  Variable: DMVI_POMP
*** WARNING
  Variable name contains more than 8 characters.
  Only the first 8 characters will be printed in the output.
  Variable: I_HRZ_IND
*** WARNING
  Variable name contains more than 8 characters.
  Only the first 8 characters will be printed in the output.
  Variable: S_HRZ_IND
*** WARNING
  Data set contains cases with missing on all variables.
  These cases were not included in the analysis.
  Number of cases with missing on all variables:  1
*** WARNING
  Data set contains cases with missing on time scores but non-missing on the
  corresponding dependent variables.  These cases were not included in the analysis.
  Number of such cases:  3
   8 WARNING(S) FOUND IN THE INPUT INSTRUCTIONS



PxVx Bivariate LCM-SR - Col Linear BFI_C with Linear HRZ_IND;

SUMMARY OF ANALYSIS

Number of groups                                                 1
Number of observations                                         276

Number of dependent variables                                    8
Number of independent variables                                  0
Number of continuous latent variables                           12

Observed dependent variables

  Continuous
   ABFI_C      BBFI_C      CBFI_C      DBFI_C      AHRZ_IND    BHRZ_IND
   CHRZ_IND    DHRZ_IND

Continuous latent variables
   P1          P2          P3          P4          V1          V2
   V3          V4          I_BFI_C     S_BFI_C     I_HRZ_IN    S_HRZ_IN

Variables with special functions

  Time scores
   A1          A2          A3          A4


Estimator                                                      MLR
Information matrix                                        OBSERVED
Maximum number of iterations                                   100
Convergence criterion                                    0.100D-05
Maximum number of EM iterations                                500
Convergence criteria for the EM algorithm
  Loglikelihood change                                   0.100D-02
  Relative loglikelihood change                          0.100D-05
  Derivative                                             0.100D-03
Minimum variance                                         0.100D-03
Maximum number of steepest descent iterations                   20
Maximum number of iterations for H1                           2000
Convergence criterion for H1                             0.100D-03
Optimization algorithm                                         EMA

Input data file(s)
  /Users/johnflournoy/code/lnt_pxvx/Data/LT_227.txt
Input data format  FREE


SUMMARY OF DATA

     Number of missing data patterns            15


SUMMARY OF MISSING DATA PATTERNS


     MISSING DATA PATTERNS (x = not missing)

           1  2  3  4  5  6  7  8  9 10 11 12 13 14 15
 ABFI_C    x  x  x  x  x  x  x  x  x  x  x  x  x  x  x
 BBFI_C    x  x     x        x  x     x  x        x  x
 CBFI_C    x  x  x                 x  x     x        x
 DBFI_C    x     x        x  x  x  x  x  x           x
 AHRZ_IND  x  x  x  x  x  x  x  x  x  x  x  x     x  x
 BHRZ_IND  x  x     x           x     x  x
 CHRZ_IND  x  x  x                 x  x     x        x
 DHRZ_IND  x              x     x  x                 x


     MISSING DATA PATTERN FREQUENCIES

    Pattern   Frequency     Pattern   Frequency     Pattern   Frequency
          1         138           6          11          11           1
          2          10           7           1          12           4
          3           2           8          16          13           1
          4          26           9           9          14           2
          5          52          10           2          15           1


COVARIANCE COVERAGE OF DATA

Minimum covariance coverage value   0.100


     PROPORTION OF DATA PRESENT


           Covariance Coverage
              ABFI_C        BBFI_C        CBFI_C        DBFI_C        AHRZ_IND
              ________      ________      ________      ________      ________
 ABFI_C         1.000
 BBFI_C         0.714         0.714
 CBFI_C         0.601         0.547         0.601
 DBFI_C         0.656         0.576         0.551         0.656
 AHRZ_IND       0.996         0.714         0.601         0.656         0.996
 BHRZ_IND       0.699         0.699         0.543         0.569         0.699
 CHRZ_IND       0.601         0.547         0.601         0.551         0.601
 DHRZ_IND       0.634         0.562         0.536         0.634         0.634


           Covariance Coverage
              BHRZ_IND      CHRZ_IND      DHRZ_IND
              ________      ________      ________
 BHRZ_IND       0.699
 CHRZ_IND       0.543         0.601
 DHRZ_IND       0.558         0.536         0.634


SAMPLE STATISTICS


     ESTIMATED SAMPLE STATISTICS


           Means
              ABFI_C        BBFI_C        CBFI_C        DBFI_C        AHRZ_IND
              ________      ________      ________      ________      ________
 1             65.133        66.353        65.869        67.377        74.077


           Means
              BHRZ_IND      CHRZ_IND      DHRZ_IND
              ________      ________      ________
 1             73.015        73.570        75.389


           Covariances
              ABFI_C        BBFI_C        CBFI_C        DBFI_C        AHRZ_IND
              ________      ________      ________      ________      ________
 ABFI_C       252.398
 BBFI_C       190.121       254.287
 CBFI_C       180.844       206.658       267.452
 DBFI_C       181.438       200.742       216.616       262.152
 AHRZ_IND      27.212         8.463         6.077         5.677       239.596
 BHRZ_IND      48.406        26.259        10.624        23.668       164.803
 CHRZ_IND      35.816        29.809        21.085        36.920       130.088
 DHRZ_IND      19.048         5.885         6.617        14.771       136.491


           Covariances
              BHRZ_IND      CHRZ_IND      DHRZ_IND
              ________      ________      ________
 BHRZ_IND     268.297
 CHRZ_IND     174.127       246.569
 DHRZ_IND     145.769       140.049       257.270


           Correlations
              ABFI_C        BBFI_C        CBFI_C        DBFI_C        AHRZ_IND
              ________      ________      ________      ________      ________
 ABFI_C         1.000
 BBFI_C         0.750         1.000
 CBFI_C         0.696         0.792         1.000
 DBFI_C         0.705         0.777         0.818         1.000
 AHRZ_IND       0.111         0.034         0.024         0.023         1.000
 BHRZ_IND       0.186         0.101         0.040         0.089         0.650
 CHRZ_IND       0.144         0.119         0.082         0.145         0.535
 DHRZ_IND       0.075         0.023         0.025         0.057         0.550


           Correlations
              BHRZ_IND      CHRZ_IND      DHRZ_IND
              ________      ________      ________
 BHRZ_IND       1.000
 CHRZ_IND       0.677         1.000
 DHRZ_IND       0.555         0.556         1.000


     MAXIMUM LOG-LIKELIHOOD VALUE FOR THE UNRESTRICTED (H1) MODEL IS -6389.870


THE MODEL ESTIMATION TERMINATED NORMALLY



MODEL FIT INFORMATION

Number of Free Parameters                       24

Loglikelihood

          H0 Value                       -6401.949
          H0 Scaling Correction Factor      1.2023
            for MLR

Information Criteria

          Akaike (AIC)                   12851.897
          Bayesian (BIC)                 12938.787
          Sample-Size Adjusted BIC       12862.687
            (n* = (n + 2) / 24)



MODEL RESULTS

                                                    Two-Tailed
                    Estimate       S.E.  Est./S.E.    P-Value

 P1       BY
    ABFI_C             1.000      0.000    999.000    999.000

 P2       BY
    BBFI_C             1.000      0.000    999.000    999.000

 P3       BY
    CBFI_C             1.000      0.000    999.000    999.000

 P4       BY
    DBFI_C             1.000      0.000    999.000    999.000

 V1       BY
    AHRZ_IND           1.000      0.000    999.000    999.000

 V2       BY
    BHRZ_IND           1.000      0.000    999.000    999.000

 V3       BY
    CHRZ_IND           1.000      0.000    999.000    999.000

 V4       BY
    DHRZ_IND           1.000      0.000    999.000    999.000

 P4         ON
    P3                 0.111      0.138      0.805      0.421
    V3                 0.015      0.073      0.203      0.839

 P3         ON
    P2                 0.111      0.138      0.805      0.421
    V2                 0.015      0.073      0.203      0.839

 P2         ON
    P1                 0.111      0.138      0.805      0.421
    V1                 0.015      0.073      0.203      0.839

 V4         ON
    V3                 0.200      0.105      1.908      0.056
    P3                 0.156      0.106      1.475      0.140

 V3         ON
    V2                 0.200      0.105      1.908      0.056
    P2                 0.156      0.106      1.475      0.140

 V2         ON
    V1                 0.200      0.105      1.908      0.056
    P1                 0.156      0.106      1.475      0.140

 S_BFI_C  WITH
    I_BFI_C            2.632      9.393      0.280      0.779
    S_HRZ_IND          0.487      2.173      0.224      0.823
    I_HRZ_IND         -4.164      6.101     -0.683      0.495

 I_BFI_C  WITH
    S_HRZ_IND         -0.127      6.792     -0.019      0.985
    I_HRZ_IND         19.654     20.312      0.968      0.333

 S_HRZ_IN WITH
    I_HRZ_IND         -5.750      8.606     -0.668      0.504

 P1       WITH
    V1                 6.790     15.748      0.431      0.666

 P2       WITH
    V2                 4.975      7.965      0.625      0.532

 P3       WITH
    V3                 4.975      7.965      0.625      0.532

 P4       WITH
    V4                 4.975      7.965      0.625      0.532

 Means
    P1                 0.000      0.000    999.000    999.000
    V1                 0.000      0.000    999.000    999.000
    I_BFI_C           65.385      0.950     68.835      0.000
    S_BFI_C            0.528      0.294      1.797      0.072
    I_HRZ_IND         73.835      0.943     78.313      0.000
    S_HRZ_IND          0.213      0.345      0.618      0.536

 Intercepts
    ABFI_C             0.000      0.000    999.000    999.000
    BBFI_C             0.000      0.000    999.000    999.000
    CBFI_C             0.000      0.000    999.000    999.000
    DBFI_C             0.000      0.000    999.000    999.000
    AHRZ_IND           0.000      0.000    999.000    999.000
    BHRZ_IND           0.000      0.000    999.000    999.000
    CHRZ_IND           0.000      0.000    999.000    999.000
    DHRZ_IND           0.000      0.000    999.000    999.000
    P2                 0.000      0.000    999.000    999.000
    P3                 0.000      0.000    999.000    999.000
    P4                 0.000      0.000    999.000    999.000
    V2                 0.000      0.000    999.000    999.000
    V3                 0.000      0.000    999.000    999.000
    V4                 0.000      0.000    999.000    999.000

 Variances
    P1                82.091     32.002      2.565      0.010
    V1                95.163     23.764      4.004      0.000
    I_BFI_C          176.228     30.888      5.705      0.000
    S_BFI_C            2.525      4.068      0.621      0.535
    I_HRZ_IND        147.587     29.956      4.927      0.000
    S_HRZ_IND          1.847      3.272      0.564      0.572

 Residual Variances
    ABFI_C             0.000      0.000    999.000    999.000
    BBFI_C             0.000      0.000    999.000    999.000
    CBFI_C             0.000      0.000    999.000    999.000
    DBFI_C             0.000      0.000    999.000    999.000
    AHRZ_IND           0.000      0.000    999.000    999.000
    BHRZ_IND           0.000      0.000    999.000    999.000
    CHRZ_IND           0.000      0.000    999.000    999.000
    DHRZ_IND           0.000      0.000    999.000    999.000
    P2                56.103      9.592      5.849      0.000
    P3                56.103      9.592      5.849      0.000
    P4                56.103      9.592      5.849      0.000
    V2               116.669     16.578      7.037      0.000
    V3               116.669     16.578      7.037      0.000
    V4               116.669     16.578      7.037      0.000


QUALITY OF NUMERICAL RESULTS

     Condition Number for the Information Matrix              0.576E-05
       (ratio of smallest to largest eigenvalue)


     Beginning Time:  14:20:36
        Ending Time:  14:20:52
       Elapsed Time:  00:00:16



MUTHEN & MUTHEN
3463 Stoner Ave.
Los Angeles, CA  90066

Tel: (310) 391-9971
Fax: (310) 391-8971
Web: www.StatModel.com
Support: Support@StatModel.com

Copyright (c) 1998-2012 Muthen & Muthen
