Mplus VERSION 6.12
MUTHEN & MUTHEN
03/09/2016   6:27 PM

INPUT INSTRUCTIONS


  title: PxVx Univariate - Col Lin BFA_NW with MeanOnly aspfin;
  data: file = E:\Projects\lnt_pxvx\Data\LT_227.txt;



  variable:
  names =
  subjid
  Sample
  aGENDER
  aAGE
  aethnic1
  aethnic2
  aedu_mom
  aedu_dad
  aEDUCATN
  bEDUCATN
  cEDUCATN
  aEMPLOYD
  bEMPLOYD
  cEMPLOYD
  dEMPLOYD
  aINCOME
  bINCOME
  cINCOME
  dINCOME
  aS_SCALE
  bS_SCALE
  cS_SCALE
  dS_SCALE
  aD_SCALE
  bD_SCALE
  cD_SCALE
  dD_SCALE
  aS_COMP
  bS_COMP
  cS_COMP
  dS_COMP
  aD_COMP
  bD_COMP
  cD_COMP
  dD_COMP
  aBFI_A
  aBFI_A6
  aBFI_C
  aBFI_E
  aBFI_HP
  aBFI_N
  aBFI_O
  bBFI_A
  bBFI_A6
  bBFI_C
  bBFI_E
  bBFI_HP
  bBFI_N
  bBFI_O
  cBFI_A
  cBFI_A6
  cBFI_C
  cBFI_E
  cBFI_HP
  cBFI_N
  cBFI_O
  dBFI_A
  dBFI_A6
  dBFI_C
  dBFI_E
  dBFI_HP
  dBFI_N
  dBFI_O
  aBFA_AC
  aBFA_AP
  aBFA_CI
  aBFA_CO
  aBFA_EA
  aBFA_EE
  aBFA_N9
  aBFA_NV
  aBFA_NW
  aBFA_OI
  aBFA_OO
  aBFA_PS
  aBFA_MT
  bBFA_AC
  bBFA_AP
  bBFA_CI
  bBFA_CO
  bBFA_EA
  bBFA_EE
  bBFA_N9
  bBFA_NV
  bBFA_NW
  bBFA_OI
  bBFA_OO
  bBFA_MT
  bBFA_PS
  cBFA_AC
  cBFA_AP
  cBFA_CI
  cBFA_CO
  cBFA_EA
  cBFA_EE
  cBFA_N9
  cBFA_NV
  cBFA_NW
  cBFA_OI
  cBFA_OO
  cBFA_MT
  cBFA_PS
  dBFA_AC
  dBFA_AP
  dBFA_CI
  dBFA_CO
  dBFA_EA
  dBFA_EE
  dBFA_N9
  dBFA_NV
  dBFA_NW
  dBFA_OI
  dBFA_OO
  dBFA_MT
  dBFA_PS
  aUSI
  bUSI
  cUSI
  dUSI
  aHRZ_IND
  bHRZ_IND
  cHRZ_IND
  dHRZ_IND
  aVRT_IND
  bVRT_IND
  cVRT_IND
  dVRT_IND
  aHRZ_COL
  bHRZ_COL
  cHRZ_COL
  dHRZ_COL
  aVRT_COL
  bVRT_COL
  cVRT_COL
  dVRT_COL
  aCOLLCTV
  bCOLLCTV
  cCOLLCTV
  dCOLLCTV
  aMVS
  bMVS
  cMVS
  dMVS
  aST
  bST
  cST
  dST
  aSD
  bSD
  cSD
  dSD
  aMVS_mc
  bMVS_mc
  cMVS_mc
  dMVS_mc
  aST_mc
  bST_mc
  cST_mc
  dST_mc
  aSD_mc
  bSD_mc
  cSD_mc
  dSD_mc
  bMEANING
  cMEANING
  dMEANING
  bMEAN_L
  cMEAN_L
  dMEAN_L
  bMEANNGc
  cMEANNGc
  dMEANNGc
  bMEANGlc
  cMEANGlc
  dMEANGlc
  bCLASSIC
  cCLASSIC
  dCLASSIC
  bCLASSCc
  cCLASSCc
  dCLASSCc
  bAGR_VAL
  cAGR_VAL
  dAGR_VAL
  bOPN_VAL
  cOPN_VAL
  dOPN_VAL
  bAGR_VLc
  cAGR_VLc
  dAGR_VLc
  bOPNVALc
  cOPNVALc
  dOPNVALc
  aMV_pomp
  bMV_pomp
  cMV_pomp
  dMV_pomp
  aST_pomp
  bST_pomp
  cST_pomp
  dST_pomp
  aSD_pomp
  bSD_pomp
  cSD_pomp
  dSD_pomp
  agoal_ec
  bgoal_ec
  cgoal_ec
  dgoal_ec
  aAspfinc
  bAspfinc
  cAspfinc
  dAspfinc
  abfi_hp8
  bbfi_hp8
  cbfi_hp8
  dbfi_hp8
  aP_S_BFI
  aP_D_BFI
  aECgoalc
  bECgoalC
  cECgoalC
  dECgoalC
  aaspfin
  baspfin
  caspfin
  daspfin;

  USEVARIABLES =
  aBFA_NW
  bBFA_NW
  cBFA_NW
  dBFA_NW
  aaspfin
  baspfin
  caspfin
  daspfin
  bage_c
  cage_c
  dage_c
  ;

  missing = all (-9999);

  USEOBSERVATIONS are Sample == 2; ! College Sample

  tscores = bage_c cage_c dage_c;

  DEFINE:
  bage_c = aAGE + 1 - 20.5;
  cage_c = aAGE + 2 - 20.5;
  dage_c = aAGE + 3 - 20.5;

  ANALYSIS:
  TYPE=RANDOM;
  PROCESSORS = 8;

  MODEL:

  i_BFA_NW s_BFA_NW | bBFA_NW cBFA_NW dBFA_NW AT bage_c cage_c dage_c;
  i_aspfin s_aspfin | baspfin caspfin daspfin AT bage_c cage_c dage_c;


  !After Bollen and Curran initial observation is not part of LGM

  dBFA_NW on cBFA_NW (a); ! Autoregressive paths constrained to equality
  cBFA_NW on bBFA_NW (a);
  bBFA_NW on aBFA_NW (a);

  daspfin on caspfin (b); ! Autoregressive paths constrained to equality
  caspfin on baspfin (b);
  baspfin on aaspfin (b);

  bBFA_NW cBFA_NW dBFA_NW (c); !Equality constraint on residuals
  baspfin caspfin daspfin (d); !Equality constraint on residuals

  daspfin on cBFA_NW (x); ! Cross-lagged paths constrained to equality
  caspfin on bBFA_NW (x);
  baspfin on aBFA_NW (x);

  dBFA_NW on caspfin (y); ! Cross-lagged paths constrained to equality
  cBFA_NW on baspfin (y);
  bBFA_NW on aaspfin (y);

  daspfin with dBFA_NW (w); ! within-wave correlations constrained to equality
  caspfin with cBFA_NW (w);
  baspfin with bBFA_NW (w);

  aBFA_NW aaspfin i_BFA_NW i_aspfin
  s_BFA_NW
  with
  s_BFA_NW
  aBFA_NW aaspfin i_BFA_NW i_aspfin;


  s_aspfin@0;

  OUTPUT: SAMPSTAT PATTERNS;



*** WARNING in MODEL command
  All continuous latent variable covariances involving S_ASPFIN have been fixed to 0
  because the variance of S_ASPFIN is fixed at 0.
*** WARNING
  Data set contains cases with missing on all variables.
  These cases were not included in the analysis.
  Number of cases with missing on all variables:  1
   2 WARNING(S) FOUND IN THE INPUT INSTRUCTIONS



PxVx Univariate - Col Lin BFA_NW with MeanOnly aspfin;

SUMMARY OF ANALYSIS

Number of groups                                                 1
Number of observations                                         279

Number of dependent variables                                    6
Number of independent variables                                  2
Number of continuous latent variables                            4

Observed dependent variables

  Continuous
   BBFA_NW     CBFA_NW     DBFA_NW     BASPFIN     CASPFIN     DASPFIN

Observed independent variables
   ABFA_NW     AASPFIN

Continuous latent variables
   I_BFA_NW    S_BFA_NW    I_ASPFIN    S_ASPFIN

Variables with special functions

  Time scores
   BAGE_C      CAGE_C      DAGE_C


Estimator                                                      MLR
Information matrix                                        OBSERVED
Maximum number of iterations                                   100
Convergence criterion                                    0.100D-05
Maximum number of EM iterations                                500
Convergence criteria for the EM algorithm
  Loglikelihood change                                   0.100D-02
  Relative loglikelihood change                          0.100D-05
  Derivative                                             0.100D-03
Minimum variance                                         0.100D-03
Maximum number of steepest descent iterations                   20
Maximum number of iterations for H1                           2000
Convergence criterion for H1                             0.100D-03
Optimization algorithm                                         EMA

Input data file(s)
  E:\Projects\lnt_pxvx\Data\LT_227.txt
Input data format  FREE


SUMMARY OF DATA

     Number of missing data patterns            12


SUMMARY OF MISSING DATA PATTERNS


     MISSING DATA PATTERNS (x = not missing)

           1  2  3  4  5  6  7  8  9 10 11 12
 BBFA_NW   x  x     x        x  x           x
 CBFA_NW   x  x  x                 x
 DBFA_NW   x              x  x  x  x
 BASPFIN   x  x     x           x
 CASPFIN   x  x  x                 x
 DASPFIN   x              x     x  x
 ABFA_NW   x  x  x  x  x  x  x  x  x  x     x
 AASPFIN   x  x  x  x  x  x  x  x  x     x  x


     MISSING DATA PATTERN FREQUENCIES

    Pattern   Frequency     Pattern   Frequency     Pattern   Frequency
          1         140           5          52           9          11
          2          12           6          11          10           1
          3           5           7           1          11           1
          4          28           8          16          12           1


COVARIANCE COVERAGE OF DATA

Minimum covariance coverage value   0.100


     PROPORTION OF DATA PRESENT


           Covariance Coverage
              BBFA_NW       CBFA_NW       DBFA_NW       BASPFIN       CASPFIN
              ________      ________      ________      ________      ________
 BBFA_NW        0.710
 CBFA_NW        0.545         0.602
 DBFA_NW        0.563         0.541         0.642
 BASPFIN        0.703         0.545         0.559         0.703
 CASPFIN        0.545         0.602         0.541         0.545         0.602
 DASPFIN        0.559         0.541         0.638         0.559         0.541
 ABFA_NW        0.710         0.602         0.642         0.703         0.602
 AASPFIN        0.710         0.602         0.642         0.703         0.602


           Covariance Coverage
              DASPFIN       ABFA_NW       AASPFIN
              ________      ________      ________
 DASPFIN        0.638
 ABFA_NW        0.638         0.996
 AASPFIN        0.638         0.993         0.996


SAMPLE STATISTICS


     ESTIMATED SAMPLE STATISTICS


           Means
              BBFA_NW       CBFA_NW       DBFA_NW       BASPFIN       CASPFIN
              ________      ________      ________      ________      ________
 1             47.817        47.590        47.421        47.686        46.678


           Means
              DASPFIN       ABFA_NW       AASPFIN
              ________      ________      ________
 1             47.937        48.512        47.416


           Covariances
              BBFA_NW       CBFA_NW       DBFA_NW       BASPFIN       CASPFIN
              ________      ________      ________      ________      ________
 BBFA_NW      352.154
 CBFA_NW      257.145       363.753
 DBFA_NW      258.767       269.190       323.294
 BASPFIN      -20.229       -62.876       -48.339       535.201
 CASPFIN      -13.335       -21.188        -3.288       342.328       495.222
 DASPFIN       -6.441       -27.960         0.319       395.877       394.643
 ABFA_NW      241.151       222.715       219.996       -21.154         1.056
 AASPFIN       14.384       -17.890        -2.949       419.817       334.715


           Covariances
              DASPFIN       ABFA_NW       AASPFIN
              ________      ________      ________
 DASPFIN      557.302
 ABFA_NW       -5.552       334.152
 AASPFIN      357.442        19.378       540.564


           Correlations
              BBFA_NW       CBFA_NW       DBFA_NW       BASPFIN       CASPFIN
              ________      ________      ________      ________      ________
 BBFA_NW        1.000
 CBFA_NW        0.718         1.000
 DBFA_NW        0.767         0.785         1.000
 BASPFIN       -0.047        -0.143        -0.116         1.000
 CASPFIN       -0.032        -0.050        -0.008         0.665         1.000
 DASPFIN       -0.015        -0.062         0.001         0.725         0.751
 ABFA_NW        0.703         0.639         0.669        -0.050         0.003
 AASPFIN        0.033        -0.040        -0.007         0.781         0.647


           Correlations
              DASPFIN       ABFA_NW       AASPFIN
              ________      ________      ________
 DASPFIN        1.000
 ABFA_NW       -0.013         1.000
 AASPFIN        0.651         0.046         1.000


     MAXIMUM LOG-LIKELIHOOD VALUE FOR THE UNRESTRICTED (H1) MODEL IS -6826.060


THE MODEL ESTIMATION TERMINATED NORMALLY



MODEL FIT INFORMATION

Number of Free Parameters                       28

Loglikelihood

          H0 Value                       -6844.460
          H0 Scaling Correction Factor       1.060
            for MLR

Information Criteria

          Akaike (AIC)                   13744.920
          Bayesian (BIC)                 13846.594
          Sample-Size Adjusted BIC       13757.808
            (n* = (n + 2) / 24)



MODEL RESULTS

                                                    Two-Tailed
                    Estimate       S.E.  Est./S.E.    P-Value

 DBFA_NW    ON
    CBFA_NW            0.090      0.075      1.211      0.226
    CASPFIN            0.041      0.071      0.578      0.563

 CBFA_NW    ON
    BBFA_NW            0.090      0.075      1.211      0.226
    BASPFIN            0.041      0.071      0.578      0.563

 BBFA_NW    ON
    ABFA_NW            0.090      0.075      1.211      0.226
    AASPFIN            0.041      0.071      0.578      0.563

 DASPFIN    ON
    CASPFIN            0.209      0.068      3.069      0.002
    CBFA_NW            0.008      0.063      0.128      0.898

 CASPFIN    ON
    BASPFIN            0.209      0.068      3.069      0.002
    BBFA_NW            0.008      0.063      0.128      0.898

 BASPFIN    ON
    AASPFIN            0.209      0.068      3.069      0.002
    ABFA_NW            0.008      0.063      0.128      0.898

 S_BFA_NW WITH
    I_BFA_NW          -6.874      8.564     -0.803      0.422

 I_ASPFIN WITH
    I_BFA_NW         -33.780     41.710     -0.810      0.418
    S_BFA_NW          -2.242      8.829     -0.254      0.799

 ABFA_NW  WITH
    I_BFA_NW         203.191     40.812      4.979      0.000
    S_BFA_NW           1.326     10.326      0.128      0.898
    I_ASPFIN         -11.754     27.634     -0.425      0.671

 AASPFIN  WITH
    I_BFA_NW         -19.334     52.849     -0.366      0.714
    S_BFA_NW          -0.541     13.515     -0.040      0.968
    I_ASPFIN         279.659     42.265      6.617      0.000

 DASPFIN  WITH
    DBFA_NW           16.109      8.924      1.805      0.071

 CASPFIN  WITH
    CBFA_NW           16.109      8.924      1.805      0.071

 BASPFIN  WITH
    BBFA_NW           16.109      8.924      1.805      0.071

 AASPFIN  WITH
    ABFA_NW           19.378     26.407      0.734      0.463

 Means
    ABFA_NW           48.508      1.091     44.446      0.000
    AASPFIN           47.415      1.411     33.596      0.000
    I_BFA_NW          41.883      3.237     12.938      0.000
    S_BFA_NW          -0.271      0.471     -0.575      0.565
    I_ASPFIN          39.444      4.208      9.373      0.000
    S_ASPFIN          -1.138      0.647     -1.759      0.079

 Intercepts
    BBFA_NW            0.000      0.000    999.000    999.000
    CBFA_NW            0.000      0.000    999.000    999.000
    DBFA_NW            0.000      0.000    999.000    999.000
    BASPFIN            0.000      0.000    999.000    999.000
    CASPFIN            0.000      0.000    999.000    999.000
    DASPFIN            0.000      0.000    999.000    999.000

 Variances
    ABFA_NW          334.152     27.031     12.362      0.000
    AASPFIN          540.563     37.583     14.383      0.000
    I_BFA_NW         238.150     55.900      4.260      0.000
    S_BFA_NW           1.516      2.207      0.687      0.492
    I_ASPFIN         220.086     52.159      4.220      0.000
    S_ASPFIN           0.000      0.000    999.000    999.000

 Residual Variances
    BBFA_NW           88.504      9.613      9.206      0.000
    CBFA_NW           88.504      9.613      9.206      0.000
    DBFA_NW           88.504      9.613      9.206      0.000
    BASPFIN          170.356     18.915      9.006      0.000
    CASPFIN          170.356     18.915      9.006      0.000
    DASPFIN          170.356     18.915      9.006      0.000


QUALITY OF NUMERICAL RESULTS

     Condition Number for the Information Matrix              0.403E-06
       (ratio of smallest to largest eigenvalue)


     Beginning Time:  18:27:36
        Ending Time:  18:27:43
       Elapsed Time:  00:00:07



MUTHEN & MUTHEN
3463 Stoner Ave.
Los Angeles, CA  90066

Tel: (310) 391-9971
Fax: (310) 391-8971
Web: www.StatModel.com
Support: Support@StatModel.com

Copyright (c) 1998-2011 Muthen & Muthen
