Mplus VERSION 6.12
MUTHEN & MUTHEN
03/21/2016  11:35 AM

INPUT INSTRUCTIONS


  title: PxVx Univariate - Col MeanOnly BFA_NW with Lin aspfin;
  data: file = E:\Projects\lnt_pxvx\Data\LT_227.txt;



  variable:
  names =
  subjid
  Sample
  aGENDER
  aAGE
  aethnic1
  aethnic2
  aedu_mom
  aedu_dad
  aEDUCATN
  bEDUCATN
  cEDUCATN
  aEMPLOYD
  bEMPLOYD
  cEMPLOYD
  dEMPLOYD
  aINCOME
  bINCOME
  cINCOME
  dINCOME
  aS_SCALE
  bS_SCALE
  cS_SCALE
  dS_SCALE
  aD_SCALE
  bD_SCALE
  cD_SCALE
  dD_SCALE
  aS_COMP
  bS_COMP
  cS_COMP
  dS_COMP
  aD_COMP
  bD_COMP
  cD_COMP
  dD_COMP
  aBFI_A
  aBFI_A6
  aBFI_C
  aBFI_E
  aBFI_HP
  aBFI_N
  aBFI_O
  bBFI_A
  bBFI_A6
  bBFI_C
  bBFI_E
  bBFI_HP
  bBFI_N
  bBFI_O
  cBFI_A
  cBFI_A6
  cBFI_C
  cBFI_E
  cBFI_HP
  cBFI_N
  cBFI_O
  dBFI_A
  dBFI_A6
  dBFI_C
  dBFI_E
  dBFI_HP
  dBFI_N
  dBFI_O
  aBFA_AC
  aBFA_AP
  aBFA_CI
  aBFA_CO
  aBFA_EA
  aBFA_EE
  aBFA_N9
  aBFA_NV
  aBFA_NW
  aBFA_OI
  aBFA_OO
  aBFA_PS
  aBFA_MT
  bBFA_AC
  bBFA_AP
  bBFA_CI
  bBFA_CO
  bBFA_EA
  bBFA_EE
  bBFA_N9
  bBFA_NV
  bBFA_NW
  bBFA_OI
  bBFA_OO
  bBFA_MT
  bBFA_PS
  cBFA_AC
  cBFA_AP
  cBFA_CI
  cBFA_CO
  cBFA_EA
  cBFA_EE
  cBFA_N9
  cBFA_NV
  cBFA_NW
  cBFA_OI
  cBFA_OO
  cBFA_MT
  cBFA_PS
  dBFA_AC
  dBFA_AP
  dBFA_CI
  dBFA_CO
  dBFA_EA
  dBFA_EE
  dBFA_N9
  dBFA_NV
  dBFA_NW
  dBFA_OI
  dBFA_OO
  dBFA_MT
  dBFA_PS
  aUSI
  bUSI
  cUSI
  dUSI
  aHRZ_IND
  bHRZ_IND
  cHRZ_IND
  dHRZ_IND
  aVRT_IND
  bVRT_IND
  cVRT_IND
  dVRT_IND
  aHRZ_COL
  bHRZ_COL
  cHRZ_COL
  dHRZ_COL
  aVRT_COL
  bVRT_COL
  cVRT_COL
  dVRT_COL
  aCOLLCTV
  bCOLLCTV
  cCOLLCTV
  dCOLLCTV
  aMVS
  bMVS
  cMVS
  dMVS
  aST
  bST
  cST
  dST
  aSD
  bSD
  cSD
  dSD
  aMVS_mc
  bMVS_mc
  cMVS_mc
  dMVS_mc
  aST_mc
  bST_mc
  cST_mc
  dST_mc
  aSD_mc
  bSD_mc
  cSD_mc
  dSD_mc
  bMEANING
  cMEANING
  dMEANING
  bMEAN_L
  cMEAN_L
  dMEAN_L
  bMEANNGc
  cMEANNGc
  dMEANNGc
  bMEANGlc
  cMEANGlc
  dMEANGlc
  bCLASSIC
  cCLASSIC
  dCLASSIC
  bCLASSCc
  cCLASSCc
  dCLASSCc
  bAGR_VAL
  cAGR_VAL
  dAGR_VAL
  bOPN_VAL
  cOPN_VAL
  dOPN_VAL
  bAGR_VLc
  cAGR_VLc
  dAGR_VLc
  bOPNVALc
  cOPNVALc
  dOPNVALc
  aMV_pomp
  bMV_pomp
  cMV_pomp
  dMV_pomp
  aST_pomp
  bST_pomp
  cST_pomp
  dST_pomp
  aSD_pomp
  bSD_pomp
  cSD_pomp
  dSD_pomp
  agoal_ec
  bgoal_ec
  cgoal_ec
  dgoal_ec
  aAspfinc
  bAspfinc
  cAspfinc
  dAspfinc
  abfi_hp8
  bbfi_hp8
  cbfi_hp8
  dbfi_hp8
  aP_S_BFI
  aP_D_BFI
  aECgoalc
  bECgoalC
  cECgoalC
  dECgoalC
  aaspfin
  baspfin
  caspfin
  daspfin
  aMVI_POMP
  bMVI_POMP
  cMVI_POMP
  dMVI_POMP;

  USEVARIABLES =
  aBFA_NW
  bBFA_NW
  cBFA_NW
  dBFA_NW
  aaspfin
  baspfin
  caspfin
  daspfin
  bage_c
  cage_c
  dage_c
  ;

  missing = all (-9999);

  USEOBSERVATIONS are Sample == 2; ! College Sample

  tscores = bage_c cage_c dage_c;

  DEFINE:
  bage_c = aAGE + 1 - 20.5;
  cage_c = aAGE + 2 - 20.5;
  dage_c = aAGE + 3 - 20.5;

  ANALYSIS:
  TYPE=RANDOM;
  PROCESSORS = 8;

  MODEL:

  i_BFA_NW s_BFA_NW | bBFA_NW cBFA_NW dBFA_NW AT bage_c cage_c dage_c;
  i_aspfin s_aspfin | baspfin caspfin daspfin AT bage_c cage_c dage_c;


  !After Bollen and Curran initial observation is not part of LGM

  dBFA_NW on cBFA_NW (a); ! Autoregressive paths constrained to equality
  cBFA_NW on bBFA_NW (a);
  bBFA_NW on aBFA_NW (a);

  daspfin on caspfin (b); ! Autoregressive paths constrained to equality
  caspfin on baspfin (b);
  baspfin on aaspfin (b);

  bBFA_NW cBFA_NW dBFA_NW (c); !Equality constraint on residuals
  baspfin caspfin daspfin (d); !Equality constraint on residuals

  daspfin on cBFA_NW (x); ! Cross-lagged paths constrained to equality
  caspfin on bBFA_NW (x);
  baspfin on aBFA_NW (x);

  dBFA_NW on caspfin (y); ! Cross-lagged paths constrained to equality
  cBFA_NW on baspfin (y);
  bBFA_NW on aaspfin (y);

  daspfin with dBFA_NW (w); ! within-wave correlations constrained to equality
  caspfin with cBFA_NW (w);
  baspfin with bBFA_NW (w);

  aBFA_NW aaspfin i_BFA_NW i_aspfin
  s_aspfin
  with
  s_aspfin
  aBFA_NW aaspfin i_BFA_NW i_aspfin;

  s_BFA_NW@0;


  OUTPUT: SAMPSTAT PATTERNS;



*** WARNING
  Variable name contains more than 8 characters.
  Only the first 8 characters will be printed in the output.
  Variable: AMVI_POMP
*** WARNING
  Variable name contains more than 8 characters.
  Only the first 8 characters will be printed in the output.
  Variable: BMVI_POMP
*** WARNING
  Variable name contains more than 8 characters.
  Only the first 8 characters will be printed in the output.
  Variable: CMVI_POMP
*** WARNING
  Variable name contains more than 8 characters.
  Only the first 8 characters will be printed in the output.
  Variable: DMVI_POMP
*** WARNING in MODEL command
  All continuous latent variable covariances involving S_BFA_NW have been fixed to 0
  because the variance of S_BFA_NW is fixed at 0.
*** WARNING
  Data set contains cases with missing on all variables.
  These cases were not included in the analysis.
  Number of cases with missing on all variables:  1
*** WARNING
  Data set contains cases with missing on time scores but non-missing on the
  corresponding dependent variables.  These cases were not included in the analysis.
  Number of such cases:  2
   7 WARNING(S) FOUND IN THE INPUT INSTRUCTIONS



PxVx Univariate - Col MeanOnly BFA_NW with Lin aspfin;

SUMMARY OF ANALYSIS

Number of groups                                                 1
Number of observations                                         277

Number of dependent variables                                    6
Number of independent variables                                  2
Number of continuous latent variables                            4

Observed dependent variables

  Continuous
   BBFA_NW     CBFA_NW     DBFA_NW     BASPFIN     CASPFIN     DASPFIN

Observed independent variables
   ABFA_NW     AASPFIN

Continuous latent variables
   I_BFA_NW    S_BFA_NW    I_ASPFIN    S_ASPFIN

Variables with special functions

  Time scores
   BAGE_C      CAGE_C      DAGE_C


Estimator                                                      MLR
Information matrix                                        OBSERVED
Maximum number of iterations                                   100
Convergence criterion                                    0.100D-05
Maximum number of EM iterations                                500
Convergence criteria for the EM algorithm
  Loglikelihood change                                   0.100D-02
  Relative loglikelihood change                          0.100D-05
  Derivative                                             0.100D-03
Minimum variance                                         0.100D-03
Maximum number of steepest descent iterations                   20
Maximum number of iterations for H1                           2000
Convergence criterion for H1                             0.100D-03
Optimization algorithm                                         EMA

Input data file(s)
  E:\Projects\lnt_pxvx\Data\LT_227.txt
Input data format  FREE


SUMMARY OF DATA

     Number of missing data patterns            12


SUMMARY OF MISSING DATA PATTERNS


     MISSING DATA PATTERNS (x = not missing)

           1  2  3  4  5  6  7  8  9 10 11 12
 BBFA_NW   x  x     x        x  x           x
 CBFA_NW   x  x  x                 x
 DBFA_NW   x              x  x  x  x
 BASPFIN   x  x     x           x
 CASPFIN   x  x  x                 x
 DASPFIN   x              x     x  x
 ABFA_NW   x  x  x  x  x  x  x  x  x  x     x
 AASPFIN   x  x  x  x  x  x  x  x  x     x  x


     MISSING DATA PATTERN FREQUENCIES

    Pattern   Frequency     Pattern   Frequency     Pattern   Frequency
          1         138           5          52           9          11
          2          12           6          11          10           1
          3           5           7           1          11           1
          4          28           8          16          12           1


COVARIANCE COVERAGE OF DATA

Minimum covariance coverage value   0.100


     PROPORTION OF DATA PRESENT


           Covariance Coverage
              BBFA_NW       CBFA_NW       DBFA_NW       BASPFIN       CASPFIN
              ________      ________      ________      ________      ________
 BBFA_NW        0.708
 CBFA_NW        0.542         0.599
 DBFA_NW        0.560         0.538         0.639
 BASPFIN        0.700         0.542         0.556         0.700
 CASPFIN        0.542         0.599         0.538         0.542         0.599
 DASPFIN        0.556         0.538         0.635         0.556         0.538
 ABFA_NW        0.708         0.599         0.639         0.700         0.599
 AASPFIN        0.708         0.599         0.639         0.700         0.599


           Covariance Coverage
              DASPFIN       ABFA_NW       AASPFIN
              ________      ________      ________
 DASPFIN        0.635
 ABFA_NW        0.635         0.996
 AASPFIN        0.635         0.993         0.996


SAMPLE STATISTICS


     ESTIMATED SAMPLE STATISTICS


           Means
              BBFA_NW       CBFA_NW       DBFA_NW       BASPFIN       CASPFIN
              ________      ________      ________      ________      ________
 1             47.654        47.321        47.057        47.689        46.526


           Means
              DASPFIN       ABFA_NW       AASPFIN
              ________      ________      ________
 1             48.046        48.422        47.361


           Covariances
              BBFA_NW       CBFA_NW       DBFA_NW       BASPFIN       CASPFIN
              ________      ________      ________      ________      ________
 BBFA_NW      350.857
 CBFA_NW      252.835       358.551
 DBFA_NW      252.888       260.179       310.786
 BASPFIN      -19.384       -64.095       -51.404       538.163
 CASPFIN      -15.180       -26.068       -11.920       340.546       490.055
 DASPFIN       -1.669       -25.075         0.509       392.818       387.925
 ABFA_NW      241.512       221.129       215.457       -24.435        -6.391
 AASPFIN       15.136       -19.744        -8.452       418.511       327.611


           Covariances
              DASPFIN       ABFA_NW       AASPFIN
              ________      ________      ________
 DASPFIN      545.128
 ABFA_NW      -12.145       332.043
 AASPFIN      347.829        13.293       535.186


           Correlations
              BBFA_NW       CBFA_NW       DBFA_NW       BASPFIN       CASPFIN
              ________      ________      ________      ________      ________
 BBFA_NW        1.000
 CBFA_NW        0.713         1.000
 DBFA_NW        0.766         0.779         1.000
 BASPFIN       -0.045        -0.146        -0.126         1.000
 CASPFIN       -0.037        -0.062        -0.031         0.663         1.000
 DASPFIN       -0.004        -0.057         0.001         0.725         0.751
 ABFA_NW        0.708         0.641         0.671        -0.058        -0.016
 AASPFIN        0.035        -0.045        -0.021         0.780         0.640


           Correlations
              DASPFIN       ABFA_NW       AASPFIN
              ________      ________      ________
 DASPFIN        1.000
 ABFA_NW       -0.029         1.000
 AASPFIN        0.644         0.032         1.000


     MAXIMUM LOG-LIKELIHOOD VALUE FOR THE UNRESTRICTED (H1) MODEL IS -6752.770


THE MODEL ESTIMATION TERMINATED NORMALLY



MODEL FIT INFORMATION

Number of Free Parameters                       28

Loglikelihood

          H0 Value                       -6763.753
          H0 Scaling Correction Factor       1.029
            for MLR

Information Criteria

          Akaike (AIC)                   13583.507
          Bayesian (BIC)                 13684.979
          Sample-Size Adjusted BIC       13596.195
            (n* = (n + 2) / 24)



MODEL RESULTS

                                                    Two-Tailed
                    Estimate       S.E.  Est./S.E.    P-Value

 DBFA_NW    ON
    CBFA_NW            0.057      0.057      0.990      0.322
    CASPFIN            0.038      0.056      0.681      0.496

 CBFA_NW    ON
    BBFA_NW            0.057      0.057      0.990      0.322
    BASPFIN            0.038      0.056      0.681      0.496

 BBFA_NW    ON
    ABFA_NW            0.057      0.057      0.990      0.322
    AASPFIN            0.038      0.056      0.681      0.496

 DASPFIN    ON
    CASPFIN           -0.043      0.075     -0.578      0.563
    CBFA_NW            0.050      0.072      0.690      0.490

 CASPFIN    ON
    BASPFIN           -0.043      0.075     -0.578      0.563
    BBFA_NW            0.050      0.072      0.690      0.490

 BASPFIN    ON
    AASPFIN           -0.043      0.075     -0.578      0.563
    ABFA_NW            0.050      0.072      0.690      0.490

 I_ASPFIN WITH
    I_BFA_NW         -82.821     49.603     -1.670      0.095

 S_ASPFIN WITH
    I_BFA_NW          12.451      9.528      1.307      0.191
    I_ASPFIN         -30.918     17.697     -1.747      0.081

 ABFA_NW  WITH
    I_BFA_NW         212.464     28.517      7.450      0.000
    I_ASPFIN         -53.027     40.757     -1.301      0.193
    S_ASPFIN          11.846     10.964      1.080      0.280

 AASPFIN  WITH
    I_BFA_NW         -20.779     36.519     -0.569      0.569
    I_ASPFIN         465.915     63.768      7.306      0.000
    S_ASPFIN         -41.870     15.873     -2.638      0.008

 DASPFIN  WITH
    DBFA_NW           15.164      7.277      2.084      0.037

 CASPFIN  WITH
    CBFA_NW           15.164      7.277      2.084      0.037

 BASPFIN  WITH
    BBFA_NW           15.164      7.277      2.084      0.037

 AASPFIN  WITH
    ABFA_NW           13.292     26.056      0.510      0.610

 Means
    ABFA_NW           48.420      1.095     44.229      0.000
    AASPFIN           47.360      1.401     33.801      0.000
    I_BFA_NW          43.129      4.229     10.198      0.000
    S_BFA_NW          -0.157      0.458     -0.343      0.732
    I_ASPFIN          46.952      5.186      9.054      0.000
    S_ASPFIN           0.020      0.634      0.032      0.974

 Intercepts
    BBFA_NW            0.000      0.000    999.000    999.000
    CBFA_NW            0.000      0.000    999.000    999.000
    DBFA_NW            0.000      0.000    999.000    999.000
    BASPFIN            0.000      0.000    999.000    999.000
    CASPFIN            0.000      0.000    999.000    999.000
    DASPFIN            0.000      0.000    999.000    999.000

 Variances
    ABFA_NW          332.043     27.056     12.273      0.000
    AASPFIN          535.186     37.644     14.217      0.000
    I_BFA_NW         228.381     41.049      5.564      0.000
    S_BFA_NW           0.000      0.000    999.000    999.000
    I_ASPFIN         472.829     95.352      4.959      0.000
    S_ASPFIN          14.674      6.486      2.262      0.024

 Residual Variances
    BBFA_NW           87.456      8.996      9.721      0.000
    CBFA_NW           87.456      8.996      9.721      0.000
    DBFA_NW           87.456      8.996      9.721      0.000
    BASPFIN          133.336     14.454      9.225      0.000
    CASPFIN          133.336     14.454      9.225      0.000
    DASPFIN          133.336     14.454      9.225      0.000


QUALITY OF NUMERICAL RESULTS

     Condition Number for the Information Matrix              0.451E-05
       (ratio of smallest to largest eigenvalue)


     Beginning Time:  11:35:49
        Ending Time:  11:35:52
       Elapsed Time:  00:00:03



MUTHEN & MUTHEN
3463 Stoner Ave.
Los Angeles, CA  90066

Tel: (310) 391-9971
Fax: (310) 391-8971
Web: www.StatModel.com
Support: Support@StatModel.com

Copyright (c) 1998-2011 Muthen & Muthen
