Mplus VERSION 6.12
MUTHEN & MUTHEN
03/09/2016   6:27 PM

INPUT INSTRUCTIONS


  title: PxVx Univariate - Col MeanOnly BFA_NV with Lin VRT_COL;
  data: file = E:\Projects\lnt_pxvx\Data\LT_227.txt;



  variable:
  names =
  subjid
  Sample
  aGENDER
  aAGE
  aethnic1
  aethnic2
  aedu_mom
  aedu_dad
  aEDUCATN
  bEDUCATN
  cEDUCATN
  aEMPLOYD
  bEMPLOYD
  cEMPLOYD
  dEMPLOYD
  aINCOME
  bINCOME
  cINCOME
  dINCOME
  aS_SCALE
  bS_SCALE
  cS_SCALE
  dS_SCALE
  aD_SCALE
  bD_SCALE
  cD_SCALE
  dD_SCALE
  aS_COMP
  bS_COMP
  cS_COMP
  dS_COMP
  aD_COMP
  bD_COMP
  cD_COMP
  dD_COMP
  aBFI_A
  aBFI_A6
  aBFI_C
  aBFI_E
  aBFI_HP
  aBFI_N
  aBFI_O
  bBFI_A
  bBFI_A6
  bBFI_C
  bBFI_E
  bBFI_HP
  bBFI_N
  bBFI_O
  cBFI_A
  cBFI_A6
  cBFI_C
  cBFI_E
  cBFI_HP
  cBFI_N
  cBFI_O
  dBFI_A
  dBFI_A6
  dBFI_C
  dBFI_E
  dBFI_HP
  dBFI_N
  dBFI_O
  aBFA_AC
  aBFA_AP
  aBFA_CI
  aBFA_CO
  aBFA_EA
  aBFA_EE
  aBFA_N9
  aBFA_NV
  aBFA_NW
  aBFA_OI
  aBFA_OO
  aBFA_PS
  aBFA_MT
  bBFA_AC
  bBFA_AP
  bBFA_CI
  bBFA_CO
  bBFA_EA
  bBFA_EE
  bBFA_N9
  bBFA_NV
  bBFA_NW
  bBFA_OI
  bBFA_OO
  bBFA_MT
  bBFA_PS
  cBFA_AC
  cBFA_AP
  cBFA_CI
  cBFA_CO
  cBFA_EA
  cBFA_EE
  cBFA_N9
  cBFA_NV
  cBFA_NW
  cBFA_OI
  cBFA_OO
  cBFA_MT
  cBFA_PS
  dBFA_AC
  dBFA_AP
  dBFA_CI
  dBFA_CO
  dBFA_EA
  dBFA_EE
  dBFA_N9
  dBFA_NV
  dBFA_NW
  dBFA_OI
  dBFA_OO
  dBFA_MT
  dBFA_PS
  aUSI
  bUSI
  cUSI
  dUSI
  aHRZ_IND
  bHRZ_IND
  cHRZ_IND
  dHRZ_IND
  aVRT_IND
  bVRT_IND
  cVRT_IND
  dVRT_IND
  aHRZ_COL
  bHRZ_COL
  cHRZ_COL
  dHRZ_COL
  aVRT_COL
  bVRT_COL
  cVRT_COL
  dVRT_COL
  aCOLLCTV
  bCOLLCTV
  cCOLLCTV
  dCOLLCTV
  aMVS
  bMVS
  cMVS
  dMVS
  aST
  bST
  cST
  dST
  aSD
  bSD
  cSD
  dSD
  aMVS_mc
  bMVS_mc
  cMVS_mc
  dMVS_mc
  aST_mc
  bST_mc
  cST_mc
  dST_mc
  aSD_mc
  bSD_mc
  cSD_mc
  dSD_mc
  bMEANING
  cMEANING
  dMEANING
  bMEAN_L
  cMEAN_L
  dMEAN_L
  bMEANNGc
  cMEANNGc
  dMEANNGc
  bMEANGlc
  cMEANGlc
  dMEANGlc
  bCLASSIC
  cCLASSIC
  dCLASSIC
  bCLASSCc
  cCLASSCc
  dCLASSCc
  bAGR_VAL
  cAGR_VAL
  dAGR_VAL
  bOPN_VAL
  cOPN_VAL
  dOPN_VAL
  bAGR_VLc
  cAGR_VLc
  dAGR_VLc
  bOPNVALc
  cOPNVALc
  dOPNVALc
  aMV_pomp
  bMV_pomp
  cMV_pomp
  dMV_pomp
  aST_pomp
  bST_pomp
  cST_pomp
  dST_pomp
  aSD_pomp
  bSD_pomp
  cSD_pomp
  dSD_pomp
  agoal_ec
  bgoal_ec
  cgoal_ec
  dgoal_ec
  aAspfinc
  bAspfinc
  cAspfinc
  dAspfinc
  abfi_hp8
  bbfi_hp8
  cbfi_hp8
  dbfi_hp8
  aP_S_BFI
  aP_D_BFI
  aECgoalc
  bECgoalC
  cECgoalC
  dECgoalC
  aaspfin
  baspfin
  caspfin
  daspfin;

  USEVARIABLES =
  aBFA_NV
  bBFA_NV
  cBFA_NV
  dBFA_NV
  aVRT_COL
  bVRT_COL
  cVRT_COL
  dVRT_COL
  bage_c
  cage_c
  dage_c
  ;

  missing = all (-9999);

  USEOBSERVATIONS are Sample == 2; ! College Sample

  tscores = bage_c cage_c dage_c;

  DEFINE:
  bage_c = aAGE + 1 - 20.5;
  cage_c = aAGE + 2 - 20.5;
  dage_c = aAGE + 3 - 20.5;

  ANALYSIS:
  TYPE=RANDOM;
  PROCESSORS = 8;

  MODEL:

  i_BFA_NV s_BFA_NV | bBFA_NV cBFA_NV dBFA_NV AT bage_c cage_c dage_c;
  i_VRT_COL s_VRT_COL | bVRT_COL cVRT_COL dVRT_COL AT bage_c cage_c dage_c;


  !After Bollen and Curran initial observation is not part of LGM

  dBFA_NV on cBFA_NV (a); ! Autoregressive paths constrained to equality
  cBFA_NV on bBFA_NV (a);
  bBFA_NV on aBFA_NV (a);

  dVRT_COL on cVRT_COL (b); ! Autoregressive paths constrained to equality
  cVRT_COL on bVRT_COL (b);
  bVRT_COL on aVRT_COL (b);

  bBFA_NV cBFA_NV dBFA_NV (c); !Equality constraint on residuals
  bVRT_COL cVRT_COL dVRT_COL (d); !Equality constraint on residuals

  dVRT_COL on cBFA_NV (x); ! Cross-lagged paths constrained to equality
  cVRT_COL on bBFA_NV (x);
  bVRT_COL on aBFA_NV (x);

  dBFA_NV on cVRT_COL (y); ! Cross-lagged paths constrained to equality
  cBFA_NV on bVRT_COL (y);
  bBFA_NV on aVRT_COL (y);

  dVRT_COL with dBFA_NV (w); ! within-wave correlations constrained to equality
  cVRT_COL with cBFA_NV (w);
  bVRT_COL with bBFA_NV (w);

  aBFA_NV aVRT_COL i_BFA_NV i_VRT_COL
  s_VRT_COL
  with
  s_VRT_COL
  aBFA_NV aVRT_COL i_BFA_NV i_VRT_COL;

  s_BFA_NV@0;


  OUTPUT: SAMPSTAT PATTERNS;



*** WARNING
  Variable name contains more than 8 characters.
  Only the first 8 characters will be printed in the output.
  Variable: I_VRT_COL
*** WARNING
  Variable name contains more than 8 characters.
  Only the first 8 characters will be printed in the output.
  Variable: S_VRT_COL
*** WARNING in MODEL command
  All continuous latent variable covariances involving S_BFA_NV have been fixed to 0
  because the variance of S_BFA_NV is fixed at 0.
*** WARNING
  Data set contains cases with missing on all variables.
  These cases were not included in the analysis.
  Number of cases with missing on all variables:  1
   4 WARNING(S) FOUND IN THE INPUT INSTRUCTIONS



PxVx Univariate - Col MeanOnly BFA_NV with Lin VRT_COL;

SUMMARY OF ANALYSIS

Number of groups                                                 1
Number of observations                                         279

Number of dependent variables                                    6
Number of independent variables                                  2
Number of continuous latent variables                            4

Observed dependent variables

  Continuous
   BBFA_NV     CBFA_NV     DBFA_NV     BVRT_COL    CVRT_COL    DVRT_COL

Observed independent variables
   ABFA_NV     AVRT_COL

Continuous latent variables
   I_BFA_NV    S_BFA_NV    I_VRT_CO    S_VRT_CO

Variables with special functions

  Time scores
   BAGE_C      CAGE_C      DAGE_C


Estimator                                                      MLR
Information matrix                                        OBSERVED
Maximum number of iterations                                   100
Convergence criterion                                    0.100D-05
Maximum number of EM iterations                                500
Convergence criteria for the EM algorithm
  Loglikelihood change                                   0.100D-02
  Relative loglikelihood change                          0.100D-05
  Derivative                                             0.100D-03
Minimum variance                                         0.100D-03
Maximum number of steepest descent iterations                   20
Maximum number of iterations for H1                           2000
Convergence criterion for H1                             0.100D-03
Optimization algorithm                                         EMA

Input data file(s)
  E:\Projects\lnt_pxvx\Data\LT_227.txt
Input data format  FREE


SUMMARY OF DATA

     Number of missing data patterns            12


SUMMARY OF MISSING DATA PATTERNS


     MISSING DATA PATTERNS (x = not missing)

           1  2  3  4  5  6  7  8  9 10 11 12
 BBFA_NV   x  x     x        x  x        x  x
 CBFA_NV   x  x  x                 x        x
 DBFA_NV   x  x  x        x  x  x  x        x
 BVRT_COL  x  x     x           x
 CVRT_COL  x  x  x                 x        x
 DVRT_COL  x              x     x  x        x
 ABFA_NV   x  x  x  x  x  x  x  x  x  x  x  x
 AVRT_COL  x  x  x  x  x  x  x  x  x     x  x


     MISSING DATA PATTERN FREQUENCIES

    Pattern   Frequency     Pattern   Frequency     Pattern   Frequency
          1         140           5          52           9           9
          2          12           6          11          10           2
          3           6           7           1          11           2
          4          27           8          16          12           1


COVARIANCE COVERAGE OF DATA

Minimum covariance coverage value   0.100


     PROPORTION OF DATA PRESENT


           Covariance Coverage
              BBFA_NV       CBFA_NV       DBFA_NV       BVRT_COL      CVRT_COL
              ________      ________      ________      ________      ________
 BBFA_NV        0.713
 CBFA_NV        0.548         0.602
 DBFA_NV        0.609         0.602         0.703
 BVRT_COL       0.699         0.545         0.602         0.699
 CVRT_COL       0.548         0.602         0.602         0.545         0.602
 DVRT_COL       0.563         0.538         0.634         0.559         0.538
 ABFA_NV        0.713         0.602         0.703         0.699         0.602
 AVRT_COL       0.713         0.602         0.703         0.699         0.602


           Covariance Coverage
              DVRT_COL      ABFA_NV       AVRT_COL
              ________      ________      ________
 DVRT_COL       0.634
 ABFA_NV        0.634         1.000
 AVRT_COL       0.634         0.993         0.993


SAMPLE STATISTICS


     ESTIMATED SAMPLE STATISTICS


           Means
              BBFA_NV       CBFA_NV       DBFA_NV       BVRT_COL      CVRT_COL
              ________      ________      ________      ________      ________
 1             43.138        42.394        41.698        66.487        64.141


           Means
              DVRT_COL      ABFA_NV       AVRT_COL
              ________      ________      ________
 1             64.678        43.268        67.095


           Covariances
              BBFA_NV       CBFA_NV       DBFA_NV       BVRT_COL      CVRT_COL
              ________      ________      ________      ________      ________
 BBFA_NV      392.074
 CBFA_NV      273.187       413.571
 DBFA_NV      271.159       317.299       433.241
 BVRT_COL      -5.735         5.866        -6.803       314.067
 CVRT_COL     -24.304        -8.747       -20.861       182.181       299.031
 DVRT_COL      -0.271        13.353        -9.412       202.288       201.146
 ABFA_NV      303.861       247.091       266.849         0.375       -23.527
 AVRT_COL       1.148        -1.947        -7.426       202.239       182.559


           Covariances
              DVRT_COL      ABFA_NV       AVRT_COL
              ________      ________      ________
 DVRT_COL     340.728
 ABFA_NV      -12.839       415.289
 AVRT_COL     206.555       -11.446       325.868


           Correlations
              BBFA_NV       CBFA_NV       DBFA_NV       BVRT_COL      CVRT_COL
              ________      ________      ________      ________      ________
 BBFA_NV        1.000
 CBFA_NV        0.678         1.000
 DBFA_NV        0.658         0.750         1.000
 BVRT_COL      -0.016         0.016        -0.018         1.000
 CVRT_COL      -0.071        -0.025        -0.058         0.594         1.000
 DVRT_COL      -0.001         0.036        -0.024         0.618         0.630
 ABFA_NV        0.753         0.596         0.629         0.001        -0.067
 AVRT_COL       0.003        -0.005        -0.020         0.632         0.585


           Correlations
              DVRT_COL      ABFA_NV       AVRT_COL
              ________      ________      ________
 DVRT_COL       1.000
 ABFA_NV       -0.034         1.000
 AVRT_COL       0.620        -0.031         1.000


     MAXIMUM LOG-LIKELIHOOD VALUE FOR THE UNRESTRICTED (H1) MODEL IS -6859.890


THE MODEL ESTIMATION TERMINATED NORMALLY



MODEL FIT INFORMATION

Number of Free Parameters                       28

Loglikelihood

          H0 Value                       -6865.052
          H0 Scaling Correction Factor       1.080
            for MLR

Information Criteria

          Akaike (AIC)                   13786.103
          Bayesian (BIC)                 13887.777
          Sample-Size Adjusted BIC       13798.992
            (n* = (n + 2) / 24)



MODEL RESULTS

                                                    Two-Tailed
                    Estimate       S.E.  Est./S.E.    P-Value

 DBFA_NV    ON
    CBFA_NV            0.344      0.072      4.772      0.000
    CVRT_COL           0.026      0.124      0.212      0.832

 CBFA_NV    ON
    BBFA_NV            0.344      0.072      4.772      0.000
    BVRT_COL           0.026      0.124      0.212      0.832

 BBFA_NV    ON
    ABFA_NV            0.344      0.072      4.772      0.000
    AVRT_COL           0.026      0.124      0.212      0.832

 DVRT_COL   ON
    CVRT_COL          -0.031      0.226     -0.138      0.891
    CBFA_NV           -0.034      0.146     -0.234      0.815

 CVRT_COL   ON
    BVRT_COL          -0.031      0.226     -0.138      0.891
    BBFA_NV           -0.034      0.146     -0.234      0.815

 BVRT_COL   ON
    AVRT_COL          -0.031      0.226     -0.138      0.891
    ABFA_NV           -0.034      0.146     -0.234      0.815

 I_VRT_CO WITH
    I_BFA_NV         -16.175     54.565     -0.296      0.767

 S_VRT_CO WITH
    I_BFA_NV           7.259      8.373      0.867      0.386
    I_VRT_COL        -16.337     23.960     -0.682      0.495

 ABFA_NV  WITH
    I_BFA_NV         162.175     29.841      5.435      0.000
    I_VRT_COL         15.037     73.108      0.206      0.837
    S_VRT_COL         -7.213     13.537     -0.533      0.594

 AVRT_COL WITH
    I_BFA_NV          -7.993     33.018     -0.242      0.809
    I_VRT_COL        222.311     80.984      2.745      0.006
    S_VRT_COL         -8.127     15.592     -0.521      0.602

 DVRT_COL WITH
    DBFA_NV           -4.476     13.628     -0.328      0.743

 CVRT_COL WITH
    CBFA_NV           -4.476     13.628     -0.328      0.743

 BVRT_COL WITH
    BBFA_NV           -4.476     13.628     -0.328      0.743

 AVRT_COL WITH
    ABFA_NV          -11.446     22.974     -0.498      0.618

 Means
    ABFA_NV           43.268      1.223     35.388      0.000
    AVRT_COL          67.094      1.085     61.812      0.000
    I_BFA_NV          26.142      7.815      3.345      0.001
    S_BFA_NV          -0.116      0.530     -0.219      0.827
    I_VRT_COL         70.562      9.802      7.199      0.000
    S_VRT_COL         -0.941      0.599     -1.572      0.116

 Intercepts
    BBFA_NV            0.000      0.000    999.000    999.000
    CBFA_NV            0.000      0.000    999.000    999.000
    DBFA_NV            0.000      0.000    999.000    999.000
    BVRT_COL           0.000      0.000    999.000    999.000
    CVRT_COL           0.000      0.000    999.000    999.000
    DVRT_COL           0.000      0.000    999.000    999.000

 Variances
    ABFA_NV          415.289     30.910     13.435      0.000
    AVRT_COL         325.868     21.811     14.940      0.000
    I_BFA_NV         107.230     34.444      3.113      0.002
    S_BFA_NV           0.000      0.000    999.000    999.000
    I_VRT_COL        239.235    146.170      1.637      0.102
    S_VRT_COL          8.669     10.557      0.821      0.412

 Residual Variances
    BBFA_NV          147.786     15.711      9.406      0.000
    CBFA_NV          147.786     15.711      9.406      0.000
    DBFA_NV          147.786     15.711      9.406      0.000
    BVRT_COL         113.694     28.489      3.991      0.000
    CVRT_COL         113.694     28.489      3.991      0.000
    DVRT_COL         113.694     28.489      3.991      0.000


QUALITY OF NUMERICAL RESULTS

     Condition Number for the Information Matrix              0.653E-06
       (ratio of smallest to largest eigenvalue)


     Beginning Time:  18:27:13
        Ending Time:  18:27:14
       Elapsed Time:  00:00:01



MUTHEN & MUTHEN
3463 Stoner Ave.
Los Angeles, CA  90066

Tel: (310) 391-9971
Fax: (310) 391-8971
Web: www.StatModel.com
Support: Support@StatModel.com

Copyright (c) 1998-2011 Muthen & Muthen
