Mplus VERSION 7 (Mac)
MUTHEN & MUTHEN
10/24/2017  12:15 PM

INPUT INSTRUCTIONS


  title: PxVx Bivariate LCM-SR - Col Linear BFA_CI with Linear;
  data: file = /Users/johnflournoy/code/lnt_pxvx/Data/LT_227.txt;



  variable:
  names =
  subjid
  Sample
  aGENDER
  aAGE
  aethnic1
  aethnic2
  aedu_mom
  aedu_dad
  aEDUCATN
  bEDUCATN
  cEDUCATN
  aEMPLOYD
  bEMPLOYD
  cEMPLOYD
  dEMPLOYD
  aINCOME
  bINCOME
  cINCOME
  dINCOME
  aS_SCALE
  bS_SCALE
  cS_SCALE
  dS_SCALE
  aD_SCALE
  bD_SCALE
  cD_SCALE
  dD_SCALE
  aS_COMP
  bS_COMP
  cS_COMP
  dS_COMP
  aD_COMP
  bD_COMP
  cD_COMP
  dD_COMP
  aBFI_A
  aBFI_A6
  aBFI_C
  aBFI_E
  aBFI_HP
  aBFI_N
  aBFI_O
  bBFI_A
  bBFI_A6
  bBFI_C
  bBFI_E
  bBFI_HP
  bBFI_N
  bBFI_O
  cBFI_A
  cBFI_A6
  cBFI_C
  cBFI_E
  cBFI_HP
  cBFI_N
  cBFI_O
  dBFI_A
  dBFI_A6
  dBFI_C
  dBFI_E
  dBFI_HP
  dBFI_N
  dBFI_O
  aBFA_AC
  aBFA_AP
  aBFA_CI
  aBFA_CO
  aBFA_EA
  aBFA_EE
  aBFA_N9
  aBFA_NV
  aBFA_NW
  aBFA_OI
  aBFA_OO
  aBFA_PS
  aBFA_MT
  bBFA_AC
  bBFA_AP
  bBFA_CI
  bBFA_CO
  bBFA_EA
  bBFA_EE
  bBFA_N9
  bBFA_NV
  bBFA_NW
  bBFA_OI
  bBFA_OO
  bBFA_MT
  bBFA_PS
  cBFA_AC
  cBFA_AP
  cBFA_CI
  cBFA_CO
  cBFA_EA
  cBFA_EE
  cBFA_N9
  cBFA_NV
  cBFA_NW
  cBFA_OI
  cBFA_OO
  cBFA_MT
  cBFA_PS
  dBFA_AC
  dBFA_AP
  dBFA_CI
  dBFA_CO
  dBFA_EA
  dBFA_EE
  dBFA_N9
  dBFA_NV
  dBFA_NW
  dBFA_OI
  dBFA_OO
  dBFA_MT
  dBFA_PS
  aUSI
  bUSI
  cUSI
  dUSI
  aHRZ_IND
  bHRZ_IND
  cHRZ_IND
  dHRZ_IND
  aVRT_IND
  bVRT_IND
  cVRT_IND
  dVRT_IND
  aHRZ_COL
  bHRZ_COL
  cHRZ_COL
  dHRZ_COL
  aVRT_COL
  bVRT_COL
  cVRT_COL
  dVRT_COL
  aCOLLCTV
  bCOLLCTV
  cCOLLCTV
  dCOLLCTV
  aMVS
  bMVS
  cMVS
  dMVS
  aST
  bST
  cST
  dST
  aSD
  bSD
  cSD
  dSD
  aMVS_mc
  bMVS_mc
  cMVS_mc
  dMVS_mc
  aST_mc
  bST_mc
  cST_mc
  dST_mc
  aSD_mc
  bSD_mc
  cSD_mc
  dSD_mc
  bMEANING
  cMEANING
  dMEANING
  bMEAN_L
  cMEAN_L
  dMEAN_L
  bMEANNGc
  cMEANNGc
  dMEANNGc
  bMEANGlc
  cMEANGlc
  dMEANGlc
  bCLASSIC
  cCLASSIC
  dCLASSIC
  bCLASSCc
  cCLASSCc
  dCLASSCc
  bAGR_VAL
  cAGR_VAL
  dAGR_VAL
  bOPN_VAL
  cOPN_VAL
  dOPN_VAL
  bAGR_VLc
  cAGR_VLc
  dAGR_VLc
  bOPNVALc
  cOPNVALc
  dOPNVALc
  aMV_pomp
  bMV_pomp
  cMV_pomp
  dMV_pomp
  aST_pomp
  bST_pomp
  cST_pomp
  dST_pomp
  aSD_pomp
  bSD_pomp
  cSD_pomp
  dSD_pomp
  agoal_ec
  bgoal_ec
  cgoal_ec
  dgoal_ec
  aAspfinc
  bAspfinc
  cAspfinc
  dAspfinc
  abfi_hp8
  bbfi_hp8
  cbfi_hp8
  dbfi_hp8
  aP_S_BFI
  aP_D_BFI
  aECgoalc
  bECgoalC
  cECgoalC
  dECgoalC
  aaspfin
  baspfin
  caspfin
  daspfin
  aMVI_POMP
  bMVI_POMP
  cMVI_POMP
  dMVI_POMP;

  USEVARIABLES =
  aBFA_CI
  bBFA_CI
  cBFA_CI
  dBFA_CI
  aBFA_MT
  bBFA_MT
  cBFA_MT
  dBFA_MT
  a1
  a2
  a3
  a4
  ;

  missing = all (-9999);

  USEOBSERVATIONS are Sample == 2; ! College Sample

  tscores = a1 a2 a3 a4;

  DEFINE:
  a1 = aAGE + 0 - 20.5;
  a2 = aAGE + 1 - 20.5;
  a3 = aAGE + 2 - 20.5;
  a4 = aAGE + 3 - 20.5;

  ANALYSIS:
  TYPE=RANDOM;
  PROCESSORS = 4;
  model=nocovariances; ! supresses default estimation of certain covs in model;

  MODEL:

  i_BFA_CI s_BFA_CI | aBFA_CI bBFA_CI cBFA_CI dBFA_CI AT a1 a2 a3 a4;
  i_BFA_MT s_BFA_MT | aBFA_MT bBFA_MT cBFA_MT dBFA_MT AT a1 a2 a3 a4;

  ! freeing factor covs because of "nocovariances"
  s_BFA_CI WITH i_BFA_CI s_BFA_MT i_BFA_MT;
  i_BFA_CI WITH s_BFA_MT i_BFA_MT;
  s_BFA_MT WITH i_BFA_MT;

  p1 BY aBFA_CI@1; ! Residual "factors";
  p2 BY bBFA_CI@1;
  p3 BY cBFA_CI@1;
  p4 BY dBFA_CI@1;

  v1 BY aBFA_MT@1; ! Residual "factors";
  v2 BY bBFA_MT@1;
  v3 BY cBFA_MT@1;
  v4 BY dBFA_MT@1;

  !residual variances on observed/manifest vars set to 0
  aBFA_CI@0;
  bBFA_CI@0;
  cBFA_CI@0;
  dBFA_CI@0;

  !residual variances on observed/manifest vars set to 0
  aBFA_MT@0;
  bBFA_MT@0;
  cBFA_MT@0;
  dBFA_MT@0;

  ! means of observed/manifest vars set to 0
  [aBFA_CI@0];
  [bBFA_CI@0];
  [cBFA_CI@0];
  [dBFA_CI@0];

  ! means of observed/manifest vars set to 0
  [aBFA_MT@0];
  [bBFA_MT@0];
  [cBFA_MT@0];
  [dBFA_MT@0];

  [p1@0]; ! means of residual "factors" set to 0
  [p2@0];
  [p3@0];
  [p4@0];

  [v1@0]; ! means of residual "factors" set to 0
  [v2@0];
  [v3@0];
  [v4@0];

  p4 on p3 (a); ! Autoregressive paths constrained to equality
  p3 on p2 (a);
  p2 on p1 (a);

  v4 on v3 (b); ! Autoregressive paths constrained to equality
  v3 on v2 (b);
  v2 on v1 (b);

  p4 on v3 (c); ! Cross-lagged paths constrained to equality
  p3 on v2 (c);
  p2 on v1 (c);

  v4 on p3 (d); ! Cross-lagged paths constrained to equality
  v3 on p2 (d);
  v2 on p1 (d);

  p1 with v1 (e); ! Within-wave correlations constrained to equality
  p2 with v2 (e);
  p3 with v3 (e);
  p4 with v4 (e);

  p2 p3 p4 (f); ! estimate variances of residual "factors"
  v2 v3 v4 (g); ! estimate variances of residual "factors"

  OUTPUT: SAMPSTAT PATTERNS;



*** WARNING
  Variable name contains more than 8 characters.
  Only the first 8 characters will be printed in the output.
  Variable: AMVI_POMP
*** WARNING
  Variable name contains more than 8 characters.
  Only the first 8 characters will be printed in the output.
  Variable: BMVI_POMP
*** WARNING
  Variable name contains more than 8 characters.
  Only the first 8 characters will be printed in the output.
  Variable: CMVI_POMP
*** WARNING
  Variable name contains more than 8 characters.
  Only the first 8 characters will be printed in the output.
  Variable: DMVI_POMP
*** WARNING
  Data set contains cases with missing on all variables.
  These cases were not included in the analysis.
  Number of cases with missing on all variables:  1
*** WARNING
  Data set contains cases with missing on time scores but non-missing on the
  corresponding dependent variables.  These cases were not included in the analysis.
  Number of such cases:  3
   6 WARNING(S) FOUND IN THE INPUT INSTRUCTIONS



PxVx Bivariate LCM-SR - Col Linear BFA_CI with Linear;

SUMMARY OF ANALYSIS

Number of groups                                                 1
Number of observations                                         276

Number of dependent variables                                    8
Number of independent variables                                  0
Number of continuous latent variables                           12

Observed dependent variables

  Continuous
   ABFA_CI     BBFA_CI     CBFA_CI     DBFA_CI     ABFA_MT     BBFA_MT
   CBFA_MT     DBFA_MT

Continuous latent variables
   P1          P2          P3          P4          V1          V2
   V3          V4          I_BFA_CI    S_BFA_CI    I_BFA_MT    S_BFA_MT

Variables with special functions

  Time scores
   A1          A2          A3          A4


Estimator                                                      MLR
Information matrix                                        OBSERVED
Maximum number of iterations                                   100
Convergence criterion                                    0.100D-05
Maximum number of EM iterations                                500
Convergence criteria for the EM algorithm
  Loglikelihood change                                   0.100D-02
  Relative loglikelihood change                          0.100D-05
  Derivative                                             0.100D-03
Minimum variance                                         0.100D-03
Maximum number of steepest descent iterations                   20
Maximum number of iterations for H1                           2000
Convergence criterion for H1                             0.100D-03
Optimization algorithm                                         EMA

Input data file(s)
  /Users/johnflournoy/code/lnt_pxvx/Data/LT_227.txt
Input data format  FREE


SUMMARY OF DATA

     Number of missing data patterns             8


SUMMARY OF MISSING DATA PATTERNS


     MISSING DATA PATTERNS (x = not missing)

           1  2  3  4  5  6  7  8
 ABFA_CI   x  x  x  x  x  x  x  x
 BBFA_CI   x  x     x        x
 CBFA_CI   x  x  x              x
 DBFA_CI   x              x  x  x
 ABFA_MT   x  x  x  x  x  x  x  x
 BBFA_MT   x  x     x        x
 CBFA_MT   x  x  x              x
 DBFA_MT   x              x  x  x


     MISSING DATA PATTERN FREQUENCIES

    Pattern   Frequency     Pattern   Frequency     Pattern   Frequency
          1         138           4          29           7          17
          2          12           5          53           8          11
          3           5           6          11


COVARIANCE COVERAGE OF DATA

Minimum covariance coverage value   0.100


     PROPORTION OF DATA PRESENT


           Covariance Coverage
              ABFA_CI       BBFA_CI       CBFA_CI       DBFA_CI       ABFA_MT
              ________      ________      ________      ________      ________
 ABFA_CI        1.000
 BBFA_CI        0.710         0.710
 CBFA_CI        0.601         0.543         0.601
 DBFA_CI        0.641         0.562         0.540         0.641
 ABFA_MT        1.000         0.710         0.601         0.641         1.000
 BBFA_MT        0.710         0.710         0.543         0.562         0.710
 CBFA_MT        0.601         0.543         0.601         0.540         0.601
 DBFA_MT        0.641         0.562         0.540         0.641         0.641


           Covariance Coverage
              BBFA_MT       CBFA_MT       DBFA_MT
              ________      ________      ________
 BBFA_MT        0.710
 CBFA_MT        0.543         0.601
 DBFA_MT        0.562         0.540         0.641


SAMPLE STATISTICS


     ESTIMATED SAMPLE STATISTICS


           Means
              ABFA_CI       BBFA_CI       CBFA_CI       DBFA_CI       ABFA_MT
              ________      ________      ________      ________      ________
 1             59.370        59.237        59.476        59.912        50.312


           Means
              BBFA_MT       CBFA_MT       DBFA_MT
              ________      ________      ________
 1             49.904        49.876        49.038


           Covariances
              ABFA_CI       BBFA_CI       CBFA_CI       DBFA_CI       ABFA_MT
              ________      ________      ________      ________      ________
 ABFA_CI      291.894
 BBFA_CI      220.735       297.621
 CBFA_CI      196.637       212.006       275.468
 DBFA_CI      213.704       209.533       236.191       327.545
 ABFA_MT       -2.739         9.318        -3.722        -1.292       224.578
 BBFA_MT       15.251         6.144        -1.908         7.311       185.275
 CBFA_MT       -4.478        -9.179       -30.118       -28.996       166.975
 DBFA_MT        0.631        -7.571        -9.079       -26.643       164.999


           Covariances
              BBFA_MT       CBFA_MT       DBFA_MT
              ________      ________      ________
 BBFA_MT      246.751
 CBFA_MT      197.008       260.646
 DBFA_MT      199.694       227.409       279.844


           Correlations
              ABFA_CI       BBFA_CI       CBFA_CI       DBFA_CI       ABFA_MT
              ________      ________      ________      ________      ________
 ABFA_CI        1.000
 BBFA_CI        0.749         1.000
 CBFA_CI        0.693         0.740         1.000
 DBFA_CI        0.691         0.671         0.786         1.000
 ABFA_MT       -0.011         0.036        -0.015        -0.005         1.000
 BBFA_MT        0.057         0.023        -0.007         0.026         0.787
 CBFA_MT       -0.016        -0.033        -0.112        -0.099         0.690
 DBFA_MT        0.002        -0.026        -0.033        -0.088         0.658


           Correlations
              BBFA_MT       CBFA_MT       DBFA_MT
              ________      ________      ________
 BBFA_MT        1.000
 CBFA_MT        0.777         1.000
 DBFA_MT        0.760         0.842         1.000


     MAXIMUM LOG-LIKELIHOOD VALUE FOR THE UNRESTRICTED (H1) MODEL IS -6342.816


THE MODEL ESTIMATION TERMINATED NORMALLY



MODEL FIT INFORMATION

Number of Free Parameters                       23

Loglikelihood

          H0 Value                       -6352.845
          H0 Scaling Correction Factor      1.1079
            for MLR

Information Criteria

          Akaike (AIC)                   12751.690
          Bayesian (BIC)                 12834.959
          Sample-Size Adjusted BIC       12762.030
            (n* = (n + 2) / 24)



MODEL RESULTS

                                                    Two-Tailed
                    Estimate       S.E.  Est./S.E.    P-Value

 P1       BY
    ABFA_CI            1.000      0.000    999.000    999.000

 P2       BY
    BBFA_CI            1.000      0.000    999.000    999.000

 P3       BY
    CBFA_CI            1.000      0.000    999.000    999.000

 P4       BY
    DBFA_CI            1.000      0.000    999.000    999.000

 V1       BY
    ABFA_MT            1.000      0.000    999.000    999.000

 V2       BY
    BBFA_MT            1.000      0.000    999.000    999.000

 V3       BY
    CBFA_MT            1.000      0.000    999.000    999.000

 V4       BY
    DBFA_MT            1.000      0.000    999.000    999.000

 P4         ON
    P3                 0.214      0.104      2.060      0.039
    V3                -0.001      0.125     -0.009      0.993

 P3         ON
    P2                 0.214      0.104      2.060      0.039
    V2                -0.001      0.125     -0.009      0.993

 P2         ON
    P1                 0.214      0.104      2.060      0.039
    V1                -0.001      0.125     -0.009      0.993

 V4         ON
    V3                 0.137      0.165      0.830      0.406
    P3                 0.058      0.075      0.774      0.439

 V3         ON
    V2                 0.137      0.165      0.830      0.406
    P2                 0.058      0.075      0.774      0.439

 V2         ON
    V1                 0.137      0.165      0.830      0.406
    P1                 0.058      0.075      0.774      0.439

 S_BFA_CI WITH
    I_BFA_CI          -4.345      8.502     -0.511      0.609
    S_BFA_MT          -1.784      2.309     -0.773      0.440
    I_BFA_MT          -1.453      6.442     -0.226      0.822

 I_BFA_CI WITH
    S_BFA_MT          -2.635      5.670     -0.465      0.642
    I_BFA_MT           7.250     17.540      0.413      0.679

 S_BFA_MT WITH
    I_BFA_MT          -2.517      7.370     -0.342      0.733

 P1       WITH
    V1                -7.590      6.917     -1.097      0.273

 P2       WITH
    V2                -7.590      6.917     -1.097      0.273

 P3       WITH
    V3                -7.590      6.917     -1.097      0.273

 P4       WITH
    V4                -7.590      6.917     -1.097      0.273

 Means
    P1                 0.000      0.000    999.000    999.000
    V1                 0.000      0.000    999.000    999.000
    I_BFA_CI          59.340      1.018     58.291      0.000
    S_BFA_CI           0.102      0.335      0.305      0.760
    I_BFA_MT          50.372      0.906     55.613      0.000
    S_BFA_MT          -0.331      0.306     -1.080      0.280

 Intercepts
    ABFA_CI            0.000      0.000    999.000    999.000
    BBFA_CI            0.000      0.000    999.000    999.000
    CBFA_CI            0.000      0.000    999.000    999.000
    DBFA_CI            0.000      0.000    999.000    999.000
    ABFA_MT            0.000      0.000    999.000    999.000
    BBFA_MT            0.000      0.000    999.000    999.000
    CBFA_MT            0.000      0.000    999.000    999.000
    DBFA_MT            0.000      0.000    999.000    999.000
    P2                 0.000      0.000    999.000    999.000
    P3                 0.000      0.000    999.000    999.000
    P4                 0.000      0.000    999.000    999.000
    V2                 0.000      0.000    999.000    999.000
    V3                 0.000      0.000    999.000    999.000
    V4                 0.000      0.000    999.000    999.000

 Variances
    P1                77.370     20.809      3.718      0.000
    V1                51.854     19.138      2.709      0.007
    I_BFA_CI         210.172     27.256      7.711      0.000
    S_BFA_CI           3.873      3.992      0.970      0.332
    I_BFA_MT         175.738     23.808      7.382      0.000
    S_BFA_MT           8.310      4.334      1.917      0.055

 Residual Variances
    ABFA_CI            0.000      0.000    999.000    999.000
    BBFA_CI            0.000      0.000    999.000    999.000
    CBFA_CI            0.000      0.000    999.000    999.000
    DBFA_CI            0.000      0.000    999.000    999.000
    ABFA_MT            0.000      0.000    999.000    999.000
    BBFA_MT            0.000      0.000    999.000    999.000
    CBFA_MT            0.000      0.000    999.000    999.000
    DBFA_MT            0.000      0.000    999.000    999.000
    P2                87.140     14.007      6.221      0.000
    P3                87.140     14.007      6.221      0.000
    P4                87.140     14.007      6.221      0.000
    V2                51.399      9.198      5.588      0.000
    V3                51.399      9.198      5.588      0.000
    V4                51.399      9.198      5.588      0.000


QUALITY OF NUMERICAL RESULTS

     Condition Number for the Information Matrix              0.198E-04
       (ratio of smallest to largest eigenvalue)


     Beginning Time:  12:15:13
        Ending Time:  12:15:14
       Elapsed Time:  00:00:01



MUTHEN & MUTHEN
3463 Stoner Ave.
Los Angeles, CA  90066

Tel: (310) 391-9971
Fax: (310) 391-8971
Web: www.StatModel.com
Support: Support@StatModel.com

Copyright (c) 1998-2012 Muthen & Muthen
