Mplus VERSION 6.12
MUTHEN & MUTHEN
03/09/2016   9:28 PM

INPUT INSTRUCTIONS


  title: PxVx Univariate - Nat MeanOnly I_O with MeanOnly HRZ_COL;
  data: file = E:\Projects\lnt_pxvx\Data\LT_informants3.txt;

  variable:
  names =
  subjid
  Sample
  aGENDER
  aAGE
  aethnic1
  aethnic2
  aedu_mom
  aedu_dad
  aEDUCATN
  bEDUCATN
  cEDUCATN
  aEMPLOYD
  bEMPLOYD
  cEMPLOYD
  dEMPLOYD
  aINCOME
  bINCOME
  cINCOME
  dINCOME
  aS_SCALE
  bS_SCALE
  cS_SCALE
  dS_SCALE
  aD_SCALE
  bD_SCALE
  cD_SCALE
  dD_SCALE
  aS_COMP
  bS_COMP
  cS_COMP
  dS_COMP
  aD_COMP
  bD_COMP
  cD_COMP
  dD_COMP
  aBFI_A
  aBFI_A6
  aBFI_C
  aBFI_E
  aBFI_HP
  aBFI_N
  aBFI_O
  bBFI_A
  bBFI_A6
  bBFI_C
  bBFI_E
  bBFI_HP
  bBFI_N
  bBFI_O
  cBFI_A
  cBFI_A6
  cBFI_C
  cBFI_E
  cBFI_HP
  cBFI_N
  cBFI_O
  dBFI_A
  dBFI_A6
  dBFI_C
  dBFI_E
  dBFI_HP
  dBFI_N
  dBFI_O
  aBFA_AC
  aBFA_AP
  aBFA_CI
  aBFA_CO
  aBFA_EA
  aBFA_EE
  aBFA_N9
  aBFA_NV
  aBFA_NW
  aBFA_OI
  aBFA_OO
  aBFA_PS
  aBFA_MT
  bBFA_AC
  bBFA_AP
  bBFA_CI
  bBFA_CO
  bBFA_EA
  bBFA_EE
  bBFA_N9
  bBFA_NV
  bBFA_NW
  bBFA_OI
  bBFA_OO
  bBFA_MT
  bBFA_PS
  cBFA_AC
  cBFA_AP
  cBFA_CI
  cBFA_CO
  cBFA_EA
  cBFA_EE
  cBFA_N9
  cBFA_NV
  cBFA_NW
  cBFA_OI
  cBFA_OO
  cBFA_MT
  cBFA_PS
  dBFA_AC
  dBFA_AP
  dBFA_CI
  dBFA_CO
  dBFA_EA
  dBFA_EE
  dBFA_N9
  dBFA_NV
  dBFA_NW
  dBFA_OI
  dBFA_OO
  dBFA_MT
  dBFA_PS
  aUSI
  bUSI
  cUSI
  dUSI
  aHRZ_IND
  bHRZ_IND
  cHRZ_IND
  dHRZ_IND
  aVRT_IND
  bVRT_IND
  cVRT_IND
  dVRT_IND
  aHRZ_COL
  bHRZ_COL
  cHRZ_COL
  dHRZ_COL
  aVRT_COL
  bVRT_COL
  cVRT_COL
  dVRT_COL
  aCOLLCTV
  bCOLLCTV
  cCOLLCTV
  dCOLLCTV
  aMVS
  bMVS
  cMVS
  dMVS
  aST
  bST
  cST
  dST
  aSD
  bSD
  cSD
  dSD
  aMVS_mc
  bMVS_mc
  cMVS_mc
  dMVS_mc
  aST_mc
  bST_mc
  cST_mc
  dST_mc
  aSD_mc
  bSD_mc
  cSD_mc
  dSD_mc
  bMEANING
  cMEANING
  dMEANING
  bMEAN_L
  cMEAN_L
  dMEAN_L
  bMEANNGc
  cMEANNGc
  dMEANNGc
  bMEANGlc
  cMEANGlc
  dMEANGlc
  bCLASSIC
  cCLASSIC
  dCLASSIC
  bCLASSCc
  cCLASSCc
  dCLASSCc
  bAGR_VAL
  cAGR_VAL
  dAGR_VAL
  bOPN_VAL
  cOPN_VAL
  dOPN_VAL
  bAGR_VLc
  cAGR_VLc
  dAGR_VLc
  bOPNVALc
  cOPNVALc
  dOPNVALc
  aMV_pomp
  bMV_pomp
  cMV_pomp
  dMV_pomp
  aST_pomp
  bST_pomp
  cST_pomp
  dST_pomp
  aSD_pomp
  bSD_pomp
  cSD_pomp
  dSD_pomp
  agoal_eco
  bgoal_eco
  cgoal_eco
  dgoal_eco
  aAspfinc
  bAspfinc
  cAspfinc
  dAspfinc
  abfi_hp8
  bbfi_hp8
  cbfi_hp8
  dbfi_hp8
  aP_S_BFI
  aP_D_BFI
  aECgoalc
  bECgoalC
  cECgoalC
  dECgoalC
  aaspfin
  baspfin
  caspfin
  daspfin
  aasp_mn2
  basp_mn2
  casp_mn2
  dasp_mn2
  aas12mc2
  aas13mc2
  aas14mc2
  aas15mc2
  aas16mc2
  bas12mc2
  bas13mc2
  bas14mc2
  bas15mc2
  bas16mc2
  cas12mc2
  cas13mc2
  cas14mc2
  cas15mc2
  cas16mc2
  das12mc2
  das13mc2
  das14mc2
  das15mc2
  das16mc2
  aas_f_c2
  bas_f_c2
  cas_f_c2
  das_f_c2
  aI_E
  aI_A
  aI_C
  aI_N
  aI_O
  aI_S
  aI_D
  bI_E
  bI_A
  bI_C
  bI_N
  bI_O
  bI_S
  bI_D
  cI_E
  cI_A
  cI_C
  cI_N
  cI_O
  cI_S
  cI_D
  dI_E
  dI_A
  dI_C
  dI_N
  dI_O
  dI_S
  dI_D
  T1_any_I
  T2_any_I
  T3_any_I
  T4_any_I
  aI_H
  bI_H
  cI_H
  dI_H;



  USEVARIABLES =
  aI_O
  bI_O
  cI_O
  dI_O
  aHRZ_COL
  bHRZ_COL
  cHRZ_COL
  dHRZ_COL
  bage_c
  cage_c
  dage_c
  ;

  missing = all (-9999);

  USEOBSERVATIONS are Sample == 1; ! National Sample

  tscores = bage_c cage_c dage_c;

  DEFINE:
  bage_c = aAGE + 1 - 36;
  cage_c = aAGE + 2 - 36;
  dage_c = aAGE + 3 - 36;

  ANALYSIS:
  TYPE=RANDOM;
  PROCESSORS = 8;

  MODEL:

  i_I_O s_I_O | bI_O cI_O dI_O AT bage_c cage_c dage_c;
  i_HRZ_COL s_HRZ_COL | bHRZ_COL cHRZ_COL dHRZ_COL AT bage_c cage_c dage_c;


  !After Bollen and Curran initial observation is not part of LGM

  dI_O on cI_O (a); ! Autoregressive paths constrained to equality
  cI_O on bI_O (a);
  bI_O on aI_O (a);

  dHRZ_COL on cHRZ_COL (b); ! Autoregressive paths constrained to equality
  cHRZ_COL on bHRZ_COL (b);
  bHRZ_COL on aHRZ_COL (b);

  bI_O cI_O dI_O (c); !Equality constraint on residuals
  bHRZ_COL cHRZ_COL dHRZ_COL (d); !Equality constraint on residuals

  dHRZ_COL on cI_O (x); ! Cross-lagged paths constrained to equality
  cHRZ_COL on bI_O (x);
  bHRZ_COL on aI_O (x);

  dI_O on cHRZ_COL (y); ! Cross-lagged paths constrained to equality
  cI_O on bHRZ_COL (y);
  bI_O on aHRZ_COL (y);

  dHRZ_COL with dI_O (w); ! within-wave correlations constrained to equality
  cHRZ_COL with cI_O (w);
  bHRZ_COL with bI_O (w);

  aI_O aHRZ_COL i_I_O i_HRZ_COL
  with
  aI_O aHRZ_COL i_I_O i_HRZ_COL;

  s_I_O@0;

  s_HRZ_COL@0;

  OUTPUT: SAMPSTAT PATTERNS;



*** WARNING
  Variable name contains more than 8 characters.
  Only the first 8 characters will be printed in the output.
  Variable: AGOAL_ECO
*** WARNING
  Variable name contains more than 8 characters.
  Only the first 8 characters will be printed in the output.
  Variable: BGOAL_ECO
*** WARNING
  Variable name contains more than 8 characters.
  Only the first 8 characters will be printed in the output.
  Variable: CGOAL_ECO
*** WARNING
  Variable name contains more than 8 characters.
  Only the first 8 characters will be printed in the output.
  Variable: DGOAL_ECO
*** WARNING
  Variable name contains more than 8 characters.
  Only the first 8 characters will be printed in the output.
  Variable: I_HRZ_COL
*** WARNING
  Variable name contains more than 8 characters.
  Only the first 8 characters will be printed in the output.
  Variable: S_HRZ_COL
*** WARNING in MODEL command
  All continuous latent variable covariances involving S_I_O have been fixed to 0
  because the variance of S_I_O is fixed at 0.
*** WARNING in MODEL command
  All continuous latent variable covariances involving S_HRZ_COL have been fixed to 0
  because the variance of S_HRZ_COL is fixed at 0.
*** WARNING
  Data set contains cases with missing on time scores but non-missing on the
  corresponding dependent variables.  These cases were not included in the analysis.
  Number of such cases:  4
   9 WARNING(S) FOUND IN THE INPUT INSTRUCTIONS



PxVx Univariate - Nat MeanOnly I_O with MeanOnly HRZ_COL;

SUMMARY OF ANALYSIS

Number of groups                                                 1
Number of observations                                         604

Number of dependent variables                                    6
Number of independent variables                                  2
Number of continuous latent variables                            4

Observed dependent variables

  Continuous
   BI_O        CI_O        DI_O        BHRZ_COL    CHRZ_COL    DHRZ_COL

Observed independent variables
   AI_O        AHRZ_COL

Continuous latent variables
   I_I_O       S_I_O       I_HRZ_CO    S_HRZ_CO

Variables with special functions

  Time scores
   BAGE_C      CAGE_C      DAGE_C


Estimator                                                      MLR
Information matrix                                        OBSERVED
Maximum number of iterations                                   100
Convergence criterion                                    0.100D-05
Maximum number of EM iterations                                500
Convergence criteria for the EM algorithm
  Loglikelihood change                                   0.100D-02
  Relative loglikelihood change                          0.100D-05
  Derivative                                             0.100D-03
Minimum variance                                         0.100D-03
Maximum number of steepest descent iterations                   20
Maximum number of iterations for H1                           2000
Convergence criterion for H1                             0.100D-03
Optimization algorithm                                         EMA

Input data file(s)
  E:\Projects\lnt_pxvx\Data\LT_informants3.txt
Input data format  FREE


SUMMARY OF DATA

     Number of missing data patterns            46


SUMMARY OF MISSING DATA PATTERNS


     MISSING DATA PATTERNS (x = not missing)

           1  2  3  4  5  6  7  8  9 10 11 12 13 14 15 16 17 18 19 20
 BI_O      x              x  x  x  x  x     x  x                    x
 CI_O      x        x           x  x  x                 x        x  x
 DI_O      x           x     x  x           x  x     x  x  x
 BHRZ_COL  x     x  x  x  x  x  x  x  x     x  x  x  x  x  x  x  x  x
 CHRZ_COL  x     x  x     x  x  x  x  x  x  x        x  x  x     x  x
 DHRZ_COL  x     x  x  x  x  x  x  x  x  x  x  x  x  x  x  x     x
 AI_O      x  x  x           x     x     x        x        x  x  x
 AHRZ_COL  x  x  x  x  x  x  x  x  x  x  x  x  x  x  x  x  x  x  x  x

          21 22 23 24 25 26 27 28 29 30 31 32 33 34 35 36 37 38 39 40
 BI_O      x  x        x     x     x           x        x
 CI_O            x  x        x        x  x        x           x  x
 DI_O            x                    x     x        x     x        x
 BHRZ_COL  x  x  x  x  x     x     x        x  x        x     x
 CHRZ_COL  x     x  x     x  x     x  x  x        x     x     x  x  x
 DHRZ_COL        x              x     x  x     x     x  x  x        x
 AI_O      x  x  x        x  x  x     x  x        x  x  x     x     x
 AHRZ_COL  x  x  x  x  x  x  x  x  x  x  x  x  x  x  x  x  x  x  x  x

          41 42 43 44 45 46
 BI_O      x  x  x
 CI_O            x        x
 DI_O      x     x     x  x
 BHRZ_COL  x     x  x
 CHRZ_COL     x  x  x  x  x
 DHRZ_COL  x  x        x  x
 AI_O      x  x     x
 AHRZ_COL  x  x  x  x  x  x


     MISSING DATA PATTERN FREQUENCIES

    Pattern   Frequency     Pattern   Frequency     Pattern   Frequency
          1         172          17           9          33           2
          2          34          18          18          34           3
          3          26          19          11          35           3
          4          19          20           5          36          13
          5           5          21           6          37           2
          6          15          22          13          38           2
          7          17          23          16          39           3
          8          39          24           4          40           2
          9          29          25           7          41           6
         10          17          26           6          42           1
         11           7          27          12          43           1
         12          18          28           8          44           4
         13           2          29           2          45           1
         14           3          30           7          46           2
         15          17          31           1
         16          13          32           1


COVARIANCE COVERAGE OF DATA

Minimum covariance coverage value   0.100


     PROPORTION OF DATA PRESENT


           Covariance Coverage
              BI_O          CI_O          DI_O          BHRZ_COL      CHRZ_COL
              ________      ________      ________      ________      ________
 BI_O           0.624
 CI_O           0.455         0.589
 DI_O           0.422         0.414         0.551
 BHRZ_COL       0.623         0.563         0.523         0.868
 CHRZ_COL       0.575         0.589         0.520         0.773         0.828
 DHRZ_COL       0.548         0.540         0.548         0.743         0.748
 AI_O           0.445         0.419         0.384         0.591         0.570
 AHRZ_COL       0.624         0.589         0.551         0.868         0.828


           Covariance Coverage
              DHRZ_COL      AI_O          AHRZ_COL
              ________      ________      ________
 DHRZ_COL       0.800
 AI_O           0.548         0.710
 AHRZ_COL       0.800         0.710         1.000


SAMPLE STATISTICS


     ESTIMATED SAMPLE STATISTICS


           Means
              BI_O          CI_O          DI_O          BHRZ_COL      CHRZ_COL
              ________      ________      ________      ________      ________
 1             72.153        70.879        71.502        71.782        72.884


           Means
              DHRZ_COL      AI_O          AHRZ_COL
              ________      ________      ________
 1             72.042        72.608        72.727


           Covariances
              BI_O          CI_O          DI_O          BHRZ_COL      CHRZ_COL
              ________      ________      ________      ________      ________
 BI_O         403.160
 CI_O         223.355       419.015
 DI_O         206.300       215.917       413.467
 BHRZ_COL     -10.487        10.028         1.600       272.399
 CHRZ_COL       1.352        26.332         0.272       201.924       285.551
 DHRZ_COL     -17.748        24.738       -14.743       197.399       211.100
 AI_O         205.172       205.263       202.392       -22.270         6.041
 AHRZ_COL     -34.017         9.508        -8.355       202.773       192.183


           Covariances
              DHRZ_COL      AI_O          AHRZ_COL
              ________      ________      ________
 DHRZ_COL     291.594
 AI_O          -4.369       420.674
 AHRZ_COL     197.877        -8.619       279.086


           Correlations
              BI_O          CI_O          DI_O          BHRZ_COL      CHRZ_COL
              ________      ________      ________      ________      ________
 BI_O           1.000
 CI_O           0.543         1.000
 DI_O           0.505         0.519         1.000
 BHRZ_COL      -0.032         0.030         0.005         1.000
 CHRZ_COL       0.004         0.076         0.001         0.724         1.000
 DHRZ_COL      -0.052         0.071        -0.042         0.700         0.732
 AI_O           0.498         0.489         0.485        -0.066         0.017
 AHRZ_COL      -0.101         0.028        -0.025         0.735         0.681


           Correlations
              DHRZ_COL      AI_O          AHRZ_COL
              ________      ________      ________
 DHRZ_COL       1.000
 AI_O          -0.012         1.000
 AHRZ_COL       0.694        -0.025         1.000


     MAXIMUM LOG-LIKELIHOOD VALUE FOR THE UNRESTRICTED (H1) MODEL IS -14751.322

     WARNING:  THE MLR STANDARD ERRORS COULD NOT BE COMPUTED.  THE MLF STANDARD
     ERRORS WERE COMPUTED INSTEAD.  THE MLR CONDITION NUMBER IS      -0.342D-05.
     PROBLEM INVOLVING PARAMETER 17.  THIS MAY BE DUE TO NEAR SINGULARITY
     OF THE RANDOM EFFECT VARIANCE/COVARIANCE OR INCOMPLETE CONVERGENCE.

THE MODEL ESTIMATION TERMINATED NORMALLY



MODEL FIT INFORMATION

Number of Free Parameters                       23

Loglikelihood

          H0 Value                      -14760.354

Information Criteria

          Akaike (AIC)                   29566.708
          Bayesian (BIC)                 29667.991
          Sample-Size Adjusted BIC       29594.971
            (n* = (n + 2) / 24)



MODEL RESULTS

                                                    Two-Tailed
                    Estimate       S.E.  Est./S.E.    P-Value

 DI_O       ON
    CI_O               0.034      0.061      0.566      0.572
    CHRZ_COL          -0.169      0.083     -2.044      0.041

 CI_O       ON
    BI_O               0.034      0.061      0.566      0.572
    BHRZ_COL          -0.169      0.083     -2.044      0.041

 BI_O       ON
    AI_O               0.034      0.061      0.566      0.572
    AHRZ_COL          -0.169      0.083     -2.044      0.041

 DHRZ_COL   ON
    CHRZ_COL           0.141      0.048      2.930      0.003
    CI_O              -0.024      0.033     -0.728      0.467

 CHRZ_COL   ON
    BHRZ_COL           0.141      0.048      2.930      0.003
    BI_O              -0.024      0.033     -0.728      0.467

 BHRZ_COL   ON
    AHRZ_COL           0.141      0.048      2.930      0.003
    AI_O              -0.024      0.033     -0.728      0.467

 I_HRZ_CO WITH
    I_I_O             44.334     24.224      1.830      0.067

 AI_O     WITH
    I_I_O            191.747     27.586      6.951      0.000
    I_HRZ_COL          1.220     15.924      0.077      0.939

 AHRZ_COL WITH
    I_I_O             28.516     23.178      1.230      0.219
    I_HRZ_COL        164.004     15.100     10.861      0.000

 DHRZ_COL WITH
    DI_O              -8.734      7.451     -1.172      0.241

 CHRZ_COL WITH
    CI_O              -8.734      7.451     -1.172      0.241

 BHRZ_COL WITH
    BI_O              -8.734      7.451     -1.172      0.241

 AHRZ_COL WITH
    AI_O              -9.330     15.358     -0.607      0.544

 Means
    AI_O              72.658      1.035     70.231      0.000
    AHRZ_COL          72.727      0.772     94.250      0.000
    I_I_O             81.327      6.714     12.113      0.000
    S_I_O             -0.037      0.069     -0.534      0.593
    I_HRZ_COL         63.610      3.948     16.113      0.000
    S_HRZ_COL          0.065      0.038      1.715      0.086

 Intercepts
    BI_O               0.000      0.000    999.000    999.000
    CI_O               0.000      0.000    999.000    999.000
    DI_O               0.000      0.000    999.000    999.000
    BHRZ_COL           0.000      0.000    999.000    999.000
    CHRZ_COL           0.000      0.000    999.000    999.000
    DHRZ_COL           0.000      0.000    999.000    999.000

 Variances
    AI_O             419.548     33.245     12.620      0.000
    AHRZ_COL         279.083     15.489     18.018      0.000
    I_I_O            202.274     40.800      4.958      0.000
    S_I_O              0.000      0.000    999.000    999.000
    I_HRZ_COL        141.893     21.974      6.457      0.000
    S_HRZ_COL          0.000      0.000    999.000    999.000

 Residual Variances
    BI_O             199.914     13.223     15.118      0.000
    CI_O             199.914     13.223     15.118      0.000
    DI_O             199.914     13.223     15.118      0.000
    BHRZ_COL          87.101      5.133     16.970      0.000
    CHRZ_COL          87.101      5.133     16.970      0.000
    DHRZ_COL          87.101      5.133     16.970      0.000


QUALITY OF NUMERICAL RESULTS

     Condition Number for the Information Matrix              0.463E-07
       (ratio of smallest to largest eigenvalue)


     Beginning Time:  21:28:32
        Ending Time:  21:28:35
       Elapsed Time:  00:00:03



MUTHEN & MUTHEN
3463 Stoner Ave.
Los Angeles, CA  90066

Tel: (310) 391-9971
Fax: (310) 391-8971
Web: www.StatModel.com
Support: Support@StatModel.com

Copyright (c) 1998-2011 Muthen & Muthen
