Mplus VERSION 8 (Linux)
MUTHEN & MUTHEN
06/05/2018   1:59 PM

INPUT INSTRUCTIONS


  title: PxVx Univariate LCM-SR - post mi - hrz_col;
  data: file = /home/jflournoy/code_new/lnt_pxvx/Data/lnt_nat_recalc.tsv;

  variable:
  names =
  subjid
  aage
  aaspfin
  aaspfin_d
  abfa_mt
  abfa_mt_d
  abfas_ac
  abfas_ap
  abfas_ci
  abfas_co
  abfas_ea
  abfas_ee
  abfas_nv
  abfas_nv9
  abfas_nw
  abfas_oi
  abfas_oo
  abfi_a
  abfi_a6
  abfi_c
  abfi_d_scale
  abfi_e
  abfi_hp8
  abfi_n
  abfi_o
  abfi_s_scale
  ahrz_col
  ahrz_col_d
  ahrz_ind
  ahrz_ind_d
  amvi
  ausi
  ausi_d
  avrt_col
  avrt_col_d
  avrt_ind
  avrt_ind_d
  bage
  baspfin
  baspfin_d
  bbfa_mt
  bbfa_mt_d
  bbfas_ac
  bbfas_ap
  bbfas_ci
  bbfas_co
  bbfas_ea
  bbfas_ee
  bbfas_nv
  bbfas_nv9
  bbfas_nw
  bbfas_oi
  bbfas_oo
  bbfi_a
  bbfi_a6
  bbfi_c
  bbfi_d_scale
  bbfi_e
  bbfi_hp8
  bbfi_n
  bbfi_o
  bbfi_s_scale
  bhrz_col
  bhrz_col_d
  bhrz_ind
  bhrz_ind_d
  bmvi
  busi
  busi_d
  bvrt_col
  bvrt_col_d
  bvrt_ind
  bvrt_ind_d
  cage
  caspfin
  caspfin_d
  cbfa_mt
  cbfa_mt_d
  cbfas_ac
  cbfas_ap
  cbfas_ci
  cbfas_co
  cbfas_ea
  cbfas_ee
  cbfas_nv
  cbfas_nv9
  cbfas_nw
  cbfas_oi
  cbfas_oo
  cbfi_a
  cbfi_a6
  cbfi_c
  cbfi_d_scale
  cbfi_e
  cbfi_hp8
  cbfi_n
  cbfi_o
  cbfi_s_scale
  chrz_col
  chrz_col_d
  chrz_ind
  chrz_ind_d
  cmvi
  cusi
  cusi_d
  cvrt_col
  cvrt_col_d
  cvrt_ind
  cvrt_ind_d
  dage
  daspfin
  daspfin_d
  dbfa_mt
  dbfa_mt_d
  dbfas_ac
  dbfas_ap
  dbfas_ci
  dbfas_co
  dbfas_ea
  dbfas_ee
  dbfas_nv
  dbfas_nv9
  dbfas_nw
  dbfas_oi
  dbfas_oo
  dbfi_a
  dbfi_a6
  dbfi_c
  dbfi_d_scale
  dbfi_e
  dbfi_hp8
  dbfi_n
  dbfi_o
  dbfi_s_scale
  dhrz_col
  dhrz_col_d
  dhrz_ind
  dhrz_ind_d
  dmvi
  dusi
  dusi_d
  dvrt_col
  dvrt_col_d
  dvrt_ind
  dvrt_ind_d;

  USEVARIABLES =
  ahrz_col
  bhrz_col
  chrz_col
  dhrz_col
  a1
  a2
  a3
  a4
  ;

  missing = all (-9999);

  tscores = a1 a2 a3 a4;

  DEFINE:
  a1 = aage + 0 - 36;
  a2 = aage + 1 - 36;
  a3 = aage + 2 - 36;
  a4 = aage + 3 - 36;


  ANALYSIS:
  TYPE=RANDOM;
  PROCESSORS = 4;
  model=nocovariances; ! supresses default estimation of certain covs in model;

  MODEL:

  i_hrz_col s_hrz_col |  ahrz_col bhrz_col chrz_col dhrz_col AT a1 a2 a3 a4;

  s_hrz_col WITH i_hrz_col; ! freeing factor covs because of "nocovariances";

  p1 BY ahrz_col@1; ! Residual "factors";
  p2 BY bhrz_col@1;
  p3 BY chrz_col@1;
  p4 BY dhrz_col@1;

  !residual variances on observed/manifest vars set to 0
  ahrz_col@0;
  bhrz_col@0;
  chrz_col@0;
  dhrz_col@0;

  ! means of observed/manifest vars set to 0
  [ahrz_col@0];
  [bhrz_col@0];
  [chrz_col@0];
  [dhrz_col@0];

  p2 p3 p4 (c); ! estimate variances of residual "factors"

  [p1@0]; ! means of residual "factors" set to 0
  [p2@0];
  [p3@0];
  [p4@0];

  p4 on p3 (a); ! Autoregressive paths constrained to equality
  p3 on p2 (a);
  p2 on p1 (a);


  OUTPUT: SAMPSTAT PATTERNS;



*** WARNING
  Data set contains cases with missing on all variables.
  These cases were not included in the analysis.
  Number of cases with missing on all variables:  1
*** WARNING
  Data set contains cases with missing on time scores but non-missing on the
  corresponding dependent variables.  These cases were not included in the analysis.
  Number of such cases:  5
   2 WARNING(S) FOUND IN THE INPUT INSTRUCTIONS



PxVx Univariate LCM-SR - post mi - hrz_col;

SUMMARY OF ANALYSIS

Number of groups                                                 1
Number of observations                                         863

Number of dependent variables                                    4
Number of independent variables                                  0
Number of continuous latent variables                            6

Observed dependent variables

  Continuous
   AHRZ_COL    BHRZ_COL    CHRZ_COL    DHRZ_COL

Continuous latent variables
   P1          P2          P3          P4          I_HRZ_CO    S_HRZ_CO

Variables with special functions

  Time scores
   A1          A2          A3          A4


Estimator                                                      MLR
Information matrix                                        OBSERVED
Maximum number of iterations                                   100
Convergence criterion                                    0.100D-05
Maximum number of EM iterations                                500
Convergence criteria for the EM algorithm
  Loglikelihood change                                   0.100D-02
  Relative loglikelihood change                          0.100D-05
  Derivative                                             0.100D-03
Minimum variance                                         0.100D-03
Maximum number of steepest descent iterations                   20
Maximum number of iterations for H1                           2000
Convergence criterion for H1                             0.100D-03
Optimization algorithm                                         EMA

Input data file(s)
  /home/jflournoy/code_new/lnt_pxvx/Data/lnt_nat_recalc.tsv
Input data format  FREE


SUMMARY OF DATA

     Number of missing data patterns             8


SUMMARY OF MISSING DATA PATTERNS


     MISSING DATA PATTERNS (x = not missing)

           1  2  3  4  5  6  7  8
 AHRZ_COL  x  x  x  x  x  x  x  x
 BHRZ_COL  x     x  x        x
 CHRZ_COL  x           x     x  x
 DHRZ_COL  x     x     x  x


     MISSING DATA PATTERN FREQUENCIES

    Pattern   Frequency     Pattern   Frequency     Pattern   Frequency
          1         493           4          49           7          46
          2         175           5          24           8          23
          3          28           6          25


COVARIANCE COVERAGE OF DATA

Minimum covariance coverage value   0.100


     PROPORTION OF DATA PRESENT


           Covariance Coverage
              AHRZ_COL      BHRZ_COL      CHRZ_COL      DHRZ_COL
              ________      ________      ________      ________
 AHRZ_COL       1.000
 BHRZ_COL       0.714         0.714
 CHRZ_COL       0.679         0.625         0.679
 DHRZ_COL       0.660         0.604         0.599         0.660


SAMPLE STATISTICS


     ESTIMATED SAMPLE STATISTICS


           Means
              AHRZ_COL      BHRZ_COL      CHRZ_COL      DHRZ_COL
              ________      ________      ________      ________
               72.173        71.506        72.325        71.793


           Covariances
              AHRZ_COL      BHRZ_COL      CHRZ_COL      DHRZ_COL
              ________      ________      ________      ________
 AHRZ_COL     290.975
 BHRZ_COL     207.573       288.433
 CHRZ_COL     198.321       214.571       298.219
 DHRZ_COL     197.816       205.448       215.192       289.343


           Correlations
              AHRZ_COL      BHRZ_COL      CHRZ_COL      DHRZ_COL
              ________      ________      ________      ________
 AHRZ_COL       1.000
 BHRZ_COL       0.717         1.000
 CHRZ_COL       0.673         0.732         1.000
 DHRZ_COL       0.682         0.711         0.733         1.000


     MAXIMUM LOG-LIKELIHOOD VALUE FOR THE UNRESTRICTED (H1) MODEL IS -10471.940


UNIVARIATE SAMPLE STATISTICS


     UNIVARIATE HIGHER-ORDER MOMENT DESCRIPTIVE STATISTICS

         Variable/         Mean/     Skewness/   Minimum/ % with                Percentiles
        Sample Size      Variance    Kurtosis    Maximum  Min/Max      20%/60%    40%/80%    Median

     AHRZ_COL             72.173      -0.669       6.250    0.12%      62.500     68.750     75.000
             863.000     290.975       0.612     100.000    6.49%      75.000     87.500
     BHRZ_COL             71.320      -0.620      12.500    0.32%      56.250     68.750     75.000
             616.000     286.968       0.425     100.000    5.03%      75.000     87.500
     CHRZ_COL             72.259      -0.675       6.250    0.17%      56.250     68.750     75.000
             586.000     298.787       0.559     100.000    6.31%      75.000     87.500
     DHRZ_COL             71.703      -0.681       6.250    0.35%      56.250     68.750     75.000
             570.000     292.844       0.623     100.000    5.09%      75.000     87.500


THE MODEL ESTIMATION TERMINATED NORMALLY



MODEL FIT INFORMATION

Number of Free Parameters                        8

Loglikelihood

          H0 Value                      -10452.924
          H0 Scaling Correction Factor      1.4135
            for MLR

Information Criteria

          Akaike (AIC)                   20921.849
          Bayesian (BIC)                 20959.932
          Sample-Size Adjusted BIC       20934.526
            (n* = (n + 2) / 24)



MODEL RESULTS

                                                    Two-Tailed
                    Estimate       S.E.  Est./S.E.    P-Value

 P1       BY
    AHRZ_COL           1.000      0.000    999.000    999.000

 P2       BY
    BHRZ_COL           1.000      0.000    999.000    999.000

 P3       BY
    CHRZ_COL           1.000      0.000    999.000    999.000

 P4       BY
    DHRZ_COL           1.000      0.000    999.000    999.000

 P4         ON
    P3                 0.119      0.053      2.218      0.027

 P3         ON
    P2                 0.119      0.053      2.218      0.027

 P2         ON
    P1                 0.119      0.053      2.218      0.027

 S_HRZ_CO WITH
    I_HRZ_COL         -1.890      0.757     -2.496      0.013

 Means
    P1                 0.000      0.000    999.000    999.000
    I_HRZ_COL         71.699      0.528    135.792      0.000
    S_HRZ_COL          0.276      0.045      6.076      0.000

 Intercepts
    AHRZ_COL           0.000      0.000    999.000    999.000
    BHRZ_COL           0.000      0.000    999.000    999.000
    CHRZ_COL           0.000      0.000    999.000    999.000
    DHRZ_COL           0.000      0.000    999.000    999.000
    P2                 0.000      0.000    999.000    999.000
    P3                 0.000      0.000    999.000    999.000
    P4                 0.000      0.000    999.000    999.000

 Variances
    P1                97.390     11.187      8.706      0.000
    I_HRZ_COL        184.809     15.583     11.860      0.000
    S_HRZ_COL          0.082      0.111      0.739      0.460

 Residual Variances
    AHRZ_COL           0.000      0.000    999.000    999.000
    BHRZ_COL           0.000      0.000    999.000    999.000
    CHRZ_COL           0.000      0.000    999.000    999.000
    DHRZ_COL           0.000      0.000    999.000    999.000
    P2                88.196      5.180     17.027      0.000
    P3                88.196      5.180     17.027      0.000
    P4                88.196      5.180     17.027      0.000


QUALITY OF NUMERICAL RESULTS

     Condition Number for the Information Matrix              0.443E-03
       (ratio of smallest to largest eigenvalue)


     Beginning Time:  13:59:48
        Ending Time:  13:59:52
       Elapsed Time:  00:00:04



MUTHEN & MUTHEN
3463 Stoner Ave.
Los Angeles, CA  90066

Tel: (310) 391-9971
Fax: (310) 391-8971
Web: www.StatModel.com
Support: Support@StatModel.com

Copyright (c) 1998-2017 Muthen & Muthen
