Mplus VERSION 6.12
MUTHEN & MUTHEN
03/09/2016   6:55 PM

INPUT INSTRUCTIONS


  title: PxVx Univariate - Nat Lin BFA_AC with Lin USI;
  data: file = E:\Projects\lnt_pxvx\Data\LT_227.txt;


  variable:
  names =
  subjid
  Sample
  aGENDER
  aAGE
  aethnic1
  aethnic2
  aedu_mom
  aedu_dad
  aEDUCATN
  bEDUCATN
  cEDUCATN
  aEMPLOYD
  bEMPLOYD
  cEMPLOYD
  dEMPLOYD
  aINCOME
  bINCOME
  cINCOME
  dINCOME
  aS_SCALE
  bS_SCALE
  cS_SCALE
  dS_SCALE
  aD_SCALE
  bD_SCALE
  cD_SCALE
  dD_SCALE
  aS_COMP
  bS_COMP
  cS_COMP
  dS_COMP
  aD_COMP
  bD_COMP
  cD_COMP
  dD_COMP
  aBFI_A
  aBFI_A6
  aBFI_C
  aBFI_E
  aBFI_HP
  aBFI_N
  aBFI_O
  bBFI_A
  bBFI_A6
  bBFI_C
  bBFI_E
  bBFI_HP
  bBFI_N
  bBFI_O
  cBFI_A
  cBFI_A6
  cBFI_C
  cBFI_E
  cBFI_HP
  cBFI_N
  cBFI_O
  dBFI_A
  dBFI_A6
  dBFI_C
  dBFI_E
  dBFI_HP
  dBFI_N
  dBFI_O
  aBFA_AC
  aBFA_AP
  aBFA_CI
  aBFA_CO
  aBFA_EA
  aBFA_EE
  aBFA_N9
  aBFA_NV
  aBFA_NW
  aBFA_OI
  aBFA_OO
  aBFA_PS
  aBFA_MT
  bBFA_AC
  bBFA_AP
  bBFA_CI
  bBFA_CO
  bBFA_EA
  bBFA_EE
  bBFA_N9
  bBFA_NV
  bBFA_NW
  bBFA_OI
  bBFA_OO
  bBFA_MT
  bBFA_PS
  cBFA_AC
  cBFA_AP
  cBFA_CI
  cBFA_CO
  cBFA_EA
  cBFA_EE
  cBFA_N9
  cBFA_NV
  cBFA_NW
  cBFA_OI
  cBFA_OO
  cBFA_MT
  cBFA_PS
  dBFA_AC
  dBFA_AP
  dBFA_CI
  dBFA_CO
  dBFA_EA
  dBFA_EE
  dBFA_N9
  dBFA_NV
  dBFA_NW
  dBFA_OI
  dBFA_OO
  dBFA_MT
  dBFA_PS
  aUSI
  bUSI
  cUSI
  dUSI
  aHRZ_IND
  bHRZ_IND
  cHRZ_IND
  dHRZ_IND
  aVRT_IND
  bVRT_IND
  cVRT_IND
  dVRT_IND
  aHRZ_COL
  bHRZ_COL
  cHRZ_COL
  dHRZ_COL
  aVRT_COL
  bVRT_COL
  cVRT_COL
  dVRT_COL
  aCOLLCTV
  bCOLLCTV
  cCOLLCTV
  dCOLLCTV
  aMVS
  bMVS
  cMVS
  dMVS
  aST
  bST
  cST
  dST
  aSD
  bSD
  cSD
  dSD
  aMVS_mc
  bMVS_mc
  cMVS_mc
  dMVS_mc
  aST_mc
  bST_mc
  cST_mc
  dST_mc
  aSD_mc
  bSD_mc
  cSD_mc
  dSD_mc
  bMEANING
  cMEANING
  dMEANING
  bMEAN_L
  cMEAN_L
  dMEAN_L
  bMEANNGc
  cMEANNGc
  dMEANNGc
  bMEANGlc
  cMEANGlc
  dMEANGlc
  bCLASSIC
  cCLASSIC
  dCLASSIC
  bCLASSCc
  cCLASSCc
  dCLASSCc
  bAGR_VAL
  cAGR_VAL
  dAGR_VAL
  bOPN_VAL
  cOPN_VAL
  dOPN_VAL
  bAGR_VLc
  cAGR_VLc
  dAGR_VLc
  bOPNVALc
  cOPNVALc
  dOPNVALc
  aMV_pomp
  bMV_pomp
  cMV_pomp
  dMV_pomp
  aST_pomp
  bST_pomp
  cST_pomp
  dST_pomp
  aSD_pomp
  bSD_pomp
  cSD_pomp
  dSD_pomp
  agoal_ec
  bgoal_ec
  cgoal_ec
  dgoal_ec
  aAspfinc
  bAspfinc
  cAspfinc
  dAspfinc
  abfi_hp8
  bbfi_hp8
  cbfi_hp8
  dbfi_hp8
  aP_S_BFI
  aP_D_BFI
  aECgoalc
  bECgoalC
  cECgoalC
  dECgoalC
  aaspfin
  baspfin
  caspfin
  daspfin;


  USEVARIABLES =
  aBFA_AC
  bBFA_AC
  cBFA_AC
  dBFA_AC
  aUSI
  bUSI
  cUSI
  dUSI
  bage_c
  cage_c
  dage_c
  ;

  missing = all (-9999);

  USEOBSERVATIONS are Sample == 1; ! National Sample

  tscores = bage_c cage_c dage_c;

  DEFINE:
  bage_c = aAGE + 1 - 36;
  cage_c = aAGE + 2 - 36;
  dage_c = aAGE + 3 - 36;

  ANALYSIS:
  TYPE=RANDOM;
  PROCESSORS = 8;

  MODEL:

  i_BFA_AC s_BFA_AC | bBFA_AC cBFA_AC dBFA_AC AT bage_c cage_c dage_c;
  i_USI s_USI | bUSI cUSI dUSI AT bage_c cage_c dage_c;


  !After Bollen and Curran initial observation is not part of LGM

  dBFA_AC on cBFA_AC (a); ! Autoregressive paths constrained to equality
  cBFA_AC on bBFA_AC (a);
  bBFA_AC on aBFA_AC (a);

  dUSI on cUSI (b); ! Autoregressive paths constrained to equality
  cUSI on bUSI (b);
  bUSI on aUSI (b);

  bBFA_AC cBFA_AC dBFA_AC (c); !Equality constraint on residuals
  bUSI cUSI dUSI (d); !Equality constraint on residuals

  dUSI on cBFA_AC (x); ! Cross-lagged paths constrained to equality
  cUSI on bBFA_AC (x);
  bUSI on aBFA_AC (x);

  dBFA_AC on cUSI (y); ! Cross-lagged paths constrained to equality
  cBFA_AC on bUSI (y);
  bBFA_AC on aUSI (y);

  dUSI with dBFA_AC (w); ! within-wave correlations constrained to equality
  cUSI with cBFA_AC (w);
  bUSI with bBFA_AC (w);

  aBFA_AC aUSI i_BFA_AC i_USI
  s_BFA_AC
  s_USI
  with
  s_BFA_AC
  s_USI
  aBFA_AC aUSI i_BFA_AC i_USI;



  OUTPUT: SAMPSTAT PATTERNS;



*** WARNING
  Data set contains cases with missing on time scores but non-missing on the
  corresponding dependent variables.  These cases were not included in the analysis.
  Number of such cases:  5
   1 WARNING(S) FOUND IN THE INPUT INSTRUCTIONS



PxVx Univariate - Nat Lin BFA_AC with Lin USI;

SUMMARY OF ANALYSIS

Number of groups                                                 1
Number of observations                                         874

Number of dependent variables                                    6
Number of independent variables                                  2
Number of continuous latent variables                            4

Observed dependent variables

  Continuous
   BBFA_AC     CBFA_AC     DBFA_AC     BUSI        CUSI        DUSI

Observed independent variables
   ABFA_AC     AUSI

Continuous latent variables
   I_BFA_AC    S_BFA_AC    I_USI       S_USI

Variables with special functions

  Time scores
   BAGE_C      CAGE_C      DAGE_C


Estimator                                                      MLR
Information matrix                                        OBSERVED
Maximum number of iterations                                   100
Convergence criterion                                    0.100D-05
Maximum number of EM iterations                                500
Convergence criteria for the EM algorithm
  Loglikelihood change                                   0.100D-02
  Relative loglikelihood change                          0.100D-05
  Derivative                                             0.100D-03
Minimum variance                                         0.100D-03
Maximum number of steepest descent iterations                   20
Maximum number of iterations for H1                           2000
Convergence criterion for H1                             0.100D-03
Optimization algorithm                                         EMA

Input data file(s)
  E:\Projects\lnt_pxvx\Data\LT_227.txt
Input data format  FREE


SUMMARY OF DATA

     Number of missing data patterns            19


SUMMARY OF MISSING DATA PATTERNS


     MISSING DATA PATTERNS (x = not missing)

           1  2  3  4  5  6  7  8  9 10 11 12 13 14 15 16 17 18 19
 BBFA_AC   x     x  x     x     x     x  x  x  x     x     x
 CBFA_AC   x           x  x     x  x     x  x  x        x  x  x
 DBFA_AC   x     x     x  x  x              x  x     x        x  x
 BUSI      x     x  x     x     x        x     x           x  x
 CUSI      x           x        x  x        x  x           x  x
 DUSI      x     x     x  x  x              x  x     x     x  x
 ABFA_AC   x  x  x  x  x  x  x  x  x  x  x  x     x  x  x  x  x  x
 AUSI      x  x  x  x  x  x  x  x  x  x  x  x  x     x  x  x  x  x


     MISSING DATA PATTERN FREQUENCIES

    Pattern   Frequency     Pattern   Frequency     Pattern   Frequency
          1         494           8          46          15           1
          2         169           9          23          16           1
          3          26          10           5          17           1
          4          52          11           1          18           1
          5          21          12           3          19           1
          6           2          13           2
          7          24          14           1


COVARIANCE COVERAGE OF DATA

Minimum covariance coverage value   0.100


     PROPORTION OF DATA PRESENT


           Covariance Coverage
              BBFA_AC       CBFA_AC       DBFA_AC       BUSI          CUSI
              ________      ________      ________      ________      ________
 BBFA_AC        0.724
 CBFA_AC        0.628         0.681
 DBFA_AC        0.604         0.598         0.658
 BUSI           0.714         0.626         0.601         0.715
 CUSI           0.625         0.676         0.596         0.622         0.676
 DUSI           0.605         0.600         0.657         0.602         0.597
 ABFA_AC        0.722         0.678         0.656         0.713         0.674
 AUSI           0.724         0.681         0.658         0.715         0.676


           Covariance Coverage
              DUSI          ABFA_AC       AUSI
              ________      ________      ________
 DUSI           0.658
 ABFA_AC        0.656         0.998
 AUSI           0.658         0.997         0.999


SAMPLE STATISTICS


     ESTIMATED SAMPLE STATISTICS


           Means
              BBFA_AC       CBFA_AC       DBFA_AC       BUSI          CUSI
              ________      ________      ________      ________      ________
 1             77.590        77.203        77.605        28.599        28.619


           Means
              DUSI          ABFA_AC       AUSI
              ________      ________      ________
 1             28.642        77.548        29.097


           Covariances
              BBFA_AC       CBFA_AC       DBFA_AC       BUSI          CUSI
              ________      ________      ________      ________      ________
 BBFA_AC      256.179
 CBFA_AC      212.552       266.453
 DBFA_AC      198.153       215.528       258.824
 BUSI        -106.874      -101.735       -96.087       276.882
 CUSI         -90.323      -102.507       -89.177       214.372       282.131
 DUSI         -91.525       -98.179       -97.854       200.484       221.520
 ABFA_AC      204.027       197.312       196.917       -97.394       -88.469
 AUSI         -99.695       -99.210       -91.857       206.911       203.997


           Covariances
              DUSI          ABFA_AC       AUSI
              ________      ________      ________
 DUSI         263.190
 ABFA_AC      -94.239       264.138
 AUSI         192.758      -106.237       267.279


           Correlations
              BBFA_AC       CBFA_AC       DBFA_AC       BUSI          CUSI
              ________      ________      ________      ________      ________
 BBFA_AC        1.000
 CBFA_AC        0.814         1.000
 DBFA_AC        0.770         0.821         1.000
 BUSI          -0.401        -0.375        -0.359         1.000
 CUSI          -0.336        -0.374        -0.330         0.767         1.000
 DUSI          -0.352        -0.371        -0.375         0.743         0.813
 ABFA_AC        0.784         0.744         0.753        -0.360        -0.324
 AUSI          -0.381        -0.372        -0.349         0.761         0.743


           Correlations
              DUSI          ABFA_AC       AUSI
              ________      ________      ________
 DUSI           1.000
 ABFA_AC       -0.357         1.000
 AUSI           0.727        -0.400         1.000


     MAXIMUM LOG-LIKELIHOOD VALUE FOR THE UNRESTRICTED (H1) MODEL IS -20454.550


THE MODEL ESTIMATION TERMINATED NORMALLY



MODEL FIT INFORMATION

Number of Free Parameters                       34

Loglikelihood

          H0 Value                      -20451.196
          H0 Scaling Correction Factor       1.196
            for MLR

Information Criteria

          Akaike (AIC)                   40970.391
          Bayesian (BIC)                 41132.676
          Sample-Size Adjusted BIC       41024.700
            (n* = (n + 2) / 24)



MODEL RESULTS

                                                    Two-Tailed
                    Estimate       S.E.  Est./S.E.    P-Value

 DBFA_AC    ON
    CBFA_AC            0.148      0.040      3.683      0.000
    CUSI              -0.023      0.041     -0.559      0.576

 CBFA_AC    ON
    BBFA_AC            0.148      0.040      3.683      0.000
    BUSI              -0.023      0.041     -0.559      0.576

 BBFA_AC    ON
    ABFA_AC            0.148      0.040      3.683      0.000
    AUSI              -0.023      0.041     -0.559      0.576

 DUSI       ON
    CUSI               0.151      0.051      2.961      0.003
    CBFA_AC           -0.009      0.035     -0.261      0.794

 CUSI       ON
    BUSI               0.151      0.051      2.961      0.003
    BBFA_AC           -0.009      0.035     -0.261      0.794

 BUSI       ON
    AUSI               0.151      0.051      2.961      0.003
    ABFA_AC           -0.009      0.035     -0.261      0.794

 S_BFA_AC WITH
    I_BFA_AC          -1.029      0.403     -2.550      0.011

 I_USI    WITH
    I_BFA_AC         -59.249     15.113     -3.920      0.000
    S_BFA_AC           0.383      1.868      0.205      0.838

 S_USI    WITH
    I_BFA_AC           0.768      1.899      0.405      0.686
    S_BFA_AC          -0.027      0.028     -0.959      0.338
    I_USI              0.024      0.351      0.068      0.946

 ABFA_AC  WITH
    I_BFA_AC         164.522     14.844     11.083      0.000
    S_BFA_AC          -0.317      0.538     -0.590      0.555
    I_USI            -76.514     12.587     -6.079      0.000
    S_USI             -0.035      0.474     -0.074      0.941

 AUSI     WITH
    I_BFA_AC         -77.385     13.379     -5.784      0.000
    S_BFA_AC           0.916      0.539      1.702      0.089
    I_USI            163.281     15.167     10.766      0.000
    S_USI              0.802      0.515      1.558      0.119

 DUSI     WITH
    DBFA_AC           -9.359      2.877     -3.253      0.001

 CUSI     WITH
    CBFA_AC           -9.359      2.877     -3.253      0.001

 BUSI     WITH
    BBFA_AC           -9.359      2.877     -3.253      0.001

 AUSI     WITH
    ABFA_AC         -106.257      9.679    -10.978      0.000

 Means
    ABFA_AC           77.513      0.551    140.581      0.000
    AUSI              29.082      0.554     52.516      0.000
    I_BFA_AC          66.793      3.175     21.037      0.000
    S_BFA_AC           0.024      0.032      0.752      0.452
    I_USI             25.028      2.799      8.943      0.000
    S_USI             -0.031      0.031     -1.002      0.316

 Intercepts
    BBFA_AC            0.000      0.000    999.000    999.000
    CBFA_AC            0.000      0.000    999.000    999.000
    DBFA_AC            0.000      0.000    999.000    999.000
    BUSI               0.000      0.000    999.000    999.000
    CUSI               0.000      0.000    999.000    999.000
    DUSI               0.000      0.000    999.000    999.000

 Variances
    ABFA_AC          264.214     14.755     17.906      0.000
    AUSI             267.278     10.777     24.800      0.000
    I_BFA_AC         140.966     20.179      6.986      0.000
    S_BFA_AC           0.050      0.044      1.132      0.258
    I_USI            138.312     22.809      6.064      0.000
    S_USI              0.051      0.036      1.435      0.151

 Residual Variances
    BBFA_AC           56.441      3.819     14.780      0.000
    CBFA_AC           56.441      3.819     14.780      0.000
    DBFA_AC           56.441      3.819     14.780      0.000
    BUSI              68.182      4.680     14.567      0.000
    CUSI              68.182      4.680     14.567      0.000
    DUSI              68.182      4.680     14.567      0.000


QUALITY OF NUMERICAL RESULTS

     Condition Number for the Information Matrix              0.149E-05
       (ratio of smallest to largest eigenvalue)


     Beginning Time:  18:55:56
        Ending Time:  18:56:15
       Elapsed Time:  00:00:19



MUTHEN & MUTHEN
3463 Stoner Ave.
Los Angeles, CA  90066

Tel: (310) 391-9971
Fax: (310) 391-8971
Web: www.StatModel.com
Support: Support@StatModel.com

Copyright (c) 1998-2011 Muthen & Muthen
