Mplus VERSION 6.12
MUTHEN & MUTHEN
03/09/2016   8:23 PM

INPUT INSTRUCTIONS


  title: PxVx Univariate - Nat Lin BFI_N with Lin HRZ_IND;
  data: file = E:\Projects\lnt_pxvx\Data\LT_227.txt;


  variable:
  names =
  subjid
  Sample
  aGENDER
  aAGE
  aethnic1
  aethnic2
  aedu_mom
  aedu_dad
  aEDUCATN
  bEDUCATN
  cEDUCATN
  aEMPLOYD
  bEMPLOYD
  cEMPLOYD
  dEMPLOYD
  aINCOME
  bINCOME
  cINCOME
  dINCOME
  aS_SCALE
  bS_SCALE
  cS_SCALE
  dS_SCALE
  aD_SCALE
  bD_SCALE
  cD_SCALE
  dD_SCALE
  aS_COMP
  bS_COMP
  cS_COMP
  dS_COMP
  aD_COMP
  bD_COMP
  cD_COMP
  dD_COMP
  aBFI_A
  aBFI_A6
  aBFI_C
  aBFI_E
  aBFI_HP
  aBFI_N
  aBFI_O
  bBFI_A
  bBFI_A6
  bBFI_C
  bBFI_E
  bBFI_HP
  bBFI_N
  bBFI_O
  cBFI_A
  cBFI_A6
  cBFI_C
  cBFI_E
  cBFI_HP
  cBFI_N
  cBFI_O
  dBFI_A
  dBFI_A6
  dBFI_C
  dBFI_E
  dBFI_HP
  dBFI_N
  dBFI_O
  aBFA_AC
  aBFA_AP
  aBFA_CI
  aBFA_CO
  aBFA_EA
  aBFA_EE
  aBFA_N9
  aBFA_NV
  aBFA_NW
  aBFA_OI
  aBFA_OO
  aBFA_PS
  aBFA_MT
  bBFA_AC
  bBFA_AP
  bBFA_CI
  bBFA_CO
  bBFA_EA
  bBFA_EE
  bBFA_N9
  bBFA_NV
  bBFA_NW
  bBFA_OI
  bBFA_OO
  bBFA_MT
  bBFA_PS
  cBFA_AC
  cBFA_AP
  cBFA_CI
  cBFA_CO
  cBFA_EA
  cBFA_EE
  cBFA_N9
  cBFA_NV
  cBFA_NW
  cBFA_OI
  cBFA_OO
  cBFA_MT
  cBFA_PS
  dBFA_AC
  dBFA_AP
  dBFA_CI
  dBFA_CO
  dBFA_EA
  dBFA_EE
  dBFA_N9
  dBFA_NV
  dBFA_NW
  dBFA_OI
  dBFA_OO
  dBFA_MT
  dBFA_PS
  aUSI
  bUSI
  cUSI
  dUSI
  aHRZ_IND
  bHRZ_IND
  cHRZ_IND
  dHRZ_IND
  aVRT_IND
  bVRT_IND
  cVRT_IND
  dVRT_IND
  aHRZ_COL
  bHRZ_COL
  cHRZ_COL
  dHRZ_COL
  aVRT_COL
  bVRT_COL
  cVRT_COL
  dVRT_COL
  aCOLLCTV
  bCOLLCTV
  cCOLLCTV
  dCOLLCTV
  aMVS
  bMVS
  cMVS
  dMVS
  aST
  bST
  cST
  dST
  aSD
  bSD
  cSD
  dSD
  aMVS_mc
  bMVS_mc
  cMVS_mc
  dMVS_mc
  aST_mc
  bST_mc
  cST_mc
  dST_mc
  aSD_mc
  bSD_mc
  cSD_mc
  dSD_mc
  bMEANING
  cMEANING
  dMEANING
  bMEAN_L
  cMEAN_L
  dMEAN_L
  bMEANNGc
  cMEANNGc
  dMEANNGc
  bMEANGlc
  cMEANGlc
  dMEANGlc
  bCLASSIC
  cCLASSIC
  dCLASSIC
  bCLASSCc
  cCLASSCc
  dCLASSCc
  bAGR_VAL
  cAGR_VAL
  dAGR_VAL
  bOPN_VAL
  cOPN_VAL
  dOPN_VAL
  bAGR_VLc
  cAGR_VLc
  dAGR_VLc
  bOPNVALc
  cOPNVALc
  dOPNVALc
  aMV_pomp
  bMV_pomp
  cMV_pomp
  dMV_pomp
  aST_pomp
  bST_pomp
  cST_pomp
  dST_pomp
  aSD_pomp
  bSD_pomp
  cSD_pomp
  dSD_pomp
  agoal_ec
  bgoal_ec
  cgoal_ec
  dgoal_ec
  aAspfinc
  bAspfinc
  cAspfinc
  dAspfinc
  abfi_hp8
  bbfi_hp8
  cbfi_hp8
  dbfi_hp8
  aP_S_BFI
  aP_D_BFI
  aECgoalc
  bECgoalC
  cECgoalC
  dECgoalC
  aaspfin
  baspfin
  caspfin
  daspfin;


  USEVARIABLES =
  aBFI_N
  bBFI_N
  cBFI_N
  dBFI_N
  aHRZ_IND
  bHRZ_IND
  cHRZ_IND
  dHRZ_IND
  bage_c
  cage_c
  dage_c
  ;

  missing = all (-9999);

  USEOBSERVATIONS are Sample == 1; ! National Sample

  tscores = bage_c cage_c dage_c;

  DEFINE:
  bage_c = aAGE + 1 - 36;
  cage_c = aAGE + 2 - 36;
  dage_c = aAGE + 3 - 36;

  ANALYSIS:
  TYPE=RANDOM;
  PROCESSORS = 8;

  MODEL:

  i_BFI_N s_BFI_N | bBFI_N cBFI_N dBFI_N AT bage_c cage_c dage_c;
  i_HRZ_IND s_HRZ_IND | bHRZ_IND cHRZ_IND dHRZ_IND AT bage_c cage_c dage_c;


  !After Bollen and Curran initial observation is not part of LGM

  dBFI_N on cBFI_N (a); ! Autoregressive paths constrained to equality
  cBFI_N on bBFI_N (a);
  bBFI_N on aBFI_N (a);

  dHRZ_IND on cHRZ_IND (b); ! Autoregressive paths constrained to equality
  cHRZ_IND on bHRZ_IND (b);
  bHRZ_IND on aHRZ_IND (b);

  bBFI_N cBFI_N dBFI_N (c); !Equality constraint on residuals
  bHRZ_IND cHRZ_IND dHRZ_IND (d); !Equality constraint on residuals

  dHRZ_IND on cBFI_N (x); ! Cross-lagged paths constrained to equality
  cHRZ_IND on bBFI_N (x);
  bHRZ_IND on aBFI_N (x);

  dBFI_N on cHRZ_IND (y); ! Cross-lagged paths constrained to equality
  cBFI_N on bHRZ_IND (y);
  bBFI_N on aHRZ_IND (y);

  dHRZ_IND with dBFI_N (w); ! within-wave correlations constrained to equality
  cHRZ_IND with cBFI_N (w);
  bHRZ_IND with bBFI_N (w);

  aBFI_N aHRZ_IND i_BFI_N i_HRZ_IND
  s_BFI_N
  s_HRZ_IND
  with
  s_BFI_N
  s_HRZ_IND
  aBFI_N aHRZ_IND i_BFI_N i_HRZ_IND;



  OUTPUT: SAMPSTAT PATTERNS;



*** WARNING
  Variable name contains more than 8 characters.
  Only the first 8 characters will be printed in the output.
  Variable: I_HRZ_IND
*** WARNING
  Variable name contains more than 8 characters.
  Only the first 8 characters will be printed in the output.
  Variable: S_HRZ_IND
*** WARNING
  Data set contains cases with missing on time scores but non-missing on the
  corresponding dependent variables.  These cases were not included in the analysis.
  Number of such cases:  5
   3 WARNING(S) FOUND IN THE INPUT INSTRUCTIONS



PxVx Univariate - Nat Lin BFI_N with Lin HRZ_IND;

SUMMARY OF ANALYSIS

Number of groups                                                 1
Number of observations                                         874

Number of dependent variables                                    6
Number of independent variables                                  2
Number of continuous latent variables                            4

Observed dependent variables

  Continuous
   BBFI_N      CBFI_N      DBFI_N      BHRZ_IND    CHRZ_IND    DHRZ_IND

Observed independent variables
   ABFI_N      AHRZ_IND

Continuous latent variables
   I_BFI_N     S_BFI_N     I_HRZ_IN    S_HRZ_IN

Variables with special functions

  Time scores
   BAGE_C      CAGE_C      DAGE_C


Estimator                                                      MLR
Information matrix                                        OBSERVED
Maximum number of iterations                                   100
Convergence criterion                                    0.100D-05
Maximum number of EM iterations                                500
Convergence criteria for the EM algorithm
  Loglikelihood change                                   0.100D-02
  Relative loglikelihood change                          0.100D-05
  Derivative                                             0.100D-03
Minimum variance                                         0.100D-03
Maximum number of steepest descent iterations                   20
Maximum number of iterations for H1                           2000
Convergence criterion for H1                             0.100D-03
Optimization algorithm                                         EMA

Input data file(s)
  E:\Projects\lnt_pxvx\Data\LT_227.txt
Input data format  FREE


SUMMARY OF DATA

     Number of missing data patterns            20


SUMMARY OF MISSING DATA PATTERNS


     MISSING DATA PATTERNS (x = not missing)

           1  2  3  4  5  6  7  8  9 10 11 12 13 14 15 16 17 18 19 20
 BBFI_N    x     x  x     x     x     x  x  x  x        x     x
 CBFI_N    x           x  x     x  x     x  x  x           x  x  x
 DBFI_N    x     x     x  x  x           x     x  x     x        x  x
 BHRZ_IND  x     x  x     x     x        x  x                 x
 CHRZ_IND  x           x        x  x     x     x              x  x
 DHRZ_IND  x     x     x  x  x                 x  x     x     x
 ABFI_N    x  x  x  x  x  x  x  x  x  x  x  x  x     x  x  x  x  x  x
 AHRZ_IND  x  x  x  x  x  x  x  x  x  x  x  x  x  x     x  x  x  x  x


     MISSING DATA PATTERN FREQUENCIES

    Pattern   Frequency     Pattern   Frequency     Pattern   Frequency
          1         497           8          45          15           1
          2         168           9          21          16           1
          3          26          10           4          17           1
          4          53          11           1          18           1
          5          21          12           1          19           2
          6           2          13           3          20           2
          7          23          14           1


COVARIANCE COVERAGE OF DATA

Minimum covariance coverage value   0.100


     PROPORTION OF DATA PRESENT


           Covariance Coverage
              BBFI_N        CBFI_N        DBFI_N        BHRZ_IND      CHRZ_IND
              ________      ________      ________      ________      ________
 BBFI_N         0.725
 CBFI_N         0.629         0.681
 DBFI_N         0.606         0.602         0.662
 BHRZ_IND       0.716         0.626         0.602         0.716
 CHRZ_IND       0.626         0.676         0.600         0.622         0.676
 DHRZ_IND       0.606         0.600         0.657         0.602         0.597
 ABFI_N         0.725         0.681         0.661         0.716         0.676
 AHRZ_IND       0.725         0.681         0.662         0.716         0.676


           Covariance Coverage
              DHRZ_IND      ABFI_N        AHRZ_IND
              ________      ________      ________
 DHRZ_IND       0.658
 ABFI_N         0.657         0.999
 AHRZ_IND       0.658         0.998         0.999


SAMPLE STATISTICS


     ESTIMATED SAMPLE STATISTICS


           Means
              BBFI_N        CBFI_N        DBFI_N        BHRZ_IND      CHRZ_IND
              ________      ________      ________      ________      ________
 1             49.013        48.028        47.875        74.338        74.452


           Means
              DHRZ_IND      ABFI_N        AHRZ_IND
              ________      ________      ________
 1             73.536        49.507        74.432


           Covariances
              BBFI_N        CBFI_N        DBFI_N        BHRZ_IND      CHRZ_IND
              ________      ________      ________      ________      ________
 BBFI_N       451.811
 CBFI_N       375.786       450.030
 DBFI_N       385.552       404.211       497.490
 BHRZ_IND     -13.374        -6.510       -11.240       252.607
 CHRZ_IND     -10.713        -9.716       -17.972       138.074       241.716
 DHRZ_IND       3.559         6.670        -0.683       153.372       155.719
 ABFI_N       359.320       355.899       370.144       -19.734       -11.157
 AHRZ_IND       2.207        14.627         8.879       140.510       131.817


           Covariances
              DHRZ_IND      ABFI_N        AHRZ_IND
              ________      ________      ________
 DHRZ_IND     250.268
 ABFI_N        -3.082       458.271
 AHRZ_IND     132.832        -8.943       250.170


           Correlations
              BBFI_N        CBFI_N        DBFI_N        BHRZ_IND      CHRZ_IND
              ________      ________      ________      ________      ________
 BBFI_N         1.000
 CBFI_N         0.833         1.000
 DBFI_N         0.813         0.854         1.000
 BHRZ_IND      -0.040        -0.019        -0.032         1.000
 CHRZ_IND      -0.032        -0.029        -0.052         0.559         1.000
 DHRZ_IND       0.011         0.020        -0.002         0.610         0.633
 ABFI_N         0.790         0.784         0.775        -0.058        -0.034
 AHRZ_IND       0.007         0.044         0.025         0.559         0.536


           Correlations
              DHRZ_IND      ABFI_N        AHRZ_IND
              ________      ________      ________
 DHRZ_IND       1.000
 ABFI_N        -0.009         1.000
 AHRZ_IND       0.531        -0.026         1.000


     MAXIMUM LOG-LIKELIHOOD VALUE FOR THE UNRESTRICTED (H1) MODEL IS -21584.728


THE MODEL ESTIMATION TERMINATED NORMALLY



MODEL FIT INFORMATION

Number of Free Parameters                       34

Loglikelihood

          H0 Value                      -21590.171
          H0 Scaling Correction Factor       1.233
            for MLR

Information Criteria

          Akaike (AIC)                   43248.343
          Bayesian (BIC)                 43410.627
          Sample-Size Adjusted BIC       43302.651
            (n* = (n + 2) / 24)



MODEL RESULTS

                                                    Two-Tailed
                    Estimate       S.E.  Est./S.E.    P-Value

 DBFI_N     ON
    CBFI_N             0.116      0.048      2.414      0.016
    CHRZ_IND          -0.057      0.036     -1.573      0.116

 CBFI_N     ON
    BBFI_N             0.116      0.048      2.414      0.016
    BHRZ_IND          -0.057      0.036     -1.573      0.116

 BBFI_N     ON
    ABFI_N             0.116      0.048      2.414      0.016
    AHRZ_IND          -0.057      0.036     -1.573      0.116

 DHRZ_IND   ON
    CHRZ_IND           0.024      0.049      0.494      0.621
    CBFI_N            -0.038      0.041     -0.905      0.366

 CHRZ_IND   ON
    BHRZ_IND           0.024      0.049      0.494      0.621
    BBFI_N            -0.038      0.041     -0.905      0.366

 BHRZ_IND   ON
    AHRZ_IND           0.024      0.049      0.494      0.621
    ABFI_N            -0.038      0.041     -0.905      0.366

 S_BFI_N  WITH
    I_BFI_N           -0.854      0.658     -1.298      0.194

 I_HRZ_IN WITH
    I_BFI_N           11.855     19.888      0.596      0.551
    S_BFI_N           -0.355      2.810     -0.126      0.899

 S_HRZ_IN WITH
    I_BFI_N            0.708      2.813      0.252      0.801
    S_BFI_N            0.036      0.051      0.713      0.476
    I_HRZ_IND         -0.463      0.479     -0.967      0.333

 ABFI_N   WITH
    I_BFI_N          312.344     24.557     12.719      0.000
    S_BFI_N            0.433      0.795      0.545      0.586
    I_HRZ_IND          1.513     19.888      0.076      0.939
    S_HRZ_IND          0.974      0.917      1.063      0.288

 AHRZ_IND WITH
    I_BFI_N           17.453     13.155      1.327      0.185
    S_BFI_N           -0.533      0.658     -0.809      0.418
    I_HRZ_IND        130.458     13.158      9.915      0.000
    S_HRZ_IND          0.091      0.797      0.115      0.909

 DHRZ_IND WITH
    DBFI_N            -4.685      3.528     -1.328      0.184

 CHRZ_IND WITH
    CBFI_N            -4.685      3.528     -1.328      0.184

 BHRZ_IND WITH
    BBFI_N            -4.685      3.528     -1.328      0.184

 AHRZ_IND WITH
    ABFI_N            -8.941     11.988     -0.746      0.456

 Means
    ABFI_N            49.484      0.725     68.223      0.000
    AHRZ_IND          74.432      0.536    138.847      0.000
    I_BFI_N           46.998      3.963     11.859      0.000
    S_BFI_N           -0.098      0.040     -2.470      0.014
    I_HRZ_IND         74.269      4.334     17.135      0.000
    S_HRZ_IND         -0.031      0.041     -0.760      0.447

 Intercepts
    BBFI_N             0.000      0.000    999.000    999.000
    CBFI_N             0.000      0.000    999.000    999.000
    DBFI_N             0.000      0.000    999.000    999.000
    BHRZ_IND           0.000      0.000    999.000    999.000
    CHRZ_IND           0.000      0.000    999.000    999.000
    DHRZ_IND           0.000      0.000    999.000    999.000

 Variances
    ABFI_N           458.382     18.367     24.957      0.000
    AHRZ_IND         250.170     11.357     22.028      0.000
    I_BFI_N          287.962     38.128      7.553      0.000
    S_BFI_N            0.099      0.083      1.188      0.235
    I_HRZ_IND        134.075     19.999      6.704      0.000
    S_HRZ_IND          0.069      0.085      0.813      0.416

 Residual Variances
    BBFI_N            83.735      5.479     15.284      0.000
    CBFI_N            83.735      5.479     15.284      0.000
    DBFI_N            83.735      5.479     15.284      0.000
    BHRZ_IND         101.167      6.477     15.618      0.000
    CHRZ_IND         101.167      6.477     15.618      0.000
    DHRZ_IND         101.167      6.477     15.618      0.000


QUALITY OF NUMERICAL RESULTS

     Condition Number for the Information Matrix              0.427E-07
       (ratio of smallest to largest eigenvalue)


     Beginning Time:  20:23:26
        Ending Time:  20:23:40
       Elapsed Time:  00:00:14



MUTHEN & MUTHEN
3463 Stoner Ave.
Los Angeles, CA  90066

Tel: (310) 391-9971
Fax: (310) 391-8971
Web: www.StatModel.com
Support: Support@StatModel.com

Copyright (c) 1998-2011 Muthen & Muthen
