Mplus VERSION 7 (Mac)
MUTHEN & MUTHEN
06/13/2017   5:53 PM

INPUT INSTRUCTIONS


  title: PxVx Univariate - Inf I_D;
  data: file = /Users/johnflournoy/Documents/lnt_pxvx/Data/LT_informants3.txt;

  variable:
  names =
  subjid
  Sample
  aGENDER
  aAGE
  aethnic1
  aethnic2
  aedu_mom
  aedu_dad
  aEDUCATN
  bEDUCATN
  cEDUCATN
  aEMPLOYD
  bEMPLOYD
  cEMPLOYD
  dEMPLOYD
  aINCOME
  bINCOME
  cINCOME
  dINCOME
  aS_SCALE
  bS_SCALE
  cS_SCALE
  dS_SCALE
  aD_SCALE
  bD_SCALE
  cD_SCALE
  dD_SCALE
  aS_COMP
  bS_COMP
  cS_COMP
  dS_COMP
  aD_COMP
  bD_COMP
  cD_COMP
  dD_COMP
  aBFI_A
  aBFI_A6
  aBFI_C
  aBFI_E
  aBFI_HP
  aBFI_N
  aBFI_O
  bBFI_A
  bBFI_A6
  bBFI_C
  bBFI_E
  bBFI_HP
  bBFI_N
  bBFI_O
  cBFI_A
  cBFI_A6
  cBFI_C
  cBFI_E
  cBFI_HP
  cBFI_N
  cBFI_O
  dBFI_A
  dBFI_A6
  dBFI_C
  dBFI_E
  dBFI_HP
  dBFI_N
  dBFI_O
  aBFA_AC
  aBFA_AP
  aBFA_CI
  aBFA_CO
  aBFA_EA
  aBFA_EE
  aBFA_N9
  aBFA_NV
  aBFA_NW
  aBFA_OI
  aBFA_OO
  aBFA_PS
  aBFA_MT
  bBFA_AC
  bBFA_AP
  bBFA_CI
  bBFA_CO
  bBFA_EA
  bBFA_EE
  bBFA_N9
  bBFA_NV
  bBFA_NW
  bBFA_OI
  bBFA_OO
  bBFA_MT
  bBFA_PS
  cBFA_AC
  cBFA_AP
  cBFA_CI
  cBFA_CO
  cBFA_EA
  cBFA_EE
  cBFA_N9
  cBFA_NV
  cBFA_NW
  cBFA_OI
  cBFA_OO
  cBFA_MT
  cBFA_PS
  dBFA_AC
  dBFA_AP
  dBFA_CI
  dBFA_CO
  dBFA_EA
  dBFA_EE
  dBFA_N9
  dBFA_NV
  dBFA_NW
  dBFA_OI
  dBFA_OO
  dBFA_MT
  dBFA_PS
  aUSI
  bUSI
  cUSI
  dUSI
  aHRZ_IND
  bHRZ_IND
  cHRZ_IND
  dHRZ_IND
  aVRT_IND
  bVRT_IND
  cVRT_IND
  dVRT_IND
  aHRZ_COL
  bHRZ_COL
  cHRZ_COL
  dHRZ_COL
  aVRT_COL
  bVRT_COL
  cVRT_COL
  dVRT_COL
  aCOLLCTV
  bCOLLCTV
  cCOLLCTV
  dCOLLCTV
  aMVS
  bMVS
  cMVS
  dMVS
  aST
  bST
  cST
  dST
  aSD
  bSD
  cSD
  dSD
  aMVS_mc
  bMVS_mc
  cMVS_mc
  dMVS_mc
  aST_mc
  bST_mc
  cST_mc
  dST_mc
  aSD_mc
  bSD_mc
  cSD_mc
  dSD_mc
  bMEANING
  cMEANING
  dMEANING
  bMEAN_L
  cMEAN_L
  dMEAN_L
  bMEANNGc
  cMEANNGc
  dMEANNGc
  bMEANGlc
  cMEANGlc
  dMEANGlc
  bCLASSIC
  cCLASSIC
  dCLASSIC
  bCLASSCc
  cCLASSCc
  dCLASSCc
  bAGR_VAL
  cAGR_VAL
  dAGR_VAL
  bOPN_VAL
  cOPN_VAL
  dOPN_VAL
  bAGR_VLc
  cAGR_VLc
  dAGR_VLc
  bOPNVALc
  cOPNVALc
  dOPNVALc
  aMV_pomp
  bMV_pomp
  cMV_pomp
  dMV_pomp
  aST_pomp
  bST_pomp
  cST_pomp
  dST_pomp
  aSD_pomp
  bSD_pomp
  cSD_pomp
  dSD_pomp
  agoal_eco
  bgoal_eco
  cgoal_eco
  dgoal_eco
  aAspfinc
  bAspfinc
  cAspfinc
  dAspfinc
  abfi_hp8
  bbfi_hp8
  cbfi_hp8
  dbfi_hp8
  aP_S_BFI
  aP_D_BFI
  aECgoalc
  bECgoalC
  cECgoalC
  dECgoalC
  aasp_fin
  basp_fin
  casp_fin
  dasp_fin
  aasp_mn2
  basp_mn2
  casp_mn2
  dasp_mn2
  aas12mc2
  aas13mc2
  aas14mc2
  aas15mc2
  aas16mc2
  bas12mc2
  bas13mc2
  bas14mc2
  bas15mc2
  bas16mc2
  cas12mc2
  cas13mc2
  cas14mc2
  cas15mc2
  cas16mc2
  das12mc2
  das13mc2
  das14mc2
  das15mc2
  das16mc2
  aas_f_c2
  bas_f_c2
  cas_f_c2
  das_f_c2
  aI_E
  aI_A
  aI_C
  aI_N
  aI_O
  aI_S
  aI_D
  bI_E
  bI_A
  bI_C
  bI_N
  bI_O
  bI_S
  bI_D
  cI_E
  cI_A
  cI_C
  cI_N
  cI_O
  cI_S
  cI_D
  dI_E
  dI_A
  dI_C
  dI_N
  dI_O
  dI_S
  dI_D
  T1_any_I
  T2_any_I
  T3_any_I
  T4_any_I
  aI_H
  bI_H
  cI_H
  dI_H
  aMVI_POMP
  bMVI_POMP
  cMVI_POMP
  dMVI_POMP;

  USEVARIABLES =
  aI_D
  bI_D
  cI_D
  dI_D
  aage_c
  bage_c
  cage_c
  dage_c
  ;

  missing = all (-9999);



  USEOBSERVATIONS are Sample == 1; ! National Sample, informant's data


  tscores = aage_c bage_c cage_c dage_c;

  DEFINE:
  aage_c = aAGE + 0 - 20.5;
  bage_c = aAGE + 1 - 20.5;
  cage_c = aAGE + 2 - 20.5;
  dage_c = aAGE + 3 - 20.5;


  ANALYSIS:
  TYPE=RANDOM;
  PROCESSORS = 4;

  MODEL:

  i_I_D s_I_D |  aI_D bI_D cI_D dI_D AT aage_c bage_c cage_c dage_c;

  !residual variances on observed scores set to 0s
  aI_D (r);
  bI_D (r);
  cI_D (r);
  dI_D (r);


  OUTPUT: SAMPSTAT PATTERNS;



*** WARNING
  Variable name contains more than 8 characters.
  Only the first 8 characters will be printed in the output.
  Variable: AGOAL_ECO
*** WARNING
  Variable name contains more than 8 characters.
  Only the first 8 characters will be printed in the output.
  Variable: BGOAL_ECO
*** WARNING
  Variable name contains more than 8 characters.
  Only the first 8 characters will be printed in the output.
  Variable: CGOAL_ECO
*** WARNING
  Variable name contains more than 8 characters.
  Only the first 8 characters will be printed in the output.
  Variable: DGOAL_ECO
*** WARNING
  Variable name contains more than 8 characters.
  Only the first 8 characters will be printed in the output.
  Variable: AMVI_POMP
*** WARNING
  Variable name contains more than 8 characters.
  Only the first 8 characters will be printed in the output.
  Variable: BMVI_POMP
*** WARNING
  Variable name contains more than 8 characters.
  Only the first 8 characters will be printed in the output.
  Variable: CMVI_POMP
*** WARNING
  Variable name contains more than 8 characters.
  Only the first 8 characters will be printed in the output.
  Variable: DMVI_POMP
*** WARNING
  Data set contains cases with missing on time scores but non-missing on the
  corresponding dependent variables.  These cases were not included in the analysis.
  Number of such cases:  13
   9 WARNING(S) FOUND IN THE INPUT INSTRUCTIONS



PxVx Univariate - Inf I_D;

SUMMARY OF ANALYSIS

Number of groups                                                 1
Number of observations                                         595

Number of dependent variables                                    4
Number of independent variables                                  0
Number of continuous latent variables                            2

Observed dependent variables

  Continuous
   AI_D        BI_D        CI_D        DI_D

Continuous latent variables
   I_I_D       S_I_D

Variables with special functions

  Time scores
   AAGE_C      BAGE_C      CAGE_C      DAGE_C


Estimator                                                      MLR
Information matrix                                        OBSERVED
Maximum number of iterations                                   100
Convergence criterion                                    0.100D-05
Maximum number of EM iterations                                500
Convergence criteria for the EM algorithm
  Loglikelihood change                                   0.100D-02
  Relative loglikelihood change                          0.100D-05
  Derivative                                             0.100D-03
Minimum variance                                         0.100D-03
Maximum number of steepest descent iterations                   20
Maximum number of iterations for H1                           2000
Convergence criterion for H1                             0.100D-03
Optimization algorithm                                         EMA

Input data file(s)
  /Users/johnflournoy/Documents/lnt_pxvx/Data/LT_informants3.txt
Input data format  FREE


SUMMARY OF DATA

     Number of missing data patterns            15


SUMMARY OF MISSING DATA PATTERNS


     MISSING DATA PATTERNS (x = not missing)

           1  2  3  4  5  6  7  8  9 10 11 12 13 14 15
 AI_D      x  x           x     x           x  x  x  x
 BI_D      x           x  x  x  x  x  x           x
 CI_D      x     x           x  x  x     x     x     x
 DI_D      x        x     x  x        x  x  x        x


     MISSING DATA PATTERN FREQUENCIES

    Pattern   Frequency     Pattern   Frequency     Pattern   Frequency
          1         173           6          23          11          16
          2         103           7          38          12          14
          3          25           8          40          13          17
          4          24           9          23          14          32
          5          24          10          20          15          23


COVARIANCE COVERAGE OF DATA

Minimum covariance coverage value   0.100


     PROPORTION OF DATA PRESENT


           Covariance Coverage
              AI_D          BI_D          CI_D          DI_D
              ________      ________      ________      ________
 AI_D           0.714
 BI_D           0.450         0.627
 CI_D           0.425         0.461         0.597
 DI_D           0.392         0.427         0.420         0.556


SAMPLE STATISTICS


     ESTIMATED SAMPLE STATISTICS


           Means
              AI_D          BI_D          CI_D          DI_D
              ________      ________      ________      ________
 1             66.115        67.188        64.856        65.319


           Covariances
              AI_D          BI_D          CI_D          DI_D
              ________      ________      ________      ________
 AI_D         270.407
 BI_D         164.439       278.551
 CI_D         153.139       188.464       284.842
 DI_D         157.668       197.634       191.610       306.412


           Correlations
              AI_D          BI_D          CI_D          DI_D
              ________      ________      ________      ________
 AI_D           1.000
 BI_D           0.599         1.000
 CI_D           0.552         0.669         1.000
 DI_D           0.548         0.676         0.649         1.000


     MAXIMUM LOG-LIKELIHOOD VALUE FOR THE UNRESTRICTED (H1) MODEL IS -6031.453


THE MODEL ESTIMATION TERMINATED NORMALLY



MODEL FIT INFORMATION

Number of Free Parameters                        6

Loglikelihood

          H0 Value                       -6042.574
          H0 Scaling Correction Factor      1.1192
            for MLR

Information Criteria

          Akaike (AIC)                   12097.149
          Bayesian (BIC)                 12123.480
          Sample-Size Adjusted BIC       12104.432
            (n* = (n + 2) / 24)



MODEL RESULTS

                                                    Two-Tailed
                    Estimate       S.E.  Est./S.E.    P-Value

 S_I_D    WITH
    I_I_D             -1.045      2.543     -0.411      0.681

 Means
    I_I_D             64.708      1.163     55.659      0.000
    S_I_D              0.072      0.060      1.208      0.227

 Intercepts
    AI_D               0.000      0.000    999.000    999.000
    BI_D               0.000      0.000    999.000    999.000
    CI_D               0.000      0.000    999.000    999.000
    DI_D               0.000      0.000    999.000    999.000

 Variances
    I_I_D            177.235     39.963      4.435      0.000
    S_I_D              0.080      0.137      0.586      0.558

 Residual Variances
    AI_D             109.697      6.487     16.911      0.000
    BI_D             109.697      6.487     16.911      0.000
    CI_D             109.697      6.487     16.911      0.000
    DI_D             109.697      6.487     16.911      0.000


QUALITY OF NUMERICAL RESULTS

     Condition Number for the Information Matrix              0.435E-04
       (ratio of smallest to largest eigenvalue)


     Beginning Time:  17:53:17
        Ending Time:  17:53:17
       Elapsed Time:  00:00:00



MUTHEN & MUTHEN
3463 Stoner Ave.
Los Angeles, CA  90066

Tel: (310) 391-9971
Fax: (310) 391-8971
Web: www.StatModel.com
Support: Support@StatModel.com

Copyright (c) 1998-2012 Muthen & Muthen
