Mplus VERSION 6.12
MUTHEN & MUTHEN
03/09/2016   6:17 PM

INPUT INSTRUCTIONS


  title: PxVx Univariate - Col Lin BFA_CI with Lin VRT_COL;
  data: file = E:\Projects\lnt_pxvx\Data\LT_227.txt;



  variable:
  names =
  subjid
  Sample
  aGENDER
  aAGE
  aethnic1
  aethnic2
  aedu_mom
  aedu_dad
  aEDUCATN
  bEDUCATN
  cEDUCATN
  aEMPLOYD
  bEMPLOYD
  cEMPLOYD
  dEMPLOYD
  aINCOME
  bINCOME
  cINCOME
  dINCOME
  aS_SCALE
  bS_SCALE
  cS_SCALE
  dS_SCALE
  aD_SCALE
  bD_SCALE
  cD_SCALE
  dD_SCALE
  aS_COMP
  bS_COMP
  cS_COMP
  dS_COMP
  aD_COMP
  bD_COMP
  cD_COMP
  dD_COMP
  aBFI_A
  aBFI_A6
  aBFI_C
  aBFI_E
  aBFI_HP
  aBFI_N
  aBFI_O
  bBFI_A
  bBFI_A6
  bBFI_C
  bBFI_E
  bBFI_HP
  bBFI_N
  bBFI_O
  cBFI_A
  cBFI_A6
  cBFI_C
  cBFI_E
  cBFI_HP
  cBFI_N
  cBFI_O
  dBFI_A
  dBFI_A6
  dBFI_C
  dBFI_E
  dBFI_HP
  dBFI_N
  dBFI_O
  aBFA_AC
  aBFA_AP
  aBFA_CI
  aBFA_CO
  aBFA_EA
  aBFA_EE
  aBFA_N9
  aBFA_NV
  aBFA_NW
  aBFA_OI
  aBFA_OO
  aBFA_PS
  aBFA_MT
  bBFA_AC
  bBFA_AP
  bBFA_CI
  bBFA_CO
  bBFA_EA
  bBFA_EE
  bBFA_N9
  bBFA_NV
  bBFA_NW
  bBFA_OI
  bBFA_OO
  bBFA_MT
  bBFA_PS
  cBFA_AC
  cBFA_AP
  cBFA_CI
  cBFA_CO
  cBFA_EA
  cBFA_EE
  cBFA_N9
  cBFA_NV
  cBFA_NW
  cBFA_OI
  cBFA_OO
  cBFA_MT
  cBFA_PS
  dBFA_AC
  dBFA_AP
  dBFA_CI
  dBFA_CO
  dBFA_EA
  dBFA_EE
  dBFA_N9
  dBFA_NV
  dBFA_NW
  dBFA_OI
  dBFA_OO
  dBFA_MT
  dBFA_PS
  aUSI
  bUSI
  cUSI
  dUSI
  aHRZ_IND
  bHRZ_IND
  cHRZ_IND
  dHRZ_IND
  aVRT_IND
  bVRT_IND
  cVRT_IND
  dVRT_IND
  aHRZ_COL
  bHRZ_COL
  cHRZ_COL
  dHRZ_COL
  aVRT_COL
  bVRT_COL
  cVRT_COL
  dVRT_COL
  aCOLLCTV
  bCOLLCTV
  cCOLLCTV
  dCOLLCTV
  aMVS
  bMVS
  cMVS
  dMVS
  aST
  bST
  cST
  dST
  aSD
  bSD
  cSD
  dSD
  aMVS_mc
  bMVS_mc
  cMVS_mc
  dMVS_mc
  aST_mc
  bST_mc
  cST_mc
  dST_mc
  aSD_mc
  bSD_mc
  cSD_mc
  dSD_mc
  bMEANING
  cMEANING
  dMEANING
  bMEAN_L
  cMEAN_L
  dMEAN_L
  bMEANNGc
  cMEANNGc
  dMEANNGc
  bMEANGlc
  cMEANGlc
  dMEANGlc
  bCLASSIC
  cCLASSIC
  dCLASSIC
  bCLASSCc
  cCLASSCc
  dCLASSCc
  bAGR_VAL
  cAGR_VAL
  dAGR_VAL
  bOPN_VAL
  cOPN_VAL
  dOPN_VAL
  bAGR_VLc
  cAGR_VLc
  dAGR_VLc
  bOPNVALc
  cOPNVALc
  dOPNVALc
  aMV_pomp
  bMV_pomp
  cMV_pomp
  dMV_pomp
  aST_pomp
  bST_pomp
  cST_pomp
  dST_pomp
  aSD_pomp
  bSD_pomp
  cSD_pomp
  dSD_pomp
  agoal_ec
  bgoal_ec
  cgoal_ec
  dgoal_ec
  aAspfinc
  bAspfinc
  cAspfinc
  dAspfinc
  abfi_hp8
  bbfi_hp8
  cbfi_hp8
  dbfi_hp8
  aP_S_BFI
  aP_D_BFI
  aECgoalc
  bECgoalC
  cECgoalC
  dECgoalC
  aaspfin
  baspfin
  caspfin
  daspfin;

  USEVARIABLES =
  aBFA_CI
  bBFA_CI
  cBFA_CI
  dBFA_CI
  aVRT_COL
  bVRT_COL
  cVRT_COL
  dVRT_COL
  bage_c
  cage_c
  dage_c
  ;

  missing = all (-9999);

  USEOBSERVATIONS are Sample == 2; ! College Sample

  tscores = bage_c cage_c dage_c;

  DEFINE:
  bage_c = aAGE + 1 - 20.5;
  cage_c = aAGE + 2 - 20.5;
  dage_c = aAGE + 3 - 20.5;

  ANALYSIS:
  TYPE=RANDOM;
  PROCESSORS = 8;

  MODEL:

  i_BFA_CI s_BFA_CI | bBFA_CI cBFA_CI dBFA_CI AT bage_c cage_c dage_c;
  i_VRT_COL s_VRT_COL | bVRT_COL cVRT_COL dVRT_COL AT bage_c cage_c dage_c;


  !After Bollen and Curran initial observation is not part of LGM

  dBFA_CI on cBFA_CI (a); ! Autoregressive paths constrained to equality
  cBFA_CI on bBFA_CI (a);
  bBFA_CI on aBFA_CI (a);

  dVRT_COL on cVRT_COL (b); ! Autoregressive paths constrained to equality
  cVRT_COL on bVRT_COL (b);
  bVRT_COL on aVRT_COL (b);

  bBFA_CI cBFA_CI dBFA_CI (c); !Equality constraint on residuals
  bVRT_COL cVRT_COL dVRT_COL (d); !Equality constraint on residuals

  dVRT_COL on cBFA_CI (x); ! Cross-lagged paths constrained to equality
  cVRT_COL on bBFA_CI (x);
  bVRT_COL on aBFA_CI (x);

  dBFA_CI on cVRT_COL (y); ! Cross-lagged paths constrained to equality
  cBFA_CI on bVRT_COL (y);
  bBFA_CI on aVRT_COL (y);

  dVRT_COL with dBFA_CI (w); ! within-wave correlations constrained to equality
  cVRT_COL with cBFA_CI (w);
  bVRT_COL with bBFA_CI (w);

  aBFA_CI aVRT_COL i_BFA_CI i_VRT_COL
  s_BFA_CI
  s_VRT_COL
  with
  s_BFA_CI
  s_VRT_COL
  aBFA_CI aVRT_COL i_BFA_CI i_VRT_COL;



  OUTPUT: SAMPSTAT PATTERNS;



*** WARNING
  Variable name contains more than 8 characters.
  Only the first 8 characters will be printed in the output.
  Variable: I_VRT_COL
*** WARNING
  Variable name contains more than 8 characters.
  Only the first 8 characters will be printed in the output.
  Variable: S_VRT_COL
*** WARNING
  Data set contains cases with missing on all variables.
  These cases were not included in the analysis.
  Number of cases with missing on all variables:  1
   3 WARNING(S) FOUND IN THE INPUT INSTRUCTIONS



PxVx Univariate - Col Lin BFA_CI with Lin VRT_COL;

SUMMARY OF ANALYSIS

Number of groups                                                 1
Number of observations                                         279

Number of dependent variables                                    6
Number of independent variables                                  2
Number of continuous latent variables                            4

Observed dependent variables

  Continuous
   BBFA_CI     CBFA_CI     DBFA_CI     BVRT_COL    CVRT_COL    DVRT_COL

Observed independent variables
   ABFA_CI     AVRT_COL

Continuous latent variables
   I_BFA_CI    S_BFA_CI    I_VRT_CO    S_VRT_CO

Variables with special functions

  Time scores
   BAGE_C      CAGE_C      DAGE_C


Estimator                                                      MLR
Information matrix                                        OBSERVED
Maximum number of iterations                                   100
Convergence criterion                                    0.100D-05
Maximum number of EM iterations                                500
Convergence criteria for the EM algorithm
  Loglikelihood change                                   0.100D-02
  Relative loglikelihood change                          0.100D-05
  Derivative                                             0.100D-03
Minimum variance                                         0.100D-03
Maximum number of steepest descent iterations                   20
Maximum number of iterations for H1                           2000
Convergence criterion for H1                             0.100D-03
Optimization algorithm                                         EMA

Input data file(s)
  E:\Projects\lnt_pxvx\Data\LT_227.txt
Input data format  FREE


SUMMARY OF DATA

     Number of missing data patterns            12


SUMMARY OF MISSING DATA PATTERNS


     MISSING DATA PATTERNS (x = not missing)

           1  2  3  4  5  6  7  8  9 10 11 12
 BBFA_CI   x  x     x        x  x           x
 CBFA_CI   x  x  x                 x  x
 DBFA_CI   x              x  x  x  x  x
 BVRT_COL  x  x     x           x
 CVRT_COL  x  x  x                 x  x
 DVRT_COL  x              x     x     x
 ABFA_CI   x  x  x  x  x  x  x  x  x  x  x  x
 AVRT_COL  x  x  x  x  x  x  x  x  x  x     x


     MISSING DATA PATTERN FREQUENCIES

    Pattern   Frequency     Pattern   Frequency     Pattern   Frequency
          1         140           5          52           9           1
          2          12           6          11          10          10
          3           5           7           1          11           2
          4          27           8          16          12           2


COVARIANCE COVERAGE OF DATA

Minimum covariance coverage value   0.100


     PROPORTION OF DATA PRESENT


           Covariance Coverage
              BBFA_CI       CBFA_CI       DBFA_CI       BVRT_COL      CVRT_COL
              ________      ________      ________      ________      ________
 BBFA_CI        0.710
 CBFA_CI        0.545         0.602
 DBFA_CI        0.563         0.541         0.642
 BVRT_COL       0.699         0.545         0.559         0.699
 CVRT_COL       0.545         0.602         0.541         0.545         0.602
 DVRT_COL       0.559         0.538         0.634         0.559         0.538
 ABFA_CI        0.710         0.602         0.642         0.699         0.602
 AVRT_COL       0.710         0.602         0.642         0.699         0.602


           Covariance Coverage
              DVRT_COL      ABFA_CI       AVRT_COL
              ________      ________      ________
 DVRT_COL       0.634
 ABFA_CI        0.634         1.000
 AVRT_COL       0.634         0.993         0.993


SAMPLE STATISTICS


     ESTIMATED SAMPLE STATISTICS


           Means
              BBFA_CI       CBFA_CI       DBFA_CI       BVRT_COL      CVRT_COL
              ________      ________      ________      ________      ________
 1             59.015        59.372        59.617        66.378        64.196


           Means
              DVRT_COL      ABFA_CI       AVRT_COL
              ________      ________      ________
 1             64.644        59.180        67.095


           Covariances
              BBFA_CI       CBFA_CI       DBFA_CI       BVRT_COL      CVRT_COL
              ________      ________      ________      ________      ________
 BBFA_CI      298.884
 CBFA_CI      208.194       269.819
 DBFA_CI      209.921       234.658       333.240
 BVRT_COL      55.361        32.928        57.234       311.549
 CVRT_COL     -14.130        15.354        20.339       179.772       300.738
 DVRT_COL      12.291        45.161        42.661       201.710       203.927
 ABFA_CI      220.592       194.488       216.584        50.587         4.758
 AVRT_COL      27.921        49.350        43.095       200.370       183.799


           Covariances
              DVRT_COL      ABFA_CI       AVRT_COL
              ________      ________      ________
 DVRT_COL     342.583
 ABFA_CI       38.663       292.104
 AVRT_COL     208.345        56.742       325.862


           Correlations
              BBFA_CI       CBFA_CI       DBFA_CI       BVRT_COL      CVRT_COL
              ________      ________      ________      ________      ________
 BBFA_CI        1.000
 CBFA_CI        0.733         1.000
 DBFA_CI        0.665         0.783         1.000
 BVRT_COL       0.181         0.114         0.178         1.000
 CVRT_COL      -0.047         0.054         0.064         0.587         1.000
 DVRT_COL       0.038         0.149         0.126         0.617         0.635
 ABFA_CI        0.747         0.693         0.694         0.168         0.016
 AVRT_COL       0.089         0.166         0.131         0.629         0.587


           Correlations
              DVRT_COL      ABFA_CI       AVRT_COL
              ________      ________      ________
 DVRT_COL       1.000
 ABFA_CI        0.122         1.000
 AVRT_COL       0.624         0.184         1.000


     MAXIMUM LOG-LIKELIHOOD VALUE FOR THE UNRESTRICTED (H1) MODEL IS -6609.750


THE MODEL ESTIMATION TERMINATED NORMALLY



MODEL FIT INFORMATION

Number of Free Parameters                       34

Loglikelihood

          H0 Value                       -6617.903
          H0 Scaling Correction Factor       0.901
            for MLR

Information Criteria

          Akaike (AIC)                   13303.807
          Bayesian (BIC)                 13427.268
          Sample-Size Adjusted BIC       13319.457
            (n* = (n + 2) / 24)



MODEL RESULTS

                                                    Two-Tailed
                    Estimate       S.E.  Est./S.E.    P-Value

 DBFA_CI    ON
    CBFA_CI            0.264      0.060      4.416      0.000
    CVRT_COL          -0.156      0.074     -2.103      0.035

 CBFA_CI    ON
    BBFA_CI            0.264      0.060      4.416      0.000
    BVRT_COL          -0.156      0.074     -2.103      0.035

 BBFA_CI    ON
    ABFA_CI            0.264      0.060      4.416      0.000
    AVRT_COL          -0.156      0.074     -2.103      0.035

 DVRT_COL   ON
    CVRT_COL          -0.067      0.073     -0.911      0.362
    CBFA_CI            0.109      0.060      1.801      0.072

 CVRT_COL   ON
    BVRT_COL          -0.067      0.073     -0.911      0.362
    BBFA_CI            0.109      0.060      1.801      0.072

 BVRT_COL   ON
    AVRT_COL          -0.067      0.073     -0.911      0.362
    ABFA_CI            0.109      0.060      1.801      0.072

 S_BFA_CI WITH
    I_BFA_CI         -12.859     13.393     -0.960      0.337

 I_VRT_CO WITH
    I_BFA_CI          72.157     37.327      1.933      0.053
    S_BFA_CI          -1.280      8.837     -0.145      0.885

 S_VRT_CO WITH
    I_BFA_CI         -24.996     12.625     -1.980      0.048
    S_BFA_CI           5.346      4.313      1.240      0.215
    I_VRT_COL        -16.891     12.061     -1.400      0.161

 ABFA_CI  WITH
    I_BFA_CI         139.071     25.360      5.484      0.000
    S_BFA_CI           7.581      8.381      0.905      0.366
    I_VRT_COL         13.209     29.795      0.443      0.658
    S_VRT_COL         -2.236      8.748     -0.256      0.798

 AVRT_COL WITH
    I_BFA_CI          72.302     29.350      2.463      0.014
    S_BFA_CI          -2.582      8.363     -0.309      0.758
    I_VRT_COL        225.138     32.247      6.982      0.000
    S_VRT_COL         -7.760      9.801     -0.792      0.428

 DVRT_COL WITH
    DBFA_CI            3.874      7.913      0.490      0.624

 CVRT_COL WITH
    CBFA_CI            3.874      7.913      0.490      0.624

 BVRT_COL WITH
    BBFA_CI            3.874      7.913      0.490      0.624

 AVRT_COL WITH
    ABFA_CI           56.742     19.238      2.950      0.003

 Means
    ABFA_CI           59.180      1.021     57.954      0.000
    AVRT_COL          67.095      1.082     62.011      0.000
    I_BFA_CI          53.691      6.320      8.495      0.000
    S_BFA_CI           0.216      0.479      0.452      0.651
    I_VRT_COL         65.029      4.566     14.242      0.000
    S_VRT_COL         -0.901      0.575     -1.566      0.117

 Intercepts
    BBFA_CI            0.000      0.000    999.000    999.000
    CBFA_CI            0.000      0.000    999.000    999.000
    DBFA_CI            0.000      0.000    999.000    999.000
    BVRT_COL           0.000      0.000    999.000    999.000
    CVRT_COL           0.000      0.000    999.000    999.000
    DVRT_COL           0.000      0.000    999.000    999.000

 Variances
    ABFA_CI          292.105     22.400     13.041      0.000
    AVRT_COL         325.862     21.809     14.941      0.000
    I_BFA_CI         134.010     43.030      3.114      0.002
    S_BFA_CI          10.238      7.051      1.452      0.147
    I_VRT_COL        247.741     54.006      4.587      0.000
    S_VRT_COL         10.157      3.909      2.599      0.009

 Residual Variances
    BBFA_CI           82.582     11.768      7.018      0.000
    CBFA_CI           82.582     11.768      7.018      0.000
    DBFA_CI           82.582     11.768      7.018      0.000
    BVRT_COL         110.311     11.310      9.754      0.000
    CVRT_COL         110.311     11.310      9.754      0.000
    DVRT_COL         110.311     11.310      9.754      0.000


QUALITY OF NUMERICAL RESULTS

     Condition Number for the Information Matrix              0.971E-07
       (ratio of smallest to largest eigenvalue)


     Beginning Time:  18:17:20
        Ending Time:  18:17:21
       Elapsed Time:  00:00:01



MUTHEN & MUTHEN
3463 Stoner Ave.
Los Angeles, CA  90066

Tel: (310) 391-9971
Fax: (310) 391-8971
Web: www.StatModel.com
Support: Support@StatModel.com

Copyright (c) 1998-2011 Muthen & Muthen
