Mplus VERSION 6.12
MUTHEN & MUTHEN
03/21/2016   3:03 PM

INPUT INSTRUCTIONS


  title: PxVx Univariate - Nat MeanOnly S_SCALE with MeanOnly HRZ_COL;
  data: file = E:\Projects\lnt_pxvx\Data\LT_227.txt;


  variable:
  names =
  subjid
  Sample
  aGENDER
  aAGE
  aethnic1
  aethnic2
  aedu_mom
  aedu_dad
  aEDUCATN
  bEDUCATN
  cEDUCATN
  aEMPLOYD
  bEMPLOYD
  cEMPLOYD
  dEMPLOYD
  aINCOME
  bINCOME
  cINCOME
  dINCOME
  aS_SCALE
  bS_SCALE
  cS_SCALE
  dS_SCALE
  aD_SCALE
  bD_SCALE
  cD_SCALE
  dD_SCALE
  aS_COMP
  bS_COMP
  cS_COMP
  dS_COMP
  aD_COMP
  bD_COMP
  cD_COMP
  dD_COMP
  aBFI_A
  aBFI_A6
  aBFI_C
  aBFI_E
  aBFI_HP
  aBFI_N
  aBFI_O
  bBFI_A
  bBFI_A6
  bBFI_C
  bBFI_E
  bBFI_HP
  bBFI_N
  bBFI_O
  cBFI_A
  cBFI_A6
  cBFI_C
  cBFI_E
  cBFI_HP
  cBFI_N
  cBFI_O
  dBFI_A
  dBFI_A6
  dBFI_C
  dBFI_E
  dBFI_HP
  dBFI_N
  dBFI_O
  aBFA_AC
  aBFA_AP
  aBFA_CI
  aBFA_CO
  aBFA_EA
  aBFA_EE
  aBFA_N9
  aBFA_NV
  aBFA_NW
  aBFA_OI
  aBFA_OO
  aBFA_PS
  aBFA_MT
  bBFA_AC
  bBFA_AP
  bBFA_CI
  bBFA_CO
  bBFA_EA
  bBFA_EE
  bBFA_N9
  bBFA_NV
  bBFA_NW
  bBFA_OI
  bBFA_OO
  bBFA_MT
  bBFA_PS
  cBFA_AC
  cBFA_AP
  cBFA_CI
  cBFA_CO
  cBFA_EA
  cBFA_EE
  cBFA_N9
  cBFA_NV
  cBFA_NW
  cBFA_OI
  cBFA_OO
  cBFA_MT
  cBFA_PS
  dBFA_AC
  dBFA_AP
  dBFA_CI
  dBFA_CO
  dBFA_EA
  dBFA_EE
  dBFA_N9
  dBFA_NV
  dBFA_NW
  dBFA_OI
  dBFA_OO
  dBFA_MT
  dBFA_PS
  aUSI
  bUSI
  cUSI
  dUSI
  aHRZ_IND
  bHRZ_IND
  cHRZ_IND
  dHRZ_IND
  aVRT_IND
  bVRT_IND
  cVRT_IND
  dVRT_IND
  aHRZ_COL
  bHRZ_COL
  cHRZ_COL
  dHRZ_COL
  aVRT_COL
  bVRT_COL
  cVRT_COL
  dVRT_COL
  aCOLLCTV
  bCOLLCTV
  cCOLLCTV
  dCOLLCTV
  aMVS
  bMVS
  cMVS
  dMVS
  aST
  bST
  cST
  dST
  aSD
  bSD
  cSD
  dSD
  aMVS_mc
  bMVS_mc
  cMVS_mc
  dMVS_mc
  aST_mc
  bST_mc
  cST_mc
  dST_mc
  aSD_mc
  bSD_mc
  cSD_mc
  dSD_mc
  bMEANING
  cMEANING
  dMEANING
  bMEAN_L
  cMEAN_L
  dMEAN_L
  bMEANNGc
  cMEANNGc
  dMEANNGc
  bMEANGlc
  cMEANGlc
  dMEANGlc
  bCLASSIC
  cCLASSIC
  dCLASSIC
  bCLASSCc
  cCLASSCc
  dCLASSCc
  bAGR_VAL
  cAGR_VAL
  dAGR_VAL
  bOPN_VAL
  cOPN_VAL
  dOPN_VAL
  bAGR_VLc
  cAGR_VLc
  dAGR_VLc
  bOPNVALc
  cOPNVALc
  dOPNVALc
  aMV_pomp
  bMV_pomp
  cMV_pomp
  dMV_pomp
  aST_pomp
  bST_pomp
  cST_pomp
  dST_pomp
  aSD_pomp
  bSD_pomp
  cSD_pomp
  dSD_pomp
  agoal_ec
  bgoal_ec
  cgoal_ec
  dgoal_ec
  aAspfinc
  bAspfinc
  cAspfinc
  dAspfinc
  abfi_hp8
  bbfi_hp8
  cbfi_hp8
  dbfi_hp8
  aP_S_BFI
  aP_D_BFI
  aECgoalc
  bECgoalC
  cECgoalC
  dECgoalC
  aaspfin
  baspfin
  caspfin
  daspfin
  aMVI_POMP
  bMVI_POMP
  cMVI_POMP
  dMVI_POMP;


  USEVARIABLES =
  aS_SCALE
  bS_SCALE
  cS_SCALE
  dS_SCALE
  aHRZ_COL
  bHRZ_COL
  cHRZ_COL
  dHRZ_COL
  bage_c
  cage_c
  dage_c
  ;

  missing = all (-9999);

  USEOBSERVATIONS are Sample == 1; ! National Sample

  tscores = bage_c cage_c dage_c;

  DEFINE:
  bage_c = aAGE + 1 - 36;
  cage_c = aAGE + 2 - 36;
  dage_c = aAGE + 3 - 36;

  ANALYSIS:
  TYPE=RANDOM;
  PROCESSORS = 8;

  MODEL:

  i_S_SCALE s_S_SCALE | bS_SCALE cS_SCALE dS_SCALE AT bage_c cage_c dage_c;
  i_HRZ_COL s_HRZ_COL | bHRZ_COL cHRZ_COL dHRZ_COL AT bage_c cage_c dage_c;


  !After Bollen and Curran initial observation is not part of LGM

  dS_SCALE on cS_SCALE (a); ! Autoregressive paths constrained to equality
  cS_SCALE on bS_SCALE (a);
  bS_SCALE on aS_SCALE (a);

  dHRZ_COL on cHRZ_COL (b); ! Autoregressive paths constrained to equality
  cHRZ_COL on bHRZ_COL (b);
  bHRZ_COL on aHRZ_COL (b);

  bS_SCALE cS_SCALE dS_SCALE (c); !Equality constraint on residuals
  bHRZ_COL cHRZ_COL dHRZ_COL (d); !Equality constraint on residuals

  dHRZ_COL on cS_SCALE (x); ! Cross-lagged paths constrained to equality
  cHRZ_COL on bS_SCALE (x);
  bHRZ_COL on aS_SCALE (x);

  dS_SCALE on cHRZ_COL (y); ! Cross-lagged paths constrained to equality
  cS_SCALE on bHRZ_COL (y);
  bS_SCALE on aHRZ_COL (y);

  dHRZ_COL with dS_SCALE (w); ! within-wave correlations constrained to equality
  cHRZ_COL with cS_SCALE (w);
  bHRZ_COL with bS_SCALE (w);

  aS_SCALE aHRZ_COL i_S_SCALE i_HRZ_COL
  with
  aS_SCALE aHRZ_COL i_S_SCALE i_HRZ_COL;

  s_S_SCALE@0;

  s_HRZ_COL@0;

  OUTPUT: SAMPSTAT PATTERNS;



*** WARNING
  Variable name contains more than 8 characters.
  Only the first 8 characters will be printed in the output.
  Variable: AMVI_POMP
*** WARNING
  Variable name contains more than 8 characters.
  Only the first 8 characters will be printed in the output.
  Variable: BMVI_POMP
*** WARNING
  Variable name contains more than 8 characters.
  Only the first 8 characters will be printed in the output.
  Variable: CMVI_POMP
*** WARNING
  Variable name contains more than 8 characters.
  Only the first 8 characters will be printed in the output.
  Variable: DMVI_POMP
*** WARNING
  Variable name contains more than 8 characters.
  Only the first 8 characters will be printed in the output.
  Variable: I_S_SCALE
*** WARNING
  Variable name contains more than 8 characters.
  Only the first 8 characters will be printed in the output.
  Variable: S_S_SCALE
*** WARNING
  Variable name contains more than 8 characters.
  Only the first 8 characters will be printed in the output.
  Variable: I_HRZ_COL
*** WARNING
  Variable name contains more than 8 characters.
  Only the first 8 characters will be printed in the output.
  Variable: S_HRZ_COL
*** WARNING in MODEL command
  All continuous latent variable covariances involving S_S_SCALE have been fixed to 0
  because the variance of S_S_SCALE is fixed at 0.
*** WARNING in MODEL command
  All continuous latent variable covariances involving S_HRZ_COL have been fixed to 0
  because the variance of S_HRZ_COL is fixed at 0.
*** WARNING
  Data set contains cases with missing on time scores but non-missing on the
  corresponding dependent variables.  These cases were not included in the analysis.
  Number of such cases:  16
  11 WARNING(S) FOUND IN THE INPUT INSTRUCTIONS



PxVx Univariate - Nat MeanOnly S_SCALE with MeanOnly HRZ_COL;

SUMMARY OF ANALYSIS

Number of groups                                                 1
Number of observations                                         863

Number of dependent variables                                    6
Number of independent variables                                  2
Number of continuous latent variables                            4

Observed dependent variables

  Continuous
   BS_SCALE    CS_SCALE    DS_SCALE    BHRZ_COL    CHRZ_COL    DHRZ_COL

Observed independent variables
   AS_SCALE    AHRZ_COL

Continuous latent variables
   I_S_SCAL    S_S_SCAL    I_HRZ_CO    S_HRZ_CO

Variables with special functions

  Time scores
   BAGE_C      CAGE_C      DAGE_C


Estimator                                                      MLR
Information matrix                                        OBSERVED
Maximum number of iterations                                   100
Convergence criterion                                    0.100D-05
Maximum number of EM iterations                                500
Convergence criteria for the EM algorithm
  Loglikelihood change                                   0.100D-02
  Relative loglikelihood change                          0.100D-05
  Derivative                                             0.100D-03
Minimum variance                                         0.100D-03
Maximum number of steepest descent iterations                   20
Maximum number of iterations for H1                           2000
Convergence criterion for H1                             0.100D-03
Optimization algorithm                                         EMA

Input data file(s)
  E:\Projects\lnt_pxvx\Data\LT_227.txt
Input data format  FREE


SUMMARY OF DATA

     Number of missing data patterns            22


SUMMARY OF MISSING DATA PATTERNS


     MISSING DATA PATTERNS (x = not missing)

           1  2  3  4  5  6  7  8  9 10 11 12 13 14 15 16 17 18 19 20
 BS_SCALE  x     x  x     x     x     x  x  x  x     x     x     x
 CS_SCALE  x           x  x     x  x     x  x  x     x        x  x  x
 DS_SCALE  x     x     x  x  x           x     x  x  x     x        x
 BHRZ_COL  x     x  x     x     x        x  x        x           x
 CHRZ_COL  x           x        x  x     x     x     x           x  x
 DHRZ_COL  x     x     x  x  x                 x  x  x     x     x
 AS_SCALE  x  x  x  x  x  x  x  x  x  x  x  x  x        x  x  x  x  x
 AHRZ_COL  x  x  x  x  x  x  x  x  x  x  x  x  x  x        x  x  x  x

          21 22
 BS_SCALE
 CS_SCALE     x
 DS_SCALE  x  x
 BHRZ_COL
 CHRZ_COL     x
 DHRZ_COL     x
 AS_SCALE  x
 AHRZ_COL  x


     MISSING DATA PATTERN FREQUENCIES

    Pattern   Frequency     Pattern   Frequency     Pattern   Frequency
          1         489           9          20          17           1
          2         168          10           4          18           1
          3          26          11           1          19           1
          4          48          12           1          20           2
          5          21          13           3          21           2
          6           2          14           1          22           1
          7          23          15           3
          8          44          16           1


COVARIANCE COVERAGE OF DATA

Minimum covariance coverage value   0.100


     PROPORTION OF DATA PRESENT


           Covariance Coverage
              BS_SCALE      CS_SCALE      DS_SCALE      BHRZ_COL      CHRZ_COL
              ________      ________      ________      ________      ________
 BS_SCALE       0.722
 CS_SCALE       0.630         0.683
 DS_SCALE       0.608         0.605         0.666
 BHRZ_COL       0.713         0.627         0.604         0.713
 CHRZ_COL       0.627         0.678         0.603         0.623         0.678
 DHRZ_COL       0.608         0.603         0.660         0.604         0.600
 AS_SCALE       0.718         0.678         0.660         0.709         0.673
 AHRZ_COL       0.718         0.678         0.662         0.709         0.673


           Covariance Coverage
              DHRZ_COL      AS_SCALE      AHRZ_COL
              ________      ________      ________
 DHRZ_COL       0.662
 AS_SCALE       0.656         0.994
 AHRZ_COL       0.657         0.993         0.994


SAMPLE STATISTICS


     ESTIMATED SAMPLE STATISTICS


           Means
              BS_SCALE      CS_SCALE      DS_SCALE      BHRZ_COL      CHRZ_COL
              ________      ________      ________      ________      ________
 1             73.252        73.764        74.013        71.407        72.266


           Means
              DHRZ_COL      AS_SCALE      AHRZ_COL
              ________      ________      ________
 1             71.671        72.956        72.164


           Covariances
              BS_SCALE      CS_SCALE      DS_SCALE      BHRZ_COL      CHRZ_COL
              ________      ________      ________      ________      ________
 BS_SCALE     184.525
 CS_SCALE     149.107       183.337
 DS_SCALE     145.556       156.188       192.585
 BHRZ_COL     112.855       110.060       104.012       286.769
 CHRZ_COL     107.408       120.736       107.594       211.969       295.551
 DHRZ_COL     102.666       114.000       116.624       205.826       214.210
 AS_SCALE     146.369       148.256       148.031       110.925       106.350
 AHRZ_COL     105.311        98.940        93.129       206.753       196.695


           Covariances
              DHRZ_COL      AS_SCALE      AHRZ_COL
              ________      ________      ________
 DHRZ_COL     291.609
 AS_SCALE     105.754       196.704
 AHRZ_COL     198.848       120.123       291.713


           Correlations
              BS_SCALE      CS_SCALE      DS_SCALE      BHRZ_COL      CHRZ_COL
              ________      ________      ________      ________      ________
 BS_SCALE       1.000
 CS_SCALE       0.811         1.000
 DS_SCALE       0.772         0.831         1.000
 BHRZ_COL       0.491         0.480         0.443         1.000
 CHRZ_COL       0.460         0.519         0.451         0.728         1.000
 DHRZ_COL       0.443         0.493         0.492         0.712         0.730
 AS_SCALE       0.768         0.781         0.761         0.467         0.441
 AHRZ_COL       0.454         0.428         0.393         0.715         0.670


           Correlations
              DHRZ_COL      AS_SCALE      AHRZ_COL
              ________      ________      ________
 DHRZ_COL       1.000
 AS_SCALE       0.442         1.000
 AHRZ_COL       0.682         0.501         1.000


     MAXIMUM LOG-LIKELIHOOD VALUE FOR THE UNRESTRICTED (H1) MODEL IS -19926.011


THE MODEL ESTIMATION TERMINATED NORMALLY



MODEL FIT INFORMATION

Number of Free Parameters                       23

Loglikelihood

          H0 Value                      -19934.848
          H0 Scaling Correction Factor       1.287
            for MLR

Information Criteria

          Akaike (AIC)                   39915.697
          Bayesian (BIC)                 40025.186
          Sample-Size Adjusted BIC       39952.144
            (n* = (n + 2) / 24)



MODEL RESULTS

                                                    Two-Tailed
                    Estimate       S.E.  Est./S.E.    P-Value

 DS_SCALE   ON
    CS_SCALE           0.084      0.056      1.508      0.132
    CHRZ_COL           0.068      0.032      2.127      0.033

 CS_SCALE   ON
    BS_SCALE           0.084      0.056      1.508      0.132
    BHRZ_COL           0.068      0.032      2.127      0.033

 BS_SCALE   ON
    AS_SCALE           0.084      0.056      1.508      0.132
    AHRZ_COL           0.068      0.032      2.127      0.033

 DHRZ_COL   ON
    CHRZ_COL           0.081      0.046      1.749      0.080
    CS_SCALE           0.135      0.059      2.287      0.022

 CHRZ_COL   ON
    BHRZ_COL           0.081      0.046      1.749      0.080
    BS_SCALE           0.135      0.059      2.287      0.022

 BHRZ_COL   ON
    AHRZ_COL           0.081      0.046      1.749      0.080
    AS_SCALE           0.135      0.059      2.287      0.022

 I_HRZ_CO WITH
    I_S_SCALE         53.835     16.835      3.198      0.001

 AS_SCALE WITH
    I_S_SCALE        123.470     11.608     10.637      0.000
    I_HRZ_COL         74.764     13.278      5.631      0.000

 AHRZ_COL WITH
    I_S_SCALE         71.524     12.944      5.526      0.000
    I_HRZ_COL        165.539     16.605      9.969      0.000

 DHRZ_COL WITH
    DS_SCALE          12.798      2.677      4.781      0.000

 CHRZ_COL WITH
    CS_SCALE          12.798      2.677      4.781      0.000

 BHRZ_COL WITH
    BS_SCALE          12.798      2.677      4.781      0.000

 AHRZ_COL WITH
    AS_SCALE         120.103     10.352     11.602      0.000

 Means
    AS_SCALE          72.955      0.477    152.835      0.000
    AHRZ_COL          72.164      0.581    124.130      0.000
    I_S_SCALE         62.492      4.657     13.419      0.000
    S_S_SCALE          0.081      0.026      3.077      0.002
    I_HRZ_COL         56.005      5.542     10.106      0.000
    S_HRZ_COL          0.053      0.036      1.499      0.134

 Intercepts
    BS_SCALE           0.000      0.000    999.000    999.000
    CS_SCALE           0.000      0.000    999.000    999.000
    DS_SCALE           0.000      0.000    999.000    999.000
    BHRZ_COL           0.000      0.000    999.000    999.000
    CHRZ_COL           0.000      0.000    999.000    999.000
    DHRZ_COL           0.000      0.000    999.000    999.000

 Variances
    AS_SCALE         196.674      9.500     20.703      0.000
    AHRZ_COL         291.680     16.071     18.150      0.000
    I_S_SCALE        108.437     16.766      6.468      0.000
    S_S_SCALE          0.000      0.000    999.000    999.000
    I_HRZ_COL        147.396     22.530      6.542      0.000
    S_HRZ_COL          0.000      0.000    999.000    999.000

 Residual Variances
    BS_SCALE          38.774      2.605     14.886      0.000
    CS_SCALE          38.774      2.605     14.886      0.000
    DS_SCALE          38.774      2.605     14.886      0.000
    BHRZ_COL          85.510      4.899     17.453      0.000
    CHRZ_COL          85.510      4.899     17.453      0.000
    DHRZ_COL          85.510      4.899     17.453      0.000


QUALITY OF NUMERICAL RESULTS

     Condition Number for the Information Matrix              0.943E-05
       (ratio of smallest to largest eigenvalue)


     Beginning Time:  15:03:59
        Ending Time:  15:04:02
       Elapsed Time:  00:00:03



MUTHEN & MUTHEN
3463 Stoner Ave.
Los Angeles, CA  90066

Tel: (310) 391-9971
Fax: (310) 391-8971
Web: www.StatModel.com
Support: Support@StatModel.com

Copyright (c) 1998-2011 Muthen & Muthen
