Mplus VERSION 6.12
MUTHEN & MUTHEN
03/21/2016  11:51 AM

INPUT INSTRUCTIONS


  title: PxVx Univariate - Col Lin bfi_hp8 with Lin HRZ_IND;
  data: file = E:\Projects\lnt_pxvx\Data\LT_227.txt;



  variable:
  names =
  subjid
  Sample
  aGENDER
  aAGE
  aethnic1
  aethnic2
  aedu_mom
  aedu_dad
  aEDUCATN
  bEDUCATN
  cEDUCATN
  aEMPLOYD
  bEMPLOYD
  cEMPLOYD
  dEMPLOYD
  aINCOME
  bINCOME
  cINCOME
  dINCOME
  aS_SCALE
  bS_SCALE
  cS_SCALE
  dS_SCALE
  aD_SCALE
  bD_SCALE
  cD_SCALE
  dD_SCALE
  aS_COMP
  bS_COMP
  cS_COMP
  dS_COMP
  aD_COMP
  bD_COMP
  cD_COMP
  dD_COMP
  aBFI_A
  aBFI_A6
  aBFI_C
  aBFI_E
  aBFI_HP
  aBFI_N
  aBFI_O
  bBFI_A
  bBFI_A6
  bBFI_C
  bBFI_E
  bBFI_HP
  bBFI_N
  bBFI_O
  cBFI_A
  cBFI_A6
  cBFI_C
  cBFI_E
  cBFI_HP
  cBFI_N
  cBFI_O
  dBFI_A
  dBFI_A6
  dBFI_C
  dBFI_E
  dBFI_HP
  dBFI_N
  dBFI_O
  aBFA_AC
  aBFA_AP
  aBFA_CI
  aBFA_CO
  aBFA_EA
  aBFA_EE
  aBFA_N9
  aBFA_NV
  aBFA_NW
  aBFA_OI
  aBFA_OO
  aBFA_PS
  aBFA_MT
  bBFA_AC
  bBFA_AP
  bBFA_CI
  bBFA_CO
  bBFA_EA
  bBFA_EE
  bBFA_N9
  bBFA_NV
  bBFA_NW
  bBFA_OI
  bBFA_OO
  bBFA_MT
  bBFA_PS
  cBFA_AC
  cBFA_AP
  cBFA_CI
  cBFA_CO
  cBFA_EA
  cBFA_EE
  cBFA_N9
  cBFA_NV
  cBFA_NW
  cBFA_OI
  cBFA_OO
  cBFA_MT
  cBFA_PS
  dBFA_AC
  dBFA_AP
  dBFA_CI
  dBFA_CO
  dBFA_EA
  dBFA_EE
  dBFA_N9
  dBFA_NV
  dBFA_NW
  dBFA_OI
  dBFA_OO
  dBFA_MT
  dBFA_PS
  aUSI
  bUSI
  cUSI
  dUSI
  aHRZ_IND
  bHRZ_IND
  cHRZ_IND
  dHRZ_IND
  aVRT_IND
  bVRT_IND
  cVRT_IND
  dVRT_IND
  aHRZ_COL
  bHRZ_COL
  cHRZ_COL
  dHRZ_COL
  aVRT_COL
  bVRT_COL
  cVRT_COL
  dVRT_COL
  aCOLLCTV
  bCOLLCTV
  cCOLLCTV
  dCOLLCTV
  aMVS
  bMVS
  cMVS
  dMVS
  aST
  bST
  cST
  dST
  aSD
  bSD
  cSD
  dSD
  aMVS_mc
  bMVS_mc
  cMVS_mc
  dMVS_mc
  aST_mc
  bST_mc
  cST_mc
  dST_mc
  aSD_mc
  bSD_mc
  cSD_mc
  dSD_mc
  bMEANING
  cMEANING
  dMEANING
  bMEAN_L
  cMEAN_L
  dMEAN_L
  bMEANNGc
  cMEANNGc
  dMEANNGc
  bMEANGlc
  cMEANGlc
  dMEANGlc
  bCLASSIC
  cCLASSIC
  dCLASSIC
  bCLASSCc
  cCLASSCc
  dCLASSCc
  bAGR_VAL
  cAGR_VAL
  dAGR_VAL
  bOPN_VAL
  cOPN_VAL
  dOPN_VAL
  bAGR_VLc
  cAGR_VLc
  dAGR_VLc
  bOPNVALc
  cOPNVALc
  dOPNVALc
  aMV_pomp
  bMV_pomp
  cMV_pomp
  dMV_pomp
  aST_pomp
  bST_pomp
  cST_pomp
  dST_pomp
  aSD_pomp
  bSD_pomp
  cSD_pomp
  dSD_pomp
  agoal_ec
  bgoal_ec
  cgoal_ec
  dgoal_ec
  aAspfinc
  bAspfinc
  cAspfinc
  dAspfinc
  abfi_hp8
  bbfi_hp8
  cbfi_hp8
  dbfi_hp8
  aP_S_BFI
  aP_D_BFI
  aECgoalc
  bECgoalC
  cECgoalC
  dECgoalC
  aaspfin
  baspfin
  caspfin
  daspfin
  aMVI_POMP
  bMVI_POMP
  cMVI_POMP
  dMVI_POMP;

  USEVARIABLES =
  abfi_hp8
  bbfi_hp8
  cbfi_hp8
  dbfi_hp8
  aHRZ_IND
  bHRZ_IND
  cHRZ_IND
  dHRZ_IND
  bage_c
  cage_c
  dage_c
  ;

  missing = all (-9999);

  USEOBSERVATIONS are Sample == 2; ! College Sample

  tscores = bage_c cage_c dage_c;

  DEFINE:
  bage_c = aAGE + 1 - 20.5;
  cage_c = aAGE + 2 - 20.5;
  dage_c = aAGE + 3 - 20.5;

  ANALYSIS:
  TYPE=RANDOM;
  PROCESSORS = 8;

  MODEL:

  i_bfi_hp8 s_bfi_hp8 | bbfi_hp8 cbfi_hp8 dbfi_hp8 AT bage_c cage_c dage_c;
  i_HRZ_IND s_HRZ_IND | bHRZ_IND cHRZ_IND dHRZ_IND AT bage_c cage_c dage_c;


  !After Bollen and Curran initial observation is not part of LGM

  dbfi_hp8 on cbfi_hp8 (a); ! Autoregressive paths constrained to equality
  cbfi_hp8 on bbfi_hp8 (a);
  bbfi_hp8 on abfi_hp8 (a);

  dHRZ_IND on cHRZ_IND (b); ! Autoregressive paths constrained to equality
  cHRZ_IND on bHRZ_IND (b);
  bHRZ_IND on aHRZ_IND (b);

  bbfi_hp8 cbfi_hp8 dbfi_hp8 (c); !Equality constraint on residuals
  bHRZ_IND cHRZ_IND dHRZ_IND (d); !Equality constraint on residuals

  dHRZ_IND on cbfi_hp8 (x); ! Cross-lagged paths constrained to equality
  cHRZ_IND on bbfi_hp8 (x);
  bHRZ_IND on abfi_hp8 (x);

  dbfi_hp8 on cHRZ_IND (y); ! Cross-lagged paths constrained to equality
  cbfi_hp8 on bHRZ_IND (y);
  bbfi_hp8 on aHRZ_IND (y);

  dHRZ_IND with dbfi_hp8 (w); ! within-wave correlations constrained to equality
  cHRZ_IND with cbfi_hp8 (w);
  bHRZ_IND with bbfi_hp8 (w);

  abfi_hp8 aHRZ_IND i_bfi_hp8 i_HRZ_IND
  s_bfi_hp8
  s_HRZ_IND
  with
  s_bfi_hp8
  s_HRZ_IND
  abfi_hp8 aHRZ_IND i_bfi_hp8 i_HRZ_IND;



  OUTPUT: SAMPSTAT PATTERNS;



*** WARNING
  Variable name contains more than 8 characters.
  Only the first 8 characters will be printed in the output.
  Variable: AMVI_POMP
*** WARNING
  Variable name contains more than 8 characters.
  Only the first 8 characters will be printed in the output.
  Variable: BMVI_POMP
*** WARNING
  Variable name contains more than 8 characters.
  Only the first 8 characters will be printed in the output.
  Variable: CMVI_POMP
*** WARNING
  Variable name contains more than 8 characters.
  Only the first 8 characters will be printed in the output.
  Variable: DMVI_POMP
*** WARNING
  Variable name contains more than 8 characters.
  Only the first 8 characters will be printed in the output.
  Variable: I_BFI_HP8
*** WARNING
  Variable name contains more than 8 characters.
  Only the first 8 characters will be printed in the output.
  Variable: S_BFI_HP8
*** WARNING
  Variable name contains more than 8 characters.
  Only the first 8 characters will be printed in the output.
  Variable: I_HRZ_IND
*** WARNING
  Variable name contains more than 8 characters.
  Only the first 8 characters will be printed in the output.
  Variable: S_HRZ_IND
*** WARNING
  Data set contains cases with missing on all variables.
  These cases were not included in the analysis.
  Number of cases with missing on all variables:  1
*** WARNING
  Data set contains cases with missing on time scores but non-missing on the
  corresponding dependent variables.  These cases were not included in the analysis.
  Number of such cases:  2
  10 WARNING(S) FOUND IN THE INPUT INSTRUCTIONS



PxVx Univariate - Col Lin bfi_hp8 with Lin HRZ_IND;

SUMMARY OF ANALYSIS

Number of groups                                                 1
Number of observations                                         277

Number of dependent variables                                    6
Number of independent variables                                  2
Number of continuous latent variables                            4

Observed dependent variables

  Continuous
   BBFI_HP8    CBFI_HP8    DBFI_HP8    BHRZ_IND    CHRZ_IND    DHRZ_IND

Observed independent variables
   ABFI_HP8    AHRZ_IND

Continuous latent variables
   I_BFI_HP    S_BFI_HP    I_HRZ_IN    S_HRZ_IN

Variables with special functions

  Time scores
   BAGE_C      CAGE_C      DAGE_C


Estimator                                                      MLR
Information matrix                                        OBSERVED
Maximum number of iterations                                   100
Convergence criterion                                    0.100D-05
Maximum number of EM iterations                                500
Convergence criteria for the EM algorithm
  Loglikelihood change                                   0.100D-02
  Relative loglikelihood change                          0.100D-05
  Derivative                                             0.100D-03
Minimum variance                                         0.100D-03
Maximum number of steepest descent iterations                   20
Maximum number of iterations for H1                           2000
Convergence criterion for H1                             0.100D-03
Optimization algorithm                                         EMA

Input data file(s)
  E:\Projects\lnt_pxvx\Data\LT_227.txt
Input data format  FREE


SUMMARY OF DATA

     Number of missing data patterns            15


SUMMARY OF MISSING DATA PATTERNS


     MISSING DATA PATTERNS (x = not missing)

           1  2  3  4  5  6  7  8  9 10 11 12 13 14 15
 BBFI_HP8  x  x     x        x  x     x  x        x  x
 CBFI_HP8  x  x  x                 x  x     x        x
 DBFI_HP8  x     x        x  x  x  x  x  x           x
 BHRZ_IND  x  x     x           x     x  x
 CHRZ_IND  x  x  x                 x  x     x        x
 DHRZ_IND  x              x     x  x                 x
 ABFI_HP8  x  x  x  x  x  x  x  x  x  x  x  x  x  x  x
 AHRZ_IND  x  x  x  x  x  x  x  x  x  x  x  x     x  x


     MISSING DATA PATTERN FREQUENCIES

    Pattern   Frequency     Pattern   Frequency     Pattern   Frequency
          1         138           6          11          11           1
          2          10           7           1          12           4
          3           2           8          16          13           2
          4          26           9           9          14           2
          5          52          10           2          15           1


COVARIANCE COVERAGE OF DATA

Minimum covariance coverage value   0.100


     PROPORTION OF DATA PRESENT


           Covariance Coverage
              BBFI_HP8      CBFI_HP8      DBFI_HP8      BHRZ_IND      CHRZ_IND
              ________      ________      ________      ________      ________
 BBFI_HP8       0.711
 CBFI_HP8       0.545         0.599
 DBFI_HP8       0.574         0.549         0.653
 BHRZ_IND       0.697         0.542         0.567         0.697
 CHRZ_IND       0.545         0.599         0.549         0.542         0.599
 DHRZ_IND       0.560         0.534         0.632         0.556         0.534
 ABFI_HP8       0.711         0.599         0.653         0.697         0.599
 AHRZ_IND       0.711         0.599         0.653         0.697         0.599


           Covariance Coverage
              DHRZ_IND      ABFI_HP8      AHRZ_IND
              ________      ________      ________
 DHRZ_IND       0.632
 ABFI_HP8       0.632         1.000
 AHRZ_IND       0.632         0.993         0.993


SAMPLE STATISTICS


     ESTIMATED SAMPLE STATISTICS


           Means
              BBFI_HP8      CBFI_HP8      DBFI_HP8      BHRZ_IND      CHRZ_IND
              ________      ________      ________      ________      ________
 1             65.963        65.695        68.283        72.967        73.593


           Means
              DHRZ_IND      ABFI_HP8      AHRZ_IND
              ________      ________      ________
 1             75.111        64.547        74.076


           Covariances
              BBFI_HP8      CBFI_HP8      DBFI_HP8      BHRZ_IND      CHRZ_IND
              ________      ________      ________      ________      ________
 BBFI_HP8     207.621
 CBFI_HP8     157.261       233.438
 DBFI_HP8     143.306       175.876       232.614
 BHRZ_IND       6.317       -25.852       -15.945       266.744
 CHRZ_IND      -0.100       -26.036        -8.230       173.021       246.537
 DHRZ_IND      -6.215       -17.491         2.684       145.005       141.197
 ABFI_HP8     152.203       152.193       157.729        -6.373        -1.642
 AHRZ_IND     -19.757       -26.056       -17.017       163.370       130.908


           Covariances
              DHRZ_IND      ABFI_HP8      AHRZ_IND
              ________      ________      ________
 DHRZ_IND     258.045
 ABFI_HP8      15.833       217.396
 AHRZ_IND     136.895       -21.312       239.594


           Correlations
              BBFI_HP8      CBFI_HP8      DBFI_HP8      BHRZ_IND      CHRZ_IND
              ________      ________      ________      ________      ________
 BBFI_HP8       1.000
 CBFI_HP8       0.714         1.000
 DBFI_HP8       0.652         0.755         1.000
 BHRZ_IND       0.027        -0.104        -0.064         1.000
 CHRZ_IND       0.000        -0.109        -0.034         0.675         1.000
 DHRZ_IND      -0.027        -0.071         0.011         0.553         0.560
 ABFI_HP8       0.716         0.676         0.701        -0.026        -0.007
 AHRZ_IND      -0.089        -0.110        -0.072         0.646         0.539


           Correlations
              DHRZ_IND      ABFI_HP8      AHRZ_IND
              ________      ________      ________
 DHRZ_IND       1.000
 ABFI_HP8       0.067         1.000
 AHRZ_IND       0.551        -0.093         1.000


     MAXIMUM LOG-LIKELIHOOD VALUE FOR THE UNRESTRICTED (H1) MODEL IS -6380.307


THE MODEL ESTIMATION TERMINATED NORMALLY



MODEL FIT INFORMATION

Number of Free Parameters                       34

Loglikelihood

          H0 Value                       -6388.506
          H0 Scaling Correction Factor       1.047
            for MLR

Information Criteria

          Akaike (AIC)                   12845.013
          Bayesian (BIC)                 12968.230
          Sample-Size Adjusted BIC       12860.420
            (n* = (n + 2) / 24)



MODEL RESULTS

                                                    Two-Tailed
                    Estimate       S.E.  Est./S.E.    P-Value

 DBFI_HP8   ON
    CBFI_HP8           0.110      0.232      0.476      0.634
    CHRZ_IND          -0.066      0.081     -0.814      0.415

 CBFI_HP8   ON
    BBFI_HP8           0.110      0.232      0.476      0.634
    BHRZ_IND          -0.066      0.081     -0.814      0.415

 BBFI_HP8   ON
    ABFI_HP8           0.110      0.232      0.476      0.634
    AHRZ_IND          -0.066      0.081     -0.814      0.415

 DHRZ_IND   ON
    CHRZ_IND           0.054      0.165      0.328      0.743
    CBFI_HP8          -0.004      0.147     -0.024      0.981

 CHRZ_IND   ON
    BHRZ_IND           0.054      0.165      0.328      0.743
    BBFI_HP8          -0.004      0.147     -0.024      0.981

 BHRZ_IND   ON
    AHRZ_IND           0.054      0.165      0.328      0.743
    ABFI_HP8          -0.004      0.147     -0.024      0.981

 S_BFI_HP WITH
    I_BFI_HP8        -15.829      7.946     -1.992      0.046

 I_HRZ_IN WITH
    I_BFI_HP8         34.665     38.750      0.895      0.371
    S_BFI_HP8        -15.036      8.448     -1.780      0.075

 S_HRZ_IN WITH
    I_BFI_HP8        -14.474      7.637     -1.895      0.058
    S_BFI_HP8          6.533      2.840      2.300      0.021
    I_HRZ_IND        -22.483     10.097     -2.227      0.026

 ABFI_HP8 WITH
    I_BFI_HP8        125.691     53.916      2.331      0.020
    S_BFI_HP8          3.738      8.109      0.461      0.645
    I_HRZ_IND        -18.629     40.527     -0.460      0.646
    S_HRZ_IND         10.362      8.667      1.196      0.232

 AHRZ_IND WITH
    I_BFI_HP8         -3.312     28.681     -0.115      0.908
    S_BFI_HP8         -1.345      7.623     -0.176      0.860
    I_HRZ_IND        160.736     51.944      3.094      0.002
    S_HRZ_IND        -12.470     10.051     -1.241      0.215

 DHRZ_IND WITH
    DBFI_HP8          -1.535      7.421     -0.207      0.836

 CHRZ_IND WITH
    CBFI_HP8          -1.535      7.421     -0.207      0.836

 BHRZ_IND WITH
    BBFI_HP8          -1.535      7.421     -0.207      0.836

 AHRZ_IND WITH
    ABFI_HP8         -21.311     13.848     -1.539      0.124

 Means
    ABFI_HP8          64.547      0.884     73.031      0.000
    AHRZ_IND          74.068      0.934     79.304      0.000
    I_BFI_HP8         62.463     15.344      4.071      0.000
    S_BFI_HP8          0.947      0.429      2.208      0.027
    I_HRZ_IND         68.700     12.800      5.367      0.000
    S_HRZ_IND          0.733      0.518      1.414      0.157

 Intercepts
    BBFI_HP8           0.000      0.000    999.000    999.000
    CBFI_HP8           0.000      0.000    999.000    999.000
    DBFI_HP8           0.000      0.000    999.000    999.000
    BHRZ_IND           0.000      0.000    999.000    999.000
    CHRZ_IND           0.000      0.000    999.000    999.000
    DHRZ_IND           0.000      0.000    999.000    999.000

 Variances
    ABFI_HP8         217.396     15.351     14.162      0.000
    AHRZ_IND         239.594     21.295     11.251      0.000
    I_BFI_HP8        145.574     73.544      1.979      0.048
    S_BFI_HP8          9.023      4.410      2.046      0.041
    I_HRZ_IND        192.633     76.514      2.518      0.012
    S_HRZ_IND          8.380      3.759      2.229      0.026

 Residual Variances
    BBFI_HP8          61.097     16.785      3.640      0.000
    CBFI_HP8          61.097     16.785      3.640      0.000
    DBFI_HP8          61.097     16.785      3.640      0.000
    BHRZ_IND          98.048     17.749      5.524      0.000
    CHRZ_IND          98.048     17.749      5.524      0.000
    DHRZ_IND          98.048     17.749      5.524      0.000


QUALITY OF NUMERICAL RESULTS

     Condition Number for the Information Matrix              0.535E-07
       (ratio of smallest to largest eigenvalue)


     Beginning Time:  11:51:28
        Ending Time:  11:51:34
       Elapsed Time:  00:00:06



MUTHEN & MUTHEN
3463 Stoner Ave.
Los Angeles, CA  90066

Tel: (310) 391-9971
Fax: (310) 391-8971
Web: www.StatModel.com
Support: Support@StatModel.com

Copyright (c) 1998-2011 Muthen & Muthen
