Mplus VERSION 7 (Mac)
MUTHEN & MUTHEN
10/24/2017  12:38 PM

INPUT INSTRUCTIONS


  title: PxVx Bivariate LCM-SR - Inf Linear I_H with Linear;
  data: file = /Users/johnflournoy/code/lnt_pxvx/Data/LT_informants3.txt;

  variable:
  names =
  subjid
  Sample
  aGENDER
  aAGE
  aethnic1
  aethnic2
  aedu_mom
  aedu_dad
  aEDUCATN
  bEDUCATN
  cEDUCATN
  aEMPLOYD
  bEMPLOYD
  cEMPLOYD
  dEMPLOYD
  aINCOME
  bINCOME
  cINCOME
  dINCOME
  aS_SCALE
  bS_SCALE
  cS_SCALE
  dS_SCALE
  aD_SCALE
  bD_SCALE
  cD_SCALE
  dD_SCALE
  aS_COMP
  bS_COMP
  cS_COMP
  dS_COMP
  aD_COMP
  bD_COMP
  cD_COMP
  dD_COMP
  aBFI_A
  aBFI_A6
  aBFI_C
  aBFI_E
  aBFI_HP
  aBFI_N
  aBFI_O
  bBFI_A
  bBFI_A6
  bBFI_C
  bBFI_E
  bBFI_HP
  bBFI_N
  bBFI_O
  cBFI_A
  cBFI_A6
  cBFI_C
  cBFI_E
  cBFI_HP
  cBFI_N
  cBFI_O
  dBFI_A
  dBFI_A6
  dBFI_C
  dBFI_E
  dBFI_HP
  dBFI_N
  dBFI_O
  aBFA_AC
  aBFA_AP
  aBFA_CI
  aBFA_CO
  aBFA_EA
  aBFA_EE
  aBFA_N9
  aBFA_NV
  aBFA_NW
  aBFA_OI
  aBFA_OO
  aBFA_PS
  aBFA_MT
  bBFA_AC
  bBFA_AP
  bBFA_CI
  bBFA_CO
  bBFA_EA
  bBFA_EE
  bBFA_N9
  bBFA_NV
  bBFA_NW
  bBFA_OI
  bBFA_OO
  bBFA_MT
  bBFA_PS
  cBFA_AC
  cBFA_AP
  cBFA_CI
  cBFA_CO
  cBFA_EA
  cBFA_EE
  cBFA_N9
  cBFA_NV
  cBFA_NW
  cBFA_OI
  cBFA_OO
  cBFA_MT
  cBFA_PS
  dBFA_AC
  dBFA_AP
  dBFA_CI
  dBFA_CO
  dBFA_EA
  dBFA_EE
  dBFA_N9
  dBFA_NV
  dBFA_NW
  dBFA_OI
  dBFA_OO
  dBFA_MT
  dBFA_PS
  aUSI
  bUSI
  cUSI
  dUSI
  aHRZ_IND
  bHRZ_IND
  cHRZ_IND
  dHRZ_IND
  aVRT_IND
  bVRT_IND
  cVRT_IND
  dVRT_IND
  aHRZ_COL
  bHRZ_COL
  cHRZ_COL
  dHRZ_COL
  aVRT_COL
  bVRT_COL
  cVRT_COL
  dVRT_COL
  aCOLLCTV
  bCOLLCTV
  cCOLLCTV
  dCOLLCTV
  aMVS
  bMVS
  cMVS
  dMVS
  aST
  bST
  cST
  dST
  aSD
  bSD
  cSD
  dSD
  aMVS_mc
  bMVS_mc
  cMVS_mc
  dMVS_mc
  aST_mc
  bST_mc
  cST_mc
  dST_mc
  aSD_mc
  bSD_mc
  cSD_mc
  dSD_mc
  bMEANING
  cMEANING
  dMEANING
  bMEAN_L
  cMEAN_L
  dMEAN_L
  bMEANNGc
  cMEANNGc
  dMEANNGc
  bMEANGlc
  cMEANGlc
  dMEANGlc
  bCLASSIC
  cCLASSIC
  dCLASSIC
  bCLASSCc
  cCLASSCc
  dCLASSCc
  bAGR_VAL
  cAGR_VAL
  dAGR_VAL
  bOPN_VAL
  cOPN_VAL
  dOPN_VAL
  bAGR_VLc
  cAGR_VLc
  dAGR_VLc
  bOPNVALc
  cOPNVALc
  dOPNVALc
  aMV_pomp
  bMV_pomp
  cMV_pomp
  dMV_pomp
  aST_pomp
  bST_pomp
  cST_pomp
  dST_pomp
  aSD_pomp
  bSD_pomp
  cSD_pomp
  dSD_pomp
  agoal_eco
  bgoal_eco
  cgoal_eco
  dgoal_eco
  aAspfinc
  bAspfinc
  cAspfinc
  dAspfinc
  abfi_hp8
  bbfi_hp8
  cbfi_hp8
  dbfi_hp8
  aP_S_BFI
  aP_D_BFI
  aECgoalc
  bECgoalC
  cECgoalC
  dECgoalC
  aaspfin
  baspfin
  caspfin
  daspfin
  aasp_mn2
  basp_mn2
  casp_mn2
  dasp_mn2
  aas12mc2
  aas13mc2
  aas14mc2
  aas15mc2
  aas16mc2
  bas12mc2
  bas13mc2
  bas14mc2
  bas15mc2
  bas16mc2
  cas12mc2
  cas13mc2
  cas14mc2
  cas15mc2
  cas16mc2
  das12mc2
  das13mc2
  das14mc2
  das15mc2
  das16mc2
  aas_f_c2
  bas_f_c2
  cas_f_c2
  das_f_c2
  aI_E
  aI_A
  aI_C
  aI_N
  aI_O
  aI_S
  aI_D
  bI_E
  bI_A
  bI_C
  bI_N
  bI_O
  bI_S
  bI_D
  cI_E
  cI_A
  cI_C
  cI_N
  cI_O
  cI_S
  cI_D
  dI_E
  dI_A
  dI_C
  dI_N
  dI_O
  dI_S
  dI_D
  T1_any_I
  T2_any_I
  T3_any_I
  T4_any_I
  aI_H
  bI_H
  cI_H
  dI_H
  aMVI_POMP
  bMVI_POMP
  cMVI_POMP
  dMVI_POMP;



  USEVARIABLES =
  aI_H
  bI_H
  cI_H
  dI_H
  aBFA_MT
  bBFA_MT
  cBFA_MT
  dBFA_MT
  a1
  a2
  a3
  a4
  ;

  missing = all (-9999);

  USEOBSERVATIONS are Sample == 1; ! National Sample

  tscores = a1 a2 a3 a4;

  DEFINE:
  a1 = aAGE + 0 - 36;
  a2 = aAGE + 1 - 36;
  a3 = aAGE + 2 - 36;
  a4 = aAGE + 3 - 36;

  ANALYSIS:
  TYPE=RANDOM;
  PROCESSORS = 4;
  model=nocovariances; ! supresses default estimation of certain covs in model;

  MODEL:

  i_I_H s_I_H | aI_H bI_H cI_H dI_H AT a1 a2 a3 a4;
  i_BFA_MT s_BFA_MT | aBFA_MT bBFA_MT cBFA_MT dBFA_MT AT a1 a2 a3 a4;

  ! freeing factor covs because of "nocovariances"
  s_I_H WITH i_I_H s_BFA_MT i_BFA_MT;
  i_I_H WITH s_BFA_MT i_BFA_MT;
  s_BFA_MT WITH i_BFA_MT;

  p1 BY aI_H@1; ! Residual "factors";
  p2 BY bI_H@1;
  p3 BY cI_H@1;
  p4 BY dI_H@1;

  v1 BY aBFA_MT@1; ! Residual "factors";
  v2 BY bBFA_MT@1;
  v3 BY cBFA_MT@1;
  v4 BY dBFA_MT@1;

  !residual variances on observed/manifest vars set to 0
  aI_H@0;
  bI_H@0;
  cI_H@0;
  dI_H@0;

  !residual variances on observed/manifest vars set to 0
  aBFA_MT@0;
  bBFA_MT@0;
  cBFA_MT@0;
  dBFA_MT@0;

  ! means of observed/manifest vars set to 0
  [aI_H@0];
  [bI_H@0];
  [cI_H@0];
  [dI_H@0];

  ! means of observed/manifest vars set to 0
  [aBFA_MT@0];
  [bBFA_MT@0];
  [cBFA_MT@0];
  [dBFA_MT@0];

  [p1@0]; ! means of residual "factors" set to 0
  [p2@0];
  [p3@0];
  [p4@0];

  [v1@0]; ! means of residual "factors" set to 0
  [v2@0];
  [v3@0];
  [v4@0];

  p4 on p3 (a); ! Autoregressive paths constrained to equality
  p3 on p2 (a);
  p2 on p1 (a);

  v4 on v3 (b); ! Autoregressive paths constrained to equality
  v3 on v2 (b);
  v2 on v1 (b);

  p4 on v3 (c); ! Cross-lagged paths constrained to equality
  p3 on v2 (c);
  p2 on v1 (c);

  v4 on p3 (d); ! Cross-lagged paths constrained to equality
  v3 on p2 (d);
  v2 on p1 (d);

  p1 with v1 (e); ! Within-wave correlations constrained to equality
  p2 with v2 (e);
  p3 with v3 (e);
  p4 with v4 (e);

  p2 p3 p4 (f); ! estimate variances of residual "factors"
  v2 v3 v4 (g); ! estimate variances of residual "factors"

  OUTPUT: SAMPSTAT PATTERNS;



*** WARNING
  Variable name contains more than 8 characters.
  Only the first 8 characters will be printed in the output.
  Variable: AGOAL_ECO
*** WARNING
  Variable name contains more than 8 characters.
  Only the first 8 characters will be printed in the output.
  Variable: BGOAL_ECO
*** WARNING
  Variable name contains more than 8 characters.
  Only the first 8 characters will be printed in the output.
  Variable: CGOAL_ECO
*** WARNING
  Variable name contains more than 8 characters.
  Only the first 8 characters will be printed in the output.
  Variable: DGOAL_ECO
*** WARNING
  Variable name contains more than 8 characters.
  Only the first 8 characters will be printed in the output.
  Variable: AMVI_POMP
*** WARNING
  Variable name contains more than 8 characters.
  Only the first 8 characters will be printed in the output.
  Variable: BMVI_POMP
*** WARNING
  Variable name contains more than 8 characters.
  Only the first 8 characters will be printed in the output.
  Variable: CMVI_POMP
*** WARNING
  Variable name contains more than 8 characters.
  Only the first 8 characters will be printed in the output.
  Variable: DMVI_POMP
*** WARNING
  Data set contains cases with missing on time scores but non-missing on the
  corresponding dependent variables.  These cases were not included in the analysis.
  Number of such cases:  13
   9 WARNING(S) FOUND IN THE INPUT INSTRUCTIONS



PxVx Bivariate LCM-SR - Inf Linear I_H with Linear;

SUMMARY OF ANALYSIS

Number of groups                                                 1
Number of observations                                         595

Number of dependent variables                                    8
Number of independent variables                                  0
Number of continuous latent variables                           12

Observed dependent variables

  Continuous
   AI_H        BI_H        CI_H        DI_H        ABFA_MT     BBFA_MT
   CBFA_MT     DBFA_MT

Continuous latent variables
   P1          P2          P3          P4          V1          V2
   V3          V4          I_I_H       S_I_H       I_BFA_MT    S_BFA_MT

Variables with special functions

  Time scores
   A1          A2          A3          A4


Estimator                                                      MLR
Information matrix                                        OBSERVED
Maximum number of iterations                                   100
Convergence criterion                                    0.100D-05
Maximum number of EM iterations                                500
Convergence criteria for the EM algorithm
  Loglikelihood change                                   0.100D-02
  Relative loglikelihood change                          0.100D-05
  Derivative                                             0.100D-03
Minimum variance                                         0.100D-03
Maximum number of steepest descent iterations                   20
Maximum number of iterations for H1                           2000
Convergence criterion for H1                             0.100D-03
Optimization algorithm                                         EMA

Input data file(s)
  /Users/johnflournoy/code/lnt_pxvx/Data/LT_informants3.txt
Input data format  FREE


SUMMARY OF DATA

     Number of missing data patterns            49


SUMMARY OF MISSING DATA PATTERNS


     MISSING DATA PATTERNS (x = not missing)

           1  2  3  4  5  6  7  8  9 10 11 12 13 14 15 16 17 18 19 20
 AI_H      x  x  x           x     x     x        x        x  x  x
 BI_H      x              x  x  x  x  x     x  x                    x
 CI_H      x        x           x  x  x                 x        x  x
 DI_H      x           x     x  x           x  x     x  x  x
 ABFA_MT   x  x  x  x  x  x  x  x  x  x  x  x  x  x  x  x  x  x  x  x
 BBFA_MT   x     x  x  x  x  x  x  x  x     x  x  x  x  x  x  x  x  x
 CBFA_MT   x     x  x     x  x  x  x  x  x  x        x  x  x     x  x
 DBFA_MT   x     x  x  x  x  x  x  x  x  x  x  x  x  x  x  x     x

          21 22 23 24 25 26 27 28 29 30 31 32 33 34 35 36 37 38 39 40
 AI_H      x  x  x        x  x  x     x  x        x  x  x  x     x
 BI_H      x  x        x     x     x           x     x     x
 CI_H            x  x        x        x  x        x  x           x  x
 DI_H            x                    x     x        x  x     x
 ABFA_MT   x  x  x  x  x  x  x  x  x  x  x  x  x  x  x  x  x  x  x  x
 BBFA_MT   x  x  x  x  x     x     x        x  x           x     x
 CBFA_MT   x     x  x     x  x     x  x  x        x  x     x     x  x
 DBFA_MT         x              x     x  x     x     x  x  x  x

          41 42 43 44 45 46 47 48 49
 AI_H      x  x        x  x  x
 BI_H         x     x     x
 CI_H            x  x     x     x  x
 DI_H      x  x        x  x     x  x
 ABFA_MT   x  x        x     x  x
 BBFA_MT      x  x  x  x  x  x
 CBFA_MT   x     x  x     x  x  x  x
 DBFA_MT   x  x  x  x  x  x     x  x


     MISSING DATA PATTERN FREQUENCIES

    Pattern   Frequency     Pattern   Frequency     Pattern   Frequency
          1         170          18          16          35           1
          2          34          19          11          36           2
          3          26          20           6          37          13
          4          17          21           7          38           2
          5           5          22          12          39           2
          6          15          23          16          40           3
          7          17          24           4          41           2
          8          38          25           5          42           6
          9          28          26           6          43           1
         10          16          27          12          44           1
         11           6          28           8          45           1
         12          18          29           2          46           2
         13           2          30           7          47           4
         14           3          31           1          48           2
         15          16          32           1          49           1
         16          13          33           2
         17           9          34           3


COVARIANCE COVERAGE OF DATA

Minimum covariance coverage value   0.100


     PROPORTION OF DATA PRESENT


           Covariance Coverage
              AI_H          BI_H          CI_H          DI_H          ABFA_MT
              ________      ________      ________      ________      ________
 AI_H           0.714
 BI_H           0.450         0.627
 CI_H           0.425         0.461         0.597
 DI_H           0.392         0.427         0.420         0.556
 ABFA_MT        0.711         0.622         0.588         0.551         0.992
 BBFA_MT        0.597         0.625         0.566         0.528         0.862
 CBFA_MT        0.576         0.582         0.597         0.524         0.825
 DBFA_MT        0.553         0.553         0.546         0.555         0.795


           Covariance Coverage
              BBFA_MT       CBFA_MT       DBFA_MT
              ________      ________      ________
 BBFA_MT        0.869
 CBFA_MT        0.780         0.834
 DBFA_MT        0.750         0.751         0.803


SAMPLE STATISTICS


     ESTIMATED SAMPLE STATISTICS


           Means
              AI_H          BI_H          CI_H          DI_H          ABFA_MT
              ________      ________      ________      ________      ________
 1             68.131        69.188        69.020        69.199        47.751


           Means
              BBFA_MT       CBFA_MT       DBFA_MT
              ________      ________      ________
 1             47.477        47.200        47.334


           Covariances
              AI_H          BI_H          CI_H          DI_H          ABFA_MT
              ________      ________      ________      ________      ________
 AI_H         378.518
 BI_H         192.031       325.663
 CI_H         166.067       186.482       368.501
 DI_H         169.914       183.700       232.197       325.186
 ABFA_MT      -12.290        11.002       -26.011       -22.034       243.212
 BBFA_MT        3.004         3.392       -13.074       -21.834       187.935
 CBFA_MT        7.657         0.515       -18.799       -26.437       185.718
 DBFA_MT       -5.732       -11.387       -16.909       -21.477       182.653


           Covariances
              BBFA_MT       CBFA_MT       DBFA_MT
              ________      ________      ________
 BBFA_MT      233.361
 CBFA_MT      194.426       239.161
 DBFA_MT      194.312       200.105       249.322


           Correlations
              AI_H          BI_H          CI_H          DI_H          ABFA_MT
              ________      ________      ________      ________      ________
 AI_H           1.000
 BI_H           0.547         1.000
 CI_H           0.445         0.538         1.000
 DI_H           0.484         0.564         0.671         1.000
 ABFA_MT       -0.041         0.039        -0.087        -0.078         1.000
 BBFA_MT        0.010         0.012        -0.045        -0.079         0.789
 CBFA_MT        0.025         0.002        -0.063        -0.095         0.770
 DBFA_MT       -0.019        -0.040        -0.056        -0.075         0.742


           Correlations
              BBFA_MT       CBFA_MT       DBFA_MT
              ________      ________      ________
 BBFA_MT        1.000
 CBFA_MT        0.823         1.000
 DBFA_MT        0.806         0.819         1.000


     MAXIMUM LOG-LIKELIHOOD VALUE FOR THE UNRESTRICTED (H1) MODEL IS -14032.343


THE MODEL ESTIMATION TERMINATED NORMALLY



MODEL FIT INFORMATION

Number of Free Parameters                       23

Loglikelihood

          H0 Value                      -14039.364
          H0 Scaling Correction Factor      1.2254
            for MLR

Information Criteria

          Akaike (AIC)                   28124.728
          Bayesian (BIC)                 28225.665
          Sample-Size Adjusted BIC       28152.647
            (n* = (n + 2) / 24)



MODEL RESULTS

                                                    Two-Tailed
                    Estimate       S.E.  Est./S.E.    P-Value

 P1       BY
    AI_H               1.000      0.000    999.000    999.000

 P2       BY
    BI_H               1.000      0.000    999.000    999.000

 P3       BY
    CI_H               1.000      0.000    999.000    999.000

 P4       BY
    DI_H               1.000      0.000    999.000    999.000

 V1       BY
    ABFA_MT            1.000      0.000    999.000    999.000

 V2       BY
    BBFA_MT            1.000      0.000    999.000    999.000

 V3       BY
    CBFA_MT            1.000      0.000    999.000    999.000

 V4       BY
    DBFA_MT            1.000      0.000    999.000    999.000

 P4         ON
    P3                 0.168      0.089      1.889      0.059
    V3                 0.191      0.091      2.104      0.035

 P3         ON
    P2                 0.168      0.089      1.889      0.059
    V2                 0.191      0.091      2.104      0.035

 P2         ON
    P1                 0.168      0.089      1.889      0.059
    V1                 0.191      0.091      2.104      0.035

 V4         ON
    V3                 0.122      0.065      1.864      0.062
    P3                 0.041      0.030      1.356      0.175

 V3         ON
    V2                 0.122      0.065      1.864      0.062
    P2                 0.041      0.030      1.356      0.175

 V2         ON
    V1                 0.122      0.065      1.864      0.062
    P1                 0.041      0.030      1.356      0.175

 S_I_H    WITH
    I_I_H             -1.372      0.908     -1.511      0.131
    S_BFA_MT           0.011      0.102      0.104      0.917
    I_BFA_MT          -1.876      2.516     -0.745      0.456

 I_I_H    WITH
    S_BFA_MT          -0.286      2.529     -0.113      0.910
    I_BFA_MT         -11.201     14.186     -0.790      0.430

 S_BFA_MT WITH
    I_BFA_MT          -0.488      0.669     -0.729      0.466

 P1       WITH
    V1                 2.984      3.975      0.751      0.453

 P2       WITH
    V2                 2.984      3.975      0.751      0.453

 P3       WITH
    V3                 2.984      3.975      0.751      0.453

 P4       WITH
    V4                 2.984      3.975      0.751      0.453

 Means
    P1                 0.000      0.000    999.000    999.000
    V1                 0.000      0.000    999.000    999.000
    I_I_H             68.569      0.689     99.465      0.000
    S_I_H              0.191      0.059      3.227      0.001
    I_BFA_MT          47.736      0.594     80.412      0.000
    S_BFA_MT          -0.181      0.051     -3.533      0.000

 Intercepts
    AI_H               0.000      0.000    999.000    999.000
    BI_H               0.000      0.000    999.000    999.000
    CI_H               0.000      0.000    999.000    999.000
    DI_H               0.000      0.000    999.000    999.000
    ABFA_MT            0.000      0.000    999.000    999.000
    BBFA_MT            0.000      0.000    999.000    999.000
    CBFA_MT            0.000      0.000    999.000    999.000
    DBFA_MT            0.000      0.000    999.000    999.000
    P2                 0.000      0.000    999.000    999.000
    P3                 0.000      0.000    999.000    999.000
    P4                 0.000      0.000    999.000    999.000
    V2                 0.000      0.000    999.000    999.000
    V3                 0.000      0.000    999.000    999.000
    V4                 0.000      0.000    999.000    999.000

 Variances
    P1               223.495     26.455      8.448      0.000
    V1                68.464      6.818     10.042      0.000
    I_I_H            162.884     25.816      6.309      0.000
    S_I_H              0.065      0.193      0.335      0.738
    I_BFA_MT         180.554     15.897     11.358      0.000
    S_BFA_MT           0.038      0.111      0.338      0.735

 Residual Variances
    AI_H               0.000      0.000    999.000    999.000
    BI_H               0.000      0.000    999.000    999.000
    CI_H               0.000      0.000    999.000    999.000
    DI_H               0.000      0.000    999.000    999.000
    ABFA_MT            0.000      0.000    999.000    999.000
    BBFA_MT            0.000      0.000    999.000    999.000
    CBFA_MT            0.000      0.000    999.000    999.000
    DBFA_MT            0.000      0.000    999.000    999.000
    P2               158.334     16.493      9.600      0.000
    P3               158.334     16.493      9.600      0.000
    P4               158.334     16.493      9.600      0.000
    V2                48.410      4.114     11.766      0.000
    V3                48.410      4.114     11.766      0.000
    V4                48.410      4.114     11.766      0.000


QUALITY OF NUMERICAL RESULTS

     Condition Number for the Information Matrix              0.306E-04
       (ratio of smallest to largest eigenvalue)


     Beginning Time:  12:38:46
        Ending Time:  12:38:59
       Elapsed Time:  00:00:13



MUTHEN & MUTHEN
3463 Stoner Ave.
Los Angeles, CA  90066

Tel: (310) 391-9971
Fax: (310) 391-8971
Web: www.StatModel.com
Support: Support@StatModel.com

Copyright (c) 1998-2012 Muthen & Muthen
