Mplus VERSION 6.12
MUTHEN & MUTHEN
03/09/2016   8:20 PM

INPUT INSTRUCTIONS


  title: PxVx Univariate - Nat MeanOnly bfi_hp8 with Lin USI;
  data: file = E:\Projects\lnt_pxvx\Data\LT_227.txt;


  variable:
  names =
  subjid
  Sample
  aGENDER
  aAGE
  aethnic1
  aethnic2
  aedu_mom
  aedu_dad
  aEDUCATN
  bEDUCATN
  cEDUCATN
  aEMPLOYD
  bEMPLOYD
  cEMPLOYD
  dEMPLOYD
  aINCOME
  bINCOME
  cINCOME
  dINCOME
  aS_SCALE
  bS_SCALE
  cS_SCALE
  dS_SCALE
  aD_SCALE
  bD_SCALE
  cD_SCALE
  dD_SCALE
  aS_COMP
  bS_COMP
  cS_COMP
  dS_COMP
  aD_COMP
  bD_COMP
  cD_COMP
  dD_COMP
  aBFI_A
  aBFI_A6
  aBFI_C
  aBFI_E
  aBFI_HP
  aBFI_N
  aBFI_O
  bBFI_A
  bBFI_A6
  bBFI_C
  bBFI_E
  bBFI_HP
  bBFI_N
  bBFI_O
  cBFI_A
  cBFI_A6
  cBFI_C
  cBFI_E
  cBFI_HP
  cBFI_N
  cBFI_O
  dBFI_A
  dBFI_A6
  dBFI_C
  dBFI_E
  dBFI_HP
  dBFI_N
  dBFI_O
  aBFA_AC
  aBFA_AP
  aBFA_CI
  aBFA_CO
  aBFA_EA
  aBFA_EE
  aBFA_N9
  aBFA_NV
  aBFA_NW
  aBFA_OI
  aBFA_OO
  aBFA_PS
  aBFA_MT
  bBFA_AC
  bBFA_AP
  bBFA_CI
  bBFA_CO
  bBFA_EA
  bBFA_EE
  bBFA_N9
  bBFA_NV
  bBFA_NW
  bBFA_OI
  bBFA_OO
  bBFA_MT
  bBFA_PS
  cBFA_AC
  cBFA_AP
  cBFA_CI
  cBFA_CO
  cBFA_EA
  cBFA_EE
  cBFA_N9
  cBFA_NV
  cBFA_NW
  cBFA_OI
  cBFA_OO
  cBFA_MT
  cBFA_PS
  dBFA_AC
  dBFA_AP
  dBFA_CI
  dBFA_CO
  dBFA_EA
  dBFA_EE
  dBFA_N9
  dBFA_NV
  dBFA_NW
  dBFA_OI
  dBFA_OO
  dBFA_MT
  dBFA_PS
  aUSI
  bUSI
  cUSI
  dUSI
  aHRZ_IND
  bHRZ_IND
  cHRZ_IND
  dHRZ_IND
  aVRT_IND
  bVRT_IND
  cVRT_IND
  dVRT_IND
  aHRZ_COL
  bHRZ_COL
  cHRZ_COL
  dHRZ_COL
  aVRT_COL
  bVRT_COL
  cVRT_COL
  dVRT_COL
  aCOLLCTV
  bCOLLCTV
  cCOLLCTV
  dCOLLCTV
  aMVS
  bMVS
  cMVS
  dMVS
  aST
  bST
  cST
  dST
  aSD
  bSD
  cSD
  dSD
  aMVS_mc
  bMVS_mc
  cMVS_mc
  dMVS_mc
  aST_mc
  bST_mc
  cST_mc
  dST_mc
  aSD_mc
  bSD_mc
  cSD_mc
  dSD_mc
  bMEANING
  cMEANING
  dMEANING
  bMEAN_L
  cMEAN_L
  dMEAN_L
  bMEANNGc
  cMEANNGc
  dMEANNGc
  bMEANGlc
  cMEANGlc
  dMEANGlc
  bCLASSIC
  cCLASSIC
  dCLASSIC
  bCLASSCc
  cCLASSCc
  dCLASSCc
  bAGR_VAL
  cAGR_VAL
  dAGR_VAL
  bOPN_VAL
  cOPN_VAL
  dOPN_VAL
  bAGR_VLc
  cAGR_VLc
  dAGR_VLc
  bOPNVALc
  cOPNVALc
  dOPNVALc
  aMV_pomp
  bMV_pomp
  cMV_pomp
  dMV_pomp
  aST_pomp
  bST_pomp
  cST_pomp
  dST_pomp
  aSD_pomp
  bSD_pomp
  cSD_pomp
  dSD_pomp
  agoal_ec
  bgoal_ec
  cgoal_ec
  dgoal_ec
  aAspfinc
  bAspfinc
  cAspfinc
  dAspfinc
  abfi_hp8
  bbfi_hp8
  cbfi_hp8
  dbfi_hp8
  aP_S_BFI
  aP_D_BFI
  aECgoalc
  bECgoalC
  cECgoalC
  dECgoalC
  aaspfin
  baspfin
  caspfin
  daspfin;


  USEVARIABLES =
  abfi_hp8
  bbfi_hp8
  cbfi_hp8
  dbfi_hp8
  aUSI
  bUSI
  cUSI
  dUSI
  bage_c
  cage_c
  dage_c
  ;

  missing = all (-9999);

  USEOBSERVATIONS are Sample == 1; ! National Sample

  tscores = bage_c cage_c dage_c;

  DEFINE:
  bage_c = aAGE + 1 - 36;
  cage_c = aAGE + 2 - 36;
  dage_c = aAGE + 3 - 36;

  ANALYSIS:
  TYPE=RANDOM;
  PROCESSORS = 8;

  MODEL:

  i_bfi_hp8 s_bfi_hp8 | bbfi_hp8 cbfi_hp8 dbfi_hp8 AT bage_c cage_c dage_c;
  i_USI s_USI | bUSI cUSI dUSI AT bage_c cage_c dage_c;


  !After Bollen and Curran initial observation is not part of LGM

  dbfi_hp8 on cbfi_hp8 (a); ! Autoregressive paths constrained to equality
  cbfi_hp8 on bbfi_hp8 (a);
  bbfi_hp8 on abfi_hp8 (a);

  dUSI on cUSI (b); ! Autoregressive paths constrained to equality
  cUSI on bUSI (b);
  bUSI on aUSI (b);

  bbfi_hp8 cbfi_hp8 dbfi_hp8 (c); !Equality constraint on residuals
  bUSI cUSI dUSI (d); !Equality constraint on residuals

  dUSI on cbfi_hp8 (x); ! Cross-lagged paths constrained to equality
  cUSI on bbfi_hp8 (x);
  bUSI on abfi_hp8 (x);

  dbfi_hp8 on cUSI (y); ! Cross-lagged paths constrained to equality
  cbfi_hp8 on bUSI (y);
  bbfi_hp8 on aUSI (y);

  dUSI with dbfi_hp8 (w); ! within-wave correlations constrained to equality
  cUSI with cbfi_hp8 (w);
  bUSI with bbfi_hp8 (w);

  abfi_hp8 aUSI i_bfi_hp8 i_USI
  s_USI
  with
  s_USI
  abfi_hp8 aUSI i_bfi_hp8 i_USI;

  s_bfi_hp8@0;


  OUTPUT: SAMPSTAT PATTERNS;



*** WARNING
  Variable name contains more than 8 characters.
  Only the first 8 characters will be printed in the output.
  Variable: I_BFI_HP8
*** WARNING
  Variable name contains more than 8 characters.
  Only the first 8 characters will be printed in the output.
  Variable: S_BFI_HP8
*** WARNING in MODEL command
  All continuous latent variable covariances involving S_BFI_HP8 have been fixed to 0
  because the variance of S_BFI_HP8 is fixed at 0.
*** WARNING
  Data set contains cases with missing on time scores but non-missing on the
  corresponding dependent variables.  These cases were not included in the analysis.
  Number of such cases:  5
   4 WARNING(S) FOUND IN THE INPUT INSTRUCTIONS



PxVx Univariate - Nat MeanOnly bfi_hp8 with Lin USI;

SUMMARY OF ANALYSIS

Number of groups                                                 1
Number of observations                                         874

Number of dependent variables                                    6
Number of independent variables                                  2
Number of continuous latent variables                            4

Observed dependent variables

  Continuous
   BBFI_HP8    CBFI_HP8    DBFI_HP8    BUSI        CUSI        DUSI

Observed independent variables
   ABFI_HP8    AUSI

Continuous latent variables
   I_BFI_HP    S_BFI_HP    I_USI       S_USI

Variables with special functions

  Time scores
   BAGE_C      CAGE_C      DAGE_C


Estimator                                                      MLR
Information matrix                                        OBSERVED
Maximum number of iterations                                   100
Convergence criterion                                    0.100D-05
Maximum number of EM iterations                                500
Convergence criteria for the EM algorithm
  Loglikelihood change                                   0.100D-02
  Relative loglikelihood change                          0.100D-05
  Derivative                                             0.100D-03
Minimum variance                                         0.100D-03
Maximum number of steepest descent iterations                   20
Maximum number of iterations for H1                           2000
Convergence criterion for H1                             0.100D-03
Optimization algorithm                                         EMA

Input data file(s)
  E:\Projects\lnt_pxvx\Data\LT_227.txt
Input data format  FREE


SUMMARY OF DATA

     Number of missing data patterns            20


SUMMARY OF MISSING DATA PATTERNS


     MISSING DATA PATTERNS (x = not missing)

           1  2  3  4  5  6  7  8  9 10 11 12 13 14 15 16 17 18 19 20
 BBFI_HP8  x     x  x     x     x     x  x  x  x        x     x
 CBFI_HP8  x           x  x     x  x     x  x  x           x  x  x
 DBFI_HP8  x     x     x  x  x           x     x  x     x        x  x
 BUSI      x     x  x     x     x        x  x                 x
 CUSI      x           x        x  x     x     x              x  x
 DUSI      x     x     x  x  x                 x  x     x     x
 ABFI_HP8  x  x  x  x  x  x  x  x  x  x  x  x  x     x  x  x  x  x  x
 AUSI      x  x  x  x  x  x  x  x  x  x  x  x  x  x     x  x  x  x  x


     MISSING DATA PATTERN FREQUENCIES

    Pattern   Frequency     Pattern   Frequency     Pattern   Frequency
          1         497           8          45          15           1
          2         168           9          21          16           1
          3          26          10           5          17           1
          4          52          11           1          18           1
          5          21          12           1          19           2
          6           2          13           3          20           2
          7          23          14           1


COVARIANCE COVERAGE OF DATA

Minimum covariance coverage value   0.100


     PROPORTION OF DATA PRESENT


           Covariance Coverage
              BBFI_HP8      CBFI_HP8      DBFI_HP8      BUSI          CUSI
              ________      ________      ________      ________      ________
 BBFI_HP8       0.725
 CBFI_HP8       0.629         0.681
 DBFI_HP8       0.606         0.602         0.662
 BUSI           0.715         0.626         0.602         0.715
 CUSI           0.626         0.676         0.600         0.622         0.676
 DUSI           0.606         0.600         0.657         0.602         0.597
 ABFI_HP8       0.725         0.681         0.661         0.715         0.676
 AUSI           0.725         0.681         0.662         0.715         0.676


           Covariance Coverage
              DUSI          ABFI_HP8      AUSI
              ________      ________      ________
 DUSI           0.658
 ABFI_HP8       0.657         0.999
 AUSI           0.658         0.998         0.999


SAMPLE STATISTICS


     ESTIMATED SAMPLE STATISTICS


           Means
              BBFI_HP8      CBFI_HP8      DBFI_HP8      BUSI          CUSI
              ________      ________      ________      ________      ________
 1             71.497        72.198        72.234        28.599        28.571


           Means
              DUSI          ABFI_HP8      AUSI
              ________      ________      ________
 1             28.578        71.131        29.089


           Covariances
              BBFI_HP8      CBFI_HP8      DBFI_HP8      BUSI          CUSI
              ________      ________      ________      ________      ________
 BBFI_HP8     255.106
 CBFI_HP8     186.480       233.117
 DBFI_HP8     177.773       178.732       235.523
 BUSI         -81.371       -73.285       -69.293       275.999
 CUSI         -67.346       -75.603       -68.188       213.285       281.079
 DUSI         -69.266       -67.902       -61.939       199.413       220.312
 ABFI_HP8     189.077       174.611       165.363       -72.519       -64.515
 AUSI         -78.642       -65.715       -63.076       206.299       203.286


           Covariances
              DUSI          ABFI_HP8      AUSI
              ________      ________      ________
 DUSI         261.797
 ABFI_HP8     -56.151       248.623
 AUSI         191.633       -66.993       267.148


           Correlations
              BBFI_HP8      CBFI_HP8      DBFI_HP8      BUSI          CUSI
              ________      ________      ________      ________      ________
 BBFI_HP8       1.000
 CBFI_HP8       0.765         1.000
 DBFI_HP8       0.725         0.763         1.000
 BUSI          -0.307        -0.289        -0.272         1.000
 CUSI          -0.251        -0.295        -0.265         0.766         1.000
 DUSI          -0.268        -0.275        -0.249         0.742         0.812
 ABFI_HP8       0.751         0.725         0.683        -0.277        -0.244
 AUSI          -0.301        -0.263        -0.251         0.760         0.742


           Correlations
              DUSI          ABFI_HP8      AUSI
              ________      ________      ________
 DUSI           1.000
 ABFI_HP8      -0.220         1.000
 AUSI           0.725        -0.260         1.000


     MAXIMUM LOG-LIKELIHOOD VALUE FOR THE UNRESTRICTED (H1) MODEL IS -20596.232


THE MODEL ESTIMATION TERMINATED NORMALLY



MODEL FIT INFORMATION

Number of Free Parameters                       28

Loglikelihood

          H0 Value                      -20603.617
          H0 Scaling Correction Factor       1.090
            for MLR

Information Criteria

          Akaike (AIC)                   41263.233
          Bayesian (BIC)                 41396.880
          Sample-Size Adjusted BIC       41307.958
            (n* = (n + 2) / 24)



MODEL RESULTS

                                                    Two-Tailed
                    Estimate       S.E.  Est./S.E.    P-Value

 DBFI_HP8   ON
    CBFI_HP8           0.145      0.050      2.922      0.003
    CUSI              -0.074      0.038     -1.941      0.052

 CBFI_HP8   ON
    BBFI_HP8           0.145      0.050      2.922      0.003
    BUSI              -0.074      0.038     -1.941      0.052

 BBFI_HP8   ON
    ABFI_HP8           0.145      0.050      2.922      0.003
    AUSI              -0.074      0.038     -1.941      0.052

 DUSI       ON
    CUSI               0.154      0.050      3.096      0.002
    CBFI_HP8          -0.037      0.039     -0.934      0.350

 CUSI       ON
    BUSI               0.154      0.050      3.096      0.002
    BBFI_HP8          -0.037      0.039     -0.934      0.350

 BUSI       ON
    AUSI               0.154      0.050      3.096      0.002
    ABFI_HP8          -0.037      0.039     -0.934      0.350

 I_USI    WITH
    I_BFI_HP8        -26.497     14.517     -1.825      0.068

 S_USI    WITH
    I_BFI_HP8         -0.403      0.375     -1.077      0.282
    I_USI             -0.081      0.351     -0.230      0.818

 ABFI_HP8 WITH
    I_BFI_HP8        139.811     12.872     10.861      0.000
    I_USI            -45.562     12.021     -3.790      0.000
    S_USI             -1.149      0.517     -2.221      0.026

 AUSI     WITH
    I_BFI_HP8        -39.688     12.122     -3.274      0.001
    I_USI            161.013     14.672     10.974      0.000
    S_USI              0.763      0.508      1.501      0.133

 DUSI     WITH
    DBFI_HP8          -6.426      2.743     -2.343      0.019

 CUSI     WITH
    CBFI_HP8          -6.426      2.743     -2.343      0.019

 BUSI     WITH
    BBFI_HP8          -6.426      2.743     -2.343      0.019

 AUSI     WITH
    ABFI_HP8         -67.034      8.685     -7.719      0.000

 Means
    ABFI_HP8          71.130      0.533    133.499      0.000
    AUSI              29.088      0.552     52.695      0.000
    I_BFI_HP8         63.578      3.628     17.524      0.000
    S_BFI_HP8          0.088      0.030      2.914      0.004
    I_USI             26.923      2.957      9.106      0.000
    S_USI             -0.018      0.031     -0.592      0.554

 Intercepts
    BBFI_HP8           0.000      0.000    999.000    999.000
    CBFI_HP8           0.000      0.000    999.000    999.000
    DBFI_HP8           0.000      0.000    999.000    999.000
    BUSI               0.000      0.000    999.000    999.000
    CUSI               0.000      0.000    999.000    999.000
    DUSI               0.000      0.000    999.000    999.000

 Variances
    ABFI_HP8         248.600     10.694     23.247      0.000
    AUSI             267.155     10.768     24.809      0.000
    I_BFI_HP8        116.456     18.609      6.258      0.000
    S_BFI_HP8          0.000      0.000    999.000    999.000
    I_USI            134.765     21.233      6.347      0.000
    S_USI              0.053      0.035      1.521      0.128

 Residual Variances
    BBFI_HP8          65.723      4.252     15.457      0.000
    CBFI_HP8          65.723      4.252     15.457      0.000
    DBFI_HP8          65.723      4.252     15.457      0.000
    BUSI              68.498      4.599     14.895      0.000
    CUSI              68.498      4.599     14.895      0.000
    DUSI              68.498      4.599     14.895      0.000


QUALITY OF NUMERICAL RESULTS

     Condition Number for the Information Matrix              0.719E-05
       (ratio of smallest to largest eigenvalue)


     Beginning Time:  20:20:20
        Ending Time:  20:20:24
       Elapsed Time:  00:00:04



MUTHEN & MUTHEN
3463 Stoner Ave.
Los Angeles, CA  90066

Tel: (310) 391-9971
Fax: (310) 391-8971
Web: www.StatModel.com
Support: Support@StatModel.com

Copyright (c) 1998-2011 Muthen & Muthen
