Mplus VERSION 6.12
MUTHEN & MUTHEN
03/09/2016   9:33 PM

INPUT INSTRUCTIONS


  title: PxVx Univariate - Nat Lin I_O with Lin VRT_COL;
  data: file = E:\Projects\lnt_pxvx\Data\LT_informants3.txt;

  variable:
  names =
  subjid
  Sample
  aGENDER
  aAGE
  aethnic1
  aethnic2
  aedu_mom
  aedu_dad
  aEDUCATN
  bEDUCATN
  cEDUCATN
  aEMPLOYD
  bEMPLOYD
  cEMPLOYD
  dEMPLOYD
  aINCOME
  bINCOME
  cINCOME
  dINCOME
  aS_SCALE
  bS_SCALE
  cS_SCALE
  dS_SCALE
  aD_SCALE
  bD_SCALE
  cD_SCALE
  dD_SCALE
  aS_COMP
  bS_COMP
  cS_COMP
  dS_COMP
  aD_COMP
  bD_COMP
  cD_COMP
  dD_COMP
  aBFI_A
  aBFI_A6
  aBFI_C
  aBFI_E
  aBFI_HP
  aBFI_N
  aBFI_O
  bBFI_A
  bBFI_A6
  bBFI_C
  bBFI_E
  bBFI_HP
  bBFI_N
  bBFI_O
  cBFI_A
  cBFI_A6
  cBFI_C
  cBFI_E
  cBFI_HP
  cBFI_N
  cBFI_O
  dBFI_A
  dBFI_A6
  dBFI_C
  dBFI_E
  dBFI_HP
  dBFI_N
  dBFI_O
  aBFA_AC
  aBFA_AP
  aBFA_CI
  aBFA_CO
  aBFA_EA
  aBFA_EE
  aBFA_N9
  aBFA_NV
  aBFA_NW
  aBFA_OI
  aBFA_OO
  aBFA_PS
  aBFA_MT
  bBFA_AC
  bBFA_AP
  bBFA_CI
  bBFA_CO
  bBFA_EA
  bBFA_EE
  bBFA_N9
  bBFA_NV
  bBFA_NW
  bBFA_OI
  bBFA_OO
  bBFA_MT
  bBFA_PS
  cBFA_AC
  cBFA_AP
  cBFA_CI
  cBFA_CO
  cBFA_EA
  cBFA_EE
  cBFA_N9
  cBFA_NV
  cBFA_NW
  cBFA_OI
  cBFA_OO
  cBFA_MT
  cBFA_PS
  dBFA_AC
  dBFA_AP
  dBFA_CI
  dBFA_CO
  dBFA_EA
  dBFA_EE
  dBFA_N9
  dBFA_NV
  dBFA_NW
  dBFA_OI
  dBFA_OO
  dBFA_MT
  dBFA_PS
  aUSI
  bUSI
  cUSI
  dUSI
  aHRZ_IND
  bHRZ_IND
  cHRZ_IND
  dHRZ_IND
  aVRT_IND
  bVRT_IND
  cVRT_IND
  dVRT_IND
  aHRZ_COL
  bHRZ_COL
  cHRZ_COL
  dHRZ_COL
  aVRT_COL
  bVRT_COL
  cVRT_COL
  dVRT_COL
  aCOLLCTV
  bCOLLCTV
  cCOLLCTV
  dCOLLCTV
  aMVS
  bMVS
  cMVS
  dMVS
  aST
  bST
  cST
  dST
  aSD
  bSD
  cSD
  dSD
  aMVS_mc
  bMVS_mc
  cMVS_mc
  dMVS_mc
  aST_mc
  bST_mc
  cST_mc
  dST_mc
  aSD_mc
  bSD_mc
  cSD_mc
  dSD_mc
  bMEANING
  cMEANING
  dMEANING
  bMEAN_L
  cMEAN_L
  dMEAN_L
  bMEANNGc
  cMEANNGc
  dMEANNGc
  bMEANGlc
  cMEANGlc
  dMEANGlc
  bCLASSIC
  cCLASSIC
  dCLASSIC
  bCLASSCc
  cCLASSCc
  dCLASSCc
  bAGR_VAL
  cAGR_VAL
  dAGR_VAL
  bOPN_VAL
  cOPN_VAL
  dOPN_VAL
  bAGR_VLc
  cAGR_VLc
  dAGR_VLc
  bOPNVALc
  cOPNVALc
  dOPNVALc
  aMV_pomp
  bMV_pomp
  cMV_pomp
  dMV_pomp
  aST_pomp
  bST_pomp
  cST_pomp
  dST_pomp
  aSD_pomp
  bSD_pomp
  cSD_pomp
  dSD_pomp
  agoal_eco
  bgoal_eco
  cgoal_eco
  dgoal_eco
  aAspfinc
  bAspfinc
  cAspfinc
  dAspfinc
  abfi_hp8
  bbfi_hp8
  cbfi_hp8
  dbfi_hp8
  aP_S_BFI
  aP_D_BFI
  aECgoalc
  bECgoalC
  cECgoalC
  dECgoalC
  aaspfin
  baspfin
  caspfin
  daspfin
  aasp_mn2
  basp_mn2
  casp_mn2
  dasp_mn2
  aas12mc2
  aas13mc2
  aas14mc2
  aas15mc2
  aas16mc2
  bas12mc2
  bas13mc2
  bas14mc2
  bas15mc2
  bas16mc2
  cas12mc2
  cas13mc2
  cas14mc2
  cas15mc2
  cas16mc2
  das12mc2
  das13mc2
  das14mc2
  das15mc2
  das16mc2
  aas_f_c2
  bas_f_c2
  cas_f_c2
  das_f_c2
  aI_E
  aI_A
  aI_C
  aI_N
  aI_O
  aI_S
  aI_D
  bI_E
  bI_A
  bI_C
  bI_N
  bI_O
  bI_S
  bI_D
  cI_E
  cI_A
  cI_C
  cI_N
  cI_O
  cI_S
  cI_D
  dI_E
  dI_A
  dI_C
  dI_N
  dI_O
  dI_S
  dI_D
  T1_any_I
  T2_any_I
  T3_any_I
  T4_any_I
  aI_H
  bI_H
  cI_H
  dI_H;



  USEVARIABLES =
  aI_O
  bI_O
  cI_O
  dI_O
  aVRT_COL
  bVRT_COL
  cVRT_COL
  dVRT_COL
  bage_c
  cage_c
  dage_c
  ;

  missing = all (-9999);

  USEOBSERVATIONS are Sample == 1; ! National Sample

  tscores = bage_c cage_c dage_c;

  DEFINE:
  bage_c = aAGE + 1 - 36;
  cage_c = aAGE + 2 - 36;
  dage_c = aAGE + 3 - 36;

  ANALYSIS:
  TYPE=RANDOM;
  PROCESSORS = 8;

  MODEL:

  i_I_O s_I_O | bI_O cI_O dI_O AT bage_c cage_c dage_c;
  i_VRT_COL s_VRT_COL | bVRT_COL cVRT_COL dVRT_COL AT bage_c cage_c dage_c;


  !After Bollen and Curran initial observation is not part of LGM

  dI_O on cI_O (a); ! Autoregressive paths constrained to equality
  cI_O on bI_O (a);
  bI_O on aI_O (a);

  dVRT_COL on cVRT_COL (b); ! Autoregressive paths constrained to equality
  cVRT_COL on bVRT_COL (b);
  bVRT_COL on aVRT_COL (b);

  bI_O cI_O dI_O (c); !Equality constraint on residuals
  bVRT_COL cVRT_COL dVRT_COL (d); !Equality constraint on residuals

  dVRT_COL on cI_O (x); ! Cross-lagged paths constrained to equality
  cVRT_COL on bI_O (x);
  bVRT_COL on aI_O (x);

  dI_O on cVRT_COL (y); ! Cross-lagged paths constrained to equality
  cI_O on bVRT_COL (y);
  bI_O on aVRT_COL (y);

  dVRT_COL with dI_O (w); ! within-wave correlations constrained to equality
  cVRT_COL with cI_O (w);
  bVRT_COL with bI_O (w);

  aI_O aVRT_COL i_I_O i_VRT_COL
  s_I_O
  s_VRT_COL
  with
  s_I_O
  s_VRT_COL
  aI_O aVRT_COL i_I_O i_VRT_COL;



  OUTPUT: SAMPSTAT PATTERNS;



*** WARNING
  Variable name contains more than 8 characters.
  Only the first 8 characters will be printed in the output.
  Variable: AGOAL_ECO
*** WARNING
  Variable name contains more than 8 characters.
  Only the first 8 characters will be printed in the output.
  Variable: BGOAL_ECO
*** WARNING
  Variable name contains more than 8 characters.
  Only the first 8 characters will be printed in the output.
  Variable: CGOAL_ECO
*** WARNING
  Variable name contains more than 8 characters.
  Only the first 8 characters will be printed in the output.
  Variable: DGOAL_ECO
*** WARNING
  Variable name contains more than 8 characters.
  Only the first 8 characters will be printed in the output.
  Variable: I_VRT_COL
*** WARNING
  Variable name contains more than 8 characters.
  Only the first 8 characters will be printed in the output.
  Variable: S_VRT_COL
*** WARNING
  Data set contains cases with missing on time scores but non-missing on the
  corresponding dependent variables.  These cases were not included in the analysis.
  Number of such cases:  4
   7 WARNING(S) FOUND IN THE INPUT INSTRUCTIONS



PxVx Univariate - Nat Lin I_O with Lin VRT_COL;

SUMMARY OF ANALYSIS

Number of groups                                                 1
Number of observations                                         604

Number of dependent variables                                    6
Number of independent variables                                  2
Number of continuous latent variables                            4

Observed dependent variables

  Continuous
   BI_O        CI_O        DI_O        BVRT_COL    CVRT_COL    DVRT_COL

Observed independent variables
   AI_O        AVRT_COL

Continuous latent variables
   I_I_O       S_I_O       I_VRT_CO    S_VRT_CO

Variables with special functions

  Time scores
   BAGE_C      CAGE_C      DAGE_C


Estimator                                                      MLR
Information matrix                                        OBSERVED
Maximum number of iterations                                   100
Convergence criterion                                    0.100D-05
Maximum number of EM iterations                                500
Convergence criteria for the EM algorithm
  Loglikelihood change                                   0.100D-02
  Relative loglikelihood change                          0.100D-05
  Derivative                                             0.100D-03
Minimum variance                                         0.100D-03
Maximum number of steepest descent iterations                   20
Maximum number of iterations for H1                           2000
Convergence criterion for H1                             0.100D-03
Optimization algorithm                                         EMA

Input data file(s)
  E:\Projects\lnt_pxvx\Data\LT_informants3.txt
Input data format  FREE


SUMMARY OF DATA

     Number of missing data patterns            46


SUMMARY OF MISSING DATA PATTERNS


     MISSING DATA PATTERNS (x = not missing)

           1  2  3  4  5  6  7  8  9 10 11 12 13 14 15 16 17 18 19 20
 BI_O      x              x  x  x  x  x     x  x                    x
 CI_O      x        x           x  x  x                 x        x  x
 DI_O      x           x     x  x           x  x     x  x  x
 BVRT_COL  x     x  x  x  x  x  x  x  x     x  x  x  x  x  x  x  x  x
 CVRT_COL  x     x  x     x  x  x  x  x  x  x        x  x  x     x  x
 DVRT_COL  x     x  x  x  x  x  x  x  x  x  x  x  x  x  x  x     x
 AI_O      x  x  x           x     x     x        x        x  x  x
 AVRT_COL  x  x  x  x  x  x  x  x  x  x  x  x  x  x  x  x  x  x  x  x

          21 22 23 24 25 26 27 28 29 30 31 32 33 34 35 36 37 38 39 40
 BI_O      x  x        x     x     x           x        x
 CI_O            x  x        x        x  x        x           x  x
 DI_O            x                    x     x        x     x        x
 BVRT_COL  x  x  x  x  x     x     x        x  x        x     x
 CVRT_COL  x     x  x     x  x     x  x  x        x     x     x  x  x
 DVRT_COL        x              x     x  x     x     x  x  x        x
 AI_O      x  x  x        x  x  x     x  x        x  x  x     x     x
 AVRT_COL  x  x  x  x  x  x  x  x  x  x  x  x  x  x  x  x  x  x  x  x

          41 42 43 44 45 46
 BI_O      x  x  x
 CI_O            x        x
 DI_O      x     x     x  x
 BVRT_COL  x     x  x
 CVRT_COL     x  x  x  x  x
 DVRT_COL  x  x        x  x
 AI_O      x  x     x
 AVRT_COL  x  x  x  x  x  x


     MISSING DATA PATTERN FREQUENCIES

    Pattern   Frequency     Pattern   Frequency     Pattern   Frequency
          1         172          17           9          33           2
          2          34          18          18          34           3
          3          26          19          11          35           3
          4          19          20           5          36          13
          5           5          21           6          37           2
          6          15          22          13          38           2
          7          17          23          16          39           3
          8          39          24           4          40           2
          9          29          25           7          41           6
         10          17          26           6          42           1
         11           7          27          12          43           1
         12          18          28           8          44           4
         13           2          29           2          45           1
         14           3          30           7          46           2
         15          17          31           1
         16          13          32           1


COVARIANCE COVERAGE OF DATA

Minimum covariance coverage value   0.100


     PROPORTION OF DATA PRESENT


           Covariance Coverage
              BI_O          CI_O          DI_O          BVRT_COL      CVRT_COL
              ________      ________      ________      ________      ________
 BI_O           0.624
 CI_O           0.455         0.589
 DI_O           0.422         0.414         0.551
 BVRT_COL       0.623         0.563         0.523         0.868
 CVRT_COL       0.575         0.589         0.520         0.773         0.828
 DVRT_COL       0.548         0.540         0.548         0.743         0.748
 AI_O           0.445         0.419         0.384         0.591         0.570
 AVRT_COL       0.624         0.589         0.551         0.868         0.828


           Covariance Coverage
              DVRT_COL      AI_O          AVRT_COL
              ________      ________      ________
 DVRT_COL       0.800
 AI_O           0.548         0.710
 AVRT_COL       0.800         0.710         1.000


SAMPLE STATISTICS


     ESTIMATED SAMPLE STATISTICS


           Means
              BI_O          CI_O          DI_O          BVRT_COL      CVRT_COL
              ________      ________      ________      ________      ________
 1             72.126        70.814        71.460        69.625        67.981


           Means
              DVRT_COL      AI_O          AVRT_COL
              ________      ________      ________
 1             68.497        72.578        71.382


           Covariances
              BI_O          CI_O          DI_O          BVRT_COL      CVRT_COL
              ________      ________      ________      ________      ________
 BI_O         401.698
 CI_O         219.376       416.722
 DI_O         204.607       213.855       413.431
 BVRT_COL     -40.273       -36.003       -48.623       350.668
 CVRT_COL     -60.001       -51.156       -34.422       253.575       361.354
 DVRT_COL     -69.113       -62.512       -76.349       258.884       269.579
 AI_O         206.474       202.031       207.189       -11.628       -64.883
 AVRT_COL     -58.462       -46.096       -52.915       237.938       227.116


           Covariances
              DVRT_COL      AI_O          AVRT_COL
              ________      ________      ________
 DVRT_COL     363.142
 AI_O         -66.967       421.887
 AVRT_COL     235.564       -45.959       327.512


           Correlations
              BI_O          CI_O          DI_O          BVRT_COL      CVRT_COL
              ________      ________      ________      ________      ________
 BI_O           1.000
 CI_O           0.536         1.000
 DI_O           0.502         0.515         1.000
 BVRT_COL      -0.107        -0.094        -0.128         1.000
 CVRT_COL      -0.157        -0.132        -0.089         0.712         1.000
 DVRT_COL      -0.181        -0.161        -0.197         0.725         0.744
 AI_O           0.502         0.482         0.496        -0.030        -0.166
 AVRT_COL      -0.161        -0.125        -0.144         0.702         0.660


           Correlations
              DVRT_COL      AI_O          AVRT_COL
              ________      ________      ________
 DVRT_COL       1.000
 AI_O          -0.171         1.000
 AVRT_COL       0.683        -0.124         1.000


     MAXIMUM LOG-LIKELIHOOD VALUE FOR THE UNRESTRICTED (H1) MODEL IS -14982.307


THE MODEL ESTIMATION TERMINATED NORMALLY



MODEL FIT INFORMATION

Number of Free Parameters                       34

Loglikelihood

          H0 Value                      -14988.633
          H0 Scaling Correction Factor       1.015
            for MLR

Information Criteria

          Akaike (AIC)                   30045.266
          Bayesian (BIC)                 30194.988
          Sample-Size Adjusted BIC       30087.047
            (n* = (n + 2) / 24)



MODEL RESULTS

                                                    Two-Tailed
                    Estimate       S.E.  Est./S.E.    P-Value

 DI_O       ON
    CI_O               0.008      0.055      0.140      0.888
    CVRT_COL           0.085      0.045      1.872      0.061

 CI_O       ON
    BI_O               0.008      0.055      0.140      0.888
    BVRT_COL           0.085      0.045      1.872      0.061

 BI_O       ON
    AI_O               0.008      0.055      0.140      0.888
    AVRT_COL           0.085      0.045      1.872      0.061

 DVRT_COL   ON
    CVRT_COL           0.083      0.038      2.199      0.028
    CI_O               0.060      0.033      1.799      0.072

 CVRT_COL   ON
    BVRT_COL           0.083      0.038      2.199      0.028
    BI_O               0.060      0.033      1.799      0.072

 BVRT_COL   ON
    AVRT_COL           0.083      0.038      2.199      0.028
    AI_O               0.060      0.033      1.799      0.072

 S_I_O    WITH
    I_I_O              0.644      0.979      0.658      0.511

 I_VRT_CO WITH
    I_I_O            -82.029     21.202     -3.869      0.000
    S_I_O              0.514      5.156      0.100      0.921

 S_VRT_CO WITH
    I_I_O             -0.563      5.064     -0.111      0.911
    S_I_O             -0.021      0.078     -0.275      0.784
    I_VRT_COL         -0.825      0.641     -1.286      0.198

 AI_O     WITH
    I_I_O            197.594     27.375      7.218      0.000
    S_I_O              2.911      1.793      1.623      0.105
    I_VRT_COL        -59.842     18.307     -3.269      0.001
    S_VRT_COL          1.146      0.992      1.155      0.248

 AVRT_COL WITH
    I_I_O            -75.013     19.272     -3.892      0.000
    S_I_O              0.214      1.160      0.184      0.854
    I_VRT_COL        212.637     18.581     11.444      0.000
    S_VRT_COL          0.411      0.763      0.539      0.590

 DVRT_COL WITH
    DI_O               3.691      5.913      0.624      0.532

 CVRT_COL WITH
    CI_O               3.691      5.913      0.624      0.532

 BVRT_COL WITH
    BI_O               3.691      5.913      0.624      0.532

 AVRT_COL WITH
    AI_O             -41.866     17.248     -2.427      0.015

 Means
    AI_O              73.256      0.942     77.793      0.000
    AVRT_COL          71.382      0.734     97.244      0.000
    I_I_O             65.342      3.245     20.139      0.000
    S_I_O             -0.046      0.069     -0.662      0.508
    I_VRT_COL         58.511      3.500     16.718      0.000
    S_VRT_COL          0.099      0.044      2.271      0.023

 Intercepts
    BI_O               0.000      0.000    999.000    999.000
    CI_O               0.000      0.000    999.000    999.000
    DI_O               0.000      0.000    999.000    999.000
    BVRT_COL           0.000      0.000    999.000    999.000
    CVRT_COL           0.000      0.000    999.000    999.000
    DVRT_COL           0.000      0.000    999.000    999.000

 Variances
    AI_O             420.299     27.912     15.058      0.000
    AVRT_COL         327.512     19.351     16.925      0.000
    I_I_O            206.105     40.900      5.039      0.000
    S_I_O              0.093      0.190      0.488      0.626
    I_VRT_COL        212.370     24.735      8.586      0.000
    S_VRT_COL          0.086      0.084      1.034      0.301

 Residual Variances
    BI_O             197.637     15.626     12.648      0.000
    CI_O             197.637     15.626     12.648      0.000
    DI_O             197.637     15.626     12.648      0.000
    BVRT_COL         103.304      6.553     15.764      0.000
    CVRT_COL         103.304      6.553     15.764      0.000
    DVRT_COL         103.304      6.553     15.764      0.000


QUALITY OF NUMERICAL RESULTS

     Condition Number for the Information Matrix              0.298E-06
       (ratio of smallest to largest eigenvalue)


     Beginning Time:  21:33:03
        Ending Time:  21:33:16
       Elapsed Time:  00:00:13



MUTHEN & MUTHEN
3463 Stoner Ave.
Los Angeles, CA  90066

Tel: (310) 391-9971
Fax: (310) 391-8971
Web: www.StatModel.com
Support: Support@StatModel.com

Copyright (c) 1998-2011 Muthen & Muthen
