Mplus VERSION 6.12
MUTHEN & MUTHEN
03/21/2016  11:57 AM

INPUT INSTRUCTIONS


  title: PxVx Univariate - Col MeanOnly D_SCALE with Lin HRZ_IND;
  data: file = E:\Projects\lnt_pxvx\Data\LT_227.txt;



  variable:
  names =
  subjid
  Sample
  aGENDER
  aAGE
  aethnic1
  aethnic2
  aedu_mom
  aedu_dad
  aEDUCATN
  bEDUCATN
  cEDUCATN
  aEMPLOYD
  bEMPLOYD
  cEMPLOYD
  dEMPLOYD
  aINCOME
  bINCOME
  cINCOME
  dINCOME
  aS_SCALE
  bS_SCALE
  cS_SCALE
  dS_SCALE
  aD_SCALE
  bD_SCALE
  cD_SCALE
  dD_SCALE
  aS_COMP
  bS_COMP
  cS_COMP
  dS_COMP
  aD_COMP
  bD_COMP
  cD_COMP
  dD_COMP
  aBFI_A
  aBFI_A6
  aBFI_C
  aBFI_E
  aBFI_HP
  aBFI_N
  aBFI_O
  bBFI_A
  bBFI_A6
  bBFI_C
  bBFI_E
  bBFI_HP
  bBFI_N
  bBFI_O
  cBFI_A
  cBFI_A6
  cBFI_C
  cBFI_E
  cBFI_HP
  cBFI_N
  cBFI_O
  dBFI_A
  dBFI_A6
  dBFI_C
  dBFI_E
  dBFI_HP
  dBFI_N
  dBFI_O
  aBFA_AC
  aBFA_AP
  aBFA_CI
  aBFA_CO
  aBFA_EA
  aBFA_EE
  aBFA_N9
  aBFA_NV
  aBFA_NW
  aBFA_OI
  aBFA_OO
  aBFA_PS
  aBFA_MT
  bBFA_AC
  bBFA_AP
  bBFA_CI
  bBFA_CO
  bBFA_EA
  bBFA_EE
  bBFA_N9
  bBFA_NV
  bBFA_NW
  bBFA_OI
  bBFA_OO
  bBFA_MT
  bBFA_PS
  cBFA_AC
  cBFA_AP
  cBFA_CI
  cBFA_CO
  cBFA_EA
  cBFA_EE
  cBFA_N9
  cBFA_NV
  cBFA_NW
  cBFA_OI
  cBFA_OO
  cBFA_MT
  cBFA_PS
  dBFA_AC
  dBFA_AP
  dBFA_CI
  dBFA_CO
  dBFA_EA
  dBFA_EE
  dBFA_N9
  dBFA_NV
  dBFA_NW
  dBFA_OI
  dBFA_OO
  dBFA_MT
  dBFA_PS
  aUSI
  bUSI
  cUSI
  dUSI
  aHRZ_IND
  bHRZ_IND
  cHRZ_IND
  dHRZ_IND
  aVRT_IND
  bVRT_IND
  cVRT_IND
  dVRT_IND
  aHRZ_COL
  bHRZ_COL
  cHRZ_COL
  dHRZ_COL
  aVRT_COL
  bVRT_COL
  cVRT_COL
  dVRT_COL
  aCOLLCTV
  bCOLLCTV
  cCOLLCTV
  dCOLLCTV
  aMVS
  bMVS
  cMVS
  dMVS
  aST
  bST
  cST
  dST
  aSD
  bSD
  cSD
  dSD
  aMVS_mc
  bMVS_mc
  cMVS_mc
  dMVS_mc
  aST_mc
  bST_mc
  cST_mc
  dST_mc
  aSD_mc
  bSD_mc
  cSD_mc
  dSD_mc
  bMEANING
  cMEANING
  dMEANING
  bMEAN_L
  cMEAN_L
  dMEAN_L
  bMEANNGc
  cMEANNGc
  dMEANNGc
  bMEANGlc
  cMEANGlc
  dMEANGlc
  bCLASSIC
  cCLASSIC
  dCLASSIC
  bCLASSCc
  cCLASSCc
  dCLASSCc
  bAGR_VAL
  cAGR_VAL
  dAGR_VAL
  bOPN_VAL
  cOPN_VAL
  dOPN_VAL
  bAGR_VLc
  cAGR_VLc
  dAGR_VLc
  bOPNVALc
  cOPNVALc
  dOPNVALc
  aMV_pomp
  bMV_pomp
  cMV_pomp
  dMV_pomp
  aST_pomp
  bST_pomp
  cST_pomp
  dST_pomp
  aSD_pomp
  bSD_pomp
  cSD_pomp
  dSD_pomp
  agoal_ec
  bgoal_ec
  cgoal_ec
  dgoal_ec
  aAspfinc
  bAspfinc
  cAspfinc
  dAspfinc
  abfi_hp8
  bbfi_hp8
  cbfi_hp8
  dbfi_hp8
  aP_S_BFI
  aP_D_BFI
  aECgoalc
  bECgoalC
  cECgoalC
  dECgoalC
  aaspfin
  baspfin
  caspfin
  daspfin
  aMVI_POMP
  bMVI_POMP
  cMVI_POMP
  dMVI_POMP;

  USEVARIABLES =
  aD_SCALE
  bD_SCALE
  cD_SCALE
  dD_SCALE
  aHRZ_IND
  bHRZ_IND
  cHRZ_IND
  dHRZ_IND
  bage_c
  cage_c
  dage_c
  ;

  missing = all (-9999);

  USEOBSERVATIONS are Sample == 2; ! College Sample

  tscores = bage_c cage_c dage_c;

  DEFINE:
  bage_c = aAGE + 1 - 20.5;
  cage_c = aAGE + 2 - 20.5;
  dage_c = aAGE + 3 - 20.5;

  ANALYSIS:
  TYPE=RANDOM;
  PROCESSORS = 8;

  MODEL:

  i_D_SCALE s_D_SCALE | bD_SCALE cD_SCALE dD_SCALE AT bage_c cage_c dage_c;
  i_HRZ_IND s_HRZ_IND | bHRZ_IND cHRZ_IND dHRZ_IND AT bage_c cage_c dage_c;


  !After Bollen and Curran initial observation is not part of LGM

  dD_SCALE on cD_SCALE (a); ! Autoregressive paths constrained to equality
  cD_SCALE on bD_SCALE (a);
  bD_SCALE on aD_SCALE (a);

  dHRZ_IND on cHRZ_IND (b); ! Autoregressive paths constrained to equality
  cHRZ_IND on bHRZ_IND (b);
  bHRZ_IND on aHRZ_IND (b);

  bD_SCALE cD_SCALE dD_SCALE (c); !Equality constraint on residuals
  bHRZ_IND cHRZ_IND dHRZ_IND (d); !Equality constraint on residuals

  dHRZ_IND on cD_SCALE (x); ! Cross-lagged paths constrained to equality
  cHRZ_IND on bD_SCALE (x);
  bHRZ_IND on aD_SCALE (x);

  dD_SCALE on cHRZ_IND (y); ! Cross-lagged paths constrained to equality
  cD_SCALE on bHRZ_IND (y);
  bD_SCALE on aHRZ_IND (y);

  dHRZ_IND with dD_SCALE (w); ! within-wave correlations constrained to equality
  cHRZ_IND with cD_SCALE (w);
  bHRZ_IND with bD_SCALE (w);

  aD_SCALE aHRZ_IND i_D_SCALE i_HRZ_IND
  s_HRZ_IND
  with
  s_HRZ_IND
  aD_SCALE aHRZ_IND i_D_SCALE i_HRZ_IND;

  s_D_SCALE@0;


  OUTPUT: SAMPSTAT PATTERNS;



*** WARNING
  Variable name contains more than 8 characters.
  Only the first 8 characters will be printed in the output.
  Variable: AMVI_POMP
*** WARNING
  Variable name contains more than 8 characters.
  Only the first 8 characters will be printed in the output.
  Variable: BMVI_POMP
*** WARNING
  Variable name contains more than 8 characters.
  Only the first 8 characters will be printed in the output.
  Variable: CMVI_POMP
*** WARNING
  Variable name contains more than 8 characters.
  Only the first 8 characters will be printed in the output.
  Variable: DMVI_POMP
*** WARNING
  Variable name contains more than 8 characters.
  Only the first 8 characters will be printed in the output.
  Variable: I_D_SCALE
*** WARNING
  Variable name contains more than 8 characters.
  Only the first 8 characters will be printed in the output.
  Variable: S_D_SCALE
*** WARNING
  Variable name contains more than 8 characters.
  Only the first 8 characters will be printed in the output.
  Variable: I_HRZ_IND
*** WARNING
  Variable name contains more than 8 characters.
  Only the first 8 characters will be printed in the output.
  Variable: S_HRZ_IND
*** WARNING in MODEL command
  All continuous latent variable covariances involving S_D_SCALE have been fixed to 0
  because the variance of S_D_SCALE is fixed at 0.
*** WARNING
  Data set contains cases with missing on all variables.
  These cases were not included in the analysis.
  Number of cases with missing on all variables:  1
*** WARNING
  Data set contains cases with missing on time scores but non-missing on the
  corresponding dependent variables.  These cases were not included in the analysis.
  Number of such cases:  2
  11 WARNING(S) FOUND IN THE INPUT INSTRUCTIONS



PxVx Univariate - Col MeanOnly D_SCALE with Lin HRZ_IND;

SUMMARY OF ANALYSIS

Number of groups                                                 1
Number of observations                                         277

Number of dependent variables                                    6
Number of independent variables                                  2
Number of continuous latent variables                            4

Observed dependent variables

  Continuous
   BD_SCALE    CD_SCALE    DD_SCALE    BHRZ_IND    CHRZ_IND    DHRZ_IND

Observed independent variables
   AD_SCALE    AHRZ_IND

Continuous latent variables
   I_D_SCAL    S_D_SCAL    I_HRZ_IN    S_HRZ_IN

Variables with special functions

  Time scores
   BAGE_C      CAGE_C      DAGE_C


Estimator                                                      MLR
Information matrix                                        OBSERVED
Maximum number of iterations                                   100
Convergence criterion                                    0.100D-05
Maximum number of EM iterations                                500
Convergence criteria for the EM algorithm
  Loglikelihood change                                   0.100D-02
  Relative loglikelihood change                          0.100D-05
  Derivative                                             0.100D-03
Minimum variance                                         0.100D-03
Maximum number of steepest descent iterations                   20
Maximum number of iterations for H1                           2000
Convergence criterion for H1                             0.100D-03
Optimization algorithm                                         EMA

Input data file(s)
  E:\Projects\lnt_pxvx\Data\LT_227.txt
Input data format  FREE


SUMMARY OF DATA

     Number of missing data patterns            15


SUMMARY OF MISSING DATA PATTERNS


     MISSING DATA PATTERNS (x = not missing)

           1  2  3  4  5  6  7  8  9 10 11 12 13 14 15
 BD_SCALE  x  x     x        x  x     x  x        x  x
 CD_SCALE  x  x  x                 x  x     x        x
 DD_SCALE  x     x        x  x  x  x  x  x           x
 BHRZ_IND  x  x     x           x     x  x
 CHRZ_IND  x  x  x                 x  x     x        x
 DHRZ_IND  x              x     x  x                 x
 AD_SCALE  x  x  x  x  x  x  x  x  x  x  x  x  x  x  x
 AHRZ_IND  x  x  x  x  x  x  x  x  x  x  x  x     x  x


     MISSING DATA PATTERN FREQUENCIES

    Pattern   Frequency     Pattern   Frequency     Pattern   Frequency
          1         138           6          11          11           1
          2          10           7           1          12           4
          3           2           8          16          13           2
          4          26           9           9          14           2
          5          52          10           2          15           1


COVARIANCE COVERAGE OF DATA

Minimum covariance coverage value   0.100


     PROPORTION OF DATA PRESENT


           Covariance Coverage
              BD_SCALE      CD_SCALE      DD_SCALE      BHRZ_IND      CHRZ_IND
              ________      ________      ________      ________      ________
 BD_SCALE       0.711
 CD_SCALE       0.545         0.599
 DD_SCALE       0.574         0.549         0.653
 BHRZ_IND       0.697         0.542         0.567         0.697
 CHRZ_IND       0.545         0.599         0.549         0.542         0.599
 DHRZ_IND       0.560         0.534         0.632         0.556         0.534
 AD_SCALE       0.711         0.599         0.653         0.697         0.599
 AHRZ_IND       0.711         0.599         0.653         0.697         0.599


           Covariance Coverage
              DHRZ_IND      AD_SCALE      AHRZ_IND
              ________      ________      ________
 DHRZ_IND       0.632
 AD_SCALE       0.632         1.000
 AHRZ_IND       0.632         0.993         0.993


SAMPLE STATISTICS


     ESTIMATED SAMPLE STATISTICS


           Means
              BD_SCALE      CD_SCALE      DD_SCALE      BHRZ_IND      CHRZ_IND
              ________      ________      ________      ________      ________
 1             62.372        63.732        64.357        73.169        73.693


           Means
              DHRZ_IND      AD_SCALE      AHRZ_IND
              ________      ________      ________
 1             75.396        64.294        74.074


           Covariances
              BD_SCALE      CD_SCALE      DD_SCALE      BHRZ_IND      CHRZ_IND
              ________      ________      ________      ________      ________
 BD_SCALE     213.289
 CD_SCALE     145.711       170.807
 DD_SCALE     159.787       146.959       209.808
 BHRZ_IND      27.403        19.001        12.794       264.900
 CHRZ_IND      32.981        21.974        15.391       172.514       246.637
 DHRZ_IND     -14.609        -8.821        11.990       144.987       141.578
 AD_SCALE     155.868       126.101       137.384        47.486        34.370
 AHRZ_IND       8.460        -1.609         5.761       162.232       130.216


           Covariances
              DHRZ_IND      AD_SCALE      AHRZ_IND
              ________      ________      ________
 DHRZ_IND     257.601
 AD_SCALE     -12.295       217.760
 AHRZ_IND     137.226        33.880       239.562


           Correlations
              BD_SCALE      CD_SCALE      DD_SCALE      BHRZ_IND      CHRZ_IND
              ________      ________      ________      ________      ________
 BD_SCALE       1.000
 CD_SCALE       0.763         1.000
 DD_SCALE       0.755         0.776         1.000
 BHRZ_IND       0.115         0.089         0.054         1.000
 CHRZ_IND       0.144         0.107         0.068         0.675         1.000
 DHRZ_IND      -0.062        -0.042         0.052         0.555         0.562
 AD_SCALE       0.723         0.654         0.643         0.198         0.148
 AHRZ_IND       0.037        -0.008         0.026         0.644         0.536


           Correlations
              DHRZ_IND      AD_SCALE      AHRZ_IND
              ________      ________      ________
 DHRZ_IND       1.000
 AD_SCALE      -0.052         1.000
 AHRZ_IND       0.552         0.148         1.000


     MAXIMUM LOG-LIKELIHOOD VALUE FOR THE UNRESTRICTED (H1) MODEL IS -6320.474


THE MODEL ESTIMATION TERMINATED NORMALLY



MODEL FIT INFORMATION

Number of Free Parameters                       28

Loglikelihood

          H0 Value                       -6333.956
          H0 Scaling Correction Factor       0.991
            for MLR

Information Criteria

          Akaike (AIC)                   12723.913
          Bayesian (BIC)                 12825.385
          Sample-Size Adjusted BIC       12736.601
            (n* = (n + 2) / 24)



MODEL RESULTS

                                                    Two-Tailed
                    Estimate       S.E.  Est./S.E.    P-Value

 DD_SCALE   ON
    CD_SCALE           0.115      0.033      3.522      0.000
    CHRZ_IND           0.009      0.035      0.268      0.789

 CD_SCALE   ON
    BD_SCALE           0.115      0.033      3.522      0.000
    BHRZ_IND           0.009      0.035      0.268      0.789

 BD_SCALE   ON
    AD_SCALE           0.115      0.033      3.522      0.000
    AHRZ_IND           0.009      0.035      0.268      0.789

 DHRZ_IND   ON
    CHRZ_IND           0.063      0.065      0.960      0.337
    CD_SCALE           0.121      0.055      2.224      0.026

 CHRZ_IND   ON
    BHRZ_IND           0.063      0.065      0.960      0.337
    BD_SCALE           0.121      0.055      2.224      0.026

 BHRZ_IND   ON
    AHRZ_IND           0.063      0.065      0.960      0.337
    AD_SCALE           0.121      0.055      2.224      0.026

 I_HRZ_IN WITH
    I_D_SCALE         12.391     18.873      0.657      0.511

 S_HRZ_IN WITH
    I_D_SCALE        -12.135      5.734     -2.116      0.034
    I_HRZ_IND         -9.618      5.892     -1.632      0.103

 AD_SCALE WITH
    I_D_SCALE        122.032     14.280      8.546      0.000
    I_HRZ_IND         46.345     21.857      2.120      0.034
    S_HRZ_IND        -23.959      7.591     -3.156      0.002

 AHRZ_IND WITH
    I_D_SCALE          1.930     13.092      0.147      0.883
    I_HRZ_IND        150.261     29.529      5.089      0.000
    S_HRZ_IND        -10.235      7.726     -1.325      0.185

 DHRZ_IND WITH
    DD_SCALE          11.565      4.968      2.328      0.020

 CHRZ_IND WITH
    CD_SCALE          11.565      4.968      2.328      0.020

 BHRZ_IND WITH
    BD_SCALE          11.565      4.968      2.328      0.020

 AHRZ_IND WITH
    AD_SCALE          33.880     15.236      2.224      0.026

 Means
    AD_SCALE          64.294      0.888     72.392      0.000
    AHRZ_IND          74.068      0.931     79.532      0.000
    I_D_SCALE         52.341      2.216     23.616      0.000
    S_D_SCALE          1.516      0.362      4.186      0.000
    I_HRZ_IND         60.113      3.211     18.719      0.000
    S_HRZ_IND          0.791      0.501      1.580      0.114

 Intercepts
    BD_SCALE           0.000      0.000    999.000    999.000
    CD_SCALE           0.000      0.000    999.000    999.000
    DD_SCALE           0.000      0.000    999.000    999.000
    BHRZ_IND           0.000      0.000    999.000    999.000
    CHRZ_IND           0.000      0.000    999.000    999.000
    DHRZ_IND           0.000      0.000    999.000    999.000

 Variances
    AD_SCALE         217.760     17.135     12.709      0.000
    AHRZ_IND         239.562     21.286     11.254      0.000
    I_D_SCALE        118.019     16.757      7.043      0.000
    S_D_SCALE          0.000      0.000    999.000    999.000
    I_HRZ_IND        151.717     31.232      4.858      0.000
    S_HRZ_IND          4.141      1.836      2.256      0.024

 Residual Variances
    BD_SCALE          50.737      4.769     10.639      0.000
    CD_SCALE          50.737      4.769     10.639      0.000
    DD_SCALE          50.737      4.769     10.639      0.000
    BHRZ_IND         100.927     12.267      8.227      0.000
    CHRZ_IND         100.927     12.267      8.227      0.000
    DHRZ_IND         100.927     12.267      8.227      0.000


QUALITY OF NUMERICAL RESULTS

     Condition Number for the Information Matrix              0.184E-06
       (ratio of smallest to largest eigenvalue)


     Beginning Time:  11:57:02
        Ending Time:  11:57:15
       Elapsed Time:  00:00:13



MUTHEN & MUTHEN
3463 Stoner Ave.
Los Angeles, CA  90066

Tel: (310) 391-9971
Fax: (310) 391-8971
Web: www.StatModel.com
Support: Support@StatModel.com

Copyright (c) 1998-2011 Muthen & Muthen
