Mplus VERSION 6.12
MUTHEN & MUTHEN
03/21/2016  11:40 AM

INPUT INSTRUCTIONS


  title: PxVx Univariate - Col MeanOnly BFA_OI with MeanOnly USI;
  data: file = E:\Projects\lnt_pxvx\Data\LT_227.txt;



  variable:
  names =
  subjid
  Sample
  aGENDER
  aAGE
  aethnic1
  aethnic2
  aedu_mom
  aedu_dad
  aEDUCATN
  bEDUCATN
  cEDUCATN
  aEMPLOYD
  bEMPLOYD
  cEMPLOYD
  dEMPLOYD
  aINCOME
  bINCOME
  cINCOME
  dINCOME
  aS_SCALE
  bS_SCALE
  cS_SCALE
  dS_SCALE
  aD_SCALE
  bD_SCALE
  cD_SCALE
  dD_SCALE
  aS_COMP
  bS_COMP
  cS_COMP
  dS_COMP
  aD_COMP
  bD_COMP
  cD_COMP
  dD_COMP
  aBFI_A
  aBFI_A6
  aBFI_C
  aBFI_E
  aBFI_HP
  aBFI_N
  aBFI_O
  bBFI_A
  bBFI_A6
  bBFI_C
  bBFI_E
  bBFI_HP
  bBFI_N
  bBFI_O
  cBFI_A
  cBFI_A6
  cBFI_C
  cBFI_E
  cBFI_HP
  cBFI_N
  cBFI_O
  dBFI_A
  dBFI_A6
  dBFI_C
  dBFI_E
  dBFI_HP
  dBFI_N
  dBFI_O
  aBFA_AC
  aBFA_AP
  aBFA_CI
  aBFA_CO
  aBFA_EA
  aBFA_EE
  aBFA_N9
  aBFA_NV
  aBFA_NW
  aBFA_OI
  aBFA_OO
  aBFA_PS
  aBFA_MT
  bBFA_AC
  bBFA_AP
  bBFA_CI
  bBFA_CO
  bBFA_EA
  bBFA_EE
  bBFA_N9
  bBFA_NV
  bBFA_NW
  bBFA_OI
  bBFA_OO
  bBFA_MT
  bBFA_PS
  cBFA_AC
  cBFA_AP
  cBFA_CI
  cBFA_CO
  cBFA_EA
  cBFA_EE
  cBFA_N9
  cBFA_NV
  cBFA_NW
  cBFA_OI
  cBFA_OO
  cBFA_MT
  cBFA_PS
  dBFA_AC
  dBFA_AP
  dBFA_CI
  dBFA_CO
  dBFA_EA
  dBFA_EE
  dBFA_N9
  dBFA_NV
  dBFA_NW
  dBFA_OI
  dBFA_OO
  dBFA_MT
  dBFA_PS
  aUSI
  bUSI
  cUSI
  dUSI
  aHRZ_IND
  bHRZ_IND
  cHRZ_IND
  dHRZ_IND
  aVRT_IND
  bVRT_IND
  cVRT_IND
  dVRT_IND
  aHRZ_COL
  bHRZ_COL
  cHRZ_COL
  dHRZ_COL
  aVRT_COL
  bVRT_COL
  cVRT_COL
  dVRT_COL
  aCOLLCTV
  bCOLLCTV
  cCOLLCTV
  dCOLLCTV
  aMVS
  bMVS
  cMVS
  dMVS
  aST
  bST
  cST
  dST
  aSD
  bSD
  cSD
  dSD
  aMVS_mc
  bMVS_mc
  cMVS_mc
  dMVS_mc
  aST_mc
  bST_mc
  cST_mc
  dST_mc
  aSD_mc
  bSD_mc
  cSD_mc
  dSD_mc
  bMEANING
  cMEANING
  dMEANING
  bMEAN_L
  cMEAN_L
  dMEAN_L
  bMEANNGc
  cMEANNGc
  dMEANNGc
  bMEANGlc
  cMEANGlc
  dMEANGlc
  bCLASSIC
  cCLASSIC
  dCLASSIC
  bCLASSCc
  cCLASSCc
  dCLASSCc
  bAGR_VAL
  cAGR_VAL
  dAGR_VAL
  bOPN_VAL
  cOPN_VAL
  dOPN_VAL
  bAGR_VLc
  cAGR_VLc
  dAGR_VLc
  bOPNVALc
  cOPNVALc
  dOPNVALc
  aMV_pomp
  bMV_pomp
  cMV_pomp
  dMV_pomp
  aST_pomp
  bST_pomp
  cST_pomp
  dST_pomp
  aSD_pomp
  bSD_pomp
  cSD_pomp
  dSD_pomp
  agoal_ec
  bgoal_ec
  cgoal_ec
  dgoal_ec
  aAspfinc
  bAspfinc
  cAspfinc
  dAspfinc
  abfi_hp8
  bbfi_hp8
  cbfi_hp8
  dbfi_hp8
  aP_S_BFI
  aP_D_BFI
  aECgoalc
  bECgoalC
  cECgoalC
  dECgoalC
  aaspfin
  baspfin
  caspfin
  daspfin
  aMVI_POMP
  bMVI_POMP
  cMVI_POMP
  dMVI_POMP;

  USEVARIABLES =
  aBFA_OI
  bBFA_OI
  cBFA_OI
  dBFA_OI
  aUSI
  bUSI
  cUSI
  dUSI
  bage_c
  cage_c
  dage_c
  ;

  missing = all (-9999);

  USEOBSERVATIONS are Sample == 2; ! College Sample

  tscores = bage_c cage_c dage_c;

  DEFINE:
  bage_c = aAGE + 1 - 20.5;
  cage_c = aAGE + 2 - 20.5;
  dage_c = aAGE + 3 - 20.5;

  ANALYSIS:
  TYPE=RANDOM;
  PROCESSORS = 8;

  MODEL:

  i_BFA_OI s_BFA_OI | bBFA_OI cBFA_OI dBFA_OI AT bage_c cage_c dage_c;
  i_USI s_USI | bUSI cUSI dUSI AT bage_c cage_c dage_c;


  !After Bollen and Curran initial observation is not part of LGM

  dBFA_OI on cBFA_OI (a); ! Autoregressive paths constrained to equality
  cBFA_OI on bBFA_OI (a);
  bBFA_OI on aBFA_OI (a);

  dUSI on cUSI (b); ! Autoregressive paths constrained to equality
  cUSI on bUSI (b);
  bUSI on aUSI (b);

  bBFA_OI cBFA_OI dBFA_OI (c); !Equality constraint on residuals
  bUSI cUSI dUSI (d); !Equality constraint on residuals

  dUSI on cBFA_OI (x); ! Cross-lagged paths constrained to equality
  cUSI on bBFA_OI (x);
  bUSI on aBFA_OI (x);

  dBFA_OI on cUSI (y); ! Cross-lagged paths constrained to equality
  cBFA_OI on bUSI (y);
  bBFA_OI on aUSI (y);

  dUSI with dBFA_OI (w); ! within-wave correlations constrained to equality
  cUSI with cBFA_OI (w);
  bUSI with bBFA_OI (w);

  aBFA_OI aUSI i_BFA_OI i_USI
  with
  aBFA_OI aUSI i_BFA_OI i_USI;

  s_BFA_OI@0;

  s_USI@0;

  OUTPUT: SAMPSTAT PATTERNS;



*** WARNING
  Variable name contains more than 8 characters.
  Only the first 8 characters will be printed in the output.
  Variable: AMVI_POMP
*** WARNING
  Variable name contains more than 8 characters.
  Only the first 8 characters will be printed in the output.
  Variable: BMVI_POMP
*** WARNING
  Variable name contains more than 8 characters.
  Only the first 8 characters will be printed in the output.
  Variable: CMVI_POMP
*** WARNING
  Variable name contains more than 8 characters.
  Only the first 8 characters will be printed in the output.
  Variable: DMVI_POMP
*** WARNING in MODEL command
  All continuous latent variable covariances involving S_BFA_OI have been fixed to 0
  because the variance of S_BFA_OI is fixed at 0.
*** WARNING in MODEL command
  All continuous latent variable covariances involving S_USI have been fixed to 0
  because the variance of S_USI is fixed at 0.
*** WARNING
  Data set contains cases with missing on all variables.
  These cases were not included in the analysis.
  Number of cases with missing on all variables:  1
*** WARNING
  Data set contains cases with missing on time scores but non-missing on the
  corresponding dependent variables.  These cases were not included in the analysis.
  Number of such cases:  2
   8 WARNING(S) FOUND IN THE INPUT INSTRUCTIONS



PxVx Univariate - Col MeanOnly BFA_OI with MeanOnly USI;

SUMMARY OF ANALYSIS

Number of groups                                                 1
Number of observations                                         277

Number of dependent variables                                    6
Number of independent variables                                  2
Number of continuous latent variables                            4

Observed dependent variables

  Continuous
   BBFA_OI     CBFA_OI     DBFA_OI     BUSI        CUSI        DUSI

Observed independent variables
   ABFA_OI     AUSI

Continuous latent variables
   I_BFA_OI    S_BFA_OI    I_USI       S_USI

Variables with special functions

  Time scores
   BAGE_C      CAGE_C      DAGE_C


Estimator                                                      MLR
Information matrix                                        OBSERVED
Maximum number of iterations                                   100
Convergence criterion                                    0.100D-05
Maximum number of EM iterations                                500
Convergence criteria for the EM algorithm
  Loglikelihood change                                   0.100D-02
  Relative loglikelihood change                          0.100D-05
  Derivative                                             0.100D-03
Minimum variance                                         0.100D-03
Maximum number of steepest descent iterations                   20
Maximum number of iterations for H1                           2000
Convergence criterion for H1                             0.100D-03
Optimization algorithm                                         EMA

Input data file(s)
  E:\Projects\lnt_pxvx\Data\LT_227.txt
Input data format  FREE


SUMMARY OF DATA

     Number of missing data patterns            12


SUMMARY OF MISSING DATA PATTERNS


     MISSING DATA PATTERNS (x = not missing)

           1  2  3  4  5  6  7  8  9 10 11 12
 BBFA_OI   x  x     x        x  x           x
 CBFA_OI   x  x  x                 x  x
 DBFA_OI   x              x  x  x  x  x
 BUSI      x  x     x           x
 CUSI      x  x  x                 x  x
 DUSI      x              x     x     x
 ABFA_OI   x  x  x  x  x  x  x  x  x  x  x  x
 AUSI      x  x  x  x  x  x  x  x  x  x     x


     MISSING DATA PATTERN FREQUENCIES

    Pattern   Frequency     Pattern   Frequency     Pattern   Frequency
          1         138           5          52           9           1
          2          12           6          11          10          10
          3           5           7           1          11           2
          4          27           8          16          12           2


COVARIANCE COVERAGE OF DATA

Minimum covariance coverage value   0.100


     PROPORTION OF DATA PRESENT


           Covariance Coverage
              BBFA_OI       CBFA_OI       DBFA_OI       BUSI          CUSI
              ________      ________      ________      ________      ________
 BBFA_OI        0.708
 CBFA_OI        0.542         0.599
 DBFA_OI        0.560         0.538         0.639
 BUSI           0.697         0.542         0.556         0.697
 CUSI           0.542         0.599         0.538         0.542         0.599
 DUSI           0.556         0.534         0.632         0.556         0.534
 ABFA_OI        0.708         0.599         0.639         0.697         0.599
 AUSI           0.708         0.599         0.639         0.697         0.599


           Covariance Coverage
              DUSI          ABFA_OI       AUSI
              ________      ________      ________
 DUSI           0.632
 ABFA_OI        0.632         1.000
 AUSI           0.632         0.993         0.993


SAMPLE STATISTICS


     ESTIMATED SAMPLE STATISTICS


           Means
              BBFA_OI       CBFA_OI       DBFA_OI       BUSI          CUSI
              ________      ________      ________      ________      ________
 1             71.234        70.328        72.557        31.647        30.295


           Means
              DUSI          ABFA_OI       AUSI
              ________      ________      ________
 1             30.052        71.399        33.059


           Covariances
              BBFA_OI       CBFA_OI       DBFA_OI       BUSI          CUSI
              ________      ________      ________      ________      ________
 BBFA_OI      206.408
 CBFA_OI      176.436       239.599
 DBFA_OI      169.063       183.867       213.696
 BUSI         -37.074       -57.695       -26.137       244.573
 CUSI         -30.584       -42.596       -27.410       183.445       253.257
 DUSI         -32.663       -57.578       -27.938       170.184       193.100
 ABFA_OI      162.064       164.264       154.799       -38.889       -36.202
 AUSI         -37.920       -58.448       -37.773       180.992       178.189


           Covariances
              DUSI          ABFA_OI       AUSI
              ________      ________      ________
 DUSI         278.055
 ABFA_OI      -45.923       212.972
 AUSI         174.031       -62.604       249.362


           Correlations
              BBFA_OI       CBFA_OI       DBFA_OI       BUSI          CUSI
              ________      ________      ________      ________      ________
 BBFA_OI        1.000
 CBFA_OI        0.793         1.000
 DBFA_OI        0.805         0.813         1.000
 BUSI          -0.165        -0.238        -0.114         1.000
 CUSI          -0.134        -0.173        -0.118         0.737         1.000
 DUSI          -0.136        -0.223        -0.115         0.653         0.728
 ABFA_OI        0.773         0.727         0.726        -0.170        -0.156
 AUSI          -0.167        -0.239        -0.164         0.733         0.709


           Correlations
              DUSI          ABFA_OI       AUSI
              ________      ________      ________
 DUSI           1.000
 ABFA_OI       -0.189         1.000
 AUSI           0.661        -0.272         1.000


     MAXIMUM LOG-LIKELIHOOD VALUE FOR THE UNRESTRICTED (H1) MODEL IS -6210.883


THE MODEL ESTIMATION TERMINATED NORMALLY



MODEL FIT INFORMATION

Number of Free Parameters                       23

Loglikelihood

          H0 Value                       -6223.828
          H0 Scaling Correction Factor       1.042
            for MLR

Information Criteria

          Akaike (AIC)                   12493.657
          Bayesian (BIC)                 12577.009
          Sample-Size Adjusted BIC       12504.079
            (n* = (n + 2) / 24)



MODEL RESULTS

                                                    Two-Tailed
                    Estimate       S.E.  Est./S.E.    P-Value

 DBFA_OI    ON
    CBFA_OI            0.109      0.060      1.831      0.067
    CUSI               0.006      0.054      0.102      0.919

 CBFA_OI    ON
    BBFA_OI            0.109      0.060      1.831      0.067
    BUSI               0.006      0.054      0.102      0.919

 BBFA_OI    ON
    ABFA_OI            0.109      0.060      1.831      0.067
    AUSI               0.006      0.054      0.102      0.919

 DUSI       ON
    CUSI               0.241      0.096      2.498      0.012
    CBFA_OI            0.027      0.093      0.290      0.772

 CUSI       ON
    BUSI               0.241      0.096      2.498      0.012
    BBFA_OI            0.027      0.093      0.290      0.772

 BUSI       ON
    AUSI               0.241      0.096      2.498      0.012
    ABFA_OI            0.027      0.093      0.290      0.772

 I_USI    WITH
    I_BFA_OI         -30.415     24.849     -1.224      0.221

 ABFA_OI  WITH
    I_BFA_OI         140.610     18.909      7.436      0.000
    I_USI            -34.080     21.474     -1.587      0.112

 AUSI     WITH
    I_BFA_OI         -38.967     17.627     -2.211      0.027
    I_USI            129.997     24.800      5.242      0.000

 DUSI     WITH
    DBFA_OI            3.421      4.345      0.787      0.431

 CUSI     WITH
    CBFA_OI            3.421      4.345      0.787      0.431

 BUSI     WITH
    BBFA_OI            3.421      4.345      0.787      0.431

 AUSI     WITH
    ABFA_OI          -62.604     14.555     -4.301      0.000

 Means
    ABFA_OI           71.399      0.877     81.374      0.000
    AUSI              33.059      0.954     34.642      0.000
    I_BFA_OI          61.954      3.927     15.775      0.000
    S_BFA_OI           0.739      0.328      2.249      0.025
    I_USI             21.805      6.287      3.468      0.001
    S_USI             -0.324      0.488     -0.664      0.506

 Intercepts
    BBFA_OI            0.000      0.000    999.000    999.000
    CBFA_OI            0.000      0.000    999.000    999.000
    DBFA_OI            0.000      0.000    999.000    999.000
    BUSI               0.000      0.000    999.000    999.000
    CUSI               0.000      0.000    999.000    999.000
    DUSI               0.000      0.000    999.000    999.000

 Variances
    ABFA_OI          212.972     15.865     13.424      0.000
    AUSI             249.362     16.956     14.706      0.000
    I_BFA_OI         137.183     25.697      5.338      0.000
    S_BFA_OI           0.000      0.000    999.000    999.000
    I_USI             97.093     35.365      2.745      0.006
    S_USI              0.000      0.000    999.000    999.000

 Residual Variances
    BBFA_OI           46.697      4.938      9.457      0.000
    CBFA_OI           46.697      4.938      9.457      0.000
    DBFA_OI           46.697      4.938      9.457      0.000
    BUSI              87.756     11.748      7.470      0.000
    CUSI              87.756     11.748      7.470      0.000
    DUSI              87.756     11.748      7.470      0.000


QUALITY OF NUMERICAL RESULTS

     Condition Number for the Information Matrix              0.363E-05
       (ratio of smallest to largest eigenvalue)


     Beginning Time:  11:40:27
        Ending Time:  11:40:28
       Elapsed Time:  00:00:01



MUTHEN & MUTHEN
3463 Stoner Ave.
Los Angeles, CA  90066

Tel: (310) 391-9971
Fax: (310) 391-8971
Web: www.StatModel.com
Support: Support@StatModel.com

Copyright (c) 1998-2011 Muthen & Muthen
