Mplus VERSION 8 (Linux)
MUTHEN & MUTHEN
07/08/2018  12:23 PM

INPUT INSTRUCTIONS


  title: PxVx Bivariate LCM-SR - decadegroup - Linear bfas_nv with Linear vrt_ind;
  data: file = /home/jflournoy/code_new/lnt_pxvx/Data/lnt_nat_recalc.tsv;

  variable:
  names =
  subjid
  aage
  aaspfin
  aaspfin_d
  abfa_mt
  abfa_mt_d
  abfas_ac
  abfas_ap
  abfas_ci
  abfas_co
  abfas_ea
  abfas_ee
  abfas_nv
  abfas_nv9
  abfas_nw
  abfas_oi
  abfas_oo
  abfi_a
  abfi_a6
  abfi_c
  abfi_d_scale
  abfi_e
  abfi_hp8
  abfi_n
  abfi_o
  abfi_s_scale
  ahrz_col
  ahrz_col_d
  ahrz_ind
  ahrz_ind_d
  amvi
  ausi
  ausi_d
  avrt_col
  avrt_col_d
  avrt_ind
  avrt_ind_d
  bage
  baspfin
  baspfin_d
  bbfa_mt
  bbfa_mt_d
  bbfas_ac
  bbfas_ap
  bbfas_ci
  bbfas_co
  bbfas_ea
  bbfas_ee
  bbfas_nv
  bbfas_nv9
  bbfas_nw
  bbfas_oi
  bbfas_oo
  bbfi_a
  bbfi_a6
  bbfi_c
  bbfi_d_scale
  bbfi_e
  bbfi_hp8
  bbfi_n
  bbfi_o
  bbfi_s_scale
  bhrz_col
  bhrz_col_d
  bhrz_ind
  bhrz_ind_d
  bmvi
  busi
  busi_d
  bvrt_col
  bvrt_col_d
  bvrt_ind
  bvrt_ind_d
  cage
  caspfin
  caspfin_d
  cbfa_mt
  cbfa_mt_d
  cbfas_ac
  cbfas_ap
  cbfas_ci
  cbfas_co
  cbfas_ea
  cbfas_ee
  cbfas_nv
  cbfas_nv9
  cbfas_nw
  cbfas_oi
  cbfas_oo
  cbfi_a
  cbfi_a6
  cbfi_c
  cbfi_d_scale
  cbfi_e
  cbfi_hp8
  cbfi_n
  cbfi_o
  cbfi_s_scale
  chrz_col
  chrz_col_d
  chrz_ind
  chrz_ind_d
  cmvi
  cusi
  cusi_d
  cvrt_col
  cvrt_col_d
  cvrt_ind
  cvrt_ind_d
  dage
  daspfin
  daspfin_d
  dbfa_mt
  dbfa_mt_d
  dbfas_ac
  dbfas_ap
  dbfas_ci
  dbfas_co
  dbfas_ea
  dbfas_ee
  dbfas_nv
  dbfas_nv9
  dbfas_nw
  dbfas_oi
  dbfas_oo
  dbfi_a
  dbfi_a6
  dbfi_c
  dbfi_d_scale
  dbfi_e
  dbfi_hp8
  dbfi_n
  dbfi_o
  dbfi_s_scale
  dhrz_col
  dhrz_col_d
  dhrz_ind
  dhrz_ind_d
  dmvi
  dusi
  dusi_d
  dvrt_col
  dvrt_col_d
  dvrt_ind
  dvrt_ind_d;

  USEVARIABLES =
  abfas_nv
  bbfas_nv
  cbfas_nv
  dbfas_nv
  avrt_ind
  bvrt_ind
  cvrt_ind
  dvrt_ind
  a1
  a2
  a3
  a4
  aagegrp
  ;

  missing = all (-9999);

  tscores = a1 a2 a3 a4;

  grouping = aagegrp (0=d2, 1=d3, 2=d4, 3=d5);

  DEFINE:

  aagegrp = aage;

  cut aagegrp (29 39 49);

  a1 = aage + 0 - 36;
  a2 = aage + 1 - 36;
  a3 = aage + 2 - 36;
  a4 = aage + 3 - 36;

  ANALYSIS:
  TYPE=RANDOM;
  PROCESSORS = 6;
  model=nocovariances; ! supresses default estimation of certain covs in model;

  MODEL:

  i_bfas_nv s_bfas_nv | abfas_nv bbfas_nv cbfas_nv dbfas_nv AT a1 a2 a3 a4;
  i_vrt_ind s_vrt_ind | avrt_ind bvrt_ind cvrt_ind dvrt_ind AT a1 a2 a3 a4;

  ! freeing factor covs because of "nocovariances"
  s_bfas_nv WITH i_bfas_nv s_vrt_ind i_vrt_ind;
  i_bfas_nv WITH s_vrt_ind i_vrt_ind;
  s_vrt_ind WITH i_vrt_ind;

  p1 BY abfas_nv@1; ! Residual "factors";
  p2 BY bbfas_nv@1;
  p3 BY cbfas_nv@1;
  p4 BY dbfas_nv@1;

  v1 BY avrt_ind@1; ! Residual "factors";
  v2 BY bvrt_ind@1;
  v3 BY cvrt_ind@1;
  v4 BY dvrt_ind@1;

  !residual variances on observed/manifest vars set to 0
  abfas_nv@0;
  bbfas_nv@0;
  cbfas_nv@0;
  dbfas_nv@0;

  !residual variances on observed/manifest vars set to 0
  avrt_ind@0;
  bvrt_ind@0;
  cvrt_ind@0;
  dvrt_ind@0;

  ! means of observed/manifest vars set to 0
  [abfas_nv@0];
  [bbfas_nv@0];
  [cbfas_nv@0];
  [dbfas_nv@0];

  ! means of observed/manifest vars set to 0
  [avrt_ind@0];
  [bvrt_ind@0];
  [cvrt_ind@0];
  [dvrt_ind@0];

  [p1@0]; ! means of residual "factors" set to 0
  [p2@0];
  [p3@0];
  [p4@0];

  [v1@0]; ! means of residual "factors" set to 0
  [v2@0];
  [v3@0];
  [v4@0];

  p4 on p3 (a); ! Autoregressive paths constrained to equality
  p3 on p2 (a);
  p2 on p1 (a);

  v4 on v3 (b); ! Autoregressive paths constrained to equality
  v3 on v2 (b);
  v2 on v1 (b);

  p4 on v3 (c); ! Cross-lagged paths constrained to equality
  p3 on v2 (c);
  p2 on v1 (c);

  v4 on p3 (d); ! Cross-lagged paths constrained to equality
  v3 on p2 (d);
  v2 on p1 (d);

  p1 with v1; !(this one is not like the others)

  p2 with v2 (e); ! Within-wave correlations constrained to equality
  p3 with v3 (e);
  p4 with v4 (e);

  p2 p3 p4 (f); ! estimate variances of residual "factors"
  v2 v3 v4 (g); ! estimate variances of residual "factors"

  MODEL d2:

  p4 on p3 (a2); ! Autoregressive paths constrained to equality
  p3 on p2 (a2);
  p2 on p1 (a2);

  v4 on v3 (b2); ! Autoregressive paths constrained to equality
  v3 on v2 (b2);
  v2 on v1 (b2);

  p4 on v3 (c2); ! Cross-lagged paths constrained to equality
  p3 on v2 (c2);
  p2 on v1 (c2);

  v4 on p3 (d2); ! Cross-lagged paths constrained to equality
  v3 on p2 (d2);
  v2 on p1 (d2);

  p1 with v1; !(this one is not like the others)

  p2 with v2 (e2); ! Within-wave correlations constrained to equality
  p3 with v3 (e2);
  p4 with v4 (e2);

  p2 p3 p4 (f2); ! estimate variances of residual "factors"
  v2 v3 v4 (g2); ! estimate variances of residual "factors"

  MODEL d3:

  p4 on p3 (a3); ! Autoregressive paths constrained to equality
  p3 on p2 (a3);
  p2 on p1 (a3);

  v4 on v3 (b3); ! Autoregressive paths constrained to equality
  v3 on v2 (b3);
  v2 on v1 (b3);

  p4 on v3 (c3); ! Cross-lagged paths constrained to equality
  p3 on v2 (c3);
  p2 on v1 (c3);

  v4 on p3 (d3); ! Cross-lagged paths constrained to equality
  v3 on p2 (d3);
  v2 on p1 (d3);

  p1 with v1; !(this one is not like the others)

  p2 with v2 (e3); ! Within-wave correlations constrained to equality
  p3 with v3 (e3);
  p4 with v4 (e3);

  p2 p3 p4 (f3); ! estimate variances of residual "factors"
  v2 v3 v4 (g3); ! estimate variances of residual "factors"

  MODEL d4:

  p4 on p3 (a4); ! Autoregressive paths constrained to equality
  p3 on p2 (a4);
  p2 on p1 (a4);

  v4 on v3 (b4); ! Autoregressive paths constrained to equality
  v3 on v2 (b4);
  v2 on v1 (b4);

  p4 on v3 (c4); ! Cross-lagged paths constrained to equality
  p3 on v2 (c4);
  p2 on v1 (c4);

  v4 on p3 (d4); ! Cross-lagged paths constrained to equality
  v3 on p2 (d4);
  v2 on p1 (d4);

  p1 with v1; !(this one is not like the others)

  p2 with v2 (e4); ! Within-wave correlations constrained to equality
  p3 with v3 (e4);
  p4 with v4 (e4);

  p2 p3 p4 (f4); ! estimate variances of residual "factors"
  v2 v3 v4 (g4); ! estimate variances of residual "factors"

  MODEL d5:

  p4 on p3 (a5); ! Autoregressive paths constrained to equality
  p3 on p2 (a5);
  p2 on p1 (a5);

  v4 on v3 (b5); ! Autoregressive paths constrained to equality
  v3 on v2 (b5);
  v2 on v1 (b5);

  p4 on v3 (c5); ! Cross-lagged paths constrained to equality
  p3 on v2 (c5);
  p2 on v1 (c5);

  v4 on p3 (d5); ! Cross-lagged paths constrained to equality
  v3 on p2 (d5);
  v2 on p1 (d5);

  p1 with v1; !(this one is not like the others)

  p2 with v2 (e5); ! Within-wave correlations constrained to equality
  p3 with v3 (e5);
  p4 with v4 (e5);

  p2 p3 p4 (f5); ! estimate variances of residual "factors"
  v2 v3 v4 (g5); ! estimate variances of residual "factors"

  OUTPUT: SAMPSTAT PATTERNS;



*** WARNING
  Data set contains unknown or missing values for GROUPING,
  PATTERN, COHORT, CLUSTER and/or STRATIFICATION variables.
  Number of cases with unknown or missing values:  5
   1 WARNING(S) FOUND IN THE INPUT INSTRUCTIONS



PxVx Bivariate LCM-SR - decadegroup - Linear bfas_nv with Linear vrt_ind;

SUMMARY OF ANALYSIS

Number of groups                                                 4
Number of observations
   Group D2                                                    301
   Group D3                                                    233
   Group D4                                                    198
   Group D5                                                    132
   Total sample size                                           864

Number of dependent variables                                    8
Number of independent variables                                  0
Number of continuous latent variables                           12

Observed dependent variables

  Continuous
   ABFAS_NV    BBFAS_NV    CBFAS_NV    DBFAS_NV    AVRT_IND    BVRT_IND
   CVRT_IND    DVRT_IND

Continuous latent variables
   P1          P2          P3          P4          V1          V2
   V3          V4          I_BFAS_N    S_BFAS_N    I_VRT_IN    S_VRT_IN

Variables with special functions

  Grouping variable     AAGEGRP

  Time scores
   A1          A2          A3          A4


Estimator                                                      MLR
Information matrix                                        OBSERVED
Maximum number of iterations                                   100
Convergence criterion                                    0.100D-05
Maximum number of EM iterations                                500
Convergence criteria for the EM algorithm
  Loglikelihood change                                   0.100D-02
  Relative loglikelihood change                          0.100D-05
  Derivative                                             0.100D-03
Minimum variance                                         0.100D-03
Maximum number of steepest descent iterations                   20
Maximum number of iterations for H1                           2000
Convergence criterion for H1                             0.100D-03
Optimization algorithm                                         EMA

Input data file(s)
  /home/jflournoy/code_new/lnt_pxvx/Data/lnt_nat_recalc.tsv
Input data format  FREE


SUMMARY OF DATA

   Group D2
     Number of missing data patterns            14

   Group D3
     Number of missing data patterns            11

   Group D4
     Number of missing data patterns            15

   Group D5
     Number of missing data patterns             8


SUMMARY OF MISSING DATA PATTERNS


     MISSING DATA PATTERNS (x = not missing) FOR D2

           1  2  3  4  5  6  7  8  9 10 11 12 13 14
 ABFAS_NV  x  x  x  x  x  x  x  x  x  x  x  x  x  x
 BBFAS_NV  x     x  x  x  x           x  x  x     x
 CBFAS_NV  x        x     x     x  x  x  x  x  x
 DBFAS_NV  x     x  x        x     x     x     x
 AVRT_IND  x  x  x  x  x  x  x  x  x  x  x  x  x  x
 BVRT_IND  x     x  x  x  x           x     x
 CVRT_IND  x              x     x  x     x  x  x
 DVRT_IND  x     x  x        x     x     x  x


     MISSING DATA PATTERN FREQUENCIES FOR D2

    Pattern   Frequency     Pattern   Frequency     Pattern   Frequency
          1         187           6          13          11           2
          2          57           7          11          12           1
          3           6           8           4          13           1
          4           1           9           5          14           1
          5          11          10           1


     MISSING DATA PATTERNS (x = not missing) FOR D3

           1  2  3  4  5  6  7  8  9 10 11
 ABFAS_NV  x  x  x  x  x  x  x  x  x  x  x
 BBFAS_NV  x     x  x  x           x  x
 CBFAS_NV  x           x     x  x     x
 DBFAS_NV  x     x        x     x     x  x
 AVRT_IND  x  x  x  x  x  x  x  x  x  x  x
 BVRT_IND  x     x  x  x              x
 CVRT_IND  x           x     x  x     x
 DVRT_IND  x     x        x     x


     MISSING DATA PATTERN FREQUENCIES FOR D3

    Pattern   Frequency     Pattern   Frequency     Pattern   Frequency
          1         140           5           6           9           1
          2          43           6           3          10           1
          3           8           7           7          11           2
          4          15           8           7


     MISSING DATA PATTERNS (x = not missing) FOR D4

           1  2  3  4  5  6  7  8  9 10 11 12 13 14 15
 ABFAS_NV  x  x  x  x  x  x  x  x  x  x  x  x  x  x  x
 BBFAS_NV  x     x  x  x  x           x     x     x
 CBFAS_NV  x        x     x     x  x  x  x           x
 DBFAS_NV  x     x  x        x     x  x  x        x
 AVRT_IND  x  x  x  x  x  x  x  x  x  x  x  x     x  x
 BVRT_IND  x     x  x  x  x
 CVRT_IND  x              x     x  x  x  x
 DVRT_IND  x     x  x        x     x  x           x


     MISSING DATA PATTERN FREQUENCIES FOR D4

    Pattern   Frequency     Pattern   Frequency     Pattern   Frequency
          1         104           6          15          11           1
          2          39           7           4          12           2
          3           7           8           4          13           1
          4           1           9           5          14           1
          5          12          10           1          15           1


     MISSING DATA PATTERNS (x = not missing) FOR D5

           1  2  3  4  5  6  7  8
 ABFAS_NV  x  x  x  x  x  x  x  x
 BBFAS_NV  x     x  x  x
 CBFAS_NV  x           x     x  x
 DBFAS_NV  x     x        x     x
 AVRT_IND  x  x  x  x  x  x  x  x
 BVRT_IND  x     x  x  x
 CVRT_IND  x           x     x  x
 DVRT_IND  x     x        x     x


     MISSING DATA PATTERN FREQUENCIES FOR D5

    Pattern   Frequency     Pattern   Frequency     Pattern   Frequency
          1          61           4          10           7           6
          2          29           5          11           8           4
          3           5           6           6


COVARIANCE COVERAGE OF DATA

Minimum covariance coverage value   0.100


     PROPORTION OF DATA PRESENT FOR D2


           Covariance Coverage
              ABFAS_NV      BBFAS_NV      CBFAS_NV      DBFAS_NV      AVRT_IND
              ________      ________      ________      ________      ________
 ABFAS_NV       1.000
 BBFAS_NV       0.741         0.741
 CBFAS_NV       0.714         0.681         0.714
 DBFAS_NV       0.708         0.651         0.651         0.708
 AVRT_IND       1.000         0.741         0.714         0.708         1.000
 BVRT_IND       0.731         0.731         0.674         0.645         0.731
 CVRT_IND       0.708         0.674         0.708         0.648         0.708
 DVRT_IND       0.708         0.654         0.651         0.704         0.708


           Covariance Coverage
              BVRT_IND      CVRT_IND      DVRT_IND
              ________      ________      ________
 BVRT_IND       0.731
 CVRT_IND       0.668         0.708
 DVRT_IND       0.648         0.648         0.708


     PROPORTION OF DATA PRESENT FOR D3


           Covariance Coverage
              ABFAS_NV      BBFAS_NV      CBFAS_NV      DBFAS_NV      AVRT_IND
              ________      ________      ________      ________      ________
 ABFAS_NV       1.000
 BBFAS_NV       0.751         0.751
 CBFAS_NV       0.725         0.691         0.725
 DBFAS_NV       0.742         0.708         0.678         0.742
 AVRT_IND       1.000         0.751         0.725         0.742         1.000
 BVRT_IND       0.742         0.742         0.682         0.700         0.742
 CVRT_IND       0.657         0.622         0.657         0.614         0.657
 DVRT_IND       0.742         0.708         0.678         0.742         0.742


           Covariance Coverage
              BVRT_IND      CVRT_IND      DVRT_IND
              ________      ________      ________
 BVRT_IND       0.742
 CVRT_IND       0.614         0.657
 DVRT_IND       0.700         0.614         0.742


     PROPORTION OF DATA PRESENT FOR D4


           Covariance Coverage
              ABFAS_NV      BBFAS_NV      CBFAS_NV      DBFAS_NV      AVRT_IND
              ________      ________      ________      ________      ________
 ABFAS_NV       1.000
 BBFAS_NV       0.732         0.732
 CBFAS_NV       0.682         0.631         0.682
 DBFAS_NV       0.626         0.576         0.571         0.626
 AVRT_IND       1.000         0.732         0.682         0.626         1.000
 BVRT_IND       0.722         0.722         0.626         0.571         0.722
 CVRT_IND       0.672         0.621         0.672         0.566         0.672
 DVRT_IND       0.626         0.581         0.571         0.616         0.626


           Covariance Coverage
              BVRT_IND      CVRT_IND      DVRT_IND
              ________      ________      ________
 BVRT_IND       0.722
 CVRT_IND       0.616         0.672
 DVRT_IND       0.576         0.566         0.626


     PROPORTION OF DATA PRESENT FOR D5


           Covariance Coverage
              ABFAS_NV      BBFAS_NV      CBFAS_NV      DBFAS_NV      AVRT_IND
              ________      ________      ________      ________      ________
 ABFAS_NV       1.000
 BBFAS_NV       0.705         0.705
 CBFAS_NV       0.614         0.583         0.614
 DBFAS_NV       0.621         0.576         0.538         0.621
 AVRT_IND       1.000         0.705         0.614         0.621         1.000
 BVRT_IND       0.705         0.705         0.583         0.576         0.705
 CVRT_IND       0.538         0.508         0.538         0.462         0.538
 DVRT_IND       0.621         0.576         0.538         0.621         0.621


           Covariance Coverage
              BVRT_IND      CVRT_IND      DVRT_IND
              ________      ________      ________
 BVRT_IND       0.705
 CVRT_IND       0.508         0.538
 DVRT_IND       0.576         0.462         0.621


SAMPLE STATISTICS


     ESTIMATED SAMPLE STATISTICS FOR D2


           Means
              ABFAS_NV      BBFAS_NV      CBFAS_NV      DBFAS_NV      AVRT_IND
              ________      ________      ________      ________      ________
               46.768        47.517        46.230        47.055        50.623


           Means
              BVRT_IND      CVRT_IND      DVRT_IND
              ________      ________      ________
               51.958        50.124        49.290


           Covariances
              ABFAS_NV      BBFAS_NV      CBFAS_NV      DBFAS_NV      AVRT_IND
              ________      ________      ________      ________      ________
 ABFAS_NV     541.380
 BBFAS_NV     392.515       443.577
 CBFAS_NV     389.776       365.129       480.326
 DBFAS_NV     397.627       374.914       413.458       522.772
 AVRT_IND      62.836        34.364        46.559        58.639       438.773
 BVRT_IND      50.803        51.202        45.628        77.580       288.305
 CVRT_IND      27.419        27.730        64.307        71.917       264.318
 DVRT_IND      29.118        33.370        74.067        93.100       281.361


           Covariances
              BVRT_IND      CVRT_IND      DVRT_IND
              ________      ________      ________
 BVRT_IND     395.224
 CVRT_IND     308.951       404.100
 DVRT_IND     297.537       337.646       455.272


           Correlations
              ABFAS_NV      BBFAS_NV      CBFAS_NV      DBFAS_NV      AVRT_IND
              ________      ________      ________      ________      ________
 ABFAS_NV       1.000
 BBFAS_NV       0.801         1.000
 CBFAS_NV       0.764         0.791         1.000
 DBFAS_NV       0.747         0.779         0.825         1.000
 AVRT_IND       0.129         0.078         0.101         0.122         1.000
 BVRT_IND       0.110         0.122         0.105         0.171         0.692
 CVRT_IND       0.059         0.065         0.146         0.156         0.628
 DVRT_IND       0.059         0.074         0.158         0.191         0.630


           Correlations
              BVRT_IND      CVRT_IND      DVRT_IND
              ________      ________      ________
 BVRT_IND       1.000
 CVRT_IND       0.773         1.000
 DVRT_IND       0.701         0.787         1.000


     ESTIMATED SAMPLE STATISTICS FOR D3


           Means
              ABFAS_NV      BBFAS_NV      CBFAS_NV      DBFAS_NV      AVRT_IND
              ________      ________      ________      ________      ________
               43.095        42.442        42.584        40.409        47.166


           Means
              BVRT_IND      CVRT_IND      DVRT_IND
              ________      ________      ________
               46.877        46.813        47.027


           Covariances
              ABFAS_NV      BBFAS_NV      CBFAS_NV      DBFAS_NV      AVRT_IND
              ________      ________      ________      ________      ________
 ABFAS_NV     464.939
 BBFAS_NV     332.380       395.653
 CBFAS_NV     323.584       327.911       382.349
 DBFAS_NV     326.371       330.789       325.212       425.895
 AVRT_IND      55.216        77.318        74.775        42.709       337.642
 BVRT_IND      33.365        44.192        71.200         9.492       238.915
 CVRT_IND      23.294        49.776        84.560        66.188       242.238
 DVRT_IND      37.785        38.156        64.984        37.072       223.976


           Covariances
              BVRT_IND      CVRT_IND      DVRT_IND
              ________      ________      ________
 BVRT_IND     350.878
 CVRT_IND     230.141       399.262
 DVRT_IND     242.260       247.110       358.604


           Correlations
              ABFAS_NV      BBFAS_NV      CBFAS_NV      DBFAS_NV      AVRT_IND
              ________      ________      ________      ________      ________
 ABFAS_NV       1.000
 BBFAS_NV       0.775         1.000
 CBFAS_NV       0.767         0.843         1.000
 DBFAS_NV       0.733         0.806         0.806         1.000
 AVRT_IND       0.139         0.212         0.208         0.113         1.000
 BVRT_IND       0.083         0.119         0.194         0.025         0.694
 CVRT_IND       0.054         0.125         0.216         0.161         0.660
 DVRT_IND       0.093         0.101         0.175         0.095         0.644


           Correlations
              BVRT_IND      CVRT_IND      DVRT_IND
              ________      ________      ________
 BVRT_IND       1.000
 CVRT_IND       0.615         1.000
 DVRT_IND       0.683         0.653         1.000


     ESTIMATED SAMPLE STATISTICS FOR D4


           Means
              ABFAS_NV      BBFAS_NV      CBFAS_NV      DBFAS_NV      AVRT_IND
              ________      ________      ________      ________      ________
               41.431        41.647        40.614        42.004        45.317


           Means
              BVRT_IND      CVRT_IND      DVRT_IND
              ________      ________      ________
               43.146        43.532        45.253


           Covariances
              ABFAS_NV      BBFAS_NV      CBFAS_NV      DBFAS_NV      AVRT_IND
              ________      ________      ________      ________      ________
 ABFAS_NV     422.494
 BBFAS_NV     367.427       415.251
 CBFAS_NV     345.976       357.730       442.950
 DBFAS_NV     335.992       340.174       362.144       447.528
 AVRT_IND      58.104        65.250        59.228        39.481       288.375
 BVRT_IND      58.795        69.123        55.589        55.263       178.518
 CVRT_IND      80.701       102.093        88.096        98.894       177.709
 DVRT_IND      43.723        58.578        41.909        64.879       161.795


           Covariances
              BVRT_IND      CVRT_IND      DVRT_IND
              ________      ________      ________
 BVRT_IND     271.129
 CVRT_IND     200.319       306.845
 DVRT_IND     190.348       210.477       246.160


           Correlations
              ABFAS_NV      BBFAS_NV      CBFAS_NV      DBFAS_NV      AVRT_IND
              ________      ________      ________      ________      ________
 ABFAS_NV       1.000
 BBFAS_NV       0.877         1.000
 CBFAS_NV       0.800         0.834         1.000
 DBFAS_NV       0.773         0.789         0.813         1.000
 AVRT_IND       0.166         0.189         0.166         0.110         1.000
 BVRT_IND       0.174         0.206         0.160         0.159         0.638
 CVRT_IND       0.224         0.286         0.239         0.267         0.597
 DVRT_IND       0.136         0.183         0.127         0.195         0.607


           Correlations
              BVRT_IND      CVRT_IND      DVRT_IND
              ________      ________      ________
 BVRT_IND       1.000
 CVRT_IND       0.695         1.000
 DVRT_IND       0.737         0.766         1.000


     ESTIMATED SAMPLE STATISTICS FOR D5


           Means
              ABFAS_NV      BBFAS_NV      CBFAS_NV      DBFAS_NV      AVRT_IND
              ________      ________      ________      ________      ________
               41.805        39.924        39.408        40.371        42.424


           Means
              BVRT_IND      CVRT_IND      DVRT_IND
              ________      ________      ________
               42.013        42.107        39.615


           Covariances
              ABFAS_NV      BBFAS_NV      CBFAS_NV      DBFAS_NV      AVRT_IND
              ________      ________      ________      ________      ________
 ABFAS_NV     464.207
 BBFAS_NV     399.416       487.919
 CBFAS_NV     357.622       404.752       450.975
 DBFAS_NV     383.289       396.380       385.591       429.120
 AVRT_IND     105.356       136.971       148.720       149.975       343.886
 BVRT_IND      75.236       104.968       110.984       117.355       199.728
 CVRT_IND      71.537        98.350       113.040       129.842       242.275
 DVRT_IND      52.128       100.970       107.550       124.441       246.893


           Covariances
              BVRT_IND      CVRT_IND      DVRT_IND
              ________      ________      ________
 BVRT_IND     248.504
 CVRT_IND     187.638       346.744
 DVRT_IND     209.406       234.880       347.827


           Correlations
              ABFAS_NV      BBFAS_NV      CBFAS_NV      DBFAS_NV      AVRT_IND
              ________      ________      ________      ________      ________
 ABFAS_NV       1.000
 BBFAS_NV       0.839         1.000
 CBFAS_NV       0.782         0.863         1.000
 DBFAS_NV       0.859         0.866         0.877         1.000
 AVRT_IND       0.264         0.334         0.378         0.390         1.000
 BVRT_IND       0.222         0.301         0.332         0.359         0.683
 CVRT_IND       0.178         0.239         0.286         0.337         0.702
 DVRT_IND       0.130         0.245         0.272         0.322         0.714


           Correlations
              BVRT_IND      CVRT_IND      DVRT_IND
              ________      ________      ________
 BVRT_IND       1.000
 CVRT_IND       0.639         1.000
 DVRT_IND       0.712         0.676         1.000


     MAXIMUM LOG-LIKELIHOOD VALUE FOR THE UNRESTRICTED (H1) MODEL IS -21494.684


UNIVARIATE SAMPLE STATISTICS


     UNIVARIATE HIGHER-ORDER MOMENT DESCRIPTIVE STATISTICS FOR D2

         Variable/         Mean/     Skewness/   Minimum/ % with                Percentiles
        Sample Size      Variance    Kurtosis    Maximum  Min/Max      20%/60%    40%/80%    Median

     ABFAS_NV             46.768       0.085       0.000    0.66%      25.000     37.500     47.500
             301.000     541.380      -0.852     100.000    1.00%      52.500     70.000
     BBFAS_NV             47.895       0.094       0.000    0.45%      30.000     42.500     47.500
             223.000     442.349      -0.627      97.500    0.45%      52.500     65.000
     CBFAS_NV             46.752       0.005       0.000    0.93%      27.500     40.000     47.500
             215.000     490.002      -0.637     100.000    0.47%      52.778     67.500
     DBFAS_NV             47.277       0.039       0.000    2.35%      25.000     40.000     47.500
             213.000     541.529      -0.791     100.000    0.47%      52.500     67.500
     AVRT_IND             50.623      -0.020       0.000    0.66%      31.250     43.750     50.000
             301.000     438.773      -0.546     100.000    0.66%      56.250     68.750
     BVRT_IND             52.140      -0.132       6.250    0.45%      31.250     50.000     50.000
             220.000     384.743      -0.569     100.000    0.45%      56.250     68.750
     CVRT_IND             50.675       0.046       6.250    0.47%      31.250     43.750     50.000
             213.000     400.990      -0.524     100.000    0.47%      56.250     68.750
     DVRT_IND             49.560       0.024       0.000    0.47%      31.250     37.500     50.000
             213.000     454.802      -0.771     100.000    0.47%      56.250     68.750


     UNIVARIATE HIGHER-ORDER MOMENT DESCRIPTIVE STATISTICS FOR D3

         Variable/         Mean/     Skewness/   Minimum/ % with                Percentiles
        Sample Size      Variance    Kurtosis    Maximum  Min/Max      20%/60%    40%/80%    Median

     ABFAS_NV             43.095       0.004       0.000    1.29%      22.500     37.500     42.500
             233.000     464.939      -0.685      95.000    0.43%      50.000     62.500
     BBFAS_NV             42.391       0.100       0.000    1.17%      25.000     35.000     42.500
             171.000     393.182      -0.359      95.000    0.58%      47.500     60.000
     CBFAS_NV             43.245       0.034       2.500    0.62%      25.000     35.000     42.500
             161.000     385.469      -0.822      90.000    0.62%      50.000     62.500
     DBFAS_NV             40.923       0.019       0.000    1.24%      22.500     35.000     42.500
             161.000     430.915      -0.818      90.000    0.62%      47.500     60.000
     AVRT_IND             47.166       0.059       0.000    0.43%      31.250     43.750     43.750
             233.000     337.642      -0.083     100.000    0.86%      50.000     62.500
     BVRT_IND             47.328       0.347       6.250    1.18%      31.250     43.750     43.750
             170.000     354.076       0.192     100.000    2.35%      50.000     62.500
     CVRT_IND             46.946       0.286       6.250    0.62%      25.000     37.500     43.750
             161.000     401.949      -0.502     100.000    1.24%      50.000     62.500
     DVRT_IND             47.191       0.263      12.500    5.06%      31.250     43.750     50.000
             158.000     358.756      -0.006     100.000    1.27%      50.000     62.500


     UNIVARIATE HIGHER-ORDER MOMENT DESCRIPTIVE STATISTICS FOR D4

         Variable/         Mean/     Skewness/   Minimum/ % with                Percentiles
        Sample Size      Variance    Kurtosis    Maximum  Min/Max      20%/60%    40%/80%    Median

     ABFAS_NV             41.431       0.360       0.000    1.52%      22.500     35.000     40.000
             198.000     422.494      -0.219      97.500    1.01%      45.000     57.500
     BBFAS_NV             40.593       0.498       2.500    2.10%      22.500     32.500     37.500
             143.000     431.239      -0.327      97.500    0.70%      42.500     60.000
     CBFAS_NV             38.826       0.431       2.500    3.03%      20.000     30.000     35.000
             132.000     437.542      -0.383      92.500    0.76%      42.500     57.500
     DBFAS_NV             39.778       0.137       0.000    4.03%      22.500     32.500     36.250
             124.000     442.743      -0.476     100.000    0.81%      45.000     60.000
     AVRT_IND             45.315       0.315       6.250    0.51%      31.250     43.750     43.750
             197.000     288.415       0.030     100.000    0.51%      50.000     62.500
     BVRT_IND             43.076       0.335       6.250    1.44%      25.000     37.500     43.750
             139.000     276.917      -0.224      87.500    0.72%      43.750     56.250
     CVRT_IND             43.125       0.344       6.250    0.77%      31.250     37.500     43.750
             130.000     297.386      -0.130      87.500    2.31%      43.750     56.250
     DVRT_IND             44.732       0.053       6.250    0.81%      31.250     37.500     43.750
             123.000     243.079      -0.215      87.500    0.81%      50.000     56.250


     UNIVARIATE HIGHER-ORDER MOMENT DESCRIPTIVE STATISTICS FOR D5

         Variable/         Mean/     Skewness/   Minimum/ % with                Percentiles
        Sample Size      Variance    Kurtosis    Maximum  Min/Max      20%/60%    40%/80%    Median

     ABFAS_NV             41.805       0.179       0.000    0.76%      19.444     32.500     40.000
             132.000     464.207      -0.602     100.000    0.76%      50.000     61.111
     BBFAS_NV             37.826       0.467       0.000    1.15%      17.500     27.500     32.500
              87.000     487.639      -0.665      97.222    1.15%      40.000     60.000
     CBFAS_NV             38.140       0.580       5.000    1.22%      20.000     27.500     33.750
              82.000     443.874      -0.604      90.000    2.44%      40.000     60.000
     DBFAS_NV             38.059       0.619       0.000    1.32%      20.000     27.500     33.750
              76.000     422.631      -0.037     100.000    1.32%      37.500     57.500
     AVRT_IND             42.424       0.085       0.000    0.76%      25.000     37.500     43.750
             132.000     343.886      -0.542      87.500    1.52%      50.000     62.500
     BVRT_IND             41.379      -0.083       0.000    1.15%      25.000     37.500     43.750
              87.000     248.461      -0.518      75.000    1.15%      43.750     56.250
     CVRT_IND             40.244       0.556       6.250    3.66%      25.000     37.500     37.500
              82.000     339.270       0.603     100.000    1.22%      43.750     56.250
     DVRT_IND             39.062       0.435      12.500   10.53%      25.000     31.250     37.500
              76.000     319.824      -0.399      87.500    1.32%      43.750     56.250


THE MODEL ESTIMATION TERMINATED NORMALLY



MODEL FIT INFORMATION

Number of Free Parameters                       96

Loglikelihood

          H0 Value                      -21541.300
          H0 Scaling Correction Factor      1.0237
            for MLR

Information Criteria

          Akaike (AIC)                   43274.600
          Bayesian (BIC)                 43731.711
          Sample-Size Adjusted BIC       43426.840
            (n* = (n + 2) / 24)



MODEL RESULTS

                                                    Two-Tailed
                    Estimate       S.E.  Est./S.E.    P-Value

Group D2

 P1       BY
    ABFAS_NV           1.000      0.000    999.000    999.000

 P2       BY
    BBFAS_NV           1.000      0.000    999.000    999.000

 P3       BY
    CBFAS_NV           1.000      0.000    999.000    999.000

 P4       BY
    DBFAS_NV           1.000      0.000    999.000    999.000

 V1       BY
    AVRT_IND           1.000      0.000    999.000    999.000

 V2       BY
    BVRT_IND           1.000      0.000    999.000    999.000

 V3       BY
    CVRT_IND           1.000      0.000    999.000    999.000

 V4       BY
    DVRT_IND           1.000      0.000    999.000    999.000

 P4         ON
    P3                 0.142      0.091      1.570      0.116
    V3                -0.004      0.054     -0.065      0.948

 P3         ON
    P2                 0.142      0.091      1.570      0.116
    V2                -0.004      0.054     -0.065      0.948

 P2         ON
    P1                 0.142      0.091      1.570      0.116
    V1                -0.004      0.054     -0.065      0.948

 V4         ON
    V3                 0.211      0.082      2.571      0.010
    P3                 0.078      0.066      1.189      0.235

 V3         ON
    V2                 0.211      0.082      2.571      0.010
    P2                 0.078      0.066      1.189      0.235

 V2         ON
    V1                 0.211      0.082      2.571      0.010
    P1                 0.078      0.066      1.189      0.235

 S_BFAS_N WITH
    I_BFAS_NV         10.078     19.469      0.518      0.605
    S_VRT_IND          0.603      1.485      0.406      0.685
    I_VRT_IND         13.820     16.451      0.840      0.401

 I_BFAS_N WITH
    S_VRT_IND          0.033     16.982      0.002      0.998
    I_VRT_IND        119.272    174.229      0.685      0.494

 S_VRT_IN WITH
    I_VRT_IND         12.092     17.658      0.685      0.493

 P1       WITH
    V1                32.437     18.251      1.777      0.076

 P2       WITH
    V2                18.394      6.621      2.778      0.005

 P3       WITH
    V3                18.394      6.621      2.778      0.005

 P4       WITH
    V4                18.394      6.621      2.778      0.005

 Means
    P1                 0.000      0.000    999.000    999.000
    V1                 0.000      0.000    999.000    999.000
    I_BFAS_NV         46.024      2.981     15.441      0.000
    S_BFAS_NV         -0.084      0.278     -0.301      0.764
    I_VRT_IND         47.491      2.977     15.954      0.000
    S_VRT_IND         -0.306      0.279     -1.099      0.272

 Intercepts
    ABFAS_NV           0.000      0.000    999.000    999.000
    BBFAS_NV           0.000      0.000    999.000    999.000
    CBFAS_NV           0.000      0.000    999.000    999.000
    DBFAS_NV           0.000      0.000    999.000    999.000
    AVRT_IND           0.000      0.000    999.000    999.000
    BVRT_IND           0.000      0.000    999.000    999.000
    CVRT_IND           0.000      0.000    999.000    999.000
    DVRT_IND           0.000      0.000    999.000    999.000
    P2                 0.000      0.000    999.000    999.000
    P3                 0.000      0.000    999.000    999.000
    P4                 0.000      0.000    999.000    999.000
    V2                 0.000      0.000    999.000    999.000
    V3                 0.000      0.000    999.000    999.000
    V4                 0.000      0.000    999.000    999.000

 Variances
    P1               140.257     27.498      5.101      0.000
    V1               198.941     26.692      7.453      0.000
    I_BFAS_NV        448.503    210.245      2.133      0.033
    S_BFAS_NV          1.322      1.937      0.682      0.495
    I_VRT_IND        433.203    205.680      2.106      0.035
    S_VRT_IND          0.807      1.564      0.516      0.606

 Residual Variances
    ABFAS_NV           0.000      0.000    999.000    999.000
    BBFAS_NV           0.000      0.000    999.000    999.000
    CBFAS_NV           0.000      0.000    999.000    999.000
    DBFAS_NV           0.000      0.000    999.000    999.000
    AVRT_IND           0.000      0.000    999.000    999.000
    BVRT_IND           0.000      0.000    999.000    999.000
    CVRT_IND           0.000      0.000    999.000    999.000
    DVRT_IND           0.000      0.000    999.000    999.000
    P2               103.812     11.555      8.984      0.000
    P3               103.812     11.555      8.984      0.000
    P4               103.812     11.555      8.984      0.000
    V2               118.469     13.557      8.739      0.000
    V3               118.469     13.557      8.739      0.000
    V4               118.469     13.557      8.739      0.000

Group D3

 P1       BY
    ABFAS_NV           1.000      0.000    999.000    999.000

 P2       BY
    BBFAS_NV           1.000      0.000    999.000    999.000

 P3       BY
    CBFAS_NV           1.000      0.000    999.000    999.000

 P4       BY
    DBFAS_NV           1.000      0.000    999.000    999.000

 V1       BY
    AVRT_IND           1.000      0.000    999.000    999.000

 V2       BY
    BVRT_IND           1.000      0.000    999.000    999.000

 V3       BY
    CVRT_IND           1.000      0.000    999.000    999.000

 V4       BY
    DVRT_IND           1.000      0.000    999.000    999.000

 P4         ON
    P3                 0.013      0.068      0.195      0.845
    V3                 0.250      0.053      4.728      0.000

 P3         ON
    P2                 0.013      0.068      0.195      0.845
    V2                 0.250      0.053      4.728      0.000

 P2         ON
    P1                 0.013      0.068      0.195      0.845
    V1                 0.250      0.053      4.728      0.000

 V4         ON
    V3                -0.026      0.111     -0.237      0.813
    P3                 0.153      0.104      1.475      0.140

 V3         ON
    V2                -0.026      0.111     -0.237      0.813
    P2                 0.153      0.104      1.475      0.140

 V2         ON
    V1                -0.026      0.111     -0.237      0.813
    P1                 0.153      0.104      1.475      0.140

 S_BFAS_N WITH
    I_BFAS_NV         -2.082      3.903     -0.533      0.594
    S_VRT_IND         -0.998      0.712     -1.401      0.161
    I_VRT_IND          5.118      5.184      0.987      0.324

 I_BFAS_N WITH
    S_VRT_IND          5.213      5.573      0.935      0.350
    I_VRT_IND         51.392     21.149      2.430      0.015

 S_VRT_IN WITH
    I_VRT_IND          1.343      3.798      0.354      0.724

 P1       WITH
    V1                17.133     15.094      1.135      0.256

 P2       WITH
    V2                19.281      7.017      2.748      0.006

 P3       WITH
    V3                19.281      7.017      2.748      0.006

 P4       WITH
    V4                19.281      7.017      2.748      0.006

 Means
    P1                 0.000      0.000    999.000    999.000
    V1                 0.000      0.000    999.000    999.000
    I_BFAS_NV         41.931      1.260     33.279      0.000
    S_BFAS_NV         -0.710      0.279     -2.545      0.011
    I_VRT_IND         46.719      1.116     41.856      0.000
    S_VRT_IND         -0.408      0.271     -1.505      0.132

 Intercepts
    ABFAS_NV           0.000      0.000    999.000    999.000
    BBFAS_NV           0.000      0.000    999.000    999.000
    CBFAS_NV           0.000      0.000    999.000    999.000
    DBFAS_NV           0.000      0.000    999.000    999.000
    AVRT_IND           0.000      0.000    999.000    999.000
    BVRT_IND           0.000      0.000    999.000    999.000
    CVRT_IND           0.000      0.000    999.000    999.000
    DVRT_IND           0.000      0.000    999.000    999.000
    P2                 0.000      0.000    999.000    999.000
    P3                 0.000      0.000    999.000    999.000
    P4                 0.000      0.000    999.000    999.000
    V2                 0.000      0.000    999.000    999.000
    V3                 0.000      0.000    999.000    999.000
    V4                 0.000      0.000    999.000    999.000

 Variances
    P1               134.597     24.591      5.474      0.000
    V1               106.209     16.252      6.535      0.000
    I_BFAS_NV        303.734     30.100     10.091      0.000
    S_BFAS_NV          1.540      1.033      1.491      0.136
    I_VRT_IND        218.828     27.324      8.009      0.000
    S_VRT_IND          1.353      0.876      1.545      0.122

 Residual Variances
    ABFAS_NV           0.000      0.000    999.000    999.000
    BBFAS_NV           0.000      0.000    999.000    999.000
    CBFAS_NV           0.000      0.000    999.000    999.000
    DBFAS_NV           0.000      0.000    999.000    999.000
    AVRT_IND           0.000      0.000    999.000    999.000
    BVRT_IND           0.000      0.000    999.000    999.000
    CVRT_IND           0.000      0.000    999.000    999.000
    DVRT_IND           0.000      0.000    999.000    999.000
    P2                70.023      8.415      8.322      0.000
    P3                70.023      8.415      8.322      0.000
    P4                70.023      8.415      8.322      0.000
    V2               127.217     13.187      9.647      0.000
    V3               127.217     13.187      9.647      0.000
    V4               127.217     13.187      9.647      0.000

Group D4

 P1       BY
    ABFAS_NV           1.000      0.000    999.000    999.000

 P2       BY
    BBFAS_NV           1.000      0.000    999.000    999.000

 P3       BY
    CBFAS_NV           1.000      0.000    999.000    999.000

 P4       BY
    DBFAS_NV           1.000      0.000    999.000    999.000

 V1       BY
    AVRT_IND           1.000      0.000    999.000    999.000

 V2       BY
    BVRT_IND           1.000      0.000    999.000    999.000

 V3       BY
    CVRT_IND           1.000      0.000    999.000    999.000

 V4       BY
    DVRT_IND           1.000      0.000    999.000    999.000

 P4         ON
    P3                 0.348      0.133      2.624      0.009
    V3                 0.073      0.073      1.002      0.317

 P3         ON
    P2                 0.348      0.133      2.624      0.009
    V2                 0.073      0.073      1.002      0.317

 P2         ON
    P1                 0.348      0.133      2.624      0.009
    V1                 0.073      0.073      1.002      0.317

 V4         ON
    V3                 0.017      0.096      0.182      0.856
    P3                 0.070      0.097      0.725      0.469

 V3         ON
    V2                 0.017      0.096      0.182      0.856
    P2                 0.070      0.097      0.725      0.469

 V2         ON
    V1                 0.017      0.096      0.182      0.856
    P1                 0.070      0.097      0.725      0.469

 S_BFAS_N WITH
    I_BFAS_NV        -18.106     17.616     -1.028      0.304
    S_VRT_IND          0.953      1.263      0.755      0.450
    I_VRT_IND         -8.092     12.184     -0.664      0.507

 I_BFAS_N WITH
    S_VRT_IND         -9.283     14.289     -0.650      0.516
    I_VRT_IND        131.192    122.630      1.070      0.285

 S_VRT_IN WITH
    I_VRT_IND        -14.106     17.218     -0.819      0.413

 P1       WITH
    V1                 7.622     13.189      0.578      0.563

 P2       WITH
    V2                 9.413      7.870      1.196      0.232

 P3       WITH
    V3                 9.413      7.870      1.196      0.232

 P4       WITH
    V4                 9.413      7.870      1.196      0.232

 Means
    P1                 0.000      0.000    999.000    999.000
    V1                 0.000      0.000    999.000    999.000
    I_BFAS_NV         44.373      3.334     13.311      0.000
    S_BFAS_NV         -0.308      0.315     -0.976      0.329
    I_VRT_IND         42.156      2.921     14.430      0.000
    S_VRT_IND          0.245      0.299      0.818      0.413

 Intercepts
    ABFAS_NV           0.000      0.000    999.000    999.000
    BBFAS_NV           0.000      0.000    999.000    999.000
    CBFAS_NV           0.000      0.000    999.000    999.000
    DBFAS_NV           0.000      0.000    999.000    999.000
    AVRT_IND           0.000      0.000    999.000    999.000
    BVRT_IND           0.000      0.000    999.000    999.000
    CVRT_IND           0.000      0.000    999.000    999.000
    DVRT_IND           0.000      0.000    999.000    999.000
    P2                 0.000      0.000    999.000    999.000
    P3                 0.000      0.000    999.000    999.000
    P4                 0.000      0.000    999.000    999.000
    V2                 0.000      0.000    999.000    999.000
    V3                 0.000      0.000    999.000    999.000
    V4                 0.000      0.000    999.000    999.000

 Variances
    P1                70.728     22.919      3.086      0.002
    V1               132.174     18.125      7.292      0.000
    I_BFAS_NV        541.581    213.844      2.533      0.011
    S_BFAS_NV          1.405      1.549      0.907      0.364
    I_VRT_IND        254.092    160.668      1.581      0.114
    S_VRT_IND          1.972      1.790      1.102      0.271

 Residual Variances
    ABFAS_NV           0.000      0.000    999.000    999.000
    BBFAS_NV           0.000      0.000    999.000    999.000
    CBFAS_NV           0.000      0.000    999.000    999.000
    DBFAS_NV           0.000      0.000    999.000    999.000
    AVRT_IND           0.000      0.000    999.000    999.000
    BVRT_IND           0.000      0.000    999.000    999.000
    CVRT_IND           0.000      0.000    999.000    999.000
    DVRT_IND           0.000      0.000    999.000    999.000
    P2                95.462     10.788      8.849      0.000
    P3                95.462     10.788      8.849      0.000
    P4                95.462     10.788      8.849      0.000
    V2                77.360     11.751      6.583      0.000
    V3                77.360     11.751      6.583      0.000
    V4                77.360     11.751      6.583      0.000

Group D5

 P1       BY
    ABFAS_NV           1.000      0.000    999.000    999.000

 P2       BY
    BBFAS_NV           1.000      0.000    999.000    999.000

 P3       BY
    CBFAS_NV           1.000      0.000    999.000    999.000

 P4       BY
    DBFAS_NV           1.000      0.000    999.000    999.000

 V1       BY
    AVRT_IND           1.000      0.000    999.000    999.000

 V2       BY
    BVRT_IND           1.000      0.000    999.000    999.000

 V3       BY
    CVRT_IND           1.000      0.000    999.000    999.000

 V4       BY
    DVRT_IND           1.000      0.000    999.000    999.000

 P4         ON
    P3                 0.074      0.086      0.862      0.389
    V3                 0.047      0.063      0.747      0.455

 P3         ON
    P2                 0.074      0.086      0.862      0.389
    V2                 0.047      0.063      0.747      0.455

 P2         ON
    P1                 0.074      0.086      0.862      0.389
    V1                 0.047      0.063      0.747      0.455

 V4         ON
    V3                -0.099      0.093     -1.072      0.283
    P3                -0.013      0.079     -0.162      0.871

 V3         ON
    V2                -0.099      0.093     -1.072      0.283
    P2                -0.013      0.079     -0.162      0.871

 V2         ON
    V1                -0.099      0.093     -1.072      0.283
    P1                -0.013      0.079     -0.162      0.871

 S_BFAS_N WITH
    I_BFAS_NV        -22.328     10.451     -2.136      0.033
    S_VRT_IND          0.326      0.577      0.565      0.572
    I_VRT_IND          8.492      8.831      0.962      0.336

 I_BFAS_N WITH
    S_VRT_IND        -20.600     13.221     -1.558      0.119
    I_VRT_IND        219.542    219.900      0.998      0.318

 S_VRT_IN WITH
    I_VRT_IND        -18.448     13.954     -1.322      0.186

 P1       WITH
    V1                -0.004     11.315      0.000      1.000

 P2       WITH
    V2                 4.095      9.266      0.442      0.659

 P3       WITH
    V3                 4.095      9.266      0.442      0.659

 P4       WITH
    V4                 4.095      9.266      0.442      0.659

 Means
    P1                 0.000      0.000    999.000    999.000
    V1                 0.000      0.000    999.000    999.000
    I_BFAS_NV         50.600      6.855      7.381      0.000
    S_BFAS_NV         -0.565      0.373     -1.516      0.130
    I_VRT_IND         57.286      6.649      8.616      0.000
    S_VRT_IND         -0.877      0.367     -2.390      0.017

 Intercepts
    ABFAS_NV           0.000      0.000    999.000    999.000
    BBFAS_NV           0.000      0.000    999.000    999.000
    CBFAS_NV           0.000      0.000    999.000    999.000
    DBFAS_NV           0.000      0.000    999.000    999.000
    AVRT_IND           0.000      0.000    999.000    999.000
    BVRT_IND           0.000      0.000    999.000    999.000
    CVRT_IND           0.000      0.000    999.000    999.000
    DVRT_IND           0.000      0.000    999.000    999.000
    P2                 0.000      0.000    999.000    999.000
    P3                 0.000      0.000    999.000    999.000
    P4                 0.000      0.000    999.000    999.000
    V2                 0.000      0.000    999.000    999.000
    V3                 0.000      0.000    999.000    999.000
    V4                 0.000      0.000    999.000    999.000

 Variances
    P1                95.007     26.144      3.634      0.000
    V1                99.957     27.195      3.676      0.000
    I_BFAS_NV        774.670    232.752      3.328      0.001
    S_BFAS_NV          1.274      0.521      2.447      0.014
    I_VRT_IND        550.853    332.771      1.655      0.098
    S_VRT_IND          1.008      0.637      1.582      0.114

 Residual Variances
    ABFAS_NV           0.000      0.000    999.000    999.000
    BBFAS_NV           0.000      0.000    999.000    999.000
    CBFAS_NV           0.000      0.000    999.000    999.000
    DBFAS_NV           0.000      0.000    999.000    999.000
    AVRT_IND           0.000      0.000    999.000    999.000
    BVRT_IND           0.000      0.000    999.000    999.000
    CVRT_IND           0.000      0.000    999.000    999.000
    DVRT_IND           0.000      0.000    999.000    999.000
    P2                62.984      9.317      6.760      0.000
    P3                62.984      9.317      6.760      0.000
    P4                62.984      9.317      6.760      0.000
    V2                93.764     14.730      6.365      0.000
    V3                93.764     14.730      6.365      0.000
    V4                93.764     14.730      6.365      0.000


QUALITY OF NUMERICAL RESULTS

     Condition Number for the Information Matrix              0.469E-08
       (ratio of smallest to largest eigenvalue)


     Beginning Time:  12:23:45
        Ending Time:  12:24:07
       Elapsed Time:  00:00:22



MUTHEN & MUTHEN
3463 Stoner Ave.
Los Angeles, CA  90066

Tel: (310) 391-9971
Fax: (310) 391-8971
Web: www.StatModel.com
Support: Support@StatModel.com

Copyright (c) 1998-2017 Muthen & Muthen
