Mplus VERSION 7 (Mac)
MUTHEN & MUTHEN
10/27/2017  10:31 AM

INPUT INSTRUCTIONS


  title: PxVx Bivariate LCM-SR - Inf Linear I_A with Linear USI;
  data: file = /Users/johnflournoy/code/lnt_pxvx/Data/LT_informants3.txt;

  variable:
  names =
  subjid
  Sample
  aGENDER
  aAGE
  aethnic1
  aethnic2
  aedu_mom
  aedu_dad
  aEDUCATN
  bEDUCATN
  cEDUCATN
  aEMPLOYD
  bEMPLOYD
  cEMPLOYD
  dEMPLOYD
  aINCOME
  bINCOME
  cINCOME
  dINCOME
  aS_SCALE
  bS_SCALE
  cS_SCALE
  dS_SCALE
  aD_SCALE
  bD_SCALE
  cD_SCALE
  dD_SCALE
  aS_COMP
  bS_COMP
  cS_COMP
  dS_COMP
  aD_COMP
  bD_COMP
  cD_COMP
  dD_COMP
  aBFI_A
  aBFI_A6
  aBFI_C
  aBFI_E
  aBFI_HP
  aBFI_N
  aBFI_O
  bBFI_A
  bBFI_A6
  bBFI_C
  bBFI_E
  bBFI_HP
  bBFI_N
  bBFI_O
  cBFI_A
  cBFI_A6
  cBFI_C
  cBFI_E
  cBFI_HP
  cBFI_N
  cBFI_O
  dBFI_A
  dBFI_A6
  dBFI_C
  dBFI_E
  dBFI_HP
  dBFI_N
  dBFI_O
  aBFA_AC
  aBFA_AP
  aBFA_CI
  aBFA_CO
  aBFA_EA
  aBFA_EE
  aBFA_N9
  aBFA_NV
  aBFA_NW
  aBFA_OI
  aBFA_OO
  aBFA_PS
  aBFA_MT
  bBFA_AC
  bBFA_AP
  bBFA_CI
  bBFA_CO
  bBFA_EA
  bBFA_EE
  bBFA_N9
  bBFA_NV
  bBFA_NW
  bBFA_OI
  bBFA_OO
  bBFA_MT
  bBFA_PS
  cBFA_AC
  cBFA_AP
  cBFA_CI
  cBFA_CO
  cBFA_EA
  cBFA_EE
  cBFA_N9
  cBFA_NV
  cBFA_NW
  cBFA_OI
  cBFA_OO
  cBFA_MT
  cBFA_PS
  dBFA_AC
  dBFA_AP
  dBFA_CI
  dBFA_CO
  dBFA_EA
  dBFA_EE
  dBFA_N9
  dBFA_NV
  dBFA_NW
  dBFA_OI
  dBFA_OO
  dBFA_MT
  dBFA_PS
  aUSI
  bUSI
  cUSI
  dUSI
  aHRZ_IND
  bHRZ_IND
  cHRZ_IND
  dHRZ_IND
  aVRT_IND
  bVRT_IND
  cVRT_IND
  dVRT_IND
  aHRZ_COL
  bHRZ_COL
  cHRZ_COL
  dHRZ_COL
  aVRT_COL
  bVRT_COL
  cVRT_COL
  dVRT_COL
  aCOLLCTV
  bCOLLCTV
  cCOLLCTV
  dCOLLCTV
  aMVS
  bMVS
  cMVS
  dMVS
  aST
  bST
  cST
  dST
  aSD
  bSD
  cSD
  dSD
  aMVS_mc
  bMVS_mc
  cMVS_mc
  dMVS_mc
  aST_mc
  bST_mc
  cST_mc
  dST_mc
  aSD_mc
  bSD_mc
  cSD_mc
  dSD_mc
  bMEANING
  cMEANING
  dMEANING
  bMEAN_L
  cMEAN_L
  dMEAN_L
  bMEANNGc
  cMEANNGc
  dMEANNGc
  bMEANGlc
  cMEANGlc
  dMEANGlc
  bCLASSIC
  cCLASSIC
  dCLASSIC
  bCLASSCc
  cCLASSCc
  dCLASSCc
  bAGR_VAL
  cAGR_VAL
  dAGR_VAL
  bOPN_VAL
  cOPN_VAL
  dOPN_VAL
  bAGR_VLc
  cAGR_VLc
  dAGR_VLc
  bOPNVALc
  cOPNVALc
  dOPNVALc
  aMV_pomp
  bMV_pomp
  cMV_pomp
  dMV_pomp
  aST_pomp
  bST_pomp
  cST_pomp
  dST_pomp
  aSD_pomp
  bSD_pomp
  cSD_pomp
  dSD_pomp
  agoal_eco
  bgoal_eco
  cgoal_eco
  dgoal_eco
  aAspfinc
  bAspfinc
  cAspfinc
  dAspfinc
  abfi_hp8
  bbfi_hp8
  cbfi_hp8
  dbfi_hp8
  aP_S_BFI
  aP_D_BFI
  aECgoalc
  bECgoalC
  cECgoalC
  dECgoalC
  aaspfin
  baspfin
  caspfin
  daspfin
  aasp_mn2
  basp_mn2
  casp_mn2
  dasp_mn2
  aas12mc2
  aas13mc2
  aas14mc2
  aas15mc2
  aas16mc2
  bas12mc2
  bas13mc2
  bas14mc2
  bas15mc2
  bas16mc2
  cas12mc2
  cas13mc2
  cas14mc2
  cas15mc2
  cas16mc2
  das12mc2
  das13mc2
  das14mc2
  das15mc2
  das16mc2
  aas_f_c2
  bas_f_c2
  cas_f_c2
  das_f_c2
  aI_E
  aI_A
  aI_C
  aI_N
  aI_O
  aI_S
  aI_D
  bI_E
  bI_A
  bI_C
  bI_N
  bI_O
  bI_S
  bI_D
  cI_E
  cI_A
  cI_C
  cI_N
  cI_O
  cI_S
  cI_D
  dI_E
  dI_A
  dI_C
  dI_N
  dI_O
  dI_S
  dI_D
  T1_any_I
  T2_any_I
  T3_any_I
  T4_any_I
  aI_H
  bI_H
  cI_H
  dI_H
  aMVI_POMP
  bMVI_POMP
  cMVI_POMP
  dMVI_POMP;



  USEVARIABLES =
  aI_A
  bI_A
  cI_A
  dI_A
  aUSI
  bUSI
  cUSI
  dUSI
  a1
  a2
  a3
  a4
  ;

  missing = all (-9999);

  USEOBSERVATIONS are Sample == 1; ! National Sample

  tscores = a1 a2 a3 a4;

  DEFINE:
  a1 = aAGE + 0 - 36;
  a2 = aAGE + 1 - 36;
  a3 = aAGE + 2 - 36;
  a4 = aAGE + 3 - 36;

  ANALYSIS:
  TYPE=RANDOM;
  PROCESSORS = 4;
  model=nocovariances; ! supresses default estimation of certain covs in model;

  MODEL:

  i_I_A s_I_A | aI_A bI_A cI_A dI_A AT a1 a2 a3 a4;
  i_USI s_USI | aUSI bUSI cUSI dUSI AT a1 a2 a3 a4;

  ! freeing factor covs because of "nocovariances"
  s_I_A WITH i_I_A s_USI i_USI;
  i_I_A WITH s_USI i_USI;
  s_USI WITH i_USI;

  p1 BY aI_A@1; ! Residual "factors";
  p2 BY bI_A@1;
  p3 BY cI_A@1;
  p4 BY dI_A@1;

  v1 BY aUSI@1; ! Residual "factors";
  v2 BY bUSI@1;
  v3 BY cUSI@1;
  v4 BY dUSI@1;

  !residual variances on observed/manifest vars set to 0
  aI_A@0;
  bI_A@0;
  cI_A@0;
  dI_A@0;

  !residual variances on observed/manifest vars set to 0
  aUSI@0;
  bUSI@0;
  cUSI@0;
  dUSI@0;

  ! means of observed/manifest vars set to 0
  [aI_A@0];
  [bI_A@0];
  [cI_A@0];
  [dI_A@0];

  ! means of observed/manifest vars set to 0
  [aUSI@0];
  [bUSI@0];
  [cUSI@0];
  [dUSI@0];

  [p1@0]; ! means of residual "factors" set to 0
  [p2@0];
  [p3@0];
  [p4@0];

  [v1@0]; ! means of residual "factors" set to 0
  [v2@0];
  [v3@0];
  [v4@0];

  p4 on p3 (a); ! Autoregressive paths constrained to equality
  p3 on p2 (a);
  p2 on p1 (a);

  v4 on v3 (b); ! Autoregressive paths constrained to equality
  v3 on v2 (b);
  v2 on v1 (b);

  p4 on v3 (c); ! Cross-lagged paths constrained to equality
  p3 on v2 (c);
  p2 on v1 (c);

  v4 on p3 (d); ! Cross-lagged paths constrained to equality
  v3 on p2 (d);
  v2 on p1 (d);

  p1 with v1 (e); ! Within-wave correlations constrained to equality
  p2 with v2 (e);
  p3 with v3 (e);
  p4 with v4 (e);

  p2 p3 p4 (f); ! estimate variances of residual "factors"
  v2 v3 v4 (g); ! estimate variances of residual "factors"

  OUTPUT: SAMPSTAT PATTERNS;



*** WARNING
  Variable name contains more than 8 characters.
  Only the first 8 characters will be printed in the output.
  Variable: AGOAL_ECO
*** WARNING
  Variable name contains more than 8 characters.
  Only the first 8 characters will be printed in the output.
  Variable: BGOAL_ECO
*** WARNING
  Variable name contains more than 8 characters.
  Only the first 8 characters will be printed in the output.
  Variable: CGOAL_ECO
*** WARNING
  Variable name contains more than 8 characters.
  Only the first 8 characters will be printed in the output.
  Variable: DGOAL_ECO
*** WARNING
  Variable name contains more than 8 characters.
  Only the first 8 characters will be printed in the output.
  Variable: AMVI_POMP
*** WARNING
  Variable name contains more than 8 characters.
  Only the first 8 characters will be printed in the output.
  Variable: BMVI_POMP
*** WARNING
  Variable name contains more than 8 characters.
  Only the first 8 characters will be printed in the output.
  Variable: CMVI_POMP
*** WARNING
  Variable name contains more than 8 characters.
  Only the first 8 characters will be printed in the output.
  Variable: DMVI_POMP
*** WARNING
  Data set contains cases with missing on time scores but non-missing on the
  corresponding dependent variables.  These cases were not included in the analysis.
  Number of such cases:  13
   9 WARNING(S) FOUND IN THE INPUT INSTRUCTIONS



PxVx Bivariate LCM-SR - Inf Linear I_A with Linear USI;

SUMMARY OF ANALYSIS

Number of groups                                                 1
Number of observations                                         595

Number of dependent variables                                    8
Number of independent variables                                  0
Number of continuous latent variables                           12

Observed dependent variables

  Continuous
   AI_A        BI_A        CI_A        DI_A        AUSI        BUSI
   CUSI        DUSI

Continuous latent variables
   P1          P2          P3          P4          V1          V2
   V3          V4          I_I_A       S_I_A       I_USI       S_USI

Variables with special functions

  Time scores
   A1          A2          A3          A4


Estimator                                                      MLR
Information matrix                                        OBSERVED
Maximum number of iterations                                   100
Convergence criterion                                    0.100D-05
Maximum number of EM iterations                                500
Convergence criteria for the EM algorithm
  Loglikelihood change                                   0.100D-02
  Relative loglikelihood change                          0.100D-05
  Derivative                                             0.100D-03
Minimum variance                                         0.100D-03
Maximum number of steepest descent iterations                   20
Maximum number of iterations for H1                           2000
Convergence criterion for H1                             0.100D-03
Optimization algorithm                                         EMA

Input data file(s)
  /Users/johnflournoy/code/lnt_pxvx/Data/LT_informants3.txt
Input data format  FREE


SUMMARY OF DATA

     Number of missing data patterns            49


SUMMARY OF MISSING DATA PATTERNS


     MISSING DATA PATTERNS (x = not missing)

           1  2  3  4  5  6  7  8  9 10 11 12 13 14 15 16 17 18 19 20
 AI_A      x  x  x           x     x     x        x        x  x  x
 BI_A      x              x  x  x  x  x     x  x                    x
 CI_A      x        x           x  x  x                 x        x  x
 DI_A      x           x     x  x           x  x     x  x  x
 AUSI      x  x  x  x  x  x  x  x  x  x  x  x  x  x  x  x  x  x  x  x
 BUSI      x     x  x  x  x  x  x  x  x     x  x  x  x  x  x  x  x  x
 CUSI      x     x  x     x  x  x  x  x  x  x        x  x  x     x  x
 DUSI      x     x  x  x  x  x  x  x  x  x  x  x  x  x  x  x     x

          21 22 23 24 25 26 27 28 29 30 31 32 33 34 35 36 37 38 39 40
 AI_A      x  x  x        x  x  x     x  x        x  x  x     x     x
 BI_A      x  x        x     x     x           x        x
 CI_A            x  x        x        x  x        x           x  x
 DI_A            x                    x     x        x     x        x
 AUSI      x  x  x  x  x  x  x  x  x  x  x  x  x  x  x  x  x  x  x  x
 BUSI      x  x  x  x  x     x     x        x  x        x     x
 CUSI      x     x  x     x  x     x  x  x        x     x     x  x  x
 DUSI            x              x     x  x     x     x  x  x        x

          41 42 43 44 45 46 47 48 49
 AI_A      x  x     x  x  x
 BI_A      x  x  x  x     x
 CI_A            x        x     x  x
 DI_A         x           x  x  x  x
 AUSI      x  x     x  x     x  x
 BUSI         x  x     x  x
 CUSI            x  x  x  x  x  x  x
 DUSI         x  x  x     x  x  x  x


     MISSING DATA PATTERN FREQUENCIES

    Pattern   Frequency     Pattern   Frequency     Pattern   Frequency
          1         172          18          16          35           3
          2          34          19          11          36          12
          3          25          20           5          37           2
          4          18          21           6          38           2
          5           5          22          12          39           3
          6          15          23          16          40           2
          7          17          24           4          41           1
          8          38          25           5          42           6
          9          28          26           6          43           1
         10          17          27          12          44           1
         11           7          28           8          45           4
         12          18          29           2          46           1
         13           2          30           7          47           1
         14           3          31           1          48           2
         15          15          32           1          49           1
         16          13          33           2
         17           9          34           3


COVARIANCE COVERAGE OF DATA

Minimum covariance coverage value   0.100


     PROPORTION OF DATA PRESENT


           Covariance Coverage
              AI_A          BI_A          CI_A          DI_A          AUSI
              ________      ________      ________      ________      ________
 AI_A           0.714
 BI_A           0.450         0.627
 CI_A           0.425         0.461         0.597
 DI_A           0.392         0.427         0.420         0.556
 AUSI           0.713         0.624         0.592         0.553         0.995
 BUSI           0.592         0.624         0.568         0.526         0.859
 CUSI           0.575         0.580         0.597         0.524         0.827
 DUSI           0.553         0.555         0.548         0.555         0.800


           Covariance Coverage
              BUSI          CUSI          DUSI
              ________      ________      ________
 BUSI           0.862
 CUSI           0.775         0.832
 DUSI           0.746         0.753         0.805


SAMPLE STATISTICS


     ESTIMATED SAMPLE STATISTICS


           Means
              AI_A          BI_A          CI_A          DI_A          AUSI
              ________      ________      ________      ________      ________
 1             69.748        69.600        70.480        70.290        27.897


           Means
              BUSI          CUSI          DUSI
              ________      ________      ________
 1             27.427        27.432        27.566


           Covariances
              AI_A          BI_A          CI_A          DI_A          AUSI
              ________      ________      ________      ________      ________
 AI_A         525.800
 BI_A         273.766       516.432
 CI_A         267.382       318.634       576.545
 DI_A         294.955       319.730       397.604       558.141
 AUSI         -11.953       -40.435       -30.886        -2.022       244.429
 BUSI         -12.449       -38.148       -34.890       -10.247       200.538
 CUSI         -12.371       -42.826       -51.151       -12.640       191.592
 DUSI         -10.510       -31.475       -28.332       -13.018       177.450


           Covariances
              BUSI          CUSI          DUSI
              ________      ________      ________
 BUSI         269.880
 CUSI         209.315       268.265
 DUSI         187.331       203.496       243.480


           Correlations
              AI_A          BI_A          CI_A          DI_A          AUSI
              ________      ________      ________      ________      ________
 AI_A           1.000
 BI_A           0.525         1.000
 CI_A           0.486         0.584         1.000
 DI_A           0.544         0.596         0.701         1.000
 AUSI          -0.033        -0.114        -0.082        -0.005         1.000
 BUSI          -0.033        -0.102        -0.088        -0.026         0.781
 CUSI          -0.033        -0.115        -0.130        -0.033         0.748
 DUSI          -0.029        -0.089        -0.076        -0.035         0.727


           Correlations
              BUSI          CUSI          DUSI
              ________      ________      ________
 BUSI           1.000
 CUSI           0.778         1.000
 DUSI           0.731         0.796         1.000


     MAXIMUM LOG-LIKELIHOOD VALUE FOR THE UNRESTRICTED (H1) MODEL IS -14484.472


THE MODEL ESTIMATION TERMINATED NORMALLY



MODEL FIT INFORMATION

Number of Free Parameters                       23

Loglikelihood

          H0 Value                      -14486.040
          H0 Scaling Correction Factor      1.0439
            for MLR

Information Criteria

          Akaike (AIC)                   29018.080
          Bayesian (BIC)                 29119.017
          Sample-Size Adjusted BIC       29045.999
            (n* = (n + 2) / 24)



MODEL RESULTS

                                                    Two-Tailed
                    Estimate       S.E.  Est./S.E.    P-Value

 P1       BY
    AI_A               1.000      0.000    999.000    999.000

 P2       BY
    BI_A               1.000      0.000    999.000    999.000

 P3       BY
    CI_A               1.000      0.000    999.000    999.000

 P4       BY
    DI_A               1.000      0.000    999.000    999.000

 V1       BY
    AUSI               1.000      0.000    999.000    999.000

 V2       BY
    BUSI               1.000      0.000    999.000    999.000

 V3       BY
    CUSI               1.000      0.000    999.000    999.000

 V4       BY
    DUSI               1.000      0.000    999.000    999.000

 P4         ON
    P3                 0.134      0.089      1.501      0.133
    V3                -0.099      0.105     -0.944      0.345

 P3         ON
    P2                 0.134      0.089      1.501      0.133
    V2                -0.099      0.105     -0.944      0.345

 P2         ON
    P1                 0.134      0.089      1.501      0.133
    V1                -0.099      0.105     -0.944      0.345

 V4         ON
    V3                 0.233      0.058      4.018      0.000
    P3                -0.010      0.025     -0.414      0.679

 V3         ON
    V2                 0.233      0.058      4.018      0.000
    P2                -0.010      0.025     -0.414      0.679

 V2         ON
    V1                 0.233      0.058      4.018      0.000
    P1                -0.010      0.025     -0.414      0.679

 S_I_A    WITH
    I_I_A             -0.280      1.250     -0.224      0.823
    S_USI             -0.032      0.130     -0.250      0.803
    I_USI              1.192      3.522      0.338      0.735

 I_I_A    WITH
    S_USI             -0.327      3.411     -0.096      0.924
    I_USI             -7.522     17.029     -0.442      0.659

 S_USI    WITH
    I_USI             -0.235      0.550     -0.428      0.669

 P1       WITH
    V1                -8.478      5.560     -1.525      0.127

 P2       WITH
    V2                -8.478      5.560     -1.525      0.127

 P3       WITH
    V3                -8.478      5.560     -1.525      0.127

 P4       WITH
    V4                -8.478      5.560     -1.525      0.127

 Means
    P1                 0.000      0.000    999.000    999.000
    V1                 0.000      0.000    999.000    999.000
    I_I_A             69.659      0.857     81.304      0.000
    S_I_A              0.224      0.084      2.676      0.007
    I_USI             27.993      0.596     46.977      0.000
    S_USI             -0.278      0.054     -5.112      0.000

 Intercepts
    AI_A               0.000      0.000    999.000    999.000
    BI_A               0.000      0.000    999.000    999.000
    CI_A               0.000      0.000    999.000    999.000
    DI_A               0.000      0.000    999.000    999.000
    AUSI               0.000      0.000    999.000    999.000
    BUSI               0.000      0.000    999.000    999.000
    CUSI               0.000      0.000    999.000    999.000
    DUSI               0.000      0.000    999.000    999.000
    P2                 0.000      0.000    999.000    999.000
    P3                 0.000      0.000    999.000    999.000
    P4                 0.000      0.000    999.000    999.000
    V2                 0.000      0.000    999.000    999.000
    V3                 0.000      0.000    999.000    999.000
    V4                 0.000      0.000    999.000    999.000

 Variances
    P1               280.067     30.796      9.094      0.000
    V1                62.681      6.772      9.255      0.000
    I_I_A            273.156     35.007      7.803      0.000
    S_I_A              0.106      0.246      0.430      0.667
    I_USI            166.635     14.958     11.140      0.000
    S_USI              0.084      0.105      0.799      0.424

 Residual Variances
    AI_A               0.000      0.000    999.000    999.000
    BI_A               0.000      0.000    999.000    999.000
    CI_A               0.000      0.000    999.000    999.000
    DI_A               0.000      0.000    999.000    999.000
    AUSI               0.000      0.000    999.000    999.000
    BUSI               0.000      0.000    999.000    999.000
    CUSI               0.000      0.000    999.000    999.000
    DUSI               0.000      0.000    999.000    999.000
    P2               236.696     24.254      9.759      0.000
    P3               236.696     24.254      9.759      0.000
    P4               236.696     24.254      9.759      0.000
    V2                70.508      4.747     14.854      0.000
    V3                70.508      4.747     14.854      0.000
    V4                70.508      4.747     14.854      0.000


QUALITY OF NUMERICAL RESULTS

     Condition Number for the Information Matrix              0.167E-04
       (ratio of smallest to largest eigenvalue)


     Beginning Time:  10:31:36
        Ending Time:  10:31:49
       Elapsed Time:  00:00:13



MUTHEN & MUTHEN
3463 Stoner Ave.
Los Angeles, CA  90066

Tel: (310) 391-9971
Fax: (310) 391-8971
Web: www.StatModel.com
Support: Support@StatModel.com

Copyright (c) 1998-2012 Muthen & Muthen
