Mplus VERSION 7 (Mac)
MUTHEN & MUTHEN
10/27/2017  12:04 PM

INPUT INSTRUCTIONS


  title: PxVx Bivariate LCM-SR - Nat Linear BFI_N with Linear HRZ_IND;
  data: file = /Users/johnflournoy/code/lnt_pxvx/Data/LT_227.txt;


  variable:
  names =
  subjid
  Sample
  aGENDER
  aAGE
  aethnic1
  aethnic2
  aedu_mom
  aedu_dad
  aEDUCATN
  bEDUCATN
  cEDUCATN
  aEMPLOYD
  bEMPLOYD
  cEMPLOYD
  dEMPLOYD
  aINCOME
  bINCOME
  cINCOME
  dINCOME
  aS_SCALE
  bS_SCALE
  cS_SCALE
  dS_SCALE
  aD_SCALE
  bD_SCALE
  cD_SCALE
  dD_SCALE
  aS_COMP
  bS_COMP
  cS_COMP
  dS_COMP
  aD_COMP
  bD_COMP
  cD_COMP
  dD_COMP
  aBFI_A
  aBFI_A6
  aBFI_C
  aBFI_E
  aBFI_HP
  aBFI_N
  aBFI_O
  bBFI_A
  bBFI_A6
  bBFI_C
  bBFI_E
  bBFI_HP
  bBFI_N
  bBFI_O
  cBFI_A
  cBFI_A6
  cBFI_C
  cBFI_E
  cBFI_HP
  cBFI_N
  cBFI_O
  dBFI_A
  dBFI_A6
  dBFI_C
  dBFI_E
  dBFI_HP
  dBFI_N
  dBFI_O
  aBFA_AC
  aBFA_AP
  aBFA_CI
  aBFA_CO
  aBFA_EA
  aBFA_EE
  aBFA_N9
  aBFA_NV
  aBFA_NW
  aBFA_OI
  aBFA_OO
  aBFA_PS
  aBFA_MT
  bBFA_AC
  bBFA_AP
  bBFA_CI
  bBFA_CO
  bBFA_EA
  bBFA_EE
  bBFA_N9
  bBFA_NV
  bBFA_NW
  bBFA_OI
  bBFA_OO
  bBFA_MT
  bBFA_PS
  cBFA_AC
  cBFA_AP
  cBFA_CI
  cBFA_CO
  cBFA_EA
  cBFA_EE
  cBFA_N9
  cBFA_NV
  cBFA_NW
  cBFA_OI
  cBFA_OO
  cBFA_MT
  cBFA_PS
  dBFA_AC
  dBFA_AP
  dBFA_CI
  dBFA_CO
  dBFA_EA
  dBFA_EE
  dBFA_N9
  dBFA_NV
  dBFA_NW
  dBFA_OI
  dBFA_OO
  dBFA_MT
  dBFA_PS
  aUSI
  bUSI
  cUSI
  dUSI
  aHRZ_IND
  bHRZ_IND
  cHRZ_IND
  dHRZ_IND
  aVRT_IND
  bVRT_IND
  cVRT_IND
  dVRT_IND
  aHRZ_COL
  bHRZ_COL
  cHRZ_COL
  dHRZ_COL
  aVRT_COL
  bVRT_COL
  cVRT_COL
  dVRT_COL
  aCOLLCTV
  bCOLLCTV
  cCOLLCTV
  dCOLLCTV
  aMVS
  bMVS
  cMVS
  dMVS
  aST
  bST
  cST
  dST
  aSD
  bSD
  cSD
  dSD
  aMVS_mc
  bMVS_mc
  cMVS_mc
  dMVS_mc
  aST_mc
  bST_mc
  cST_mc
  dST_mc
  aSD_mc
  bSD_mc
  cSD_mc
  dSD_mc
  bMEANING
  cMEANING
  dMEANING
  bMEAN_L
  cMEAN_L
  dMEAN_L
  bMEANNGc
  cMEANNGc
  dMEANNGc
  bMEANGlc
  cMEANGlc
  dMEANGlc
  bCLASSIC
  cCLASSIC
  dCLASSIC
  bCLASSCc
  cCLASSCc
  dCLASSCc
  bAGR_VAL
  cAGR_VAL
  dAGR_VAL
  bOPN_VAL
  cOPN_VAL
  dOPN_VAL
  bAGR_VLc
  cAGR_VLc
  dAGR_VLc
  bOPNVALc
  cOPNVALc
  dOPNVALc
  aMV_pomp
  bMV_pomp
  cMV_pomp
  dMV_pomp
  aST_pomp
  bST_pomp
  cST_pomp
  dST_pomp
  aSD_pomp
  bSD_pomp
  cSD_pomp
  dSD_pomp
  agoal_ec
  bgoal_ec
  cgoal_ec
  dgoal_ec
  aAspfinc
  bAspfinc
  cAspfinc
  dAspfinc
  abfi_hp8
  bbfi_hp8
  cbfi_hp8
  dbfi_hp8
  aP_S_BFI
  aP_D_BFI
  aECgoalc
  bECgoalC
  cECgoalC
  dECgoalC
  aaspfin
  baspfin
  caspfin
  daspfin
  aMVI_POMP
  bMVI_POMP
  cMVI_POMP
  dMVI_POMP;


  USEVARIABLES =
  aBFI_N
  bBFI_N
  cBFI_N
  dBFI_N
  aHRZ_IND
  bHRZ_IND
  cHRZ_IND
  dHRZ_IND
  a1
  a2
  a3
  a4
  ;

  missing = all (-9999);

  USEOBSERVATIONS are Sample == 1; ! National Sample

  tscores = a1 a2 a3 a4;

  DEFINE:
  a1 = aAGE + 0 - 36;
  a2 = aAGE + 1 - 36;
  a3 = aAGE + 2 - 36;
  a4 = aAGE + 3 - 36;

  ANALYSIS:
  TYPE=RANDOM;
  PROCESSORS = 4;
  model=nocovariances; ! supresses default estimation of certain covs in model;

  MODEL:

  i_BFI_N s_BFI_N | aBFI_N bBFI_N cBFI_N dBFI_N AT a1 a2 a3 a4;
  i_HRZ_IND s_HRZ_IND | aHRZ_IND bHRZ_IND cHRZ_IND dHRZ_IND AT a1 a2 a3 a4;

  ! freeing factor covs because of "nocovariances"
  s_BFI_N WITH i_BFI_N s_HRZ_IND i_HRZ_IND;
  i_BFI_N WITH s_HRZ_IND i_HRZ_IND;
  s_HRZ_IND WITH i_HRZ_IND;

  p1 BY aBFI_N@1; ! Residual "factors";
  p2 BY bBFI_N@1;
  p3 BY cBFI_N@1;
  p4 BY dBFI_N@1;

  v1 BY aHRZ_IND@1; ! Residual "factors";
  v2 BY bHRZ_IND@1;
  v3 BY cHRZ_IND@1;
  v4 BY dHRZ_IND@1;

  !residual variances on observed/manifest vars set to 0
  aBFI_N@0;
  bBFI_N@0;
  cBFI_N@0;
  dBFI_N@0;

  !residual variances on observed/manifest vars set to 0
  aHRZ_IND@0;
  bHRZ_IND@0;
  cHRZ_IND@0;
  dHRZ_IND@0;

  ! means of observed/manifest vars set to 0
  [aBFI_N@0];
  [bBFI_N@0];
  [cBFI_N@0];
  [dBFI_N@0];

  ! means of observed/manifest vars set to 0
  [aHRZ_IND@0];
  [bHRZ_IND@0];
  [cHRZ_IND@0];
  [dHRZ_IND@0];

  [p1@0]; ! means of residual "factors" set to 0
  [p2@0];
  [p3@0];
  [p4@0];

  [v1@0]; ! means of residual "factors" set to 0
  [v2@0];
  [v3@0];
  [v4@0];

  p4 on p3 (a); ! Autoregressive paths constrained to equality
  p3 on p2 (a);
  p2 on p1 (a);

  v4 on v3 (b); ! Autoregressive paths constrained to equality
  v3 on v2 (b);
  v2 on v1 (b);

  p4 on v3 (c); ! Cross-lagged paths constrained to equality
  p3 on v2 (c);
  p2 on v1 (c);

  v4 on p3 (d); ! Cross-lagged paths constrained to equality
  v3 on p2 (d);
  v2 on p1 (d);

  p1 with v1 (e); ! Within-wave correlations constrained to equality
  p2 with v2 (e);
  p3 with v3 (e);
  p4 with v4 (e);

  p2 p3 p4 (f); ! estimate variances of residual "factors"
  v2 v3 v4 (g); ! estimate variances of residual "factors"

  OUTPUT: SAMPSTAT PATTERNS;



*** WARNING
  Variable name contains more than 8 characters.
  Only the first 8 characters will be printed in the output.
  Variable: AMVI_POMP
*** WARNING
  Variable name contains more than 8 characters.
  Only the first 8 characters will be printed in the output.
  Variable: BMVI_POMP
*** WARNING
  Variable name contains more than 8 characters.
  Only the first 8 characters will be printed in the output.
  Variable: CMVI_POMP
*** WARNING
  Variable name contains more than 8 characters.
  Only the first 8 characters will be printed in the output.
  Variable: DMVI_POMP
*** WARNING
  Variable name contains more than 8 characters.
  Only the first 8 characters will be printed in the output.
  Variable: I_HRZ_IND
*** WARNING
  Variable name contains more than 8 characters.
  Only the first 8 characters will be printed in the output.
  Variable: S_HRZ_IND
*** WARNING
  Data set contains cases with missing on time scores but non-missing on the
  corresponding dependent variables.  These cases were not included in the analysis.
  Number of such cases:  16
   7 WARNING(S) FOUND IN THE INPUT INSTRUCTIONS



PxVx Bivariate LCM-SR - Nat Linear BFI_N with Linear HRZ_IND;

SUMMARY OF ANALYSIS

Number of groups                                                 1
Number of observations                                         863

Number of dependent variables                                    8
Number of independent variables                                  0
Number of continuous latent variables                           12

Observed dependent variables

  Continuous
   ABFI_N      BBFI_N      CBFI_N      DBFI_N      AHRZ_IND    BHRZ_IND
   CHRZ_IND    DHRZ_IND

Continuous latent variables
   P1          P2          P3          P4          V1          V2
   V3          V4          I_BFI_N     S_BFI_N     I_HRZ_IN    S_HRZ_IN

Variables with special functions

  Time scores
   A1          A2          A3          A4


Estimator                                                      MLR
Information matrix                                        OBSERVED
Maximum number of iterations                                   100
Convergence criterion                                    0.100D-05
Maximum number of EM iterations                                500
Convergence criteria for the EM algorithm
  Loglikelihood change                                   0.100D-02
  Relative loglikelihood change                          0.100D-05
  Derivative                                             0.100D-03
Minimum variance                                         0.100D-03
Maximum number of steepest descent iterations                   20
Maximum number of iterations for H1                           2000
Convergence criterion for H1                             0.100D-03
Optimization algorithm                                         EMA

Input data file(s)
  /Users/johnflournoy/code/lnt_pxvx/Data/LT_227.txt
Input data format  FREE


SUMMARY OF DATA

     Number of missing data patterns            22


SUMMARY OF MISSING DATA PATTERNS


     MISSING DATA PATTERNS (x = not missing)

           1  2  3  4  5  6  7  8  9 10 11 12 13 14 15 16 17 18 19 20
 ABFI_N    x  x  x  x  x  x  x  x  x  x  x  x  x        x  x  x  x  x
 BBFI_N    x     x  x     x     x     x  x  x  x     x     x     x
 CBFI_N    x           x  x     x  x     x  x  x     x        x  x  x
 DBFI_N    x     x     x  x  x           x     x  x  x     x        x
 AHRZ_IND  x  x  x  x  x  x  x  x  x  x  x  x  x  x        x  x  x  x
 BHRZ_IND  x     x  x     x     x        x  x        x           x
 CHRZ_IND  x           x        x  x     x     x     x           x  x
 DHRZ_IND  x     x     x  x  x                 x  x  x     x     x

          21 22
 ABFI_N    x
 BBFI_N
 CBFI_N       x
 DBFI_N    x  x
 AHRZ_IND  x
 BHRZ_IND
 CHRZ_IND     x
 DHRZ_IND     x


     MISSING DATA PATTERN FREQUENCIES

    Pattern   Frequency     Pattern   Frequency     Pattern   Frequency
          1         489           9          20          17           1
          2         168          10           4          18           1
          3          26          11           1          19           1
          4          48          12           1          20           2
          5          21          13           3          21           2
          6           2          14           1          22           1
          7          23          15           3
          8          44          16           1


COVARIANCE COVERAGE OF DATA

Minimum covariance coverage value   0.100


     PROPORTION OF DATA PRESENT


           Covariance Coverage
              ABFI_N        BBFI_N        CBFI_N        DBFI_N        AHRZ_IND
              ________      ________      ________      ________      ________
 ABFI_N         0.994
 BBFI_N         0.718         0.722
 CBFI_N         0.678         0.630         0.683
 DBFI_N         0.660         0.608         0.605         0.666
 AHRZ_IND       0.993         0.718         0.678         0.662         0.994
 BHRZ_IND       0.709         0.713         0.627         0.604         0.709
 CHRZ_IND       0.673         0.627         0.678         0.603         0.673
 DHRZ_IND       0.656         0.608         0.603         0.660         0.657


           Covariance Coverage
              BHRZ_IND      CHRZ_IND      DHRZ_IND
              ________      ________      ________
 BHRZ_IND       0.713
 CHRZ_IND       0.623         0.678
 DHRZ_IND       0.604         0.600         0.662


SAMPLE STATISTICS


     ESTIMATED SAMPLE STATISTICS


           Means
              ABFI_N        BBFI_N        CBFI_N        DBFI_N        AHRZ_IND
              ________      ________      ________      ________      ________
 1             49.637        49.105        48.109        47.914        74.482


           Means
              BHRZ_IND      CHRZ_IND      DHRZ_IND
              ________      ________      ________
 1             74.627        74.477        73.737


           Covariances
              ABFI_N        BBFI_N        CBFI_N        DBFI_N        AHRZ_IND
              ________      ________      ________      ________      ________
 ABFI_N       460.025
 BBFI_N       361.394       453.427
 CBFI_N       357.773       378.195       453.759
 DBFI_N       372.701       389.419       406.789       500.828
 AHRZ_IND      -7.871         1.128        14.028         7.952       250.884
 BHRZ_IND     -23.246       -17.618        -9.154       -13.162       140.842
 CHRZ_IND      -8.991       -10.875        -9.457       -16.871       130.538
 DHRZ_IND      -4.547         0.102         4.541        -3.854       131.184


           Covariances
              BHRZ_IND      CHRZ_IND      DHRZ_IND
              ________      ________      ________
 BHRZ_IND     248.249
 CHRZ_IND     136.741       241.938
 DHRZ_IND     150.429       153.421       245.833


           Correlations
              ABFI_N        BBFI_N        CBFI_N        DBFI_N        AHRZ_IND
              ________      ________      ________      ________      ________
 ABFI_N         1.000
 BBFI_N         0.791         1.000
 CBFI_N         0.783         0.834         1.000
 DBFI_N         0.776         0.817         0.853         1.000
 AHRZ_IND      -0.023         0.003         0.042         0.022         1.000
 BHRZ_IND      -0.069        -0.053        -0.027        -0.037         0.564
 CHRZ_IND      -0.027        -0.033        -0.029        -0.048         0.530
 DHRZ_IND      -0.014         0.000         0.014        -0.011         0.528


           Correlations
              BHRZ_IND      CHRZ_IND      DHRZ_IND
              ________      ________      ________
 BHRZ_IND       1.000
 CHRZ_IND       0.558         1.000
 DHRZ_IND       0.609         0.629         1.000


     MAXIMUM LOG-LIKELIHOOD VALUE FOR THE UNRESTRICTED (H1) MODEL IS -21290.765


THE MODEL ESTIMATION TERMINATED NORMALLY



MODEL FIT INFORMATION

Number of Free Parameters                       23

Loglikelihood

          H0 Value                      -21302.686
          H0 Scaling Correction Factor      1.1565
            for MLR

Information Criteria

          Akaike (AIC)                   42651.372
          Bayesian (BIC)                 42760.862
          Sample-Size Adjusted BIC       42687.820
            (n* = (n + 2) / 24)



MODEL RESULTS

                                                    Two-Tailed
                    Estimate       S.E.  Est./S.E.    P-Value

 P1       BY
    ABFI_N             1.000      0.000    999.000    999.000

 P2       BY
    BBFI_N             1.000      0.000    999.000    999.000

 P3       BY
    CBFI_N             1.000      0.000    999.000    999.000

 P4       BY
    DBFI_N             1.000      0.000    999.000    999.000

 V1       BY
    AHRZ_IND           1.000      0.000    999.000    999.000

 V2       BY
    BHRZ_IND           1.000      0.000    999.000    999.000

 V3       BY
    CHRZ_IND           1.000      0.000    999.000    999.000

 V4       BY
    DHRZ_IND           1.000      0.000    999.000    999.000

 P4         ON
    P3                 0.113      0.048      2.340      0.019
    V3                -0.052      0.032     -1.624      0.104

 P3         ON
    P2                 0.113      0.048      2.340      0.019
    V2                -0.052      0.032     -1.624      0.104

 P2         ON
    P1                 0.113      0.048      2.340      0.019
    V1                -0.052      0.032     -1.624      0.104

 V4         ON
    V3                 0.046      0.050      0.920      0.358
    P3                -0.051      0.037     -1.398      0.162

 V3         ON
    V2                 0.046      0.050      0.920      0.358
    P2                -0.051      0.037     -1.398      0.162

 V2         ON
    V1                 0.046      0.050      0.920      0.358
    P1                -0.051      0.037     -1.398      0.162

 S_BFI_N  WITH
    I_BFI_N           -1.243      0.892     -1.393      0.164
    S_HRZ_IND         -0.016      0.099     -0.157      0.876
    I_HRZ_IND          1.252      2.180      0.574      0.566

 I_BFI_N  WITH
    S_HRZ_IND         -0.212      2.223     -0.095      0.924
    I_HRZ_IND         -3.074     13.830     -0.222      0.824

 S_HRZ_IN WITH
    I_HRZ_IND          0.019      0.489      0.039      0.969

 P1       WITH
    V1                -7.170      3.131     -2.290      0.022

 P2       WITH
    V2                -7.170      3.131     -2.290      0.022

 P3       WITH
    V3                -7.170      3.131     -2.290      0.022

 P4       WITH
    V4                -7.170      3.131     -2.290      0.022

 Means
    P1                 0.000      0.000    999.000    999.000
    V1                 0.000      0.000    999.000    999.000
    I_BFI_N           49.177      0.695     70.768      0.000
    S_BFI_N           -0.276      0.062     -4.439      0.000
    I_HRZ_IND         74.471      0.464    160.549      0.000
    S_HRZ_IND         -0.094      0.042     -2.220      0.026

 Intercepts
    ABFI_N             0.000      0.000    999.000    999.000
    BBFI_N             0.000      0.000    999.000    999.000
    CBFI_N             0.000      0.000    999.000    999.000
    DBFI_N             0.000      0.000    999.000    999.000
    AHRZ_IND           0.000      0.000    999.000    999.000
    BHRZ_IND           0.000      0.000    999.000    999.000
    CHRZ_IND           0.000      0.000    999.000    999.000
    DHRZ_IND           0.000      0.000    999.000    999.000
    P2                 0.000      0.000    999.000    999.000
    P3                 0.000      0.000    999.000    999.000
    P4                 0.000      0.000    999.000    999.000
    V2                 0.000      0.000    999.000    999.000
    V3                 0.000      0.000    999.000    999.000
    V4                 0.000      0.000    999.000    999.000

 Variances
    P1               120.144     11.103     10.821      0.000
    V1               122.382     11.047     11.078      0.000
    I_BFI_N          344.909     23.333     14.782      0.000
    S_BFI_N            0.169      0.158      1.074      0.283
    I_HRZ_IND        133.180     11.957     11.138      0.000
    S_HRZ_IND          0.028      0.093      0.304      0.761

 Residual Variances
    ABFI_N             0.000      0.000    999.000    999.000
    BBFI_N             0.000      0.000    999.000    999.000
    CBFI_N             0.000      0.000    999.000    999.000
    DBFI_N             0.000      0.000    999.000    999.000
    AHRZ_IND           0.000      0.000    999.000    999.000
    BHRZ_IND           0.000      0.000    999.000    999.000
    CHRZ_IND           0.000      0.000    999.000    999.000
    DHRZ_IND           0.000      0.000    999.000    999.000
    P2                85.587      5.781     14.805      0.000
    P3                85.587      5.781     14.805      0.000
    P4                85.587      5.781     14.805      0.000
    V2               104.153      6.734     15.466      0.000
    V3               104.153      6.734     15.466      0.000
    V4               104.153      6.734     15.466      0.000


QUALITY OF NUMERICAL RESULTS

     Condition Number for the Information Matrix              0.221E-05
       (ratio of smallest to largest eigenvalue)


     Beginning Time:  12:04:27
        Ending Time:  12:04:41
       Elapsed Time:  00:00:14



MUTHEN & MUTHEN
3463 Stoner Ave.
Los Angeles, CA  90066

Tel: (310) 391-9971
Fax: (310) 391-8971
Web: www.StatModel.com
Support: Support@StatModel.com

Copyright (c) 1998-2012 Muthen & Muthen
