Mplus VERSION 8 (Linux)
MUTHEN & MUTHEN
06/07/2018   4:47 PM

INPUT INSTRUCTIONS


  title: PxVx Univariate LCM-SR - wavetime - bfa_mt;
  data: file = /home/jflournoy/code_new/lnt_pxvx/Data/lnt_nat_recalc.tsv;

  variable:
  names =
  subjid
  aage
  aaspfin
  aaspfin_d
  abfa_mt
  abfa_mt_d
  abfas_ac
  abfas_ap
  abfas_ci
  abfas_co
  abfas_ea
  abfas_ee
  abfas_nv
  abfas_nv9
  abfas_nw
  abfas_oi
  abfas_oo
  abfi_a
  abfi_a6
  abfi_c
  abfi_d_scale
  abfi_e
  abfi_hp8
  abfi_n
  abfi_o
  abfi_s_scale
  ahrz_col
  ahrz_col_d
  ahrz_ind
  ahrz_ind_d
  amvi
  ausi
  ausi_d
  avrt_col
  avrt_col_d
  avrt_ind
  avrt_ind_d
  bage
  baspfin
  baspfin_d
  bbfa_mt
  bbfa_mt_d
  bbfas_ac
  bbfas_ap
  bbfas_ci
  bbfas_co
  bbfas_ea
  bbfas_ee
  bbfas_nv
  bbfas_nv9
  bbfas_nw
  bbfas_oi
  bbfas_oo
  bbfi_a
  bbfi_a6
  bbfi_c
  bbfi_d_scale
  bbfi_e
  bbfi_hp8
  bbfi_n
  bbfi_o
  bbfi_s_scale
  bhrz_col
  bhrz_col_d
  bhrz_ind
  bhrz_ind_d
  bmvi
  busi
  busi_d
  bvrt_col
  bvrt_col_d
  bvrt_ind
  bvrt_ind_d
  cage
  caspfin
  caspfin_d
  cbfa_mt
  cbfa_mt_d
  cbfas_ac
  cbfas_ap
  cbfas_ci
  cbfas_co
  cbfas_ea
  cbfas_ee
  cbfas_nv
  cbfas_nv9
  cbfas_nw
  cbfas_oi
  cbfas_oo
  cbfi_a
  cbfi_a6
  cbfi_c
  cbfi_d_scale
  cbfi_e
  cbfi_hp8
  cbfi_n
  cbfi_o
  cbfi_s_scale
  chrz_col
  chrz_col_d
  chrz_ind
  chrz_ind_d
  cmvi
  cusi
  cusi_d
  cvrt_col
  cvrt_col_d
  cvrt_ind
  cvrt_ind_d
  dage
  daspfin
  daspfin_d
  dbfa_mt
  dbfa_mt_d
  dbfas_ac
  dbfas_ap
  dbfas_ci
  dbfas_co
  dbfas_ea
  dbfas_ee
  dbfas_nv
  dbfas_nv9
  dbfas_nw
  dbfas_oi
  dbfas_oo
  dbfi_a
  dbfi_a6
  dbfi_c
  dbfi_d_scale
  dbfi_e
  dbfi_hp8
  dbfi_n
  dbfi_o
  dbfi_s_scale
  dhrz_col
  dhrz_col_d
  dhrz_ind
  dhrz_ind_d
  dmvi
  dusi
  dusi_d
  dvrt_col
  dvrt_col_d
  dvrt_ind
  dvrt_ind_d;

  USEVARIABLES =
  abfa_mt
  bbfa_mt
  cbfa_mt
  dbfa_mt
  ;

  missing = all (-9999);

  ANALYSIS:
  TYPE=RANDOM;
  PROCESSORS = 4;
  model=nocovariances; ! supresses default estimation of certain covs in model;

  MODEL:

  i_bfa_mt s_bfa_mt |  abfa_mt@0 bbfa_mt@1 cbfa_mt@2 dbfa_mt@3;

  s_bfa_mt WITH i_bfa_mt; ! freeing factor covs because of "nocovariances";

  p1 BY abfa_mt@1; ! Residual "factors";
  p2 BY bbfa_mt@1;
  p3 BY cbfa_mt@1;
  p4 BY dbfa_mt@1;

  !residual variances on observed/manifest vars set to 0
  abfa_mt@0;
  bbfa_mt@0;
  cbfa_mt@0;
  dbfa_mt@0;

  ! means of observed/manifest vars set to 0
  [abfa_mt@0];
  [bbfa_mt@0];
  [cbfa_mt@0];
  [dbfa_mt@0];

  p2 p3 p4 (c); ! estimate variances of residual "factors"

  [p1@0]; ! means of residual "factors" set to 0
  [p2@0];
  [p3@0];
  [p4@0];

  p4 on p3 (a); ! Autoregressive paths constrained to equality
  p3 on p2 (a);
  p2 on p1 (a);


  OUTPUT: SAMPSTAT PATTERNS;



INPUT READING TERMINATED NORMALLY



PxVx Univariate LCM-SR - wavetime - bfa_mt;

SUMMARY OF ANALYSIS

Number of groups                                                 1
Number of observations                                         869

Number of dependent variables                                    4
Number of independent variables                                  0
Number of continuous latent variables                            6

Observed dependent variables

  Continuous
   ABFA_MT     BBFA_MT     CBFA_MT     DBFA_MT

Continuous latent variables
   P1          P2          P3          P4          I_BFA_MT    S_BFA_MT


Estimator                                                      MLR
Information matrix                                        OBSERVED
Maximum number of iterations                                   100
Convergence criterion                                    0.100D-05
Maximum number of EM iterations                                500
Convergence criteria for the EM algorithm
  Loglikelihood change                                   0.100D-02
  Relative loglikelihood change                          0.100D-05
  Derivative                                             0.100D-03
Minimum variance                                         0.100D-03
Maximum number of steepest descent iterations                   20
Maximum number of iterations for H1                           2000
Convergence criterion for H1                             0.100D-03
Optimization algorithm                                         EMA

Input data file(s)
  /home/jflournoy/code_new/lnt_pxvx/Data/lnt_nat_recalc.tsv
Input data format  FREE


SUMMARY OF DATA

     Number of missing data patterns            10


SUMMARY OF MISSING DATA PATTERNS


     MISSING DATA PATTERNS (x = not missing)

           1  2  3  4  5  6  7  8  9 10
 ABFA_MT   x  x  x  x  x  x  x  x
 BBFA_MT   x     x  x        x     x
 CBFA_MT   x           x     x  x  x  x
 DBFA_MT   x     x     x  x        x  x


     MISSING DATA PATTERN FREQUENCIES

    Pattern   Frequency     Pattern   Frequency     Pattern   Frequency
          1         493           5          23           9           5
          2         170           6          25          10           1
          3          27           7          48
          4          53           8          24


COVARIANCE COVERAGE OF DATA

Minimum covariance coverage value   0.100


     PROPORTION OF DATA PRESENT


           Covariance Coverage
              ABFA_MT       BBFA_MT       CBFA_MT       DBFA_MT
              ________      ________      ________      ________
 ABFA_MT        0.993
 BBFA_MT        0.715         0.720
 CBFA_MT        0.677         0.628         0.684
 DBFA_MT        0.654         0.604         0.601         0.661


SAMPLE STATISTICS


     ESTIMATED SAMPLE STATISTICS


           Means
              ABFA_MT       BBFA_MT       CBFA_MT       DBFA_MT
              ________      ________      ________      ________
               39.803        39.841        39.720        39.703


           Covariances
              ABFA_MT       BBFA_MT       CBFA_MT       DBFA_MT
              ________      ________      ________      ________
 ABFA_MT      404.560
 BBFA_MT      302.595       399.380
 CBFA_MT      297.089       325.359       421.355
 DBFA_MT      281.801       304.392       325.665       407.609


           Correlations
              ABFA_MT       BBFA_MT       CBFA_MT       DBFA_MT
              ________      ________      ________      ________
 ABFA_MT        1.000
 BBFA_MT        0.753         1.000
 CBFA_MT        0.720         0.793         1.000
 DBFA_MT        0.694         0.754         0.786         1.000


     MAXIMUM LOG-LIKELIHOOD VALUE FOR THE UNRESTRICTED (H1) MODEL IS -10868.271


UNIVARIATE SAMPLE STATISTICS


     UNIVARIATE HIGHER-ORDER MOMENT DESCRIPTIVE STATISTICS

         Variable/         Mean/     Skewness/   Minimum/ % with                Percentiles
        Sample Size      Variance    Kurtosis    Maximum  Min/Max      20%/60%    40%/80%    Median

     ABFA_MT              39.761       0.272       0.000    1.74%      20.833     33.333     37.500
             863.000     403.676      -0.330     100.000    0.12%      45.833     58.333
     BBFA_MT              39.775       0.294       0.000    1.92%      20.833     33.333     37.500
             626.000     398.617      -0.305     100.000    0.16%      45.833     58.333
     CBFA_MT              39.942       0.272       0.000    2.53%      20.833     33.333     37.500
             594.000     421.493      -0.367     100.000    0.34%      45.833     58.333
     DBFA_MT              40.081       0.302       0.000    2.26%      20.833     33.333     38.750
             574.000     413.432      -0.252     100.000    0.52%      45.833     58.333


THE MODEL ESTIMATION TERMINATED NORMALLY



MODEL FIT INFORMATION

Number of Free Parameters                        8

Loglikelihood

          H0 Value                      -10870.171
          H0 Scaling Correction Factor      1.2347
            for MLR
          H1 Value                      -10868.271
          H1 Scaling Correction Factor      1.1550
            for MLR

Information Criteria

          Akaike (AIC)                   21756.342
          Bayesian (BIC)                 21794.481
          Sample-Size Adjusted BIC       21769.075
            (n* = (n + 2) / 24)

Chi-Square Test of Model Fit

          Value                              3.625*
          Degrees of Freedom                     6
          P-Value                           0.7273
          Scaling Correction Factor         1.0486
            for MLR

*   The chi-square value for MLM, MLMV, MLR, ULSMV, WLSM and WLSMV cannot be used
    for chi-square difference testing in the regular way.  MLM, MLR and WLSM
    chi-square difference testing is described on the Mplus website.  MLMV, WLSMV,
    and ULSMV difference testing is done using the DIFFTEST option.

RMSEA (Root Mean Square Error Of Approximation)

          Estimate                           0.000

CFI/TLI

          CFI                                1.000
          TLI                                1.002

Chi-Square Test of Model Fit for the Baseline Model

          Value                           1213.299
          Degrees of Freedom                     6
          P-Value                           0.0000

SRMR (Standardized Root Mean Square Residual)

          Value                              0.006



MODEL RESULTS

                                                    Two-Tailed
                    Estimate       S.E.  Est./S.E.    P-Value

 I_BFA_MT |
    ABFA_MT            1.000      0.000    999.000    999.000
    BBFA_MT            1.000      0.000    999.000    999.000
    CBFA_MT            1.000      0.000    999.000    999.000
    DBFA_MT            1.000      0.000    999.000    999.000

 S_BFA_MT |
    ABFA_MT            0.000      0.000    999.000    999.000
    BBFA_MT            1.000      0.000    999.000    999.000
    CBFA_MT            2.000      0.000    999.000    999.000
    DBFA_MT            3.000      0.000    999.000    999.000

 P1       BY
    ABFA_MT            1.000      0.000    999.000    999.000

 P2       BY
    BBFA_MT            1.000      0.000    999.000    999.000

 P3       BY
    CBFA_MT            1.000      0.000    999.000    999.000

 P4       BY
    DBFA_MT            1.000      0.000    999.000    999.000

 P4         ON
    P3                 0.125      0.085      1.466      0.143

 P3         ON
    P2                 0.125      0.085      1.466      0.143

 P2         ON
    P1                 0.125      0.085      1.466      0.143

 S_BFA_MT WITH
    I_BFA_MT           2.795      7.892      0.354      0.723

 Means
    P1                 0.000      0.000    999.000    999.000
    I_BFA_MT          39.826      0.668     59.596      0.000
    S_BFA_MT          -0.042      0.203     -0.206      0.837

 Intercepts
    ABFA_MT            0.000      0.000    999.000    999.000
    BBFA_MT            0.000      0.000    999.000    999.000
    CBFA_MT            0.000      0.000    999.000    999.000
    DBFA_MT            0.000      0.000    999.000    999.000
    P2                 0.000      0.000    999.000    999.000
    P3                 0.000      0.000    999.000    999.000
    P4                 0.000      0.000    999.000    999.000

 Variances
    P1               127.521     21.012      6.069      0.000
    I_BFA_MT         284.940     25.891     11.006      0.000
    S_BFA_MT           2.143      4.085      0.524      0.600

 Residual Variances
    ABFA_MT            0.000      0.000    999.000    999.000
    BBFA_MT            0.000      0.000    999.000    999.000
    CBFA_MT            0.000      0.000    999.000    999.000
    DBFA_MT            0.000      0.000    999.000    999.000
    P2                96.995     10.334      9.386      0.000
    P3                96.995     10.334      9.386      0.000
    P4                96.995     10.334      9.386      0.000


QUALITY OF NUMERICAL RESULTS

     Condition Number for the Information Matrix              0.302E-04
       (ratio of smallest to largest eigenvalue)


     Beginning Time:  16:47:41
        Ending Time:  16:47:41
       Elapsed Time:  00:00:00



MUTHEN & MUTHEN
3463 Stoner Ave.
Los Angeles, CA  90066

Tel: (310) 391-9971
Fax: (310) 391-8971
Web: www.StatModel.com
Support: Support@StatModel.com

Copyright (c) 1998-2017 Muthen & Muthen
