Mplus VERSION 6.12
MUTHEN & MUTHEN
03/09/2016   8:35 PM

INPUT INSTRUCTIONS


  title: PxVx Univariate - Nat Lin D_SCALE with Lin HRZ_COL;
  data: file = E:\Projects\lnt_pxvx\Data\LT_227.txt;


  variable:
  names =
  subjid
  Sample
  aGENDER
  aAGE
  aethnic1
  aethnic2
  aedu_mom
  aedu_dad
  aEDUCATN
  bEDUCATN
  cEDUCATN
  aEMPLOYD
  bEMPLOYD
  cEMPLOYD
  dEMPLOYD
  aINCOME
  bINCOME
  cINCOME
  dINCOME
  aS_SCALE
  bS_SCALE
  cS_SCALE
  dS_SCALE
  aD_SCALE
  bD_SCALE
  cD_SCALE
  dD_SCALE
  aS_COMP
  bS_COMP
  cS_COMP
  dS_COMP
  aD_COMP
  bD_COMP
  cD_COMP
  dD_COMP
  aBFI_A
  aBFI_A6
  aBFI_C
  aBFI_E
  aBFI_HP
  aBFI_N
  aBFI_O
  bBFI_A
  bBFI_A6
  bBFI_C
  bBFI_E
  bBFI_HP
  bBFI_N
  bBFI_O
  cBFI_A
  cBFI_A6
  cBFI_C
  cBFI_E
  cBFI_HP
  cBFI_N
  cBFI_O
  dBFI_A
  dBFI_A6
  dBFI_C
  dBFI_E
  dBFI_HP
  dBFI_N
  dBFI_O
  aBFA_AC
  aBFA_AP
  aBFA_CI
  aBFA_CO
  aBFA_EA
  aBFA_EE
  aBFA_N9
  aBFA_NV
  aBFA_NW
  aBFA_OI
  aBFA_OO
  aBFA_PS
  aBFA_MT
  bBFA_AC
  bBFA_AP
  bBFA_CI
  bBFA_CO
  bBFA_EA
  bBFA_EE
  bBFA_N9
  bBFA_NV
  bBFA_NW
  bBFA_OI
  bBFA_OO
  bBFA_MT
  bBFA_PS
  cBFA_AC
  cBFA_AP
  cBFA_CI
  cBFA_CO
  cBFA_EA
  cBFA_EE
  cBFA_N9
  cBFA_NV
  cBFA_NW
  cBFA_OI
  cBFA_OO
  cBFA_MT
  cBFA_PS
  dBFA_AC
  dBFA_AP
  dBFA_CI
  dBFA_CO
  dBFA_EA
  dBFA_EE
  dBFA_N9
  dBFA_NV
  dBFA_NW
  dBFA_OI
  dBFA_OO
  dBFA_MT
  dBFA_PS
  aUSI
  bUSI
  cUSI
  dUSI
  aHRZ_IND
  bHRZ_IND
  cHRZ_IND
  dHRZ_IND
  aVRT_IND
  bVRT_IND
  cVRT_IND
  dVRT_IND
  aHRZ_COL
  bHRZ_COL
  cHRZ_COL
  dHRZ_COL
  aVRT_COL
  bVRT_COL
  cVRT_COL
  dVRT_COL
  aCOLLCTV
  bCOLLCTV
  cCOLLCTV
  dCOLLCTV
  aMVS
  bMVS
  cMVS
  dMVS
  aST
  bST
  cST
  dST
  aSD
  bSD
  cSD
  dSD
  aMVS_mc
  bMVS_mc
  cMVS_mc
  dMVS_mc
  aST_mc
  bST_mc
  cST_mc
  dST_mc
  aSD_mc
  bSD_mc
  cSD_mc
  dSD_mc
  bMEANING
  cMEANING
  dMEANING
  bMEAN_L
  cMEAN_L
  dMEAN_L
  bMEANNGc
  cMEANNGc
  dMEANNGc
  bMEANGlc
  cMEANGlc
  dMEANGlc
  bCLASSIC
  cCLASSIC
  dCLASSIC
  bCLASSCc
  cCLASSCc
  dCLASSCc
  bAGR_VAL
  cAGR_VAL
  dAGR_VAL
  bOPN_VAL
  cOPN_VAL
  dOPN_VAL
  bAGR_VLc
  cAGR_VLc
  dAGR_VLc
  bOPNVALc
  cOPNVALc
  dOPNVALc
  aMV_pomp
  bMV_pomp
  cMV_pomp
  dMV_pomp
  aST_pomp
  bST_pomp
  cST_pomp
  dST_pomp
  aSD_pomp
  bSD_pomp
  cSD_pomp
  dSD_pomp
  agoal_ec
  bgoal_ec
  cgoal_ec
  dgoal_ec
  aAspfinc
  bAspfinc
  cAspfinc
  dAspfinc
  abfi_hp8
  bbfi_hp8
  cbfi_hp8
  dbfi_hp8
  aP_S_BFI
  aP_D_BFI
  aECgoalc
  bECgoalC
  cECgoalC
  dECgoalC
  aaspfin
  baspfin
  caspfin
  daspfin;


  USEVARIABLES =
  aD_SCALE
  bD_SCALE
  cD_SCALE
  dD_SCALE
  aHRZ_COL
  bHRZ_COL
  cHRZ_COL
  dHRZ_COL
  bage_c
  cage_c
  dage_c
  ;

  missing = all (-9999);

  USEOBSERVATIONS are Sample == 1; ! National Sample

  tscores = bage_c cage_c dage_c;

  DEFINE:
  bage_c = aAGE + 1 - 36;
  cage_c = aAGE + 2 - 36;
  dage_c = aAGE + 3 - 36;

  ANALYSIS:
  TYPE=RANDOM;
  PROCESSORS = 8;

  MODEL:

  i_D_SCALE s_D_SCALE | bD_SCALE cD_SCALE dD_SCALE AT bage_c cage_c dage_c;
  i_HRZ_COL s_HRZ_COL | bHRZ_COL cHRZ_COL dHRZ_COL AT bage_c cage_c dage_c;


  !After Bollen and Curran initial observation is not part of LGM

  dD_SCALE on cD_SCALE (a); ! Autoregressive paths constrained to equality
  cD_SCALE on bD_SCALE (a);
  bD_SCALE on aD_SCALE (a);

  dHRZ_COL on cHRZ_COL (b); ! Autoregressive paths constrained to equality
  cHRZ_COL on bHRZ_COL (b);
  bHRZ_COL on aHRZ_COL (b);

  bD_SCALE cD_SCALE dD_SCALE (c); !Equality constraint on residuals
  bHRZ_COL cHRZ_COL dHRZ_COL (d); !Equality constraint on residuals

  dHRZ_COL on cD_SCALE (x); ! Cross-lagged paths constrained to equality
  cHRZ_COL on bD_SCALE (x);
  bHRZ_COL on aD_SCALE (x);

  dD_SCALE on cHRZ_COL (y); ! Cross-lagged paths constrained to equality
  cD_SCALE on bHRZ_COL (y);
  bD_SCALE on aHRZ_COL (y);

  dHRZ_COL with dD_SCALE (w); ! within-wave correlations constrained to equality
  cHRZ_COL with cD_SCALE (w);
  bHRZ_COL with bD_SCALE (w);

  aD_SCALE aHRZ_COL i_D_SCALE i_HRZ_COL
  s_D_SCALE
  s_HRZ_COL
  with
  s_D_SCALE
  s_HRZ_COL
  aD_SCALE aHRZ_COL i_D_SCALE i_HRZ_COL;



  OUTPUT: SAMPSTAT PATTERNS;



*** WARNING
  Variable name contains more than 8 characters.
  Only the first 8 characters will be printed in the output.
  Variable: I_D_SCALE
*** WARNING
  Variable name contains more than 8 characters.
  Only the first 8 characters will be printed in the output.
  Variable: S_D_SCALE
*** WARNING
  Variable name contains more than 8 characters.
  Only the first 8 characters will be printed in the output.
  Variable: I_HRZ_COL
*** WARNING
  Variable name contains more than 8 characters.
  Only the first 8 characters will be printed in the output.
  Variable: S_HRZ_COL
*** WARNING
  Data set contains cases with missing on time scores but non-missing on the
  corresponding dependent variables.  These cases were not included in the analysis.
  Number of such cases:  5
   5 WARNING(S) FOUND IN THE INPUT INSTRUCTIONS



PxVx Univariate - Nat Lin D_SCALE with Lin HRZ_COL;

SUMMARY OF ANALYSIS

Number of groups                                                 1
Number of observations                                         874

Number of dependent variables                                    6
Number of independent variables                                  2
Number of continuous latent variables                            4

Observed dependent variables

  Continuous
   BD_SCALE    CD_SCALE    DD_SCALE    BHRZ_COL    CHRZ_COL    DHRZ_COL

Observed independent variables
   AD_SCALE    AHRZ_COL

Continuous latent variables
   I_D_SCAL    S_D_SCAL    I_HRZ_CO    S_HRZ_CO

Variables with special functions

  Time scores
   BAGE_C      CAGE_C      DAGE_C


Estimator                                                      MLR
Information matrix                                        OBSERVED
Maximum number of iterations                                   100
Convergence criterion                                    0.100D-05
Maximum number of EM iterations                                500
Convergence criteria for the EM algorithm
  Loglikelihood change                                   0.100D-02
  Relative loglikelihood change                          0.100D-05
  Derivative                                             0.100D-03
Minimum variance                                         0.100D-03
Maximum number of steepest descent iterations                   20
Maximum number of iterations for H1                           2000
Convergence criterion for H1                             0.100D-03
Optimization algorithm                                         EMA

Input data file(s)
  E:\Projects\lnt_pxvx\Data\LT_227.txt
Input data format  FREE


SUMMARY OF DATA

     Number of missing data patterns            20


SUMMARY OF MISSING DATA PATTERNS


     MISSING DATA PATTERNS (x = not missing)

           1  2  3  4  5  6  7  8  9 10 11 12 13 14 15 16 17 18 19 20
 BD_SCALE  x     x  x     x     x     x  x  x  x        x     x
 CD_SCALE  x           x  x     x  x     x  x  x           x  x  x
 DD_SCALE  x     x     x  x  x           x     x  x     x        x  x
 BHRZ_COL  x     x  x     x     x        x  x                 x
 CHRZ_COL  x           x        x  x     x     x              x  x
 DHRZ_COL  x     x     x  x  x                 x  x     x     x
 AD_SCALE  x  x  x  x  x  x  x  x  x  x  x  x  x     x  x  x  x  x  x
 AHRZ_COL  x  x  x  x  x  x  x  x  x  x  x  x  x  x     x  x  x  x  x


     MISSING DATA PATTERN FREQUENCIES

    Pattern   Frequency     Pattern   Frequency     Pattern   Frequency
          1         497           8          45          15           1
          2         168           9          21          16           1
          3          26          10           4          17           1
          4          53          11           1          18           1
          5          21          12           1          19           2
          6           2          13           3          20           2
          7          23          14           1


COVARIANCE COVERAGE OF DATA

Minimum covariance coverage value   0.100


     PROPORTION OF DATA PRESENT


           Covariance Coverage
              BD_SCALE      CD_SCALE      DD_SCALE      BHRZ_COL      CHRZ_COL
              ________      ________      ________      ________      ________
 BD_SCALE       0.725
 CD_SCALE       0.629         0.681
 DD_SCALE       0.606         0.602         0.662
 BHRZ_COL       0.716         0.626         0.602         0.716
 CHRZ_COL       0.626         0.676         0.600         0.622         0.676
 DHRZ_COL       0.606         0.600         0.657         0.602         0.597
 AD_SCALE       0.725         0.681         0.661         0.716         0.676
 AHRZ_COL       0.725         0.681         0.662         0.716         0.676


           Covariance Coverage
              DHRZ_COL      AD_SCALE      AHRZ_COL
              ________      ________      ________
 DHRZ_COL       0.658
 AD_SCALE       0.657         0.999
 AHRZ_COL       0.658         0.998         0.999


SAMPLE STATISTICS


     ESTIMATED SAMPLE STATISTICS


           Means
              BD_SCALE      CD_SCALE      DD_SCALE      BHRZ_COL      CHRZ_COL
              ________      ________      ________      ________      ________
 1             63.390        62.545        62.716        71.581        72.384


           Means
              DHRZ_COL      AD_SCALE      AHRZ_COL
              ________      ________      ________
 1             71.856        63.819        72.211


           Covariances
              BD_SCALE      CD_SCALE      DD_SCALE      BHRZ_COL      CHRZ_COL
              ________      ________      ________      ________      ________
 BD_SCALE     292.051
 CD_SCALE     250.236       296.429
 DD_SCALE     247.798       259.806       312.962
 BHRZ_COL      88.511        80.221        83.852       287.461
 CHRZ_COL      86.325        89.774        92.242       212.817       296.395
 DHRZ_COL      86.161        82.127        95.798       205.271       213.671
 AD_SCALE     244.103       241.225       242.852        87.131        82.320
 AHRZ_COL      83.933        73.601        74.126       207.347       197.247


           Covariances
              DHRZ_COL      AD_SCALE      AHRZ_COL
              ________      ________      ________
 DHRZ_COL     288.924
 AD_SCALE      84.562       294.692
 AHRZ_COL     197.674        90.164       291.009


           Correlations
              BD_SCALE      CD_SCALE      DD_SCALE      BHRZ_COL      CHRZ_COL
              ________      ________      ________      ________      ________
 BD_SCALE       1.000
 CD_SCALE       0.850         1.000
 DD_SCALE       0.820         0.853         1.000
 BHRZ_COL       0.305         0.275         0.280         1.000
 CHRZ_COL       0.293         0.303         0.303         0.729         1.000
 DHRZ_COL       0.297         0.281         0.319         0.712         0.730
 AD_SCALE       0.832         0.816         0.800         0.299         0.279
 AHRZ_COL       0.288         0.251         0.246         0.717         0.672


           Correlations
              DHRZ_COL      AD_SCALE      AHRZ_COL
              ________      ________      ________
 DHRZ_COL       1.000
 AD_SCALE       0.290         1.000
 AHRZ_COL       0.682         0.308         1.000


     MAXIMUM LOG-LIKELIHOOD VALUE FOR THE UNRESTRICTED (H1) MODEL IS -20751.228


THE MODEL ESTIMATION TERMINATED NORMALLY



MODEL FIT INFORMATION

Number of Free Parameters                       34

Loglikelihood

          H0 Value                      -20739.319
          H0 Scaling Correction Factor       1.214
            for MLR

Information Criteria

          Akaike (AIC)                   41546.638
          Bayesian (BIC)                 41708.923
          Sample-Size Adjusted BIC       41600.947
            (n* = (n + 2) / 24)



MODEL RESULTS

                                                    Two-Tailed
                    Estimate       S.E.  Est./S.E.    P-Value

 DD_SCALE   ON
    CD_SCALE           0.152      0.044      3.461      0.001
    CHRZ_COL           0.047      0.038      1.243      0.214

 CD_SCALE   ON
    BD_SCALE           0.152      0.044      3.461      0.001
    BHRZ_COL           0.047      0.038      1.243      0.214

 BD_SCALE   ON
    AD_SCALE           0.152      0.044      3.461      0.001
    AHRZ_COL           0.047      0.038      1.243      0.214

 DHRZ_COL   ON
    CHRZ_COL           0.086      0.046      1.853      0.064
    CD_SCALE           0.028      0.049      0.585      0.558

 CHRZ_COL   ON
    BHRZ_COL           0.086      0.046      1.853      0.064
    BD_SCALE           0.028      0.049      0.585      0.558

 BHRZ_COL   ON
    AHRZ_COL           0.086      0.046      1.853      0.064
    AD_SCALE           0.028      0.049      0.585      0.558

 S_D_SCAL WITH
    I_D_SCALE          0.225      0.379      0.594      0.553

 I_HRZ_CO WITH
    I_D_SCALE         39.642     16.545      2.396      0.017
    S_D_SCALE         -0.524      1.859     -0.282      0.778

 S_HRZ_CO WITH
    I_D_SCALE         -0.270      1.905     -0.142      0.887
    S_D_SCALE          0.082      0.032      2.564      0.010
    I_HRZ_COL         -1.301      0.583     -2.230      0.026

 AD_SCALE WITH
    I_D_SCALE        195.922     15.523     12.621      0.000
    S_D_SCALE          1.051      0.539      1.952      0.051
    I_HRZ_COL         68.225     14.886      4.583      0.000
    S_HRZ_COL         -0.028      0.621     -0.044      0.965

 AHRZ_COL WITH
    I_D_SCALE         52.526     12.777      4.111      0.000
    S_D_SCALE         -0.089      0.521     -0.171      0.865
    I_HRZ_COL        176.724     15.990     11.052      0.000
    S_HRZ_COL         -0.209      0.731     -0.286      0.775

 DHRZ_COL WITH
    DD_SCALE           7.670      2.562      2.994      0.003

 CHRZ_COL WITH
    CD_SCALE           7.670      2.562      2.994      0.003

 BHRZ_COL WITH
    BD_SCALE           7.670      2.562      2.994      0.003

 AHRZ_COL WITH
    AD_SCALE          90.199     10.299      8.758      0.000

 Means
    AD_SCALE          63.831      0.580    110.005      0.000
    AHRZ_COL          72.213      0.578    125.004      0.000
    I_D_SCALE         49.881      3.750     13.302      0.000
    S_D_SCALE          0.053      0.029      1.809      0.070
    I_HRZ_COL         64.011      3.834     16.696      0.000
    S_HRZ_COL          0.068      0.035      1.948      0.051

 Intercepts
    BD_SCALE           0.000      0.000    999.000    999.000
    CD_SCALE           0.000      0.000    999.000    999.000
    DD_SCALE           0.000      0.000    999.000    999.000
    BHRZ_COL           0.000      0.000    999.000    999.000
    CHRZ_COL           0.000      0.000    999.000    999.000
    DHRZ_COL           0.000      0.000    999.000    999.000

 Variances
    AD_SCALE         294.717     13.133     22.441      0.000
    AHRZ_COL         291.009     15.901     18.302      0.000
    I_D_SCALE        160.055     21.091      7.589      0.000
    S_D_SCALE          0.087      0.035      2.473      0.013
    I_HRZ_COL        157.582     20.805      7.574      0.000
    S_HRZ_COL          0.103      0.071      1.450      0.147

 Residual Variances
    BD_SCALE          52.213      2.980     17.519      0.000
    CD_SCALE          52.213      2.980     17.519      0.000
    DD_SCALE          52.213      2.980     17.519      0.000
    BHRZ_COL          84.744      4.841     17.507      0.000
    CHRZ_COL          84.744      4.841     17.507      0.000
    DHRZ_COL          84.744      4.841     17.507      0.000


QUALITY OF NUMERICAL RESULTS

     Condition Number for the Information Matrix              0.840E-06
       (ratio of smallest to largest eigenvalue)


     Beginning Time:  20:35:46
        Ending Time:  20:36:06
       Elapsed Time:  00:00:20



MUTHEN & MUTHEN
3463 Stoner Ave.
Los Angeles, CA  90066

Tel: (310) 391-9971
Fax: (310) 391-8971
Web: www.StatModel.com
Support: Support@StatModel.com

Copyright (c) 1998-2011 Muthen & Muthen
