Mplus VERSION 7 (Mac)
MUTHEN & MUTHEN
10/27/2017  12:08 PM

INPUT INSTRUCTIONS


  title: PxVx Bivariate LCM-SR-Uncons - Nat Linear BFI_O with Linear BFA_MT;
  data: file = /Users/johnflournoy/code/lnt_pxvx/Data/LT_227.txt;


  variable:
  names =
  subjid
  Sample
  aGENDER
  aAGE
  aethnic1
  aethnic2
  aedu_mom
  aedu_dad
  aEDUCATN
  bEDUCATN
  cEDUCATN
  aEMPLOYD
  bEMPLOYD
  cEMPLOYD
  dEMPLOYD
  aINCOME
  bINCOME
  cINCOME
  dINCOME
  aS_SCALE
  bS_SCALE
  cS_SCALE
  dS_SCALE
  aD_SCALE
  bD_SCALE
  cD_SCALE
  dD_SCALE
  aS_COMP
  bS_COMP
  cS_COMP
  dS_COMP
  aD_COMP
  bD_COMP
  cD_COMP
  dD_COMP
  aBFI_A
  aBFI_A6
  aBFI_C
  aBFI_E
  aBFI_HP
  aBFI_N
  aBFI_O
  bBFI_A
  bBFI_A6
  bBFI_C
  bBFI_E
  bBFI_HP
  bBFI_N
  bBFI_O
  cBFI_A
  cBFI_A6
  cBFI_C
  cBFI_E
  cBFI_HP
  cBFI_N
  cBFI_O
  dBFI_A
  dBFI_A6
  dBFI_C
  dBFI_E
  dBFI_HP
  dBFI_N
  dBFI_O
  aBFA_AC
  aBFA_AP
  aBFA_CI
  aBFA_CO
  aBFA_EA
  aBFA_EE
  aBFA_N9
  aBFA_NV
  aBFA_NW
  aBFA_OI
  aBFA_OO
  aBFA_PS
  aBFA_MT
  bBFA_AC
  bBFA_AP
  bBFA_CI
  bBFA_CO
  bBFA_EA
  bBFA_EE
  bBFA_N9
  bBFA_NV
  bBFA_NW
  bBFA_OI
  bBFA_OO
  bBFA_MT
  bBFA_PS
  cBFA_AC
  cBFA_AP
  cBFA_CI
  cBFA_CO
  cBFA_EA
  cBFA_EE
  cBFA_N9
  cBFA_NV
  cBFA_NW
  cBFA_OI
  cBFA_OO
  cBFA_MT
  cBFA_PS
  dBFA_AC
  dBFA_AP
  dBFA_CI
  dBFA_CO
  dBFA_EA
  dBFA_EE
  dBFA_N9
  dBFA_NV
  dBFA_NW
  dBFA_OI
  dBFA_OO
  dBFA_MT
  dBFA_PS
  aUSI
  bUSI
  cUSI
  dUSI
  aHRZ_IND
  bHRZ_IND
  cHRZ_IND
  dHRZ_IND
  aVRT_IND
  bVRT_IND
  cVRT_IND
  dVRT_IND
  aHRZ_COL
  bHRZ_COL
  cHRZ_COL
  dHRZ_COL
  aVRT_COL
  bVRT_COL
  cVRT_COL
  dVRT_COL
  aCOLLCTV
  bCOLLCTV
  cCOLLCTV
  dCOLLCTV
  aMVS
  bMVS
  cMVS
  dMVS
  aST
  bST
  cST
  dST
  aSD
  bSD
  cSD
  dSD
  aMVS_mc
  bMVS_mc
  cMVS_mc
  dMVS_mc
  aST_mc
  bST_mc
  cST_mc
  dST_mc
  aSD_mc
  bSD_mc
  cSD_mc
  dSD_mc
  bMEANING
  cMEANING
  dMEANING
  bMEAN_L
  cMEAN_L
  dMEAN_L
  bMEANNGc
  cMEANNGc
  dMEANNGc
  bMEANGlc
  cMEANGlc
  dMEANGlc
  bCLASSIC
  cCLASSIC
  dCLASSIC
  bCLASSCc
  cCLASSCc
  dCLASSCc
  bAGR_VAL
  cAGR_VAL
  dAGR_VAL
  bOPN_VAL
  cOPN_VAL
  dOPN_VAL
  bAGR_VLc
  cAGR_VLc
  dAGR_VLc
  bOPNVALc
  cOPNVALc
  dOPNVALc
  aMV_pomp
  bMV_pomp
  cMV_pomp
  dMV_pomp
  aST_pomp
  bST_pomp
  cST_pomp
  dST_pomp
  aSD_pomp
  bSD_pomp
  cSD_pomp
  dSD_pomp
  agoal_ec
  bgoal_ec
  cgoal_ec
  dgoal_ec
  aAspfinc
  bAspfinc
  cAspfinc
  dAspfinc
  abfi_hp8
  bbfi_hp8
  cbfi_hp8
  dbfi_hp8
  aP_S_BFI
  aP_D_BFI
  aECgoalc
  bECgoalC
  cECgoalC
  dECgoalC
  aaspfin
  baspfin
  caspfin
  daspfin
  aMVI_POMP
  bMVI_POMP
  cMVI_POMP
  dMVI_POMP;


  USEVARIABLES =
  aBFI_O
  bBFI_O
  cBFI_O
  dBFI_O
  aBFA_MT
  bBFA_MT
  cBFA_MT
  dBFA_MT
  a1
  a2
  a3
  a4
  ;

  missing = all (-9999);

  USEOBSERVATIONS are Sample == 1; ! National Sample

  tscores = a1 a2 a3 a4;

  DEFINE:
  a1 = aAGE + 0 - 36;
  a2 = aAGE + 1 - 36;
  a3 = aAGE + 2 - 36;
  a4 = aAGE + 3 - 36;

  ANALYSIS:
  TYPE=RANDOM;
  PROCESSORS = 4;
  model=nocovariances; ! supresses default estimation of certain covs in model;

  MODEL:

  i_BFI_O s_BFI_O | aBFI_O bBFI_O cBFI_O dBFI_O AT a1 a2 a3 a4;
  i_BFA_MT s_BFA_MT | aBFA_MT bBFA_MT cBFA_MT dBFA_MT AT a1 a2 a3 a4;

  ! freeing factor covs because of "nocovariances"
  s_BFI_O WITH i_BFI_O s_BFA_MT i_BFA_MT;
  i_BFI_O WITH s_BFA_MT i_BFA_MT;
  s_BFA_MT WITH i_BFA_MT;

  p1 BY aBFI_O@1; ! Residual "factors";
  p2 BY bBFI_O@1;
  p3 BY cBFI_O@1;
  p4 BY dBFI_O@1;

  v1 BY aBFA_MT@1; ! Residual "factors";
  v2 BY bBFA_MT@1;
  v3 BY cBFA_MT@1;
  v4 BY dBFA_MT@1;

  !residual variances on observed/manifest vars set to 0
  aBFI_O@0;
  bBFI_O@0;
  cBFI_O@0;
  dBFI_O@0;

  !residual variances on observed/manifest vars set to 0
  aBFA_MT@0;
  bBFA_MT@0;
  cBFA_MT@0;
  dBFA_MT@0;

  ! means of observed/manifest vars set to 0
  [aBFI_O@0];
  [bBFI_O@0];
  [cBFI_O@0];
  [dBFI_O@0];

  ! means of observed/manifest vars set to 0
  [aBFA_MT@0];
  [bBFA_MT@0];
  [cBFA_MT@0];
  [dBFA_MT@0];

  [p1@0]; ! means of residual "factors" set to 0
  [p2@0];
  [p3@0];
  [p4@0];

  [v1@0]; ! means of residual "factors" set to 0
  [v2@0];
  [v3@0];
  [v4@0];

  p4 on p3;
  p3 on p2;
  p2 on p1;

  v4 on v3;
  v3 on v2;
  v2 on v1;

  p4 on v3;
  p3 on v2;
  p2 on v1;

  v4 on p3;
  v3 on p2;
  v2 on p1;

  p1 with v1;
  p2 with v2;
  p3 with v3;
  p4 with v4;

  p2 p3 p4; ! estimate variances of residual "factors"
  v2 v3 v4; ! estimate variances of residual "factors"

  OUTPUT: SAMPSTAT PATTERNS;



*** WARNING
  Variable name contains more than 8 characters.
  Only the first 8 characters will be printed in the output.
  Variable: AMVI_POMP
*** WARNING
  Variable name contains more than 8 characters.
  Only the first 8 characters will be printed in the output.
  Variable: BMVI_POMP
*** WARNING
  Variable name contains more than 8 characters.
  Only the first 8 characters will be printed in the output.
  Variable: CMVI_POMP
*** WARNING
  Variable name contains more than 8 characters.
  Only the first 8 characters will be printed in the output.
  Variable: DMVI_POMP
*** WARNING
  Data set contains cases with missing on time scores but non-missing on the
  corresponding dependent variables.  These cases were not included in the analysis.
  Number of such cases:  16
   5 WARNING(S) FOUND IN THE INPUT INSTRUCTIONS



PxVx Bivariate LCM-SR-Uncons - Nat Linear BFI_O with Linear BFA_MT;

SUMMARY OF ANALYSIS

Number of groups                                                 1
Number of observations                                         863

Number of dependent variables                                    8
Number of independent variables                                  0
Number of continuous latent variables                           12

Observed dependent variables

  Continuous
   ABFI_O      BBFI_O      CBFI_O      DBFI_O      ABFA_MT     BBFA_MT
   CBFA_MT     DBFA_MT

Continuous latent variables
   P1          P2          P3          P4          V1          V2
   V3          V4          I_BFI_O     S_BFI_O     I_BFA_MT    S_BFA_MT

Variables with special functions

  Time scores
   A1          A2          A3          A4


Estimator                                                      MLR
Information matrix                                        OBSERVED
Maximum number of iterations                                   100
Convergence criterion                                    0.100D-05
Maximum number of EM iterations                                500
Convergence criteria for the EM algorithm
  Loglikelihood change                                   0.100D-02
  Relative loglikelihood change                          0.100D-05
  Derivative                                             0.100D-03
Minimum variance                                         0.100D-03
Maximum number of steepest descent iterations                   20
Maximum number of iterations for H1                           2000
Convergence criterion for H1                             0.100D-03
Optimization algorithm                                         EMA

Input data file(s)
  /Users/johnflournoy/code/lnt_pxvx/Data/LT_227.txt
Input data format  FREE


SUMMARY OF DATA

     Number of missing data patterns            16


SUMMARY OF MISSING DATA PATTERNS


     MISSING DATA PATTERNS (x = not missing)

           1  2  3  4  5  6  7  8  9 10 11 12 13 14 15 16
 ABFI_O    x  x  x  x  x  x  x  x  x  x     x     x  x
 BBFI_O    x     x  x        x     x  x     x  x
 CBFI_O    x           x     x  x  x  x     x  x  x     x
 DBFI_O    x     x     x  x        x  x  x  x  x  x  x  x
 ABFA_MT   x  x  x  x  x  x  x  x  x  x  x        x  x
 BBFA_MT   x     x  x        x     x        x  x
 CBFA_MT   x           x     x  x  x  x     x  x  x     x
 DBFA_MT   x     x     x  x           x  x  x  x        x


     MISSING DATA PATTERN FREQUENCIES

    Pattern   Frequency     Pattern   Frequency     Pattern   Frequency
          1         491           7          46          13           3
          2         169           8          21          14           2
          3          27           9           1          15           1
          4          52          10           1          16           1
          5          21          11           1
          6          24          12           2


COVARIANCE COVERAGE OF DATA

Minimum covariance coverage value   0.100


     PROPORTION OF DATA PRESENT


           Covariance Coverage
              ABFI_O        BBFI_O        CBFI_O        DBFI_O        ABFA_MT
              ________      ________      ________      ________      ________
 ABFI_O         0.994
 BBFI_O         0.718         0.722
 CBFI_O         0.678         0.630         0.683
 DBFI_O         0.660         0.608         0.605         0.666
 ABFA_MT        0.992         0.716         0.676         0.659         0.993
 BBFA_MT        0.717         0.721         0.629         0.607         0.715
 CBFA_MT        0.678         0.630         0.683         0.605         0.676
 DBFA_MT        0.656         0.607         0.601         0.662         0.655


           Covariance Coverage
              BBFA_MT       CBFA_MT       DBFA_MT
              ________      ________      ________
 BBFA_MT        0.721
 CBFA_MT        0.629         0.683
 DBFA_MT        0.606         0.601         0.662


SAMPLE STATISTICS


     ESTIMATED SAMPLE STATISTICS


           Means
              ABFI_O        BBFI_O        CBFI_O        DBFI_O        ABFA_MT
              ________      ________      ________      ________      ________
 1             74.324        73.637        72.282        72.458        48.529


           Means
              BBFA_MT       CBFA_MT       DBFA_MT
              ________      ________      ________
 1             48.242        47.857        47.632


           Covariances
              ABFI_O        BBFI_O        CBFI_O        DBFI_O        ABFA_MT
              ________      ________      ________      ________      ________
 ABFI_O       222.943
 BBFI_O       184.269       226.345
 CBFI_O       193.367       197.602       257.019
 DBFI_O       182.687       187.285       214.333       249.030
 ABFA_MT      -27.130       -19.633       -15.607       -23.349       237.655
 BBFA_MT      -21.218       -16.419       -19.903       -24.785       187.797
 CBFA_MT      -27.278       -19.346       -26.203       -32.736       185.082
 DBFA_MT      -17.786        -6.976        -9.911       -22.393       182.068


           Covariances
              BBFA_MT       CBFA_MT       DBFA_MT
              ________      ________      ________
 BBFA_MT      235.424
 CBFA_MT      195.488       242.394
 DBFA_MT      192.490       204.528       252.262


           Correlations
              ABFI_O        BBFI_O        CBFI_O        DBFI_O        ABFA_MT
              ________      ________      ________      ________      ________
 ABFI_O         1.000
 BBFI_O         0.820         1.000
 CBFI_O         0.808         0.819         1.000
 DBFI_O         0.775         0.789         0.847         1.000
 ABFA_MT       -0.118        -0.085        -0.063        -0.096         1.000
 BBFA_MT       -0.093        -0.071        -0.081        -0.102         0.794
 CBFA_MT       -0.117        -0.083        -0.105        -0.133         0.771
 DBFA_MT       -0.075        -0.029        -0.039        -0.089         0.744


           Correlations
              BBFA_MT       CBFA_MT       DBFA_MT
              ________      ________      ________
 BBFA_MT        1.000
 CBFA_MT        0.818         1.000
 DBFA_MT        0.790         0.827         1.000


     MAXIMUM LOG-LIKELIHOOD VALUE FOR THE UNRESTRICTED (H1) MODEL IS -19807.180


THE MODEL ESTIMATION TERMINATED NORMALLY



MODEL FIT INFORMATION

Number of Free Parameters                       38

Loglikelihood

          H0 Value                      -19811.483
          H0 Scaling Correction Factor      1.1668
            for MLR

Information Criteria

          Akaike (AIC)                   39698.966
          Bayesian (BIC)                 39879.862
          Sample-Size Adjusted BIC       39759.184
            (n* = (n + 2) / 24)



MODEL RESULTS

                                                    Two-Tailed
                    Estimate       S.E.  Est./S.E.    P-Value

 P1       BY
    ABFI_O             1.000      0.000    999.000    999.000

 P2       BY
    BBFI_O             1.000      0.000    999.000    999.000

 P3       BY
    CBFI_O             1.000      0.000    999.000    999.000

 P4       BY
    DBFI_O             1.000      0.000    999.000    999.000

 V1       BY
    ABFA_MT            1.000      0.000    999.000    999.000

 V2       BY
    BBFA_MT            1.000      0.000    999.000    999.000

 V3       BY
    CBFA_MT            1.000      0.000    999.000    999.000

 V4       BY
    DBFA_MT            1.000      0.000    999.000    999.000

 P4         ON
    P3                 0.416      0.076      5.455      0.000
    V3                -0.075      0.066     -1.134      0.257

 P3         ON
    P2                 0.102      0.117      0.871      0.384
    V2                -0.070      0.127     -0.550      0.582

 P2         ON
    P1                -0.086      0.170     -0.509      0.611
    V1                -0.066      0.094     -0.704      0.481

 V4         ON
    V3                 0.360      0.083      4.351      0.000
    P3                 0.043      0.071      0.602      0.547

 V3         ON
    V2                 0.119      0.131      0.902      0.367
    P2                 0.014      0.100      0.138      0.890

 V2         ON
    V1                -0.046      0.114     -0.400      0.689
    P1                 0.082      0.143      0.570      0.569

 S_BFI_O  WITH
    I_BFI_O            0.501      0.504      0.994      0.320
    S_BFA_MT          -0.010      0.067     -0.157      0.876
    I_BFA_MT           0.449      1.522      0.295      0.768

 I_BFI_O  WITH
    S_BFA_MT           1.029      1.491      0.690      0.490
    I_BFA_MT         -21.653     10.276     -2.107      0.035

 S_BFA_MT WITH
    I_BFA_MT          -0.939      0.552     -1.703      0.089

 P1       WITH
    V1                -3.583      4.686     -0.765      0.445

 P2       WITH
    V2                 1.025      6.058      0.169      0.866

 P3       WITH
    V3                -5.704      3.875     -1.472      0.141

 P4       WITH
    V4                -4.958      3.179     -1.560      0.119

 Means
    P1                 0.000      0.000    999.000    999.000
    V1                 0.000      0.000    999.000    999.000
    I_BFI_O           73.744      0.494    149.337      0.000
    S_BFI_O           -0.096      0.046     -2.067      0.039
    I_BFA_MT          48.398      0.497     97.432      0.000
    S_BFA_MT          -0.248      0.043     -5.766      0.000

 Intercepts
    ABFI_O             0.000      0.000    999.000    999.000
    BBFI_O             0.000      0.000    999.000    999.000
    CBFI_O             0.000      0.000    999.000    999.000
    DBFI_O             0.000      0.000    999.000    999.000
    ABFA_MT            0.000      0.000    999.000    999.000
    BBFA_MT            0.000      0.000    999.000    999.000
    CBFA_MT            0.000      0.000    999.000    999.000
    DBFA_MT            0.000      0.000    999.000    999.000
    P2                 0.000      0.000    999.000    999.000
    P3                 0.000      0.000    999.000    999.000
    P4                 0.000      0.000    999.000    999.000
    V2                 0.000      0.000    999.000    999.000
    V3                 0.000      0.000    999.000    999.000
    V4                 0.000      0.000    999.000    999.000

 Variances
    P1                37.219      6.103      6.098      0.000
    V1                52.367      7.070      7.407      0.000
    I_BFI_O          177.468     12.965     13.689      0.000
    S_BFI_O            0.093      0.106      0.870      0.384
    I_BFA_MT         177.586     13.674     12.987      0.000
    S_BFA_MT           0.058      0.093      0.621      0.535

 Residual Variances
    ABFI_O             0.000      0.000    999.000    999.000
    BBFI_O             0.000      0.000    999.000    999.000
    CBFI_O             0.000      0.000    999.000    999.000
    DBFI_O             0.000      0.000    999.000    999.000
    ABFA_MT            0.000      0.000    999.000    999.000
    BBFA_MT            0.000      0.000    999.000    999.000
    CBFA_MT            0.000      0.000    999.000    999.000
    DBFA_MT            0.000      0.000    999.000    999.000
    P2                37.235      8.680      4.290      0.000
    P3                59.288      6.517      9.098      0.000
    P4                57.018      4.751     12.000      0.000
    V2                39.290      8.817      4.456      0.000
    V3                55.963      5.997      9.332      0.000
    V4                62.025      5.764     10.761      0.000


QUALITY OF NUMERICAL RESULTS

     Condition Number for the Information Matrix              0.485E-05
       (ratio of smallest to largest eigenvalue)


     Beginning Time:  12:08:21
        Ending Time:  12:08:53
       Elapsed Time:  00:00:32



MUTHEN & MUTHEN
3463 Stoner Ave.
Los Angeles, CA  90066

Tel: (310) 391-9971
Fax: (310) 391-8971
Web: www.StatModel.com
Support: Support@StatModel.com

Copyright (c) 1998-2012 Muthen & Muthen
