Mplus VERSION 6.12
MUTHEN & MUTHEN
03/21/2016  11:55 AM

INPUT INSTRUCTIONS


  title: PxVx Univariate - Col MeanOnly BFI_O with Lin MVI_POMP;
  data: file = E:\Projects\lnt_pxvx\Data\LT_227.txt;



  variable:
  names =
  subjid
  Sample
  aGENDER
  aAGE
  aethnic1
  aethnic2
  aedu_mom
  aedu_dad
  aEDUCATN
  bEDUCATN
  cEDUCATN
  aEMPLOYD
  bEMPLOYD
  cEMPLOYD
  dEMPLOYD
  aINCOME
  bINCOME
  cINCOME
  dINCOME
  aS_SCALE
  bS_SCALE
  cS_SCALE
  dS_SCALE
  aD_SCALE
  bD_SCALE
  cD_SCALE
  dD_SCALE
  aS_COMP
  bS_COMP
  cS_COMP
  dS_COMP
  aD_COMP
  bD_COMP
  cD_COMP
  dD_COMP
  aBFI_A
  aBFI_A6
  aBFI_C
  aBFI_E
  aBFI_HP
  aBFI_N
  aBFI_O
  bBFI_A
  bBFI_A6
  bBFI_C
  bBFI_E
  bBFI_HP
  bBFI_N
  bBFI_O
  cBFI_A
  cBFI_A6
  cBFI_C
  cBFI_E
  cBFI_HP
  cBFI_N
  cBFI_O
  dBFI_A
  dBFI_A6
  dBFI_C
  dBFI_E
  dBFI_HP
  dBFI_N
  dBFI_O
  aBFA_AC
  aBFA_AP
  aBFA_CI
  aBFA_CO
  aBFA_EA
  aBFA_EE
  aBFA_N9
  aBFA_NV
  aBFA_NW
  aBFA_OI
  aBFA_OO
  aBFA_PS
  aBFA_MT
  bBFA_AC
  bBFA_AP
  bBFA_CI
  bBFA_CO
  bBFA_EA
  bBFA_EE
  bBFA_N9
  bBFA_NV
  bBFA_NW
  bBFA_OI
  bBFA_OO
  bBFA_MT
  bBFA_PS
  cBFA_AC
  cBFA_AP
  cBFA_CI
  cBFA_CO
  cBFA_EA
  cBFA_EE
  cBFA_N9
  cBFA_NV
  cBFA_NW
  cBFA_OI
  cBFA_OO
  cBFA_MT
  cBFA_PS
  dBFA_AC
  dBFA_AP
  dBFA_CI
  dBFA_CO
  dBFA_EA
  dBFA_EE
  dBFA_N9
  dBFA_NV
  dBFA_NW
  dBFA_OI
  dBFA_OO
  dBFA_MT
  dBFA_PS
  aUSI
  bUSI
  cUSI
  dUSI
  aHRZ_IND
  bHRZ_IND
  cHRZ_IND
  dHRZ_IND
  aVRT_IND
  bVRT_IND
  cVRT_IND
  dVRT_IND
  aHRZ_COL
  bHRZ_COL
  cHRZ_COL
  dHRZ_COL
  aVRT_COL
  bVRT_COL
  cVRT_COL
  dVRT_COL
  aCOLLCTV
  bCOLLCTV
  cCOLLCTV
  dCOLLCTV
  aMVS
  bMVS
  cMVS
  dMVS
  aST
  bST
  cST
  dST
  aSD
  bSD
  cSD
  dSD
  aMVS_mc
  bMVS_mc
  cMVS_mc
  dMVS_mc
  aST_mc
  bST_mc
  cST_mc
  dST_mc
  aSD_mc
  bSD_mc
  cSD_mc
  dSD_mc
  bMEANING
  cMEANING
  dMEANING
  bMEAN_L
  cMEAN_L
  dMEAN_L
  bMEANNGc
  cMEANNGc
  dMEANNGc
  bMEANGlc
  cMEANGlc
  dMEANGlc
  bCLASSIC
  cCLASSIC
  dCLASSIC
  bCLASSCc
  cCLASSCc
  dCLASSCc
  bAGR_VAL
  cAGR_VAL
  dAGR_VAL
  bOPN_VAL
  cOPN_VAL
  dOPN_VAL
  bAGR_VLc
  cAGR_VLc
  dAGR_VLc
  bOPNVALc
  cOPNVALc
  dOPNVALc
  aMV_pomp
  bMV_pomp
  cMV_pomp
  dMV_pomp
  aST_pomp
  bST_pomp
  cST_pomp
  dST_pomp
  aSD_pomp
  bSD_pomp
  cSD_pomp
  dSD_pomp
  agoal_ec
  bgoal_ec
  cgoal_ec
  dgoal_ec
  aAspfinc
  bAspfinc
  cAspfinc
  dAspfinc
  abfi_hp8
  bbfi_hp8
  cbfi_hp8
  dbfi_hp8
  aP_S_BFI
  aP_D_BFI
  aECgoalc
  bECgoalC
  cECgoalC
  dECgoalC
  aaspfin
  baspfin
  caspfin
  daspfin
  aMVI_POMP
  bMVI_POMP
  cMVI_POMP
  dMVI_POMP;

  USEVARIABLES =
  aBFI_O
  bBFI_O
  cBFI_O
  dBFI_O
  aMVI_POMP
  bMVI_POMP
  cMVI_POMP
  dMVI_POMP
  bage_c
  cage_c
  dage_c
  ;

  missing = all (-9999);

  USEOBSERVATIONS are Sample == 2; ! College Sample

  tscores = bage_c cage_c dage_c;

  DEFINE:
  bage_c = aAGE + 1 - 20.5;
  cage_c = aAGE + 2 - 20.5;
  dage_c = aAGE + 3 - 20.5;

  ANALYSIS:
  TYPE=RANDOM;
  PROCESSORS = 8;

  MODEL:

  i_BFI_O s_BFI_O | bBFI_O cBFI_O dBFI_O AT bage_c cage_c dage_c;
  i_MVI_POMP s_MVI_POMP | bMVI_POMP cMVI_POMP dMVI_POMP AT bage_c cage_c dage_c;


  !After Bollen and Curran initial observation is not part of LGM

  dBFI_O on cBFI_O (a); ! Autoregressive paths constrained to equality
  cBFI_O on bBFI_O (a);
  bBFI_O on aBFI_O (a);

  dMVI_POMP on cMVI_POMP (b); ! Autoregressive paths constrained to equality
  cMVI_POMP on bMVI_POMP (b);
  bMVI_POMP on aMVI_POMP (b);

  bBFI_O cBFI_O dBFI_O (c); !Equality constraint on residuals
  bMVI_POMP cMVI_POMP dMVI_POMP (d); !Equality constraint on residuals

  dMVI_POMP on cBFI_O (x); ! Cross-lagged paths constrained to equality
  cMVI_POMP on bBFI_O (x);
  bMVI_POMP on aBFI_O (x);

  dBFI_O on cMVI_POMP (y); ! Cross-lagged paths constrained to equality
  cBFI_O on bMVI_POMP (y);
  bBFI_O on aMVI_POMP (y);

  dMVI_POMP with dBFI_O (w); ! within-wave correlations constrained to equality
  cMVI_POMP with cBFI_O (w);
  bMVI_POMP with bBFI_O (w);

  aBFI_O aMVI_POMP i_BFI_O i_MVI_POMP
  s_MVI_POMP
  with
  s_MVI_POMP
  aBFI_O aMVI_POMP i_BFI_O i_MVI_POMP;

  s_BFI_O@0;


  OUTPUT: SAMPSTAT PATTERNS;



*** WARNING
  Variable name contains more than 8 characters.
  Only the first 8 characters will be printed in the output.
  Variable: AMVI_POMP
*** WARNING
  Variable name contains more than 8 characters.
  Only the first 8 characters will be printed in the output.
  Variable: BMVI_POMP
*** WARNING
  Variable name contains more than 8 characters.
  Only the first 8 characters will be printed in the output.
  Variable: CMVI_POMP
*** WARNING
  Variable name contains more than 8 characters.
  Only the first 8 characters will be printed in the output.
  Variable: DMVI_POMP
*** WARNING
  Variable name contains more than 8 characters.
  Only the first 8 characters will be printed in the output.
  Variable: I_MVI_POMP
*** WARNING
  Variable name contains more than 8 characters.
  Only the first 8 characters will be printed in the output.
  Variable: S_MVI_POMP
*** WARNING in MODEL command
  All continuous latent variable covariances involving S_BFI_O have been fixed to 0
  because the variance of S_BFI_O is fixed at 0.
*** WARNING
  Data set contains cases with missing on all variables.
  These cases were not included in the analysis.
  Number of cases with missing on all variables:  1
*** WARNING
  Data set contains cases with missing on time scores but non-missing on the
  corresponding dependent variables.  These cases were not included in the analysis.
  Number of such cases:  2
   9 WARNING(S) FOUND IN THE INPUT INSTRUCTIONS



PxVx Univariate - Col MeanOnly BFI_O with Lin MVI_POMP;

SUMMARY OF ANALYSIS

Number of groups                                                 1
Number of observations                                         277

Number of dependent variables                                    6
Number of independent variables                                  2
Number of continuous latent variables                            4

Observed dependent variables

  Continuous
   BBFI_O      CBFI_O      DBFI_O      BMVI_POMP   CMVI_POMP   DMVI_POMP

Observed independent variables
   ABFI_O      AMVI_POM

Continuous latent variables
   I_BFI_O     S_BFI_O     I_MVI_PO    S_MVI_PO

Variables with special functions

  Time scores
   BAGE_C      CAGE_C      DAGE_C


Estimator                                                      MLR
Information matrix                                        OBSERVED
Maximum number of iterations                                   100
Convergence criterion                                    0.100D-05
Maximum number of EM iterations                                500
Convergence criteria for the EM algorithm
  Loglikelihood change                                   0.100D-02
  Relative loglikelihood change                          0.100D-05
  Derivative                                             0.100D-03
Minimum variance                                         0.100D-03
Maximum number of steepest descent iterations                   20
Maximum number of iterations for H1                           2000
Convergence criterion for H1                             0.100D-03
Optimization algorithm                                         EMA

Input data file(s)
  E:\Projects\lnt_pxvx\Data\LT_227.txt
Input data format  FREE


SUMMARY OF DATA

     Number of missing data patterns            14


SUMMARY OF MISSING DATA PATTERNS


     MISSING DATA PATTERNS (x = not missing)

           1  2  3  4  5  6  7  8  9 10 11 12 13 14
 BBFI_O    x  x     x        x  x     x  x        x
 CBFI_O    x  x  x                 x  x     x     x
 DBFI_O    x     x        x  x  x  x  x  x        x
 BMVI_POM  x  x     x           x     x  x
 CMVI_POM  x  x  x                 x  x     x     x
 DMVI_POM  x              x  x  x  x              x
 ABFI_O    x  x  x  x  x  x  x  x  x  x  x  x  x  x
 AMVI_POM  x  x  x  x  x  x  x  x  x  x  x  x     x


     MISSING DATA PATTERN FREQUENCIES

    Pattern   Frequency     Pattern   Frequency     Pattern   Frequency
          1         138           6          11          11           1
          2          10           7           1          12           4
          3           1           8          16          13           1
          4          28           9          10          14           1
          5          53          10           2


COVARIANCE COVERAGE OF DATA

Minimum covariance coverage value   0.100


     PROPORTION OF DATA PRESENT


           Covariance Coverage
              BBFI_O        CBFI_O        DBFI_O        BMVI_POM      CMVI_POM
              ________      ________      ________      ________      ________
 BBFI_O         0.711
 CBFI_O         0.545         0.599
 DBFI_O         0.574         0.549         0.653
 BMVI_POM       0.704         0.542         0.567         0.704
 CMVI_POM       0.545         0.599         0.549         0.542         0.599
 DMVI_POM       0.563         0.538         0.639         0.556         0.538
 ABFI_O         0.711         0.599         0.653         0.704         0.599
 AMVI_POM       0.711         0.599         0.653         0.704         0.599


           Covariance Coverage
              DMVI_POM      ABFI_O        AMVI_POM
              ________      ________      ________
 DMVI_POM       0.639
 ABFI_O         0.639         1.000
 AMVI_POM       0.639         0.996         0.996


SAMPLE STATISTICS


     ESTIMATED SAMPLE STATISTICS


           Means
              BBFI_O        CBFI_O        DBFI_O        BMVI_POM      CMVI_POM
              ________      ________      ________      ________      ________
 1             71.311        72.263        73.956        61.296        61.372


           Means
              DMVI_POM      ABFI_O        AMVI_POM
              ________      ________      ________
 1             61.336        72.311        60.811


           Covariances
              BBFI_O        CBFI_O        DBFI_O        BMVI_POM      CMVI_POM
              ________      ________      ________      ________      ________
 BBFI_O       234.972
 CBFI_O       180.150       204.465
 DBFI_O       143.993       144.312       161.139
 BMVI_POM      70.115        55.711        38.935        91.308
 CMVI_POM      57.926        55.648        40.107        63.774        71.822
 DMVI_POM      52.160        49.243        36.426        57.985        53.202
 ABFI_O       181.459       163.187       135.535        54.086        52.370
 AMVI_POM      61.757        48.765        32.621        69.651        57.066


           Covariances
              DMVI_POM      ABFI_O        AMVI_POM
              ________      ________      ________
 DMVI_POM      66.255
 ABFI_O        45.935       220.466
 AMVI_POM      55.408        57.698        82.695


           Correlations
              BBFI_O        CBFI_O        DBFI_O        BMVI_POM      CMVI_POM
              ________      ________      ________      ________      ________
 BBFI_O         1.000
 CBFI_O         0.822         1.000
 DBFI_O         0.740         0.795         1.000
 BMVI_POM       0.479         0.408         0.321         1.000
 CMVI_POM       0.446         0.459         0.373         0.788         1.000
 DMVI_POM       0.418         0.423         0.353         0.746         0.771
 ABFI_O         0.797         0.769         0.719         0.381         0.416
 AMVI_POM       0.443         0.375         0.283         0.802         0.740


           Correlations
              DMVI_POM      ABFI_O        AMVI_POM
              ________      ________      ________
 DMVI_POM       1.000
 ABFI_O         0.380         1.000
 AMVI_POM       0.749         0.427         1.000


     MAXIMUM LOG-LIKELIHOOD VALUE FOR THE UNRESTRICTED (H1) MODEL IS -5653.906

     WARNING:  THE MLR STANDARD ERRORS COULD NOT BE COMPUTED.  THE MLF STANDARD
     ERRORS WERE COMPUTED INSTEAD.  THE MLR CONDITION NUMBER IS      -0.832D-07.
     PROBLEM INVOLVING PARAMETER 26.  THIS MAY BE DUE TO NEAR SINGULARITY
     OF THE RANDOM EFFECT VARIANCE/COVARIANCE OR INCOMPLETE CONVERGENCE.

THE MODEL ESTIMATION TERMINATED NORMALLY



MODEL FIT INFORMATION

Number of Free Parameters                       28

Loglikelihood

          H0 Value                       -5669.253

Information Criteria

          Akaike (AIC)                   11394.506
          Bayesian (BIC)                 11495.979
          Sample-Size Adjusted BIC       11407.195
            (n* = (n + 2) / 24)



MODEL RESULTS

                                                    Two-Tailed
                    Estimate       S.E.  Est./S.E.    P-Value

 DBFI_O     ON
    CBFI_O             0.239      0.076      3.126      0.002
    CMVI_POMP          0.186      0.134      1.382      0.167

 CBFI_O     ON
    BBFI_O             0.239      0.076      3.126      0.002
    BMVI_POMP          0.186      0.134      1.382      0.167

 BBFI_O     ON
    ABFI_O             0.239      0.076      3.126      0.002
    AMVI_POMP          0.186      0.134      1.382      0.167

 DMVI_POMP  ON
    CMVI_POMP          0.212      0.108      1.969      0.049
    CBFI_O             0.007      0.064      0.114      0.910

 CMVI_POMP  ON
    BMVI_POMP          0.212      0.108      1.969      0.049
    BBFI_O             0.007      0.064      0.114      0.910

 BMVI_POMP  ON
    AMVI_POMP          0.212      0.108      1.969      0.049
    ABFI_O             0.007      0.064      0.114      0.910

 I_MVI_PO WITH
    I_BFI_O           19.956     16.013      1.246      0.213

 S_MVI_PO WITH
    I_BFI_O           -1.022      2.348     -0.435      0.663
    I_MVI_POMP        -3.231      3.300     -0.979      0.328

 ABFI_O   WITH
    I_BFI_O          107.283     20.869      5.141      0.000
    I_MVI_POMP        42.413     20.659      2.053      0.040
    S_MVI_POMP        -2.153      3.796     -0.567      0.571

 AMVI_POM WITH
    I_BFI_O           22.136     11.886      1.862      0.063
    I_MVI_POMP        49.880     14.072      3.545      0.000
    S_MVI_POMP        -1.889      2.520     -0.750      0.454

 DMVI_POM WITH
    DBFI_O             6.792      2.614      2.599      0.009

 CMVI_POM WITH
    CBFI_O             6.792      2.614      2.599      0.009

 BMVI_POM WITH
    BBFI_O             6.792      2.614      2.599      0.009

 AMVI_POM WITH
    ABFI_O            57.698     10.491      5.500      0.000

 Means
    ABFI_O            72.312      1.037     69.725      0.000
    AMVI_POMP         60.811      0.585    103.874      0.000
    I_BFI_O           41.918      9.087      4.613      0.000
    S_BFI_O            0.971      0.379      2.562      0.010
    I_MVI_POMP        47.958      7.931      6.047      0.000
    S_MVI_POMP        -0.042      0.232     -0.181      0.857

 Intercepts
    BBFI_O             0.000      0.000    999.000    999.000
    CBFI_O             0.000      0.000    999.000    999.000
    DBFI_O             0.000      0.000    999.000    999.000
    BMVI_POMP          0.000      0.000    999.000    999.000
    CMVI_POMP          0.000      0.000    999.000    999.000
    DMVI_POMP          0.000      0.000    999.000    999.000

 Variances
    ABFI_O           220.466     20.340     10.839      0.000
    AMVI_POMP         82.695      9.332      8.861      0.000
    I_BFI_O           71.832     21.886      3.282      0.001
    S_BFI_O            0.000      0.000    999.000    999.000
    I_MVI_POMP        44.347     20.356      2.179      0.029
    S_MVI_POMP         0.512      1.104      0.463      0.643

 Residual Variances
    BBFI_O            51.897      4.960     10.462      0.000
    CBFI_O            51.897      4.960     10.462      0.000
    DBFI_O            51.897      4.960     10.462      0.000
    BMVI_POMP         20.094      2.885      6.964      0.000
    CMVI_POMP         20.094      2.885      6.964      0.000
    DMVI_POMP         20.094      2.885      6.964      0.000


QUALITY OF NUMERICAL RESULTS

     Condition Number for the Information Matrix              0.590E-06
       (ratio of smallest to largest eigenvalue)


     Beginning Time:  11:55:42
        Ending Time:  11:55:43
       Elapsed Time:  00:00:01



MUTHEN & MUTHEN
3463 Stoner Ave.
Los Angeles, CA  90066

Tel: (310) 391-9971
Fax: (310) 391-8971
Web: www.StatModel.com
Support: Support@StatModel.com

Copyright (c) 1998-2011 Muthen & Muthen
