Mplus VERSION 8 (Linux)
MUTHEN & MUTHEN
07/08/2018   1:19 PM

INPUT INSTRUCTIONS


  title: PxVx Bivariate LCM-SR - 40splitgroup - Linear bfas_oo with Linear hrz_ind_d;
  data: file = /home/jflournoy/code_new/lnt_pxvx/Data/lnt_nat_recalc.tsv;

  variable:
  names =
  subjid
  aage
  aaspfin
  aaspfin_d
  abfa_mt
  abfa_mt_d
  abfas_ac
  abfas_ap
  abfas_ci
  abfas_co
  abfas_ea
  abfas_ee
  abfas_nv
  abfas_nv9
  abfas_nw
  abfas_oi
  abfas_oo
  abfi_a
  abfi_a6
  abfi_c
  abfi_d_scale
  abfi_e
  abfi_hp8
  abfi_n
  abfi_o
  abfi_s_scale
  ahrz_col
  ahrz_col_d
  ahrz_ind
  ahrz_ind_d
  amvi
  ausi
  ausi_d
  avrt_col
  avrt_col_d
  avrt_ind
  avrt_ind_d
  bage
  baspfin
  baspfin_d
  bbfa_mt
  bbfa_mt_d
  bbfas_ac
  bbfas_ap
  bbfas_ci
  bbfas_co
  bbfas_ea
  bbfas_ee
  bbfas_nv
  bbfas_nv9
  bbfas_nw
  bbfas_oi
  bbfas_oo
  bbfi_a
  bbfi_a6
  bbfi_c
  bbfi_d_scale
  bbfi_e
  bbfi_hp8
  bbfi_n
  bbfi_o
  bbfi_s_scale
  bhrz_col
  bhrz_col_d
  bhrz_ind
  bhrz_ind_d
  bmvi
  busi
  busi_d
  bvrt_col
  bvrt_col_d
  bvrt_ind
  bvrt_ind_d
  cage
  caspfin
  caspfin_d
  cbfa_mt
  cbfa_mt_d
  cbfas_ac
  cbfas_ap
  cbfas_ci
  cbfas_co
  cbfas_ea
  cbfas_ee
  cbfas_nv
  cbfas_nv9
  cbfas_nw
  cbfas_oi
  cbfas_oo
  cbfi_a
  cbfi_a6
  cbfi_c
  cbfi_d_scale
  cbfi_e
  cbfi_hp8
  cbfi_n
  cbfi_o
  cbfi_s_scale
  chrz_col
  chrz_col_d
  chrz_ind
  chrz_ind_d
  cmvi
  cusi
  cusi_d
  cvrt_col
  cvrt_col_d
  cvrt_ind
  cvrt_ind_d
  dage
  daspfin
  daspfin_d
  dbfa_mt
  dbfa_mt_d
  dbfas_ac
  dbfas_ap
  dbfas_ci
  dbfas_co
  dbfas_ea
  dbfas_ee
  dbfas_nv
  dbfas_nv9
  dbfas_nw
  dbfas_oi
  dbfas_oo
  dbfi_a
  dbfi_a6
  dbfi_c
  dbfi_d_scale
  dbfi_e
  dbfi_hp8
  dbfi_n
  dbfi_o
  dbfi_s_scale
  dhrz_col
  dhrz_col_d
  dhrz_ind
  dhrz_ind_d
  dmvi
  dusi
  dusi_d
  dvrt_col
  dvrt_col_d
  dvrt_ind
  dvrt_ind_d;

  USEVARIABLES =
  abfas_oo
  bbfas_oo
  cbfas_oo
  dbfas_oo
  ahrz_ind_d
  bhrz_ind_d
  chrz_ind_d
  dhrz_ind_d
  a1
  a2
  a3
  a4
  aagegrp
  ;

  missing = all (-9999);

  tscores = a1 a2 a3 a4;

  grouping = aagegrp (0=earlier, 1=later);

  DEFINE:

  aagegrp = aage;

  cut aagegrp (39);

  a1 = aage + 0 - 36;
  a2 = aage + 1 - 36;
  a3 = aage + 2 - 36;
  a4 = aage + 3 - 36;

  ANALYSIS:
  TYPE=RANDOM;
  PROCESSORS = 6;
  model=nocovariances; ! supresses default estimation of certain covs in model;

  MODEL:

  i_bfas_oo s_bfas_oo | abfas_oo bbfas_oo cbfas_oo dbfas_oo AT a1 a2 a3 a4;
  i_hrz_ind_d s_hrz_ind_d | ahrz_ind_d bhrz_ind_d chrz_ind_d dhrz_ind_d AT a1 a2 a3 a4;

  ! freeing factor covs because of "nocovariances"
  s_bfas_oo WITH i_bfas_oo s_hrz_ind_d i_hrz_ind_d;
  i_bfas_oo WITH s_hrz_ind_d i_hrz_ind_d;
  s_hrz_ind_d WITH i_hrz_ind_d;

  p1 BY abfas_oo@1; ! Residual "factors";
  p2 BY bbfas_oo@1;
  p3 BY cbfas_oo@1;
  p4 BY dbfas_oo@1;

  v1 BY ahrz_ind_d@1; ! Residual "factors";
  v2 BY bhrz_ind_d@1;
  v3 BY chrz_ind_d@1;
  v4 BY dhrz_ind_d@1;

  !residual variances on observed/manifest vars set to 0
  abfas_oo@0;
  bbfas_oo@0;
  cbfas_oo@0;
  dbfas_oo@0;

  !residual variances on observed/manifest vars set to 0
  ahrz_ind_d@0;
  bhrz_ind_d@0;
  chrz_ind_d@0;
  dhrz_ind_d@0;

  ! means of observed/manifest vars set to 0
  [abfas_oo@0];
  [bbfas_oo@0];
  [cbfas_oo@0];
  [dbfas_oo@0];

  ! means of observed/manifest vars set to 0
  [ahrz_ind_d@0];
  [bhrz_ind_d@0];
  [chrz_ind_d@0];
  [dhrz_ind_d@0];

  [p1@0]; ! means of residual "factors" set to 0
  [p2@0];
  [p3@0];
  [p4@0];

  [v1@0]; ! means of residual "factors" set to 0
  [v2@0];
  [v3@0];
  [v4@0];

  p4 on p3 (a); ! Autoregressive paths constrained to equality
  p3 on p2 (a);
  p2 on p1 (a);

  v4 on v3 (b); ! Autoregressive paths constrained to equality
  v3 on v2 (b);
  v2 on v1 (b);

  p4 on v3 (c); ! Cross-lagged paths constrained to equality
  p3 on v2 (c);
  p2 on v1 (c);

  v4 on p3 (d); ! Cross-lagged paths constrained to equality
  v3 on p2 (d);
  v2 on p1 (d);

  p1 with v1; !(this one is not like the others)

  p2 with v2 (e); ! Within-wave correlations constrained to equality
  p3 with v3 (e);
  p4 with v4 (e);

  p2 p3 p4 (f); ! estimate variances of residual "factors"
  v2 v3 v4 (g); ! estimate variances of residual "factors"

  MODEL earlier:

  p4 on p3 (a23); ! Autoregressive paths constrained to equality
  p3 on p2 (a23);
  p2 on p1 (a23);

  v4 on v3 (b23); ! Autoregressive paths constrained to equality
  v3 on v2 (b23);
  v2 on v1 (b23);

  p4 on v3 (c23); ! Cross-lagged paths constrained to equality
  p3 on v2 (c23);
  p2 on v1 (c23);

  v4 on p3 (d23); ! Cross-lagged paths constrained to equality
  v3 on p2 (d23);
  v2 on p1 (d23);

  p1 with v1; !(this one is not like the others)

  p2 with v2 (e23); ! Within-wave correlations constrained to equality
  p3 with v3 (e23);
  p4 with v4 (e23);

  p2 p3 p4 (f23); ! estimate variances of residual "factors"
  v2 v3 v4 (g23); ! estimate variances of residual "factors"

  MODEL later:

  p4 on p3 (a45); ! Autoregressive paths constrained to equality
  p3 on p2 (a45);
  p2 on p1 (a45);

  v4 on v3 (b45); ! Autoregressive paths constrained to equality
  v3 on v2 (b45);
  v2 on v1 (b45);

  p4 on v3 (c45); ! Cross-lagged paths constrained to equality
  p3 on v2 (c45);
  p2 on v1 (c45);

  v4 on p3 (d45); ! Cross-lagged paths constrained to equality
  v3 on p2 (d45);
  v2 on p1 (d45);

  p1 with v1; !(this one is not like the others)

  p2 with v2 (e45); ! Within-wave correlations constrained to equality
  p3 with v3 (e45);
  p4 with v4 (e45);

  p2 p3 p4 (f45); ! estimate variances of residual "factors"
  v2 v3 v4 (g45); ! estimate variances of residual "factors"

  OUTPUT: SAMPSTAT PATTERNS;



*** WARNING in VARIABLE command
  Note that only the first 8 characters of variable names are used in the output.
  Shorten variable names to avoid any confusion.
*** WARNING
  Data set contains unknown or missing values for GROUPING,
  PATTERN, COHORT, CLUSTER and/or STRATIFICATION variables.
  Number of cases with unknown or missing values:  5
   2 WARNING(S) FOUND IN THE INPUT INSTRUCTIONS



PxVx Bivariate LCM-SR - 40splitgroup - Linear bfas_oo with Linear hrz_ind_d;

SUMMARY OF ANALYSIS

Number of groups                                                 2
Number of observations
   Group EARLIER                                               534
   Group LATER                                                 330
   Total sample size                                           864

Number of dependent variables                                    8
Number of independent variables                                  0
Number of continuous latent variables                           12

Observed dependent variables

  Continuous
   ABFAS_OO    BBFAS_OO    CBFAS_OO    DBFAS_OO    AHRZ_IND_D  BHRZ_IND_D
   CHRZ_IND_D  DHRZ_IND_D

Continuous latent variables
   P1          P2          P3          P4          V1          V2
   V3          V4          I_BFAS_O    S_BFAS_O    I_HRZ_IN    S_HRZ_IN

Variables with special functions

  Grouping variable     AAGEGRP

  Time scores
   A1          A2          A3          A4


Estimator                                                      MLR
Information matrix                                        OBSERVED
Maximum number of iterations                                   100
Convergence criterion                                    0.100D-05
Maximum number of EM iterations                                500
Convergence criteria for the EM algorithm
  Loglikelihood change                                   0.100D-02
  Relative loglikelihood change                          0.100D-05
  Derivative                                             0.100D-03
Minimum variance                                         0.100D-03
Maximum number of steepest descent iterations                   20
Maximum number of iterations for H1                           2000
Convergence criterion for H1                             0.100D-03
Optimization algorithm                                         EMA

Input data file(s)
  /home/jflournoy/code_new/lnt_pxvx/Data/lnt_nat_recalc.tsv
Input data format  FREE


SUMMARY OF DATA

   Group EARLIER
     Number of missing data patterns            15

   Group LATER
     Number of missing data patterns            16


SUMMARY OF MISSING DATA PATTERNS


     MISSING DATA PATTERNS (x = not missing) FOR EARLIER

           1  2  3  4  5  6  7  8  9 10 11 12 13 14 15
 ABFAS_OO  x  x  x  x  x  x  x  x  x  x  x  x  x  x  x
 BBFAS_OO  x     x     x  x  x        x  x  x  x
 CBFAS_OO  x        x  x     x     x  x     x  x  x
 DBFAS_OO  x     x  x  x        x           x     x  x
 AHRZ_IND  x  x  x  x  x  x  x  x  x  x  x  x  x  x  x
 BHRZ_IND  x     x     x  x  x        x        x  x
 CHRZ_IND  x        x        x     x        x  x  x
 DHRZ_IND  x     x  x  x        x           x  x  x


     MISSING DATA PATTERN FREQUENCIES FOR EARLIER

    Pattern   Frequency     Pattern   Frequency     Pattern   Frequency
          1         326           6          26          11           2
          2         101           7          20          12           2
          3          14           8          14          13           1
          4          12           9          12          14           1
          5           1          10           1          15           1


     MISSING DATA PATTERNS (x = not missing) FOR LATER

           1  2  3  4  5  6  7  8  9 10 11 12 13 14 15 16
 ABFAS_OO  x  x  x  x  x  x  x  x  x  x  x  x     x  x  x
 BBFAS_OO  x     x     x  x  x        x  x     x     x
 CBFAS_OO  x        x  x     x     x     x  x  x        x
 DBFAS_OO  x     x  x  x        x        x  x  x     x
 AHRZ_IND  x  x  x  x  x  x  x  x  x  x  x  x  x     x  x
 BHRZ_IND  x     x     x  x  x              x  x
 CHRZ_IND  x        x        x     x     x  x  x
 DHRZ_IND  x     x  x  x        x        x  x  x     x


     MISSING DATA PATTERN FREQUENCIES FOR LATER

    Pattern   Frequency     Pattern   Frequency     Pattern   Frequency
          1         163           7          26          13           1
          2          68           8          10          14           1
          3          12           9          11          15           1
          4           9          10           2          16           1
          5           1          11           1
          6          22          12           1


COVARIANCE COVERAGE OF DATA

Minimum covariance coverage value   0.100


     PROPORTION OF DATA PRESENT FOR EARLIER


           Covariance Coverage
              ABFAS_OO      BBFAS_OO      CBFAS_OO      DBFAS_OO      AHRZ_IND
              ________      ________      ________      ________      ________
 ABFAS_OO       1.000
 BBFAS_OO       0.736         0.736
 CBFAS_OO       0.704         0.657         0.704
 DBFAS_OO       0.695         0.642         0.640         0.695
 AHRZ_IND       1.000         0.736         0.704         0.695         1.000
 BHRZ_IND       0.730         0.728         0.655         0.640         0.730
 CHRZ_IND       0.700         0.654         0.700         0.639         0.700
 DHRZ_IND       0.695         0.644         0.642         0.693         0.695


           Covariance Coverage
              BHRZ_IND      CHRZ_IND      DHRZ_IND
              ________      ________      ________
 BHRZ_IND       0.730
 CHRZ_IND       0.652         0.700
 DHRZ_IND       0.642         0.640         0.695


     PROPORTION OF DATA PRESENT FOR LATER


           Covariance Coverage
              ABFAS_OO      BBFAS_OO      CBFAS_OO      DBFAS_OO      AHRZ_IND
              ________      ________      ________      ________      ________
 ABFAS_OO       0.997
 BBFAS_OO       0.694         0.697
 CBFAS_OO       0.652         0.591         0.655
 DBFAS_OO       0.600         0.539         0.533         0.603
 AHRZ_IND       0.997         0.697         0.655         0.603         1.000
 BHRZ_IND       0.691         0.691         0.591         0.539         0.694
 CHRZ_IND       0.642         0.582         0.645         0.530         0.645
 DHRZ_IND       0.600         0.542         0.536         0.600         0.603


           Covariance Coverage
              BHRZ_IND      CHRZ_IND      DHRZ_IND
              ________      ________      ________
 BHRZ_IND       0.694
 CHRZ_IND       0.582         0.645
 DHRZ_IND       0.542         0.533         0.603


SAMPLE STATISTICS


     ESTIMATED SAMPLE STATISTICS FOR EARLIER


           Means
              ABFAS_OO      BBFAS_OO      CBFAS_OO      DBFAS_OO      AHRZ_IND
              ________      ________      ________      ________      ________
               73.573        73.179        72.551        72.366        73.455


           Means
              BHRZ_IND      CHRZ_IND      DHRZ_IND
              ________      ________      ________
               73.102        73.748        72.955


           Covariances
              ABFAS_OO      BBFAS_OO      CBFAS_OO      DBFAS_OO      AHRZ_IND
              ________      ________      ________      ________      ________
 ABFAS_OO     253.313
 BBFAS_OO     206.707       261.676
 CBFAS_OO     210.179       217.875       278.937
 DBFAS_OO     204.961       206.298       228.377       270.984
 AHRZ_IND      27.129        23.441        37.536        36.363       320.322
 BHRZ_IND      16.641        13.254        25.646        19.666       189.527
 CHRZ_IND       4.237        -2.346        18.631        10.202       173.374
 DHRZ_IND      10.445         8.324        20.070        18.369       149.111


           Covariances
              BHRZ_IND      CHRZ_IND      DHRZ_IND
              ________      ________      ________
 BHRZ_IND     330.991
 CHRZ_IND     166.916       321.057
 DHRZ_IND     194.368       191.351       304.562


           Correlations
              ABFAS_OO      BBFAS_OO      CBFAS_OO      DBFAS_OO      AHRZ_IND
              ________      ________      ________      ________      ________
 ABFAS_OO       1.000
 BBFAS_OO       0.803         1.000
 CBFAS_OO       0.791         0.806         1.000
 DBFAS_OO       0.782         0.775         0.831         1.000
 AHRZ_IND       0.095         0.081         0.126         0.123         1.000
 BHRZ_IND       0.057         0.045         0.084         0.066         0.582
 CHRZ_IND       0.015        -0.008         0.062         0.035         0.541
 DHRZ_IND       0.038         0.029         0.069         0.064         0.477


           Correlations
              BHRZ_IND      CHRZ_IND      DHRZ_IND
              ________      ________      ________
 BHRZ_IND       1.000
 CHRZ_IND       0.512         1.000
 DHRZ_IND       0.612         0.612         1.000


     ESTIMATED SAMPLE STATISTICS FOR LATER


           Means
              ABFAS_OO      BBFAS_OO      CBFAS_OO      DBFAS_OO      AHRZ_IND
              ________      ________      ________      ________      ________
               72.577        73.179        72.604        72.268        71.731


           Means
              BHRZ_IND      CHRZ_IND      DHRZ_IND
              ________      ________      ________
               72.541        72.666        71.725


           Covariances
              ABFAS_OO      BBFAS_OO      CBFAS_OO      DBFAS_OO      AHRZ_IND
              ________      ________      ________      ________      ________
 ABFAS_OO     245.154
 BBFAS_OO     203.861       248.578
 CBFAS_OO     195.614       214.282       250.216
 DBFAS_OO     195.257       210.434       209.711       238.902
 AHRZ_IND       4.997         1.171        10.811        13.857       327.153
 BHRZ_IND      -2.455        15.156        14.448        26.330       169.083
 CHRZ_IND       3.395        11.628         8.635        13.641       155.487
 DHRZ_IND     -11.222        -7.804        -1.425         2.064       166.525


           Covariances
              BHRZ_IND      CHRZ_IND      DHRZ_IND
              ________      ________      ________
 BHRZ_IND     302.529
 CHRZ_IND     180.814       281.984
 DHRZ_IND     168.744       168.511       268.703


           Correlations
              ABFAS_OO      BBFAS_OO      CBFAS_OO      DBFAS_OO      AHRZ_IND
              ________      ________      ________      ________      ________
 ABFAS_OO       1.000
 BBFAS_OO       0.826         1.000
 CBFAS_OO       0.790         0.859         1.000
 DBFAS_OO       0.807         0.864         0.858         1.000
 AHRZ_IND       0.018         0.004         0.038         0.050         1.000
 BHRZ_IND      -0.009         0.055         0.053         0.098         0.537
 CHRZ_IND       0.013         0.044         0.033         0.053         0.512
 DHRZ_IND      -0.044        -0.030        -0.005         0.008         0.562


           Correlations
              BHRZ_IND      CHRZ_IND      DHRZ_IND
              ________      ________      ________
 BHRZ_IND       1.000
 CHRZ_IND       0.619         1.000
 DHRZ_IND       0.592         0.612         1.000


     MAXIMUM LOG-LIKELIHOOD VALUE FOR THE UNRESTRICTED (H1) MODEL IS -20829.076


UNIVARIATE SAMPLE STATISTICS


     UNIVARIATE HIGHER-ORDER MOMENT DESCRIPTIVE STATISTICS FOR EARLIER

         Variable/         Mean/     Skewness/   Minimum/ % with                Percentiles
        Sample Size      Variance    Kurtosis    Maximum  Min/Max      20%/60%    40%/80%    Median

     ABFAS_OO             73.573      -0.504      20.000    0.19%      60.000     70.000     75.000
             534.000     253.313      -0.288     100.000    2.06%      80.000     87.500
     BBFAS_OO             72.808      -0.531      22.500    0.25%      58.333     70.000     75.000
             393.000     261.274      -0.189     100.000    1.78%      80.000     87.500
     CBFAS_OO             72.455      -0.448      17.500    0.27%      57.500     69.444     72.500
             376.000     272.712      -0.303     100.000    3.46%      80.000     87.500
     DBFAS_OO             72.513      -0.640      22.500    0.54%      60.000     70.000     75.000
             371.000     263.067       0.031     100.000    2.43%      80.000     85.000
     AHRZ_IND_D           73.455      -0.546       8.333    0.19%      58.333     66.667     75.000
             534.000     320.322       0.002     100.000   10.67%      75.000     91.667
     BHRZ_IND_D           72.821      -0.373      16.667    0.51%      58.333     66.667     75.000
             390.000     334.370      -0.315     100.000   12.82%      75.000     91.667
     CHRZ_IND_D           74.064      -0.533       8.333    0.53%      58.333     75.000     75.000
             374.000     322.951       0.171     100.000   13.64%      75.000     91.667
     DHRZ_IND_D           73.270      -0.442      25.000    0.54%      58.333     75.000     75.000
             371.000     302.676      -0.357     100.000    9.97%      75.000     91.667


     UNIVARIATE HIGHER-ORDER MOMENT DESCRIPTIVE STATISTICS FOR LATER

         Variable/         Mean/     Skewness/   Minimum/ % with                Percentiles
        Sample Size      Variance    Kurtosis    Maximum  Min/Max      20%/60%    40%/80%    Median

     ABFAS_OO             72.521      -0.503      27.500    0.91%      58.333     70.000     75.000
             329.000     244.640      -0.263     100.000    1.82%      77.500     87.500
     BBFAS_OO             73.358      -0.555      17.500    0.44%      60.000     70.000     75.000
             229.000     245.530      -0.174     100.000    1.31%      80.000     87.500
     CBFAS_OO             73.689      -0.447      27.500    0.47%      60.000     70.000     75.000
             214.000     244.667      -0.413     100.000    4.67%      80.000     87.500
     DBFAS_OO             73.200      -0.741      15.000    0.50%      60.000     72.500     75.000
             199.000     249.292       0.176     100.000    1.51%      80.000     87.500
     AHRZ_IND_D           71.733      -0.556      25.000    2.43%      58.333     66.667     75.000
             329.000     327.153      -0.049     100.000    8.51%      75.000     87.500
     BHRZ_IND_D           73.101      -0.514      25.000    2.65%      58.333     66.667     75.000
             226.000     302.211       0.055     100.000    9.73%      75.000     91.667
     CHRZ_IND_D           72.602      -0.285      16.667    0.47%      58.333     66.667     75.000
             212.000     280.873      -0.148     100.000    9.43%      75.000     91.667
     DHRZ_IND_D           71.273      -0.586      16.667    0.50%      58.333     66.667     75.000
             199.000     272.612       0.304     100.000    5.03%      75.000     83.333


THE MODEL ESTIMATION TERMINATED NORMALLY



MODEL FIT INFORMATION

Number of Free Parameters                       48

Loglikelihood

          H0 Value                      -20847.167
          H0 Scaling Correction Factor      1.1973
            for MLR

Information Criteria

          Akaike (AIC)                   41790.334
          Bayesian (BIC)                 42018.890
          Sample-Size Adjusted BIC       41866.454
            (n* = (n + 2) / 24)



MODEL RESULTS

                                                    Two-Tailed
                    Estimate       S.E.  Est./S.E.    P-Value

Group EARLIER

 P1       BY
    ABFAS_OO           1.000      0.000    999.000    999.000

 P2       BY
    BBFAS_OO           1.000      0.000    999.000    999.000

 P3       BY
    CBFAS_OO           1.000      0.000    999.000    999.000

 P4       BY
    DBFAS_OO           1.000      0.000    999.000    999.000

 V1       BY
    AHRZ_IND_D         1.000      0.000    999.000    999.000

 V2       BY
    BHRZ_IND_D         1.000      0.000    999.000    999.000

 V3       BY
    CHRZ_IND_D         1.000      0.000    999.000    999.000

 V4       BY
    DHRZ_IND_D         1.000      0.000    999.000    999.000

 P4         ON
    P3                 0.170      0.078      2.170      0.030
    V3                -0.005      0.030     -0.183      0.855

 P3         ON
    P2                 0.170      0.078      2.170      0.030
    V2                -0.005      0.030     -0.183      0.855

 P2         ON
    P1                 0.170      0.078      2.170      0.030
    V1                -0.005      0.030     -0.183      0.855

 V4         ON
    V3                 0.037      0.065      0.574      0.566
    P3                -0.031      0.076     -0.411      0.681

 V3         ON
    V2                 0.037      0.065      0.574      0.566
    P2                -0.031      0.076     -0.411      0.681

 V2         ON
    V1                 0.037      0.065      0.574      0.566
    P1                -0.031      0.076     -0.411      0.681

 S_BFAS_O WITH
    I_BFAS_OO          2.728      2.464      1.107      0.268
    S_HRZ_IND_        -0.014      0.313     -0.045      0.964
    I_HRZ_IND_         2.047      3.162      0.647      0.517

 I_BFAS_O WITH
    S_HRZ_IND_        -4.861      3.194     -1.522      0.128
    I_HRZ_IND_         1.484     18.280      0.081      0.935

 S_HRZ_IN WITH
    I_HRZ_IND_         3.671      2.568      1.429      0.153

 P1       WITH
    V1                 0.019      7.655      0.002      0.998

 P2       WITH
    V2                 2.006      4.358      0.460      0.645

 P3       WITH
    V3                 2.006      4.358      0.460      0.645

 P4       WITH
    V4                 2.006      4.358      0.460      0.645

 Means
    P1                 0.000      0.000    999.000    999.000
    V1                 0.000      0.000    999.000    999.000
    I_BFAS_OO         70.957      0.924     76.757      0.000
    S_BFAS_OO         -0.354      0.099     -3.563      0.000
    I_HRZ_IND_        72.576      0.985     73.672      0.000
    S_HRZ_IND_        -0.135      0.115     -1.176      0.240

 Intercepts
    ABFAS_OO           0.000      0.000    999.000    999.000
    BBFAS_OO           0.000      0.000    999.000    999.000
    CBFAS_OO           0.000      0.000    999.000    999.000
    DBFAS_OO           0.000      0.000    999.000    999.000
    AHRZ_IND_D         0.000      0.000    999.000    999.000
    BHRZ_IND_D         0.000      0.000    999.000    999.000
    CHRZ_IND_D         0.000      0.000    999.000    999.000
    DHRZ_IND_D         0.000      0.000    999.000    999.000
    P2                 0.000      0.000    999.000    999.000
    P3                 0.000      0.000    999.000    999.000
    P4                 0.000      0.000    999.000    999.000
    V2                 0.000      0.000    999.000    999.000
    V3                 0.000      0.000    999.000    999.000
    V4                 0.000      0.000    999.000    999.000

 Variances
    P1                54.704      7.691      7.113      0.000
    V1               153.753     17.165      8.957      0.000
    I_BFAS_OO        227.619     22.049     10.323      0.000
    S_BFAS_OO          0.123      0.368      0.335      0.738
    I_HRZ_IND_       200.932     23.204      8.659      0.000
    S_HRZ_IND_         0.279      0.417      0.668      0.504

 Residual Variances
    ABFAS_OO           0.000      0.000    999.000    999.000
    BBFAS_OO           0.000      0.000    999.000    999.000
    CBFAS_OO           0.000      0.000    999.000    999.000
    DBFAS_OO           0.000      0.000    999.000    999.000
    AHRZ_IND_D         0.000      0.000    999.000    999.000
    BHRZ_IND_D         0.000      0.000    999.000    999.000
    CHRZ_IND_D         0.000      0.000    999.000    999.000
    DHRZ_IND_D         0.000      0.000    999.000    999.000
    P2                58.990      6.275      9.401      0.000
    P3                58.990      6.275      9.401      0.000
    P4                58.990      6.275      9.401      0.000
    V2               139.737     11.355     12.306      0.000
    V3               139.737     11.355     12.306      0.000
    V4               139.737     11.355     12.306      0.000

Group LATER

 P1       BY
    ABFAS_OO           1.000      0.000    999.000    999.000

 P2       BY
    BBFAS_OO           1.000      0.000    999.000    999.000

 P3       BY
    CBFAS_OO           1.000      0.000    999.000    999.000

 P4       BY
    DBFAS_OO           1.000      0.000    999.000    999.000

 V1       BY
    AHRZ_IND_D         1.000      0.000    999.000    999.000

 V2       BY
    BHRZ_IND_D         1.000      0.000    999.000    999.000

 V3       BY
    CHRZ_IND_D         1.000      0.000    999.000    999.000

 V4       BY
    DHRZ_IND_D         1.000      0.000    999.000    999.000

 P4         ON
    P3                 0.063      0.063      0.999      0.318
    V3                -0.048      0.026     -1.845      0.065

 P3         ON
    P2                 0.063      0.063      0.999      0.318
    V2                -0.048      0.026     -1.845      0.065

 P2         ON
    P1                 0.063      0.063      0.999      0.318
    V1                -0.048      0.026     -1.845      0.065

 V4         ON
    V3                 0.025      0.057      0.439      0.661
    P3                -0.090      0.095     -0.945      0.345

 V3         ON
    V2                 0.025      0.057      0.439      0.661
    P2                -0.090      0.095     -0.945      0.345

 V2         ON
    V1                 0.025      0.057      0.439      0.661
    P1                -0.090      0.095     -0.945      0.345

 S_BFAS_O WITH
    I_BFAS_OO         -5.198      8.711     -0.597      0.551
    S_HRZ_IND_         0.053      0.723      0.073      0.942
    I_HRZ_IND_         3.864     10.600      0.364      0.715

 I_BFAS_O WITH
    S_HRZ_IND_        -5.964      7.924     -0.753      0.452
    I_HRZ_IND_        24.754     99.494      0.249      0.804

 S_HRZ_IN WITH
    I_HRZ_IND_        -3.379     13.940     -0.242      0.808

 P1       WITH
    V1                 5.704      7.953      0.717      0.473

 P2       WITH
    V2                -2.932      3.807     -0.770      0.441

 P3       WITH
    V3                -2.932      3.807     -0.770      0.441

 P4       WITH
    V4                -2.932      3.807     -0.770      0.441

 Means
    P1                 0.000      0.000    999.000    999.000
    V1                 0.000      0.000    999.000    999.000
    I_BFAS_OO         72.606      1.935     37.519      0.000
    S_BFAS_OO          0.007      0.137      0.050      0.960
    I_HRZ_IND_        72.483      2.119     34.210      0.000
    S_HRZ_IND_        -0.021      0.152     -0.141      0.888

 Intercepts
    ABFAS_OO           0.000      0.000    999.000    999.000
    BBFAS_OO           0.000      0.000    999.000    999.000
    CBFAS_OO           0.000      0.000    999.000    999.000
    DBFAS_OO           0.000      0.000    999.000    999.000
    AHRZ_IND_D         0.000      0.000    999.000    999.000
    BHRZ_IND_D         0.000      0.000    999.000    999.000
    CHRZ_IND_D         0.000      0.000    999.000    999.000
    DHRZ_IND_D         0.000      0.000    999.000    999.000
    P2                 0.000      0.000    999.000    999.000
    P3                 0.000      0.000    999.000    999.000
    P4                 0.000      0.000    999.000    999.000
    V2                 0.000      0.000    999.000    999.000
    V3                 0.000      0.000    999.000    999.000
    V4                 0.000      0.000    999.000    999.000

 Variances
    P1                57.057      8.511      6.704      0.000
    V1               170.133     28.398      5.991      0.000
    I_BFAS_OO        259.430    112.852      2.299      0.022
    S_BFAS_OO          0.404      0.655      0.617      0.537
    I_HRZ_IND_       198.589    156.258      1.271      0.204
    S_HRZ_IND_         0.294      1.163      0.253      0.800

 Residual Variances
    ABFAS_OO           0.000      0.000    999.000    999.000
    BBFAS_OO           0.000      0.000    999.000    999.000
    CBFAS_OO           0.000      0.000    999.000    999.000
    DBFAS_OO           0.000      0.000    999.000    999.000
    AHRZ_IND_D         0.000      0.000    999.000    999.000
    BHRZ_IND_D         0.000      0.000    999.000    999.000
    CHRZ_IND_D         0.000      0.000    999.000    999.000
    DHRZ_IND_D         0.000      0.000    999.000    999.000
    P2                36.102      4.229      8.538      0.000
    P3                36.102      4.229      8.538      0.000
    P4                36.102      4.229      8.538      0.000
    V2               114.327     10.470     10.920      0.000
    V3               114.327     10.470     10.920      0.000
    V4               114.327     10.470     10.920      0.000


QUALITY OF NUMERICAL RESULTS

     Condition Number for the Information Matrix              0.942E-06
       (ratio of smallest to largest eigenvalue)


     Beginning Time:  13:19:15
        Ending Time:  13:19:30
       Elapsed Time:  00:00:15



MUTHEN & MUTHEN
3463 Stoner Ave.
Los Angeles, CA  90066

Tel: (310) 391-9971
Fax: (310) 391-8971
Web: www.StatModel.com
Support: Support@StatModel.com

Copyright (c) 1998-2017 Muthen & Muthen
