Mplus VERSION 6.12
MUTHEN & MUTHEN
03/21/2016   1:25 PM

INPUT INSTRUCTIONS


  title: PxVx Univariate - Nat MeanOnly bfi_hp8 with Lin aspfin;
  data: file = E:\Projects\lnt_pxvx\Data\LT_227.txt;


  variable:
  names =
  subjid
  Sample
  aGENDER
  aAGE
  aethnic1
  aethnic2
  aedu_mom
  aedu_dad
  aEDUCATN
  bEDUCATN
  cEDUCATN
  aEMPLOYD
  bEMPLOYD
  cEMPLOYD
  dEMPLOYD
  aINCOME
  bINCOME
  cINCOME
  dINCOME
  aS_SCALE
  bS_SCALE
  cS_SCALE
  dS_SCALE
  aD_SCALE
  bD_SCALE
  cD_SCALE
  dD_SCALE
  aS_COMP
  bS_COMP
  cS_COMP
  dS_COMP
  aD_COMP
  bD_COMP
  cD_COMP
  dD_COMP
  aBFI_A
  aBFI_A6
  aBFI_C
  aBFI_E
  aBFI_HP
  aBFI_N
  aBFI_O
  bBFI_A
  bBFI_A6
  bBFI_C
  bBFI_E
  bBFI_HP
  bBFI_N
  bBFI_O
  cBFI_A
  cBFI_A6
  cBFI_C
  cBFI_E
  cBFI_HP
  cBFI_N
  cBFI_O
  dBFI_A
  dBFI_A6
  dBFI_C
  dBFI_E
  dBFI_HP
  dBFI_N
  dBFI_O
  aBFA_AC
  aBFA_AP
  aBFA_CI
  aBFA_CO
  aBFA_EA
  aBFA_EE
  aBFA_N9
  aBFA_NV
  aBFA_NW
  aBFA_OI
  aBFA_OO
  aBFA_PS
  aBFA_MT
  bBFA_AC
  bBFA_AP
  bBFA_CI
  bBFA_CO
  bBFA_EA
  bBFA_EE
  bBFA_N9
  bBFA_NV
  bBFA_NW
  bBFA_OI
  bBFA_OO
  bBFA_MT
  bBFA_PS
  cBFA_AC
  cBFA_AP
  cBFA_CI
  cBFA_CO
  cBFA_EA
  cBFA_EE
  cBFA_N9
  cBFA_NV
  cBFA_NW
  cBFA_OI
  cBFA_OO
  cBFA_MT
  cBFA_PS
  dBFA_AC
  dBFA_AP
  dBFA_CI
  dBFA_CO
  dBFA_EA
  dBFA_EE
  dBFA_N9
  dBFA_NV
  dBFA_NW
  dBFA_OI
  dBFA_OO
  dBFA_MT
  dBFA_PS
  aUSI
  bUSI
  cUSI
  dUSI
  aHRZ_IND
  bHRZ_IND
  cHRZ_IND
  dHRZ_IND
  aVRT_IND
  bVRT_IND
  cVRT_IND
  dVRT_IND
  aHRZ_COL
  bHRZ_COL
  cHRZ_COL
  dHRZ_COL
  aVRT_COL
  bVRT_COL
  cVRT_COL
  dVRT_COL
  aCOLLCTV
  bCOLLCTV
  cCOLLCTV
  dCOLLCTV
  aMVS
  bMVS
  cMVS
  dMVS
  aST
  bST
  cST
  dST
  aSD
  bSD
  cSD
  dSD
  aMVS_mc
  bMVS_mc
  cMVS_mc
  dMVS_mc
  aST_mc
  bST_mc
  cST_mc
  dST_mc
  aSD_mc
  bSD_mc
  cSD_mc
  dSD_mc
  bMEANING
  cMEANING
  dMEANING
  bMEAN_L
  cMEAN_L
  dMEAN_L
  bMEANNGc
  cMEANNGc
  dMEANNGc
  bMEANGlc
  cMEANGlc
  dMEANGlc
  bCLASSIC
  cCLASSIC
  dCLASSIC
  bCLASSCc
  cCLASSCc
  dCLASSCc
  bAGR_VAL
  cAGR_VAL
  dAGR_VAL
  bOPN_VAL
  cOPN_VAL
  dOPN_VAL
  bAGR_VLc
  cAGR_VLc
  dAGR_VLc
  bOPNVALc
  cOPNVALc
  dOPNVALc
  aMV_pomp
  bMV_pomp
  cMV_pomp
  dMV_pomp
  aST_pomp
  bST_pomp
  cST_pomp
  dST_pomp
  aSD_pomp
  bSD_pomp
  cSD_pomp
  dSD_pomp
  agoal_ec
  bgoal_ec
  cgoal_ec
  dgoal_ec
  aAspfinc
  bAspfinc
  cAspfinc
  dAspfinc
  abfi_hp8
  bbfi_hp8
  cbfi_hp8
  dbfi_hp8
  aP_S_BFI
  aP_D_BFI
  aECgoalc
  bECgoalC
  cECgoalC
  dECgoalC
  aaspfin
  baspfin
  caspfin
  daspfin
  aMVI_POMP
  bMVI_POMP
  cMVI_POMP
  dMVI_POMP;


  USEVARIABLES =
  abfi_hp8
  bbfi_hp8
  cbfi_hp8
  dbfi_hp8
  aaspfin
  baspfin
  caspfin
  daspfin
  bage_c
  cage_c
  dage_c
  ;

  missing = all (-9999);

  USEOBSERVATIONS are Sample == 1; ! National Sample

  tscores = bage_c cage_c dage_c;

  DEFINE:
  bage_c = aAGE + 1 - 36;
  cage_c = aAGE + 2 - 36;
  dage_c = aAGE + 3 - 36;

  ANALYSIS:
  TYPE=RANDOM;
  PROCESSORS = 8;

  MODEL:

  i_bfi_hp8 s_bfi_hp8 | bbfi_hp8 cbfi_hp8 dbfi_hp8 AT bage_c cage_c dage_c;
  i_aspfin s_aspfin | baspfin caspfin daspfin AT bage_c cage_c dage_c;


  !After Bollen and Curran initial observation is not part of LGM

  dbfi_hp8 on cbfi_hp8 (a); ! Autoregressive paths constrained to equality
  cbfi_hp8 on bbfi_hp8 (a);
  bbfi_hp8 on abfi_hp8 (a);

  daspfin on caspfin (b); ! Autoregressive paths constrained to equality
  caspfin on baspfin (b);
  baspfin on aaspfin (b);

  bbfi_hp8 cbfi_hp8 dbfi_hp8 (c); !Equality constraint on residuals
  baspfin caspfin daspfin (d); !Equality constraint on residuals

  daspfin on cbfi_hp8 (x); ! Cross-lagged paths constrained to equality
  caspfin on bbfi_hp8 (x);
  baspfin on abfi_hp8 (x);

  dbfi_hp8 on caspfin (y); ! Cross-lagged paths constrained to equality
  cbfi_hp8 on baspfin (y);
  bbfi_hp8 on aaspfin (y);

  daspfin with dbfi_hp8 (w); ! within-wave correlations constrained to equality
  caspfin with cbfi_hp8 (w);
  baspfin with bbfi_hp8 (w);

  abfi_hp8 aaspfin i_bfi_hp8 i_aspfin
  s_aspfin
  with
  s_aspfin
  abfi_hp8 aaspfin i_bfi_hp8 i_aspfin;

  s_bfi_hp8@0;


  OUTPUT: SAMPSTAT PATTERNS;



*** WARNING
  Variable name contains more than 8 characters.
  Only the first 8 characters will be printed in the output.
  Variable: AMVI_POMP
*** WARNING
  Variable name contains more than 8 characters.
  Only the first 8 characters will be printed in the output.
  Variable: BMVI_POMP
*** WARNING
  Variable name contains more than 8 characters.
  Only the first 8 characters will be printed in the output.
  Variable: CMVI_POMP
*** WARNING
  Variable name contains more than 8 characters.
  Only the first 8 characters will be printed in the output.
  Variable: DMVI_POMP
*** WARNING
  Variable name contains more than 8 characters.
  Only the first 8 characters will be printed in the output.
  Variable: I_BFI_HP8
*** WARNING
  Variable name contains more than 8 characters.
  Only the first 8 characters will be printed in the output.
  Variable: S_BFI_HP8
*** WARNING in MODEL command
  All continuous latent variable covariances involving S_BFI_HP8 have been fixed to 0
  because the variance of S_BFI_HP8 is fixed at 0.
*** WARNING
  Data set contains cases with missing on time scores but non-missing on the
  corresponding dependent variables.  These cases were not included in the analysis.
  Number of such cases:  16
   8 WARNING(S) FOUND IN THE INPUT INSTRUCTIONS



PxVx Univariate - Nat MeanOnly bfi_hp8 with Lin aspfin;

SUMMARY OF ANALYSIS

Number of groups                                                 1
Number of observations                                         863

Number of dependent variables                                    6
Number of independent variables                                  2
Number of continuous latent variables                            4

Observed dependent variables

  Continuous
   BBFI_HP8    CBFI_HP8    DBFI_HP8    BASPFIN     CASPFIN     DASPFIN

Observed independent variables
   ABFI_HP8    AASPFIN

Continuous latent variables
   I_BFI_HP    S_BFI_HP    I_ASPFIN    S_ASPFIN

Variables with special functions

  Time scores
   BAGE_C      CAGE_C      DAGE_C


Estimator                                                      MLR
Information matrix                                        OBSERVED
Maximum number of iterations                                   100
Convergence criterion                                    0.100D-05
Maximum number of EM iterations                                500
Convergence criteria for the EM algorithm
  Loglikelihood change                                   0.100D-02
  Relative loglikelihood change                          0.100D-05
  Derivative                                             0.100D-03
Minimum variance                                         0.100D-03
Maximum number of steepest descent iterations                   20
Maximum number of iterations for H1                           2000
Convergence criterion for H1                             0.100D-03
Optimization algorithm                                         EMA

Input data file(s)
  E:\Projects\lnt_pxvx\Data\LT_227.txt
Input data format  FREE


SUMMARY OF DATA

     Number of missing data patterns            21


SUMMARY OF MISSING DATA PATTERNS


     MISSING DATA PATTERNS (x = not missing)

           1  2  3  4  5  6  7  8  9 10 11 12 13 14 15 16 17 18 19 20
 BBFI_HP8  x     x  x        x     x  x  x  x  x     x     x  x
 CBFI_HP8  x           x     x  x        x  x  x     x        x  x
 DBFI_HP8  x     x     x  x              x  x  x  x  x     x     x  x
 BASPFIN   x     x  x        x     x     x     x     x        x
 CASPFIN   x           x     x  x        x  x        x        x  x
 DASPFIN   x     x     x  x                 x  x  x  x     x  x
 ABFI_HP8  x  x  x  x  x  x  x  x  x  x  x  x  x        x  x  x  x  x
 AASPFIN   x  x  x  x  x  x  x  x     x  x  x  x  x        x  x  x  x

          21
 BBFI_HP8
 CBFI_HP8  x
 DBFI_HP8  x
 BASPFIN
 CASPFIN   x
 DASPFIN   x
 ABFI_HP8
 AASPFIN


     MISSING DATA PATTERN FREQUENCIES

    Pattern   Frequency     Pattern   Frequency     Pattern   Frequency
          1         491           8          21          15           3
          2         168           9           1          16           1
          3          26          10           3          17           1
          4          48          11           1          18           1
          5          21          12           2          19           2
          6          23          13           1          20           2
          7          45          14           1          21           1


COVARIANCE COVERAGE OF DATA

Minimum covariance coverage value   0.100


     PROPORTION OF DATA PRESENT


           Covariance Coverage
              BBFI_HP8      CBFI_HP8      DBFI_HP8      BASPFIN       CASPFIN
              ________      ________      ________      ________      ________
 BBFI_HP8       0.722
 CBFI_HP8       0.630         0.683
 DBFI_HP8       0.608         0.605         0.666
 BASPFIN        0.715         0.628         0.605         0.715
 CASPFIN        0.629         0.681         0.604         0.627         0.681
 DASPFIN        0.608         0.603         0.660         0.605         0.601
 ABFI_HP8       0.718         0.678         0.660         0.711         0.677
 AASPFIN        0.717         0.678         0.662         0.710         0.677


           Covariance Coverage
              DASPFIN       ABFI_HP8      AASPFIN
              ________      ________      ________
 DASPFIN        0.662
 ABFI_HP8       0.656         0.994
 AASPFIN        0.657         0.992         0.993


SAMPLE STATISTICS


     ESTIMATED SAMPLE STATISTICS


           Means
              BBFI_HP8      CBFI_HP8      DBFI_HP8      BASPFIN       CASPFIN
              ________      ________      ________      ________      ________
 1             71.575        72.241        72.363        48.442        48.785


           Means
              DASPFIN       ABFI_HP8      AASPFIN
              ________      ________      ________
 1             48.541        71.153        48.503


           Covariances
              BBFI_HP8      CBFI_HP8      DBFI_HP8      BASPFIN       CASPFIN
              ________      ________      ________      ________      ________
 BBFI_HP8     252.906
 CBFI_HP8     185.930       233.097
 DBFI_HP8     175.626       176.743       230.969
 BASPFIN      -67.224       -69.450       -52.121       524.049
 CASPFIN      -77.182       -73.651       -63.660       423.062       531.687
 DASPFIN      -54.239       -61.239       -53.682       411.061       417.941
 ABFI_HP8     188.414       175.081       164.704       -45.976       -52.640
 AASPFIN      -63.339       -74.210       -57.668       393.504       381.667


           Covariances
              DASPFIN       ABFI_HP8      AASPFIN
              ________      ________      ________
 DASPFIN      541.912
 ABFI_HP8     -39.467       248.543
 AASPFIN      375.973       -51.351       494.236


           Correlations
              BBFI_HP8      CBFI_HP8      DBFI_HP8      BASPFIN       CASPFIN
              ________      ________      ________      ________      ________
 BBFI_HP8       1.000
 CBFI_HP8       0.766         1.000
 DBFI_HP8       0.727         0.762         1.000
 BASPFIN       -0.185        -0.199        -0.150         1.000
 CASPFIN       -0.210        -0.209        -0.182         0.801         1.000
 DASPFIN       -0.147        -0.172        -0.152         0.771         0.779
 ABFI_HP8       0.752         0.727         0.687        -0.127        -0.145
 AASPFIN       -0.179        -0.219        -0.171         0.773         0.745


           Correlations
              DASPFIN       ABFI_HP8      AASPFIN
              ________      ________      ________
 DASPFIN        1.000
 ABFI_HP8      -0.108         1.000
 AASPFIN        0.726        -0.147         1.000


     MAXIMUM LOG-LIKELIHOOD VALUE FOR THE UNRESTRICTED (H1) MODEL IS -21191.334


THE MODEL ESTIMATION TERMINATED NORMALLY



MODEL FIT INFORMATION

Number of Free Parameters                       28

Loglikelihood

          H0 Value                      -21192.043
          H0 Scaling Correction Factor       1.067
            for MLR

Information Criteria

          Akaike (AIC)                   42440.086
          Bayesian (BIC)                 42573.377
          Sample-Size Adjusted BIC       42484.457
            (n* = (n + 2) / 24)



MODEL RESULTS

                                                    Two-Tailed
                    Estimate       S.E.  Est./S.E.    P-Value

 DBFI_HP8   ON
    CBFI_HP8           0.142      0.041      3.468      0.001
    CASPFIN           -0.005      0.028     -0.186      0.852

 CBFI_HP8   ON
    BBFI_HP8           0.142      0.041      3.468      0.001
    BASPFIN           -0.005      0.028     -0.186      0.852

 BBFI_HP8   ON
    ABFI_HP8           0.142      0.041      3.468      0.001
    AASPFIN           -0.005      0.028     -0.186      0.852

 DASPFIN    ON
    CASPFIN            0.125      0.047      2.656      0.008
    CBFI_HP8          -0.051      0.046     -1.106      0.269

 CASPFIN    ON
    BASPFIN            0.125      0.047      2.656      0.008
    BBFI_HP8          -0.051      0.046     -1.106      0.269

 BASPFIN    ON
    AASPFIN            0.125      0.047      2.656      0.008
    ABFI_HP8          -0.051      0.046     -1.106      0.269

 I_ASPFIN WITH
    I_BFI_HP8        -37.133     18.928     -1.962      0.050

 S_ASPFIN WITH
    I_BFI_HP8          0.520      0.564      0.922      0.356
    I_ASPFIN          -1.064      0.730     -1.458      0.145

 ABFI_HP8 WITH
    I_BFI_HP8        143.989     11.191     12.867      0.000
    I_ASPFIN         -30.425     14.899     -2.042      0.041
    S_ASPFIN           0.289      0.738      0.391      0.696

 AASPFIN  WITH
    I_BFI_HP8        -53.055     15.987     -3.319      0.001
    I_ASPFIN         328.466     26.492     12.399      0.000
    S_ASPFIN           0.154      0.939      0.164      0.870

 DASPFIN  WITH
    DBFI_HP8          -3.221      3.127     -1.030      0.303

 CASPFIN  WITH
    CBFI_HP8          -3.221      3.127     -1.030      0.303

 BASPFIN  WITH
    BBFI_HP8          -3.221      3.127     -1.030      0.303

 AASPFIN  WITH
    ABFI_HP8         -51.360     12.124     -4.236      0.000

 Means
    ABFI_HP8          71.150      0.538    132.283      0.000
    AASPFIN           48.510      0.760     63.832      0.000
    I_BFI_HP8         61.950      3.234     19.155      0.000
    S_BFI_HP8          0.110      0.030      3.653      0.000
    I_ASPFIN          46.161      3.589     12.863      0.000
    S_ASPFIN           0.017      0.045      0.377      0.706

 Intercepts
    BBFI_HP8           0.000      0.000    999.000    999.000
    CBFI_HP8           0.000      0.000    999.000    999.000
    DBFI_HP8           0.000      0.000    999.000    999.000
    BASPFIN            0.000      0.000    999.000    999.000
    CASPFIN            0.000      0.000    999.000    999.000
    DASPFIN            0.000      0.000    999.000    999.000

 Variances
    ABFI_HP8         248.449     10.806     22.992      0.000
    AASPFIN          494.424     21.207     23.314      0.000
    I_BFI_HP8        122.146     16.190      7.544      0.000
    S_BFI_HP8          0.000      0.000    999.000    999.000
    I_ASPFIN         302.460     42.278      7.154      0.000
    S_ASPFIN           0.094      0.075      1.256      0.209

 Residual Variances
    BBFI_HP8          64.820      3.951     16.405      0.000
    CBFI_HP8          64.820      3.951     16.405      0.000
    DBFI_HP8          64.820      3.951     16.405      0.000
    BASPFIN          124.239      8.322     14.929      0.000
    CASPFIN          124.239      8.322     14.929      0.000
    DASPFIN          124.239      8.322     14.929      0.000


QUALITY OF NUMERICAL RESULTS

     Condition Number for the Information Matrix              0.252E-05
       (ratio of smallest to largest eigenvalue)


     Beginning Time:  13:25:32
        Ending Time:  13:25:38
       Elapsed Time:  00:00:06



MUTHEN & MUTHEN
3463 Stoner Ave.
Los Angeles, CA  90066

Tel: (310) 391-9971
Fax: (310) 391-8971
Web: www.StatModel.com
Support: Support@StatModel.com

Copyright (c) 1998-2011 Muthen & Muthen
