Mplus VERSION 6.12
MUTHEN & MUTHEN
03/21/2016  11:39 AM

INPUT INSTRUCTIONS


  title: PxVx Univariate - Col MeanOnly BFA_OI with Lin MVI_POMP;
  data: file = E:\Projects\lnt_pxvx\Data\LT_227.txt;



  variable:
  names =
  subjid
  Sample
  aGENDER
  aAGE
  aethnic1
  aethnic2
  aedu_mom
  aedu_dad
  aEDUCATN
  bEDUCATN
  cEDUCATN
  aEMPLOYD
  bEMPLOYD
  cEMPLOYD
  dEMPLOYD
  aINCOME
  bINCOME
  cINCOME
  dINCOME
  aS_SCALE
  bS_SCALE
  cS_SCALE
  dS_SCALE
  aD_SCALE
  bD_SCALE
  cD_SCALE
  dD_SCALE
  aS_COMP
  bS_COMP
  cS_COMP
  dS_COMP
  aD_COMP
  bD_COMP
  cD_COMP
  dD_COMP
  aBFI_A
  aBFI_A6
  aBFI_C
  aBFI_E
  aBFI_HP
  aBFI_N
  aBFI_O
  bBFI_A
  bBFI_A6
  bBFI_C
  bBFI_E
  bBFI_HP
  bBFI_N
  bBFI_O
  cBFI_A
  cBFI_A6
  cBFI_C
  cBFI_E
  cBFI_HP
  cBFI_N
  cBFI_O
  dBFI_A
  dBFI_A6
  dBFI_C
  dBFI_E
  dBFI_HP
  dBFI_N
  dBFI_O
  aBFA_AC
  aBFA_AP
  aBFA_CI
  aBFA_CO
  aBFA_EA
  aBFA_EE
  aBFA_N9
  aBFA_NV
  aBFA_NW
  aBFA_OI
  aBFA_OO
  aBFA_PS
  aBFA_MT
  bBFA_AC
  bBFA_AP
  bBFA_CI
  bBFA_CO
  bBFA_EA
  bBFA_EE
  bBFA_N9
  bBFA_NV
  bBFA_NW
  bBFA_OI
  bBFA_OO
  bBFA_MT
  bBFA_PS
  cBFA_AC
  cBFA_AP
  cBFA_CI
  cBFA_CO
  cBFA_EA
  cBFA_EE
  cBFA_N9
  cBFA_NV
  cBFA_NW
  cBFA_OI
  cBFA_OO
  cBFA_MT
  cBFA_PS
  dBFA_AC
  dBFA_AP
  dBFA_CI
  dBFA_CO
  dBFA_EA
  dBFA_EE
  dBFA_N9
  dBFA_NV
  dBFA_NW
  dBFA_OI
  dBFA_OO
  dBFA_MT
  dBFA_PS
  aUSI
  bUSI
  cUSI
  dUSI
  aHRZ_IND
  bHRZ_IND
  cHRZ_IND
  dHRZ_IND
  aVRT_IND
  bVRT_IND
  cVRT_IND
  dVRT_IND
  aHRZ_COL
  bHRZ_COL
  cHRZ_COL
  dHRZ_COL
  aVRT_COL
  bVRT_COL
  cVRT_COL
  dVRT_COL
  aCOLLCTV
  bCOLLCTV
  cCOLLCTV
  dCOLLCTV
  aMVS
  bMVS
  cMVS
  dMVS
  aST
  bST
  cST
  dST
  aSD
  bSD
  cSD
  dSD
  aMVS_mc
  bMVS_mc
  cMVS_mc
  dMVS_mc
  aST_mc
  bST_mc
  cST_mc
  dST_mc
  aSD_mc
  bSD_mc
  cSD_mc
  dSD_mc
  bMEANING
  cMEANING
  dMEANING
  bMEAN_L
  cMEAN_L
  dMEAN_L
  bMEANNGc
  cMEANNGc
  dMEANNGc
  bMEANGlc
  cMEANGlc
  dMEANGlc
  bCLASSIC
  cCLASSIC
  dCLASSIC
  bCLASSCc
  cCLASSCc
  dCLASSCc
  bAGR_VAL
  cAGR_VAL
  dAGR_VAL
  bOPN_VAL
  cOPN_VAL
  dOPN_VAL
  bAGR_VLc
  cAGR_VLc
  dAGR_VLc
  bOPNVALc
  cOPNVALc
  dOPNVALc
  aMV_pomp
  bMV_pomp
  cMV_pomp
  dMV_pomp
  aST_pomp
  bST_pomp
  cST_pomp
  dST_pomp
  aSD_pomp
  bSD_pomp
  cSD_pomp
  dSD_pomp
  agoal_ec
  bgoal_ec
  cgoal_ec
  dgoal_ec
  aAspfinc
  bAspfinc
  cAspfinc
  dAspfinc
  abfi_hp8
  bbfi_hp8
  cbfi_hp8
  dbfi_hp8
  aP_S_BFI
  aP_D_BFI
  aECgoalc
  bECgoalC
  cECgoalC
  dECgoalC
  aaspfin
  baspfin
  caspfin
  daspfin
  aMVI_POMP
  bMVI_POMP
  cMVI_POMP
  dMVI_POMP;

  USEVARIABLES =
  aBFA_OI
  bBFA_OI
  cBFA_OI
  dBFA_OI
  aMVI_POMP
  bMVI_POMP
  cMVI_POMP
  dMVI_POMP
  bage_c
  cage_c
  dage_c
  ;

  missing = all (-9999);

  USEOBSERVATIONS are Sample == 2; ! College Sample

  tscores = bage_c cage_c dage_c;

  DEFINE:
  bage_c = aAGE + 1 - 20.5;
  cage_c = aAGE + 2 - 20.5;
  dage_c = aAGE + 3 - 20.5;

  ANALYSIS:
  TYPE=RANDOM;
  PROCESSORS = 8;

  MODEL:

  i_BFA_OI s_BFA_OI | bBFA_OI cBFA_OI dBFA_OI AT bage_c cage_c dage_c;
  i_MVI_POMP s_MVI_POMP | bMVI_POMP cMVI_POMP dMVI_POMP AT bage_c cage_c dage_c;


  !After Bollen and Curran initial observation is not part of LGM

  dBFA_OI on cBFA_OI (a); ! Autoregressive paths constrained to equality
  cBFA_OI on bBFA_OI (a);
  bBFA_OI on aBFA_OI (a);

  dMVI_POMP on cMVI_POMP (b); ! Autoregressive paths constrained to equality
  cMVI_POMP on bMVI_POMP (b);
  bMVI_POMP on aMVI_POMP (b);

  bBFA_OI cBFA_OI dBFA_OI (c); !Equality constraint on residuals
  bMVI_POMP cMVI_POMP dMVI_POMP (d); !Equality constraint on residuals

  dMVI_POMP on cBFA_OI (x); ! Cross-lagged paths constrained to equality
  cMVI_POMP on bBFA_OI (x);
  bMVI_POMP on aBFA_OI (x);

  dBFA_OI on cMVI_POMP (y); ! Cross-lagged paths constrained to equality
  cBFA_OI on bMVI_POMP (y);
  bBFA_OI on aMVI_POMP (y);

  dMVI_POMP with dBFA_OI (w); ! within-wave correlations constrained to equality
  cMVI_POMP with cBFA_OI (w);
  bMVI_POMP with bBFA_OI (w);

  aBFA_OI aMVI_POMP i_BFA_OI i_MVI_POMP
  s_MVI_POMP
  with
  s_MVI_POMP
  aBFA_OI aMVI_POMP i_BFA_OI i_MVI_POMP;

  s_BFA_OI@0;


  OUTPUT: SAMPSTAT PATTERNS;



*** WARNING
  Variable name contains more than 8 characters.
  Only the first 8 characters will be printed in the output.
  Variable: AMVI_POMP
*** WARNING
  Variable name contains more than 8 characters.
  Only the first 8 characters will be printed in the output.
  Variable: BMVI_POMP
*** WARNING
  Variable name contains more than 8 characters.
  Only the first 8 characters will be printed in the output.
  Variable: CMVI_POMP
*** WARNING
  Variable name contains more than 8 characters.
  Only the first 8 characters will be printed in the output.
  Variable: DMVI_POMP
*** WARNING
  Variable name contains more than 8 characters.
  Only the first 8 characters will be printed in the output.
  Variable: I_MVI_POMP
*** WARNING
  Variable name contains more than 8 characters.
  Only the first 8 characters will be printed in the output.
  Variable: S_MVI_POMP
*** WARNING in MODEL command
  All continuous latent variable covariances involving S_BFA_OI have been fixed to 0
  because the variance of S_BFA_OI is fixed at 0.
*** WARNING
  Data set contains cases with missing on all variables.
  These cases were not included in the analysis.
  Number of cases with missing on all variables:  1
*** WARNING
  Data set contains cases with missing on time scores but non-missing on the
  corresponding dependent variables.  These cases were not included in the analysis.
  Number of such cases:  2
   9 WARNING(S) FOUND IN THE INPUT INSTRUCTIONS



PxVx Univariate - Col MeanOnly BFA_OI with Lin MVI_POMP;

SUMMARY OF ANALYSIS

Number of groups                                                 1
Number of observations                                         277

Number of dependent variables                                    6
Number of independent variables                                  2
Number of continuous latent variables                            4

Observed dependent variables

  Continuous
   BBFA_OI     CBFA_OI     DBFA_OI     BMVI_POMP   CMVI_POMP   DMVI_POMP

Observed independent variables
   ABFA_OI     AMVI_POM

Continuous latent variables
   I_BFA_OI    S_BFA_OI    I_MVI_PO    S_MVI_PO

Variables with special functions

  Time scores
   BAGE_C      CAGE_C      DAGE_C


Estimator                                                      MLR
Information matrix                                        OBSERVED
Maximum number of iterations                                   100
Convergence criterion                                    0.100D-05
Maximum number of EM iterations                                500
Convergence criteria for the EM algorithm
  Loglikelihood change                                   0.100D-02
  Relative loglikelihood change                          0.100D-05
  Derivative                                             0.100D-03
Minimum variance                                         0.100D-03
Maximum number of steepest descent iterations                   20
Maximum number of iterations for H1                           2000
Convergence criterion for H1                             0.100D-03
Optimization algorithm                                         EMA

Input data file(s)
  E:\Projects\lnt_pxvx\Data\LT_227.txt
Input data format  FREE


SUMMARY OF DATA

     Number of missing data patterns            10


SUMMARY OF MISSING DATA PATTERNS


     MISSING DATA PATTERNS (x = not missing)

           1  2  3  4  5  6  7  8  9 10
 BBFA_OI   x  x     x        x  x
 CBFA_OI   x  x  x                 x
 DBFA_OI   x              x  x  x  x
 BMVI_POM  x  x     x           x
 CMVI_POM  x  x  x                 x
 DMVI_POM  x              x  x  x  x
 ABFA_OI   x  x  x  x  x  x  x  x  x  x
 AMVI_POM  x  x  x  x  x  x  x  x  x


     MISSING DATA PATTERN FREQUENCIES

    Pattern   Frequency     Pattern   Frequency     Pattern   Frequency
          1         138           5          53           9          11
          2          12           6          11          10           1
          3           5           7           1
          4          29           8          16


COVARIANCE COVERAGE OF DATA

Minimum covariance coverage value   0.100


     PROPORTION OF DATA PRESENT


           Covariance Coverage
              BBFA_OI       CBFA_OI       DBFA_OI       BMVI_POM      CMVI_POM
              ________      ________      ________      ________      ________
 BBFA_OI        0.708
 CBFA_OI        0.542         0.599
 DBFA_OI        0.560         0.538         0.639
 BMVI_POM       0.704         0.542         0.556         0.704
 CMVI_POM       0.542         0.599         0.538         0.542         0.599
 DMVI_POM       0.560         0.538         0.639         0.556         0.538
 ABFA_OI        0.708         0.599         0.639         0.704         0.599
 AMVI_POM       0.708         0.599         0.639         0.704         0.599


           Covariance Coverage
              DMVI_POM      ABFA_OI       AMVI_POM
              ________      ________      ________
 DMVI_POM       0.639
 ABFA_OI        0.639         1.000
 AMVI_POM       0.639         0.996         0.996


SAMPLE STATISTICS


     ESTIMATED SAMPLE STATISTICS


           Means
              BBFA_OI       CBFA_OI       DBFA_OI       BMVI_POM      CMVI_POM
              ________      ________      ________      ________      ________
 1             71.174        70.399        72.531        61.290        61.340


           Means
              DMVI_POM      ABFA_OI       AMVI_POM
              ________      ________      ________
 1             61.301        71.399        60.796


           Covariances
              BBFA_OI       CBFA_OI       DBFA_OI       BMVI_POM      CMVI_POM
              ________      ________      ________      ________      ________
 BBFA_OI      206.757
 CBFA_OI      177.528       239.781
 DBFA_OI      167.723       182.739       212.775
 BMVI_POM      32.433        29.024        20.682        91.416
 CMVI_POM      36.015        37.379        25.855        63.814        72.017
 DMVI_POM      29.283        37.704        27.348        57.582        52.983
 ABFA_OI      162.695       164.566       155.022        34.728        38.308
 AMVI_POM      29.441        30.807        15.043        69.786        57.333


           Covariances
              DMVI_POM      ABFA_OI       AMVI_POM
              ________      ________      ________
 DMVI_POM      65.812
 ABFA_OI       29.534       212.972
 AMVI_POM      55.209        35.795        82.733


           Correlations
              BBFA_OI       CBFA_OI       DBFA_OI       BMVI_POM      CMVI_POM
              ________      ________      ________      ________      ________
 BBFA_OI        1.000
 CBFA_OI        0.797         1.000
 DBFA_OI        0.800         0.809         1.000
 BMVI_POM       0.236         0.196         0.148         1.000
 CMVI_POM       0.295         0.284         0.209         0.786         1.000
 DMVI_POM       0.251         0.300         0.231         0.742         0.770
 ABFA_OI        0.775         0.728         0.728         0.249         0.309
 AMVI_POM       0.225         0.219         0.113         0.802         0.743


           Correlations
              DMVI_POM      ABFA_OI       AMVI_POM
              ________      ________      ________
 DMVI_POM       1.000
 ABFA_OI        0.249         1.000
 AMVI_POM       0.748         0.270         1.000


     MAXIMUM LOG-LIKELIHOOD VALUE FOR THE UNRESTRICTED (H1) MODEL IS -5686.537


THE MODEL ESTIMATION TERMINATED NORMALLY



MODEL FIT INFORMATION

Number of Free Parameters                       28

Loglikelihood

          H0 Value                       -5699.738
          H0 Scaling Correction Factor       0.993
            for MLR

Information Criteria

          Akaike (AIC)                   11455.477
          Bayesian (BIC)                 11556.949
          Sample-Size Adjusted BIC       11468.165
            (n* = (n + 2) / 24)



MODEL RESULTS

                                                    Two-Tailed
                    Estimate       S.E.  Est./S.E.    P-Value

 DBFA_OI    ON
    CBFA_OI            0.117      0.065      1.813      0.070
    CMVI_POMP          0.056      0.046      1.215      0.225

 CBFA_OI    ON
    BBFA_OI            0.117      0.065      1.813      0.070
    BMVI_POMP          0.056      0.046      1.215      0.225

 BBFA_OI    ON
    ABFA_OI            0.117      0.065      1.813      0.070
    AMVI_POMP          0.056      0.046      1.215      0.225

 DMVI_POMP  ON
    CMVI_POMP          0.189      0.038      4.937      0.000
    CBFA_OI            0.066      0.049      1.355      0.176

 CMVI_POMP  ON
    BMVI_POMP          0.189      0.038      4.937      0.000
    BBFA_OI            0.066      0.049      1.355      0.176

 BMVI_POMP  ON
    AMVI_POMP          0.189      0.038      4.937      0.000
    ABFA_OI            0.066      0.049      1.355      0.176

 I_MVI_PO WITH
    I_BFA_OI           8.167     10.621      0.769      0.442

 S_MVI_PO WITH
    I_BFA_OI          -0.254      3.028     -0.084      0.933
    I_MVI_POMP        -4.474      2.678     -1.671      0.095

 ABFA_OI  WITH
    I_BFA_OI         136.821     17.917      7.636      0.000
    I_MVI_POMP        19.217     12.687      1.515      0.130
    S_MVI_POMP        -1.902      3.311     -0.575      0.566

 AMVI_POM WITH
    I_BFA_OI          17.247      7.669      2.249      0.025
    I_MVI_POMP        52.264      6.182      8.454      0.000
    S_MVI_POMP        -3.038      1.882     -1.614      0.107

 DMVI_POM WITH
    DBFA_OI            3.663      2.351      1.558      0.119

 CMVI_POM WITH
    CBFA_OI            3.663      2.351      1.558      0.119

 BMVI_POM WITH
    BBFA_OI            3.663      2.351      1.558      0.119

 AMVI_POM WITH
    ABFA_OI           35.796      7.910      4.525      0.000

 Means
    ABFA_OI           71.399      0.877     81.386      0.000
    AMVI_POMP         60.795      0.547    111.101      0.000
    I_BFA_OI          58.190      3.014     19.309      0.000
    S_BFA_OI           0.706      0.330      2.143      0.032
    I_MVI_POMP        45.167      1.855     24.354      0.000
    S_MVI_POMP        -0.028      0.214     -0.129      0.898

 Intercepts
    BBFA_OI            0.000      0.000    999.000    999.000
    CBFA_OI            0.000      0.000    999.000    999.000
    DBFA_OI            0.000      0.000    999.000    999.000
    BMVI_POMP          0.000      0.000    999.000    999.000
    CMVI_POMP          0.000      0.000    999.000    999.000
    DMVI_POMP          0.000      0.000    999.000    999.000

 Variances
    ABFA_OI          212.973     15.865     13.424      0.000
    AMVI_POMP         82.733      5.765     14.351      0.000
    I_BFA_OI         131.562     23.145      5.684      0.000
    S_BFA_OI           0.000      0.000    999.000    999.000
    I_MVI_POMP        49.079      9.461      5.188      0.000
    S_MVI_POMP         0.674      1.000      0.674      0.500

 Residual Variances
    BBFA_OI           47.067      4.842      9.720      0.000
    CBFA_OI           47.067      4.842      9.720      0.000
    DBFA_OI           47.067      4.842      9.720      0.000
    BMVI_POMP         19.543      2.126      9.191      0.000
    CMVI_POMP         19.543      2.126      9.191      0.000
    DMVI_POMP         19.543      2.126      9.191      0.000


QUALITY OF NUMERICAL RESULTS

     Condition Number for the Information Matrix              0.242E-06
       (ratio of smallest to largest eigenvalue)


     Beginning Time:  11:39:53
        Ending Time:  11:39:54
       Elapsed Time:  00:00:01



MUTHEN & MUTHEN
3463 Stoner Ave.
Los Angeles, CA  90066

Tel: (310) 391-9971
Fax: (310) 391-8971
Web: www.StatModel.com
Support: Support@StatModel.com

Copyright (c) 1998-2011 Muthen & Muthen
