Mplus VERSION 6.12
MUTHEN & MUTHEN
03/09/2016   9:44 PM

INPUT INSTRUCTIONS


  title: PxVx Univariate - Nat Lin S_SCALE with Lin aspfin;
  data: file = E:\Projects\lnt_pxvx\Data\LT_227.txt;


  variable:
  names =
  subjid
  Sample
  aGENDER
  aAGE
  aethnic1
  aethnic2
  aedu_mom
  aedu_dad
  aEDUCATN
  bEDUCATN
  cEDUCATN
  aEMPLOYD
  bEMPLOYD
  cEMPLOYD
  dEMPLOYD
  aINCOME
  bINCOME
  cINCOME
  dINCOME
  aS_SCALE
  bS_SCALE
  cS_SCALE
  dS_SCALE
  aD_SCALE
  bD_SCALE
  cD_SCALE
  dD_SCALE
  aS_COMP
  bS_COMP
  cS_COMP
  dS_COMP
  aD_COMP
  bD_COMP
  cD_COMP
  dD_COMP
  aBFI_A
  aBFI_A6
  aBFI_C
  aBFI_E
  aBFI_HP
  aBFI_N
  aBFI_O
  bBFI_A
  bBFI_A6
  bBFI_C
  bBFI_E
  bBFI_HP
  bBFI_N
  bBFI_O
  cBFI_A
  cBFI_A6
  cBFI_C
  cBFI_E
  cBFI_HP
  cBFI_N
  cBFI_O
  dBFI_A
  dBFI_A6
  dBFI_C
  dBFI_E
  dBFI_HP
  dBFI_N
  dBFI_O
  aBFA_AC
  aBFA_AP
  aBFA_CI
  aBFA_CO
  aBFA_EA
  aBFA_EE
  aBFA_N9
  aBFA_NV
  aBFA_NW
  aBFA_OI
  aBFA_OO
  aBFA_PS
  aBFA_MT
  bBFA_AC
  bBFA_AP
  bBFA_CI
  bBFA_CO
  bBFA_EA
  bBFA_EE
  bBFA_N9
  bBFA_NV
  bBFA_NW
  bBFA_OI
  bBFA_OO
  bBFA_MT
  bBFA_PS
  cBFA_AC
  cBFA_AP
  cBFA_CI
  cBFA_CO
  cBFA_EA
  cBFA_EE
  cBFA_N9
  cBFA_NV
  cBFA_NW
  cBFA_OI
  cBFA_OO
  cBFA_MT
  cBFA_PS
  dBFA_AC
  dBFA_AP
  dBFA_CI
  dBFA_CO
  dBFA_EA
  dBFA_EE
  dBFA_N9
  dBFA_NV
  dBFA_NW
  dBFA_OI
  dBFA_OO
  dBFA_MT
  dBFA_PS
  aUSI
  bUSI
  cUSI
  dUSI
  aHRZ_IND
  bHRZ_IND
  cHRZ_IND
  dHRZ_IND
  aVRT_IND
  bVRT_IND
  cVRT_IND
  dVRT_IND
  aHRZ_COL
  bHRZ_COL
  cHRZ_COL
  dHRZ_COL
  aVRT_COL
  bVRT_COL
  cVRT_COL
  dVRT_COL
  aCOLLCTV
  bCOLLCTV
  cCOLLCTV
  dCOLLCTV
  aMVS
  bMVS
  cMVS
  dMVS
  aST
  bST
  cST
  dST
  aSD
  bSD
  cSD
  dSD
  aMVS_mc
  bMVS_mc
  cMVS_mc
  dMVS_mc
  aST_mc
  bST_mc
  cST_mc
  dST_mc
  aSD_mc
  bSD_mc
  cSD_mc
  dSD_mc
  bMEANING
  cMEANING
  dMEANING
  bMEAN_L
  cMEAN_L
  dMEAN_L
  bMEANNGc
  cMEANNGc
  dMEANNGc
  bMEANGlc
  cMEANGlc
  dMEANGlc
  bCLASSIC
  cCLASSIC
  dCLASSIC
  bCLASSCc
  cCLASSCc
  dCLASSCc
  bAGR_VAL
  cAGR_VAL
  dAGR_VAL
  bOPN_VAL
  cOPN_VAL
  dOPN_VAL
  bAGR_VLc
  cAGR_VLc
  dAGR_VLc
  bOPNVALc
  cOPNVALc
  dOPNVALc
  aMV_pomp
  bMV_pomp
  cMV_pomp
  dMV_pomp
  aST_pomp
  bST_pomp
  cST_pomp
  dST_pomp
  aSD_pomp
  bSD_pomp
  cSD_pomp
  dSD_pomp
  agoal_ec
  bgoal_ec
  cgoal_ec
  dgoal_ec
  aAspfinc
  bAspfinc
  cAspfinc
  dAspfinc
  abfi_hp8
  bbfi_hp8
  cbfi_hp8
  dbfi_hp8
  aP_S_BFI
  aP_D_BFI
  aECgoalc
  bECgoalC
  cECgoalC
  dECgoalC
  aaspfin
  baspfin
  caspfin
  daspfin;


  USEVARIABLES =
  aS_SCALE
  bS_SCALE
  cS_SCALE
  dS_SCALE
  aaspfin
  baspfin
  caspfin
  daspfin
  bage_c
  cage_c
  dage_c
  ;

  missing = all (-9999);

  USEOBSERVATIONS are Sample == 1; ! National Sample

  tscores = bage_c cage_c dage_c;

  DEFINE:
  bage_c = aAGE + 1 - 36;
  cage_c = aAGE + 2 - 36;
  dage_c = aAGE + 3 - 36;

  ANALYSIS:
  TYPE=RANDOM;
  PROCESSORS = 8;

  MODEL:

  i_S_SCALE s_S_SCALE | bS_SCALE cS_SCALE dS_SCALE AT bage_c cage_c dage_c;
  i_aspfin s_aspfin | baspfin caspfin daspfin AT bage_c cage_c dage_c;


  !After Bollen and Curran initial observation is not part of LGM

  dS_SCALE on cS_SCALE (a); ! Autoregressive paths constrained to equality
  cS_SCALE on bS_SCALE (a);
  bS_SCALE on aS_SCALE (a);

  daspfin on caspfin (b); ! Autoregressive paths constrained to equality
  caspfin on baspfin (b);
  baspfin on aaspfin (b);

  bS_SCALE cS_SCALE dS_SCALE (c); !Equality constraint on residuals
  baspfin caspfin daspfin (d); !Equality constraint on residuals

  daspfin on cS_SCALE (x); ! Cross-lagged paths constrained to equality
  caspfin on bS_SCALE (x);
  baspfin on aS_SCALE (x);

  dS_SCALE on caspfin (y); ! Cross-lagged paths constrained to equality
  cS_SCALE on baspfin (y);
  bS_SCALE on aaspfin (y);

  daspfin with dS_SCALE (w); ! within-wave correlations constrained to equality
  caspfin with cS_SCALE (w);
  baspfin with bS_SCALE (w);

  aS_SCALE aaspfin i_S_SCALE i_aspfin
  s_S_SCALE
  s_aspfin
  with
  s_S_SCALE
  s_aspfin
  aS_SCALE aaspfin i_S_SCALE i_aspfin;



  OUTPUT: SAMPSTAT PATTERNS;



*** WARNING
  Variable name contains more than 8 characters.
  Only the first 8 characters will be printed in the output.
  Variable: I_S_SCALE
*** WARNING
  Variable name contains more than 8 characters.
  Only the first 8 characters will be printed in the output.
  Variable: S_S_SCALE
*** WARNING
  Data set contains cases with missing on time scores but non-missing on the
  corresponding dependent variables.  These cases were not included in the analysis.
  Number of such cases:  5
   3 WARNING(S) FOUND IN THE INPUT INSTRUCTIONS



PxVx Univariate - Nat Lin S_SCALE with Lin aspfin;

SUMMARY OF ANALYSIS

Number of groups                                                 1
Number of observations                                         874

Number of dependent variables                                    6
Number of independent variables                                  2
Number of continuous latent variables                            4

Observed dependent variables

  Continuous
   BS_SCALE    CS_SCALE    DS_SCALE    BASPFIN     CASPFIN     DASPFIN

Observed independent variables
   AS_SCALE    AASPFIN

Continuous latent variables
   I_S_SCAL    S_S_SCAL    I_ASPFIN    S_ASPFIN

Variables with special functions

  Time scores
   BAGE_C      CAGE_C      DAGE_C


Estimator                                                      MLR
Information matrix                                        OBSERVED
Maximum number of iterations                                   100
Convergence criterion                                    0.100D-05
Maximum number of EM iterations                                500
Convergence criteria for the EM algorithm
  Loglikelihood change                                   0.100D-02
  Relative loglikelihood change                          0.100D-05
  Derivative                                             0.100D-03
Minimum variance                                         0.100D-03
Maximum number of steepest descent iterations                   20
Maximum number of iterations for H1                           2000
Convergence criterion for H1                             0.100D-03
Optimization algorithm                                         EMA

Input data file(s)
  E:\Projects\lnt_pxvx\Data\LT_227.txt
Input data format  FREE


SUMMARY OF DATA

     Number of missing data patterns            19


SUMMARY OF MISSING DATA PATTERNS


     MISSING DATA PATTERNS (x = not missing)

           1  2  3  4  5  6  7  8  9 10 11 12 13 14 15 16 17 18 19
 BS_SCALE  x     x  x        x     x  x  x  x  x        x  x
 CS_SCALE  x           x     x  x        x  x  x           x  x
 DS_SCALE  x     x     x  x              x  x  x  x     x     x  x
 BASPFIN   x     x  x        x     x     x     x           x
 CASPFIN   x           x     x  x        x  x              x  x
 DASPFIN   x     x     x  x                 x  x  x     x  x
 AS_SCALE  x  x  x  x  x  x  x  x  x  x  x  x  x     x  x  x  x  x
 AASPFIN   x  x  x  x  x  x  x  x     x  x  x  x  x     x  x  x  x


     MISSING DATA PATTERN FREQUENCIES

    Pattern   Frequency     Pattern   Frequency     Pattern   Frequency
          1         499           8          22          15           1
          2         168           9           1          16           1
          3          26          10           3          17           1
          4          53          11           1          18           2
          5          21          12           2          19           2
          6          23          13           1
          7          46          14           1


COVARIANCE COVERAGE OF DATA

Minimum covariance coverage value   0.100


     PROPORTION OF DATA PRESENT


           Covariance Coverage
              BS_SCALE      CS_SCALE      DS_SCALE      BASPFIN       CASPFIN
              ________      ________      ________      ________      ________
 BS_SCALE       0.725
 CS_SCALE       0.629         0.681
 DS_SCALE       0.606         0.602         0.662
 BASPFIN        0.719         0.627         0.603         0.719
 CASPFIN        0.628         0.680         0.601         0.626         0.680
 DASPFIN        0.606         0.600         0.657         0.603         0.598
 AS_SCALE       0.725         0.681         0.661         0.719         0.680
 AASPFIN        0.724         0.681         0.662         0.717         0.680


           Covariance Coverage
              DASPFIN       AS_SCALE      AASPFIN
              ________      ________      ________
 DASPFIN        0.658
 AS_SCALE       0.657         0.999
 AASPFIN        0.658         0.997         0.998


SAMPLE STATISTICS


     ESTIMATED SAMPLE STATISTICS


           Means
              BS_SCALE      CS_SCALE      DS_SCALE      BASPFIN       CASPFIN
              ________      ________      ________      ________      ________
 1             73.126        73.697        73.900        48.611        48.986


           Means
              DASPFIN       AS_SCALE      AASPFIN
              ________      ________      ________
 1             48.576        72.923        48.703


           Covariances
              BS_SCALE      CS_SCALE      DS_SCALE      BASPFIN       CASPFIN
              ________      ________      ________      ________      ________
 BS_SCALE     189.096
 CS_SCALE     151.343       184.973
 DS_SCALE     148.567       158.141       194.660
 BASPFIN      -23.197       -28.355       -13.624       521.871
 CASPFIN      -30.733       -30.307       -25.084       422.762       533.908
 DASPFIN       -8.755       -16.918        -3.242       407.419       413.263
 AS_SCALE     149.759       150.763       150.223        -0.491        -3.833
 AASPFIN      -30.033       -32.154       -16.309       394.465       382.627


           Covariances
              DASPFIN       AS_SCALE      AASPFIN
              ________      ________      ________
 DASPFIN      533.782
 AS_SCALE       9.748       199.290
 AASPFIN      372.970        -9.989       497.513


           Correlations
              BS_SCALE      CS_SCALE      DS_SCALE      BASPFIN       CASPFIN
              ________      ________      ________      ________      ________
 BS_SCALE       1.000
 CS_SCALE       0.809         1.000
 DS_SCALE       0.774         0.833         1.000
 BASPFIN       -0.074        -0.091        -0.043         1.000
 CASPFIN       -0.097        -0.096        -0.078         0.801         1.000
 DASPFIN       -0.028        -0.054        -0.010         0.772         0.774
 AS_SCALE       0.771         0.785         0.763        -0.002        -0.012
 AASPFIN       -0.098        -0.106        -0.052         0.774         0.742


           Correlations
              DASPFIN       AS_SCALE      AASPFIN
              ________      ________      ________
 DASPFIN        1.000
 AS_SCALE       0.030         1.000
 AASPFIN        0.724        -0.032         1.000


     MAXIMUM LOG-LIKELIHOOD VALUE FOR THE UNRESTRICTED (H1) MODEL IS -21001.044


THE MODEL ESTIMATION TERMINATED NORMALLY



MODEL FIT INFORMATION

Number of Free Parameters                       34

Loglikelihood

          H0 Value                      -21003.394
          H0 Scaling Correction Factor       1.093
            for MLR

Information Criteria

          Akaike (AIC)                   42074.787
          Bayesian (BIC)                 42237.072
          Sample-Size Adjusted BIC       42129.096
            (n* = (n + 2) / 24)



MODEL RESULTS

                                                    Two-Tailed
                    Estimate       S.E.  Est./S.E.    P-Value

 DS_SCALE   ON
    CS_SCALE           0.102      0.043      2.365      0.018
    CASPFIN           -0.036      0.023     -1.589      0.112

 CS_SCALE   ON
    BS_SCALE           0.102      0.043      2.365      0.018
    BASPFIN           -0.036      0.023     -1.589      0.112

 BS_SCALE   ON
    AS_SCALE           0.102      0.043      2.365      0.018
    AASPFIN           -0.036      0.023     -1.589      0.112

 DASPFIN    ON
    CASPFIN            0.123      0.050      2.467      0.014
    CS_SCALE          -0.076      0.067     -1.133      0.257

 CASPFIN    ON
    BASPFIN            0.123      0.050      2.467      0.014
    BS_SCALE          -0.076      0.067     -1.133      0.257

 BASPFIN    ON
    AASPFIN            0.123      0.050      2.467      0.014
    AS_SCALE          -0.076      0.067     -1.133      0.257

 S_S_SCAL WITH
    I_S_SCALE         -0.041      0.245     -0.166      0.868

 I_ASPFIN WITH
    I_S_SCALE          6.724     16.354      0.411      0.681
    S_S_SCALE         -0.457      2.100     -0.218      0.828

 S_ASPFIN WITH
    I_S_SCALE          1.292      2.198      0.588      0.557
    S_S_SCALE          0.007      0.032      0.228      0.820
    I_ASPFIN          -1.260      0.744     -1.695      0.090

 AS_SCALE WITH
    I_S_SCALE        130.250      9.615     13.547      0.000
    S_S_SCALE          0.425      0.301      1.410      0.158
    I_ASPFIN          14.271     14.541      0.981      0.326
    S_ASPFIN           0.510      0.639      0.798      0.425

 AASPFIN  WITH
    I_S_SCALE         -7.897     13.661     -0.578      0.563
    S_S_SCALE          0.077      0.542      0.142      0.887
    I_ASPFIN         330.392     27.112     12.186      0.000
    S_ASPFIN           0.030      0.936      0.032      0.975

 DASPFIN  WITH
    DS_SCALE          -0.402      2.852     -0.141      0.888

 CASPFIN  WITH
    CS_SCALE          -0.402      2.852     -0.141      0.888

 BASPFIN  WITH
    BS_SCALE          -0.402      2.852     -0.141      0.888

 AASPFIN  WITH
    AS_SCALE          -9.998     11.293     -0.885      0.376

 Means
    AS_SCALE          72.921      0.477    152.793      0.000
    AASPFIN           48.703      0.760     64.114      0.000
    I_S_SCALE         67.669      3.363     20.119      0.000
    S_S_SCALE          0.075      0.026      2.861      0.004
    I_ASPFIN          48.215      5.694      8.468      0.000
    S_ASPFIN           0.001      0.045      0.027      0.979

 Intercepts
    BS_SCALE           0.000      0.000    999.000    999.000
    CS_SCALE           0.000      0.000    999.000    999.000
    DS_SCALE           0.000      0.000    999.000    999.000
    BASPFIN            0.000      0.000    999.000    999.000
    CASPFIN            0.000      0.000    999.000    999.000
    DASPFIN            0.000      0.000    999.000    999.000

 Variances
    AS_SCALE         199.271      9.506     20.962      0.000
    AASPFIN          497.504     21.070     23.612      0.000
    I_S_SCALE        114.969     13.813      8.323      0.000
    S_S_SCALE          0.017      0.025      0.661      0.508
    I_ASPFIN         303.449     43.751      6.936      0.000
    S_ASPFIN           0.120      0.074      1.618      0.106

 Residual Variances
    BS_SCALE          39.276      2.445     16.061      0.000
    CS_SCALE          39.276      2.445     16.061      0.000
    DS_SCALE          39.276      2.445     16.061      0.000
    BASPFIN          124.326      8.451     14.711      0.000
    CASPFIN          124.326      8.451     14.711      0.000
    DASPFIN          124.326      8.451     14.711      0.000


QUALITY OF NUMERICAL RESULTS

     Condition Number for the Information Matrix              0.176E-06
       (ratio of smallest to largest eigenvalue)


     Beginning Time:  21:44:26
        Ending Time:  21:44:28
       Elapsed Time:  00:00:02



MUTHEN & MUTHEN
3463 Stoner Ave.
Los Angeles, CA  90066

Tel: (310) 391-9971
Fax: (310) 391-8971
Web: www.StatModel.com
Support: Support@StatModel.com

Copyright (c) 1998-2011 Muthen & Muthen
