Mplus VERSION 7 (Mac)
MUTHEN & MUTHEN
10/27/2017   3:22 PM

INPUT INSTRUCTIONS


  title: PxVx Bivariate LCM-SR - Nat Linear BFA_AC with Linear VRT_COL;
  data: file = /Users/johnflournoy/code/lnt_pxvx/Data/LT_227.txt;


  variable:
  names =
  subjid
  Sample
  aGENDER
  aAGE
  aethnic1
  aethnic2
  aedu_mom
  aedu_dad
  aEDUCATN
  bEDUCATN
  cEDUCATN
  aEMPLOYD
  bEMPLOYD
  cEMPLOYD
  dEMPLOYD
  aINCOME
  bINCOME
  cINCOME
  dINCOME
  aS_SCALE
  bS_SCALE
  cS_SCALE
  dS_SCALE
  aD_SCALE
  bD_SCALE
  cD_SCALE
  dD_SCALE
  aS_COMP
  bS_COMP
  cS_COMP
  dS_COMP
  aD_COMP
  bD_COMP
  cD_COMP
  dD_COMP
  aBFI_A
  aBFI_A6
  aBFI_C
  aBFI_E
  aBFI_HP
  aBFI_N
  aBFI_O
  bBFI_A
  bBFI_A6
  bBFI_C
  bBFI_E
  bBFI_HP
  bBFI_N
  bBFI_O
  cBFI_A
  cBFI_A6
  cBFI_C
  cBFI_E
  cBFI_HP
  cBFI_N
  cBFI_O
  dBFI_A
  dBFI_A6
  dBFI_C
  dBFI_E
  dBFI_HP
  dBFI_N
  dBFI_O
  aBFA_AC
  aBFA_AP
  aBFA_CI
  aBFA_CO
  aBFA_EA
  aBFA_EE
  aBFA_N9
  aBFA_NV
  aBFA_NW
  aBFA_OI
  aBFA_OO
  aBFA_PS
  aBFA_MT
  bBFA_AC
  bBFA_AP
  bBFA_CI
  bBFA_CO
  bBFA_EA
  bBFA_EE
  bBFA_N9
  bBFA_NV
  bBFA_NW
  bBFA_OI
  bBFA_OO
  bBFA_MT
  bBFA_PS
  cBFA_AC
  cBFA_AP
  cBFA_CI
  cBFA_CO
  cBFA_EA
  cBFA_EE
  cBFA_N9
  cBFA_NV
  cBFA_NW
  cBFA_OI
  cBFA_OO
  cBFA_MT
  cBFA_PS
  dBFA_AC
  dBFA_AP
  dBFA_CI
  dBFA_CO
  dBFA_EA
  dBFA_EE
  dBFA_N9
  dBFA_NV
  dBFA_NW
  dBFA_OI
  dBFA_OO
  dBFA_MT
  dBFA_PS
  aUSI
  bUSI
  cUSI
  dUSI
  aHRZ_IND
  bHRZ_IND
  cHRZ_IND
  dHRZ_IND
  aVRT_IND
  bVRT_IND
  cVRT_IND
  dVRT_IND
  aHRZ_COL
  bHRZ_COL
  cHRZ_COL
  dHRZ_COL
  aVRT_COL
  bVRT_COL
  cVRT_COL
  dVRT_COL
  aCOLLCTV
  bCOLLCTV
  cCOLLCTV
  dCOLLCTV
  aMVS
  bMVS
  cMVS
  dMVS
  aST
  bST
  cST
  dST
  aSD
  bSD
  cSD
  dSD
  aMVS_mc
  bMVS_mc
  cMVS_mc
  dMVS_mc
  aST_mc
  bST_mc
  cST_mc
  dST_mc
  aSD_mc
  bSD_mc
  cSD_mc
  dSD_mc
  bMEANING
  cMEANING
  dMEANING
  bMEAN_L
  cMEAN_L
  dMEAN_L
  bMEANNGc
  cMEANNGc
  dMEANNGc
  bMEANGlc
  cMEANGlc
  dMEANGlc
  bCLASSIC
  cCLASSIC
  dCLASSIC
  bCLASSCc
  cCLASSCc
  dCLASSCc
  bAGR_VAL
  cAGR_VAL
  dAGR_VAL
  bOPN_VAL
  cOPN_VAL
  dOPN_VAL
  bAGR_VLc
  cAGR_VLc
  dAGR_VLc
  bOPNVALc
  cOPNVALc
  dOPNVALc
  aMV_pomp
  bMV_pomp
  cMV_pomp
  dMV_pomp
  aST_pomp
  bST_pomp
  cST_pomp
  dST_pomp
  aSD_pomp
  bSD_pomp
  cSD_pomp
  dSD_pomp
  agoal_ec
  bgoal_ec
  cgoal_ec
  dgoal_ec
  aAspfinc
  bAspfinc
  cAspfinc
  dAspfinc
  abfi_hp8
  bbfi_hp8
  cbfi_hp8
  dbfi_hp8
  aP_S_BFI
  aP_D_BFI
  aECgoalc
  bECgoalC
  cECgoalC
  dECgoalC
  aaspfin
  baspfin
  caspfin
  daspfin
  aMVI_POMP
  bMVI_POMP
  cMVI_POMP
  dMVI_POMP;


  USEVARIABLES =
  aBFA_AC
  bBFA_AC
  cBFA_AC
  dBFA_AC
  aVRT_COL
  bVRT_COL
  cVRT_COL
  dVRT_COL
  a1
  a2
  a3
  a4
  ;

  missing = all (-9999);

  USEOBSERVATIONS are Sample == 1; ! National Sample

  tscores = a1 a2 a3 a4;

  DEFINE:
  a1 = aAGE + 0 - 36;
  a2 = aAGE + 1 - 36;
  a3 = aAGE + 2 - 36;
  a4 = aAGE + 3 - 36;

  ANALYSIS:
  TYPE=RANDOM;
  PROCESSORS = 4;
  model=nocovariances; ! supresses default estimation of certain covs in model;

  MODEL:

  i_BFA_AC s_BFA_AC | aBFA_AC bBFA_AC cBFA_AC dBFA_AC AT a1 a2 a3 a4;
  i_VRT_COL s_VRT_COL | aVRT_COL bVRT_COL cVRT_COL dVRT_COL AT a1 a2 a3 a4;

  ! freeing factor covs because of "nocovariances"
  s_BFA_AC WITH i_BFA_AC s_VRT_COL i_VRT_COL;
  i_BFA_AC WITH s_VRT_COL i_VRT_COL;
  s_VRT_COL WITH i_VRT_COL;

  p1 BY aBFA_AC@1; ! Residual "factors";
  p2 BY bBFA_AC@1;
  p3 BY cBFA_AC@1;
  p4 BY dBFA_AC@1;

  v1 BY aVRT_COL@1; ! Residual "factors";
  v2 BY bVRT_COL@1;
  v3 BY cVRT_COL@1;
  v4 BY dVRT_COL@1;

  !residual variances on observed/manifest vars set to 0
  aBFA_AC@0;
  bBFA_AC@0;
  cBFA_AC@0;
  dBFA_AC@0;

  !residual variances on observed/manifest vars set to 0
  aVRT_COL@0;
  bVRT_COL@0;
  cVRT_COL@0;
  dVRT_COL@0;

  ! means of observed/manifest vars set to 0
  [aBFA_AC@0];
  [bBFA_AC@0];
  [cBFA_AC@0];
  [dBFA_AC@0];

  ! means of observed/manifest vars set to 0
  [aVRT_COL@0];
  [bVRT_COL@0];
  [cVRT_COL@0];
  [dVRT_COL@0];

  [p1@0]; ! means of residual "factors" set to 0
  [p2@0];
  [p3@0];
  [p4@0];

  [v1@0]; ! means of residual "factors" set to 0
  [v2@0];
  [v3@0];
  [v4@0];

  p4 on p3 (a); ! Autoregressive paths constrained to equality
  p3 on p2 (a);
  p2 on p1 (a);

  v4 on v3 (b); ! Autoregressive paths constrained to equality
  v3 on v2 (b);
  v2 on v1 (b);

  p4 on v3 (c); ! Cross-lagged paths constrained to equality
  p3 on v2 (c);
  p2 on v1 (c);

  v4 on p3 (d); ! Cross-lagged paths constrained to equality
  v3 on p2 (d);
  v2 on p1 (d);

  p1 with v1; !(this one is not like the others)

  p2 with v2 (e); ! Within-wave correlations constrained to equality
  p3 with v3 (e);
  p4 with v4 (e);

  p2 p3 p4 (f); ! estimate variances of residual "factors"
  v2 v3 v4 (g); ! estimate variances of residual "factors"

  OUTPUT: SAMPSTAT PATTERNS;



*** WARNING
  Variable name contains more than 8 characters.
  Only the first 8 characters will be printed in the output.
  Variable: AMVI_POMP
*** WARNING
  Variable name contains more than 8 characters.
  Only the first 8 characters will be printed in the output.
  Variable: BMVI_POMP
*** WARNING
  Variable name contains more than 8 characters.
  Only the first 8 characters will be printed in the output.
  Variable: CMVI_POMP
*** WARNING
  Variable name contains more than 8 characters.
  Only the first 8 characters will be printed in the output.
  Variable: DMVI_POMP
*** WARNING
  Variable name contains more than 8 characters.
  Only the first 8 characters will be printed in the output.
  Variable: I_VRT_COL
*** WARNING
  Variable name contains more than 8 characters.
  Only the first 8 characters will be printed in the output.
  Variable: S_VRT_COL
*** WARNING
  Data set contains cases with missing on time scores but non-missing on the
  corresponding dependent variables.  These cases were not included in the analysis.
  Number of such cases:  16
   7 WARNING(S) FOUND IN THE INPUT INSTRUCTIONS



PxVx Bivariate LCM-SR - Nat Linear BFA_AC with Linear VRT_COL;

SUMMARY OF ANALYSIS

Number of groups                                                 1
Number of observations                                         863

Number of dependent variables                                    8
Number of independent variables                                  0
Number of continuous latent variables                           12

Observed dependent variables

  Continuous
   ABFA_AC     BBFA_AC     CBFA_AC     DBFA_AC     AVRT_COL    BVRT_COL
   CVRT_COL    DVRT_COL

Continuous latent variables
   P1          P2          P3          P4          V1          V2
   V3          V4          I_BFA_AC    S_BFA_AC    I_VRT_CO    S_VRT_CO

Variables with special functions

  Time scores
   A1          A2          A3          A4


Estimator                                                      MLR
Information matrix                                        OBSERVED
Maximum number of iterations                                   100
Convergence criterion                                    0.100D-05
Maximum number of EM iterations                                500
Convergence criteria for the EM algorithm
  Loglikelihood change                                   0.100D-02
  Relative loglikelihood change                          0.100D-05
  Derivative                                             0.100D-03
Minimum variance                                         0.100D-03
Maximum number of steepest descent iterations                   20
Maximum number of iterations for H1                           2000
Convergence criterion for H1                             0.100D-03
Optimization algorithm                                         EMA

Input data file(s)
  /Users/johnflournoy/code/lnt_pxvx/Data/LT_227.txt
Input data format  FREE


SUMMARY OF DATA

     Number of missing data patterns            20


SUMMARY OF MISSING DATA PATTERNS


     MISSING DATA PATTERNS (x = not missing)

           1  2  3  4  5  6  7  8  9 10 11 12 13 14 15 16 17 18 19 20
 ABFA_AC   x  x  x  x  x  x  x  x  x  x  x  x        x  x  x  x  x
 BBFA_AC   x     x  x     x     x     x  x  x  x  x     x     x
 CBFA_AC   x           x  x     x  x     x  x  x  x        x  x     x
 DBFA_AC   x     x     x  x  x              x  x  x     x        x  x
 AVRT_COL  x  x  x  x  x  x  x  x  x  x  x  x  x        x  x  x  x
 BVRT_COL  x     x  x     x     x        x     x  x           x
 CVRT_COL  x           x        x  x        x  x  x           x     x
 DVRT_COL  x     x     x  x  x              x  x  x     x     x     x


     MISSING DATA PATTERN FREQUENCIES

    Pattern   Frequency     Pattern   Frequency     Pattern   Frequency
          1         487           8          45          15           1
          2         169           9          22          16           1
          3          26          10           4          17           1
          4          48          11           1          18           1
          5          21          12           3          19           1
          6           2          13           2          20           1
          7          24          14           3


COVARIANCE COVERAGE OF DATA

Minimum covariance coverage value   0.100


     PROPORTION OF DATA PRESENT


           Covariance Coverage
              ABFA_AC       BBFA_AC       CBFA_AC       DBFA_AC       AVRT_COL
              ________      ________      ________      ________      ________
 ABFA_AC        0.993
 BBFA_AC        0.716         0.722
 CBFA_AC        0.676         0.630         0.683
 DBFA_AC        0.655         0.607         0.601         0.662
 AVRT_COL       0.992         0.718         0.678         0.657         0.994
 BVRT_COL       0.707         0.713         0.627         0.603         0.709
 CVRT_COL       0.671         0.627         0.678         0.599         0.673
 DVRT_COL       0.655         0.608         0.603         0.660         0.657


           Covariance Coverage
              BVRT_COL      CVRT_COL      DVRT_COL
              ________      ________      ________
 BVRT_COL       0.713
 CVRT_COL       0.623         0.678
 DVRT_COL       0.604         0.600         0.662


SAMPLE STATISTICS


     ESTIMATED SAMPLE STATISTICS


           Means
              ABFA_AC       BBFA_AC       CBFA_AC       DBFA_AC       AVRT_COL
              ________      ________      ________      ________      ________
 1             77.653        77.734        77.247        77.689        71.488


           Means
              BVRT_COL      CVRT_COL      DVRT_COL
              ________      ________      ________
 1             70.324        68.525        68.773


           Covariances
              ABFA_AC       BBFA_AC       CBFA_AC       DBFA_AC       AVRT_COL
              ________      ________      ________      ________      ________
 ABFA_AC      263.703
 BBFA_AC      202.341       252.179
 CBFA_AC      195.644       210.612       263.757
 DBFA_AC      195.861       195.840       212.807       254.523
 AVRT_COL      92.117        77.180        75.134        62.353       328.830
 BVRT_COL      72.695        80.708        77.491        66.968       243.448
 CVRT_COL      68.693        66.045        83.131        64.483       229.779
 DVRT_COL      62.995        70.591        85.892        70.857       241.648


           Covariances
              BVRT_COL      CVRT_COL      DVRT_COL
              ________      ________      ________
 BVRT_COL     356.869
 CVRT_COL     263.115       381.173
 DVRT_COL     265.813       279.727       370.218


           Correlations
              ABFA_AC       BBFA_AC       CBFA_AC       DBFA_AC       AVRT_COL
              ________      ________      ________      ________      ________
 ABFA_AC        1.000
 BBFA_AC        0.785         1.000
 CBFA_AC        0.742         0.817         1.000
 DBFA_AC        0.756         0.773         0.821         1.000
 AVRT_COL       0.313         0.268         0.255         0.216         1.000
 BVRT_COL       0.237         0.269         0.253         0.222         0.711
 CVRT_COL       0.217         0.213         0.262         0.207         0.649
 DVRT_COL       0.202         0.231         0.275         0.231         0.693


           Correlations
              BVRT_COL      CVRT_COL      DVRT_COL
              ________      ________      ________
 BVRT_COL       1.000
 CVRT_COL       0.713         1.000
 DVRT_COL       0.731         0.745         1.000


     MAXIMUM LOG-LIKELIHOOD VALUE FOR THE UNRESTRICTED (H1) MODEL IS -20718.825


THE MODEL ESTIMATION TERMINATED NORMALLY



MODEL FIT INFORMATION

Number of Free Parameters                       24

Loglikelihood

          H0 Value                      -20745.698
          H0 Scaling Correction Factor      1.2375
            for MLR

Information Criteria

          Akaike (AIC)                   41539.395
          Bayesian (BIC)                 41653.645
          Sample-Size Adjusted BIC       41577.428
            (n* = (n + 2) / 24)



MODEL RESULTS

                                                    Two-Tailed
                    Estimate       S.E.  Est./S.E.    P-Value

 P1       BY
    ABFA_AC            1.000      0.000    999.000    999.000

 P2       BY
    BBFA_AC            1.000      0.000    999.000    999.000

 P3       BY
    CBFA_AC            1.000      0.000    999.000    999.000

 P4       BY
    DBFA_AC            1.000      0.000    999.000    999.000

 V1       BY
    AVRT_COL           1.000      0.000    999.000    999.000

 V2       BY
    BVRT_COL           1.000      0.000    999.000    999.000

 V3       BY
    CVRT_COL           1.000      0.000    999.000    999.000

 V4       BY
    DVRT_COL           1.000      0.000    999.000    999.000

 P4         ON
    P3                 0.188      0.052      3.632      0.000
    V3                 0.007      0.029      0.262      0.793

 P3         ON
    P2                 0.188      0.052      3.632      0.000
    V2                 0.007      0.029      0.262      0.793

 P2         ON
    P1                 0.188      0.052      3.632      0.000
    V1                 0.007      0.029      0.262      0.793

 V4         ON
    V3                 0.147      0.053      2.786      0.005
    P3                 0.034      0.064      0.526      0.599

 V3         ON
    V2                 0.147      0.053      2.786      0.005
    P2                 0.034      0.064      0.526      0.599

 V2         ON
    V1                 0.147      0.053      2.786      0.005
    P1                 0.034      0.064      0.526      0.599

 S_BFA_AC WITH
    I_BFA_AC          -1.264      0.697     -1.814      0.070
    S_VRT_COL          0.051      0.088      0.585      0.559
    I_VRT_COL          0.006      2.116      0.003      0.998

 I_BFA_AC WITH
    S_VRT_COL         -0.966      2.226     -0.434      0.664
    I_VRT_COL         58.366     12.477      4.678      0.000

 S_VRT_CO WITH
    I_VRT_COL         -0.647      0.730     -0.887      0.375

 P1       WITH
    V1                28.288      5.859      4.828      0.000

 P2       WITH
    V2                 7.596      3.842      1.977      0.048

 P3       WITH
    V3                 7.596      3.842      1.977      0.048

 P4       WITH
    V4                 7.596      3.842      1.977      0.048

 Means
    P1                 0.000      0.000    999.000    999.000
    V1                 0.000      0.000    999.000    999.000
    I_BFA_AC          77.349      0.518    149.241      0.000
    S_BFA_AC           0.153      0.048      3.196      0.001
    I_VRT_COL         70.041      0.583    120.208      0.000
    S_VRT_COL          0.168      0.053      3.157      0.002

 Intercepts
    ABFA_AC            0.000      0.000    999.000    999.000
    BBFA_AC            0.000      0.000    999.000    999.000
    CBFA_AC            0.000      0.000    999.000    999.000
    DBFA_AC            0.000      0.000    999.000    999.000
    AVRT_COL           0.000      0.000    999.000    999.000
    BVRT_COL           0.000      0.000    999.000    999.000
    CVRT_COL           0.000      0.000    999.000    999.000
    DVRT_COL           0.000      0.000    999.000    999.000
    P2                 0.000      0.000    999.000    999.000
    P3                 0.000      0.000    999.000    999.000
    P4                 0.000      0.000    999.000    999.000
    V2                 0.000      0.000    999.000    999.000
    V3                 0.000      0.000    999.000    999.000
    V4                 0.000      0.000    999.000    999.000

 Variances
    P1                75.301      6.829     11.027      0.000
    V1               115.035      9.672     11.894      0.000
    I_BFA_AC         181.911     15.614     11.651      0.000
    S_BFA_AC           0.100      0.118      0.843      0.399
    I_VRT_COL        218.700     20.050     10.908      0.000
    S_VRT_COL          0.124      0.135      0.921      0.357

 Residual Variances
    ABFA_AC            0.000      0.000    999.000    999.000
    BBFA_AC            0.000      0.000    999.000    999.000
    CBFA_AC            0.000      0.000    999.000    999.000
    DBFA_AC            0.000      0.000    999.000    999.000
    AVRT_COL           0.000      0.000    999.000    999.000
    BVRT_COL           0.000      0.000    999.000    999.000
    CVRT_COL           0.000      0.000    999.000    999.000
    DVRT_COL           0.000      0.000    999.000    999.000
    P2                57.181      3.991     14.326      0.000
    P3                57.181      3.991     14.326      0.000
    P4                57.181      3.991     14.326      0.000
    V2               116.258      7.708     15.083      0.000
    V3               116.258      7.708     15.083      0.000
    V4               116.258      7.708     15.083      0.000


QUALITY OF NUMERICAL RESULTS

     Condition Number for the Information Matrix              0.900E-07
       (ratio of smallest to largest eigenvalue)


     Beginning Time:  15:22:13
        Ending Time:  15:22:17
       Elapsed Time:  00:00:04



MUTHEN & MUTHEN
3463 Stoner Ave.
Los Angeles, CA  90066

Tel: (310) 391-9971
Fax: (310) 391-8971
Web: www.StatModel.com
Support: Support@StatModel.com

Copyright (c) 1998-2012 Muthen & Muthen
