Mplus VERSION 8 (Linux)
MUTHEN & MUTHEN
07/07/2018   6:50 PM

INPUT INSTRUCTIONS


  title: PxVx Bivariate LCM-SR - decadegroup - Linear bfas_ee with Linear bfa_mt_d;
  data: file = /home/jflournoy/code_new/lnt_pxvx/Data/lnt_nat_recalc.tsv;

  variable:
  names =
  subjid
  aage
  aaspfin
  aaspfin_d
  abfa_mt
  abfa_mt_d
  abfas_ac
  abfas_ap
  abfas_ci
  abfas_co
  abfas_ea
  abfas_ee
  abfas_nv
  abfas_nv9
  abfas_nw
  abfas_oi
  abfas_oo
  abfi_a
  abfi_a6
  abfi_c
  abfi_d_scale
  abfi_e
  abfi_hp8
  abfi_n
  abfi_o
  abfi_s_scale
  ahrz_col
  ahrz_col_d
  ahrz_ind
  ahrz_ind_d
  amvi
  ausi
  ausi_d
  avrt_col
  avrt_col_d
  avrt_ind
  avrt_ind_d
  bage
  baspfin
  baspfin_d
  bbfa_mt
  bbfa_mt_d
  bbfas_ac
  bbfas_ap
  bbfas_ci
  bbfas_co
  bbfas_ea
  bbfas_ee
  bbfas_nv
  bbfas_nv9
  bbfas_nw
  bbfas_oi
  bbfas_oo
  bbfi_a
  bbfi_a6
  bbfi_c
  bbfi_d_scale
  bbfi_e
  bbfi_hp8
  bbfi_n
  bbfi_o
  bbfi_s_scale
  bhrz_col
  bhrz_col_d
  bhrz_ind
  bhrz_ind_d
  bmvi
  busi
  busi_d
  bvrt_col
  bvrt_col_d
  bvrt_ind
  bvrt_ind_d
  cage
  caspfin
  caspfin_d
  cbfa_mt
  cbfa_mt_d
  cbfas_ac
  cbfas_ap
  cbfas_ci
  cbfas_co
  cbfas_ea
  cbfas_ee
  cbfas_nv
  cbfas_nv9
  cbfas_nw
  cbfas_oi
  cbfas_oo
  cbfi_a
  cbfi_a6
  cbfi_c
  cbfi_d_scale
  cbfi_e
  cbfi_hp8
  cbfi_n
  cbfi_o
  cbfi_s_scale
  chrz_col
  chrz_col_d
  chrz_ind
  chrz_ind_d
  cmvi
  cusi
  cusi_d
  cvrt_col
  cvrt_col_d
  cvrt_ind
  cvrt_ind_d
  dage
  daspfin
  daspfin_d
  dbfa_mt
  dbfa_mt_d
  dbfas_ac
  dbfas_ap
  dbfas_ci
  dbfas_co
  dbfas_ea
  dbfas_ee
  dbfas_nv
  dbfas_nv9
  dbfas_nw
  dbfas_oi
  dbfas_oo
  dbfi_a
  dbfi_a6
  dbfi_c
  dbfi_d_scale
  dbfi_e
  dbfi_hp8
  dbfi_n
  dbfi_o
  dbfi_s_scale
  dhrz_col
  dhrz_col_d
  dhrz_ind
  dhrz_ind_d
  dmvi
  dusi
  dusi_d
  dvrt_col
  dvrt_col_d
  dvrt_ind
  dvrt_ind_d;

  USEVARIABLES =
  abfas_ee
  bbfas_ee
  cbfas_ee
  dbfas_ee
  abfa_mt_d
  bbfa_mt_d
  cbfa_mt_d
  dbfa_mt_d
  a1
  a2
  a3
  a4
  ;

  missing = all (-9999);

  tscores = a1 a2 a3 a4;

  grouping = aage (0=d2, 1=d3, 2=d4, 3=d5);

  DEFINE:

  cut aage (29 39 49);

  a1 = aage + 0 - 36;
  a2 = aage + 1 - 36;
  a3 = aage + 2 - 36;
  a4 = aage + 3 - 36;

  ANALYSIS:
  TYPE=RANDOM;
  PROCESSORS = 6;
  model=nocovariances; ! supresses default estimation of certain covs in model;

  MODEL:

  i_bfas_ee s_bfas_ee | abfas_ee bbfas_ee cbfas_ee dbfas_ee AT a1 a2 a3 a4;
  i_bfa_mt_d s_bfa_mt_d | abfa_mt_d bbfa_mt_d cbfa_mt_d dbfa_mt_d AT a1 a2 a3 a4;

  ! freeing factor covs because of "nocovariances"
  s_bfas_ee WITH i_bfas_ee s_bfa_mt_d i_bfa_mt_d;
  i_bfas_ee WITH s_bfa_mt_d i_bfa_mt_d;
  s_bfa_mt_d WITH i_bfa_mt_d;

  p1 BY abfas_ee@1; ! Residual "factors";
  p2 BY bbfas_ee@1;
  p3 BY cbfas_ee@1;
  p4 BY dbfas_ee@1;

  v1 BY abfa_mt_d@1; ! Residual "factors";
  v2 BY bbfa_mt_d@1;
  v3 BY cbfa_mt_d@1;
  v4 BY dbfa_mt_d@1;

  !residual variances on observed/manifest vars set to 0
  abfas_ee@0;
  bbfas_ee@0;
  cbfas_ee@0;
  dbfas_ee@0;

  !residual variances on observed/manifest vars set to 0
  abfa_mt_d@0;
  bbfa_mt_d@0;
  cbfa_mt_d@0;
  dbfa_mt_d@0;

  ! means of observed/manifest vars set to 0
  [abfas_ee@0];
  [bbfas_ee@0];
  [cbfas_ee@0];
  [dbfas_ee@0];

  ! means of observed/manifest vars set to 0
  [abfa_mt_d@0];
  [bbfa_mt_d@0];
  [cbfa_mt_d@0];
  [dbfa_mt_d@0];

  [p1@0]; ! means of residual "factors" set to 0
  [p2@0];
  [p3@0];
  [p4@0];

  [v1@0]; ! means of residual "factors" set to 0
  [v2@0];
  [v3@0];
  [v4@0];

  p4 on p3 (a); ! Autoregressive paths constrained to equality
  p3 on p2 (a);
  p2 on p1 (a);

  v4 on v3 (b); ! Autoregressive paths constrained to equality
  v3 on v2 (b);
  v2 on v1 (b);

  p4 on v3 (c); ! Cross-lagged paths constrained to equality
  p3 on v2 (c);
  p2 on v1 (c);

  v4 on p3 (d); ! Cross-lagged paths constrained to equality
  v3 on p2 (d);
  v2 on p1 (d);

  p1 with v1; !(this one is not like the others)

  p2 with v2 (e); ! Within-wave correlations constrained to equality
  p3 with v3 (e);
  p4 with v4 (e);

  p2 p3 p4 (f); ! estimate variances of residual "factors"
  v2 v3 v4 (g); ! estimate variances of residual "factors"

  MODEL d2:

  p4 on p3 (a2); ! Autoregressive paths constrained to equality
  p3 on p2 (a2);
  p2 on p1 (a2);

  v4 on v3 (b2); ! Autoregressive paths constrained to equality
  v3 on v2 (b2);
  v2 on v1 (b2);

  p4 on v3 (c2); ! Cross-lagged paths constrained to equality
  p3 on v2 (c2);
  p2 on v1 (c2);

  v4 on p3 (d2); ! Cross-lagged paths constrained to equality
  v3 on p2 (d2);
  v2 on p1 (d2);

  p1 with v1; !(this one is not like the others)

  p2 with v2 (e2); ! Within-wave correlations constrained to equality
  p3 with v3 (e2);
  p4 with v4 (e2);

  p2 p3 p4 (f2); ! estimate variances of residual "factors"
  v2 v3 v4 (g2); ! estimate variances of residual "factors"

  MODEL d3:

  p4 on p3 (a3); ! Autoregressive paths constrained to equality
  p3 on p2 (a3);
  p2 on p1 (a3);

  v4 on v3 (b3); ! Autoregressive paths constrained to equality
  v3 on v2 (b3);
  v2 on v1 (b3);

  p4 on v3 (c3); ! Cross-lagged paths constrained to equality
  p3 on v2 (c3);
  p2 on v1 (c3);

  v4 on p3 (d3); ! Cross-lagged paths constrained to equality
  v3 on p2 (d3);
  v2 on p1 (d3);

  p1 with v1; !(this one is not like the others)

  p2 with v2 (e3); ! Within-wave correlations constrained to equality
  p3 with v3 (e3);
  p4 with v4 (e3);

  p2 p3 p4 (f3); ! estimate variances of residual "factors"
  v2 v3 v4 (g3); ! estimate variances of residual "factors"

  MODEL d4:

  p4 on p3 (a4); ! Autoregressive paths constrained to equality
  p3 on p2 (a4);
  p2 on p1 (a4);

  v4 on v3 (b4); ! Autoregressive paths constrained to equality
  v3 on v2 (b4);
  v2 on v1 (b4);

  p4 on v3 (c4); ! Cross-lagged paths constrained to equality
  p3 on v2 (c4);
  p2 on v1 (c4);

  v4 on p3 (d4); ! Cross-lagged paths constrained to equality
  v3 on p2 (d4);
  v2 on p1 (d4);

  p1 with v1; !(this one is not like the others)

  p2 with v2 (e4); ! Within-wave correlations constrained to equality
  p3 with v3 (e4);
  p4 with v4 (e4);

  p2 p3 p4 (f4); ! estimate variances of residual "factors"
  v2 v3 v4 (g4); ! estimate variances of residual "factors"

  MODEL d5:

  p4 on p3 (a5); ! Autoregressive paths constrained to equality
  p3 on p2 (a5);
  p2 on p1 (a5);

  v4 on v3 (b5); ! Autoregressive paths constrained to equality
  v3 on v2 (b5);
  v2 on v1 (b5);

  p4 on v3 (c5); ! Cross-lagged paths constrained to equality
  p3 on v2 (c5);
  p2 on v1 (c5);

  v4 on p3 (d5); ! Cross-lagged paths constrained to equality
  v3 on p2 (d5);
  v2 on p1 (d5);

  p1 with v1; !(this one is not like the others)

  p2 with v2 (e5); ! Within-wave correlations constrained to equality
  p3 with v3 (e5);
  p4 with v4 (e5);

  p2 p3 p4 (f5); ! estimate variances of residual "factors"
  v2 v3 v4 (g5); ! estimate variances of residual "factors"

  OUTPUT: SAMPSTAT PATTERNS;



*** WARNING in VARIABLE command
  Note that only the first 8 characters of variable names are used in the output.
  Shorten variable names to avoid any confusion.
*** WARNING
  Data set contains unknown or missing values for GROUPING,
  PATTERN, COHORT, CLUSTER and/or STRATIFICATION variables.
  Number of cases with unknown or missing values:  5
   2 WARNING(S) FOUND IN THE INPUT INSTRUCTIONS



PxVx Bivariate LCM-SR - decadegroup - Linear bfas_ee with Linear bfa_mt_d;

SUMMARY OF ANALYSIS

Number of groups                                                 4
Number of observations
   Group D2                                                    301
   Group D3                                                    233
   Group D4                                                    198
   Group D5                                                    132
   Total sample size                                           864

Number of dependent variables                                    8
Number of independent variables                                  0
Number of continuous latent variables                           12

Observed dependent variables

  Continuous
   ABFAS_EE    BBFAS_EE    CBFAS_EE    DBFAS_EE    ABFA_MT_D   BBFA_MT_D
   CBFA_MT_D   DBFA_MT_D

Continuous latent variables
   P1          P2          P3          P4          V1          V2
   V3          V4          I_BFAS_E    S_BFAS_E    I_BFA_MT    S_BFA_MT

Variables with special functions

  Grouping variable     AAGE

  Time scores
   A1          A2          A3          A4


Estimator                                                      MLR
Information matrix                                        OBSERVED
Maximum number of iterations                                   100
Convergence criterion                                    0.100D-05
Maximum number of EM iterations                                500
Convergence criteria for the EM algorithm
  Loglikelihood change                                   0.100D-02
  Relative loglikelihood change                          0.100D-05
  Derivative                                             0.100D-03
Minimum variance                                         0.100D-03
Maximum number of steepest descent iterations                   20
Maximum number of iterations for H1                           2000
Convergence criterion for H1                             0.100D-03
Optimization algorithm                                         EMA

Input data file(s)
  /home/jflournoy/code_new/lnt_pxvx/Data/lnt_nat_recalc.tsv
Input data format  FREE


SUMMARY OF DATA

   Group D2
     Number of missing data patterns             9

   Group D3
     Number of missing data patterns             9

   Group D4
     Number of missing data patterns             9

   Group D5
     Number of missing data patterns             9


SUMMARY OF MISSING DATA PATTERNS


     MISSING DATA PATTERNS (x = not missing) FOR D2

           1  2  3  4  5  6  7  8  9
 ABFAS_EE  x  x  x  x  x  x  x  x
 BBFAS_EE  x     x  x  x           x
 CBFAS_EE  x           x     x  x  x
 DBFAS_EE  x     x        x     x  x
 ABFA_MT_  x  x  x  x  x  x  x  x
 BBFA_MT_  x     x  x  x           x
 CBFA_MT_  x           x     x  x  x
 DBFA_MT_  x     x        x     x  x


     MISSING DATA PATTERN FREQUENCIES FOR D2

    Pattern   Frequency     Pattern   Frequency     Pattern   Frequency
          1         188           4          12           7           5
          2          57           5          15           8           6
          3           6           6          11           9           1


     MISSING DATA PATTERNS (x = not missing) FOR D3

           1  2  3  4  5  6  7  8  9
 ABFAS_EE  x  x  x  x  x  x  x  x  x
 BBFAS_EE  x     x  x  x           x
 CBFAS_EE  x           x     x  x  x
 DBFAS_EE  x     x        x     x  x
 ABFA_MT_  x  x  x  x  x  x  x  x
 BBFA_MT_  x     x  x  x           x
 CBFA_MT_  x           x     x  x  x
 DBFA_MT_  x     x        x     x  x


     MISSING DATA PATTERN FREQUENCIES FOR D3

    Pattern   Frequency     Pattern   Frequency     Pattern   Frequency
          1         139           4          16           7           7
          2          44           5           7           8           7
          3           8           6           4           9           1


     MISSING DATA PATTERNS (x = not missing) FOR D4

           1  2  3  4  5  6  7  8  9
 ABFAS_EE  x  x  x  x  x  x  x  x  x
 BBFAS_EE  x     x  x  x           x
 CBFAS_EE  x           x     x  x  x
 DBFAS_EE  x     x        x     x  x
 ABFA_MT_  x  x  x  x  x  x  x  x  x
 BBFA_MT_  x     x  x  x
 CBFA_MT_  x           x     x  x  x
 DBFA_MT_  x     x        x     x  x


     MISSING DATA PATTERN FREQUENCIES FOR D4

    Pattern   Frequency     Pattern   Frequency     Pattern   Frequency
          1         105           4          14           7           6
          2          40           5          15           8           5
          3           8           6           4           9           1


     MISSING DATA PATTERNS (x = not missing) FOR D5

           1  2  3  4  5  6  7  8  9
 ABFAS_EE  x  x  x  x  x  x  x  x
 BBFAS_EE  x     x  x  x           x
 CBFAS_EE  x           x     x  x  x
 DBFAS_EE  x     x        x     x  x
 ABFA_MT_  x  x  x  x  x  x  x  x
 BBFA_MT_  x     x  x  x           x
 CBFA_MT_  x           x     x  x  x
 DBFA_MT_  x     x        x     x  x


     MISSING DATA PATTERN FREQUENCIES FOR D5

    Pattern   Frequency     Pattern   Frequency     Pattern   Frequency
          1          60           4          10           7           6
          2          29           5          11           8           4
          3           5           6           6           9           1


COVARIANCE COVERAGE OF DATA

Minimum covariance coverage value   0.100


     PROPORTION OF DATA PRESENT FOR D2


           Covariance Coverage
              ABFAS_EE      BBFAS_EE      CBFAS_EE      DBFAS_EE      ABFA_MT_
              ________      ________      ________      ________      ________
 ABFAS_EE       0.997
 BBFAS_EE       0.734         0.738
 CBFAS_EE       0.711         0.678         0.714
 DBFAS_EE       0.701         0.648         0.648         0.704
 ABFA_MT_       0.997         0.734         0.711         0.701         0.997
 BBFA_MT_       0.734         0.738         0.678         0.648         0.734
 CBFA_MT_       0.711         0.678         0.714         0.648         0.711
 DBFA_MT_       0.701         0.648         0.648         0.704         0.701


           Covariance Coverage
              BBFA_MT_      CBFA_MT_      DBFA_MT_
              ________      ________      ________
 BBFA_MT_       0.738
 CBFA_MT_       0.678         0.714
 DBFA_MT_       0.648         0.648         0.704


     PROPORTION OF DATA PRESENT FOR D3


           Covariance Coverage
              ABFAS_EE      BBFAS_EE      CBFAS_EE      DBFAS_EE      ABFA_MT_
              ________      ________      ________      ________      ________
 ABFAS_EE       0.996
 BBFAS_EE       0.730         0.734
 CBFAS_EE       0.687         0.631         0.691
 DBFAS_EE       0.678         0.635         0.631         0.682
 ABFA_MT_       0.996         0.730         0.687         0.678         0.996
 BBFA_MT_       0.730         0.734         0.631         0.635         0.730
 CBFA_MT_       0.687         0.631         0.691         0.631         0.687
 DBFA_MT_       0.678         0.635         0.631         0.682         0.678


           Covariance Coverage
              BBFA_MT_      CBFA_MT_      DBFA_MT_
              ________      ________      ________
 BBFA_MT_       0.734
 CBFA_MT_       0.631         0.691
 DBFA_MT_       0.635         0.631         0.682


     PROPORTION OF DATA PRESENT FOR D4


           Covariance Coverage
              ABFAS_EE      BBFAS_EE      CBFAS_EE      DBFAS_EE      ABFA_MT_
              ________      ________      ________      ________      ________
 ABFAS_EE       0.995
 BBFAS_EE       0.717         0.722
 CBFAS_EE       0.662         0.611         0.667
 DBFAS_EE       0.616         0.576         0.561         0.621
 ABFA_MT_       0.995         0.717         0.662         0.616         0.995
 BBFA_MT_       0.717         0.722         0.611         0.576         0.717
 CBFA_MT_       0.662         0.611         0.667         0.561         0.662
 DBFA_MT_       0.616         0.576         0.561         0.621         0.616


           Covariance Coverage
              BBFA_MT_      CBFA_MT_      DBFA_MT_
              ________      ________      ________
 BBFA_MT_       0.722
 CBFA_MT_       0.611         0.667
 DBFA_MT_       0.576         0.561         0.621


     PROPORTION OF DATA PRESENT FOR D5


           Covariance Coverage
              ABFAS_EE      BBFAS_EE      CBFAS_EE      DBFAS_EE      ABFA_MT_
              ________      ________      ________      ________      ________
 ABFAS_EE       0.992
 BBFAS_EE       0.652         0.659
 CBFAS_EE       0.614         0.545         0.621
 DBFAS_EE       0.568         0.500         0.492         0.576
 ABFA_MT_       0.992         0.652         0.614         0.568         0.992
 BBFA_MT_       0.652         0.659         0.545         0.500         0.652
 CBFA_MT_       0.614         0.545         0.621         0.492         0.614
 DBFA_MT_       0.568         0.500         0.492         0.576         0.568


           Covariance Coverage
              BBFA_MT_      CBFA_MT_      DBFA_MT_
              ________      ________      ________
 BBFA_MT_       0.659
 CBFA_MT_       0.545         0.621
 DBFA_MT_       0.500         0.492         0.576


SAMPLE STATISTICS


     ESTIMATED SAMPLE STATISTICS FOR D2


           Means
              ABFAS_EE      BBFAS_EE      CBFAS_EE      DBFAS_EE      ABFA_MT_
              ________      ________      ________      ________      ________
               60.727        60.598        59.225        58.318        42.121


           Means
              BBFA_MT_      CBFA_MT_      DBFA_MT_
              ________      ________      ________
               42.231        43.218        40.117


           Covariances
              ABFAS_EE      BBFAS_EE      CBFAS_EE      DBFAS_EE      ABFA_MT_
              ________      ________      ________      ________      ________
 ABFAS_EE     355.649
 BBFAS_EE     276.261       323.768
 CBFAS_EE     279.684       275.800       366.358
 DBFAS_EE     285.067       282.270       305.926       385.739
 ABFA_MT_     -18.611         6.208       -10.776       -24.550       480.026
 BBFA_MT_      -1.418         3.872       -21.267       -15.105       304.308
 CBFA_MT_     -31.867        -3.876       -54.413       -43.708       304.464
 DBFA_MT_      -9.877        16.324       -39.320       -34.071       283.323


           Covariances
              BBFA_MT_      CBFA_MT_      DBFA_MT_
              ________      ________      ________
 BBFA_MT_     503.508
 CBFA_MT_     372.239       515.683
 DBFA_MT_     362.186       403.682       542.520


           Correlations
              ABFAS_EE      BBFAS_EE      CBFAS_EE      DBFAS_EE      ABFA_MT_
              ________      ________      ________      ________      ________
 ABFAS_EE       1.000
 BBFAS_EE       0.814         1.000
 CBFAS_EE       0.775         0.801         1.000
 DBFAS_EE       0.770         0.799         0.814         1.000
 ABFA_MT_      -0.045         0.016        -0.026        -0.057         1.000
 BBFA_MT_      -0.003         0.010        -0.050        -0.034         0.619
 CBFA_MT_      -0.074        -0.009        -0.125        -0.098         0.612
 DBFA_MT_      -0.022         0.039        -0.088        -0.074         0.555


           Correlations
              BBFA_MT_      CBFA_MT_      DBFA_MT_
              ________      ________      ________
 BBFA_MT_       1.000
 CBFA_MT_       0.731         1.000
 DBFA_MT_       0.693         0.763         1.000


     ESTIMATED SAMPLE STATISTICS FOR D3


           Means
              ABFAS_EE      BBFAS_EE      CBFAS_EE      DBFAS_EE      ABFA_MT_
              ________      ________      ________      ________      ________
               62.302        62.153        60.411        60.277        40.633


           Means
              BBFA_MT_      CBFA_MT_      DBFA_MT_
              ________      ________      ________
               38.851        38.959        41.241


           Covariances
              ABFAS_EE      BBFAS_EE      CBFAS_EE      DBFAS_EE      ABFA_MT_
              ________      ________      ________      ________      ________
 ABFAS_EE     364.446
 BBFAS_EE     302.650       326.172
 CBFAS_EE     306.897       295.265       362.767
 DBFAS_EE     299.605       292.110       307.378       369.206
 ABFA_MT_     -19.862        -1.071         1.710        16.016       444.297
 BBFA_MT_      10.294        10.031        -8.385        -0.359       308.275
 CBFA_MT_      12.169        20.324        11.066        33.855       310.625
 DBFA_MT_       7.182         4.793        24.672         5.670       262.328


           Covariances
              BBFA_MT_      CBFA_MT_      DBFA_MT_
              ________      ________      ________
 BBFA_MT_     444.658
 CBFA_MT_     339.349       463.582
 DBFA_MT_     320.051       305.091       413.455


           Correlations
              ABFAS_EE      BBFAS_EE      CBFAS_EE      DBFAS_EE      ABFA_MT_
              ________      ________      ________      ________      ________
 ABFAS_EE       1.000
 BBFAS_EE       0.878         1.000
 CBFAS_EE       0.844         0.858         1.000
 DBFAS_EE       0.817         0.842         0.840         1.000
 ABFA_MT_      -0.049        -0.003         0.004         0.040         1.000
 BBFA_MT_       0.026         0.026        -0.021        -0.001         0.694
 CBFA_MT_       0.030         0.052         0.027         0.082         0.684
 DBFA_MT_       0.019         0.013         0.064         0.015         0.612


           Correlations
              BBFA_MT_      CBFA_MT_      DBFA_MT_
              ________      ________      ________
 BBFA_MT_       1.000
 CBFA_MT_       0.747         1.000
 DBFA_MT_       0.746         0.697         1.000


     ESTIMATED SAMPLE STATISTICS FOR D4


           Means
              ABFAS_EE      BBFAS_EE      CBFAS_EE      DBFAS_EE      ABFA_MT_
              ________      ________      ________      ________      ________
               61.272        60.825        61.104        60.228        36.258


           Means
              BBFA_MT_      CBFA_MT_      DBFA_MT_
              ________      ________      ________
               38.007        36.923        37.914


           Covariances
              ABFAS_EE      BBFAS_EE      CBFAS_EE      DBFAS_EE      ABFA_MT_
              ________      ________      ________      ________      ________
 ABFAS_EE     327.511
 BBFAS_EE     291.375       375.028
 CBFAS_EE     261.085       291.407       319.020
 DBFAS_EE     276.171       298.283       292.789       354.631
 ABFA_MT_      18.171         5.271        38.714        30.219       427.708
 BBFA_MT_      -6.515        -4.857        19.065        -0.924       282.974
 CBFA_MT_      13.603        -4.833        45.934        22.438       295.370
 DBFA_MT_     -10.741        -5.457        10.295         5.343       261.670


           Covariances
              BBFA_MT_      CBFA_MT_      DBFA_MT_
              ________      ________      ________
 BBFA_MT_     407.045
 CBFA_MT_     293.072       417.481
 DBFA_MT_     256.323       235.634       378.140


           Correlations
              ABFAS_EE      BBFAS_EE      CBFAS_EE      DBFAS_EE      ABFA_MT_
              ________      ________      ________      ________      ________
 ABFAS_EE       1.000
 BBFAS_EE       0.831         1.000
 CBFAS_EE       0.808         0.842         1.000
 DBFAS_EE       0.810         0.818         0.870         1.000
 ABFA_MT_       0.049         0.013         0.105         0.078         1.000
 BBFA_MT_      -0.018        -0.012         0.053        -0.002         0.678
 CBFA_MT_       0.037        -0.012         0.126         0.058         0.699
 DBFA_MT_      -0.031        -0.014         0.030         0.015         0.651


           Correlations
              BBFA_MT_      CBFA_MT_      DBFA_MT_
              ________      ________      ________
 BBFA_MT_       1.000
 CBFA_MT_       0.711         1.000
 DBFA_MT_       0.653         0.593         1.000


     ESTIMATED SAMPLE STATISTICS FOR D5


           Means
              ABFAS_EE      BBFAS_EE      CBFAS_EE      DBFAS_EE      ABFA_MT_
              ________      ________      ________      ________      ________
               66.282        66.128        65.827        64.576        34.664


           Means
              BBFA_MT_      CBFA_MT_      DBFA_MT_
              ________      ________      ________
               34.879        36.582        35.027


           Covariances
              ABFAS_EE      BBFAS_EE      CBFAS_EE      DBFAS_EE      ABFA_MT_
              ________      ________      ________      ________      ________
 ABFAS_EE     344.650
 BBFAS_EE     306.438       401.222
 CBFAS_EE     299.936       341.030       354.792
 DBFAS_EE     295.883       347.028       344.035       409.222
 ABFA_MT_      11.712        -1.042        -9.085        -1.699       407.426
 BBFA_MT_      17.365        16.403         0.004       -17.622       315.929
 CBFA_MT_      48.740        38.791        29.242        34.974       309.265
 DBFA_MT_      95.815        68.804        48.219        62.799       331.185


           Covariances
              BBFA_MT_      CBFA_MT_      DBFA_MT_
              ________      ________      ________
 BBFA_MT_     460.471
 CBFA_MT_     338.702       480.448
 DBFA_MT_     331.074       340.502       517.816


           Correlations
              ABFAS_EE      BBFAS_EE      CBFAS_EE      DBFAS_EE      ABFA_MT_
              ________      ________      ________      ________      ________
 ABFAS_EE       1.000
 BBFAS_EE       0.824         1.000
 CBFAS_EE       0.858         0.904         1.000
 DBFAS_EE       0.788         0.856         0.903         1.000
 ABFA_MT_       0.031        -0.003        -0.024        -0.004         1.000
 BBFA_MT_       0.044         0.038         0.000        -0.041         0.729
 CBFA_MT_       0.120         0.088         0.071         0.079         0.699
 DBFA_MT_       0.227         0.151         0.112         0.136         0.721


           Correlations
              BBFA_MT_      CBFA_MT_      DBFA_MT_
              ________      ________      ________
 BBFA_MT_       1.000
 CBFA_MT_       0.720         1.000
 DBFA_MT_       0.678         0.683         1.000


     MAXIMUM LOG-LIKELIHOOD VALUE FOR THE UNRESTRICTED (H1) MODEL IS -21443.466


UNIVARIATE SAMPLE STATISTICS


     UNIVARIATE HIGHER-ORDER MOMENT DESCRIPTIVE STATISTICS FOR D2

         Variable/         Mean/     Skewness/   Minimum/ % with                Percentiles
        Sample Size      Variance    Kurtosis    Maximum  Min/Max      20%/60%    40%/80%    Median

     ABFAS_EE             60.717      -0.183       7.500    0.33%      45.000     57.500     60.000
             300.000     356.472      -0.422     100.000    1.00%      65.000     77.500
     BBFAS_EE             60.126       0.035      20.000    0.90%      45.000     55.000     60.000
             222.000     319.133      -0.566     100.000    0.90%      65.000     77.500
     CBFAS_EE             59.085      -0.013       7.500    0.47%      40.000     52.500     60.000
             215.000     364.932      -0.571     100.000    1.40%      65.000     77.500
     DBFAS_EE             58.432      -0.030      10.000    0.47%      42.500     52.500     57.500
             212.000     377.935      -0.566     100.000    1.42%      62.500     77.500
     ABFA_MT_D            42.153       0.202       0.000    2.00%      18.750     33.333     43.750
             300.000     480.435      -0.684     100.000    0.67%      50.000     62.500
     BBFA_MT_D            42.089       0.238       0.000    2.70%      18.750     33.333     43.750
             222.000     507.380      -0.561     100.000    0.90%      50.000     62.500
     CBFA_MT_D            42.810       0.239       0.000    4.19%      25.000     37.500     43.750
             215.000     525.663      -0.333     100.000    1.86%      50.000     62.500
     DBFA_MT_D            40.389       0.334       0.000    6.60%      18.750     31.250     37.500
             212.000     558.428      -0.411     100.000    1.42%      43.750     62.500


     UNIVARIATE HIGHER-ORDER MOMENT DESCRIPTIVE STATISTICS FOR D3

         Variable/         Mean/     Skewness/   Minimum/ % with                Percentiles
        Sample Size      Variance    Kurtosis    Maximum  Min/Max      20%/60%    40%/80%    Median

     ABFAS_EE             62.302      -0.213      11.111    0.43%      45.000     57.500     60.000
             233.000     364.446      -0.407     100.000    0.86%      67.500     80.000
     BBFAS_EE             62.217      -0.192      15.000    0.58%      47.500     57.500     62.500
             171.000     341.011      -0.663      95.000    1.75%      67.500     80.000
     CBFAS_EE             59.984      -0.147       7.500    0.62%      45.000     55.000     60.000
             161.000     379.619      -0.250      95.000    4.35%      62.500     80.000
     DBFAS_EE             60.456      -0.199       7.500    0.63%      42.500     55.000     60.000
             159.000     391.219      -0.353      97.500    2.52%      65.000     77.500
     ABFA_MT_D            40.706       0.337       0.000    3.02%      25.000     31.250     37.500
             232.000     444.161      -0.106     100.000    1.29%      43.750     56.250
     BBFA_MT_D            39.693       0.240       0.000    4.09%      18.750     31.250     37.500
             171.000     458.052      -0.485     100.000    0.58%      50.000     56.250
     CBFA_MT_D            39.648       0.275       0.000    3.11%      25.000     31.250     37.500
             161.000     445.319      -0.356     100.000    0.62%      43.750     56.250
     DBFA_MT_D            41.903       0.025       0.000    3.77%      25.000     37.500     43.750
             159.000     416.939      -0.348     100.000    0.63%      50.000     56.250


     UNIVARIATE HIGHER-ORDER MOMENT DESCRIPTIVE STATISTICS FOR D4

         Variable/         Mean/     Skewness/   Minimum/ % with                Percentiles
        Sample Size      Variance    Kurtosis    Maximum  Min/Max      20%/60%    40%/80%    Median

     ABFAS_EE             61.272      -0.226      10.000    0.51%      45.000     57.500     61.806
             198.000     327.511      -0.263     100.000    0.51%      67.500     77.500
     BBFAS_EE             60.293      -0.234       5.000    0.70%      42.500     55.000     60.000
             143.000     397.168      -0.496     100.000    1.40%      66.667     77.500
     CBFAS_EE             61.686      -0.329      12.500    0.76%      45.000     57.500     62.500
             132.000     335.748      -0.392     100.000    0.76%      67.500     80.000
     DBFAS_EE             61.536      -0.138       7.500    0.81%      45.000     55.000     60.000
             123.000     376.683      -0.475     100.000    1.63%      67.500     77.500
     ABFA_MT_D            36.258       0.329       0.000    4.04%      18.750     25.000     37.500
             198.000     427.708      -0.254     100.000    0.51%      43.750     56.250
     BBFA_MT_D            37.837       0.273       0.000    2.82%      18.750     31.250     37.500
             142.000     407.964      -0.402      93.750    0.70%      43.750     56.250
     CBFA_MT_D            38.305       0.318       0.000    3.79%      18.750     31.250     37.500
             132.000     424.009      -0.414      93.750    0.76%      43.750     56.250
     DBFA_MT_D            38.770       0.256       0.000    2.44%      18.750     31.250     37.500
             123.000     377.896      -0.440      87.500    0.81%      43.750     56.250


     UNIVARIATE HIGHER-ORDER MOMENT DESCRIPTIVE STATISTICS FOR D5

         Variable/         Mean/     Skewness/   Minimum/ % with                Percentiles
        Sample Size      Variance    Kurtosis    Maximum  Min/Max      20%/60%    40%/80%    Median

     ABFAS_EE             66.137      -0.563       0.000    0.76%      50.000     62.500     70.000
             131.000     343.891       0.400     100.000    0.76%      72.500     82.500
     BBFAS_EE             65.125      -0.678       5.000    1.15%      50.000     62.500     67.500
              87.000     432.357       0.281     100.000    3.45%      72.500     85.000
     CBFAS_EE             65.732      -0.619      10.000    1.22%      52.500     60.000     67.500
              82.000     410.440       0.197     100.000    1.22%      72.500     82.500
     DBFAS_EE             64.145      -0.302       2.500    1.32%      45.000     60.000     65.000
              76.000     413.084      -0.039     100.000    5.26%      67.500     80.000
     ABFA_MT_D            34.749       0.411       0.000    5.34%      18.750     25.000     31.250
             131.000     408.534      -0.283      87.500    0.76%      37.500     50.000
     BBFA_MT_D            34.363       0.133       0.000   10.34%      18.750     25.000     31.250
              87.000     420.146      -0.555      87.500    1.15%      37.500     50.000
     CBFA_MT_D            35.976       0.023       0.000    8.54%      12.500     31.250     37.500
              82.000     464.521      -0.868      81.250    1.22%      37.500     56.250
     DBFA_MT_D            35.033       0.531       0.000    7.89%      18.750     25.000     37.500
              76.000     463.691       0.070      93.750    1.32%      37.500     50.000


THE MODEL ESTIMATION TERMINATED NORMALLY



MODEL FIT INFORMATION

Number of Free Parameters                       96

Loglikelihood

          H0 Value                      -21492.015
          H0 Scaling Correction Factor      1.0073
            for MLR

Information Criteria

          Akaike (AIC)                   43176.030
          Bayesian (BIC)                 43633.141
          Sample-Size Adjusted BIC       43328.270
            (n* = (n + 2) / 24)



MODEL RESULTS

                                                    Two-Tailed
                    Estimate       S.E.  Est./S.E.    P-Value

Group D2

 P1       BY
    ABFAS_EE           1.000      0.000    999.000    999.000

 P2       BY
    BBFAS_EE           1.000      0.000    999.000    999.000

 P3       BY
    CBFAS_EE           1.000      0.000    999.000    999.000

 P4       BY
    DBFAS_EE           1.000      0.000    999.000    999.000

 V1       BY
    ABFA_MT_D          1.000      0.000    999.000    999.000

 V2       BY
    BBFA_MT_D          1.000      0.000    999.000    999.000

 V3       BY
    CBFA_MT_D          1.000      0.000    999.000    999.000

 V4       BY
    DBFA_MT_D          1.000      0.000    999.000    999.000

 P4         ON
    P3                 0.018      0.071      0.258      0.796
    V3                -0.041      0.043     -0.954      0.340

 P3         ON
    P2                 0.018      0.071      0.258      0.796
    V2                -0.041      0.043     -0.954      0.340

 P2         ON
    P1                 0.018      0.071      0.258      0.796
    V1                -0.041      0.043     -0.954      0.340

 V4         ON
    V3                 0.032      0.078      0.412      0.680
    P3                -0.048      0.107     -0.453      0.650

 V3         ON
    V2                 0.032      0.078      0.412      0.680
    P2                -0.048      0.107     -0.453      0.650

 V2         ON
    V1                 0.032      0.078      0.412      0.680
    P1                -0.048      0.107     -0.453      0.650

 S_BFAS_E WITH
    I_BFAS_EE        156.559     76.298      2.052      0.040
    S_BFA_MT_D         0.660      2.180      0.303      0.762
    I_BFA_MT_D        15.406     76.645      0.201      0.841

 I_BFAS_E WITH
    S_BFA_MT_D        17.924     77.748      0.231      0.818
    I_BFA_MT_D       351.090   2733.295      0.128      0.898

 S_BFA_MT WITH
    I_BFA_MT_D       374.252    144.420      2.591      0.010

 P1       WITH
    V1               -19.178     12.707     -1.509      0.131

 P2       WITH
    V2               -12.750      6.947     -1.835      0.066

 P3       WITH
    V3               -12.750      6.947     -1.835      0.066

 P4       WITH
    V4               -12.750      6.947     -1.835      0.066

 Means
    P1                 0.000      0.000    999.000    999.000
    V1                 0.000      0.000    999.000    999.000
    I_BFAS_EE         31.722      9.985      3.177      0.001
    S_BFAS_EE         -0.811      0.283     -2.864      0.004
    I_BFA_MT_D        24.741     15.655      1.580      0.114
    S_BFA_MT_D        -0.497      0.446     -1.116      0.265

 Intercepts
    ABFAS_EE           0.000      0.000    999.000    999.000
    BBFAS_EE           0.000      0.000    999.000    999.000
    CBFAS_EE           0.000      0.000    999.000    999.000
    DBFAS_EE           0.000      0.000    999.000    999.000
    ABFA_MT_D          0.000      0.000    999.000    999.000
    BBFA_MT_D          0.000      0.000    999.000    999.000
    CBFA_MT_D          0.000      0.000    999.000    999.000
    DBFA_MT_D          0.000      0.000    999.000    999.000
    P2                 0.000      0.000    999.000    999.000
    P3                 0.000      0.000    999.000    999.000
    P4                 0.000      0.000    999.000    999.000
    V2                 0.000      0.000    999.000    999.000
    V3                 0.000      0.000    999.000    999.000
    V4                 0.000      0.000    999.000    999.000

 Variances
    P1                71.109     11.432      6.220      0.000
    V1               208.653     22.023      9.474      0.000
    I_BFAS_EE       5910.182   2673.208      2.211      0.027
    S_BFAS_EE          4.351      2.182      1.994      0.046
    I_BFA_MT_D     13993.059   5143.491      2.721      0.007
    S_BFA_MT_D        10.225      4.060      2.518      0.012

 Residual Variances
    ABFAS_EE           0.000      0.000    999.000    999.000
    BBFAS_EE           0.000      0.000    999.000    999.000
    CBFAS_EE           0.000      0.000    999.000    999.000
    DBFAS_EE           0.000      0.000    999.000    999.000
    ABFA_MT_D          0.000      0.000    999.000    999.000
    BBFA_MT_D          0.000      0.000    999.000    999.000
    CBFA_MT_D          0.000      0.000    999.000    999.000
    DBFA_MT_D          0.000      0.000    999.000    999.000
    P2                65.976      5.628     11.722      0.000
    P3                65.976      5.628     11.722      0.000
    P4                65.976      5.628     11.722      0.000
    V2               140.652     15.987      8.798      0.000
    V3               140.652     15.987      8.798      0.000
    V4               140.652     15.987      8.798      0.000

Group D3

 P1       BY
    ABFAS_EE           1.000      0.000    999.000    999.000

 P2       BY
    BBFAS_EE           1.000      0.000    999.000    999.000

 P3       BY
    CBFAS_EE           1.000      0.000    999.000    999.000

 P4       BY
    DBFAS_EE           1.000      0.000    999.000    999.000

 V1       BY
    ABFA_MT_D          1.000      0.000    999.000    999.000

 V2       BY
    BBFA_MT_D          1.000      0.000    999.000    999.000

 V3       BY
    CBFA_MT_D          1.000      0.000    999.000    999.000

 V4       BY
    DBFA_MT_D          1.000      0.000    999.000    999.000

 P4         ON
    P3                 0.011      0.094      0.115      0.909
    V3                 0.002      0.043      0.039      0.969

 P3         ON
    P2                 0.011      0.094      0.115      0.909
    V2                 0.002      0.043      0.039      0.969

 P2         ON
    P1                 0.011      0.094      0.115      0.909
    V1                 0.002      0.043      0.039      0.969

 V4         ON
    V3                -0.093      0.093     -1.000      0.317
    P3                 0.278      0.119      2.335      0.020

 V3         ON
    V2                -0.093      0.093     -1.000      0.317
    P2                 0.278      0.119      2.335      0.020

 V2         ON
    V1                -0.093      0.093     -1.000      0.317
    P1                 0.278      0.119      2.335      0.020

 S_BFAS_E WITH
    I_BFAS_EE        141.341     74.937      1.886      0.059
    S_BFA_MT_D        -0.433      2.315     -0.187      0.852
    I_BFA_MT_D       -10.869     78.457     -0.139      0.890

 I_BFAS_E WITH
    S_BFA_MT_D       -12.897     77.873     -0.166      0.868
    I_BFA_MT_D      -303.367   2642.070     -0.115      0.909

 S_BFA_MT WITH
    I_BFA_MT_D       260.357    170.724      1.525      0.127

 P1       WITH
    V1               -19.924     10.453     -1.906      0.057

 P2       WITH
    V2                 1.305      6.031      0.216      0.829

 P3       WITH
    V3                 1.305      6.031      0.216      0.829

 P4       WITH
    V4                 1.305      6.031      0.216      0.829

 Means
    P1                 0.000      0.000    999.000    999.000
    V1                 0.000      0.000    999.000    999.000
    I_BFAS_EE         32.771      9.384      3.492      0.000
    S_BFAS_EE         -0.851      0.275     -3.096      0.002
    I_BFA_MT_D        47.291     14.029      3.371      0.001
    S_BFA_MT_D         0.216      0.413      0.524      0.600

 Intercepts
    ABFAS_EE           0.000      0.000    999.000    999.000
    BBFAS_EE           0.000      0.000    999.000    999.000
    CBFAS_EE           0.000      0.000    999.000    999.000
    DBFAS_EE           0.000      0.000    999.000    999.000
    ABFA_MT_D          0.000      0.000    999.000    999.000
    BBFA_MT_D          0.000      0.000    999.000    999.000
    CBFA_MT_D          0.000      0.000    999.000    999.000
    DBFA_MT_D          0.000      0.000    999.000    999.000
    P2                 0.000      0.000    999.000    999.000
    P3                 0.000      0.000    999.000    999.000
    P4                 0.000      0.000    999.000    999.000
    V2                 0.000      0.000    999.000    999.000
    V3                 0.000      0.000    999.000    999.000
    V4                 0.000      0.000    999.000    999.000

 Variances
    P1                41.155      9.448      4.356      0.000
    V1               135.441     22.872      5.922      0.000
    I_BFAS_EE       5024.535   2539.280      1.979      0.048
    S_BFAS_EE          4.232      2.220      1.906      0.057
    I_BFA_MT_D      9047.119   5715.791      1.583      0.113
    S_BFA_MT_D         7.764      5.110      1.519      0.129

 Residual Variances
    ABFAS_EE           0.000      0.000    999.000    999.000
    BBFAS_EE           0.000      0.000    999.000    999.000
    CBFAS_EE           0.000      0.000    999.000    999.000
    DBFAS_EE           0.000      0.000    999.000    999.000
    ABFA_MT_D          0.000      0.000    999.000    999.000
    BBFA_MT_D          0.000      0.000    999.000    999.000
    CBFA_MT_D          0.000      0.000    999.000    999.000
    DBFA_MT_D          0.000      0.000    999.000    999.000
    P2                50.606      5.795      8.733      0.000
    P3                50.606      5.795      8.733      0.000
    P4                50.606      5.795      8.733      0.000
    V2               104.269     12.138      8.591      0.000
    V3               104.269     12.138      8.591      0.000
    V4               104.269     12.138      8.591      0.000

Group D4

 P1       BY
    ABFAS_EE           1.000      0.000    999.000    999.000

 P2       BY
    BBFAS_EE           1.000      0.000    999.000    999.000

 P3       BY
    CBFAS_EE           1.000      0.000    999.000    999.000

 P4       BY
    DBFAS_EE           1.000      0.000    999.000    999.000

 V1       BY
    ABFA_MT_D          1.000      0.000    999.000    999.000

 V2       BY
    BBFA_MT_D          1.000      0.000    999.000    999.000

 V3       BY
    CBFA_MT_D          1.000      0.000    999.000    999.000

 V4       BY
    DBFA_MT_D          1.000      0.000    999.000    999.000

 P4         ON
    P3                 0.164      0.089      1.845      0.065
    V3                -0.025      0.067     -0.378      0.705

 P3         ON
    P2                 0.164      0.089      1.845      0.065
    V2                -0.025      0.067     -0.378      0.705

 P2         ON
    P1                 0.164      0.089      1.845      0.065
    V1                -0.025      0.067     -0.378      0.705

 V4         ON
    V3                -0.079      0.112     -0.706      0.480
    P3                -0.115      0.171     -0.675      0.500

 V3         ON
    V2                -0.079      0.112     -0.706      0.480
    P2                -0.115      0.171     -0.675      0.500

 V2         ON
    V1                -0.079      0.112     -0.706      0.480
    P1                -0.115      0.171     -0.675      0.500

 S_BFAS_E WITH
    I_BFAS_EE         54.335     66.722      0.814      0.415
    S_BFA_MT_D        -0.139      2.587     -0.054      0.957
    I_BFA_MT_D         0.938     83.574      0.011      0.991

 I_BFAS_E WITH
    S_BFA_MT_D        -9.880     84.643     -0.117      0.907
    I_BFA_MT_D      -131.431   2735.931     -0.048      0.962

 S_BFA_MT WITH
    I_BFA_MT_D        83.530    171.805      0.486      0.627

 P1       WITH
    V1                 2.715     13.734      0.198      0.843

 P2       WITH
    V2                 5.794     10.763      0.538      0.590

 P3       WITH
    V3                 5.794     10.763      0.538      0.590

 P4       WITH
    V4                 5.794     10.763      0.538      0.590

 Means
    P1                 0.000      0.000    999.000    999.000
    V1                 0.000      0.000    999.000    999.000
    I_BFAS_EE         50.904     10.804      4.711      0.000
    S_BFAS_EE         -0.306      0.324     -0.943      0.346
    I_BFA_MT_D        52.574     15.141      3.472      0.001
    S_BFA_MT_D         0.471      0.463      1.016      0.310

 Intercepts
    ABFAS_EE           0.000      0.000    999.000    999.000
    BBFAS_EE           0.000      0.000    999.000    999.000
    CBFAS_EE           0.000      0.000    999.000    999.000
    DBFAS_EE           0.000      0.000    999.000    999.000
    ABFA_MT_D          0.000      0.000    999.000    999.000
    BBFA_MT_D          0.000      0.000    999.000    999.000
    CBFA_MT_D          0.000      0.000    999.000    999.000
    DBFA_MT_D          0.000      0.000    999.000    999.000
    P2                 0.000      0.000    999.000    999.000
    P3                 0.000      0.000    999.000    999.000
    P4                 0.000      0.000    999.000    999.000
    V2                 0.000      0.000    999.000    999.000
    V3                 0.000      0.000    999.000    999.000
    V4                 0.000      0.000    999.000    999.000

 Variances
    P1                62.439     13.069      4.778      0.000
    V1               119.034     29.357      4.055      0.000
    I_BFAS_EE       2151.567   2213.686      0.972      0.331
    S_BFAS_EE          1.570      2.021      0.777      0.437
    I_BFA_MT_D      2645.081   5522.829      0.479      0.632
    S_BFA_MT_D         2.895      5.355      0.541      0.589

 Residual Variances
    ABFAS_EE           0.000      0.000    999.000    999.000
    BBFAS_EE           0.000      0.000    999.000    999.000
    CBFAS_EE           0.000      0.000    999.000    999.000
    DBFAS_EE           0.000      0.000    999.000    999.000
    ABFA_MT_D          0.000      0.000    999.000    999.000
    BBFA_MT_D          0.000      0.000    999.000    999.000
    CBFA_MT_D          0.000      0.000    999.000    999.000
    DBFA_MT_D          0.000      0.000    999.000    999.000
    P2                61.168      8.761      6.981      0.000
    P3                61.168      8.761      6.981      0.000
    P4                61.168      8.761      6.981      0.000
    V2               128.839     23.001      5.601      0.000
    V3               128.839     23.001      5.601      0.000
    V4               128.839     23.001      5.601      0.000

Group D5

 P1       BY
    ABFAS_EE           1.000      0.000    999.000    999.000

 P2       BY
    BBFAS_EE           1.000      0.000    999.000    999.000

 P3       BY
    CBFAS_EE           1.000      0.000    999.000    999.000

 P4       BY
    DBFAS_EE           1.000      0.000    999.000    999.000

 V1       BY
    ABFA_MT_D          1.000      0.000    999.000    999.000

 V2       BY
    BBFA_MT_D          1.000      0.000    999.000    999.000

 V3       BY
    CBFA_MT_D          1.000      0.000    999.000    999.000

 V4       BY
    DBFA_MT_D          1.000      0.000    999.000    999.000

 P4         ON
    P3                -0.282      0.062     -4.547      0.000
    V3                 0.126      0.047      2.674      0.007

 P3         ON
    P2                -0.282      0.062     -4.547      0.000
    V2                 0.126      0.047      2.674      0.007

 P2         ON
    P1                -0.282      0.062     -4.547      0.000
    V1                 0.126      0.047      2.674      0.007

 V4         ON
    V3                 0.043      0.110      0.387      0.699
    P3                -0.011      0.132     -0.086      0.932

 V3         ON
    V2                 0.043      0.110      0.387      0.699
    P2                -0.011      0.132     -0.086      0.932

 V2         ON
    V1                 0.043      0.110      0.387      0.699
    P1                -0.011      0.132     -0.086      0.932

 S_BFAS_E WITH
    I_BFAS_EE        321.363    151.537      2.121      0.034
    S_BFA_MT_D        -4.280      2.543     -1.683      0.092
    I_BFA_MT_D      -146.100     82.230     -1.777      0.076

 I_BFAS_E WITH
    S_BFA_MT_D      -111.834     81.238     -1.377      0.169
    I_BFA_MT_D     -3854.293   2628.310     -1.466      0.143

 S_BFA_MT WITH
    I_BFA_MT_D       180.217     54.816      3.288      0.001

 P1       WITH
    V1                 3.786      8.608      0.440      0.660

 P2       WITH
    V2                14.824      6.335      2.340      0.019

 P3       WITH
    V3                14.824      6.335      2.340      0.019

 P4       WITH
    V4                14.824      6.335      2.340      0.019

 Means
    P1                 0.000      0.000    999.000    999.000
    V1                 0.000      0.000    999.000    999.000
    I_BFAS_EE         47.647     13.029      3.657      0.000
    S_BFAS_EE         -0.572      0.400     -1.430      0.153
    I_BFA_MT_D        46.624     17.897      2.605      0.009
    S_BFA_MT_D         0.361      0.553      0.653      0.514

 Intercepts
    ABFAS_EE           0.000      0.000    999.000    999.000
    BBFAS_EE           0.000      0.000    999.000    999.000
    CBFAS_EE           0.000      0.000    999.000    999.000
    DBFAS_EE           0.000      0.000    999.000    999.000
    ABFA_MT_D          0.000      0.000    999.000    999.000
    BBFA_MT_D          0.000      0.000    999.000    999.000
    CBFA_MT_D          0.000      0.000    999.000    999.000
    DBFA_MT_D          0.000      0.000    999.000    999.000
    P2                 0.000      0.000    999.000    999.000
    P3                 0.000      0.000    999.000    999.000
    P4                 0.000      0.000    999.000    999.000
    V2                 0.000      0.000    999.000    999.000
    V3                 0.000      0.000    999.000    999.000
    V4                 0.000      0.000    999.000    999.000

 Variances
    P1                53.889     11.097      4.856      0.000
    V1                89.385     23.552      3.795      0.000
    I_BFAS_EE      10758.556   4841.893      2.222      0.026
    S_BFAS_EE          9.895      4.743      2.086      0.037
    I_BFA_MT_D      6194.974   1786.735      3.467      0.001
    S_BFA_MT_D         5.527      1.696      3.258      0.001

 Residual Variances
    ABFAS_EE           0.000      0.000    999.000    999.000
    BBFAS_EE           0.000      0.000    999.000    999.000
    CBFAS_EE           0.000      0.000    999.000    999.000
    DBFAS_EE           0.000      0.000    999.000    999.000
    ABFA_MT_D          0.000      0.000    999.000    999.000
    BBFA_MT_D          0.000      0.000    999.000    999.000
    CBFA_MT_D          0.000      0.000    999.000    999.000
    DBFA_MT_D          0.000      0.000    999.000    999.000
    P2                25.308      2.819      8.979      0.000
    P3                25.308      2.819      8.979      0.000
    P4                25.308      2.819      8.979      0.000
    V2               148.156     18.351      8.074      0.000
    V3               148.156     18.351      8.074      0.000
    V4               148.156     18.351      8.074      0.000


QUALITY OF NUMERICAL RESULTS

     Condition Number for the Information Matrix              0.276E-09
       (ratio of smallest to largest eigenvalue)


     Beginning Time:  18:50:36
        Ending Time:  18:50:56
       Elapsed Time:  00:00:20



MUTHEN & MUTHEN
3463 Stoner Ave.
Los Angeles, CA  90066

Tel: (310) 391-9971
Fax: (310) 391-8971
Web: www.StatModel.com
Support: Support@StatModel.com

Copyright (c) 1998-2017 Muthen & Muthen
