Mplus VERSION 7 (Mac)
MUTHEN & MUTHEN
10/27/2017   3:07 PM

INPUT INSTRUCTIONS


  title: PxVx Bivariate LCM-SR-Uncons - Inf Linear I_N with Linear MVI_POMP;
  data: file = /Users/johnflournoy/code/lnt_pxvx/Data/LT_informants3.txt;

  variable:
  names =
  subjid
  Sample
  aGENDER
  aAGE
  aethnic1
  aethnic2
  aedu_mom
  aedu_dad
  aEDUCATN
  bEDUCATN
  cEDUCATN
  aEMPLOYD
  bEMPLOYD
  cEMPLOYD
  dEMPLOYD
  aINCOME
  bINCOME
  cINCOME
  dINCOME
  aS_SCALE
  bS_SCALE
  cS_SCALE
  dS_SCALE
  aD_SCALE
  bD_SCALE
  cD_SCALE
  dD_SCALE
  aS_COMP
  bS_COMP
  cS_COMP
  dS_COMP
  aD_COMP
  bD_COMP
  cD_COMP
  dD_COMP
  aBFI_A
  aBFI_A6
  aBFI_C
  aBFI_E
  aBFI_HP
  aBFI_N
  aBFI_O
  bBFI_A
  bBFI_A6
  bBFI_C
  bBFI_E
  bBFI_HP
  bBFI_N
  bBFI_O
  cBFI_A
  cBFI_A6
  cBFI_C
  cBFI_E
  cBFI_HP
  cBFI_N
  cBFI_O
  dBFI_A
  dBFI_A6
  dBFI_C
  dBFI_E
  dBFI_HP
  dBFI_N
  dBFI_O
  aBFA_AC
  aBFA_AP
  aBFA_CI
  aBFA_CO
  aBFA_EA
  aBFA_EE
  aBFA_N9
  aBFA_NV
  aBFA_NW
  aBFA_OI
  aBFA_OO
  aBFA_PS
  aBFA_MT
  bBFA_AC
  bBFA_AP
  bBFA_CI
  bBFA_CO
  bBFA_EA
  bBFA_EE
  bBFA_N9
  bBFA_NV
  bBFA_NW
  bBFA_OI
  bBFA_OO
  bBFA_MT
  bBFA_PS
  cBFA_AC
  cBFA_AP
  cBFA_CI
  cBFA_CO
  cBFA_EA
  cBFA_EE
  cBFA_N9
  cBFA_NV
  cBFA_NW
  cBFA_OI
  cBFA_OO
  cBFA_MT
  cBFA_PS
  dBFA_AC
  dBFA_AP
  dBFA_CI
  dBFA_CO
  dBFA_EA
  dBFA_EE
  dBFA_N9
  dBFA_NV
  dBFA_NW
  dBFA_OI
  dBFA_OO
  dBFA_MT
  dBFA_PS
  aUSI
  bUSI
  cUSI
  dUSI
  aHRZ_IND
  bHRZ_IND
  cHRZ_IND
  dHRZ_IND
  aVRT_IND
  bVRT_IND
  cVRT_IND
  dVRT_IND
  aHRZ_COL
  bHRZ_COL
  cHRZ_COL
  dHRZ_COL
  aVRT_COL
  bVRT_COL
  cVRT_COL
  dVRT_COL
  aCOLLCTV
  bCOLLCTV
  cCOLLCTV
  dCOLLCTV
  aMVS
  bMVS
  cMVS
  dMVS
  aST
  bST
  cST
  dST
  aSD
  bSD
  cSD
  dSD
  aMVS_mc
  bMVS_mc
  cMVS_mc
  dMVS_mc
  aST_mc
  bST_mc
  cST_mc
  dST_mc
  aSD_mc
  bSD_mc
  cSD_mc
  dSD_mc
  bMEANING
  cMEANING
  dMEANING
  bMEAN_L
  cMEAN_L
  dMEAN_L
  bMEANNGc
  cMEANNGc
  dMEANNGc
  bMEANGlc
  cMEANGlc
  dMEANGlc
  bCLASSIC
  cCLASSIC
  dCLASSIC
  bCLASSCc
  cCLASSCc
  dCLASSCc
  bAGR_VAL
  cAGR_VAL
  dAGR_VAL
  bOPN_VAL
  cOPN_VAL
  dOPN_VAL
  bAGR_VLc
  cAGR_VLc
  dAGR_VLc
  bOPNVALc
  cOPNVALc
  dOPNVALc
  aMV_pomp
  bMV_pomp
  cMV_pomp
  dMV_pomp
  aST_pomp
  bST_pomp
  cST_pomp
  dST_pomp
  aSD_pomp
  bSD_pomp
  cSD_pomp
  dSD_pomp
  agoal_eco
  bgoal_eco
  cgoal_eco
  dgoal_eco
  aAspfinc
  bAspfinc
  cAspfinc
  dAspfinc
  abfi_hp8
  bbfi_hp8
  cbfi_hp8
  dbfi_hp8
  aP_S_BFI
  aP_D_BFI
  aECgoalc
  bECgoalC
  cECgoalC
  dECgoalC
  aaspfin
  baspfin
  caspfin
  daspfin
  aasp_mn2
  basp_mn2
  casp_mn2
  dasp_mn2
  aas12mc2
  aas13mc2
  aas14mc2
  aas15mc2
  aas16mc2
  bas12mc2
  bas13mc2
  bas14mc2
  bas15mc2
  bas16mc2
  cas12mc2
  cas13mc2
  cas14mc2
  cas15mc2
  cas16mc2
  das12mc2
  das13mc2
  das14mc2
  das15mc2
  das16mc2
  aas_f_c2
  bas_f_c2
  cas_f_c2
  das_f_c2
  aI_E
  aI_A
  aI_C
  aI_N
  aI_O
  aI_S
  aI_D
  bI_E
  bI_A
  bI_C
  bI_N
  bI_O
  bI_S
  bI_D
  cI_E
  cI_A
  cI_C
  cI_N
  cI_O
  cI_S
  cI_D
  dI_E
  dI_A
  dI_C
  dI_N
  dI_O
  dI_S
  dI_D
  T1_any_I
  T2_any_I
  T3_any_I
  T4_any_I
  aI_H
  bI_H
  cI_H
  dI_H
  aMVI_POMP
  bMVI_POMP
  cMVI_POMP
  dMVI_POMP;



  USEVARIABLES =
  aI_N
  bI_N
  cI_N
  dI_N
  aMVI_POMP
  bMVI_POMP
  cMVI_POMP
  dMVI_POMP
  a1
  a2
  a3
  a4
  ;

  missing = all (-9999);

  USEOBSERVATIONS are Sample == 1; ! National Sample

  tscores = a1 a2 a3 a4;

  DEFINE:
  a1 = aAGE + 0 - 36;
  a2 = aAGE + 1 - 36;
  a3 = aAGE + 2 - 36;
  a4 = aAGE + 3 - 36;

  ANALYSIS:
  TYPE=RANDOM;
  PROCESSORS = 4;
  model=nocovariances; ! supresses default estimation of certain covs in model;

  MODEL:

  i_I_N s_I_N | aI_N bI_N cI_N dI_N AT a1 a2 a3 a4;
  i_MVI_POMP s_MVI_POMP | aMVI_POMP bMVI_POMP cMVI_POMP dMVI_POMP AT a1 a2 a3 a4;

  ! freeing factor covs because of "nocovariances"
  s_I_N WITH i_I_N s_MVI_POMP i_MVI_POMP;
  i_I_N WITH s_MVI_POMP i_MVI_POMP;
  s_MVI_POMP WITH i_MVI_POMP;

  p1 BY aI_N@1; ! Residual "factors";
  p2 BY bI_N@1;
  p3 BY cI_N@1;
  p4 BY dI_N@1;

  v1 BY aMVI_POMP@1; ! Residual "factors";
  v2 BY bMVI_POMP@1;
  v3 BY cMVI_POMP@1;
  v4 BY dMVI_POMP@1;

  !residual variances on observed/manifest vars set to 0
  aI_N@0;
  bI_N@0;
  cI_N@0;
  dI_N@0;

  !residual variances on observed/manifest vars set to 0
  aMVI_POMP@0;
  bMVI_POMP@0;
  cMVI_POMP@0;
  dMVI_POMP@0;

  ! means of observed/manifest vars set to 0
  [aI_N@0];
  [bI_N@0];
  [cI_N@0];
  [dI_N@0];

  ! means of observed/manifest vars set to 0
  [aMVI_POMP@0];
  [bMVI_POMP@0];
  [cMVI_POMP@0];
  [dMVI_POMP@0];

  [p1@0]; ! means of residual "factors" set to 0
  [p2@0];
  [p3@0];
  [p4@0];

  [v1@0]; ! means of residual "factors" set to 0
  [v2@0];
  [v3@0];
  [v4@0];

  p4 on p3;
  p3 on p2;
  p2 on p1;

  v4 on v3;
  v3 on v2;
  v2 on v1;

  p4 on v3;
  p3 on v2;
  p2 on v1;

  v4 on p3;
  v3 on p2;
  v2 on p1;

  p1 with v1;

  p2 with v2;
  p3 with v3;
  p4 with v4;

  p2 p3 p4; ! estimate variances of residual "factors"
  v2 v3 v4; ! estimate variances of residual "factors"

  OUTPUT: SAMPSTAT PATTERNS;



*** WARNING
  Variable name contains more than 8 characters.
  Only the first 8 characters will be printed in the output.
  Variable: AGOAL_ECO
*** WARNING
  Variable name contains more than 8 characters.
  Only the first 8 characters will be printed in the output.
  Variable: BGOAL_ECO
*** WARNING
  Variable name contains more than 8 characters.
  Only the first 8 characters will be printed in the output.
  Variable: CGOAL_ECO
*** WARNING
  Variable name contains more than 8 characters.
  Only the first 8 characters will be printed in the output.
  Variable: DGOAL_ECO
*** WARNING
  Variable name contains more than 8 characters.
  Only the first 8 characters will be printed in the output.
  Variable: AMVI_POMP
*** WARNING
  Variable name contains more than 8 characters.
  Only the first 8 characters will be printed in the output.
  Variable: BMVI_POMP
*** WARNING
  Variable name contains more than 8 characters.
  Only the first 8 characters will be printed in the output.
  Variable: CMVI_POMP
*** WARNING
  Variable name contains more than 8 characters.
  Only the first 8 characters will be printed in the output.
  Variable: DMVI_POMP
*** WARNING
  Variable name contains more than 8 characters.
  Only the first 8 characters will be printed in the output.
  Variable: I_MVI_POMP
*** WARNING
  Variable name contains more than 8 characters.
  Only the first 8 characters will be printed in the output.
  Variable: S_MVI_POMP
*** WARNING
  Data set contains cases with missing on time scores but non-missing on the
  corresponding dependent variables.  These cases were not included in the analysis.
  Number of such cases:  13
  11 WARNING(S) FOUND IN THE INPUT INSTRUCTIONS



PxVx Bivariate LCM-SR-Uncons - Inf Linear I_N with Linear MVI_POMP;

SUMMARY OF ANALYSIS

Number of groups                                                 1
Number of observations                                         595

Number of dependent variables                                    8
Number of independent variables                                  0
Number of continuous latent variables                           12

Observed dependent variables

  Continuous
   AI_N        BI_N        CI_N        DI_N        AMVI_POMP   BMVI_POMP
   CMVI_POMP   DMVI_POMP

Continuous latent variables
   P1          P2          P3          P4          V1          V2
   V3          V4          I_I_N       S_I_N       I_MVI_PO    S_MVI_PO

Variables with special functions

  Time scores
   A1          A2          A3          A4


Estimator                                                      MLR
Information matrix                                        OBSERVED
Maximum number of iterations                                   100
Convergence criterion                                    0.100D-05
Maximum number of EM iterations                                500
Convergence criteria for the EM algorithm
  Loglikelihood change                                   0.100D-02
  Relative loglikelihood change                          0.100D-05
  Derivative                                             0.100D-03
Minimum variance                                         0.100D-03
Maximum number of steepest descent iterations                   20
Maximum number of iterations for H1                           2000
Convergence criterion for H1                             0.100D-03
Optimization algorithm                                         EMA

Input data file(s)
  /Users/johnflournoy/code/lnt_pxvx/Data/LT_informants3.txt
Input data format  FREE


SUMMARY OF DATA

     Number of missing data patterns            48


SUMMARY OF MISSING DATA PATTERNS


     MISSING DATA PATTERNS (x = not missing)

           1  2  3  4  5  6  7  8  9 10 11 12 13 14 15 16 17 18 19 20
 AI_N      x  x  x           x     x     x        x        x  x  x
 BI_N      x              x  x  x  x  x     x  x                    x
 CI_N      x        x           x  x  x                 x        x  x
 DI_N      x           x     x  x           x  x     x  x  x
 AMVI_POM  x  x  x  x  x  x  x  x  x  x  x  x  x  x  x  x  x  x  x  x
 BMVI_POM  x     x  x  x  x  x  x  x  x     x  x  x  x  x  x  x  x  x
 CMVI_POM  x     x  x     x  x  x  x  x  x  x        x  x  x     x  x
 DMVI_POM  x     x  x  x  x  x  x  x  x  x  x  x  x  x  x  x     x

          21 22 23 24 25 26 27 28 29 30 31 32 33 34 35 36 37 38 39 40
 AI_N      x  x  x        x  x  x     x  x  x        x  x  x     x
 BI_N      x  x        x     x     x        x     x        x
 CI_N            x  x        x        x  x           x           x  x
 DI_N            x                    x        x        x     x
 AMVI_POM  x  x  x  x  x  x  x  x  x  x  x     x  x  x  x  x  x  x  x
 BMVI_POM  x  x  x  x  x     x     x        x  x  x        x     x
 CMVI_POM  x     x  x     x  x     x  x  x           x     x     x  x
 DMVI_POM        x              x     x  x        x     x  x  x

          41 42 43 44 45 46 47 48
 AI_N      x  x     x  x  x
 BI_N         x  x        x
 CI_N            x        x  x  x
 DI_N      x  x     x     x  x  x
 AMVI_POM  x  x     x  x     x
 BMVI_POM     x  x  x  x  x
 CMVI_POM  x     x     x  x  x  x
 DMVI_POM  x  x  x  x     x  x  x


     MISSING DATA PATTERN FREQUENCIES

    Pattern   Frequency     Pattern   Frequency     Pattern   Frequency
          1         172          17           9          33           1
          2          34          18          16          34           2
          3          25          19          11          35           3
          4          18          20           6          36           2
          5           5          21           7          37          13
          6          15          22          11          38           2
          7          17          23          16          39           2
          8          38          24           4          40           3
          9          28          25           5          41           2
         10          16          26           6          42           6
         11           7          27          12          43           1
         12          18          28           8          44           1
         13           2          29           2          45           4
         14           3          30           7          46           1
         15          16          31           1          47           2
         16          13          32           1          48           1


COVARIANCE COVERAGE OF DATA

Minimum covariance coverage value   0.100


     PROPORTION OF DATA PRESENT


           Covariance Coverage
              AI_N          BI_N          CI_N          DI_N          AMVI_POM
              ________      ________      ________      ________      ________
 AI_N           0.714
 BI_N           0.450         0.627
 CI_N           0.425         0.461         0.597
 DI_N           0.392         0.427         0.420         0.556
 AMVI_POM       0.711         0.622         0.592         0.553         0.993
 BMVI_POM       0.597         0.627         0.568         0.529         0.864
 CMVI_POM       0.576         0.582         0.597         0.524         0.829
 DMVI_POM       0.553         0.553         0.546         0.555         0.798


           Covariance Coverage
              BMVI_POM      CMVI_POM      DMVI_POM
              ________      ________      ________
 BMVI_POM       0.869
 CMVI_POM       0.780         0.834
 DMVI_POM       0.750         0.751         0.803


SAMPLE STATISTICS


     ESTIMATED SAMPLE STATISTICS


           Means
              AI_N          BI_N          CI_N          DI_N          AMVI_POM
              ________      ________      ________      ________      ________
 1             42.031        41.126        43.847        42.165        62.254


           Means
              BMVI_POM      CMVI_POM      DMVI_POM
              ________      ________      ________
 1             61.859        62.104        61.818


           Covariances
              AI_N          BI_N          CI_N          DI_N          AMVI_POM
              ________      ________      ________      ________      ________
 AI_N         746.246
 BI_N         424.754       680.023
 CI_N         401.996       467.645       712.553
 DI_N         427.255       476.878       514.459       757.220
 AMVI_POM      10.684         0.946         5.952        16.848        67.642
 BMVI_POM      18.134        13.201        17.322        19.788        52.899
 CMVI_POM       8.595        10.100         8.537        13.311        51.155
 DMVI_POM      21.399        16.391        11.515        14.297        47.682


           Covariances
              BMVI_POM      CMVI_POM      DMVI_POM
              ________      ________      ________
 BMVI_POM      67.541
 CMVI_POM      55.783        70.699
 DMVI_POM      51.746        52.774        61.073


           Correlations
              AI_N          BI_N          CI_N          DI_N          AMVI_POM
              ________      ________      ________      ________      ________
 AI_N           1.000
 BI_N           0.596         1.000
 CI_N           0.551         0.672         1.000
 DI_N           0.568         0.665         0.700         1.000
 AMVI_POM       0.048         0.004         0.027         0.074         1.000
 BMVI_POM       0.081         0.062         0.079         0.088         0.783
 CMVI_POM       0.037         0.046         0.038         0.058         0.740
 DMVI_POM       0.100         0.080         0.055         0.066         0.742


           Correlations
              BMVI_POM      CMVI_POM      DMVI_POM
              ________      ________      ________
 BMVI_POM       1.000
 CMVI_POM       0.807         1.000
 DMVI_POM       0.806         0.803         1.000


     MAXIMUM LOG-LIKELIHOOD VALUE FOR THE UNRESTRICTED (H1) MODEL IS -13207.640


THE MODEL ESTIMATION TERMINATED NORMALLY



MODEL FIT INFORMATION

Number of Free Parameters                       38

Loglikelihood

          H0 Value                      -13213.182
          H0 Scaling Correction Factor      1.0932
            for MLR

Information Criteria

          Akaike (AIC)                   26502.364
          Bayesian (BIC)                 26669.129
          Sample-Size Adjusted BIC       26548.490
            (n* = (n + 2) / 24)



MODEL RESULTS

                                                    Two-Tailed
                    Estimate       S.E.  Est./S.E.    P-Value

 P1       BY
    AI_N               1.000      0.000    999.000    999.000

 P2       BY
    BI_N               1.000      0.000    999.000    999.000

 P3       BY
    CI_N               1.000      0.000    999.000    999.000

 P4       BY
    DI_N               1.000      0.000    999.000    999.000

 V1       BY
    AMVI_POMP          1.000      0.000    999.000    999.000

 V2       BY
    BMVI_POMP          1.000      0.000    999.000    999.000

 V3       BY
    CMVI_POMP          1.000      0.000    999.000    999.000

 V4       BY
    DMVI_POMP          1.000      0.000    999.000    999.000

 P4         ON
    P3                 0.279      0.108      2.587      0.010
    V3                -0.131      0.349     -0.375      0.708

 P3         ON
    P2                 0.176      0.142      1.242      0.214
    V2                 0.612      0.499      1.225      0.221

 P2         ON
    P1                -0.024      0.107     -0.222      0.824
    V1                -0.705      0.442     -1.595      0.111

 V4         ON
    V3                 0.117      0.093      1.262      0.207
    P3                 0.000      0.025     -0.012      0.990

 V3         ON
    V2                 0.207      0.120      1.726      0.084
    P2                -0.015      0.031     -0.475      0.635

 V2         ON
    V1                 0.121      0.083      1.460      0.144
    P1                 0.009      0.020      0.481      0.630

 S_I_N    WITH
    I_I_N              0.296      1.552      0.191      0.849
    S_MVI_POMP        -0.020      0.083     -0.241      0.809
    I_MVI_POMP         0.210      2.165      0.097      0.923

 I_I_N    WITH
    S_MVI_POMP         0.441      2.079      0.212      0.832
    I_MVI_POMP        17.938     11.198      1.602      0.109

 S_MVI_PO WITH
    I_MVI_POMP        -0.171      0.169     -1.013      0.311

 P1       WITH
    V1                -5.100      8.127     -0.628      0.530

 P2       WITH
    V2                -0.269      6.598     -0.041      0.967

 P3       WITH
    V3                 0.460      7.002      0.066      0.948

 P4       WITH
    V4                -5.086      5.158     -0.986      0.324

 Means
    P1                 0.000      0.000    999.000    999.000
    V1                 0.000      0.000    999.000    999.000
    I_I_N             42.432      1.021     41.573      0.000
    S_I_N             -0.184      0.092     -1.994      0.046
    I_MVI_POMP        61.869      0.315    196.707      0.000
    S_MVI_POMP         0.067      0.027      2.447      0.014

 Intercepts
    AI_N               0.000      0.000    999.000    999.000
    BI_N               0.000      0.000    999.000    999.000
    CI_N               0.000      0.000    999.000    999.000
    DI_N               0.000      0.000    999.000    999.000
    AMVI_POMP          0.000      0.000    999.000    999.000
    BMVI_POMP          0.000      0.000    999.000    999.000
    CMVI_POMP          0.000      0.000    999.000    999.000
    DMVI_POMP          0.000      0.000    999.000    999.000
    P2                 0.000      0.000    999.000    999.000
    P3                 0.000      0.000    999.000    999.000
    P4                 0.000      0.000    999.000    999.000
    V2                 0.000      0.000    999.000    999.000
    V3                 0.000      0.000    999.000    999.000
    V4                 0.000      0.000    999.000    999.000

 Variances
    P1               332.395     38.900      8.545      0.000
    V1                20.111      2.296      8.759      0.000
    I_I_N            409.465     46.586      8.790      0.000
    S_I_N              0.177      0.380      0.467      0.641
    I_MVI_POMP        48.477      4.480     10.820      0.000
    S_MVI_POMP         0.016      0.035      0.450      0.652

 Residual Variances
    AI_N               0.000      0.000    999.000    999.000
    BI_N               0.000      0.000    999.000    999.000
    CI_N               0.000      0.000    999.000    999.000
    DI_N               0.000      0.000    999.000    999.000
    AMVI_POMP          0.000      0.000    999.000    999.000
    BMVI_POMP          0.000      0.000    999.000    999.000
    CMVI_POMP          0.000      0.000    999.000    999.000
    DMVI_POMP          0.000      0.000    999.000    999.000
    P2               221.461     33.139      6.683      0.000
    P3               297.843     39.167      7.604      0.000
    P4               279.314     31.984      8.733      0.000
    V2                13.916      1.858      7.489      0.000
    V3                17.751      2.327      7.628      0.000
    V4                11.975      1.711      6.998      0.000


QUALITY OF NUMERICAL RESULTS

     Condition Number for the Information Matrix              0.191E-05
       (ratio of smallest to largest eigenvalue)


     Beginning Time:  15:07:42
        Ending Time:  15:07:58
       Elapsed Time:  00:00:16



MUTHEN & MUTHEN
3463 Stoner Ave.
Los Angeles, CA  90066

Tel: (310) 391-9971
Fax: (310) 391-8971
Web: www.StatModel.com
Support: Support@StatModel.com

Copyright (c) 1998-2012 Muthen & Muthen
