Mplus VERSION 8 (Linux)
MUTHEN & MUTHEN
07/07/2018   7:11 PM

INPUT INSTRUCTIONS


  title: PxVx Bivariate LCM-SR - decadegroup - Linear bfas_oo with Linear aspfin_d;
  data: file = /home/jflournoy/code_new/lnt_pxvx/Data/lnt_nat_recalc.tsv;

  variable:
  names =
  subjid
  aage
  aaspfin
  aaspfin_d
  abfa_mt
  abfa_mt_d
  abfas_ac
  abfas_ap
  abfas_ci
  abfas_co
  abfas_ea
  abfas_ee
  abfas_nv
  abfas_nv9
  abfas_nw
  abfas_oi
  abfas_oo
  abfi_a
  abfi_a6
  abfi_c
  abfi_d_scale
  abfi_e
  abfi_hp8
  abfi_n
  abfi_o
  abfi_s_scale
  ahrz_col
  ahrz_col_d
  ahrz_ind
  ahrz_ind_d
  amvi
  ausi
  ausi_d
  avrt_col
  avrt_col_d
  avrt_ind
  avrt_ind_d
  bage
  baspfin
  baspfin_d
  bbfa_mt
  bbfa_mt_d
  bbfas_ac
  bbfas_ap
  bbfas_ci
  bbfas_co
  bbfas_ea
  bbfas_ee
  bbfas_nv
  bbfas_nv9
  bbfas_nw
  bbfas_oi
  bbfas_oo
  bbfi_a
  bbfi_a6
  bbfi_c
  bbfi_d_scale
  bbfi_e
  bbfi_hp8
  bbfi_n
  bbfi_o
  bbfi_s_scale
  bhrz_col
  bhrz_col_d
  bhrz_ind
  bhrz_ind_d
  bmvi
  busi
  busi_d
  bvrt_col
  bvrt_col_d
  bvrt_ind
  bvrt_ind_d
  cage
  caspfin
  caspfin_d
  cbfa_mt
  cbfa_mt_d
  cbfas_ac
  cbfas_ap
  cbfas_ci
  cbfas_co
  cbfas_ea
  cbfas_ee
  cbfas_nv
  cbfas_nv9
  cbfas_nw
  cbfas_oi
  cbfas_oo
  cbfi_a
  cbfi_a6
  cbfi_c
  cbfi_d_scale
  cbfi_e
  cbfi_hp8
  cbfi_n
  cbfi_o
  cbfi_s_scale
  chrz_col
  chrz_col_d
  chrz_ind
  chrz_ind_d
  cmvi
  cusi
  cusi_d
  cvrt_col
  cvrt_col_d
  cvrt_ind
  cvrt_ind_d
  dage
  daspfin
  daspfin_d
  dbfa_mt
  dbfa_mt_d
  dbfas_ac
  dbfas_ap
  dbfas_ci
  dbfas_co
  dbfas_ea
  dbfas_ee
  dbfas_nv
  dbfas_nv9
  dbfas_nw
  dbfas_oi
  dbfas_oo
  dbfi_a
  dbfi_a6
  dbfi_c
  dbfi_d_scale
  dbfi_e
  dbfi_hp8
  dbfi_n
  dbfi_o
  dbfi_s_scale
  dhrz_col
  dhrz_col_d
  dhrz_ind
  dhrz_ind_d
  dmvi
  dusi
  dusi_d
  dvrt_col
  dvrt_col_d
  dvrt_ind
  dvrt_ind_d;

  USEVARIABLES =
  abfas_oo
  bbfas_oo
  cbfas_oo
  dbfas_oo
  aaspfin_d
  baspfin_d
  caspfin_d
  daspfin_d
  a1
  a2
  a3
  a4
  ;

  missing = all (-9999);

  tscores = a1 a2 a3 a4;

  grouping = aage (0=d2, 1=d3, 2=d4, 3=d5);

  DEFINE:

  cut aage (29 39 49);

  a1 = aage + 0 - 36;
  a2 = aage + 1 - 36;
  a3 = aage + 2 - 36;
  a4 = aage + 3 - 36;

  ANALYSIS:
  TYPE=RANDOM;
  PROCESSORS = 6;
  model=nocovariances; ! supresses default estimation of certain covs in model;

  MODEL:

  i_bfas_oo s_bfas_oo | abfas_oo bbfas_oo cbfas_oo dbfas_oo AT a1 a2 a3 a4;
  i_aspfin_d s_aspfin_d | aaspfin_d baspfin_d caspfin_d daspfin_d AT a1 a2 a3 a4;

  ! freeing factor covs because of "nocovariances"
  s_bfas_oo WITH i_bfas_oo s_aspfin_d i_aspfin_d;
  i_bfas_oo WITH s_aspfin_d i_aspfin_d;
  s_aspfin_d WITH i_aspfin_d;

  p1 BY abfas_oo@1; ! Residual "factors";
  p2 BY bbfas_oo@1;
  p3 BY cbfas_oo@1;
  p4 BY dbfas_oo@1;

  v1 BY aaspfin_d@1; ! Residual "factors";
  v2 BY baspfin_d@1;
  v3 BY caspfin_d@1;
  v4 BY daspfin_d@1;

  !residual variances on observed/manifest vars set to 0
  abfas_oo@0;
  bbfas_oo@0;
  cbfas_oo@0;
  dbfas_oo@0;

  !residual variances on observed/manifest vars set to 0
  aaspfin_d@0;
  baspfin_d@0;
  caspfin_d@0;
  daspfin_d@0;

  ! means of observed/manifest vars set to 0
  [abfas_oo@0];
  [bbfas_oo@0];
  [cbfas_oo@0];
  [dbfas_oo@0];

  ! means of observed/manifest vars set to 0
  [aaspfin_d@0];
  [baspfin_d@0];
  [caspfin_d@0];
  [daspfin_d@0];

  [p1@0]; ! means of residual "factors" set to 0
  [p2@0];
  [p3@0];
  [p4@0];

  [v1@0]; ! means of residual "factors" set to 0
  [v2@0];
  [v3@0];
  [v4@0];

  p4 on p3 (a); ! Autoregressive paths constrained to equality
  p3 on p2 (a);
  p2 on p1 (a);

  v4 on v3 (b); ! Autoregressive paths constrained to equality
  v3 on v2 (b);
  v2 on v1 (b);

  p4 on v3 (c); ! Cross-lagged paths constrained to equality
  p3 on v2 (c);
  p2 on v1 (c);

  v4 on p3 (d); ! Cross-lagged paths constrained to equality
  v3 on p2 (d);
  v2 on p1 (d);

  p1 with v1; !(this one is not like the others)

  p2 with v2 (e); ! Within-wave correlations constrained to equality
  p3 with v3 (e);
  p4 with v4 (e);

  p2 p3 p4 (f); ! estimate variances of residual "factors"
  v2 v3 v4 (g); ! estimate variances of residual "factors"

  MODEL d2:

  p4 on p3 (a2); ! Autoregressive paths constrained to equality
  p3 on p2 (a2);
  p2 on p1 (a2);

  v4 on v3 (b2); ! Autoregressive paths constrained to equality
  v3 on v2 (b2);
  v2 on v1 (b2);

  p4 on v3 (c2); ! Cross-lagged paths constrained to equality
  p3 on v2 (c2);
  p2 on v1 (c2);

  v4 on p3 (d2); ! Cross-lagged paths constrained to equality
  v3 on p2 (d2);
  v2 on p1 (d2);

  p1 with v1; !(this one is not like the others)

  p2 with v2 (e2); ! Within-wave correlations constrained to equality
  p3 with v3 (e2);
  p4 with v4 (e2);

  p2 p3 p4 (f2); ! estimate variances of residual "factors"
  v2 v3 v4 (g2); ! estimate variances of residual "factors"

  MODEL d3:

  p4 on p3 (a3); ! Autoregressive paths constrained to equality
  p3 on p2 (a3);
  p2 on p1 (a3);

  v4 on v3 (b3); ! Autoregressive paths constrained to equality
  v3 on v2 (b3);
  v2 on v1 (b3);

  p4 on v3 (c3); ! Cross-lagged paths constrained to equality
  p3 on v2 (c3);
  p2 on v1 (c3);

  v4 on p3 (d3); ! Cross-lagged paths constrained to equality
  v3 on p2 (d3);
  v2 on p1 (d3);

  p1 with v1; !(this one is not like the others)

  p2 with v2 (e3); ! Within-wave correlations constrained to equality
  p3 with v3 (e3);
  p4 with v4 (e3);

  p2 p3 p4 (f3); ! estimate variances of residual "factors"
  v2 v3 v4 (g3); ! estimate variances of residual "factors"

  MODEL d4:

  p4 on p3 (a4); ! Autoregressive paths constrained to equality
  p3 on p2 (a4);
  p2 on p1 (a4);

  v4 on v3 (b4); ! Autoregressive paths constrained to equality
  v3 on v2 (b4);
  v2 on v1 (b4);

  p4 on v3 (c4); ! Cross-lagged paths constrained to equality
  p3 on v2 (c4);
  p2 on v1 (c4);

  v4 on p3 (d4); ! Cross-lagged paths constrained to equality
  v3 on p2 (d4);
  v2 on p1 (d4);

  p1 with v1; !(this one is not like the others)

  p2 with v2 (e4); ! Within-wave correlations constrained to equality
  p3 with v3 (e4);
  p4 with v4 (e4);

  p2 p3 p4 (f4); ! estimate variances of residual "factors"
  v2 v3 v4 (g4); ! estimate variances of residual "factors"

  MODEL d5:

  p4 on p3 (a5); ! Autoregressive paths constrained to equality
  p3 on p2 (a5);
  p2 on p1 (a5);

  v4 on v3 (b5); ! Autoregressive paths constrained to equality
  v3 on v2 (b5);
  v2 on v1 (b5);

  p4 on v3 (c5); ! Cross-lagged paths constrained to equality
  p3 on v2 (c5);
  p2 on v1 (c5);

  v4 on p3 (d5); ! Cross-lagged paths constrained to equality
  v3 on p2 (d5);
  v2 on p1 (d5);

  p1 with v1; !(this one is not like the others)

  p2 with v2 (e5); ! Within-wave correlations constrained to equality
  p3 with v3 (e5);
  p4 with v4 (e5);

  p2 p3 p4 (f5); ! estimate variances of residual "factors"
  v2 v3 v4 (g5); ! estimate variances of residual "factors"

  OUTPUT: SAMPSTAT PATTERNS;



*** WARNING in VARIABLE command
  Note that only the first 8 characters of variable names are used in the output.
  Shorten variable names to avoid any confusion.
*** WARNING
  Data set contains unknown or missing values for GROUPING,
  PATTERN, COHORT, CLUSTER and/or STRATIFICATION variables.
  Number of cases with unknown or missing values:  5
   2 WARNING(S) FOUND IN THE INPUT INSTRUCTIONS



PxVx Bivariate LCM-SR - decadegroup - Linear bfas_oo with Linear aspfin_d;

SUMMARY OF ANALYSIS

Number of groups                                                 4
Number of observations
   Group D2                                                    301
   Group D3                                                    233
   Group D4                                                    198
   Group D5                                                    132
   Total sample size                                           864

Number of dependent variables                                    8
Number of independent variables                                  0
Number of continuous latent variables                           12

Observed dependent variables

  Continuous
   ABFAS_OO    BBFAS_OO    CBFAS_OO    DBFAS_OO    AASPFIN_D   BASPFIN_D
   CASPFIN_D   DASPFIN_D

Continuous latent variables
   P1          P2          P3          P4          V1          V2
   V3          V4          I_BFAS_O    S_BFAS_O    I_ASPFIN    S_ASPFIN

Variables with special functions

  Grouping variable     AAGE

  Time scores
   A1          A2          A3          A4


Estimator                                                      MLR
Information matrix                                        OBSERVED
Maximum number of iterations                                   100
Convergence criterion                                    0.100D-05
Maximum number of EM iterations                                500
Convergence criteria for the EM algorithm
  Loglikelihood change                                   0.100D-02
  Relative loglikelihood change                          0.100D-05
  Derivative                                             0.100D-03
Minimum variance                                         0.100D-03
Maximum number of steepest descent iterations                   20
Maximum number of iterations for H1                           2000
Convergence criterion for H1                             0.100D-03
Optimization algorithm                                         EMA

Input data file(s)
  /home/jflournoy/code_new/lnt_pxvx/Data/lnt_nat_recalc.tsv
Input data format  FREE


SUMMARY OF DATA

   Group D2
     Number of missing data patterns            12

   Group D3
     Number of missing data patterns            10

   Group D4
     Number of missing data patterns            14

   Group D5
     Number of missing data patterns             9


SUMMARY OF MISSING DATA PATTERNS


     MISSING DATA PATTERNS (x = not missing) FOR D2

           1  2  3  4  5  6  7  8  9 10 11 12
 ABFAS_OO  x  x  x  x  x  x  x  x  x  x  x  x
 BBFAS_OO  x     x  x  x     x        x     x
 CBFAS_OO  x           x        x  x  x  x  x
 DBFAS_OO  x     x        x        x     x  x
 AASPFIN_  x  x  x  x  x  x     x  x  x  x  x
 BASPFIN_  x     x  x  x     x        x  x
 CASPFIN_  x           x        x  x  x  x  x
 DASPFIN_  x     x        x        x  x  x  x


     MISSING DATA PATTERN FREQUENCIES FOR D2

    Pattern   Frequency     Pattern   Frequency     Pattern   Frequency
          1         188           5          14           9           5
          2          57           6          11          10           1
          3           6           7           1          11           1
          4          11           8           5          12           1


     MISSING DATA PATTERNS (x = not missing) FOR D3

           1  2  3  4  5  6  7  8  9 10
 ABFAS_OO  x  x  x  x  x  x  x  x  x  x
 BBFAS_OO  x     x  x  x           x
 CBFAS_OO  x           x     x  x
 DBFAS_OO  x     x        x     x     x
 AASPFIN_  x  x  x  x  x  x  x  x  x  x
 BASPFIN_  x     x  x  x
 CASPFIN_  x           x     x  x
 DASPFIN_  x     x        x     x


     MISSING DATA PATTERN FREQUENCIES FOR D3

    Pattern   Frequency     Pattern   Frequency     Pattern   Frequency
          1         140           5           7           9           1
          2          44           6           3          10           1
          3           8           7           7
          4          15           8           7


     MISSING DATA PATTERNS (x = not missing) FOR D4

           1  2  3  4  5  6  7  8  9 10 11 12 13 14
 ABFAS_OO  x  x  x  x  x  x  x  x  x  x  x  x  x  x
 BBFAS_OO  x     x  x  x              x  x  x     x
 CBFAS_OO  x           x     x  x  x  x     x
 DBFAS_OO  x     x        x     x  x  x     x     x
 AASPFIN_  x  x  x  x  x  x  x  x  x  x  x  x     x
 BASPFIN_  x     x  x  x           x        x
 CASPFIN_  x           x     x  x  x  x
 DASPFIN_  x     x        x     x  x  x     x     x


     MISSING DATA PATTERN FREQUENCIES FOR D4

    Pattern   Frequency     Pattern   Frequency     Pattern   Frequency
          1         103           6           4          11           2
          2          39           7           6          12           1
          3           7           8           5          13           1
          4          12           9           1          14           1
          5          15          10           1


     MISSING DATA PATTERNS (x = not missing) FOR D5

           1  2  3  4  5  6  7  8  9
 ABFAS_OO  x  x  x  x  x  x  x  x
 BBFAS_OO  x     x  x  x           x
 CBFAS_OO  x           x     x  x  x
 DBFAS_OO  x     x        x     x  x
 AASPFIN_  x  x  x  x  x  x  x  x  x
 BASPFIN_  x     x  x  x           x
 CASPFIN_  x           x     x  x  x
 DASPFIN_  x     x        x     x  x


     MISSING DATA PATTERN FREQUENCIES FOR D5

    Pattern   Frequency     Pattern   Frequency     Pattern   Frequency
          1          60           4          10           7           6
          2          29           5          11           8           4
          3           5           6           6           9           1


COVARIANCE COVERAGE OF DATA

Minimum covariance coverage value   0.100


     PROPORTION OF DATA PRESENT FOR D2


           Covariance Coverage
              ABFAS_OO      BBFAS_OO      CBFAS_OO      DBFAS_OO      AASPFIN_
              ________      ________      ________      ________      ________
 ABFAS_OO       1.000
 BBFAS_OO       0.738         0.738
 CBFAS_OO       0.714         0.678         0.714
 DBFAS_OO       0.704         0.648         0.648         0.704
 AASPFIN_       0.997         0.734         0.714         0.704         0.997
 BASPFIN_       0.738         0.734         0.678         0.648         0.734
 CASPFIN_       0.714         0.678         0.714         0.648         0.714
 DASPFIN_       0.708         0.651         0.651         0.704         0.708


           Covariance Coverage
              BASPFIN_      CASPFIN_      DASPFIN_
              ________      ________      ________
 BASPFIN_       0.738
 CASPFIN_       0.678         0.714
 DASPFIN_       0.651         0.651         0.708


     PROPORTION OF DATA PRESENT FOR D3


           Covariance Coverage
              ABFAS_OO      BBFAS_OO      CBFAS_OO      DBFAS_OO      AASPFIN_
              ________      ________      ________      ________      ________
 ABFAS_OO       1.000
 BBFAS_OO       0.764         0.764
 CBFAS_OO       0.670         0.635         0.670
 DBFAS_OO       0.652         0.635         0.605         0.652
 AASPFIN_       0.970         0.734         0.670         0.652         0.970
 BASPFIN_       0.764         0.764         0.635         0.635         0.734
 CASPFIN_       0.670         0.635         0.670         0.605         0.670
 DASPFIN_       0.657         0.639         0.609         0.652         0.657


           Covariance Coverage
              BASPFIN_      CASPFIN_      DASPFIN_
              ________      ________      ________
 BASPFIN_       0.764
 CASPFIN_       0.635         0.670
 DASPFIN_       0.639         0.609         0.657


     PROPORTION OF DATA PRESENT FOR D4


           Covariance Coverage
              ABFAS_OO      BBFAS_OO      CBFAS_OO      DBFAS_OO      AASPFIN_
              ________      ________      ________      ________      ________
 ABFAS_OO       1.000
 BBFAS_OO       0.737         0.737
 CBFAS_OO       0.646         0.606         0.646
 DBFAS_OO       0.601         0.561         0.540         0.601
 AASPFIN_       0.970         0.707         0.646         0.601         0.970
 BASPFIN_       0.737         0.727         0.611         0.566         0.707
 CASPFIN_       0.646         0.606         0.646         0.540         0.646
 DASPFIN_       0.601         0.566         0.545         0.596         0.601


           Covariance Coverage
              BASPFIN_      CASPFIN_      DASPFIN_
              ________      ________      ________
 BASPFIN_       0.737
 CASPFIN_       0.611         0.646
 DASPFIN_       0.571         0.545         0.601


     PROPORTION OF DATA PRESENT FOR D5


           Covariance Coverage
              ABFAS_OO      BBFAS_OO      CBFAS_OO      DBFAS_OO      AASPFIN_
              ________      ________      ________      ________      ________
 ABFAS_OO       1.000
 BBFAS_OO       0.697         0.697
 CBFAS_OO       0.576         0.538         0.576
 DBFAS_OO       0.545         0.492         0.462         0.545
 AASPFIN_       0.955         0.652         0.576         0.545         0.955
 BASPFIN_       0.697         0.697         0.538         0.492         0.652
 CASPFIN_       0.576         0.538         0.576         0.462         0.576
 DASPFIN_       0.545         0.492         0.462         0.545         0.545


           Covariance Coverage
              BASPFIN_      CASPFIN_      DASPFIN_
              ________      ________      ________
 BASPFIN_       0.697
 CASPFIN_       0.538         0.576
 DASPFIN_       0.492         0.462         0.545


SAMPLE STATISTICS


     ESTIMATED SAMPLE STATISTICS FOR D2


           Means
              ABFAS_OO      BBFAS_OO      CBFAS_OO      DBFAS_OO      AASPFIN_
              ________      ________      ________      ________      ________
               74.825        73.836        74.181        73.160        45.249


           Means
              BASPFIN_      CASPFIN_      DASPFIN_
              ________      ________      ________
               46.544        45.485        45.394


           Covariances
              ABFAS_OO      BBFAS_OO      CBFAS_OO      DBFAS_OO      AASPFIN_
              ________      ________      ________      ________      ________
 ABFAS_OO     250.201
 BBFAS_OO     199.338       256.540
 CBFAS_OO     201.178       214.959       277.496
 DBFAS_OO     193.784       196.432       225.530       261.343
 AASPFIN_     -69.433       -87.572       -77.935       -49.706       622.237
 BASPFIN_     -68.295       -99.827       -83.206       -78.540       456.670
 CASPFIN_     -75.127       -89.948      -103.321       -81.750       475.514
 DASPFIN_     -47.719       -68.665       -89.143       -60.883       435.500


           Covariances
              BASPFIN_      CASPFIN_      DASPFIN_
              ________      ________      ________
 BASPFIN_     605.317
 CASPFIN_     489.530       661.286
 DASPFIN_     463.914       511.291       679.758


           Correlations
              ABFAS_OO      BBFAS_OO      CBFAS_OO      DBFAS_OO      AASPFIN_
              ________      ________      ________      ________      ________
 ABFAS_OO       1.000
 BBFAS_OO       0.787         1.000
 CBFAS_OO       0.763         0.806         1.000
 DBFAS_OO       0.758         0.759         0.837         1.000
 AASPFIN_      -0.176        -0.219        -0.188        -0.123         1.000
 BASPFIN_      -0.175        -0.253        -0.203        -0.197         0.744
 CASPFIN_      -0.185        -0.218        -0.241        -0.197         0.741
 DASPFIN_      -0.116        -0.164        -0.205        -0.144         0.670


           Correlations
              BASPFIN_      CASPFIN_      DASPFIN_
              ________      ________      ________
 BASPFIN_       1.000
 CASPFIN_       0.774         1.000
 DASPFIN_       0.723         0.763         1.000


     ESTIMATED SAMPLE STATISTICS FOR D3


           Means
              ABFAS_OO      BBFAS_OO      CBFAS_OO      DBFAS_OO      AASPFIN_
              ________      ________      ________      ________      ________
               71.955        72.294        70.453        71.383        42.793


           Means
              BASPFIN_      CASPFIN_      DASPFIN_
              ________      ________      ________
               43.710        43.770        44.039


           Covariances
              ABFAS_OO      BBFAS_OO      CBFAS_OO      DBFAS_OO      AASPFIN_
              ________      ________      ________      ________      ________
 ABFAS_OO     252.689
 BBFAS_OO     214.179       268.417
 CBFAS_OO     216.118       217.884       270.713
 DBFAS_OO     216.605       217.653       227.837       282.396
 AASPFIN_     -56.743       -39.168       -58.436       -46.867       558.235
 BASPFIN_     -61.242       -48.277       -65.619       -57.566       487.418
 CASPFIN_     -89.447       -61.436       -72.880       -76.726       481.198
 DASPFIN_     -57.992       -40.713       -53.523       -68.463       463.933


           Covariances
              BASPFIN_      CASPFIN_      DASPFIN_
              ________      ________      ________
 BASPFIN_     676.064
 CASPFIN_     525.205       662.806
 DASPFIN_     512.776       508.833       623.844


           Correlations
              ABFAS_OO      BBFAS_OO      CBFAS_OO      DBFAS_OO      AASPFIN_
              ________      ________      ________      ________      ________
 ABFAS_OO       1.000
 BBFAS_OO       0.822         1.000
 CBFAS_OO       0.826         0.808         1.000
 DBFAS_OO       0.811         0.791         0.824         1.000
 AASPFIN_      -0.151        -0.101        -0.150        -0.118         1.000
 BASPFIN_      -0.148        -0.113        -0.153        -0.132         0.793
 CASPFIN_      -0.219        -0.146        -0.172        -0.177         0.791
 DASPFIN_      -0.146        -0.099        -0.130        -0.163         0.786


           Correlations
              BASPFIN_      CASPFIN_      DASPFIN_
              ________      ________      ________
 BASPFIN_       1.000
 CASPFIN_       0.785         1.000
 DASPFIN_       0.790         0.791         1.000


     ESTIMATED SAMPLE STATISTICS FOR D4


           Means
              ABFAS_OO      BBFAS_OO      CBFAS_OO      DBFAS_OO      AASPFIN_
              ________      ________      ________      ________      ________
               71.167        72.293        71.858        71.723        39.784


           Means
              BASPFIN_      CASPFIN_      DASPFIN_
              ________      ________      ________
               40.466        41.273        43.094


           Covariances
              ABFAS_OO      BBFAS_OO      CBFAS_OO      DBFAS_OO      AASPFIN_
              ________      ________      ________      ________      ________
 ABFAS_OO     240.478
 BBFAS_OO     219.282       268.433
 CBFAS_OO     201.016       225.044       244.445
 DBFAS_OO     193.532       217.578       205.878       225.297
 AASPFIN_       0.149        -1.398        15.100        28.111       549.809
 BASPFIN_     -20.241         1.201       -12.722         2.478       407.222
 CASPFIN_      18.207        22.808        21.205        35.325       354.564
 DASPFIN_       8.474        -3.307        15.755        17.816       381.755


           Covariances
              BASPFIN_      CASPFIN_      DASPFIN_
              ________      ________      ________
 BASPFIN_     537.915
 CASPFIN_     356.951       427.477
 DASPFIN_     357.333       349.830       501.334


           Correlations
              ABFAS_OO      BBFAS_OO      CBFAS_OO      DBFAS_OO      AASPFIN_
              ________      ________      ________      ________      ________
 ABFAS_OO       1.000
 BBFAS_OO       0.863         1.000
 CBFAS_OO       0.829         0.879         1.000
 DBFAS_OO       0.831         0.885         0.877         1.000
 AASPFIN_       0.000        -0.004         0.041         0.080         1.000
 BASPFIN_      -0.056         0.003        -0.035         0.007         0.749
 CASPFIN_       0.057         0.067         0.066         0.114         0.731
 DASPFIN_       0.024        -0.009         0.045         0.053         0.727


           Correlations
              BASPFIN_      CASPFIN_      DASPFIN_
              ________      ________      ________
 BASPFIN_       1.000
 CASPFIN_       0.744         1.000
 DASPFIN_       0.688         0.756         1.000


     ESTIMATED SAMPLE STATISTICS FOR D5


           Means
              ABFAS_OO      BBFAS_OO      CBFAS_OO      DBFAS_OO      AASPFIN_
              ________      ________      ________      ________      ________
               74.694        74.397        73.612        72.577        39.615


           Means
              BASPFIN_      CASPFIN_      DASPFIN_
              ________      ________      ________
               40.143        40.167        41.237


           Covariances
              ABFAS_OO      BBFAS_OO      CBFAS_OO      DBFAS_OO      AASPFIN_
              ________      ________      ________      ________      ________
 ABFAS_OO     244.866
 BBFAS_OO     174.295       213.888
 CBFAS_OO     184.993       196.898       260.209
 DBFAS_OO     198.933       204.351       222.852       271.167
 AASPFIN_     -10.136       -29.932       -50.097       -18.739       527.803
 BASPFIN_      18.495       -14.818       -26.333       -40.196       369.120
 CASPFIN_      -2.825       -32.091       -36.904       -28.885       385.075
 DASPFIN_       4.822         1.935        -6.461         9.509       364.389


           Covariances
              BASPFIN_      CASPFIN_      DASPFIN_
              ________      ________      ________
 BASPFIN_     468.476
 CASPFIN_     365.303       518.989
 DASPFIN_     315.756       377.489       503.603


           Correlations
              ABFAS_OO      BBFAS_OO      CBFAS_OO      DBFAS_OO      AASPFIN_
              ________      ________      ________      ________      ________
 ABFAS_OO       1.000
 BBFAS_OO       0.762         1.000
 CBFAS_OO       0.733         0.835         1.000
 DBFAS_OO       0.772         0.849         0.839         1.000
 AASPFIN_      -0.028        -0.089        -0.135        -0.050         1.000
 BASPFIN_       0.055        -0.047        -0.075        -0.113         0.742
 CASPFIN_      -0.008        -0.096        -0.100        -0.077         0.736
 DASPFIN_       0.014         0.006        -0.018         0.026         0.707


           Correlations
              BASPFIN_      CASPFIN_      DASPFIN_
              ________      ________      ________
 BASPFIN_       1.000
 CASPFIN_       0.741         1.000
 DASPFIN_       0.650         0.738         1.000


     MAXIMUM LOG-LIKELIHOOD VALUE FOR THE UNRESTRICTED (H1) MODEL IS -21181.812


UNIVARIATE SAMPLE STATISTICS


     UNIVARIATE HIGHER-ORDER MOMENT DESCRIPTIVE STATISTICS FOR D2

         Variable/         Mean/     Skewness/   Minimum/ % with                Percentiles
        Sample Size      Variance    Kurtosis    Maximum  Min/Max      20%/60%    40%/80%    Median

     ABFAS_OO             74.825      -0.642      20.000    0.33%      62.500     72.500     77.500
             301.000     250.201      -0.012     100.000    1.99%      80.000     90.000
     BBFAS_OO             73.328      -0.645      27.500    0.90%      60.000     70.000     75.000
             222.000     260.277       0.016     100.000    1.80%      80.000     87.500
     CBFAS_OO             74.195      -0.668      17.500    0.47%      62.500     70.000     77.500
             215.000     278.827       0.145     100.000    5.12%      80.000     87.500
     DBFAS_OO             73.491      -0.746      22.500    0.94%      60.000     70.000     77.500
             212.000     259.219       0.228     100.000    1.89%      80.000     87.500
     AASPFIN_D            45.319       0.184       0.000    3.67%      25.000     33.333     41.667
             300.000     621.900      -0.696     100.000    3.00%      50.000     66.667
     BASPFIN_D            46.115       0.245       0.000    2.25%      25.000     41.667     50.000
             222.000     599.348      -0.680     100.000    3.15%      50.000     66.667
     CASPFIN_D            45.659       0.288       0.000    3.72%      25.000     33.333     41.667
             215.000     653.636      -0.696     100.000    3.72%      50.000     66.667
     DASPFIN_D            45.207       0.196       0.000    3.29%      16.667     33.333     41.667
             213.000     677.099      -0.914     100.000    2.82%      50.000     66.667


     UNIVARIATE HIGHER-ORDER MOMENT DESCRIPTIVE STATISTICS FOR D3

         Variable/         Mean/     Skewness/   Minimum/ % with                Percentiles
        Sample Size      Variance    Kurtosis    Maximum  Min/Max      20%/60%    40%/80%    Median

     ABFAS_OO             71.955      -0.338      27.500    0.43%      57.500     70.000     72.500
             233.000     252.689      -0.528     100.000    2.15%      77.500     87.500
     BBFAS_OO             72.134      -0.387      22.500    0.58%      57.500     67.500     75.000
             171.000     261.764      -0.410     100.000    1.75%      77.778     87.500
     CBFAS_OO             70.130      -0.178      27.500    0.62%      55.000     65.000     70.000
             161.000     255.098      -0.711     100.000    1.24%      75.000     85.000
     DBFAS_OO             71.209      -0.509      25.000    0.63%      57.500     67.500     72.500
             159.000     265.222      -0.153     100.000    3.14%      77.500     85.000
     AASPFIN_D            42.793       0.515       0.000    2.58%      25.000     33.333     41.667
             233.000     558.235      -0.375     100.000    2.58%      50.000     58.333
     BASPFIN_D            44.412       0.484       0.000    3.53%      25.000     33.333     41.667
             170.000     699.777      -0.578     100.000    5.88%      50.000     66.667
     CASPFIN_D            43.996       0.471       0.000    1.86%      16.667     33.333     41.667
             161.000     680.824      -0.728     100.000    4.35%      50.000     66.667
     DASPFIN_D            44.594       0.350       0.000    0.63%      16.667     33.333     41.667
             158.000     646.429      -0.745     100.000    3.80%      50.000     66.667


     UNIVARIATE HIGHER-ORDER MOMENT DESCRIPTIVE STATISTICS FOR D4

         Variable/         Mean/     Skewness/   Minimum/ % with                Percentiles
        Sample Size      Variance    Kurtosis    Maximum  Min/Max      20%/60%    40%/80%    Median

     ABFAS_OO             71.167      -0.457      27.500    1.01%      57.500     67.500     72.500
             198.000     240.478      -0.344     100.000    1.01%      77.500     85.000
     BBFAS_OO             72.790      -0.610      17.500    0.70%      57.500     70.000     75.000
             142.000     266.085      -0.093     100.000    0.70%      80.000     87.500
     CBFAS_OO             73.622      -0.403      32.500    0.76%      60.000     70.000     75.000
             132.000     235.955      -0.528     100.000    3.79%      80.000     87.500
     DBFAS_OO             72.373      -0.619      30.000    0.81%      57.500     70.000     75.000
             123.000     236.217      -0.486     100.000    1.63%      80.000     87.500
     AASPFIN_D            39.784       0.424       0.000    6.60%      16.667     33.333     33.333
             197.000     549.809      -0.288     100.000    1.52%      41.667     58.333
     BASPFIN_D            39.778       0.518       0.000    4.32%      16.667     33.333     41.667
             139.000     529.632       0.110     100.000    2.88%      41.667     50.000
     CASPFIN_D            42.335       0.391       0.000    1.53%      25.000     33.333     41.667
             131.000     424.835      -0.251     100.000    0.76%      41.667     58.333
     DASPFIN_D            43.022       0.413       0.000    1.63%      25.000     33.333     41.667
             123.000     502.906      -0.423     100.000    0.81%      50.000     58.333


     UNIVARIATE HIGHER-ORDER MOMENT DESCRIPTIVE STATISTICS FOR D5

         Variable/         Mean/     Skewness/   Minimum/ % with                Percentiles
        Sample Size      Variance    Kurtosis    Maximum  Min/Max      20%/60%    40%/80%    Median

     ABFAS_OO             74.567      -0.598      27.500    0.76%      60.000     72.500     75.000
             131.000     243.975      -0.081     100.000    3.05%      80.000     87.500
     BBFAS_OO             74.284      -0.374      42.500    2.30%      60.000     70.000     75.000
              87.000     210.596      -0.633     100.000    2.30%      80.000     86.111
     CBFAS_OO             73.797      -0.510      27.500    1.22%      60.000     70.000     77.500
              82.000     258.672      -0.268     100.000    6.10%      80.000     87.500
     DBFAS_OO             74.539      -0.944      15.000    1.32%      60.000     72.500     76.250
              76.000     267.551       1.128     100.000    1.32%      80.000     90.000
     AASPFIN_D            39.615       0.468       0.000    4.55%      16.667     33.333     41.667
             132.000     527.803      -0.196     100.000    1.52%      41.667     58.333
     BASPFIN_D            40.661       0.598       0.000    1.15%      25.000     33.333     33.333
              87.000     494.079      -0.161     100.000    2.30%      41.667     58.333
     CASPFIN_D            39.228       0.532       0.000    4.88%      16.667     33.333     37.500
              82.000     547.913      -0.111     100.000    2.44%      41.667     58.333
     DASPFIN_D            41.996       0.594       0.000    1.32%      16.667     33.333     33.333
              76.000     543.569      -0.314     100.000    2.63%      41.667     58.333


THE MODEL ESTIMATION TERMINATED NORMALLY



MODEL FIT INFORMATION

Number of Free Parameters                       96

Loglikelihood

          H0 Value                      -21227.035
          H0 Scaling Correction Factor      0.9910
            for MLR

Information Criteria

          Akaike (AIC)                   42646.070
          Bayesian (BIC)                 43103.181
          Sample-Size Adjusted BIC       42798.309
            (n* = (n + 2) / 24)



MODEL RESULTS

                                                    Two-Tailed
                    Estimate       S.E.  Est./S.E.    P-Value

Group D2

 P1       BY
    ABFAS_OO           1.000      0.000    999.000    999.000

 P2       BY
    BBFAS_OO           1.000      0.000    999.000    999.000

 P3       BY
    CBFAS_OO           1.000      0.000    999.000    999.000

 P4       BY
    DBFAS_OO           1.000      0.000    999.000    999.000

 V1       BY
    AASPFIN_D          1.000      0.000    999.000    999.000

 V2       BY
    BASPFIN_D          1.000      0.000    999.000    999.000

 V3       BY
    CASPFIN_D          1.000      0.000    999.000    999.000

 V4       BY
    DASPFIN_D          1.000      0.000    999.000    999.000

 P4         ON
    P3                 0.178      0.089      2.003      0.045
    V3                 0.010      0.051      0.205      0.837

 P3         ON
    P2                 0.178      0.089      2.003      0.045
    V2                 0.010      0.051      0.205      0.837

 P2         ON
    P1                 0.178      0.089      2.003      0.045
    V1                 0.010      0.051      0.205      0.837

 V4         ON
    V3                -0.019      0.100     -0.195      0.846
    P3                 0.002      0.105      0.022      0.982

 V3         ON
    V2                -0.019      0.100     -0.195      0.846
    P2                 0.002      0.105      0.022      0.982

 V2         ON
    V1                -0.019      0.100     -0.195      0.846
    P1                 0.002      0.105      0.022      0.982

 S_BFAS_O WITH
    I_BFAS_OO         49.067     32.719      1.500      0.134
    S_ASPFIN_D        -2.948      1.956     -1.507      0.132
    I_ASPFIN_D      -102.783     68.758     -1.495      0.135

 I_BFAS_O WITH
    S_ASPFIN_D      -100.920     69.599     -1.450      0.147
    I_ASPFIN_D     -3591.783   2449.160     -1.467      0.143

 S_ASPFIN WITH
    I_ASPFIN_D       514.209    202.071      2.545      0.011

 P1       WITH
    V1                -1.249      8.135     -0.154      0.878

 P2       WITH
    V2                -4.266      6.345     -0.672      0.501

 P3       WITH
    V3                -4.266      6.345     -0.672      0.501

 P4       WITH
    V4                -4.266      6.345     -0.672      0.501

 Means
    P1                 0.000      0.000    999.000    999.000
    V1                 0.000      0.000    999.000    999.000
    I_BFAS_OO         56.789      8.760      6.483      0.000
    S_BFAS_OO         -0.499      0.249     -2.007      0.045
    I_ASPFIN_D        44.135     15.160      2.911      0.004
    S_ASPFIN_D        -0.042      0.432     -0.098      0.922

 Intercepts
    ABFAS_OO           0.000      0.000    999.000    999.000
    BBFAS_OO           0.000      0.000    999.000    999.000
    CBFAS_OO           0.000      0.000    999.000    999.000
    DBFAS_OO           0.000      0.000    999.000    999.000
    AASPFIN_D          0.000      0.000    999.000    999.000
    BASPFIN_D          0.000      0.000    999.000    999.000
    CASPFIN_D          0.000      0.000    999.000    999.000
    DASPFIN_D          0.000      0.000    999.000    999.000
    P2                 0.000      0.000    999.000    999.000
    P3                 0.000      0.000    999.000    999.000
    P4                 0.000      0.000    999.000    999.000
    V2                 0.000      0.000    999.000    999.000
    V3                 0.000      0.000    999.000    999.000
    V4                 0.000      0.000    999.000    999.000

 Variances
    P1                62.464     10.312      6.057      0.000
    V1               145.358     21.277      6.832      0.000
    I_BFAS_OO       2024.286   1232.943      1.642      0.101
    S_BFAS_OO          1.311      0.870      1.506      0.132
    I_ASPFIN_D     18584.383   7037.298      2.641      0.008
    S_ASPFIN_D        14.597      5.813      2.511      0.012

 Residual Variances
    ABFAS_OO           0.000      0.000    999.000    999.000
    BBFAS_OO           0.000      0.000    999.000    999.000
    CBFAS_OO           0.000      0.000    999.000    999.000
    DBFAS_OO           0.000      0.000    999.000    999.000
    AASPFIN_D          0.000      0.000    999.000    999.000
    BASPFIN_D          0.000      0.000    999.000    999.000
    CASPFIN_D          0.000      0.000    999.000    999.000
    DASPFIN_D          0.000      0.000    999.000    999.000
    P2                57.659      9.155      6.298      0.000
    P3                57.659      9.155      6.298      0.000
    P4                57.659      9.155      6.298      0.000
    V2               144.522     17.004      8.499      0.000
    V3               144.522     17.004      8.499      0.000
    V4               144.522     17.004      8.499      0.000

Group D3

 P1       BY
    ABFAS_OO           1.000      0.000    999.000    999.000

 P2       BY
    BBFAS_OO           1.000      0.000    999.000    999.000

 P3       BY
    CBFAS_OO           1.000      0.000    999.000    999.000

 P4       BY
    DBFAS_OO           1.000      0.000    999.000    999.000

 V1       BY
    AASPFIN_D          1.000      0.000    999.000    999.000

 V2       BY
    BASPFIN_D          1.000      0.000    999.000    999.000

 V3       BY
    CASPFIN_D          1.000      0.000    999.000    999.000

 V4       BY
    DASPFIN_D          1.000      0.000    999.000    999.000

 P4         ON
    P3                 0.008      0.112      0.073      0.942
    V3                 0.004      0.047      0.088      0.930

 P3         ON
    P2                 0.008      0.112      0.073      0.942
    V2                 0.004      0.047      0.088      0.930

 P2         ON
    P1                 0.008      0.112      0.073      0.942
    V1                 0.004      0.047      0.088      0.930

 V4         ON
    V3                -0.019      0.097     -0.198      0.843
    P3                 0.150      0.137      1.090      0.276

 V3         ON
    V2                -0.019      0.097     -0.198      0.843
    P2                 0.150      0.137      1.090      0.276

 V2         ON
    V1                -0.019      0.097     -0.198      0.843
    P1                 0.150      0.137      1.090      0.276

 S_BFAS_O WITH
    I_BFAS_OO         64.820     41.425      1.565      0.118
    S_ASPFIN_D        -1.555      1.154     -1.347      0.178
    I_ASPFIN_D       -50.440     39.288     -1.284      0.199

 I_BFAS_O WITH
    S_ASPFIN_D       -56.194     40.023     -1.404      0.160
    I_ASPFIN_D     -1889.073   1367.623     -1.381      0.167

 S_ASPFIN WITH
    I_ASPFIN_D        98.521     67.439      1.461      0.144

 P1       WITH
    V1                 5.865      6.797      0.863      0.388

 P2       WITH
    V2                 0.773      6.620      0.117      0.907

 P3       WITH
    V3                 0.773      6.620      0.117      0.907

 P4       WITH
    V4                 0.773      6.620      0.117      0.907

 Means
    P1                 0.000      0.000    999.000    999.000
    V1                 0.000      0.000    999.000    999.000
    I_BFAS_OO         60.127      8.740      6.879      0.000
    S_BFAS_OO         -0.340      0.255     -1.334      0.182
    I_ASPFIN_D        57.930     13.371      4.332      0.000
    S_ASPFIN_D         0.429      0.389      1.104      0.270

 Intercepts
    ABFAS_OO           0.000      0.000    999.000    999.000
    BBFAS_OO           0.000      0.000    999.000    999.000
    CBFAS_OO           0.000      0.000    999.000    999.000
    DBFAS_OO           0.000      0.000    999.000    999.000
    AASPFIN_D          0.000      0.000    999.000    999.000
    BASPFIN_D          0.000      0.000    999.000    999.000
    CASPFIN_D          0.000      0.000    999.000    999.000
    DASPFIN_D          0.000      0.000    999.000    999.000
    P2                 0.000      0.000    999.000    999.000
    P3                 0.000      0.000    999.000    999.000
    P4                 0.000      0.000    999.000    999.000
    V2                 0.000      0.000    999.000    999.000
    V3                 0.000      0.000    999.000    999.000
    V4                 0.000      0.000    999.000    999.000

 Variances
    P1                36.489      8.741      4.175      0.000
    V1               104.084     15.877      6.555      0.000
    I_BFAS_OO       2473.003   1420.701      1.741      0.082
    S_BFAS_OO          1.861      1.220      1.526      0.127
    I_ASPFIN_D      4066.388   2396.298      1.697      0.090
    S_ASPFIN_D         2.698      1.919      1.406      0.160

 Residual Variances
    ABFAS_OO           0.000      0.000    999.000    999.000
    BBFAS_OO           0.000      0.000    999.000    999.000
    CBFAS_OO           0.000      0.000    999.000    999.000
    DBFAS_OO           0.000      0.000    999.000    999.000
    AASPFIN_D          0.000      0.000    999.000    999.000
    BASPFIN_D          0.000      0.000    999.000    999.000
    CASPFIN_D          0.000      0.000    999.000    999.000
    DASPFIN_D          0.000      0.000    999.000    999.000
    P2                51.527      6.859      7.512      0.000
    P3                51.527      6.859      7.512      0.000
    P4                51.527      6.859      7.512      0.000
    V2               135.816     18.226      7.452      0.000
    V3               135.816     18.226      7.452      0.000
    V4               135.816     18.226      7.452      0.000

Group D4

 P1       BY
    ABFAS_OO           1.000      0.000    999.000    999.000

 P2       BY
    BBFAS_OO           1.000      0.000    999.000    999.000

 P3       BY
    CBFAS_OO           1.000      0.000    999.000    999.000

 P4       BY
    DBFAS_OO           1.000      0.000    999.000    999.000

 V1       BY
    AASPFIN_D          1.000      0.000    999.000    999.000

 V2       BY
    BASPFIN_D          1.000      0.000    999.000    999.000

 V3       BY
    CASPFIN_D          1.000      0.000    999.000    999.000

 V4       BY
    DASPFIN_D          1.000      0.000    999.000    999.000

 P4         ON
    P3                 0.039      0.077      0.513      0.608
    V3                -0.041      0.041     -1.014      0.311

 P3         ON
    P2                 0.039      0.077      0.513      0.608
    V2                -0.041      0.041     -1.014      0.311

 P2         ON
    P1                 0.039      0.077      0.513      0.608
    V1                -0.041      0.041     -1.014      0.311

 V4         ON
    V3                 0.104      0.120      0.863      0.388
    P3                 0.009      0.165      0.053      0.957

 V3         ON
    V2                 0.104      0.120      0.863      0.388
    P2                 0.009      0.165      0.053      0.957

 V2         ON
    V1                 0.104      0.120      0.863      0.388
    P1                 0.009      0.165      0.053      0.957

 S_BFAS_O WITH
    I_BFAS_OO         27.183     29.492      0.922      0.357
    S_ASPFIN_D        -1.316      1.700     -0.774      0.439
    I_ASPFIN_D       -35.944     53.745     -0.669      0.504

 I_BFAS_O WITH
    S_ASPFIN_D       -41.946     54.964     -0.763      0.445
    I_ASPFIN_D     -1130.295   1740.711     -0.649      0.516

 S_ASPFIN WITH
    I_ASPFIN_D       107.569    148.840      0.723      0.470

 P1       WITH
    V1                 1.001     11.491      0.087      0.931

 P2       WITH
    V2                 2.645      4.468      0.592      0.554

 P3       WITH
    V3                 2.645      4.468      0.592      0.554

 P4       WITH
    V4                 2.645      4.468      0.592      0.554

 Means
    P1                 0.000      0.000    999.000    999.000
    V1                 0.000      0.000    999.000    999.000
    I_BFAS_OO         75.412      7.723      9.765      0.000
    S_BFAS_OO          0.114      0.234      0.485      0.628
    I_ASPFIN_D        72.635     15.359      4.729      0.000
    S_ASPFIN_D         0.968      0.469      2.063      0.039

 Intercepts
    ABFAS_OO           0.000      0.000    999.000    999.000
    BBFAS_OO           0.000      0.000    999.000    999.000
    CBFAS_OO           0.000      0.000    999.000    999.000
    DBFAS_OO           0.000      0.000    999.000    999.000
    AASPFIN_D          0.000      0.000    999.000    999.000
    BASPFIN_D          0.000      0.000    999.000    999.000
    CASPFIN_D          0.000      0.000    999.000    999.000
    DASPFIN_D          0.000      0.000    999.000    999.000
    P2                 0.000      0.000    999.000    999.000
    P3                 0.000      0.000    999.000    999.000
    P4                 0.000      0.000    999.000    999.000
    V2                 0.000      0.000    999.000    999.000
    V3                 0.000      0.000    999.000    999.000
    V4                 0.000      0.000    999.000    999.000

 Variances
    P1                41.444      9.963      4.160      0.000
    V1               130.481     28.283      4.613      0.000
    I_BFAS_OO       1032.387    961.458      1.074      0.283
    S_BFAS_OO          0.892      0.913      0.977      0.329
    I_ASPFIN_D      3416.380   4762.598      0.717      0.473
    S_ASPFIN_D         3.730      4.670      0.799      0.425

 Residual Variances
    ABFAS_OO           0.000      0.000    999.000    999.000
    BBFAS_OO           0.000      0.000    999.000    999.000
    CBFAS_OO           0.000      0.000    999.000    999.000
    DBFAS_OO           0.000      0.000    999.000    999.000
    AASPFIN_D          0.000      0.000    999.000    999.000
    BASPFIN_D          0.000      0.000    999.000    999.000
    CASPFIN_D          0.000      0.000    999.000    999.000
    DASPFIN_D          0.000      0.000    999.000    999.000
    P2                30.790      3.407      9.037      0.000
    P3                30.790      3.407      9.037      0.000
    P4                30.790      3.407      9.037      0.000
    V2               138.977     24.234      5.735      0.000
    V3               138.977     24.234      5.735      0.000
    V4               138.977     24.234      5.735      0.000

Group D5

 P1       BY
    ABFAS_OO           1.000      0.000    999.000    999.000

 P2       BY
    BBFAS_OO           1.000      0.000    999.000    999.000

 P3       BY
    CBFAS_OO           1.000      0.000    999.000    999.000

 P4       BY
    DBFAS_OO           1.000      0.000    999.000    999.000

 V1       BY
    AASPFIN_D          1.000      0.000    999.000    999.000

 V2       BY
    BASPFIN_D          1.000      0.000    999.000    999.000

 V3       BY
    CASPFIN_D          1.000      0.000    999.000    999.000

 V4       BY
    DASPFIN_D          1.000      0.000    999.000    999.000

 P4         ON
    P3                 0.017      0.080      0.217      0.828
    V3                 0.090      0.058      1.545      0.122

 P3         ON
    P2                 0.017      0.080      0.217      0.828
    V2                 0.090      0.058      1.545      0.122

 P2         ON
    P1                 0.017      0.080      0.217      0.828
    V1                 0.090      0.058      1.545      0.122

 V4         ON
    V3                 0.072      0.127      0.567      0.571
    P3                 0.253      0.167      1.512      0.131

 V3         ON
    V2                 0.072      0.127      0.567      0.571
    P2                 0.253      0.167      1.512      0.131

 V2         ON
    V1                 0.072      0.127      0.567      0.571
    P1                 0.253      0.167      1.512      0.131

 S_BFAS_O WITH
    I_BFAS_OO         54.251     15.870      3.419      0.001
    S_ASPFIN_D        -0.642      1.405     -0.457      0.648
    I_ASPFIN_D       -27.799     44.403     -0.626      0.531

 I_BFAS_O WITH
    S_ASPFIN_D       -14.913     47.540     -0.314      0.754
    I_ASPFIN_D      -731.160   1500.451     -0.487      0.626

 S_ASPFIN WITH
    I_ASPFIN_D       211.880    225.928      0.938      0.348

 P1       WITH
    V1                 1.357     13.229      0.103      0.918

 P2       WITH
    V2                14.778      9.311      1.587      0.112

 P3       WITH
    V3                14.778      9.311      1.587      0.112

 P4       WITH
    V4                14.778      9.311      1.587      0.112

 Means
    P1                 0.000      0.000    999.000    999.000
    V1                 0.000      0.000    999.000    999.000
    I_BFAS_OO         53.224     11.667      4.562      0.000
    S_BFAS_OO         -0.655      0.356     -1.840      0.066
    I_ASPFIN_D        58.132     19.374      3.001      0.003
    S_ASPFIN_D         0.563      0.606      0.929      0.353

 Intercepts
    ABFAS_OO           0.000      0.000    999.000    999.000
    BBFAS_OO           0.000      0.000    999.000    999.000
    CBFAS_OO           0.000      0.000    999.000    999.000
    DBFAS_OO           0.000      0.000    999.000    999.000
    AASPFIN_D          0.000      0.000    999.000    999.000
    BASPFIN_D          0.000      0.000    999.000    999.000
    CASPFIN_D          0.000      0.000    999.000    999.000
    DASPFIN_D          0.000      0.000    999.000    999.000
    P2                 0.000      0.000    999.000    999.000
    P3                 0.000      0.000    999.000    999.000
    P4                 0.000      0.000    999.000    999.000
    V2                 0.000      0.000    999.000    999.000
    V3                 0.000      0.000    999.000    999.000
    V4                 0.000      0.000    999.000    999.000

 Variances
    P1                80.821     16.911      4.779      0.000
    V1               108.662     34.832      3.120      0.002
    I_BFAS_OO       2290.231    591.554      3.872      0.000
    S_BFAS_OO          1.332      0.431      3.095      0.002
    I_ASPFIN_D      6798.982   7126.035      0.954      0.340
    S_ASPFIN_D         6.975      7.188      0.970      0.332

 Residual Variances
    ABFAS_OO           0.000      0.000    999.000    999.000
    BBFAS_OO           0.000      0.000    999.000    999.000
    CBFAS_OO           0.000      0.000    999.000    999.000
    DBFAS_OO           0.000      0.000    999.000    999.000
    AASPFIN_D          0.000      0.000    999.000    999.000
    BASPFIN_D          0.000      0.000    999.000    999.000
    CASPFIN_D          0.000      0.000    999.000    999.000
    DASPFIN_D          0.000      0.000    999.000    999.000
    P2                39.302      6.652      5.908      0.000
    P3                39.302      6.652      5.908      0.000
    P4                39.302      6.652      5.908      0.000
    V2               140.233     22.651      6.191      0.000
    V3               140.233     22.651      6.191      0.000
    V4               140.233     22.651      6.191      0.000


QUALITY OF NUMERICAL RESULTS

     Condition Number for the Information Matrix              0.356E-08
       (ratio of smallest to largest eigenvalue)


     Beginning Time:  19:11:21
        Ending Time:  19:11:42
       Elapsed Time:  00:00:21



MUTHEN & MUTHEN
3463 Stoner Ave.
Los Angeles, CA  90066

Tel: (310) 391-9971
Fax: (310) 391-8971
Web: www.StatModel.com
Support: Support@StatModel.com

Copyright (c) 1998-2017 Muthen & Muthen
