Mplus VERSION 6.12
MUTHEN & MUTHEN
03/21/2016  11:42 AM

INPUT INSTRUCTIONS


  title: PxVx Univariate - Col MeanOnly BFA_OO with Lin USI;
  data: file = E:\Projects\lnt_pxvx\Data\LT_227.txt;



  variable:
  names =
  subjid
  Sample
  aGENDER
  aAGE
  aethnic1
  aethnic2
  aedu_mom
  aedu_dad
  aEDUCATN
  bEDUCATN
  cEDUCATN
  aEMPLOYD
  bEMPLOYD
  cEMPLOYD
  dEMPLOYD
  aINCOME
  bINCOME
  cINCOME
  dINCOME
  aS_SCALE
  bS_SCALE
  cS_SCALE
  dS_SCALE
  aD_SCALE
  bD_SCALE
  cD_SCALE
  dD_SCALE
  aS_COMP
  bS_COMP
  cS_COMP
  dS_COMP
  aD_COMP
  bD_COMP
  cD_COMP
  dD_COMP
  aBFI_A
  aBFI_A6
  aBFI_C
  aBFI_E
  aBFI_HP
  aBFI_N
  aBFI_O
  bBFI_A
  bBFI_A6
  bBFI_C
  bBFI_E
  bBFI_HP
  bBFI_N
  bBFI_O
  cBFI_A
  cBFI_A6
  cBFI_C
  cBFI_E
  cBFI_HP
  cBFI_N
  cBFI_O
  dBFI_A
  dBFI_A6
  dBFI_C
  dBFI_E
  dBFI_HP
  dBFI_N
  dBFI_O
  aBFA_AC
  aBFA_AP
  aBFA_CI
  aBFA_CO
  aBFA_EA
  aBFA_EE
  aBFA_N9
  aBFA_NV
  aBFA_NW
  aBFA_OI
  aBFA_OO
  aBFA_PS
  aBFA_MT
  bBFA_AC
  bBFA_AP
  bBFA_CI
  bBFA_CO
  bBFA_EA
  bBFA_EE
  bBFA_N9
  bBFA_NV
  bBFA_NW
  bBFA_OI
  bBFA_OO
  bBFA_MT
  bBFA_PS
  cBFA_AC
  cBFA_AP
  cBFA_CI
  cBFA_CO
  cBFA_EA
  cBFA_EE
  cBFA_N9
  cBFA_NV
  cBFA_NW
  cBFA_OI
  cBFA_OO
  cBFA_MT
  cBFA_PS
  dBFA_AC
  dBFA_AP
  dBFA_CI
  dBFA_CO
  dBFA_EA
  dBFA_EE
  dBFA_N9
  dBFA_NV
  dBFA_NW
  dBFA_OI
  dBFA_OO
  dBFA_MT
  dBFA_PS
  aUSI
  bUSI
  cUSI
  dUSI
  aHRZ_IND
  bHRZ_IND
  cHRZ_IND
  dHRZ_IND
  aVRT_IND
  bVRT_IND
  cVRT_IND
  dVRT_IND
  aHRZ_COL
  bHRZ_COL
  cHRZ_COL
  dHRZ_COL
  aVRT_COL
  bVRT_COL
  cVRT_COL
  dVRT_COL
  aCOLLCTV
  bCOLLCTV
  cCOLLCTV
  dCOLLCTV
  aMVS
  bMVS
  cMVS
  dMVS
  aST
  bST
  cST
  dST
  aSD
  bSD
  cSD
  dSD
  aMVS_mc
  bMVS_mc
  cMVS_mc
  dMVS_mc
  aST_mc
  bST_mc
  cST_mc
  dST_mc
  aSD_mc
  bSD_mc
  cSD_mc
  dSD_mc
  bMEANING
  cMEANING
  dMEANING
  bMEAN_L
  cMEAN_L
  dMEAN_L
  bMEANNGc
  cMEANNGc
  dMEANNGc
  bMEANGlc
  cMEANGlc
  dMEANGlc
  bCLASSIC
  cCLASSIC
  dCLASSIC
  bCLASSCc
  cCLASSCc
  dCLASSCc
  bAGR_VAL
  cAGR_VAL
  dAGR_VAL
  bOPN_VAL
  cOPN_VAL
  dOPN_VAL
  bAGR_VLc
  cAGR_VLc
  dAGR_VLc
  bOPNVALc
  cOPNVALc
  dOPNVALc
  aMV_pomp
  bMV_pomp
  cMV_pomp
  dMV_pomp
  aST_pomp
  bST_pomp
  cST_pomp
  dST_pomp
  aSD_pomp
  bSD_pomp
  cSD_pomp
  dSD_pomp
  agoal_ec
  bgoal_ec
  cgoal_ec
  dgoal_ec
  aAspfinc
  bAspfinc
  cAspfinc
  dAspfinc
  abfi_hp8
  bbfi_hp8
  cbfi_hp8
  dbfi_hp8
  aP_S_BFI
  aP_D_BFI
  aECgoalc
  bECgoalC
  cECgoalC
  dECgoalC
  aaspfin
  baspfin
  caspfin
  daspfin
  aMVI_POMP
  bMVI_POMP
  cMVI_POMP
  dMVI_POMP;

  USEVARIABLES =
  aBFA_OO
  bBFA_OO
  cBFA_OO
  dBFA_OO
  aUSI
  bUSI
  cUSI
  dUSI
  bage_c
  cage_c
  dage_c
  ;

  missing = all (-9999);

  USEOBSERVATIONS are Sample == 2; ! College Sample

  tscores = bage_c cage_c dage_c;

  DEFINE:
  bage_c = aAGE + 1 - 20.5;
  cage_c = aAGE + 2 - 20.5;
  dage_c = aAGE + 3 - 20.5;

  ANALYSIS:
  TYPE=RANDOM;
  PROCESSORS = 8;

  MODEL:

  i_BFA_OO s_BFA_OO | bBFA_OO cBFA_OO dBFA_OO AT bage_c cage_c dage_c;
  i_USI s_USI | bUSI cUSI dUSI AT bage_c cage_c dage_c;


  !After Bollen and Curran initial observation is not part of LGM

  dBFA_OO on cBFA_OO (a); ! Autoregressive paths constrained to equality
  cBFA_OO on bBFA_OO (a);
  bBFA_OO on aBFA_OO (a);

  dUSI on cUSI (b); ! Autoregressive paths constrained to equality
  cUSI on bUSI (b);
  bUSI on aUSI (b);

  bBFA_OO cBFA_OO dBFA_OO (c); !Equality constraint on residuals
  bUSI cUSI dUSI (d); !Equality constraint on residuals

  dUSI on cBFA_OO (x); ! Cross-lagged paths constrained to equality
  cUSI on bBFA_OO (x);
  bUSI on aBFA_OO (x);

  dBFA_OO on cUSI (y); ! Cross-lagged paths constrained to equality
  cBFA_OO on bUSI (y);
  bBFA_OO on aUSI (y);

  dUSI with dBFA_OO (w); ! within-wave correlations constrained to equality
  cUSI with cBFA_OO (w);
  bUSI with bBFA_OO (w);

  aBFA_OO aUSI i_BFA_OO i_USI
  s_USI
  with
  s_USI
  aBFA_OO aUSI i_BFA_OO i_USI;

  s_BFA_OO@0;


  OUTPUT: SAMPSTAT PATTERNS;



*** WARNING
  Variable name contains more than 8 characters.
  Only the first 8 characters will be printed in the output.
  Variable: AMVI_POMP
*** WARNING
  Variable name contains more than 8 characters.
  Only the first 8 characters will be printed in the output.
  Variable: BMVI_POMP
*** WARNING
  Variable name contains more than 8 characters.
  Only the first 8 characters will be printed in the output.
  Variable: CMVI_POMP
*** WARNING
  Variable name contains more than 8 characters.
  Only the first 8 characters will be printed in the output.
  Variable: DMVI_POMP
*** WARNING in MODEL command
  All continuous latent variable covariances involving S_BFA_OO have been fixed to 0
  because the variance of S_BFA_OO is fixed at 0.
*** WARNING
  Data set contains cases with missing on all variables.
  These cases were not included in the analysis.
  Number of cases with missing on all variables:  1
*** WARNING
  Data set contains cases with missing on time scores but non-missing on the
  corresponding dependent variables.  These cases were not included in the analysis.
  Number of such cases:  2
   7 WARNING(S) FOUND IN THE INPUT INSTRUCTIONS



PxVx Univariate - Col MeanOnly BFA_OO with Lin USI;

SUMMARY OF ANALYSIS

Number of groups                                                 1
Number of observations                                         277

Number of dependent variables                                    6
Number of independent variables                                  2
Number of continuous latent variables                            4

Observed dependent variables

  Continuous
   BBFA_OO     CBFA_OO     DBFA_OO     BUSI        CUSI        DUSI

Observed independent variables
   ABFA_OO     AUSI

Continuous latent variables
   I_BFA_OO    S_BFA_OO    I_USI       S_USI

Variables with special functions

  Time scores
   BAGE_C      CAGE_C      DAGE_C


Estimator                                                      MLR
Information matrix                                        OBSERVED
Maximum number of iterations                                   100
Convergence criterion                                    0.100D-05
Maximum number of EM iterations                                500
Convergence criteria for the EM algorithm
  Loglikelihood change                                   0.100D-02
  Relative loglikelihood change                          0.100D-05
  Derivative                                             0.100D-03
Minimum variance                                         0.100D-03
Maximum number of steepest descent iterations                   20
Maximum number of iterations for H1                           2000
Convergence criterion for H1                             0.100D-03
Optimization algorithm                                         EMA

Input data file(s)
  E:\Projects\lnt_pxvx\Data\LT_227.txt
Input data format  FREE


SUMMARY OF DATA

     Number of missing data patterns            13


SUMMARY OF MISSING DATA PATTERNS


     MISSING DATA PATTERNS (x = not missing)

           1  2  3  4  5  6  7  8  9 10 11 12 13
 BBFA_OO   x  x     x        x  x              x
 CBFA_OO   x  x  x                 x  x
 DBFA_OO   x              x  x  x  x  x
 BUSI      x  x     x           x
 CUSI      x  x  x                 x  x
 DUSI      x              x     x     x
 ABFA_OO   x  x  x  x  x  x  x  x  x  x  x     x
 AUSI      x  x  x  x  x  x  x  x  x  x     x  x


     MISSING DATA PATTERN FREQUENCIES

    Pattern   Frequency     Pattern   Frequency     Pattern   Frequency
          1         138           6          11          11           2
          2          12           7           1          12           1
          3           5           8          16          13           2
          4          27           9           1
          5          51          10          10


COVARIANCE COVERAGE OF DATA

Minimum covariance coverage value   0.100


     PROPORTION OF DATA PRESENT


           Covariance Coverage
              BBFA_OO       CBFA_OO       DBFA_OO       BUSI          CUSI
              ________      ________      ________      ________      ________
 BBFA_OO        0.708
 CBFA_OO        0.542         0.599
 DBFA_OO        0.560         0.538         0.639
 BUSI           0.697         0.542         0.556         0.697
 CUSI           0.542         0.599         0.538         0.542         0.599
 DUSI           0.556         0.534         0.632         0.556         0.534
 ABFA_OO        0.708         0.599         0.639         0.697         0.599
 AUSI           0.708         0.599         0.639         0.697         0.599


           Covariance Coverage
              DUSI          ABFA_OO       AUSI
              ________      ________      ________
 DUSI           0.632
 ABFA_OO        0.632         0.996
 AUSI           0.632         0.989         0.993


SAMPLE STATISTICS


     ESTIMATED SAMPLE STATISTICS


           Means
              BBFA_OO       CBFA_OO       DBFA_OO       BUSI          CUSI
              ________      ________      ________      ________      ________
 1             73.921        72.831        75.005        31.590        30.345


           Means
              DUSI          ABFA_OO       AUSI
              ________      ________      ________
 1             29.960        74.882        33.054


           Covariances
              BBFA_OO       CBFA_OO       DBFA_OO       BUSI          CUSI
              ________      ________      ________      ________      ________
 BBFA_OO      266.824
 CBFA_OO      216.580       239.178
 DBFA_OO      199.442       188.767       216.742
 BUSI         -94.151       -72.198       -49.191       244.762
 CUSI         -68.569       -57.218       -34.806       183.488       253.647
 DUSI         -73.926       -69.629       -47.474       170.659       192.914
 ABFA_OO      202.588       181.506       169.207       -58.760       -39.549
 AUSI        -101.716       -88.705       -53.863       181.565       179.115


           Covariances
              DUSI          ABFA_OO       AUSI
              ________      ________      ________
 DUSI         278.764
 ABFA_OO      -54.363       231.404
 AUSI         175.251       -76.910       249.542


           Correlations
              BBFA_OO       CBFA_OO       DBFA_OO       BUSI          CUSI
              ________      ________      ________      ________      ________
 BBFA_OO        1.000
 CBFA_OO        0.857         1.000
 DBFA_OO        0.829         0.829         1.000
 BUSI          -0.368        -0.298        -0.214         1.000
 CUSI          -0.264        -0.232        -0.148         0.736         1.000
 DUSI          -0.271        -0.270        -0.193         0.653         0.725
 ABFA_OO        0.815         0.772         0.756        -0.247        -0.163
 AUSI          -0.394        -0.363        -0.232         0.735         0.712


           Correlations
              DUSI          ABFA_OO       AUSI
              ________      ________      ________
 DUSI           1.000
 ABFA_OO       -0.214         1.000
 AUSI           0.664        -0.320         1.000


     MAXIMUM LOG-LIKELIHOOD VALUE FOR THE UNRESTRICTED (H1) MODEL IS -6185.301

     WARNING:  THE MLR STANDARD ERRORS COULD NOT BE COMPUTED.  THE MLF STANDARD
     ERRORS WERE COMPUTED INSTEAD.  THE MLR CONDITION NUMBER IS      -0.107D-04.
     PROBLEM INVOLVING PARAMETER 21.  THIS MAY BE DUE TO NEAR SINGULARITY
     OF THE RANDOM EFFECT VARIANCE/COVARIANCE OR INCOMPLETE CONVERGENCE.

THE MODEL ESTIMATION TERMINATED NORMALLY



MODEL FIT INFORMATION

Number of Free Parameters                       28

Loglikelihood

          H0 Value                       -6201.969

Information Criteria

          Akaike (AIC)                   12459.937
          Bayesian (BIC)                 12561.410
          Sample-Size Adjusted BIC       12472.626
            (n* = (n + 2) / 24)



MODEL RESULTS

                                                    Two-Tailed
                    Estimate       S.E.  Est./S.E.    P-Value

 DBFA_OO    ON
    CBFA_OO            0.080      0.076      1.046      0.296
    CUSI              -0.104      0.054     -1.913      0.056

 CBFA_OO    ON
    BBFA_OO            0.080      0.076      1.046      0.296
    BUSI              -0.104      0.054     -1.913      0.056

 BBFA_OO    ON
    ABFA_OO            0.080      0.076      1.046      0.296
    AUSI              -0.104      0.054     -1.913      0.056

 DUSI       ON
    CUSI               0.341      0.148      2.309      0.021
    CBFA_OO           -0.153      0.124     -1.226      0.220

 CUSI       ON
    BUSI               0.341      0.148      2.309      0.021
    BBFA_OO           -0.153      0.124     -1.226      0.220

 BUSI       ON
    AUSI               0.341      0.148      2.309      0.021
    ABFA_OO           -0.153      0.124     -1.226      0.220

 I_USI    WITH
    I_BFA_OO          16.256     30.563      0.532      0.595

 S_USI    WITH
    I_BFA_OO          -3.906      7.127     -0.548      0.584
    I_USI             -8.670     13.660     -0.635      0.526

 ABFA_OO  WITH
    I_BFA_OO         163.793     27.432      5.971      0.000
    I_USI             29.445     36.183      0.814      0.416
    S_USI            -13.987      8.451     -1.655      0.098

 AUSI     WITH
    I_BFA_OO         -53.928     21.639     -2.492      0.013
    I_USI             74.269     44.209      1.680      0.093
    S_USI             10.144      9.941      1.020      0.308

 DUSI     WITH
    DBFA_OO          -10.933      4.962     -2.203      0.028

 CUSI     WITH
    CBFA_OO          -10.933      4.962     -2.203      0.028

 BUSI     WITH
    BBFA_OO          -10.933      4.962     -2.203      0.028

 AUSI     WITH
    ABFA_OO          -76.907     19.118     -4.023      0.000

 Means
    ABFA_OO           74.915      1.059     70.725      0.000
    AUSI              33.045      1.067     30.958      0.000
    I_BFA_OO          70.610      6.094     11.587      0.000
    S_BFA_OO           0.399      0.369      1.080      0.280
    I_USI             31.843     11.471      2.776      0.006
    S_USI             -0.376      0.560     -0.671      0.502

 Intercepts
    BBFA_OO            0.000      0.000    999.000    999.000
    CBFA_OO            0.000      0.000    999.000    999.000
    DBFA_OO            0.000      0.000    999.000    999.000
    BUSI               0.000      0.000    999.000    999.000
    CUSI               0.000      0.000    999.000    999.000
    DUSI               0.000      0.000    999.000    999.000

 Variances
    ABFA_OO          231.403     25.484      9.080      0.000
    AUSI             249.542     29.531      8.450      0.000
    I_BFA_OO         160.289     35.078      4.569      0.000
    S_BFA_OO           0.000      0.000    999.000    999.000
    I_USI             75.320     57.477      1.310      0.190
    S_USI              4.492      5.907      0.761      0.447

 Residual Variances
    BBFA_OO           42.188      3.653     11.548      0.000
    CBFA_OO           42.188      3.653     11.548      0.000
    DBFA_OO           42.188      3.653     11.548      0.000
    BUSI              91.614     16.789      5.457      0.000
    CUSI              91.614     16.789      5.457      0.000
    DUSI              91.614     16.789      5.457      0.000


QUALITY OF NUMERICAL RESULTS

     Condition Number for the Information Matrix              0.128E-05
       (ratio of smallest to largest eigenvalue)


     Beginning Time:  11:42:14
        Ending Time:  11:42:19
       Elapsed Time:  00:00:05



MUTHEN & MUTHEN
3463 Stoner Ave.
Los Angeles, CA  90066

Tel: (310) 391-9971
Fax: (310) 391-8971
Web: www.StatModel.com
Support: Support@StatModel.com

Copyright (c) 1998-2011 Muthen & Muthen
