Mplus VERSION 6.12
MUTHEN & MUTHEN
03/09/2016   7:05 PM

INPUT INSTRUCTIONS


  title: PxVx Univariate - Nat Lin BFA_AP with MeanOnly MVS_mc;
  data: file = E:\Projects\lnt_pxvx\Data\LT_227.txt;


  variable:
  names =
  subjid
  Sample
  aGENDER
  aAGE
  aethnic1
  aethnic2
  aedu_mom
  aedu_dad
  aEDUCATN
  bEDUCATN
  cEDUCATN
  aEMPLOYD
  bEMPLOYD
  cEMPLOYD
  dEMPLOYD
  aINCOME
  bINCOME
  cINCOME
  dINCOME
  aS_SCALE
  bS_SCALE
  cS_SCALE
  dS_SCALE
  aD_SCALE
  bD_SCALE
  cD_SCALE
  dD_SCALE
  aS_COMP
  bS_COMP
  cS_COMP
  dS_COMP
  aD_COMP
  bD_COMP
  cD_COMP
  dD_COMP
  aBFI_A
  aBFI_A6
  aBFI_C
  aBFI_E
  aBFI_HP
  aBFI_N
  aBFI_O
  bBFI_A
  bBFI_A6
  bBFI_C
  bBFI_E
  bBFI_HP
  bBFI_N
  bBFI_O
  cBFI_A
  cBFI_A6
  cBFI_C
  cBFI_E
  cBFI_HP
  cBFI_N
  cBFI_O
  dBFI_A
  dBFI_A6
  dBFI_C
  dBFI_E
  dBFI_HP
  dBFI_N
  dBFI_O
  aBFA_AC
  aBFA_AP
  aBFA_CI
  aBFA_CO
  aBFA_EA
  aBFA_EE
  aBFA_N9
  aBFA_NV
  aBFA_NW
  aBFA_OI
  aBFA_OO
  aBFA_PS
  aBFA_MT
  bBFA_AC
  bBFA_AP
  bBFA_CI
  bBFA_CO
  bBFA_EA
  bBFA_EE
  bBFA_N9
  bBFA_NV
  bBFA_NW
  bBFA_OI
  bBFA_OO
  bBFA_MT
  bBFA_PS
  cBFA_AC
  cBFA_AP
  cBFA_CI
  cBFA_CO
  cBFA_EA
  cBFA_EE
  cBFA_N9
  cBFA_NV
  cBFA_NW
  cBFA_OI
  cBFA_OO
  cBFA_MT
  cBFA_PS
  dBFA_AC
  dBFA_AP
  dBFA_CI
  dBFA_CO
  dBFA_EA
  dBFA_EE
  dBFA_N9
  dBFA_NV
  dBFA_NW
  dBFA_OI
  dBFA_OO
  dBFA_MT
  dBFA_PS
  aUSI
  bUSI
  cUSI
  dUSI
  aHRZ_IND
  bHRZ_IND
  cHRZ_IND
  dHRZ_IND
  aVRT_IND
  bVRT_IND
  cVRT_IND
  dVRT_IND
  aHRZ_COL
  bHRZ_COL
  cHRZ_COL
  dHRZ_COL
  aVRT_COL
  bVRT_COL
  cVRT_COL
  dVRT_COL
  aCOLLCTV
  bCOLLCTV
  cCOLLCTV
  dCOLLCTV
  aMVS
  bMVS
  cMVS
  dMVS
  aST
  bST
  cST
  dST
  aSD
  bSD
  cSD
  dSD
  aMVS_mc
  bMVS_mc
  cMVS_mc
  dMVS_mc
  aST_mc
  bST_mc
  cST_mc
  dST_mc
  aSD_mc
  bSD_mc
  cSD_mc
  dSD_mc
  bMEANING
  cMEANING
  dMEANING
  bMEAN_L
  cMEAN_L
  dMEAN_L
  bMEANNGc
  cMEANNGc
  dMEANNGc
  bMEANGlc
  cMEANGlc
  dMEANGlc
  bCLASSIC
  cCLASSIC
  dCLASSIC
  bCLASSCc
  cCLASSCc
  dCLASSCc
  bAGR_VAL
  cAGR_VAL
  dAGR_VAL
  bOPN_VAL
  cOPN_VAL
  dOPN_VAL
  bAGR_VLc
  cAGR_VLc
  dAGR_VLc
  bOPNVALc
  cOPNVALc
  dOPNVALc
  aMV_pomp
  bMV_pomp
  cMV_pomp
  dMV_pomp
  aST_pomp
  bST_pomp
  cST_pomp
  dST_pomp
  aSD_pomp
  bSD_pomp
  cSD_pomp
  dSD_pomp
  agoal_ec
  bgoal_ec
  cgoal_ec
  dgoal_ec
  aAspfinc
  bAspfinc
  cAspfinc
  dAspfinc
  abfi_hp8
  bbfi_hp8
  cbfi_hp8
  dbfi_hp8
  aP_S_BFI
  aP_D_BFI
  aECgoalc
  bECgoalC
  cECgoalC
  dECgoalC
  aaspfin
  baspfin
  caspfin
  daspfin;


  USEVARIABLES =
  aBFA_AP
  bBFA_AP
  cBFA_AP
  dBFA_AP
  aMVS_mc
  bMVS_mc
  cMVS_mc
  dMVS_mc
  bage_c
  cage_c
  dage_c
  ;

  missing = all (-9999);

  USEOBSERVATIONS are Sample == 1; ! National Sample

  tscores = bage_c cage_c dage_c;

  DEFINE:
  bage_c = aAGE + 1 - 36;
  cage_c = aAGE + 2 - 36;
  dage_c = aAGE + 3 - 36;

  ANALYSIS:
  TYPE=RANDOM;
  PROCESSORS = 8;

  MODEL:

  i_BFA_AP s_BFA_AP | bBFA_AP cBFA_AP dBFA_AP AT bage_c cage_c dage_c;
  i_MVS_mc s_MVS_mc | bMVS_mc cMVS_mc dMVS_mc AT bage_c cage_c dage_c;


  !After Bollen and Curran initial observation is not part of LGM

  dBFA_AP on cBFA_AP (a); ! Autoregressive paths constrained to equality
  cBFA_AP on bBFA_AP (a);
  bBFA_AP on aBFA_AP (a);

  dMVS_mc on cMVS_mc (b); ! Autoregressive paths constrained to equality
  cMVS_mc on bMVS_mc (b);
  bMVS_mc on aMVS_mc (b);

  bBFA_AP cBFA_AP dBFA_AP (c); !Equality constraint on residuals
  bMVS_mc cMVS_mc dMVS_mc (d); !Equality constraint on residuals

  dMVS_mc on cBFA_AP (x); ! Cross-lagged paths constrained to equality
  cMVS_mc on bBFA_AP (x);
  bMVS_mc on aBFA_AP (x);

  dBFA_AP on cMVS_mc (y); ! Cross-lagged paths constrained to equality
  cBFA_AP on bMVS_mc (y);
  bBFA_AP on aMVS_mc (y);

  dMVS_mc with dBFA_AP (w); ! within-wave correlations constrained to equality
  cMVS_mc with cBFA_AP (w);
  bMVS_mc with bBFA_AP (w);

  aBFA_AP aMVS_mc i_BFA_AP i_MVS_mc
  s_BFA_AP
  with
  s_BFA_AP
  aBFA_AP aMVS_mc i_BFA_AP i_MVS_mc;


  s_MVS_mc@0;

  OUTPUT: SAMPSTAT PATTERNS;



*** WARNING in MODEL command
  All continuous latent variable covariances involving S_MVS_MC have been fixed to 0
  because the variance of S_MVS_MC is fixed at 0.
*** WARNING
  Data set contains cases with missing on time scores but non-missing on the
  corresponding dependent variables.  These cases were not included in the analysis.
  Number of such cases:  5
   2 WARNING(S) FOUND IN THE INPUT INSTRUCTIONS



PxVx Univariate - Nat Lin BFA_AP with MeanOnly MVS_mc;

SUMMARY OF ANALYSIS

Number of groups                                                 1
Number of observations                                         874

Number of dependent variables                                    6
Number of independent variables                                  2
Number of continuous latent variables                            4

Observed dependent variables

  Continuous
   BBFA_AP     CBFA_AP     DBFA_AP     BMVS_MC     CMVS_MC     DMVS_MC

Observed independent variables
   ABFA_AP     AMVS_MC

Continuous latent variables
   I_BFA_AP    S_BFA_AP    I_MVS_MC    S_MVS_MC

Variables with special functions

  Time scores
   BAGE_C      CAGE_C      DAGE_C


Estimator                                                      MLR
Information matrix                                        OBSERVED
Maximum number of iterations                                   100
Convergence criterion                                    0.100D-05
Maximum number of EM iterations                                500
Convergence criteria for the EM algorithm
  Loglikelihood change                                   0.100D-02
  Relative loglikelihood change                          0.100D-05
  Derivative                                             0.100D-03
Minimum variance                                         0.100D-03
Maximum number of steepest descent iterations                   20
Maximum number of iterations for H1                           2000
Convergence criterion for H1                             0.100D-03
Optimization algorithm                                         EMA

Input data file(s)
  E:\Projects\lnt_pxvx\Data\LT_227.txt
Input data format  FREE


SUMMARY OF DATA

     Number of missing data patterns            14


SUMMARY OF MISSING DATA PATTERNS


     MISSING DATA PATTERNS (x = not missing)

           1  2  3  4  5  6  7  8  9 10 11 12 13 14
 BBFA_AP   x     x  x        x     x  x  x  x
 CBFA_AP   x           x     x  x        x  x
 DBFA_AP   x     x     x  x              x  x     x
 BMVS_MC   x     x  x        x     x        x
 CMVS_MC   x           x     x  x        x  x
 DMVS_MC   x     x     x  x              x  x
 ABFA_AP   x  x  x  x  x  x  x  x  x  x  x     x  x
 AMVS_MC   x  x  x  x  x  x  x  x     x  x  x     x


     MISSING DATA PATTERN FREQUENCIES

    Pattern   Frequency     Pattern   Frequency     Pattern   Frequency
          1         497           6          24          11           1
          2         169           7          48          12           3
          3          27           8          24          13           1
          4          53           9           1          14           1
          5          22          10           3


COVARIANCE COVERAGE OF DATA

Minimum covariance coverage value   0.100


     PROPORTION OF DATA PRESENT


           Covariance Coverage
              BBFA_AP       CBFA_AP       DBFA_AP       BMVS_MC       CMVS_MC
              ________      ________      ________      ________      ________
 BBFA_AP        0.724
 CBFA_AP        0.628         0.681
 DBFA_AP        0.604         0.598         0.658
 BMVS_MC        0.720         0.627         0.603         0.720
 CMVS_MC        0.628         0.681         0.598         0.627         0.681
 DMVS_MC        0.604         0.598         0.657         0.603         0.598
 ABFA_AP        0.721         0.677         0.654         0.716         0.677
 AMVS_MC        0.723         0.681         0.658         0.719         0.681


           Covariance Coverage
              DMVS_MC       ABFA_AP       AMVS_MC
              ________      ________      ________
 DMVS_MC        0.657
 ABFA_AP        0.653         0.997
 AMVS_MC        0.657         0.994         0.998


SAMPLE STATISTICS


     ESTIMATED SAMPLE STATISTICS


           Means
              BBFA_AP       CBFA_AP       DBFA_AP       BMVS_MC       CMVS_MC
              ________      ________      ________      ________      ________
 1             70.531        70.667        70.854         3.315         3.334


           Means
              DMVS_MC       ABFA_AP       AMVS_MC
              ________      ________      ________
 1              3.320        69.699         3.346


           Covariances
              BBFA_AP       CBFA_AP       DBFA_AP       BMVS_MC       CMVS_MC
              ________      ________      ________      ________      ________
 BBFA_AP      258.776
 CBFA_AP      201.259       248.239
 DBFA_AP      195.716       205.309       247.054
 BMVS_MC        3.543         3.183         3.028         0.408
 CMVS_MC        2.704         2.855         2.965         0.338         0.440
 DMVS_MC        2.871         2.608         2.994         0.315         0.327
 ABFA_AP      205.692       196.427       195.506         3.008         2.619
 AMVS_MC        3.071         2.687         2.858         0.322         0.317


           Covariances
              DMVS_MC       ABFA_AP       AMVS_MC
              ________      ________      ________
 DMVS_MC        0.377
 ABFA_AP        2.670       266.230
 AMVS_MC        0.296         3.270         0.420


           Correlations
              BBFA_AP       CBFA_AP       DBFA_AP       BMVS_MC       CMVS_MC
              ________      ________      ________      ________      ________
 BBFA_AP        1.000
 CBFA_AP        0.794         1.000
 DBFA_AP        0.774         0.829         1.000
 BMVS_MC        0.345         0.316         0.301         1.000
 CMVS_MC        0.253         0.273         0.284         0.798         1.000
 DMVS_MC        0.291         0.270         0.310         0.804         0.803
 ABFA_AP        0.784         0.764         0.762         0.289         0.242
 AMVS_MC        0.294         0.263         0.280         0.778         0.738


           Correlations
              DMVS_MC       ABFA_AP       AMVS_MC
              ________      ________      ________
 DMVS_MC        1.000
 ABFA_AP        0.267         1.000
 AMVS_MC        0.745         0.309         1.000


     MAXIMUM LOG-LIKELIHOOD VALUE FOR THE UNRESTRICTED (H1) MODEL IS -11741.149


THE MODEL ESTIMATION TERMINATED NORMALLY



MODEL FIT INFORMATION

Number of Free Parameters                       28

Loglikelihood

          H0 Value                      -11749.072
          H0 Scaling Correction Factor       1.210
            for MLR

Information Criteria

          Akaike (AIC)                   23554.145
          Bayesian (BIC)                 23687.791
          Sample-Size Adjusted BIC       23598.870
            (n* = (n + 2) / 24)



MODEL RESULTS

                                                    Two-Tailed
                    Estimate       S.E.  Est./S.E.    P-Value

 DBFA_AP    ON
    CBFA_AP            0.093      0.042      2.245      0.025
    CMVS_MC            1.130      0.991      1.140      0.254

 CBFA_AP    ON
    BBFA_AP            0.093      0.042      2.245      0.025
    BMVS_MC            1.130      0.991      1.140      0.254

 BBFA_AP    ON
    ABFA_AP            0.093      0.042      2.245      0.025
    AMVS_MC            1.130      0.991      1.140      0.254

 DMVS_MC    ON
    CMVS_MC            0.065      0.042      1.567      0.117
    CBFA_AP           -0.002      0.001     -1.231      0.218

 CMVS_MC    ON
    BMVS_MC            0.065      0.042      1.567      0.117
    BBFA_AP           -0.002      0.001     -1.231      0.218

 BMVS_MC    ON
    AMVS_MC            0.065      0.042      1.567      0.117
    ABFA_AP           -0.002      0.001     -1.231      0.218

 S_BFA_AP WITH
    I_BFA_AP          -0.618      0.422     -1.465      0.143

 I_MVS_MC WITH
    I_BFA_AP           2.186      0.517      4.230      0.000
    S_BFA_AP           0.015      0.017      0.895      0.371

 ABFA_AP  WITH
    I_BFA_AP         173.375     13.162     13.173      0.000
    S_BFA_AP           0.051      0.488      0.104      0.917
    I_MVS_MC           2.799      0.447      6.267      0.000

 AMVS_MC  WITH
    I_BFA_AP           2.115      0.462      4.576      0.000
    S_BFA_AP           0.023      0.019      1.178      0.239
    I_MVS_MC           0.293      0.020     14.477      0.000

 DMVS_MC  WITH
    DBFA_AP            0.257      0.071      3.613      0.000

 CMVS_MC  WITH
    CBFA_AP            0.257      0.071      3.613      0.000

 BMVS_MC  WITH
    BBFA_AP            0.257      0.071      3.613      0.000

 AMVS_MC  WITH
    ABFA_AP            3.271      0.378      8.647      0.000

 Means
    ABFA_AP           69.697      0.552    126.222      0.000
    AMVS_MC            3.347      0.022    152.413      0.000
    I_BFA_AP          60.202      3.515     17.126      0.000
    S_BFA_AP           0.077      0.030      2.615      0.009
    I_MVS_MC           3.207      0.141     22.755      0.000
    S_MVS_MC           0.004      0.001      2.945      0.003

 Intercepts
    BBFA_AP            0.000      0.000    999.000    999.000
    CBFA_AP            0.000      0.000    999.000    999.000
    DBFA_AP            0.000      0.000    999.000    999.000
    BMVS_MC            0.000      0.000    999.000    999.000
    CMVS_MC            0.000      0.000    999.000    999.000
    DMVS_MC            0.000      0.000    999.000    999.000

 Variances
    ABFA_AP          266.219     12.668     21.015      0.000
    AMVS_MC            0.420      0.020     20.714      0.000
    I_BFA_AP         153.981     17.912      8.596      0.000
    S_BFA_AP           0.016      0.051      0.319      0.750
    I_MVS_MC           0.280      0.030      9.260      0.000
    S_MVS_MC           0.000      0.000    999.000    999.000

 Residual Variances
    BBFA_AP           53.515      3.430     15.602      0.000
    CBFA_AP           53.515      3.430     15.602      0.000
    DBFA_AP           53.515      3.430     15.602      0.000
    BMVS_MC            0.085      0.005     17.571      0.000
    CMVS_MC            0.085      0.005     17.571      0.000
    DMVS_MC            0.085      0.005     17.571      0.000


QUALITY OF NUMERICAL RESULTS

     Condition Number for the Information Matrix              0.565E-05
       (ratio of smallest to largest eigenvalue)


     Beginning Time:  19:05:13
        Ending Time:  19:05:35
       Elapsed Time:  00:00:22



MUTHEN & MUTHEN
3463 Stoner Ave.
Los Angeles, CA  90066

Tel: (310) 391-9971
Fax: (310) 391-8971
Web: www.StatModel.com
Support: Support@StatModel.com

Copyright (c) 1998-2011 Muthen & Muthen
