Mplus VERSION 7 (Mac)
MUTHEN & MUTHEN
10/27/2017  10:08 AM

INPUT INSTRUCTIONS


  title: PxVx Bivariate LCM-SR-Uncons - Col Linear BFI_C with Linear VRT_COL;
  data: file = /Users/johnflournoy/code/lnt_pxvx/Data/LT_227.txt;



  variable:
  names =
  subjid
  Sample
  aGENDER
  aAGE
  aethnic1
  aethnic2
  aedu_mom
  aedu_dad
  aEDUCATN
  bEDUCATN
  cEDUCATN
  aEMPLOYD
  bEMPLOYD
  cEMPLOYD
  dEMPLOYD
  aINCOME
  bINCOME
  cINCOME
  dINCOME
  aS_SCALE
  bS_SCALE
  cS_SCALE
  dS_SCALE
  aD_SCALE
  bD_SCALE
  cD_SCALE
  dD_SCALE
  aS_COMP
  bS_COMP
  cS_COMP
  dS_COMP
  aD_COMP
  bD_COMP
  cD_COMP
  dD_COMP
  aBFI_A
  aBFI_A6
  aBFI_C
  aBFI_E
  aBFI_HP
  aBFI_N
  aBFI_O
  bBFI_A
  bBFI_A6
  bBFI_C
  bBFI_E
  bBFI_HP
  bBFI_N
  bBFI_O
  cBFI_A
  cBFI_A6
  cBFI_C
  cBFI_E
  cBFI_HP
  cBFI_N
  cBFI_O
  dBFI_A
  dBFI_A6
  dBFI_C
  dBFI_E
  dBFI_HP
  dBFI_N
  dBFI_O
  aBFA_AC
  aBFA_AP
  aBFA_CI
  aBFA_CO
  aBFA_EA
  aBFA_EE
  aBFA_N9
  aBFA_NV
  aBFA_NW
  aBFA_OI
  aBFA_OO
  aBFA_PS
  aBFA_MT
  bBFA_AC
  bBFA_AP
  bBFA_CI
  bBFA_CO
  bBFA_EA
  bBFA_EE
  bBFA_N9
  bBFA_NV
  bBFA_NW
  bBFA_OI
  bBFA_OO
  bBFA_MT
  bBFA_PS
  cBFA_AC
  cBFA_AP
  cBFA_CI
  cBFA_CO
  cBFA_EA
  cBFA_EE
  cBFA_N9
  cBFA_NV
  cBFA_NW
  cBFA_OI
  cBFA_OO
  cBFA_MT
  cBFA_PS
  dBFA_AC
  dBFA_AP
  dBFA_CI
  dBFA_CO
  dBFA_EA
  dBFA_EE
  dBFA_N9
  dBFA_NV
  dBFA_NW
  dBFA_OI
  dBFA_OO
  dBFA_MT
  dBFA_PS
  aUSI
  bUSI
  cUSI
  dUSI
  aHRZ_IND
  bHRZ_IND
  cHRZ_IND
  dHRZ_IND
  aVRT_IND
  bVRT_IND
  cVRT_IND
  dVRT_IND
  aHRZ_COL
  bHRZ_COL
  cHRZ_COL
  dHRZ_COL
  aVRT_COL
  bVRT_COL
  cVRT_COL
  dVRT_COL
  aCOLLCTV
  bCOLLCTV
  cCOLLCTV
  dCOLLCTV
  aMVS
  bMVS
  cMVS
  dMVS
  aST
  bST
  cST
  dST
  aSD
  bSD
  cSD
  dSD
  aMVS_mc
  bMVS_mc
  cMVS_mc
  dMVS_mc
  aST_mc
  bST_mc
  cST_mc
  dST_mc
  aSD_mc
  bSD_mc
  cSD_mc
  dSD_mc
  bMEANING
  cMEANING
  dMEANING
  bMEAN_L
  cMEAN_L
  dMEAN_L
  bMEANNGc
  cMEANNGc
  dMEANNGc
  bMEANGlc
  cMEANGlc
  dMEANGlc
  bCLASSIC
  cCLASSIC
  dCLASSIC
  bCLASSCc
  cCLASSCc
  dCLASSCc
  bAGR_VAL
  cAGR_VAL
  dAGR_VAL
  bOPN_VAL
  cOPN_VAL
  dOPN_VAL
  bAGR_VLc
  cAGR_VLc
  dAGR_VLc
  bOPNVALc
  cOPNVALc
  dOPNVALc
  aMV_pomp
  bMV_pomp
  cMV_pomp
  dMV_pomp
  aST_pomp
  bST_pomp
  cST_pomp
  dST_pomp
  aSD_pomp
  bSD_pomp
  cSD_pomp
  dSD_pomp
  agoal_ec
  bgoal_ec
  cgoal_ec
  dgoal_ec
  aAspfinc
  bAspfinc
  cAspfinc
  dAspfinc
  abfi_hp8
  bbfi_hp8
  cbfi_hp8
  dbfi_hp8
  aP_S_BFI
  aP_D_BFI
  aECgoalc
  bECgoalC
  cECgoalC
  dECgoalC
  aaspfin
  baspfin
  caspfin
  daspfin
  aMVI_POMP
  bMVI_POMP
  cMVI_POMP
  dMVI_POMP;

  USEVARIABLES =
  aBFI_C
  bBFI_C
  cBFI_C
  dBFI_C
  aVRT_COL
  bVRT_COL
  cVRT_COL
  dVRT_COL
  a1
  a2
  a3
  a4
  ;

  missing = all (-9999);

  USEOBSERVATIONS are Sample == 2; ! College Sample

  tscores = a1 a2 a3 a4;

  DEFINE:
  a1 = aAGE + 0 - 20.5;
  a2 = aAGE + 1 - 20.5;
  a3 = aAGE + 2 - 20.5;
  a4 = aAGE + 3 - 20.5;

  ANALYSIS:
  TYPE=RANDOM;
  PROCESSORS = 4;
  model=nocovariances; ! supresses default estimation of certain covs in model;

  MODEL:

  i_BFI_C s_BFI_C | aBFI_C bBFI_C cBFI_C dBFI_C AT a1 a2 a3 a4;
  i_VRT_COL s_VRT_COL | aVRT_COL bVRT_COL cVRT_COL dVRT_COL AT a1 a2 a3 a4;

  ! freeing factor covs because of "nocovariances"
  s_BFI_C WITH i_BFI_C s_VRT_COL i_VRT_COL;
  i_BFI_C WITH s_VRT_COL i_VRT_COL;
  s_VRT_COL WITH i_VRT_COL;

  p1 BY aBFI_C@1; ! Residual "factors";
  p2 BY bBFI_C@1;
  p3 BY cBFI_C@1;
  p4 BY dBFI_C@1;

  v1 BY aVRT_COL@1; ! Residual "factors";
  v2 BY bVRT_COL@1;
  v3 BY cVRT_COL@1;
  v4 BY dVRT_COL@1;

  !residual variances on observed/manifest vars set to 0
  aBFI_C@0;
  bBFI_C@0;
  cBFI_C@0;
  dBFI_C@0;

  !residual variances on observed/manifest vars set to 0
  aVRT_COL@0;
  bVRT_COL@0;
  cVRT_COL@0;
  dVRT_COL@0;

  ! means of observed/manifest vars set to 0
  [aBFI_C@0];
  [bBFI_C@0];
  [cBFI_C@0];
  [dBFI_C@0];

  ! means of observed/manifest vars set to 0
  [aVRT_COL@0];
  [bVRT_COL@0];
  [cVRT_COL@0];
  [dVRT_COL@0];

  [p1@0]; ! means of residual "factors" set to 0
  [p2@0];
  [p3@0];
  [p4@0];

  [v1@0]; ! means of residual "factors" set to 0
  [v2@0];
  [v3@0];
  [v4@0];

  p4 on p3;
  p3 on p2;
  p2 on p1;

  v4 on v3;
  v3 on v2;
  v2 on v1;

  p4 on v3;
  p3 on v2;
  p2 on v1;

  v4 on p3;
  v3 on p2;
  v2 on p1;

  p1 with v1;
  p2 with v2;
  p3 with v3;
  p4 with v4;

  p2 p3 p4; ! estimate variances of residual "factors"
  v2 v3 v4; ! estimate variances of residual "factors"

  OUTPUT: SAMPSTAT PATTERNS;



*** WARNING
  Variable name contains more than 8 characters.
  Only the first 8 characters will be printed in the output.
  Variable: AMVI_POMP
*** WARNING
  Variable name contains more than 8 characters.
  Only the first 8 characters will be printed in the output.
  Variable: BMVI_POMP
*** WARNING
  Variable name contains more than 8 characters.
  Only the first 8 characters will be printed in the output.
  Variable: CMVI_POMP
*** WARNING
  Variable name contains more than 8 characters.
  Only the first 8 characters will be printed in the output.
  Variable: DMVI_POMP
*** WARNING
  Variable name contains more than 8 characters.
  Only the first 8 characters will be printed in the output.
  Variable: I_VRT_COL
*** WARNING
  Variable name contains more than 8 characters.
  Only the first 8 characters will be printed in the output.
  Variable: S_VRT_COL
*** WARNING
  Data set contains cases with missing on all variables.
  These cases were not included in the analysis.
  Number of cases with missing on all variables:  1
*** WARNING
  Data set contains cases with missing on time scores but non-missing on the
  corresponding dependent variables.  These cases were not included in the analysis.
  Number of such cases:  3
   8 WARNING(S) FOUND IN THE INPUT INSTRUCTIONS



PxVx Bivariate LCM-SR-Uncons - Col Linear BFI_C with Linear VRT_COL;

SUMMARY OF ANALYSIS

Number of groups                                                 1
Number of observations                                         276

Number of dependent variables                                    8
Number of independent variables                                  0
Number of continuous latent variables                           12

Observed dependent variables

  Continuous
   ABFI_C      BBFI_C      CBFI_C      DBFI_C      AVRT_COL    BVRT_COL
   CVRT_COL    DVRT_COL

Continuous latent variables
   P1          P2          P3          P4          V1          V2
   V3          V4          I_BFI_C     S_BFI_C     I_VRT_CO    S_VRT_CO

Variables with special functions

  Time scores
   A1          A2          A3          A4


Estimator                                                      MLR
Information matrix                                        OBSERVED
Maximum number of iterations                                   100
Convergence criterion                                    0.100D-05
Maximum number of EM iterations                                500
Convergence criteria for the EM algorithm
  Loglikelihood change                                   0.100D-02
  Relative loglikelihood change                          0.100D-05
  Derivative                                             0.100D-03
Minimum variance                                         0.100D-03
Maximum number of steepest descent iterations                   20
Maximum number of iterations for H1                           2000
Convergence criterion for H1                             0.100D-03
Optimization algorithm                                         EMA

Input data file(s)
  /Users/johnflournoy/code/lnt_pxvx/Data/LT_227.txt
Input data format  FREE


SUMMARY OF DATA

     Number of missing data patterns            15


SUMMARY OF MISSING DATA PATTERNS


     MISSING DATA PATTERNS (x = not missing)

           1  2  3  4  5  6  7  8  9 10 11 12 13 14 15
 ABFI_C    x  x  x  x  x  x  x  x  x  x  x  x  x  x  x
 BBFI_C    x  x     x        x  x     x  x        x  x
 CBFI_C    x  x  x                 x  x     x        x
 DBFI_C    x     x        x  x  x  x  x  x           x
 AVRT_COL  x  x  x  x  x  x  x  x  x  x  x  x     x  x
 BVRT_COL  x  x     x           x     x  x
 CVRT_COL  x  x  x                 x  x     x        x
 DVRT_COL  x              x     x  x                 x


     MISSING DATA PATTERN FREQUENCIES

    Pattern   Frequency     Pattern   Frequency     Pattern   Frequency
          1         138           6          11          11           1
          2          10           7           1          12           4
          3           2           8          16          13           1
          4          26           9           9          14           2
          5          52          10           2          15           1


COVARIANCE COVERAGE OF DATA

Minimum covariance coverage value   0.100


     PROPORTION OF DATA PRESENT


           Covariance Coverage
              ABFI_C        BBFI_C        CBFI_C        DBFI_C        AVRT_COL
              ________      ________      ________      ________      ________
 ABFI_C         1.000
 BBFI_C         0.714         0.714
 CBFI_C         0.601         0.547         0.601
 DBFI_C         0.656         0.576         0.551         0.656
 AVRT_COL       0.996         0.714         0.601         0.656         0.996
 BVRT_COL       0.699         0.699         0.543         0.569         0.699
 CVRT_COL       0.601         0.547         0.601         0.551         0.601
 DVRT_COL       0.634         0.562         0.536         0.634         0.634


           Covariance Coverage
              BVRT_COL      CVRT_COL      DVRT_COL
              ________      ________      ________
 BVRT_COL       0.699
 CVRT_COL       0.543         0.601
 DVRT_COL       0.558         0.536         0.634


SAMPLE STATISTICS


     ESTIMATED SAMPLE STATISTICS


           Means
              ABFI_C        BBFI_C        CBFI_C        DBFI_C        AVRT_COL
              ________      ________      ________      ________      ________
 1             65.133        66.312        65.764        67.444        67.108


           Means
              BVRT_COL      CVRT_COL      DVRT_COL
              ________      ________      ________
 1             66.349        64.307        64.664


           Covariances
              ABFI_C        BBFI_C        CBFI_C        DBFI_C        AVRT_COL
              ________      ________      ________      ________      ________
 ABFI_C       252.398
 BBFI_C       189.808       253.359
 CBFI_C       181.361       206.059       267.006
 DBFI_C       180.458       198.949       215.650       260.658
 AVRT_COL      71.355        24.919        58.518        54.615       328.027
 BVRT_COL      53.854        44.846        44.918        57.211       202.624
 CVRT_COL      12.215        -3.391         0.448         1.330       183.188
 DVRT_COL      41.914        21.439        31.018        47.813       208.840


           Covariances
              BVRT_COL      CVRT_COL      DVRT_COL
              ________      ________      ________
 BVRT_COL     312.986
 CVRT_COL     179.949       300.186
 DVRT_COL     205.538       202.187       344.236


           Correlations
              ABFI_C        BBFI_C        CBFI_C        DBFI_C        AVRT_COL
              ________      ________      ________      ________      ________
 ABFI_C         1.000
 BBFI_C         0.751         1.000
 CBFI_C         0.699         0.792         1.000
 DBFI_C         0.704         0.774         0.817         1.000
 AVRT_COL       0.248         0.086         0.198         0.187         1.000
 BVRT_COL       0.192         0.159         0.155         0.200         0.632
 CVRT_COL       0.044        -0.012         0.002         0.005         0.584
 DVRT_COL       0.142         0.073         0.102         0.160         0.621


           Correlations
              BVRT_COL      CVRT_COL      DVRT_COL
              ________      ________      ________
 BVRT_COL       1.000
 CVRT_COL       0.587         1.000
 DVRT_COL       0.626         0.629         1.000


     MAXIMUM LOG-LIKELIHOOD VALUE FOR THE UNRESTRICTED (H1) MODEL IS -6467.962

     WARNING: THE MODEL ESTIMATION HAS REACHED A SADDLE POINT OR A POINT WHERE THE
     OBSERVED AND THE EXPECTED INFORMATION MATRICES DO NOT MATCH.
     AN ADJUSTMENT TO THE ESTIMATION OF THE INFORMATION MATRIX HAS BEEN MADE.
     THE CONDITION NUMBER IS      -0.426D-05.
     THE PROBLEM MAY ALSO BE RESOLVED BY DECREASING THE VALUE OF THE
     MCONVERGENCE OR LOGCRITERION OPTIONS OR BY CHANGING THE STARTING VALUES
     OR BY USING THE MLF ESTIMATOR.


THE MODEL ESTIMATION TERMINATED NORMALLY



MODEL FIT INFORMATION

Number of Free Parameters                       38

Loglikelihood

          H0 Value                       -6475.024
          H0 Scaling Correction Factor      1.3260
            for MLR

Information Criteria

          Akaike (AIC)                   13026.048
          Bayesian (BIC)                 13163.623
          Sample-Size Adjusted BIC       13043.131
            (n* = (n + 2) / 24)



MODEL RESULTS

                                                    Two-Tailed
                    Estimate       S.E.  Est./S.E.    P-Value

 P1       BY
    ABFI_C             1.000      0.000    999.000    999.000

 P2       BY
    BBFI_C             1.000      0.000    999.000    999.000

 P3       BY
    CBFI_C             1.000      0.000    999.000    999.000

 P4       BY
    DBFI_C             1.000      0.000    999.000    999.000

 V1       BY
    AVRT_COL           1.000      0.000    999.000    999.000

 V2       BY
    BVRT_COL           1.000      0.000    999.000    999.000

 V3       BY
    CVRT_COL           1.000      0.000    999.000    999.000

 V4       BY
    DVRT_COL           1.000      0.000    999.000    999.000

 P4         ON
    P3                -0.120      0.379     -0.317      0.751
    V3                -0.089      0.872     -0.102      0.919

 P3         ON
    P2                 0.240      0.286      0.839      0.401
    V2                -0.120      0.088     -1.365      0.172

 P2         ON
    P1                -1.494      4.091     -0.365      0.715
    V1                -0.096      4.398     -0.022      0.983

 V4         ON
    V3                 0.066      0.321      0.207      0.836
    P3                -0.148      0.903     -0.164      0.870

 V3         ON
    V2                -0.044      0.433     -0.101      0.919
    P2                -0.115      0.661     -0.174      0.862

 V2         ON
    V1                -0.072      0.906     -0.080      0.936
    P1                 0.094     11.664      0.008      0.994

 S_BFI_C  WITH
    I_BFI_C          -22.661      6.786     -3.339      0.001
    S_VRT_COL          1.066     17.236      0.062      0.951
    I_VRT_COL         -2.029     74.163     -0.027      0.978

 I_BFI_C  WITH
    S_VRT_COL        -12.521     74.532     -0.168      0.867
    I_VRT_COL         56.083    235.604      0.238      0.812

 S_VRT_CO WITH
    I_VRT_COL         -6.965     30.448     -0.229      0.819

 P1       WITH
    V1                10.010    211.770      0.047      0.962

 P2       WITH
    V2                 0.204    370.411      0.001      1.000

 P3       WITH
    V3               -13.351     91.540     -0.146      0.884

 P4       WITH
    V4                12.350     57.156      0.216      0.829

 Means
    P1                 0.000      0.000    999.000    999.000
    V1                 0.000      0.000    999.000    999.000
    I_BFI_C           65.212      1.070     60.937      0.000
    S_BFI_C            0.636      0.285      2.231      0.026
    I_VRT_COL         67.218      1.064     63.185      0.000
    S_VRT_COL         -1.046      0.367     -2.853      0.004

 Intercepts
    ABFI_C             0.000      0.000    999.000    999.000
    BBFI_C             0.000      0.000    999.000    999.000
    CBFI_C             0.000      0.000    999.000    999.000
    DBFI_C             0.000      0.000    999.000    999.000
    AVRT_COL           0.000      0.000    999.000    999.000
    BVRT_COL           0.000      0.000    999.000    999.000
    CVRT_COL           0.000      0.000    999.000    999.000
    DVRT_COL           0.000      0.000    999.000    999.000
    P2                 0.000      0.000    999.000    999.000
    P3                 0.000      0.000    999.000    999.000
    P4                 0.000      0.000    999.000    999.000
    V2                 0.000      0.000    999.000    999.000
    V3                 0.000      0.000    999.000    999.000
    V4                 0.000      0.000    999.000    999.000

 Variances
    P1                15.487     18.910      0.819      0.413
    V1               114.106     84.778      1.346      0.178
    I_BFI_C          239.870     20.466     11.720      0.000
    S_BFI_C           15.090      6.164      2.448      0.014
    I_VRT_COL        210.649     69.408      3.035      0.002
    S_VRT_COL          2.591      9.646      0.269      0.788

 Residual Variances
    ABFI_C             0.000      0.000    999.000    999.000
    BBFI_C             0.000      0.000    999.000    999.000
    CBFI_C             0.000      0.000    999.000    999.000
    DBFI_C             0.000      0.000    999.000    999.000
    AVRT_COL           0.000      0.000    999.000    999.000
    BVRT_COL           0.000      0.000    999.000    999.000
    CVRT_COL           0.000      0.000    999.000    999.000
    DVRT_COL           0.000      0.000    999.000    999.000
    P2                10.305      5.582      1.846      0.065
    P3                62.176     15.588      3.989      0.000
    P4                 2.889     46.378      0.062      0.950
    V2               105.687     48.326      2.187      0.029
    V3               129.361     75.888      1.705      0.088
    V4               134.129     30.003      4.470      0.000


QUALITY OF NUMERICAL RESULTS

     Condition Number for the Information Matrix             -0.426E-05
       (ratio of smallest to largest eigenvalue)


     Beginning Time:  10:08:14
        Ending Time:  10:08:26
       Elapsed Time:  00:00:12



MUTHEN & MUTHEN
3463 Stoner Ave.
Los Angeles, CA  90066

Tel: (310) 391-9971
Fax: (310) 391-8971
Web: www.StatModel.com
Support: Support@StatModel.com

Copyright (c) 1998-2012 Muthen & Muthen
