Mplus VERSION 6.12
MUTHEN & MUTHEN
03/21/2016  12:43 PM

INPUT INSTRUCTIONS


  title: PxVx Univariate - Nat MeanOnly BFA_NW with Lin HRZ_COL;
  data: file = E:\Projects\lnt_pxvx\Data\LT_227.txt;


  variable:
  names =
  subjid
  Sample
  aGENDER
  aAGE
  aethnic1
  aethnic2
  aedu_mom
  aedu_dad
  aEDUCATN
  bEDUCATN
  cEDUCATN
  aEMPLOYD
  bEMPLOYD
  cEMPLOYD
  dEMPLOYD
  aINCOME
  bINCOME
  cINCOME
  dINCOME
  aS_SCALE
  bS_SCALE
  cS_SCALE
  dS_SCALE
  aD_SCALE
  bD_SCALE
  cD_SCALE
  dD_SCALE
  aS_COMP
  bS_COMP
  cS_COMP
  dS_COMP
  aD_COMP
  bD_COMP
  cD_COMP
  dD_COMP
  aBFI_A
  aBFI_A6
  aBFI_C
  aBFI_E
  aBFI_HP
  aBFI_N
  aBFI_O
  bBFI_A
  bBFI_A6
  bBFI_C
  bBFI_E
  bBFI_HP
  bBFI_N
  bBFI_O
  cBFI_A
  cBFI_A6
  cBFI_C
  cBFI_E
  cBFI_HP
  cBFI_N
  cBFI_O
  dBFI_A
  dBFI_A6
  dBFI_C
  dBFI_E
  dBFI_HP
  dBFI_N
  dBFI_O
  aBFA_AC
  aBFA_AP
  aBFA_CI
  aBFA_CO
  aBFA_EA
  aBFA_EE
  aBFA_N9
  aBFA_NV
  aBFA_NW
  aBFA_OI
  aBFA_OO
  aBFA_PS
  aBFA_MT
  bBFA_AC
  bBFA_AP
  bBFA_CI
  bBFA_CO
  bBFA_EA
  bBFA_EE
  bBFA_N9
  bBFA_NV
  bBFA_NW
  bBFA_OI
  bBFA_OO
  bBFA_MT
  bBFA_PS
  cBFA_AC
  cBFA_AP
  cBFA_CI
  cBFA_CO
  cBFA_EA
  cBFA_EE
  cBFA_N9
  cBFA_NV
  cBFA_NW
  cBFA_OI
  cBFA_OO
  cBFA_MT
  cBFA_PS
  dBFA_AC
  dBFA_AP
  dBFA_CI
  dBFA_CO
  dBFA_EA
  dBFA_EE
  dBFA_N9
  dBFA_NV
  dBFA_NW
  dBFA_OI
  dBFA_OO
  dBFA_MT
  dBFA_PS
  aUSI
  bUSI
  cUSI
  dUSI
  aHRZ_IND
  bHRZ_IND
  cHRZ_IND
  dHRZ_IND
  aVRT_IND
  bVRT_IND
  cVRT_IND
  dVRT_IND
  aHRZ_COL
  bHRZ_COL
  cHRZ_COL
  dHRZ_COL
  aVRT_COL
  bVRT_COL
  cVRT_COL
  dVRT_COL
  aCOLLCTV
  bCOLLCTV
  cCOLLCTV
  dCOLLCTV
  aMVS
  bMVS
  cMVS
  dMVS
  aST
  bST
  cST
  dST
  aSD
  bSD
  cSD
  dSD
  aMVS_mc
  bMVS_mc
  cMVS_mc
  dMVS_mc
  aST_mc
  bST_mc
  cST_mc
  dST_mc
  aSD_mc
  bSD_mc
  cSD_mc
  dSD_mc
  bMEANING
  cMEANING
  dMEANING
  bMEAN_L
  cMEAN_L
  dMEAN_L
  bMEANNGc
  cMEANNGc
  dMEANNGc
  bMEANGlc
  cMEANGlc
  dMEANGlc
  bCLASSIC
  cCLASSIC
  dCLASSIC
  bCLASSCc
  cCLASSCc
  dCLASSCc
  bAGR_VAL
  cAGR_VAL
  dAGR_VAL
  bOPN_VAL
  cOPN_VAL
  dOPN_VAL
  bAGR_VLc
  cAGR_VLc
  dAGR_VLc
  bOPNVALc
  cOPNVALc
  dOPNVALc
  aMV_pomp
  bMV_pomp
  cMV_pomp
  dMV_pomp
  aST_pomp
  bST_pomp
  cST_pomp
  dST_pomp
  aSD_pomp
  bSD_pomp
  cSD_pomp
  dSD_pomp
  agoal_ec
  bgoal_ec
  cgoal_ec
  dgoal_ec
  aAspfinc
  bAspfinc
  cAspfinc
  dAspfinc
  abfi_hp8
  bbfi_hp8
  cbfi_hp8
  dbfi_hp8
  aP_S_BFI
  aP_D_BFI
  aECgoalc
  bECgoalC
  cECgoalC
  dECgoalC
  aaspfin
  baspfin
  caspfin
  daspfin
  aMVI_POMP
  bMVI_POMP
  cMVI_POMP
  dMVI_POMP;


  USEVARIABLES =
  aBFA_NW
  bBFA_NW
  cBFA_NW
  dBFA_NW
  aHRZ_COL
  bHRZ_COL
  cHRZ_COL
  dHRZ_COL
  bage_c
  cage_c
  dage_c
  ;

  missing = all (-9999);

  USEOBSERVATIONS are Sample == 1; ! National Sample

  tscores = bage_c cage_c dage_c;

  DEFINE:
  bage_c = aAGE + 1 - 36;
  cage_c = aAGE + 2 - 36;
  dage_c = aAGE + 3 - 36;

  ANALYSIS:
  TYPE=RANDOM;
  PROCESSORS = 8;

  MODEL:

  i_BFA_NW s_BFA_NW | bBFA_NW cBFA_NW dBFA_NW AT bage_c cage_c dage_c;
  i_HRZ_COL s_HRZ_COL | bHRZ_COL cHRZ_COL dHRZ_COL AT bage_c cage_c dage_c;


  !After Bollen and Curran initial observation is not part of LGM

  dBFA_NW on cBFA_NW (a); ! Autoregressive paths constrained to equality
  cBFA_NW on bBFA_NW (a);
  bBFA_NW on aBFA_NW (a);

  dHRZ_COL on cHRZ_COL (b); ! Autoregressive paths constrained to equality
  cHRZ_COL on bHRZ_COL (b);
  bHRZ_COL on aHRZ_COL (b);

  bBFA_NW cBFA_NW dBFA_NW (c); !Equality constraint on residuals
  bHRZ_COL cHRZ_COL dHRZ_COL (d); !Equality constraint on residuals

  dHRZ_COL on cBFA_NW (x); ! Cross-lagged paths constrained to equality
  cHRZ_COL on bBFA_NW (x);
  bHRZ_COL on aBFA_NW (x);

  dBFA_NW on cHRZ_COL (y); ! Cross-lagged paths constrained to equality
  cBFA_NW on bHRZ_COL (y);
  bBFA_NW on aHRZ_COL (y);

  dHRZ_COL with dBFA_NW (w); ! within-wave correlations constrained to equality
  cHRZ_COL with cBFA_NW (w);
  bHRZ_COL with bBFA_NW (w);

  aBFA_NW aHRZ_COL i_BFA_NW i_HRZ_COL
  s_HRZ_COL
  with
  s_HRZ_COL
  aBFA_NW aHRZ_COL i_BFA_NW i_HRZ_COL;

  s_BFA_NW@0;


  OUTPUT: SAMPSTAT PATTERNS;



*** WARNING
  Variable name contains more than 8 characters.
  Only the first 8 characters will be printed in the output.
  Variable: AMVI_POMP
*** WARNING
  Variable name contains more than 8 characters.
  Only the first 8 characters will be printed in the output.
  Variable: BMVI_POMP
*** WARNING
  Variable name contains more than 8 characters.
  Only the first 8 characters will be printed in the output.
  Variable: CMVI_POMP
*** WARNING
  Variable name contains more than 8 characters.
  Only the first 8 characters will be printed in the output.
  Variable: DMVI_POMP
*** WARNING
  Variable name contains more than 8 characters.
  Only the first 8 characters will be printed in the output.
  Variable: I_HRZ_COL
*** WARNING
  Variable name contains more than 8 characters.
  Only the first 8 characters will be printed in the output.
  Variable: S_HRZ_COL
*** WARNING in MODEL command
  All continuous latent variable covariances involving S_BFA_NW have been fixed to 0
  because the variance of S_BFA_NW is fixed at 0.
*** WARNING
  Data set contains cases with missing on time scores but non-missing on the
  corresponding dependent variables.  These cases were not included in the analysis.
  Number of such cases:  16
   8 WARNING(S) FOUND IN THE INPUT INSTRUCTIONS



PxVx Univariate - Nat MeanOnly BFA_NW with Lin HRZ_COL;

SUMMARY OF ANALYSIS

Number of groups                                                 1
Number of observations                                         863

Number of dependent variables                                    6
Number of independent variables                                  2
Number of continuous latent variables                            4

Observed dependent variables

  Continuous
   BBFA_NW     CBFA_NW     DBFA_NW     BHRZ_COL    CHRZ_COL    DHRZ_COL

Observed independent variables
   ABFA_NW     AHRZ_COL

Continuous latent variables
   I_BFA_NW    S_BFA_NW    I_HRZ_CO    S_HRZ_CO

Variables with special functions

  Time scores
   BAGE_C      CAGE_C      DAGE_C


Estimator                                                      MLR
Information matrix                                        OBSERVED
Maximum number of iterations                                   100
Convergence criterion                                    0.100D-05
Maximum number of EM iterations                                500
Convergence criteria for the EM algorithm
  Loglikelihood change                                   0.100D-02
  Relative loglikelihood change                          0.100D-05
  Derivative                                             0.100D-03
Minimum variance                                         0.100D-03
Maximum number of steepest descent iterations                   20
Maximum number of iterations for H1                           2000
Convergence criterion for H1                             0.100D-03
Optimization algorithm                                         EMA

Input data file(s)
  E:\Projects\lnt_pxvx\Data\LT_227.txt
Input data format  FREE


SUMMARY OF DATA

     Number of missing data patterns            21


SUMMARY OF MISSING DATA PATTERNS


     MISSING DATA PATTERNS (x = not missing)

           1  2  3  4  5  6  7  8  9 10 11 12 13 14 15 16 17 18 19 20
 BBFA_NW   x     x  x     x     x     x  x  x     x  x     x     x
 CBFA_NW   x           x  x     x  x     x  x  x  x  x        x  x
 DBFA_NW   x     x     x  x  x              x  x  x  x     x        x
 BHRZ_COL  x     x  x     x     x        x     x  x  x           x
 CHRZ_COL  x           x        x  x        x  x  x  x           x
 DHRZ_COL  x     x     x  x  x              x  x  x  x     x     x
 ABFA_NW   x  x  x  x  x  x  x  x  x  x  x  x  x        x  x  x  x  x
 AHRZ_COL  x  x  x  x  x  x  x  x  x  x  x  x  x  x        x  x  x  x

          21
 BBFA_NW
 CBFA_NW   x
 DBFA_NW   x
 BHRZ_COL
 CHRZ_COL  x
 DHRZ_COL  x
 ABFA_NW
 AHRZ_COL


     MISSING DATA PATTERN FREQUENCIES

    Pattern   Frequency     Pattern   Frequency     Pattern   Frequency
          1         486           8          45          15           3
          2         169           9          22          16           1
          3          26          10           4          17           1
          4          48          11           1          18           1
          5          21          12           3          19           1
          6           2          13           1          20           1
          7          24          14           2          21           1


COVARIANCE COVERAGE OF DATA

Minimum covariance coverage value   0.100


     PROPORTION OF DATA PRESENT


           Covariance Coverage
              BBFA_NW       CBFA_NW       DBFA_NW       BHRZ_COL      CHRZ_COL
              ________      ________      ________      ________      ________
 BBFA_NW        0.721
 CBFA_NW        0.629         0.683
 DBFA_NW        0.606         0.601         0.662
 BHRZ_COL       0.711         0.627         0.603         0.713
 CHRZ_COL       0.626         0.678         0.599         0.623         0.678
 DHRZ_COL       0.607         0.603         0.660         0.604         0.600
 ABFA_NW        0.715         0.676         0.655         0.707         0.671
 AHRZ_COL       0.717         0.678         0.657         0.709         0.673


           Covariance Coverage
              DHRZ_COL      ABFA_NW       AHRZ_COL
              ________      ________      ________
 DHRZ_COL       0.662
 ABFA_NW        0.655         0.993
 AHRZ_COL       0.657         0.992         0.994


SAMPLE STATISTICS


     ESTIMATED SAMPLE STATISTICS


           Means
              BBFA_NW       CBFA_NW       DBFA_NW       BHRZ_COL      CHRZ_COL
              ________      ________      ________      ________      ________
 1             46.058        46.244        45.881        71.519        72.335


           Means
              DHRZ_COL      ABFA_NW       AHRZ_COL
              ________      ________      ________
 1             71.764        45.961        72.185


           Covariances
              BBFA_NW       CBFA_NW       DBFA_NW       BHRZ_COL      CHRZ_COL
              ________      ________      ________      ________      ________
 BBFA_NW      411.716
 CBFA_NW      349.712       431.907
 DBFA_NW      356.687       378.478       445.921
 BHRZ_COL     -88.663       -85.710       -83.525       287.078
 CHRZ_COL     -94.757       -96.434       -91.683       212.513       296.042
 DHRZ_COL     -88.615       -85.826       -89.485       205.699       214.638
 ABFA_NW      346.301       334.941       346.597       -83.380       -87.841
 AHRZ_COL     -89.956       -80.366       -81.769       206.744       196.982


           Covariances
              DHRZ_COL      ABFA_NW       AHRZ_COL
              ________      ________      ________
 DHRZ_COL     291.424
 ABFA_NW      -79.792       431.806
 AHRZ_COL     198.544       -90.666       291.446


           Correlations
              BBFA_NW       CBFA_NW       DBFA_NW       BHRZ_COL      CHRZ_COL
              ________      ________      ________      ________      ________
 BBFA_NW        1.000
 CBFA_NW        0.829         1.000
 DBFA_NW        0.832         0.862         1.000
 BHRZ_COL      -0.258        -0.243        -0.233         1.000
 CHRZ_COL      -0.271        -0.270        -0.252         0.729         1.000
 DHRZ_COL      -0.256        -0.242        -0.248         0.711         0.731
 ABFA_NW        0.821         0.776         0.790        -0.237        -0.246
 AHRZ_COL      -0.260        -0.227        -0.227         0.715         0.671


           Correlations
              DHRZ_COL      ABFA_NW       AHRZ_COL
              ________      ________      ________
 DHRZ_COL       1.000
 ABFA_NW       -0.225         1.000
 AHRZ_COL       0.681        -0.256         1.000


     MAXIMUM LOG-LIKELIHOOD VALUE FOR THE UNRESTRICTED (H1) MODEL IS -21003.169


THE MODEL ESTIMATION TERMINATED NORMALLY



MODEL FIT INFORMATION

Number of Free Parameters                       28

Loglikelihood

          H0 Value                      -21001.454
          H0 Scaling Correction Factor       1.276
            for MLR

Information Criteria

          Akaike (AIC)                   42058.908
          Bayesian (BIC)                 42192.199
          Sample-Size Adjusted BIC       42103.278
            (n* = (n + 2) / 24)



MODEL RESULTS

                                                    Two-Tailed
                    Estimate       S.E.  Est./S.E.    P-Value

 DBFA_NW    ON
    CBFA_NW            0.155      0.046      3.414      0.001
    CHRZ_COL          -0.032      0.037     -0.872      0.383

 CBFA_NW    ON
    BBFA_NW            0.155      0.046      3.414      0.001
    BHRZ_COL          -0.032      0.037     -0.872      0.383

 BBFA_NW    ON
    ABFA_NW            0.155      0.046      3.414      0.001
    AHRZ_COL          -0.032      0.037     -0.872      0.383

 DHRZ_COL   ON
    CHRZ_COL           0.103      0.049      2.114      0.035
    CBFA_NW           -0.023      0.037     -0.618      0.537

 CHRZ_COL   ON
    BHRZ_COL           0.103      0.049      2.114      0.035
    BBFA_NW           -0.023      0.037     -0.618      0.537

 BHRZ_COL   ON
    AHRZ_COL           0.103      0.049      2.114      0.035
    ABFA_NW           -0.023      0.037     -0.618      0.537

 I_HRZ_CO WITH
    I_BFA_NW         -50.501     20.908     -2.415      0.016

 S_HRZ_CO WITH
    I_BFA_NW           0.652      0.565      1.154      0.248
    I_HRZ_COL         -1.038      0.538     -1.931      0.053

 ABFA_NW  WITH
    I_BFA_NW         278.901     23.293     11.973      0.000
    I_HRZ_COL        -64.497     20.062     -3.215      0.001
    S_HRZ_COL          0.738      0.783      0.943      0.346

 AHRZ_COL WITH
    I_BFA_NW         -60.822     14.894     -4.084      0.000
    I_HRZ_COL        172.883     17.419      9.925      0.000
    S_HRZ_COL         -0.166      0.717     -0.232      0.817

 DHRZ_COL WITH
    DBFA_NW           -4.477      3.259     -1.373      0.170

 CHRZ_COL WITH
    CBFA_NW           -4.477      3.259     -1.373      0.170

 BHRZ_COL WITH
    BBFA_NW           -4.477      3.259     -1.373      0.170

 AHRZ_COL WITH
    ABFA_NW          -90.643     13.118     -6.910      0.000

 Means
    ABFA_NW           45.965      0.708     64.916      0.000
    AHRZ_COL          72.186      0.581    124.237      0.000
    I_BFA_NW          41.315      3.198     12.920      0.000
    S_BFA_NW          -0.071      0.037     -1.903      0.057
    I_HRZ_COL         65.501      3.429     19.100      0.000
    S_HRZ_COL          0.060      0.036      1.689      0.091

 Intercepts
    BBFA_NW            0.000      0.000    999.000    999.000
    CBFA_NW            0.000      0.000    999.000    999.000
    DBFA_NW            0.000      0.000    999.000    999.000
    BHRZ_COL           0.000      0.000    999.000    999.000
    CHRZ_COL           0.000      0.000    999.000    999.000
    DHRZ_COL           0.000      0.000    999.000    999.000

 Variances
    ABFA_NW          431.610     18.711     23.068      0.000
    AHRZ_COL         291.460     16.052     18.157      0.000
    I_BFA_NW         245.075     32.661      7.504      0.000
    S_BFA_NW           0.000      0.000    999.000    999.000
    I_HRZ_COL        156.847     24.724      6.344      0.000
    S_HRZ_COL          0.042      0.074      0.569      0.569

 Residual Variances
    BBFA_NW           74.530      4.970     14.997      0.000
    CBFA_NW           74.530      4.970     14.997      0.000
    DBFA_NW           74.530      4.970     14.997      0.000
    BHRZ_COL          86.191      4.999     17.243      0.000
    CHRZ_COL          86.191      4.999     17.243      0.000
    DHRZ_COL          86.191      4.999     17.243      0.000


QUALITY OF NUMERICAL RESULTS

     Condition Number for the Information Matrix              0.646E-05
       (ratio of smallest to largest eigenvalue)


     Beginning Time:  12:43:05
        Ending Time:  12:43:10
       Elapsed Time:  00:00:05



MUTHEN & MUTHEN
3463 Stoner Ave.
Los Angeles, CA  90066

Tel: (310) 391-9971
Fax: (310) 391-8971
Web: www.StatModel.com
Support: Support@StatModel.com

Copyright (c) 1998-2011 Muthen & Muthen
