Mplus VERSION 6.12
MUTHEN & MUTHEN
03/09/2016   6:42 PM

INPUT INSTRUCTIONS


  title: PxVx Univariate - Col MeanOnly BFI_N with MeanOnly aspfin;
  data: file = E:\Projects\lnt_pxvx\Data\LT_227.txt;



  variable:
  names =
  subjid
  Sample
  aGENDER
  aAGE
  aethnic1
  aethnic2
  aedu_mom
  aedu_dad
  aEDUCATN
  bEDUCATN
  cEDUCATN
  aEMPLOYD
  bEMPLOYD
  cEMPLOYD
  dEMPLOYD
  aINCOME
  bINCOME
  cINCOME
  dINCOME
  aS_SCALE
  bS_SCALE
  cS_SCALE
  dS_SCALE
  aD_SCALE
  bD_SCALE
  cD_SCALE
  dD_SCALE
  aS_COMP
  bS_COMP
  cS_COMP
  dS_COMP
  aD_COMP
  bD_COMP
  cD_COMP
  dD_COMP
  aBFI_A
  aBFI_A6
  aBFI_C
  aBFI_E
  aBFI_HP
  aBFI_N
  aBFI_O
  bBFI_A
  bBFI_A6
  bBFI_C
  bBFI_E
  bBFI_HP
  bBFI_N
  bBFI_O
  cBFI_A
  cBFI_A6
  cBFI_C
  cBFI_E
  cBFI_HP
  cBFI_N
  cBFI_O
  dBFI_A
  dBFI_A6
  dBFI_C
  dBFI_E
  dBFI_HP
  dBFI_N
  dBFI_O
  aBFA_AC
  aBFA_AP
  aBFA_CI
  aBFA_CO
  aBFA_EA
  aBFA_EE
  aBFA_N9
  aBFA_NV
  aBFA_NW
  aBFA_OI
  aBFA_OO
  aBFA_PS
  aBFA_MT
  bBFA_AC
  bBFA_AP
  bBFA_CI
  bBFA_CO
  bBFA_EA
  bBFA_EE
  bBFA_N9
  bBFA_NV
  bBFA_NW
  bBFA_OI
  bBFA_OO
  bBFA_MT
  bBFA_PS
  cBFA_AC
  cBFA_AP
  cBFA_CI
  cBFA_CO
  cBFA_EA
  cBFA_EE
  cBFA_N9
  cBFA_NV
  cBFA_NW
  cBFA_OI
  cBFA_OO
  cBFA_MT
  cBFA_PS
  dBFA_AC
  dBFA_AP
  dBFA_CI
  dBFA_CO
  dBFA_EA
  dBFA_EE
  dBFA_N9
  dBFA_NV
  dBFA_NW
  dBFA_OI
  dBFA_OO
  dBFA_MT
  dBFA_PS
  aUSI
  bUSI
  cUSI
  dUSI
  aHRZ_IND
  bHRZ_IND
  cHRZ_IND
  dHRZ_IND
  aVRT_IND
  bVRT_IND
  cVRT_IND
  dVRT_IND
  aHRZ_COL
  bHRZ_COL
  cHRZ_COL
  dHRZ_COL
  aVRT_COL
  bVRT_COL
  cVRT_COL
  dVRT_COL
  aCOLLCTV
  bCOLLCTV
  cCOLLCTV
  dCOLLCTV
  aMVS
  bMVS
  cMVS
  dMVS
  aST
  bST
  cST
  dST
  aSD
  bSD
  cSD
  dSD
  aMVS_mc
  bMVS_mc
  cMVS_mc
  dMVS_mc
  aST_mc
  bST_mc
  cST_mc
  dST_mc
  aSD_mc
  bSD_mc
  cSD_mc
  dSD_mc
  bMEANING
  cMEANING
  dMEANING
  bMEAN_L
  cMEAN_L
  dMEAN_L
  bMEANNGc
  cMEANNGc
  dMEANNGc
  bMEANGlc
  cMEANGlc
  dMEANGlc
  bCLASSIC
  cCLASSIC
  dCLASSIC
  bCLASSCc
  cCLASSCc
  dCLASSCc
  bAGR_VAL
  cAGR_VAL
  dAGR_VAL
  bOPN_VAL
  cOPN_VAL
  dOPN_VAL
  bAGR_VLc
  cAGR_VLc
  dAGR_VLc
  bOPNVALc
  cOPNVALc
  dOPNVALc
  aMV_pomp
  bMV_pomp
  cMV_pomp
  dMV_pomp
  aST_pomp
  bST_pomp
  cST_pomp
  dST_pomp
  aSD_pomp
  bSD_pomp
  cSD_pomp
  dSD_pomp
  agoal_ec
  bgoal_ec
  cgoal_ec
  dgoal_ec
  aAspfinc
  bAspfinc
  cAspfinc
  dAspfinc
  abfi_hp8
  bbfi_hp8
  cbfi_hp8
  dbfi_hp8
  aP_S_BFI
  aP_D_BFI
  aECgoalc
  bECgoalC
  cECgoalC
  dECgoalC
  aaspfin
  baspfin
  caspfin
  daspfin;

  USEVARIABLES =
  aBFI_N
  bBFI_N
  cBFI_N
  dBFI_N
  aaspfin
  baspfin
  caspfin
  daspfin
  bage_c
  cage_c
  dage_c
  ;

  missing = all (-9999);

  USEOBSERVATIONS are Sample == 2; ! College Sample

  tscores = bage_c cage_c dage_c;

  DEFINE:
  bage_c = aAGE + 1 - 20.5;
  cage_c = aAGE + 2 - 20.5;
  dage_c = aAGE + 3 - 20.5;

  ANALYSIS:
  TYPE=RANDOM;
  PROCESSORS = 8;

  MODEL:

  i_BFI_N s_BFI_N | bBFI_N cBFI_N dBFI_N AT bage_c cage_c dage_c;
  i_aspfin s_aspfin | baspfin caspfin daspfin AT bage_c cage_c dage_c;


  !After Bollen and Curran initial observation is not part of LGM

  dBFI_N on cBFI_N (a); ! Autoregressive paths constrained to equality
  cBFI_N on bBFI_N (a);
  bBFI_N on aBFI_N (a);

  daspfin on caspfin (b); ! Autoregressive paths constrained to equality
  caspfin on baspfin (b);
  baspfin on aaspfin (b);

  bBFI_N cBFI_N dBFI_N (c); !Equality constraint on residuals
  baspfin caspfin daspfin (d); !Equality constraint on residuals

  daspfin on cBFI_N (x); ! Cross-lagged paths constrained to equality
  caspfin on bBFI_N (x);
  baspfin on aBFI_N (x);

  dBFI_N on caspfin (y); ! Cross-lagged paths constrained to equality
  cBFI_N on baspfin (y);
  bBFI_N on aaspfin (y);

  daspfin with dBFI_N (w); ! within-wave correlations constrained to equality
  caspfin with cBFI_N (w);
  baspfin with bBFI_N (w);

  aBFI_N aaspfin i_BFI_N i_aspfin
  with
  aBFI_N aaspfin i_BFI_N i_aspfin;

  s_BFI_N@0;

  s_aspfin@0;

  OUTPUT: SAMPSTAT PATTERNS;



*** WARNING in MODEL command
  All continuous latent variable covariances involving S_BFI_N have been fixed to 0
  because the variance of S_BFI_N is fixed at 0.
*** WARNING in MODEL command
  All continuous latent variable covariances involving S_ASPFIN have been fixed to 0
  because the variance of S_ASPFIN is fixed at 0.
*** WARNING
  Data set contains cases with missing on all variables.
  These cases were not included in the analysis.
  Number of cases with missing on all variables:  1
   3 WARNING(S) FOUND IN THE INPUT INSTRUCTIONS



PxVx Univariate - Col MeanOnly BFI_N with MeanOnly aspfin;

SUMMARY OF ANALYSIS

Number of groups                                                 1
Number of observations                                         279

Number of dependent variables                                    6
Number of independent variables                                  2
Number of continuous latent variables                            4

Observed dependent variables

  Continuous
   BBFI_N      CBFI_N      DBFI_N      BASPFIN     CASPFIN     DASPFIN

Observed independent variables
   ABFI_N      AASPFIN

Continuous latent variables
   I_BFI_N     S_BFI_N     I_ASPFIN    S_ASPFIN

Variables with special functions

  Time scores
   BAGE_C      CAGE_C      DAGE_C


Estimator                                                      MLR
Information matrix                                        OBSERVED
Maximum number of iterations                                   100
Convergence criterion                                    0.100D-05
Maximum number of EM iterations                                500
Convergence criteria for the EM algorithm
  Loglikelihood change                                   0.100D-02
  Relative loglikelihood change                          0.100D-05
  Derivative                                             0.100D-03
Minimum variance                                         0.100D-03
Maximum number of steepest descent iterations                   20
Maximum number of iterations for H1                           2000
Convergence criterion for H1                             0.100D-03
Optimization algorithm                                         EMA

Input data file(s)
  E:\Projects\lnt_pxvx\Data\LT_227.txt
Input data format  FREE


SUMMARY OF DATA

     Number of missing data patterns            15


SUMMARY OF MISSING DATA PATTERNS


     MISSING DATA PATTERNS (x = not missing)

           1  2  3  4  5  6  7  8  9 10 11 12 13 14 15
 BBFI_N    x  x     x        x  x     x  x        x  x
 CBFI_N    x  x  x                 x  x     x        x
 DBFI_N    x     x        x  x  x  x  x  x           x
 BASPFIN   x  x     x           x     x  x
 CASPFIN   x  x  x                 x  x     x        x
 DASPFIN   x              x     x  x                 x
 ABFI_N    x  x  x  x  x  x  x  x  x  x  x  x  x  x  x
 AASPFIN   x  x  x  x  x  x  x  x  x  x  x  x     x  x


     MISSING DATA PATTERN FREQUENCIES

    Pattern   Frequency     Pattern   Frequency     Pattern   Frequency
          1         140           6          11          11           1
          2          10           7           1          12           4
          3           1           8          16          13           1
          4          27           9          10          14           1
          5          53          10           2          15           1


COVARIANCE COVERAGE OF DATA

Minimum covariance coverage value   0.100


     PROPORTION OF DATA PRESENT


           Covariance Coverage
              BBFI_N        CBFI_N        DBFI_N        BASPFIN       CASPFIN
              ________      ________      ________      ________      ________
 BBFI_N         0.713
 CBFI_N         0.548         0.602
 DBFI_N         0.577         0.552         0.656
 BASPFIN        0.703         0.545         0.570         0.703
 CASPFIN        0.548         0.602         0.552         0.545         0.602
 DASPFIN        0.563         0.541         0.638         0.559         0.541
 ABFI_N         0.713         0.602         0.656         0.703         0.602
 AASPFIN        0.713         0.602         0.656         0.703         0.602


           Covariance Coverage
              DASPFIN       ABFI_N        AASPFIN
              ________      ________      ________
 DASPFIN        0.638
 ABFI_N         0.638         1.000
 AASPFIN        0.638         0.996         0.996


SAMPLE STATISTICS


     ESTIMATED SAMPLE STATISTICS


           Means
              BBFI_N        CBFI_N        DBFI_N        BASPFIN       CASPFIN
              ________      ________      ________      ________      ________
 1             48.992        48.262        47.064        47.647        46.668


           Means
              DASPFIN       ABFI_N        AASPFIN
              ________      ________      ________
 1             47.903        50.301        47.413


           Covariances
              BBFI_N        CBFI_N        DBFI_N        BASPFIN       CASPFIN
              ________      ________      ________      ________      ________
 BBFI_N       372.715
 CBFI_N       290.453       395.861
 DBFI_N       290.440       326.613       424.324
 BASPFIN      -32.557       -48.922       -52.857       535.969
 CASPFIN      -11.643         3.068       -17.407       344.093       496.184
 DASPFIN      -16.391        -0.424        -0.367       396.032       395.099
 ABFI_N       267.420       268.202       288.079       -50.495        -9.569
 AASPFIN      -12.591        -6.910       -16.881       419.991       334.226


           Covariances
              DASPFIN       ABFI_N        AASPFIN
              ________      ________      ________
 DASPFIN      556.286
 ABFI_N       -23.315       385.200
 AASPFIN      356.295       -15.679       540.566


           Correlations
              BBFI_N        CBFI_N        DBFI_N        BASPFIN       CASPFIN
              ________      ________      ________      ________      ________
 BBFI_N         1.000
 CBFI_N         0.756         1.000
 DBFI_N         0.730         0.797         1.000
 BASPFIN       -0.073        -0.106        -0.111         1.000
 CASPFIN       -0.027         0.007        -0.038         0.667         1.000
 DASPFIN       -0.036        -0.001        -0.001         0.725         0.752
 ABFI_N         0.706         0.687         0.713        -0.111        -0.022
 AASPFIN       -0.028        -0.015        -0.035         0.780         0.645


           Correlations
              DASPFIN       ABFI_N        AASPFIN
              ________      ________      ________
 DASPFIN        1.000
 ABFI_N        -0.050         1.000
 AASPFIN        0.650        -0.034         1.000


     MAXIMUM LOG-LIKELIHOOD VALUE FOR THE UNRESTRICTED (H1) MODEL IS -6895.812


THE MODEL ESTIMATION TERMINATED NORMALLY



MODEL FIT INFORMATION

Number of Free Parameters                       23

Loglikelihood

          H0 Value                       -6909.406
          H0 Scaling Correction Factor       1.088
            for MLR

Information Criteria

          Akaike (AIC)                   13864.812
          Bayesian (BIC)                 13948.329
          Sample-Size Adjusted BIC       13875.398
            (n* = (n + 2) / 24)



MODEL RESULTS

                                                    Two-Tailed
                    Estimate       S.E.  Est./S.E.    P-Value

 DBFI_N     ON
    CBFI_N             0.115      0.074      1.558      0.119
    CASPFIN           -0.015      0.045     -0.327      0.744

 CBFI_N     ON
    BBFI_N             0.115      0.074      1.558      0.119
    BASPFIN           -0.015      0.045     -0.327      0.744

 BBFI_N     ON
    ABFI_N             0.115      0.074      1.558      0.119
    AASPFIN           -0.015      0.045     -0.327      0.744

 DASPFIN    ON
    CASPFIN            0.228      0.064      3.555      0.000
    CBFI_N             0.029      0.077      0.372      0.710

 CASPFIN    ON
    BASPFIN            0.228      0.064      3.555      0.000
    BBFI_N             0.029      0.077      0.372      0.710

 BASPFIN    ON
    AASPFIN            0.228      0.064      3.555      0.000
    ABFI_N             0.029      0.077      0.372      0.710

 I_ASPFIN WITH
    I_BFI_N          -24.788     34.880     -0.711      0.477

 ABFI_N   WITH
    I_BFI_N          237.775     33.402      7.119      0.000
    I_ASPFIN         -33.569     34.013     -0.987      0.324

 AASPFIN  WITH
    I_BFI_N           -5.745     31.958     -0.180      0.857
    I_ASPFIN         273.294     40.094      6.816      0.000

 DASPFIN  WITH
    DBFI_N            16.968      9.302      1.824      0.068

 CASPFIN  WITH
    CBFI_N            16.968      9.302      1.824      0.068

 BASPFIN  WITH
    BBFI_N            16.968      9.302      1.824      0.068

 AASPFIN  WITH
    ABFI_N           -15.679     28.750     -0.545      0.586

 Means
    ABFI_N            50.301      1.172     42.912      0.000
    AASPFIN           47.413      1.378     34.408      0.000
    I_BFI_N           44.586      3.799     11.735      0.000
    S_BFI_N           -0.703      0.535     -1.313      0.189
    I_ASPFIN          34.647      5.099      6.794      0.000
    S_ASPFIN           0.265      0.636      0.417      0.677

 Intercepts
    BBFI_N             0.000      0.000    999.000    999.000
    CBFI_N             0.000      0.000    999.000    999.000
    DBFI_N             0.000      0.000    999.000    999.000
    BASPFIN            0.000      0.000    999.000    999.000
    CASPFIN            0.000      0.000    999.000    999.000
    DASPFIN            0.000      0.000    999.000    999.000

 Variances
    ABFI_N           385.200     29.096     13.239      0.000
    AASPFIN          540.566     37.587     14.382      0.000
    I_BFI_N          230.928     48.395      4.772      0.000
    S_BFI_N            0.000      0.000    999.000    999.000
    I_ASPFIN         210.374     47.641      4.416      0.000
    S_ASPFIN           0.000      0.000    999.000    999.000

 Residual Variances
    BBFI_N           102.059     10.522      9.699      0.000
    CBFI_N           102.059     10.522      9.699      0.000
    DBFI_N           102.059     10.522      9.699      0.000
    BASPFIN          170.700     18.538      9.208      0.000
    CASPFIN          170.700     18.538      9.208      0.000
    DASPFIN          170.700     18.538      9.208      0.000


QUALITY OF NUMERICAL RESULTS

     Condition Number for the Information Matrix              0.694E-06
       (ratio of smallest to largest eigenvalue)


     Beginning Time:  18:42:30
        Ending Time:  18:42:31
       Elapsed Time:  00:00:01



MUTHEN & MUTHEN
3463 Stoner Ave.
Los Angeles, CA  90066

Tel: (310) 391-9971
Fax: (310) 391-8971
Web: www.StatModel.com
Support: Support@StatModel.com

Copyright (c) 1998-2011 Muthen & Muthen
