Mplus VERSION 6.12
MUTHEN & MUTHEN
03/21/2016   1:45 PM

INPUT INSTRUCTIONS


  title: PxVx Univariate - Nat Lin BFI_O with MeanOnly VRT_IND;
  data: file = E:\Projects\lnt_pxvx\Data\LT_227.txt;


  variable:
  names =
  subjid
  Sample
  aGENDER
  aAGE
  aethnic1
  aethnic2
  aedu_mom
  aedu_dad
  aEDUCATN
  bEDUCATN
  cEDUCATN
  aEMPLOYD
  bEMPLOYD
  cEMPLOYD
  dEMPLOYD
  aINCOME
  bINCOME
  cINCOME
  dINCOME
  aS_SCALE
  bS_SCALE
  cS_SCALE
  dS_SCALE
  aD_SCALE
  bD_SCALE
  cD_SCALE
  dD_SCALE
  aS_COMP
  bS_COMP
  cS_COMP
  dS_COMP
  aD_COMP
  bD_COMP
  cD_COMP
  dD_COMP
  aBFI_A
  aBFI_A6
  aBFI_C
  aBFI_E
  aBFI_HP
  aBFI_N
  aBFI_O
  bBFI_A
  bBFI_A6
  bBFI_C
  bBFI_E
  bBFI_HP
  bBFI_N
  bBFI_O
  cBFI_A
  cBFI_A6
  cBFI_C
  cBFI_E
  cBFI_HP
  cBFI_N
  cBFI_O
  dBFI_A
  dBFI_A6
  dBFI_C
  dBFI_E
  dBFI_HP
  dBFI_N
  dBFI_O
  aBFA_AC
  aBFA_AP
  aBFA_CI
  aBFA_CO
  aBFA_EA
  aBFA_EE
  aBFA_N9
  aBFA_NV
  aBFA_NW
  aBFA_OI
  aBFA_OO
  aBFA_PS
  aBFA_MT
  bBFA_AC
  bBFA_AP
  bBFA_CI
  bBFA_CO
  bBFA_EA
  bBFA_EE
  bBFA_N9
  bBFA_NV
  bBFA_NW
  bBFA_OI
  bBFA_OO
  bBFA_MT
  bBFA_PS
  cBFA_AC
  cBFA_AP
  cBFA_CI
  cBFA_CO
  cBFA_EA
  cBFA_EE
  cBFA_N9
  cBFA_NV
  cBFA_NW
  cBFA_OI
  cBFA_OO
  cBFA_MT
  cBFA_PS
  dBFA_AC
  dBFA_AP
  dBFA_CI
  dBFA_CO
  dBFA_EA
  dBFA_EE
  dBFA_N9
  dBFA_NV
  dBFA_NW
  dBFA_OI
  dBFA_OO
  dBFA_MT
  dBFA_PS
  aUSI
  bUSI
  cUSI
  dUSI
  aHRZ_IND
  bHRZ_IND
  cHRZ_IND
  dHRZ_IND
  aVRT_IND
  bVRT_IND
  cVRT_IND
  dVRT_IND
  aHRZ_COL
  bHRZ_COL
  cHRZ_COL
  dHRZ_COL
  aVRT_COL
  bVRT_COL
  cVRT_COL
  dVRT_COL
  aCOLLCTV
  bCOLLCTV
  cCOLLCTV
  dCOLLCTV
  aMVS
  bMVS
  cMVS
  dMVS
  aST
  bST
  cST
  dST
  aSD
  bSD
  cSD
  dSD
  aMVS_mc
  bMVS_mc
  cMVS_mc
  dMVS_mc
  aST_mc
  bST_mc
  cST_mc
  dST_mc
  aSD_mc
  bSD_mc
  cSD_mc
  dSD_mc
  bMEANING
  cMEANING
  dMEANING
  bMEAN_L
  cMEAN_L
  dMEAN_L
  bMEANNGc
  cMEANNGc
  dMEANNGc
  bMEANGlc
  cMEANGlc
  dMEANGlc
  bCLASSIC
  cCLASSIC
  dCLASSIC
  bCLASSCc
  cCLASSCc
  dCLASSCc
  bAGR_VAL
  cAGR_VAL
  dAGR_VAL
  bOPN_VAL
  cOPN_VAL
  dOPN_VAL
  bAGR_VLc
  cAGR_VLc
  dAGR_VLc
  bOPNVALc
  cOPNVALc
  dOPNVALc
  aMV_pomp
  bMV_pomp
  cMV_pomp
  dMV_pomp
  aST_pomp
  bST_pomp
  cST_pomp
  dST_pomp
  aSD_pomp
  bSD_pomp
  cSD_pomp
  dSD_pomp
  agoal_ec
  bgoal_ec
  cgoal_ec
  dgoal_ec
  aAspfinc
  bAspfinc
  cAspfinc
  dAspfinc
  abfi_hp8
  bbfi_hp8
  cbfi_hp8
  dbfi_hp8
  aP_S_BFI
  aP_D_BFI
  aECgoalc
  bECgoalC
  cECgoalC
  dECgoalC
  aaspfin
  baspfin
  caspfin
  daspfin
  aMVI_POMP
  bMVI_POMP
  cMVI_POMP
  dMVI_POMP;


  USEVARIABLES =
  aBFI_O
  bBFI_O
  cBFI_O
  dBFI_O
  aVRT_IND
  bVRT_IND
  cVRT_IND
  dVRT_IND
  bage_c
  cage_c
  dage_c
  ;

  missing = all (-9999);

  USEOBSERVATIONS are Sample == 1; ! National Sample

  tscores = bage_c cage_c dage_c;

  DEFINE:
  bage_c = aAGE + 1 - 36;
  cage_c = aAGE + 2 - 36;
  dage_c = aAGE + 3 - 36;

  ANALYSIS:
  TYPE=RANDOM;
  PROCESSORS = 8;

  MODEL:

  i_BFI_O s_BFI_O | bBFI_O cBFI_O dBFI_O AT bage_c cage_c dage_c;
  i_VRT_IND s_VRT_IND | bVRT_IND cVRT_IND dVRT_IND AT bage_c cage_c dage_c;


  !After Bollen and Curran initial observation is not part of LGM

  dBFI_O on cBFI_O (a); ! Autoregressive paths constrained to equality
  cBFI_O on bBFI_O (a);
  bBFI_O on aBFI_O (a);

  dVRT_IND on cVRT_IND (b); ! Autoregressive paths constrained to equality
  cVRT_IND on bVRT_IND (b);
  bVRT_IND on aVRT_IND (b);

  bBFI_O cBFI_O dBFI_O (c); !Equality constraint on residuals
  bVRT_IND cVRT_IND dVRT_IND (d); !Equality constraint on residuals

  dVRT_IND on cBFI_O (x); ! Cross-lagged paths constrained to equality
  cVRT_IND on bBFI_O (x);
  bVRT_IND on aBFI_O (x);

  dBFI_O on cVRT_IND (y); ! Cross-lagged paths constrained to equality
  cBFI_O on bVRT_IND (y);
  bBFI_O on aVRT_IND (y);

  dVRT_IND with dBFI_O (w); ! within-wave correlations constrained to equality
  cVRT_IND with cBFI_O (w);
  bVRT_IND with bBFI_O (w);

  aBFI_O aVRT_IND i_BFI_O i_VRT_IND
  s_BFI_O
  with
  s_BFI_O
  aBFI_O aVRT_IND i_BFI_O i_VRT_IND;


  s_VRT_IND@0;

  OUTPUT: SAMPSTAT PATTERNS;



*** WARNING
  Variable name contains more than 8 characters.
  Only the first 8 characters will be printed in the output.
  Variable: AMVI_POMP
*** WARNING
  Variable name contains more than 8 characters.
  Only the first 8 characters will be printed in the output.
  Variable: BMVI_POMP
*** WARNING
  Variable name contains more than 8 characters.
  Only the first 8 characters will be printed in the output.
  Variable: CMVI_POMP
*** WARNING
  Variable name contains more than 8 characters.
  Only the first 8 characters will be printed in the output.
  Variable: DMVI_POMP
*** WARNING
  Variable name contains more than 8 characters.
  Only the first 8 characters will be printed in the output.
  Variable: I_VRT_IND
*** WARNING
  Variable name contains more than 8 characters.
  Only the first 8 characters will be printed in the output.
  Variable: S_VRT_IND
*** WARNING in MODEL command
  All continuous latent variable covariances involving S_VRT_IND have been fixed to 0
  because the variance of S_VRT_IND is fixed at 0.
*** WARNING
  Data set contains cases with missing on time scores but non-missing on the
  corresponding dependent variables.  These cases were not included in the analysis.
  Number of such cases:  16
   8 WARNING(S) FOUND IN THE INPUT INSTRUCTIONS



PxVx Univariate - Nat Lin BFI_O with MeanOnly VRT_IND;

SUMMARY OF ANALYSIS

Number of groups                                                 1
Number of observations                                         863

Number of dependent variables                                    6
Number of independent variables                                  2
Number of continuous latent variables                            4

Observed dependent variables

  Continuous
   BBFI_O      CBFI_O      DBFI_O      BVRT_IND    CVRT_IND    DVRT_IND

Observed independent variables
   ABFI_O      AVRT_IND

Continuous latent variables
   I_BFI_O     S_BFI_O     I_VRT_IN    S_VRT_IN

Variables with special functions

  Time scores
   BAGE_C      CAGE_C      DAGE_C


Estimator                                                      MLR
Information matrix                                        OBSERVED
Maximum number of iterations                                   100
Convergence criterion                                    0.100D-05
Maximum number of EM iterations                                500
Convergence criteria for the EM algorithm
  Loglikelihood change                                   0.100D-02
  Relative loglikelihood change                          0.100D-05
  Derivative                                             0.100D-03
Minimum variance                                         0.100D-03
Maximum number of steepest descent iterations                   20
Maximum number of iterations for H1                           2000
Convergence criterion for H1                             0.100D-03
Optimization algorithm                                         EMA

Input data file(s)
  E:\Projects\lnt_pxvx\Data\LT_227.txt
Input data format  FREE


SUMMARY OF DATA

     Number of missing data patterns            22


SUMMARY OF MISSING DATA PATTERNS


     MISSING DATA PATTERNS (x = not missing)

           1  2  3  4  5  6  7  8  9 10 11 12 13 14 15 16 17 18 19 20
 BBFI_O    x     x  x     x     x     x  x  x  x     x     x     x
 CBFI_O    x           x  x     x  x     x  x  x     x        x  x  x
 DBFI_O    x     x     x  x  x           x     x  x  x     x        x
 BVRT_IND  x     x  x     x     x        x  x        x           x
 CVRT_IND  x           x        x  x     x     x     x           x  x
 DVRT_IND  x     x     x  x  x                 x  x  x     x     x
 ABFI_O    x  x  x  x  x  x  x  x  x  x  x  x  x        x  x  x  x  x
 AVRT_IND  x  x  x  x  x  x  x  x  x  x  x  x  x  x        x  x  x  x

          21 22
 BBFI_O
 CBFI_O       x
 DBFI_O    x  x
 BVRT_IND
 CVRT_IND     x
 DVRT_IND     x
 ABFI_O    x
 AVRT_IND  x


     MISSING DATA PATTERN FREQUENCIES

    Pattern   Frequency     Pattern   Frequency     Pattern   Frequency
          1         489           9          20          17           1
          2         168          10           4          18           1
          3          26          11           1          19           1
          4          48          12           1          20           2
          5          21          13           3          21           2
          6           2          14           1          22           1
          7          23          15           3
          8          44          16           1


COVARIANCE COVERAGE OF DATA

Minimum covariance coverage value   0.100


     PROPORTION OF DATA PRESENT


           Covariance Coverage
              BBFI_O        CBFI_O        DBFI_O        BVRT_IND      CVRT_IND
              ________      ________      ________      ________      ________
 BBFI_O         0.722
 CBFI_O         0.630         0.683
 DBFI_O         0.608         0.605         0.666
 BVRT_IND       0.713         0.627         0.604         0.713
 CVRT_IND       0.627         0.678         0.603         0.623         0.678
 DVRT_IND       0.608         0.603         0.660         0.604         0.600
 ABFI_O         0.718         0.678         0.660         0.709         0.673
 AVRT_IND       0.718         0.678         0.662         0.709         0.673


           Covariance Coverage
              DVRT_IND      ABFI_O        AVRT_IND
              ________      ________      ________
 DVRT_IND       0.662
 ABFI_O         0.656         0.994
 AVRT_IND       0.657         0.993         0.994


SAMPLE STATISTICS


     ESTIMATED SAMPLE STATISTICS


           Means
              BBFI_O        CBFI_O        DBFI_O        BVRT_IND      CVRT_IND
              ________      ________      ________      ________      ________
 1             73.634        72.290        72.442        47.143        46.378


           Means
              DVRT_IND      ABFI_O        AVRT_IND
              ________      ________      ________
 1             46.361        74.326        47.169


           Covariances
              BBFI_O        CBFI_O        DBFI_O        BVRT_IND      CVRT_IND
              ________      ________      ________      ________      ________
 BBFI_O       226.474
 CBFI_O       197.912       257.836
 DBFI_O       187.182       214.702       248.811
 BVRT_IND     -22.125       -43.442       -37.526       355.185
 CVRT_IND     -16.291       -24.700       -28.427       262.750       383.741
 DVRT_IND     -11.027       -26.584       -25.286       261.495       280.116
 ABFI_O       184.372       193.872       182.673       -23.926       -16.045
 AVRT_IND     -13.146       -20.787       -19.323       246.254       244.922


           Covariances
              DVRT_IND      ABFI_O        AVRT_IND
              ________      ________      ________
 DVRT_IND     377.147
 ABFI_O       -15.207       223.026
 AVRT_IND     241.296       -12.651       371.649


           Correlations
              BBFI_O        CBFI_O        DBFI_O        BVRT_IND      CVRT_IND
              ________      ________      ________      ________      ________
 BBFI_O         1.000
 CBFI_O         0.819         1.000
 DBFI_O         0.789         0.848         1.000
 BVRT_IND      -0.078        -0.144        -0.126         1.000
 CVRT_IND      -0.055        -0.079        -0.092         0.712         1.000
 DVRT_IND      -0.038        -0.085        -0.083         0.714         0.736
 ABFI_O         0.820         0.808         0.775        -0.085        -0.055
 AVRT_IND      -0.045        -0.067        -0.064         0.678         0.649


           Correlations
              DVRT_IND      ABFI_O        AVRT_IND
              ________      ________      ________
 DVRT_IND       1.000
 ABFI_O        -0.052         1.000
 AVRT_IND       0.645        -0.044         1.000


     MAXIMUM LOG-LIKELIHOOD VALUE FOR THE UNRESTRICTED (H1) MODEL IS -20672.649


THE MODEL ESTIMATION TERMINATED NORMALLY



MODEL FIT INFORMATION

Number of Free Parameters                       28

Loglikelihood

          H0 Value                      -20676.962
          H0 Scaling Correction Factor       1.184
            for MLR

Information Criteria

          Akaike (AIC)                   41409.925
          Bayesian (BIC)                 41543.216
          Sample-Size Adjusted BIC       41454.295
            (n* = (n + 2) / 24)



MODEL RESULTS

                                                    Two-Tailed
                    Estimate       S.E.  Est./S.E.    P-Value

 DBFI_O     ON
    CBFI_O             0.247      0.045      5.468      0.000
    CVRT_IND          -0.047      0.028     -1.668      0.095

 CBFI_O     ON
    BBFI_O             0.247      0.045      5.468      0.000
    BVRT_IND          -0.047      0.028     -1.668      0.095

 BBFI_O     ON
    ABFI_O             0.247      0.045      5.468      0.000
    AVRT_IND          -0.047      0.028     -1.668      0.095

 DVRT_IND   ON
    CVRT_IND           0.075      0.050      1.501      0.133
    CBFI_O            -0.019      0.040     -0.471      0.637

 CVRT_IND   ON
    BVRT_IND           0.075      0.050      1.501      0.133
    BBFI_O            -0.019      0.040     -0.471      0.637

 BVRT_IND   ON
    AVRT_IND           0.075      0.050      1.501      0.133
    ABFI_O            -0.019      0.040     -0.471      0.637

 S_BFI_O  WITH
    I_BFI_O            0.294      0.258      1.140      0.254

 I_VRT_IN WITH
    I_BFI_O           -4.014     13.367     -0.300      0.764
    S_BFI_O            0.225      0.430      0.523      0.601

 ABFI_O   WITH
    I_BFI_O          134.861     11.726     11.501      0.000
    S_BFI_O            0.883      0.384      2.300      0.021
    I_VRT_IND        -13.386     11.914     -1.124      0.261

 AVRT_IND WITH
    I_BFI_O           -0.826     11.729     -0.070      0.944
    S_BFI_O           -0.220      0.495     -0.446      0.656
    I_VRT_IND        217.264     19.060     11.399      0.000

 DVRT_IND WITH
    DBFI_O             1.501      2.891      0.519      0.604

 CVRT_IND WITH
    CBFI_O             1.501      2.891      0.519      0.604

 BVRT_IND WITH
    BBFI_O             1.501      2.891      0.519      0.604

 AVRT_IND WITH
    ABFI_O           -12.609     10.002     -1.261      0.207

 Means
    ABFI_O            74.325      0.509    145.952      0.000
    AVRT_IND          47.170      0.656     71.959      0.000
    I_BFI_O           56.888      3.277     17.361      0.000
    S_BFI_O           -0.011      0.024     -0.444      0.657
    I_VRT_IND         44.818      3.226     13.893      0.000
    S_VRT_IND         -0.167      0.045     -3.722      0.000

 Intercepts
    BBFI_O             0.000      0.000    999.000    999.000
    CBFI_O             0.000      0.000    999.000    999.000
    DBFI_O             0.000      0.000    999.000    999.000
    BVRT_IND           0.000      0.000    999.000    999.000
    CVRT_IND           0.000      0.000    999.000    999.000
    DVRT_IND           0.000      0.000    999.000    999.000

 Variances
    ABFI_O           223.015      9.999     22.304      0.000
    AVRT_IND         371.948     16.494     22.551      0.000
    I_BFI_O          104.547     16.371      6.386      0.000
    S_BFI_O            0.012      0.029      0.414      0.679
    I_VRT_IND        216.143     29.455      7.338      0.000
    S_VRT_IND          0.000      0.000    999.000    999.000

 Residual Variances
    BBFI_O            51.800      3.363     15.401      0.000
    CBFI_O            51.800      3.363     15.401      0.000
    DBFI_O            51.800      3.363     15.401      0.000
    BVRT_IND         108.779      6.672     16.303      0.000
    CVRT_IND         108.779      6.672     16.303      0.000
    DVRT_IND         108.779      6.672     16.303      0.000


QUALITY OF NUMERICAL RESULTS

     Condition Number for the Information Matrix              0.522E-07
       (ratio of smallest to largest eigenvalue)


     Beginning Time:  13:45:17
        Ending Time:  13:45:22
       Elapsed Time:  00:00:05



MUTHEN & MUTHEN
3463 Stoner Ave.
Los Angeles, CA  90066

Tel: (310) 391-9971
Fax: (310) 391-8971
Web: www.StatModel.com
Support: Support@StatModel.com

Copyright (c) 1998-2011 Muthen & Muthen
