Mplus VERSION 6.12
MUTHEN & MUTHEN
03/09/2016   7:54 PM

INPUT INSTRUCTIONS


  title: PxVx Univariate - Nat Lin BFI_A6 with MeanOnly VRT_COL;
  data: file = E:\Projects\lnt_pxvx\Data\LT_227.txt;


  variable:
  names =
  subjid
  Sample
  aGENDER
  aAGE
  aethnic1
  aethnic2
  aedu_mom
  aedu_dad
  aEDUCATN
  bEDUCATN
  cEDUCATN
  aEMPLOYD
  bEMPLOYD
  cEMPLOYD
  dEMPLOYD
  aINCOME
  bINCOME
  cINCOME
  dINCOME
  aS_SCALE
  bS_SCALE
  cS_SCALE
  dS_SCALE
  aD_SCALE
  bD_SCALE
  cD_SCALE
  dD_SCALE
  aS_COMP
  bS_COMP
  cS_COMP
  dS_COMP
  aD_COMP
  bD_COMP
  cD_COMP
  dD_COMP
  aBFI_A
  aBFI_A6
  aBFI_C
  aBFI_E
  aBFI_HP
  aBFI_N
  aBFI_O
  bBFI_A
  bBFI_A6
  bBFI_C
  bBFI_E
  bBFI_HP
  bBFI_N
  bBFI_O
  cBFI_A
  cBFI_A6
  cBFI_C
  cBFI_E
  cBFI_HP
  cBFI_N
  cBFI_O
  dBFI_A
  dBFI_A6
  dBFI_C
  dBFI_E
  dBFI_HP
  dBFI_N
  dBFI_O
  aBFA_AC
  aBFA_AP
  aBFA_CI
  aBFA_CO
  aBFA_EA
  aBFA_EE
  aBFA_N9
  aBFA_NV
  aBFA_NW
  aBFA_OI
  aBFA_OO
  aBFA_PS
  aBFA_MT
  bBFA_AC
  bBFA_AP
  bBFA_CI
  bBFA_CO
  bBFA_EA
  bBFA_EE
  bBFA_N9
  bBFA_NV
  bBFA_NW
  bBFA_OI
  bBFA_OO
  bBFA_MT
  bBFA_PS
  cBFA_AC
  cBFA_AP
  cBFA_CI
  cBFA_CO
  cBFA_EA
  cBFA_EE
  cBFA_N9
  cBFA_NV
  cBFA_NW
  cBFA_OI
  cBFA_OO
  cBFA_MT
  cBFA_PS
  dBFA_AC
  dBFA_AP
  dBFA_CI
  dBFA_CO
  dBFA_EA
  dBFA_EE
  dBFA_N9
  dBFA_NV
  dBFA_NW
  dBFA_OI
  dBFA_OO
  dBFA_MT
  dBFA_PS
  aUSI
  bUSI
  cUSI
  dUSI
  aHRZ_IND
  bHRZ_IND
  cHRZ_IND
  dHRZ_IND
  aVRT_IND
  bVRT_IND
  cVRT_IND
  dVRT_IND
  aHRZ_COL
  bHRZ_COL
  cHRZ_COL
  dHRZ_COL
  aVRT_COL
  bVRT_COL
  cVRT_COL
  dVRT_COL
  aCOLLCTV
  bCOLLCTV
  cCOLLCTV
  dCOLLCTV
  aMVS
  bMVS
  cMVS
  dMVS
  aST
  bST
  cST
  dST
  aSD
  bSD
  cSD
  dSD
  aMVS_mc
  bMVS_mc
  cMVS_mc
  dMVS_mc
  aST_mc
  bST_mc
  cST_mc
  dST_mc
  aSD_mc
  bSD_mc
  cSD_mc
  dSD_mc
  bMEANING
  cMEANING
  dMEANING
  bMEAN_L
  cMEAN_L
  dMEAN_L
  bMEANNGc
  cMEANNGc
  dMEANNGc
  bMEANGlc
  cMEANGlc
  dMEANGlc
  bCLASSIC
  cCLASSIC
  dCLASSIC
  bCLASSCc
  cCLASSCc
  dCLASSCc
  bAGR_VAL
  cAGR_VAL
  dAGR_VAL
  bOPN_VAL
  cOPN_VAL
  dOPN_VAL
  bAGR_VLc
  cAGR_VLc
  dAGR_VLc
  bOPNVALc
  cOPNVALc
  dOPNVALc
  aMV_pomp
  bMV_pomp
  cMV_pomp
  dMV_pomp
  aST_pomp
  bST_pomp
  cST_pomp
  dST_pomp
  aSD_pomp
  bSD_pomp
  cSD_pomp
  dSD_pomp
  agoal_ec
  bgoal_ec
  cgoal_ec
  dgoal_ec
  aAspfinc
  bAspfinc
  cAspfinc
  dAspfinc
  abfi_hp8
  bbfi_hp8
  cbfi_hp8
  dbfi_hp8
  aP_S_BFI
  aP_D_BFI
  aECgoalc
  bECgoalC
  cECgoalC
  dECgoalC
  aaspfin
  baspfin
  caspfin
  daspfin;


  USEVARIABLES =
  aBFI_A6
  bBFI_A6
  cBFI_A6
  dBFI_A6
  aVRT_COL
  bVRT_COL
  cVRT_COL
  dVRT_COL
  bage_c
  cage_c
  dage_c
  ;

  missing = all (-9999);

  USEOBSERVATIONS are Sample == 1; ! National Sample

  tscores = bage_c cage_c dage_c;

  DEFINE:
  bage_c = aAGE + 1 - 36;
  cage_c = aAGE + 2 - 36;
  dage_c = aAGE + 3 - 36;

  ANALYSIS:
  TYPE=RANDOM;
  PROCESSORS = 8;

  MODEL:

  i_BFI_A6 s_BFI_A6 | bBFI_A6 cBFI_A6 dBFI_A6 AT bage_c cage_c dage_c;
  i_VRT_COL s_VRT_COL | bVRT_COL cVRT_COL dVRT_COL AT bage_c cage_c dage_c;


  !After Bollen and Curran initial observation is not part of LGM

  dBFI_A6 on cBFI_A6 (a); ! Autoregressive paths constrained to equality
  cBFI_A6 on bBFI_A6 (a);
  bBFI_A6 on aBFI_A6 (a);

  dVRT_COL on cVRT_COL (b); ! Autoregressive paths constrained to equality
  cVRT_COL on bVRT_COL (b);
  bVRT_COL on aVRT_COL (b);

  bBFI_A6 cBFI_A6 dBFI_A6 (c); !Equality constraint on residuals
  bVRT_COL cVRT_COL dVRT_COL (d); !Equality constraint on residuals

  dVRT_COL on cBFI_A6 (x); ! Cross-lagged paths constrained to equality
  cVRT_COL on bBFI_A6 (x);
  bVRT_COL on aBFI_A6 (x);

  dBFI_A6 on cVRT_COL (y); ! Cross-lagged paths constrained to equality
  cBFI_A6 on bVRT_COL (y);
  bBFI_A6 on aVRT_COL (y);

  dVRT_COL with dBFI_A6 (w); ! within-wave correlations constrained to equality
  cVRT_COL with cBFI_A6 (w);
  bVRT_COL with bBFI_A6 (w);

  aBFI_A6 aVRT_COL i_BFI_A6 i_VRT_COL
  s_BFI_A6
  with
  s_BFI_A6
  aBFI_A6 aVRT_COL i_BFI_A6 i_VRT_COL;


  s_VRT_COL@0;

  OUTPUT: SAMPSTAT PATTERNS;



*** WARNING
  Variable name contains more than 8 characters.
  Only the first 8 characters will be printed in the output.
  Variable: I_VRT_COL
*** WARNING
  Variable name contains more than 8 characters.
  Only the first 8 characters will be printed in the output.
  Variable: S_VRT_COL
*** WARNING in MODEL command
  All continuous latent variable covariances involving S_VRT_COL have been fixed to 0
  because the variance of S_VRT_COL is fixed at 0.
*** WARNING
  Data set contains cases with missing on time scores but non-missing on the
  corresponding dependent variables.  These cases were not included in the analysis.
  Number of such cases:  5
   4 WARNING(S) FOUND IN THE INPUT INSTRUCTIONS



PxVx Univariate - Nat Lin BFI_A6 with MeanOnly VRT_COL;

SUMMARY OF ANALYSIS

Number of groups                                                 1
Number of observations                                         874

Number of dependent variables                                    6
Number of independent variables                                  2
Number of continuous latent variables                            4

Observed dependent variables

  Continuous
   BBFI_A6     CBFI_A6     DBFI_A6     BVRT_COL    CVRT_COL    DVRT_COL

Observed independent variables
   ABFI_A6     AVRT_COL

Continuous latent variables
   I_BFI_A6    S_BFI_A6    I_VRT_CO    S_VRT_CO

Variables with special functions

  Time scores
   BAGE_C      CAGE_C      DAGE_C


Estimator                                                      MLR
Information matrix                                        OBSERVED
Maximum number of iterations                                   100
Convergence criterion                                    0.100D-05
Maximum number of EM iterations                                500
Convergence criteria for the EM algorithm
  Loglikelihood change                                   0.100D-02
  Relative loglikelihood change                          0.100D-05
  Derivative                                             0.100D-03
Minimum variance                                         0.100D-03
Maximum number of steepest descent iterations                   20
Maximum number of iterations for H1                           2000
Convergence criterion for H1                             0.100D-03
Optimization algorithm                                         EMA

Input data file(s)
  E:\Projects\lnt_pxvx\Data\LT_227.txt
Input data format  FREE


SUMMARY OF DATA

     Number of missing data patterns            21


SUMMARY OF MISSING DATA PATTERNS


     MISSING DATA PATTERNS (x = not missing)

           1  2  3  4  5  6  7  8  9 10 11 12 13 14 15 16 17 18 19 20
 BBFI_A6   x     x  x     x     x     x  x  x  x        x     x
 CBFI_A6   x           x  x     x  x     x  x  x           x  x  x
 DBFI_A6   x     x     x  x  x           x     x  x     x        x  x
 BVRT_COL  x     x  x     x     x        x  x                 x
 CVRT_COL  x           x        x  x     x     x              x  x
 DVRT_COL  x     x     x  x  x                 x  x     x     x
 ABFI_A6   x  x  x  x  x  x  x  x  x  x  x  x  x     x  x  x  x  x  x
 AVRT_COL  x  x  x  x  x  x  x  x  x  x  x  x  x  x     x  x  x  x  x

          21
 BBFI_A6
 CBFI_A6   x
 DBFI_A6   x
 BVRT_COL  x
 CVRT_COL  x
 DVRT_COL  x
 ABFI_A6   x
 AVRT_COL  x


     MISSING DATA PATTERN FREQUENCIES

    Pattern   Frequency     Pattern   Frequency     Pattern   Frequency
          1         496           8          45          15           1
          2         168           9          21          16           1
          3          26          10           4          17           1
          4          53          11           1          18           1
          5          21          12           1          19           2
          6           2          13           3          20           2
          7          23          14           1          21           1


COVARIANCE COVERAGE OF DATA

Minimum covariance coverage value   0.100


     PROPORTION OF DATA PRESENT


           Covariance Coverage
              BBFI_A6       CBFI_A6       DBFI_A6       BVRT_COL      CVRT_COL
              ________      ________      ________      ________      ________
 BBFI_A6        0.724
 CBFI_A6        0.628         0.681
 DBFI_A6        0.605         0.602         0.662
 BVRT_COL       0.715         0.626         0.602         0.716
 CVRT_COL       0.625         0.676         0.600         0.622         0.676
 DVRT_COL       0.605         0.600         0.657         0.602         0.597
 ABFI_A6        0.724         0.681         0.661         0.716         0.676
 AVRT_COL       0.724         0.681         0.662         0.716         0.676


           Covariance Coverage
              DVRT_COL      ABFI_A6       AVRT_COL
              ________      ________      ________
 DVRT_COL       0.658
 ABFI_A6        0.657         0.999
 AVRT_COL       0.658         0.998         0.999


SAMPLE STATISTICS


     ESTIMATED SAMPLE STATISTICS


           Means
              BBFI_A6       CBFI_A6       DBFI_A6       BVRT_COL      CVRT_COL
              ________      ________      ________      ________      ________
 1             60.047        60.022        60.425        70.306        68.677


           Means
              DVRT_COL      ABFI_A6       AVRT_COL
              ________      ________      ________
 1             68.866        59.839        71.580


           Covariances
              BBFI_A6       CBFI_A6       DBFI_A6       BVRT_COL      CVRT_COL
              ________      ________      ________      ________      ________
 BBFI_A6      352.933
 CBFI_A6      282.775       354.521
 DBFI_A6      272.473       289.897       356.516
 BVRT_COL      77.427        74.138        60.465       354.917
 CVRT_COL      71.316        78.782        74.091       260.536       372.535
 DVRT_COL      56.848        65.192        62.075       262.632       276.082
 ABFI_A6      274.508       271.375       255.269        79.629        70.763
 AVRT_COL      63.718        71.875        62.801       239.314       225.849


           Covariances
              DVRT_COL      ABFI_A6       AVRT_COL
              ________      ________      ________
 DVRT_COL     364.882
 ABFI_A6       64.565       348.694
 AVRT_COL     238.664        76.206       327.277


           Correlations
              BBFI_A6       CBFI_A6       DBFI_A6       BVRT_COL      CVRT_COL
              ________      ________      ________      ________      ________
 BBFI_A6        1.000
 CBFI_A6        0.799         1.000
 DBFI_A6        0.768         0.815         1.000
 BVRT_COL       0.219         0.209         0.170         1.000
 CVRT_COL       0.197         0.217         0.203         0.717         1.000
 DVRT_COL       0.158         0.181         0.172         0.730         0.749
 ABFI_A6        0.783         0.772         0.724         0.226         0.196
 AVRT_COL       0.187         0.211         0.184         0.702         0.647


           Correlations
              DVRT_COL      ABFI_A6       AVRT_COL
              ________      ________      ________
 DVRT_COL       1.000
 ABFI_A6        0.181         1.000
 AVRT_COL       0.691         0.226         1.000


     MAXIMUM LOG-LIKELIHOOD VALUE FOR THE UNRESTRICTED (H1) MODEL IS -21478.944


THE MODEL ESTIMATION TERMINATED NORMALLY



MODEL FIT INFORMATION

Number of Free Parameters                       28

Loglikelihood

          H0 Value                      -21476.775
          H0 Scaling Correction Factor       1.116
            for MLR

Information Criteria

          Akaike (AIC)                   43009.549
          Bayesian (BIC)                 43143.196
          Sample-Size Adjusted BIC       43054.274
            (n* = (n + 2) / 24)



MODEL RESULTS

                                                    Two-Tailed
                    Estimate       S.E.  Est./S.E.    P-Value

 DBFI_A6    ON
    CBFI_A6            0.167      0.043      3.843      0.000
    CVRT_COL           0.039      0.028      1.384      0.166

 CBFI_A6    ON
    BBFI_A6            0.167      0.043      3.843      0.000
    BVRT_COL           0.039      0.028      1.384      0.166

 BBFI_A6    ON
    ABFI_A6            0.167      0.043      3.843      0.000
    AVRT_COL           0.039      0.028      1.384      0.166

 DVRT_COL   ON
    CVRT_COL           0.102      0.034      3.009      0.003
    CBFI_A6            0.075      0.039      1.898      0.058

 CVRT_COL   ON
    BVRT_COL           0.102      0.034      3.009      0.003
    BBFI_A6            0.075      0.039      1.898      0.058

 BVRT_COL   ON
    AVRT_COL           0.102      0.034      3.009      0.003
    ABFI_A6            0.075      0.039      1.898      0.058

 S_BFI_A6 WITH
    I_BFI_A6          -0.346      0.449     -0.770      0.441

 I_VRT_CO WITH
    I_BFI_A6          15.856     16.286      0.974      0.330
    S_BFI_A6          -0.257      0.525     -0.491      0.624

 ABFI_A6  WITH
    I_BFI_A6         209.696     17.782     11.793      0.000
    S_BFI_A6           0.711      0.655      1.085      0.278
    I_VRT_COL         38.915     16.421      2.370      0.018

 AVRT_COL WITH
    I_BFI_A6          41.291     12.864      3.210      0.001
    S_BFI_A6           0.596      0.592      1.006      0.314
    I_VRT_COL        199.982     15.219     13.140      0.000

 DVRT_COL WITH
    DBFI_A6            9.349      3.647      2.564      0.010

 CVRT_COL WITH
    CBFI_A6            9.349      3.647      2.564      0.010

 BVRT_COL WITH
    BBFI_A6            9.349      3.647      2.564      0.010

 AVRT_COL WITH
    ABFI_A6           76.224     13.163      5.791      0.000

 Means
    ABFI_A6           59.837      0.630     94.950      0.000
    AVRT_COL          71.580      0.610    117.389      0.000
    I_BFI_A6          47.149      3.214     14.669      0.000
    S_BFI_A6           0.131      0.035      3.767      0.000
    I_VRT_COL         57.529      2.975     19.340      0.000
    S_VRT_COL          0.098      0.040      2.449      0.014

 Intercepts
    BBFI_A6            0.000      0.000    999.000    999.000
    CBFI_A6            0.000      0.000    999.000    999.000
    DBFI_A6            0.000      0.000    999.000    999.000
    BVRT_COL           0.000      0.000    999.000    999.000
    CVRT_COL           0.000      0.000    999.000    999.000
    DVRT_COL           0.000      0.000    999.000    999.000

 Variances
    ABFI_A6          348.732     15.383     22.670      0.000
    AVRT_COL         327.277     16.362     20.002      0.000
    I_BFI_A6         172.037     24.290      7.083      0.000
    S_BFI_A6           0.070      0.053      1.329      0.184
    I_VRT_COL        198.256     20.202      9.814      0.000
    S_VRT_COL          0.000      0.000    999.000    999.000

 Residual Variances
    BBFI_A6           80.839      5.443     14.853      0.000
    CBFI_A6           80.839      5.443     14.853      0.000
    DBFI_A6           80.839      5.443     14.853      0.000
    BVRT_COL         105.520      5.856     18.020      0.000
    CVRT_COL         105.520      5.856     18.020      0.000
    DVRT_COL         105.520      5.856     18.020      0.000


QUALITY OF NUMERICAL RESULTS

     Condition Number for the Information Matrix              0.218E-05
       (ratio of smallest to largest eigenvalue)


     Beginning Time:  19:54:19
        Ending Time:  19:54:21
       Elapsed Time:  00:00:02



MUTHEN & MUTHEN
3463 Stoner Ave.
Los Angeles, CA  90066

Tel: (310) 391-9971
Fax: (310) 391-8971
Web: www.StatModel.com
Support: Support@StatModel.com

Copyright (c) 1998-2011 Muthen & Muthen
