Mplus VERSION 8 (Linux)
MUTHEN & MUTHEN
07/08/2018   1:14 PM

INPUT INSTRUCTIONS


  title: PxVx Bivariate LCM-SR - decadegroup - Linear bfi_o with Linear vrt_col_d;
  data: file = /home/jflournoy/code_new/lnt_pxvx/Data/lnt_nat_recalc.tsv;

  variable:
  names =
  subjid
  aage
  aaspfin
  aaspfin_d
  abfa_mt
  abfa_mt_d
  abfas_ac
  abfas_ap
  abfas_ci
  abfas_co
  abfas_ea
  abfas_ee
  abfas_nv
  abfas_nv9
  abfas_nw
  abfas_oi
  abfas_oo
  abfi_a
  abfi_a6
  abfi_c
  abfi_d_scale
  abfi_e
  abfi_hp8
  abfi_n
  abfi_o
  abfi_s_scale
  ahrz_col
  ahrz_col_d
  ahrz_ind
  ahrz_ind_d
  amvi
  ausi
  ausi_d
  avrt_col
  avrt_col_d
  avrt_ind
  avrt_ind_d
  bage
  baspfin
  baspfin_d
  bbfa_mt
  bbfa_mt_d
  bbfas_ac
  bbfas_ap
  bbfas_ci
  bbfas_co
  bbfas_ea
  bbfas_ee
  bbfas_nv
  bbfas_nv9
  bbfas_nw
  bbfas_oi
  bbfas_oo
  bbfi_a
  bbfi_a6
  bbfi_c
  bbfi_d_scale
  bbfi_e
  bbfi_hp8
  bbfi_n
  bbfi_o
  bbfi_s_scale
  bhrz_col
  bhrz_col_d
  bhrz_ind
  bhrz_ind_d
  bmvi
  busi
  busi_d
  bvrt_col
  bvrt_col_d
  bvrt_ind
  bvrt_ind_d
  cage
  caspfin
  caspfin_d
  cbfa_mt
  cbfa_mt_d
  cbfas_ac
  cbfas_ap
  cbfas_ci
  cbfas_co
  cbfas_ea
  cbfas_ee
  cbfas_nv
  cbfas_nv9
  cbfas_nw
  cbfas_oi
  cbfas_oo
  cbfi_a
  cbfi_a6
  cbfi_c
  cbfi_d_scale
  cbfi_e
  cbfi_hp8
  cbfi_n
  cbfi_o
  cbfi_s_scale
  chrz_col
  chrz_col_d
  chrz_ind
  chrz_ind_d
  cmvi
  cusi
  cusi_d
  cvrt_col
  cvrt_col_d
  cvrt_ind
  cvrt_ind_d
  dage
  daspfin
  daspfin_d
  dbfa_mt
  dbfa_mt_d
  dbfas_ac
  dbfas_ap
  dbfas_ci
  dbfas_co
  dbfas_ea
  dbfas_ee
  dbfas_nv
  dbfas_nv9
  dbfas_nw
  dbfas_oi
  dbfas_oo
  dbfi_a
  dbfi_a6
  dbfi_c
  dbfi_d_scale
  dbfi_e
  dbfi_hp8
  dbfi_n
  dbfi_o
  dbfi_s_scale
  dhrz_col
  dhrz_col_d
  dhrz_ind
  dhrz_ind_d
  dmvi
  dusi
  dusi_d
  dvrt_col
  dvrt_col_d
  dvrt_ind
  dvrt_ind_d;

  USEVARIABLES =
  abfi_o
  bbfi_o
  cbfi_o
  dbfi_o
  avrt_col_d
  bvrt_col_d
  cvrt_col_d
  dvrt_col_d
  a1
  a2
  a3
  a4
  aagegrp
  ;

  missing = all (-9999);

  tscores = a1 a2 a3 a4;

  grouping = aagegrp (0=d2, 1=d3, 2=d4, 3=d5);

  DEFINE:

  aagegrp = aage;

  cut aagegrp (29 39 49);

  a1 = aage + 0 - 36;
  a2 = aage + 1 - 36;
  a3 = aage + 2 - 36;
  a4 = aage + 3 - 36;

  ANALYSIS:
  TYPE=RANDOM;
  PROCESSORS = 6;
  model=nocovariances; ! supresses default estimation of certain covs in model;

  MODEL:

  i_bfi_o s_bfi_o | abfi_o bbfi_o cbfi_o dbfi_o AT a1 a2 a3 a4;
  i_vrt_col_d s_vrt_col_d | avrt_col_d bvrt_col_d cvrt_col_d dvrt_col_d AT a1 a2 a3 a4;

  ! freeing factor covs because of "nocovariances"
  s_bfi_o WITH i_bfi_o s_vrt_col_d i_vrt_col_d;
  i_bfi_o WITH s_vrt_col_d i_vrt_col_d;
  s_vrt_col_d WITH i_vrt_col_d;

  p1 BY abfi_o@1; ! Residual "factors";
  p2 BY bbfi_o@1;
  p3 BY cbfi_o@1;
  p4 BY dbfi_o@1;

  v1 BY avrt_col_d@1; ! Residual "factors";
  v2 BY bvrt_col_d@1;
  v3 BY cvrt_col_d@1;
  v4 BY dvrt_col_d@1;

  !residual variances on observed/manifest vars set to 0
  abfi_o@0;
  bbfi_o@0;
  cbfi_o@0;
  dbfi_o@0;

  !residual variances on observed/manifest vars set to 0
  avrt_col_d@0;
  bvrt_col_d@0;
  cvrt_col_d@0;
  dvrt_col_d@0;

  ! means of observed/manifest vars set to 0
  [abfi_o@0];
  [bbfi_o@0];
  [cbfi_o@0];
  [dbfi_o@0];

  ! means of observed/manifest vars set to 0
  [avrt_col_d@0];
  [bvrt_col_d@0];
  [cvrt_col_d@0];
  [dvrt_col_d@0];

  [p1@0]; ! means of residual "factors" set to 0
  [p2@0];
  [p3@0];
  [p4@0];

  [v1@0]; ! means of residual "factors" set to 0
  [v2@0];
  [v3@0];
  [v4@0];

  p4 on p3 (a); ! Autoregressive paths constrained to equality
  p3 on p2 (a);
  p2 on p1 (a);

  v4 on v3 (b); ! Autoregressive paths constrained to equality
  v3 on v2 (b);
  v2 on v1 (b);

  p4 on v3 (c); ! Cross-lagged paths constrained to equality
  p3 on v2 (c);
  p2 on v1 (c);

  v4 on p3 (d); ! Cross-lagged paths constrained to equality
  v3 on p2 (d);
  v2 on p1 (d);

  p1 with v1; !(this one is not like the others)

  p2 with v2 (e); ! Within-wave correlations constrained to equality
  p3 with v3 (e);
  p4 with v4 (e);

  p2 p3 p4 (f); ! estimate variances of residual "factors"
  v2 v3 v4 (g); ! estimate variances of residual "factors"

  MODEL d2:

  p4 on p3 (a2); ! Autoregressive paths constrained to equality
  p3 on p2 (a2);
  p2 on p1 (a2);

  v4 on v3 (b2); ! Autoregressive paths constrained to equality
  v3 on v2 (b2);
  v2 on v1 (b2);

  p4 on v3 (c2); ! Cross-lagged paths constrained to equality
  p3 on v2 (c2);
  p2 on v1 (c2);

  v4 on p3 (d2); ! Cross-lagged paths constrained to equality
  v3 on p2 (d2);
  v2 on p1 (d2);

  p1 with v1; !(this one is not like the others)

  p2 with v2 (e2); ! Within-wave correlations constrained to equality
  p3 with v3 (e2);
  p4 with v4 (e2);

  p2 p3 p4 (f2); ! estimate variances of residual "factors"
  v2 v3 v4 (g2); ! estimate variances of residual "factors"

  MODEL d3:

  p4 on p3 (a3); ! Autoregressive paths constrained to equality
  p3 on p2 (a3);
  p2 on p1 (a3);

  v4 on v3 (b3); ! Autoregressive paths constrained to equality
  v3 on v2 (b3);
  v2 on v1 (b3);

  p4 on v3 (c3); ! Cross-lagged paths constrained to equality
  p3 on v2 (c3);
  p2 on v1 (c3);

  v4 on p3 (d3); ! Cross-lagged paths constrained to equality
  v3 on p2 (d3);
  v2 on p1 (d3);

  p1 with v1; !(this one is not like the others)

  p2 with v2 (e3); ! Within-wave correlations constrained to equality
  p3 with v3 (e3);
  p4 with v4 (e3);

  p2 p3 p4 (f3); ! estimate variances of residual "factors"
  v2 v3 v4 (g3); ! estimate variances of residual "factors"

  MODEL d4:

  p4 on p3 (a4); ! Autoregressive paths constrained to equality
  p3 on p2 (a4);
  p2 on p1 (a4);

  v4 on v3 (b4); ! Autoregressive paths constrained to equality
  v3 on v2 (b4);
  v2 on v1 (b4);

  p4 on v3 (c4); ! Cross-lagged paths constrained to equality
  p3 on v2 (c4);
  p2 on v1 (c4);

  v4 on p3 (d4); ! Cross-lagged paths constrained to equality
  v3 on p2 (d4);
  v2 on p1 (d4);

  p1 with v1; !(this one is not like the others)

  p2 with v2 (e4); ! Within-wave correlations constrained to equality
  p3 with v3 (e4);
  p4 with v4 (e4);

  p2 p3 p4 (f4); ! estimate variances of residual "factors"
  v2 v3 v4 (g4); ! estimate variances of residual "factors"

  MODEL d5:

  p4 on p3 (a5); ! Autoregressive paths constrained to equality
  p3 on p2 (a5);
  p2 on p1 (a5);

  v4 on v3 (b5); ! Autoregressive paths constrained to equality
  v3 on v2 (b5);
  v2 on v1 (b5);

  p4 on v3 (c5); ! Cross-lagged paths constrained to equality
  p3 on v2 (c5);
  p2 on v1 (c5);

  v4 on p3 (d5); ! Cross-lagged paths constrained to equality
  v3 on p2 (d5);
  v2 on p1 (d5);

  p1 with v1; !(this one is not like the others)

  p2 with v2 (e5); ! Within-wave correlations constrained to equality
  p3 with v3 (e5);
  p4 with v4 (e5);

  p2 p3 p4 (f5); ! estimate variances of residual "factors"
  v2 v3 v4 (g5); ! estimate variances of residual "factors"

  OUTPUT: SAMPSTAT PATTERNS;



*** WARNING in VARIABLE command
  Note that only the first 8 characters of variable names are used in the output.
  Shorten variable names to avoid any confusion.
*** WARNING
  Data set contains unknown or missing values for GROUPING,
  PATTERN, COHORT, CLUSTER and/or STRATIFICATION variables.
  Number of cases with unknown or missing values:  5
   2 WARNING(S) FOUND IN THE INPUT INSTRUCTIONS



PxVx Bivariate LCM-SR - decadegroup - Linear bfi_o with Linear vrt_col_d;

SUMMARY OF ANALYSIS

Number of groups                                                 4
Number of observations
   Group D2                                                    301
   Group D3                                                    233
   Group D4                                                    198
   Group D5                                                    132
   Total sample size                                           864

Number of dependent variables                                    8
Number of independent variables                                  0
Number of continuous latent variables                           12

Observed dependent variables

  Continuous
   ABFI_O      BBFI_O      CBFI_O      DBFI_O      AVRT_COL_D  BVRT_COL_D
   CVRT_COL_D  DVRT_COL_D

Continuous latent variables
   P1          P2          P3          P4          V1          V2
   V3          V4          I_BFI_O     S_BFI_O     I_VRT_CO    S_VRT_CO

Variables with special functions

  Grouping variable     AAGEGRP

  Time scores
   A1          A2          A3          A4


Estimator                                                      MLR
Information matrix                                        OBSERVED
Maximum number of iterations                                   100
Convergence criterion                                    0.100D-05
Maximum number of EM iterations                                500
Convergence criteria for the EM algorithm
  Loglikelihood change                                   0.100D-02
  Relative loglikelihood change                          0.100D-05
  Derivative                                             0.100D-03
Minimum variance                                         0.100D-03
Maximum number of steepest descent iterations                   20
Maximum number of iterations for H1                           2000
Convergence criterion for H1                             0.100D-03
Optimization algorithm                                         EMA

Input data file(s)
  /home/jflournoy/code_new/lnt_pxvx/Data/lnt_nat_recalc.tsv
Input data format  FREE


SUMMARY OF DATA

   Group D2
     Number of missing data patterns            14

   Group D3
     Number of missing data patterns            11

   Group D4
     Number of missing data patterns            15

   Group D5
     Number of missing data patterns             9


SUMMARY OF MISSING DATA PATTERNS


     MISSING DATA PATTERNS (x = not missing) FOR D2

           1  2  3  4  5  6  7  8  9 10 11 12 13 14
 ABFI_O    x  x  x  x  x  x  x  x  x  x  x  x  x  x
 BBFI_O    x     x  x  x  x           x  x  x     x
 CBFI_O    x        x     x     x  x  x  x  x  x
 DBFI_O    x     x  x        x     x     x     x
 AVRT_COL  x  x  x  x  x  x  x  x  x  x  x  x  x  x
 BVRT_COL  x     x  x  x  x           x     x
 CVRT_COL  x              x     x  x     x  x  x
 DVRT_COL  x     x  x        x     x     x  x


     MISSING DATA PATTERN FREQUENCIES FOR D2

    Pattern   Frequency     Pattern   Frequency     Pattern   Frequency
          1         187           6          13          11           2
          2          57           7          11          12           1
          3           6           8           4          13           1
          4           1           9           5          14           1
          5          11          10           1


     MISSING DATA PATTERNS (x = not missing) FOR D3

           1  2  3  4  5  6  7  8  9 10 11
 ABFI_O    x  x  x  x  x  x  x  x  x  x  x
 BBFI_O    x     x  x  x           x  x
 CBFI_O    x           x     x  x     x
 DBFI_O    x     x        x     x     x  x
 AVRT_COL  x  x  x  x  x  x  x  x  x  x  x
 BVRT_COL  x     x  x  x              x
 CVRT_COL  x           x     x  x     x
 DVRT_COL  x     x        x     x


     MISSING DATA PATTERN FREQUENCIES FOR D3

    Pattern   Frequency     Pattern   Frequency     Pattern   Frequency
          1         140           5           6           9           1
          2          43           6           3          10           1
          3           8           7           7          11           2
          4          15           8           7


     MISSING DATA PATTERNS (x = not missing) FOR D4

           1  2  3  4  5  6  7  8  9 10 11 12 13 14 15
 ABFI_O    x  x  x  x  x  x  x  x  x  x  x  x  x  x  x
 BBFI_O    x     x  x  x  x           x     x     x
 CBFI_O    x        x     x     x  x  x  x           x
 DBFI_O    x     x  x        x     x  x  x        x
 AVRT_COL  x  x  x  x  x  x  x  x  x  x  x  x     x  x
 BVRT_COL  x     x  x  x  x
 CVRT_COL  x              x     x  x  x  x
 DVRT_COL  x     x  x        x     x  x           x


     MISSING DATA PATTERN FREQUENCIES FOR D4

    Pattern   Frequency     Pattern   Frequency     Pattern   Frequency
          1         104           6          15          11           1
          2          39           7           4          12           2
          3           7           8           4          13           1
          4           1           9           5          14           1
          5          12          10           1          15           1


     MISSING DATA PATTERNS (x = not missing) FOR D5

           1  2  3  4  5  6  7  8  9
 ABFI_O    x  x  x  x  x  x  x  x
 BBFI_O    x     x  x  x
 CBFI_O    x           x     x  x
 DBFI_O    x     x        x     x  x
 AVRT_COL  x  x  x  x  x  x  x  x  x
 BVRT_COL  x     x  x  x
 CVRT_COL  x           x     x  x
 DVRT_COL  x     x        x     x  x


     MISSING DATA PATTERN FREQUENCIES FOR D5

    Pattern   Frequency     Pattern   Frequency     Pattern   Frequency
          1          61           4          10           7           6
          2          29           5          11           8           4
          3           5           6           5           9           1


COVARIANCE COVERAGE OF DATA

Minimum covariance coverage value   0.100


     PROPORTION OF DATA PRESENT FOR D2


           Covariance Coverage
              ABFI_O        BBFI_O        CBFI_O        DBFI_O        AVRT_COL
              ________      ________      ________      ________      ________
 ABFI_O         1.000
 BBFI_O         0.741         0.741
 CBFI_O         0.714         0.681         0.714
 DBFI_O         0.708         0.651         0.651         0.708
 AVRT_COL       1.000         0.741         0.714         0.708         1.000
 BVRT_COL       0.731         0.731         0.674         0.645         0.731
 CVRT_COL       0.708         0.674         0.708         0.648         0.708
 DVRT_COL       0.708         0.654         0.651         0.704         0.708


           Covariance Coverage
              BVRT_COL      CVRT_COL      DVRT_COL
              ________      ________      ________
 BVRT_COL       0.731
 CVRT_COL       0.668         0.708
 DVRT_COL       0.648         0.648         0.708


     PROPORTION OF DATA PRESENT FOR D3


           Covariance Coverage
              ABFI_O        BBFI_O        CBFI_O        DBFI_O        AVRT_COL
              ________      ________      ________      ________      ________
 ABFI_O         1.000
 BBFI_O         0.751         0.751
 CBFI_O         0.725         0.691         0.725
 DBFI_O         0.742         0.708         0.678         0.742
 AVRT_COL       1.000         0.751         0.725         0.742         1.000
 BVRT_COL       0.742         0.742         0.682         0.700         0.742
 CVRT_COL       0.657         0.622         0.657         0.614         0.657
 DVRT_COL       0.742         0.708         0.678         0.742         0.742


           Covariance Coverage
              BVRT_COL      CVRT_COL      DVRT_COL
              ________      ________      ________
 BVRT_COL       0.742
 CVRT_COL       0.614         0.657
 DVRT_COL       0.700         0.614         0.742


     PROPORTION OF DATA PRESENT FOR D4


           Covariance Coverage
              ABFI_O        BBFI_O        CBFI_O        DBFI_O        AVRT_COL
              ________      ________      ________      ________      ________
 ABFI_O         1.000
 BBFI_O         0.732         0.732
 CBFI_O         0.682         0.631         0.682
 DBFI_O         0.626         0.576         0.571         0.626
 AVRT_COL       1.000         0.732         0.682         0.626         1.000
 BVRT_COL       0.722         0.722         0.626         0.571         0.722
 CVRT_COL       0.672         0.621         0.672         0.566         0.672
 DVRT_COL       0.626         0.581         0.571         0.616         0.626


           Covariance Coverage
              BVRT_COL      CVRT_COL      DVRT_COL
              ________      ________      ________
 BVRT_COL       0.722
 CVRT_COL       0.616         0.672
 DVRT_COL       0.576         0.566         0.626


     PROPORTION OF DATA PRESENT FOR D5


           Covariance Coverage
              ABFI_O        BBFI_O        CBFI_O        DBFI_O        AVRT_COL
              ________      ________      ________      ________      ________
 ABFI_O         1.000
 BBFI_O         0.697         0.697
 CBFI_O         0.614         0.576         0.614
 DBFI_O         0.629         0.576         0.545         0.629
 AVRT_COL       1.000         0.697         0.614         0.629         1.000
 BVRT_COL       0.697         0.697         0.576         0.576         0.697
 CVRT_COL       0.538         0.500         0.538         0.470         0.538
 DVRT_COL       0.629         0.576         0.545         0.629         0.629


           Covariance Coverage
              BVRT_COL      CVRT_COL      DVRT_COL
              ________      ________      ________
 BVRT_COL       0.697
 CVRT_COL       0.500         0.538
 DVRT_COL       0.576         0.470         0.629


SAMPLE STATISTICS


     ESTIMATED SAMPLE STATISTICS FOR D2


           Means
              ABFI_O        BBFI_O        CBFI_O        DBFI_O        AVRT_COL
              ________      ________      ________      ________      ________
               74.525        74.126        72.970        72.076        64.729


           Means
              BVRT_COL      CVRT_COL      DVRT_COL
              ________      ________      ________
               62.251        62.433        60.982


           Covariances
              ABFI_O        BBFI_O        CBFI_O        DBFI_O        AVRT_COL
              ________      ________      ________      ________      ________
 ABFI_O       225.158
 BBFI_O       179.919       220.513
 CBFI_O       192.161       183.163       250.675
 DBFI_O       168.464       172.714       207.351       247.704
 AVRT_COL       5.943        12.886        14.151        -9.732       370.460
 BVRT_COL     -19.602         6.083         3.990       -23.044       260.064
 CVRT_COL     -14.178        24.461         5.561        -6.149       228.267
 DVRT_COL     -17.104        21.774       -12.180       -15.448       256.706


           Covariances
              BVRT_COL      CVRT_COL      DVRT_COL
              ________      ________      ________
 BVRT_COL     423.943
 CVRT_COL     268.879       438.000
 DVRT_COL     299.644       290.396       457.380


           Correlations
              ABFI_O        BBFI_O        CBFI_O        DBFI_O        AVRT_COL
              ________      ________      ________      ________      ________
 ABFI_O         1.000
 BBFI_O         0.807         1.000
 CBFI_O         0.809         0.779         1.000
 DBFI_O         0.713         0.739         0.832         1.000
 AVRT_COL       0.021         0.045         0.046        -0.032         1.000
 BVRT_COL      -0.063         0.020         0.012        -0.071         0.656
 CVRT_COL      -0.045         0.079         0.017        -0.019         0.567
 DVRT_COL      -0.053         0.069        -0.036        -0.046         0.624


           Correlations
              BVRT_COL      CVRT_COL      DVRT_COL
              ________      ________      ________
 BVRT_COL       1.000
 CVRT_COL       0.624         1.000
 DVRT_COL       0.680         0.649         1.000


     ESTIMATED SAMPLE STATISTICS FOR D3


           Means
              ABFI_O        BBFI_O        CBFI_O        DBFI_O        AVRT_COL
              ________      ________      ________      ________      ________
               75.123        73.799        72.896        72.914        68.526


           Means
              BVRT_COL      CVRT_COL      DVRT_COL
              ________      ________      ________
               67.251        65.186        65.940


           Covariances
              ABFI_O        BBFI_O        CBFI_O        DBFI_O        AVRT_COL
              ________      ________      ________      ________      ________
 ABFI_O       202.548
 BBFI_O       164.023       208.349
 CBFI_O       162.714       177.323       235.609
 DBFI_O       154.417       165.528       181.964       211.224
 AVRT_COL       7.692        10.435       -19.527        -8.175       410.972
 BVRT_COL     -13.897       -25.920       -43.859       -27.518       264.108
 CVRT_COL     -30.519       -37.551       -53.912       -52.269       274.922
 DVRT_COL     -13.592       -13.814       -49.930       -42.809       281.580


           Covariances
              BVRT_COL      CVRT_COL      DVRT_COL
              ________      ________      ________
 BVRT_COL     388.446
 CVRT_COL     285.034       469.679
 DVRT_COL     259.963       333.926       414.638


           Correlations
              ABFI_O        BBFI_O        CBFI_O        DBFI_O        AVRT_COL
              ________      ________      ________      ________      ________
 ABFI_O         1.000
 BBFI_O         0.798         1.000
 CBFI_O         0.745         0.800         1.000
 DBFI_O         0.747         0.789         0.816         1.000
 AVRT_COL       0.027         0.036        -0.063        -0.028         1.000
 BVRT_COL      -0.050        -0.091        -0.145        -0.096         0.661
 CVRT_COL      -0.099        -0.120        -0.162        -0.166         0.626
 DVRT_COL      -0.047        -0.047        -0.160        -0.145         0.682


           Correlations
              BVRT_COL      CVRT_COL      DVRT_COL
              ________      ________      ________
 BVRT_COL       1.000
 CVRT_COL       0.667         1.000
 DVRT_COL       0.648         0.757         1.000


     ESTIMATED SAMPLE STATISTICS FOR D4


           Means
              ABFI_O        BBFI_O        CBFI_O        DBFI_O        AVRT_COL
              ________      ________      ________      ________      ________
               73.194        72.460        71.028        73.408        68.256


           Means
              BVRT_COL      CVRT_COL      DVRT_COL
              ________      ________      ________
               69.418        65.702        66.311


           Covariances
              ABFI_O        BBFI_O        CBFI_O        DBFI_O        AVRT_COL
              ________      ________      ________      ________      ________
 ABFI_O       222.470
 BBFI_O       200.275       249.637
 CBFI_O       214.391       228.597       278.152
 DBFI_O       201.740       210.474       231.160       255.036
 AVRT_COL     -12.018        -9.802       -28.697       -17.264       362.418
 BVRT_COL      -4.924        -0.238        -4.271         9.149       273.189
 CVRT_COL       8.771         6.728        10.085        25.814       254.163
 DVRT_COL     -22.881       -28.834       -29.444       -15.699       258.429


           Covariances
              BVRT_COL      CVRT_COL      DVRT_COL
              ________      ________      ________
 BVRT_COL     359.766
 CVRT_COL     285.648       415.801
 DVRT_COL     293.217       306.592       390.751


           Correlations
              ABFI_O        BBFI_O        CBFI_O        DBFI_O        AVRT_COL
              ________      ________      ________      ________      ________
 ABFI_O         1.000
 BBFI_O         0.850         1.000
 CBFI_O         0.862         0.868         1.000
 DBFI_O         0.847         0.834         0.868         1.000
 AVRT_COL      -0.042        -0.033        -0.090        -0.057         1.000
 BVRT_COL      -0.017        -0.001        -0.014         0.030         0.757
 CVRT_COL       0.029         0.021         0.030         0.079         0.655
 DVRT_COL      -0.078        -0.092        -0.089        -0.050         0.687


           Correlations
              BVRT_COL      CVRT_COL      DVRT_COL
              ________      ________      ________
 BVRT_COL       1.000
 CVRT_COL       0.739         1.000
 DVRT_COL       0.782         0.761         1.000


     ESTIMATED SAMPLE STATISTICS FOR D5


           Means
              ABFI_O        BBFI_O        CBFI_O        DBFI_O        AVRT_COL
              ________      ________      ________      ________      ________
               74.354        74.283        72.253        71.152        70.423


           Means
              BVRT_COL      CVRT_COL      DVRT_COL
              ________      ________      ________
               70.176        66.642        68.280


           Covariances
              ABFI_O        BBFI_O        CBFI_O        DBFI_O        AVRT_COL
              ________      ________      ________      ________      ________
 ABFI_O       254.337
 BBFI_O       211.699       233.353
 CBFI_O       222.609       219.336       285.549
 DBFI_O       250.121       235.958       266.436       309.945
 AVRT_COL     -34.934       -24.528       -41.429       -32.044       454.772
 BVRT_COL     -25.873        -0.384       -24.237       -28.252       298.068
 CVRT_COL     -72.379       -62.013       -85.253       -95.839       325.474
 DVRT_COL     -74.027       -58.133       -74.926       -71.168       328.961


           Covariances
              BVRT_COL      CVRT_COL      DVRT_COL
              ________      ________      ________
 BVRT_COL     430.896
 CVRT_COL     315.581       448.195
 DVRT_COL     346.691       350.212       431.382


           Correlations
              ABFI_O        BBFI_O        CBFI_O        DBFI_O        AVRT_COL
              ________      ________      ________      ________      ________
 ABFI_O         1.000
 BBFI_O         0.869         1.000
 CBFI_O         0.826         0.850         1.000
 DBFI_O         0.891         0.877         0.896         1.000
 AVRT_COL      -0.103        -0.075        -0.115        -0.085         1.000
 BVRT_COL      -0.078        -0.001        -0.069        -0.077         0.673
 CVRT_COL      -0.214        -0.192        -0.238        -0.257         0.721
 DVRT_COL      -0.223        -0.183        -0.213        -0.195         0.743


           Correlations
              BVRT_COL      CVRT_COL      DVRT_COL
              ________      ________      ________
 BVRT_COL       1.000
 CVRT_COL       0.718         1.000
 DVRT_COL       0.804         0.796         1.000


     MAXIMUM LOG-LIKELIHOOD VALUE FOR THE UNRESTRICTED (H1) MODEL IS -20792.897


UNIVARIATE SAMPLE STATISTICS


     UNIVARIATE HIGHER-ORDER MOMENT DESCRIPTIVE STATISTICS FOR D2

         Variable/         Mean/     Skewness/   Minimum/ % with                Percentiles
        Sample Size      Variance    Kurtosis    Maximum  Min/Max      20%/60%    40%/80%    Median

     ABFI_O               74.525      -0.610      30.000    0.33%      62.500     72.500     75.000
             301.000     225.158      -0.073     100.000    1.66%      80.000     87.500
     BBFI_O               74.096      -0.620      22.500    0.45%      62.500     72.500     75.000
             223.000     212.981       0.140     100.000    2.24%      80.000     87.500
     CBFI_O               73.111      -0.519      35.000    1.86%      60.000     70.000     75.000
             215.000     243.143      -0.442     100.000    0.47%      80.000     87.500
     DBFI_O               72.666      -0.512      22.500    0.47%      60.000     70.000     75.000
             213.000     240.244      -0.215     100.000    1.41%      77.500     85.000
     AVRT_COL_D           64.729      -0.395       8.333    0.66%      50.000     58.333     66.667
             301.000     370.460      -0.022     100.000    4.65%      75.000     83.333
     BVRT_COL_D           61.761      -0.215       8.333    0.45%      41.667     58.333     58.333
             220.000     424.249      -0.614     100.000    4.09%      66.667     83.333
     CVRT_COL_D           61.894      -0.349       8.333    0.94%      41.667     58.333     66.667
             213.000     440.833      -0.434     100.000    3.76%      66.667     83.333
     DVRT_COL_D           60.876      -0.257       8.333    0.47%      41.667     58.333     66.667
             213.000     462.691      -0.782     100.000    2.82%      66.667     83.333


     UNIVARIATE HIGHER-ORDER MOMENT DESCRIPTIVE STATISTICS FOR D3

         Variable/         Mean/     Skewness/   Minimum/ % with                Percentiles
        Sample Size      Variance    Kurtosis    Maximum  Min/Max      20%/60%    40%/80%    Median

     ABFI_O               75.123      -0.393      27.500    0.86%      62.500     70.000     75.000
             233.000     202.548      -0.091     100.000    2.58%      80.000     87.500
     BBFI_O               73.894      -0.282      37.500    2.92%      60.000     70.000     75.000
             171.000     201.247      -0.423     100.000    0.58%      77.500     87.500
     CBFI_O               72.492      -0.452      30.000    0.62%      60.000     70.000     72.500
             161.000     232.735      -0.127     100.000    0.62%      77.500     87.500
     DBFI_O               72.900      -0.636      30.000    0.62%      62.500     70.000     75.000
             161.000     214.516       0.031      97.500    1.24%      77.500     85.000
     AVRT_COL_D           68.526      -0.469      16.667    1.29%      50.000     66.667     66.667
             233.000     410.972      -0.406     100.000    7.30%      75.000     87.500
     BVRT_COL_D           66.716      -0.333      16.667    2.35%      50.000     58.333     66.667
             170.000     400.733      -0.242     100.000    7.65%      75.000     83.333
     CVRT_COL_D           64.674      -0.672       0.000    0.62%      50.000     58.333     66.667
             161.000     474.915       0.262     100.000    5.59%      75.000     83.333
     DVRT_COL_D           65.295      -0.687       0.000    0.63%      50.000     66.667     66.667
             158.000     437.641       0.430     100.000    6.33%      75.000     83.333


     UNIVARIATE HIGHER-ORDER MOMENT DESCRIPTIVE STATISTICS FOR D4

         Variable/         Mean/     Skewness/   Minimum/ % with                Percentiles
        Sample Size      Variance    Kurtosis    Maximum  Min/Max      20%/60%    40%/80%    Median

     ABFI_O               73.194      -0.276      35.000    0.51%      60.000     70.000     73.750
             198.000     222.470      -0.617     100.000    1.01%      77.500     87.500
     BBFI_O               73.364      -0.392      32.500    0.70%      60.000     70.000     75.000
             143.000     255.207      -0.580     100.000    0.70%      80.000     90.000
     CBFI_O               72.367      -0.451      27.500    0.76%      60.000     70.000     75.000
             132.000     280.049      -0.333     100.000    3.03%      77.500     87.500
     DBFI_O               73.936      -0.698      30.000    0.81%      60.000     70.000     75.000
             124.000     274.369      -0.176      97.500    4.84%      80.000     90.000
     AVRT_COL_D           68.253      -0.371       8.333    0.51%      50.000     66.667     75.000
             197.000     362.420      -0.416     100.000    5.58%      75.000     83.333
     BVRT_COL_D           67.806      -0.167      25.000    1.44%      50.000     58.333     66.667
             139.000     380.647      -0.975     100.000    5.76%      75.000     87.500
     CVRT_COL_D           64.936      -0.327       0.000    0.77%      50.000     58.333     66.667
             130.000     439.846      -0.261     100.000    6.92%      66.667     83.333
     DVRT_COL_D           64.905      -0.365       0.000    0.81%      50.000     58.333     66.667
             123.000     423.726      -0.127     100.000    6.50%      75.000     83.333


     UNIVARIATE HIGHER-ORDER MOMENT DESCRIPTIVE STATISTICS FOR D5

         Variable/         Mean/     Skewness/   Minimum/ % with                Percentiles
        Sample Size      Variance    Kurtosis    Maximum  Min/Max      20%/60%    40%/80%    Median

     ABFI_O               74.470      -0.319      30.000    0.76%      60.000     70.000     75.000
             131.000     254.085      -0.473     100.000    5.34%      80.556     87.500
     BBFI_O               74.638      -0.522      30.556    1.15%      62.500     70.000     75.000
              87.000     233.340       0.054     100.000    2.30%      80.000     87.500
     CBFI_O               72.652      -0.822      12.500    1.22%      60.000     70.000     75.000
              82.000     284.657       1.122     100.000    2.44%      77.500     87.500
     DBFI_O               74.112      -0.762      15.000    1.32%      57.500     72.500     76.250
              76.000     293.043       0.548     100.000    1.32%      82.500     90.000
     AVRT_COL_D           70.423      -0.656       8.333    0.76%      50.000     66.667     75.000
             132.000     454.772      -0.147     100.000   10.61%      75.000     91.667
     BVRT_COL_D           72.318      -0.634       8.333    1.15%      58.333     66.667     75.000
              87.000     366.370       0.352     100.000   10.34%      75.000     91.667
     CVRT_COL_D           67.581      -0.640       8.333    2.44%      50.000     66.667     66.667
              82.000     411.596       0.284     100.000    6.10%      75.000     83.333
     DVRT_COL_D           69.298      -0.768       0.000    1.32%      50.000     66.667     75.000
              76.000     378.674       0.869     100.000    6.58%      75.000     83.333


THE MODEL ESTIMATION TERMINATED NORMALLY



MODEL FIT INFORMATION

Number of Free Parameters                       96

Loglikelihood

          H0 Value                      -20877.475
          H0 Scaling Correction Factor      1.0454
            for MLR

Information Criteria

          Akaike (AIC)                   41946.949
          Bayesian (BIC)                 42404.060
          Sample-Size Adjusted BIC       42099.189
            (n* = (n + 2) / 24)



MODEL RESULTS

                                                    Two-Tailed
                    Estimate       S.E.  Est./S.E.    P-Value

Group D2

 P1       BY
    ABFI_O             1.000      0.000    999.000    999.000

 P2       BY
    BBFI_O             1.000      0.000    999.000    999.000

 P3       BY
    CBFI_O             1.000      0.000    999.000    999.000

 P4       BY
    DBFI_O             1.000      0.000    999.000    999.000

 V1       BY
    AVRT_COL_D         1.000      0.000    999.000    999.000

 V2       BY
    BVRT_COL_D         1.000      0.000    999.000    999.000

 V3       BY
    CVRT_COL_D         1.000      0.000    999.000    999.000

 V4       BY
    DVRT_COL_D         1.000      0.000    999.000    999.000

 P4         ON
    P3                 0.215      0.116      1.856      0.064
    V3                 0.000      0.045     -0.007      0.995

 P3         ON
    P2                 0.215      0.116      1.856      0.064
    V2                 0.000      0.045     -0.007      0.995

 P2         ON
    P1                 0.215      0.116      1.856      0.064
    V1                 0.000      0.045     -0.007      0.995

 V4         ON
    V3                 0.046      0.080      0.574      0.566
    P3                -0.039      0.132     -0.296      0.768

 V3         ON
    V2                 0.046      0.080      0.574      0.566
    P2                -0.039      0.132     -0.296      0.768

 V2         ON
    V1                 0.046      0.080      0.574      0.566
    P1                -0.039      0.132     -0.296      0.768

 S_BFI_O  WITH
    I_BFI_O           13.865     11.010      1.259      0.208
    S_VRT_COL_         0.260      1.024      0.254      0.800
    I_VRT_COL_         2.663     10.205      0.261      0.794

 I_BFI_O  WITH
    S_VRT_COL_         2.071     11.045      0.187      0.851
    I_VRT_COL_        18.691    104.697      0.179      0.858

 S_VRT_CO WITH
    I_VRT_COL_        31.832     18.128      1.756      0.079

 P1       WITH
    V1                14.877     10.130      1.469      0.142

 P2       WITH
    V2                -1.476      7.149     -0.206      0.836

 P3       WITH
    V3                -1.476      7.149     -0.206      0.836

 P4       WITH
    V4                -1.476      7.149     -0.206      0.836

 Means
    P1                 0.000      0.000    999.000    999.000
    V1                 0.000      0.000    999.000    999.000
    I_BFI_O           66.417      2.255     29.452      0.000
    S_BFI_O           -0.704      0.196     -3.595      0.000
    I_VRT_COL_        59.542      3.086     19.295      0.000
    S_VRT_COL_        -0.358      0.289     -1.241      0.215

 Intercepts
    ABFI_O             0.000      0.000    999.000    999.000
    BBFI_O             0.000      0.000    999.000    999.000
    CBFI_O             0.000      0.000    999.000    999.000
    DBFI_O             0.000      0.000    999.000    999.000
    AVRT_COL_D         0.000      0.000    999.000    999.000
    BVRT_COL_D         0.000      0.000    999.000    999.000
    CVRT_COL_D         0.000      0.000    999.000    999.000
    DVRT_COL_D         0.000      0.000    999.000    999.000
    P2                 0.000      0.000    999.000    999.000
    P3                 0.000      0.000    999.000    999.000
    P4                 0.000      0.000    999.000    999.000
    V2                 0.000      0.000    999.000    999.000
    V3                 0.000      0.000    999.000    999.000
    V4                 0.000      0.000    999.000    999.000

 Variances
    P1                54.824     11.787      4.651      0.000
    V1               129.310     22.843      5.661      0.000
    I_BFI_O          360.472    121.764      2.960      0.003
    S_BFI_O            0.859      1.051      0.817      0.414
    I_VRT_COL_       540.392    183.047      2.952      0.003
    S_VRT_COL_         3.357      1.864      1.801      0.072

 Residual Variances
    ABFI_O             0.000      0.000    999.000    999.000
    BBFI_O             0.000      0.000    999.000    999.000
    CBFI_O             0.000      0.000    999.000    999.000
    DBFI_O             0.000      0.000    999.000    999.000
    AVRT_COL_D         0.000      0.000    999.000    999.000
    BVRT_COL_D         0.000      0.000    999.000    999.000
    CVRT_COL_D         0.000      0.000    999.000    999.000
    DVRT_COL_D         0.000      0.000    999.000    999.000
    P2                55.938      6.689      8.362      0.000
    P3                55.938      6.689      8.362      0.000
    P4                55.938      6.689      8.362      0.000
    V2               162.415     15.424     10.530      0.000
    V3               162.415     15.424     10.530      0.000
    V4               162.415     15.424     10.530      0.000

Group D3

 P1       BY
    ABFI_O             1.000      0.000    999.000    999.000

 P2       BY
    BBFI_O             1.000      0.000    999.000    999.000

 P3       BY
    CBFI_O             1.000      0.000    999.000    999.000

 P4       BY
    DBFI_O             1.000      0.000    999.000    999.000

 V1       BY
    AVRT_COL_D         1.000      0.000    999.000    999.000

 V2       BY
    BVRT_COL_D         1.000      0.000    999.000    999.000

 V3       BY
    CVRT_COL_D         1.000      0.000    999.000    999.000

 V4       BY
    DVRT_COL_D         1.000      0.000    999.000    999.000

 P4         ON
    P3                 0.205      0.134      1.523      0.128
    V3                -0.025      0.048     -0.531      0.595

 P3         ON
    P2                 0.205      0.134      1.523      0.128
    V2                -0.025      0.048     -0.531      0.595

 P2         ON
    P1                 0.205      0.134      1.523      0.128
    V1                -0.025      0.048     -0.531      0.595

 V4         ON
    V3                 0.154      0.078      1.962      0.050
    P3                -0.164      0.132     -1.246      0.213

 V3         ON
    V2                 0.154      0.078      1.962      0.050
    P2                -0.164      0.132     -1.246      0.213

 V2         ON
    V1                 0.154      0.078      1.962      0.050
    P1                -0.164      0.132     -1.246      0.213

 S_BFI_O  WITH
    I_BFI_O            1.319      2.357      0.560      0.576
    S_VRT_COL_        -0.045      0.987     -0.046      0.964
    I_VRT_COL_        -2.728      4.801     -0.568      0.570

 I_BFI_O  WITH
    S_VRT_COL_        -1.448      5.127     -0.283      0.778
    I_VRT_COL_       -14.133     21.777     -0.649      0.516

 S_VRT_CO WITH
    I_VRT_COL_         1.995      5.727      0.348      0.728

 P1       WITH
    V1                 5.883     11.035      0.533      0.594

 P2       WITH
    V2                -9.919      7.648     -1.297      0.195

 P3       WITH
    V3                -9.919      7.648     -1.297      0.195

 P4       WITH
    V4                -9.919      7.648     -1.297      0.195

 Means
    P1                 0.000      0.000    999.000    999.000
    V1                 0.000      0.000    999.000    999.000
    I_BFI_O           73.678      0.920     80.105      0.000
    S_BFI_O           -0.465      0.203     -2.294      0.022
    I_VRT_COL_        66.938      1.264     52.975      0.000
    S_VRT_COL_        -0.220      0.299     -0.737      0.461

 Intercepts
    ABFI_O             0.000      0.000    999.000    999.000
    BBFI_O             0.000      0.000    999.000    999.000
    CBFI_O             0.000      0.000    999.000    999.000
    DBFI_O             0.000      0.000    999.000    999.000
    AVRT_COL_D         0.000      0.000    999.000    999.000
    BVRT_COL_D         0.000      0.000    999.000    999.000
    CVRT_COL_D         0.000      0.000    999.000    999.000
    DVRT_COL_D         0.000      0.000    999.000    999.000
    P2                 0.000      0.000    999.000    999.000
    P3                 0.000      0.000    999.000    999.000
    P4                 0.000      0.000    999.000    999.000
    V2                 0.000      0.000    999.000    999.000
    V3                 0.000      0.000    999.000    999.000
    V4                 0.000      0.000    999.000    999.000

 Variances
    P1                53.543      9.755      5.489      0.000
    V1               150.600     23.797      6.329      0.000
    I_BFI_O          158.259     19.121      8.277      0.000
    S_BFI_O            0.265      1.091      0.243      0.808
    I_VRT_COL_       270.989     39.039      6.942      0.000
    S_VRT_COL_         0.256      2.516      0.102      0.919

 Residual Variances
    ABFI_O             0.000      0.000    999.000    999.000
    BBFI_O             0.000      0.000    999.000    999.000
    CBFI_O             0.000      0.000    999.000    999.000
    DBFI_O             0.000      0.000    999.000    999.000
    AVRT_COL_D         0.000      0.000    999.000    999.000
    BVRT_COL_D         0.000      0.000    999.000    999.000
    CVRT_COL_D         0.000      0.000    999.000    999.000
    DVRT_COL_D         0.000      0.000    999.000    999.000
    P2                50.872      8.000      6.359      0.000
    P3                50.872      8.000      6.359      0.000
    P4                50.872      8.000      6.359      0.000
    V2               147.976     15.432      9.589      0.000
    V3               147.976     15.432      9.589      0.000
    V4               147.976     15.432      9.589      0.000

Group D4

 P1       BY
    ABFI_O             1.000      0.000    999.000    999.000

 P2       BY
    BBFI_O             1.000      0.000    999.000    999.000

 P3       BY
    CBFI_O             1.000      0.000    999.000    999.000

 P4       BY
    DBFI_O             1.000      0.000    999.000    999.000

 V1       BY
    AVRT_COL_D         1.000      0.000    999.000    999.000

 V2       BY
    BVRT_COL_D         1.000      0.000    999.000    999.000

 V3       BY
    CVRT_COL_D         1.000      0.000    999.000    999.000

 V4       BY
    DVRT_COL_D         1.000      0.000    999.000    999.000

 P4         ON
    P3                 0.089      0.130      0.686      0.493
    V3                 0.072      0.057      1.255      0.209

 P3         ON
    P2                 0.089      0.130      0.686      0.493
    V2                 0.072      0.057      1.255      0.209

 P2         ON
    P1                 0.089      0.130      0.686      0.493
    V1                 0.072      0.057      1.255      0.209

 V4         ON
    V3                 0.136      0.094      1.446      0.148
    P3                -0.003      0.140     -0.022      0.983

 V3         ON
    V2                 0.136      0.094      1.446      0.148
    P2                -0.003      0.140     -0.022      0.983

 V2         ON
    V1                 0.136      0.094      1.446      0.148
    P1                -0.003      0.140     -0.022      0.983

 S_BFI_O  WITH
    I_BFI_O           -2.389     11.874     -0.201      0.841
    S_VRT_COL_        -0.020      1.081     -0.018      0.985
    I_VRT_COL_         2.378     11.620      0.205      0.838

 I_BFI_O  WITH
    S_VRT_COL_         3.446     11.657      0.296      0.768
    I_VRT_COL_       -62.808    110.939     -0.566      0.571

 S_VRT_CO WITH
    I_VRT_COL_         3.097     26.329      0.118      0.906

 P1       WITH
    V1                 8.847      8.457      1.046      0.296

 P2       WITH
    V2                 4.740      6.391      0.742      0.458

 P3       WITH
    V3                 4.740      6.391      0.742      0.458

 P4       WITH
    V4                 4.740      6.391      0.742      0.458

 Means
    P1                 0.000      0.000    999.000    999.000
    V1                 0.000      0.000    999.000    999.000
    I_BFI_O           72.145      2.125     33.958      0.000
    S_BFI_O            0.070      0.199      0.349      0.727
    I_VRT_COL_        73.550      2.803     26.241      0.000
    S_VRT_COL_        -0.630      0.288     -2.190      0.028

 Intercepts
    ABFI_O             0.000      0.000    999.000    999.000
    BBFI_O             0.000      0.000    999.000    999.000
    CBFI_O             0.000      0.000    999.000    999.000
    DBFI_O             0.000      0.000    999.000    999.000
    AVRT_COL_D         0.000      0.000    999.000    999.000
    BVRT_COL_D         0.000      0.000    999.000    999.000
    CVRT_COL_D         0.000      0.000    999.000    999.000
    DVRT_COL_D         0.000      0.000    999.000    999.000
    P2                 0.000      0.000    999.000    999.000
    P3                 0.000      0.000    999.000    999.000
    P4                 0.000      0.000    999.000    999.000
    V2                 0.000      0.000    999.000    999.000
    V3                 0.000      0.000    999.000    999.000
    V4                 0.000      0.000    999.000    999.000

 Variances
    P1                31.528      8.077      3.903      0.000
    V1               124.840     19.300      6.468      0.000
    I_BFI_O          205.682    114.150      1.802      0.072
    S_BFI_O            0.440      1.186      0.371      0.710
    I_VRT_COL_       160.444    244.167      0.657      0.511
    S_VRT_COL_         0.469      2.819      0.167      0.868

 Residual Variances
    ABFI_O             0.000      0.000    999.000    999.000
    BBFI_O             0.000      0.000    999.000    999.000
    CBFI_O             0.000      0.000    999.000    999.000
    DBFI_O             0.000      0.000    999.000    999.000
    AVRT_COL_D         0.000      0.000    999.000    999.000
    BVRT_COL_D         0.000      0.000    999.000    999.000
    CVRT_COL_D         0.000      0.000    999.000    999.000
    DVRT_COL_D         0.000      0.000    999.000    999.000
    P2                41.356      7.019      5.892      0.000
    P3                41.356      7.019      5.892      0.000
    P4                41.356      7.019      5.892      0.000
    V2               106.703     12.699      8.403      0.000
    V3               106.703     12.699      8.403      0.000
    V4               106.703     12.699      8.403      0.000

Group D5

 P1       BY
    ABFI_O             1.000      0.000    999.000    999.000

 P2       BY
    BBFI_O             1.000      0.000    999.000    999.000

 P3       BY
    CBFI_O             1.000      0.000    999.000    999.000

 P4       BY
    DBFI_O             1.000      0.000    999.000    999.000

 V1       BY
    AVRT_COL_D         1.000      0.000    999.000    999.000

 V2       BY
    BVRT_COL_D         1.000      0.000    999.000    999.000

 V3       BY
    CVRT_COL_D         1.000      0.000    999.000    999.000

 V4       BY
    DVRT_COL_D         1.000      0.000    999.000    999.000

 P4         ON
    P3                 0.156      0.102      1.528      0.126
    V3                -0.022      0.057     -0.392      0.695

 P3         ON
    P2                 0.156      0.102      1.528      0.126
    V2                -0.022      0.057     -0.392      0.695

 P2         ON
    P1                 0.156      0.102      1.528      0.126
    V1                -0.022      0.057     -0.392      0.695

 V4         ON
    V3                -0.179      0.091     -1.977      0.048
    P3                 0.063      0.138      0.454      0.650

 V3         ON
    V2                -0.179      0.091     -1.977      0.048
    P2                 0.063      0.138      0.454      0.650

 V2         ON
    V1                -0.179      0.091     -1.977      0.048
    P1                 0.063      0.138      0.454      0.650

 S_BFI_O  WITH
    I_BFI_O           -1.172      9.074     -0.129      0.897
    S_VRT_COL_        -0.692      1.039     -0.666      0.505
    I_VRT_COL_        15.166     21.974      0.690      0.490

 I_BFI_O  WITH
    S_VRT_COL_        -2.519     18.770     -0.134      0.893
    I_VRT_COL_       -51.339    378.462     -0.136      0.892

 S_VRT_CO WITH
    I_VRT_COL_       -46.673     62.505     -0.747      0.455

 P1       WITH
    V1                -1.216     11.822     -0.103      0.918

 P2       WITH
    V2                 7.615      5.392      1.412      0.158

 P3       WITH
    V3                 7.615      5.392      1.412      0.158

 P4       WITH
    V4                 7.615      5.392      1.412      0.158

 Means
    P1                 0.000      0.000    999.000    999.000
    V1                 0.000      0.000    999.000    999.000
    I_BFI_O           86.852      5.044     17.218      0.000
    S_BFI_O           -0.768      0.290     -2.648      0.008
    I_VRT_COL_        79.801      8.628      9.250      0.000
    S_VRT_COL_        -0.574      0.484     -1.186      0.236

 Intercepts
    ABFI_O             0.000      0.000    999.000    999.000
    BBFI_O             0.000      0.000    999.000    999.000
    CBFI_O             0.000      0.000    999.000    999.000
    DBFI_O             0.000      0.000    999.000    999.000
    AVRT_COL_D         0.000      0.000    999.000    999.000
    BVRT_COL_D         0.000      0.000    999.000    999.000
    CVRT_COL_D         0.000      0.000    999.000    999.000
    DVRT_COL_D         0.000      0.000    999.000    999.000
    P2                 0.000      0.000    999.000    999.000
    P3                 0.000      0.000    999.000    999.000
    P4                 0.000      0.000    999.000    999.000
    V2                 0.000      0.000    999.000    999.000
    V3                 0.000      0.000    999.000    999.000
    V4                 0.000      0.000    999.000    999.000

 Variances
    P1                43.263     13.103      3.302      0.001
    V1               140.580     29.409      4.780      0.000
    I_BFI_O          137.293    177.776      0.772      0.440
    S_BFI_O            0.424      0.530      0.799      0.424
    I_VRT_COL_      1066.548   1145.906      0.931      0.352
    S_VRT_COL_         2.908      3.418      0.851      0.395

 Residual Variances
    ABFI_O             0.000      0.000    999.000    999.000
    BBFI_O             0.000      0.000    999.000    999.000
    CBFI_O             0.000      0.000    999.000    999.000
    DBFI_O             0.000      0.000    999.000    999.000
    AVRT_COL_D         0.000      0.000    999.000    999.000
    BVRT_COL_D         0.000      0.000    999.000    999.000
    CVRT_COL_D         0.000      0.000    999.000    999.000
    DVRT_COL_D         0.000      0.000    999.000    999.000
    P2                37.493      6.769      5.539      0.000
    P3                37.493      6.769      5.539      0.000
    P4                37.493      6.769      5.539      0.000
    V2                85.986     15.660      5.491      0.000
    V3                85.986     15.660      5.491      0.000
    V4                85.986     15.660      5.491      0.000


QUALITY OF NUMERICAL RESULTS

     Condition Number for the Information Matrix              0.181E-06
       (ratio of smallest to largest eigenvalue)


     Beginning Time:  13:14:29
        Ending Time:  13:14:53
       Elapsed Time:  00:00:24



MUTHEN & MUTHEN
3463 Stoner Ave.
Los Angeles, CA  90066

Tel: (310) 391-9971
Fax: (310) 391-8971
Web: www.StatModel.com
Support: Support@StatModel.com

Copyright (c) 1998-2017 Muthen & Muthen
