Mplus VERSION 6.12
MUTHEN & MUTHEN
03/09/2016   6:25 PM

INPUT INSTRUCTIONS


  title: PxVx Univariate - Col Lin BFA_NV with MeanOnly HRZ_IND;
  data: file = E:\Projects\lnt_pxvx\Data\LT_227.txt;



  variable:
  names =
  subjid
  Sample
  aGENDER
  aAGE
  aethnic1
  aethnic2
  aedu_mom
  aedu_dad
  aEDUCATN
  bEDUCATN
  cEDUCATN
  aEMPLOYD
  bEMPLOYD
  cEMPLOYD
  dEMPLOYD
  aINCOME
  bINCOME
  cINCOME
  dINCOME
  aS_SCALE
  bS_SCALE
  cS_SCALE
  dS_SCALE
  aD_SCALE
  bD_SCALE
  cD_SCALE
  dD_SCALE
  aS_COMP
  bS_COMP
  cS_COMP
  dS_COMP
  aD_COMP
  bD_COMP
  cD_COMP
  dD_COMP
  aBFI_A
  aBFI_A6
  aBFI_C
  aBFI_E
  aBFI_HP
  aBFI_N
  aBFI_O
  bBFI_A
  bBFI_A6
  bBFI_C
  bBFI_E
  bBFI_HP
  bBFI_N
  bBFI_O
  cBFI_A
  cBFI_A6
  cBFI_C
  cBFI_E
  cBFI_HP
  cBFI_N
  cBFI_O
  dBFI_A
  dBFI_A6
  dBFI_C
  dBFI_E
  dBFI_HP
  dBFI_N
  dBFI_O
  aBFA_AC
  aBFA_AP
  aBFA_CI
  aBFA_CO
  aBFA_EA
  aBFA_EE
  aBFA_N9
  aBFA_NV
  aBFA_NW
  aBFA_OI
  aBFA_OO
  aBFA_PS
  aBFA_MT
  bBFA_AC
  bBFA_AP
  bBFA_CI
  bBFA_CO
  bBFA_EA
  bBFA_EE
  bBFA_N9
  bBFA_NV
  bBFA_NW
  bBFA_OI
  bBFA_OO
  bBFA_MT
  bBFA_PS
  cBFA_AC
  cBFA_AP
  cBFA_CI
  cBFA_CO
  cBFA_EA
  cBFA_EE
  cBFA_N9
  cBFA_NV
  cBFA_NW
  cBFA_OI
  cBFA_OO
  cBFA_MT
  cBFA_PS
  dBFA_AC
  dBFA_AP
  dBFA_CI
  dBFA_CO
  dBFA_EA
  dBFA_EE
  dBFA_N9
  dBFA_NV
  dBFA_NW
  dBFA_OI
  dBFA_OO
  dBFA_MT
  dBFA_PS
  aUSI
  bUSI
  cUSI
  dUSI
  aHRZ_IND
  bHRZ_IND
  cHRZ_IND
  dHRZ_IND
  aVRT_IND
  bVRT_IND
  cVRT_IND
  dVRT_IND
  aHRZ_COL
  bHRZ_COL
  cHRZ_COL
  dHRZ_COL
  aVRT_COL
  bVRT_COL
  cVRT_COL
  dVRT_COL
  aCOLLCTV
  bCOLLCTV
  cCOLLCTV
  dCOLLCTV
  aMVS
  bMVS
  cMVS
  dMVS
  aST
  bST
  cST
  dST
  aSD
  bSD
  cSD
  dSD
  aMVS_mc
  bMVS_mc
  cMVS_mc
  dMVS_mc
  aST_mc
  bST_mc
  cST_mc
  dST_mc
  aSD_mc
  bSD_mc
  cSD_mc
  dSD_mc
  bMEANING
  cMEANING
  dMEANING
  bMEAN_L
  cMEAN_L
  dMEAN_L
  bMEANNGc
  cMEANNGc
  dMEANNGc
  bMEANGlc
  cMEANGlc
  dMEANGlc
  bCLASSIC
  cCLASSIC
  dCLASSIC
  bCLASSCc
  cCLASSCc
  dCLASSCc
  bAGR_VAL
  cAGR_VAL
  dAGR_VAL
  bOPN_VAL
  cOPN_VAL
  dOPN_VAL
  bAGR_VLc
  cAGR_VLc
  dAGR_VLc
  bOPNVALc
  cOPNVALc
  dOPNVALc
  aMV_pomp
  bMV_pomp
  cMV_pomp
  dMV_pomp
  aST_pomp
  bST_pomp
  cST_pomp
  dST_pomp
  aSD_pomp
  bSD_pomp
  cSD_pomp
  dSD_pomp
  agoal_ec
  bgoal_ec
  cgoal_ec
  dgoal_ec
  aAspfinc
  bAspfinc
  cAspfinc
  dAspfinc
  abfi_hp8
  bbfi_hp8
  cbfi_hp8
  dbfi_hp8
  aP_S_BFI
  aP_D_BFI
  aECgoalc
  bECgoalC
  cECgoalC
  dECgoalC
  aaspfin
  baspfin
  caspfin
  daspfin;

  USEVARIABLES =
  aBFA_NV
  bBFA_NV
  cBFA_NV
  dBFA_NV
  aHRZ_IND
  bHRZ_IND
  cHRZ_IND
  dHRZ_IND
  bage_c
  cage_c
  dage_c
  ;

  missing = all (-9999);

  USEOBSERVATIONS are Sample == 2; ! College Sample

  tscores = bage_c cage_c dage_c;

  DEFINE:
  bage_c = aAGE + 1 - 20.5;
  cage_c = aAGE + 2 - 20.5;
  dage_c = aAGE + 3 - 20.5;

  ANALYSIS:
  TYPE=RANDOM;
  PROCESSORS = 8;

  MODEL:

  i_BFA_NV s_BFA_NV | bBFA_NV cBFA_NV dBFA_NV AT bage_c cage_c dage_c;
  i_HRZ_IND s_HRZ_IND | bHRZ_IND cHRZ_IND dHRZ_IND AT bage_c cage_c dage_c;


  !After Bollen and Curran initial observation is not part of LGM

  dBFA_NV on cBFA_NV (a); ! Autoregressive paths constrained to equality
  cBFA_NV on bBFA_NV (a);
  bBFA_NV on aBFA_NV (a);

  dHRZ_IND on cHRZ_IND (b); ! Autoregressive paths constrained to equality
  cHRZ_IND on bHRZ_IND (b);
  bHRZ_IND on aHRZ_IND (b);

  bBFA_NV cBFA_NV dBFA_NV (c); !Equality constraint on residuals
  bHRZ_IND cHRZ_IND dHRZ_IND (d); !Equality constraint on residuals

  dHRZ_IND on cBFA_NV (x); ! Cross-lagged paths constrained to equality
  cHRZ_IND on bBFA_NV (x);
  bHRZ_IND on aBFA_NV (x);

  dBFA_NV on cHRZ_IND (y); ! Cross-lagged paths constrained to equality
  cBFA_NV on bHRZ_IND (y);
  bBFA_NV on aHRZ_IND (y);

  dHRZ_IND with dBFA_NV (w); ! within-wave correlations constrained to equality
  cHRZ_IND with cBFA_NV (w);
  bHRZ_IND with bBFA_NV (w);

  aBFA_NV aHRZ_IND i_BFA_NV i_HRZ_IND
  s_BFA_NV
  with
  s_BFA_NV
  aBFA_NV aHRZ_IND i_BFA_NV i_HRZ_IND;


  s_HRZ_IND@0;

  OUTPUT: SAMPSTAT PATTERNS;



*** WARNING
  Variable name contains more than 8 characters.
  Only the first 8 characters will be printed in the output.
  Variable: I_HRZ_IND
*** WARNING
  Variable name contains more than 8 characters.
  Only the first 8 characters will be printed in the output.
  Variable: S_HRZ_IND
*** WARNING in MODEL command
  All continuous latent variable covariances involving S_HRZ_IND have been fixed to 0
  because the variance of S_HRZ_IND is fixed at 0.
*** WARNING
  Data set contains cases with missing on all variables.
  These cases were not included in the analysis.
  Number of cases with missing on all variables:  1
   4 WARNING(S) FOUND IN THE INPUT INSTRUCTIONS



PxVx Univariate - Col Lin BFA_NV with MeanOnly HRZ_IND;

SUMMARY OF ANALYSIS

Number of groups                                                 1
Number of observations                                         279

Number of dependent variables                                    6
Number of independent variables                                  2
Number of continuous latent variables                            4

Observed dependent variables

  Continuous
   BBFA_NV     CBFA_NV     DBFA_NV     BHRZ_IND    CHRZ_IND    DHRZ_IND

Observed independent variables
   ABFA_NV     AHRZ_IND

Continuous latent variables
   I_BFA_NV    S_BFA_NV    I_HRZ_IN    S_HRZ_IN

Variables with special functions

  Time scores
   BAGE_C      CAGE_C      DAGE_C


Estimator                                                      MLR
Information matrix                                        OBSERVED
Maximum number of iterations                                   100
Convergence criterion                                    0.100D-05
Maximum number of EM iterations                                500
Convergence criteria for the EM algorithm
  Loglikelihood change                                   0.100D-02
  Relative loglikelihood change                          0.100D-05
  Derivative                                             0.100D-03
Minimum variance                                         0.100D-03
Maximum number of steepest descent iterations                   20
Maximum number of iterations for H1                           2000
Convergence criterion for H1                             0.100D-03
Optimization algorithm                                         EMA

Input data file(s)
  E:\Projects\lnt_pxvx\Data\LT_227.txt
Input data format  FREE


SUMMARY OF DATA

     Number of missing data patterns            12


SUMMARY OF MISSING DATA PATTERNS


     MISSING DATA PATTERNS (x = not missing)

           1  2  3  4  5  6  7  8  9 10 11 12
 BBFA_NV   x  x     x        x  x        x  x
 CBFA_NV   x  x  x                 x        x
 DBFA_NV   x  x  x        x  x  x  x        x
 BHRZ_IND  x  x     x           x
 CHRZ_IND  x  x  x                 x        x
 DHRZ_IND  x              x     x  x        x
 ABFA_NV   x  x  x  x  x  x  x  x  x  x  x  x
 AHRZ_IND  x  x  x  x  x  x  x  x  x     x  x


     MISSING DATA PATTERN FREQUENCIES

    Pattern   Frequency     Pattern   Frequency     Pattern   Frequency
          1         140           5          52           9           9
          2          12           6          11          10           2
          3           6           7           1          11           2
          4          27           8          16          12           1


COVARIANCE COVERAGE OF DATA

Minimum covariance coverage value   0.100


     PROPORTION OF DATA PRESENT


           Covariance Coverage
              BBFA_NV       CBFA_NV       DBFA_NV       BHRZ_IND      CHRZ_IND
              ________      ________      ________      ________      ________
 BBFA_NV        0.713
 CBFA_NV        0.548         0.602
 DBFA_NV        0.609         0.602         0.703
 BHRZ_IND       0.699         0.545         0.602         0.699
 CHRZ_IND       0.548         0.602         0.602         0.545         0.602
 DHRZ_IND       0.563         0.538         0.634         0.559         0.538
 ABFA_NV        0.713         0.602         0.703         0.699         0.602
 AHRZ_IND       0.713         0.602         0.703         0.699         0.602


           Covariance Coverage
              DHRZ_IND      ABFA_NV       AHRZ_IND
              ________      ________      ________
 DHRZ_IND       0.634
 ABFA_NV        0.634         1.000
 AHRZ_IND       0.634         0.993         0.993


SAMPLE STATISTICS


     ESTIMATED SAMPLE STATISTICS


           Means
              BBFA_NV       CBFA_NV       DBFA_NV       BHRZ_IND      CHRZ_IND
              ________      ________      ________      ________      ________
 1             43.120        42.267        41.732        73.072        73.636


           Means
              DHRZ_IND      ABFA_NV       AHRZ_IND
              ________      ________      ________
 1             75.285        43.268        73.932


           Covariances
              BBFA_NV       CBFA_NV       DBFA_NV       BHRZ_IND      CHRZ_IND
              ________      ________      ________      ________      ________
 BBFA_NV      391.399
 CBFA_NV      273.590       411.170
 DBFA_NV      270.535       314.928       432.860
 BHRZ_IND       4.396         6.295       -11.317       265.309
 CHRZ_IND     -15.444       -22.527       -28.401       171.137       242.119
 DHRZ_IND      37.270         7.613        27.187       144.105       137.921
 ABFA_NV      303.226       247.595       266.267        15.128         5.554
 AHRZ_IND       3.589       -12.061        -1.886       160.952       128.111


           Covariances
              DHRZ_IND      ABFA_NV       AHRZ_IND
              ________      ________      ________
 DHRZ_IND     257.665
 ABFA_NV       59.635       415.289
 AHRZ_IND     137.247         6.628       241.726


           Correlations
              BBFA_NV       CBFA_NV       DBFA_NV       BHRZ_IND      CHRZ_IND
              ________      ________      ________      ________      ________
 BBFA_NV        1.000
 CBFA_NV        0.682         1.000
 DBFA_NV        0.657         0.746         1.000
 BHRZ_IND       0.014         0.019        -0.033         1.000
 CHRZ_IND      -0.050        -0.071        -0.088         0.675         1.000
 DHRZ_IND       0.117         0.023         0.081         0.551         0.552
 ABFA_NV        0.752         0.599         0.628         0.046         0.018
 AHRZ_IND       0.012        -0.038        -0.006         0.636         0.530


           Correlations
              DHRZ_IND      ABFA_NV       AHRZ_IND
              ________      ________      ________
 DHRZ_IND       1.000
 ABFA_NV        0.182         1.000
 AHRZ_IND       0.550         0.021         1.000


     MAXIMUM LOG-LIKELIHOOD VALUE FOR THE UNRESTRICTED (H1) MODEL IS -6765.040


THE MODEL ESTIMATION TERMINATED NORMALLY



MODEL FIT INFORMATION

Number of Free Parameters                       28

Loglikelihood

          H0 Value                       -6776.849
          H0 Scaling Correction Factor       1.663
            for MLR

Information Criteria

          Akaike (AIC)                   13609.698
          Bayesian (BIC)                 13711.372
          Sample-Size Adjusted BIC       13622.586
            (n* = (n + 2) / 24)



MODEL RESULTS

                                                    Two-Tailed
                    Estimate       S.E.  Est./S.E.    P-Value

 DBFA_NV    ON
    CBFA_NV            0.369      1.576      0.234      0.815
    CHRZ_IND          -0.049      0.531     -0.092      0.927

 CBFA_NV    ON
    BBFA_NV            0.369      1.576      0.234      0.815
    BHRZ_IND          -0.049      0.531     -0.092      0.927

 BBFA_NV    ON
    ABFA_NV            0.369      1.576      0.234      0.815
    AHRZ_IND          -0.049      0.531     -0.092      0.927

 DHRZ_IND   ON
    CHRZ_IND           0.165      0.106      1.559      0.119
    CBFA_NV           -0.091      0.160     -0.568      0.570

 CHRZ_IND   ON
    BHRZ_IND           0.165      0.106      1.559      0.119
    BBFA_NV           -0.091      0.160     -0.568      0.570

 BHRZ_IND   ON
    AHRZ_IND           0.165      0.106      1.559      0.119
    ABFA_NV           -0.091      0.160     -0.568      0.570

 S_BFA_NV WITH
    I_BFA_NV           2.988     16.109      0.185      0.853

 I_HRZ_IN WITH
    I_BFA_NV           9.923     53.475      0.186      0.853
    S_BFA_NV           5.990     42.676      0.140      0.888

 ABFA_NV  WITH
    I_BFA_NV         123.953    760.872      0.163      0.871
    S_BFA_NV          15.503    124.070      0.125      0.901
    I_HRZ_IND         54.434     55.558      0.980      0.327

 AHRZ_IND WITH
    I_BFA_NV           3.258    117.339      0.028      0.978
    S_BFA_NV           1.433     13.541      0.106      0.916
    I_HRZ_IND        113.445     23.276      4.874      0.000

 DHRZ_IND WITH
    DBFA_NV           -1.923     32.136     -0.060      0.952

 CHRZ_IND WITH
    CBFA_NV           -1.923     32.136     -0.060      0.952

 BHRZ_IND WITH
    BBFA_NV           -1.923     32.136     -0.060      0.952

 AHRZ_IND WITH
    ABFA_NV            6.628     18.534      0.358      0.721

 Means
    ABFA_NV           43.268      1.218     35.532      0.000
    AHRZ_IND          73.932      0.935     79.044      0.000
    I_BFA_NV          30.425     35.604      0.855      0.393
    S_BFA_NV          -0.121      1.952     -0.062      0.951
    I_HRZ_IND         64.883      8.591      7.552      0.000
    S_HRZ_IND          0.468      0.593      0.789      0.430

 Intercepts
    BBFA_NV            0.000      0.000    999.000    999.000
    CBFA_NV            0.000      0.000    999.000    999.000
    DBFA_NV            0.000      0.000    999.000    999.000
    BHRZ_IND           0.000      0.000    999.000    999.000
    CHRZ_IND           0.000      0.000    999.000    999.000
    DHRZ_IND           0.000      0.000    999.000    999.000

 Variances
    ABFA_NV          415.289     31.094     13.356      0.000
    AHRZ_IND         241.726     21.238     11.382      0.000
    I_BFA_NV          74.563    616.270      0.121      0.904
    S_BFA_NV           2.098      3.494      0.601      0.548
    I_HRZ_IND        102.762     34.315      2.995      0.003
    S_HRZ_IND          0.000      0.000    999.000    999.000

 Residual Variances
    BBFA_NV          150.245    197.827      0.759      0.448
    CBFA_NV          150.245    197.827      0.759      0.448
    DBFA_NV          150.245    197.827      0.759      0.448
    BHRZ_IND         112.875     14.106      8.002      0.000
    CHRZ_IND         112.875     14.106      8.002      0.000
    DHRZ_IND         112.875     14.106      8.002      0.000


QUALITY OF NUMERICAL RESULTS

     Condition Number for the Information Matrix              0.479E-07
       (ratio of smallest to largest eigenvalue)


     Beginning Time:  18:25:45
        Ending Time:  18:25:52
       Elapsed Time:  00:00:07



MUTHEN & MUTHEN
3463 Stoner Ave.
Los Angeles, CA  90066

Tel: (310) 391-9971
Fax: (310) 391-8971
Web: www.StatModel.com
Support: Support@StatModel.com

Copyright (c) 1998-2011 Muthen & Muthen
